Use GPU: 0 for training
before loading the model,we have {args.num_classes} classes
=> creating model 'alexnet'
----------------------------------------
training directory:/data/gpfs/datasets/Imagenet/train_blurred

validating directory:/data/gpfs/datasets/Imagenet/val_blurred

----------------------------------------
Dataset ImageFolder
    Number of datapoints: 1281066
    Root location: /data/gpfs/datasets/Imagenet/train_blurred
    StandardTransform
Transform: Compose(
               Resize(size=256, interpolation=bilinear, max_size=None, antialias=None)
               CenterCrop(size=(224, 224))
               ToTensor()
               Normalize(mean=[0.485, 0.456, 0.406], std=[0.229, 0.224, 0.225])
           )
----------------------------------------
Dataset ImageFolder
    Number of datapoints: 49997
    Root location: /data/gpfs/datasets/Imagenet/val_blurred
    StandardTransform
Transform: Compose(
               Resize(size=256, interpolation=bilinear, max_size=None, antialias=None)
               CenterCrop(size=(224, 224))
               ToTensor()
               Normalize(mean=[0.485, 0.456, 0.406], std=[0.229, 0.224, 0.225])
           )
----------------------------------------
           0                 1
0  n03180011  desktop_computer
1  n04004767           printer
2  n03782006           monitor
3  n02870880          bookcase
4  n03793489             mouse
5  n04009552         projector
+---+---+---+---+---+---+---+---+---+---+---+---+---+---+---+---+---+---+---+---
994
6
+---+---+---+---+---+---+---+---+---+---+---+---+---+---+---+---+---+---+---+---
994
['n01440764', 'n01443537', 'n01484850', 'n01491361', 'n01494475', 'n01496331', 'n01498041', 'n01514668', 'n01514859', 'n01518878', 'n01530575', 'n01531178', 'n01532829', 'n01534433', 'n01537544', 'n01558993', 'n01560419', 'n01580077', 'n01582220', 'n01592084', 'n01601694', 'n01608432', 'n01614925', 'n01616318', 'n01622779', 'n01629819', 'n01630670', 'n01631663', 'n01632458', 'n01632777', 'n01641577', 'n01644373', 'n01644900', 'n01664065', 'n01665541', 'n01667114', 'n01667778', 'n01669191', 'n01675722', 'n01677366', 'n01682714', 'n01685808', 'n01687978', 'n01688243', 'n01689811', 'n01692333', 'n01693334', 'n01694178', 'n01695060', 'n01697457', 'n01698640', 'n01704323', 'n01728572', 'n01728920', 'n01729322', 'n01729977', 'n01734418', 'n01735189', 'n01737021', 'n01739381', 'n01740131', 'n01742172', 'n01744401', 'n01748264', 'n01749939', 'n01751748', 'n01753488', 'n01755581', 'n01756291', 'n01768244', 'n01770081', 'n01770393', 'n01773157', 'n01773549', 'n01773797', 'n01774384', 'n01774750', 'n01775062', 'n01776313', 'n01784675', 'n01795545', 'n01796340', 'n01797886', 'n01798484', 'n01806143', 'n01806567', 'n01807496', 'n01817953', 'n01818515', 'n01819313', 'n01820546', 'n01824575', 'n01828970', 'n01829413', 'n01833805', 'n01843065', 'n01843383', 'n01847000', 'n01855032', 'n01855672', 'n01860187', 'n01872401', 'n01873310', 'n01877812', 'n01882714', 'n01883070', 'n01910747', 'n01914609', 'n01917289', 'n01924916', 'n01930112', 'n01943899', 'n01944390', 'n01945685', 'n01950731', 'n01955084', 'n01968897', 'n01978287', 'n01978455', 'n01980166', 'n01981276', 'n01983481', 'n01984695', 'n01985128', 'n01986214', 'n01990800', 'n02002556', 'n02002724', 'n02006656', 'n02007558', 'n02009229', 'n02009912', 'n02011460', 'n02012849', 'n02013706', 'n02017213', 'n02018207', 'n02018795', 'n02025239', 'n02027492', 'n02028035', 'n02033041', 'n02037110', 'n02051845', 'n02056570', 'n02058221', 'n02066245', 'n02071294', 'n02074367', 'n02077923', 'n02085620', 'n02085782', 'n02085936', 'n02086079', 'n02086240', 'n02086646', 'n02086910', 'n02087046', 'n02087394', 'n02088094', 'n02088238', 'n02088364', 'n02088466', 'n02088632', 'n02089078', 'n02089867', 'n02089973', 'n02090379', 'n02090622', 'n02090721', 'n02091032', 'n02091134', 'n02091244', 'n02091467', 'n02091635', 'n02091831', 'n02092002', 'n02092339', 'n02093256', 'n02093428', 'n02093647', 'n02093754', 'n02093859', 'n02093991', 'n02094114', 'n02094258', 'n02094433', 'n02095314', 'n02095570', 'n02095889', 'n02096051', 'n02096177', 'n02096294', 'n02096437', 'n02096585', 'n02097047', 'n02097130', 'n02097209', 'n02097298', 'n02097474', 'n02097658', 'n02098105', 'n02098286', 'n02098413', 'n02099267', 'n02099429', 'n02099601', 'n02099712', 'n02099849', 'n02100236', 'n02100583', 'n02100735', 'n02100877', 'n02101006', 'n02101388', 'n02101556', 'n02102040', 'n02102177', 'n02102318', 'n02102480', 'n02102973', 'n02104029', 'n02104365', 'n02105056', 'n02105162', 'n02105251', 'n02105412', 'n02105505', 'n02105641', 'n02105855', 'n02106030', 'n02106166', 'n02106382', 'n02106550', 'n02106662', 'n02107142', 'n02107312', 'n02107574', 'n02107683', 'n02107908', 'n02108000', 'n02108089', 'n02108422', 'n02108551', 'n02108915', 'n02109047', 'n02109525', 'n02109961', 'n02110063', 'n02110185', 'n02110341', 'n02110627', 'n02110806', 'n02110958', 'n02111129', 'n02111277', 'n02111500', 'n02111889', 'n02112018', 'n02112137', 'n02112350', 'n02112706', 'n02113023', 'n02113186', 'n02113624', 'n02113712', 'n02113799', 'n02113978', 'n02114367', 'n02114548', 'n02114712', 'n02114855', 'n02115641', 'n02115913', 'n02116738', 'n02117135', 'n02119022', 'n02119789', 'n02120079', 'n02120505', 'n02123045', 'n02123159', 'n02123394', 'n02123597', 'n02124075', 'n02125311', 'n02127052', 'n02128385', 'n02128757', 'n02128925', 'n02129165', 'n02129604', 'n02130308', 'n02132136', 'n02133161', 'n02134084', 'n02134418', 'n02137549', 'n02138441', 'n02165105', 'n02165456', 'n02167151', 'n02168699', 'n02169497', 'n02172182', 'n02174001', 'n02177972', 'n02190166', 'n02206856', 'n02219486', 'n02226429', 'n02229544', 'n02231487', 'n02233338', 'n02236044', 'n02256656', 'n02259212', 'n02264363', 'n02268443', 'n02268853', 'n02276258', 'n02277742', 'n02279972', 'n02280649', 'n02281406', 'n02281787', 'n02317335', 'n02319095', 'n02321529', 'n02325366', 'n02326432', 'n02328150', 'n02342885', 'n02346627', 'n02356798', 'n02361337', 'n02363005', 'n02364673', 'n02389026', 'n02391049', 'n02395406', 'n02396427', 'n02397096', 'n02398521', 'n02403003', 'n02408429', 'n02410509', 'n02412080', 'n02415577', 'n02417914', 'n02422106', 'n02422699', 'n02423022', 'n02437312', 'n02437616', 'n02441942', 'n02442845', 'n02443114', 'n02443484', 'n02444819', 'n02445715', 'n02447366', 'n02454379', 'n02457408', 'n02480495', 'n02480855', 'n02481823', 'n02483362', 'n02483708', 'n02484975', 'n02486261', 'n02486410', 'n02487347', 'n02488291', 'n02488702', 'n02489166', 'n02490219', 'n02492035', 'n02492660', 'n02493509', 'n02493793', 'n02494079', 'n02497673', 'n02500267', 'n02504013', 'n02504458', 'n02509815', 'n02510455', 'n02514041', 'n02526121', 'n02536864', 'n02606052', 'n02607072', 'n02640242', 'n02641379', 'n02643566', 'n02655020', 'n02666196', 'n02667093', 'n02669723', 'n02672831', 'n02676566', 'n02690373', 'n02692877', 'n02699494', 'n02701002', 'n02704792', 'n02708093', 'n02727426', 'n02730930', 'n02747177', 'n02749479', 'n02769748', 'n02776631', 'n02777292', 'n02782093', 'n02783161', 'n02786058', 'n02787622', 'n02788148', 'n02790996', 'n02791124', 'n02791270', 'n02793495', 'n02794156', 'n02795169', 'n02797295', 'n02799071', 'n02802426', 'n02804414', 'n02804610', 'n02807133', 'n02808304', 'n02808440', 'n02814533', 'n02814860', 'n02815834', 'n02823428', 'n02823750', 'n02825657', 'n02834397', 'n02835271', 'n02837789', 'n02840245', 'n02841315', 'n02843684', 'n02859443', 'n02860847', 'n02865351', 'n02869837', 'n02870880', 'n02871525', 'n02877765', 'n02879718', 'n02883205', 'n02892201', 'n02892767', 'n02894605', 'n02895154', 'n02906734', 'n02909870', 'n02910353', 'n02916936', 'n02917067', 'n02927161', 'n02930766', 'n02939185', 'n02948072', 'n02950826', 'n02951358', 'n02951585', 'n02963159', 'n02965783', 'n02966193', 'n02966687', 'n02971356', 'n02974003', 'n02977058', 'n02978881', 'n02979186', 'n02980441', 'n02981792', 'n02988304', 'n02992211', 'n02992529', 'n02999410', 'n03000134', 'n03000247', 'n03000684', 'n03014705', 'n03016953', 'n03017168', 'n03018349', 'n03026506', 'n03028079', 'n03032252', 'n03041632', 'n03042490', 'n03045698', 'n03047690', 'n03062245', 'n03063599', 'n03063689', 'n03065424', 'n03075370', 'n03085013', 'n03089624', 'n03095699', 'n03100240', 'n03109150', 'n03110669', 'n03124043', 'n03124170', 'n03125729', 'n03126707', 'n03127747', 'n03127925', 'n03131574', 'n03133878', 'n03134739', 'n03141823', 'n03146219', 'n03160309', 'n03179701', 'n03180011', 'n03187595', 'n03188531', 'n03196217', 'n03197337', 'n03201208', 'n03207743', 'n03207941', 'n03208938', 'n03216828', 'n03218198', 'n03220513', 'n03223299', 'n03240683', 'n03249569', 'n03250847', 'n03255030', 'n03259280', 'n03271574', 'n03272010', 'n03272562', 'n03290653', 'n03291819', 'n03297495', 'n03314780', 'n03325584', 'n03337140', 'n03344393', 'n03345487', 'n03347037', 'n03355925', 'n03372029', 'n03376595', 'n03379051', 'n03384352', 'n03388043', 'n03388183', 'n03388549', 'n03393912', 'n03394916', 'n03400231', 'n03404251', 'n03417042', 'n03424325', 'n03425413', 'n03443371', 'n03444034', 'n03445777', 'n03445924', 'n03447447', 'n03447721', 'n03450230', 'n03452741', 'n03457902', 'n03459775', 'n03461385', 'n03467068', 'n03476684', 'n03476991', 'n03478589', 'n03481172', 'n03482405', 'n03483316', 'n03485407', 'n03485794', 'n03492542', 'n03494278', 'n03495258', 'n03496892', 'n03498962', 'n03527444', 'n03529860', 'n03530642', 'n03532672', 'n03534580', 'n03535780', 'n03538406', 'n03544143', 'n03584254', 'n03584829', 'n03590841', 'n03594734', 'n03594945', 'n03595614', 'n03598930', 'n03599486', 'n03602883', 'n03617480', 'n03623198', 'n03627232', 'n03630383', 'n03633091', 'n03637318', 'n03642806', 'n03649909', 'n03657121', 'n03658185', 'n03661043', 'n03662601', 'n03666591', 'n03670208', 'n03673027', 'n03676483', 'n03680355', 'n03690938', 'n03691459', 'n03692522', 'n03697007', 'n03706229', 'n03709823', 'n03710193', 'n03710637', 'n03710721', 'n03717622', 'n03720891', 'n03721384', 'n03724870', 'n03729826', 'n03733131', 'n03733281', 'n03733805', 'n03742115', 'n03743016', 'n03759954', 'n03761084', 'n03763968', 'n03764736', 'n03769881', 'n03770439', 'n03770679', 'n03773504', 'n03775071', 'n03775546', 'n03776460', 'n03777568', 'n03777754', 'n03781244', 'n03782006', 'n03785016', 'n03786901', 'n03787032', 'n03788195', 'n03788365', 'n03791053', 'n03792782', 'n03792972', 'n03793489', 'n03794056', 'n03796401', 'n03803284', 'n03804744', 'n03814639', 'n03814906', 'n03825788', 'n03832673', 'n03837869', 'n03838899', 'n03840681', 'n03841143', 'n03843555', 'n03854065', 'n03857828', 'n03868242', 'n03868863', 'n03871628', 'n03873416', 'n03874293', 'n03874599', 'n03876231', 'n03877472', 'n03877845', 'n03884397', 'n03887697', 'n03888257', 'n03888605', 'n03891251', 'n03891332', 'n03895866', 'n03899768', 'n03902125', 'n03903868', 'n03908618', 'n03908714', 'n03916031', 'n03920288', 'n03924679', 'n03929660', 'n03929855', 'n03930313', 'n03930630', 'n03933933', 'n03935335', 'n03937543', 'n03938244', 'n03942813', 'n03944341', 'n03947888', 'n03950228', 'n03954731', 'n03956157', 'n03958227', 'n03961711', 'n03967562', 'n03970156', 'n03976467', 'n03976657', 'n03977966', 'n03980874', 'n03982430', 'n03983396', 'n03991062', 'n03992509', 'n03995372', 'n03998194', 'n04004767', 'n04005630', 'n04008634', 'n04009552', 'n04019541', 'n04023962', 'n04026417', 'n04033901', 'n04033995', 'n04037443', 'n04039381', 'n04040759', 'n04041544', 'n04044716', 'n04049303', 'n04065272', 'n04067472', 'n04069434', 'n04070727', 'n04074963', 'n04081281', 'n04086273', 'n04090263', 'n04099969', 'n04111531', 'n04116512', 'n04118538', 'n04118776', 'n04120489', 'n04125021', 'n04127249', 'n04131690', 'n04133789', 'n04136333', 'n04141076', 'n04141327', 'n04141975', 'n04146614', 'n04147183', 'n04149813', 'n04152593', 'n04153751', 'n04162706', 'n04179913', 'n04192698', 'n04200800', 'n04201297', 'n04204238', 'n04204347', 'n04208210', 'n04209133', 'n04209239', 'n04228054', 'n04229816', 'n04235860', 'n04238763', 'n04239074', 'n04243546', 'n04251144', 'n04252225', 'n04254120', 'n04254680', 'n04254777', 'n04258138', 'n04259630', 'n04263257', 'n04264628', 'n04265275', 'n04266014', 'n04270147', 'n04273569', 'n04275548', 'n04277352', 'n04285008', 'n04286575', 'n04296562', 'n04310018', 'n04311004', 'n04311174', 'n04317175', 'n04325704', 'n04326547', 'n04328186', 'n04330267', 'n04332243', 'n04335435', 'n04336792', 'n04344873', 'n04346328', 'n04347754', 'n04350905', 'n04355338', 'n04355933', 'n04356056', 'n04357314', 'n04366367', 'n04367480', 'n04370456', 'n04371430', 'n04371774', 'n04372370', 'n04376876', 'n04380533', 'n04389033', 'n04392985', 'n04398044', 'n04399382', 'n04404412', 'n04409515', 'n04417672', 'n04418357', 'n04423845', 'n04428191', 'n04429376', 'n04435653', 'n04442312', 'n04443257', 'n04447861', 'n04456115', 'n04458633', 'n04461696', 'n04462240', 'n04465501', 'n04467665', 'n04476259', 'n04479046', 'n04482393', 'n04483307', 'n04485082', 'n04486054', 'n04487081', 'n04487394', 'n04493381', 'n04501370', 'n04505470', 'n04507155', 'n04509417', 'n04515003', 'n04517823', 'n04522168', 'n04523525', 'n04525038', 'n04525305', 'n04532106', 'n04532670', 'n04536866', 'n04540053', 'n04542943', 'n04548280', 'n04548362', 'n04550184', 'n04552348', 'n04553703', 'n04554684', 'n04557648', 'n04560804', 'n04562935', 'n04579145', 'n04579432', 'n04584207', 'n04589890', 'n04590129', 'n04591157', 'n04591713', 'n04592741', 'n04596742', 'n04597913', 'n04599235', 'n04604644', 'n04606251', 'n04612504', 'n04613696', 'n06359193', 'n06596364', 'n06785654', 'n06794110', 'n06874185', 'n07248320', 'n07565083', 'n07579787', 'n07583066', 'n07584110', 'n07590611', 'n07613480', 'n07614500', 'n07615774', 'n07684084', 'n07693725', 'n07695742', 'n07697313', 'n07697537', 'n07711569', 'n07714571', 'n07714990', 'n07715103', 'n07716358', 'n07716906', 'n07717410', 'n07717556', 'n07718472', 'n07718747', 'n07720875', 'n07730033', 'n07734744', 'n07742313', 'n07745940', 'n07747607', 'n07749582', 'n07753113', 'n07753275', 'n07753592', 'n07754684', 'n07760859', 'n07768694', 'n07802026', 'n07831146', 'n07836838', 'n07860988', 'n07871810', 'n07873807', 'n07875152', 'n07880968', 'n07892512', 'n07920052', 'n07930864', 'n07932039', 'n09193705', 'n09229709', 'n09246464', 'n09256479', 'n09288635', 'n09332890', 'n09399592', 'n09421951', 'n09428293', 'n09468604', 'n09472597', 'n09835506', 'n10148035', 'n10565667', 'n11879895', 'n11939491', 'n12057211', 'n12144580', 'n12267677', 'n12620546', 'n12768682', 'n12985857', 'n12998815', 'n13037406', 'n13040303', 'n13044778', 'n13052670', 'n13054560', 'n13133613', 'n15075141']
           0
0  n04252077
1  n02817516
2  n03866082
3  n04154565
4  n01871265
5  n02687172
1273652
49697
Use GPU: 1 for training
before loading the model,we have {args.num_classes} classes
=> creating model 'alexnet'
----------------------------------------
training directory:/data/gpfs/datasets/Imagenet/train_blurred

validating directory:/data/gpfs/datasets/Imagenet/val_blurred

----------------------------------------
Dataset ImageFolder
    Number of datapoints: 1281066
    Root location: /data/gpfs/datasets/Imagenet/train_blurred
    StandardTransform
Transform: Compose(
               Resize(size=256, interpolation=bilinear, max_size=None, antialias=None)
               CenterCrop(size=(224, 224))
               ToTensor()
               Normalize(mean=[0.485, 0.456, 0.406], std=[0.229, 0.224, 0.225])
           )
----------------------------------------
Dataset ImageFolder
    Number of datapoints: 49997
    Root location: /data/gpfs/datasets/Imagenet/val_blurred
    StandardTransform
Transform: Compose(
               Resize(size=256, interpolation=bilinear, max_size=None, antialias=None)
               CenterCrop(size=(224, 224))
               ToTensor()
               Normalize(mean=[0.485, 0.456, 0.406], std=[0.229, 0.224, 0.225])
           )
----------------------------------------
           0                 1
0  n03180011  desktop_computer
1  n04004767           printer
2  n03782006           monitor
3  n02870880          bookcase
4  n03793489             mouse
5  n04009552         projector
+---+---+---+---+---+---+---+---+---+---+---+---+---+---+---+---+---+---+---+---
994
6
+---+---+---+---+---+---+---+---+---+---+---+---+---+---+---+---+---+---+---+---
994
['n01440764', 'n01443537', 'n01484850', 'n01491361', 'n01494475', 'n01496331', 'n01498041', 'n01514668', 'n01514859', 'n01518878', 'n01530575', 'n01531178', 'n01532829', 'n01534433', 'n01537544', 'n01558993', 'n01560419', 'n01580077', 'n01582220', 'n01592084', 'n01601694', 'n01608432', 'n01614925', 'n01616318', 'n01622779', 'n01629819', 'n01630670', 'n01631663', 'n01632458', 'n01632777', 'n01641577', 'n01644373', 'n01644900', 'n01664065', 'n01665541', 'n01667114', 'n01667778', 'n01669191', 'n01675722', 'n01677366', 'n01682714', 'n01685808', 'n01687978', 'n01688243', 'n01689811', 'n01692333', 'n01693334', 'n01694178', 'n01695060', 'n01697457', 'n01698640', 'n01704323', 'n01728572', 'n01728920', 'n01729322', 'n01729977', 'n01734418', 'n01735189', 'n01737021', 'n01739381', 'n01740131', 'n01742172', 'n01744401', 'n01748264', 'n01749939', 'n01751748', 'n01753488', 'n01755581', 'n01756291', 'n01768244', 'n01770081', 'n01770393', 'n01773157', 'n01773549', 'n01773797', 'n01774384', 'n01774750', 'n01775062', 'n01776313', 'n01784675', 'n01795545', 'n01796340', 'n01797886', 'n01798484', 'n01806143', 'n01806567', 'n01807496', 'n01817953', 'n01818515', 'n01819313', 'n01820546', 'n01824575', 'n01828970', 'n01829413', 'n01833805', 'n01843065', 'n01843383', 'n01847000', 'n01855032', 'n01855672', 'n01860187', 'n01872401', 'n01873310', 'n01877812', 'n01882714', 'n01883070', 'n01910747', 'n01914609', 'n01917289', 'n01924916', 'n01930112', 'n01943899', 'n01944390', 'n01945685', 'n01950731', 'n01955084', 'n01968897', 'n01978287', 'n01978455', 'n01980166', 'n01981276', 'n01983481', 'n01984695', 'n01985128', 'n01986214', 'n01990800', 'n02002556', 'n02002724', 'n02006656', 'n02007558', 'n02009229', 'n02009912', 'n02011460', 'n02012849', 'n02013706', 'n02017213', 'n02018207', 'n02018795', 'n02025239', 'n02027492', 'n02028035', 'n02033041', 'n02037110', 'n02051845', 'n02056570', 'n02058221', 'n02066245', 'n02071294', 'n02074367', 'n02077923', 'n02085620', 'n02085782', 'n02085936', 'n02086079', 'n02086240', 'n02086646', 'n02086910', 'n02087046', 'n02087394', 'n02088094', 'n02088238', 'n02088364', 'n02088466', 'n02088632', 'n02089078', 'n02089867', 'n02089973', 'n02090379', 'n02090622', 'n02090721', 'n02091032', 'n02091134', 'n02091244', 'n02091467', 'n02091635', 'n02091831', 'n02092002', 'n02092339', 'n02093256', 'n02093428', 'n02093647', 'n02093754', 'n02093859', 'n02093991', 'n02094114', 'n02094258', 'n02094433', 'n02095314', 'n02095570', 'n02095889', 'n02096051', 'n02096177', 'n02096294', 'n02096437', 'n02096585', 'n02097047', 'n02097130', 'n02097209', 'n02097298', 'n02097474', 'n02097658', 'n02098105', 'n02098286', 'n02098413', 'n02099267', 'n02099429', 'n02099601', 'n02099712', 'n02099849', 'n02100236', 'n02100583', 'n02100735', 'n02100877', 'n02101006', 'n02101388', 'n02101556', 'n02102040', 'n02102177', 'n02102318', 'n02102480', 'n02102973', 'n02104029', 'n02104365', 'n02105056', 'n02105162', 'n02105251', 'n02105412', 'n02105505', 'n02105641', 'n02105855', 'n02106030', 'n02106166', 'n02106382', 'n02106550', 'n02106662', 'n02107142', 'n02107312', 'n02107574', 'n02107683', 'n02107908', 'n02108000', 'n02108089', 'n02108422', 'n02108551', 'n02108915', 'n02109047', 'n02109525', 'n02109961', 'n02110063', 'n02110185', 'n02110341', 'n02110627', 'n02110806', 'n02110958', 'n02111129', 'n02111277', 'n02111500', 'n02111889', 'n02112018', 'n02112137', 'n02112350', 'n02112706', 'n02113023', 'n02113186', 'n02113624', 'n02113712', 'n02113799', 'n02113978', 'n02114367', 'n02114548', 'n02114712', 'n02114855', 'n02115641', 'n02115913', 'n02116738', 'n02117135', 'n02119022', 'n02119789', 'n02120079', 'n02120505', 'n02123045', 'n02123159', 'n02123394', 'n02123597', 'n02124075', 'n02125311', 'n02127052', 'n02128385', 'n02128757', 'n02128925', 'n02129165', 'n02129604', 'n02130308', 'n02132136', 'n02133161', 'n02134084', 'n02134418', 'n02137549', 'n02138441', 'n02165105', 'n02165456', 'n02167151', 'n02168699', 'n02169497', 'n02172182', 'n02174001', 'n02177972', 'n02190166', 'n02206856', 'n02219486', 'n02226429', 'n02229544', 'n02231487', 'n02233338', 'n02236044', 'n02256656', 'n02259212', 'n02264363', 'n02268443', 'n02268853', 'n02276258', 'n02277742', 'n02279972', 'n02280649', 'n02281406', 'n02281787', 'n02317335', 'n02319095', 'n02321529', 'n02325366', 'n02326432', 'n02328150', 'n02342885', 'n02346627', 'n02356798', 'n02361337', 'n02363005', 'n02364673', 'n02389026', 'n02391049', 'n02395406', 'n02396427', 'n02397096', 'n02398521', 'n02403003', 'n02408429', 'n02410509', 'n02412080', 'n02415577', 'n02417914', 'n02422106', 'n02422699', 'n02423022', 'n02437312', 'n02437616', 'n02441942', 'n02442845', 'n02443114', 'n02443484', 'n02444819', 'n02445715', 'n02447366', 'n02454379', 'n02457408', 'n02480495', 'n02480855', 'n02481823', 'n02483362', 'n02483708', 'n02484975', 'n02486261', 'n02486410', 'n02487347', 'n02488291', 'n02488702', 'n02489166', 'n02490219', 'n02492035', 'n02492660', 'n02493509', 'n02493793', 'n02494079', 'n02497673', 'n02500267', 'n02504013', 'n02504458', 'n02509815', 'n02510455', 'n02514041', 'n02526121', 'n02536864', 'n02606052', 'n02607072', 'n02640242', 'n02641379', 'n02643566', 'n02655020', 'n02666196', 'n02667093', 'n02669723', 'n02672831', 'n02676566', 'n02690373', 'n02692877', 'n02699494', 'n02701002', 'n02704792', 'n02708093', 'n02727426', 'n02730930', 'n02747177', 'n02749479', 'n02769748', 'n02776631', 'n02777292', 'n02782093', 'n02783161', 'n02786058', 'n02787622', 'n02788148', 'n02790996', 'n02791124', 'n02791270', 'n02793495', 'n02794156', 'n02795169', 'n02797295', 'n02799071', 'n02802426', 'n02804414', 'n02804610', 'n02807133', 'n02808304', 'n02808440', 'n02814533', 'n02814860', 'n02815834', 'n02823428', 'n02823750', 'n02825657', 'n02834397', 'n02835271', 'n02837789', 'n02840245', 'n02841315', 'n02843684', 'n02859443', 'n02860847', 'n02865351', 'n02869837', 'n02870880', 'n02871525', 'n02877765', 'n02879718', 'n02883205', 'n02892201', 'n02892767', 'n02894605', 'n02895154', 'n02906734', 'n02909870', 'n02910353', 'n02916936', 'n02917067', 'n02927161', 'n02930766', 'n02939185', 'n02948072', 'n02950826', 'n02951358', 'n02951585', 'n02963159', 'n02965783', 'n02966193', 'n02966687', 'n02971356', 'n02974003', 'n02977058', 'n02978881', 'n02979186', 'n02980441', 'n02981792', 'n02988304', 'n02992211', 'n02992529', 'n02999410', 'n03000134', 'n03000247', 'n03000684', 'n03014705', 'n03016953', 'n03017168', 'n03018349', 'n03026506', 'n03028079', 'n03032252', 'n03041632', 'n03042490', 'n03045698', 'n03047690', 'n03062245', 'n03063599', 'n03063689', 'n03065424', 'n03075370', 'n03085013', 'n03089624', 'n03095699', 'n03100240', 'n03109150', 'n03110669', 'n03124043', 'n03124170', 'n03125729', 'n03126707', 'n03127747', 'n03127925', 'n03131574', 'n03133878', 'n03134739', 'n03141823', 'n03146219', 'n03160309', 'n03179701', 'n03180011', 'n03187595', 'n03188531', 'n03196217', 'n03197337', 'n03201208', 'n03207743', 'n03207941', 'n03208938', 'n03216828', 'n03218198', 'n03220513', 'n03223299', 'n03240683', 'n03249569', 'n03250847', 'n03255030', 'n03259280', 'n03271574', 'n03272010', 'n03272562', 'n03290653', 'n03291819', 'n03297495', 'n03314780', 'n03325584', 'n03337140', 'n03344393', 'n03345487', 'n03347037', 'n03355925', 'n03372029', 'n03376595', 'n03379051', 'n03384352', 'n03388043', 'n03388183', 'n03388549', 'n03393912', 'n03394916', 'n03400231', 'n03404251', 'n03417042', 'n03424325', 'n03425413', 'n03443371', 'n03444034', 'n03445777', 'n03445924', 'n03447447', 'n03447721', 'n03450230', 'n03452741', 'n03457902', 'n03459775', 'n03461385', 'n03467068', 'n03476684', 'n03476991', 'n03478589', 'n03481172', 'n03482405', 'n03483316', 'n03485407', 'n03485794', 'n03492542', 'n03494278', 'n03495258', 'n03496892', 'n03498962', 'n03527444', 'n03529860', 'n03530642', 'n03532672', 'n03534580', 'n03535780', 'n03538406', 'n03544143', 'n03584254', 'n03584829', 'n03590841', 'n03594734', 'n03594945', 'n03595614', 'n03598930', 'n03599486', 'n03602883', 'n03617480', 'n03623198', 'n03627232', 'n03630383', 'n03633091', 'n03637318', 'n03642806', 'n03649909', 'n03657121', 'n03658185', 'n03661043', 'n03662601', 'n03666591', 'n03670208', 'n03673027', 'n03676483', 'n03680355', 'n03690938', 'n03691459', 'n03692522', 'n03697007', 'n03706229', 'n03709823', 'n03710193', 'n03710637', 'n03710721', 'n03717622', 'n03720891', 'n03721384', 'n03724870', 'n03729826', 'n03733131', 'n03733281', 'n03733805', 'n03742115', 'n03743016', 'n03759954', 'n03761084', 'n03763968', 'n03764736', 'n03769881', 'n03770439', 'n03770679', 'n03773504', 'n03775071', 'n03775546', 'n03776460', 'n03777568', 'n03777754', 'n03781244', 'n03782006', 'n03785016', 'n03786901', 'n03787032', 'n03788195', 'n03788365', 'n03791053', 'n03792782', 'n03792972', 'n03793489', 'n03794056', 'n03796401', 'n03803284', 'n03804744', 'n03814639', 'n03814906', 'n03825788', 'n03832673', 'n03837869', 'n03838899', 'n03840681', 'n03841143', 'n03843555', 'n03854065', 'n03857828', 'n03868242', 'n03868863', 'n03871628', 'n03873416', 'n03874293', 'n03874599', 'n03876231', 'n03877472', 'n03877845', 'n03884397', 'n03887697', 'n03888257', 'n03888605', 'n03891251', 'n03891332', 'n03895866', 'n03899768', 'n03902125', 'n03903868', 'n03908618', 'n03908714', 'n03916031', 'n03920288', 'n03924679', 'n03929660', 'n03929855', 'n03930313', 'n03930630', 'n03933933', 'n03935335', 'n03937543', 'n03938244', 'n03942813', 'n03944341', 'n03947888', 'n03950228', 'n03954731', 'n03956157', 'n03958227', 'n03961711', 'n03967562', 'n03970156', 'n03976467', 'n03976657', 'n03977966', 'n03980874', 'n03982430', 'n03983396', 'n03991062', 'n03992509', 'n03995372', 'n03998194', 'n04004767', 'n04005630', 'n04008634', 'n04009552', 'n04019541', 'n04023962', 'n04026417', 'n04033901', 'n04033995', 'n04037443', 'n04039381', 'n04040759', 'n04041544', 'n04044716', 'n04049303', 'n04065272', 'n04067472', 'n04069434', 'n04070727', 'n04074963', 'n04081281', 'n04086273', 'n04090263', 'n04099969', 'n04111531', 'n04116512', 'n04118538', 'n04118776', 'n04120489', 'n04125021', 'n04127249', 'n04131690', 'n04133789', 'n04136333', 'n04141076', 'n04141327', 'n04141975', 'n04146614', 'n04147183', 'n04149813', 'n04152593', 'n04153751', 'n04162706', 'n04179913', 'n04192698', 'n04200800', 'n04201297', 'n04204238', 'n04204347', 'n04208210', 'n04209133', 'n04209239', 'n04228054', 'n04229816', 'n04235860', 'n04238763', 'n04239074', 'n04243546', 'n04251144', 'n04252225', 'n04254120', 'n04254680', 'n04254777', 'n04258138', 'n04259630', 'n04263257', 'n04264628', 'n04265275', 'n04266014', 'n04270147', 'n04273569', 'n04275548', 'n04277352', 'n04285008', 'n04286575', 'n04296562', 'n04310018', 'n04311004', 'n04311174', 'n04317175', 'n04325704', 'n04326547', 'n04328186', 'n04330267', 'n04332243', 'n04335435', 'n04336792', 'n04344873', 'n04346328', 'n04347754', 'n04350905', 'n04355338', 'n04355933', 'n04356056', 'n04357314', 'n04366367', 'n04367480', 'n04370456', 'n04371430', 'n04371774', 'n04372370', 'n04376876', 'n04380533', 'n04389033', 'n04392985', 'n04398044', 'n04399382', 'n04404412', 'n04409515', 'n04417672', 'n04418357', 'n04423845', 'n04428191', 'n04429376', 'n04435653', 'n04442312', 'n04443257', 'n04447861', 'n04456115', 'n04458633', 'n04461696', 'n04462240', 'n04465501', 'n04467665', 'n04476259', 'n04479046', 'n04482393', 'n04483307', 'n04485082', 'n04486054', 'n04487081', 'n04487394', 'n04493381', 'n04501370', 'n04505470', 'n04507155', 'n04509417', 'n04515003', 'n04517823', 'n04522168', 'n04523525', 'n04525038', 'n04525305', 'n04532106', 'n04532670', 'n04536866', 'n04540053', 'n04542943', 'n04548280', 'n04548362', 'n04550184', 'n04552348', 'n04553703', 'n04554684', 'n04557648', 'n04560804', 'n04562935', 'n04579145', 'n04579432', 'n04584207', 'n04589890', 'n04590129', 'n04591157', 'n04591713', 'n04592741', 'n04596742', 'n04597913', 'n04599235', 'n04604644', 'n04606251', 'n04612504', 'n04613696', 'n06359193', 'n06596364', 'n06785654', 'n06794110', 'n06874185', 'n07248320', 'n07565083', 'n07579787', 'n07583066', 'n07584110', 'n07590611', 'n07613480', 'n07614500', 'n07615774', 'n07684084', 'n07693725', 'n07695742', 'n07697313', 'n07697537', 'n07711569', 'n07714571', 'n07714990', 'n07715103', 'n07716358', 'n07716906', 'n07717410', 'n07717556', 'n07718472', 'n07718747', 'n07720875', 'n07730033', 'n07734744', 'n07742313', 'n07745940', 'n07747607', 'n07749582', 'n07753113', 'n07753275', 'n07753592', 'n07754684', 'n07760859', 'n07768694', 'n07802026', 'n07831146', 'n07836838', 'n07860988', 'n07871810', 'n07873807', 'n07875152', 'n07880968', 'n07892512', 'n07920052', 'n07930864', 'n07932039', 'n09193705', 'n09229709', 'n09246464', 'n09256479', 'n09288635', 'n09332890', 'n09399592', 'n09421951', 'n09428293', 'n09468604', 'n09472597', 'n09835506', 'n10148035', 'n10565667', 'n11879895', 'n11939491', 'n12057211', 'n12144580', 'n12267677', 'n12620546', 'n12768682', 'n12985857', 'n12998815', 'n13037406', 'n13040303', 'n13044778', 'n13052670', 'n13054560', 'n13133613', 'n15075141']
           0
0  n04252077
1  n02817516
2  n03866082
3  n04154565
4  n01871265
5  n02687172
1273652
49697
Epoch: [0][   0/1244]	Time 21.486 (21.486)	Data 18.484 (18.484)	Loss 6.9078e+00 (6.9078e+00)	Acc@1   0.39 (  0.39)	Acc@5   0.39 (  0.39)
Epoch: [0][  20/1244]	Time  0.232 ( 2.367)	Data  0.000 ( 2.029)	Loss 6.9071e+00 (6.9078e+00)	Acc@1   0.20 (  0.13)	Acc@5   0.59 (  0.54)
Epoch: [0][  40/1244]	Time  0.432 ( 2.031)	Data  0.310 ( 1.742)	Loss 6.9073e+00 (6.9078e+00)	Acc@1   0.39 (  0.10)	Acc@5   0.98 (  0.50)
Epoch: [0][  60/1244]	Time  4.666 ( 1.949)	Data  4.562 ( 1.666)	Loss 6.9081e+00 (6.9078e+00)	Acc@1   0.00 (  0.11)	Acc@5   0.20 (  0.49)
Epoch: [0][  80/1244]	Time  0.232 ( 1.838)	Data  0.000 ( 1.573)	Loss 6.9079e+00 (6.9078e+00)	Acc@1   0.00 (  0.10)	Acc@5   0.98 (  0.49)
Epoch: [0][ 100/1244]	Time  0.234 ( 1.814)	Data  0.000 ( 1.565)	Loss 6.9072e+00 (6.9077e+00)	Acc@1   0.00 (  0.11)	Acc@5   0.39 (  0.48)
Epoch: [0][ 120/1244]	Time  4.522 ( 1.805)	Data  4.414 ( 1.564)	Loss 6.9068e+00 (6.9077e+00)	Acc@1   0.20 (  0.11)	Acc@5   0.59 (  0.50)
Epoch: [0][ 140/1244]	Time  0.760 ( 1.763)	Data  0.011 ( 1.507)	Loss 6.9081e+00 (6.9077e+00)	Acc@1   0.00 (  0.11)	Acc@5   1.17 (  0.52)
Epoch: [0][ 160/1244]	Time  0.237 ( 1.759)	Data  0.000 ( 1.504)	Loss 6.9075e+00 (6.9077e+00)	Acc@1   0.00 (  0.11)	Acc@5   0.39 (  0.52)
Epoch: [0][ 180/1244]	Time  4.914 ( 1.756)	Data  4.816 ( 1.499)	Loss 6.9070e+00 (6.9077e+00)	Acc@1   0.00 (  0.11)	Acc@5   0.20 (  0.51)
Epoch: [0][ 200/1244]	Time  0.532 ( 1.731)	Data  0.000 ( 1.468)	Loss 6.9067e+00 (6.9076e+00)	Acc@1   0.20 (  0.11)	Acc@5   0.59 (  0.50)
Epoch: [0][ 220/1244]	Time  0.293 ( 1.730)	Data  0.000 ( 1.469)	Loss 6.9064e+00 (6.9076e+00)	Acc@1   0.20 (  0.11)	Acc@5   0.78 (  0.51)
Epoch: [0][ 240/1244]	Time  5.562 ( 1.734)	Data  5.459 ( 1.477)	Loss 6.9071e+00 (6.9076e+00)	Acc@1   0.00 (  0.11)	Acc@5   0.98 (  0.51)
Epoch: [0][ 260/1244]	Time  0.499 ( 1.716)	Data  0.000 ( 1.461)	Loss 6.9071e+00 (6.9075e+00)	Acc@1   0.20 (  0.11)	Acc@5   0.78 (  0.51)
Epoch: [0][ 280/1244]	Time  0.285 ( 1.717)	Data  0.000 ( 1.444)	Loss 6.9064e+00 (6.9075e+00)	Acc@1   0.20 (  0.11)	Acc@5   0.20 (  0.51)
Epoch: [0][ 300/1244]	Time  4.444 ( 1.719)	Data  4.342 ( 1.444)	Loss 6.9062e+00 (6.9075e+00)	Acc@1   0.39 (  0.11)	Acc@5   1.76 (  0.52)
Epoch: [0][ 320/1244]	Time  1.375 ( 1.711)	Data  0.000 ( 1.425)	Loss 6.9070e+00 (6.9074e+00)	Acc@1   0.20 (  0.11)	Acc@5   0.98 (  0.52)
Epoch: [0][ 340/1244]	Time  0.287 ( 1.712)	Data  0.000 ( 1.416)	Loss 6.9077e+00 (6.9074e+00)	Acc@1   0.20 (  0.11)	Acc@5   0.78 (  0.51)
Epoch: [0][ 360/1244]	Time  3.608 ( 1.712)	Data  3.508 ( 1.413)	Loss 6.9078e+00 (6.9073e+00)	Acc@1   0.00 (  0.10)	Acc@5   0.78 (  0.51)
Epoch: [0][ 380/1244]	Time  0.894 ( 1.707)	Data  0.000 ( 1.396)	Loss 6.9050e+00 (6.9073e+00)	Acc@1   0.39 (  0.10)	Acc@5   0.78 (  0.51)
Epoch: [0][ 400/1244]	Time  0.238 ( 1.706)	Data  0.000 ( 1.392)	Loss 6.9066e+00 (6.9072e+00)	Acc@1   0.20 (  0.10)	Acc@5   0.20 (  0.51)
Epoch: [0][ 420/1244]	Time  4.207 ( 1.710)	Data  4.103 ( 1.393)	Loss 6.9079e+00 (6.9071e+00)	Acc@1   0.00 (  0.10)	Acc@5   0.20 (  0.51)
Epoch: [0][ 440/1244]	Time  1.369 ( 1.704)	Data  0.000 ( 1.378)	Loss 6.9067e+00 (6.9070e+00)	Acc@1   0.20 (  0.11)	Acc@5   0.78 (  0.52)
Epoch: [0][ 460/1244]	Time  0.231 ( 1.706)	Data  0.000 ( 1.376)	Loss 6.9063e+00 (6.9068e+00)	Acc@1   0.20 (  0.11)	Acc@5   0.20 (  0.52)
Epoch: [0][ 480/1244]	Time  4.795 ( 1.709)	Data  4.695 ( 1.385)	Loss 6.8986e+00 (6.9067e+00)	Acc@1   0.00 (  0.11)	Acc@5   0.59 (  0.51)
Epoch: [0][ 500/1244]	Time  0.233 ( 1.702)	Data  0.000 ( 1.382)	Loss 6.8960e+00 (6.9064e+00)	Acc@1   0.00 (  0.11)	Acc@5   0.78 (  0.51)
Epoch: [0][ 520/1244]	Time  0.234 ( 1.704)	Data  0.000 ( 1.389)	Loss 6.8930e+00 (6.9061e+00)	Acc@1   0.00 (  0.11)	Acc@5   0.20 (  0.51)
Epoch: [0][ 540/1244]	Time  5.235 ( 1.706)	Data  5.135 ( 1.395)	Loss 6.9035e+00 (6.9057e+00)	Acc@1   0.00 (  0.11)	Acc@5   0.59 (  0.51)
Epoch: [0][ 560/1244]	Time  0.229 ( 1.700)	Data  0.000 ( 1.393)	Loss 6.8833e+00 (6.9052e+00)	Acc@1   0.39 (  0.11)	Acc@5   0.78 (  0.51)
Epoch: [0][ 580/1244]	Time  0.294 ( 1.700)	Data  0.000 ( 1.397)	Loss 6.9007e+00 (6.9046e+00)	Acc@1   0.00 (  0.10)	Acc@5   0.20 (  0.50)
Epoch: [0][ 600/1244]	Time  4.929 ( 1.700)	Data  4.830 ( 1.401)	Loss 6.8633e+00 (6.9037e+00)	Acc@1   0.00 (  0.11)	Acc@5   0.59 (  0.50)
Epoch: [0][ 620/1244]	Time  0.792 ( 1.695)	Data  0.000 ( 1.396)	Loss 6.8753e+00 (6.9023e+00)	Acc@1   0.00 (  0.10)	Acc@5   0.39 (  0.50)
Epoch: [0][ 640/1244]	Time  0.233 ( 1.695)	Data  0.000 ( 1.388)	Loss 6.8617e+00 (6.9011e+00)	Acc@1   0.20 (  0.10)	Acc@5   0.39 (  0.50)
Epoch: [0][ 660/1244]	Time  2.853 ( 1.699)	Data  2.749 ( 1.379)	Loss 6.8143e+00 (6.8995e+00)	Acc@1   0.20 (  0.11)	Acc@5   1.17 (  0.51)
Epoch: [0][ 680/1244]	Time  1.663 ( 1.698)	Data  0.000 ( 1.363)	Loss 6.8396e+00 (6.8980e+00)	Acc@1   0.00 (  0.11)	Acc@5   0.39 (  0.51)
Epoch: [0][ 700/1244]	Time  0.234 ( 1.699)	Data  0.000 ( 1.355)	Loss 6.8714e+00 (6.8964e+00)	Acc@1   0.00 (  0.10)	Acc@5   0.59 (  0.51)
Epoch: [0][ 720/1244]	Time  4.349 ( 1.702)	Data  4.250 ( 1.354)	Loss 6.8346e+00 (6.8950e+00)	Acc@1   0.00 (  0.10)	Acc@5   0.39 (  0.51)
Epoch: [0][ 740/1244]	Time  1.129 ( 1.698)	Data  0.000 ( 1.345)	Loss 6.8275e+00 (6.8935e+00)	Acc@1   0.00 (  0.10)	Acc@5   0.39 (  0.52)
Epoch: [0][ 760/1244]	Time  0.284 ( 1.699)	Data  0.000 ( 1.345)	Loss 6.8011e+00 (6.8920e+00)	Acc@1   0.00 (  0.11)	Acc@5   0.78 (  0.53)
Epoch: [0][ 780/1244]	Time  4.154 ( 1.701)	Data  4.044 ( 1.347)	Loss 6.8368e+00 (6.8905e+00)	Acc@1   0.00 (  0.11)	Acc@5   0.98 (  0.54)
Epoch: [0][ 800/1244]	Time  0.251 ( 1.697)	Data  0.000 ( 1.343)	Loss 6.8125e+00 (6.8892e+00)	Acc@1   0.00 (  0.11)	Acc@5   0.78 (  0.54)
Epoch: [0][ 820/1244]	Time  0.239 ( 1.697)	Data  0.000 ( 1.342)	Loss 6.8536e+00 (6.8877e+00)	Acc@1   0.00 (  0.11)	Acc@5   0.39 (  0.55)
Epoch: [0][ 840/1244]	Time  3.944 ( 1.699)	Data  3.843 ( 1.341)	Loss 6.8282e+00 (6.8864e+00)	Acc@1   0.20 (  0.11)	Acc@5   0.39 (  0.56)
Epoch: [0][ 860/1244]	Time  1.061 ( 1.696)	Data  0.000 ( 1.339)	Loss 6.8119e+00 (6.8851e+00)	Acc@1   0.00 (  0.12)	Acc@5   0.98 (  0.57)
Epoch: [0][ 880/1244]	Time  0.225 ( 1.696)	Data  0.000 ( 1.342)	Loss 6.8369e+00 (6.8838e+00)	Acc@1   0.20 (  0.12)	Acc@5   0.98 (  0.57)
Epoch: [0][ 900/1244]	Time  4.973 ( 1.697)	Data  4.874 ( 1.347)	Loss 6.8222e+00 (6.8827e+00)	Acc@1   0.78 (  0.12)	Acc@5   0.98 (  0.58)
Epoch: [0][ 920/1244]	Time  0.232 ( 1.694)	Data  0.000 ( 1.345)	Loss 6.8295e+00 (6.8815e+00)	Acc@1   0.00 (  0.12)	Acc@5   0.78 (  0.59)
Epoch: [0][ 940/1244]	Time  0.248 ( 1.694)	Data  0.000 ( 1.349)	Loss 6.8507e+00 (6.8804e+00)	Acc@1   0.20 (  0.12)	Acc@5   0.59 (  0.60)
Epoch: [0][ 960/1244]	Time  5.116 ( 1.696)	Data  5.012 ( 1.352)	Loss 6.7878e+00 (6.8793e+00)	Acc@1   0.20 (  0.13)	Acc@5   1.76 (  0.61)
Epoch: [0][ 980/1244]	Time  0.286 ( 1.692)	Data  0.000 ( 1.350)	Loss 6.8327e+00 (6.8784e+00)	Acc@1   0.00 (  0.13)	Acc@5   0.98 (  0.61)
Epoch: [0][1000/1244]	Time  0.244 ( 1.693)	Data  0.000 ( 1.355)	Loss 6.8328e+00 (6.8773e+00)	Acc@1   0.00 (  0.13)	Acc@5   1.76 (  0.62)
Epoch: [0][1020/1244]	Time  5.098 ( 1.694)	Data  4.999 ( 1.359)	Loss 6.7914e+00 (6.8763e+00)	Acc@1   0.78 (  0.13)	Acc@5   0.98 (  0.62)
Epoch: [0][1040/1244]	Time  0.235 ( 1.691)	Data  0.000 ( 1.358)	Loss 6.8293e+00 (6.8753e+00)	Acc@1   0.00 (  0.13)	Acc@5   1.37 (  0.63)
Epoch: [0][1060/1244]	Time  0.231 ( 1.691)	Data  0.000 ( 1.360)	Loss 6.8125e+00 (6.8741e+00)	Acc@1   0.20 (  0.14)	Acc@5   1.17 (  0.64)
Epoch: [0][1080/1244]	Time  5.499 ( 1.693)	Data  5.391 ( 1.364)	Loss 6.8008e+00 (6.8731e+00)	Acc@1   0.39 (  0.14)	Acc@5   1.17 (  0.65)
Epoch: [0][1100/1244]	Time  0.233 ( 1.690)	Data  0.000 ( 1.363)	Loss 6.8203e+00 (6.8722e+00)	Acc@1   0.20 (  0.14)	Acc@5   0.39 (  0.66)
Epoch: [0][1120/1244]	Time  0.231 ( 1.690)	Data  0.000 ( 1.366)	Loss 6.7789e+00 (6.8711e+00)	Acc@1   0.00 (  0.14)	Acc@5   0.98 (  0.66)
Epoch: [0][1140/1244]	Time  5.055 ( 1.691)	Data  4.937 ( 1.368)	Loss 6.8069e+00 (6.8701e+00)	Acc@1   0.59 (  0.14)	Acc@5   1.56 (  0.67)
Epoch: [0][1160/1244]	Time  0.231 ( 1.688)	Data  0.000 ( 1.366)	Loss 6.7901e+00 (6.8693e+00)	Acc@1   0.39 (  0.15)	Acc@5   0.59 (  0.68)
Epoch: [0][1180/1244]	Time  0.232 ( 1.688)	Data  0.000 ( 1.368)	Loss 6.7953e+00 (6.8684e+00)	Acc@1   0.39 (  0.15)	Acc@5   1.17 (  0.68)
Epoch: [0][1200/1244]	Time  3.449 ( 1.689)	Data  3.348 ( 1.367)	Loss 6.7888e+00 (6.8673e+00)	Acc@1   0.00 (  0.15)	Acc@5   0.59 (  0.69)
Epoch: [0][1220/1244]	Time  0.754 ( 1.686)	Data  0.000 ( 1.362)	Loss 6.8347e+00 (6.8664e+00)	Acc@1   0.59 (  0.15)	Acc@5   1.95 (  0.70)
Epoch: [0][1240/1244]	Time  0.232 ( 1.687)	Data  0.000 ( 1.363)	Loss 6.8099e+00 (6.8655e+00)	Acc@1   0.39 (  0.15)	Acc@5   1.37 (  0.71)
Epoch: [0][   0/1244]	Time 21.784 (21.784)	Data 18.977 (18.977)	Loss 6.9078e+00 (6.9078e+00)	Acc@1   0.00 (  0.00)	Acc@5   0.39 (  0.39)
Epoch: [0][  20/1244]	Time  0.235 ( 2.368)	Data  0.000 ( 2.034)	Loss 6.9074e+00 (6.9079e+00)	Acc@1   0.00 (  0.09)	Acc@5   0.78 (  0.47)
Epoch: [0][  40/1244]	Time  0.699 ( 2.044)	Data  0.591 ( 1.793)	Loss 6.9081e+00 (6.9078e+00)	Acc@1   0.00 (  0.10)	Acc@5   0.20 (  0.46)
Epoch: [0][  60/1244]	Time  2.298 ( 1.911)	Data  2.199 ( 1.696)	Loss 6.9082e+00 (6.9078e+00)	Acc@1   0.20 (  0.11)	Acc@5   0.39 (  0.50)
Epoch: [0][  80/1244]	Time  0.239 ( 1.838)	Data  0.000 ( 1.626)	Loss 6.9070e+00 (6.9078e+00)	Acc@1   0.00 (  0.11)	Acc@5   0.39 (  0.50)
Epoch: [0][ 100/1244]	Time  2.814 ( 1.819)	Data  2.712 ( 1.585)	Loss 6.9072e+00 (6.9077e+00)	Acc@1   0.20 (  0.12)	Acc@5   0.39 (  0.51)
Epoch: [0][ 120/1244]	Time  1.372 ( 1.779)	Data  1.273 ( 1.546)	Loss 6.9072e+00 (6.9077e+00)	Acc@1   0.20 (  0.12)	Acc@5   0.78 (  0.52)
Epoch: [0][ 140/1244]	Time  0.227 ( 1.763)	Data  0.000 ( 1.542)	Loss 6.9083e+00 (6.9077e+00)	Acc@1   0.20 (  0.11)	Acc@5   0.39 (  0.52)
Epoch: [0][ 160/1244]	Time  3.425 ( 1.759)	Data  3.244 ( 1.547)	Loss 6.9076e+00 (6.9077e+00)	Acc@1   0.00 (  0.11)	Acc@5   0.00 (  0.52)
Epoch: [0][ 180/1244]	Time  0.232 ( 1.730)	Data  0.000 ( 1.524)	Loss 6.9081e+00 (6.9077e+00)	Acc@1   0.00 (  0.11)	Acc@5   0.00 (  0.52)
Epoch: [0][ 200/1244]	Time  0.243 ( 1.731)	Data  0.000 ( 1.527)	Loss 6.9067e+00 (6.9076e+00)	Acc@1   0.00 (  0.11)	Acc@5   0.39 (  0.52)
Epoch: [0][ 220/1244]	Time  4.468 ( 1.730)	Data  4.351 ( 1.525)	Loss 6.9071e+00 (6.9076e+00)	Acc@1   0.00 (  0.12)	Acc@5   0.59 (  0.53)
Epoch: [0][ 240/1244]	Time  0.233 ( 1.712)	Data  0.000 ( 1.500)	Loss 6.9074e+00 (6.9076e+00)	Acc@1   0.00 (  0.12)	Acc@5   0.20 (  0.54)
Epoch: [0][ 260/1244]	Time  0.232 ( 1.716)	Data  0.000 ( 1.504)	Loss 6.9064e+00 (6.9075e+00)	Acc@1   0.20 (  0.12)	Acc@5   0.78 (  0.54)
Epoch: [0][ 280/1244]	Time  4.426 ( 1.721)	Data  4.324 ( 1.512)	Loss 6.9070e+00 (6.9075e+00)	Acc@1   0.00 (  0.12)	Acc@5   0.59 (  0.54)
Epoch: [0][ 300/1244]	Time  0.234 ( 1.705)	Data  0.000 ( 1.498)	Loss 6.9075e+00 (6.9075e+00)	Acc@1   0.00 (  0.12)	Acc@5   0.39 (  0.54)
Epoch: [0][ 320/1244]	Time  0.231 ( 1.711)	Data  0.000 ( 1.505)	Loss 6.9063e+00 (6.9074e+00)	Acc@1   0.20 (  0.12)	Acc@5   0.20 (  0.54)
Epoch: [0][ 340/1244]	Time  4.591 ( 1.713)	Data  4.486 ( 1.508)	Loss 6.9066e+00 (6.9074e+00)	Acc@1   0.00 (  0.12)	Acc@5   0.20 (  0.54)
Epoch: [0][ 360/1244]	Time  0.232 ( 1.703)	Data  0.000 ( 1.499)	Loss 6.9046e+00 (6.9074e+00)	Acc@1   0.00 (  0.12)	Acc@5   0.39 (  0.54)
Epoch: [0][ 380/1244]	Time  0.242 ( 1.707)	Data  0.000 ( 1.504)	Loss 6.9067e+00 (6.9073e+00)	Acc@1   0.39 (  0.11)	Acc@5   0.98 (  0.53)
Epoch: [0][ 400/1244]	Time  4.359 ( 1.708)	Data  4.251 ( 1.506)	Loss 6.9050e+00 (6.9072e+00)	Acc@1   0.39 (  0.12)	Acc@5   0.98 (  0.53)
Epoch: [0][ 420/1244]	Time  0.233 ( 1.701)	Data  0.000 ( 1.499)	Loss 6.9064e+00 (6.9071e+00)	Acc@1   0.20 (  0.12)	Acc@5   0.59 (  0.53)
Epoch: [0][ 440/1244]	Time  0.232 ( 1.704)	Data  0.000 ( 1.503)	Loss 6.9043e+00 (6.9070e+00)	Acc@1   0.00 (  0.12)	Acc@5   0.00 (  0.54)
Epoch: [0][ 460/1244]	Time  4.593 ( 1.706)	Data  3.811 ( 1.503)	Loss 6.9027e+00 (6.9068e+00)	Acc@1   0.00 (  0.12)	Acc@5   0.59 (  0.54)
Epoch: [0][ 480/1244]	Time  0.232 ( 1.699)	Data  0.000 ( 1.487)	Loss 6.8958e+00 (6.9066e+00)	Acc@1   0.00 (  0.12)	Acc@5   0.39 (  0.53)
Epoch: [0][ 500/1244]	Time  0.232 ( 1.702)	Data  0.000 ( 1.482)	Loss 6.9074e+00 (6.9064e+00)	Acc@1   0.00 (  0.11)	Acc@5   0.00 (  0.53)
Epoch: [0][ 520/1244]	Time  5.182 ( 1.704)	Data  4.056 ( 1.481)	Loss 6.8980e+00 (6.9061e+00)	Acc@1   0.20 (  0.11)	Acc@5   0.39 (  0.53)
Epoch: [0][ 540/1244]	Time  0.240 ( 1.696)	Data  0.000 ( 1.470)	Loss 6.9044e+00 (6.9058e+00)	Acc@1   0.00 (  0.11)	Acc@5   0.20 (  0.52)
Epoch: [0][ 560/1244]	Time  0.235 ( 1.700)	Data  0.000 ( 1.467)	Loss 6.8934e+00 (6.9054e+00)	Acc@1   0.20 (  0.11)	Acc@5   0.39 (  0.52)
Epoch: [0][ 580/1244]	Time  4.423 ( 1.700)	Data  3.935 ( 1.464)	Loss 6.8834e+00 (6.9047e+00)	Acc@1   0.00 (  0.11)	Acc@5   0.20 (  0.52)
Epoch: [0][ 600/1244]	Time  0.232 ( 1.692)	Data  0.000 ( 1.457)	Loss 6.8513e+00 (6.9037e+00)	Acc@1   0.00 (  0.11)	Acc@5   0.00 (  0.52)
Epoch: [0][ 620/1244]	Time  0.287 ( 1.695)	Data  0.000 ( 1.460)	Loss 6.8684e+00 (6.9026e+00)	Acc@1   0.00 (  0.11)	Acc@5   0.78 (  0.52)
Epoch: [0][ 640/1244]	Time  4.682 ( 1.698)	Data  4.582 ( 1.465)	Loss 6.8538e+00 (6.9012e+00)	Acc@1   0.00 (  0.11)	Acc@5   0.20 (  0.52)
Epoch: [0][ 660/1244]	Time  0.279 ( 1.696)	Data  0.004 ( 1.463)	Loss 6.8461e+00 (6.8996e+00)	Acc@1   0.00 (  0.11)	Acc@5   0.39 (  0.52)
Epoch: [0][ 680/1244]	Time  0.231 ( 1.698)	Data  0.000 ( 1.467)	Loss 6.8319e+00 (6.8979e+00)	Acc@1   0.00 (  0.11)	Acc@5   0.78 (  0.53)
Epoch: [0][ 700/1244]	Time  4.490 ( 1.700)	Data  4.391 ( 1.470)	Loss 6.8440e+00 (6.8964e+00)	Acc@1   0.20 (  0.11)	Acc@5   0.98 (  0.53)
Epoch: [0][ 720/1244]	Time  0.235 ( 1.696)	Data  0.000 ( 1.467)	Loss 6.8589e+00 (6.8949e+00)	Acc@1   0.00 (  0.11)	Acc@5   0.98 (  0.54)
Epoch: [0][ 740/1244]	Time  0.232 ( 1.698)	Data  0.000 ( 1.469)	Loss 6.8545e+00 (6.8933e+00)	Acc@1   0.39 (  0.11)	Acc@5   0.39 (  0.55)
Epoch: [0][ 760/1244]	Time  4.273 ( 1.699)	Data  4.103 ( 1.472)	Loss 6.8428e+00 (6.8920e+00)	Acc@1   0.00 (  0.12)	Acc@5   0.39 (  0.55)
Epoch: [0][ 780/1244]	Time  0.238 ( 1.696)	Data  0.000 ( 1.469)	Loss 6.8442e+00 (6.8905e+00)	Acc@1   0.00 (  0.12)	Acc@5   0.39 (  0.56)
Epoch: [0][ 800/1244]	Time  0.231 ( 1.697)	Data  0.000 ( 1.471)	Loss 6.8314e+00 (6.8891e+00)	Acc@1   0.20 (  0.12)	Acc@5   0.20 (  0.56)
Epoch: [0][ 820/1244]	Time  4.562 ( 1.698)	Data  4.463 ( 1.473)	Loss 6.8432e+00 (6.8878e+00)	Acc@1   0.39 (  0.12)	Acc@5   0.78 (  0.57)
Epoch: [0][ 840/1244]	Time  0.234 ( 1.695)	Data  0.000 ( 1.470)	Loss 6.8089e+00 (6.8866e+00)	Acc@1   0.20 (  0.12)	Acc@5   0.59 (  0.57)
Epoch: [0][ 860/1244]	Time  0.242 ( 1.696)	Data  0.000 ( 1.471)	Loss 6.8392e+00 (6.8852e+00)	Acc@1   0.20 (  0.12)	Acc@5   0.59 (  0.58)
Epoch: [0][ 880/1244]	Time  4.172 ( 1.696)	Data  3.174 ( 1.470)	Loss 6.8364e+00 (6.8840e+00)	Acc@1   0.00 (  0.13)	Acc@5   0.39 (  0.58)
Epoch: [0][ 900/1244]	Time  0.232 ( 1.692)	Data  0.000 ( 1.461)	Loss 6.8097e+00 (6.8826e+00)	Acc@1   0.20 (  0.13)	Acc@5   0.78 (  0.59)
Epoch: [0][ 920/1244]	Time  0.232 ( 1.694)	Data  0.000 ( 1.463)	Loss 6.8071e+00 (6.8814e+00)	Acc@1   0.39 (  0.13)	Acc@5   1.76 (  0.60)
Epoch: [0][ 940/1244]	Time  4.477 ( 1.694)	Data  4.061 ( 1.463)	Loss 6.8083e+00 (6.8801e+00)	Acc@1   0.00 (  0.13)	Acc@5   1.17 (  0.61)
Epoch: [0][ 960/1244]	Time  0.279 ( 1.691)	Data  0.000 ( 1.459)	Loss 6.8283e+00 (6.8792e+00)	Acc@1   0.59 (  0.13)	Acc@5   1.17 (  0.61)
Epoch: [0][ 980/1244]	Time  0.233 ( 1.692)	Data  0.000 ( 1.460)	Loss 6.8316e+00 (6.8782e+00)	Acc@1   0.00 (  0.13)	Acc@5   0.59 (  0.62)
Epoch: [0][1000/1244]	Time  4.592 ( 1.693)	Data  3.930 ( 1.458)	Loss 6.8128e+00 (6.8771e+00)	Acc@1   0.39 (  0.14)	Acc@5   0.78 (  0.63)
Epoch: [0][1020/1244]	Time  0.243 ( 1.689)	Data  0.000 ( 1.452)	Loss 6.8528e+00 (6.8761e+00)	Acc@1   0.20 (  0.14)	Acc@5   1.37 (  0.64)
Epoch: [0][1040/1244]	Time  0.238 ( 1.691)	Data  0.000 ( 1.452)	Loss 6.8008e+00 (6.8751e+00)	Acc@1   0.59 (  0.14)	Acc@5   2.15 (  0.65)
Epoch: [0][1060/1244]	Time  4.451 ( 1.691)	Data  4.351 ( 1.452)	Loss 6.8261e+00 (6.8740e+00)	Acc@1   0.00 (  0.14)	Acc@5   0.39 (  0.65)
Epoch: [0][1080/1244]	Time  0.231 ( 1.688)	Data  0.000 ( 1.448)	Loss 6.8233e+00 (6.8731e+00)	Acc@1   0.00 (  0.14)	Acc@5   0.78 (  0.66)
Epoch: [0][1100/1244]	Time  0.227 ( 1.690)	Data  0.000 ( 1.446)	Loss 6.8059e+00 (6.8721e+00)	Acc@1   0.20 (  0.15)	Acc@5   0.98 (  0.67)
Epoch: [0][1120/1244]	Time  4.243 ( 1.690)	Data  3.918 ( 1.446)	Loss 6.8134e+00 (6.8709e+00)	Acc@1   0.59 (  0.15)	Acc@5   1.17 (  0.68)
Epoch: [0][1140/1244]	Time  0.231 ( 1.687)	Data  0.000 ( 1.443)	Loss 6.8435e+00 (6.8699e+00)	Acc@1   0.00 (  0.15)	Acc@5   0.59 (  0.69)
Epoch: [0][1160/1244]	Time  0.232 ( 1.688)	Data  0.000 ( 1.445)	Loss 6.7782e+00 (6.8689e+00)	Acc@1   0.39 (  0.15)	Acc@5   0.98 (  0.69)
Epoch: [0][1180/1244]	Time  4.454 ( 1.688)	Data  4.354 ( 1.445)	Loss 6.8214e+00 (6.8679e+00)	Acc@1   0.59 (  0.16)	Acc@5   1.76 (  0.70)
Epoch: [0][1200/1244]	Time  0.284 ( 1.686)	Data  0.000 ( 1.443)	Loss 6.8166e+00 (6.8669e+00)	Acc@1   0.39 (  0.16)	Acc@5   1.37 (  0.70)
Epoch: [0][1220/1244]	Time  0.233 ( 1.686)	Data  0.000 ( 1.444)	Loss 6.8043e+00 (6.8659e+00)	Acc@1   0.59 (  0.16)	Acc@5   1.37 (  0.71)
Epoch: [0][1240/1244]	Time  4.454 ( 1.687)	Data  4.355 ( 1.446)	Loss 6.8176e+00 (6.8649e+00)	Acc@1   0.39 (  0.16)	Acc@5   1.76 (  0.72)
Test: [ 0/98]	Time 14.623 (14.623)	Loss 6.7702e+00 (6.7702e+00)	Acc@1   8.59 (  8.59)	Acc@5  17.97 ( 17.97)
Test: [20/98]	Time  1.095 ( 2.137)	Loss 6.8177e+00 (6.7966e+00)	Acc@1   0.00 (  0.42)	Acc@5   0.00 (  0.95)
Test: [40/98]	Time  0.188 ( 1.917)	Loss 6.8988e+00 (6.8086e+00)	Acc@1   0.00 (  0.24)	Acc@5   0.00 (  0.57)
Test: [60/98]	Time  4.047 ( 1.862)	Loss 6.9103e+00 (6.8391e+00)	Acc@1   0.00 (  0.17)	Acc@5   0.00 (  0.42)
Test: [80/98]	Time  0.096 ( 1.768)	Loss 6.9484e+00 (6.8594e+00)	Acc@1   0.00 (  0.13)	Acc@5   0.00 (  0.41)
 *   Acc@1 0.294 Acc@5 1.139
Test: [ 0/98]	Time 14.678 (14.678)	Loss 6.7702e+00 (6.7702e+00)	Acc@1   8.59 (  8.59)	Acc@5  17.97 ( 17.97)
Test: [20/98]	Time  1.006 ( 2.134)	Loss 6.8177e+00 (6.7966e+00)	Acc@1   0.00 (  0.42)	Acc@5   0.00 (  0.95)
Test: [40/98]	Time  0.294 ( 1.921)	Loss 6.8988e+00 (6.8086e+00)	Acc@1   0.00 (  0.24)	Acc@5   0.00 (  0.57)
Test: [60/98]	Time  3.947 ( 1.861)	Loss 6.9103e+00 (6.8391e+00)	Acc@1   0.00 (  0.17)	Acc@5   0.00 (  0.42)
Test: [80/98]	Time  0.095 ( 1.767)	Loss 6.9484e+00 (6.8594e+00)	Acc@1   0.00 (  0.13)	Acc@5   0.00 (  0.41)
 *   Acc@1 0.294 Acc@5 1.139
