Traceback (most recent call last):
  File "../pretrained_main_subset_random_choosen_experiment.py", line 748, in <module>
    main()
  File "../pretrained_main_subset_random_choosen_experiment.py", line 129, in main
    mp.spawn(main_worker, nprocs=ngpus_per_node, args=(ngpus_per_node, args))
  File "/home/junzhin/anaconda3/lib/python3.7/site-packages/torch/multiprocessing/spawn.py", line 230, in spawn
    return start_processes(fn, args, nprocs, join, daemon, start_method='spawn')
  File "/home/junzhin/anaconda3/lib/python3.7/site-packages/torch/multiprocessing/spawn.py", line 188, in start_processes
    while not context.join():
  File "/home/junzhin/anaconda3/lib/python3.7/site-packages/torch/multiprocessing/spawn.py", line 150, in join
    raise ProcessRaisedException(msg, error_index, failed_process.pid)
torch.multiprocessing.spawn.ProcessRaisedException: 

-- Process 1 terminated with the following error:
Traceback (most recent call last):
  File "/home/junzhin/anaconda3/lib/python3.7/site-packages/torch/multiprocessing/spawn.py", line 59, in _wrap
    fn(i, *args)
  File "/home/junzhin/Project/Summer_project/code/version1.0/pretrained_main_subset_random_choosen_experiment.py", line 324, in main_worker
    random_selected_classes_labels_names_df.to_csv(args.log + '/random_selected_classes_labels.csv', index = False, header = False)
  File "/home/junzhin/anaconda3/lib/python3.7/site-packages/pandas/core/generic.py", line 3482, in to_csv
    storage_options=storage_options,
  File "/home/junzhin/anaconda3/lib/python3.7/site-packages/pandas/io/formats/format.py", line 1105, in to_csv
    csv_formatter.save()
  File "/home/junzhin/anaconda3/lib/python3.7/site-packages/pandas/io/formats/csvs.py", line 243, in save
    storage_options=self.storage_options,
  File "/home/junzhin/anaconda3/lib/python3.7/site-packages/pandas/io/common.py", line 707, in get_handle
    newline="",
FileNotFoundError: [Errno 2] No such file or directory: '/home/junzhin/Project/Summer_project/code/version1.0/pretrained_model_results/ALEX_office31masked2Random_new/random_selected_classes_labels.csv'

