Namespace(alter_trainingfile_name='train_blurred', alter_validationfile_name='val_blurred', arch='alexnet_cdan', batch_size=256, data='/data/gpfs/datasets/Imagenet', dist_backend='nccl', dist_url='tcp://127.0.0.1:7020', epochs=100, evaluate=False, gpu=None, log='/home/junzhin/Project/Summer_project/code/version1.0/pretrained_model_results/ALEX_office31masked2_CDAN', lr=0.01, momentum=0.9, multiprocessing_distributed=True, num_classes=1000, pretrained=False, print_freq=200, randomchosenmode=False, rank=0, resume='', seed=None, start_epoch=0, subset=True, subsetpath='/home/junzhin/Project/Summer_project/code/version1.0/masked_office31_imagenetlabel2_manual_df.csv', weight_decay=0.0005, workers=8, world_size=1)
Use GPU: 1 for training
when creating the model, the number of classes are
958
=> using pre-trained model 'alexnet_cdan'
the number of classes are 958
Adjusting learning rate of group 0 to 1.0000e-02.
----------------------------------------
training directory:/data/gpfs/datasets/Imagenet/train_blurred

validating directory:/data/gpfs/datasets/Imagenet/val_blurred

----------------------------------------
Dataset ImageFolder
    Number of datapoints: 1281066
    Root location: /data/gpfs/datasets/Imagenet/train_blurred
    StandardTransform
Transform: Compose(
               RandomHorizontalFlip(p=0.5)
               Resize(size=256, interpolation=bilinear, max_size=None, antialias=None)
               RandomResizedCrop(size=(227, 227), scale=(0.08, 1.0), ratio=(0.75, 1.3333), interpolation=bilinear)
               ToTensor()
               Normalize(mean=[0.485, 0.456, 0.406], std=[0.229, 0.224, 0.225])
           )
----------------------------------------
Dataset ImageFolder
    Number of datapoints: 49997
    Root location: /data/gpfs/datasets/Imagenet/val_blurred
    StandardTransform
Transform: Compose(
               RandomHorizontalFlip(p=0.5)
               Resize(size=256, interpolation=bilinear, max_size=None, antialias=None)
               RandomResizedCrop(size=(227, 227), scale=(0.08, 1.0), ratio=(0.75, 1.3333), interpolation=bilinear)
               ToTensor()
           )
----------------------------------------
            0                      1
0   n02791124           barber_chair
1   n02823428            beer_bottle
2   n02835271  bicycle-built-for-two
3   n02840245                 binder
4   n02870880               bookcase
5   n02877765              bottlecap
6   n02992529     cellular_telephone
7   n03018349          china_cabinet
8   n03063599             coffee_mug
9   n03085013      computer_keyboard
10  n03127747           crash_helmet
11  n03180011       desktop_computer
12  n03187595         dial_telephone
13  n03376595          folding_chair
14  n03379051        football_helmet
15  n03388183           fountain_pen
16  n03485407     hand-held_computer
17  n03637318              lampshade
18  n03642806                 laptop
19  n03691459            loudspeaker
20  n03742115         medicine_chest
21  n03759954             microphone
22  n03782006                monitor
23  n03785016                  moped
24  n03792782          mountain_bike
25  n03793489                  mouse
26  n03832673               notebook
27  n03902125              pay-phone
28  n03937543            pill_bottle
29  n03983396             pop_bottle
30  n04004767                printer
31  n04009552              projector
32  n04099969          rocking_chair
33  n04152593                 screen
34  n04286575              spotlight
35  n04380533             table_lamp
36  n04476259                   tray
37  n04505470    typewriter_keyboard
38  n04557648           water_bottle
39  n04591713            wine_bottle
40  n06596364             comic_book
41  n07930864                    cup
+---+---+---+---+---+---+---+---+---+---+---+---+---+---+---+---+---+---+---+---
958
42
+---+---+---+---+---+---+---+---+---+---+---+---+---+---+---+---+---+---+---+---
chosen_classes_labels_names
['n01440764', 'n01443537', 'n01484850', 'n01491361', 'n01494475', 'n01496331', 'n01498041', 'n01514668', 'n01514859', 'n01518878', 'n01530575', 'n01531178', 'n01532829', 'n01534433', 'n01537544', 'n01558993', 'n01560419', 'n01580077', 'n01582220', 'n01592084', 'n01601694', 'n01608432', 'n01614925', 'n01616318', 'n01622779', 'n01629819', 'n01630670', 'n01631663', 'n01632458', 'n01632777', 'n01641577', 'n01644373', 'n01644900', 'n01664065', 'n01665541', 'n01667114', 'n01667778', 'n01669191', 'n01675722', 'n01677366', 'n01682714', 'n01685808', 'n01687978', 'n01688243', 'n01689811', 'n01692333', 'n01693334', 'n01694178', 'n01695060', 'n01697457', 'n01698640', 'n01704323', 'n01728572', 'n01728920', 'n01729322', 'n01729977', 'n01734418', 'n01735189', 'n01737021', 'n01739381', 'n01740131', 'n01742172', 'n01744401', 'n01748264', 'n01749939', 'n01751748', 'n01753488', 'n01755581', 'n01756291', 'n01768244', 'n01770081', 'n01770393', 'n01773157', 'n01773549', 'n01773797', 'n01774384', 'n01774750', 'n01775062', 'n01776313', 'n01784675', 'n01795545', 'n01796340', 'n01797886', 'n01798484', 'n01806143', 'n01806567', 'n01807496', 'n01817953', 'n01818515', 'n01819313', 'n01820546', 'n01824575', 'n01828970', 'n01829413', 'n01833805', 'n01843065', 'n01843383', 'n01847000', 'n01855032', 'n01855672', 'n01860187', 'n01871265', 'n01872401', 'n01873310', 'n01877812', 'n01882714', 'n01883070', 'n01910747', 'n01914609', 'n01917289', 'n01924916', 'n01930112', 'n01943899', 'n01944390', 'n01945685', 'n01950731', 'n01955084', 'n01968897', 'n01978287', 'n01978455', 'n01980166', 'n01981276', 'n01983481', 'n01984695', 'n01985128', 'n01986214', 'n01990800', 'n02002556', 'n02002724', 'n02006656', 'n02007558', 'n02009229', 'n02009912', 'n02011460', 'n02012849', 'n02013706', 'n02017213', 'n02018207', 'n02018795', 'n02025239', 'n02027492', 'n02028035', 'n02033041', 'n02037110', 'n02051845', 'n02056570', 'n02058221', 'n02066245', 'n02071294', 'n02074367', 'n02077923', 'n02085620', 'n02085782', 'n02085936', 'n02086079', 'n02086240', 'n02086646', 'n02086910', 'n02087046', 'n02087394', 'n02088094', 'n02088238', 'n02088364', 'n02088466', 'n02088632', 'n02089078', 'n02089867', 'n02089973', 'n02090379', 'n02090622', 'n02090721', 'n02091032', 'n02091134', 'n02091244', 'n02091467', 'n02091635', 'n02091831', 'n02092002', 'n02092339', 'n02093256', 'n02093428', 'n02093647', 'n02093754', 'n02093859', 'n02093991', 'n02094114', 'n02094258', 'n02094433', 'n02095314', 'n02095570', 'n02095889', 'n02096051', 'n02096177', 'n02096294', 'n02096437', 'n02096585', 'n02097047', 'n02097130', 'n02097209', 'n02097298', 'n02097474', 'n02097658', 'n02098105', 'n02098286', 'n02098413', 'n02099267', 'n02099429', 'n02099601', 'n02099712', 'n02099849', 'n02100236', 'n02100583', 'n02100735', 'n02100877', 'n02101006', 'n02101388', 'n02101556', 'n02102040', 'n02102177', 'n02102318', 'n02102480', 'n02102973', 'n02104029', 'n02104365', 'n02105056', 'n02105162', 'n02105251', 'n02105412', 'n02105505', 'n02105641', 'n02105855', 'n02106030', 'n02106166', 'n02106382', 'n02106550', 'n02106662', 'n02107142', 'n02107312', 'n02107574', 'n02107683', 'n02107908', 'n02108000', 'n02108089', 'n02108422', 'n02108551', 'n02108915', 'n02109047', 'n02109525', 'n02109961', 'n02110063', 'n02110185', 'n02110341', 'n02110627', 'n02110806', 'n02110958', 'n02111129', 'n02111277', 'n02111500', 'n02111889', 'n02112018', 'n02112137', 'n02112350', 'n02112706', 'n02113023', 'n02113186', 'n02113624', 'n02113712', 'n02113799', 'n02113978', 'n02114367', 'n02114548', 'n02114712', 'n02114855', 'n02115641', 'n02115913', 'n02116738', 'n02117135', 'n02119022', 'n02119789', 'n02120079', 'n02120505', 'n02123045', 'n02123159', 'n02123394', 'n02123597', 'n02124075', 'n02125311', 'n02127052', 'n02128385', 'n02128757', 'n02128925', 'n02129165', 'n02129604', 'n02130308', 'n02132136', 'n02133161', 'n02134084', 'n02134418', 'n02137549', 'n02138441', 'n02165105', 'n02165456', 'n02167151', 'n02168699', 'n02169497', 'n02172182', 'n02174001', 'n02177972', 'n02190166', 'n02206856', 'n02219486', 'n02226429', 'n02229544', 'n02231487', 'n02233338', 'n02236044', 'n02256656', 'n02259212', 'n02264363', 'n02268443', 'n02268853', 'n02276258', 'n02277742', 'n02279972', 'n02280649', 'n02281406', 'n02281787', 'n02317335', 'n02319095', 'n02321529', 'n02325366', 'n02326432', 'n02328150', 'n02342885', 'n02346627', 'n02356798', 'n02361337', 'n02363005', 'n02364673', 'n02389026', 'n02391049', 'n02395406', 'n02396427', 'n02397096', 'n02398521', 'n02403003', 'n02408429', 'n02410509', 'n02412080', 'n02415577', 'n02417914', 'n02422106', 'n02422699', 'n02423022', 'n02437312', 'n02437616', 'n02441942', 'n02442845', 'n02443114', 'n02443484', 'n02444819', 'n02445715', 'n02447366', 'n02454379', 'n02457408', 'n02480495', 'n02480855', 'n02481823', 'n02483362', 'n02483708', 'n02484975', 'n02486261', 'n02486410', 'n02487347', 'n02488291', 'n02488702', 'n02489166', 'n02490219', 'n02492035', 'n02492660', 'n02493509', 'n02493793', 'n02494079', 'n02497673', 'n02500267', 'n02504013', 'n02504458', 'n02509815', 'n02510455', 'n02514041', 'n02526121', 'n02536864', 'n02606052', 'n02607072', 'n02640242', 'n02641379', 'n02643566', 'n02655020', 'n02666196', 'n02667093', 'n02669723', 'n02672831', 'n02676566', 'n02687172', 'n02690373', 'n02692877', 'n02699494', 'n02701002', 'n02704792', 'n02708093', 'n02727426', 'n02730930', 'n02747177', 'n02749479', 'n02769748', 'n02776631', 'n02777292', 'n02782093', 'n02783161', 'n02786058', 'n02787622', 'n02788148', 'n02790996', 'n02791270', 'n02793495', 'n02794156', 'n02795169', 'n02797295', 'n02799071', 'n02802426', 'n02804414', 'n02804610', 'n02807133', 'n02808304', 'n02808440', 'n02814533', 'n02814860', 'n02815834', 'n02817516', 'n02823750', 'n02825657', 'n02834397', 'n02837789', 'n02841315', 'n02843684', 'n02859443', 'n02860847', 'n02865351', 'n02869837', 'n02871525', 'n02879718', 'n02883205', 'n02892201', 'n02892767', 'n02894605', 'n02895154', 'n02906734', 'n02909870', 'n02910353', 'n02916936', 'n02917067', 'n02927161', 'n02930766', 'n02939185', 'n02948072', 'n02950826', 'n02951358', 'n02951585', 'n02963159', 'n02965783', 'n02966193', 'n02966687', 'n02971356', 'n02974003', 'n02977058', 'n02978881', 'n02979186', 'n02980441', 'n02981792', 'n02988304', 'n02992211', 'n02999410', 'n03000134', 'n03000247', 'n03000684', 'n03014705', 'n03016953', 'n03017168', 'n03026506', 'n03028079', 'n03032252', 'n03041632', 'n03042490', 'n03045698', 'n03047690', 'n03062245', 'n03063689', 'n03065424', 'n03075370', 'n03089624', 'n03095699', 'n03100240', 'n03109150', 'n03110669', 'n03124043', 'n03124170', 'n03125729', 'n03126707', 'n03127925', 'n03131574', 'n03133878', 'n03134739', 'n03141823', 'n03146219', 'n03160309', 'n03179701', 'n03188531', 'n03196217', 'n03197337', 'n03201208', 'n03207743', 'n03207941', 'n03208938', 'n03216828', 'n03218198', 'n03220513', 'n03223299', 'n03240683', 'n03249569', 'n03250847', 'n03255030', 'n03259280', 'n03271574', 'n03272010', 'n03272562', 'n03290653', 'n03291819', 'n03297495', 'n03314780', 'n03325584', 'n03337140', 'n03344393', 'n03345487', 'n03347037', 'n03355925', 'n03372029', 'n03384352', 'n03388043', 'n03388549', 'n03393912', 'n03394916', 'n03400231', 'n03404251', 'n03417042', 'n03424325', 'n03425413', 'n03443371', 'n03444034', 'n03445777', 'n03445924', 'n03447447', 'n03447721', 'n03450230', 'n03452741', 'n03457902', 'n03459775', 'n03461385', 'n03467068', 'n03476684', 'n03476991', 'n03478589', 'n03481172', 'n03482405', 'n03483316', 'n03485794', 'n03492542', 'n03494278', 'n03495258', 'n03496892', 'n03498962', 'n03527444', 'n03529860', 'n03530642', 'n03532672', 'n03534580', 'n03535780', 'n03538406', 'n03544143', 'n03584254', 'n03584829', 'n03590841', 'n03594734', 'n03594945', 'n03595614', 'n03598930', 'n03599486', 'n03602883', 'n03617480', 'n03623198', 'n03627232', 'n03630383', 'n03633091', 'n03649909', 'n03657121', 'n03658185', 'n03661043', 'n03662601', 'n03666591', 'n03670208', 'n03673027', 'n03676483', 'n03680355', 'n03690938', 'n03692522', 'n03697007', 'n03706229', 'n03709823', 'n03710193', 'n03710637', 'n03710721', 'n03717622', 'n03720891', 'n03721384', 'n03724870', 'n03729826', 'n03733131', 'n03733281', 'n03733805', 'n03743016', 'n03761084', 'n03763968', 'n03764736', 'n03769881', 'n03770439', 'n03770679', 'n03773504', 'n03775071', 'n03775546', 'n03776460', 'n03777568', 'n03777754', 'n03781244', 'n03786901', 'n03787032', 'n03788195', 'n03788365', 'n03791053', 'n03792972', 'n03794056', 'n03796401', 'n03803284', 'n03804744', 'n03814639', 'n03814906', 'n03825788', 'n03837869', 'n03838899', 'n03840681', 'n03841143', 'n03843555', 'n03854065', 'n03857828', 'n03866082', 'n03868242', 'n03868863', 'n03871628', 'n03873416', 'n03874293', 'n03874599', 'n03876231', 'n03877472', 'n03877845', 'n03884397', 'n03887697', 'n03888257', 'n03888605', 'n03891251', 'n03891332', 'n03895866', 'n03899768', 'n03903868', 'n03908618', 'n03908714', 'n03916031', 'n03920288', 'n03924679', 'n03929660', 'n03929855', 'n03930313', 'n03930630', 'n03933933', 'n03935335', 'n03938244', 'n03942813', 'n03944341', 'n03947888', 'n03950228', 'n03954731', 'n03956157', 'n03958227', 'n03961711', 'n03967562', 'n03970156', 'n03976467', 'n03976657', 'n03977966', 'n03980874', 'n03982430', 'n03991062', 'n03992509', 'n03995372', 'n03998194', 'n04005630', 'n04008634', 'n04019541', 'n04023962', 'n04026417', 'n04033901', 'n04033995', 'n04037443', 'n04039381', 'n04040759', 'n04041544', 'n04044716', 'n04049303', 'n04065272', 'n04067472', 'n04069434', 'n04070727', 'n04074963', 'n04081281', 'n04086273', 'n04090263', 'n04111531', 'n04116512', 'n04118538', 'n04118776', 'n04120489', 'n04125021', 'n04127249', 'n04131690', 'n04133789', 'n04136333', 'n04141076', 'n04141327', 'n04141975', 'n04146614', 'n04147183', 'n04149813', 'n04153751', 'n04154565', 'n04162706', 'n04179913', 'n04192698', 'n04200800', 'n04201297', 'n04204238', 'n04204347', 'n04208210', 'n04209133', 'n04209239', 'n04228054', 'n04229816', 'n04235860', 'n04238763', 'n04239074', 'n04243546', 'n04251144', 'n04252077', 'n04252225', 'n04254120', 'n04254680', 'n04254777', 'n04258138', 'n04259630', 'n04263257', 'n04264628', 'n04265275', 'n04266014', 'n04270147', 'n04273569', 'n04275548', 'n04277352', 'n04285008', 'n04296562', 'n04310018', 'n04311004', 'n04311174', 'n04317175', 'n04325704', 'n04326547', 'n04328186', 'n04330267', 'n04332243', 'n04335435', 'n04336792', 'n04344873', 'n04346328', 'n04347754', 'n04350905', 'n04355338', 'n04355933', 'n04356056', 'n04357314', 'n04366367', 'n04367480', 'n04370456', 'n04371430', 'n04371774', 'n04372370', 'n04376876', 'n04389033', 'n04392985', 'n04398044', 'n04399382', 'n04404412', 'n04409515', 'n04417672', 'n04418357', 'n04423845', 'n04428191', 'n04429376', 'n04435653', 'n04442312', 'n04443257', 'n04447861', 'n04456115', 'n04458633', 'n04461696', 'n04462240', 'n04465501', 'n04467665', 'n04479046', 'n04482393', 'n04483307', 'n04485082', 'n04486054', 'n04487081', 'n04487394', 'n04493381', 'n04501370', 'n04507155', 'n04509417', 'n04515003', 'n04517823', 'n04522168', 'n04523525', 'n04525038', 'n04525305', 'n04532106', 'n04532670', 'n04536866', 'n04540053', 'n04542943', 'n04548280', 'n04548362', 'n04550184', 'n04552348', 'n04553703', 'n04554684', 'n04560804', 'n04562935', 'n04579145', 'n04579432', 'n04584207', 'n04589890', 'n04590129', 'n04591157', 'n04592741', 'n04596742', 'n04597913', 'n04599235', 'n04604644', 'n04606251', 'n04612504', 'n04613696', 'n06359193', 'n06785654', 'n06794110', 'n06874185', 'n07248320', 'n07565083', 'n07579787', 'n07583066', 'n07584110', 'n07590611', 'n07613480', 'n07614500', 'n07615774', 'n07684084', 'n07693725', 'n07695742', 'n07697313', 'n07697537', 'n07711569', 'n07714571', 'n07714990', 'n07715103', 'n07716358', 'n07716906', 'n07717410', 'n07717556', 'n07718472', 'n07718747', 'n07720875', 'n07730033', 'n07734744', 'n07742313', 'n07745940', 'n07747607', 'n07749582', 'n07753113', 'n07753275', 'n07753592', 'n07754684', 'n07760859', 'n07768694', 'n07802026', 'n07831146', 'n07836838', 'n07860988', 'n07871810', 'n07873807', 'n07875152', 'n07880968', 'n07892512', 'n07920052', 'n07932039', 'n09193705', 'n09229709', 'n09246464', 'n09256479', 'n09288635', 'n09332890', 'n09399592', 'n09421951', 'n09428293', 'n09468604', 'n09472597', 'n09835506', 'n10148035', 'n10565667', 'n11879895', 'n11939491', 'n12057211', 'n12144580', 'n12267677', 'n12620546', 'n12768682', 'n12985857', 'n12998815', 'n13037406', 'n13040303', 'n13044778', 'n13052670', 'n13054560', 'n13133613', 'n15075141']
1226767
train_datast length is 1226767
47897
valid_dataset length is 47897
{0: 0, 1: 1, 2: 2, 3: 3, 4: 4, 5: 5, 6: 6, 7: 7, 8: 8, 9: 9, 10: 10, 11: 11, 12: 12, 13: 13, 14: 14, 15: 15, 16: 16, 17: 17, 18: 18, 19: 19, 20: 20, 21: 21, 22: 22, 23: 23, 24: 24, 25: 25, 26: 26, 27: 27, 28: 28, 29: 29, 30: 30, 31: 31, 32: 32, 33: 33, 34: 34, 35: 35, 36: 36, 37: 37, 38: 38, 39: 39, 40: 40, 41: 41, 42: 42, 43: 43, 44: 44, 45: 45, 46: 46, 47: 47, 48: 48, 49: 49, 50: 50, 51: 51, 52: 52, 53: 53, 54: 54, 55: 55, 56: 56, 57: 57, 58: 58, 59: 59, 60: 60, 61: 61, 62: 62, 63: 63, 64: 64, 65: 65, 66: 66, 67: 67, 68: 68, 69: 69, 70: 70, 71: 71, 72: 72, 73: 73, 74: 74, 75: 75, 76: 76, 77: 77, 78: 78, 79: 79, 80: 80, 81: 81, 82: 82, 83: 83, 84: 84, 85: 85, 86: 86, 87: 87, 88: 88, 89: 89, 90: 90, 91: 91, 92: 92, 93: 93, 94: 94, 95: 95, 96: 96, 97: 97, 98: 98, 99: 99, 100: 100, 101: 101, 102: 102, 103: 103, 104: 104, 105: 105, 106: 106, 107: 107, 108: 108, 109: 109, 110: 110, 111: 111, 112: 112, 113: 113, 114: 114, 115: 115, 116: 116, 117: 117, 118: 118, 119: 119, 120: 120, 121: 121, 122: 122, 123: 123, 124: 124, 125: 125, 126: 126, 127: 127, 128: 128, 129: 129, 130: 130, 131: 131, 132: 132, 133: 133, 134: 134, 135: 135, 136: 136, 137: 137, 138: 138, 139: 139, 140: 140, 141: 141, 142: 142, 143: 143, 144: 144, 145: 145, 146: 146, 147: 147, 148: 148, 149: 149, 150: 150, 151: 151, 152: 152, 153: 153, 154: 154, 155: 155, 156: 156, 157: 157, 158: 158, 159: 159, 160: 160, 161: 161, 162: 162, 163: 163, 164: 164, 165: 165, 166: 166, 167: 167, 168: 168, 169: 169, 170: 170, 171: 171, 172: 172, 173: 173, 174: 174, 175: 175, 176: 176, 177: 177, 178: 178, 179: 179, 180: 180, 181: 181, 182: 182, 183: 183, 184: 184, 185: 185, 186: 186, 187: 187, 188: 188, 189: 189, 190: 190, 191: 191, 192: 192, 193: 193, 194: 194, 195: 195, 196: 196, 197: 197, 198: 198, 199: 199, 200: 200, 201: 201, 202: 202, 203: 203, 204: 204, 205: 205, 206: 206, 207: 207, 208: 208, 209: 209, 210: 210, 211: 211, 212: 212, 213: 213, 214: 214, 215: 215, 216: 216, 217: 217, 218: 218, 219: 219, 220: 220, 221: 221, 222: 222, 223: 223, 224: 224, 225: 225, 226: 226, 227: 227, 228: 228, 229: 229, 230: 230, 231: 231, 232: 232, 233: 233, 234: 234, 235: 235, 236: 236, 237: 237, 238: 238, 239: 239, 240: 240, 241: 241, 242: 242, 243: 243, 244: 244, 245: 245, 246: 246, 247: 247, 248: 248, 249: 249, 250: 250, 251: 251, 252: 252, 253: 253, 254: 254, 255: 255, 256: 256, 257: 257, 258: 258, 259: 259, 260: 260, 261: 261, 262: 262, 263: 263, 264: 264, 265: 265, 266: 266, 267: 267, 268: 268, 269: 269, 270: 270, 271: 271, 272: 272, 273: 273, 274: 274, 275: 275, 276: 276, 277: 277, 278: 278, 279: 279, 280: 280, 281: 281, 282: 282, 283: 283, 284: 284, 285: 285, 286: 286, 287: 287, 288: 288, 289: 289, 290: 290, 291: 291, 292: 292, 293: 293, 294: 294, 295: 295, 296: 296, 297: 297, 298: 298, 299: 299, 300: 300, 301: 301, 302: 302, 303: 303, 304: 304, 305: 305, 306: 306, 307: 307, 308: 308, 309: 309, 310: 310, 311: 311, 312: 312, 313: 313, 314: 314, 315: 315, 316: 316, 317: 317, 318: 318, 319: 319, 320: 320, 321: 321, 322: 322, 323: 323, 324: 324, 325: 325, 326: 326, 327: 327, 328: 328, 329: 329, 330: 330, 331: 331, 332: 332, 333: 333, 334: 334, 335: 335, 336: 336, 337: 337, 338: 338, 339: 339, 340: 340, 341: 341, 342: 342, 343: 343, 344: 344, 345: 345, 346: 346, 347: 347, 348: 348, 349: 349, 350: 350, 351: 351, 352: 352, 353: 353, 354: 354, 355: 355, 356: 356, 357: 357, 358: 358, 359: 359, 360: 360, 361: 361, 362: 362, 363: 363, 364: 364, 365: 365, 366: 366, 367: 367, 368: 368, 369: 369, 370: 370, 371: 371, 372: 372, 373: 373, 374: 374, 375: 375, 376: 376, 377: 377, 378: 378, 379: 379, 380: 380, 381: 381, 382: 382, 383: 383, 384: 384, 385: 385, 386: 386, 387: 387, 388: 388, 389: 389, 390: 390, 391: 391, 392: 392, 393: 393, 394: 394, 395: 395, 396: 396, 397: 397, 398: 398, 399: 399, 400: 400, 401: 401, 402: 402, 403: 403, 404: 404, 405: 405, 406: 406, 407: 407, 408: 408, 409: 409, 410: 410, 411: 411, 412: 412, 413: 413, 414: 414, 415: 415, 416: 416, 417: 417, 418: 418, 419: 419, 420: 420, 421: 421, 422: 422, 424: 423, 425: 424, 426: 425, 427: 426, 428: 427, 429: 428, 430: 429, 431: 430, 432: 431, 433: 432, 434: 433, 435: 434, 436: 435, 437: 436, 438: 437, 439: 438, 441: 439, 442: 440, 443: 441, 445: 442, 447: 443, 448: 444, 449: 445, 450: 446, 451: 447, 452: 448, 454: 449, 456: 450, 457: 451, 458: 452, 459: 453, 460: 454, 461: 455, 462: 456, 463: 457, 464: 458, 465: 459, 466: 460, 467: 461, 468: 462, 469: 463, 470: 464, 471: 465, 472: 466, 473: 467, 474: 468, 475: 469, 476: 470, 477: 471, 478: 472, 479: 473, 480: 474, 481: 475, 482: 476, 483: 477, 484: 478, 485: 479, 486: 480, 488: 481, 489: 482, 490: 483, 491: 484, 492: 485, 493: 486, 494: 487, 496: 488, 497: 489, 498: 490, 499: 491, 500: 492, 501: 493, 502: 494, 503: 495, 505: 496, 506: 497, 507: 498, 509: 499, 510: 500, 511: 501, 512: 502, 513: 503, 514: 504, 515: 505, 516: 506, 517: 507, 519: 508, 520: 509, 521: 510, 522: 511, 523: 512, 524: 513, 525: 514, 526: 515, 529: 516, 530: 517, 531: 518, 532: 519, 533: 520, 534: 521, 535: 522, 536: 523, 537: 524, 538: 525, 539: 526, 540: 527, 541: 528, 542: 529, 543: 530, 544: 531, 545: 532, 546: 533, 547: 534, 548: 535, 549: 536, 550: 537, 551: 538, 552: 539, 553: 540, 554: 541, 555: 542, 556: 543, 557: 544, 558: 545, 561: 546, 562: 547, 564: 548, 565: 549, 566: 550, 567: 551, 568: 552, 569: 553, 570: 554, 571: 555, 572: 556, 573: 557, 574: 558, 575: 559, 576: 560, 577: 561, 578: 562, 579: 563, 580: 564, 581: 565, 582: 566, 583: 567, 584: 568, 585: 569, 586: 570, 587: 571, 588: 572, 589: 573, 591: 574, 592: 575, 593: 576, 594: 577, 595: 578, 596: 579, 597: 580, 598: 581, 599: 582, 600: 583, 601: 584, 602: 585, 603: 586, 604: 587, 605: 588, 606: 589, 607: 590, 608: 591, 609: 592, 610: 593, 611: 594, 612: 595, 613: 596, 614: 597, 615: 598, 616: 599, 617: 600, 618: 601, 621: 602, 622: 603, 623: 604, 624: 605, 625: 606, 626: 607, 627: 608, 628: 609, 629: 610, 630: 611, 631: 612, 633: 613, 634: 614, 635: 615, 636: 616, 637: 617, 638: 618, 639: 619, 640: 620, 641: 621, 642: 622, 643: 623, 644: 624, 645: 625, 646: 626, 647: 627, 649: 628, 651: 629, 652: 630, 653: 631, 654: 632, 655: 633, 656: 634, 657: 635, 658: 636, 659: 637, 660: 638, 661: 639, 662: 640, 663: 641, 666: 642, 667: 643, 668: 644, 669: 645, 670: 646, 672: 647, 674: 648, 675: 649, 676: 650, 677: 651, 678: 652, 679: 653, 680: 654, 682: 655, 683: 656, 684: 657, 685: 658, 686: 659, 687: 660, 688: 661, 689: 662, 690: 663, 691: 664, 692: 665, 693: 666, 694: 667, 695: 668, 696: 669, 697: 670, 698: 671, 699: 672, 700: 673, 701: 674, 702: 675, 703: 676, 704: 677, 705: 678, 706: 679, 708: 680, 709: 681, 710: 682, 711: 683, 712: 684, 713: 685, 714: 686, 715: 687, 716: 688, 717: 689, 718: 690, 719: 691, 721: 692, 722: 693, 723: 694, 724: 695, 725: 696, 726: 697, 727: 698, 728: 699, 729: 700, 730: 701, 731: 702, 732: 703, 733: 704, 734: 705, 735: 706, 736: 707, 738: 708, 739: 709, 740: 710, 741: 711, 743: 712, 744: 713, 746: 714, 747: 715, 748: 716, 749: 717, 750: 718, 751: 719, 752: 720, 753: 721, 754: 722, 755: 723, 756: 724, 757: 725, 758: 726, 759: 727, 760: 728, 761: 729, 762: 730, 763: 731, 764: 732, 766: 733, 767: 734, 768: 735, 769: 736, 770: 737, 771: 738, 772: 739, 773: 740, 774: 741, 775: 742, 776: 743, 777: 744, 778: 745, 779: 746, 780: 747, 781: 748, 783: 749, 784: 750, 785: 751, 786: 752, 787: 753, 788: 754, 789: 755, 790: 756, 791: 757, 792: 758, 793: 759, 794: 760, 795: 761, 796: 762, 797: 763, 798: 764, 799: 765, 800: 766, 801: 767, 802: 768, 803: 769, 804: 770, 805: 771, 806: 772, 807: 773, 808: 774, 809: 775, 810: 776, 811: 777, 812: 778, 813: 779, 814: 780, 815: 781, 816: 782, 817: 783, 819: 784, 820: 785, 821: 786, 822: 787, 823: 788, 824: 789, 825: 790, 826: 791, 827: 792, 828: 793, 829: 794, 830: 795, 831: 796, 832: 797, 833: 798, 834: 799, 835: 800, 836: 801, 837: 802, 838: 803, 839: 804, 840: 805, 841: 806, 842: 807, 843: 808, 844: 809, 845: 810, 847: 811, 848: 812, 849: 813, 850: 814, 851: 815, 852: 816, 853: 817, 854: 818, 855: 819, 856: 820, 857: 821, 858: 822, 859: 823, 860: 824, 861: 825, 862: 826, 863: 827, 864: 828, 865: 829, 866: 830, 867: 831, 869: 832, 870: 833, 871: 834, 872: 835, 873: 836, 874: 837, 875: 838, 876: 839, 877: 840, 879: 841, 880: 842, 881: 843, 882: 844, 883: 845, 884: 846, 885: 847, 886: 848, 887: 849, 888: 850, 889: 851, 890: 852, 891: 853, 892: 854, 893: 855, 894: 856, 895: 857, 896: 858, 897: 859, 899: 860, 900: 861, 901: 862, 902: 863, 903: 864, 904: 865, 905: 866, 906: 867, 908: 868, 909: 869, 910: 870, 911: 871, 912: 872, 913: 873, 914: 874, 915: 875, 916: 876, 918: 877, 919: 878, 920: 879, 921: 880, 922: 881, 923: 882, 924: 883, 925: 884, 926: 885, 927: 886, 928: 887, 929: 888, 930: 889, 931: 890, 932: 891, 933: 892, 934: 893, 935: 894, 936: 895, 937: 896, 938: 897, 939: 898, 940: 899, 941: 900, 942: 901, 943: 902, 944: 903, 945: 904, 946: 905, 947: 906, 948: 907, 949: 908, 950: 909, 951: 910, 952: 911, 953: 912, 954: 913, 955: 914, 956: 915, 957: 916, 958: 917, 959: 918, 960: 919, 961: 920, 962: 921, 963: 922, 964: 923, 965: 924, 966: 925, 967: 926, 969: 927, 970: 928, 971: 929, 972: 930, 973: 931, 974: 932, 975: 933, 976: 934, 977: 935, 978: 936, 979: 937, 980: 938, 981: 939, 982: 940, 983: 941, 984: 942, 985: 943, 986: 944, 987: 945, 988: 946, 989: 947, 990: 948, 991: 949, 992: 950, 993: 951, 994: 952, 995: 953, 996: 954, 997: 955, 998: 956, 999: 957}
training set
4793
validating  set
375
Use GPU: 0 for training
when creating the model, the number of classes are
958
=> using pre-trained model 'alexnet_cdan'
the number of classes are 958
Adjusting learning rate of group 0 to 1.0000e-02.
----------------------------------------
training directory:/data/gpfs/datasets/Imagenet/train_blurred

validating directory:/data/gpfs/datasets/Imagenet/val_blurred

----------------------------------------
Dataset ImageFolder
    Number of datapoints: 1281066
    Root location: /data/gpfs/datasets/Imagenet/train_blurred
    StandardTransform
Transform: Compose(
               RandomHorizontalFlip(p=0.5)
               Resize(size=256, interpolation=bilinear, max_size=None, antialias=None)
               RandomResizedCrop(size=(227, 227), scale=(0.08, 1.0), ratio=(0.75, 1.3333), interpolation=bilinear)
               ToTensor()
               Normalize(mean=[0.485, 0.456, 0.406], std=[0.229, 0.224, 0.225])
           )
----------------------------------------
Dataset ImageFolder
    Number of datapoints: 49997
    Root location: /data/gpfs/datasets/Imagenet/val_blurred
    StandardTransform
Transform: Compose(
               RandomHorizontalFlip(p=0.5)
               Resize(size=256, interpolation=bilinear, max_size=None, antialias=None)
               RandomResizedCrop(size=(227, 227), scale=(0.08, 1.0), ratio=(0.75, 1.3333), interpolation=bilinear)
               ToTensor()
           )
----------------------------------------
            0                      1
0   n02791124           barber_chair
1   n02823428            beer_bottle
2   n02835271  bicycle-built-for-two
3   n02840245                 binder
4   n02870880               bookcase
5   n02877765              bottlecap
6   n02992529     cellular_telephone
7   n03018349          china_cabinet
8   n03063599             coffee_mug
9   n03085013      computer_keyboard
10  n03127747           crash_helmet
11  n03180011       desktop_computer
12  n03187595         dial_telephone
13  n03376595          folding_chair
14  n03379051        football_helmet
15  n03388183           fountain_pen
16  n03485407     hand-held_computer
17  n03637318              lampshade
18  n03642806                 laptop
19  n03691459            loudspeaker
20  n03742115         medicine_chest
21  n03759954             microphone
22  n03782006                monitor
23  n03785016                  moped
24  n03792782          mountain_bike
25  n03793489                  mouse
26  n03832673               notebook
27  n03902125              pay-phone
28  n03937543            pill_bottle
29  n03983396             pop_bottle
30  n04004767                printer
31  n04009552              projector
32  n04099969          rocking_chair
33  n04152593                 screen
34  n04286575              spotlight
35  n04380533             table_lamp
36  n04476259                   tray
37  n04505470    typewriter_keyboard
38  n04557648           water_bottle
39  n04591713            wine_bottle
40  n06596364             comic_book
41  n07930864                    cup
+---+---+---+---+---+---+---+---+---+---+---+---+---+---+---+---+---+---+---+---
958
42
+---+---+---+---+---+---+---+---+---+---+---+---+---+---+---+---+---+---+---+---
chosen_classes_labels_names
['n01440764', 'n01443537', 'n01484850', 'n01491361', 'n01494475', 'n01496331', 'n01498041', 'n01514668', 'n01514859', 'n01518878', 'n01530575', 'n01531178', 'n01532829', 'n01534433', 'n01537544', 'n01558993', 'n01560419', 'n01580077', 'n01582220', 'n01592084', 'n01601694', 'n01608432', 'n01614925', 'n01616318', 'n01622779', 'n01629819', 'n01630670', 'n01631663', 'n01632458', 'n01632777', 'n01641577', 'n01644373', 'n01644900', 'n01664065', 'n01665541', 'n01667114', 'n01667778', 'n01669191', 'n01675722', 'n01677366', 'n01682714', 'n01685808', 'n01687978', 'n01688243', 'n01689811', 'n01692333', 'n01693334', 'n01694178', 'n01695060', 'n01697457', 'n01698640', 'n01704323', 'n01728572', 'n01728920', 'n01729322', 'n01729977', 'n01734418', 'n01735189', 'n01737021', 'n01739381', 'n01740131', 'n01742172', 'n01744401', 'n01748264', 'n01749939', 'n01751748', 'n01753488', 'n01755581', 'n01756291', 'n01768244', 'n01770081', 'n01770393', 'n01773157', 'n01773549', 'n01773797', 'n01774384', 'n01774750', 'n01775062', 'n01776313', 'n01784675', 'n01795545', 'n01796340', 'n01797886', 'n01798484', 'n01806143', 'n01806567', 'n01807496', 'n01817953', 'n01818515', 'n01819313', 'n01820546', 'n01824575', 'n01828970', 'n01829413', 'n01833805', 'n01843065', 'n01843383', 'n01847000', 'n01855032', 'n01855672', 'n01860187', 'n01871265', 'n01872401', 'n01873310', 'n01877812', 'n01882714', 'n01883070', 'n01910747', 'n01914609', 'n01917289', 'n01924916', 'n01930112', 'n01943899', 'n01944390', 'n01945685', 'n01950731', 'n01955084', 'n01968897', 'n01978287', 'n01978455', 'n01980166', 'n01981276', 'n01983481', 'n01984695', 'n01985128', 'n01986214', 'n01990800', 'n02002556', 'n02002724', 'n02006656', 'n02007558', 'n02009229', 'n02009912', 'n02011460', 'n02012849', 'n02013706', 'n02017213', 'n02018207', 'n02018795', 'n02025239', 'n02027492', 'n02028035', 'n02033041', 'n02037110', 'n02051845', 'n02056570', 'n02058221', 'n02066245', 'n02071294', 'n02074367', 'n02077923', 'n02085620', 'n02085782', 'n02085936', 'n02086079', 'n02086240', 'n02086646', 'n02086910', 'n02087046', 'n02087394', 'n02088094', 'n02088238', 'n02088364', 'n02088466', 'n02088632', 'n02089078', 'n02089867', 'n02089973', 'n02090379', 'n02090622', 'n02090721', 'n02091032', 'n02091134', 'n02091244', 'n02091467', 'n02091635', 'n02091831', 'n02092002', 'n02092339', 'n02093256', 'n02093428', 'n02093647', 'n02093754', 'n02093859', 'n02093991', 'n02094114', 'n02094258', 'n02094433', 'n02095314', 'n02095570', 'n02095889', 'n02096051', 'n02096177', 'n02096294', 'n02096437', 'n02096585', 'n02097047', 'n02097130', 'n02097209', 'n02097298', 'n02097474', 'n02097658', 'n02098105', 'n02098286', 'n02098413', 'n02099267', 'n02099429', 'n02099601', 'n02099712', 'n02099849', 'n02100236', 'n02100583', 'n02100735', 'n02100877', 'n02101006', 'n02101388', 'n02101556', 'n02102040', 'n02102177', 'n02102318', 'n02102480', 'n02102973', 'n02104029', 'n02104365', 'n02105056', 'n02105162', 'n02105251', 'n02105412', 'n02105505', 'n02105641', 'n02105855', 'n02106030', 'n02106166', 'n02106382', 'n02106550', 'n02106662', 'n02107142', 'n02107312', 'n02107574', 'n02107683', 'n02107908', 'n02108000', 'n02108089', 'n02108422', 'n02108551', 'n02108915', 'n02109047', 'n02109525', 'n02109961', 'n02110063', 'n02110185', 'n02110341', 'n02110627', 'n02110806', 'n02110958', 'n02111129', 'n02111277', 'n02111500', 'n02111889', 'n02112018', 'n02112137', 'n02112350', 'n02112706', 'n02113023', 'n02113186', 'n02113624', 'n02113712', 'n02113799', 'n02113978', 'n02114367', 'n02114548', 'n02114712', 'n02114855', 'n02115641', 'n02115913', 'n02116738', 'n02117135', 'n02119022', 'n02119789', 'n02120079', 'n02120505', 'n02123045', 'n02123159', 'n02123394', 'n02123597', 'n02124075', 'n02125311', 'n02127052', 'n02128385', 'n02128757', 'n02128925', 'n02129165', 'n02129604', 'n02130308', 'n02132136', 'n02133161', 'n02134084', 'n02134418', 'n02137549', 'n02138441', 'n02165105', 'n02165456', 'n02167151', 'n02168699', 'n02169497', 'n02172182', 'n02174001', 'n02177972', 'n02190166', 'n02206856', 'n02219486', 'n02226429', 'n02229544', 'n02231487', 'n02233338', 'n02236044', 'n02256656', 'n02259212', 'n02264363', 'n02268443', 'n02268853', 'n02276258', 'n02277742', 'n02279972', 'n02280649', 'n02281406', 'n02281787', 'n02317335', 'n02319095', 'n02321529', 'n02325366', 'n02326432', 'n02328150', 'n02342885', 'n02346627', 'n02356798', 'n02361337', 'n02363005', 'n02364673', 'n02389026', 'n02391049', 'n02395406', 'n02396427', 'n02397096', 'n02398521', 'n02403003', 'n02408429', 'n02410509', 'n02412080', 'n02415577', 'n02417914', 'n02422106', 'n02422699', 'n02423022', 'n02437312', 'n02437616', 'n02441942', 'n02442845', 'n02443114', 'n02443484', 'n02444819', 'n02445715', 'n02447366', 'n02454379', 'n02457408', 'n02480495', 'n02480855', 'n02481823', 'n02483362', 'n02483708', 'n02484975', 'n02486261', 'n02486410', 'n02487347', 'n02488291', 'n02488702', 'n02489166', 'n02490219', 'n02492035', 'n02492660', 'n02493509', 'n02493793', 'n02494079', 'n02497673', 'n02500267', 'n02504013', 'n02504458', 'n02509815', 'n02510455', 'n02514041', 'n02526121', 'n02536864', 'n02606052', 'n02607072', 'n02640242', 'n02641379', 'n02643566', 'n02655020', 'n02666196', 'n02667093', 'n02669723', 'n02672831', 'n02676566', 'n02687172', 'n02690373', 'n02692877', 'n02699494', 'n02701002', 'n02704792', 'n02708093', 'n02727426', 'n02730930', 'n02747177', 'n02749479', 'n02769748', 'n02776631', 'n02777292', 'n02782093', 'n02783161', 'n02786058', 'n02787622', 'n02788148', 'n02790996', 'n02791270', 'n02793495', 'n02794156', 'n02795169', 'n02797295', 'n02799071', 'n02802426', 'n02804414', 'n02804610', 'n02807133', 'n02808304', 'n02808440', 'n02814533', 'n02814860', 'n02815834', 'n02817516', 'n02823750', 'n02825657', 'n02834397', 'n02837789', 'n02841315', 'n02843684', 'n02859443', 'n02860847', 'n02865351', 'n02869837', 'n02871525', 'n02879718', 'n02883205', 'n02892201', 'n02892767', 'n02894605', 'n02895154', 'n02906734', 'n02909870', 'n02910353', 'n02916936', 'n02917067', 'n02927161', 'n02930766', 'n02939185', 'n02948072', 'n02950826', 'n02951358', 'n02951585', 'n02963159', 'n02965783', 'n02966193', 'n02966687', 'n02971356', 'n02974003', 'n02977058', 'n02978881', 'n02979186', 'n02980441', 'n02981792', 'n02988304', 'n02992211', 'n02999410', 'n03000134', 'n03000247', 'n03000684', 'n03014705', 'n03016953', 'n03017168', 'n03026506', 'n03028079', 'n03032252', 'n03041632', 'n03042490', 'n03045698', 'n03047690', 'n03062245', 'n03063689', 'n03065424', 'n03075370', 'n03089624', 'n03095699', 'n03100240', 'n03109150', 'n03110669', 'n03124043', 'n03124170', 'n03125729', 'n03126707', 'n03127925', 'n03131574', 'n03133878', 'n03134739', 'n03141823', 'n03146219', 'n03160309', 'n03179701', 'n03188531', 'n03196217', 'n03197337', 'n03201208', 'n03207743', 'n03207941', 'n03208938', 'n03216828', 'n03218198', 'n03220513', 'n03223299', 'n03240683', 'n03249569', 'n03250847', 'n03255030', 'n03259280', 'n03271574', 'n03272010', 'n03272562', 'n03290653', 'n03291819', 'n03297495', 'n03314780', 'n03325584', 'n03337140', 'n03344393', 'n03345487', 'n03347037', 'n03355925', 'n03372029', 'n03384352', 'n03388043', 'n03388549', 'n03393912', 'n03394916', 'n03400231', 'n03404251', 'n03417042', 'n03424325', 'n03425413', 'n03443371', 'n03444034', 'n03445777', 'n03445924', 'n03447447', 'n03447721', 'n03450230', 'n03452741', 'n03457902', 'n03459775', 'n03461385', 'n03467068', 'n03476684', 'n03476991', 'n03478589', 'n03481172', 'n03482405', 'n03483316', 'n03485794', 'n03492542', 'n03494278', 'n03495258', 'n03496892', 'n03498962', 'n03527444', 'n03529860', 'n03530642', 'n03532672', 'n03534580', 'n03535780', 'n03538406', 'n03544143', 'n03584254', 'n03584829', 'n03590841', 'n03594734', 'n03594945', 'n03595614', 'n03598930', 'n03599486', 'n03602883', 'n03617480', 'n03623198', 'n03627232', 'n03630383', 'n03633091', 'n03649909', 'n03657121', 'n03658185', 'n03661043', 'n03662601', 'n03666591', 'n03670208', 'n03673027', 'n03676483', 'n03680355', 'n03690938', 'n03692522', 'n03697007', 'n03706229', 'n03709823', 'n03710193', 'n03710637', 'n03710721', 'n03717622', 'n03720891', 'n03721384', 'n03724870', 'n03729826', 'n03733131', 'n03733281', 'n03733805', 'n03743016', 'n03761084', 'n03763968', 'n03764736', 'n03769881', 'n03770439', 'n03770679', 'n03773504', 'n03775071', 'n03775546', 'n03776460', 'n03777568', 'n03777754', 'n03781244', 'n03786901', 'n03787032', 'n03788195', 'n03788365', 'n03791053', 'n03792972', 'n03794056', 'n03796401', 'n03803284', 'n03804744', 'n03814639', 'n03814906', 'n03825788', 'n03837869', 'n03838899', 'n03840681', 'n03841143', 'n03843555', 'n03854065', 'n03857828', 'n03866082', 'n03868242', 'n03868863', 'n03871628', 'n03873416', 'n03874293', 'n03874599', 'n03876231', 'n03877472', 'n03877845', 'n03884397', 'n03887697', 'n03888257', 'n03888605', 'n03891251', 'n03891332', 'n03895866', 'n03899768', 'n03903868', 'n03908618', 'n03908714', 'n03916031', 'n03920288', 'n03924679', 'n03929660', 'n03929855', 'n03930313', 'n03930630', 'n03933933', 'n03935335', 'n03938244', 'n03942813', 'n03944341', 'n03947888', 'n03950228', 'n03954731', 'n03956157', 'n03958227', 'n03961711', 'n03967562', 'n03970156', 'n03976467', 'n03976657', 'n03977966', 'n03980874', 'n03982430', 'n03991062', 'n03992509', 'n03995372', 'n03998194', 'n04005630', 'n04008634', 'n04019541', 'n04023962', 'n04026417', 'n04033901', 'n04033995', 'n04037443', 'n04039381', 'n04040759', 'n04041544', 'n04044716', 'n04049303', 'n04065272', 'n04067472', 'n04069434', 'n04070727', 'n04074963', 'n04081281', 'n04086273', 'n04090263', 'n04111531', 'n04116512', 'n04118538', 'n04118776', 'n04120489', 'n04125021', 'n04127249', 'n04131690', 'n04133789', 'n04136333', 'n04141076', 'n04141327', 'n04141975', 'n04146614', 'n04147183', 'n04149813', 'n04153751', 'n04154565', 'n04162706', 'n04179913', 'n04192698', 'n04200800', 'n04201297', 'n04204238', 'n04204347', 'n04208210', 'n04209133', 'n04209239', 'n04228054', 'n04229816', 'n04235860', 'n04238763', 'n04239074', 'n04243546', 'n04251144', 'n04252077', 'n04252225', 'n04254120', 'n04254680', 'n04254777', 'n04258138', 'n04259630', 'n04263257', 'n04264628', 'n04265275', 'n04266014', 'n04270147', 'n04273569', 'n04275548', 'n04277352', 'n04285008', 'n04296562', 'n04310018', 'n04311004', 'n04311174', 'n04317175', 'n04325704', 'n04326547', 'n04328186', 'n04330267', 'n04332243', 'n04335435', 'n04336792', 'n04344873', 'n04346328', 'n04347754', 'n04350905', 'n04355338', 'n04355933', 'n04356056', 'n04357314', 'n04366367', 'n04367480', 'n04370456', 'n04371430', 'n04371774', 'n04372370', 'n04376876', 'n04389033', 'n04392985', 'n04398044', 'n04399382', 'n04404412', 'n04409515', 'n04417672', 'n04418357', 'n04423845', 'n04428191', 'n04429376', 'n04435653', 'n04442312', 'n04443257', 'n04447861', 'n04456115', 'n04458633', 'n04461696', 'n04462240', 'n04465501', 'n04467665', 'n04479046', 'n04482393', 'n04483307', 'n04485082', 'n04486054', 'n04487081', 'n04487394', 'n04493381', 'n04501370', 'n04507155', 'n04509417', 'n04515003', 'n04517823', 'n04522168', 'n04523525', 'n04525038', 'n04525305', 'n04532106', 'n04532670', 'n04536866', 'n04540053', 'n04542943', 'n04548280', 'n04548362', 'n04550184', 'n04552348', 'n04553703', 'n04554684', 'n04560804', 'n04562935', 'n04579145', 'n04579432', 'n04584207', 'n04589890', 'n04590129', 'n04591157', 'n04592741', 'n04596742', 'n04597913', 'n04599235', 'n04604644', 'n04606251', 'n04612504', 'n04613696', 'n06359193', 'n06785654', 'n06794110', 'n06874185', 'n07248320', 'n07565083', 'n07579787', 'n07583066', 'n07584110', 'n07590611', 'n07613480', 'n07614500', 'n07615774', 'n07684084', 'n07693725', 'n07695742', 'n07697313', 'n07697537', 'n07711569', 'n07714571', 'n07714990', 'n07715103', 'n07716358', 'n07716906', 'n07717410', 'n07717556', 'n07718472', 'n07718747', 'n07720875', 'n07730033', 'n07734744', 'n07742313', 'n07745940', 'n07747607', 'n07749582', 'n07753113', 'n07753275', 'n07753592', 'n07754684', 'n07760859', 'n07768694', 'n07802026', 'n07831146', 'n07836838', 'n07860988', 'n07871810', 'n07873807', 'n07875152', 'n07880968', 'n07892512', 'n07920052', 'n07932039', 'n09193705', 'n09229709', 'n09246464', 'n09256479', 'n09288635', 'n09332890', 'n09399592', 'n09421951', 'n09428293', 'n09468604', 'n09472597', 'n09835506', 'n10148035', 'n10565667', 'n11879895', 'n11939491', 'n12057211', 'n12144580', 'n12267677', 'n12620546', 'n12768682', 'n12985857', 'n12998815', 'n13037406', 'n13040303', 'n13044778', 'n13052670', 'n13054560', 'n13133613', 'n15075141']
1226767
train_datast length is 1226767
47897
valid_dataset length is 47897
{0: 0, 1: 1, 2: 2, 3: 3, 4: 4, 5: 5, 6: 6, 7: 7, 8: 8, 9: 9, 10: 10, 11: 11, 12: 12, 13: 13, 14: 14, 15: 15, 16: 16, 17: 17, 18: 18, 19: 19, 20: 20, 21: 21, 22: 22, 23: 23, 24: 24, 25: 25, 26: 26, 27: 27, 28: 28, 29: 29, 30: 30, 31: 31, 32: 32, 33: 33, 34: 34, 35: 35, 36: 36, 37: 37, 38: 38, 39: 39, 40: 40, 41: 41, 42: 42, 43: 43, 44: 44, 45: 45, 46: 46, 47: 47, 48: 48, 49: 49, 50: 50, 51: 51, 52: 52, 53: 53, 54: 54, 55: 55, 56: 56, 57: 57, 58: 58, 59: 59, 60: 60, 61: 61, 62: 62, 63: 63, 64: 64, 65: 65, 66: 66, 67: 67, 68: 68, 69: 69, 70: 70, 71: 71, 72: 72, 73: 73, 74: 74, 75: 75, 76: 76, 77: 77, 78: 78, 79: 79, 80: 80, 81: 81, 82: 82, 83: 83, 84: 84, 85: 85, 86: 86, 87: 87, 88: 88, 89: 89, 90: 90, 91: 91, 92: 92, 93: 93, 94: 94, 95: 95, 96: 96, 97: 97, 98: 98, 99: 99, 100: 100, 101: 101, 102: 102, 103: 103, 104: 104, 105: 105, 106: 106, 107: 107, 108: 108, 109: 109, 110: 110, 111: 111, 112: 112, 113: 113, 114: 114, 115: 115, 116: 116, 117: 117, 118: 118, 119: 119, 120: 120, 121: 121, 122: 122, 123: 123, 124: 124, 125: 125, 126: 126, 127: 127, 128: 128, 129: 129, 130: 130, 131: 131, 132: 132, 133: 133, 134: 134, 135: 135, 136: 136, 137: 137, 138: 138, 139: 139, 140: 140, 141: 141, 142: 142, 143: 143, 144: 144, 145: 145, 146: 146, 147: 147, 148: 148, 149: 149, 150: 150, 151: 151, 152: 152, 153: 153, 154: 154, 155: 155, 156: 156, 157: 157, 158: 158, 159: 159, 160: 160, 161: 161, 162: 162, 163: 163, 164: 164, 165: 165, 166: 166, 167: 167, 168: 168, 169: 169, 170: 170, 171: 171, 172: 172, 173: 173, 174: 174, 175: 175, 176: 176, 177: 177, 178: 178, 179: 179, 180: 180, 181: 181, 182: 182, 183: 183, 184: 184, 185: 185, 186: 186, 187: 187, 188: 188, 189: 189, 190: 190, 191: 191, 192: 192, 193: 193, 194: 194, 195: 195, 196: 196, 197: 197, 198: 198, 199: 199, 200: 200, 201: 201, 202: 202, 203: 203, 204: 204, 205: 205, 206: 206, 207: 207, 208: 208, 209: 209, 210: 210, 211: 211, 212: 212, 213: 213, 214: 214, 215: 215, 216: 216, 217: 217, 218: 218, 219: 219, 220: 220, 221: 221, 222: 222, 223: 223, 224: 224, 225: 225, 226: 226, 227: 227, 228: 228, 229: 229, 230: 230, 231: 231, 232: 232, 233: 233, 234: 234, 235: 235, 236: 236, 237: 237, 238: 238, 239: 239, 240: 240, 241: 241, 242: 242, 243: 243, 244: 244, 245: 245, 246: 246, 247: 247, 248: 248, 249: 249, 250: 250, 251: 251, 252: 252, 253: 253, 254: 254, 255: 255, 256: 256, 257: 257, 258: 258, 259: 259, 260: 260, 261: 261, 262: 262, 263: 263, 264: 264, 265: 265, 266: 266, 267: 267, 268: 268, 269: 269, 270: 270, 271: 271, 272: 272, 273: 273, 274: 274, 275: 275, 276: 276, 277: 277, 278: 278, 279: 279, 280: 280, 281: 281, 282: 282, 283: 283, 284: 284, 285: 285, 286: 286, 287: 287, 288: 288, 289: 289, 290: 290, 291: 291, 292: 292, 293: 293, 294: 294, 295: 295, 296: 296, 297: 297, 298: 298, 299: 299, 300: 300, 301: 301, 302: 302, 303: 303, 304: 304, 305: 305, 306: 306, 307: 307, 308: 308, 309: 309, 310: 310, 311: 311, 312: 312, 313: 313, 314: 314, 315: 315, 316: 316, 317: 317, 318: 318, 319: 319, 320: 320, 321: 321, 322: 322, 323: 323, 324: 324, 325: 325, 326: 326, 327: 327, 328: 328, 329: 329, 330: 330, 331: 331, 332: 332, 333: 333, 334: 334, 335: 335, 336: 336, 337: 337, 338: 338, 339: 339, 340: 340, 341: 341, 342: 342, 343: 343, 344: 344, 345: 345, 346: 346, 347: 347, 348: 348, 349: 349, 350: 350, 351: 351, 352: 352, 353: 353, 354: 354, 355: 355, 356: 356, 357: 357, 358: 358, 359: 359, 360: 360, 361: 361, 362: 362, 363: 363, 364: 364, 365: 365, 366: 366, 367: 367, 368: 368, 369: 369, 370: 370, 371: 371, 372: 372, 373: 373, 374: 374, 375: 375, 376: 376, 377: 377, 378: 378, 379: 379, 380: 380, 381: 381, 382: 382, 383: 383, 384: 384, 385: 385, 386: 386, 387: 387, 388: 388, 389: 389, 390: 390, 391: 391, 392: 392, 393: 393, 394: 394, 395: 395, 396: 396, 397: 397, 398: 398, 399: 399, 400: 400, 401: 401, 402: 402, 403: 403, 404: 404, 405: 405, 406: 406, 407: 407, 408: 408, 409: 409, 410: 410, 411: 411, 412: 412, 413: 413, 414: 414, 415: 415, 416: 416, 417: 417, 418: 418, 419: 419, 420: 420, 421: 421, 422: 422, 424: 423, 425: 424, 426: 425, 427: 426, 428: 427, 429: 428, 430: 429, 431: 430, 432: 431, 433: 432, 434: 433, 435: 434, 436: 435, 437: 436, 438: 437, 439: 438, 441: 439, 442: 440, 443: 441, 445: 442, 447: 443, 448: 444, 449: 445, 450: 446, 451: 447, 452: 448, 454: 449, 456: 450, 457: 451, 458: 452, 459: 453, 460: 454, 461: 455, 462: 456, 463: 457, 464: 458, 465: 459, 466: 460, 467: 461, 468: 462, 469: 463, 470: 464, 471: 465, 472: 466, 473: 467, 474: 468, 475: 469, 476: 470, 477: 471, 478: 472, 479: 473, 480: 474, 481: 475, 482: 476, 483: 477, 484: 478, 485: 479, 486: 480, 488: 481, 489: 482, 490: 483, 491: 484, 492: 485, 493: 486, 494: 487, 496: 488, 497: 489, 498: 490, 499: 491, 500: 492, 501: 493, 502: 494, 503: 495, 505: 496, 506: 497, 507: 498, 509: 499, 510: 500, 511: 501, 512: 502, 513: 503, 514: 504, 515: 505, 516: 506, 517: 507, 519: 508, 520: 509, 521: 510, 522: 511, 523: 512, 524: 513, 525: 514, 526: 515, 529: 516, 530: 517, 531: 518, 532: 519, 533: 520, 534: 521, 535: 522, 536: 523, 537: 524, 538: 525, 539: 526, 540: 527, 541: 528, 542: 529, 543: 530, 544: 531, 545: 532, 546: 533, 547: 534, 548: 535, 549: 536, 550: 537, 551: 538, 552: 539, 553: 540, 554: 541, 555: 542, 556: 543, 557: 544, 558: 545, 561: 546, 562: 547, 564: 548, 565: 549, 566: 550, 567: 551, 568: 552, 569: 553, 570: 554, 571: 555, 572: 556, 573: 557, 574: 558, 575: 559, 576: 560, 577: 561, 578: 562, 579: 563, 580: 564, 581: 565, 582: 566, 583: 567, 584: 568, 585: 569, 586: 570, 587: 571, 588: 572, 589: 573, 591: 574, 592: 575, 593: 576, 594: 577, 595: 578, 596: 579, 597: 580, 598: 581, 599: 582, 600: 583, 601: 584, 602: 585, 603: 586, 604: 587, 605: 588, 606: 589, 607: 590, 608: 591, 609: 592, 610: 593, 611: 594, 612: 595, 613: 596, 614: 597, 615: 598, 616: 599, 617: 600, 618: 601, 621: 602, 622: 603, 623: 604, 624: 605, 625: 606, 626: 607, 627: 608, 628: 609, 629: 610, 630: 611, 631: 612, 633: 613, 634: 614, 635: 615, 636: 616, 637: 617, 638: 618, 639: 619, 640: 620, 641: 621, 642: 622, 643: 623, 644: 624, 645: 625, 646: 626, 647: 627, 649: 628, 651: 629, 652: 630, 653: 631, 654: 632, 655: 633, 656: 634, 657: 635, 658: 636, 659: 637, 660: 638, 661: 639, 662: 640, 663: 641, 666: 642, 667: 643, 668: 644, 669: 645, 670: 646, 672: 647, 674: 648, 675: 649, 676: 650, 677: 651, 678: 652, 679: 653, 680: 654, 682: 655, 683: 656, 684: 657, 685: 658, 686: 659, 687: 660, 688: 661, 689: 662, 690: 663, 691: 664, 692: 665, 693: 666, 694: 667, 695: 668, 696: 669, 697: 670, 698: 671, 699: 672, 700: 673, 701: 674, 702: 675, 703: 676, 704: 677, 705: 678, 706: 679, 708: 680, 709: 681, 710: 682, 711: 683, 712: 684, 713: 685, 714: 686, 715: 687, 716: 688, 717: 689, 718: 690, 719: 691, 721: 692, 722: 693, 723: 694, 724: 695, 725: 696, 726: 697, 727: 698, 728: 699, 729: 700, 730: 701, 731: 702, 732: 703, 733: 704, 734: 705, 735: 706, 736: 707, 738: 708, 739: 709, 740: 710, 741: 711, 743: 712, 744: 713, 746: 714, 747: 715, 748: 716, 749: 717, 750: 718, 751: 719, 752: 720, 753: 721, 754: 722, 755: 723, 756: 724, 757: 725, 758: 726, 759: 727, 760: 728, 761: 729, 762: 730, 763: 731, 764: 732, 766: 733, 767: 734, 768: 735, 769: 736, 770: 737, 771: 738, 772: 739, 773: 740, 774: 741, 775: 742, 776: 743, 777: 744, 778: 745, 779: 746, 780: 747, 781: 748, 783: 749, 784: 750, 785: 751, 786: 752, 787: 753, 788: 754, 789: 755, 790: 756, 791: 757, 792: 758, 793: 759, 794: 760, 795: 761, 796: 762, 797: 763, 798: 764, 799: 765, 800: 766, 801: 767, 802: 768, 803: 769, 804: 770, 805: 771, 806: 772, 807: 773, 808: 774, 809: 775, 810: 776, 811: 777, 812: 778, 813: 779, 814: 780, 815: 781, 816: 782, 817: 783, 819: 784, 820: 785, 821: 786, 822: 787, 823: 788, 824: 789, 825: 790, 826: 791, 827: 792, 828: 793, 829: 794, 830: 795, 831: 796, 832: 797, 833: 798, 834: 799, 835: 800, 836: 801, 837: 802, 838: 803, 839: 804, 840: 805, 841: 806, 842: 807, 843: 808, 844: 809, 845: 810, 847: 811, 848: 812, 849: 813, 850: 814, 851: 815, 852: 816, 853: 817, 854: 818, 855: 819, 856: 820, 857: 821, 858: 822, 859: 823, 860: 824, 861: 825, 862: 826, 863: 827, 864: 828, 865: 829, 866: 830, 867: 831, 869: 832, 870: 833, 871: 834, 872: 835, 873: 836, 874: 837, 875: 838, 876: 839, 877: 840, 879: 841, 880: 842, 881: 843, 882: 844, 883: 845, 884: 846, 885: 847, 886: 848, 887: 849, 888: 850, 889: 851, 890: 852, 891: 853, 892: 854, 893: 855, 894: 856, 895: 857, 896: 858, 897: 859, 899: 860, 900: 861, 901: 862, 902: 863, 903: 864, 904: 865, 905: 866, 906: 867, 908: 868, 909: 869, 910: 870, 911: 871, 912: 872, 913: 873, 914: 874, 915: 875, 916: 876, 918: 877, 919: 878, 920: 879, 921: 880, 922: 881, 923: 882, 924: 883, 925: 884, 926: 885, 927: 886, 928: 887, 929: 888, 930: 889, 931: 890, 932: 891, 933: 892, 934: 893, 935: 894, 936: 895, 937: 896, 938: 897, 939: 898, 940: 899, 941: 900, 942: 901, 943: 902, 944: 903, 945: 904, 946: 905, 947: 906, 948: 907, 949: 908, 950: 909, 951: 910, 952: 911, 953: 912, 954: 913, 955: 914, 956: 915, 957: 916, 958: 917, 959: 918, 960: 919, 961: 920, 962: 921, 963: 922, 964: 923, 965: 924, 966: 925, 967: 926, 969: 927, 970: 928, 971: 929, 972: 930, 973: 931, 974: 932, 975: 933, 976: 934, 977: 935, 978: 936, 979: 937, 980: 938, 981: 939, 982: 940, 983: 941, 984: 942, 985: 943, 986: 944, 987: 945, 988: 946, 989: 947, 990: 948, 991: 949, 992: 950, 993: 951, 994: 952, 995: 953, 996: 954, 997: 955, 998: 956, 999: 957}
training set
4793
validating  set
375
