Use GPU: 1 for training
when creating the model, the number of classes are
958
=> creating model 'alexnet'
inside the model
the number of classes 958
Adjusting learning rate of group 0 to 1.0000e-04.
=> loading checkpoint '/home/junzhin/Project/Summer_project/code/version1.0/pretrained_model_results/ALEX_office31masked2Random_newcheckpoint.pth.tar'
=> loaded checkpoint '/home/junzhin/Project/Summer_project/code/version1.0/pretrained_model_results/ALEX_office31masked2Random_newcheckpoint.pth.tar' (epoch 16)
----------------------------------------
training directory:/data/gpfs/datasets/Imagenet/train_blurred

validating directory:/data/gpfs/datasets/Imagenet/val_blurred

----------------------------------------
Dataset ImageFolder
    Number of datapoints: 1281066
    Root location: /data/gpfs/datasets/Imagenet/train_blurred
    StandardTransform
Transform: Compose(
               Resize(size=256, interpolation=bilinear, max_size=None, antialias=None)
               CenterCrop(size=(224, 224))
               ToTensor()
               Normalize(mean=[0.485, 0.456, 0.406], std=[0.229, 0.224, 0.225])
           )
----------------------------------------
Dataset ImageFolder
    Number of datapoints: 49997
    Root location: /data/gpfs/datasets/Imagenet/val_blurred
    StandardTransform
Transform: Compose(
               Resize(size=256, interpolation=bilinear, max_size=None, antialias=None)
               CenterCrop(size=(224, 224))
               ToTensor()
               Normalize(mean=[0.485, 0.456, 0.406], std=[0.229, 0.224, 0.225])
           )
----------------------------------------
            0                      1
0   n02791124           barber_chair
1   n02823428            beer_bottle
2   n02835271  bicycle-built-for-two
3   n02840245                 binder
4   n02870880               bookcase
5   n02877765              bottlecap
6   n02992529     cellular_telephone
7   n03018349          china_cabinet
8   n03063599             coffee_mug
9   n03085013      computer_keyboard
10  n03127747           crash_helmet
11  n03180011       desktop_computer
12  n03187595         dial_telephone
13  n03376595          folding_chair
14  n03379051        football_helmet
15  n03388183           fountain_pen
16  n03485407     hand-held_computer
17  n03637318              lampshade
18  n03642806                 laptop
19  n03691459            loudspeaker
20  n03742115         medicine_chest
21  n03759954             microphone
22  n03782006                monitor
23  n03785016                  moped
24  n03792782          mountain_bike
25  n03793489                  mouse
26  n03832673               notebook
27  n03902125              pay-phone
28  n03937543            pill_bottle
29  n03983396             pop_bottle
30  n04004767                printer
31  n04009552              projector
32  n04099969          rocking_chair
33  n04152593                 screen
34  n04286575              spotlight
35  n04380533             table_lamp
36  n04476259                   tray
37  n04505470    typewriter_keyboard
38  n04557648           water_bottle
39  n04591713            wine_bottle
40  n06596364             comic_book
41  n07930864                    cup
+---+---+---+---+---+---+---+---+---+---+---+---+---+---+---+---+---+---+---+---
958
42
+---+---+---+---+---+---+---+---+---+---+---+---+---+---+---+---+---+---+---+---
958
chosen_classes_labels_names
['n01440764', 'n01443537', 'n01484850', 'n01491361', 'n01494475', 'n01496331', 'n01498041', 'n01514668', 'n01514859', 'n01518878', 'n01530575', 'n01531178', 'n01532829', 'n01534433', 'n01537544', 'n01558993', 'n01560419', 'n01580077', 'n01582220', 'n01592084', 'n01601694', 'n01608432', 'n01614925', 'n01622779', 'n01629819', 'n01630670', 'n01631663', 'n01632458', 'n01632777', 'n01641577', 'n01644373', 'n01644900', 'n01664065', 'n01665541', 'n01667114', 'n01667778', 'n01669191', 'n01675722', 'n01677366', 'n01682714', 'n01687978', 'n01688243', 'n01689811', 'n01692333', 'n01693334', 'n01694178', 'n01695060', 'n01697457', 'n01698640', 'n01704323', 'n01728572', 'n01728920', 'n01729322', 'n01729977', 'n01734418', 'n01735189', 'n01737021', 'n01739381', 'n01740131', 'n01742172', 'n01744401', 'n01748264', 'n01751748', 'n01753488', 'n01755581', 'n01756291', 'n01768244', 'n01770081', 'n01770393', 'n01773157', 'n01773549', 'n01773797', 'n01774384', 'n01774750', 'n01775062', 'n01776313', 'n01784675', 'n01795545', 'n01796340', 'n01797886', 'n01798484', 'n01806143', 'n01806567', 'n01807496', 'n01817953', 'n01818515', 'n01819313', 'n01820546', 'n01824575', 'n01828970', 'n01829413', 'n01833805', 'n01843065', 'n01843383', 'n01847000', 'n01855032', 'n01855672', 'n01860187', 'n01872401', 'n01873310', 'n01877812', 'n01882714', 'n01883070', 'n01910747', 'n01914609', 'n01917289', 'n01924916', 'n01930112', 'n01943899', 'n01944390', 'n01945685', 'n01950731', 'n01955084', 'n01968897', 'n01978287', 'n01978455', 'n01980166', 'n01981276', 'n01983481', 'n01984695', 'n01985128', 'n01986214', 'n01990800', 'n02002556', 'n02002724', 'n02006656', 'n02007558', 'n02009229', 'n02009912', 'n02012849', 'n02013706', 'n02017213', 'n02018207', 'n02018795', 'n02025239', 'n02027492', 'n02028035', 'n02033041', 'n02037110', 'n02051845', 'n02056570', 'n02066245', 'n02071294', 'n02074367', 'n02077923', 'n02085620', 'n02085782', 'n02085936', 'n02086079', 'n02086240', 'n02086646', 'n02086910', 'n02087046', 'n02087394', 'n02088094', 'n02088238', 'n02088364', 'n02088466', 'n02088632', 'n02089078', 'n02089867', 'n02089973', 'n02090379', 'n02090721', 'n02091032', 'n02091134', 'n02091244', 'n02091467', 'n02091635', 'n02091831', 'n02092002', 'n02092339', 'n02093256', 'n02093428', 'n02093647', 'n02093754', 'n02093859', 'n02093991', 'n02094114', 'n02094258', 'n02095314', 'n02095570', 'n02095889', 'n02096051', 'n02096177', 'n02096294', 'n02096437', 'n02096585', 'n02097047', 'n02097130', 'n02097209', 'n02097298', 'n02097474', 'n02097658', 'n02098105', 'n02098286', 'n02098413', 'n02099429', 'n02099712', 'n02099849', 'n02100236', 'n02100583', 'n02100735', 'n02100877', 'n02101006', 'n02101388', 'n02101556', 'n02102040', 'n02102177', 'n02102318', 'n02102480', 'n02102973', 'n02104029', 'n02104365', 'n02105056', 'n02105162', 'n02105251', 'n02105505', 'n02105641', 'n02105855', 'n02106030', 'n02106166', 'n02106550', 'n02106662', 'n02107142', 'n02107312', 'n02107574', 'n02107683', 'n02107908', 'n02108000', 'n02108089', 'n02108422', 'n02108551', 'n02108915', 'n02109525', 'n02109961', 'n02110063', 'n02110185', 'n02110341', 'n02110627', 'n02110806', 'n02110958', 'n02111129', 'n02111277', 'n02111500', 'n02111889', 'n02112018', 'n02112137', 'n02112350', 'n02112706', 'n02113023', 'n02113186', 'n02113624', 'n02113712', 'n02113799', 'n02113978', 'n02114367', 'n02114548', 'n02114712', 'n02114855', 'n02115641', 'n02115913', 'n02116738', 'n02117135', 'n02119022', 'n02119789', 'n02120079', 'n02120505', 'n02123045', 'n02123159', 'n02123394', 'n02123597', 'n02124075', 'n02125311', 'n02127052', 'n02128385', 'n02128757', 'n02128925', 'n02129165', 'n02129604', 'n02130308', 'n02132136', 'n02133161', 'n02134084', 'n02134418', 'n02137549', 'n02138441', 'n02165105', 'n02165456', 'n02167151', 'n02168699', 'n02169497', 'n02172182', 'n02174001', 'n02177972', 'n02190166', 'n02206856', 'n02219486', 'n02226429', 'n02229544', 'n02231487', 'n02233338', 'n02236044', 'n02256656', 'n02259212', 'n02264363', 'n02268443', 'n02268853', 'n02276258', 'n02277742', 'n02279972', 'n02280649', 'n02281406', 'n02281787', 'n02317335', 'n02319095', 'n02321529', 'n02325366', 'n02326432', 'n02328150', 'n02342885', 'n02346627', 'n02356798', 'n02361337', 'n02363005', 'n02364673', 'n02389026', 'n02391049', 'n02395406', 'n02396427', 'n02397096', 'n02398521', 'n02403003', 'n02408429', 'n02410509', 'n02412080', 'n02415577', 'n02417914', 'n02422106', 'n02422699', 'n02423022', 'n02437312', 'n02437616', 'n02441942', 'n02442845', 'n02443114', 'n02443484', 'n02444819', 'n02447366', 'n02454379', 'n02457408', 'n02480495', 'n02480855', 'n02481823', 'n02483362', 'n02483708', 'n02484975', 'n02486261', 'n02487347', 'n02488291', 'n02489166', 'n02490219', 'n02492035', 'n02492660', 'n02493509', 'n02493793', 'n02494079', 'n02497673', 'n02500267', 'n02504013', 'n02504458', 'n02509815', 'n02510455', 'n02514041', 'n02526121', 'n02536864', 'n02606052', 'n02607072', 'n02640242', 'n02641379', 'n02643566', 'n02655020', 'n02666196', 'n02667093', 'n02669723', 'n02672831', 'n02676566', 'n02690373', 'n02692877', 'n02699494', 'n02701002', 'n02704792', 'n02708093', 'n02727426', 'n02730930', 'n02747177', 'n02749479', 'n02769748', 'n02776631', 'n02777292', 'n02782093', 'n02783161', 'n02786058', 'n02787622', 'n02788148', 'n02790996', 'n02791124', 'n02791270', 'n02793495', 'n02795169', 'n02797295', 'n02799071', 'n02802426', 'n02804414', 'n02804610', 'n02807133', 'n02808304', 'n02808440', 'n02814533', 'n02814860', 'n02815834', 'n02817516', 'n02823428', 'n02825657', 'n02834397', 'n02835271', 'n02837789', 'n02840245', 'n02841315', 'n02843684', 'n02859443', 'n02860847', 'n02869837', 'n02870880', 'n02871525', 'n02877765', 'n02879718', 'n02883205', 'n02892201', 'n02892767', 'n02894605', 'n02895154', 'n02906734', 'n02909870', 'n02910353', 'n02916936', 'n02917067', 'n02927161', 'n02930766', 'n02939185', 'n02948072', 'n02950826', 'n02951358', 'n02951585', 'n02963159', 'n02966193', 'n02966687', 'n02974003', 'n02977058', 'n02978881', 'n02979186', 'n02980441', 'n02981792', 'n02992211', 'n02992529', 'n02999410', 'n03000134', 'n03000247', 'n03000684', 'n03014705', 'n03016953', 'n03017168', 'n03018349', 'n03026506', 'n03028079', 'n03032252', 'n03041632', 'n03042490', 'n03045698', 'n03047690', 'n03062245', 'n03063599', 'n03063689', 'n03065424', 'n03075370', 'n03085013', 'n03100240', 'n03109150', 'n03110669', 'n03124043', 'n03124170', 'n03125729', 'n03126707', 'n03127747', 'n03127925', 'n03131574', 'n03133878', 'n03134739', 'n03141823', 'n03146219', 'n03160309', 'n03179701', 'n03180011', 'n03187595', 'n03188531', 'n03196217', 'n03197337', 'n03201208', 'n03207743', 'n03207941', 'n03208938', 'n03216828', 'n03218198', 'n03220513', 'n03223299', 'n03240683', 'n03249569', 'n03250847', 'n03255030', 'n03259280', 'n03271574', 'n03272010', 'n03272562', 'n03290653', 'n03291819', 'n03297495', 'n03314780', 'n03325584', 'n03337140', 'n03344393', 'n03345487', 'n03347037', 'n03355925', 'n03372029', 'n03376595', 'n03379051', 'n03384352', 'n03388183', 'n03388549', 'n03393912', 'n03394916', 'n03400231', 'n03404251', 'n03417042', 'n03424325', 'n03425413', 'n03443371', 'n03444034', 'n03445777', 'n03445924', 'n03447447', 'n03447721', 'n03450230', 'n03452741', 'n03457902', 'n03459775', 'n03461385', 'n03467068', 'n03476684', 'n03476991', 'n03478589', 'n03481172', 'n03482405', 'n03483316', 'n03485407', 'n03485794', 'n03492542', 'n03494278', 'n03495258', 'n03496892', 'n03498962', 'n03527444', 'n03529860', 'n03530642', 'n03532672', 'n03534580', 'n03535780', 'n03538406', 'n03544143', 'n03584254', 'n03584829', 'n03590841', 'n03594734', 'n03594945', 'n03595614', 'n03598930', 'n03599486', 'n03602883', 'n03617480', 'n03623198', 'n03627232', 'n03630383', 'n03633091', 'n03637318', 'n03642806', 'n03649909', 'n03657121', 'n03658185', 'n03661043', 'n03662601', 'n03666591', 'n03670208', 'n03673027', 'n03676483', 'n03680355', 'n03690938', 'n03691459', 'n03692522', 'n03697007', 'n03706229', 'n03709823', 'n03710193', 'n03710637', 'n03710721', 'n03717622', 'n03720891', 'n03721384', 'n03724870', 'n03729826', 'n03733131', 'n03733281', 'n03733805', 'n03742115', 'n03743016', 'n03759954', 'n03761084', 'n03763968', 'n03764736', 'n03769881', 'n03770439', 'n03770679', 'n03773504', 'n03775071', 'n03775546', 'n03776460', 'n03777568', 'n03777754', 'n03781244', 'n03782006', 'n03785016', 'n03786901', 'n03787032', 'n03788195', 'n03788365', 'n03791053', 'n03792782', 'n03792972', 'n03793489', 'n03794056', 'n03796401', 'n03803284', 'n03804744', 'n03814639', 'n03814906', 'n03825788', 'n03832673', 'n03837869', 'n03838899', 'n03840681', 'n03841143', 'n03843555', 'n03854065', 'n03857828', 'n03866082', 'n03868242', 'n03868863', 'n03871628', 'n03873416', 'n03874293', 'n03874599', 'n03876231', 'n03877472', 'n03877845', 'n03884397', 'n03887697', 'n03888257', 'n03888605', 'n03891251', 'n03891332', 'n03895866', 'n03899768', 'n03902125', 'n03903868', 'n03908618', 'n03916031', 'n03920288', 'n03929660', 'n03930313', 'n03930630', 'n03933933', 'n03935335', 'n03937543', 'n03938244', 'n03942813', 'n03950228', 'n03956157', 'n03958227', 'n03961711', 'n03967562', 'n03970156', 'n03976467', 'n03976657', 'n03977966', 'n03980874', 'n03982430', 'n03983396', 'n03992509', 'n03995372', 'n03998194', 'n04004767', 'n04005630', 'n04008634', 'n04009552', 'n04019541', 'n04023962', 'n04026417', 'n04033901', 'n04033995', 'n04037443', 'n04039381', 'n04040759', 'n04041544', 'n04044716', 'n04049303', 'n04065272', 'n04067472', 'n04070727', 'n04074963', 'n04081281', 'n04090263', 'n04099969', 'n04111531', 'n04116512', 'n04118538', 'n04118776', 'n04120489', 'n04125021', 'n04127249', 'n04131690', 'n04133789', 'n04136333', 'n04141076', 'n04141327', 'n04141975', 'n04146614', 'n04147183', 'n04149813', 'n04152593', 'n04153751', 'n04154565', 'n04162706', 'n04179913', 'n04192698', 'n04200800', 'n04201297', 'n04204238', 'n04204347', 'n04208210', 'n04209133', 'n04209239', 'n04228054', 'n04229816', 'n04235860', 'n04238763', 'n04239074', 'n04243546', 'n04252077', 'n04252225', 'n04254120', 'n04254680', 'n04254777', 'n04258138', 'n04259630', 'n04263257', 'n04264628', 'n04265275', 'n04270147', 'n04273569', 'n04275548', 'n04277352', 'n04286575', 'n04296562', 'n04310018', 'n04311004', 'n04311174', 'n04317175', 'n04325704', 'n04326547', 'n04328186', 'n04330267', 'n04332243', 'n04335435', 'n04336792', 'n04346328', 'n04347754', 'n04350905', 'n04355338', 'n04355933', 'n04356056', 'n04357314', 'n04366367', 'n04367480', 'n04370456', 'n04371430', 'n04371774', 'n04372370', 'n04376876', 'n04380533', 'n04389033', 'n04392985', 'n04398044', 'n04399382', 'n04404412', 'n04409515', 'n04418357', 'n04423845', 'n04428191', 'n04429376', 'n04435653', 'n04442312', 'n04443257', 'n04447861', 'n04456115', 'n04458633', 'n04461696', 'n04462240', 'n04465501', 'n04467665', 'n04476259', 'n04479046', 'n04482393', 'n04483307', 'n04485082', 'n04486054', 'n04487081', 'n04487394', 'n04493381', 'n04501370', 'n04505470', 'n04507155', 'n04509417', 'n04515003', 'n04517823', 'n04522168', 'n04523525', 'n04525038', 'n04525305', 'n04532106', 'n04532670', 'n04536866', 'n04540053', 'n04548280', 'n04548362', 'n04550184', 'n04552348', 'n04553703', 'n04554684', 'n04557648', 'n04560804', 'n04562935', 'n04579145', 'n04579432', 'n04584207', 'n04589890', 'n04590129', 'n04591157', 'n04591713', 'n04592741', 'n04596742', 'n04597913', 'n04599235', 'n04604644', 'n04606251', 'n04612504', 'n04613696', 'n06359193', 'n06596364', 'n06785654', 'n06794110', 'n06874185', 'n07248320', 'n07565083', 'n07579787', 'n07583066', 'n07584110', 'n07590611', 'n07613480', 'n07614500', 'n07615774', 'n07684084', 'n07693725', 'n07695742', 'n07697313', 'n07697537', 'n07711569', 'n07714571', 'n07714990', 'n07715103', 'n07716358', 'n07716906', 'n07717410', 'n07717556', 'n07718472', 'n07718747', 'n07720875', 'n07730033', 'n07734744', 'n07742313', 'n07745940', 'n07749582', 'n07753113', 'n07753275', 'n07753592', 'n07754684', 'n07760859', 'n07768694', 'n07802026', 'n07831146', 'n07836838', 'n07860988', 'n07871810', 'n07873807', 'n07875152', 'n07880968', 'n07892512', 'n07920052', 'n07930864', 'n07932039', 'n09193705', 'n09229709', 'n09246464', 'n09256479', 'n09288635', 'n09332890', 'n09399592', 'n09421951', 'n09428293', 'n09468604', 'n09472597', 'n09835506', 'n10148035', 'n10565667', 'n11879895', 'n11939491', 'n12057211', 'n12144580', 'n12267677', 'n12620546', 'n12768682', 'n12985857', 'n12998815', 'n13037406', 'n13040303', 'n13044778', 'n13052670', 'n13054560', 'n13133613', 'n15075141']
            0
0   n04344873
1   n02823750
2   n03924679
3   n04266014
4   n01871265
5   n02687172
6   n02445715
7   n01749939
8   n02988304
9   n02090622
10  n03388043
11  n02865351
12  n02011460
13  n02105412
14  n03929855
15  n02109047
16  n02486410
17  n03947888
18  n03095699
19  n02099601
20  n03954731
21  n03908714
22  n02488702
23  n02106382
24  n04417672
25  n02965783
26  n02094433
27  n01685808
28  n03944341
29  n04251144
30  n03089624
31  n02058221
32  n02971356
33  n04086273
34  n04069434
35  n02794156
36  n03991062
37  n07747607
38  n02099267
39  n01616318
40  n04285008
41  n04542943
1227158
train_datast length is 1227158
47897
valid_dataset length is 47897
{0: 0, 1: 1, 2: 2, 3: 3, 4: 4, 5: 5, 6: 6, 7: 7, 8: 8, 9: 9, 10: 10, 11: 11, 12: 12, 13: 13, 14: 14, 15: 15, 16: 16, 17: 17, 18: 18, 19: 19, 20: 20, 21: 21, 22: 22, 24: 23, 25: 24, 26: 25, 27: 26, 28: 27, 29: 28, 30: 29, 31: 30, 32: 31, 33: 32, 34: 33, 35: 34, 36: 35, 37: 36, 38: 37, 39: 38, 40: 39, 42: 40, 43: 41, 44: 42, 45: 43, 46: 44, 47: 45, 48: 46, 49: 47, 50: 48, 51: 49, 52: 50, 53: 51, 54: 52, 55: 53, 56: 54, 57: 55, 58: 56, 59: 57, 60: 58, 61: 59, 62: 60, 63: 61, 65: 62, 66: 63, 67: 64, 68: 65, 69: 66, 70: 67, 71: 68, 72: 69, 73: 70, 74: 71, 75: 72, 76: 73, 77: 74, 78: 75, 79: 76, 80: 77, 81: 78, 82: 79, 83: 80, 84: 81, 85: 82, 86: 83, 87: 84, 88: 85, 89: 86, 90: 87, 91: 88, 92: 89, 93: 90, 94: 91, 95: 92, 96: 93, 97: 94, 98: 95, 99: 96, 100: 97, 102: 98, 103: 99, 104: 100, 105: 101, 106: 102, 107: 103, 108: 104, 109: 105, 110: 106, 111: 107, 112: 108, 113: 109, 114: 110, 115: 111, 116: 112, 117: 113, 118: 114, 119: 115, 120: 116, 121: 117, 122: 118, 123: 119, 124: 120, 125: 121, 126: 122, 127: 123, 128: 124, 129: 125, 130: 126, 131: 127, 132: 128, 134: 129, 135: 130, 136: 131, 137: 132, 138: 133, 139: 134, 140: 135, 141: 136, 142: 137, 143: 138, 144: 139, 145: 140, 147: 141, 148: 142, 149: 143, 150: 144, 151: 145, 152: 146, 153: 147, 154: 148, 155: 149, 156: 150, 157: 151, 158: 152, 159: 153, 160: 154, 161: 155, 162: 156, 163: 157, 164: 158, 165: 159, 166: 160, 167: 161, 168: 162, 170: 163, 171: 164, 172: 165, 173: 166, 174: 167, 175: 168, 176: 169, 177: 170, 178: 171, 179: 172, 180: 173, 181: 174, 182: 175, 183: 176, 184: 177, 185: 178, 186: 179, 188: 180, 189: 181, 190: 182, 191: 183, 192: 184, 193: 185, 194: 186, 195: 187, 196: 188, 197: 189, 198: 190, 199: 191, 200: 192, 201: 193, 202: 194, 203: 195, 204: 196, 206: 197, 208: 198, 209: 199, 210: 200, 211: 201, 212: 202, 213: 203, 214: 204, 215: 205, 216: 206, 217: 207, 218: 208, 219: 209, 220: 210, 221: 211, 222: 212, 223: 213, 224: 214, 225: 215, 226: 216, 228: 217, 229: 218, 230: 219, 231: 220, 232: 221, 234: 222, 235: 223, 236: 224, 237: 225, 238: 226, 239: 227, 240: 228, 241: 229, 242: 230, 243: 231, 244: 232, 245: 233, 247: 234, 248: 235, 249: 236, 250: 237, 251: 238, 252: 239, 253: 240, 254: 241, 255: 242, 256: 243, 257: 244, 258: 245, 259: 246, 260: 247, 261: 248, 262: 249, 263: 250, 264: 251, 265: 252, 266: 253, 267: 254, 268: 255, 269: 256, 270: 257, 271: 258, 272: 259, 273: 260, 274: 261, 275: 262, 276: 263, 277: 264, 278: 265, 279: 266, 280: 267, 281: 268, 282: 269, 283: 270, 284: 271, 285: 272, 286: 273, 287: 274, 288: 275, 289: 276, 290: 277, 291: 278, 292: 279, 293: 280, 294: 281, 295: 282, 296: 283, 297: 284, 298: 285, 299: 286, 300: 287, 301: 288, 302: 289, 303: 290, 304: 291, 305: 292, 306: 293, 307: 294, 308: 295, 309: 296, 310: 297, 311: 298, 312: 299, 313: 300, 314: 301, 315: 302, 316: 303, 317: 304, 318: 305, 319: 306, 320: 307, 321: 308, 322: 309, 323: 310, 324: 311, 325: 312, 326: 313, 327: 314, 328: 315, 329: 316, 330: 317, 331: 318, 332: 319, 333: 320, 334: 321, 335: 322, 336: 323, 337: 324, 338: 325, 339: 326, 340: 327, 341: 328, 342: 329, 343: 330, 344: 331, 345: 332, 346: 333, 347: 334, 348: 335, 349: 336, 350: 337, 351: 338, 352: 339, 353: 340, 354: 341, 355: 342, 356: 343, 357: 344, 358: 345, 359: 346, 360: 347, 362: 348, 363: 349, 364: 350, 365: 351, 366: 352, 367: 353, 368: 354, 369: 355, 370: 356, 371: 357, 373: 358, 374: 359, 376: 360, 377: 361, 378: 362, 379: 363, 380: 364, 381: 365, 382: 366, 383: 367, 384: 368, 385: 369, 386: 370, 387: 371, 388: 372, 389: 373, 390: 374, 391: 375, 392: 376, 393: 377, 394: 378, 395: 379, 396: 380, 397: 381, 398: 382, 399: 383, 400: 384, 401: 385, 402: 386, 404: 387, 405: 388, 406: 389, 407: 390, 408: 391, 409: 392, 410: 393, 411: 394, 412: 395, 413: 396, 414: 397, 415: 398, 416: 399, 417: 400, 418: 401, 419: 402, 420: 403, 421: 404, 422: 405, 423: 406, 424: 407, 425: 408, 427: 409, 428: 410, 429: 411, 430: 412, 431: 413, 432: 414, 433: 415, 434: 416, 435: 417, 436: 418, 437: 419, 438: 420, 439: 421, 440: 422, 442: 423, 443: 424, 444: 425, 445: 426, 446: 427, 447: 428, 448: 429, 449: 430, 450: 431, 452: 432, 453: 433, 454: 434, 455: 435, 456: 436, 457: 437, 458: 438, 459: 439, 460: 440, 461: 441, 462: 442, 463: 443, 464: 444, 465: 445, 466: 446, 467: 447, 468: 448, 469: 449, 470: 450, 471: 451, 472: 452, 473: 453, 474: 454, 476: 455, 477: 456, 479: 457, 480: 458, 481: 459, 482: 460, 483: 461, 484: 462, 486: 463, 487: 464, 488: 465, 489: 466, 490: 467, 491: 468, 492: 469, 493: 470, 494: 471, 495: 472, 496: 473, 497: 474, 498: 475, 499: 476, 500: 477, 501: 478, 502: 479, 503: 480, 504: 481, 505: 482, 506: 483, 507: 484, 508: 485, 511: 486, 512: 487, 513: 488, 514: 489, 515: 490, 516: 491, 517: 492, 518: 493, 519: 494, 520: 495, 521: 496, 522: 497, 523: 498, 524: 499, 525: 500, 526: 501, 527: 502, 528: 503, 529: 504, 530: 505, 531: 506, 532: 507, 533: 508, 534: 509, 535: 510, 536: 511, 537: 512, 538: 513, 539: 514, 540: 515, 541: 516, 542: 517, 543: 518, 544: 519, 545: 520, 546: 521, 547: 522, 548: 523, 549: 524, 550: 525, 551: 526, 552: 527, 553: 528, 554: 529, 555: 530, 556: 531, 557: 532, 558: 533, 559: 534, 560: 535, 561: 536, 563: 537, 564: 538, 565: 539, 566: 540, 567: 541, 568: 542, 569: 543, 570: 544, 571: 545, 572: 546, 573: 547, 574: 548, 575: 549, 576: 550, 577: 551, 578: 552, 579: 553, 580: 554, 581: 555, 582: 556, 583: 557, 584: 558, 585: 559, 586: 560, 587: 561, 588: 562, 589: 563, 590: 564, 591: 565, 592: 566, 593: 567, 594: 568, 595: 569, 596: 570, 597: 571, 598: 572, 599: 573, 600: 574, 601: 575, 602: 576, 603: 577, 604: 578, 605: 579, 606: 580, 607: 581, 608: 582, 609: 583, 610: 584, 611: 585, 612: 586, 613: 587, 614: 588, 615: 589, 616: 590, 617: 591, 618: 592, 619: 593, 620: 594, 621: 595, 622: 596, 623: 597, 624: 598, 625: 599, 626: 600, 627: 601, 628: 602, 629: 603, 630: 604, 631: 605, 632: 606, 633: 607, 634: 608, 635: 609, 636: 610, 637: 611, 638: 612, 639: 613, 640: 614, 641: 615, 642: 616, 643: 617, 644: 618, 645: 619, 646: 620, 647: 621, 648: 622, 649: 623, 650: 624, 651: 625, 652: 626, 653: 627, 654: 628, 655: 629, 656: 630, 657: 631, 658: 632, 659: 633, 660: 634, 661: 635, 662: 636, 663: 637, 664: 638, 665: 639, 666: 640, 667: 641, 668: 642, 669: 643, 670: 644, 671: 645, 672: 646, 673: 647, 674: 648, 675: 649, 676: 650, 677: 651, 678: 652, 679: 653, 680: 654, 681: 655, 682: 656, 683: 657, 684: 658, 685: 659, 686: 660, 687: 661, 688: 662, 689: 663, 690: 664, 691: 665, 692: 666, 693: 667, 694: 668, 695: 669, 696: 670, 697: 671, 698: 672, 699: 673, 700: 674, 701: 675, 702: 676, 703: 677, 704: 678, 705: 679, 706: 680, 707: 681, 708: 682, 709: 683, 711: 684, 712: 685, 714: 686, 716: 687, 717: 688, 718: 689, 719: 690, 720: 691, 721: 692, 722: 693, 725: 694, 727: 695, 728: 696, 729: 697, 730: 698, 731: 699, 732: 700, 733: 701, 734: 702, 735: 703, 736: 704, 737: 705, 739: 706, 740: 707, 741: 708, 742: 709, 743: 710, 744: 711, 745: 712, 746: 713, 747: 714, 748: 715, 749: 716, 750: 717, 751: 718, 752: 719, 753: 720, 754: 721, 755: 722, 756: 723, 757: 724, 758: 725, 760: 726, 761: 727, 762: 728, 764: 729, 765: 730, 766: 731, 767: 732, 768: 733, 769: 734, 770: 735, 771: 736, 772: 737, 773: 738, 774: 739, 775: 740, 776: 741, 777: 742, 778: 743, 779: 744, 780: 745, 781: 746, 782: 747, 783: 748, 784: 749, 785: 750, 786: 751, 787: 752, 788: 753, 789: 754, 790: 755, 791: 756, 792: 757, 793: 758, 794: 759, 795: 760, 796: 761, 797: 762, 798: 763, 799: 764, 800: 765, 802: 766, 803: 767, 804: 768, 805: 769, 806: 770, 807: 771, 808: 772, 809: 773, 810: 774, 811: 775, 813: 776, 814: 777, 815: 778, 816: 779, 818: 780, 819: 781, 820: 782, 821: 783, 822: 784, 823: 785, 824: 786, 825: 787, 826: 788, 827: 789, 828: 790, 829: 791, 830: 792, 832: 793, 833: 794, 834: 795, 835: 796, 836: 797, 837: 798, 838: 799, 839: 800, 840: 801, 841: 802, 842: 803, 843: 804, 844: 805, 845: 806, 846: 807, 847: 808, 848: 809, 849: 810, 850: 811, 851: 812, 852: 813, 854: 814, 855: 815, 856: 816, 857: 817, 858: 818, 859: 819, 860: 820, 861: 821, 862: 822, 863: 823, 864: 824, 865: 825, 866: 826, 867: 827, 868: 828, 869: 829, 870: 830, 871: 831, 872: 832, 873: 833, 874: 834, 875: 835, 876: 836, 877: 837, 878: 838, 879: 839, 880: 840, 881: 841, 882: 842, 883: 843, 884: 844, 885: 845, 886: 846, 887: 847, 888: 848, 889: 849, 890: 850, 892: 851, 893: 852, 894: 853, 895: 854, 896: 855, 897: 856, 898: 857, 899: 858, 900: 859, 901: 860, 902: 861, 903: 862, 904: 863, 905: 864, 906: 865, 907: 866, 908: 867, 909: 868, 910: 869, 911: 870, 912: 871, 913: 872, 914: 873, 915: 874, 916: 875, 917: 876, 918: 877, 919: 878, 920: 879, 921: 880, 922: 881, 923: 882, 924: 883, 925: 884, 926: 885, 927: 886, 928: 887, 929: 888, 930: 889, 931: 890, 932: 891, 933: 892, 934: 893, 935: 894, 936: 895, 937: 896, 938: 897, 939: 898, 940: 899, 941: 900, 942: 901, 943: 902, 944: 903, 945: 904, 946: 905, 947: 906, 948: 907, 949: 908, 951: 909, 952: 910, 953: 911, 954: 912, 955: 913, 956: 914, 957: 915, 958: 916, 959: 917, 960: 918, 961: 919, 962: 920, 963: 921, 964: 922, 965: 923, 966: 924, 967: 925, 968: 926, 969: 927, 970: 928, 971: 929, 972: 930, 973: 931, 974: 932, 975: 933, 976: 934, 977: 935, 978: 936, 979: 937, 980: 938, 981: 939, 982: 940, 983: 941, 984: 942, 985: 943, 986: 944, 987: 945, 988: 946, 989: 947, 990: 948, 991: 949, 992: 950, 993: 951, 994: 952, 995: 953, 996: 954, 997: 955, 998: 956, 999: 957}
training set
799
validating  set
63
Use GPU: 0 for training
when creating the model, the number of classes are
958
=> creating model 'alexnet'
inside the model
the number of classes 958
Adjusting learning rate of group 0 to 1.0000e-04.
=> loading checkpoint '/home/junzhin/Project/Summer_project/code/version1.0/pretrained_model_results/ALEX_office31masked2Random_newcheckpoint.pth.tar'
=> loaded checkpoint '/home/junzhin/Project/Summer_project/code/version1.0/pretrained_model_results/ALEX_office31masked2Random_newcheckpoint.pth.tar' (epoch 16)
----------------------------------------
training directory:/data/gpfs/datasets/Imagenet/train_blurred

validating directory:/data/gpfs/datasets/Imagenet/val_blurred

----------------------------------------
Dataset ImageFolder
    Number of datapoints: 1281066
    Root location: /data/gpfs/datasets/Imagenet/train_blurred
    StandardTransform
Transform: Compose(
               Resize(size=256, interpolation=bilinear, max_size=None, antialias=None)
               CenterCrop(size=(224, 224))
               ToTensor()
               Normalize(mean=[0.485, 0.456, 0.406], std=[0.229, 0.224, 0.225])
           )
----------------------------------------
Dataset ImageFolder
    Number of datapoints: 49997
    Root location: /data/gpfs/datasets/Imagenet/val_blurred
    StandardTransform
Transform: Compose(
               Resize(size=256, interpolation=bilinear, max_size=None, antialias=None)
               CenterCrop(size=(224, 224))
               ToTensor()
               Normalize(mean=[0.485, 0.456, 0.406], std=[0.229, 0.224, 0.225])
           )
----------------------------------------
            0                      1
0   n02791124           barber_chair
1   n02823428            beer_bottle
2   n02835271  bicycle-built-for-two
3   n02840245                 binder
4   n02870880               bookcase
5   n02877765              bottlecap
6   n02992529     cellular_telephone
7   n03018349          china_cabinet
8   n03063599             coffee_mug
9   n03085013      computer_keyboard
10  n03127747           crash_helmet
11  n03180011       desktop_computer
12  n03187595         dial_telephone
13  n03376595          folding_chair
14  n03379051        football_helmet
15  n03388183           fountain_pen
16  n03485407     hand-held_computer
17  n03637318              lampshade
18  n03642806                 laptop
19  n03691459            loudspeaker
20  n03742115         medicine_chest
21  n03759954             microphone
22  n03782006                monitor
23  n03785016                  moped
24  n03792782          mountain_bike
25  n03793489                  mouse
26  n03832673               notebook
27  n03902125              pay-phone
28  n03937543            pill_bottle
29  n03983396             pop_bottle
30  n04004767                printer
31  n04009552              projector
32  n04099969          rocking_chair
33  n04152593                 screen
34  n04286575              spotlight
35  n04380533             table_lamp
36  n04476259                   tray
37  n04505470    typewriter_keyboard
38  n04557648           water_bottle
39  n04591713            wine_bottle
40  n06596364             comic_book
41  n07930864                    cup
+---+---+---+---+---+---+---+---+---+---+---+---+---+---+---+---+---+---+---+---
958
42
+---+---+---+---+---+---+---+---+---+---+---+---+---+---+---+---+---+---+---+---
958
chosen_classes_labels_names
['n01440764', 'n01443537', 'n01484850', 'n01491361', 'n01494475', 'n01496331', 'n01498041', 'n01514668', 'n01514859', 'n01518878', 'n01530575', 'n01531178', 'n01532829', 'n01534433', 'n01537544', 'n01558993', 'n01560419', 'n01580077', 'n01582220', 'n01592084', 'n01601694', 'n01608432', 'n01614925', 'n01622779', 'n01629819', 'n01630670', 'n01631663', 'n01632458', 'n01632777', 'n01641577', 'n01644373', 'n01644900', 'n01664065', 'n01665541', 'n01667114', 'n01667778', 'n01669191', 'n01675722', 'n01677366', 'n01682714', 'n01687978', 'n01688243', 'n01689811', 'n01692333', 'n01693334', 'n01694178', 'n01695060', 'n01697457', 'n01698640', 'n01704323', 'n01728572', 'n01728920', 'n01729322', 'n01729977', 'n01734418', 'n01735189', 'n01737021', 'n01739381', 'n01740131', 'n01742172', 'n01744401', 'n01748264', 'n01751748', 'n01753488', 'n01755581', 'n01756291', 'n01768244', 'n01770081', 'n01770393', 'n01773157', 'n01773549', 'n01773797', 'n01774384', 'n01774750', 'n01775062', 'n01776313', 'n01784675', 'n01795545', 'n01796340', 'n01797886', 'n01798484', 'n01806143', 'n01806567', 'n01807496', 'n01817953', 'n01818515', 'n01819313', 'n01820546', 'n01824575', 'n01828970', 'n01829413', 'n01833805', 'n01843065', 'n01843383', 'n01847000', 'n01855032', 'n01855672', 'n01860187', 'n01872401', 'n01873310', 'n01877812', 'n01882714', 'n01883070', 'n01910747', 'n01914609', 'n01917289', 'n01924916', 'n01930112', 'n01943899', 'n01944390', 'n01945685', 'n01950731', 'n01955084', 'n01968897', 'n01978287', 'n01978455', 'n01980166', 'n01981276', 'n01983481', 'n01984695', 'n01985128', 'n01986214', 'n01990800', 'n02002556', 'n02002724', 'n02006656', 'n02007558', 'n02009229', 'n02009912', 'n02012849', 'n02013706', 'n02017213', 'n02018207', 'n02018795', 'n02025239', 'n02027492', 'n02028035', 'n02033041', 'n02037110', 'n02051845', 'n02056570', 'n02066245', 'n02071294', 'n02074367', 'n02077923', 'n02085620', 'n02085782', 'n02085936', 'n02086079', 'n02086240', 'n02086646', 'n02086910', 'n02087046', 'n02087394', 'n02088094', 'n02088238', 'n02088364', 'n02088466', 'n02088632', 'n02089078', 'n02089867', 'n02089973', 'n02090379', 'n02090721', 'n02091032', 'n02091134', 'n02091244', 'n02091467', 'n02091635', 'n02091831', 'n02092002', 'n02092339', 'n02093256', 'n02093428', 'n02093647', 'n02093754', 'n02093859', 'n02093991', 'n02094114', 'n02094258', 'n02095314', 'n02095570', 'n02095889', 'n02096051', 'n02096177', 'n02096294', 'n02096437', 'n02096585', 'n02097047', 'n02097130', 'n02097209', 'n02097298', 'n02097474', 'n02097658', 'n02098105', 'n02098286', 'n02098413', 'n02099429', 'n02099712', 'n02099849', 'n02100236', 'n02100583', 'n02100735', 'n02100877', 'n02101006', 'n02101388', 'n02101556', 'n02102040', 'n02102177', 'n02102318', 'n02102480', 'n02102973', 'n02104029', 'n02104365', 'n02105056', 'n02105162', 'n02105251', 'n02105505', 'n02105641', 'n02105855', 'n02106030', 'n02106166', 'n02106550', 'n02106662', 'n02107142', 'n02107312', 'n02107574', 'n02107683', 'n02107908', 'n02108000', 'n02108089', 'n02108422', 'n02108551', 'n02108915', 'n02109525', 'n02109961', 'n02110063', 'n02110185', 'n02110341', 'n02110627', 'n02110806', 'n02110958', 'n02111129', 'n02111277', 'n02111500', 'n02111889', 'n02112018', 'n02112137', 'n02112350', 'n02112706', 'n02113023', 'n02113186', 'n02113624', 'n02113712', 'n02113799', 'n02113978', 'n02114367', 'n02114548', 'n02114712', 'n02114855', 'n02115641', 'n02115913', 'n02116738', 'n02117135', 'n02119022', 'n02119789', 'n02120079', 'n02120505', 'n02123045', 'n02123159', 'n02123394', 'n02123597', 'n02124075', 'n02125311', 'n02127052', 'n02128385', 'n02128757', 'n02128925', 'n02129165', 'n02129604', 'n02130308', 'n02132136', 'n02133161', 'n02134084', 'n02134418', 'n02137549', 'n02138441', 'n02165105', 'n02165456', 'n02167151', 'n02168699', 'n02169497', 'n02172182', 'n02174001', 'n02177972', 'n02190166', 'n02206856', 'n02219486', 'n02226429', 'n02229544', 'n02231487', 'n02233338', 'n02236044', 'n02256656', 'n02259212', 'n02264363', 'n02268443', 'n02268853', 'n02276258', 'n02277742', 'n02279972', 'n02280649', 'n02281406', 'n02281787', 'n02317335', 'n02319095', 'n02321529', 'n02325366', 'n02326432', 'n02328150', 'n02342885', 'n02346627', 'n02356798', 'n02361337', 'n02363005', 'n02364673', 'n02389026', 'n02391049', 'n02395406', 'n02396427', 'n02397096', 'n02398521', 'n02403003', 'n02408429', 'n02410509', 'n02412080', 'n02415577', 'n02417914', 'n02422106', 'n02422699', 'n02423022', 'n02437312', 'n02437616', 'n02441942', 'n02442845', 'n02443114', 'n02443484', 'n02444819', 'n02447366', 'n02454379', 'n02457408', 'n02480495', 'n02480855', 'n02481823', 'n02483362', 'n02483708', 'n02484975', 'n02486261', 'n02487347', 'n02488291', 'n02489166', 'n02490219', 'n02492035', 'n02492660', 'n02493509', 'n02493793', 'n02494079', 'n02497673', 'n02500267', 'n02504013', 'n02504458', 'n02509815', 'n02510455', 'n02514041', 'n02526121', 'n02536864', 'n02606052', 'n02607072', 'n02640242', 'n02641379', 'n02643566', 'n02655020', 'n02666196', 'n02667093', 'n02669723', 'n02672831', 'n02676566', 'n02690373', 'n02692877', 'n02699494', 'n02701002', 'n02704792', 'n02708093', 'n02727426', 'n02730930', 'n02747177', 'n02749479', 'n02769748', 'n02776631', 'n02777292', 'n02782093', 'n02783161', 'n02786058', 'n02787622', 'n02788148', 'n02790996', 'n02791124', 'n02791270', 'n02793495', 'n02795169', 'n02797295', 'n02799071', 'n02802426', 'n02804414', 'n02804610', 'n02807133', 'n02808304', 'n02808440', 'n02814533', 'n02814860', 'n02815834', 'n02817516', 'n02823428', 'n02825657', 'n02834397', 'n02835271', 'n02837789', 'n02840245', 'n02841315', 'n02843684', 'n02859443', 'n02860847', 'n02869837', 'n02870880', 'n02871525', 'n02877765', 'n02879718', 'n02883205', 'n02892201', 'n02892767', 'n02894605', 'n02895154', 'n02906734', 'n02909870', 'n02910353', 'n02916936', 'n02917067', 'n02927161', 'n02930766', 'n02939185', 'n02948072', 'n02950826', 'n02951358', 'n02951585', 'n02963159', 'n02966193', 'n02966687', 'n02974003', 'n02977058', 'n02978881', 'n02979186', 'n02980441', 'n02981792', 'n02992211', 'n02992529', 'n02999410', 'n03000134', 'n03000247', 'n03000684', 'n03014705', 'n03016953', 'n03017168', 'n03018349', 'n03026506', 'n03028079', 'n03032252', 'n03041632', 'n03042490', 'n03045698', 'n03047690', 'n03062245', 'n03063599', 'n03063689', 'n03065424', 'n03075370', 'n03085013', 'n03100240', 'n03109150', 'n03110669', 'n03124043', 'n03124170', 'n03125729', 'n03126707', 'n03127747', 'n03127925', 'n03131574', 'n03133878', 'n03134739', 'n03141823', 'n03146219', 'n03160309', 'n03179701', 'n03180011', 'n03187595', 'n03188531', 'n03196217', 'n03197337', 'n03201208', 'n03207743', 'n03207941', 'n03208938', 'n03216828', 'n03218198', 'n03220513', 'n03223299', 'n03240683', 'n03249569', 'n03250847', 'n03255030', 'n03259280', 'n03271574', 'n03272010', 'n03272562', 'n03290653', 'n03291819', 'n03297495', 'n03314780', 'n03325584', 'n03337140', 'n03344393', 'n03345487', 'n03347037', 'n03355925', 'n03372029', 'n03376595', 'n03379051', 'n03384352', 'n03388183', 'n03388549', 'n03393912', 'n03394916', 'n03400231', 'n03404251', 'n03417042', 'n03424325', 'n03425413', 'n03443371', 'n03444034', 'n03445777', 'n03445924', 'n03447447', 'n03447721', 'n03450230', 'n03452741', 'n03457902', 'n03459775', 'n03461385', 'n03467068', 'n03476684', 'n03476991', 'n03478589', 'n03481172', 'n03482405', 'n03483316', 'n03485407', 'n03485794', 'n03492542', 'n03494278', 'n03495258', 'n03496892', 'n03498962', 'n03527444', 'n03529860', 'n03530642', 'n03532672', 'n03534580', 'n03535780', 'n03538406', 'n03544143', 'n03584254', 'n03584829', 'n03590841', 'n03594734', 'n03594945', 'n03595614', 'n03598930', 'n03599486', 'n03602883', 'n03617480', 'n03623198', 'n03627232', 'n03630383', 'n03633091', 'n03637318', 'n03642806', 'n03649909', 'n03657121', 'n03658185', 'n03661043', 'n03662601', 'n03666591', 'n03670208', 'n03673027', 'n03676483', 'n03680355', 'n03690938', 'n03691459', 'n03692522', 'n03697007', 'n03706229', 'n03709823', 'n03710193', 'n03710637', 'n03710721', 'n03717622', 'n03720891', 'n03721384', 'n03724870', 'n03729826', 'n03733131', 'n03733281', 'n03733805', 'n03742115', 'n03743016', 'n03759954', 'n03761084', 'n03763968', 'n03764736', 'n03769881', 'n03770439', 'n03770679', 'n03773504', 'n03775071', 'n03775546', 'n03776460', 'n03777568', 'n03777754', 'n03781244', 'n03782006', 'n03785016', 'n03786901', 'n03787032', 'n03788195', 'n03788365', 'n03791053', 'n03792782', 'n03792972', 'n03793489', 'n03794056', 'n03796401', 'n03803284', 'n03804744', 'n03814639', 'n03814906', 'n03825788', 'n03832673', 'n03837869', 'n03838899', 'n03840681', 'n03841143', 'n03843555', 'n03854065', 'n03857828', 'n03866082', 'n03868242', 'n03868863', 'n03871628', 'n03873416', 'n03874293', 'n03874599', 'n03876231', 'n03877472', 'n03877845', 'n03884397', 'n03887697', 'n03888257', 'n03888605', 'n03891251', 'n03891332', 'n03895866', 'n03899768', 'n03902125', 'n03903868', 'n03908618', 'n03916031', 'n03920288', 'n03929660', 'n03930313', 'n03930630', 'n03933933', 'n03935335', 'n03937543', 'n03938244', 'n03942813', 'n03950228', 'n03956157', 'n03958227', 'n03961711', 'n03967562', 'n03970156', 'n03976467', 'n03976657', 'n03977966', 'n03980874', 'n03982430', 'n03983396', 'n03992509', 'n03995372', 'n03998194', 'n04004767', 'n04005630', 'n04008634', 'n04009552', 'n04019541', 'n04023962', 'n04026417', 'n04033901', 'n04033995', 'n04037443', 'n04039381', 'n04040759', 'n04041544', 'n04044716', 'n04049303', 'n04065272', 'n04067472', 'n04070727', 'n04074963', 'n04081281', 'n04090263', 'n04099969', 'n04111531', 'n04116512', 'n04118538', 'n04118776', 'n04120489', 'n04125021', 'n04127249', 'n04131690', 'n04133789', 'n04136333', 'n04141076', 'n04141327', 'n04141975', 'n04146614', 'n04147183', 'n04149813', 'n04152593', 'n04153751', 'n04154565', 'n04162706', 'n04179913', 'n04192698', 'n04200800', 'n04201297', 'n04204238', 'n04204347', 'n04208210', 'n04209133', 'n04209239', 'n04228054', 'n04229816', 'n04235860', 'n04238763', 'n04239074', 'n04243546', 'n04252077', 'n04252225', 'n04254120', 'n04254680', 'n04254777', 'n04258138', 'n04259630', 'n04263257', 'n04264628', 'n04265275', 'n04270147', 'n04273569', 'n04275548', 'n04277352', 'n04286575', 'n04296562', 'n04310018', 'n04311004', 'n04311174', 'n04317175', 'n04325704', 'n04326547', 'n04328186', 'n04330267', 'n04332243', 'n04335435', 'n04336792', 'n04346328', 'n04347754', 'n04350905', 'n04355338', 'n04355933', 'n04356056', 'n04357314', 'n04366367', 'n04367480', 'n04370456', 'n04371430', 'n04371774', 'n04372370', 'n04376876', 'n04380533', 'n04389033', 'n04392985', 'n04398044', 'n04399382', 'n04404412', 'n04409515', 'n04418357', 'n04423845', 'n04428191', 'n04429376', 'n04435653', 'n04442312', 'n04443257', 'n04447861', 'n04456115', 'n04458633', 'n04461696', 'n04462240', 'n04465501', 'n04467665', 'n04476259', 'n04479046', 'n04482393', 'n04483307', 'n04485082', 'n04486054', 'n04487081', 'n04487394', 'n04493381', 'n04501370', 'n04505470', 'n04507155', 'n04509417', 'n04515003', 'n04517823', 'n04522168', 'n04523525', 'n04525038', 'n04525305', 'n04532106', 'n04532670', 'n04536866', 'n04540053', 'n04548280', 'n04548362', 'n04550184', 'n04552348', 'n04553703', 'n04554684', 'n04557648', 'n04560804', 'n04562935', 'n04579145', 'n04579432', 'n04584207', 'n04589890', 'n04590129', 'n04591157', 'n04591713', 'n04592741', 'n04596742', 'n04597913', 'n04599235', 'n04604644', 'n04606251', 'n04612504', 'n04613696', 'n06359193', 'n06596364', 'n06785654', 'n06794110', 'n06874185', 'n07248320', 'n07565083', 'n07579787', 'n07583066', 'n07584110', 'n07590611', 'n07613480', 'n07614500', 'n07615774', 'n07684084', 'n07693725', 'n07695742', 'n07697313', 'n07697537', 'n07711569', 'n07714571', 'n07714990', 'n07715103', 'n07716358', 'n07716906', 'n07717410', 'n07717556', 'n07718472', 'n07718747', 'n07720875', 'n07730033', 'n07734744', 'n07742313', 'n07745940', 'n07749582', 'n07753113', 'n07753275', 'n07753592', 'n07754684', 'n07760859', 'n07768694', 'n07802026', 'n07831146', 'n07836838', 'n07860988', 'n07871810', 'n07873807', 'n07875152', 'n07880968', 'n07892512', 'n07920052', 'n07930864', 'n07932039', 'n09193705', 'n09229709', 'n09246464', 'n09256479', 'n09288635', 'n09332890', 'n09399592', 'n09421951', 'n09428293', 'n09468604', 'n09472597', 'n09835506', 'n10148035', 'n10565667', 'n11879895', 'n11939491', 'n12057211', 'n12144580', 'n12267677', 'n12620546', 'n12768682', 'n12985857', 'n12998815', 'n13037406', 'n13040303', 'n13044778', 'n13052670', 'n13054560', 'n13133613', 'n15075141']
            0
0   n04344873
1   n02823750
2   n03924679
3   n04266014
4   n01871265
5   n02687172
6   n02445715
7   n01749939
8   n02988304
9   n02090622
10  n03388043
11  n02865351
12  n02011460
13  n02105412
14  n03929855
15  n02109047
16  n02486410
17  n03947888
18  n03095699
19  n02099601
20  n03954731
21  n03908714
22  n02488702
23  n02106382
24  n04417672
25  n02965783
26  n02094433
27  n01685808
28  n03944341
29  n04251144
30  n03089624
31  n02058221
32  n02971356
33  n04086273
34  n04069434
35  n02794156
36  n03991062
37  n07747607
38  n02099267
39  n01616318
40  n04285008
41  n04542943
1227158
train_datast length is 1227158
47897
valid_dataset length is 47897
{0: 0, 1: 1, 2: 2, 3: 3, 4: 4, 5: 5, 6: 6, 7: 7, 8: 8, 9: 9, 10: 10, 11: 11, 12: 12, 13: 13, 14: 14, 15: 15, 16: 16, 17: 17, 18: 18, 19: 19, 20: 20, 21: 21, 22: 22, 24: 23, 25: 24, 26: 25, 27: 26, 28: 27, 29: 28, 30: 29, 31: 30, 32: 31, 33: 32, 34: 33, 35: 34, 36: 35, 37: 36, 38: 37, 39: 38, 40: 39, 42: 40, 43: 41, 44: 42, 45: 43, 46: 44, 47: 45, 48: 46, 49: 47, 50: 48, 51: 49, 52: 50, 53: 51, 54: 52, 55: 53, 56: 54, 57: 55, 58: 56, 59: 57, 60: 58, 61: 59, 62: 60, 63: 61, 65: 62, 66: 63, 67: 64, 68: 65, 69: 66, 70: 67, 71: 68, 72: 69, 73: 70, 74: 71, 75: 72, 76: 73, 77: 74, 78: 75, 79: 76, 80: 77, 81: 78, 82: 79, 83: 80, 84: 81, 85: 82, 86: 83, 87: 84, 88: 85, 89: 86, 90: 87, 91: 88, 92: 89, 93: 90, 94: 91, 95: 92, 96: 93, 97: 94, 98: 95, 99: 96, 100: 97, 102: 98, 103: 99, 104: 100, 105: 101, 106: 102, 107: 103, 108: 104, 109: 105, 110: 106, 111: 107, 112: 108, 113: 109, 114: 110, 115: 111, 116: 112, 117: 113, 118: 114, 119: 115, 120: 116, 121: 117, 122: 118, 123: 119, 124: 120, 125: 121, 126: 122, 127: 123, 128: 124, 129: 125, 130: 126, 131: 127, 132: 128, 134: 129, 135: 130, 136: 131, 137: 132, 138: 133, 139: 134, 140: 135, 141: 136, 142: 137, 143: 138, 144: 139, 145: 140, 147: 141, 148: 142, 149: 143, 150: 144, 151: 145, 152: 146, 153: 147, 154: 148, 155: 149, 156: 150, 157: 151, 158: 152, 159: 153, 160: 154, 161: 155, 162: 156, 163: 157, 164: 158, 165: 159, 166: 160, 167: 161, 168: 162, 170: 163, 171: 164, 172: 165, 173: 166, 174: 167, 175: 168, 176: 169, 177: 170, 178: 171, 179: 172, 180: 173, 181: 174, 182: 175, 183: 176, 184: 177, 185: 178, 186: 179, 188: 180, 189: 181, 190: 182, 191: 183, 192: 184, 193: 185, 194: 186, 195: 187, 196: 188, 197: 189, 198: 190, 199: 191, 200: 192, 201: 193, 202: 194, 203: 195, 204: 196, 206: 197, 208: 198, 209: 199, 210: 200, 211: 201, 212: 202, 213: 203, 214: 204, 215: 205, 216: 206, 217: 207, 218: 208, 219: 209, 220: 210, 221: 211, 222: 212, 223: 213, 224: 214, 225: 215, 226: 216, 228: 217, 229: 218, 230: 219, 231: 220, 232: 221, 234: 222, 235: 223, 236: 224, 237: 225, 238: 226, 239: 227, 240: 228, 241: 229, 242: 230, 243: 231, 244: 232, 245: 233, 247: 234, 248: 235, 249: 236, 250: 237, 251: 238, 252: 239, 253: 240, 254: 241, 255: 242, 256: 243, 257: 244, 258: 245, 259: 246, 260: 247, 261: 248, 262: 249, 263: 250, 264: 251, 265: 252, 266: 253, 267: 254, 268: 255, 269: 256, 270: 257, 271: 258, 272: 259, 273: 260, 274: 261, 275: 262, 276: 263, 277: 264, 278: 265, 279: 266, 280: 267, 281: 268, 282: 269, 283: 270, 284: 271, 285: 272, 286: 273, 287: 274, 288: 275, 289: 276, 290: 277, 291: 278, 292: 279, 293: 280, 294: 281, 295: 282, 296: 283, 297: 284, 298: 285, 299: 286, 300: 287, 301: 288, 302: 289, 303: 290, 304: 291, 305: 292, 306: 293, 307: 294, 308: 295, 309: 296, 310: 297, 311: 298, 312: 299, 313: 300, 314: 301, 315: 302, 316: 303, 317: 304, 318: 305, 319: 306, 320: 307, 321: 308, 322: 309, 323: 310, 324: 311, 325: 312, 326: 313, 327: 314, 328: 315, 329: 316, 330: 317, 331: 318, 332: 319, 333: 320, 334: 321, 335: 322, 336: 323, 337: 324, 338: 325, 339: 326, 340: 327, 341: 328, 342: 329, 343: 330, 344: 331, 345: 332, 346: 333, 347: 334, 348: 335, 349: 336, 350: 337, 351: 338, 352: 339, 353: 340, 354: 341, 355: 342, 356: 343, 357: 344, 358: 345, 359: 346, 360: 347, 362: 348, 363: 349, 364: 350, 365: 351, 366: 352, 367: 353, 368: 354, 369: 355, 370: 356, 371: 357, 373: 358, 374: 359, 376: 360, 377: 361, 378: 362, 379: 363, 380: 364, 381: 365, 382: 366, 383: 367, 384: 368, 385: 369, 386: 370, 387: 371, 388: 372, 389: 373, 390: 374, 391: 375, 392: 376, 393: 377, 394: 378, 395: 379, 396: 380, 397: 381, 398: 382, 399: 383, 400: 384, 401: 385, 402: 386, 404: 387, 405: 388, 406: 389, 407: 390, 408: 391, 409: 392, 410: 393, 411: 394, 412: 395, 413: 396, 414: 397, 415: 398, 416: 399, 417: 400, 418: 401, 419: 402, 420: 403, 421: 404, 422: 405, 423: 406, 424: 407, 425: 408, 427: 409, 428: 410, 429: 411, 430: 412, 431: 413, 432: 414, 433: 415, 434: 416, 435: 417, 436: 418, 437: 419, 438: 420, 439: 421, 440: 422, 442: 423, 443: 424, 444: 425, 445: 426, 446: 427, 447: 428, 448: 429, 449: 430, 450: 431, 452: 432, 453: 433, 454: 434, 455: 435, 456: 436, 457: 437, 458: 438, 459: 439, 460: 440, 461: 441, 462: 442, 463: 443, 464: 444, 465: 445, 466: 446, 467: 447, 468: 448, 469: 449, 470: 450, 471: 451, 472: 452, 473: 453, 474: 454, 476: 455, 477: 456, 479: 457, 480: 458, 481: 459, 482: 460, 483: 461, 484: 462, 486: 463, 487: 464, 488: 465, 489: 466, 490: 467, 491: 468, 492: 469, 493: 470, 494: 471, 495: 472, 496: 473, 497: 474, 498: 475, 499: 476, 500: 477, 501: 478, 502: 479, 503: 480, 504: 481, 505: 482, 506: 483, 507: 484, 508: 485, 511: 486, 512: 487, 513: 488, 514: 489, 515: 490, 516: 491, 517: 492, 518: 493, 519: 494, 520: 495, 521: 496, 522: 497, 523: 498, 524: 499, 525: 500, 526: 501, 527: 502, 528: 503, 529: 504, 530: 505, 531: 506, 532: 507, 533: 508, 534: 509, 535: 510, 536: 511, 537: 512, 538: 513, 539: 514, 540: 515, 541: 516, 542: 517, 543: 518, 544: 519, 545: 520, 546: 521, 547: 522, 548: 523, 549: 524, 550: 525, 551: 526, 552: 527, 553: 528, 554: 529, 555: 530, 556: 531, 557: 532, 558: 533, 559: 534, 560: 535, 561: 536, 563: 537, 564: 538, 565: 539, 566: 540, 567: 541, 568: 542, 569: 543, 570: 544, 571: 545, 572: 546, 573: 547, 574: 548, 575: 549, 576: 550, 577: 551, 578: 552, 579: 553, 580: 554, 581: 555, 582: 556, 583: 557, 584: 558, 585: 559, 586: 560, 587: 561, 588: 562, 589: 563, 590: 564, 591: 565, 592: 566, 593: 567, 594: 568, 595: 569, 596: 570, 597: 571, 598: 572, 599: 573, 600: 574, 601: 575, 602: 576, 603: 577, 604: 578, 605: 579, 606: 580, 607: 581, 608: 582, 609: 583, 610: 584, 611: 585, 612: 586, 613: 587, 614: 588, 615: 589, 616: 590, 617: 591, 618: 592, 619: 593, 620: 594, 621: 595, 622: 596, 623: 597, 624: 598, 625: 599, 626: 600, 627: 601, 628: 602, 629: 603, 630: 604, 631: 605, 632: 606, 633: 607, 634: 608, 635: 609, 636: 610, 637: 611, 638: 612, 639: 613, 640: 614, 641: 615, 642: 616, 643: 617, 644: 618, 645: 619, 646: 620, 647: 621, 648: 622, 649: 623, 650: 624, 651: 625, 652: 626, 653: 627, 654: 628, 655: 629, 656: 630, 657: 631, 658: 632, 659: 633, 660: 634, 661: 635, 662: 636, 663: 637, 664: 638, 665: 639, 666: 640, 667: 641, 668: 642, 669: 643, 670: 644, 671: 645, 672: 646, 673: 647, 674: 648, 675: 649, 676: 650, 677: 651, 678: 652, 679: 653, 680: 654, 681: 655, 682: 656, 683: 657, 684: 658, 685: 659, 686: 660, 687: 661, 688: 662, 689: 663, 690: 664, 691: 665, 692: 666, 693: 667, 694: 668, 695: 669, 696: 670, 697: 671, 698: 672, 699: 673, 700: 674, 701: 675, 702: 676, 703: 677, 704: 678, 705: 679, 706: 680, 707: 681, 708: 682, 709: 683, 711: 684, 712: 685, 714: 686, 716: 687, 717: 688, 718: 689, 719: 690, 720: 691, 721: 692, 722: 693, 725: 694, 727: 695, 728: 696, 729: 697, 730: 698, 731: 699, 732: 700, 733: 701, 734: 702, 735: 703, 736: 704, 737: 705, 739: 706, 740: 707, 741: 708, 742: 709, 743: 710, 744: 711, 745: 712, 746: 713, 747: 714, 748: 715, 749: 716, 750: 717, 751: 718, 752: 719, 753: 720, 754: 721, 755: 722, 756: 723, 757: 724, 758: 725, 760: 726, 761: 727, 762: 728, 764: 729, 765: 730, 766: 731, 767: 732, 768: 733, 769: 734, 770: 735, 771: 736, 772: 737, 773: 738, 774: 739, 775: 740, 776: 741, 777: 742, 778: 743, 779: 744, 780: 745, 781: 746, 782: 747, 783: 748, 784: 749, 785: 750, 786: 751, 787: 752, 788: 753, 789: 754, 790: 755, 791: 756, 792: 757, 793: 758, 794: 759, 795: 760, 796: 761, 797: 762, 798: 763, 799: 764, 800: 765, 802: 766, 803: 767, 804: 768, 805: 769, 806: 770, 807: 771, 808: 772, 809: 773, 810: 774, 811: 775, 813: 776, 814: 777, 815: 778, 816: 779, 818: 780, 819: 781, 820: 782, 821: 783, 822: 784, 823: 785, 824: 786, 825: 787, 826: 788, 827: 789, 828: 790, 829: 791, 830: 792, 832: 793, 833: 794, 834: 795, 835: 796, 836: 797, 837: 798, 838: 799, 839: 800, 840: 801, 841: 802, 842: 803, 843: 804, 844: 805, 845: 806, 846: 807, 847: 808, 848: 809, 849: 810, 850: 811, 851: 812, 852: 813, 854: 814, 855: 815, 856: 816, 857: 817, 858: 818, 859: 819, 860: 820, 861: 821, 862: 822, 863: 823, 864: 824, 865: 825, 866: 826, 867: 827, 868: 828, 869: 829, 870: 830, 871: 831, 872: 832, 873: 833, 874: 834, 875: 835, 876: 836, 877: 837, 878: 838, 879: 839, 880: 840, 881: 841, 882: 842, 883: 843, 884: 844, 885: 845, 886: 846, 887: 847, 888: 848, 889: 849, 890: 850, 892: 851, 893: 852, 894: 853, 895: 854, 896: 855, 897: 856, 898: 857, 899: 858, 900: 859, 901: 860, 902: 861, 903: 862, 904: 863, 905: 864, 906: 865, 907: 866, 908: 867, 909: 868, 910: 869, 911: 870, 912: 871, 913: 872, 914: 873, 915: 874, 916: 875, 917: 876, 918: 877, 919: 878, 920: 879, 921: 880, 922: 881, 923: 882, 924: 883, 925: 884, 926: 885, 927: 886, 928: 887, 929: 888, 930: 889, 931: 890, 932: 891, 933: 892, 934: 893, 935: 894, 936: 895, 937: 896, 938: 897, 939: 898, 940: 899, 941: 900, 942: 901, 943: 902, 944: 903, 945: 904, 946: 905, 947: 906, 948: 907, 949: 908, 951: 909, 952: 910, 953: 911, 954: 912, 955: 913, 956: 914, 957: 915, 958: 916, 959: 917, 960: 918, 961: 919, 962: 920, 963: 921, 964: 922, 965: 923, 966: 924, 967: 925, 968: 926, 969: 927, 970: 928, 971: 929, 972: 930, 973: 931, 974: 932, 975: 933, 976: 934, 977: 935, 978: 936, 979: 937, 980: 938, 981: 939, 982: 940, 983: 941, 984: 942, 985: 943, 986: 944, 987: 945, 988: 946, 989: 947, 990: 948, 991: 949, 992: 950, 993: 951, 994: 952, 995: 953, 996: 954, 997: 955, 998: 956, 999: 957}
training set
799
validating  set
63
