Use GPU: 1 for training
=> creating model 'alexnet'
----------------------------------------
training directory:/data/gpfs/datasets/Imagenet/train_blurred

validating directory:/data/gpfs/datasets/Imagenet/val_blurred

----------------------------------------
Dataset ImageFolder
    Number of datapoints: 1281066
    Root location: /data/gpfs/datasets/Imagenet/train_blurred
    StandardTransform
Transform: Compose(
               Resize(size=256, interpolation=bilinear, max_size=None, antialias=None)
               CenterCrop(size=(224, 224))
               ToTensor()
               Normalize(mean=[0.485, 0.456, 0.406], std=[0.229, 0.224, 0.225])
           )
----------------------------------------
Dataset ImageFolder
    Number of datapoints: 49997
    Root location: /data/gpfs/datasets/Imagenet/val_blurred
    StandardTransform
Transform: Compose(
               Resize(size=256, interpolation=bilinear, max_size=None, antialias=None)
               CenterCrop(size=(224, 224))
               ToTensor()
               Normalize(mean=[0.485, 0.456, 0.406], std=[0.229, 0.224, 0.225])
           )
----------------------------------------
            0                      1
0   n02791124           barber_chair
1   n02823428            beer_bottle
2   n02835271  bicycle-built-for-two
3   n02840245                 binder
4   n02870880               bookcase
5   n02877765              bottlecap
6   n02992529     cellular_telephone
7   n03018349          china_cabinet
8   n03063599             coffee_mug
9   n03085013      computer_keyboard
10  n03127747           crash_helmet
11  n03180011       desktop_computer
12  n03187595         dial_telephone
13  n03376595          folding_chair
14  n03379051        football_helmet
15  n03388183           fountain_pen
16  n03485407     hand-held_computer
17  n03637318              lampshade
18  n03642806                 laptop
19  n03691459            loudspeaker
20  n03742115         medicine_chest
21  n03759954             microphone
22  n03782006                monitor
23  n03785016                  moped
24  n03792782          mountain_bike
25  n03793489                  mouse
26  n03832673               notebook
27  n03902125              pay-phone
28  n03937543            pill_bottle
29  n03983396             pop_bottle
30  n04004767                printer
31  n04009552              projector
32  n04099969          rocking_chair
33  n04152593                 screen
34  n04286575              spotlight
35  n04380533             table_lamp
36  n04476259                   tray
37  n04505470    typewriter_keyboard
38  n04557648           water_bottle
39  n04591713            wine_bottle
40  n06596364             comic_book
41  n07930864                    cup
958
958
            0
0   n04344873
1   n02823750
2   n03924679
3   n04266014
4   n01871265
5   n02687172
6   n02445715
7   n01749939
8   n02988304
9   n02090622
10  n03388043
11  n02865351
12  n02011460
13  n02105412
14  n03929855
15  n02109047
16  n02486410
17  n03947888
18  n03095699
19  n02099601
20  n03954731
21  n03908714
22  n02488702
23  n02106382
24  n04417672
25  n02965783
26  n02094433
27  n01685808
28  n03944341
29  n04251144
30  n03089624
31  n02058221
32  n02971356
33  n04086273
34  n04069434
35  n02794156
36  n03991062
37  n07747607
38  n02099267
39  n01616318
40  n04285008
41  n04542943
1227158
47897
Use GPU: 0 for training
=> creating model 'alexnet'
----------------------------------------
training directory:/data/gpfs/datasets/Imagenet/train_blurred

validating directory:/data/gpfs/datasets/Imagenet/val_blurred

----------------------------------------
Dataset ImageFolder
    Number of datapoints: 1281066
    Root location: /data/gpfs/datasets/Imagenet/train_blurred
    StandardTransform
Transform: Compose(
               Resize(size=256, interpolation=bilinear, max_size=None, antialias=None)
               CenterCrop(size=(224, 224))
               ToTensor()
               Normalize(mean=[0.485, 0.456, 0.406], std=[0.229, 0.224, 0.225])
           )
----------------------------------------
Dataset ImageFolder
    Number of datapoints: 49997
    Root location: /data/gpfs/datasets/Imagenet/val_blurred
    StandardTransform
Transform: Compose(
               Resize(size=256, interpolation=bilinear, max_size=None, antialias=None)
               CenterCrop(size=(224, 224))
               ToTensor()
               Normalize(mean=[0.485, 0.456, 0.406], std=[0.229, 0.224, 0.225])
           )
----------------------------------------
            0                      1
0   n02791124           barber_chair
1   n02823428            beer_bottle
2   n02835271  bicycle-built-for-two
3   n02840245                 binder
4   n02870880               bookcase
5   n02877765              bottlecap
6   n02992529     cellular_telephone
7   n03018349          china_cabinet
8   n03063599             coffee_mug
9   n03085013      computer_keyboard
10  n03127747           crash_helmet
11  n03180011       desktop_computer
12  n03187595         dial_telephone
13  n03376595          folding_chair
14  n03379051        football_helmet
15  n03388183           fountain_pen
16  n03485407     hand-held_computer
17  n03637318              lampshade
18  n03642806                 laptop
19  n03691459            loudspeaker
20  n03742115         medicine_chest
21  n03759954             microphone
22  n03782006                monitor
23  n03785016                  moped
24  n03792782          mountain_bike
25  n03793489                  mouse
26  n03832673               notebook
27  n03902125              pay-phone
28  n03937543            pill_bottle
29  n03983396             pop_bottle
30  n04004767                printer
31  n04009552              projector
32  n04099969          rocking_chair
33  n04152593                 screen
34  n04286575              spotlight
35  n04380533             table_lamp
36  n04476259                   tray
37  n04505470    typewriter_keyboard
38  n04557648           water_bottle
39  n04591713            wine_bottle
40  n06596364             comic_book
41  n07930864                    cup
958
958
            0
0   n04344873
1   n02823750
2   n03924679
3   n04266014
4   n01871265
5   n02687172
6   n02445715
7   n01749939
8   n02988304
9   n02090622
10  n03388043
11  n02865351
12  n02011460
13  n02105412
14  n03929855
15  n02109047
16  n02486410
17  n03947888
18  n03095699
19  n02099601
20  n03954731
21  n03908714
22  n02488702
23  n02106382
24  n04417672
25  n02965783
26  n02094433
27  n01685808
28  n03944341
29  n04251144
30  n03089624
31  n02058221
32  n02971356
33  n04086273
34  n04069434
35  n02794156
36  n03991062
37  n07747607
38  n02099267
39  n01616318
40  n04285008
41  n04542943
1227158
47897
Epoch: [0][   0/4794]	Time 20.723 (20.723)	Data 19.679 (19.679)	Loss 6.9075e+00 (6.9075e+00)	Acc@1   0.00 (  0.00)	Acc@5   0.78 (  0.78)
Epoch: [0][  20/4794]	Time  3.937 ( 1.877)	Data  3.906 ( 1.767)	Loss 6.9054e+00 (6.9079e+00)	Acc@1   0.00 (  0.07)	Acc@5   1.56 (  0.60)
Epoch: [0][  40/4794]	Time  3.318 ( 1.432)	Data  3.281 ( 1.342)	Loss 6.9065e+00 (6.9077e+00)	Acc@1   0.00 (  0.13)	Acc@5   0.00 (  0.55)
Epoch: [0][  60/4794]	Time  3.456 ( 1.283)	Data  3.409 ( 1.199)	Loss 6.9063e+00 (6.9076e+00)	Acc@1   0.00 (  0.14)	Acc@5   0.00 (  0.50)
Epoch: [0][  80/4794]	Time  3.463 ( 1.202)	Data  3.426 ( 1.124)	Loss 6.9062e+00 (6.9075e+00)	Acc@1   0.00 (  0.11)	Acc@5   0.00 (  0.49)
Epoch: [0][ 100/4794]	Time  3.468 ( 1.163)	Data  3.428 ( 1.090)	Loss 6.9077e+00 (6.9074e+00)	Acc@1   0.00 (  0.09)	Acc@5   0.00 (  0.47)
Epoch: [0][ 120/4794]	Time  3.782 ( 1.134)	Data  3.748 ( 1.063)	Loss 6.9060e+00 (6.9073e+00)	Acc@1   0.00 (  0.10)	Acc@5   0.00 (  0.50)
Epoch: [0][ 140/4794]	Time  3.650 ( 1.112)	Data  3.606 ( 1.041)	Loss 6.9061e+00 (6.9072e+00)	Acc@1   0.00 (  0.09)	Acc@5   0.00 (  0.47)
Epoch: [0][ 160/4794]	Time  3.512 ( 1.096)	Data  3.480 ( 1.025)	Loss 6.9032e+00 (6.9071e+00)	Acc@1   0.00 (  0.09)	Acc@5   0.00 (  0.46)
Epoch: [0][ 180/4794]	Time  3.742 ( 1.082)	Data  3.711 ( 1.010)	Loss 6.9034e+00 (6.9070e+00)	Acc@1   0.00 (  0.08)	Acc@5   0.00 (  0.45)
Epoch: [0][ 200/4794]	Time  3.887 ( 1.072)	Data  3.834 ( 1.000)	Loss 6.9021e+00 (6.9068e+00)	Acc@1   0.00 (  0.08)	Acc@5   0.00 (  0.45)
Epoch: [0][ 220/4794]	Time  3.395 ( 1.063)	Data  3.357 ( 0.991)	Loss 6.9044e+00 (6.9066e+00)	Acc@1   0.00 (  0.09)	Acc@5   0.00 (  0.47)
Epoch: [0][ 240/4794]	Time  3.562 ( 1.057)	Data  3.530 ( 0.986)	Loss 6.8969e+00 (6.9062e+00)	Acc@1   0.78 (  0.08)	Acc@5   1.56 (  0.48)
Epoch: [0][ 260/4794]	Time  3.789 ( 1.052)	Data  3.758 ( 0.980)	Loss 6.9136e+00 (6.9059e+00)	Acc@1   0.00 (  0.09)	Acc@5   0.78 (  0.50)
Epoch: [0][ 280/4794]	Time  3.761 ( 1.051)	Data  3.728 ( 0.979)	Loss 6.9050e+00 (6.9053e+00)	Acc@1   0.00 (  0.09)	Acc@5   0.78 (  0.50)
Epoch: [0][ 300/4794]	Time  3.544 ( 1.048)	Data  3.507 ( 0.975)	Loss 6.9069e+00 (6.9044e+00)	Acc@1   0.00 (  0.09)	Acc@5   0.78 (  0.52)
Epoch: [0][ 320/4794]	Time  3.735 ( 1.048)	Data  3.694 ( 0.974)	Loss 6.8992e+00 (6.9035e+00)	Acc@1   0.00 (  0.09)	Acc@5   0.78 (  0.52)
Epoch: [0][ 340/4794]	Time  4.067 ( 1.049)	Data  4.034 ( 0.976)	Loss 6.8804e+00 (6.9024e+00)	Acc@1   0.78 (  0.09)	Acc@5   0.78 (  0.51)
Epoch: [0][ 360/4794]	Time  3.995 ( 1.048)	Data  3.964 ( 0.975)	Loss 6.8769e+00 (6.9015e+00)	Acc@1   0.00 (  0.10)	Acc@5   0.78 (  0.53)
Epoch: [0][ 380/4794]	Time  3.806 ( 1.047)	Data  3.768 ( 0.973)	Loss 6.8804e+00 (6.9004e+00)	Acc@1   0.00 (  0.10)	Acc@5   0.78 (  0.53)
Epoch: [0][ 400/4794]	Time  3.788 ( 1.046)	Data  3.757 ( 0.973)	Loss 6.8710e+00 (6.8995e+00)	Acc@1   0.00 (  0.10)	Acc@5   0.00 (  0.52)
Epoch: [0][ 420/4794]	Time  4.050 ( 1.044)	Data  4.010 ( 0.971)	Loss 6.8598e+00 (6.8985e+00)	Acc@1   0.00 (  0.10)	Acc@5   0.78 (  0.51)
Epoch: [0][ 440/4794]	Time  3.621 ( 1.045)	Data  3.589 ( 0.971)	Loss 6.8577e+00 (6.8975e+00)	Acc@1   0.00 (  0.10)	Acc@5   1.56 (  0.52)
Epoch: [0][ 460/4794]	Time  3.777 ( 1.044)	Data  3.740 ( 0.970)	Loss 6.8826e+00 (6.8964e+00)	Acc@1   0.00 (  0.09)	Acc@5   0.00 (  0.52)
Epoch: [0][ 480/4794]	Time  4.076 ( 1.043)	Data  4.045 ( 0.970)	Loss 6.8395e+00 (6.8953e+00)	Acc@1   0.00 (  0.10)	Acc@5   2.34 (  0.53)
Epoch: [0][ 500/4794]	Time  3.803 ( 1.042)	Data  3.760 ( 0.968)	Loss 6.8383e+00 (6.8942e+00)	Acc@1   0.00 (  0.10)	Acc@5   0.78 (  0.53)
Epoch: [0][ 520/4794]	Time  3.785 ( 1.042)	Data  3.741 ( 0.968)	Loss 6.8103e+00 (6.8926e+00)	Acc@1   0.78 (  0.10)	Acc@5   1.56 (  0.53)
Epoch: [0][ 540/4794]	Time  4.340 ( 1.043)	Data  4.301 ( 0.969)	Loss 6.8175e+00 (6.8909e+00)	Acc@1   0.00 (  0.10)	Acc@5   1.56 (  0.54)
Epoch: [0][ 560/4794]	Time  3.530 ( 1.041)	Data  3.493 ( 0.967)	Loss 6.8220e+00 (6.8895e+00)	Acc@1   0.00 (  0.10)	Acc@5   1.56 (  0.54)
Epoch: [0][ 580/4794]	Time  3.798 ( 1.040)	Data  3.742 ( 0.966)	Loss 6.8360e+00 (6.8884e+00)	Acc@1   0.00 (  0.09)	Acc@5   0.00 (  0.54)
Epoch: [0][ 600/4794]	Time  3.968 ( 1.040)	Data  3.937 ( 0.966)	Loss 6.8909e+00 (6.8869e+00)	Acc@1   0.00 (  0.09)	Acc@5   0.00 (  0.53)
Epoch: [0][ 620/4794]	Time  3.840 ( 1.040)	Data  3.799 ( 0.965)	Loss 6.7651e+00 (6.8855e+00)	Acc@1   0.00 (  0.09)	Acc@5   3.12 (  0.54)
Epoch: [0][ 640/4794]	Time  3.996 ( 1.039)	Data  3.965 ( 0.964)	Loss 6.8512e+00 (6.8839e+00)	Acc@1   0.00 (  0.10)	Acc@5   0.00 (  0.54)
Epoch: [0][ 660/4794]	Time  4.254 ( 1.039)	Data  4.215 ( 0.965)	Loss 6.8748e+00 (6.8828e+00)	Acc@1   0.00 (  0.09)	Acc@5   0.00 (  0.54)
Epoch: [0][ 680/4794]	Time  3.506 ( 1.039)	Data  3.471 ( 0.965)	Loss 6.8406e+00 (6.8816e+00)	Acc@1   0.00 (  0.10)	Acc@5   0.00 (  0.54)
Epoch: [0][ 700/4794]	Time  3.926 ( 1.040)	Data  3.886 ( 0.965)	Loss 6.8565e+00 (6.8803e+00)	Acc@1   0.00 (  0.10)	Acc@5   0.78 (  0.55)
Epoch: [0][ 720/4794]	Time  3.887 ( 1.040)	Data  3.848 ( 0.965)	Loss 6.8260e+00 (6.8790e+00)	Acc@1   0.00 (  0.10)	Acc@5   0.78 (  0.56)
Epoch: [0][ 740/4794]	Time  3.763 ( 1.039)	Data  3.721 ( 0.964)	Loss 6.8020e+00 (6.8776e+00)	Acc@1   0.00 (  0.10)	Acc@5   0.00 (  0.56)
Epoch: [0][ 760/4794]	Time  4.274 ( 1.038)	Data  4.234 ( 0.964)	Loss 6.8828e+00 (6.8761e+00)	Acc@1   0.00 (  0.10)	Acc@5   0.78 (  0.56)
Epoch: [0][ 780/4794]	Time  3.744 ( 1.038)	Data  3.713 ( 0.964)	Loss 6.8053e+00 (6.8747e+00)	Acc@1   0.00 (  0.10)	Acc@5   2.34 (  0.57)
Epoch: [0][ 800/4794]	Time  4.258 ( 1.038)	Data  4.227 ( 0.964)	Loss 6.8034e+00 (6.8736e+00)	Acc@1   0.00 (  0.10)	Acc@5   2.34 (  0.56)
Epoch: [0][ 820/4794]	Time  3.938 ( 1.038)	Data  3.902 ( 0.964)	Loss 6.8132e+00 (6.8724e+00)	Acc@1   1.56 (  0.10)	Acc@5   2.34 (  0.56)
Epoch: [0][ 840/4794]	Time  3.391 ( 1.038)	Data  3.359 ( 0.964)	Loss 6.8042e+00 (6.8711e+00)	Acc@1   0.78 (  0.10)	Acc@5   0.78 (  0.57)
Epoch: [0][ 860/4794]	Time  3.331 ( 1.037)	Data  3.299 ( 0.964)	Loss 6.8072e+00 (6.8699e+00)	Acc@1   1.56 (  0.10)	Acc@5   1.56 (  0.57)
Epoch: [0][ 880/4794]	Time  3.415 ( 1.037)	Data  3.377 ( 0.964)	Loss 6.7893e+00 (6.8686e+00)	Acc@1   0.00 (  0.10)	Acc@5   0.00 (  0.57)
Epoch: [0][ 900/4794]	Time  2.357 ( 1.036)	Data  2.311 ( 0.963)	Loss 6.8318e+00 (6.8672e+00)	Acc@1   0.00 (  0.10)	Acc@5   0.00 (  0.58)
Epoch: [0][ 920/4794]	Time  1.533 ( 1.034)	Data  1.502 ( 0.962)	Loss 6.8683e+00 (6.8660e+00)	Acc@1   0.00 (  0.11)	Acc@5   0.00 (  0.58)
Epoch: [0][ 940/4794]	Time  1.657 ( 1.033)	Data  1.620 ( 0.961)	Loss 6.8673e+00 (6.8650e+00)	Acc@1   0.78 (  0.11)	Acc@5   0.78 (  0.58)
Epoch: [0][ 960/4794]	Time  2.840 ( 1.033)	Data  2.794 ( 0.961)	Loss 6.8225e+00 (6.8640e+00)	Acc@1   0.78 (  0.11)	Acc@5   1.56 (  0.59)
Epoch: [0][ 980/4794]	Time  3.016 ( 1.032)	Data  2.979 ( 0.960)	Loss 6.7965e+00 (6.8624e+00)	Acc@1   0.78 (  0.11)	Acc@5   0.78 (  0.60)
Epoch: [0][1000/4794]	Time  2.992 ( 1.032)	Data  2.958 ( 0.960)	Loss 6.7983e+00 (6.8614e+00)	Acc@1   0.78 (  0.11)	Acc@5   0.78 (  0.60)
Epoch: [0][1020/4794]	Time  3.142 ( 1.032)	Data  3.094 ( 0.961)	Loss 6.8035e+00 (6.8601e+00)	Acc@1   0.00 (  0.11)	Acc@5   0.78 (  0.60)
Epoch: [0][1040/4794]	Time  3.870 ( 1.032)	Data  3.837 ( 0.961)	Loss 6.8002e+00 (6.8586e+00)	Acc@1   0.00 (  0.11)	Acc@5   0.78 (  0.61)
Epoch: [0][1060/4794]	Time  2.687 ( 1.031)	Data  2.652 ( 0.960)	Loss 6.8307e+00 (6.8574e+00)	Acc@1   0.00 (  0.11)	Acc@5   0.78 (  0.61)
Epoch: [0][1080/4794]	Time  1.669 ( 1.030)	Data  1.637 ( 0.960)	Loss 6.6833e+00 (6.8560e+00)	Acc@1   0.00 (  0.12)	Acc@5   1.56 (  0.63)
Epoch: [0][1100/4794]	Time  1.801 ( 1.030)	Data  1.770 ( 0.959)	Loss 6.6804e+00 (6.8545e+00)	Acc@1   0.00 (  0.12)	Acc@5   1.56 (  0.64)
Epoch: [0][1120/4794]	Time  1.409 ( 1.029)	Data  1.371 ( 0.959)	Loss 6.7773e+00 (6.8536e+00)	Acc@1   0.00 (  0.12)	Acc@5   0.00 (  0.65)
Epoch: [0][1140/4794]	Time  0.709 ( 1.029)	Data  0.667 ( 0.959)	Loss 6.7264e+00 (6.8522e+00)	Acc@1   0.00 (  0.12)	Acc@5   1.56 (  0.66)
Epoch: [0][1160/4794]	Time  0.609 ( 1.028)	Data  0.571 ( 0.959)	Loss 6.8377e+00 (6.8514e+00)	Acc@1   0.78 (  0.12)	Acc@5   0.78 (  0.66)
Epoch: [0][1180/4794]	Time  0.087 ( 1.028)	Data  0.000 ( 0.959)	Loss 6.8274e+00 (6.8504e+00)	Acc@1   0.00 (  0.12)	Acc@5   0.00 (  0.67)
Epoch: [0][1200/4794]	Time  0.722 ( 1.028)	Data  0.683 ( 0.958)	Loss 6.8311e+00 (6.8492e+00)	Acc@1   0.00 (  0.12)	Acc@5   0.00 (  0.67)
Epoch: [0][1220/4794]	Time  0.082 ( 1.028)	Data  0.013 ( 0.958)	Loss 6.7138e+00 (6.8481e+00)	Acc@1   0.00 (  0.12)	Acc@5   0.78 (  0.68)
Epoch: [0][1240/4794]	Time  0.638 ( 1.028)	Data  0.607 ( 0.959)	Loss 6.7307e+00 (6.8470e+00)	Acc@1   0.00 (  0.13)	Acc@5   0.00 (  0.69)
Epoch: [0][1260/4794]	Time  0.483 ( 1.028)	Data  0.451 ( 0.959)	Loss 6.7032e+00 (6.8457e+00)	Acc@1   0.78 (  0.13)	Acc@5   2.34 (  0.69)
Epoch: [0][1280/4794]	Time  0.158 ( 1.027)	Data  0.114 ( 0.958)	Loss 6.8033e+00 (6.8446e+00)	Acc@1   0.00 (  0.13)	Acc@5   0.78 (  0.70)
Epoch: [0][1300/4794]	Time  0.562 ( 1.027)	Data  0.530 ( 0.958)	Loss 6.7834e+00 (6.8433e+00)	Acc@1   0.78 (  0.13)	Acc@5   0.78 (  0.71)
Epoch: [0][1320/4794]	Time  0.518 ( 1.027)	Data  0.486 ( 0.958)	Loss 6.7747e+00 (6.8423e+00)	Acc@1   0.00 (  0.13)	Acc@5   0.78 (  0.71)
Epoch: [0][1340/4794]	Time  1.276 ( 1.027)	Data  1.244 ( 0.958)	Loss 6.7451e+00 (6.8413e+00)	Acc@1   1.56 (  0.14)	Acc@5   3.12 (  0.72)
Epoch: [0][1360/4794]	Time  1.080 ( 1.026)	Data  1.048 ( 0.958)	Loss 6.8091e+00 (6.8401e+00)	Acc@1   0.00 (  0.14)	Acc@5   0.78 (  0.72)
Epoch: [0][1380/4794]	Time  1.016 ( 1.026)	Data  0.985 ( 0.957)	Loss 6.8250e+00 (6.8392e+00)	Acc@1   1.56 (  0.14)	Acc@5   3.12 (  0.74)
Epoch: [0][1400/4794]	Time  0.440 ( 1.025)	Data  0.408 ( 0.957)	Loss 6.7581e+00 (6.8381e+00)	Acc@1   0.00 (  0.14)	Acc@5   2.34 (  0.74)
Epoch: [0][1420/4794]	Time  1.446 ( 1.025)	Data  1.413 ( 0.957)	Loss 6.6824e+00 (6.8370e+00)	Acc@1   0.00 (  0.14)	Acc@5   2.34 (  0.74)
Epoch: [0][1440/4794]	Time  2.348 ( 1.025)	Data  2.315 ( 0.958)	Loss 6.7992e+00 (6.8358e+00)	Acc@1   0.00 (  0.14)	Acc@5   0.00 (  0.75)
Epoch: [0][1460/4794]	Time  2.596 ( 1.025)	Data  2.565 ( 0.957)	Loss 6.7367e+00 (6.8348e+00)	Acc@1   0.00 (  0.14)	Acc@5   2.34 (  0.76)
Epoch: [0][1480/4794]	Time  2.472 ( 1.025)	Data  2.441 ( 0.958)	Loss 6.7130e+00 (6.8337e+00)	Acc@1   0.00 (  0.15)	Acc@5   3.91 (  0.77)
Epoch: [0][1500/4794]	Time  2.549 ( 1.025)	Data  2.517 ( 0.958)	Loss 6.7355e+00 (6.8323e+00)	Acc@1   0.00 (  0.15)	Acc@5   0.00 (  0.78)
Epoch: [0][1520/4794]	Time  2.806 ( 1.025)	Data  2.765 ( 0.958)	Loss 6.7520e+00 (6.8314e+00)	Acc@1   0.00 (  0.15)	Acc@5   0.00 (  0.78)
Epoch: [0][1540/4794]	Time  1.544 ( 1.024)	Data  1.513 ( 0.957)	Loss 6.7154e+00 (6.8301e+00)	Acc@1   0.00 (  0.16)	Acc@5   0.00 (  0.79)
Epoch: [0][1560/4794]	Time  2.250 ( 1.024)	Data  2.200 ( 0.958)	Loss 6.8248e+00 (6.8291e+00)	Acc@1   0.00 (  0.16)	Acc@5   0.00 (  0.79)
Epoch: [0][1580/4794]	Time  2.732 ( 1.024)	Data  2.701 ( 0.957)	Loss 6.7594e+00 (6.8282e+00)	Acc@1   0.78 (  0.16)	Acc@5   2.34 (  0.80)
Epoch: [0][1600/4794]	Time  3.340 ( 1.023)	Data  3.309 ( 0.957)	Loss 6.7473e+00 (6.8270e+00)	Acc@1   0.00 (  0.16)	Acc@5   0.78 (  0.80)
Epoch: [0][1620/4794]	Time  3.276 ( 1.023)	Data  3.240 ( 0.957)	Loss 6.6640e+00 (6.8258e+00)	Acc@1   0.78 (  0.16)	Acc@5   2.34 (  0.81)
Epoch: [0][1640/4794]	Time  2.449 ( 1.022)	Data  2.418 ( 0.956)	Loss 6.7287e+00 (6.8248e+00)	Acc@1   0.78 (  0.16)	Acc@5   0.78 (  0.82)
Epoch: [0][1660/4794]	Time  2.637 ( 1.022)	Data  2.590 ( 0.956)	Loss 6.7416e+00 (6.8235e+00)	Acc@1   0.78 (  0.16)	Acc@5   1.56 (  0.82)
Epoch: [0][1680/4794]	Time  1.619 ( 1.022)	Data  1.576 ( 0.956)	Loss 6.7144e+00 (6.8221e+00)	Acc@1   0.00 (  0.16)	Acc@5   0.00 (  0.82)
Epoch: [0][1700/4794]	Time  0.892 ( 1.021)	Data  0.860 ( 0.955)	Loss 6.6660e+00 (6.8206e+00)	Acc@1   0.00 (  0.16)	Acc@5   0.78 (  0.82)
Epoch: [0][1720/4794]	Time  0.997 ( 1.021)	Data  0.957 ( 0.955)	Loss 6.6749e+00 (6.8188e+00)	Acc@1   0.00 (  0.17)	Acc@5   0.78 (  0.83)
Epoch: [0][1740/4794]	Time  0.653 ( 1.020)	Data  0.621 ( 0.955)	Loss 6.6839e+00 (6.8167e+00)	Acc@1   0.00 (  0.17)	Acc@5   1.56 (  0.84)
Epoch: [0][1760/4794]	Time  0.089 ( 1.020)	Data  0.000 ( 0.955)	Loss 6.6852e+00 (6.8149e+00)	Acc@1   0.00 (  0.17)	Acc@5   0.00 (  0.85)
Epoch: [0][1780/4794]	Time  0.210 ( 1.020)	Data  0.173 ( 0.954)	Loss 6.5831e+00 (6.8129e+00)	Acc@1   0.00 (  0.17)	Acc@5   2.34 (  0.86)
Epoch: [0][1800/4794]	Time  0.087 ( 1.019)	Data  0.000 ( 0.954)	Loss 6.6913e+00 (6.8108e+00)	Acc@1   0.78 (  0.18)	Acc@5   1.56 (  0.87)
Epoch: [0][1820/4794]	Time  0.080 ( 1.019)	Data  0.000 ( 0.953)	Loss 6.6379e+00 (6.8087e+00)	Acc@1   1.56 (  0.18)	Acc@5   3.12 (  0.88)
Epoch: [0][1840/4794]	Time  0.084 ( 1.019)	Data  0.000 ( 0.954)	Loss 6.5870e+00 (6.8066e+00)	Acc@1   0.00 (  0.18)	Acc@5   0.78 (  0.89)
Epoch: [0][1860/4794]	Time  0.081 ( 1.018)	Data  0.000 ( 0.953)	Loss 6.6874e+00 (6.8046e+00)	Acc@1   0.00 (  0.18)	Acc@5   0.78 (  0.90)
Epoch: [0][1880/4794]	Time  0.638 ( 1.018)	Data  0.598 ( 0.953)	Loss 6.5692e+00 (6.8025e+00)	Acc@1   0.00 (  0.18)	Acc@5   0.78 (  0.91)
Epoch: [0][1900/4794]	Time  1.386 ( 1.019)	Data  1.354 ( 0.953)	Loss 6.5706e+00 (6.8001e+00)	Acc@1   0.78 (  0.19)	Acc@5   0.78 (  0.92)
Epoch: [0][1920/4794]	Time  1.353 ( 1.018)	Data  1.321 ( 0.953)	Loss 6.5759e+00 (6.7978e+00)	Acc@1   0.00 (  0.19)	Acc@5   1.56 (  0.94)
Epoch: [0][1940/4794]	Time  2.080 ( 1.018)	Data  2.049 ( 0.953)	Loss 6.5220e+00 (6.7953e+00)	Acc@1   0.00 (  0.20)	Acc@5   0.78 (  0.95)
Epoch: [0][1960/4794]	Time  1.942 ( 1.017)	Data  1.905 ( 0.952)	Loss 6.5803e+00 (6.7933e+00)	Acc@1   1.56 (  0.20)	Acc@5   6.25 (  0.96)
Epoch: [0][1980/4794]	Time  1.201 ( 1.016)	Data  1.170 ( 0.951)	Loss 6.5321e+00 (6.7907e+00)	Acc@1   0.00 (  0.20)	Acc@5   1.56 (  0.97)
Epoch: [0][2000/4794]	Time  0.524 ( 1.016)	Data  0.488 ( 0.951)	Loss 6.5027e+00 (6.7882e+00)	Acc@1   1.56 (  0.20)	Acc@5   2.34 (  0.98)
Epoch: [0][2020/4794]	Time  0.094 ( 1.016)	Data  0.000 ( 0.951)	Loss 6.5189e+00 (6.7860e+00)	Acc@1   0.78 (  0.20)	Acc@5   3.91 (  0.99)
Epoch: [0][2040/4794]	Time  0.089 ( 1.015)	Data  0.000 ( 0.950)	Loss 6.5363e+00 (6.7835e+00)	Acc@1   0.00 (  0.21)	Acc@5   1.56 (  1.00)
Epoch: [0][2060/4794]	Time  0.196 ( 1.015)	Data  0.165 ( 0.950)	Loss 6.4706e+00 (6.7809e+00)	Acc@1   0.00 (  0.21)	Acc@5   1.56 (  1.02)
Epoch: [0][2080/4794]	Time  0.439 ( 1.014)	Data  0.407 ( 0.950)	Loss 6.5797e+00 (6.7784e+00)	Acc@1   0.78 (  0.22)	Acc@5   2.34 (  1.04)
Epoch: [0][2100/4794]	Time  0.203 ( 1.014)	Data  0.167 ( 0.949)	Loss 6.5866e+00 (6.7760e+00)	Acc@1   0.00 (  0.22)	Acc@5   1.56 (  1.05)
Epoch: [0][2120/4794]	Time  0.090 ( 1.013)	Data  0.000 ( 0.949)	Loss 6.5836e+00 (6.7734e+00)	Acc@1   0.00 (  0.22)	Acc@5   3.12 (  1.07)
Epoch: [0][2140/4794]	Time  0.083 ( 1.013)	Data  0.000 ( 0.948)	Loss 6.4032e+00 (6.7706e+00)	Acc@1   2.34 (  0.22)	Acc@5   6.25 (  1.08)
Epoch: [0][2160/4794]	Time  0.096 ( 1.012)	Data  0.000 ( 0.947)	Loss 6.4626e+00 (6.7679e+00)	Acc@1   0.00 (  0.23)	Acc@5   3.91 (  1.10)
Epoch: [0][2180/4794]	Time  0.081 ( 1.012)	Data  0.000 ( 0.947)	Loss 6.2621e+00 (6.7648e+00)	Acc@1   1.56 (  0.23)	Acc@5   3.91 (  1.11)
Epoch: [0][2200/4794]	Time  0.089 ( 1.011)	Data  0.000 ( 0.946)	Loss 6.3637e+00 (6.7621e+00)	Acc@1   0.00 (  0.24)	Acc@5   4.69 (  1.13)
Epoch: [0][2220/4794]	Time  0.085 ( 1.011)	Data  0.000 ( 0.946)	Loss 6.3965e+00 (6.7593e+00)	Acc@1   0.00 (  0.24)	Acc@5   3.12 (  1.14)
Epoch: [0][2240/4794]	Time  0.098 ( 1.011)	Data  0.000 ( 0.946)	Loss 6.5541e+00 (6.7565e+00)	Acc@1   0.00 (  0.24)	Acc@5   0.78 (  1.16)
Epoch: [0][2260/4794]	Time  0.082 ( 1.011)	Data  0.000 ( 0.946)	Loss 6.3689e+00 (6.7536e+00)	Acc@1   1.56 (  0.25)	Acc@5   3.12 (  1.17)
Epoch: [0][2280/4794]	Time  0.077 ( 1.011)	Data  0.000 ( 0.945)	Loss 6.3534e+00 (6.7503e+00)	Acc@1   0.78 (  0.25)	Acc@5   2.34 (  1.19)
Epoch: [0][2300/4794]	Time  0.082 ( 1.010)	Data  0.000 ( 0.945)	Loss 6.3832e+00 (6.7470e+00)	Acc@1   0.00 (  0.26)	Acc@5   1.56 (  1.21)
Epoch: [0][2320/4794]	Time  0.082 ( 1.010)	Data  0.000 ( 0.944)	Loss 6.5453e+00 (6.7439e+00)	Acc@1   0.00 (  0.26)	Acc@5   0.00 (  1.24)
Epoch: [0][2340/4794]	Time  0.094 ( 1.009)	Data  0.000 ( 0.943)	Loss 6.4060e+00 (6.7405e+00)	Acc@1   0.78 (  0.27)	Acc@5   4.69 (  1.26)
Epoch: [0][2360/4794]	Time  0.058 ( 1.008)	Data  0.000 ( 0.942)	Loss 6.3845e+00 (6.7374e+00)	Acc@1   0.78 (  0.28)	Acc@5   3.12 (  1.29)
Epoch: [0][2380/4794]	Time  0.094 ( 1.007)	Data  0.000 ( 0.941)	Loss 6.3199e+00 (6.7342e+00)	Acc@1   0.00 (  0.28)	Acc@5   3.91 (  1.31)
Epoch: [0][2400/4794]	Time  0.086 ( 1.006)	Data  0.000 ( 0.940)	Loss 6.2374e+00 (6.7309e+00)	Acc@1   0.00 (  0.29)	Acc@5   3.91 (  1.33)
Epoch: [0][2420/4794]	Time  0.087 ( 1.005)	Data  0.000 ( 0.937)	Loss 6.2685e+00 (6.7274e+00)	Acc@1   0.78 (  0.29)	Acc@5   1.56 (  1.35)
Epoch: [0][2440/4794]	Time  0.085 ( 1.004)	Data  0.000 ( 0.934)	Loss 6.4665e+00 (6.7240e+00)	Acc@1   0.00 (  0.30)	Acc@5   3.12 (  1.38)
Epoch: [0][2460/4794]	Time  0.077 ( 1.004)	Data  0.000 ( 0.932)	Loss 6.1551e+00 (6.7205e+00)	Acc@1   2.34 (  0.31)	Acc@5   6.25 (  1.40)
Epoch: [0][2480/4794]	Time  0.096 ( 1.003)	Data  0.000 ( 0.927)	Loss 6.3707e+00 (6.7168e+00)	Acc@1   0.00 (  0.31)	Acc@5   2.34 (  1.43)
Epoch: [0][2500/4794]	Time  0.100 ( 1.002)	Data  0.000 ( 0.924)	Loss 6.1962e+00 (6.7128e+00)	Acc@1   2.34 (  0.32)	Acc@5   7.03 (  1.46)
Epoch: [0][2520/4794]	Time  0.083 ( 1.002)	Data  0.000 ( 0.921)	Loss 6.2820e+00 (6.7086e+00)	Acc@1   0.78 (  0.33)	Acc@5   3.12 (  1.50)
Epoch: [0][2540/4794]	Time  0.082 ( 1.001)	Data  0.000 ( 0.919)	Loss 6.3102e+00 (6.7049e+00)	Acc@1   0.00 (  0.34)	Acc@5   0.78 (  1.52)
Epoch: [0][2560/4794]	Time  0.074 ( 1.000)	Data  0.000 ( 0.917)	Loss 6.2888e+00 (6.7011e+00)	Acc@1   0.78 (  0.35)	Acc@5   7.03 (  1.56)
Epoch: [0][2580/4794]	Time  0.099 ( 0.999)	Data  0.000 ( 0.915)	Loss 6.1776e+00 (6.6973e+00)	Acc@1   0.00 (  0.35)	Acc@5   5.47 (  1.58)
Epoch: [0][2600/4794]	Time  0.096 ( 0.998)	Data  0.000 ( 0.913)	Loss 5.9679e+00 (6.6933e+00)	Acc@1   3.12 (  0.36)	Acc@5   5.47 (  1.62)
Epoch: [0][2620/4794]	Time  0.082 ( 0.997)	Data  0.000 ( 0.912)	Loss 6.1972e+00 (6.6891e+00)	Acc@1   0.78 (  0.37)	Acc@5   3.91 (  1.65)
Epoch: [0][2640/4794]	Time  0.108 ( 0.996)	Data  0.000 ( 0.911)	Loss 6.1707e+00 (6.6852e+00)	Acc@1   1.56 (  0.38)	Acc@5   7.81 (  1.68)
Epoch: [0][2660/4794]	Time  0.097 ( 0.995)	Data  0.000 ( 0.910)	Loss 6.0165e+00 (6.6811e+00)	Acc@1   5.47 (  0.39)	Acc@5  10.94 (  1.71)
Epoch: [0][2680/4794]	Time  0.090 ( 0.994)	Data  0.000 ( 0.910)	Loss 6.1450e+00 (6.6767e+00)	Acc@1   1.56 (  0.40)	Acc@5   7.81 (  1.74)
Epoch: [0][2700/4794]	Time  0.083 ( 0.994)	Data  0.000 ( 0.908)	Loss 6.0144e+00 (6.6725e+00)	Acc@1   1.56 (  0.41)	Acc@5   4.69 (  1.78)
Epoch: [0][2720/4794]	Time  0.083 ( 0.993)	Data  0.000 ( 0.906)	Loss 6.0181e+00 (6.6680e+00)	Acc@1   3.12 (  0.42)	Acc@5   9.38 (  1.82)
Epoch: [0][2740/4794]	Time  0.095 ( 0.992)	Data  0.000 ( 0.904)	Loss 6.1727e+00 (6.6633e+00)	Acc@1   0.78 (  0.43)	Acc@5   6.25 (  1.85)
Epoch: [0][2760/4794]	Time  0.092 ( 0.991)	Data  0.000 ( 0.903)	Loss 6.1525e+00 (6.6591e+00)	Acc@1   2.34 (  0.44)	Acc@5   7.03 (  1.89)
Epoch: [0][2780/4794]	Time  0.097 ( 0.990)	Data  0.000 ( 0.901)	Loss 6.0351e+00 (6.6545e+00)	Acc@1   0.78 (  0.45)	Acc@5   4.69 (  1.92)
Epoch: [0][2800/4794]	Time  0.081 ( 0.989)	Data  0.000 ( 0.900)	Loss 5.9895e+00 (6.6502e+00)	Acc@1   1.56 (  0.46)	Acc@5   7.81 (  1.96)
Epoch: [0][2820/4794]	Time  0.071 ( 0.989)	Data  0.000 ( 0.899)	Loss 6.0159e+00 (6.6457e+00)	Acc@1   2.34 (  0.47)	Acc@5   5.47 (  1.99)
Epoch: [0][2840/4794]	Time  0.076 ( 0.988)	Data  0.000 ( 0.898)	Loss 6.0973e+00 (6.6410e+00)	Acc@1   2.34 (  0.48)	Acc@5   9.38 (  2.03)
Epoch: [0][2860/4794]	Time  0.072 ( 0.987)	Data  0.000 ( 0.897)	Loss 6.0179e+00 (6.6365e+00)	Acc@1   1.56 (  0.49)	Acc@5   4.69 (  2.06)
Epoch: [0][2880/4794]	Time  0.089 ( 0.986)	Data  0.000 ( 0.896)	Loss 5.9817e+00 (6.6318e+00)	Acc@1   1.56 (  0.50)	Acc@5   8.59 (  2.10)
Epoch: [0][2900/4794]	Time  0.092 ( 0.985)	Data  0.000 ( 0.895)	Loss 6.1424e+00 (6.6275e+00)	Acc@1   0.00 (  0.50)	Acc@5   3.12 (  2.14)
Epoch: [0][2920/4794]	Time  0.089 ( 0.984)	Data  0.000 ( 0.895)	Loss 5.9597e+00 (6.6229e+00)	Acc@1   0.78 (  0.52)	Acc@5   6.25 (  2.18)
Epoch: [0][2940/4794]	Time  0.081 ( 0.984)	Data  0.000 ( 0.894)	Loss 5.8980e+00 (6.6183e+00)	Acc@1   3.12 (  0.53)	Acc@5   6.25 (  2.22)
Epoch: [0][2960/4794]	Time  0.083 ( 0.983)	Data  0.000 ( 0.894)	Loss 6.0161e+00 (6.6140e+00)	Acc@1   1.56 (  0.54)	Acc@5   4.69 (  2.25)
Epoch: [0][2980/4794]	Time  0.116 ( 0.983)	Data  0.000 ( 0.893)	Loss 5.7901e+00 (6.6097e+00)	Acc@1   0.78 (  0.55)	Acc@5   7.03 (  2.29)
Epoch: [0][3000/4794]	Time  0.093 ( 0.982)	Data  0.000 ( 0.890)	Loss 5.8862e+00 (6.6055e+00)	Acc@1   0.00 (  0.56)	Acc@5   3.12 (  2.33)
Epoch: [0][3020/4794]	Time  0.080 ( 0.982)	Data  0.000 ( 0.886)	Loss 5.8364e+00 (6.6005e+00)	Acc@1   0.78 (  0.57)	Acc@5   6.25 (  2.37)
Epoch: [0][3040/4794]	Time  0.111 ( 0.981)	Data  0.000 ( 0.883)	Loss 5.8451e+00 (6.5959e+00)	Acc@1   1.56 (  0.58)	Acc@5   7.81 (  2.41)
Epoch: [0][3060/4794]	Time  0.081 ( 0.981)	Data  0.000 ( 0.880)	Loss 6.1064e+00 (6.5912e+00)	Acc@1   0.78 (  0.59)	Acc@5   6.25 (  2.45)
Epoch: [0][3080/4794]	Time  0.073 ( 0.980)	Data  0.000 ( 0.875)	Loss 6.1141e+00 (6.5869e+00)	Acc@1   3.12 (  0.61)	Acc@5   5.47 (  2.49)
Epoch: [0][3100/4794]	Time  0.100 ( 0.980)	Data  0.000 ( 0.872)	Loss 5.8730e+00 (6.5824e+00)	Acc@1   2.34 (  0.62)	Acc@5   9.38 (  2.54)
Epoch: [0][3120/4794]	Time  0.094 ( 0.979)	Data  0.000 ( 0.870)	Loss 5.9369e+00 (6.5779e+00)	Acc@1   2.34 (  0.63)	Acc@5   7.81 (  2.58)
Epoch: [0][3140/4794]	Time  0.083 ( 0.978)	Data  0.000 ( 0.869)	Loss 5.7963e+00 (6.5732e+00)	Acc@1   2.34 (  0.65)	Acc@5   6.25 (  2.62)
Epoch: [0][3160/4794]	Time  0.082 ( 0.978)	Data  0.000 ( 0.869)	Loss 5.8899e+00 (6.5690e+00)	Acc@1   3.12 (  0.66)	Acc@5   6.25 (  2.65)
Epoch: [0][3180/4794]	Time  0.083 ( 0.977)	Data  0.000 ( 0.869)	Loss 5.8018e+00 (6.5648e+00)	Acc@1   1.56 (  0.67)	Acc@5  15.62 (  2.70)
Epoch: [0][3200/4794]	Time  0.079 ( 0.976)	Data  0.000 ( 0.868)	Loss 5.7659e+00 (6.5603e+00)	Acc@1   3.91 (  0.68)	Acc@5  10.94 (  2.74)
Epoch: [0][3220/4794]	Time  0.057 ( 0.976)	Data  0.000 ( 0.868)	Loss 5.8368e+00 (6.5559e+00)	Acc@1   2.34 (  0.70)	Acc@5   7.81 (  2.79)
Epoch: [0][3240/4794]	Time  0.082 ( 0.975)	Data  0.000 ( 0.868)	Loss 5.9716e+00 (6.5512e+00)	Acc@1   3.12 (  0.71)	Acc@5  10.94 (  2.83)
Epoch: [0][3260/4794]	Time  0.091 ( 0.975)	Data  0.000 ( 0.867)	Loss 5.4885e+00 (6.5466e+00)	Acc@1   3.12 (  0.73)	Acc@5  11.72 (  2.88)
Epoch: [0][3280/4794]	Time  0.085 ( 0.974)	Data  0.000 ( 0.867)	Loss 5.8765e+00 (6.5418e+00)	Acc@1   3.12 (  0.74)	Acc@5   8.59 (  2.93)
Epoch: [0][3300/4794]	Time  0.444 ( 0.973)	Data  0.000 ( 0.866)	Loss 5.7770e+00 (6.5373e+00)	Acc@1   3.12 (  0.76)	Acc@5   8.59 (  2.97)
Epoch: [0][3320/4794]	Time  0.088 ( 0.973)	Data  0.000 ( 0.866)	Loss 5.7954e+00 (6.5324e+00)	Acc@1   1.56 (  0.77)	Acc@5   7.81 (  3.02)
Epoch: [0][3340/4794]	Time  0.095 ( 0.972)	Data  0.000 ( 0.865)	Loss 5.7417e+00 (6.5276e+00)	Acc@1   3.12 (  0.79)	Acc@5  11.72 (  3.07)
Epoch: [0][3360/4794]	Time  0.082 ( 0.972)	Data  0.000 ( 0.865)	Loss 5.6118e+00 (6.5226e+00)	Acc@1   3.12 (  0.81)	Acc@5  10.94 (  3.12)
Epoch: [0][3380/4794]	Time  0.249 ( 0.971)	Data  0.000 ( 0.864)	Loss 5.9216e+00 (6.5180e+00)	Acc@1   3.91 (  0.82)	Acc@5   7.81 (  3.16)
Epoch: [0][3400/4794]	Time  0.081 ( 0.970)	Data  0.000 ( 0.864)	Loss 5.5881e+00 (6.5129e+00)	Acc@1   2.34 (  0.84)	Acc@5  10.16 (  3.22)
Epoch: [0][3420/4794]	Time  0.081 ( 0.970)	Data  0.000 ( 0.864)	Loss 5.2959e+00 (6.5084e+00)	Acc@1   4.69 (  0.85)	Acc@5  13.28 (  3.27)
Epoch: [0][3440/4794]	Time  0.083 ( 0.969)	Data  0.000 ( 0.863)	Loss 5.5924e+00 (6.5035e+00)	Acc@1   3.12 (  0.87)	Acc@5  14.06 (  3.31)
Epoch: [0][3460/4794]	Time  0.086 ( 0.968)	Data  0.000 ( 0.863)	Loss 5.5997e+00 (6.4987e+00)	Acc@1   2.34 (  0.88)	Acc@5  10.94 (  3.36)
Epoch: [0][3480/4794]	Time  0.145 ( 0.968)	Data  0.000 ( 0.862)	Loss 5.8045e+00 (6.4941e+00)	Acc@1   2.34 (  0.90)	Acc@5   7.81 (  3.41)
Epoch: [0][3500/4794]	Time  0.127 ( 0.967)	Data  0.000 ( 0.862)	Loss 5.5534e+00 (6.4895e+00)	Acc@1   5.47 (  0.91)	Acc@5  13.28 (  3.46)
Epoch: [0][3520/4794]	Time  0.084 ( 0.966)	Data  0.000 ( 0.861)	Loss 5.6574e+00 (6.4845e+00)	Acc@1   4.69 (  0.93)	Acc@5  13.28 (  3.51)
Epoch: [0][3540/4794]	Time  0.277 ( 0.966)	Data  0.000 ( 0.861)	Loss 5.8210e+00 (6.4797e+00)	Acc@1   0.78 (  0.95)	Acc@5  10.16 (  3.57)
Epoch: [0][3560/4794]	Time  0.087 ( 0.965)	Data  0.000 ( 0.860)	Loss 5.4973e+00 (6.4746e+00)	Acc@1   5.47 (  0.96)	Acc@5  10.94 (  3.62)
Epoch: [0][3580/4794]	Time  0.367 ( 0.964)	Data  0.000 ( 0.860)	Loss 5.5704e+00 (6.4695e+00)	Acc@1   4.69 (  0.99)	Acc@5  14.06 (  3.68)
Epoch: [0][3600/4794]	Time  0.098 ( 0.964)	Data  0.000 ( 0.859)	Loss 5.5309e+00 (6.4645e+00)	Acc@1   3.91 (  1.01)	Acc@5  11.72 (  3.73)
Epoch: [0][3620/4794]	Time  0.083 ( 0.963)	Data  0.000 ( 0.859)	Loss 5.9072e+00 (6.4597e+00)	Acc@1   2.34 (  1.02)	Acc@5  10.94 (  3.78)
Epoch: [0][3640/4794]	Time  0.084 ( 0.962)	Data  0.000 ( 0.858)	Loss 5.5405e+00 (6.4546e+00)	Acc@1   2.34 (  1.04)	Acc@5   9.38 (  3.83)
Epoch: [0][3660/4794]	Time  0.423 ( 0.962)	Data  0.000 ( 0.857)	Loss 5.3193e+00 (6.4495e+00)	Acc@1   6.25 (  1.06)	Acc@5  19.53 (  3.89)
Epoch: [0][3680/4794]	Time  1.236 ( 0.962)	Data  0.000 ( 0.856)	Loss 5.5020e+00 (6.4445e+00)	Acc@1   7.03 (  1.09)	Acc@5  14.06 (  3.95)
Epoch: [0][3700/4794]	Time  1.031 ( 0.961)	Data  0.000 ( 0.854)	Loss 5.6432e+00 (6.4397e+00)	Acc@1   1.56 (  1.10)	Acc@5   8.59 (  4.01)
Epoch: [0][3720/4794]	Time  0.522 ( 0.961)	Data  0.000 ( 0.853)	Loss 5.8949e+00 (6.4347e+00)	Acc@1   2.34 (  1.12)	Acc@5  11.72 (  4.06)
Epoch: [0][3740/4794]	Time  0.892 ( 0.960)	Data  0.000 ( 0.851)	Loss 5.4150e+00 (6.4296e+00)	Acc@1   7.03 (  1.14)	Acc@5  12.50 (  4.12)
Epoch: [0][3760/4794]	Time  1.514 ( 0.960)	Data  0.000 ( 0.849)	Loss 5.5835e+00 (6.4242e+00)	Acc@1   3.91 (  1.17)	Acc@5  10.94 (  4.18)
Epoch: [0][3780/4794]	Time  1.364 ( 0.959)	Data  0.000 ( 0.846)	Loss 5.4442e+00 (6.4194e+00)	Acc@1   6.25 (  1.19)	Acc@5  20.31 (  4.24)
Epoch: [0][3800/4794]	Time  1.727 ( 0.959)	Data  0.000 ( 0.844)	Loss 5.7571e+00 (6.4145e+00)	Acc@1   4.69 (  1.21)	Acc@5  10.94 (  4.29)
Epoch: [0][3820/4794]	Time  2.218 ( 0.959)	Data  0.000 ( 0.842)	Loss 5.3696e+00 (6.4097e+00)	Acc@1   3.12 (  1.23)	Acc@5  17.19 (  4.35)
Epoch: [0][3840/4794]	Time  1.297 ( 0.958)	Data  0.000 ( 0.839)	Loss 5.5895e+00 (6.4045e+00)	Acc@1   2.34 (  1.25)	Acc@5  11.72 (  4.41)
Epoch: [0][3860/4794]	Time  1.153 ( 0.957)	Data  0.000 ( 0.837)	Loss 5.2299e+00 (6.3993e+00)	Acc@1   4.69 (  1.27)	Acc@5  20.31 (  4.47)
Epoch: [0][3880/4794]	Time  2.181 ( 0.957)	Data  0.000 ( 0.835)	Loss 5.8209e+00 (6.3945e+00)	Acc@1   2.34 (  1.29)	Acc@5  12.50 (  4.52)
Epoch: [0][3900/4794]	Time  3.059 ( 0.957)	Data  0.000 ( 0.832)	Loss 5.5288e+00 (6.3896e+00)	Acc@1   4.69 (  1.31)	Acc@5  14.84 (  4.58)
Epoch: [0][3920/4794]	Time  2.084 ( 0.957)	Data  0.000 ( 0.829)	Loss 5.3584e+00 (6.3846e+00)	Acc@1   5.47 (  1.33)	Acc@5  17.19 (  4.64)
Epoch: [0][3940/4794]	Time  1.916 ( 0.956)	Data  0.000 ( 0.827)	Loss 5.4512e+00 (6.3795e+00)	Acc@1   7.03 (  1.35)	Acc@5  16.41 (  4.70)
Epoch: [0][3960/4794]	Time  2.734 ( 0.956)	Data  0.000 ( 0.824)	Loss 5.3303e+00 (6.3747e+00)	Acc@1   7.03 (  1.37)	Acc@5  17.97 (  4.76)
Epoch: [0][3980/4794]	Time  2.137 ( 0.956)	Data  0.000 ( 0.821)	Loss 5.3518e+00 (6.3698e+00)	Acc@1   3.91 (  1.39)	Acc@5  17.97 (  4.82)
Epoch: [0][4000/4794]	Time  1.877 ( 0.955)	Data  0.000 ( 0.818)	Loss 5.1041e+00 (6.3647e+00)	Acc@1  10.16 (  1.42)	Acc@5  25.78 (  4.88)
Epoch: [0][4020/4794]	Time  2.228 ( 0.955)	Data  0.000 ( 0.816)	Loss 5.2418e+00 (6.3601e+00)	Acc@1   3.91 (  1.44)	Acc@5  13.28 (  4.94)
Epoch: [0][4040/4794]	Time  1.788 ( 0.954)	Data  0.000 ( 0.813)	Loss 5.2050e+00 (6.3550e+00)	Acc@1   5.47 (  1.45)	Acc@5  18.75 (  5.00)
Epoch: [0][4060/4794]	Time  1.019 ( 0.954)	Data  0.000 ( 0.812)	Loss 5.2647e+00 (6.3498e+00)	Acc@1   3.91 (  1.48)	Acc@5  11.72 (  5.06)
Epoch: [0][4080/4794]	Time  2.192 ( 0.954)	Data  0.000 ( 0.810)	Loss 5.3869e+00 (6.3446e+00)	Acc@1   6.25 (  1.50)	Acc@5  17.97 (  5.13)
Epoch: [0][4100/4794]	Time  2.058 ( 0.953)	Data  0.000 ( 0.808)	Loss 5.0165e+00 (6.3395e+00)	Acc@1   5.47 (  1.52)	Acc@5  21.09 (  5.19)
Epoch: [0][4120/4794]	Time  2.810 ( 0.953)	Data  0.000 ( 0.805)	Loss 5.1640e+00 (6.3345e+00)	Acc@1  11.72 (  1.54)	Acc@5  24.22 (  5.25)
Epoch: [0][4140/4794]	Time  2.909 ( 0.953)	Data  0.000 ( 0.802)	Loss 5.4861e+00 (6.3295e+00)	Acc@1   5.47 (  1.56)	Acc@5  19.53 (  5.31)
Epoch: [0][4160/4794]	Time  3.173 ( 0.953)	Data  0.000 ( 0.798)	Loss 5.3769e+00 (6.3243e+00)	Acc@1   5.47 (  1.59)	Acc@5  19.53 (  5.38)
Epoch: [0][4180/4794]	Time  2.381 ( 0.952)	Data  0.000 ( 0.795)	Loss 5.1744e+00 (6.3196e+00)	Acc@1   8.59 (  1.61)	Acc@5  25.00 (  5.43)
Epoch: [0][4200/4794]	Time  1.667 ( 0.952)	Data  0.000 ( 0.793)	Loss 5.1846e+00 (6.3144e+00)	Acc@1   5.47 (  1.63)	Acc@5  21.09 (  5.50)
Epoch: [0][4220/4794]	Time  1.938 ( 0.951)	Data  0.000 ( 0.791)	Loss 5.5563e+00 (6.3092e+00)	Acc@1   6.25 (  1.66)	Acc@5  16.41 (  5.56)
Epoch: [0][4240/4794]	Time  0.526 ( 0.950)	Data  0.000 ( 0.790)	Loss 5.1190e+00 (6.3043e+00)	Acc@1   8.59 (  1.68)	Acc@5  22.66 (  5.63)
Epoch: [0][4260/4794]	Time  1.481 ( 0.950)	Data  0.108 ( 0.789)	Loss 5.4873e+00 (6.2996e+00)	Acc@1   6.25 (  1.71)	Acc@5  13.28 (  5.68)
Epoch: [0][4280/4794]	Time  0.798 ( 0.949)	Data  0.065 ( 0.787)	Loss 5.2288e+00 (6.2947e+00)	Acc@1  10.16 (  1.73)	Acc@5  20.31 (  5.75)
Epoch: [0][4300/4794]	Time  0.715 ( 0.949)	Data  0.188 ( 0.786)	Loss 4.9676e+00 (6.2898e+00)	Acc@1  10.94 (  1.75)	Acc@5  20.31 (  5.81)
Epoch: [0][4320/4794]	Time  1.148 ( 0.949)	Data  0.218 ( 0.784)	Loss 4.8893e+00 (6.2849e+00)	Acc@1   6.25 (  1.78)	Acc@5  24.22 (  5.88)
Epoch: [0][4340/4794]	Time  1.319 ( 0.948)	Data  1.283 ( 0.782)	Loss 5.0728e+00 (6.2799e+00)	Acc@1   6.25 (  1.81)	Acc@5  24.22 (  5.95)
Epoch: [0][4360/4794]	Time  1.505 ( 0.948)	Data  0.881 ( 0.781)	Loss 5.2453e+00 (6.2747e+00)	Acc@1   7.81 (  1.83)	Acc@5  18.75 (  6.02)
Epoch: [0][4380/4794]	Time  0.610 ( 0.947)	Data  0.306 ( 0.780)	Loss 5.0166e+00 (6.2696e+00)	Acc@1   6.25 (  1.86)	Acc@5  20.31 (  6.08)
Epoch: [0][4400/4794]	Time  0.938 ( 0.946)	Data  0.471 ( 0.779)	Loss 5.0390e+00 (6.2644e+00)	Acc@1   7.03 (  1.88)	Acc@5  24.22 (  6.15)
Epoch: [0][4420/4794]	Time  0.658 ( 0.946)	Data  0.274 ( 0.778)	Loss 4.7692e+00 (6.2592e+00)	Acc@1  10.94 (  1.91)	Acc@5  25.78 (  6.22)
Epoch: [0][4440/4794]	Time  0.385 ( 0.945)	Data  0.000 ( 0.778)	Loss 5.4712e+00 (6.2543e+00)	Acc@1   6.25 (  1.93)	Acc@5  17.19 (  6.29)
Epoch: [0][4460/4794]	Time  0.720 ( 0.945)	Data  0.063 ( 0.777)	Loss 5.3026e+00 (6.2493e+00)	Acc@1   8.59 (  1.96)	Acc@5  19.53 (  6.36)
Epoch: [0][4480/4794]	Time  0.562 ( 0.944)	Data  0.000 ( 0.776)	Loss 5.2025e+00 (6.2446e+00)	Acc@1   8.59 (  1.98)	Acc@5  21.09 (  6.42)
Epoch: [0][4500/4794]	Time  0.453 ( 0.944)	Data  0.000 ( 0.775)	Loss 5.3975e+00 (6.2395e+00)	Acc@1   5.47 (  2.01)	Acc@5  16.41 (  6.48)
Epoch: [0][4520/4794]	Time  1.267 ( 0.943)	Data  0.000 ( 0.774)	Loss 5.0683e+00 (6.2346e+00)	Acc@1  10.94 (  2.03)	Acc@5  23.44 (  6.55)
Epoch: [0][4540/4794]	Time  1.456 ( 0.943)	Data  0.000 ( 0.773)	Loss 5.0459e+00 (6.2299e+00)	Acc@1   5.47 (  2.05)	Acc@5  25.00 (  6.61)
Epoch: [0][4560/4794]	Time  0.825 ( 0.943)	Data  0.000 ( 0.771)	Loss 5.0434e+00 (6.2250e+00)	Acc@1   4.69 (  2.08)	Acc@5  18.75 (  6.68)
Epoch: [0][4580/4794]	Time  0.637 ( 0.942)	Data  0.000 ( 0.770)	Loss 5.0393e+00 (6.2200e+00)	Acc@1   9.38 (  2.10)	Acc@5  21.09 (  6.75)
Epoch: [0][4600/4794]	Time  0.084 ( 0.942)	Data  0.000 ( 0.768)	Loss 5.0374e+00 (6.2148e+00)	Acc@1   7.81 (  2.13)	Acc@5  20.31 (  6.81)
Epoch: [0][4620/4794]	Time  0.969 ( 0.941)	Data  0.000 ( 0.766)	Loss 5.3074e+00 (6.2097e+00)	Acc@1   7.81 (  2.16)	Acc@5  17.97 (  6.88)
Epoch: [0][4640/4794]	Time  1.412 ( 0.941)	Data  0.000 ( 0.763)	Loss 5.0500e+00 (6.2052e+00)	Acc@1   8.59 (  2.18)	Acc@5  26.56 (  6.94)
Epoch: [0][4660/4794]	Time  1.846 ( 0.941)	Data  0.000 ( 0.760)	Loss 4.9163e+00 (6.2003e+00)	Acc@1  11.72 (  2.21)	Acc@5  25.78 (  7.01)
Epoch: [0][4680/4794]	Time  2.162 ( 0.941)	Data  0.000 ( 0.757)	Loss 5.0062e+00 (6.1953e+00)	Acc@1   6.25 (  2.24)	Acc@5  24.22 (  7.08)
Epoch: [0][4700/4794]	Time  2.967 ( 0.940)	Data  0.000 ( 0.753)	Loss 4.7638e+00 (6.1900e+00)	Acc@1  12.50 (  2.27)	Acc@5  24.22 (  7.15)
Epoch: [0][4720/4794]	Time  2.679 ( 0.940)	Data  0.000 ( 0.750)	Loss 5.2271e+00 (6.1853e+00)	Acc@1   4.69 (  2.30)	Acc@5  16.41 (  7.22)
Epoch: [0][4740/4794]	Time  2.401 ( 0.940)	Data  0.000 ( 0.747)	Loss 5.0171e+00 (6.1804e+00)	Acc@1  10.94 (  2.32)	Acc@5  25.00 (  7.28)
Epoch: [0][4760/4794]	Time  1.814 ( 0.940)	Data  0.000 ( 0.744)	Loss 4.8920e+00 (6.1753e+00)	Acc@1   5.47 (  2.35)	Acc@5  17.19 (  7.36)
Epoch: [0][4780/4794]	Time  1.775 ( 0.939)	Data  0.000 ( 0.741)	Loss 4.9573e+00 (6.1700e+00)	Acc@1  10.16 (  2.38)	Acc@5  24.22 (  7.43)
Epoch: [0][   0/4794]	Time 20.695 (20.695)	Data 19.600 (19.600)	Loss 6.9073e+00 (6.9073e+00)	Acc@1   0.00 (  0.00)	Acc@5   0.00 (  0.00)
Epoch: [0][  20/4794]	Time  3.452 ( 1.843)	Data  3.420 ( 1.712)	Loss 6.9087e+00 (6.9080e+00)	Acc@1   0.00 (  0.04)	Acc@5   0.00 (  0.41)
Epoch: [0][  40/4794]	Time  2.700 ( 1.417)	Data  2.669 ( 1.245)	Loss 6.9082e+00 (6.9079e+00)	Acc@1   0.00 (  0.04)	Acc@5   0.00 (  0.36)
Epoch: [0][  60/4794]	Time  2.903 ( 1.275)	Data  2.870 ( 1.115)	Loss 6.9073e+00 (6.9077e+00)	Acc@1   0.00 (  0.08)	Acc@5   0.00 (  0.42)
Epoch: [0][  80/4794]	Time  2.534 ( 1.190)	Data  2.492 ( 1.024)	Loss 6.9097e+00 (6.9076e+00)	Acc@1   0.00 (  0.11)	Acc@5   0.00 (  0.44)
Epoch: [0][ 100/4794]	Time  2.462 ( 1.153)	Data  2.430 ( 0.947)	Loss 6.9064e+00 (6.9075e+00)	Acc@1   0.00 (  0.10)	Acc@5   0.00 (  0.40)
Epoch: [0][ 120/4794]	Time  3.320 ( 1.130)	Data  3.285 ( 0.913)	Loss 6.9055e+00 (6.9074e+00)	Acc@1   0.00 (  0.10)	Acc@5   0.00 (  0.46)
Epoch: [0][ 140/4794]	Time  2.697 ( 1.106)	Data  2.663 ( 0.888)	Loss 6.9063e+00 (6.9072e+00)	Acc@1   0.00 (  0.10)	Acc@5   0.00 (  0.45)
Epoch: [0][ 160/4794]	Time  2.069 ( 1.087)	Data  2.037 ( 0.853)	Loss 6.9071e+00 (6.9071e+00)	Acc@1   0.00 (  0.09)	Acc@5   0.78 (  0.47)
Epoch: [0][ 180/4794]	Time  2.102 ( 1.073)	Data  2.070 ( 0.827)	Loss 6.9090e+00 (6.9070e+00)	Acc@1   0.00 (  0.09)	Acc@5   0.00 (  0.47)
Epoch: [0][ 200/4794]	Time  2.146 ( 1.063)	Data  2.114 ( 0.809)	Loss 6.9047e+00 (6.9069e+00)	Acc@1   0.78 (  0.09)	Acc@5   2.34 (  0.46)
Epoch: [0][ 220/4794]	Time  1.596 ( 1.055)	Data  1.558 ( 0.787)	Loss 6.9016e+00 (6.9067e+00)	Acc@1   0.78 (  0.10)	Acc@5   0.78 (  0.47)
Epoch: [0][ 240/4794]	Time  1.557 ( 1.049)	Data  1.509 ( 0.765)	Loss 6.9028e+00 (6.9064e+00)	Acc@1   0.00 (  0.10)	Acc@5   0.00 (  0.47)
Epoch: [0][ 260/4794]	Time  1.400 ( 1.043)	Data  1.368 ( 0.740)	Loss 6.8878e+00 (6.9059e+00)	Acc@1   0.00 (  0.10)	Acc@5   2.34 (  0.49)
Epoch: [0][ 280/4794]	Time  0.615 ( 1.040)	Data  0.583 ( 0.708)	Loss 6.8952e+00 (6.9052e+00)	Acc@1   0.00 (  0.11)	Acc@5   0.00 (  0.49)
Epoch: [0][ 300/4794]	Time  0.178 ( 1.037)	Data  0.146 ( 0.679)	Loss 6.8955e+00 (6.9042e+00)	Acc@1   0.00 (  0.11)	Acc@5   0.00 (  0.51)
Epoch: [0][ 320/4794]	Time  0.082 ( 1.036)	Data  0.000 ( 0.650)	Loss 6.9053e+00 (6.9034e+00)	Acc@1   0.00 (  0.10)	Acc@5   0.78 (  0.51)
Epoch: [0][ 340/4794]	Time  0.083 ( 1.038)	Data  0.000 ( 0.623)	Loss 6.8880e+00 (6.9022e+00)	Acc@1   0.00 (  0.10)	Acc@5   0.00 (  0.52)
Epoch: [0][ 360/4794]	Time  0.081 ( 1.038)	Data  0.000 ( 0.600)	Loss 6.8909e+00 (6.9016e+00)	Acc@1   0.00 (  0.10)	Acc@5   0.00 (  0.51)
Epoch: [0][ 380/4794]	Time  0.085 ( 1.037)	Data  0.000 ( 0.581)	Loss 6.8883e+00 (6.9010e+00)	Acc@1   0.00 (  0.09)	Acc@5   0.78 (  0.50)
Epoch: [0][ 400/4794]	Time  0.093 ( 1.037)	Data  0.000 ( 0.564)	Loss 6.8786e+00 (6.8999e+00)	Acc@1   0.00 (  0.10)	Acc@5   0.78 (  0.50)
Epoch: [0][ 420/4794]	Time  0.083 ( 1.035)	Data  0.000 ( 0.551)	Loss 6.8637e+00 (6.8990e+00)	Acc@1   0.00 (  0.10)	Acc@5   0.00 (  0.51)
Epoch: [0][ 440/4794]	Time  0.075 ( 1.037)	Data  0.000 ( 0.536)	Loss 6.8901e+00 (6.8981e+00)	Acc@1   0.00 (  0.10)	Acc@5   0.00 (  0.51)
Epoch: [0][ 460/4794]	Time  0.082 ( 1.036)	Data  0.000 ( 0.521)	Loss 6.8462e+00 (6.8974e+00)	Acc@1   0.00 (  0.09)	Acc@5   0.78 (  0.51)
Epoch: [0][ 480/4794]	Time  0.083 ( 1.035)	Data  0.000 ( 0.509)	Loss 6.8890e+00 (6.8965e+00)	Acc@1   0.00 (  0.10)	Acc@5   0.00 (  0.51)
Epoch: [0][ 500/4794]	Time  0.082 ( 1.034)	Data  0.000 ( 0.500)	Loss 6.8580e+00 (6.8953e+00)	Acc@1   0.00 (  0.10)	Acc@5   2.34 (  0.51)
Epoch: [0][ 520/4794]	Time  0.083 ( 1.035)	Data  0.000 ( 0.489)	Loss 6.8498e+00 (6.8937e+00)	Acc@1   0.00 (  0.10)	Acc@5   0.00 (  0.52)
Epoch: [0][ 540/4794]	Time  0.087 ( 1.035)	Data  0.000 ( 0.479)	Loss 6.8395e+00 (6.8923e+00)	Acc@1   0.00 (  0.10)	Acc@5   0.00 (  0.51)
Epoch: [0][ 560/4794]	Time  0.084 ( 1.035)	Data  0.000 ( 0.470)	Loss 6.8419e+00 (6.8909e+00)	Acc@1   0.78 (  0.10)	Acc@5   1.56 (  0.52)
Epoch: [0][ 580/4794]	Time  0.082 ( 1.034)	Data  0.000 ( 0.466)	Loss 6.8470e+00 (6.8893e+00)	Acc@1   0.00 (  0.10)	Acc@5   0.00 (  0.52)
Epoch: [0][ 600/4794]	Time  0.082 ( 1.034)	Data  0.000 ( 0.459)	Loss 6.8141e+00 (6.8878e+00)	Acc@1   0.78 (  0.10)	Acc@5   0.78 (  0.52)
Epoch: [0][ 620/4794]	Time  0.082 ( 1.034)	Data  0.000 ( 0.451)	Loss 6.8751e+00 (6.8863e+00)	Acc@1   0.00 (  0.10)	Acc@5   0.00 (  0.52)
Epoch: [0][ 640/4794]	Time  0.083 ( 1.033)	Data  0.000 ( 0.444)	Loss 6.8447e+00 (6.8851e+00)	Acc@1   0.00 (  0.10)	Acc@5   0.00 (  0.52)
Epoch: [0][ 660/4794]	Time  0.082 ( 1.033)	Data  0.000 ( 0.437)	Loss 6.8412e+00 (6.8835e+00)	Acc@1   0.00 (  0.10)	Acc@5   1.56 (  0.52)
Epoch: [0][ 680/4794]	Time  0.093 ( 1.034)	Data  0.014 ( 0.431)	Loss 6.8201e+00 (6.8820e+00)	Acc@1   0.78 (  0.09)	Acc@5   0.78 (  0.53)
Epoch: [0][ 700/4794]	Time  0.082 ( 1.034)	Data  0.000 ( 0.425)	Loss 6.8337e+00 (6.8808e+00)	Acc@1   0.00 (  0.09)	Acc@5   0.00 (  0.52)
Epoch: [0][ 720/4794]	Time  0.090 ( 1.034)	Data  0.000 ( 0.419)	Loss 6.8623e+00 (6.8797e+00)	Acc@1   0.00 (  0.09)	Acc@5   0.78 (  0.52)
Epoch: [0][ 740/4794]	Time  0.083 ( 1.034)	Data  0.000 ( 0.413)	Loss 6.8747e+00 (6.8781e+00)	Acc@1   0.00 (  0.10)	Acc@5   0.78 (  0.53)
Epoch: [0][ 760/4794]	Time  0.083 ( 1.033)	Data  0.000 ( 0.408)	Loss 6.8158e+00 (6.8764e+00)	Acc@1   0.00 (  0.10)	Acc@5   0.00 (  0.54)
Epoch: [0][ 780/4794]	Time  0.091 ( 1.033)	Data  0.000 ( 0.403)	Loss 6.7912e+00 (6.8750e+00)	Acc@1   0.00 (  0.10)	Acc@5   2.34 (  0.54)
Epoch: [0][ 800/4794]	Time  0.083 ( 1.033)	Data  0.000 ( 0.398)	Loss 6.8504e+00 (6.8733e+00)	Acc@1   0.78 (  0.10)	Acc@5   0.78 (  0.55)
Epoch: [0][ 820/4794]	Time  0.082 ( 1.034)	Data  0.000 ( 0.393)	Loss 6.8709e+00 (6.8720e+00)	Acc@1   0.78 (  0.10)	Acc@5   0.78 (  0.55)
Epoch: [0][ 840/4794]	Time  0.083 ( 1.034)	Data  0.000 ( 0.389)	Loss 6.7898e+00 (6.8703e+00)	Acc@1   0.00 (  0.10)	Acc@5   2.34 (  0.56)
Epoch: [0][ 860/4794]	Time  0.081 ( 1.034)	Data  0.000 ( 0.384)	Loss 6.8253e+00 (6.8691e+00)	Acc@1   0.00 (  0.11)	Acc@5   0.00 (  0.57)
Epoch: [0][ 880/4794]	Time  0.084 ( 1.033)	Data  0.000 ( 0.379)	Loss 6.8243e+00 (6.8680e+00)	Acc@1   0.00 (  0.11)	Acc@5   0.00 (  0.56)
Epoch: [0][ 900/4794]	Time  0.094 ( 1.033)	Data  0.000 ( 0.377)	Loss 6.8140e+00 (6.8667e+00)	Acc@1   0.00 (  0.11)	Acc@5   0.78 (  0.57)
Epoch: [0][ 920/4794]	Time  0.095 ( 1.033)	Data  0.000 ( 0.376)	Loss 6.8523e+00 (6.8659e+00)	Acc@1   0.00 (  0.11)	Acc@5   0.78 (  0.58)
Epoch: [0][ 940/4794]	Time  0.104 ( 1.031)	Data  0.000 ( 0.376)	Loss 6.8189e+00 (6.8647e+00)	Acc@1   0.00 (  0.11)	Acc@5   0.00 (  0.58)
Epoch: [0][ 960/4794]	Time  0.082 ( 1.030)	Data  0.000 ( 0.374)	Loss 6.7848e+00 (6.8635e+00)	Acc@1   0.00 (  0.11)	Acc@5   0.78 (  0.58)
Epoch: [0][ 980/4794]	Time  0.088 ( 1.029)	Data  0.000 ( 0.375)	Loss 6.8076e+00 (6.8622e+00)	Acc@1   0.00 (  0.11)	Acc@5   1.56 (  0.59)
Epoch: [0][1000/4794]	Time  0.083 ( 1.029)	Data  0.000 ( 0.372)	Loss 6.7968e+00 (6.8611e+00)	Acc@1   0.00 (  0.12)	Acc@5   1.56 (  0.60)
Epoch: [0][1020/4794]	Time  0.088 ( 1.029)	Data  0.000 ( 0.368)	Loss 6.6462e+00 (6.8595e+00)	Acc@1   1.56 (  0.12)	Acc@5   3.91 (  0.61)
Epoch: [0][1040/4794]	Time  0.081 ( 1.028)	Data  0.000 ( 0.365)	Loss 6.8038e+00 (6.8581e+00)	Acc@1   0.00 (  0.12)	Acc@5   1.56 (  0.61)
Epoch: [0][1060/4794]	Time  0.097 ( 1.028)	Data  0.000 ( 0.363)	Loss 6.8200e+00 (6.8569e+00)	Acc@1   0.00 (  0.12)	Acc@5   1.56 (  0.62)
Epoch: [0][1080/4794]	Time  0.082 ( 1.029)	Data  0.000 ( 0.359)	Loss 6.8166e+00 (6.8560e+00)	Acc@1   0.00 (  0.12)	Acc@5   0.00 (  0.62)
Epoch: [0][1100/4794]	Time  0.086 ( 1.028)	Data  0.000 ( 0.355)	Loss 6.8700e+00 (6.8549e+00)	Acc@1   0.78 (  0.12)	Acc@5   0.78 (  0.63)
Epoch: [0][1120/4794]	Time  0.083 ( 1.028)	Data  0.000 ( 0.350)	Loss 6.7159e+00 (6.8539e+00)	Acc@1   0.00 (  0.12)	Acc@5   2.34 (  0.63)
Epoch: [0][1140/4794]	Time  0.089 ( 1.028)	Data  0.000 ( 0.345)	Loss 6.7238e+00 (6.8527e+00)	Acc@1   0.00 (  0.12)	Acc@5   1.56 (  0.64)
Epoch: [0][1160/4794]	Time  0.082 ( 1.028)	Data  0.000 ( 0.340)	Loss 6.7352e+00 (6.8517e+00)	Acc@1   0.78 (  0.12)	Acc@5   1.56 (  0.65)
Epoch: [0][1180/4794]	Time  0.118 ( 1.028)	Data  0.000 ( 0.335)	Loss 6.7868e+00 (6.8506e+00)	Acc@1   0.78 (  0.12)	Acc@5   3.12 (  0.66)
Epoch: [0][1200/4794]	Time  0.103 ( 1.028)	Data  0.000 ( 0.330)	Loss 6.7868e+00 (6.8495e+00)	Acc@1   0.00 (  0.12)	Acc@5   0.00 (  0.66)
Epoch: [0][1220/4794]	Time  0.082 ( 1.028)	Data  0.000 ( 0.325)	Loss 6.8097e+00 (6.8483e+00)	Acc@1   0.00 (  0.12)	Acc@5   2.34 (  0.66)
Epoch: [0][1240/4794]	Time  0.081 ( 1.028)	Data  0.000 ( 0.320)	Loss 6.7919e+00 (6.8471e+00)	Acc@1   0.78 (  0.12)	Acc@5   0.78 (  0.67)
Epoch: [0][1260/4794]	Time  0.082 ( 1.028)	Data  0.000 ( 0.315)	Loss 6.7637e+00 (6.8455e+00)	Acc@1   0.00 (  0.13)	Acc@5   0.00 (  0.68)
Epoch: [0][1280/4794]	Time  0.081 ( 1.027)	Data  0.008 ( 0.312)	Loss 6.7785e+00 (6.8443e+00)	Acc@1   0.00 (  0.13)	Acc@5   0.78 (  0.69)
Epoch: [0][1300/4794]	Time  0.082 ( 1.026)	Data  0.000 ( 0.310)	Loss 6.7369e+00 (6.8433e+00)	Acc@1   0.78 (  0.13)	Acc@5   1.56 (  0.70)
Epoch: [0][1320/4794]	Time  0.082 ( 1.026)	Data  0.000 ( 0.309)	Loss 6.7469e+00 (6.8421e+00)	Acc@1   0.00 (  0.13)	Acc@5   0.00 (  0.70)
Epoch: [0][1340/4794]	Time  0.089 ( 1.026)	Data  0.000 ( 0.305)	Loss 6.6938e+00 (6.8408e+00)	Acc@1   0.00 (  0.13)	Acc@5   0.78 (  0.71)
Epoch: [0][1360/4794]	Time  0.090 ( 1.025)	Data  0.000 ( 0.302)	Loss 6.8449e+00 (6.8397e+00)	Acc@1   0.00 (  0.14)	Acc@5   0.78 (  0.72)
Epoch: [0][1380/4794]	Time  0.085 ( 1.025)	Data  0.000 ( 0.298)	Loss 6.7699e+00 (6.8385e+00)	Acc@1   0.00 (  0.14)	Acc@5   1.56 (  0.72)
Epoch: [0][1400/4794]	Time  0.082 ( 1.025)	Data  0.000 ( 0.295)	Loss 6.7674e+00 (6.8374e+00)	Acc@1   0.00 (  0.14)	Acc@5   0.78 (  0.73)
Epoch: [0][1420/4794]	Time  0.082 ( 1.024)	Data  0.000 ( 0.291)	Loss 6.7504e+00 (6.8363e+00)	Acc@1   0.78 (  0.14)	Acc@5   0.78 (  0.74)
Epoch: [0][1440/4794]	Time  0.086 ( 1.024)	Data  0.000 ( 0.288)	Loss 6.9127e+00 (6.8354e+00)	Acc@1   0.00 (  0.14)	Acc@5   0.00 (  0.74)
Epoch: [0][1460/4794]	Time  0.083 ( 1.023)	Data  0.000 ( 0.286)	Loss 6.7703e+00 (6.8343e+00)	Acc@1   0.00 (  0.14)	Acc@5   0.78 (  0.74)
Epoch: [0][1480/4794]	Time  0.635 ( 1.023)	Data  0.000 ( 0.284)	Loss 6.7627e+00 (6.8333e+00)	Acc@1   0.00 (  0.14)	Acc@5   3.12 (  0.75)
Epoch: [0][1500/4794]	Time  1.361 ( 1.024)	Data  0.000 ( 0.281)	Loss 6.7699e+00 (6.8322e+00)	Acc@1   0.00 (  0.15)	Acc@5   1.56 (  0.76)
Epoch: [0][1520/4794]	Time  1.011 ( 1.023)	Data  0.001 ( 0.279)	Loss 6.7689e+00 (6.8310e+00)	Acc@1   0.00 (  0.15)	Acc@5   0.78 (  0.76)
Epoch: [0][1540/4794]	Time  1.763 ( 1.023)	Data  0.000 ( 0.278)	Loss 6.7492e+00 (6.8299e+00)	Acc@1   0.00 (  0.15)	Acc@5   2.34 (  0.77)
Epoch: [0][1560/4794]	Time  1.902 ( 1.023)	Data  0.000 ( 0.276)	Loss 6.7532e+00 (6.8290e+00)	Acc@1   0.78 (  0.15)	Acc@5   1.56 (  0.77)
Epoch: [0][1580/4794]	Time  1.100 ( 1.022)	Data  0.000 ( 0.274)	Loss 6.7709e+00 (6.8281e+00)	Acc@1   0.00 (  0.15)	Acc@5   0.78 (  0.78)
Epoch: [0][1600/4794]	Time  0.623 ( 1.021)	Data  0.000 ( 0.272)	Loss 6.7988e+00 (6.8269e+00)	Acc@1   0.00 (  0.15)	Acc@5   0.78 (  0.79)
Epoch: [0][1620/4794]	Time  0.205 ( 1.021)	Data  0.000 ( 0.271)	Loss 6.7226e+00 (6.8257e+00)	Acc@1   0.78 (  0.15)	Acc@5   0.78 (  0.79)
Epoch: [0][1640/4794]	Time  0.107 ( 1.021)	Data  0.000 ( 0.270)	Loss 6.6983e+00 (6.8246e+00)	Acc@1   0.78 (  0.15)	Acc@5   2.34 (  0.79)
Epoch: [0][1660/4794]	Time  0.080 ( 1.021)	Data  0.000 ( 0.268)	Loss 6.8057e+00 (6.8231e+00)	Acc@1   0.00 (  0.15)	Acc@5   0.00 (  0.80)
Epoch: [0][1680/4794]	Time  0.093 ( 1.021)	Data  0.000 ( 0.267)	Loss 6.7897e+00 (6.8221e+00)	Acc@1   0.00 (  0.16)	Acc@5   0.00 (  0.81)
Epoch: [0][1700/4794]	Time  0.105 ( 1.021)	Data  0.000 ( 0.264)	Loss 6.7097e+00 (6.8205e+00)	Acc@1   0.00 (  0.16)	Acc@5   0.78 (  0.82)
Epoch: [0][1720/4794]	Time  0.083 ( 1.020)	Data  0.000 ( 0.262)	Loss 6.6714e+00 (6.8188e+00)	Acc@1   0.00 (  0.16)	Acc@5   1.56 (  0.83)
Epoch: [0][1740/4794]	Time  0.082 ( 1.020)	Data  0.000 ( 0.260)	Loss 6.5681e+00 (6.8170e+00)	Acc@1   0.78 (  0.16)	Acc@5   1.56 (  0.83)
Epoch: [0][1760/4794]	Time  0.091 ( 1.020)	Data  0.000 ( 0.258)	Loss 6.6597e+00 (6.8150e+00)	Acc@1   0.00 (  0.16)	Acc@5   4.69 (  0.85)
Epoch: [0][1780/4794]	Time  0.083 ( 1.019)	Data  0.000 ( 0.257)	Loss 6.6992e+00 (6.8129e+00)	Acc@1   0.78 (  0.17)	Acc@5   1.56 (  0.86)
Epoch: [0][1800/4794]	Time  0.080 ( 1.019)	Data  0.000 ( 0.256)	Loss 6.6959e+00 (6.8113e+00)	Acc@1   0.78 (  0.17)	Acc@5   0.78 (  0.86)
Epoch: [0][1820/4794]	Time  0.113 ( 1.019)	Data  0.000 ( 0.253)	Loss 6.5618e+00 (6.8092e+00)	Acc@1   0.78 (  0.17)	Acc@5   2.34 (  0.87)
Epoch: [0][1840/4794]	Time  0.082 ( 1.019)	Data  0.000 ( 0.251)	Loss 6.7003e+00 (6.8069e+00)	Acc@1   0.78 (  0.17)	Acc@5   0.78 (  0.88)
Epoch: [0][1860/4794]	Time  0.081 ( 1.019)	Data  0.000 ( 0.248)	Loss 6.5948e+00 (6.8048e+00)	Acc@1   0.78 (  0.18)	Acc@5   1.56 (  0.89)
Epoch: [0][1880/4794]	Time  0.104 ( 1.018)	Data  0.058 ( 0.246)	Loss 6.4923e+00 (6.8023e+00)	Acc@1   0.78 (  0.18)	Acc@5   3.12 (  0.90)
Epoch: [0][1900/4794]	Time  0.138 ( 1.018)	Data  0.000 ( 0.244)	Loss 6.6819e+00 (6.8000e+00)	Acc@1   0.78 (  0.18)	Acc@5   0.78 (  0.91)
Epoch: [0][1920/4794]	Time  0.085 ( 1.017)	Data  0.000 ( 0.242)	Loss 6.6117e+00 (6.7977e+00)	Acc@1   0.78 (  0.18)	Acc@5   1.56 (  0.92)
Epoch: [0][1940/4794]	Time  0.093 ( 1.017)	Data  0.000 ( 0.241)	Loss 6.5456e+00 (6.7955e+00)	Acc@1   0.00 (  0.19)	Acc@5   1.56 (  0.94)
Epoch: [0][1960/4794]	Time  0.083 ( 1.016)	Data  0.000 ( 0.241)	Loss 6.5351e+00 (6.7931e+00)	Acc@1   0.00 (  0.19)	Acc@5   0.78 (  0.95)
Epoch: [0][1980/4794]	Time  0.128 ( 1.016)	Data  0.094 ( 0.242)	Loss 6.4908e+00 (6.7906e+00)	Acc@1   0.78 (  0.19)	Acc@5   3.91 (  0.96)
Epoch: [0][2000/4794]	Time  0.135 ( 1.016)	Data  0.103 ( 0.244)	Loss 6.5267e+00 (6.7883e+00)	Acc@1   0.00 (  0.19)	Acc@5   3.12 (  0.97)
Epoch: [0][2020/4794]	Time  0.083 ( 1.016)	Data  0.000 ( 0.245)	Loss 6.5200e+00 (6.7863e+00)	Acc@1   0.00 (  0.20)	Acc@5   0.78 (  0.98)
Epoch: [0][2040/4794]	Time  0.198 ( 1.015)	Data  0.136 ( 0.245)	Loss 6.5889e+00 (6.7842e+00)	Acc@1   1.56 (  0.20)	Acc@5   3.91 (  0.99)
Epoch: [0][2060/4794]	Time  0.195 ( 1.015)	Data  0.145 ( 0.244)	Loss 6.5646e+00 (6.7817e+00)	Acc@1   0.78 (  0.20)	Acc@5   3.12 (  1.00)
Epoch: [0][2080/4794]	Time  0.176 ( 1.014)	Data  0.114 ( 0.242)	Loss 6.5674e+00 (6.7791e+00)	Acc@1   1.56 (  0.21)	Acc@5   2.34 (  1.02)
Epoch: [0][2100/4794]	Time  0.092 ( 1.013)	Data  0.000 ( 0.242)	Loss 6.6036e+00 (6.7765e+00)	Acc@1   0.00 (  0.21)	Acc@5   0.78 (  1.03)
Epoch: [0][2120/4794]	Time  0.094 ( 1.013)	Data  0.000 ( 0.242)	Loss 6.4668e+00 (6.7739e+00)	Acc@1   1.56 (  0.21)	Acc@5   4.69 (  1.04)
Epoch: [0][2140/4794]	Time  0.087 ( 1.013)	Data  0.000 ( 0.241)	Loss 6.5051e+00 (6.7715e+00)	Acc@1   0.00 (  0.21)	Acc@5   0.78 (  1.05)
Epoch: [0][2160/4794]	Time  0.110 ( 1.012)	Data  0.000 ( 0.241)	Loss 6.3929e+00 (6.7685e+00)	Acc@1   0.00 (  0.22)	Acc@5   5.47 (  1.07)
Epoch: [0][2180/4794]	Time  0.065 ( 1.012)	Data  0.021 ( 0.240)	Loss 6.4815e+00 (6.7657e+00)	Acc@1   0.00 (  0.22)	Acc@5   3.91 (  1.09)
Epoch: [0][2200/4794]	Time  0.084 ( 1.012)	Data  0.048 ( 0.238)	Loss 6.4325e+00 (6.7630e+00)	Acc@1   0.00 (  0.22)	Acc@5   0.78 (  1.10)
Epoch: [0][2220/4794]	Time  0.090 ( 1.011)	Data  0.000 ( 0.236)	Loss 6.4032e+00 (6.7605e+00)	Acc@1   2.34 (  0.23)	Acc@5   3.91 (  1.12)
Epoch: [0][2240/4794]	Time  0.082 ( 1.011)	Data  0.033 ( 0.234)	Loss 6.3587e+00 (6.7578e+00)	Acc@1   0.00 (  0.23)	Acc@5   3.91 (  1.14)
Epoch: [0][2260/4794]	Time  0.082 ( 1.011)	Data  0.000 ( 0.233)	Loss 6.5417e+00 (6.7549e+00)	Acc@1   0.00 (  0.23)	Acc@5   0.78 (  1.15)
Epoch: [0][2280/4794]	Time  0.089 ( 1.011)	Data  0.000 ( 0.231)	Loss 6.3447e+00 (6.7516e+00)	Acc@1   1.56 (  0.24)	Acc@5   3.12 (  1.18)
Epoch: [0][2300/4794]	Time  0.223 ( 1.010)	Data  0.157 ( 0.229)	Loss 6.4338e+00 (6.7484e+00)	Acc@1   0.00 (  0.25)	Acc@5   2.34 (  1.20)
Epoch: [0][2320/4794]	Time  0.085 ( 1.010)	Data  0.053 ( 0.229)	Loss 6.3944e+00 (6.7451e+00)	Acc@1   1.56 (  0.25)	Acc@5   3.12 (  1.22)
Epoch: [0][2340/4794]	Time  0.093 ( 1.009)	Data  0.000 ( 0.231)	Loss 6.3485e+00 (6.7417e+00)	Acc@1   1.56 (  0.26)	Acc@5   2.34 (  1.24)
Epoch: [0][2360/4794]	Time  0.095 ( 1.008)	Data  0.000 ( 0.235)	Loss 6.3361e+00 (6.7382e+00)	Acc@1   1.56 (  0.27)	Acc@5   7.03 (  1.26)
Epoch: [0][2380/4794]	Time  0.085 ( 1.007)	Data  0.000 ( 0.239)	Loss 6.2242e+00 (6.7350e+00)	Acc@1   0.00 (  0.27)	Acc@5   3.12 (  1.29)
Epoch: [0][2400/4794]	Time  0.091 ( 1.006)	Data  0.000 ( 0.244)	Loss 6.2499e+00 (6.7316e+00)	Acc@1   0.78 (  0.28)	Acc@5   2.34 (  1.31)
Epoch: [0][2420/4794]	Time  0.082 ( 1.005)	Data  0.000 ( 0.249)	Loss 6.4511e+00 (6.7280e+00)	Acc@1   0.00 (  0.28)	Acc@5   0.78 (  1.34)
Epoch: [0][2440/4794]	Time  0.080 ( 1.004)	Data  0.000 ( 0.254)	Loss 6.5274e+00 (6.7243e+00)	Acc@1   1.56 (  0.29)	Acc@5   3.91 (  1.36)
Epoch: [0][2460/4794]	Time  0.095 ( 1.004)	Data  0.000 ( 0.259)	Loss 6.1716e+00 (6.7207e+00)	Acc@1   3.91 (  0.29)	Acc@5   6.25 (  1.38)
Epoch: [0][2480/4794]	Time  0.088 ( 1.003)	Data  0.000 ( 0.263)	Loss 6.3116e+00 (6.7169e+00)	Acc@1   1.56 (  0.30)	Acc@5   4.69 (  1.41)
Epoch: [0][2500/4794]	Time  0.075 ( 1.002)	Data  0.000 ( 0.268)	Loss 6.3538e+00 (6.7126e+00)	Acc@1   0.78 (  0.31)	Acc@5   1.56 (  1.44)
Epoch: [0][2520/4794]	Time  0.083 ( 1.002)	Data  0.000 ( 0.272)	Loss 6.1460e+00 (6.7085e+00)	Acc@1   0.78 (  0.32)	Acc@5   4.69 (  1.47)
Epoch: [0][2540/4794]	Time  0.096 ( 1.001)	Data  0.000 ( 0.277)	Loss 6.2965e+00 (6.7045e+00)	Acc@1   0.78 (  0.32)	Acc@5   0.78 (  1.50)
Epoch: [0][2560/4794]	Time  0.097 ( 1.000)	Data  0.000 ( 0.281)	Loss 6.3759e+00 (6.7010e+00)	Acc@1   0.00 (  0.33)	Acc@5   2.34 (  1.52)
Epoch: [0][2580/4794]	Time  0.082 ( 0.999)	Data  0.000 ( 0.285)	Loss 6.2817e+00 (6.6973e+00)	Acc@1   0.78 (  0.34)	Acc@5   5.47 (  1.55)
Epoch: [0][2600/4794]	Time  0.112 ( 0.998)	Data  0.000 ( 0.289)	Loss 6.0699e+00 (6.6932e+00)	Acc@1   0.78 (  0.34)	Acc@5   5.47 (  1.58)
Epoch: [0][2620/4794]	Time  0.116 ( 0.997)	Data  0.000 ( 0.293)	Loss 6.1709e+00 (6.6892e+00)	Acc@1   0.78 (  0.35)	Acc@5   4.69 (  1.61)
Epoch: [0][2640/4794]	Time  0.093 ( 0.996)	Data  0.000 ( 0.297)	Loss 6.2427e+00 (6.6854e+00)	Acc@1   1.56 (  0.36)	Acc@5   5.47 (  1.64)
Epoch: [0][2660/4794]	Time  0.116 ( 0.995)	Data  0.000 ( 0.301)	Loss 5.9488e+00 (6.6814e+00)	Acc@1   1.56 (  0.37)	Acc@5   4.69 (  1.67)
Epoch: [0][2680/4794]	Time  0.082 ( 0.994)	Data  0.000 ( 0.304)	Loss 6.0767e+00 (6.6772e+00)	Acc@1   1.56 (  0.38)	Acc@5   4.69 (  1.70)
Epoch: [0][2700/4794]	Time  0.083 ( 0.994)	Data  0.000 ( 0.308)	Loss 6.1690e+00 (6.6732e+00)	Acc@1   1.56 (  0.39)	Acc@5   7.03 (  1.73)
Epoch: [0][2720/4794]	Time  0.089 ( 0.993)	Data  0.000 ( 0.311)	Loss 5.9799e+00 (6.6690e+00)	Acc@1   3.12 (  0.39)	Acc@5   6.25 (  1.76)
Epoch: [0][2740/4794]	Time  0.069 ( 0.992)	Data  0.000 ( 0.315)	Loss 6.1888e+00 (6.6644e+00)	Acc@1   0.00 (  0.40)	Acc@5   3.91 (  1.80)
Epoch: [0][2760/4794]	Time  0.084 ( 0.991)	Data  0.000 ( 0.318)	Loss 6.0461e+00 (6.6597e+00)	Acc@1   1.56 (  0.41)	Acc@5   8.59 (  1.84)
Epoch: [0][2780/4794]	Time  0.077 ( 0.990)	Data  0.000 ( 0.322)	Loss 5.9394e+00 (6.6554e+00)	Acc@1   0.78 (  0.42)	Acc@5   3.12 (  1.87)
Epoch: [0][2800/4794]	Time  0.081 ( 0.989)	Data  0.000 ( 0.325)	Loss 6.1264e+00 (6.6511e+00)	Acc@1   0.00 (  0.43)	Acc@5   5.47 (  1.91)
Epoch: [0][2820/4794]	Time  0.085 ( 0.989)	Data  0.000 ( 0.329)	Loss 5.8901e+00 (6.6466e+00)	Acc@1   3.12 (  0.44)	Acc@5   7.03 (  1.95)
Epoch: [0][2840/4794]	Time  0.082 ( 0.988)	Data  0.000 ( 0.332)	Loss 5.9384e+00 (6.6420e+00)	Acc@1   1.56 (  0.45)	Acc@5   7.03 (  1.99)
Epoch: [0][2860/4794]	Time  0.092 ( 0.987)	Data  0.000 ( 0.335)	Loss 5.8738e+00 (6.6374e+00)	Acc@1   3.12 (  0.46)	Acc@5  11.72 (  2.03)
Epoch: [0][2880/4794]	Time  0.088 ( 0.986)	Data  0.000 ( 0.338)	Loss 5.8706e+00 (6.6330e+00)	Acc@1   0.78 (  0.47)	Acc@5   6.25 (  2.06)
Epoch: [0][2900/4794]	Time  0.081 ( 0.985)	Data  0.000 ( 0.340)	Loss 5.8860e+00 (6.6285e+00)	Acc@1   3.12 (  0.48)	Acc@5   7.03 (  2.10)
Epoch: [0][2920/4794]	Time  0.085 ( 0.984)	Data  0.000 ( 0.342)	Loss 5.9338e+00 (6.6238e+00)	Acc@1   1.56 (  0.49)	Acc@5   7.81 (  2.14)
Epoch: [0][2940/4794]	Time  0.081 ( 0.984)	Data  0.000 ( 0.344)	Loss 5.9558e+00 (6.6192e+00)	Acc@1   3.91 (  0.51)	Acc@5  10.94 (  2.18)
Epoch: [0][2960/4794]	Time  0.086 ( 0.983)	Data  0.000 ( 0.347)	Loss 6.0349e+00 (6.6150e+00)	Acc@1   0.78 (  0.52)	Acc@5   8.59 (  2.21)
Epoch: [0][2980/4794]	Time  0.082 ( 0.983)	Data  0.000 ( 0.351)	Loss 6.1353e+00 (6.6106e+00)	Acc@1   1.56 (  0.53)	Acc@5   3.12 (  2.25)
Epoch: [0][3000/4794]	Time  0.144 ( 0.982)	Data  0.000 ( 0.354)	Loss 5.8621e+00 (6.6059e+00)	Acc@1   1.56 (  0.54)	Acc@5   5.47 (  2.29)
Epoch: [0][3020/4794]	Time  0.101 ( 0.982)	Data  0.000 ( 0.357)	Loss 6.0072e+00 (6.6014e+00)	Acc@1   2.34 (  0.55)	Acc@5   7.81 (  2.33)
Epoch: [0][3040/4794]	Time  0.082 ( 0.981)	Data  0.000 ( 0.360)	Loss 5.7685e+00 (6.5966e+00)	Acc@1   3.12 (  0.57)	Acc@5  10.16 (  2.38)
Epoch: [0][3060/4794]	Time  0.095 ( 0.981)	Data  0.000 ( 0.364)	Loss 5.9198e+00 (6.5920e+00)	Acc@1   5.47 (  0.58)	Acc@5  10.94 (  2.42)
Epoch: [0][3080/4794]	Time  0.096 ( 0.980)	Data  0.000 ( 0.367)	Loss 5.9440e+00 (6.5875e+00)	Acc@1   3.12 (  0.59)	Acc@5   7.81 (  2.45)
Epoch: [0][3100/4794]	Time  0.076 ( 0.980)	Data  0.000 ( 0.369)	Loss 5.8538e+00 (6.5831e+00)	Acc@1   3.91 (  0.60)	Acc@5   9.38 (  2.49)
Epoch: [0][3120/4794]	Time  0.096 ( 0.979)	Data  0.000 ( 0.372)	Loss 5.6646e+00 (6.5788e+00)	Acc@1   5.47 (  0.61)	Acc@5  14.06 (  2.53)
Epoch: [0][3140/4794]	Time  0.083 ( 0.978)	Data  0.000 ( 0.375)	Loss 5.8246e+00 (6.5742e+00)	Acc@1   1.56 (  0.62)	Acc@5   9.38 (  2.58)
Epoch: [0][3160/4794]	Time  0.082 ( 0.978)	Data  0.000 ( 0.376)	Loss 5.8161e+00 (6.5696e+00)	Acc@1   2.34 (  0.64)	Acc@5  10.94 (  2.62)
Epoch: [0][3180/4794]	Time  0.105 ( 0.977)	Data  0.000 ( 0.378)	Loss 5.9259e+00 (6.5651e+00)	Acc@1   2.34 (  0.65)	Acc@5   8.59 (  2.66)
Epoch: [0][3200/4794]	Time  0.082 ( 0.976)	Data  0.000 ( 0.380)	Loss 5.8029e+00 (6.5607e+00)	Acc@1   3.91 (  0.66)	Acc@5  10.16 (  2.71)
Epoch: [0][3220/4794]	Time  0.070 ( 0.976)	Data  0.000 ( 0.381)	Loss 5.7553e+00 (6.5561e+00)	Acc@1   1.56 (  0.68)	Acc@5   7.03 (  2.75)
Epoch: [0][3240/4794]	Time  0.090 ( 0.975)	Data  0.000 ( 0.381)	Loss 5.8250e+00 (6.5515e+00)	Acc@1   3.12 (  0.69)	Acc@5   8.59 (  2.79)
Epoch: [0][3260/4794]	Time  0.083 ( 0.975)	Data  0.000 ( 0.383)	Loss 5.7292e+00 (6.5469e+00)	Acc@1   3.91 (  0.70)	Acc@5   7.81 (  2.83)
Epoch: [0][3280/4794]	Time  0.087 ( 0.974)	Data  0.000 ( 0.385)	Loss 5.8021e+00 (6.5421e+00)	Acc@1   3.91 (  0.72)	Acc@5   9.38 (  2.89)
Epoch: [0][3300/4794]	Time  0.083 ( 0.973)	Data  0.000 ( 0.387)	Loss 5.7208e+00 (6.5372e+00)	Acc@1   3.12 (  0.73)	Acc@5  10.94 (  2.94)
Epoch: [0][3320/4794]	Time  0.082 ( 0.973)	Data  0.000 ( 0.389)	Loss 5.8032e+00 (6.5325e+00)	Acc@1   4.69 (  0.75)	Acc@5  14.06 (  2.98)
Epoch: [0][3340/4794]	Time  0.082 ( 0.972)	Data  0.000 ( 0.391)	Loss 5.7536e+00 (6.5275e+00)	Acc@1   0.78 (  0.77)	Acc@5  11.72 (  3.04)
Epoch: [0][3360/4794]	Time  0.081 ( 0.972)	Data  0.000 ( 0.393)	Loss 5.7249e+00 (6.5227e+00)	Acc@1   2.34 (  0.78)	Acc@5  11.72 (  3.08)
Epoch: [0][3380/4794]	Time  0.082 ( 0.971)	Data  0.000 ( 0.395)	Loss 5.8108e+00 (6.5177e+00)	Acc@1   2.34 (  0.80)	Acc@5   7.03 (  3.14)
Epoch: [0][3400/4794]	Time  0.087 ( 0.970)	Data  0.000 ( 0.396)	Loss 5.6134e+00 (6.5128e+00)	Acc@1   4.69 (  0.82)	Acc@5  15.62 (  3.19)
Epoch: [0][3420/4794]	Time  0.081 ( 0.970)	Data  0.000 ( 0.397)	Loss 5.7719e+00 (6.5082e+00)	Acc@1   1.56 (  0.83)	Acc@5   8.59 (  3.23)
Epoch: [0][3440/4794]	Time  0.082 ( 0.969)	Data  0.000 ( 0.398)	Loss 5.8250e+00 (6.5033e+00)	Acc@1   3.91 (  0.85)	Acc@5  10.16 (  3.28)
Epoch: [0][3460/4794]	Time  0.082 ( 0.969)	Data  0.000 ( 0.400)	Loss 5.5753e+00 (6.4981e+00)	Acc@1   7.03 (  0.87)	Acc@5  14.06 (  3.34)
Epoch: [0][3480/4794]	Time  0.081 ( 0.968)	Data  0.000 ( 0.402)	Loss 5.6465e+00 (6.4934e+00)	Acc@1   3.12 (  0.88)	Acc@5   9.38 (  3.39)
Epoch: [0][3500/4794]	Time  0.082 ( 0.967)	Data  0.000 ( 0.404)	Loss 5.7183e+00 (6.4886e+00)	Acc@1   3.91 (  0.90)	Acc@5  10.94 (  3.45)
Epoch: [0][3520/4794]	Time  0.087 ( 0.966)	Data  0.000 ( 0.406)	Loss 5.8694e+00 (6.4837e+00)	Acc@1   1.56 (  0.92)	Acc@5   7.03 (  3.50)
Epoch: [0][3540/4794]	Time  0.087 ( 0.966)	Data  0.000 ( 0.407)	Loss 5.6545e+00 (6.4786e+00)	Acc@1   3.12 (  0.94)	Acc@5  13.28 (  3.55)
Epoch: [0][3560/4794]	Time  0.082 ( 0.965)	Data  0.000 ( 0.409)	Loss 5.4953e+00 (6.4739e+00)	Acc@1   4.69 (  0.95)	Acc@5  13.28 (  3.60)
Epoch: [0][3580/4794]	Time  0.082 ( 0.964)	Data  0.000 ( 0.411)	Loss 5.4514e+00 (6.4688e+00)	Acc@1   3.12 (  0.97)	Acc@5  10.16 (  3.65)
Epoch: [0][3600/4794]	Time  0.084 ( 0.964)	Data  0.000 ( 0.413)	Loss 5.5509e+00 (6.4637e+00)	Acc@1   3.12 (  0.99)	Acc@5  13.28 (  3.71)
Epoch: [0][3620/4794]	Time  0.083 ( 0.963)	Data  0.000 ( 0.414)	Loss 5.7024e+00 (6.4588e+00)	Acc@1   3.91 (  1.01)	Acc@5   6.25 (  3.76)
Epoch: [0][3640/4794]	Time  0.087 ( 0.962)	Data  0.000 ( 0.415)	Loss 5.4059e+00 (6.4540e+00)	Acc@1   6.25 (  1.03)	Acc@5  15.62 (  3.82)
Epoch: [0][3660/4794]	Time  0.078 ( 0.962)	Data  0.000 ( 0.417)	Loss 5.4291e+00 (6.4488e+00)	Acc@1   5.47 (  1.04)	Acc@5  10.16 (  3.87)
Epoch: [0][3680/4794]	Time  0.092 ( 0.962)	Data  0.000 ( 0.420)	Loss 5.4932e+00 (6.4437e+00)	Acc@1   7.81 (  1.06)	Acc@5  16.41 (  3.93)
Epoch: [0][3700/4794]	Time  0.082 ( 0.961)	Data  0.000 ( 0.422)	Loss 5.5152e+00 (6.4388e+00)	Acc@1   4.69 (  1.08)	Acc@5   9.38 (  3.99)
Epoch: [0][3720/4794]	Time  0.078 ( 0.961)	Data  0.000 ( 0.424)	Loss 5.3777e+00 (6.4338e+00)	Acc@1   3.12 (  1.10)	Acc@5  11.72 (  4.04)
Epoch: [0][3740/4794]	Time  0.082 ( 0.960)	Data  0.000 ( 0.425)	Loss 5.5811e+00 (6.4289e+00)	Acc@1   2.34 (  1.12)	Acc@5  12.50 (  4.10)
Epoch: [0][3760/4794]	Time  0.084 ( 0.960)	Data  0.000 ( 0.428)	Loss 5.1725e+00 (6.4237e+00)	Acc@1   7.81 (  1.14)	Acc@5  21.09 (  4.16)
Epoch: [0][3780/4794]	Time  0.081 ( 0.959)	Data  0.000 ( 0.429)	Loss 5.3093e+00 (6.4186e+00)	Acc@1   8.59 (  1.16)	Acc@5  17.97 (  4.22)
Epoch: [0][3800/4794]	Time  0.080 ( 0.959)	Data  0.000 ( 0.432)	Loss 5.8538e+00 (6.4139e+00)	Acc@1   3.12 (  1.18)	Acc@5  13.28 (  4.28)
Epoch: [0][3820/4794]	Time  0.081 ( 0.959)	Data  0.000 ( 0.434)	Loss 5.3561e+00 (6.4091e+00)	Acc@1   5.47 (  1.20)	Acc@5  11.72 (  4.33)
Epoch: [0][3840/4794]	Time  0.081 ( 0.958)	Data  0.000 ( 0.435)	Loss 5.2000e+00 (6.4041e+00)	Acc@1   7.03 (  1.22)	Acc@5  21.09 (  4.39)
Epoch: [0][3860/4794]	Time  0.081 ( 0.957)	Data  0.000 ( 0.437)	Loss 5.2696e+00 (6.3991e+00)	Acc@1   4.69 (  1.24)	Acc@5  19.53 (  4.44)
Epoch: [0][3880/4794]	Time  0.088 ( 0.957)	Data  0.000 ( 0.439)	Loss 5.5307e+00 (6.3945e+00)	Acc@1   3.12 (  1.26)	Acc@5  13.28 (  4.50)
Epoch: [0][3900/4794]	Time  0.095 ( 0.957)	Data  0.000 ( 0.441)	Loss 5.7246e+00 (6.3898e+00)	Acc@1   3.12 (  1.28)	Acc@5  10.94 (  4.55)
Epoch: [0][3920/4794]	Time  0.094 ( 0.957)	Data  0.000 ( 0.443)	Loss 5.2308e+00 (6.3847e+00)	Acc@1   5.47 (  1.30)	Acc@5  16.41 (  4.61)
Epoch: [0][3940/4794]	Time  0.081 ( 0.956)	Data  0.000 ( 0.445)	Loss 5.2579e+00 (6.3798e+00)	Acc@1   3.91 (  1.32)	Acc@5  20.31 (  4.67)
Epoch: [0][3960/4794]	Time  0.092 ( 0.956)	Data  0.000 ( 0.447)	Loss 5.3636e+00 (6.3748e+00)	Acc@1   7.03 (  1.34)	Acc@5  17.97 (  4.73)
Epoch: [0][3980/4794]	Time  0.076 ( 0.956)	Data  0.000 ( 0.449)	Loss 5.5463e+00 (6.3699e+00)	Acc@1   3.91 (  1.36)	Acc@5  17.97 (  4.80)
Epoch: [0][4000/4794]	Time  0.087 ( 0.955)	Data  0.000 ( 0.451)	Loss 5.4980e+00 (6.3649e+00)	Acc@1   0.78 (  1.38)	Acc@5  11.72 (  4.86)
Epoch: [0][4020/4794]	Time  0.083 ( 0.955)	Data  0.000 ( 0.452)	Loss 5.4127e+00 (6.3601e+00)	Acc@1   4.69 (  1.41)	Acc@5  14.84 (  4.92)
Epoch: [0][4040/4794]	Time  0.078 ( 0.954)	Data  0.000 ( 0.454)	Loss 5.3344e+00 (6.3551e+00)	Acc@1   7.03 (  1.43)	Acc@5  17.97 (  4.98)
Epoch: [0][4060/4794]	Time  0.082 ( 0.954)	Data  0.000 ( 0.456)	Loss 5.1692e+00 (6.3499e+00)	Acc@1   4.69 (  1.45)	Acc@5  17.97 (  5.04)
Epoch: [0][4080/4794]	Time  0.089 ( 0.954)	Data  0.000 ( 0.458)	Loss 5.1074e+00 (6.3447e+00)	Acc@1   5.47 (  1.47)	Acc@5  22.66 (  5.11)
Epoch: [0][4100/4794]	Time  0.082 ( 0.953)	Data  0.000 ( 0.460)	Loss 5.4035e+00 (6.3395e+00)	Acc@1   4.69 (  1.49)	Acc@5  19.53 (  5.17)
Epoch: [0][4120/4794]	Time  0.093 ( 0.953)	Data  0.000 ( 0.461)	Loss 5.3870e+00 (6.3345e+00)	Acc@1   3.91 (  1.51)	Acc@5  16.41 (  5.23)
Epoch: [0][4140/4794]	Time  0.081 ( 0.953)	Data  0.000 ( 0.463)	Loss 5.1494e+00 (6.3296e+00)	Acc@1   7.03 (  1.54)	Acc@5  21.88 (  5.29)
Epoch: [0][4160/4794]	Time  0.089 ( 0.953)	Data  0.000 ( 0.465)	Loss 5.3990e+00 (6.3246e+00)	Acc@1   3.91 (  1.57)	Acc@5  15.62 (  5.35)
Epoch: [0][4180/4794]	Time  0.081 ( 0.952)	Data  0.000 ( 0.467)	Loss 5.2467e+00 (6.3197e+00)	Acc@1   5.47 (  1.59)	Acc@5  17.19 (  5.41)
Epoch: [0][4200/4794]	Time  0.085 ( 0.952)	Data  0.000 ( 0.468)	Loss 5.1457e+00 (6.3145e+00)	Acc@1   6.25 (  1.61)	Acc@5  17.97 (  5.48)
Epoch: [0][4220/4794]	Time  0.089 ( 0.951)	Data  0.000 ( 0.469)	Loss 5.6208e+00 (6.3094e+00)	Acc@1   7.03 (  1.63)	Acc@5  17.97 (  5.55)
Epoch: [0][4240/4794]	Time  0.068 ( 0.950)	Data  0.000 ( 0.471)	Loss 5.1538e+00 (6.3043e+00)	Acc@1   7.03 (  1.66)	Acc@5  17.19 (  5.62)
Epoch: [0][4260/4794]	Time  0.079 ( 0.950)	Data  0.000 ( 0.472)	Loss 5.1590e+00 (6.2992e+00)	Acc@1  10.16 (  1.69)	Acc@5  19.53 (  5.68)
Epoch: [0][4280/4794]	Time  0.085 ( 0.949)	Data  0.000 ( 0.474)	Loss 5.1327e+00 (6.2942e+00)	Acc@1  10.94 (  1.71)	Acc@5  20.31 (  5.75)
Epoch: [0][4300/4794]	Time  0.085 ( 0.949)	Data  0.000 ( 0.475)	Loss 5.2727e+00 (6.2893e+00)	Acc@1  10.16 (  1.73)	Acc@5  21.09 (  5.82)
Epoch: [0][4320/4794]	Time  0.076 ( 0.949)	Data  0.000 ( 0.477)	Loss 5.1877e+00 (6.2846e+00)	Acc@1   3.12 (  1.76)	Acc@5  21.88 (  5.88)
Epoch: [0][4340/4794]	Time  0.083 ( 0.948)	Data  0.000 ( 0.478)	Loss 5.1320e+00 (6.2797e+00)	Acc@1   7.81 (  1.78)	Acc@5  16.41 (  5.94)
Epoch: [0][4360/4794]	Time  0.082 ( 0.948)	Data  0.000 ( 0.479)	Loss 5.1761e+00 (6.2745e+00)	Acc@1   7.03 (  1.81)	Acc@5  16.41 (  6.00)
Epoch: [0][4380/4794]	Time  0.083 ( 0.947)	Data  0.000 ( 0.480)	Loss 5.1031e+00 (6.2693e+00)	Acc@1  12.50 (  1.84)	Acc@5  20.31 (  6.07)
Epoch: [0][4400/4794]	Time  0.087 ( 0.946)	Data  0.000 ( 0.482)	Loss 5.2663e+00 (6.2639e+00)	Acc@1   4.69 (  1.87)	Acc@5  14.06 (  6.15)
Epoch: [0][4420/4794]	Time  0.077 ( 0.946)	Data  0.000 ( 0.483)	Loss 5.2445e+00 (6.2587e+00)	Acc@1   3.91 (  1.90)	Acc@5  22.66 (  6.22)
Epoch: [0][4440/4794]	Time  0.551 ( 0.945)	Data  0.520 ( 0.484)	Loss 5.2307e+00 (6.2539e+00)	Acc@1   7.81 (  1.92)	Acc@5  21.09 (  6.28)
Epoch: [0][4460/4794]	Time  0.087 ( 0.945)	Data  0.000 ( 0.486)	Loss 5.3567e+00 (6.2491e+00)	Acc@1   4.69 (  1.95)	Acc@5  20.31 (  6.35)
Epoch: [0][4480/4794]	Time  0.082 ( 0.944)	Data  0.000 ( 0.487)	Loss 4.9088e+00 (6.2439e+00)	Acc@1  10.94 (  1.97)	Acc@5  23.44 (  6.41)
Epoch: [0][4500/4794]	Time  0.079 ( 0.944)	Data  0.000 ( 0.488)	Loss 5.4888e+00 (6.2388e+00)	Acc@1   6.25 (  2.00)	Acc@5  18.75 (  6.49)
Epoch: [0][4520/4794]	Time  0.081 ( 0.943)	Data  0.000 ( 0.489)	Loss 5.0084e+00 (6.2338e+00)	Acc@1   9.38 (  2.03)	Acc@5  24.22 (  6.55)
Epoch: [0][4540/4794]	Time  0.102 ( 0.943)	Data  0.000 ( 0.491)	Loss 5.3143e+00 (6.2289e+00)	Acc@1   4.69 (  2.05)	Acc@5  13.28 (  6.62)
Epoch: [0][4560/4794]	Time  0.075 ( 0.943)	Data  0.000 ( 0.492)	Loss 5.0432e+00 (6.2238e+00)	Acc@1   9.38 (  2.08)	Acc@5  25.00 (  6.69)
Epoch: [0][4580/4794]	Time  0.094 ( 0.942)	Data  0.000 ( 0.493)	Loss 4.9329e+00 (6.2186e+00)	Acc@1   9.38 (  2.11)	Acc@5  26.56 (  6.76)
Epoch: [0][4600/4794]	Time  0.083 ( 0.942)	Data  0.000 ( 0.495)	Loss 4.9997e+00 (6.2135e+00)	Acc@1   6.25 (  2.13)	Acc@5  23.44 (  6.82)
Epoch: [0][4620/4794]	Time  0.059 ( 0.941)	Data  0.000 ( 0.496)	Loss 5.1147e+00 (6.2085e+00)	Acc@1   5.47 (  2.16)	Acc@5  21.09 (  6.89)
Epoch: [0][4640/4794]	Time  0.088 ( 0.941)	Data  0.000 ( 0.497)	Loss 5.0615e+00 (6.2036e+00)	Acc@1  10.94 (  2.19)	Acc@5  26.56 (  6.96)
Epoch: [0][4660/4794]	Time  0.087 ( 0.941)	Data  0.000 ( 0.499)	Loss 4.9706e+00 (6.1990e+00)	Acc@1  10.16 (  2.22)	Acc@5  25.78 (  7.02)
Epoch: [0][4680/4794]	Time  0.081 ( 0.941)	Data  0.000 ( 0.500)	Loss 4.6777e+00 (6.1940e+00)	Acc@1  14.06 (  2.25)	Acc@5  30.47 (  7.09)
Epoch: [0][4700/4794]	Time  0.078 ( 0.940)	Data  0.000 ( 0.502)	Loss 4.9737e+00 (6.1888e+00)	Acc@1   8.59 (  2.28)	Acc@5  25.00 (  7.17)
Epoch: [0][4720/4794]	Time  0.090 ( 0.940)	Data  0.000 ( 0.503)	Loss 4.9899e+00 (6.1840e+00)	Acc@1  10.16 (  2.31)	Acc@5  21.88 (  7.24)
Epoch: [0][4740/4794]	Time  0.078 ( 0.940)	Data  0.000 ( 0.504)	Loss 5.1856e+00 (6.1792e+00)	Acc@1   5.47 (  2.33)	Acc@5  22.66 (  7.31)
Epoch: [0][4760/4794]	Time  0.085 ( 0.940)	Data  0.000 ( 0.506)	Loss 5.0740e+00 (6.1745e+00)	Acc@1   8.59 (  2.36)	Acc@5  16.41 (  7.37)
Epoch: [0][4780/4794]	Time  0.090 ( 0.939)	Data  0.000 ( 0.507)	Loss 4.7399e+00 (6.1696e+00)	Acc@1   9.38 (  2.39)	Acc@5  24.22 (  7.44)
Test: [  0/375]	Time 14.786 (14.786)	Loss 4.0970e+00 (4.0970e+00)	Acc@1  28.91 ( 28.91)	Acc@5  46.88 ( 46.88)
Test: [ 20/375]	Time  3.036 ( 1.616)	Loss 5.3402e+00 (4.7333e+00)	Acc@1   1.56 ( 10.94)	Acc@5   7.81 ( 28.76)
Test: [ 40/375]	Time  3.101 ( 1.286)	Loss 4.1442e+00 (4.6616e+00)	Acc@1  24.22 ( 11.76)	Acc@5  37.50 ( 29.92)
Test: [ 60/375]	Time  3.745 ( 1.170)	Loss 5.1528e+00 (4.6768e+00)	Acc@1   8.59 ( 11.18)	Acc@5  15.62 ( 29.26)
Test: [ 80/375]	Time  2.858 ( 1.100)	Loss 4.8326e+00 (4.8235e+00)	Acc@1   3.12 (  9.40)	Acc@5  19.53 ( 25.69)
Test: [100/375]	Time  2.813 ( 1.060)	Loss 4.8146e+00 (4.8511e+00)	Acc@1  10.16 (  8.87)	Acc@5  28.91 ( 24.61)
Test: [120/375]	Time  2.145 ( 1.036)	Loss 3.1184e+00 (4.8225e+00)	Acc@1  32.03 (  8.97)	Acc@5  60.94 ( 25.12)
Test: [140/375]	Time  0.656 ( 1.009)	Loss 4.1693e+00 (4.8270e+00)	Acc@1  25.00 (  9.26)	Acc@5  33.59 ( 25.02)
Test: [160/375]	Time  0.418 ( 1.002)	Loss 5.6067e+00 (4.8414e+00)	Acc@1   2.34 (  9.36)	Acc@5   8.59 ( 25.07)
Test: [180/375]	Time  0.028 ( 0.993)	Loss 4.4245e+00 (4.8795e+00)	Acc@1   8.59 (  9.17)	Acc@5  39.84 ( 24.64)
Test: [200/375]	Time  0.591 ( 0.978)	Loss 5.0999e+00 (4.9238e+00)	Acc@1  10.16 (  8.96)	Acc@5  25.00 ( 24.05)
Test: [220/375]	Time  0.335 ( 0.969)	Loss 5.4580e+00 (4.9388e+00)	Acc@1   2.34 (  8.92)	Acc@5  13.28 ( 24.02)
Test: [240/375]	Time  0.468 ( 0.960)	Loss 4.9892e+00 (4.9577e+00)	Acc@1  14.84 (  8.94)	Acc@5  25.00 ( 23.91)
Test: [260/375]	Time  0.035 ( 0.951)	Loss 5.2908e+00 (4.9640e+00)	Acc@1   0.00 (  8.91)	Acc@5  16.41 ( 23.80)
Test: [280/375]	Time  0.028 ( 0.943)	Loss 4.9289e+00 (4.9835e+00)	Acc@1   9.38 (  8.87)	Acc@5  29.69 ( 23.53)
Test: [300/375]	Time  0.029 ( 0.936)	Loss 5.5579e+00 (5.0009e+00)	Acc@1   4.69 (  8.76)	Acc@5  10.16 ( 23.31)
Test: [320/375]	Time  0.028 ( 0.930)	Loss 5.8481e+00 (5.0245e+00)	Acc@1   0.00 (  8.53)	Acc@5   7.81 ( 22.84)
Test: [340/375]	Time  0.028 ( 0.920)	Loss 5.0556e+00 (5.0315e+00)	Acc@1   5.47 (  8.55)	Acc@5  14.84 ( 22.73)
Test: [360/375]	Time  0.029 ( 0.917)	Loss 4.5307e+00 (5.0087e+00)	Acc@1  17.97 (  8.78)	Acc@5  31.25 ( 23.26)
 *   Acc@1 9.115 Acc@5 23.738
Test: [  0/375]	Time 14.947 (14.947)	Loss 4.0970e+00 (4.0970e+00)	Acc@1  28.91 ( 28.91)	Acc@5  46.88 ( 46.88)
Test: [ 20/375]	Time  3.080 ( 1.619)	Loss 5.3402e+00 (4.7333e+00)	Acc@1   1.56 ( 10.94)	Acc@5   7.81 ( 28.76)
Test: [ 40/375]	Time  3.072 ( 1.286)	Loss 4.1442e+00 (4.6616e+00)	Acc@1  24.22 ( 11.76)	Acc@5  37.50 ( 29.92)
Test: [ 60/375]	Time  3.760 ( 1.171)	Loss 5.1528e+00 (4.6768e+00)	Acc@1   8.59 ( 11.18)	Acc@5  15.62 ( 29.26)
Test: [ 80/375]	Time  2.847 ( 1.100)	Loss 4.8326e+00 (4.8235e+00)	Acc@1   3.12 (  9.40)	Acc@5  19.53 ( 25.69)
Test: [100/375]	Time  2.786 ( 1.060)	Loss 4.8146e+00 (4.8511e+00)	Acc@1  10.16 (  8.87)	Acc@5  28.91 ( 24.61)
Test: [120/375]	Time  2.149 ( 1.036)	Loss 3.1184e+00 (4.8225e+00)	Acc@1  32.03 (  8.97)	Acc@5  60.94 ( 25.12)
Test: [140/375]	Time  0.585 ( 1.009)	Loss 4.1693e+00 (4.8270e+00)	Acc@1  25.00 (  9.26)	Acc@5  33.59 ( 25.02)
Test: [160/375]	Time  0.381 ( 1.002)	Loss 5.6067e+00 (4.8414e+00)	Acc@1   2.34 (  9.36)	Acc@5   8.59 ( 25.07)
Test: [180/375]	Time  0.028 ( 0.994)	Loss 4.4245e+00 (4.8795e+00)	Acc@1   8.59 (  9.17)	Acc@5  39.84 ( 24.64)
Test: [200/375]	Time  0.604 ( 0.979)	Loss 5.0999e+00 (4.9238e+00)	Acc@1  10.16 (  8.96)	Acc@5  25.00 ( 24.05)
Test: [220/375]	Time  0.354 ( 0.969)	Loss 5.4580e+00 (4.9388e+00)	Acc@1   2.34 (  8.92)	Acc@5  13.28 ( 24.02)
Test: [240/375]	Time  0.453 ( 0.961)	Loss 4.9892e+00 (4.9577e+00)	Acc@1  14.84 (  8.94)	Acc@5  25.00 ( 23.91)
Test: [260/375]	Time  0.033 ( 0.951)	Loss 5.2908e+00 (4.9640e+00)	Acc@1   0.00 (  8.91)	Acc@5  16.41 ( 23.80)
Test: [280/375]	Time  0.028 ( 0.943)	Loss 4.9289e+00 (4.9835e+00)	Acc@1   9.38 (  8.87)	Acc@5  29.69 ( 23.53)
Test: [300/375]	Time  0.028 ( 0.936)	Loss 5.5579e+00 (5.0009e+00)	Acc@1   4.69 (  8.76)	Acc@5  10.16 ( 23.31)
Test: [320/375]	Time  0.028 ( 0.930)	Loss 5.8481e+00 (5.0245e+00)	Acc@1   0.00 (  8.53)	Acc@5   7.81 ( 22.84)
Test: [340/375]	Time  0.028 ( 0.921)	Loss 5.0556e+00 (5.0315e+00)	Acc@1   5.47 (  8.55)	Acc@5  14.84 ( 22.73)
Test: [360/375]	Time  0.028 ( 0.917)	Loss 4.5307e+00 (5.0087e+00)	Acc@1  17.97 (  8.78)	Acc@5  31.25 ( 23.26)
 *   Acc@1 9.115 Acc@5 23.738
