Use GPU: 1 for training
before loading the model,we have {args.num_classes} classes
=> creating model 'alexnet'
----------------------------------------
training directory:/data/gpfs/datasets/Imagenet/train_blurred

validating directory:/data/gpfs/datasets/Imagenet/val_blurred

----------------------------------------
Dataset ImageFolder
    Number of datapoints: 1281066
    Root location: /data/gpfs/datasets/Imagenet/train_blurred
    StandardTransform
Transform: Compose(
               Resize(size=256, interpolation=bilinear, max_size=None, antialias=None)
               CenterCrop(size=(224, 224))
               ToTensor()
               Normalize(mean=[0.485, 0.456, 0.406], std=[0.229, 0.224, 0.225])
           )
----------------------------------------
Dataset ImageFolder
    Number of datapoints: 49997
    Root location: /data/gpfs/datasets/Imagenet/val_blurred
    StandardTransform
Transform: Compose(
               Resize(size=256, interpolation=bilinear, max_size=None, antialias=None)
               CenterCrop(size=(224, 224))
               ToTensor()
               Normalize(mean=[0.485, 0.456, 0.406], std=[0.229, 0.224, 0.225])
           )
----------------------------------------
           0                 1
0  n03180011  desktop_computer
1  n04004767           printer
2  n03782006           monitor
3  n02870880          bookcase
4  n03793489             mouse
5  n04009552         projector
+---+---+---+---+---+---+---+---+---+---+---+---+---+---+---+---+---+---+---+---
994
6
+---+---+---+---+---+---+---+---+---+---+---+---+---+---+---+---+---+---+---+---
1273267
49697
Use GPU: 0 for training
before loading the model,we have {args.num_classes} classes
=> creating model 'alexnet'
----------------------------------------
training directory:/data/gpfs/datasets/Imagenet/train_blurred

validating directory:/data/gpfs/datasets/Imagenet/val_blurred

----------------------------------------
Dataset ImageFolder
    Number of datapoints: 1281066
    Root location: /data/gpfs/datasets/Imagenet/train_blurred
    StandardTransform
Transform: Compose(
               Resize(size=256, interpolation=bilinear, max_size=None, antialias=None)
               CenterCrop(size=(224, 224))
               ToTensor()
               Normalize(mean=[0.485, 0.456, 0.406], std=[0.229, 0.224, 0.225])
           )
----------------------------------------
Dataset ImageFolder
    Number of datapoints: 49997
    Root location: /data/gpfs/datasets/Imagenet/val_blurred
    StandardTransform
Transform: Compose(
               Resize(size=256, interpolation=bilinear, max_size=None, antialias=None)
               CenterCrop(size=(224, 224))
               ToTensor()
               Normalize(mean=[0.485, 0.456, 0.406], std=[0.229, 0.224, 0.225])
           )
----------------------------------------
           0                 1
0  n03180011  desktop_computer
1  n04004767           printer
2  n03782006           monitor
3  n02870880          bookcase
4  n03793489             mouse
5  n04009552         projector
+---+---+---+---+---+---+---+---+---+---+---+---+---+---+---+---+---+---+---+---
994
6
+---+---+---+---+---+---+---+---+---+---+---+---+---+---+---+---+---+---+---+---
1273267
49697
Epoch: [0][   0/1244]	Time 21.286 (21.286)	Data 18.410 (18.410)	Loss 6.9080e+00 (6.9080e+00)	Acc@1   0.00 (  0.00)	Acc@5   0.20 (  0.20)
Epoch: [0][  20/1244]	Time  0.235 ( 2.387)	Data  0.000 ( 2.079)	Loss 6.9081e+00 (6.9078e+00)	Acc@1   0.00 (  0.10)	Acc@5   0.39 (  0.51)
Epoch: [0][  40/1244]	Time  0.915 ( 2.099)	Data  0.449 ( 1.837)	Loss 6.9073e+00 (6.9079e+00)	Acc@1   0.00 (  0.12)	Acc@5   0.98 (  0.49)
Epoch: [0][  60/1244]	Time  3.374 ( 1.990)	Data  3.265 ( 1.643)	Loss 6.9084e+00 (6.9079e+00)	Acc@1   0.00 (  0.12)	Acc@5   0.59 (  0.54)
Epoch: [0][  80/1244]	Time  0.232 ( 1.903)	Data  0.000 ( 1.491)	Loss 6.9074e+00 (6.9078e+00)	Acc@1   0.00 (  0.12)	Acc@5   0.20 (  0.53)
Epoch: [0][ 100/1244]	Time  1.447 ( 1.880)	Data  0.209 ( 1.429)	Loss 6.9075e+00 (6.9078e+00)	Acc@1   0.20 (  0.14)	Acc@5   0.39 (  0.54)
Epoch: [0][ 120/1244]	Time  2.037 ( 1.841)	Data  1.938 ( 1.405)	Loss 6.9084e+00 (6.9077e+00)	Acc@1   0.00 (  0.14)	Acc@5   0.20 (  0.54)
Epoch: [0][ 140/1244]	Time  0.231 ( 1.825)	Data  0.000 ( 1.387)	Loss 6.9081e+00 (6.9077e+00)	Acc@1   0.00 (  0.14)	Acc@5   0.39 (  0.55)
Epoch: [0][ 160/1244]	Time  3.646 ( 1.819)	Data  2.962 ( 1.381)	Loss 6.9073e+00 (6.9077e+00)	Acc@1   0.00 (  0.13)	Acc@5   1.17 (  0.55)
Epoch: [0][ 180/1244]	Time  0.563 ( 1.789)	Data  0.464 ( 1.362)	Loss 6.9071e+00 (6.9076e+00)	Acc@1   0.39 (  0.13)	Acc@5   0.98 (  0.56)
Epoch: [0][ 200/1244]	Time  0.235 ( 1.799)	Data  0.000 ( 1.351)	Loss 6.9080e+00 (6.9076e+00)	Acc@1   0.00 (  0.13)	Acc@5   0.00 (  0.54)
Epoch: [0][ 220/1244]	Time  5.144 ( 1.799)	Data  3.531 ( 1.335)	Loss 6.9069e+00 (6.9076e+00)	Acc@1   0.39 (  0.13)	Acc@5   1.17 (  0.54)
Epoch: [0][ 240/1244]	Time  0.235 ( 1.784)	Data  0.000 ( 1.306)	Loss 6.9075e+00 (6.9076e+00)	Acc@1   0.20 (  0.13)	Acc@5   0.78 (  0.54)
Epoch: [0][ 260/1244]	Time  0.232 ( 1.786)	Data  0.000 ( 1.314)	Loss 6.9080e+00 (6.9076e+00)	Acc@1   0.20 (  0.12)	Acc@5   0.98 (  0.53)
Epoch: [0][ 280/1244]	Time  4.224 ( 1.785)	Data  3.535 ( 1.315)	Loss 6.9061e+00 (6.9075e+00)	Acc@1   0.00 (  0.12)	Acc@5   0.00 (  0.53)
Epoch: [0][ 300/1244]	Time  1.277 ( 1.774)	Data  1.178 ( 1.324)	Loss 6.9064e+00 (6.9075e+00)	Acc@1   0.00 (  0.12)	Acc@5   0.78 (  0.54)
Epoch: [0][ 320/1244]	Time  0.233 ( 1.781)	Data  0.000 ( 1.348)	Loss 6.9075e+00 (6.9074e+00)	Acc@1   0.00 (  0.13)	Acc@5   0.98 (  0.54)
Epoch: [0][ 340/1244]	Time  4.864 ( 1.784)	Data  4.761 ( 1.366)	Loss 6.9064e+00 (6.9074e+00)	Acc@1   0.00 (  0.12)	Acc@5   0.00 (  0.54)
Epoch: [0][ 360/1244]	Time  0.214 ( 1.771)	Data  0.000 ( 1.366)	Loss 6.9047e+00 (6.9073e+00)	Acc@1   0.20 (  0.12)	Acc@5   0.98 (  0.54)
Epoch: [0][ 380/1244]	Time  0.317 ( 1.775)	Data  0.000 ( 1.382)	Loss 6.9073e+00 (6.9073e+00)	Acc@1   0.20 (  0.12)	Acc@5   0.59 (  0.54)
Epoch: [0][ 400/1244]	Time  4.675 ( 1.772)	Data  4.415 ( 1.389)	Loss 6.9060e+00 (6.9073e+00)	Acc@1   0.00 (  0.12)	Acc@5   0.39 (  0.53)
Epoch: [0][ 420/1244]	Time  0.238 ( 1.763)	Data  0.000 ( 1.383)	Loss 6.9045e+00 (6.9072e+00)	Acc@1   0.00 (  0.11)	Acc@5   0.39 (  0.53)
Epoch: [0][ 440/1244]	Time  0.234 ( 1.763)	Data  0.000 ( 1.387)	Loss 6.9027e+00 (6.9071e+00)	Acc@1   0.20 (  0.11)	Acc@5   0.78 (  0.52)
Epoch: [0][ 460/1244]	Time  4.285 ( 1.764)	Data  3.785 ( 1.393)	Loss 6.9058e+00 (6.9070e+00)	Acc@1   0.00 (  0.11)	Acc@5   0.39 (  0.52)
Epoch: [0][ 480/1244]	Time  0.316 ( 1.756)	Data  0.000 ( 1.386)	Loss 6.9005e+00 (6.9068e+00)	Acc@1   0.00 (  0.11)	Acc@5   0.39 (  0.52)
Epoch: [0][ 500/1244]	Time  0.242 ( 1.760)	Data  0.000 ( 1.381)	Loss 6.8928e+00 (6.9065e+00)	Acc@1   0.00 (  0.11)	Acc@5   0.20 (  0.52)
Epoch: [0][ 520/1244]	Time  4.868 ( 1.761)	Data  2.926 ( 1.374)	Loss 6.9072e+00 (6.9064e+00)	Acc@1   0.20 (  0.11)	Acc@5   0.20 (  0.52)
Epoch: [0][ 540/1244]	Time  0.232 ( 1.756)	Data  0.000 ( 1.359)	Loss 6.8977e+00 (6.9060e+00)	Acc@1   0.00 (  0.11)	Acc@5   0.39 (  0.52)
Epoch: [0][ 560/1244]	Time  0.232 ( 1.761)	Data  0.000 ( 1.340)	Loss 6.8998e+00 (6.9057e+00)	Acc@1   0.20 (  0.11)	Acc@5   0.20 (  0.52)
Epoch: [0][ 580/1244]	Time  4.591 ( 1.763)	Data  3.159 ( 1.329)	Loss 6.8933e+00 (6.9052e+00)	Acc@1   0.00 (  0.11)	Acc@5   0.20 (  0.52)
Epoch: [0][ 600/1244]	Time  0.232 ( 1.757)	Data  0.000 ( 1.318)	Loss 6.8935e+00 (6.9049e+00)	Acc@1   0.00 (  0.11)	Acc@5   0.59 (  0.52)
Epoch: [0][ 620/1244]	Time  0.231 ( 1.762)	Data  0.000 ( 1.307)	Loss 6.9074e+00 (6.9044e+00)	Acc@1   0.39 (  0.11)	Acc@5   0.78 (  0.51)
Epoch: [0][ 640/1244]	Time  4.775 ( 1.764)	Data  2.289 ( 1.291)	Loss 6.8980e+00 (6.9039e+00)	Acc@1   0.00 (  0.11)	Acc@5   0.39 (  0.52)
Epoch: [0][ 660/1244]	Time  0.234 ( 1.763)	Data  0.000 ( 1.270)	Loss 6.8910e+00 (6.9033e+00)	Acc@1   0.00 (  0.11)	Acc@5   0.00 (  0.52)
Epoch: [0][ 680/1244]	Time  0.243 ( 1.769)	Data  0.000 ( 1.252)	Loss 6.8730e+00 (6.9027e+00)	Acc@1   0.20 (  0.11)	Acc@5   0.98 (  0.52)
Epoch: [0][ 700/1244]	Time  5.090 ( 1.773)	Data  1.522 ( 1.235)	Loss 6.9023e+00 (6.9019e+00)	Acc@1   0.00 (  0.12)	Acc@5   0.39 (  0.52)
Epoch: [0][ 720/1244]	Time  0.232 ( 1.771)	Data  0.000 ( 1.211)	Loss 6.8727e+00 (6.9011e+00)	Acc@1   0.00 (  0.12)	Acc@5   0.39 (  0.52)
Epoch: [0][ 740/1244]	Time  0.233 ( 1.778)	Data  0.000 ( 1.193)	Loss 6.8221e+00 (6.9000e+00)	Acc@1   0.39 (  0.12)	Acc@5   0.39 (  0.52)
Epoch: [0][ 760/1244]	Time  4.844 ( 1.785)	Data  0.000 ( 1.161)	Loss 6.8728e+00 (6.8987e+00)	Acc@1   0.20 (  0.12)	Acc@5   0.39 (  0.53)
Epoch: [0][ 780/1244]	Time  0.282 ( 1.784)	Data  0.000 ( 1.132)	Loss 6.8406e+00 (6.8973e+00)	Acc@1   0.00 (  0.12)	Acc@5   1.17 (  0.53)
Epoch: [0][ 800/1244]	Time  0.252 ( 1.789)	Data  0.000 ( 1.110)	Loss 6.8823e+00 (6.8961e+00)	Acc@1   0.00 (  0.12)	Acc@5   0.39 (  0.53)
Epoch: [0][ 820/1244]	Time  5.074 ( 1.794)	Data  0.000 ( 1.083)	Loss 6.8376e+00 (6.8947e+00)	Acc@1   0.20 (  0.12)	Acc@5   0.98 (  0.53)
Epoch: [0][ 840/1244]	Time  0.709 ( 1.792)	Data  0.609 ( 1.062)	Loss 6.8306e+00 (6.8933e+00)	Acc@1   0.00 (  0.12)	Acc@5   0.59 (  0.54)
Epoch: [0][ 860/1244]	Time  0.315 ( 1.796)	Data  0.203 ( 1.048)	Loss 6.8363e+00 (6.8921e+00)	Acc@1   0.20 (  0.12)	Acc@5   0.59 (  0.55)
Epoch: [0][ 880/1244]	Time  5.943 ( 1.801)	Data  0.000 ( 1.027)	Loss 6.8572e+00 (6.8908e+00)	Acc@1   0.00 (  0.12)	Acc@5   0.00 (  0.55)
Epoch: [0][ 900/1244]	Time  0.232 ( 1.800)	Data  0.000 ( 1.004)	Loss 6.8391e+00 (6.8895e+00)	Acc@1   0.59 (  0.12)	Acc@5   1.17 (  0.56)
Epoch: [0][ 920/1244]	Time  0.231 ( 1.804)	Data  0.000 ( 0.988)	Loss 6.8453e+00 (6.8883e+00)	Acc@1   0.39 (  0.12)	Acc@5   0.78 (  0.56)
Epoch: [0][ 940/1244]	Time  5.429 ( 1.808)	Data  0.000 ( 0.967)	Loss 6.8366e+00 (6.8871e+00)	Acc@1   0.20 (  0.13)	Acc@5   1.17 (  0.57)
Epoch: [0][ 960/1244]	Time  0.224 ( 1.806)	Data  0.000 ( 0.950)	Loss 6.8442e+00 (6.8860e+00)	Acc@1   0.00 (  0.13)	Acc@5   0.59 (  0.57)
Epoch: [0][ 980/1244]	Time  0.232 ( 1.810)	Data  0.000 ( 0.941)	Loss 6.8176e+00 (6.8847e+00)	Acc@1   0.59 (  0.13)	Acc@5   0.98 (  0.58)
Epoch: [0][1000/1244]	Time  5.164 ( 1.811)	Data  2.507 ( 0.939)	Loss 6.8347e+00 (6.8836e+00)	Acc@1   0.20 (  0.13)	Acc@5   0.59 (  0.58)
Epoch: [0][1020/1244]	Time  0.282 ( 1.808)	Data  0.000 ( 0.935)	Loss 6.8003e+00 (6.8826e+00)	Acc@1   0.00 (  0.13)	Acc@5   0.98 (  0.59)
Epoch: [0][1040/1244]	Time  0.228 ( 1.809)	Data  0.000 ( 0.939)	Loss 6.8342e+00 (6.8815e+00)	Acc@1   0.00 (  0.13)	Acc@5   0.39 (  0.60)
Epoch: [0][1060/1244]	Time  3.787 ( 1.808)	Data  2.546 ( 0.944)	Loss 6.8501e+00 (6.8804e+00)	Acc@1   0.39 (  0.14)	Acc@5   1.37 (  0.61)
Epoch: [0][1080/1244]	Time  0.865 ( 1.805)	Data  0.765 ( 0.947)	Loss 6.8209e+00 (6.8794e+00)	Acc@1   0.00 (  0.14)	Acc@5   0.78 (  0.62)
Epoch: [0][1100/1244]	Time  0.220 ( 1.805)	Data  0.000 ( 0.954)	Loss 6.8214e+00 (6.8785e+00)	Acc@1   0.59 (  0.14)	Acc@5   1.95 (  0.62)
Epoch: [0][1120/1244]	Time  2.168 ( 1.804)	Data  0.493 ( 0.958)	Loss 6.8080e+00 (6.8776e+00)	Acc@1   0.20 (  0.14)	Acc@5   1.76 (  0.63)
Epoch: [0][1140/1244]	Time  3.769 ( 1.803)	Data  3.666 ( 0.964)	Loss 6.8328e+00 (6.8766e+00)	Acc@1   0.20 (  0.15)	Acc@5   0.98 (  0.64)
Epoch: [0][1160/1244]	Time  0.242 ( 1.799)	Data  0.000 ( 0.970)	Loss 6.8086e+00 (6.8756e+00)	Acc@1   0.20 (  0.15)	Acc@5   0.98 (  0.65)
Epoch: [0][1180/1244]	Time  0.233 ( 1.800)	Data  0.000 ( 0.981)	Loss 6.8084e+00 (6.8749e+00)	Acc@1   0.39 (  0.15)	Acc@5   1.76 (  0.66)
Epoch: [0][1200/1244]	Time  4.398 ( 1.799)	Data  4.294 ( 0.991)	Loss 6.8293e+00 (6.8738e+00)	Acc@1   0.20 (  0.15)	Acc@5   0.98 (  0.66)
Epoch: [0][1220/1244]	Time  0.245 ( 1.795)	Data  0.000 ( 0.995)	Loss 6.8151e+00 (6.8727e+00)	Acc@1   0.20 (  0.15)	Acc@5   0.98 (  0.67)
Epoch: [0][1240/1244]	Time  0.421 ( 1.794)	Data  0.000 ( 1.001)	Loss 6.7901e+00 (6.8716e+00)	Acc@1   0.39 (  0.15)	Acc@5   0.59 (  0.68)
Epoch: [0][   0/1244]	Time 21.078 (21.078)	Data 17.944 (17.944)	Loss 6.9072e+00 (6.9072e+00)	Acc@1   0.00 (  0.00)	Acc@5   0.00 (  0.00)
Epoch: [0][  20/1244]	Time  0.235 ( 2.386)	Data  0.000 ( 1.908)	Loss 6.9091e+00 (6.9078e+00)	Acc@1   0.00 (  0.06)	Acc@5   0.20 (  0.48)
Epoch: [0][  40/1244]	Time  0.229 ( 2.099)	Data  0.000 ( 1.733)	Loss 6.9087e+00 (6.9078e+00)	Acc@1   0.00 (  0.09)	Acc@5   0.20 (  0.53)
Epoch: [0][  60/1244]	Time  4.765 ( 2.013)	Data  4.661 ( 1.708)	Loss 6.9077e+00 (6.9078e+00)	Acc@1   0.20 (  0.11)	Acc@5   0.78 (  0.55)
Epoch: [0][  80/1244]	Time  0.232 ( 1.903)	Data  0.000 ( 1.628)	Loss 6.9079e+00 (6.9078e+00)	Acc@1   0.00 (  0.10)	Acc@5   0.00 (  0.51)
Epoch: [0][ 100/1244]	Time  0.231 ( 1.880)	Data  0.000 ( 1.622)	Loss 6.9077e+00 (6.9078e+00)	Acc@1   0.00 (  0.09)	Acc@5   0.20 (  0.54)
Epoch: [0][ 120/1244]	Time  4.668 ( 1.862)	Data  4.569 ( 1.617)	Loss 6.9067e+00 (6.9077e+00)	Acc@1   0.00 (  0.10)	Acc@5   0.78 (  0.54)
Epoch: [0][ 140/1244]	Time  0.232 ( 1.825)	Data  0.000 ( 1.585)	Loss 6.9078e+00 (6.9077e+00)	Acc@1   0.20 (  0.10)	Acc@5   0.59 (  0.53)
Epoch: [0][ 160/1244]	Time  0.232 ( 1.819)	Data  0.000 ( 1.586)	Loss 6.9085e+00 (6.9077e+00)	Acc@1   0.00 (  0.10)	Acc@5   0.59 (  0.54)
Epoch: [0][ 180/1244]	Time  5.787 ( 1.817)	Data  5.688 ( 1.590)	Loss 6.9077e+00 (6.9077e+00)	Acc@1   0.20 (  0.09)	Acc@5   0.59 (  0.53)
Epoch: [0][ 200/1244]	Time  0.233 ( 1.799)	Data  0.000 ( 1.574)	Loss 6.9069e+00 (6.9077e+00)	Acc@1   0.00 (  0.09)	Acc@5   0.78 (  0.53)
Epoch: [0][ 220/1244]	Time  0.232 ( 1.799)	Data  0.000 ( 1.577)	Loss 6.9071e+00 (6.9076e+00)	Acc@1   0.00 (  0.10)	Acc@5   0.39 (  0.53)
Epoch: [0][ 240/1244]	Time  4.930 ( 1.803)	Data  4.829 ( 1.584)	Loss 6.9072e+00 (6.9076e+00)	Acc@1   0.20 (  0.10)	Acc@5   0.59 (  0.54)
Epoch: [0][ 260/1244]	Time  0.241 ( 1.786)	Data  0.000 ( 1.567)	Loss 6.9067e+00 (6.9076e+00)	Acc@1   0.00 (  0.10)	Acc@5   0.98 (  0.53)
Epoch: [0][ 280/1244]	Time  0.232 ( 1.785)	Data  0.000 ( 1.567)	Loss 6.9081e+00 (6.9075e+00)	Acc@1   0.00 (  0.10)	Acc@5   0.98 (  0.53)
Epoch: [0][ 300/1244]	Time  3.851 ( 1.782)	Data  3.752 ( 1.557)	Loss 6.9083e+00 (6.9075e+00)	Acc@1   0.20 (  0.10)	Acc@5   0.20 (  0.53)
Epoch: [0][ 320/1244]	Time  2.466 ( 1.781)	Data  0.000 ( 1.516)	Loss 6.9061e+00 (6.9075e+00)	Acc@1   0.20 (  0.10)	Acc@5   0.98 (  0.54)
Epoch: [0][ 340/1244]	Time  0.232 ( 1.777)	Data  0.000 ( 1.479)	Loss 6.9054e+00 (6.9074e+00)	Acc@1   0.20 (  0.11)	Acc@5   0.59 (  0.54)
Epoch: [0][ 360/1244]	Time  3.946 ( 1.781)	Data  3.838 ( 1.470)	Loss 6.9067e+00 (6.9074e+00)	Acc@1   0.20 (  0.11)	Acc@5   0.78 (  0.54)
Epoch: [0][ 380/1244]	Time  1.156 ( 1.775)	Data  0.000 ( 1.442)	Loss 6.9048e+00 (6.9073e+00)	Acc@1   0.20 (  0.11)	Acc@5   0.98 (  0.54)
Epoch: [0][ 400/1244]	Time  0.302 ( 1.773)	Data  0.000 ( 1.442)	Loss 6.9041e+00 (6.9073e+00)	Acc@1   0.20 (  0.11)	Acc@5   0.78 (  0.54)
Epoch: [0][ 420/1244]	Time  5.074 ( 1.775)	Data  4.964 ( 1.451)	Loss 6.9066e+00 (6.9072e+00)	Acc@1   0.00 (  0.11)	Acc@5   0.59 (  0.54)
Epoch: [0][ 440/1244]	Time  0.236 ( 1.763)	Data  0.000 ( 1.445)	Loss 6.9051e+00 (6.9071e+00)	Acc@1   0.00 (  0.10)	Acc@5   0.39 (  0.53)
Epoch: [0][ 460/1244]	Time  0.256 ( 1.764)	Data  0.000 ( 1.447)	Loss 6.9043e+00 (6.9070e+00)	Acc@1   0.00 (  0.11)	Acc@5   0.39 (  0.53)
Epoch: [0][ 480/1244]	Time  4.956 ( 1.766)	Data  4.856 ( 1.454)	Loss 6.9073e+00 (6.9068e+00)	Acc@1   0.00 (  0.10)	Acc@5   0.00 (  0.53)
Epoch: [0][ 500/1244]	Time  0.275 ( 1.760)	Data  0.000 ( 1.451)	Loss 6.9057e+00 (6.9066e+00)	Acc@1   0.20 (  0.10)	Acc@5   0.59 (  0.53)
Epoch: [0][ 520/1244]	Time  0.232 ( 1.761)	Data  0.000 ( 1.457)	Loss 6.9010e+00 (6.9064e+00)	Acc@1   0.00 (  0.10)	Acc@5   0.78 (  0.53)
Epoch: [0][ 540/1244]	Time  4.767 ( 1.764)	Data  4.662 ( 1.464)	Loss 6.9070e+00 (6.9061e+00)	Acc@1   0.39 (  0.11)	Acc@5   0.59 (  0.53)
Epoch: [0][ 560/1244]	Time  0.349 ( 1.761)	Data  0.000 ( 1.464)	Loss 6.8926e+00 (6.9057e+00)	Acc@1   0.20 (  0.11)	Acc@5   0.78 (  0.53)
Epoch: [0][ 580/1244]	Time  0.232 ( 1.763)	Data  0.000 ( 1.469)	Loss 6.8939e+00 (6.9053e+00)	Acc@1   0.20 (  0.11)	Acc@5   0.20 (  0.54)
Epoch: [0][ 600/1244]	Time  5.175 ( 1.766)	Data  5.077 ( 1.476)	Loss 6.8971e+00 (6.9049e+00)	Acc@1   0.00 (  0.10)	Acc@5   0.20 (  0.54)
Epoch: [0][ 620/1244]	Time  0.184 ( 1.762)	Data  0.000 ( 1.475)	Loss 6.8802e+00 (6.9044e+00)	Acc@1   0.20 (  0.11)	Acc@5   0.20 (  0.53)
Epoch: [0][ 640/1244]	Time  0.232 ( 1.764)	Data  0.000 ( 1.481)	Loss 6.8924e+00 (6.9039e+00)	Acc@1   0.00 (  0.10)	Acc@5   0.39 (  0.53)
Epoch: [0][ 660/1244]	Time  5.107 ( 1.771)	Data  5.008 ( 1.490)	Loss 6.8876e+00 (6.9034e+00)	Acc@1   0.39 (  0.10)	Acc@5   0.78 (  0.53)
Epoch: [0][ 680/1244]	Time  0.232 ( 1.769)	Data  0.000 ( 1.490)	Loss 6.8805e+00 (6.9028e+00)	Acc@1   0.20 (  0.10)	Acc@5   0.39 (  0.53)
Epoch: [0][ 700/1244]	Time  0.229 ( 1.773)	Data  0.000 ( 1.497)	Loss 6.8984e+00 (6.9019e+00)	Acc@1   0.20 (  0.10)	Acc@5   0.39 (  0.53)
Epoch: [0][ 720/1244]	Time  5.338 ( 1.778)	Data  5.217 ( 1.504)	Loss 6.8643e+00 (6.9009e+00)	Acc@1   0.20 (  0.10)	Acc@5   0.59 (  0.53)
Epoch: [0][ 740/1244]	Time  0.285 ( 1.778)	Data  0.000 ( 1.505)	Loss 6.8425e+00 (6.8999e+00)	Acc@1   0.00 (  0.10)	Acc@5   0.78 (  0.53)
Epoch: [0][ 760/1244]	Time  0.233 ( 1.785)	Data  0.000 ( 1.514)	Loss 6.8642e+00 (6.8989e+00)	Acc@1   0.20 (  0.10)	Acc@5   0.59 (  0.53)
Epoch: [0][ 780/1244]	Time  5.435 ( 1.790)	Data  5.336 ( 1.522)	Loss 6.8565e+00 (6.8975e+00)	Acc@1   0.00 (  0.10)	Acc@5   0.39 (  0.53)
Epoch: [0][ 800/1244]	Time  0.288 ( 1.789)	Data  0.000 ( 1.523)	Loss 6.8486e+00 (6.8962e+00)	Acc@1   0.20 (  0.11)	Acc@5   0.59 (  0.54)
Epoch: [0][ 820/1244]	Time  0.244 ( 1.794)	Data  0.000 ( 1.529)	Loss 6.8617e+00 (6.8949e+00)	Acc@1   0.00 (  0.11)	Acc@5   0.20 (  0.54)
Epoch: [0][ 840/1244]	Time  5.282 ( 1.797)	Data  5.179 ( 1.534)	Loss 6.8377e+00 (6.8936e+00)	Acc@1   0.20 (  0.11)	Acc@5   0.59 (  0.55)
Epoch: [0][ 860/1244]	Time  0.247 ( 1.796)	Data  0.000 ( 1.535)	Loss 6.8430e+00 (6.8924e+00)	Acc@1   0.20 (  0.11)	Acc@5   1.17 (  0.55)
Epoch: [0][ 880/1244]	Time  0.231 ( 1.801)	Data  0.000 ( 1.542)	Loss 6.8271e+00 (6.8910e+00)	Acc@1   0.20 (  0.11)	Acc@5   0.98 (  0.55)
Epoch: [0][ 900/1244]	Time  5.065 ( 1.806)	Data  4.963 ( 1.548)	Loss 6.8385e+00 (6.8898e+00)	Acc@1   0.20 (  0.11)	Acc@5   1.37 (  0.56)
Epoch: [0][ 920/1244]	Time  0.232 ( 1.804)	Data  0.000 ( 1.547)	Loss 6.8370e+00 (6.8887e+00)	Acc@1   0.59 (  0.11)	Acc@5   0.98 (  0.57)
Epoch: [0][ 940/1244]	Time  0.222 ( 1.808)	Data  0.000 ( 1.553)	Loss 6.8335e+00 (6.8875e+00)	Acc@1   0.39 (  0.12)	Acc@5   1.56 (  0.57)
Epoch: [0][ 960/1244]	Time  5.135 ( 1.811)	Data  5.033 ( 1.558)	Loss 6.8382e+00 (6.8863e+00)	Acc@1   0.59 (  0.12)	Acc@5   0.78 (  0.58)
Epoch: [0][ 980/1244]	Time  0.255 ( 1.810)	Data  0.000 ( 1.558)	Loss 6.8287e+00 (6.8851e+00)	Acc@1   0.20 (  0.12)	Acc@5   2.54 (  0.59)
Epoch: [0][1000/1244]	Time  0.233 ( 1.811)	Data  0.000 ( 1.560)	Loss 6.8278e+00 (6.8840e+00)	Acc@1   0.00 (  0.12)	Acc@5   0.59 (  0.60)
Epoch: [0][1020/1244]	Time  4.666 ( 1.812)	Data  4.567 ( 1.562)	Loss 6.8090e+00 (6.8829e+00)	Acc@1   0.39 (  0.12)	Acc@5   1.17 (  0.60)
Epoch: [0][1040/1244]	Time  0.232 ( 1.809)	Data  0.000 ( 1.559)	Loss 6.8297e+00 (6.8819e+00)	Acc@1   0.20 (  0.13)	Acc@5   1.37 (  0.61)
Epoch: [0][1060/1244]	Time  0.232 ( 1.808)	Data  0.000 ( 1.560)	Loss 6.8521e+00 (6.8809e+00)	Acc@1   0.00 (  0.13)	Acc@5   0.59 (  0.62)
Epoch: [0][1080/1244]	Time  5.109 ( 1.809)	Data  5.006 ( 1.561)	Loss 6.8187e+00 (6.8799e+00)	Acc@1   0.20 (  0.13)	Acc@5   1.37 (  0.62)
Epoch: [0][1100/1244]	Time  0.243 ( 1.805)	Data  0.000 ( 1.558)	Loss 6.8448e+00 (6.8790e+00)	Acc@1   0.00 (  0.13)	Acc@5   0.20 (  0.63)
Epoch: [0][1120/1244]	Time  0.232 ( 1.804)	Data  0.000 ( 1.559)	Loss 6.8092e+00 (6.8780e+00)	Acc@1   0.39 (  0.13)	Acc@5   1.17 (  0.64)
Epoch: [0][1140/1244]	Time  4.196 ( 1.804)	Data  4.097 ( 1.559)	Loss 6.8117e+00 (6.8769e+00)	Acc@1   0.39 (  0.14)	Acc@5   0.98 (  0.65)
Epoch: [0][1160/1244]	Time  0.283 ( 1.800)	Data  0.000 ( 1.555)	Loss 6.8070e+00 (6.8759e+00)	Acc@1   0.00 (  0.14)	Acc@5   0.78 (  0.66)
Epoch: [0][1180/1244]	Time  1.361 ( 1.800)	Data  0.000 ( 1.550)	Loss 6.8212e+00 (6.8749e+00)	Acc@1   0.39 (  0.14)	Acc@5   1.76 (  0.66)
Epoch: [0][1200/1244]	Time  4.902 ( 1.799)	Data  4.798 ( 1.547)	Loss 6.7987e+00 (6.8739e+00)	Acc@1   0.00 (  0.14)	Acc@5   0.78 (  0.67)
Epoch: [0][1220/1244]	Time  0.233 ( 1.795)	Data  0.000 ( 1.543)	Loss 6.8156e+00 (6.8729e+00)	Acc@1   0.20 (  0.14)	Acc@5   0.78 (  0.68)
Epoch: [0][1240/1244]	Time  0.232 ( 1.794)	Data  0.000 ( 1.543)	Loss 6.8470e+00 (6.8719e+00)	Acc@1   0.39 (  0.15)	Acc@5   1.37 (  0.68)
Test: [ 0/98]	Time 14.483 (14.483)	Loss 6.7629e+00 (6.7629e+00)	Acc@1   0.00 (  0.00)	Acc@5   0.00 (  0.00)
Test: [20/98]	Time  1.139 ( 2.200)	Loss 6.8807e+00 (6.8433e+00)	Acc@1   0.00 (  0.01)	Acc@5   0.00 (  0.74)
Test: [40/98]	Time  0.334 ( 1.996)	Loss 6.8347e+00 (6.8625e+00)	Acc@1   0.00 (  0.05)	Acc@5   0.00 (  0.75)
Test: [60/98]	Time  4.141 ( 1.952)	Loss 6.7806e+00 (6.8563e+00)	Acc@1   0.39 (  0.05)	Acc@5   4.10 (  0.76)
Test: [80/98]	Time  0.096 ( 1.856)	Loss 6.9168e+00 (6.8645e+00)	Acc@1   0.00 (  0.11)	Acc@5   0.00 (  0.72)
 *   Acc@1 0.310 Acc@5 1.237
Test: [ 0/98]	Time 14.555 (14.555)	Loss 6.7629e+00 (6.7629e+00)	Acc@1   0.00 (  0.00)	Acc@5   0.00 (  0.00)
Test: [20/98]	Time  1.010 ( 2.197)	Loss 6.8807e+00 (6.8433e+00)	Acc@1   0.00 (  0.01)	Acc@5   0.00 (  0.74)
Test: [40/98]	Time  0.370 ( 1.997)	Loss 6.8347e+00 (6.8625e+00)	Acc@1   0.00 (  0.05)	Acc@5   0.00 (  0.75)
Test: [60/98]	Time  4.155 ( 1.953)	Loss 6.7806e+00 (6.8563e+00)	Acc@1   0.39 (  0.05)	Acc@5   4.10 (  0.76)
Test: [80/98]	Time  0.095 ( 1.856)	Loss 6.9168e+00 (6.8645e+00)	Acc@1   0.00 (  0.11)	Acc@5   0.00 (  0.72)
 *   Acc@1 0.310 Acc@5 1.237
