Use GPU: 1 for training
when creating the model, the number of classes are
958
=> creating model 'alexnet'
inside the model
the number of classes 958
----------------------------------------
training directory:/data/gpfs/datasets/Imagenet/train_blurred

validating directory:/data/gpfs/datasets/Imagenet/val_blurred

----------------------------------------
Dataset ImageFolder
    Number of datapoints: 1281066
    Root location: /data/gpfs/datasets/Imagenet/train_blurred
    StandardTransform
Transform: Compose(
               Resize(size=256, interpolation=bilinear, max_size=None, antialias=None)
               CenterCrop(size=(224, 224))
               ToTensor()
               Normalize(mean=[0.485, 0.456, 0.406], std=[0.229, 0.224, 0.225])
           )
----------------------------------------
Dataset ImageFolder
    Number of datapoints: 49997
    Root location: /data/gpfs/datasets/Imagenet/val_blurred
    StandardTransform
Transform: Compose(
               Resize(size=256, interpolation=bilinear, max_size=None, antialias=None)
               CenterCrop(size=(224, 224))
               ToTensor()
               Normalize(mean=[0.485, 0.456, 0.406], std=[0.229, 0.224, 0.225])
           )
----------------------------------------
            0                      1
0   n02791124           barber_chair
1   n02823428            beer_bottle
2   n02835271  bicycle-built-for-two
3   n02840245                 binder
4   n02870880               bookcase
5   n02877765              bottlecap
6   n02992529     cellular_telephone
7   n03018349          china_cabinet
8   n03063599             coffee_mug
9   n03085013      computer_keyboard
10  n03127747           crash_helmet
11  n03180011       desktop_computer
12  n03187595         dial_telephone
13  n03376595          folding_chair
14  n03379051        football_helmet
15  n03388183           fountain_pen
16  n03485407     hand-held_computer
17  n03637318              lampshade
18  n03642806                 laptop
19  n03691459            loudspeaker
20  n03742115         medicine_chest
21  n03759954             microphone
22  n03782006                monitor
23  n03785016                  moped
24  n03792782          mountain_bike
25  n03793489                  mouse
26  n03832673               notebook
27  n03902125              pay-phone
28  n03937543            pill_bottle
29  n03983396             pop_bottle
30  n04004767                printer
31  n04009552              projector
32  n04099969          rocking_chair
33  n04152593                 screen
34  n04286575              spotlight
35  n04380533             table_lamp
36  n04476259                   tray
37  n04505470    typewriter_keyboard
38  n04557648           water_bottle
39  n04591713            wine_bottle
40  n06596364             comic_book
41  n07930864                    cup
+---+---+---+---+---+---+---+---+---+---+---+---+---+---+---+---+---+---+---+---
958
42
+---+---+---+---+---+---+---+---+---+---+---+---+---+---+---+---+---+---+---+---
958
            0
0   n04344873
1   n02823750
2   n03924679
3   n04266014
4   n01871265
5   n02687172
6   n02445715
7   n01749939
8   n02988304
9   n02090622
10  n03388043
11  n02865351
12  n02011460
13  n02105412
14  n03929855
15  n02109047
16  n02486410
17  n03947888
18  n03095699
19  n02099601
20  n03954731
21  n03908714
22  n02488702
23  n02106382
24  n04417672
25  n02965783
26  n02094433
27  n01685808
28  n03944341
29  n04251144
30  n03089624
31  n02058221
32  n02971356
33  n04086273
34  n04069434
35  n02794156
36  n03991062
37  n07747607
38  n02099267
39  n01616318
40  n04285008
41  n04542943
1227158
47897
training set
799
validating  set
63
Use GPU: 0 for training
when creating the model, the number of classes are
958
=> creating model 'alexnet'
inside the model
the number of classes 958
----------------------------------------
training directory:/data/gpfs/datasets/Imagenet/train_blurred

validating directory:/data/gpfs/datasets/Imagenet/val_blurred

----------------------------------------
Dataset ImageFolder
    Number of datapoints: 1281066
    Root location: /data/gpfs/datasets/Imagenet/train_blurred
    StandardTransform
Transform: Compose(
               Resize(size=256, interpolation=bilinear, max_size=None, antialias=None)
               CenterCrop(size=(224, 224))
               ToTensor()
               Normalize(mean=[0.485, 0.456, 0.406], std=[0.229, 0.224, 0.225])
           )
----------------------------------------
Dataset ImageFolder
    Number of datapoints: 49997
    Root location: /data/gpfs/datasets/Imagenet/val_blurred
    StandardTransform
Transform: Compose(
               Resize(size=256, interpolation=bilinear, max_size=None, antialias=None)
               CenterCrop(size=(224, 224))
               ToTensor()
               Normalize(mean=[0.485, 0.456, 0.406], std=[0.229, 0.224, 0.225])
           )
----------------------------------------
            0                      1
0   n02791124           barber_chair
1   n02823428            beer_bottle
2   n02835271  bicycle-built-for-two
3   n02840245                 binder
4   n02870880               bookcase
5   n02877765              bottlecap
6   n02992529     cellular_telephone
7   n03018349          china_cabinet
8   n03063599             coffee_mug
9   n03085013      computer_keyboard
10  n03127747           crash_helmet
11  n03180011       desktop_computer
12  n03187595         dial_telephone
13  n03376595          folding_chair
14  n03379051        football_helmet
15  n03388183           fountain_pen
16  n03485407     hand-held_computer
17  n03637318              lampshade
18  n03642806                 laptop
19  n03691459            loudspeaker
20  n03742115         medicine_chest
21  n03759954             microphone
22  n03782006                monitor
23  n03785016                  moped
24  n03792782          mountain_bike
25  n03793489                  mouse
26  n03832673               notebook
27  n03902125              pay-phone
28  n03937543            pill_bottle
29  n03983396             pop_bottle
30  n04004767                printer
31  n04009552              projector
32  n04099969          rocking_chair
33  n04152593                 screen
34  n04286575              spotlight
35  n04380533             table_lamp
36  n04476259                   tray
37  n04505470    typewriter_keyboard
38  n04557648           water_bottle
39  n04591713            wine_bottle
40  n06596364             comic_book
41  n07930864                    cup
+---+---+---+---+---+---+---+---+---+---+---+---+---+---+---+---+---+---+---+---
958
42
+---+---+---+---+---+---+---+---+---+---+---+---+---+---+---+---+---+---+---+---
958
            0
0   n04344873
1   n02823750
2   n03924679
3   n04266014
4   n01871265
5   n02687172
6   n02445715
7   n01749939
8   n02988304
9   n02090622
10  n03388043
11  n02865351
12  n02011460
13  n02105412
14  n03929855
15  n02109047
16  n02486410
17  n03947888
18  n03095699
19  n02099601
20  n03954731
21  n03908714
22  n02488702
23  n02106382
24  n04417672
25  n02965783
26  n02094433
27  n01685808
28  n03944341
29  n04251144
30  n03089624
31  n02058221
32  n02971356
33  n04086273
34  n04069434
35  n02794156
36  n03991062
37  n07747607
38  n02099267
39  n01616318
40  n04285008
41  n04542943
1227158
47897
training set
799
validating  set
63
Epoch: [0][  0/799]	Time 21.017 (21.017)	Data 17.066 (17.066)	Loss 6.8649e+00 (6.8649e+00)	Acc@1   0.00 (  0.00)	Acc@5   0.39 (  0.39)
Epoch: [0][ 50/799]	Time  6.497 ( 4.234)	Data  6.344 ( 3.783)	Loss 6.8643e+00 (6.8648e+00)	Acc@1   0.26 (  0.11)	Acc@5   0.78 (  0.59)
Epoch: [0][100/799]	Time  6.743 ( 4.251)	Data  6.588 ( 3.553)	Loss 6.8650e+00 (6.8648e+00)	Acc@1   0.13 (  0.10)	Acc@5   0.52 (  0.54)
Epoch: [0][150/799]	Time  5.785 ( 4.246)	Data  5.636 ( 3.415)	Loss 6.8647e+00 (6.8648e+00)	Acc@1   0.13 (  0.11)	Acc@5   0.65 (  0.55)
Epoch: [0][200/799]	Time  6.373 ( 4.221)	Data  5.774 ( 3.329)	Loss 6.8647e+00 (6.8648e+00)	Acc@1   0.13 (  0.10)	Acc@5   0.52 (  0.55)
Epoch: [0][250/799]	Time  7.488 ( 4.197)	Data  6.880 ( 3.298)	Loss 6.8653e+00 (6.8648e+00)	Acc@1   0.13 (  0.11)	Acc@5   0.52 (  0.55)
Epoch: [0][300/799]	Time  7.362 ( 4.157)	Data  6.968 ( 3.312)	Loss 6.8642e+00 (6.8648e+00)	Acc@1   0.13 (  0.11)	Acc@5   0.26 (  0.55)
Epoch: [0][350/799]	Time  7.412 ( 4.137)	Data  5.164 ( 3.274)	Loss 6.8646e+00 (6.8647e+00)	Acc@1   0.39 (  0.11)	Acc@5   0.52 (  0.56)
Epoch: [0][400/799]	Time  7.294 ( 4.110)	Data  7.016 ( 3.276)	Loss 6.8638e+00 (6.8647e+00)	Acc@1   0.52 (  0.11)	Acc@5   0.91 (  0.56)
Epoch: [0][450/799]	Time  8.409 ( 4.083)	Data  8.258 ( 3.314)	Loss 6.8642e+00 (6.8647e+00)	Acc@1   0.26 (  0.11)	Acc@5   0.65 (  0.56)
Epoch: [0][500/799]	Time  8.380 ( 4.065)	Data  8.230 ( 3.348)	Loss 6.8646e+00 (6.8646e+00)	Acc@1   0.26 (  0.11)	Acc@5   0.65 (  0.56)
Epoch: [0][550/799]	Time  8.763 ( 4.053)	Data  8.613 ( 3.378)	Loss 6.8637e+00 (6.8645e+00)	Acc@1   0.39 (  0.11)	Acc@5   1.17 (  0.56)
Epoch: [0][600/799]	Time  8.933 ( 4.046)	Data  8.783 ( 3.407)	Loss 6.8636e+00 (6.8644e+00)	Acc@1   0.00 (  0.11)	Acc@5   0.91 (  0.55)
Epoch: [0][650/799]	Time  8.900 ( 4.037)	Data  8.744 ( 3.428)	Loss 6.8610e+00 (6.8642e+00)	Acc@1   0.00 (  0.11)	Acc@5   0.52 (  0.55)
Epoch: [0][700/799]	Time  8.594 ( 4.034)	Data  8.441 ( 3.451)	Loss 6.8571e+00 (6.8638e+00)	Acc@1   0.00 (  0.11)	Acc@5   0.65 (  0.55)
Epoch: [0][750/799]	Time  7.395 ( 4.013)	Data  7.244 ( 3.452)	Loss 6.8452e+00 (6.8631e+00)	Acc@1   0.13 (  0.11)	Acc@5   0.39 (  0.55)
Epoch: [0][  0/799]	Time 20.847 (20.847)	Data 17.210 (17.210)	Loss 6.8647e+00 (6.8647e+00)	Acc@1   0.00 (  0.00)	Acc@5   0.65 (  0.65)
Epoch: [0][ 50/799]	Time  7.094 ( 4.271)	Data  6.945 ( 4.011)	Loss 6.8651e+00 (6.8649e+00)	Acc@1   0.13 (  0.11)	Acc@5   0.39 (  0.54)
Epoch: [0][100/799]	Time  4.860 ( 4.264)	Data  4.710 ( 4.058)	Loss 6.8652e+00 (6.8649e+00)	Acc@1   0.00 (  0.11)	Acc@5   0.26 (  0.54)
Epoch: [0][150/799]	Time  3.483 ( 4.258)	Data  3.333 ( 4.070)	Loss 6.8646e+00 (6.8649e+00)	Acc@1   0.13 (  0.11)	Acc@5   0.65 (  0.54)
Epoch: [0][200/799]	Time  2.402 ( 4.229)	Data  2.253 ( 4.049)	Loss 6.8652e+00 (6.8648e+00)	Acc@1   0.00 (  0.11)	Acc@5   0.26 (  0.54)
Epoch: [0][250/799]	Time  0.343 ( 4.195)	Data  0.000 ( 4.014)	Loss 6.8650e+00 (6.8648e+00)	Acc@1   0.13 (  0.11)	Acc@5   0.26 (  0.53)
Epoch: [0][300/799]	Time  0.438 ( 4.156)	Data  0.289 ( 3.975)	Loss 6.8648e+00 (6.8648e+00)	Acc@1   0.00 (  0.10)	Acc@5   0.13 (  0.52)
Epoch: [0][350/799]	Time  0.809 ( 4.137)	Data  0.659 ( 3.958)	Loss 6.8647e+00 (6.8648e+00)	Acc@1   0.13 (  0.11)	Acc@5   0.91 (  0.53)
Epoch: [0][400/799]	Time  2.711 ( 4.108)	Data  2.416 ( 3.932)	Loss 6.8645e+00 (6.8648e+00)	Acc@1   0.00 (  0.11)	Acc@5   0.39 (  0.54)
Epoch: [0][450/799]	Time  1.625 ( 4.070)	Data  1.476 ( 3.897)	Loss 6.8640e+00 (6.8647e+00)	Acc@1   0.26 (  0.11)	Acc@5   0.52 (  0.54)
Epoch: [0][500/799]	Time  0.335 ( 4.051)	Data  0.000 ( 3.874)	Loss 6.8638e+00 (6.8647e+00)	Acc@1   0.13 (  0.11)	Acc@5   0.52 (  0.55)
Epoch: [0][550/799]	Time  0.341 ( 4.039)	Data  0.000 ( 3.853)	Loss 6.8627e+00 (6.8646e+00)	Acc@1   0.13 (  0.11)	Acc@5   0.39 (  0.54)
Epoch: [0][600/799]	Time  0.342 ( 4.032)	Data  0.000 ( 3.837)	Loss 6.8625e+00 (6.8645e+00)	Acc@1   0.13 (  0.11)	Acc@5   0.91 (  0.54)
Epoch: [0][650/799]	Time  1.623 ( 4.025)	Data  1.469 ( 3.815)	Loss 6.8594e+00 (6.8643e+00)	Acc@1   0.13 (  0.11)	Acc@5   0.26 (  0.54)
Epoch: [0][700/799]	Time  0.342 ( 4.022)	Data  0.172 ( 3.762)	Loss 6.8566e+00 (6.8638e+00)	Acc@1   0.13 (  0.11)	Acc@5   0.26 (  0.54)
Epoch: [0][750/799]	Time  4.066 ( 4.008)	Data  3.916 ( 3.742)	Loss 6.8482e+00 (6.8631e+00)	Acc@1   0.00 (  0.11)	Acc@5   0.52 (  0.54)
Test: [ 0/63]	Time 13.282 (13.282)	Loss 6.8956e+00 (6.8956e+00)	Acc@1   0.00 (  0.00)	Acc@5   0.00 (  0.00)
Test: [50/63]	Time  7.568 ( 3.982)	Loss 6.8365e+00 (6.8395e+00)	Acc@1   6.25 (  0.13)	Acc@5   6.64 (  0.71)
 *   Acc@1 0.102 Acc@5 0.620
Test: [ 0/63]	Time 13.257 (13.257)	Loss 6.8956e+00 (6.8956e+00)	Acc@1   0.00 (  0.00)	Acc@5   0.00 (  0.00)
Test: [50/63]	Time  7.598 ( 3.978)	Loss 6.8365e+00 (6.8395e+00)	Acc@1   6.25 (  0.13)	Acc@5   6.64 (  0.71)
 *   Acc@1 0.102 Acc@5 0.620
Epoch: [1][  0/799]	Time 17.710 (17.710)	Data 17.540 (17.540)	Loss 6.8421e+00 (6.8421e+00)	Acc@1   0.00 (  0.00)	Acc@5   0.52 (  0.52)
Epoch: [1][ 50/799]	Time  7.058 ( 3.870)	Data  6.908 ( 3.411)	Loss 6.8382e+00 (6.8423e+00)	Acc@1   0.13 (  0.11)	Acc@5   0.52 (  0.60)
Epoch: [1][100/799]	Time  6.183 ( 3.733)	Data  6.026 ( 3.214)	Loss 6.8374e+00 (6.8389e+00)	Acc@1   0.26 (  0.12)	Acc@5   0.39 (  0.66)
Epoch: [1][150/799]	Time  5.591 ( 3.717)	Data  5.441 ( 3.105)	Loss 6.8373e+00 (6.8362e+00)	Acc@1   0.13 (  0.14)	Acc@5   0.65 (  0.70)
Epoch: [1][200/799]	Time  6.748 ( 3.707)	Data  6.598 ( 3.152)	Loss 6.8139e+00 (6.8329e+00)	Acc@1   0.52 (  0.16)	Acc@5   0.91 (  0.77)
Epoch: [1][250/799]	Time  7.036 ( 3.707)	Data  6.889 ( 3.177)	Loss 6.8203e+00 (6.8299e+00)	Acc@1   0.00 (  0.16)	Acc@5   0.78 (  0.81)
Epoch: [1][300/799]	Time  5.796 ( 3.698)	Data  5.646 ( 3.212)	Loss 6.8225e+00 (6.8255e+00)	Acc@1   0.52 (  0.18)	Acc@5   1.30 (  0.89)
Epoch: [1][350/799]	Time  7.470 ( 3.701)	Data  7.311 ( 3.223)	Loss 6.7725e+00 (6.8207e+00)	Acc@1   0.26 (  0.19)	Acc@5   1.56 (  0.93)
Epoch: [1][400/799]	Time  5.736 ( 3.689)	Data  5.586 ( 3.243)	Loss 6.7752e+00 (6.8158e+00)	Acc@1   0.39 (  0.21)	Acc@5   1.43 (  0.99)
Epoch: [1][450/799]	Time  5.924 ( 3.683)	Data  5.589 ( 3.246)	Loss 6.7920e+00 (6.8106e+00)	Acc@1   0.13 (  0.22)	Acc@5   1.17 (  1.05)
Epoch: [1][500/799]	Time  6.836 ( 3.672)	Data  6.686 ( 3.256)	Loss 6.7750e+00 (6.8062e+00)	Acc@1   0.26 (  0.23)	Acc@5   1.69 (  1.10)
Epoch: [1][550/799]	Time  4.924 ( 3.662)	Data  4.256 ( 3.250)	Loss 6.7235e+00 (6.8008e+00)	Acc@1   0.39 (  0.25)	Acc@5   1.56 (  1.15)
Epoch: [1][600/799]	Time  3.033 ( 3.649)	Data  2.883 ( 3.250)	Loss 6.7101e+00 (6.7947e+00)	Acc@1   0.78 (  0.26)	Acc@5   2.47 (  1.20)
Epoch: [1][650/799]	Time  3.229 ( 3.638)	Data  3.079 ( 3.255)	Loss 6.6323e+00 (6.7844e+00)	Acc@1   0.00 (  0.29)	Acc@5   1.56 (  1.28)
Epoch: [1][700/799]	Time  2.770 ( 3.629)	Data  2.240 ( 3.262)	Loss 6.5530e+00 (6.7699e+00)	Acc@1   0.91 (  0.32)	Acc@5   3.12 (  1.40)
Epoch: [1][750/799]	Time  2.489 ( 3.625)	Data  2.339 ( 3.271)	Loss 6.4982e+00 (6.7542e+00)	Acc@1   0.78 (  0.35)	Acc@5   3.65 (  1.53)
Epoch: [1][  0/799]	Time 15.751 (15.751)	Data 15.589 (15.589)	Loss 6.8487e+00 (6.8487e+00)	Acc@1   0.00 (  0.00)	Acc@5   0.52 (  0.52)
Epoch: [1][ 50/799]	Time  6.041 ( 3.787)	Data  5.881 ( 3.543)	Loss 6.8314e+00 (6.8423e+00)	Acc@1   0.13 (  0.09)	Acc@5   1.30 (  0.57)
Epoch: [1][100/799]	Time  6.847 ( 3.707)	Data  6.697 ( 3.445)	Loss 6.8243e+00 (6.8394e+00)	Acc@1   0.00 (  0.11)	Acc@5   0.26 (  0.61)
Epoch: [1][150/799]	Time  6.745 ( 3.703)	Data  6.595 ( 3.453)	Loss 6.8305e+00 (6.8361e+00)	Acc@1   0.13 (  0.13)	Acc@5   0.91 (  0.68)
Epoch: [1][200/799]	Time  6.394 ( 3.692)	Data  6.243 ( 3.446)	Loss 6.8210e+00 (6.8328e+00)	Acc@1   0.26 (  0.14)	Acc@5   1.30 (  0.75)
Epoch: [1][250/799]	Time  6.575 ( 3.692)	Data  6.419 ( 3.454)	Loss 6.8009e+00 (6.8291e+00)	Acc@1   0.00 (  0.16)	Acc@5   0.91 (  0.81)
Epoch: [1][300/799]	Time  7.226 ( 3.693)	Data  7.077 ( 3.456)	Loss 6.7912e+00 (6.8245e+00)	Acc@1   0.26 (  0.18)	Acc@5   1.04 (  0.86)
Epoch: [1][350/799]	Time  4.340 ( 3.691)	Data  4.189 ( 3.466)	Loss 6.7826e+00 (6.8198e+00)	Acc@1   0.26 (  0.19)	Acc@5   0.78 (  0.91)
Epoch: [1][400/799]	Time  2.586 ( 3.682)	Data  2.436 ( 3.467)	Loss 6.7923e+00 (6.8150e+00)	Acc@1   0.13 (  0.20)	Acc@5   1.69 (  0.97)
Epoch: [1][450/799]	Time  0.448 ( 3.676)	Data  0.290 ( 3.464)	Loss 6.7829e+00 (6.8102e+00)	Acc@1   0.52 (  0.21)	Acc@5   1.69 (  1.02)
Epoch: [1][500/799]	Time  1.742 ( 3.667)	Data  1.592 ( 3.456)	Loss 6.7496e+00 (6.8055e+00)	Acc@1   0.26 (  0.23)	Acc@5   1.43 (  1.08)
Epoch: [1][550/799]	Time  0.342 ( 3.656)	Data  0.000 ( 3.447)	Loss 6.7192e+00 (6.8002e+00)	Acc@1   0.65 (  0.24)	Acc@5   3.12 (  1.14)
Epoch: [1][600/799]	Time  0.449 ( 3.643)	Data  0.300 ( 3.436)	Loss 6.6937e+00 (6.7939e+00)	Acc@1   0.52 (  0.26)	Acc@5   2.21 (  1.21)
Epoch: [1][650/799]	Time  2.677 ( 3.635)	Data  2.528 ( 3.432)	Loss 6.6224e+00 (6.7838e+00)	Acc@1   0.39 (  0.29)	Acc@5   2.21 (  1.30)
Epoch: [1][700/799]	Time  3.082 ( 3.629)	Data  2.932 ( 3.429)	Loss 6.5703e+00 (6.7696e+00)	Acc@1   1.17 (  0.32)	Acc@5   3.26 (  1.40)
Epoch: [1][750/799]	Time  4.508 ( 3.623)	Data  4.358 ( 3.427)	Loss 6.5478e+00 (6.7540e+00)	Acc@1   0.26 (  0.35)	Acc@5   2.73 (  1.52)
Test: [ 0/63]	Time 13.508 (13.508)	Loss 6.1958e+00 (6.1958e+00)	Acc@1   0.13 (  0.13)	Acc@5  10.29 ( 10.29)
Test: [50/63]	Time  7.620 ( 4.075)	Loss 6.5117e+00 (6.4624e+00)	Acc@1   0.91 (  1.01)	Acc@5   2.86 (  3.88)
 *   Acc@1 1.048 Acc@5 4.092
Test: [ 0/63]	Time 12.966 (12.966)	Loss 6.1958e+00 (6.1958e+00)	Acc@1   0.13 (  0.13)	Acc@5  10.29 ( 10.29)
Test: [50/63]	Time  7.634 ( 4.066)	Loss 6.5117e+00 (6.4624e+00)	Acc@1   0.91 (  1.01)	Acc@5   2.86 (  3.88)
 *   Acc@1 1.048 Acc@5 4.092
Epoch: [2][  0/799]	Time 18.560 (18.560)	Data 18.412 (18.412)	Loss 6.4707e+00 (6.4707e+00)	Acc@1   0.39 (  0.39)	Acc@5   2.86 (  2.86)
Epoch: [2][ 50/799]	Time  3.155 ( 3.962)	Data  3.004 ( 3.778)	Loss 6.3224e+00 (6.4081e+00)	Acc@1   1.43 (  1.21)	Acc@5   5.99 (  4.30)
Epoch: [2][100/799]	Time  0.342 ( 3.826)	Data  0.000 ( 3.648)	Loss 6.2069e+00 (6.3640e+00)	Acc@1   1.30 (  1.20)	Acc@5   5.73 (  4.50)
Epoch: [2][150/799]	Time  0.342 ( 3.804)	Data  0.000 ( 3.603)	Loss 6.3172e+00 (6.3275e+00)	Acc@1   1.04 (  1.27)	Acc@5   4.69 (  4.78)
Epoch: [2][200/799]	Time  0.341 ( 3.789)	Data  0.000 ( 3.577)	Loss 6.1245e+00 (6.2971e+00)	Acc@1   1.30 (  1.32)	Acc@5   6.64 (  4.98)
Epoch: [2][250/799]	Time  0.342 ( 3.784)	Data  0.000 ( 3.563)	Loss 6.1466e+00 (6.2704e+00)	Acc@1   1.17 (  1.41)	Acc@5   4.56 (  5.21)
Epoch: [2][300/799]	Time  0.354 ( 3.793)	Data  0.000 ( 3.506)	Loss 6.0429e+00 (6.2453e+00)	Acc@1   1.56 (  1.50)	Acc@5   7.68 (  5.45)
Epoch: [2][350/799]	Time  0.352 ( 3.791)	Data  0.000 ( 3.451)	Loss 6.0324e+00 (6.2167e+00)	Acc@1   2.60 (  1.59)	Acc@5   8.98 (  5.74)
Epoch: [2][400/799]	Time  0.343 ( 3.781)	Data  0.000 ( 3.411)	Loss 5.9857e+00 (6.2012e+00)	Acc@1   1.95 (  1.64)	Acc@5   8.20 (  5.93)
Epoch: [2][450/799]	Time  0.344 ( 3.765)	Data  0.000 ( 3.390)	Loss 5.8955e+00 (6.1728e+00)	Acc@1   2.99 (  1.75)	Acc@5   9.24 (  6.26)
Epoch: [2][500/799]	Time  0.341 ( 3.756)	Data  0.000 ( 3.387)	Loss 5.9282e+00 (6.1422e+00)	Acc@1   2.86 (  1.89)	Acc@5   9.64 (  6.62)
Epoch: [2][550/799]	Time  0.373 ( 3.761)	Data  0.000 ( 3.389)	Loss 5.7740e+00 (6.1120e+00)	Acc@1   3.78 (  2.03)	Acc@5  12.11 (  7.00)
Epoch: [2][600/799]	Time  0.342 ( 3.773)	Data  0.000 ( 3.376)	Loss 5.8433e+00 (6.0820e+00)	Acc@1   3.78 (  2.18)	Acc@5  10.94 (  7.39)
Epoch: [2][650/799]	Time  0.405 ( 3.814)	Data  0.000 ( 3.258)	Loss 5.6520e+00 (6.0524e+00)	Acc@1   5.47 (  2.33)	Acc@5  14.06 (  7.78)
Epoch: [2][700/799]	Time  0.343 ( 3.839)	Data  0.000 ( 3.163)	Loss 5.6694e+00 (6.0267e+00)	Acc@1   4.04 (  2.45)	Acc@5  13.80 (  8.12)
Epoch: [2][750/799]	Time  0.342 ( 3.838)	Data  0.000 ( 3.184)	Loss 5.5996e+00 (6.0001e+00)	Acc@1   4.30 (  2.59)	Acc@5  12.11 (  8.48)
Epoch: [2][  0/799]	Time 15.869 (15.869)	Data 15.721 (15.721)	Loss 6.4392e+00 (6.4392e+00)	Acc@1   1.04 (  1.04)	Acc@5   3.26 (  3.26)
Epoch: [2][ 50/799]	Time  6.806 ( 3.914)	Data  6.652 ( 3.742)	Loss 6.3454e+00 (6.4110e+00)	Acc@1   0.65 (  1.14)	Acc@5   3.26 (  4.09)
Epoch: [2][100/799]	Time  8.456 ( 3.853)	Data  8.309 ( 3.650)	Loss 6.3056e+00 (6.3579e+00)	Acc@1   1.69 (  1.20)	Acc@5   5.47 (  4.49)
Epoch: [2][150/799]	Time  7.935 ( 3.819)	Data  7.785 ( 3.603)	Loss 6.2559e+00 (6.3170e+00)	Acc@1   1.69 (  1.31)	Acc@5   5.86 (  4.79)
Epoch: [2][200/799]	Time  8.001 ( 3.804)	Data  7.851 ( 3.580)	Loss 6.1396e+00 (6.2882e+00)	Acc@1   1.56 (  1.37)	Acc@5   5.60 (  5.07)
Epoch: [2][250/799]	Time  8.658 ( 3.803)	Data  8.504 ( 3.574)	Loss 6.2157e+00 (6.2629e+00)	Acc@1   1.17 (  1.41)	Acc@5   5.47 (  5.30)
Epoch: [2][300/799]	Time  8.461 ( 3.810)	Data  8.311 ( 3.577)	Loss 6.0707e+00 (6.2381e+00)	Acc@1   1.95 (  1.46)	Acc@5   7.81 (  5.53)
Epoch: [2][350/799]	Time  9.075 ( 3.807)	Data  8.924 ( 3.572)	Loss 5.9086e+00 (6.2096e+00)	Acc@1   2.47 (  1.56)	Acc@5   7.94 (  5.82)
Epoch: [2][400/799]	Time  8.780 ( 3.794)	Data  8.630 ( 3.557)	Loss 5.9934e+00 (6.1949e+00)	Acc@1   2.47 (  1.62)	Acc@5   7.29 (  5.99)
Epoch: [2][450/799]	Time  8.680 ( 3.776)	Data  8.531 ( 3.539)	Loss 5.9388e+00 (6.1662e+00)	Acc@1   2.47 (  1.72)	Acc@5   9.64 (  6.33)
Epoch: [2][500/799]	Time  8.116 ( 3.764)	Data  7.961 ( 3.525)	Loss 5.9723e+00 (6.1360e+00)	Acc@1   2.86 (  1.85)	Acc@5   7.68 (  6.70)
Epoch: [2][550/799]	Time  9.095 ( 3.771)	Data  8.933 ( 3.532)	Loss 5.8383e+00 (6.1051e+00)	Acc@1   3.91 (  1.99)	Acc@5  12.11 (  7.09)
Epoch: [2][600/799]	Time  9.489 ( 3.783)	Data  9.331 ( 3.543)	Loss 5.7441e+00 (6.0754e+00)	Acc@1   3.39 (  2.13)	Acc@5  11.07 (  7.47)
Epoch: [2][650/799]	Time  9.720 ( 3.824)	Data  9.558 ( 3.583)	Loss 5.6704e+00 (6.0462e+00)	Acc@1   5.34 (  2.27)	Acc@5  13.02 (  7.85)
Epoch: [2][700/799]	Time  8.623 ( 3.847)	Data  8.474 ( 3.605)	Loss 5.5750e+00 (6.0206e+00)	Acc@1   4.30 (  2.41)	Acc@5  13.15 (  8.17)
Epoch: [2][750/799]	Time  8.536 ( 3.842)	Data  8.386 ( 3.600)	Loss 5.7511e+00 (5.9950e+00)	Acc@1   3.65 (  2.54)	Acc@5  11.20 (  8.53)
Test: [ 0/63]	Time 13.027 (13.027)	Loss 5.0737e+00 (5.0737e+00)	Acc@1   7.68 (  7.68)	Acc@5  26.69 ( 26.69)
Test: [50/63]	Time  7.103 ( 3.875)	Loss 5.8417e+00 (5.6079e+00)	Acc@1   5.21 (  4.61)	Acc@5  12.11 ( 13.76)
 *   Acc@1 5.144 Acc@5 14.738
Test: [ 0/63]	Time 12.507 (12.507)	Loss 5.0737e+00 (5.0737e+00)	Acc@1   7.68 (  7.68)	Acc@5  26.69 ( 26.69)
Test: [50/63]	Time  7.284 ( 3.867)	Loss 5.8417e+00 (5.6079e+00)	Acc@1   5.21 (  4.61)	Acc@5  12.11 ( 13.76)
 *   Acc@1 5.144 Acc@5 14.738
Epoch: [3][  0/799]	Time 16.084 (16.084)	Data 15.936 (15.936)	Loss 5.5763e+00 (5.5763e+00)	Acc@1   5.47 (  5.47)	Acc@5  15.76 ( 15.76)
Epoch: [3][ 50/799]	Time  6.240 ( 3.781)	Data  6.080 ( 3.496)	Loss 5.4574e+00 (5.5031e+00)	Acc@1   7.03 (  5.40)	Acc@5  18.10 ( 15.74)
Epoch: [3][100/799]	Time  7.222 ( 3.691)	Data  5.328 ( 3.258)	Loss 5.3343e+00 (5.4801e+00)	Acc@1   5.99 (  5.54)	Acc@5  16.41 ( 16.08)
Epoch: [3][150/799]	Time  7.369 ( 3.704)	Data  4.415 ( 3.123)	Loss 5.5753e+00 (5.4509e+00)	Acc@1   4.82 (  5.74)	Acc@5  13.54 ( 16.46)
Epoch: [3][200/799]	Time  7.675 ( 3.777)	Data  3.745 ( 2.855)	Loss 5.3170e+00 (5.4319e+00)	Acc@1   8.07 (  5.91)	Acc@5  19.66 ( 16.84)
Epoch: [3][250/799]	Time  7.800 ( 3.848)	Data  3.774 ( 2.655)	Loss 5.2463e+00 (5.4108e+00)	Acc@1   6.64 (  6.04)	Acc@5  18.62 ( 17.20)
Epoch: [3][300/799]	Time  8.605 ( 3.911)	Data  3.206 ( 2.518)	Loss 5.1811e+00 (5.3823e+00)	Acc@1   7.94 (  6.26)	Acc@5  19.92 ( 17.66)
Epoch: [3][350/799]	Time  8.425 ( 3.953)	Data  3.630 ( 2.426)	Loss 5.2089e+00 (5.3561e+00)	Acc@1   7.68 (  6.48)	Acc@5  20.70 ( 18.10)
Epoch: [3][400/799]	Time  7.839 ( 4.003)	Data  2.210 ( 2.267)	Loss 5.1257e+00 (5.3407e+00)	Acc@1   9.38 (  6.65)	Acc@5  22.01 ( 18.40)
Epoch: [3][450/799]	Time  8.322 ( 4.035)	Data  3.367 ( 2.182)	Loss 5.1822e+00 (5.3200e+00)	Acc@1   8.07 (  6.84)	Acc@5  22.01 ( 18.75)
Epoch: [3][500/799]	Time  7.910 ( 4.059)	Data  3.091 ( 2.118)	Loss 5.0669e+00 (5.2969e+00)	Acc@1   8.85 (  7.04)	Acc@5  23.18 ( 19.13)
Epoch: [3][550/799]	Time  8.036 ( 4.063)	Data  3.256 ( 2.091)	Loss 5.0186e+00 (5.2752e+00)	Acc@1  10.03 (  7.23)	Acc@5  25.78 ( 19.53)
Epoch: [3][600/799]	Time  6.368 ( 4.068)	Data  1.637 ( 2.030)	Loss 5.0398e+00 (5.2532e+00)	Acc@1   8.85 (  7.42)	Acc@5  23.05 ( 19.92)
Epoch: [3][650/799]	Time  3.277 ( 4.089)	Data  0.620 ( 1.921)	Loss 4.9194e+00 (5.2316e+00)	Acc@1  10.81 (  7.61)	Acc@5  24.48 ( 20.31)
Epoch: [3][700/799]	Time  2.365 ( 4.118)	Data  0.612 ( 1.804)	Loss 5.1308e+00 (5.2103e+00)	Acc@1   7.81 (  7.80)	Acc@5  21.22 ( 20.65)
Epoch: [3][750/799]	Time  2.589 ( 4.149)	Data  0.000 ( 1.693)	Loss 4.8801e+00 (5.1897e+00)	Acc@1  10.94 (  7.98)	Acc@5  26.04 ( 21.01)
Epoch: [3][  0/799]	Time 17.444 (17.444)	Data 17.295 (17.295)	Loss 5.6031e+00 (5.6031e+00)	Acc@1   4.95 (  4.95)	Acc@5  13.80 ( 13.80)
Epoch: [3][ 50/799]	Time  3.473 ( 3.845)	Data  3.316 ( 3.635)	Loss 5.3912e+00 (5.4869e+00)	Acc@1   6.12 (  5.66)	Acc@5  16.93 ( 15.96)
Epoch: [3][100/799]	Time  0.332 ( 3.719)	Data  0.128 ( 3.532)	Loss 5.3426e+00 (5.4675e+00)	Acc@1   7.16 (  5.77)	Acc@5  17.84 ( 16.25)
Epoch: [3][150/799]	Time  0.355 ( 3.722)	Data  0.000 ( 3.523)	Loss 5.5388e+00 (5.4419e+00)	Acc@1   5.60 (  5.88)	Acc@5  16.02 ( 16.64)
Epoch: [3][200/799]	Time  0.348 ( 3.791)	Data  0.000 ( 3.580)	Loss 5.2058e+00 (5.4260e+00)	Acc@1   6.77 (  6.02)	Acc@5  20.96 ( 16.88)
Epoch: [3][250/799]	Time  0.332 ( 3.859)	Data  0.000 ( 3.641)	Loss 5.2464e+00 (5.4063e+00)	Acc@1   8.98 (  6.15)	Acc@5  20.96 ( 17.24)
Epoch: [3][300/799]	Time  0.343 ( 3.920)	Data  0.000 ( 3.697)	Loss 5.2042e+00 (5.3819e+00)	Acc@1   8.07 (  6.36)	Acc@5  20.44 ( 17.65)
Epoch: [3][350/799]	Time  0.343 ( 3.961)	Data  0.000 ( 3.734)	Loss 5.1397e+00 (5.3533e+00)	Acc@1   7.16 (  6.60)	Acc@5  23.44 ( 18.15)
Epoch: [3][400/799]	Time  0.342 ( 4.010)	Data  0.000 ( 3.781)	Loss 5.0661e+00 (5.3372e+00)	Acc@1   6.64 (  6.70)	Acc@5  20.70 ( 18.44)
Epoch: [3][450/799]	Time  0.354 ( 4.041)	Data  0.000 ( 3.810)	Loss 5.1809e+00 (5.3186e+00)	Acc@1   6.90 (  6.84)	Acc@5  19.92 ( 18.75)
Epoch: [3][500/799]	Time  0.341 ( 4.065)	Data  0.000 ( 3.831)	Loss 5.0737e+00 (5.2963e+00)	Acc@1   9.90 (  7.04)	Acc@5  23.44 ( 19.12)
Epoch: [3][550/799]	Time  0.332 ( 4.068)	Data  0.000 ( 3.833)	Loss 4.9869e+00 (5.2749e+00)	Acc@1   9.90 (  7.24)	Acc@5  25.91 ( 19.49)
Epoch: [3][600/799]	Time  1.830 ( 4.075)	Data  1.680 ( 3.845)	Loss 4.9681e+00 (5.2518e+00)	Acc@1  10.16 (  7.45)	Acc@5  26.82 ( 19.91)
Epoch: [3][650/799]	Time  5.184 ( 4.101)	Data  5.034 ( 3.877)	Loss 5.0883e+00 (5.2288e+00)	Acc@1   7.94 (  7.66)	Acc@5  24.48 ( 20.33)
Epoch: [3][700/799]	Time  6.081 ( 4.130)	Data  5.928 ( 3.911)	Loss 5.0956e+00 (5.2082e+00)	Acc@1  10.55 (  7.86)	Acc@5  23.44 ( 20.68)
Epoch: [3][750/799]	Time  6.952 ( 4.161)	Data  6.802 ( 3.947)	Loss 4.8794e+00 (5.1900e+00)	Acc@1  10.94 (  8.03)	Acc@5  25.78 ( 21.00)
Test: [ 0/63]	Time 12.342 (12.342)	Loss 4.3977e+00 (4.3977e+00)	Acc@1  18.62 ( 18.62)	Acc@5  41.67 ( 41.67)
Test: [50/63]	Time  7.201 ( 3.844)	Loss 5.3749e+00 (4.8783e+00)	Acc@1   8.07 ( 10.80)	Acc@5  17.97 ( 26.35)
 *   Acc@1 11.193 Acc@5 26.897
Test: [ 0/63]	Time 12.781 (12.781)	Loss 4.3977e+00 (4.3977e+00)	Acc@1  18.62 ( 18.62)	Acc@5  41.67 ( 41.67)
Test: [50/63]	Time  7.457 ( 3.854)	Loss 5.3749e+00 (4.8783e+00)	Acc@1   8.07 ( 10.80)	Acc@5  17.97 ( 26.35)
 *   Acc@1 11.193 Acc@5 26.897
Epoch: [4][  0/799]	Time 16.305 (16.305)	Data 16.153 (16.153)	Loss 4.7758e+00 (4.7758e+00)	Acc@1  13.02 ( 13.02)	Acc@5  27.73 ( 27.73)
Epoch: [4][ 50/799]	Time  5.644 ( 3.986)	Data  5.494 ( 3.484)	Loss 4.7846e+00 (4.7912e+00)	Acc@1  12.50 ( 11.48)	Acc@5  28.26 ( 27.65)
Epoch: [4][100/799]	Time  6.891 ( 3.870)	Data  6.741 ( 3.420)	Loss 4.7126e+00 (4.7836e+00)	Acc@1  12.11 ( 11.64)	Acc@5  28.91 ( 27.80)
Epoch: [4][150/799]	Time  7.638 ( 3.832)	Data  7.483 ( 3.455)	Loss 4.7623e+00 (4.7769e+00)	Acc@1  11.33 ( 11.75)	Acc@5  27.73 ( 28.08)
Epoch: [4][200/799]	Time  6.539 ( 3.845)	Data  6.389 ( 3.501)	Loss 4.6380e+00 (4.7576e+00)	Acc@1  14.71 ( 11.91)	Acc@5  31.90 ( 28.49)
Epoch: [4][250/799]	Time  4.881 ( 3.786)	Data  4.729 ( 3.464)	Loss 4.5752e+00 (4.7458e+00)	Acc@1  14.32 ( 12.08)	Acc@5  31.77 ( 28.74)
Epoch: [4][300/799]	Time  1.527 ( 3.746)	Data  1.377 ( 3.453)	Loss 4.6823e+00 (4.7344e+00)	Acc@1  12.50 ( 12.21)	Acc@5  30.08 ( 28.94)
Epoch: [4][350/799]	Time  0.348 ( 3.725)	Data  0.000 ( 3.439)	Loss 4.5786e+00 (4.7235e+00)	Acc@1  12.76 ( 12.35)	Acc@5  29.82 ( 29.15)
Epoch: [4][400/799]	Time  0.343 ( 3.727)	Data  0.000 ( 3.447)	Loss 4.5225e+00 (4.7082e+00)	Acc@1  16.28 ( 12.49)	Acc@5  33.98 ( 29.40)
Epoch: [4][450/799]	Time  0.342 ( 3.726)	Data  0.000 ( 3.449)	Loss 4.4755e+00 (4.7039e+00)	Acc@1  14.19 ( 12.57)	Acc@5  34.24 ( 29.52)
Epoch: [4][500/799]	Time  0.340 ( 3.736)	Data  0.000 ( 3.462)	Loss 4.6233e+00 (4.6922e+00)	Acc@1  12.63 ( 12.69)	Acc@5  28.78 ( 29.74)
Epoch: [4][550/799]	Time  0.368 ( 3.741)	Data  0.000 ( 3.469)	Loss 4.5545e+00 (4.6815e+00)	Acc@1  13.80 ( 12.80)	Acc@5  31.38 ( 29.93)
Epoch: [4][600/799]	Time  0.343 ( 3.757)	Data  0.000 ( 3.486)	Loss 4.4784e+00 (4.6708e+00)	Acc@1  15.10 ( 12.92)	Acc@5  33.98 ( 30.11)
Epoch: [4][650/799]	Time  0.342 ( 3.771)	Data  0.000 ( 3.501)	Loss 4.5173e+00 (4.6564e+00)	Acc@1  14.19 ( 13.07)	Acc@5  32.55 ( 30.37)
Epoch: [4][700/799]	Time  0.343 ( 3.774)	Data  0.000 ( 3.506)	Loss 4.5728e+00 (4.6432e+00)	Acc@1  15.10 ( 13.21)	Acc@5  32.81 ( 30.60)
Epoch: [4][750/799]	Time  0.336 ( 3.781)	Data  0.000 ( 3.514)	Loss 4.4347e+00 (4.6314e+00)	Acc@1  14.84 ( 13.34)	Acc@5  35.29 ( 30.83)
Epoch: [4][  0/799]	Time 17.854 (17.854)	Data 17.700 (17.700)	Loss 4.9703e+00 (4.9703e+00)	Acc@1  11.33 ( 11.33)	Acc@5  25.91 ( 25.91)
Epoch: [4][ 50/799]	Time  7.290 ( 4.073)	Data  7.140 ( 3.810)	Loss 4.8293e+00 (4.8119e+00)	Acc@1  11.20 ( 11.26)	Acc@5  24.74 ( 27.63)
Epoch: [4][100/799]	Time  6.412 ( 3.893)	Data  6.262 ( 3.633)	Loss 4.8087e+00 (4.7877e+00)	Acc@1  11.20 ( 11.45)	Acc@5  26.69 ( 27.93)
Epoch: [4][150/799]	Time  4.899 ( 3.832)	Data  4.749 ( 3.370)	Loss 4.6803e+00 (4.7806e+00)	Acc@1  12.50 ( 11.60)	Acc@5  27.99 ( 28.09)
Epoch: [4][200/799]	Time  5.023 ( 3.851)	Data  4.873 ( 3.121)	Loss 4.7510e+00 (4.7631e+00)	Acc@1  10.03 ( 11.80)	Acc@5  29.82 ( 28.41)
Epoch: [4][250/799]	Time  6.632 ( 3.799)	Data  6.482 ( 3.142)	Loss 4.6187e+00 (4.7525e+00)	Acc@1  12.37 ( 11.92)	Acc@5  29.69 ( 28.63)
Epoch: [4][300/799]	Time  6.788 ( 3.754)	Data  6.637 ( 3.156)	Loss 4.6314e+00 (4.7381e+00)	Acc@1  13.02 ( 12.08)	Acc@5  32.94 ( 28.93)
Epoch: [4][350/799]	Time  7.183 ( 3.733)	Data  6.580 ( 3.174)	Loss 4.4335e+00 (4.7251e+00)	Acc@1  16.28 ( 12.30)	Acc@5  33.33 ( 29.20)
Epoch: [4][400/799]	Time  6.990 ( 3.734)	Data  5.668 ( 3.146)	Loss 4.6044e+00 (4.7101e+00)	Acc@1  15.62 ( 12.47)	Acc@5  32.03 ( 29.47)
Epoch: [4][450/799]	Time  7.288 ( 3.733)	Data  6.514 ( 3.159)	Loss 4.7328e+00 (4.7064e+00)	Acc@1  13.54 ( 12.56)	Acc@5  29.69 ( 29.57)
Epoch: [4][500/799]	Time  7.475 ( 3.742)	Data  7.325 ( 3.172)	Loss 4.6890e+00 (4.6950e+00)	Acc@1  14.84 ( 12.70)	Acc@5  30.99 ( 29.78)
Epoch: [4][550/799]	Time  6.928 ( 3.746)	Data  5.921 ( 3.163)	Loss 4.5695e+00 (4.6816e+00)	Acc@1  13.67 ( 12.85)	Acc@5  31.38 ( 29.99)
Epoch: [4][600/799]	Time  7.467 ( 3.761)	Data  5.952 ( 3.142)	Loss 4.5636e+00 (4.6680e+00)	Acc@1  15.49 ( 13.02)	Acc@5  32.55 ( 30.24)
Epoch: [4][650/799]	Time  7.368 ( 3.775)	Data  6.459 ( 3.115)	Loss 4.4713e+00 (4.6535e+00)	Acc@1  15.49 ( 13.18)	Acc@5  35.16 ( 30.51)
Epoch: [4][700/799]	Time  7.283 ( 3.778)	Data  5.946 ( 3.126)	Loss 4.5778e+00 (4.6402e+00)	Acc@1  13.15 ( 13.34)	Acc@5  31.64 ( 30.77)
Epoch: [4][750/799]	Time  8.351 ( 3.785)	Data  6.498 ( 3.123)	Loss 4.4477e+00 (4.6269e+00)	Acc@1  15.49 ( 13.49)	Acc@5  32.42 ( 31.00)
Test: [ 0/63]	Time 12.857 (12.857)	Loss 3.7260e+00 (3.7260e+00)	Acc@1  25.00 ( 25.00)	Acc@5  51.56 ( 51.56)
Test: [50/63]	Time  7.111 ( 3.785)	Loss 4.7693e+00 (4.3875e+00)	Acc@1  12.63 ( 16.68)	Acc@5  27.08 ( 35.81)
 *   Acc@1 17.020 Acc@5 36.161
Test: [ 0/63]	Time 12.853 (12.853)	Loss 3.7260e+00 (3.7260e+00)	Acc@1  25.00 ( 25.00)	Acc@5  51.56 ( 51.56)
Test: [50/63]	Time  7.035 ( 3.787)	Loss 4.7693e+00 (4.3875e+00)	Acc@1  12.63 ( 16.68)	Acc@5  27.08 ( 35.81)
 *   Acc@1 17.020 Acc@5 36.161
Epoch: [5][  0/799]	Time 16.737 (16.737)	Data 16.581 (16.581)	Loss 4.3120e+00 (4.3120e+00)	Acc@1  15.49 ( 15.49)	Acc@5  37.50 ( 37.50)
Epoch: [5][ 50/799]	Time  4.602 ( 3.927)	Data  4.452 ( 3.184)	Loss 4.2009e+00 (4.3555e+00)	Acc@1  19.66 ( 16.48)	Acc@5  39.58 ( 36.22)
Epoch: [5][100/799]	Time  5.654 ( 3.904)	Data  3.931 ( 2.797)	Loss 4.2824e+00 (4.3433e+00)	Acc@1  17.58 ( 16.76)	Acc@5  37.37 ( 36.25)
Epoch: [5][150/799]	Time  5.508 ( 3.874)	Data  4.400 ( 2.751)	Loss 4.6098e+00 (4.3492e+00)	Acc@1  13.54 ( 16.63)	Acc@5  30.21 ( 36.18)
Epoch: [5][200/799]	Time  8.472 ( 3.978)	Data  3.312 ( 2.470)	Loss 4.2662e+00 (4.3435e+00)	Acc@1  18.49 ( 16.72)	Acc@5  40.23 ( 36.29)
Epoch: [5][250/799]	Time  7.534 ( 3.978)	Data  5.466 ( 2.472)	Loss 4.2428e+00 (4.3394e+00)	Acc@1  17.06 ( 16.81)	Acc@5  38.28 ( 36.36)
Epoch: [5][300/799]	Time  5.099 ( 3.968)	Data  4.950 ( 2.508)	Loss 4.2288e+00 (4.3334e+00)	Acc@1  18.36 ( 16.86)	Acc@5  38.41 ( 36.45)
Epoch: [5][350/799]	Time  3.916 ( 3.979)	Data  3.491 ( 2.478)	Loss 4.2727e+00 (4.3226e+00)	Acc@1  18.36 ( 16.99)	Acc@5  36.98 ( 36.63)
Epoch: [5][400/799]	Time  4.681 ( 4.007)	Data  1.514 ( 2.408)	Loss 4.2630e+00 (4.3116e+00)	Acc@1  17.58 ( 17.14)	Acc@5  37.11 ( 36.87)
Epoch: [5][450/799]	Time  6.369 ( 4.032)	Data  4.519 ( 2.343)	Loss 4.2563e+00 (4.3016e+00)	Acc@1  18.62 ( 17.25)	Acc@5  39.45 ( 37.05)
Epoch: [5][500/799]	Time  8.176 ( 4.040)	Data  3.050 ( 2.306)	Loss 4.1466e+00 (4.2909e+00)	Acc@1  17.97 ( 17.36)	Acc@5  41.02 ( 37.24)
Epoch: [5][550/799]	Time  6.349 ( 4.075)	Data  0.000 ( 2.159)	Loss 4.1749e+00 (4.2803e+00)	Acc@1  20.83 ( 17.50)	Acc@5  40.49 ( 37.44)
Epoch: [5][600/799]	Time  6.915 ( 4.123)	Data  0.000 ( 1.983)	Loss 4.0087e+00 (4.2696e+00)	Acc@1  21.09 ( 17.64)	Acc@5  41.80 ( 37.62)
Epoch: [5][650/799]	Time  8.454 ( 4.166)	Data  0.000 ( 1.835)	Loss 4.1418e+00 (4.2585e+00)	Acc@1  22.79 ( 17.78)	Acc@5  42.97 ( 37.82)
Epoch: [5][700/799]	Time  8.657 ( 4.202)	Data  0.000 ( 1.710)	Loss 4.2166e+00 (4.2505e+00)	Acc@1  17.58 ( 17.88)	Acc@5  37.50 ( 37.94)
Epoch: [5][750/799]	Time  8.664 ( 4.234)	Data  0.000 ( 1.611)	Loss 4.0193e+00 (4.2407e+00)	Acc@1  20.31 ( 18.00)	Acc@5  43.62 ( 38.11)
Epoch: [5][  0/799]	Time 14.845 (14.845)	Data 14.693 (14.693)	Loss 4.3731e+00 (4.3731e+00)	Acc@1  16.41 ( 16.41)	Acc@5  36.98 ( 36.98)
Epoch: [5][ 50/799]	Time  4.911 ( 3.936)	Data  4.761 ( 3.784)	Loss 4.3950e+00 (4.3550e+00)	Acc@1  15.76 ( 16.63)	Acc@5  33.46 ( 35.87)
Epoch: [5][100/799]	Time  2.186 ( 3.896)	Data  2.036 ( 3.744)	Loss 4.2636e+00 (4.3415e+00)	Acc@1  15.36 ( 16.68)	Acc@5  37.24 ( 36.10)
Epoch: [5][150/799]	Time  2.273 ( 3.870)	Data  2.123 ( 3.717)	Loss 4.4470e+00 (4.3411e+00)	Acc@1  18.23 ( 16.81)	Acc@5  33.59 ( 36.19)
Epoch: [5][200/799]	Time  0.343 ( 3.965)	Data  0.000 ( 3.807)	Loss 4.1969e+00 (4.3342e+00)	Acc@1  17.32 ( 16.89)	Acc@5  38.02 ( 36.39)
Epoch: [5][250/799]	Time  0.342 ( 3.968)	Data  0.000 ( 3.806)	Loss 4.2667e+00 (4.3271e+00)	Acc@1  16.93 ( 16.94)	Acc@5  38.28 ( 36.45)
Epoch: [5][300/799]	Time  3.086 ( 3.967)	Data  2.925 ( 3.801)	Loss 4.3873e+00 (4.3195e+00)	Acc@1  16.15 ( 17.04)	Acc@5  35.68 ( 36.62)
Epoch: [5][350/799]	Time  4.127 ( 3.982)	Data  3.977 ( 3.818)	Loss 4.2825e+00 (4.3114e+00)	Acc@1  16.67 ( 17.14)	Acc@5  38.28 ( 36.80)
Epoch: [5][400/799]	Time  3.943 ( 4.010)	Data  3.793 ( 3.847)	Loss 4.1527e+00 (4.3046e+00)	Acc@1  18.36 ( 17.24)	Acc@5  38.41 ( 36.92)
Epoch: [5][450/799]	Time  1.598 ( 4.029)	Data  1.448 ( 3.868)	Loss 4.2015e+00 (4.2929e+00)	Acc@1  17.97 ( 17.39)	Acc@5  39.06 ( 37.11)
Epoch: [5][500/799]	Time  0.342 ( 4.035)	Data  0.000 ( 3.874)	Loss 4.1757e+00 (4.2818e+00)	Acc@1  18.36 ( 17.51)	Acc@5  40.76 ( 37.36)
Epoch: [5][550/799]	Time  2.602 ( 4.074)	Data  2.452 ( 3.911)	Loss 4.0477e+00 (4.2730e+00)	Acc@1  18.75 ( 17.61)	Acc@5  41.54 ( 37.55)
Epoch: [5][600/799]	Time  2.979 ( 4.123)	Data  2.829 ( 3.961)	Loss 4.1514e+00 (4.2622e+00)	Acc@1  18.62 ( 17.75)	Acc@5  39.19 ( 37.76)
Epoch: [5][650/799]	Time  0.472 ( 4.162)	Data  0.319 ( 4.000)	Loss 4.2026e+00 (4.2524e+00)	Acc@1  18.62 ( 17.86)	Acc@5  37.63 ( 37.94)
Epoch: [5][700/799]	Time  0.345 ( 4.198)	Data  0.000 ( 4.033)	Loss 4.2230e+00 (4.2445e+00)	Acc@1  16.80 ( 17.97)	Acc@5  36.72 ( 38.08)
Epoch: [5][750/799]	Time  0.361 ( 4.230)	Data  0.000 ( 4.062)	Loss 4.0658e+00 (4.2359e+00)	Acc@1  21.61 ( 18.08)	Acc@5  42.71 ( 38.23)
Test: [ 0/63]	Time 12.932 (12.932)	Loss 3.2516e+00 (3.2516e+00)	Acc@1  33.46 ( 33.46)	Acc@5  58.85 ( 58.85)
Test: [50/63]	Time  7.548 ( 3.876)	Loss 4.4385e+00 (4.0477e+00)	Acc@1  16.54 ( 20.58)	Acc@5  34.11 ( 41.75)
 *   Acc@1 20.713 Acc@5 41.788
Test: [ 0/63]	Time 12.360 (12.360)	Loss 3.2516e+00 (3.2516e+00)	Acc@1  33.46 ( 33.46)	Acc@5  58.85 ( 58.85)
Test: [50/63]	Time  7.499 ( 3.867)	Loss 4.4385e+00 (4.0477e+00)	Acc@1  16.54 ( 20.58)	Acc@5  34.11 ( 41.75)
 *   Acc@1 20.713 Acc@5 41.788
Epoch: [6][  0/799]	Time 16.071 (16.071)	Data 15.916 (15.916)	Loss 4.0444e+00 (4.0444e+00)	Acc@1  19.92 ( 19.92)	Acc@5  43.23 ( 43.23)
Epoch: [6][ 50/799]	Time  6.677 ( 3.883)	Data  6.527 ( 3.626)	Loss 3.9865e+00 (4.1127e+00)	Acc@1  20.31 ( 19.45)	Acc@5  42.58 ( 40.59)
Epoch: [6][100/799]	Time  5.786 ( 3.768)	Data  5.630 ( 3.393)	Loss 4.0962e+00 (4.0561e+00)	Acc@1  17.84 ( 20.29)	Acc@5  38.67 ( 41.63)
Epoch: [6][150/799]	Time  4.835 ( 3.739)	Data  4.680 ( 3.255)	Loss 4.0712e+00 (4.0342e+00)	Acc@1  20.44 ( 20.58)	Acc@5  39.84 ( 42.03)
Epoch: [6][200/799]	Time  5.522 ( 3.764)	Data  5.368 ( 3.058)	Loss 3.8884e+00 (4.0173e+00)	Acc@1  22.53 ( 20.86)	Acc@5  44.53 ( 42.26)
Epoch: [6][250/799]	Time  4.463 ( 3.800)	Data  4.313 ( 2.846)	Loss 3.9724e+00 (4.0080e+00)	Acc@1  23.31 ( 21.01)	Acc@5  43.88 ( 42.47)
Epoch: [6][300/799]	Time  5.302 ( 3.820)	Data  5.152 ( 2.752)	Loss 3.8700e+00 (3.9974e+00)	Acc@1  22.27 ( 21.17)	Acc@5  44.92 ( 42.65)
Epoch: [6][350/799]	Time  5.433 ( 3.833)	Data  5.282 ( 2.703)	Loss 4.2166e+00 (3.9928e+00)	Acc@1  20.05 ( 21.23)	Acc@5  38.80 ( 42.71)
Epoch: [6][400/799]	Time  5.531 ( 3.847)	Data  5.381 ( 2.699)	Loss 3.9962e+00 (3.9839e+00)	Acc@1  21.09 ( 21.37)	Acc@5  42.71 ( 42.88)
Epoch: [6][450/799]	Time  5.114 ( 3.855)	Data  4.951 ( 2.704)	Loss 3.9550e+00 (3.9757e+00)	Acc@1  22.92 ( 21.47)	Acc@5  42.45 ( 42.99)
Epoch: [6][500/799]	Time  3.143 ( 3.878)	Data  2.993 ( 2.653)	Loss 3.8753e+00 (3.9689e+00)	Acc@1  23.31 ( 21.56)	Acc@5  44.14 ( 43.12)
Epoch: [6][550/799]	Time  2.117 ( 3.909)	Data  1.966 ( 2.546)	Loss 3.8636e+00 (3.9615e+00)	Acc@1  23.05 ( 21.65)	Acc@5  44.53 ( 43.25)
Epoch: [6][600/799]	Time  2.835 ( 3.950)	Data  2.685 ( 2.425)	Loss 3.8061e+00 (3.9532e+00)	Acc@1  24.74 ( 21.76)	Acc@5  45.05 ( 43.41)
Epoch: [6][650/799]	Time  2.257 ( 3.978)	Data  2.107 ( 2.334)	Loss 3.9267e+00 (3.9463e+00)	Acc@1  21.22 ( 21.84)	Acc@5  43.36 ( 43.55)
Epoch: [6][700/799]	Time  2.223 ( 3.997)	Data  2.074 ( 2.265)	Loss 3.8154e+00 (3.9398e+00)	Acc@1  24.09 ( 21.92)	Acc@5  45.70 ( 43.69)
Epoch: [6][750/799]	Time  0.824 ( 4.019)	Data  0.675 ( 2.181)	Loss 3.8437e+00 (3.9320e+00)	Acc@1  21.74 ( 22.02)	Acc@5  44.27 ( 43.85)
Epoch: [6][  0/799]	Time 17.321 (17.321)	Data 17.162 (17.162)	Loss 4.0265e+00 (4.0265e+00)	Acc@1  19.66 ( 19.66)	Acc@5  40.62 ( 40.62)
Epoch: [6][ 50/799]	Time  6.819 ( 3.944)	Data  6.646 ( 3.704)	Loss 4.0034e+00 (4.0954e+00)	Acc@1  20.96 ( 20.14)	Acc@5  43.62 ( 40.88)
Epoch: [6][100/799]	Time  6.683 ( 3.806)	Data  6.533 ( 3.555)	Loss 4.0744e+00 (4.0439e+00)	Acc@1  17.71 ( 20.56)	Acc@5  40.76 ( 41.73)
Epoch: [6][150/799]	Time  7.412 ( 3.776)	Data  7.258 ( 3.498)	Loss 3.9468e+00 (4.0296e+00)	Acc@1  23.44 ( 20.79)	Acc@5  43.49 ( 42.00)
Epoch: [6][200/799]	Time  7.279 ( 3.788)	Data  7.129 ( 3.518)	Loss 3.9946e+00 (4.0204e+00)	Acc@1  21.74 ( 20.93)	Acc@5  43.10 ( 42.20)
Epoch: [6][250/799]	Time  7.360 ( 3.824)	Data  7.204 ( 3.559)	Loss 3.8995e+00 (4.0062e+00)	Acc@1  23.05 ( 21.11)	Acc@5  43.62 ( 42.42)
Epoch: [6][300/799]	Time  7.436 ( 3.837)	Data  7.286 ( 3.576)	Loss 4.0020e+00 (3.9990e+00)	Acc@1  22.01 ( 21.20)	Acc@5  43.75 ( 42.58)
Epoch: [6][350/799]	Time  7.131 ( 3.847)	Data  6.981 ( 3.588)	Loss 3.9065e+00 (3.9929e+00)	Acc@1  20.18 ( 21.26)	Acc@5  44.92 ( 42.67)
Epoch: [6][400/799]	Time  7.437 ( 3.859)	Data  7.281 ( 3.602)	Loss 3.8748e+00 (3.9831e+00)	Acc@1  21.74 ( 21.37)	Acc@5  46.35 ( 42.87)
Epoch: [6][450/799]	Time  9.025 ( 3.870)	Data  8.871 ( 3.615)	Loss 3.9386e+00 (3.9763e+00)	Acc@1  22.01 ( 21.46)	Acc@5  45.70 ( 43.02)
Epoch: [6][500/799]	Time  6.969 ( 3.892)	Data  6.816 ( 3.637)	Loss 4.0464e+00 (3.9672e+00)	Acc@1  22.53 ( 21.57)	Acc@5  42.84 ( 43.20)
Epoch: [6][550/799]	Time  7.235 ( 3.923)	Data  7.085 ( 3.669)	Loss 3.9837e+00 (3.9590e+00)	Acc@1  23.05 ( 21.68)	Acc@5  44.01 ( 43.36)
Epoch: [6][600/799]	Time  7.657 ( 3.963)	Data  7.506 ( 3.708)	Loss 4.0013e+00 (3.9532e+00)	Acc@1  22.79 ( 21.78)	Acc@5  43.75 ( 43.48)
Epoch: [6][650/799]	Time  7.757 ( 3.991)	Data  7.607 ( 3.736)	Loss 3.7575e+00 (3.9455e+00)	Acc@1  25.00 ( 21.89)	Acc@5  47.14 ( 43.63)
Epoch: [6][700/799]	Time  7.261 ( 4.009)	Data  7.107 ( 3.754)	Loss 3.7637e+00 (3.9391e+00)	Acc@1  21.74 ( 21.95)	Acc@5  46.88 ( 43.75)
Epoch: [6][750/799]	Time  7.325 ( 4.031)	Data  7.174 ( 3.777)	Loss 3.6986e+00 (3.9304e+00)	Acc@1  25.26 ( 22.08)	Acc@5  47.27 ( 43.91)
Test: [ 0/63]	Time 12.206 (12.206)	Loss 2.7964e+00 (2.7964e+00)	Acc@1  41.28 ( 41.28)	Acc@5  67.45 ( 67.45)
Test: [50/63]	Time  7.265 ( 3.794)	Loss 4.2963e+00 (3.8028e+00)	Acc@1  18.62 ( 24.03)	Acc@5  35.55 ( 46.23)
 *   Acc@1 24.085 Acc@5 46.381
Test: [ 0/63]	Time 12.825 (12.825)	Loss 2.7964e+00 (2.7964e+00)	Acc@1  41.28 ( 41.28)	Acc@5  67.45 ( 67.45)
Test: [50/63]	Time  7.240 ( 3.802)	Loss 4.2963e+00 (3.8028e+00)	Acc@1  18.62 ( 24.03)	Acc@5  35.55 ( 46.23)
 *   Acc@1 24.085 Acc@5 46.381
Epoch: [7][  0/799]	Time 15.013 (15.013)	Data 14.859 (14.859)	Loss 3.8614e+00 (3.8614e+00)	Acc@1  23.83 ( 23.83)	Acc@5  45.05 ( 45.05)
Epoch: [7][ 50/799]	Time  7.202 ( 3.914)	Data  7.048 ( 3.703)	Loss 3.8368e+00 (3.7567e+00)	Acc@1  22.40 ( 24.51)	Acc@5  47.14 ( 47.23)
Epoch: [7][100/799]	Time  7.823 ( 3.968)	Data  7.675 ( 3.742)	Loss 3.8357e+00 (3.7383e+00)	Acc@1  22.40 ( 24.60)	Acc@5  47.14 ( 47.62)
Epoch: [7][150/799]	Time  8.204 ( 4.055)	Data  8.038 ( 3.822)	Loss 3.6727e+00 (3.7324e+00)	Acc@1  25.65 ( 24.64)	Acc@5  48.31 ( 47.63)
Epoch: [7][200/799]	Time  4.722 ( 4.014)	Data  4.567 ( 3.786)	Loss 3.5607e+00 (3.7277e+00)	Acc@1  25.78 ( 24.73)	Acc@5  49.35 ( 47.66)
Epoch: [7][250/799]	Time  1.193 ( 3.966)	Data  1.036 ( 3.752)	Loss 3.6391e+00 (3.7192e+00)	Acc@1  25.91 ( 24.84)	Acc@5  50.65 ( 47.81)
Epoch: [7][300/799]	Time  0.341 ( 3.927)	Data  0.000 ( 3.714)	Loss 3.6105e+00 (3.7129e+00)	Acc@1  28.78 ( 24.93)	Acc@5  48.96 ( 47.92)
Epoch: [7][350/799]	Time  1.354 ( 3.877)	Data  1.204 ( 3.671)	Loss 3.8210e+00 (3.7074e+00)	Acc@1  23.44 ( 25.02)	Acc@5  45.96 ( 48.02)
Epoch: [7][400/799]	Time  4.220 ( 3.847)	Data  4.071 ( 3.648)	Loss 3.8120e+00 (3.7029e+00)	Acc@1  23.70 ( 25.08)	Acc@5  49.48 ( 48.10)
Epoch: [7][450/799]	Time  4.513 ( 3.816)	Data  4.356 ( 3.602)	Loss 3.8488e+00 (3.6977e+00)	Acc@1  24.74 ( 25.17)	Acc@5  47.53 ( 48.23)
Epoch: [7][500/799]	Time  4.262 ( 3.796)	Data  4.113 ( 3.558)	Loss 3.7620e+00 (3.6916e+00)	Acc@1  25.91 ( 25.26)	Acc@5  48.70 ( 48.33)
Epoch: [7][550/799]	Time  1.762 ( 3.779)	Data  1.613 ( 3.536)	Loss 3.4952e+00 (3.6851e+00)	Acc@1  26.56 ( 25.33)	Acc@5  52.08 ( 48.43)
Epoch: [7][600/799]	Time  3.255 ( 3.772)	Data  3.105 ( 3.521)	Loss 3.4950e+00 (3.6825e+00)	Acc@1  28.52 ( 25.38)	Acc@5  49.48 ( 48.45)
Epoch: [7][650/799]	Time  6.855 ( 3.779)	Data  6.705 ( 3.510)	Loss 3.8202e+00 (3.6762e+00)	Acc@1  25.52 ( 25.46)	Acc@5  45.96 ( 48.59)
Epoch: [7][700/799]	Time  6.166 ( 3.779)	Data  6.017 ( 3.493)	Loss 3.6692e+00 (3.6713e+00)	Acc@1  26.69 ( 25.55)	Acc@5  49.87 ( 48.69)
Epoch: [7][750/799]	Time  7.132 ( 3.783)	Data  6.970 ( 3.502)	Loss 3.5105e+00 (3.6666e+00)	Acc@1  29.30 ( 25.64)	Acc@5  52.08 ( 48.79)
Epoch: [7][  0/799]	Time 17.231 (17.231)	Data 17.082 (17.082)	Loss 3.7767e+00 (3.7767e+00)	Acc@1  24.74 ( 24.74)	Acc@5  46.61 ( 46.61)
Epoch: [7][ 50/799]	Time  6.799 ( 3.959)	Data  6.649 ( 3.499)	Loss 3.7153e+00 (3.7625e+00)	Acc@1  25.39 ( 24.42)	Acc@5  47.92 ( 46.96)
Epoch: [7][100/799]	Time  5.326 ( 3.971)	Data  5.176 ( 3.090)	Loss 3.8582e+00 (3.7512e+00)	Acc@1  24.22 ( 24.50)	Acc@5  46.22 ( 47.14)
Epoch: [7][150/799]	Time  3.414 ( 4.041)	Data  3.257 ( 2.713)	Loss 3.7597e+00 (3.7435e+00)	Acc@1  24.87 ( 24.58)	Acc@5  48.05 ( 47.22)
Epoch: [7][200/799]	Time  6.452 ( 4.024)	Data  6.302 ( 2.728)	Loss 3.4941e+00 (3.7382e+00)	Acc@1  28.12 ( 24.67)	Acc@5  55.08 ( 47.38)
Epoch: [7][250/799]	Time  6.380 ( 3.975)	Data  6.230 ( 2.811)	Loss 3.5774e+00 (3.7307e+00)	Acc@1  27.60 ( 24.75)	Acc@5  49.74 ( 47.58)
Epoch: [7][300/799]	Time  6.275 ( 3.939)	Data  6.124 ( 2.848)	Loss 3.7276e+00 (3.7233e+00)	Acc@1  24.48 ( 24.86)	Acc@5  46.22 ( 47.71)
Epoch: [7][350/799]	Time  7.707 ( 3.895)	Data  7.543 ( 2.923)	Loss 3.7255e+00 (3.7148e+00)	Acc@1  25.91 ( 24.99)	Acc@5  48.70 ( 47.91)
Epoch: [7][400/799]	Time  6.265 ( 3.855)	Data  6.114 ( 2.960)	Loss 3.6057e+00 (3.7079e+00)	Acc@1  26.56 ( 25.09)	Acc@5  49.35 ( 48.01)
Epoch: [7][450/799]	Time  7.109 ( 3.828)	Data  6.959 ( 3.003)	Loss 3.6781e+00 (3.7046e+00)	Acc@1  24.35 ( 25.15)	Acc@5  47.01 ( 48.08)
Epoch: [7][500/799]	Time  7.235 ( 3.807)	Data  7.085 ( 3.041)	Loss 3.6621e+00 (3.6994e+00)	Acc@1  27.08 ( 25.22)	Acc@5  48.83 ( 48.16)
Epoch: [7][550/799]	Time  8.190 ( 3.796)	Data  8.040 ( 3.075)	Loss 3.4938e+00 (3.6940e+00)	Acc@1  26.82 ( 25.32)	Acc@5  50.91 ( 48.27)
Epoch: [7][600/799]	Time  7.614 ( 3.784)	Data  7.464 ( 3.103)	Loss 3.5677e+00 (3.6929e+00)	Acc@1  28.78 ( 25.36)	Acc@5  49.74 ( 48.30)
Epoch: [7][650/799]	Time  6.623 ( 3.783)	Data  6.473 ( 3.135)	Loss 3.5327e+00 (3.6853e+00)	Acc@1  26.56 ( 25.46)	Acc@5  52.34 ( 48.44)
Epoch: [7][700/799]	Time  6.976 ( 3.784)	Data  6.818 ( 3.163)	Loss 3.6821e+00 (3.6802e+00)	Acc@1  27.21 ( 25.55)	Acc@5  49.22 ( 48.53)
Epoch: [7][750/799]	Time  5.943 ( 3.785)	Data  5.789 ( 3.158)	Loss 3.6309e+00 (3.6771e+00)	Acc@1  26.17 ( 25.60)	Acc@5  47.01 ( 48.60)
Test: [ 0/63]	Time 12.207 (12.207)	Loss 2.6666e+00 (2.6666e+00)	Acc@1  41.02 ( 41.02)	Acc@5  70.57 ( 70.57)
Test: [50/63]	Time  7.396 ( 3.825)	Loss 4.0929e+00 (3.5804e+00)	Acc@1  23.05 ( 27.17)	Acc@5  38.67 ( 50.25)
 *   Acc@1 27.200 Acc@5 50.385
Test: [ 0/63]	Time 12.713 (12.713)	Loss 2.6666e+00 (2.6666e+00)	Acc@1  41.02 ( 41.02)	Acc@5  70.57 ( 70.57)
Test: [50/63]	Time  7.102 ( 3.834)	Loss 4.0929e+00 (3.5804e+00)	Acc@1  23.05 ( 27.17)	Acc@5  38.67 ( 50.25)
 *   Acc@1 27.200 Acc@5 50.385
Epoch: [8][  0/799]	Time 16.941 (16.941)	Data 16.793 (16.793)	Loss 3.4834e+00 (3.4834e+00)	Acc@1  27.47 ( 27.47)	Acc@5  52.21 ( 52.21)
Epoch: [8][ 50/799]	Time  2.692 ( 4.042)	Data  2.541 ( 3.173)	Loss 3.4656e+00 (3.4917e+00)	Acc@1  28.78 ( 28.15)	Acc@5  51.56 ( 51.80)
Epoch: [8][100/799]	Time  2.401 ( 3.900)	Data  2.251 ( 3.204)	Loss 3.5024e+00 (3.4997e+00)	Acc@1  28.39 ( 28.11)	Acc@5  50.78 ( 51.67)
Epoch: [8][150/799]	Time  1.530 ( 3.814)	Data  1.380 ( 3.245)	Loss 3.5620e+00 (3.5044e+00)	Acc@1  26.43 ( 28.03)	Acc@5  49.87 ( 51.62)
Epoch: [8][200/799]	Time  0.980 ( 3.770)	Data  0.000 ( 3.221)	Loss 3.5242e+00 (3.4952e+00)	Acc@1  29.04 ( 28.18)	Acc@5  52.99 ( 51.79)
Epoch: [8][250/799]	Time  0.342 ( 3.747)	Data  0.000 ( 3.204)	Loss 3.6214e+00 (3.4916e+00)	Acc@1  28.12 ( 28.27)	Acc@5  51.17 ( 51.90)
Epoch: [8][300/799]	Time  0.342 ( 3.753)	Data  0.000 ( 3.163)	Loss 3.3648e+00 (3.4896e+00)	Acc@1  29.43 ( 28.31)	Acc@5  53.52 ( 51.96)
Epoch: [8][350/799]	Time  0.338 ( 3.744)	Data  0.000 ( 3.197)	Loss 3.3943e+00 (3.4853e+00)	Acc@1  28.26 ( 28.32)	Acc@5  52.73 ( 52.06)
Epoch: [8][400/799]	Time  0.412 ( 3.753)	Data  0.007 ( 3.210)	Loss 3.5521e+00 (3.4809e+00)	Acc@1  27.08 ( 28.42)	Acc@5  51.43 ( 52.14)
Epoch: [8][450/799]	Time  0.476 ( 3.755)	Data  0.000 ( 3.241)	Loss 3.4796e+00 (3.4772e+00)	Acc@1  26.17 ( 28.47)	Acc@5  52.99 ( 52.23)
Epoch: [8][500/799]	Time  0.592 ( 3.760)	Data  0.000 ( 3.255)	Loss 3.4413e+00 (3.4765e+00)	Acc@1  27.47 ( 28.44)	Acc@5  53.52 ( 52.26)
Epoch: [8][550/799]	Time  1.182 ( 3.775)	Data  0.000 ( 3.232)	Loss 3.4353e+00 (3.4726e+00)	Acc@1  28.52 ( 28.49)	Acc@5  52.86 ( 52.35)
Epoch: [8][600/799]	Time  0.346 ( 3.783)	Data  0.000 ( 3.226)	Loss 3.4398e+00 (3.4702e+00)	Acc@1  29.95 ( 28.52)	Acc@5  53.39 ( 52.39)
Epoch: [8][650/799]	Time  0.342 ( 3.787)	Data  0.000 ( 3.232)	Loss 3.4814e+00 (3.4657e+00)	Acc@1  29.30 ( 28.59)	Acc@5  50.78 ( 52.47)
Epoch: [8][700/799]	Time  1.170 ( 3.778)	Data  0.000 ( 3.235)	Loss 3.5854e+00 (3.4623e+00)	Acc@1  27.08 ( 28.65)	Acc@5  51.04 ( 52.53)
Epoch: [8][750/799]	Time  1.949 ( 3.786)	Data  0.000 ( 3.187)	Loss 3.4997e+00 (3.4578e+00)	Acc@1  29.95 ( 28.72)	Acc@5  51.95 ( 52.62)
Epoch: [8][  0/799]	Time 15.723 (15.723)	Data 15.559 (15.559)	Loss 3.5079e+00 (3.5079e+00)	Acc@1  27.08 ( 27.08)	Acc@5  51.56 ( 51.56)
Epoch: [8][ 50/799]	Time  7.876 ( 4.089)	Data  7.722 ( 3.866)	Loss 3.3906e+00 (3.4799e+00)	Acc@1  27.73 ( 28.18)	Acc@5  53.12 ( 52.31)
Epoch: [8][100/799]	Time  8.081 ( 3.929)	Data  7.931 ( 3.696)	Loss 3.4511e+00 (3.4699e+00)	Acc@1  27.86 ( 28.49)	Acc@5  54.43 ( 52.47)
Epoch: [8][150/799]	Time  6.767 ( 3.833)	Data  6.617 ( 3.609)	Loss 3.4189e+00 (3.4808e+00)	Acc@1  28.12 ( 28.25)	Acc@5  52.34 ( 52.28)
Epoch: [8][200/799]	Time  7.763 ( 3.793)	Data  7.613 ( 3.587)	Loss 3.3940e+00 (3.4810e+00)	Acc@1  30.47 ( 28.29)	Acc@5  52.73 ( 52.27)
Epoch: [8][250/799]	Time  7.946 ( 3.767)	Data  7.796 ( 3.568)	Loss 3.4949e+00 (3.4780e+00)	Acc@1  29.69 ( 28.31)	Acc@5  52.99 ( 52.31)
Epoch: [8][300/799]	Time  8.689 ( 3.771)	Data  8.539 ( 3.572)	Loss 3.5138e+00 (3.4794e+00)	Acc@1  28.26 ( 28.31)	Acc@5  53.12 ( 52.30)
Epoch: [8][350/799]	Time  8.869 ( 3.760)	Data  8.703 ( 3.560)	Loss 3.4904e+00 (3.4761e+00)	Acc@1  27.08 ( 28.40)	Acc@5  51.43 ( 52.37)
Epoch: [8][400/799]	Time  8.411 ( 3.764)	Data  8.249 ( 3.565)	Loss 3.4202e+00 (3.4732e+00)	Acc@1  29.43 ( 28.46)	Acc@5  54.30 ( 52.42)
Epoch: [8][450/799]	Time  6.883 ( 3.764)	Data  6.720 ( 3.567)	Loss 3.3917e+00 (3.4731e+00)	Acc@1  30.08 ( 28.47)	Acc@5  55.21 ( 52.44)
Epoch: [8][500/799]	Time  8.362 ( 3.771)	Data  8.189 ( 3.578)	Loss 3.4723e+00 (3.4716e+00)	Acc@1  28.91 ( 28.48)	Acc@5  52.47 ( 52.44)
Epoch: [8][550/799]	Time  8.155 ( 3.784)	Data  8.006 ( 3.592)	Loss 3.3664e+00 (3.4664e+00)	Acc@1  28.65 ( 28.56)	Acc@5  54.17 ( 52.53)
Epoch: [8][600/799]	Time  9.120 ( 3.793)	Data  8.962 ( 3.599)	Loss 3.3281e+00 (3.4638e+00)	Acc@1  30.60 ( 28.59)	Acc@5  53.39 ( 52.57)
Epoch: [8][650/799]	Time  7.399 ( 3.790)	Data  7.242 ( 3.596)	Loss 3.5756e+00 (3.4596e+00)	Acc@1  27.86 ( 28.67)	Acc@5  50.65 ( 52.63)
Epoch: [8][700/799]	Time  5.560 ( 3.781)	Data  5.410 ( 3.590)	Loss 3.2469e+00 (3.4550e+00)	Acc@1  31.12 ( 28.76)	Acc@5  56.38 ( 52.71)
Epoch: [8][750/799]	Time  7.514 ( 3.792)	Data  7.360 ( 3.603)	Loss 3.3054e+00 (3.4508e+00)	Acc@1  31.38 ( 28.83)	Acc@5  55.08 ( 52.78)
Test: [ 0/63]	Time 14.743 (14.743)	Loss 2.4594e+00 (2.4594e+00)	Acc@1  47.79 ( 47.79)	Acc@5  72.92 ( 72.92)
Test: [50/63]	Time  7.554 ( 3.994)	Loss 3.8882e+00 (3.3931e+00)	Acc@1  23.05 ( 30.50)	Acc@5  42.58 ( 53.83)
 *   Acc@1 30.409 Acc@5 53.866
Test: [ 0/63]	Time 14.301 (14.301)	Loss 2.4594e+00 (2.4594e+00)	Acc@1  47.79 ( 47.79)	Acc@5  72.92 ( 72.92)
Test: [50/63]	Time  7.608 ( 3.985)	Loss 3.8882e+00 (3.3931e+00)	Acc@1  23.05 ( 30.50)	Acc@5  42.58 ( 53.83)
 *   Acc@1 30.409 Acc@5 53.866
Epoch: [9][  0/799]	Time 15.667 (15.667)	Data 15.513 (15.513)	Loss 3.2131e+00 (3.2131e+00)	Acc@1  30.99 ( 30.99)	Acc@5  57.81 ( 57.81)
Epoch: [9][ 50/799]	Time  6.524 ( 4.077)	Data  6.374 ( 3.857)	Loss 3.3833e+00 (3.3096e+00)	Acc@1  29.17 ( 30.78)	Acc@5  53.78 ( 55.22)
Epoch: [9][100/799]	Time  3.865 ( 3.884)	Data  3.714 ( 3.698)	Loss 3.3049e+00 (3.2962e+00)	Acc@1  30.73 ( 31.09)	Acc@5  55.08 ( 55.42)
Epoch: [9][150/799]	Time  0.342 ( 3.840)	Data  0.000 ( 3.663)	Loss 3.1688e+00 (3.2962e+00)	Acc@1  32.16 ( 31.03)	Acc@5  56.64 ( 55.51)
Epoch: [9][200/799]	Time  0.343 ( 3.841)	Data  0.000 ( 3.658)	Loss 3.2146e+00 (3.2891e+00)	Acc@1  32.55 ( 31.18)	Acc@5  57.42 ( 55.64)
Epoch: [9][250/799]	Time  0.341 ( 3.839)	Data  0.000 ( 3.658)	Loss 3.1641e+00 (3.2841e+00)	Acc@1  33.85 ( 31.25)	Acc@5  56.12 ( 55.70)
Epoch: [9][300/799]	Time  2.166 ( 3.837)	Data  1.853 ( 3.652)	Loss 3.3901e+00 (3.2835e+00)	Acc@1  29.17 ( 31.28)	Acc@5  54.56 ( 55.75)
Epoch: [9][350/799]	Time  3.357 ( 3.851)	Data  3.207 ( 3.671)	Loss 3.0922e+00 (3.2815e+00)	Acc@1  32.68 ( 31.28)	Acc@5  57.55 ( 55.80)
Epoch: [9][400/799]	Time  1.561 ( 3.886)	Data  1.411 ( 3.710)	Loss 3.3313e+00 (3.2869e+00)	Acc@1  31.38 ( 31.20)	Acc@5  54.30 ( 55.70)
Epoch: [9][450/799]	Time  0.342 ( 3.938)	Data  0.000 ( 3.757)	Loss 3.3508e+00 (3.2835e+00)	Acc@1  29.95 ( 31.29)	Acc@5  52.34 ( 55.73)
Epoch: [9][500/799]	Time  1.132 ( 4.004)	Data  0.982 ( 3.818)	Loss 3.2722e+00 (3.2831e+00)	Acc@1  33.72 ( 31.32)	Acc@5  56.51 ( 55.72)
Epoch: [9][550/799]	Time  2.272 ( 4.060)	Data  2.122 ( 3.876)	Loss 3.2073e+00 (3.2797e+00)	Acc@1  31.90 ( 31.37)	Acc@5  57.55 ( 55.77)
Epoch: [9][600/799]	Time  3.110 ( 4.107)	Data  2.960 ( 3.927)	Loss 3.2622e+00 (3.2784e+00)	Acc@1  30.86 ( 31.38)	Acc@5  55.60 ( 55.79)
Epoch: [9][650/799]	Time  3.949 ( 4.142)	Data  3.799 ( 3.963)	Loss 3.3512e+00 (3.2751e+00)	Acc@1  32.42 ( 31.42)	Acc@5  54.95 ( 55.85)
Epoch: [9][700/799]	Time  0.343 ( 4.175)	Data  0.000 ( 3.995)	Loss 3.3290e+00 (3.2714e+00)	Acc@1  31.25 ( 31.50)	Acc@5  54.95 ( 55.93)
Epoch: [9][750/799]	Time  0.343 ( 4.206)	Data  0.000 ( 4.023)	Loss 3.3005e+00 (3.2683e+00)	Acc@1  33.59 ( 31.57)	Acc@5  53.91 ( 55.99)
Epoch: [9][  0/799]	Time 18.602 (18.602)	Data 18.452 (18.452)	Loss 3.3834e+00 (3.3834e+00)	Acc@1  30.21 ( 30.21)	Acc@5  51.69 ( 51.69)
Epoch: [9][ 50/799]	Time  5.081 ( 4.102)	Data  4.931 ( 2.958)	Loss 3.2394e+00 (3.2821e+00)	Acc@1  32.42 ( 31.60)	Acc@5  57.03 ( 55.62)
Epoch: [9][100/799]	Time  6.766 ( 3.912)	Data  6.616 ( 3.159)	Loss 3.4536e+00 (3.2856e+00)	Acc@1  30.34 ( 31.58)	Acc@5  52.47 ( 55.74)
Epoch: [9][150/799]	Time  7.249 ( 3.860)	Data  5.588 ( 3.144)	Loss 3.3502e+00 (3.2919e+00)	Acc@1  29.56 ( 31.34)	Acc@5  53.78 ( 55.47)
Epoch: [9][200/799]	Time  7.503 ( 3.857)	Data  5.565 ( 3.060)	Loss 3.2380e+00 (3.2920e+00)	Acc@1  32.29 ( 31.34)	Acc@5  57.81 ( 55.47)
Epoch: [9][250/799]	Time  7.112 ( 3.851)	Data  6.268 ( 3.018)	Loss 3.2554e+00 (3.2863e+00)	Acc@1  31.25 ( 31.44)	Acc@5  55.47 ( 55.57)
Epoch: [9][300/799]	Time  6.029 ( 3.841)	Data  5.322 ( 2.993)	Loss 3.3011e+00 (3.2850e+00)	Acc@1  31.12 ( 31.43)	Acc@5  56.38 ( 55.60)
Epoch: [9][350/799]	Time  4.594 ( 3.851)	Data  3.816 ( 2.903)	Loss 3.2788e+00 (3.2817e+00)	Acc@1  32.16 ( 31.45)	Acc@5  55.47 ( 55.68)
Epoch: [9][400/799]	Time  6.588 ( 3.891)	Data  2.789 ( 2.743)	Loss 3.0978e+00 (3.2835e+00)	Acc@1  32.81 ( 31.42)	Acc@5  59.37 ( 55.67)
Epoch: [9][450/799]	Time  9.172 ( 3.945)	Data  0.485 ( 2.559)	Loss 3.1702e+00 (3.2802e+00)	Acc@1  33.07 ( 31.44)	Acc@5  57.42 ( 55.75)
Epoch: [9][500/799]	Time  7.659 ( 4.009)	Data  0.000 ( 2.305)	Loss 3.1668e+00 (3.2782e+00)	Acc@1  35.94 ( 31.48)	Acc@5  58.85 ( 55.80)
Epoch: [9][550/799]	Time  7.003 ( 4.062)	Data  0.000 ( 2.098)	Loss 3.2358e+00 (3.2748e+00)	Acc@1  32.03 ( 31.51)	Acc@5  55.60 ( 55.86)
Epoch: [9][600/799]	Time  5.152 ( 4.108)	Data  0.000 ( 1.927)	Loss 3.2853e+00 (3.2721e+00)	Acc@1  31.12 ( 31.53)	Acc@5  56.64 ( 55.90)
Epoch: [9][650/799]	Time  4.564 ( 4.141)	Data  0.000 ( 1.784)	Loss 3.2561e+00 (3.2731e+00)	Acc@1  31.25 ( 31.53)	Acc@5  55.73 ( 55.90)
Epoch: [9][700/799]	Time  8.743 ( 4.179)	Data  0.000 ( 1.662)	Loss 3.2993e+00 (3.2705e+00)	Acc@1  32.29 ( 31.58)	Acc@5  57.03 ( 55.95)
Epoch: [9][750/799]	Time  9.310 ( 4.210)	Data  0.000 ( 1.552)	Loss 3.2242e+00 (3.2680e+00)	Acc@1  34.24 ( 31.61)	Acc@5  58.46 ( 56.00)
Test: [ 0/63]	Time 12.865 (12.865)	Loss 2.3279e+00 (2.3279e+00)	Acc@1  50.78 ( 50.78)	Acc@5  74.48 ( 74.48)
Test: [50/63]	Time  7.122 ( 3.791)	Loss 3.8455e+00 (3.2657e+00)	Acc@1  23.05 ( 32.00)	Acc@5  45.96 ( 56.12)
 *   Acc@1 32.027 Acc@5 56.168
Test: [ 0/63]	Time 12.881 (12.881)	Loss 2.3279e+00 (2.3279e+00)	Acc@1  50.78 ( 50.78)	Acc@5  74.48 ( 74.48)
Test: [50/63]	Time  7.278 ( 3.793)	Loss 3.8455e+00 (3.2657e+00)	Acc@1  23.05 ( 32.00)	Acc@5  45.96 ( 56.12)
 *   Acc@1 32.027 Acc@5 56.168
Epoch: [10][  0/799]	Time 15.947 (15.947)	Data 15.799 (15.799)	Loss 2.9172e+00 (2.9172e+00)	Acc@1  37.89 ( 37.89)	Acc@5  61.85 ( 61.85)
Epoch: [10][ 50/799]	Time  7.033 ( 3.835)	Data  6.883 ( 3.587)	Loss 3.1287e+00 (3.0962e+00)	Acc@1  36.33 ( 34.38)	Acc@5  59.64 ( 59.17)
Epoch: [10][100/799]	Time  6.367 ( 3.687)	Data  6.213 ( 3.349)	Loss 2.9917e+00 (3.1021e+00)	Acc@1  37.63 ( 34.09)	Acc@5  60.68 ( 58.99)
Epoch: [10][150/799]	Time  5.983 ( 3.645)	Data  5.829 ( 3.319)	Loss 3.1137e+00 (3.1107e+00)	Acc@1  34.64 ( 33.91)	Acc@5  58.59 ( 58.79)
Epoch: [10][200/799]	Time  8.362 ( 3.652)	Data  8.212 ( 3.330)	Loss 2.9927e+00 (3.1127e+00)	Acc@1  35.29 ( 33.88)	Acc@5  59.77 ( 58.77)
Epoch: [10][250/799]	Time  8.665 ( 3.644)	Data  8.515 ( 3.336)	Loss 3.0059e+00 (3.1087e+00)	Acc@1  35.55 ( 33.99)	Acc@5  61.59 ( 58.82)
Epoch: [10][300/799]	Time  8.385 ( 3.641)	Data  8.230 ( 3.342)	Loss 3.1182e+00 (3.1113e+00)	Acc@1  33.59 ( 33.99)	Acc@5  58.98 ( 58.81)
Epoch: [10][350/799]	Time  7.946 ( 3.638)	Data  7.796 ( 3.345)	Loss 3.0928e+00 (3.1104e+00)	Acc@1  33.59 ( 34.01)	Acc@5  59.37 ( 58.78)
Epoch: [10][400/799]	Time  7.117 ( 3.639)	Data  6.960 ( 3.352)	Loss 3.0833e+00 (3.1081e+00)	Acc@1  33.46 ( 34.04)	Acc@5  60.42 ( 58.83)
Epoch: [10][450/799]	Time  7.700 ( 3.641)	Data  7.544 ( 3.359)	Loss 3.0345e+00 (3.1056e+00)	Acc@1  33.33 ( 34.08)	Acc@5  60.03 ( 58.87)
Epoch: [10][500/799]	Time  6.905 ( 3.637)	Data  6.744 ( 3.358)	Loss 3.0114e+00 (3.1075e+00)	Acc@1  33.46 ( 34.07)	Acc@5  59.64 ( 58.83)
Epoch: [10][550/799]	Time  7.128 ( 3.637)	Data  6.978 ( 3.360)	Loss 2.9396e+00 (3.1070e+00)	Acc@1  34.77 ( 34.09)	Acc@5  61.72 ( 58.86)
Epoch: [10][600/799]	Time  6.654 ( 3.632)	Data  6.504 ( 3.354)	Loss 2.9846e+00 (3.1048e+00)	Acc@1  39.19 ( 34.13)	Acc@5  61.85 ( 58.91)
Epoch: [10][650/799]	Time  6.873 ( 3.631)	Data  6.723 ( 3.338)	Loss 3.1732e+00 (3.1026e+00)	Acc@1  32.16 ( 34.18)	Acc@5  58.46 ( 58.94)
Epoch: [10][700/799]	Time  6.076 ( 3.630)	Data  5.926 ( 3.327)	Loss 3.1491e+00 (3.1014e+00)	Acc@1  33.85 ( 34.18)	Acc@5  57.68 ( 58.94)
Epoch: [10][750/799]	Time  5.227 ( 3.631)	Data  5.070 ( 3.300)	Loss 3.2178e+00 (3.0996e+00)	Acc@1  33.07 ( 34.21)	Acc@5  56.90 ( 58.97)
Epoch: [10][  0/799]	Time 16.623 (16.623)	Data 16.466 (16.466)	Loss 3.1195e+00 (3.1195e+00)	Acc@1  31.90 ( 31.90)	Acc@5  57.94 ( 57.94)
Epoch: [10][ 50/799]	Time  6.637 ( 3.881)	Data  6.487 ( 3.508)	Loss 3.2229e+00 (3.1016e+00)	Acc@1  32.16 ( 33.98)	Acc@5  56.77 ( 58.87)
Epoch: [10][100/799]	Time  3.835 ( 3.719)	Data  3.685 ( 3.446)	Loss 3.0646e+00 (3.1151e+00)	Acc@1  36.98 ( 33.81)	Acc@5  59.51 ( 58.63)
Epoch: [10][150/799]	Time  3.922 ( 3.672)	Data  3.772 ( 3.440)	Loss 3.0549e+00 (3.1118e+00)	Acc@1  37.63 ( 33.95)	Acc@5  59.24 ( 58.77)
Epoch: [10][200/799]	Time  0.342 ( 3.634)	Data  0.000 ( 3.414)	Loss 3.1494e+00 (3.1142e+00)	Acc@1  33.20 ( 33.91)	Acc@5  58.98 ( 58.76)
Epoch: [10][250/799]	Time  0.343 ( 3.622)	Data  0.000 ( 3.396)	Loss 3.0144e+00 (3.1117e+00)	Acc@1  34.90 ( 33.94)	Acc@5  59.64 ( 58.84)
Epoch: [10][300/799]	Time  0.335 ( 3.626)	Data  0.000 ( 3.388)	Loss 3.1177e+00 (3.1134e+00)	Acc@1  34.64 ( 33.94)	Acc@5  57.68 ( 58.77)
Epoch: [10][350/799]	Time  0.344 ( 3.629)	Data  0.000 ( 3.373)	Loss 3.0940e+00 (3.1131e+00)	Acc@1  33.72 ( 33.91)	Acc@5  60.29 ( 58.75)
Epoch: [10][400/799]	Time  4.961 ( 3.640)	Data  4.810 ( 3.357)	Loss 3.0899e+00 (3.1097e+00)	Acc@1  32.55 ( 33.92)	Acc@5  59.64 ( 58.82)
Epoch: [10][450/799]	Time  4.775 ( 3.641)	Data  4.623 ( 3.334)	Loss 2.9669e+00 (3.1074e+00)	Acc@1  36.85 ( 33.96)	Acc@5  60.03 ( 58.88)
Epoch: [10][500/799]	Time  5.928 ( 3.641)	Data  5.775 ( 3.321)	Loss 3.1096e+00 (3.1073e+00)	Acc@1  33.07 ( 33.98)	Acc@5  58.46 ( 58.88)
Epoch: [10][550/799]	Time  6.504 ( 3.640)	Data  6.354 ( 3.304)	Loss 3.0226e+00 (3.1058e+00)	Acc@1  35.42 ( 34.01)	Acc@5  61.33 ( 58.89)
Epoch: [10][600/799]	Time  6.464 ( 3.637)	Data  6.315 ( 3.302)	Loss 3.0518e+00 (3.1057e+00)	Acc@1  34.11 ( 34.02)	Acc@5  60.68 ( 58.89)
Epoch: [10][650/799]	Time  6.721 ( 3.635)	Data  6.568 ( 3.310)	Loss 3.1487e+00 (3.1049e+00)	Acc@1  36.59 ( 34.06)	Acc@5  58.07 ( 58.90)
Epoch: [10][700/799]	Time  6.689 ( 3.635)	Data  6.538 ( 3.311)	Loss 3.0319e+00 (3.1043e+00)	Acc@1  35.03 ( 34.08)	Acc@5  61.46 ( 58.90)
Epoch: [10][750/799]	Time  6.109 ( 3.637)	Data  5.959 ( 3.324)	Loss 3.0178e+00 (3.1028e+00)	Acc@1  35.81 ( 34.12)	Acc@5  60.55 ( 58.94)
Test: [ 0/63]	Time 12.635 (12.635)	Loss 2.1275e+00 (2.1275e+00)	Acc@1  52.21 ( 52.21)	Acc@5  76.56 ( 76.56)
Test: [50/63]	Time  7.293 ( 3.876)	Loss 3.8184e+00 (3.1790e+00)	Acc@1  21.74 ( 33.54)	Acc@5  45.70 ( 57.67)
 *   Acc@1 33.578 Acc@5 57.728
Test: [ 0/63]	Time 13.075 (13.075)	Loss 2.1275e+00 (2.1275e+00)	Acc@1  52.21 ( 52.21)	Acc@5  76.56 ( 76.56)
Test: [50/63]	Time  7.353 ( 3.883)	Loss 3.8184e+00 (3.1790e+00)	Acc@1  21.74 ( 33.54)	Acc@5  45.70 ( 57.67)
 *   Acc@1 33.578 Acc@5 57.728
Epoch: [11][  0/799]	Time 16.733 (16.733)	Data 16.580 (16.580)	Loss 2.9362e+00 (2.9362e+00)	Acc@1  37.50 ( 37.50)	Acc@5  62.24 ( 62.24)
Epoch: [11][ 50/799]	Time  6.866 ( 3.907)	Data  6.709 ( 3.513)	Loss 2.9106e+00 (2.9704e+00)	Acc@1  38.28 ( 36.09)	Acc@5  63.93 ( 61.57)
Epoch: [11][100/799]	Time  7.817 ( 3.887)	Data  7.667 ( 3.562)	Loss 2.9896e+00 (2.9635e+00)	Acc@1  37.76 ( 36.26)	Acc@5  61.07 ( 61.44)
Epoch: [11][150/799]	Time  7.297 ( 3.936)	Data  7.126 ( 3.609)	Loss 2.8546e+00 (2.9616e+00)	Acc@1  36.98 ( 36.30)	Acc@5  61.98 ( 61.45)
Epoch: [11][200/799]	Time  6.609 ( 3.905)	Data  6.455 ( 3.551)	Loss 2.8600e+00 (2.9615e+00)	Acc@1  38.41 ( 36.35)	Acc@5  62.76 ( 61.47)
Epoch: [11][250/799]	Time  6.498 ( 3.864)	Data  6.343 ( 3.512)	Loss 2.8755e+00 (2.9629e+00)	Acc@1  38.54 ( 36.39)	Acc@5  63.54 ( 61.41)
Epoch: [11][300/799]	Time  6.587 ( 3.831)	Data  6.430 ( 3.489)	Loss 2.8349e+00 (2.9635e+00)	Acc@1  38.15 ( 36.40)	Acc@5  64.58 ( 61.37)
Epoch: [11][350/799]	Time  6.264 ( 3.790)	Data  6.114 ( 3.443)	Loss 2.9311e+00 (2.9595e+00)	Acc@1  35.81 ( 36.44)	Acc@5  61.20 ( 61.43)
Epoch: [11][400/799]	Time  6.945 ( 3.789)	Data  6.792 ( 3.396)	Loss 2.9642e+00 (2.9597e+00)	Acc@1  34.51 ( 36.43)	Acc@5  61.46 ( 61.42)
Epoch: [11][450/799]	Time  6.767 ( 3.821)	Data  6.617 ( 3.405)	Loss 2.9385e+00 (2.9589e+00)	Acc@1  37.11 ( 36.42)	Acc@5  60.68 ( 61.43)
Epoch: [11][500/799]	Time  7.238 ( 3.838)	Data  7.082 ( 3.417)	Loss 2.8541e+00 (2.9611e+00)	Acc@1  38.80 ( 36.42)	Acc@5  63.02 ( 61.41)
Epoch: [11][550/799]	Time  7.487 ( 3.859)	Data  7.323 ( 3.409)	Loss 2.9956e+00 (2.9616e+00)	Acc@1  33.72 ( 36.41)	Acc@5  60.81 ( 61.42)
Epoch: [11][600/799]	Time  7.198 ( 3.875)	Data  7.046 ( 3.427)	Loss 3.0217e+00 (2.9617e+00)	Acc@1  35.81 ( 36.41)	Acc@5  61.33 ( 61.44)
Epoch: [11][650/799]	Time  6.533 ( 3.875)	Data  6.384 ( 3.439)	Loss 2.9649e+00 (2.9623e+00)	Acc@1  39.19 ( 36.40)	Acc@5  63.28 ( 61.43)
Epoch: [11][700/799]	Time  6.529 ( 3.856)	Data  6.379 ( 3.426)	Loss 2.7868e+00 (2.9627e+00)	Acc@1  38.80 ( 36.38)	Acc@5  64.45 ( 61.44)
Epoch: [11][750/799]	Time  6.530 ( 3.839)	Data  6.379 ( 3.422)	Loss 2.8637e+00 (2.9617e+00)	Acc@1  34.64 ( 36.40)	Acc@5  61.85 ( 61.45)
Epoch: [11][  0/799]	Time 15.027 (15.027)	Data 14.878 (14.878)	Loss 2.9618e+00 (2.9618e+00)	Acc@1  38.54 ( 38.54)	Acc@5  61.46 ( 61.46)
Epoch: [11][ 50/799]	Time  6.665 ( 3.850)	Data  6.515 ( 3.529)	Loss 2.7163e+00 (2.9608e+00)	Acc@1  39.71 ( 36.26)	Acc@5  65.36 ( 61.48)
Epoch: [11][100/799]	Time  7.924 ( 3.861)	Data  7.775 ( 3.458)	Loss 2.9149e+00 (2.9620e+00)	Acc@1  38.02 ( 36.37)	Acc@5  62.37 ( 61.45)
Epoch: [11][150/799]	Time  7.484 ( 3.919)	Data  7.330 ( 3.465)	Loss 2.9314e+00 (2.9533e+00)	Acc@1  37.89 ( 36.53)	Acc@5  60.68 ( 61.58)
Epoch: [11][200/799]	Time  6.909 ( 3.893)	Data  6.759 ( 3.474)	Loss 2.9370e+00 (2.9548e+00)	Acc@1  34.24 ( 36.49)	Acc@5  62.50 ( 61.49)
Epoch: [11][250/799]	Time  6.051 ( 3.851)	Data  5.894 ( 3.458)	Loss 3.0914e+00 (2.9564e+00)	Acc@1  33.98 ( 36.47)	Acc@5  58.85 ( 61.49)
Epoch: [11][300/799]	Time  6.306 ( 3.821)	Data  6.145 ( 3.412)	Loss 3.0373e+00 (2.9583e+00)	Acc@1  38.15 ( 36.43)	Acc@5  59.77 ( 61.48)
Epoch: [11][350/799]	Time  6.816 ( 3.783)	Data  6.666 ( 3.389)	Loss 2.9818e+00 (2.9586e+00)	Acc@1  38.15 ( 36.43)	Acc@5  61.20 ( 61.51)
Epoch: [11][400/799]	Time  8.323 ( 3.786)	Data  8.165 ( 3.410)	Loss 2.8998e+00 (2.9580e+00)	Acc@1  37.24 ( 36.45)	Acc@5  63.28 ( 61.50)
Epoch: [11][450/799]	Time  7.067 ( 3.816)	Data  6.917 ( 3.450)	Loss 2.9621e+00 (2.9593e+00)	Acc@1  35.03 ( 36.44)	Acc@5  62.37 ( 61.47)
Epoch: [11][500/799]	Time  7.551 ( 3.833)	Data  7.400 ( 3.473)	Loss 3.0182e+00 (2.9632e+00)	Acc@1  35.42 ( 36.38)	Acc@5  60.68 ( 61.41)
Epoch: [11][550/799]	Time  7.388 ( 3.853)	Data  7.231 ( 3.500)	Loss 2.9285e+00 (2.9631e+00)	Acc@1  37.24 ( 36.39)	Acc@5  62.11 ( 61.42)
Epoch: [11][600/799]	Time  7.215 ( 3.871)	Data  7.056 ( 3.524)	Loss 2.8870e+00 (2.9631e+00)	Acc@1  38.15 ( 36.39)	Acc@5  62.50 ( 61.42)
Epoch: [11][650/799]	Time  6.621 ( 3.871)	Data  6.463 ( 3.517)	Loss 3.1025e+00 (2.9636e+00)	Acc@1  34.77 ( 36.38)	Acc@5  58.59 ( 61.43)
Epoch: [11][700/799]	Time  5.810 ( 3.851)	Data  5.659 ( 3.493)	Loss 3.0278e+00 (2.9639e+00)	Acc@1  37.11 ( 36.36)	Acc@5  60.55 ( 61.41)
Epoch: [11][750/799]	Time  5.390 ( 3.834)	Data  5.240 ( 3.461)	Loss 2.8648e+00 (2.9626e+00)	Acc@1  39.19 ( 36.37)	Acc@5  62.76 ( 61.43)
Test: [ 0/63]	Time 13.100 (13.100)	Loss 2.0254e+00 (2.0254e+00)	Acc@1  55.21 ( 55.21)	Acc@5  78.91 ( 78.91)
Test: [50/63]	Time  7.237 ( 3.829)	Loss 3.6122e+00 (3.0666e+00)	Acc@1  27.47 ( 35.32)	Acc@5  50.13 ( 59.77)
 *   Acc@1 35.282 Acc@5 59.653
Test: [ 0/63]	Time 12.577 (12.577)	Loss 2.0254e+00 (2.0254e+00)	Acc@1  55.21 ( 55.21)	Acc@5  78.91 ( 78.91)
Test: [50/63]	Time  7.284 ( 3.821)	Loss 3.6122e+00 (3.0666e+00)	Acc@1  27.47 ( 35.32)	Acc@5  50.13 ( 59.77)
 *   Acc@1 35.282 Acc@5 59.653
Epoch: [12][  0/799]	Time 16.256 (16.256)	Data 16.108 (16.108)	Loss 2.7732e+00 (2.7732e+00)	Acc@1  38.93 ( 38.93)	Acc@5  64.19 ( 64.19)
Epoch: [12][ 50/799]	Time  6.600 ( 3.933)	Data  6.450 ( 3.698)	Loss 2.8510e+00 (2.8187e+00)	Acc@1  37.24 ( 38.62)	Acc@5  63.28 ( 64.11)
Epoch: [12][100/799]	Time  7.283 ( 3.850)	Data  7.133 ( 3.612)	Loss 2.7855e+00 (2.8256e+00)	Acc@1  39.19 ( 38.54)	Acc@5  64.84 ( 63.77)
Epoch: [12][150/799]	Time  4.919 ( 3.784)	Data  4.769 ( 3.555)	Loss 2.7194e+00 (2.8248e+00)	Acc@1  38.80 ( 38.43)	Acc@5  64.58 ( 63.84)
Epoch: [12][200/799]	Time  0.343 ( 3.768)	Data  0.000 ( 3.552)	Loss 2.7416e+00 (2.8288e+00)	Acc@1  38.80 ( 38.41)	Acc@5  64.58 ( 63.75)
Epoch: [12][250/799]	Time  0.342 ( 3.759)	Data  0.000 ( 3.546)	Loss 2.6948e+00 (2.8278e+00)	Acc@1  40.76 ( 38.49)	Acc@5  65.62 ( 63.74)
Epoch: [12][300/799]	Time  0.342 ( 3.777)	Data  0.000 ( 3.559)	Loss 2.7743e+00 (2.8292e+00)	Acc@1  39.19 ( 38.48)	Acc@5  64.06 ( 63.74)
Epoch: [12][350/799]	Time  0.345 ( 3.784)	Data  0.000 ( 3.563)	Loss 2.7313e+00 (2.8284e+00)	Acc@1  40.23 ( 38.49)	Acc@5  64.71 ( 63.72)
Epoch: [12][400/799]	Time  0.342 ( 3.854)	Data  0.000 ( 3.629)	Loss 2.7517e+00 (2.8293e+00)	Acc@1  39.19 ( 38.48)	Acc@5  64.45 ( 63.72)
Epoch: [12][450/799]	Time  0.342 ( 3.940)	Data  0.000 ( 3.712)	Loss 2.7765e+00 (2.8324e+00)	Acc@1  40.49 ( 38.44)	Acc@5  64.97 ( 63.68)
Epoch: [12][500/799]	Time  0.342 ( 4.006)	Data  0.000 ( 3.776)	Loss 2.7003e+00 (2.8316e+00)	Acc@1  38.80 ( 38.45)	Acc@5  66.41 ( 63.71)
Epoch: [12][550/799]	Time  0.342 ( 4.061)	Data  0.000 ( 3.829)	Loss 2.7616e+00 (2.8334e+00)	Acc@1  39.32 ( 38.41)	Acc@5  65.23 ( 63.68)
Epoch: [12][600/799]	Time  0.344 ( 4.109)	Data  0.000 ( 3.876)	Loss 2.9403e+00 (2.8316e+00)	Acc@1  35.81 ( 38.44)	Acc@5  63.93 ( 63.71)
Epoch: [12][650/799]	Time  0.353 ( 4.150)	Data  0.000 ( 3.916)	Loss 2.8871e+00 (2.8328e+00)	Acc@1  36.33 ( 38.42)	Acc@5  62.50 ( 63.67)
Epoch: [12][700/799]	Time  0.339 ( 4.184)	Data  0.000 ( 3.948)	Loss 3.0553e+00 (2.8336e+00)	Acc@1  34.90 ( 38.44)	Acc@5  59.51 ( 63.65)
Epoch: [12][750/799]	Time  0.343 ( 4.215)	Data  0.000 ( 3.978)	Loss 2.7339e+00 (2.8335e+00)	Acc@1  39.97 ( 38.47)	Acc@5  65.10 ( 63.66)
Epoch: [12][  0/799]	Time 17.799 (17.799)	Data 17.651 (17.651)	Loss 2.7495e+00 (2.7495e+00)	Acc@1  41.80 ( 41.80)	Acc@5  64.71 ( 64.71)
Epoch: [12][ 50/799]	Time  6.335 ( 3.985)	Data  6.185 ( 3.171)	Loss 2.8502e+00 (2.8230e+00)	Acc@1  37.50 ( 38.87)	Acc@5  62.50 ( 63.72)
Epoch: [12][100/799]	Time  5.229 ( 3.858)	Data  5.079 ( 3.026)	Loss 2.8921e+00 (2.8327e+00)	Acc@1  37.37 ( 38.51)	Acc@5  62.89 ( 63.66)
Epoch: [12][150/799]	Time  6.437 ( 3.800)	Data  6.287 ( 3.027)	Loss 2.8764e+00 (2.8386e+00)	Acc@1  38.28 ( 38.45)	Acc@5  62.50 ( 63.61)
Epoch: [12][200/799]	Time  6.649 ( 3.782)	Data  5.705 ( 2.968)	Loss 2.6225e+00 (2.8351e+00)	Acc@1  41.02 ( 38.45)	Acc@5  67.97 ( 63.68)
Epoch: [12][250/799]	Time  7.226 ( 3.771)	Data  5.233 ( 2.963)	Loss 2.7253e+00 (2.8373e+00)	Acc@1  38.15 ( 38.51)	Acc@5  67.06 ( 63.65)
Epoch: [12][300/799]	Time  6.918 ( 3.787)	Data  5.313 ( 2.870)	Loss 2.8022e+00 (2.8392e+00)	Acc@1  38.02 ( 38.48)	Acc@5  63.80 ( 63.58)
Epoch: [12][350/799]	Time  8.076 ( 3.793)	Data  3.538 ( 2.847)	Loss 2.7598e+00 (2.8390e+00)	Acc@1  42.58 ( 38.45)	Acc@5  63.54 ( 63.54)
Epoch: [12][400/799]	Time  8.498 ( 3.861)	Data  1.736 ( 2.644)	Loss 2.8189e+00 (2.8395e+00)	Acc@1  38.28 ( 38.44)	Acc@5  65.36 ( 63.56)
Epoch: [12][450/799]	Time  9.497 ( 3.946)	Data  0.000 ( 2.382)	Loss 2.7222e+00 (2.8375e+00)	Acc@1  39.84 ( 38.44)	Acc@5  65.89 ( 63.58)
Epoch: [12][500/799]	Time  9.477 ( 4.012)	Data  0.000 ( 2.144)	Loss 2.9130e+00 (2.8381e+00)	Acc@1  36.85 ( 38.42)	Acc@5  61.72 ( 63.56)
Epoch: [12][550/799]	Time  8.671 ( 4.066)	Data  0.000 ( 1.953)	Loss 2.6818e+00 (2.8382e+00)	Acc@1  44.01 ( 38.43)	Acc@5  66.93 ( 63.57)
Epoch: [12][600/799]	Time  9.301 ( 4.114)	Data  0.000 ( 1.796)	Loss 2.8080e+00 (2.8378e+00)	Acc@1  41.15 ( 38.46)	Acc@5  64.06 ( 63.58)
Epoch: [12][650/799]	Time  9.514 ( 4.154)	Data  0.174 ( 1.662)	Loss 2.9436e+00 (2.8377e+00)	Acc@1  39.97 ( 38.44)	Acc@5  61.46 ( 63.57)
Epoch: [12][700/799]	Time  9.000 ( 4.188)	Data  0.000 ( 1.545)	Loss 2.9049e+00 (2.8372e+00)	Acc@1  38.80 ( 38.46)	Acc@5  62.63 ( 63.57)
Epoch: [12][750/799]	Time  8.911 ( 4.219)	Data  0.000 ( 1.443)	Loss 2.8367e+00 (2.8375e+00)	Acc@1  38.41 ( 38.47)	Acc@5  64.97 ( 63.57)
Test: [ 0/63]	Time 12.963 (12.963)	Loss 2.0044e+00 (2.0044e+00)	Acc@1  54.82 ( 54.82)	Acc@5  78.52 ( 78.52)
Test: [50/63]	Time  7.282 ( 3.837)	Loss 3.5812e+00 (2.9915e+00)	Acc@1  25.65 ( 36.45)	Acc@5  48.96 ( 61.09)
 *   Acc@1 36.414 Acc@5 60.941
Test: [ 0/63]	Time 13.166 (13.166)	Loss 2.0044e+00 (2.0044e+00)	Acc@1  54.82 ( 54.82)	Acc@5  78.52 ( 78.52)
Test: [50/63]	Time  7.191 ( 3.839)	Loss 3.5812e+00 (2.9915e+00)	Acc@1  25.65 ( 36.45)	Acc@5  48.96 ( 61.09)
 *   Acc@1 36.414 Acc@5 60.941
Epoch: [13][  0/799]	Time 18.149 (18.149)	Data 17.992 (17.992)	Loss 2.6859e+00 (2.6859e+00)	Acc@1  40.36 ( 40.36)	Acc@5  66.15 ( 66.15)
Epoch: [13][ 50/799]	Time  2.732 ( 4.002)	Data  2.582 ( 3.361)	Loss 2.5194e+00 (2.6730e+00)	Acc@1  43.23 ( 40.94)	Acc@5  69.01 ( 66.19)
Epoch: [13][100/799]	Time  0.349 ( 3.851)	Data  0.000 ( 3.232)	Loss 2.8184e+00 (2.6909e+00)	Acc@1  36.72 ( 40.72)	Acc@5  63.41 ( 65.94)
Epoch: [13][150/799]	Time  0.341 ( 3.836)	Data  0.000 ( 3.158)	Loss 2.9116e+00 (2.6966e+00)	Acc@1  35.81 ( 40.66)	Acc@5  63.28 ( 65.93)
Epoch: [13][200/799]	Time  0.358 ( 3.812)	Data  0.000 ( 3.237)	Loss 2.7305e+00 (2.7012e+00)	Acc@1  41.54 ( 40.58)	Acc@5  63.80 ( 65.90)
Epoch: [13][250/799]	Time  0.452 ( 3.792)	Data  0.000 ( 3.278)	Loss 2.7286e+00 (2.7048e+00)	Acc@1  37.50 ( 40.55)	Acc@5  64.97 ( 65.85)
Epoch: [13][300/799]	Time  0.345 ( 3.779)	Data  0.000 ( 3.278)	Loss 2.6828e+00 (2.7052e+00)	Acc@1  42.45 ( 40.57)	Acc@5  64.97 ( 65.88)
Epoch: [13][350/799]	Time  0.336 ( 3.767)	Data  0.000 ( 3.298)	Loss 2.6704e+00 (2.7042e+00)	Acc@1  41.15 ( 40.55)	Acc@5  64.97 ( 65.90)
Epoch: [13][400/799]	Time  0.353 ( 3.753)	Data  0.000 ( 3.310)	Loss 2.7070e+00 (2.7077e+00)	Acc@1  41.67 ( 40.47)	Acc@5  68.10 ( 65.84)
Epoch: [13][450/799]	Time  0.346 ( 3.742)	Data  0.000 ( 3.319)	Loss 2.6762e+00 (2.7101e+00)	Acc@1  39.84 ( 40.44)	Acc@5  66.80 ( 65.80)
Epoch: [13][500/799]	Time  0.423 ( 3.738)	Data  0.000 ( 3.301)	Loss 2.6782e+00 (2.7101e+00)	Acc@1  41.28 ( 40.45)	Acc@5  66.28 ( 65.79)
Epoch: [13][550/799]	Time  0.360 ( 3.734)	Data  0.000 ( 3.302)	Loss 2.8657e+00 (2.7108e+00)	Acc@1  38.80 ( 40.47)	Acc@5  63.02 ( 65.78)
Epoch: [13][600/799]	Time  0.346 ( 3.745)	Data  0.000 ( 3.250)	Loss 2.7735e+00 (2.7119e+00)	Acc@1  41.28 ( 40.44)	Acc@5  65.49 ( 65.77)
Epoch: [13][650/799]	Time  0.349 ( 3.757)	Data  0.000 ( 3.206)	Loss 2.7454e+00 (2.7137e+00)	Acc@1  40.23 ( 40.41)	Acc@5  64.97 ( 65.73)
Epoch: [13][700/799]	Time  0.462 ( 3.754)	Data  0.000 ( 3.208)	Loss 2.6195e+00 (2.7164e+00)	Acc@1  40.76 ( 40.37)	Acc@5  68.23 ( 65.67)
Epoch: [13][750/799]	Time  0.341 ( 3.756)	Data  0.000 ( 3.204)	Loss 2.6523e+00 (2.7177e+00)	Acc@1  41.41 ( 40.36)	Acc@5  67.19 ( 65.64)
Epoch: [13][  0/799]	Time 15.977 (15.977)	Data 15.829 (15.829)	Loss 2.5448e+00 (2.5448e+00)	Acc@1  42.84 ( 42.84)	Acc@5  68.62 ( 68.62)
Epoch: [13][ 50/799]	Time  7.747 ( 4.028)	Data  7.597 ( 3.786)	Loss 2.6315e+00 (2.6612e+00)	Acc@1  42.32 ( 41.13)	Acc@5  67.84 ( 66.57)
Epoch: [13][100/799]	Time  8.560 ( 3.895)	Data  8.410 ( 3.650)	Loss 2.7459e+00 (2.6910e+00)	Acc@1  39.58 ( 40.75)	Acc@5  64.58 ( 66.10)
Epoch: [13][150/799]	Time  8.332 ( 3.864)	Data  8.182 ( 3.617)	Loss 2.6486e+00 (2.7061e+00)	Acc@1  40.10 ( 40.50)	Acc@5  66.41 ( 65.81)
Epoch: [13][200/799]	Time  9.067 ( 3.831)	Data  8.915 ( 3.583)	Loss 2.7897e+00 (2.7055e+00)	Acc@1  38.54 ( 40.50)	Acc@5  64.06 ( 65.86)
Epoch: [13][250/799]	Time  8.825 ( 3.811)	Data  8.666 ( 3.562)	Loss 2.7579e+00 (2.7064e+00)	Acc@1  41.15 ( 40.50)	Acc@5  64.32 ( 65.84)
Epoch: [13][300/799]	Time  8.260 ( 3.793)	Data  8.105 ( 3.545)	Loss 2.7608e+00 (2.7058e+00)	Acc@1  40.36 ( 40.52)	Acc@5  62.76 ( 65.82)
Epoch: [13][350/799]	Time  8.286 ( 3.772)	Data  8.127 ( 3.523)	Loss 2.7830e+00 (2.7056e+00)	Acc@1  39.84 ( 40.52)	Acc@5  64.32 ( 65.84)
Epoch: [13][400/799]	Time  8.144 ( 3.758)	Data  7.994 ( 3.510)	Loss 2.7152e+00 (2.7109e+00)	Acc@1  41.15 ( 40.40)	Acc@5  67.19 ( 65.76)
Epoch: [13][450/799]	Time  8.103 ( 3.751)	Data  7.946 ( 3.502)	Loss 2.5990e+00 (2.7091e+00)	Acc@1  43.49 ( 40.45)	Acc@5  66.93 ( 65.78)
Epoch: [13][500/799]	Time  8.768 ( 3.746)	Data  8.610 ( 3.495)	Loss 2.7545e+00 (2.7091e+00)	Acc@1  38.54 ( 40.47)	Acc@5  67.58 ( 65.77)
Epoch: [13][550/799]	Time  8.658 ( 3.743)	Data  8.506 ( 3.492)	Loss 2.7999e+00 (2.7112e+00)	Acc@1  39.06 ( 40.42)	Acc@5  63.54 ( 65.75)
Epoch: [13][600/799]	Time  9.502 ( 3.754)	Data  9.351 ( 3.504)	Loss 2.6373e+00 (2.7127e+00)	Acc@1  39.84 ( 40.41)	Acc@5  68.88 ( 65.72)
Epoch: [13][650/799]	Time  8.747 ( 3.764)	Data  8.596 ( 3.514)	Loss 2.6874e+00 (2.7136e+00)	Acc@1  43.75 ( 40.40)	Acc@5  67.45 ( 65.70)
Epoch: [13][700/799]	Time  8.800 ( 3.761)	Data  8.650 ( 3.510)	Loss 2.8374e+00 (2.7148e+00)	Acc@1  36.85 ( 40.38)	Acc@5  63.80 ( 65.69)
Epoch: [13][750/799]	Time  8.422 ( 3.761)	Data  8.272 ( 3.511)	Loss 2.6572e+00 (2.7155e+00)	Acc@1  41.67 ( 40.39)	Acc@5  65.89 ( 65.66)
Test: [ 0/63]	Time 16.200 (16.200)	Loss 2.0184e+00 (2.0184e+00)	Acc@1  55.34 ( 55.34)	Acc@5  78.91 ( 78.91)
Test: [50/63]	Time  9.174 ( 4.784)	Loss 3.4914e+00 (2.9081e+00)	Acc@1  29.30 ( 37.64)	Acc@5  50.65 ( 62.36)
 *   Acc@1 37.472 Acc@5 62.186
Test: [ 0/63]	Time 15.727 (15.727)	Loss 2.0184e+00 (2.0184e+00)	Acc@1  55.34 ( 55.34)	Acc@5  78.91 ( 78.91)
Test: [50/63]	Time  9.188 ( 4.775)	Loss 3.4914e+00 (2.9081e+00)	Acc@1  29.30 ( 37.64)	Acc@5  50.65 ( 62.36)
 *   Acc@1 37.472 Acc@5 62.186
Epoch: [14][  0/799]	Time 19.370 (19.370)	Data 19.222 (19.222)	Loss 2.5812e+00 (2.5812e+00)	Acc@1  42.19 ( 42.19)	Acc@5  70.96 ( 70.96)
Epoch: [14][ 50/799]	Time  6.871 ( 4.763)	Data  6.716 ( 4.514)	Loss 2.6914e+00 (2.5901e+00)	Acc@1  41.80 ( 42.37)	Acc@5  65.62 ( 67.88)
Epoch: [14][100/799]	Time  4.795 ( 4.529)	Data  4.635 ( 4.329)	Loss 2.5140e+00 (2.5940e+00)	Acc@1  44.92 ( 42.36)	Acc@5  69.66 ( 67.73)
Epoch: [14][150/799]	Time  3.515 ( 4.444)	Data  3.364 ( 4.260)	Loss 2.6742e+00 (2.5998e+00)	Acc@1  40.89 ( 42.31)	Acc@5  68.23 ( 67.63)
Epoch: [14][200/799]	Time  1.574 ( 4.437)	Data  1.423 ( 4.260)	Loss 2.6800e+00 (2.5977e+00)	Acc@1  39.71 ( 42.29)	Acc@5  68.88 ( 67.69)
Epoch: [14][250/799]	Time  0.343 ( 4.413)	Data  0.000 ( 4.235)	Loss 2.5401e+00 (2.5997e+00)	Acc@1  42.32 ( 42.22)	Acc@5  68.88 ( 67.66)
Epoch: [14][300/799]	Time  0.343 ( 4.408)	Data  0.000 ( 4.218)	Loss 2.4652e+00 (2.6017e+00)	Acc@1  44.53 ( 42.17)	Acc@5  69.40 ( 67.64)
Epoch: [14][350/799]	Time  0.430 ( 4.397)	Data  0.280 ( 4.200)	Loss 2.5898e+00 (2.6042e+00)	Acc@1  43.88 ( 42.14)	Acc@5  67.32 ( 67.63)
Epoch: [14][400/799]	Time  0.345 ( 4.399)	Data  0.000 ( 4.200)	Loss 2.6540e+00 (2.6067e+00)	Acc@1  43.88 ( 42.12)	Acc@5  67.58 ( 67.58)
Epoch: [14][450/799]	Time  0.799 ( 4.405)	Data  0.647 ( 4.203)	Loss 2.7885e+00 (2.6093e+00)	Acc@1  38.93 ( 42.08)	Acc@5  63.15 ( 67.54)
Epoch: [14][500/799]	Time  0.343 ( 4.434)	Data  0.000 ( 4.230)	Loss 2.5518e+00 (2.6126e+00)	Acc@1  43.23 ( 42.04)	Acc@5  68.49 ( 67.48)
Epoch: [14][550/799]	Time  2.970 ( 4.468)	Data  2.820 ( 4.265)	Loss 2.4839e+00 (2.6126e+00)	Acc@1  43.62 ( 42.05)	Acc@5  70.05 ( 67.47)
Epoch: [14][600/799]	Time  0.460 ( 4.484)	Data  0.306 ( 4.286)	Loss 2.6533e+00 (2.6112e+00)	Acc@1  41.02 ( 42.09)	Acc@5  66.93 ( 67.50)
Epoch: [14][650/799]	Time  0.333 ( 4.505)	Data  0.000 ( 4.303)	Loss 2.6307e+00 (2.6113e+00)	Acc@1  41.15 ( 42.09)	Acc@5  66.80 ( 67.48)
Epoch: [14][700/799]	Time  0.342 ( 4.517)	Data  0.000 ( 4.313)	Loss 2.6496e+00 (2.6122e+00)	Acc@1  40.23 ( 42.07)	Acc@5  66.28 ( 67.45)
Epoch: [14][750/799]	Time  0.342 ( 4.527)	Data  0.000 ( 4.319)	Loss 2.4666e+00 (2.6111e+00)	Acc@1  46.48 ( 42.10)	Acc@5  68.88 ( 67.47)
Epoch: [14][  0/799]	Time 17.969 (17.969)	Data 17.817 (17.817)	Loss 2.5557e+00 (2.5557e+00)	Acc@1  43.10 ( 43.10)	Acc@5  69.53 ( 69.53)
Epoch: [14][ 50/799]	Time  7.863 ( 4.692)	Data  7.707 ( 3.953)	Loss 2.6752e+00 (2.5932e+00)	Acc@1  42.58 ( 42.29)	Acc@5  65.89 ( 67.72)
Epoch: [14][100/799]	Time  7.077 ( 4.489)	Data  6.927 ( 3.723)	Loss 2.5569e+00 (2.6018e+00)	Acc@1  44.14 ( 42.13)	Acc@5  69.01 ( 67.76)
Epoch: [14][150/799]	Time  5.464 ( 4.403)	Data  4.067 ( 3.412)	Loss 2.6032e+00 (2.6118e+00)	Acc@1  43.36 ( 42.02)	Acc@5  67.58 ( 67.59)
Epoch: [14][200/799]	Time  7.328 ( 4.416)	Data  2.913 ( 3.008)	Loss 2.6482e+00 (2.6105e+00)	Acc@1  41.67 ( 42.00)	Acc@5  66.54 ( 67.53)
Epoch: [14][250/799]	Time  8.512 ( 4.401)	Data  4.322 ( 2.816)	Loss 2.6469e+00 (2.6084e+00)	Acc@1  43.75 ( 42.13)	Acc@5  68.10 ( 67.58)
Epoch: [14][300/799]	Time  7.991 ( 4.397)	Data  2.528 ( 2.586)	Loss 2.5910e+00 (2.6069e+00)	Acc@1  42.19 ( 42.16)	Acc@5  67.58 ( 67.58)
Epoch: [14][350/799]	Time  8.000 ( 4.388)	Data  2.676 ( 2.399)	Loss 2.5681e+00 (2.6095e+00)	Acc@1  42.58 ( 42.14)	Acc@5  67.32 ( 67.50)
Epoch: [14][400/799]	Time  9.677 ( 4.391)	Data  1.654 ( 2.261)	Loss 2.5986e+00 (2.6100e+00)	Acc@1  42.32 ( 42.16)	Acc@5  66.02 ( 67.49)
Epoch: [14][450/799]	Time  7.743 ( 4.397)	Data  1.848 ( 2.088)	Loss 2.8611e+00 (2.6123e+00)	Acc@1  37.89 ( 42.13)	Acc@5  61.98 ( 67.46)
Epoch: [14][500/799]	Time  8.980 ( 4.428)	Data  0.000 ( 1.928)	Loss 2.7055e+00 (2.6140e+00)	Acc@1  40.23 ( 42.11)	Acc@5  65.36 ( 67.41)
Epoch: [14][550/799]	Time  5.829 ( 4.458)	Data  0.000 ( 1.753)	Loss 2.6755e+00 (2.6148e+00)	Acc@1  38.54 ( 42.10)	Acc@5  65.23 ( 67.40)
Epoch: [14][600/799]	Time  8.955 ( 4.479)	Data  0.000 ( 1.612)	Loss 2.6850e+00 (2.6153e+00)	Acc@1  39.45 ( 42.08)	Acc@5  66.54 ( 67.39)
Epoch: [14][650/799]	Time  8.971 ( 4.500)	Data  0.000 ( 1.489)	Loss 2.6586e+00 (2.6140e+00)	Acc@1  41.80 ( 42.08)	Acc@5  65.89 ( 67.42)
Epoch: [14][700/799]	Time  8.597 ( 4.513)	Data  0.000 ( 1.384)	Loss 2.5560e+00 (2.6159e+00)	Acc@1  42.84 ( 42.05)	Acc@5  68.75 ( 67.39)
Epoch: [14][750/799]	Time  8.736 ( 4.523)	Data  0.000 ( 1.294)	Loss 2.6749e+00 (2.6145e+00)	Acc@1  41.02 ( 42.09)	Acc@5  66.67 ( 67.41)
Test: [ 0/63]	Time 13.811 (13.811)	Loss 1.8465e+00 (1.8465e+00)	Acc@1  57.03 ( 57.03)	Acc@5  80.34 ( 80.34)
Test: [50/63]	Time  7.503 ( 4.090)	Loss 3.4837e+00 (2.8721e+00)	Acc@1  28.12 ( 38.66)	Acc@5  52.08 ( 63.33)
 *   Acc@1 38.656 Acc@5 63.286
Test: [ 0/63]	Time 13.819 (13.819)	Loss 1.8465e+00 (1.8465e+00)	Acc@1  57.03 ( 57.03)	Acc@5  80.34 ( 80.34)
Test: [50/63]	Time  7.716 ( 4.092)	Loss 3.4837e+00 (2.8721e+00)	Acc@1  28.12 ( 38.66)	Acc@5  52.08 ( 63.33)
 *   Acc@1 38.656 Acc@5 63.286
Epoch: [15][  0/799]	Time 16.032 (16.032)	Data 15.878 (15.878)	Loss 2.3944e+00 (2.3944e+00)	Acc@1  45.18 ( 45.18)	Acc@5  72.53 ( 72.53)
Epoch: [15][ 50/799]	Time  4.905 ( 4.041)	Data  4.755 ( 3.880)	Loss 2.6395e+00 (2.4837e+00)	Acc@1  40.49 ( 44.01)	Acc@5  69.40 ( 69.74)
Epoch: [15][100/799]	Time  1.299 ( 3.924)	Data  1.150 ( 3.763)	Loss 2.5291e+00 (2.4824e+00)	Acc@1  41.54 ( 44.15)	Acc@5  68.62 ( 69.70)
Epoch: [15][150/799]	Time  1.360 ( 3.967)	Data  0.000 ( 3.755)	Loss 2.4004e+00 (2.4838e+00)	Acc@1  45.44 ( 44.16)	Acc@5  70.57 ( 69.62)
Epoch: [15][200/799]	Time  0.339 ( 3.991)	Data  0.000 ( 3.691)	Loss 2.5374e+00 (2.4893e+00)	Acc@1  42.06 ( 44.09)	Acc@5  70.05 ( 69.59)
Epoch: [15][250/799]	Time  2.704 ( 3.971)	Data  0.000 ( 3.578)	Loss 2.4442e+00 (2.4905e+00)	Acc@1  45.05 ( 44.04)	Acc@5  70.96 ( 69.53)
Epoch: [15][300/799]	Time  0.690 ( 3.941)	Data  0.000 ( 3.502)	Loss 2.4958e+00 (2.4919e+00)	Acc@1  44.27 ( 44.00)	Acc@5  71.09 ( 69.55)
Epoch: [15][350/799]	Time  0.421 ( 3.942)	Data  0.000 ( 3.518)	Loss 2.6008e+00 (2.4970e+00)	Acc@1  42.45 ( 43.92)	Acc@5  68.36 ( 69.46)
Epoch: [15][400/799]	Time  0.395 ( 3.940)	Data  0.000 ( 3.520)	Loss 2.4345e+00 (2.4981e+00)	Acc@1  45.70 ( 43.90)	Acc@5  71.09 ( 69.44)
Epoch: [15][450/799]	Time  0.342 ( 3.948)	Data  0.000 ( 3.545)	Loss 2.5606e+00 (2.5030e+00)	Acc@1  42.58 ( 43.81)	Acc@5  68.10 ( 69.34)
Epoch: [15][500/799]	Time  0.342 ( 3.989)	Data  0.000 ( 3.601)	Loss 2.6689e+00 (2.5051e+00)	Acc@1  41.54 ( 43.77)	Acc@5  65.23 ( 69.30)
Epoch: [15][550/799]	Time  0.343 ( 4.024)	Data  0.000 ( 3.648)	Loss 2.7730e+00 (2.5067e+00)	Acc@1  37.50 ( 43.73)	Acc@5  65.76 ( 69.27)
Epoch: [15][600/799]	Time  2.337 ( 4.017)	Data  0.000 ( 3.614)	Loss 2.6043e+00 (2.5086e+00)	Acc@1  41.41 ( 43.68)	Acc@5  66.67 ( 69.24)
Epoch: [15][650/799]	Time  1.688 ( 4.015)	Data  0.000 ( 3.575)	Loss 2.4699e+00 (2.5093e+00)	Acc@1  43.62 ( 43.68)	Acc@5  68.88 ( 69.24)
Epoch: [15][700/799]	Time  0.609 ( 4.000)	Data  0.000 ( 3.555)	Loss 2.3015e+00 (2.5106e+00)	Acc@1  47.66 ( 43.68)	Acc@5  71.35 ( 69.21)
Epoch: [15][750/799]	Time  0.344 ( 3.989)	Data  0.000 ( 3.539)	Loss 2.4809e+00 (2.5115e+00)	Acc@1  46.48 ( 43.70)	Acc@5  70.44 ( 69.20)
Epoch: [15][  0/799]	Time 18.240 (18.240)	Data 18.091 (18.091)	Loss 2.4111e+00 (2.4111e+00)	Acc@1  47.53 ( 47.53)	Acc@5  71.22 ( 71.22)
Epoch: [15][ 50/799]	Time  5.783 ( 4.134)	Data  5.633 ( 3.960)	Loss 2.3983e+00 (2.4622e+00)	Acc@1  48.83 ( 44.51)	Acc@5  71.22 ( 69.98)
Epoch: [15][100/799]	Time  2.897 ( 3.960)	Data  2.747 ( 3.795)	Loss 2.5921e+00 (2.4874e+00)	Acc@1  41.28 ( 44.21)	Acc@5  68.23 ( 69.64)
Epoch: [15][150/799]	Time  0.348 ( 3.987)	Data  0.000 ( 3.711)	Loss 2.4880e+00 (2.4852e+00)	Acc@1  43.49 ( 44.29)	Acc@5  69.27 ( 69.72)
Epoch: [15][200/799]	Time  0.602 ( 4.006)	Data  0.000 ( 3.722)	Loss 2.4959e+00 (2.4898e+00)	Acc@1  44.01 ( 44.16)	Acc@5  68.62 ( 69.70)
Epoch: [15][250/799]	Time  0.342 ( 3.982)	Data  0.000 ( 3.682)	Loss 2.5254e+00 (2.4998e+00)	Acc@1  44.01 ( 44.07)	Acc@5  67.45 ( 69.50)
Epoch: [15][300/799]	Time  0.342 ( 3.951)	Data  0.000 ( 3.657)	Loss 2.5101e+00 (2.5058e+00)	Acc@1  44.92 ( 43.94)	Acc@5  67.71 ( 69.38)
Epoch: [15][350/799]	Time  0.705 ( 3.950)	Data  0.000 ( 3.612)	Loss 2.5951e+00 (2.5061e+00)	Acc@1  44.53 ( 43.93)	Acc@5  66.80 ( 69.34)
Epoch: [15][400/799]	Time  0.342 ( 3.947)	Data  0.000 ( 3.601)	Loss 2.4838e+00 (2.5082e+00)	Acc@1  43.36 ( 43.88)	Acc@5  69.79 ( 69.26)
Epoch: [15][450/799]	Time  2.742 ( 3.954)	Data  0.000 ( 3.516)	Loss 2.4153e+00 (2.5089e+00)	Acc@1  43.75 ( 43.84)	Acc@5  70.70 ( 69.23)
Epoch: [15][500/799]	Time  7.924 ( 3.995)	Data  0.000 ( 3.330)	Loss 2.4325e+00 (2.5102e+00)	Acc@1  44.53 ( 43.80)	Acc@5  70.57 ( 69.20)
Epoch: [15][550/799]	Time  2.556 ( 4.029)	Data  0.000 ( 3.124)	Loss 2.4404e+00 (2.5098e+00)	Acc@1  44.79 ( 43.80)	Acc@5  70.18 ( 69.19)
Epoch: [15][600/799]	Time  0.347 ( 4.022)	Data  0.000 ( 3.160)	Loss 2.4473e+00 (2.5131e+00)	Acc@1  43.36 ( 43.76)	Acc@5  69.66 ( 69.14)
Epoch: [15][650/799]	Time  0.342 ( 4.020)	Data  0.000 ( 3.204)	Loss 2.4653e+00 (2.5136e+00)	Acc@1  45.44 ( 43.76)	Acc@5  70.44 ( 69.11)
Epoch: [15][700/799]	Time  0.343 ( 4.004)	Data  0.000 ( 3.225)	Loss 2.6511e+00 (2.5163e+00)	Acc@1  41.80 ( 43.72)	Acc@5  67.06 ( 69.07)
Epoch: [15][750/799]	Time  0.659 ( 3.993)	Data  0.000 ( 3.242)	Loss 2.6660e+00 (2.5173e+00)	Acc@1  41.15 ( 43.73)	Acc@5  66.02 ( 69.06)
Test: [ 0/63]	Time 13.017 (13.017)	Loss 1.8877e+00 (1.8877e+00)	Acc@1  55.86 ( 55.86)	Acc@5  80.99 ( 80.99)
Test: [50/63]	Time  7.437 ( 3.898)	Loss 3.3324e+00 (2.8258e+00)	Acc@1  29.30 ( 39.40)	Acc@5  54.82 ( 64.08)
 *   Acc@1 39.478 Acc@5 64.121
Test: [ 0/63]	Time 13.094 (13.094)	Loss 1.8877e+00 (1.8877e+00)	Acc@1  55.86 ( 55.86)	Acc@5  80.99 ( 80.99)
Test: [50/63]	Time  7.462 ( 3.898)	Loss 3.3324e+00 (2.8258e+00)	Acc@1  29.30 ( 39.40)	Acc@5  54.82 ( 64.08)
 *   Acc@1 39.478 Acc@5 64.121
Epoch: [16][  0/799]	Time 17.257 (17.257)	Data 17.100 (17.100)	Loss 2.3066e+00 (2.3066e+00)	Acc@1  47.27 ( 47.27)	Acc@5  72.92 ( 72.92)
Epoch: [16][ 50/799]	Time  6.163 ( 4.063)	Data  5.998 ( 3.522)	Loss 2.3357e+00 (2.3710e+00)	Acc@1  47.79 ( 46.40)	Acc@5  70.96 ( 71.36)
Epoch: [16][100/799]	Time  7.585 ( 3.999)	Data  7.434 ( 3.538)	Loss 2.4950e+00 (2.3787e+00)	Acc@1  44.01 ( 46.01)	Acc@5  69.79 ( 71.35)
Epoch: [16][150/799]	Time  7.370 ( 3.957)	Data  7.220 ( 3.566)	Loss 2.3830e+00 (2.3819e+00)	Acc@1  47.53 ( 46.01)	Acc@5  69.92 ( 71.34)
Epoch: [16][200/799]	Time  7.788 ( 3.949)	Data  7.638 ( 3.589)	Loss 2.3954e+00 (2.3820e+00)	Acc@1  46.61 ( 45.99)	Acc@5  70.31 ( 71.33)
Epoch: [16][250/799]	Time  7.858 ( 3.961)	Data  7.701 ( 3.624)	Loss 2.4160e+00 (2.3871e+00)	Acc@1  46.88 ( 45.96)	Acc@5  70.57 ( 71.26)
Epoch: [16][300/799]	Time  7.043 ( 3.945)	Data  6.892 ( 3.623)	Loss 2.4396e+00 (2.3948e+00)	Acc@1  45.83 ( 45.84)	Acc@5  70.05 ( 71.13)
Epoch: [16][350/799]	Time  7.376 ( 3.943)	Data  7.226 ( 3.639)	Loss 2.3552e+00 (2.3991e+00)	Acc@1  45.70 ( 45.76)	Acc@5  72.01 ( 71.05)
Epoch: [16][400/799]	Time  4.990 ( 3.917)	Data  4.841 ( 3.630)	Loss 2.3377e+00 (2.4013e+00)	Acc@1  48.70 ( 45.70)	Acc@5  72.14 ( 71.02)
Epoch: [16][450/799]	Time  0.343 ( 3.912)	Data  0.000 ( 3.637)	Loss 2.3826e+00 (2.4036e+00)	Acc@1  45.44 ( 45.68)	Acc@5  72.01 ( 71.00)
Epoch: [16][500/799]	Time  0.346 ( 3.935)	Data  0.000 ( 3.662)	Loss 2.4519e+00 (2.4081e+00)	Acc@1  44.40 ( 45.61)	Acc@5  69.66 ( 70.94)
Epoch: [16][550/799]	Time  0.342 ( 3.966)	Data  0.000 ( 3.695)	Loss 2.5100e+00 (2.4125e+00)	Acc@1  43.75 ( 45.52)	Acc@5  68.36 ( 70.87)
Epoch: [16][600/799]	Time  0.347 ( 4.000)	Data  0.000 ( 3.731)	Loss 2.5138e+00 (2.4146e+00)	Acc@1  45.70 ( 45.50)	Acc@5  69.14 ( 70.83)
Epoch: [16][650/799]	Time  1.634 ( 3.996)	Data  1.484 ( 3.733)	Loss 2.5247e+00 (2.4185e+00)	Acc@1  42.71 ( 45.43)	Acc@5  67.58 ( 70.78)
Epoch: [16][700/799]	Time  0.501 ( 3.975)	Data  0.350 ( 3.718)	Loss 2.4291e+00 (2.4191e+00)	Acc@1  47.92 ( 45.43)	Acc@5  71.35 ( 70.76)
Epoch: [16][750/799]	Time  1.404 ( 3.968)	Data  1.253 ( 3.717)	Loss 2.4855e+00 (2.4207e+00)	Acc@1  44.66 ( 45.41)	Acc@5  67.84 ( 70.71)
Epoch: [16][  0/799]	Time 16.260 (16.260)	Data 16.101 (16.101)	Loss 2.3513e+00 (2.3513e+00)	Acc@1  46.88 ( 46.88)	Acc@5  73.18 ( 73.18)
Epoch: [16][ 50/799]	Time  7.897 ( 4.044)	Data  7.747 ( 3.811)	Loss 2.3556e+00 (2.3752e+00)	Acc@1  46.22 ( 46.31)	Acc@5  72.66 ( 71.49)
Epoch: [16][100/799]	Time  6.770 ( 3.964)	Data  6.620 ( 3.662)	Loss 2.3540e+00 (2.3863e+00)	Acc@1  44.40 ( 46.06)	Acc@5  71.35 ( 71.24)
Epoch: [16][150/799]	Time  6.565 ( 3.937)	Data  6.411 ( 3.568)	Loss 2.5412e+00 (2.3918e+00)	Acc@1  43.10 ( 45.84)	Acc@5  68.49 ( 71.14)
Epoch: [16][200/799]	Time  4.421 ( 3.919)	Data  4.271 ( 3.513)	Loss 2.5027e+00 (2.3975e+00)	Acc@1  43.49 ( 45.80)	Acc@5  69.53 ( 71.06)
Epoch: [16][250/799]	Time  5.860 ( 3.943)	Data  5.705 ( 3.383)	Loss 2.4335e+00 (2.4069e+00)	Acc@1  44.53 ( 45.67)	Acc@5  71.61 ( 70.92)
Epoch: [16][300/799]	Time  6.548 ( 3.934)	Data  6.394 ( 3.370)	Loss 2.3120e+00 (2.4122e+00)	Acc@1  47.79 ( 45.58)	Acc@5  72.40 ( 70.82)
Epoch: [16][350/799]	Time  6.519 ( 3.933)	Data  6.368 ( 3.344)	Loss 2.4269e+00 (2.4161e+00)	Acc@1  45.31 ( 45.49)	Acc@5  70.96 ( 70.74)
Epoch: [16][400/799]	Time  4.904 ( 3.902)	Data  4.748 ( 3.313)	Loss 2.4115e+00 (2.4185e+00)	Acc@1  46.74 ( 45.48)	Acc@5  68.75 ( 70.71)
Epoch: [16][450/799]	Time  7.975 ( 3.906)	Data  3.875 ( 3.235)	Loss 2.3486e+00 (2.4199e+00)	Acc@1  46.09 ( 45.45)	Acc@5  73.05 ( 70.69)
Epoch: [16][500/799]	Time  7.716 ( 3.930)	Data  4.040 ( 3.089)	Loss 2.3572e+00 (2.4199e+00)	Acc@1  47.14 ( 45.42)	Acc@5  71.61 ( 70.70)
Epoch: [16][550/799]	Time  8.336 ( 3.961)	Data  2.804 ( 2.965)	Loss 2.5463e+00 (2.4204e+00)	Acc@1  43.36 ( 45.37)	Acc@5  70.44 ( 70.70)
Epoch: [16][600/799]	Time  7.785 ( 3.995)	Data  3.571 ( 2.812)	Loss 2.4356e+00 (2.4212e+00)	Acc@1  43.23 ( 45.35)	Acc@5  70.70 ( 70.67)
Epoch: [16][650/799]	Time  6.173 ( 3.990)	Data  5.376 ( 2.784)	Loss 2.5076e+00 (2.4230e+00)	Acc@1  42.32 ( 45.30)	Acc@5  68.75 ( 70.65)
Epoch: [16][700/799]	Time  6.711 ( 3.971)	Data  6.524 ( 2.813)	Loss 2.3672e+00 (2.4239e+00)	Acc@1  46.35 ( 45.28)	Acc@5  70.57 ( 70.62)
Epoch: [16][750/799]	Time  6.452 ( 3.963)	Data  5.130 ( 2.821)	Loss 2.3381e+00 (2.4259e+00)	Acc@1  45.70 ( 45.25)	Acc@5  71.61 ( 70.59)
Test: [ 0/63]	Time 14.410 (14.410)	Loss 1.7849e+00 (1.7849e+00)	Acc@1  58.85 ( 58.85)	Acc@5  82.16 ( 82.16)
Test: [50/63]	Time  7.992 ( 4.167)	Loss 3.3733e+00 (2.8061e+00)	Acc@1  30.08 ( 40.11)	Acc@5  53.65 ( 64.89)
 *   Acc@1 39.825 Acc@5 64.453
Test: [ 0/63]	Time 14.635 (14.635)	Loss 1.7849e+00 (1.7849e+00)	Acc@1  58.85 ( 58.85)	Acc@5  82.16 ( 82.16)
Test: [50/63]	Time  7.996 ( 4.167)	Loss 3.3733e+00 (2.8061e+00)	Acc@1  30.08 ( 40.11)	Acc@5  53.65 ( 64.89)
 *   Acc@1 39.825 Acc@5 64.453
Epoch: [17][  0/799]	Time 16.761 (16.761)	Data 16.607 (16.607)	Loss 2.2231e+00 (2.2231e+00)	Acc@1  49.87 ( 49.87)	Acc@5  74.22 ( 74.22)
Epoch: [17][ 50/799]	Time  0.504 ( 4.329)	Data  0.347 ( 4.177)	Loss 2.4286e+00 (2.2688e+00)	Acc@1  46.35 ( 48.04)	Acc@5  70.96 ( 73.35)
Epoch: [17][100/799]	Time  0.338 ( 4.276)	Data  0.000 ( 4.090)	Loss 2.2982e+00 (2.2754e+00)	Acc@1  47.01 ( 47.90)	Acc@5  74.22 ( 73.06)
Epoch: [17][150/799]	Time  0.659 ( 4.230)	Data  0.508 ( 4.039)	Loss 2.4439e+00 (2.2876e+00)	Acc@1  44.79 ( 47.52)	Acc@5  69.92 ( 72.97)
Epoch: [17][200/799]	Time  0.832 ( 4.205)	Data  0.681 ( 4.008)	Loss 2.2393e+00 (2.2935e+00)	Acc@1  47.79 ( 47.51)	Acc@5  73.57 ( 72.81)
Epoch: [17][250/799]	Time  0.343 ( 4.167)	Data  0.000 ( 3.964)	Loss 2.4055e+00 (2.2971e+00)	Acc@1  47.53 ( 47.42)	Acc@5  72.14 ( 72.71)
Epoch: [17][300/799]	Time  0.343 ( 4.122)	Data  0.000 ( 3.913)	Loss 2.2747e+00 (2.3019e+00)	Acc@1  49.61 ( 47.31)	Acc@5  71.35 ( 72.61)
Epoch: [17][350/799]	Time  0.348 ( 4.106)	Data  0.000 ( 3.892)	Loss 2.2434e+00 (2.3068e+00)	Acc@1  48.57 ( 47.25)	Acc@5  73.96 ( 72.53)
Epoch: [17][400/799]	Time  0.345 ( 4.106)	Data  0.000 ( 3.887)	Loss 2.4557e+00 (2.3116e+00)	Acc@1  44.53 ( 47.16)	Acc@5  70.70 ( 72.45)
Epoch: [17][450/799]	Time  0.344 ( 4.101)	Data  0.000 ( 3.879)	Loss 2.4593e+00 (2.3169e+00)	Acc@1  45.57 ( 47.10)	Acc@5  69.79 ( 72.37)
Epoch: [17][500/799]	Time  0.342 ( 4.120)	Data  0.000 ( 3.896)	Loss 2.3758e+00 (2.3209e+00)	Acc@1  47.27 ( 47.04)	Acc@5  71.35 ( 72.31)
Epoch: [17][550/799]	Time  0.338 ( 4.158)	Data  0.000 ( 3.931)	Loss 2.2318e+00 (2.3226e+00)	Acc@1  49.74 ( 47.00)	Acc@5  72.79 ( 72.32)
Epoch: [17][600/799]	Time  0.367 ( 4.208)	Data  0.000 ( 3.979)	Loss 2.4497e+00 (2.3252e+00)	Acc@1  46.22 ( 46.93)	Acc@5  71.22 ( 72.29)
Epoch: [17][650/799]	Time  0.349 ( 4.252)	Data  0.000 ( 4.021)	Loss 2.5171e+00 (2.3267e+00)	Acc@1  44.27 ( 46.88)	Acc@5  69.40 ( 72.26)
Epoch: [17][700/799]	Time  0.454 ( 4.286)	Data  0.000 ( 4.054)	Loss 2.3951e+00 (2.3310e+00)	Acc@1  46.09 ( 46.82)	Acc@5  71.09 ( 72.19)
Epoch: [17][750/799]	Time  0.373 ( 4.313)	Data  0.000 ( 4.078)	Loss 2.3606e+00 (2.3329e+00)	Acc@1  46.88 ( 46.77)	Acc@5  73.57 ( 72.17)
Epoch: [17][  0/799]	Time 19.406 (19.406)	Data 19.258 (19.258)	Loss 2.3711e+00 (2.3711e+00)	Acc@1  44.66 ( 44.66)	Acc@5  70.83 ( 70.83)
Epoch: [17][ 50/799]	Time  8.150 ( 4.406)	Data  8.000 ( 4.151)	Loss 2.2769e+00 (2.2717e+00)	Acc@1  48.31 ( 47.65)	Acc@5  74.09 ( 72.90)
Epoch: [17][100/799]	Time  8.932 ( 4.307)	Data  6.877 ( 3.878)	Loss 2.3299e+00 (2.2782e+00)	Acc@1  47.66 ( 47.59)	Acc@5  72.14 ( 72.92)
Epoch: [17][150/799]	Time  7.493 ( 4.250)	Data  7.341 ( 3.781)	Loss 2.1876e+00 (2.2796e+00)	Acc@1  50.00 ( 47.61)	Acc@5  74.35 ( 72.91)
Epoch: [17][200/799]	Time  7.207 ( 4.219)	Data  7.056 ( 3.758)	Loss 2.2763e+00 (2.2915e+00)	Acc@1  48.05 ( 47.41)	Acc@5  72.53 ( 72.80)
Epoch: [17][250/799]	Time  7.321 ( 4.179)	Data  5.936 ( 3.689)	Loss 2.2496e+00 (2.2997e+00)	Acc@1  45.18 ( 47.31)	Acc@5  73.96 ( 72.71)
Epoch: [17][300/799]	Time  7.410 ( 4.132)	Data  5.342 ( 3.603)	Loss 2.1320e+00 (2.3089e+00)	Acc@1  48.57 ( 47.19)	Acc@5  75.78 ( 72.54)
Epoch: [17][350/799]	Time  7.644 ( 4.115)	Data  4.463 ( 3.403)	Loss 2.4138e+00 (2.3124e+00)	Acc@1  45.31 ( 47.15)	Acc@5  69.66 ( 72.49)
Epoch: [17][400/799]	Time  7.746 ( 4.114)	Data  4.783 ( 3.243)	Loss 2.3120e+00 (2.3172e+00)	Acc@1  44.27 ( 47.06)	Acc@5  72.79 ( 72.43)
Epoch: [17][450/799]	Time  7.525 ( 4.108)	Data  3.389 ( 3.118)	Loss 2.3985e+00 (2.3176e+00)	Acc@1  44.40 ( 47.04)	Acc@5  69.79 ( 72.41)
Epoch: [17][500/799]	Time  8.551 ( 4.126)	Data  2.511 ( 2.958)	Loss 2.3333e+00 (2.3231e+00)	Acc@1  45.57 ( 46.95)	Acc@5  71.61 ( 72.32)
Epoch: [17][550/799]	Time  8.842 ( 4.163)	Data  0.853 ( 2.754)	Loss 2.3761e+00 (2.3259e+00)	Acc@1  47.01 ( 46.91)	Acc@5  71.09 ( 72.28)
Epoch: [17][600/799]	Time  8.586 ( 4.213)	Data  0.000 ( 2.527)	Loss 2.4930e+00 (2.3301e+00)	Acc@1  43.10 ( 46.86)	Acc@5  70.05 ( 72.21)
Epoch: [17][650/799]	Time  9.453 ( 4.257)	Data  0.000 ( 2.334)	Loss 2.1488e+00 (2.3332e+00)	Acc@1  50.78 ( 46.80)	Acc@5  75.26 ( 72.16)
Epoch: [17][700/799]	Time  8.126 ( 4.291)	Data  0.000 ( 2.167)	Loss 2.4466e+00 (2.3351e+00)	Acc@1  44.53 ( 46.77)	Acc@5  69.27 ( 72.14)
Epoch: [17][750/799]	Time  8.874 ( 4.317)	Data  0.000 ( 2.031)	Loss 2.2504e+00 (2.3368e+00)	Acc@1  47.01 ( 46.72)	Acc@5  74.74 ( 72.11)
Test: [ 0/63]	Time 22.352 (22.352)	Loss 1.8420e+00 (1.8420e+00)	Acc@1  58.59 ( 58.59)	Acc@5  81.38 ( 81.38)
Test: [50/63]	Time 15.341 ( 8.875)	Loss 3.3702e+00 (2.7882e+00)	Acc@1  29.82 ( 40.30)	Acc@5  55.60 ( 65.10)
 *   Acc@1 40.232 Acc@5 64.935
Test: [ 0/63]	Time 22.360 (22.360)	Loss 1.8420e+00 (1.8420e+00)	Acc@1  58.59 ( 58.59)	Acc@5  81.38 ( 81.38)
Test: [50/63]	Time 15.339 ( 8.875)	Loss 3.3702e+00 (2.7882e+00)	Acc@1  29.82 ( 40.30)	Acc@5  55.60 ( 65.10)
 *   Acc@1 40.232 Acc@5 64.935
