Use GPU: 0 for training
=> creating model 'alexnet'
=> loading checkpoint '/home/junzhin/Project/Summer_project/code/version1.0/pretrained_model_results/AlEX_office31masked1checkpoint.pth.tar'
=> loaded checkpoint '/home/junzhin/Project/Summer_project/code/version1.0/pretrained_model_results/AlEX_office31masked1checkpoint.pth.tar' (epoch 46)
----------------------------------------
training directory:/data/gpfs/datasets/Imagenet/train_blurred

validating directory:/data/gpfs/datasets/Imagenet/val_blurred

----------------------------------------
Dataset ImageFolder
    Number of datapoints: 1281066
    Root location: /data/gpfs/datasets/Imagenet/train_blurred
    StandardTransform
Transform: Compose(
               Resize(size=256, interpolation=bilinear, max_size=None, antialias=None)
               CenterCrop(size=(224, 224))
               ToTensor()
               Normalize(mean=[0.485, 0.456, 0.406], std=[0.229, 0.224, 0.225])
           )
----------------------------------------
Dataset ImageFolder
    Number of datapoints: 49997
    Root location: /data/gpfs/datasets/Imagenet/val_blurred
    StandardTransform
Transform: Compose(
               Resize(size=256, interpolation=bilinear, max_size=None, antialias=None)
               CenterCrop(size=(224, 224))
               ToTensor()
               Normalize(mean=[0.485, 0.456, 0.406], std=[0.229, 0.224, 0.225])
           )
----------------------------------------
           0                 1
0  n03180011  desktop_computer
1  n04004767           printer
2  n03782006           monitor
3  n02870880          bookcase
4  n03793489             mouse
5  n04009552         projector
[527, 742, 664, 453, 673, 745]
----------------------------------------
1273267
49697
Use GPU: 1 for training
=> creating model 'alexnet'
=> loading checkpoint '/home/junzhin/Project/Summer_project/code/version1.0/pretrained_model_results/AlEX_office31masked1checkpoint.pth.tar'
=> loaded checkpoint '/home/junzhin/Project/Summer_project/code/version1.0/pretrained_model_results/AlEX_office31masked1checkpoint.pth.tar' (epoch 46)
----------------------------------------
training directory:/data/gpfs/datasets/Imagenet/train_blurred

validating directory:/data/gpfs/datasets/Imagenet/val_blurred

----------------------------------------
Dataset ImageFolder
    Number of datapoints: 1281066
    Root location: /data/gpfs/datasets/Imagenet/train_blurred
    StandardTransform
Transform: Compose(
               Resize(size=256, interpolation=bilinear, max_size=None, antialias=None)
               CenterCrop(size=(224, 224))
               ToTensor()
               Normalize(mean=[0.485, 0.456, 0.406], std=[0.229, 0.224, 0.225])
           )
----------------------------------------
Dataset ImageFolder
    Number of datapoints: 49997
    Root location: /data/gpfs/datasets/Imagenet/val_blurred
    StandardTransform
Transform: Compose(
               Resize(size=256, interpolation=bilinear, max_size=None, antialias=None)
               CenterCrop(size=(224, 224))
               ToTensor()
               Normalize(mean=[0.485, 0.456, 0.406], std=[0.229, 0.224, 0.225])
           )
----------------------------------------
           0                 1
0  n03180011  desktop_computer
1  n04004767           printer
2  n03782006           monitor
3  n02870880          bookcase
4  n03793489             mouse
5  n04009552         projector
[527, 742, 664, 453, 673, 745]
----------------------------------------
1273267
49697
Epoch: [46][   0/4974]	Time 11.941 (11.941)	Data 10.075 (10.075)	Loss 6.3364e-01 (6.3364e-01)	Acc@1  81.25 ( 81.25)	Acc@5  96.09 ( 96.09)
Epoch: [46][ 100/4974]	Time  1.606 ( 0.748)	Data  1.570 ( 0.677)	Loss 7.2969e-01 (6.8333e-01)	Acc@1  77.34 ( 80.04)	Acc@5  96.09 ( 96.02)
Epoch: [46][ 200/4974]	Time  1.602 ( 0.705)	Data  1.562 ( 0.644)	Loss 6.6967e-01 (6.9895e-01)	Acc@1  76.56 ( 79.61)	Acc@5  97.66 ( 95.86)
Epoch: [46][ 300/4974]	Time  1.537 ( 0.700)	Data  1.506 ( 0.641)	Loss 9.1040e-01 (6.9958e-01)	Acc@1  71.09 ( 79.65)	Acc@5  96.09 ( 95.89)
Epoch: [46][ 400/4974]	Time  1.371 ( 0.698)	Data  1.340 ( 0.639)	Loss 6.0935e-01 (7.0796e-01)	Acc@1  81.25 ( 79.50)	Acc@5  97.66 ( 95.77)
Epoch: [46][ 500/4974]	Time  1.191 ( 0.687)	Data  1.160 ( 0.630)	Loss 6.5259e-01 (7.1148e-01)	Acc@1  79.69 ( 79.45)	Acc@5  96.88 ( 95.76)
Epoch: [46][ 600/4974]	Time  1.019 ( 0.685)	Data  0.888 ( 0.604)	Loss 7.3188e-01 (7.1404e-01)	Acc@1  79.69 ( 79.39)	Acc@5  96.09 ( 95.71)
Epoch: [46][ 700/4974]	Time  1.232 ( 0.686)	Data  1.195 ( 0.587)	Loss 7.0611e-01 (7.1310e-01)	Acc@1  78.12 ( 79.39)	Acc@5  93.75 ( 95.73)
Epoch: [46][ 800/4974]	Time  1.083 ( 0.687)	Data  1.052 ( 0.593)	Loss 9.3222e-01 (7.1503e-01)	Acc@1  75.78 ( 79.33)	Acc@5  92.19 ( 95.69)
Epoch: [46][ 900/4974]	Time  1.316 ( 0.687)	Data  1.285 ( 0.588)	Loss 8.3500e-01 (7.1590e-01)	Acc@1  78.12 ( 79.32)	Acc@5  96.09 ( 95.69)
Epoch: [46][1000/4974]	Time  0.089 ( 0.693)	Data  0.000 ( 0.546)	Loss 7.7740e-01 (7.1567e-01)	Acc@1  75.78 ( 79.32)	Acc@5  97.66 ( 95.69)
Epoch: [46][1100/4974]	Time  0.112 ( 0.702)	Data  0.081 ( 0.500)	Loss 6.7023e-01 (7.1797e-01)	Acc@1  78.91 ( 79.29)	Acc@5  96.88 ( 95.66)
Epoch: [46][1200/4974]	Time  0.190 ( 0.708)	Data  0.000 ( 0.461)	Loss 8.5198e-01 (7.1873e-01)	Acc@1  76.56 ( 79.28)	Acc@5  95.31 ( 95.67)
Epoch: [46][1300/4974]	Time  1.002 ( 0.710)	Data  0.971 ( 0.444)	Loss 7.2378e-01 (7.1876e-01)	Acc@1  76.56 ( 79.29)	Acc@5  97.66 ( 95.66)
Epoch: [46][1400/4974]	Time  1.429 ( 0.706)	Data  1.398 ( 0.454)	Loss 9.9702e-01 (7.1928e-01)	Acc@1  70.31 ( 79.27)	Acc@5  95.31 ( 95.67)
Epoch: [46][1500/4974]	Time  1.436 ( 0.704)	Data  0.250 ( 0.457)	Loss 7.4105e-01 (7.2052e-01)	Acc@1  74.22 ( 79.22)	Acc@5  98.44 ( 95.66)
Epoch: [46][1600/4974]	Time  1.335 ( 0.705)	Data  1.038 ( 0.443)	Loss 7.3903e-01 (7.2062e-01)	Acc@1  82.81 ( 79.22)	Acc@5  94.53 ( 95.65)
Epoch: [46][1700/4974]	Time  1.331 ( 0.702)	Data  1.275 ( 0.449)	Loss 8.5751e-01 (7.2222e-01)	Acc@1  75.78 ( 79.16)	Acc@5  93.75 ( 95.63)
Epoch: [46][1800/4974]	Time  1.206 ( 0.699)	Data  1.175 ( 0.455)	Loss 6.5057e-01 (7.2282e-01)	Acc@1  85.16 ( 79.14)	Acc@5  94.53 ( 95.63)
Epoch: [46][1900/4974]	Time  1.230 ( 0.697)	Data  1.191 ( 0.463)	Loss 7.5793e-01 (7.2328e-01)	Acc@1  75.00 ( 79.14)	Acc@5  96.88 ( 95.62)
Epoch: [46][2000/4974]	Time  0.551 ( 0.694)	Data  0.509 ( 0.469)	Loss 7.1474e-01 (7.2422e-01)	Acc@1  78.12 ( 79.13)	Acc@5  96.88 ( 95.59)
Epoch: [46][2100/4974]	Time  1.186 ( 0.693)	Data  1.145 ( 0.477)	Loss 7.5989e-01 (7.2553e-01)	Acc@1  81.25 ( 79.11)	Acc@5  95.31 ( 95.58)
Epoch: [46][2200/4974]	Time  1.382 ( 0.693)	Data  1.351 ( 0.484)	Loss 7.1628e-01 (7.2558e-01)	Acc@1  81.25 ( 79.11)	Acc@5  95.31 ( 95.59)
Epoch: [46][2300/4974]	Time  1.267 ( 0.691)	Data  1.236 ( 0.489)	Loss 9.1006e-01 (7.2631e-01)	Acc@1  71.88 ( 79.08)	Acc@5  94.53 ( 95.58)
Epoch: [46][2400/4974]	Time  1.056 ( 0.688)	Data  1.021 ( 0.491)	Loss 8.7843e-01 (7.2704e-01)	Acc@1  71.88 ( 79.05)	Acc@5  96.09 ( 95.58)
Epoch: [46][2500/4974]	Time  0.114 ( 0.690)	Data  0.049 ( 0.478)	Loss 8.4424e-01 (7.2753e-01)	Acc@1  75.00 ( 79.03)	Acc@5  94.53 ( 95.57)
Epoch: [46][2600/4974]	Time  0.080 ( 0.694)	Data  0.000 ( 0.461)	Loss 9.3033e-01 (7.2850e-01)	Acc@1  79.69 ( 79.01)	Acc@5  92.97 ( 95.56)
Epoch: [46][2700/4974]	Time  0.538 ( 0.697)	Data  0.342 ( 0.446)	Loss 7.3700e-01 (7.2877e-01)	Acc@1  78.91 ( 79.01)	Acc@5  93.75 ( 95.56)
Epoch: [46][2800/4974]	Time  0.766 ( 0.697)	Data  0.735 ( 0.445)	Loss 6.5847e-01 (7.2950e-01)	Acc@1  82.81 ( 78.99)	Acc@5  93.75 ( 95.54)
Epoch: [46][2900/4974]	Time  1.229 ( 0.697)	Data  1.192 ( 0.449)	Loss 7.1035e-01 (7.2932e-01)	Acc@1  83.59 ( 78.99)	Acc@5  96.09 ( 95.55)
Epoch: [46][3000/4974]	Time  0.732 ( 0.697)	Data  0.701 ( 0.452)	Loss 9.0049e-01 (7.2949e-01)	Acc@1  74.22 ( 78.99)	Acc@5  93.75 ( 95.54)
Epoch: [46][3100/4974]	Time  0.893 ( 0.696)	Data  0.845 ( 0.453)	Loss 7.9592e-01 (7.2960e-01)	Acc@1  78.91 ( 78.98)	Acc@5  96.09 ( 95.55)
Epoch: [46][3200/4974]	Time  0.083 ( 0.696)	Data  0.000 ( 0.454)	Loss 7.8412e-01 (7.3002e-01)	Acc@1  72.66 ( 78.97)	Acc@5  95.31 ( 95.54)
Epoch: [46][3300/4974]	Time  0.088 ( 0.697)	Data  0.000 ( 0.450)	Loss 7.1726e-01 (7.3083e-01)	Acc@1  75.00 ( 78.95)	Acc@5  96.88 ( 95.53)
Epoch: [46][3400/4974]	Time  0.081 ( 0.696)	Data  0.000 ( 0.453)	Loss 5.7232e-01 (7.3081e-01)	Acc@1  85.16 ( 78.94)	Acc@5  97.66 ( 95.54)
Epoch: [46][3500/4974]	Time  0.423 ( 0.697)	Data  0.392 ( 0.449)	Loss 8.6949e-01 (7.3130e-01)	Acc@1  73.44 ( 78.93)	Acc@5  94.53 ( 95.53)
Epoch: [46][3600/4974]	Time  1.124 ( 0.696)	Data  1.086 ( 0.452)	Loss 6.6297e-01 (7.3195e-01)	Acc@1  83.59 ( 78.91)	Acc@5  96.09 ( 95.53)
Epoch: [46][3700/4974]	Time  0.867 ( 0.696)	Data  0.835 ( 0.452)	Loss 7.2293e-01 (7.3274e-01)	Acc@1  79.69 ( 78.90)	Acc@5  96.09 ( 95.52)
Epoch: [46][3800/4974]	Time  0.537 ( 0.695)	Data  0.497 ( 0.455)	Loss 7.9925e-01 (7.3303e-01)	Acc@1  75.78 ( 78.88)	Acc@5  94.53 ( 95.51)
Epoch: [46][3900/4974]	Time  0.080 ( 0.695)	Data  0.000 ( 0.456)	Loss 8.8622e-01 (7.3351e-01)	Acc@1  75.78 ( 78.88)	Acc@5  91.41 ( 95.50)
Epoch: [46][4000/4974]	Time  0.257 ( 0.697)	Data  0.220 ( 0.448)	Loss 6.8155e-01 (7.3335e-01)	Acc@1  82.81 ( 78.89)	Acc@5  96.88 ( 95.50)
Epoch: [46][4100/4974]	Time  0.083 ( 0.697)	Data  0.000 ( 0.447)	Loss 8.2128e-01 (7.3299e-01)	Acc@1  75.00 ( 78.90)	Acc@5  95.31 ( 95.50)
Epoch: [46][4200/4974]	Time  0.084 ( 0.696)	Data  0.000 ( 0.450)	Loss 7.8858e-01 (7.3314e-01)	Acc@1  78.12 ( 78.90)	Acc@5  94.53 ( 95.50)
Epoch: [46][4300/4974]	Time  0.379 ( 0.695)	Data  0.347 ( 0.450)	Loss 6.3060e-01 (7.3316e-01)	Acc@1  79.69 ( 78.89)	Acc@5  96.88 ( 95.51)
Epoch: [46][4400/4974]	Time  0.079 ( 0.694)	Data  0.000 ( 0.454)	Loss 8.6949e-01 (7.3363e-01)	Acc@1  74.22 ( 78.87)	Acc@5  93.75 ( 95.50)
Epoch: [46][4500/4974]	Time  0.081 ( 0.694)	Data  0.000 ( 0.456)	Loss 6.9612e-01 (7.3421e-01)	Acc@1  79.69 ( 78.86)	Acc@5  95.31 ( 95.49)
Epoch: [46][4600/4974]	Time  0.092 ( 0.693)	Data  0.000 ( 0.458)	Loss 7.8988e-01 (7.3440e-01)	Acc@1  76.56 ( 78.84)	Acc@5  96.09 ( 95.50)
Epoch: [46][4700/4974]	Time  0.079 ( 0.692)	Data  0.000 ( 0.461)	Loss 7.3291e-01 (7.3464e-01)	Acc@1  77.34 ( 78.84)	Acc@5  95.31 ( 95.49)
Epoch: [46][4800/4974]	Time  0.080 ( 0.692)	Data  0.000 ( 0.464)	Loss 7.1248e-01 (7.3484e-01)	Acc@1  80.47 ( 78.83)	Acc@5  95.31 ( 95.49)
Epoch: [46][4900/4974]	Time  0.081 ( 0.691)	Data  0.000 ( 0.467)	Loss 6.2269e-01 (7.3500e-01)	Acc@1  82.03 ( 78.83)	Acc@5  96.88 ( 95.49)
Epoch: [46][   0/4974]	Time 11.937 (11.937)	Data 10.107 (10.107)	Loss 7.7536e-01 (7.7536e-01)	Acc@1  75.78 ( 75.78)	Acc@5  95.31 ( 95.31)
Epoch: [46][ 100/4974]	Time  0.080 ( 0.734)	Data  0.000 ( 0.667)	Loss 7.0826e-01 (7.2125e-01)	Acc@1  77.34 ( 79.36)	Acc@5  97.66 ( 95.53)
Epoch: [46][ 200/4974]	Time  0.080 ( 0.698)	Data  0.000 ( 0.615)	Loss 5.9942e-01 (7.1065e-01)	Acc@1  83.59 ( 79.45)	Acc@5  96.09 ( 95.72)
Epoch: [46][ 300/4974]	Time  0.081 ( 0.695)	Data  0.000 ( 0.564)	Loss 5.3441e-01 (7.0640e-01)	Acc@1  83.59 ( 79.70)	Acc@5  96.88 ( 95.73)
Epoch: [46][ 400/4974]	Time  0.328 ( 0.695)	Data  0.297 ( 0.526)	Loss 8.0366e-01 (7.0495e-01)	Acc@1  77.34 ( 79.74)	Acc@5  96.88 ( 95.75)
Epoch: [46][ 500/4974]	Time  0.081 ( 0.686)	Data  0.000 ( 0.539)	Loss 6.2113e-01 (7.0789e-01)	Acc@1  81.25 ( 79.66)	Acc@5  96.88 ( 95.76)
Epoch: [46][ 600/4974]	Time  0.080 ( 0.685)	Data  0.000 ( 0.554)	Loss 6.0956e-01 (7.0744e-01)	Acc@1  83.59 ( 79.62)	Acc@5  96.88 ( 95.76)
Epoch: [46][ 700/4974]	Time  0.208 ( 0.684)	Data  0.173 ( 0.563)	Loss 6.5236e-01 (7.1079e-01)	Acc@1  82.03 ( 79.53)	Acc@5  94.53 ( 95.72)
Epoch: [46][ 800/4974]	Time  1.205 ( 0.687)	Data  1.169 ( 0.541)	Loss 8.4026e-01 (7.1076e-01)	Acc@1  75.00 ( 79.57)	Acc@5  92.19 ( 95.70)
Epoch: [46][ 900/4974]	Time  0.568 ( 0.686)	Data  0.538 ( 0.541)	Loss 6.0909e-01 (7.1017e-01)	Acc@1  85.94 ( 79.59)	Acc@5  96.09 ( 95.70)
Epoch: [46][1000/4974]	Time  1.288 ( 0.694)	Data  1.254 ( 0.557)	Loss 8.8860e-01 (7.1036e-01)	Acc@1  74.22 ( 79.56)	Acc@5  94.53 ( 95.69)
Epoch: [46][1100/4974]	Time  1.464 ( 0.703)	Data  1.428 ( 0.572)	Loss 8.1271e-01 (7.1124e-01)	Acc@1  77.34 ( 79.53)	Acc@5  96.88 ( 95.69)
Epoch: [46][1200/4974]	Time  0.943 ( 0.709)	Data  0.912 ( 0.586)	Loss 7.5935e-01 (7.1090e-01)	Acc@1  80.47 ( 79.49)	Acc@5  94.53 ( 95.69)
Epoch: [46][1300/4974]	Time  0.662 ( 0.710)	Data  0.631 ( 0.594)	Loss 7.2695e-01 (7.1210e-01)	Acc@1  78.91 ( 79.48)	Acc@5  95.31 ( 95.69)
Epoch: [46][1400/4974]	Time  0.155 ( 0.706)	Data  0.121 ( 0.595)	Loss 5.6588e-01 (7.1082e-01)	Acc@1  84.38 ( 79.48)	Acc@5  98.44 ( 95.72)
Epoch: [46][1500/4974]	Time  0.083 ( 0.704)	Data  0.000 ( 0.597)	Loss 8.2851e-01 (7.1115e-01)	Acc@1  76.56 ( 79.46)	Acc@5  96.09 ( 95.71)
Epoch: [46][1600/4974]	Time  0.073 ( 0.705)	Data  0.000 ( 0.601)	Loss 6.6330e-01 (7.1162e-01)	Acc@1  84.38 ( 79.45)	Acc@5  96.09 ( 95.72)
Epoch: [46][1700/4974]	Time  0.107 ( 0.702)	Data  0.076 ( 0.601)	Loss 7.4326e-01 (7.1297e-01)	Acc@1  81.25 ( 79.41)	Acc@5  93.75 ( 95.71)
Epoch: [46][1800/4974]	Time  0.998 ( 0.699)	Data  0.961 ( 0.600)	Loss 6.0085e-01 (7.1348e-01)	Acc@1  82.81 ( 79.41)	Acc@5  97.66 ( 95.69)
Epoch: [46][1900/4974]	Time  0.763 ( 0.697)	Data  0.727 ( 0.596)	Loss 6.4243e-01 (7.1424e-01)	Acc@1  82.03 ( 79.40)	Acc@5  95.31 ( 95.68)
Epoch: [46][2000/4974]	Time  0.350 ( 0.694)	Data  0.314 ( 0.594)	Loss 8.8378e-01 (7.1540e-01)	Acc@1  78.91 ( 79.36)	Acc@5  90.62 ( 95.68)
Epoch: [46][2100/4974]	Time  0.458 ( 0.693)	Data  0.417 ( 0.590)	Loss 7.2847e-01 (7.1649e-01)	Acc@1  80.47 ( 79.32)	Acc@5  93.75 ( 95.67)
Epoch: [46][2200/4974]	Time  0.081 ( 0.692)	Data  0.000 ( 0.580)	Loss 7.4748e-01 (7.1662e-01)	Acc@1  78.12 ( 79.32)	Acc@5  93.75 ( 95.65)
Epoch: [46][2300/4974]	Time  0.081 ( 0.690)	Data  0.000 ( 0.580)	Loss 6.2756e-01 (7.1705e-01)	Acc@1  75.78 ( 79.31)	Acc@5  98.44 ( 95.65)
Epoch: [46][2400/4974]	Time  0.440 ( 0.688)	Data  0.409 ( 0.581)	Loss 9.6024e-01 (7.1732e-01)	Acc@1  73.44 ( 79.31)	Acc@5  92.97 ( 95.65)
Epoch: [46][2500/4974]	Time  1.376 ( 0.691)	Data  1.345 ( 0.586)	Loss 6.5447e-01 (7.1921e-01)	Acc@1  82.03 ( 79.28)	Acc@5  96.09 ( 95.62)
Epoch: [46][2600/4974]	Time  1.577 ( 0.695)	Data  1.546 ( 0.592)	Loss 6.6125e-01 (7.2006e-01)	Acc@1  78.91 ( 79.24)	Acc@5  97.66 ( 95.62)
Epoch: [46][2700/4974]	Time  0.804 ( 0.697)	Data  0.763 ( 0.596)	Loss 7.1988e-01 (7.2119e-01)	Acc@1  80.47 ( 79.21)	Acc@5  96.88 ( 95.60)
Epoch: [46][2800/4974]	Time  1.215 ( 0.697)	Data  1.184 ( 0.598)	Loss 7.0053e-01 (7.2169e-01)	Acc@1  77.34 ( 79.18)	Acc@5  96.88 ( 95.60)
Epoch: [46][2900/4974]	Time  0.632 ( 0.697)	Data  0.602 ( 0.597)	Loss 8.0913e-01 (7.2270e-01)	Acc@1  78.12 ( 79.15)	Acc@5  96.09 ( 95.59)
Epoch: [46][3000/4974]	Time  1.386 ( 0.697)	Data  1.347 ( 0.594)	Loss 6.4952e-01 (7.2326e-01)	Acc@1  82.81 ( 79.14)	Acc@5  96.88 ( 95.58)
Epoch: [46][3100/4974]	Time  1.531 ( 0.696)	Data  1.490 ( 0.595)	Loss 7.3712e-01 (7.2422e-01)	Acc@1  76.56 ( 79.11)	Acc@5  96.88 ( 95.57)
Epoch: [46][3200/4974]	Time  1.386 ( 0.696)	Data  1.354 ( 0.595)	Loss 5.8933e-01 (7.2476e-01)	Acc@1  80.47 ( 79.12)	Acc@5  96.88 ( 95.57)
Epoch: [46][3300/4974]	Time  1.331 ( 0.697)	Data  1.295 ( 0.598)	Loss 6.4662e-01 (7.2532e-01)	Acc@1  82.03 ( 79.11)	Acc@5  92.97 ( 95.55)
Epoch: [46][3400/4974]	Time  1.435 ( 0.696)	Data  1.405 ( 0.598)	Loss 7.5637e-01 (7.2596e-01)	Acc@1  78.12 ( 79.10)	Acc@5  93.75 ( 95.54)
Epoch: [46][3500/4974]	Time  1.480 ( 0.697)	Data  1.449 ( 0.600)	Loss 6.7500e-01 (7.2594e-01)	Acc@1  79.69 ( 79.10)	Acc@5  97.66 ( 95.54)
Epoch: [46][3600/4974]	Time  1.292 ( 0.696)	Data  1.247 ( 0.601)	Loss 8.1374e-01 (7.2582e-01)	Acc@1  78.12 ( 79.10)	Acc@5  94.53 ( 95.54)
Epoch: [46][3700/4974]	Time  1.412 ( 0.696)	Data  1.376 ( 0.601)	Loss 6.0703e-01 (7.2615e-01)	Acc@1  82.81 ( 79.10)	Acc@5  96.09 ( 95.54)
Epoch: [46][3800/4974]	Time  1.356 ( 0.695)	Data  1.324 ( 0.598)	Loss 6.1058e-01 (7.2642e-01)	Acc@1  82.03 ( 79.09)	Acc@5  95.31 ( 95.54)
Epoch: [46][3900/4974]	Time  1.472 ( 0.695)	Data  1.441 ( 0.599)	Loss 6.9203e-01 (7.2684e-01)	Acc@1  78.91 ( 79.10)	Acc@5  96.09 ( 95.53)
Epoch: [46][4000/4974]	Time  1.517 ( 0.697)	Data  1.474 ( 0.602)	Loss 8.7290e-01 (7.2746e-01)	Acc@1  75.00 ( 79.09)	Acc@5  94.53 ( 95.53)
Epoch: [46][4100/4974]	Time  1.341 ( 0.697)	Data  1.310 ( 0.603)	Loss 7.9333e-01 (7.2817e-01)	Acc@1  78.12 ( 79.07)	Acc@5  93.75 ( 95.52)
Epoch: [46][4200/4974]	Time  1.696 ( 0.696)	Data  1.660 ( 0.604)	Loss 5.3568e-01 (7.2879e-01)	Acc@1  81.25 ( 79.04)	Acc@5  98.44 ( 95.52)
Epoch: [46][4300/4974]	Time  0.799 ( 0.696)	Data  0.762 ( 0.604)	Loss 7.0181e-01 (7.2907e-01)	Acc@1  80.47 ( 79.03)	Acc@5  96.09 ( 95.52)
Epoch: [46][4400/4974]	Time  1.176 ( 0.695)	Data  1.145 ( 0.604)	Loss 8.7988e-01 (7.2953e-01)	Acc@1  67.97 ( 79.02)	Acc@5  95.31 ( 95.51)
Epoch: [46][4500/4974]	Time  1.314 ( 0.694)	Data  1.283 ( 0.604)	Loss 5.3969e-01 (7.2939e-01)	Acc@1  84.38 ( 79.02)	Acc@5  97.66 ( 95.52)
Epoch: [46][4600/4974]	Time  1.441 ( 0.693)	Data  1.410 ( 0.604)	Loss 6.8029e-01 (7.2969e-01)	Acc@1  82.03 ( 79.01)	Acc@5  96.09 ( 95.51)
Epoch: [46][4700/4974]	Time  1.337 ( 0.692)	Data  1.300 ( 0.604)	Loss 6.4113e-01 (7.3024e-01)	Acc@1  78.91 ( 78.99)	Acc@5  96.88 ( 95.50)
Epoch: [46][4800/4974]	Time  1.313 ( 0.692)	Data  1.281 ( 0.604)	Loss 6.6587e-01 (7.3053e-01)	Acc@1  82.03 ( 78.99)	Acc@5  93.75 ( 95.50)
Epoch: [46][4900/4974]	Time  1.268 ( 0.691)	Data  0.789 ( 0.602)	Loss 6.8307e-01 (7.3114e-01)	Acc@1  82.03 ( 78.97)	Acc@5  96.88 ( 95.50)
Test: [  0/389]	Time  7.638 ( 7.638)	Loss 1.4281e+00 (1.4281e+00)	Acc@1  67.97 ( 67.97)	Acc@5  88.28 ( 88.28)
Test: [100/389]	Time  1.098 ( 0.679)	Loss 2.2428e+00 (2.2502e+00)	Acc@1  46.09 ( 53.02)	Acc@5  79.69 ( 78.23)
Test: [200/389]	Time  1.101 ( 0.664)	Loss 4.4098e+00 (2.4764e+00)	Acc@1  25.00 ( 50.67)	Acc@5  47.66 ( 75.71)
Test: [300/389]	Time  1.202 ( 0.651)	Loss 3.9211e+00 (2.7273e+00)	Acc@1  30.47 ( 47.99)	Acc@5  55.47 ( 71.98)
 *   Acc@1 47.323 Acc@5 71.121
Test: [  0/389]	Time  7.672 ( 7.672)	Loss 1.4281e+00 (1.4281e+00)	Acc@1  67.97 ( 67.97)	Acc@5  88.28 ( 88.28)
Test: [100/389]	Time  1.105 ( 0.679)	Loss 2.2428e+00 (2.2502e+00)	Acc@1  46.09 ( 53.02)	Acc@5  79.69 ( 78.23)
Test: [200/389]	Time  1.057 ( 0.664)	Loss 4.4098e+00 (2.4764e+00)	Acc@1  25.00 ( 50.67)	Acc@5  47.66 ( 75.71)
Test: [300/389]	Time  1.182 ( 0.651)	Loss 3.9211e+00 (2.7273e+00)	Acc@1  30.47 ( 47.99)	Acc@5  55.47 ( 71.98)
 *   Acc@1 47.323 Acc@5 71.121
Epoch: [47][   0/4974]	Time  9.648 ( 9.648)	Data  9.615 ( 9.615)	Loss 3.9217e-01 (3.9217e-01)	Acc@1  89.84 ( 89.84)	Acc@5  99.22 ( 99.22)
Epoch: [47][ 100/4974]	Time  1.342 ( 0.804)	Data  1.305 ( 0.748)	Loss 7.1798e-01 (6.6660e-01)	Acc@1  79.69 ( 80.70)	Acc@5  96.09 ( 96.02)
Epoch: [47][ 200/4974]	Time  1.424 ( 0.765)	Data  1.388 ( 0.709)	Loss 6.3462e-01 (6.8760e-01)	Acc@1  78.91 ( 79.98)	Acc@5  96.88 ( 95.97)
Epoch: [47][ 300/4974]	Time  1.634 ( 0.735)	Data  1.595 ( 0.679)	Loss 7.2143e-01 (6.8689e-01)	Acc@1  78.91 ( 79.89)	Acc@5  96.09 ( 95.96)
Epoch: [47][ 400/4974]	Time  1.295 ( 0.714)	Data  1.264 ( 0.659)	Loss 6.7344e-01 (6.9181e-01)	Acc@1  82.03 ( 79.85)	Acc@5  95.31 ( 95.94)
Epoch: [47][ 500/4974]	Time  0.526 ( 0.700)	Data  0.494 ( 0.647)	Loss 7.4315e-01 (6.9131e-01)	Acc@1  79.69 ( 79.84)	Acc@5  96.09 ( 95.96)
Epoch: [47][ 600/4974]	Time  0.204 ( 0.695)	Data  0.174 ( 0.644)	Loss 6.0202e-01 (6.9465e-01)	Acc@1  80.47 ( 79.78)	Acc@5  96.88 ( 95.95)
Epoch: [47][ 700/4974]	Time  1.289 ( 0.701)	Data  1.257 ( 0.650)	Loss 7.0778e-01 (6.9636e-01)	Acc@1  81.25 ( 79.74)	Acc@5  98.44 ( 95.94)
Epoch: [47][ 800/4974]	Time  1.028 ( 0.710)	Data  0.991 ( 0.659)	Loss 7.5729e-01 (6.9683e-01)	Acc@1  79.69 ( 79.75)	Acc@5  95.31 ( 95.95)
Epoch: [47][ 900/4974]	Time  0.319 ( 0.718)	Data  0.289 ( 0.667)	Loss 7.3376e-01 (6.9714e-01)	Acc@1  81.25 ( 79.78)	Acc@5  94.53 ( 95.95)
Epoch: [47][1000/4974]	Time  0.406 ( 0.724)	Data  0.375 ( 0.675)	Loss 5.4241e-01 (6.9733e-01)	Acc@1  82.03 ( 79.73)	Acc@5  97.66 ( 95.95)
Epoch: [47][1100/4974]	Time  0.543 ( 0.728)	Data  0.512 ( 0.680)	Loss 8.6823e-01 (6.9760e-01)	Acc@1  74.22 ( 79.74)	Acc@5  97.66 ( 95.94)
Epoch: [47][1200/4974]	Time  0.079 ( 0.731)	Data  0.034 ( 0.684)	Loss 4.9965e-01 (6.9876e-01)	Acc@1  90.62 ( 79.71)	Acc@5  96.09 ( 95.92)
Epoch: [47][1300/4974]	Time  0.075 ( 0.735)	Data  0.000 ( 0.688)	Loss 8.4109e-01 (7.0007e-01)	Acc@1  71.88 ( 79.70)	Acc@5  93.75 ( 95.91)
Epoch: [47][1400/4974]	Time  0.450 ( 0.738)	Data  0.419 ( 0.690)	Loss 6.9760e-01 (7.0158e-01)	Acc@1  83.59 ( 79.64)	Acc@5  94.53 ( 95.90)
Epoch: [47][1500/4974]	Time  1.199 ( 0.742)	Data  1.160 ( 0.695)	Loss 8.8456e-01 (7.0131e-01)	Acc@1  75.00 ( 79.64)	Acc@5  96.09 ( 95.91)
Epoch: [47][1600/4974]	Time  1.266 ( 0.745)	Data  1.233 ( 0.697)	Loss 7.3312e-01 (7.0199e-01)	Acc@1  81.25 ( 79.61)	Acc@5  94.53 ( 95.90)
Epoch: [47][1700/4974]	Time  0.980 ( 0.740)	Data  0.950 ( 0.692)	Loss 8.1059e-01 (7.0201e-01)	Acc@1  73.44 ( 79.60)	Acc@5  94.53 ( 95.90)
Epoch: [47][1800/4974]	Time  0.080 ( 0.738)	Data  0.000 ( 0.691)	Loss 6.9832e-01 (7.0230e-01)	Acc@1  82.03 ( 79.59)	Acc@5  92.97 ( 95.89)
Epoch: [47][1900/4974]	Time  0.080 ( 0.741)	Data  0.000 ( 0.693)	Loss 6.0314e-01 (7.0251e-01)	Acc@1  83.59 ( 79.57)	Acc@5  97.66 ( 95.89)
Epoch: [47][2000/4974]	Time  0.087 ( 0.742)	Data  0.000 ( 0.694)	Loss 8.4089e-01 (7.0253e-01)	Acc@1  75.78 ( 79.59)	Acc@5  95.31 ( 95.88)
Epoch: [47][2100/4974]	Time  0.144 ( 0.743)	Data  0.113 ( 0.695)	Loss 7.2711e-01 (7.0275e-01)	Acc@1  80.47 ( 79.60)	Acc@5  95.31 ( 95.89)
Epoch: [47][2200/4974]	Time  1.672 ( 0.741)	Data  1.636 ( 0.693)	Loss 5.7228e-01 (7.0369e-01)	Acc@1  85.94 ( 79.58)	Acc@5  98.44 ( 95.88)
Epoch: [47][2300/4974]	Time  1.374 ( 0.739)	Data  1.340 ( 0.690)	Loss 5.2955e-01 (7.0377e-01)	Acc@1  85.16 ( 79.57)	Acc@5  96.88 ( 95.88)
Epoch: [47][2400/4974]	Time  0.082 ( 0.737)	Data  0.000 ( 0.688)	Loss 4.2342e-01 (7.0365e-01)	Acc@1  86.72 ( 79.58)	Acc@5  98.44 ( 95.88)
Epoch: [47][2500/4974]	Time  0.094 ( 0.734)	Data  0.000 ( 0.685)	Loss 6.3138e-01 (7.0456e-01)	Acc@1  82.03 ( 79.56)	Acc@5  96.09 ( 95.87)
Epoch: [47][2600/4974]	Time  0.217 ( 0.730)	Data  0.186 ( 0.681)	Loss 6.0961e-01 (7.0521e-01)	Acc@1  78.91 ( 79.55)	Acc@5  97.66 ( 95.86)
Epoch: [47][2700/4974]	Time  1.246 ( 0.730)	Data  1.203 ( 0.682)	Loss 6.3139e-01 (7.0637e-01)	Acc@1  80.47 ( 79.53)	Acc@5  96.88 ( 95.85)
Epoch: [47][2800/4974]	Time  1.237 ( 0.733)	Data  1.204 ( 0.684)	Loss 8.1581e-01 (7.0696e-01)	Acc@1  78.91 ( 79.52)	Acc@5  92.97 ( 95.83)
Epoch: [47][2900/4974]	Time  1.420 ( 0.735)	Data  1.389 ( 0.685)	Loss 7.8410e-01 (7.0777e-01)	Acc@1  75.00 ( 79.49)	Acc@5  95.31 ( 95.83)
Epoch: [47][3000/4974]	Time  1.440 ( 0.736)	Data  1.400 ( 0.686)	Loss 7.2445e-01 (7.0860e-01)	Acc@1  81.25 ( 79.47)	Acc@5  95.31 ( 95.82)
Epoch: [47][3100/4974]	Time  1.251 ( 0.738)	Data  1.220 ( 0.688)	Loss 6.3934e-01 (7.0944e-01)	Acc@1  81.25 ( 79.44)	Acc@5  96.09 ( 95.81)
Epoch: [47][3200/4974]	Time  1.306 ( 0.740)	Data  1.276 ( 0.689)	Loss 6.0302e-01 (7.1041e-01)	Acc@1  81.25 ( 79.43)	Acc@5  99.22 ( 95.80)
Epoch: [47][3300/4974]	Time  1.628 ( 0.741)	Data  1.597 ( 0.691)	Loss 8.5151e-01 (7.1074e-01)	Acc@1  75.00 ( 79.41)	Acc@5  95.31 ( 95.79)
Epoch: [47][3400/4974]	Time  0.727 ( 0.739)	Data  0.687 ( 0.689)	Loss 6.8168e-01 (7.1140e-01)	Acc@1  82.81 ( 79.40)	Acc@5  96.09 ( 95.78)
Epoch: [47][3500/4974]	Time  1.420 ( 0.737)	Data  1.389 ( 0.687)	Loss 5.5763e-01 (7.1171e-01)	Acc@1  79.69 ( 79.40)	Acc@5  96.88 ( 95.78)
Epoch: [47][3600/4974]	Time  1.118 ( 0.735)	Data  1.073 ( 0.682)	Loss 7.0150e-01 (7.1189e-01)	Acc@1  80.47 ( 79.39)	Acc@5  96.88 ( 95.79)
Epoch: [47][3700/4974]	Time  1.470 ( 0.734)	Data  1.439 ( 0.682)	Loss 5.1327e-01 (7.1219e-01)	Acc@1  85.16 ( 79.38)	Acc@5  96.09 ( 95.78)
Epoch: [47][3800/4974]	Time  1.315 ( 0.733)	Data  1.278 ( 0.680)	Loss 9.7265e-01 (7.1325e-01)	Acc@1  74.22 ( 79.36)	Acc@5  89.84 ( 95.77)
Epoch: [47][3900/4974]	Time  1.528 ( 0.732)	Data  1.491 ( 0.679)	Loss 7.1805e-01 (7.1332e-01)	Acc@1  82.03 ( 79.35)	Acc@5  93.75 ( 95.77)
Epoch: [47][4000/4974]	Time  1.538 ( 0.730)	Data  1.502 ( 0.677)	Loss 7.7516e-01 (7.1387e-01)	Acc@1  79.69 ( 79.34)	Acc@5  95.31 ( 95.77)
Epoch: [47][4100/4974]	Time  1.245 ( 0.728)	Data  1.208 ( 0.675)	Loss 6.8431e-01 (7.1424e-01)	Acc@1  78.91 ( 79.32)	Acc@5  95.31 ( 95.76)
Epoch: [47][4200/4974]	Time  1.477 ( 0.727)	Data  1.438 ( 0.674)	Loss 7.2398e-01 (7.1425e-01)	Acc@1  78.91 ( 79.33)	Acc@5  96.09 ( 95.76)
Epoch: [47][4300/4974]	Time  1.005 ( 0.726)	Data  0.974 ( 0.673)	Loss 7.4861e-01 (7.1438e-01)	Acc@1  73.44 ( 79.32)	Acc@5  96.88 ( 95.76)
Epoch: [47][4400/4974]	Time  0.079 ( 0.725)	Data  0.000 ( 0.672)	Loss 8.1115e-01 (7.1501e-01)	Acc@1  75.78 ( 79.30)	Acc@5  93.75 ( 95.76)
Epoch: [47][4500/4974]	Time  0.637 ( 0.724)	Data  0.000 ( 0.671)	Loss 4.3978e-01 (7.1544e-01)	Acc@1  86.72 ( 79.29)	Acc@5  97.66 ( 95.75)
Epoch: [47][4600/4974]	Time  0.880 ( 0.724)	Data  0.846 ( 0.670)	Loss 6.9188e-01 (7.1572e-01)	Acc@1  78.12 ( 79.28)	Acc@5  95.31 ( 95.74)
Epoch: [47][4700/4974]	Time  1.166 ( 0.724)	Data  1.123 ( 0.670)	Loss 7.4168e-01 (7.1584e-01)	Acc@1  78.12 ( 79.28)	Acc@5  93.75 ( 95.74)
Epoch: [47][4800/4974]	Time  1.278 ( 0.723)	Data  1.243 ( 0.669)	Loss 5.0564e-01 (7.1682e-01)	Acc@1  85.94 ( 79.26)	Acc@5  99.22 ( 95.74)
Epoch: [47][4900/4974]	Time  1.437 ( 0.723)	Data  1.407 ( 0.670)	Loss 6.0672e-01 (7.1697e-01)	Acc@1  82.81 ( 79.26)	Acc@5  96.88 ( 95.73)
Epoch: [47][   0/4974]	Time 11.405 (11.405)	Data 11.372 (11.372)	Loss 7.6616e-01 (7.6616e-01)	Acc@1  79.69 ( 79.69)	Acc@5  91.41 ( 91.41)
Epoch: [47][ 100/4974]	Time  0.099 ( 0.810)	Data  0.068 ( 0.485)	Loss 6.6377e-01 (6.8342e-01)	Acc@1  78.91 ( 80.23)	Acc@5  95.31 ( 96.00)
Epoch: [47][ 200/4974]	Time  0.081 ( 0.768)	Data  0.000 ( 0.356)	Loss 8.7477e-01 (6.9762e-01)	Acc@1  75.00 ( 79.84)	Acc@5  94.53 ( 95.79)
Epoch: [47][ 300/4974]	Time  0.080 ( 0.736)	Data  0.000 ( 0.433)	Loss 5.8437e-01 (7.0572e-01)	Acc@1  87.50 ( 79.66)	Acc@5  96.88 ( 95.71)
Epoch: [47][ 400/4974]	Time  0.096 ( 0.716)	Data  0.066 ( 0.470)	Loss 5.6923e-01 (6.9861e-01)	Acc@1  84.38 ( 79.80)	Acc@5  95.31 ( 95.80)
Epoch: [47][ 500/4974]	Time  1.010 ( 0.703)	Data  0.865 ( 0.493)	Loss 6.6626e-01 (6.9692e-01)	Acc@1  85.16 ( 79.89)	Acc@5  94.53 ( 95.83)
Epoch: [47][ 600/4974]	Time  0.510 ( 0.698)	Data  0.448 ( 0.482)	Loss 6.8147e-01 (6.9838e-01)	Acc@1  84.38 ( 79.87)	Acc@5  96.88 ( 95.83)
Epoch: [47][ 700/4974]	Time  0.108 ( 0.702)	Data  0.072 ( 0.451)	Loss 5.1866e-01 (6.9912e-01)	Acc@1  84.38 ( 79.85)	Acc@5  97.66 ( 95.84)
Epoch: [47][ 800/4974]	Time  0.562 ( 0.712)	Data  0.000 ( 0.398)	Loss 5.2019e-01 (6.9926e-01)	Acc@1  83.59 ( 79.81)	Acc@5  97.66 ( 95.85)
Epoch: [47][ 900/4974]	Time  1.263 ( 0.720)	Data  0.000 ( 0.355)	Loss 6.5832e-01 (6.9952e-01)	Acc@1  78.91 ( 79.83)	Acc@5  96.88 ( 95.85)
Epoch: [47][1000/4974]	Time  1.120 ( 0.725)	Data  0.000 ( 0.321)	Loss 1.0587e+00 (7.0044e-01)	Acc@1  68.75 ( 79.80)	Acc@5  95.31 ( 95.84)
Epoch: [47][1100/4974]	Time  0.909 ( 0.729)	Data  0.000 ( 0.294)	Loss 8.9544e-01 (7.0229e-01)	Acc@1  75.78 ( 79.75)	Acc@5  94.53 ( 95.83)
Epoch: [47][1200/4974]	Time  1.418 ( 0.733)	Data  0.000 ( 0.273)	Loss 5.9855e-01 (7.0249e-01)	Acc@1  82.03 ( 79.71)	Acc@5  94.53 ( 95.83)
Epoch: [47][1300/4974]	Time  1.498 ( 0.737)	Data  0.000 ( 0.253)	Loss 7.9222e-01 (7.0329e-01)	Acc@1  78.91 ( 79.69)	Acc@5  94.53 ( 95.83)
Epoch: [47][1400/4974]	Time  1.088 ( 0.739)	Data  0.000 ( 0.236)	Loss 7.5783e-01 (7.0328e-01)	Acc@1  78.91 ( 79.70)	Acc@5  96.88 ( 95.81)
Epoch: [47][1500/4974]	Time  0.407 ( 0.742)	Data  0.043 ( 0.221)	Loss 7.0473e-01 (7.0364e-01)	Acc@1  78.91 ( 79.70)	Acc@5  96.88 ( 95.80)
Epoch: [47][1600/4974]	Time  0.081 ( 0.745)	Data  0.000 ( 0.208)	Loss 6.3680e-01 (7.0392e-01)	Acc@1  81.25 ( 79.69)	Acc@5  96.09 ( 95.80)
Epoch: [47][1700/4974]	Time  0.079 ( 0.740)	Data  0.000 ( 0.224)	Loss 8.2048e-01 (7.0385e-01)	Acc@1  74.22 ( 79.67)	Acc@5  96.88 ( 95.80)
Epoch: [47][1800/4974]	Time  1.679 ( 0.739)	Data  0.000 ( 0.233)	Loss 7.8818e-01 (7.0373e-01)	Acc@1  75.78 ( 79.67)	Acc@5  95.31 ( 95.81)
Epoch: [47][1900/4974]	Time  1.435 ( 0.742)	Data  0.000 ( 0.221)	Loss 8.4514e-01 (7.0448e-01)	Acc@1  74.22 ( 79.63)	Acc@5  94.53 ( 95.81)
Epoch: [47][2000/4974]	Time  1.721 ( 0.743)	Data  0.000 ( 0.217)	Loss 6.8926e-01 (7.0547e-01)	Acc@1  78.12 ( 79.60)	Acc@5  95.31 ( 95.80)
Epoch: [47][2100/4974]	Time  1.108 ( 0.744)	Data  0.000 ( 0.211)	Loss 7.0141e-01 (7.0562e-01)	Acc@1  75.78 ( 79.60)	Acc@5  95.31 ( 95.80)
Epoch: [47][2200/4974]	Time  0.080 ( 0.741)	Data  0.000 ( 0.220)	Loss 6.3273e-01 (7.0502e-01)	Acc@1  81.25 ( 79.63)	Acc@5  96.88 ( 95.80)
Epoch: [47][2300/4974]	Time  0.083 ( 0.739)	Data  0.000 ( 0.230)	Loss 5.4140e-01 (7.0536e-01)	Acc@1  85.94 ( 79.62)	Acc@5  96.09 ( 95.79)
Epoch: [47][2400/4974]	Time  0.136 ( 0.737)	Data  0.000 ( 0.238)	Loss 8.9092e-01 (7.0534e-01)	Acc@1  75.78 ( 79.62)	Acc@5  92.19 ( 95.78)
Epoch: [47][2500/4974]	Time  0.924 ( 0.734)	Data  0.569 ( 0.250)	Loss 8.3318e-01 (7.0585e-01)	Acc@1  75.78 ( 79.60)	Acc@5  95.31 ( 95.79)
Epoch: [47][2600/4974]	Time  1.045 ( 0.731)	Data  1.014 ( 0.262)	Loss 8.5612e-01 (7.0721e-01)	Acc@1  78.12 ( 79.57)	Acc@5  95.31 ( 95.77)
Epoch: [47][2700/4974]	Time  0.081 ( 0.731)	Data  0.000 ( 0.263)	Loss 6.3309e-01 (7.0775e-01)	Acc@1  85.94 ( 79.55)	Acc@5  96.09 ( 95.76)
Epoch: [47][2800/4974]	Time  0.075 ( 0.733)	Data  0.000 ( 0.254)	Loss 7.4697e-01 (7.0816e-01)	Acc@1  78.12 ( 79.53)	Acc@5  96.09 ( 95.76)
Epoch: [47][2900/4974]	Time  0.085 ( 0.735)	Data  0.000 ( 0.246)	Loss 6.8240e-01 (7.0816e-01)	Acc@1  79.69 ( 79.52)	Acc@5  96.88 ( 95.77)
Epoch: [47][3000/4974]	Time  0.087 ( 0.736)	Data  0.000 ( 0.240)	Loss 6.3798e-01 (7.0864e-01)	Acc@1  84.38 ( 79.51)	Acc@5  96.09 ( 95.76)
Epoch: [47][3100/4974]	Time  0.081 ( 0.738)	Data  0.000 ( 0.233)	Loss 6.1457e-01 (7.0901e-01)	Acc@1  82.03 ( 79.51)	Acc@5  96.09 ( 95.76)
Epoch: [47][3200/4974]	Time  0.083 ( 0.740)	Data  0.000 ( 0.226)	Loss 6.8908e-01 (7.0947e-01)	Acc@1  81.25 ( 79.50)	Acc@5  96.09 ( 95.76)
Epoch: [47][3300/4974]	Time  0.087 ( 0.741)	Data  0.000 ( 0.220)	Loss 6.9261e-01 (7.0957e-01)	Acc@1  81.25 ( 79.48)	Acc@5  96.09 ( 95.76)
Epoch: [47][3400/4974]	Time  0.839 ( 0.739)	Data  0.804 ( 0.227)	Loss 8.5870e-01 (7.1068e-01)	Acc@1  75.00 ( 79.45)	Acc@5  93.75 ( 95.75)
Epoch: [47][3500/4974]	Time  1.126 ( 0.737)	Data  1.091 ( 0.237)	Loss 7.0485e-01 (7.1127e-01)	Acc@1  83.59 ( 79.43)	Acc@5  96.09 ( 95.74)
Epoch: [47][3600/4974]	Time  1.276 ( 0.735)	Data  1.237 ( 0.247)	Loss 5.2673e-01 (7.1176e-01)	Acc@1  82.81 ( 79.41)	Acc@5  98.44 ( 95.74)
Epoch: [47][3700/4974]	Time  0.388 ( 0.735)	Data  0.357 ( 0.249)	Loss 5.7097e-01 (7.1168e-01)	Acc@1  82.81 ( 79.41)	Acc@5  96.88 ( 95.74)
Epoch: [47][3800/4974]	Time  0.087 ( 0.733)	Data  0.000 ( 0.257)	Loss 6.9908e-01 (7.1238e-01)	Acc@1  78.91 ( 79.41)	Acc@5  95.31 ( 95.73)
Epoch: [47][3900/4974]	Time  0.080 ( 0.732)	Data  0.000 ( 0.263)	Loss 1.0596e+00 (7.1270e-01)	Acc@1  72.66 ( 79.40)	Acc@5  92.97 ( 95.73)
Epoch: [47][4000/4974]	Time  0.080 ( 0.730)	Data  0.000 ( 0.270)	Loss 7.4042e-01 (7.1300e-01)	Acc@1  81.25 ( 79.40)	Acc@5  94.53 ( 95.73)
Epoch: [47][4100/4974]	Time  0.081 ( 0.729)	Data  0.000 ( 0.275)	Loss 6.3260e-01 (7.1345e-01)	Acc@1  81.25 ( 79.37)	Acc@5  96.88 ( 95.73)
Epoch: [47][4200/4974]	Time  0.080 ( 0.727)	Data  0.000 ( 0.281)	Loss 9.7709e-01 (7.1410e-01)	Acc@1  71.88 ( 79.36)	Acc@5  89.84 ( 95.72)
Epoch: [47][4300/4974]	Time  0.135 ( 0.727)	Data  0.000 ( 0.284)	Loss 7.9583e-01 (7.1424e-01)	Acc@1  73.44 ( 79.35)	Acc@5  97.66 ( 95.72)
Epoch: [47][4400/4974]	Time  0.549 ( 0.725)	Data  0.000 ( 0.290)	Loss 7.7548e-01 (7.1499e-01)	Acc@1  80.47 ( 79.32)	Acc@5  96.09 ( 95.72)
Epoch: [47][4500/4974]	Time  0.100 ( 0.724)	Data  0.000 ( 0.294)	Loss 5.9910e-01 (7.1519e-01)	Acc@1  78.91 ( 79.31)	Acc@5  98.44 ( 95.72)
Epoch: [47][4600/4974]	Time  0.829 ( 0.724)	Data  0.000 ( 0.295)	Loss 5.6780e-01 (7.1593e-01)	Acc@1  85.16 ( 79.30)	Acc@5  97.66 ( 95.71)
Epoch: [47][4700/4974]	Time  0.179 ( 0.724)	Data  0.000 ( 0.294)	Loss 6.6272e-01 (7.1659e-01)	Acc@1  80.47 ( 79.28)	Acc@5  96.88 ( 95.70)
Epoch: [47][4800/4974]	Time  0.086 ( 0.723)	Data  0.000 ( 0.298)	Loss 7.0778e-01 (7.1746e-01)	Acc@1  81.25 ( 79.25)	Acc@5  97.66 ( 95.70)
Epoch: [47][4900/4974]	Time  0.084 ( 0.724)	Data  0.000 ( 0.295)	Loss 6.3375e-01 (7.1767e-01)	Acc@1  77.34 ( 79.25)	Acc@5  99.22 ( 95.69)
Test: [  0/389]	Time  7.183 ( 7.183)	Loss 1.4096e+00 (1.4096e+00)	Acc@1  68.75 ( 68.75)	Acc@5  88.28 ( 88.28)
Test: [100/389]	Time  1.169 ( 0.694)	Loss 2.2158e+00 (2.2571e+00)	Acc@1  46.09 ( 53.03)	Acc@5  78.12 ( 78.39)
Test: [200/389]	Time  1.115 ( 0.675)	Loss 4.1623e+00 (2.4823e+00)	Acc@1  30.47 ( 50.78)	Acc@5  50.00 ( 75.73)
Test: [300/389]	Time  1.222 ( 0.663)	Loss 3.8639e+00 (2.7416e+00)	Acc@1  34.38 ( 47.97)	Acc@5  57.03 ( 71.93)
 *   Acc@1 47.262 Acc@5 71.065
Test: [  0/389]	Time  7.211 ( 7.211)	Loss 1.4096e+00 (1.4096e+00)	Acc@1  68.75 ( 68.75)	Acc@5  88.28 ( 88.28)
Test: [100/389]	Time  1.149 ( 0.693)	Loss 2.2158e+00 (2.2571e+00)	Acc@1  46.09 ( 53.03)	Acc@5  78.12 ( 78.39)
Test: [200/389]	Time  1.152 ( 0.675)	Loss 4.1623e+00 (2.4823e+00)	Acc@1  30.47 ( 50.78)	Acc@5  50.00 ( 75.73)
Test: [300/389]	Time  1.160 ( 0.663)	Loss 3.8639e+00 (2.7416e+00)	Acc@1  34.38 ( 47.97)	Acc@5  57.03 ( 71.93)
 *   Acc@1 47.262 Acc@5 71.065
Epoch: [48][   0/4974]	Time  9.624 ( 9.624)	Data  9.591 ( 9.591)	Loss 5.4929e-01 (5.4929e-01)	Acc@1  84.38 ( 84.38)	Acc@5  97.66 ( 97.66)
Epoch: [48][ 100/4974]	Time  1.258 ( 0.768)	Data  1.227 ( 0.639)	Loss 7.3167e-01 (6.8048e-01)	Acc@1  75.78 ( 80.36)	Acc@5  94.53 ( 96.00)
Epoch: [48][ 200/4974]	Time  0.151 ( 0.719)	Data  0.120 ( 0.573)	Loss 6.3162e-01 (6.7042e-01)	Acc@1  82.03 ( 80.57)	Acc@5  96.88 ( 96.09)
Epoch: [48][ 300/4974]	Time  0.081 ( 0.740)	Data  0.000 ( 0.395)	Loss 7.7465e-01 (6.7378e-01)	Acc@1  77.34 ( 80.39)	Acc@5  93.75 ( 96.13)
Epoch: [48][ 400/4974]	Time  0.645 ( 0.743)	Data  0.615 ( 0.329)	Loss 5.4384e-01 (6.7297e-01)	Acc@1  83.59 ( 80.40)	Acc@5  96.88 ( 96.20)
Epoch: [48][ 500/4974]	Time  1.349 ( 0.731)	Data  1.313 ( 0.364)	Loss 5.5858e-01 (6.7240e-01)	Acc@1  79.69 ( 80.39)	Acc@5  97.66 ( 96.17)
Epoch: [48][ 600/4974]	Time  1.336 ( 0.723)	Data  1.305 ( 0.407)	Loss 6.6930e-01 (6.7330e-01)	Acc@1  82.03 ( 80.35)	Acc@5  97.66 ( 96.17)
Epoch: [48][ 700/4974]	Time  0.647 ( 0.715)	Data  0.613 ( 0.432)	Loss 7.6700e-01 (6.7460e-01)	Acc@1  78.12 ( 80.38)	Acc@5  95.31 ( 96.15)
Epoch: [48][ 800/4974]	Time  0.129 ( 0.721)	Data  0.099 ( 0.388)	Loss 6.7826e-01 (6.7557e-01)	Acc@1  77.34 ( 80.34)	Acc@5  93.75 ( 96.15)
Epoch: [48][ 900/4974]	Time  0.080 ( 0.722)	Data  0.000 ( 0.375)	Loss 6.4714e-01 (6.7533e-01)	Acc@1  82.03 ( 80.31)	Acc@5  98.44 ( 96.15)
Epoch: [48][1000/4974]	Time  0.690 ( 0.718)	Data  0.660 ( 0.384)	Loss 7.0064e-01 (6.7720e-01)	Acc@1  78.91 ( 80.25)	Acc@5  95.31 ( 96.14)
Epoch: [48][1100/4974]	Time  1.236 ( 0.711)	Data  1.205 ( 0.404)	Loss 6.3933e-01 (6.7843e-01)	Acc@1  80.47 ( 80.22)	Acc@5  96.09 ( 96.12)
Epoch: [48][1200/4974]	Time  1.157 ( 0.706)	Data  0.772 ( 0.419)	Loss 5.3218e-01 (6.7978e-01)	Acc@1  81.25 ( 80.20)	Acc@5  98.44 ( 96.12)
Epoch: [48][1300/4974]	Time  1.709 ( 0.703)	Data  1.678 ( 0.432)	Loss 6.0607e-01 (6.8062e-01)	Acc@1  80.47 ( 80.18)	Acc@5  98.44 ( 96.12)
Epoch: [48][1400/4974]	Time  1.425 ( 0.702)	Data  1.394 ( 0.447)	Loss 8.8503e-01 (6.8184e-01)	Acc@1  74.22 ( 80.13)	Acc@5  95.31 ( 96.10)
Epoch: [48][1500/4974]	Time  0.976 ( 0.699)	Data  0.946 ( 0.456)	Loss 7.3047e-01 (6.8288e-01)	Acc@1  80.47 ( 80.07)	Acc@5  96.09 ( 96.09)
Epoch: [48][1600/4974]	Time  0.080 ( 0.697)	Data  0.000 ( 0.457)	Loss 6.7789e-01 (6.8351e-01)	Acc@1  80.47 ( 80.04)	Acc@5  95.31 ( 96.09)
Epoch: [48][1700/4974]	Time  0.086 ( 0.702)	Data  0.000 ( 0.435)	Loss 7.4358e-01 (6.8552e-01)	Acc@1  77.34 ( 80.02)	Acc@5  93.75 ( 96.07)
Epoch: [48][1800/4974]	Time  0.080 ( 0.703)	Data  0.000 ( 0.426)	Loss 7.3110e-01 (6.8663e-01)	Acc@1  80.47 ( 79.98)	Acc@5  94.53 ( 96.05)
Epoch: [48][1900/4974]	Time  0.077 ( 0.701)	Data  0.000 ( 0.431)	Loss 8.0217e-01 (6.8751e-01)	Acc@1  75.00 ( 79.95)	Acc@5  94.53 ( 96.04)
Epoch: [48][2000/4974]	Time  0.079 ( 0.699)	Data  0.000 ( 0.435)	Loss 6.8094e-01 (6.8873e-01)	Acc@1  78.12 ( 79.94)	Acc@5  97.66 ( 96.02)
Epoch: [48][2100/4974]	Time  0.081 ( 0.698)	Data  0.000 ( 0.444)	Loss 6.6720e-01 (6.8915e-01)	Acc@1  79.69 ( 79.92)	Acc@5  95.31 ( 96.01)
Epoch: [48][2200/4974]	Time  0.080 ( 0.696)	Data  0.000 ( 0.451)	Loss 6.5608e-01 (6.8960e-01)	Acc@1  79.69 ( 79.92)	Acc@5  98.44 ( 96.01)
Epoch: [48][2300/4974]	Time  0.079 ( 0.694)	Data  0.000 ( 0.457)	Loss 6.4519e-01 (6.8952e-01)	Acc@1  82.03 ( 79.92)	Acc@5  96.88 ( 96.01)
Epoch: [48][2400/4974]	Time  1.525 ( 0.693)	Data  1.489 ( 0.464)	Loss 7.4162e-01 (6.8962e-01)	Acc@1  78.91 ( 79.91)	Acc@5  97.66 ( 96.01)
Epoch: [48][2500/4974]	Time  1.710 ( 0.696)	Data  1.671 ( 0.474)	Loss 7.4654e-01 (6.8935e-01)	Acc@1  76.56 ( 79.92)	Acc@5  95.31 ( 96.01)
Epoch: [48][2600/4974]	Time  1.519 ( 0.696)	Data  1.481 ( 0.481)	Loss 5.5544e-01 (6.8982e-01)	Acc@1  81.25 ( 79.90)	Acc@5  97.66 ( 96.02)
Epoch: [48][2700/4974]	Time  0.776 ( 0.695)	Data  0.743 ( 0.486)	Loss 6.2979e-01 (6.9013e-01)	Acc@1  82.03 ( 79.89)	Acc@5  96.09 ( 96.01)
Epoch: [48][2800/4974]	Time  1.126 ( 0.694)	Data  1.095 ( 0.491)	Loss 7.4137e-01 (6.9077e-01)	Acc@1  81.25 ( 79.86)	Acc@5  96.09 ( 96.01)
Epoch: [48][2900/4974]	Time  0.076 ( 0.693)	Data  0.000 ( 0.495)	Loss 6.4253e-01 (6.9144e-01)	Acc@1  76.56 ( 79.85)	Acc@5  99.22 ( 96.01)
Epoch: [48][3000/4974]	Time  0.079 ( 0.692)	Data  0.000 ( 0.499)	Loss 5.6568e-01 (6.9240e-01)	Acc@1  85.16 ( 79.83)	Acc@5  98.44 ( 96.00)
Epoch: [48][3100/4974]	Time  0.507 ( 0.693)	Data  0.462 ( 0.504)	Loss 8.2212e-01 (6.9287e-01)	Acc@1  76.56 ( 79.83)	Acc@5  96.09 ( 95.99)
Epoch: [48][3200/4974]	Time  0.132 ( 0.693)	Data  0.081 ( 0.509)	Loss 6.6009e-01 (6.9272e-01)	Acc@1  77.34 ( 79.84)	Acc@5  95.31 ( 95.99)
Epoch: [48][3300/4974]	Time  1.523 ( 0.694)	Data  1.486 ( 0.514)	Loss 9.5348e-01 (6.9366e-01)	Acc@1  72.66 ( 79.81)	Acc@5  90.62 ( 95.98)
Epoch: [48][3400/4974]	Time  0.962 ( 0.695)	Data  0.931 ( 0.519)	Loss 6.9521e-01 (6.9446e-01)	Acc@1  81.25 ( 79.80)	Acc@5  96.88 ( 95.97)
Epoch: [48][3500/4974]	Time  0.080 ( 0.693)	Data  0.000 ( 0.521)	Loss 6.1301e-01 (6.9531e-01)	Acc@1  82.81 ( 79.77)	Acc@5  97.66 ( 95.96)
Epoch: [48][3600/4974]	Time  0.990 ( 0.692)	Data  0.959 ( 0.523)	Loss 6.0271e-01 (6.9592e-01)	Acc@1  82.81 ( 79.75)	Acc@5  96.88 ( 95.95)
Epoch: [48][3700/4974]	Time  0.567 ( 0.692)	Data  0.536 ( 0.521)	Loss 5.3964e-01 (6.9691e-01)	Acc@1  85.16 ( 79.72)	Acc@5  98.44 ( 95.95)
Epoch: [48][3800/4974]	Time  0.454 ( 0.693)	Data  0.423 ( 0.516)	Loss 8.8372e-01 (6.9728e-01)	Acc@1  75.00 ( 79.71)	Acc@5  94.53 ( 95.94)
Epoch: [48][3900/4974]	Time  0.080 ( 0.694)	Data  0.000 ( 0.507)	Loss 9.9221e-01 (6.9740e-01)	Acc@1  71.09 ( 79.71)	Acc@5  92.97 ( 95.94)
Epoch: [48][4000/4974]	Time  0.081 ( 0.696)	Data  0.000 ( 0.499)	Loss 9.0804e-01 (6.9787e-01)	Acc@1  73.44 ( 79.70)	Acc@5  96.88 ( 95.94)
Epoch: [48][4100/4974]	Time  0.075 ( 0.695)	Data  0.000 ( 0.501)	Loss 7.9158e-01 (6.9831e-01)	Acc@1  77.34 ( 79.70)	Acc@5  94.53 ( 95.93)
Epoch: [48][4200/4974]	Time  1.363 ( 0.695)	Data  1.315 ( 0.502)	Loss 6.6284e-01 (6.9880e-01)	Acc@1  79.69 ( 79.67)	Acc@5  97.66 ( 95.93)
Epoch: [48][4300/4974]	Time  0.080 ( 0.694)	Data  0.000 ( 0.505)	Loss 5.2488e-01 (6.9933e-01)	Acc@1  80.47 ( 79.67)	Acc@5  99.22 ( 95.92)
Epoch: [48][4400/4974]	Time  0.361 ( 0.693)	Data  0.330 ( 0.507)	Loss 7.6982e-01 (6.9993e-01)	Acc@1  77.34 ( 79.66)	Acc@5  95.31 ( 95.92)
Epoch: [48][4500/4974]	Time  0.172 ( 0.693)	Data  0.000 ( 0.510)	Loss 1.0759e+00 (7.0022e-01)	Acc@1  74.22 ( 79.65)	Acc@5  88.28 ( 95.91)
Epoch: [48][4600/4974]	Time  1.431 ( 0.692)	Data  1.400 ( 0.512)	Loss 7.1236e-01 (7.0054e-01)	Acc@1  79.69 ( 79.64)	Acc@5  94.53 ( 95.91)
Epoch: [48][4700/4974]	Time  1.207 ( 0.692)	Data  1.159 ( 0.514)	Loss 9.4069e-01 (7.0098e-01)	Acc@1  80.47 ( 79.63)	Acc@5  94.53 ( 95.92)
Epoch: [48][4800/4974]	Time  1.413 ( 0.692)	Data  1.374 ( 0.515)	Loss 7.7089e-01 (7.0155e-01)	Acc@1  78.12 ( 79.62)	Acc@5  95.31 ( 95.91)
Epoch: [48][4900/4974]	Time  1.469 ( 0.691)	Data  1.438 ( 0.516)	Loss 6.6718e-01 (7.0170e-01)	Acc@1  77.34 ( 79.61)	Acc@5  96.88 ( 95.91)
Epoch: [48][   0/4974]	Time 10.981 (10.981)	Data 10.934 (10.934)	Loss 5.9705e-01 (5.9705e-01)	Acc@1  84.38 ( 84.38)	Acc@5  96.88 ( 96.88)
Epoch: [48][ 100/4974]	Time  0.600 ( 0.777)	Data  0.570 ( 0.662)	Loss 7.8528e-01 (6.6308e-01)	Acc@1  77.34 ( 80.52)	Acc@5  95.31 ( 96.20)
Epoch: [48][ 200/4974]	Time  1.153 ( 0.732)	Data  1.122 ( 0.623)	Loss 5.1890e-01 (6.6839e-01)	Acc@1  84.38 ( 80.35)	Acc@5  98.44 ( 96.13)
Epoch: [48][ 300/4974]	Time  1.272 ( 0.749)	Data  1.241 ( 0.657)	Loss 6.1606e-01 (6.6607e-01)	Acc@1  83.59 ( 80.58)	Acc@5  95.31 ( 96.09)
Epoch: [48][ 400/4974]	Time  0.885 ( 0.749)	Data  0.837 ( 0.669)	Loss 6.9898e-01 (6.7229e-01)	Acc@1  78.12 ( 80.36)	Acc@5  97.66 ( 96.06)
Epoch: [48][ 500/4974]	Time  0.687 ( 0.733)	Data  0.656 ( 0.660)	Loss 5.6365e-01 (6.7519e-01)	Acc@1  86.72 ( 80.29)	Acc@5  94.53 ( 96.10)
Epoch: [48][ 600/4974]	Time  0.732 ( 0.724)	Data  0.695 ( 0.627)	Loss 6.0984e-01 (6.7300e-01)	Acc@1  82.81 ( 80.36)	Acc@5  96.09 ( 96.15)
Epoch: [48][ 700/4974]	Time  1.443 ( 0.718)	Data  1.412 ( 0.614)	Loss 8.0033e-01 (6.7726e-01)	Acc@1  75.78 ( 80.21)	Acc@5  95.31 ( 96.10)
Epoch: [48][ 800/4974]	Time  1.372 ( 0.725)	Data  1.331 ( 0.626)	Loss 6.8418e-01 (6.7888e-01)	Acc@1  78.91 ( 80.16)	Acc@5  96.09 ( 96.08)
Epoch: [48][ 900/4974]	Time  1.433 ( 0.725)	Data  1.402 ( 0.632)	Loss 5.8987e-01 (6.7872e-01)	Acc@1  82.03 ( 80.18)	Acc@5  97.66 ( 96.10)
Epoch: [48][1000/4974]	Time  0.326 ( 0.719)	Data  0.241 ( 0.628)	Loss 7.2602e-01 (6.7956e-01)	Acc@1  77.34 ( 80.12)	Acc@5  93.75 ( 96.07)
Epoch: [48][1100/4974]	Time  0.079 ( 0.712)	Data  0.000 ( 0.625)	Loss 8.1356e-01 (6.8070e-01)	Acc@1  73.44 ( 80.11)	Acc@5  93.75 ( 96.03)
Epoch: [48][1200/4974]	Time  0.069 ( 0.708)	Data  0.000 ( 0.621)	Loss 7.0026e-01 (6.8168e-01)	Acc@1  78.12 ( 80.10)	Acc@5  95.31 ( 96.00)
Epoch: [48][1300/4974]	Time  0.080 ( 0.704)	Data  0.000 ( 0.619)	Loss 4.9465e-01 (6.8365e-01)	Acc@1  87.50 ( 80.07)	Acc@5  99.22 ( 95.99)
Epoch: [48][1400/4974]	Time  0.081 ( 0.702)	Data  0.000 ( 0.608)	Loss 7.1380e-01 (6.8373e-01)	Acc@1  78.91 ( 80.08)	Acc@5  95.31 ( 95.98)
Epoch: [48][1500/4974]	Time  1.529 ( 0.700)	Data  1.491 ( 0.606)	Loss 7.5880e-01 (6.8410e-01)	Acc@1  78.91 ( 80.06)	Acc@5  95.31 ( 95.98)
Epoch: [48][1600/4974]	Time  1.373 ( 0.699)	Data  1.342 ( 0.607)	Loss 5.5397e-01 (6.8565e-01)	Acc@1  86.72 ( 79.99)	Acc@5  96.88 ( 95.98)
Epoch: [48][1700/4974]	Time  1.321 ( 0.704)	Data  1.284 ( 0.614)	Loss 7.7631e-01 (6.8663e-01)	Acc@1  79.69 ( 79.97)	Acc@5  92.97 ( 95.97)
Epoch: [48][1800/4974]	Time  1.732 ( 0.705)	Data  1.694 ( 0.617)	Loss 4.9049e-01 (6.8742e-01)	Acc@1  85.94 ( 79.95)	Acc@5  96.88 ( 95.98)
Epoch: [48][1900/4974]	Time  1.267 ( 0.702)	Data  1.236 ( 0.616)	Loss 7.4563e-01 (6.8772e-01)	Acc@1  80.47 ( 79.93)	Acc@5  94.53 ( 95.99)
Epoch: [48][2000/4974]	Time  1.124 ( 0.700)	Data  1.094 ( 0.616)	Loss 5.8817e-01 (6.8841e-01)	Acc@1  82.81 ( 79.92)	Acc@5  96.09 ( 95.98)
Epoch: [48][2100/4974]	Time  1.187 ( 0.698)	Data  1.126 ( 0.612)	Loss 7.5668e-01 (6.8877e-01)	Acc@1  78.12 ( 79.91)	Acc@5  97.66 ( 95.98)
Epoch: [48][2200/4974]	Time  1.189 ( 0.697)	Data  1.153 ( 0.609)	Loss 9.0522e-01 (6.9002e-01)	Acc@1  75.78 ( 79.89)	Acc@5  93.75 ( 95.97)
Epoch: [48][2300/4974]	Time  0.576 ( 0.694)	Data  0.538 ( 0.607)	Loss 8.3859e-01 (6.9019e-01)	Acc@1  75.78 ( 79.90)	Acc@5  93.75 ( 95.98)
Epoch: [48][2400/4974]	Time  0.080 ( 0.693)	Data  0.000 ( 0.604)	Loss 7.5645e-01 (6.9079e-01)	Acc@1  82.03 ( 79.89)	Acc@5  92.19 ( 95.97)
Epoch: [48][2500/4974]	Time  0.105 ( 0.696)	Data  0.074 ( 0.586)	Loss 6.6553e-01 (6.9178e-01)	Acc@1  83.59 ( 79.87)	Acc@5  95.31 ( 95.97)
Epoch: [48][2600/4974]	Time  0.090 ( 0.696)	Data  0.000 ( 0.581)	Loss 8.0887e-01 (6.9298e-01)	Acc@1  79.69 ( 79.85)	Acc@5  95.31 ( 95.96)
Epoch: [48][2700/4974]	Time  1.144 ( 0.696)	Data  1.113 ( 0.577)	Loss 5.9182e-01 (6.9265e-01)	Acc@1  79.69 ( 79.86)	Acc@5  98.44 ( 95.96)
Epoch: [48][2800/4974]	Time  1.065 ( 0.695)	Data  1.034 ( 0.576)	Loss 5.2194e-01 (6.9269e-01)	Acc@1  82.03 ( 79.85)	Acc@5  98.44 ( 95.96)
Epoch: [48][2900/4974]	Time  1.217 ( 0.693)	Data  1.081 ( 0.574)	Loss 6.9767e-01 (6.9365e-01)	Acc@1  82.03 ( 79.84)	Acc@5  96.88 ( 95.95)
Epoch: [48][3000/4974]	Time  1.324 ( 0.693)	Data  1.282 ( 0.571)	Loss 6.6252e-01 (6.9426e-01)	Acc@1  75.78 ( 79.81)	Acc@5  96.09 ( 95.95)
Epoch: [48][3100/4974]	Time  1.146 ( 0.694)	Data  1.114 ( 0.564)	Loss 6.3563e-01 (6.9455e-01)	Acc@1  82.03 ( 79.81)	Acc@5  97.66 ( 95.95)
Epoch: [48][3200/4974]	Time  1.191 ( 0.693)	Data  0.480 ( 0.559)	Loss 5.8691e-01 (6.9499e-01)	Acc@1  82.03 ( 79.80)	Acc@5  96.88 ( 95.94)
Epoch: [48][3300/4974]	Time  0.080 ( 0.694)	Data  0.000 ( 0.551)	Loss 5.9361e-01 (6.9544e-01)	Acc@1  82.81 ( 79.78)	Acc@5  95.31 ( 95.94)
Epoch: [48][3400/4974]	Time  1.141 ( 0.695)	Data  1.110 ( 0.543)	Loss 6.2854e-01 (6.9603e-01)	Acc@1  81.25 ( 79.77)	Acc@5  97.66 ( 95.94)
Epoch: [48][3500/4974]	Time  1.430 ( 0.694)	Data  1.393 ( 0.545)	Loss 6.5568e-01 (6.9705e-01)	Acc@1  78.12 ( 79.75)	Acc@5  96.09 ( 95.93)
Epoch: [48][3600/4974]	Time  1.116 ( 0.692)	Data  1.085 ( 0.546)	Loss 5.8045e-01 (6.9690e-01)	Acc@1  78.91 ( 79.76)	Acc@5  99.22 ( 95.93)
Epoch: [48][3700/4974]	Time  1.133 ( 0.693)	Data  1.098 ( 0.547)	Loss 8.1280e-01 (6.9701e-01)	Acc@1  76.56 ( 79.76)	Acc@5  96.09 ( 95.93)
Epoch: [48][3800/4974]	Time  1.252 ( 0.693)	Data  1.221 ( 0.550)	Loss 8.2185e-01 (6.9695e-01)	Acc@1  78.91 ( 79.76)	Acc@5  96.88 ( 95.93)
Epoch: [48][3900/4974]	Time  1.418 ( 0.695)	Data  1.379 ( 0.554)	Loss 6.1356e-01 (6.9716e-01)	Acc@1  81.25 ( 79.75)	Acc@5  95.31 ( 95.93)
Epoch: [48][4000/4974]	Time  1.722 ( 0.696)	Data  1.691 ( 0.557)	Loss 5.0486e-01 (6.9759e-01)	Acc@1  85.16 ( 79.74)	Acc@5  96.88 ( 95.93)
Epoch: [48][4100/4974]	Time  1.115 ( 0.695)	Data  1.067 ( 0.557)	Loss 7.2534e-01 (6.9839e-01)	Acc@1  80.47 ( 79.71)	Acc@5  95.31 ( 95.92)
Epoch: [48][4200/4974]	Time  1.188 ( 0.695)	Data  1.156 ( 0.559)	Loss 6.5658e-01 (6.9841e-01)	Acc@1  77.34 ( 79.71)	Acc@5  98.44 ( 95.92)
Epoch: [48][4300/4974]	Time  0.923 ( 0.694)	Data  0.496 ( 0.559)	Loss 6.7224e-01 (6.9881e-01)	Acc@1  77.34 ( 79.70)	Acc@5  96.88 ( 95.92)
Epoch: [48][4400/4974]	Time  0.079 ( 0.694)	Data  0.000 ( 0.557)	Loss 5.2953e-01 (6.9919e-01)	Acc@1  82.81 ( 79.68)	Acc@5  97.66 ( 95.91)
Epoch: [48][4500/4974]	Time  0.074 ( 0.693)	Data  0.000 ( 0.555)	Loss 7.4732e-01 (6.9949e-01)	Acc@1  78.12 ( 79.68)	Acc@5  96.09 ( 95.91)
Epoch: [48][4600/4974]	Time  0.214 ( 0.692)	Data  0.178 ( 0.556)	Loss 5.9268e-01 (6.9993e-01)	Acc@1  77.34 ( 79.67)	Acc@5  97.66 ( 95.91)
Epoch: [48][4700/4974]	Time  0.080 ( 0.692)	Data  0.000 ( 0.554)	Loss 7.0644e-01 (7.0051e-01)	Acc@1  82.81 ( 79.66)	Acc@5  95.31 ( 95.90)
Epoch: [48][4800/4974]	Time  0.079 ( 0.692)	Data  0.000 ( 0.555)	Loss 7.5256e-01 (7.0121e-01)	Acc@1  79.69 ( 79.64)	Acc@5  96.09 ( 95.89)
Epoch: [48][4900/4974]	Time  0.086 ( 0.691)	Data  0.000 ( 0.556)	Loss 7.4870e-01 (7.0163e-01)	Acc@1  75.78 ( 79.63)	Acc@5  94.53 ( 95.89)
Test: [  0/389]	Time  6.556 ( 6.556)	Loss 1.3934e+00 (1.3934e+00)	Acc@1  68.75 ( 68.75)	Acc@5  89.84 ( 89.84)
Test: [100/389]	Time  1.045 ( 0.672)	Loss 1.9599e+00 (2.2652e+00)	Acc@1  50.78 ( 53.19)	Acc@5  80.47 ( 78.18)
Test: [200/389]	Time  1.041 ( 0.663)	Loss 4.2670e+00 (2.4933e+00)	Acc@1  27.34 ( 50.83)	Acc@5  49.22 ( 75.68)
Test: [300/389]	Time  1.156 ( 0.651)	Loss 3.8383e+00 (2.7507e+00)	Acc@1  31.25 ( 48.14)	Acc@5  56.25 ( 71.99)
 *   Acc@1 47.351 Acc@5 71.117
Test: [  0/389]	Time  7.103 ( 7.103)	Loss 1.3934e+00 (1.3934e+00)	Acc@1  68.75 ( 68.75)	Acc@5  89.84 ( 89.84)
Test: [100/389]	Time  1.050 ( 0.677)	Loss 1.9599e+00 (2.2652e+00)	Acc@1  50.78 ( 53.19)	Acc@5  80.47 ( 78.18)
Test: [200/389]	Time  1.098 ( 0.666)	Loss 4.2670e+00 (2.4933e+00)	Acc@1  27.34 ( 50.83)	Acc@5  49.22 ( 75.68)
Test: [300/389]	Time  1.176 ( 0.652)	Loss 3.8383e+00 (2.7507e+00)	Acc@1  31.25 ( 48.14)	Acc@5  56.25 ( 71.99)
 *   Acc@1 47.351 Acc@5 71.117
