Use GPU: 0 for training
----------------------------------------
training directory:/data/gpfs/datasets/Imagenet/train_blurred

validating directory:/data/gpfs/datasets/Imagenet/val_blurred

----------------------------------------
Dataset ImageFolder
    Number of datapoints: 1281066
    Root location: /data/gpfs/datasets/Imagenet/train_blurred
    StandardTransform
Transform: Compose(
               Resize(size=256, interpolation=bilinear, max_size=None, antialias=None)
               CenterCrop(size=(224, 224))
               ToTensor()
               Normalize(mean=[0.485, 0.456, 0.406], std=[0.229, 0.224, 0.225])
           )
----------------------------------------
Dataset ImageFolder
    Number of datapoints: 49997
    Root location: /data/gpfs/datasets/Imagenet/val_blurred
    StandardTransform
Transform: Compose(
               Resize(size=256, interpolation=bilinear, max_size=None, antialias=None)
               CenterCrop(size=(224, 224))
               ToTensor()
               Normalize(mean=[0.485, 0.456, 0.406], std=[0.229, 0.224, 0.225])
           )
----------------------------------------
            0                      1
0   n02791124           barber_chair
1   n02823428            beer_bottle
2   n02835271  bicycle-built-for-two
3   n02840245                 binder
4   n02870880               bookcase
5   n02877765              bottlecap
6   n02992529     cellular_telephone
7   n03018349          china_cabinet
8   n03063599             coffee_mug
9   n03085013      computer_keyboard
10  n03127747           crash_helmet
11  n03180011       desktop_computer
12  n03187595         dial_telephone
13  n03376595          folding_chair
14  n03379051        football_helmet
15  n03388183           fountain_pen
16  n03485407     hand-held_computer
17  n03637318              lampshade
18  n03642806                 laptop
19  n03691459            loudspeaker
20  n03742115         medicine_chest
21  n03759954             microphone
22  n03782006                monitor
23  n03785016                  moped
24  n03792782          mountain_bike
25  n03793489                  mouse
26  n03832673               notebook
27  n03902125              pay-phone
28  n03937543            pill_bottle
29  n03983396             pop_bottle
30  n04004767                printer
31  n04009552              projector
32  n04099969          rocking_chair
33  n04152593                 screen
34  n04286575              spotlight
35  n04380533             table_lamp
36  n04476259                   tray
37  n04505470    typewriter_keyboard
38  n04557648           water_bottle
39  n04591713            wine_bottle
40  n06596364             comic_book
41  n07930864                    cup
+---+---+---+---+---+---+---+---+---+---+---+---+---+---+---+---+---+---+---+---
958
42
+---+---+---+---+---+---+---+---+---+---+---+---+---+---+---+---+---+---+---+---
1226767
47897
{0: 0, 1: 1, 2: 2, 3: 3, 4: 4, 5: 5, 6: 6, 7: 7, 8: 8, 9: 9, 10: 10, 11: 11, 12: 12, 13: 13, 14: 14, 15: 15, 16: 16, 17: 17, 18: 18, 19: 19, 20: 20, 21: 21, 22: 22, 23: 23, 24: 24, 25: 25, 26: 26, 27: 27, 28: 28, 29: 29, 30: 30, 31: 31, 32: 32, 33: 33, 34: 34, 35: 35, 36: 36, 37: 37, 38: 38, 39: 39, 40: 40, 41: 41, 42: 42, 43: 43, 44: 44, 45: 45, 46: 46, 47: 47, 48: 48, 49: 49, 50: 50, 51: 51, 52: 52, 53: 53, 54: 54, 55: 55, 56: 56, 57: 57, 58: 58, 59: 59, 60: 60, 61: 61, 62: 62, 63: 63, 64: 64, 65: 65, 66: 66, 67: 67, 68: 68, 69: 69, 70: 70, 71: 71, 72: 72, 73: 73, 74: 74, 75: 75, 76: 76, 77: 77, 78: 78, 79: 79, 80: 80, 81: 81, 82: 82, 83: 83, 84: 84, 85: 85, 86: 86, 87: 87, 88: 88, 89: 89, 90: 90, 91: 91, 92: 92, 93: 93, 94: 94, 95: 95, 96: 96, 97: 97, 98: 98, 99: 99, 100: 100, 101: 101, 102: 102, 103: 103, 104: 104, 105: 105, 106: 106, 107: 107, 108: 108, 109: 109, 110: 110, 111: 111, 112: 112, 113: 113, 114: 114, 115: 115, 116: 116, 117: 117, 118: 118, 119: 119, 120: 120, 121: 121, 122: 122, 123: 123, 124: 124, 125: 125, 126: 126, 127: 127, 128: 128, 129: 129, 130: 130, 131: 131, 132: 132, 133: 133, 134: 134, 135: 135, 136: 136, 137: 137, 138: 138, 139: 139, 140: 140, 141: 141, 142: 142, 143: 143, 144: 144, 145: 145, 146: 146, 147: 147, 148: 148, 149: 149, 150: 150, 151: 151, 152: 152, 153: 153, 154: 154, 155: 155, 156: 156, 157: 157, 158: 158, 159: 159, 160: 160, 161: 161, 162: 162, 163: 163, 164: 164, 165: 165, 166: 166, 167: 167, 168: 168, 169: 169, 170: 170, 171: 171, 172: 172, 173: 173, 174: 174, 175: 175, 176: 176, 177: 177, 178: 178, 179: 179, 180: 180, 181: 181, 182: 182, 183: 183, 184: 184, 185: 185, 186: 186, 187: 187, 188: 188, 189: 189, 190: 190, 191: 191, 192: 192, 193: 193, 194: 194, 195: 195, 196: 196, 197: 197, 198: 198, 199: 199, 200: 200, 201: 201, 202: 202, 203: 203, 204: 204, 205: 205, 206: 206, 207: 207, 208: 208, 209: 209, 210: 210, 211: 211, 212: 212, 213: 213, 214: 214, 215: 215, 216: 216, 217: 217, 218: 218, 219: 219, 220: 220, 221: 221, 222: 222, 223: 223, 224: 224, 225: 225, 226: 226, 227: 227, 228: 228, 229: 229, 230: 230, 231: 231, 232: 232, 233: 233, 234: 234, 235: 235, 236: 236, 237: 237, 238: 238, 239: 239, 240: 240, 241: 241, 242: 242, 243: 243, 244: 244, 245: 245, 246: 246, 247: 247, 248: 248, 249: 249, 250: 250, 251: 251, 252: 252, 253: 253, 254: 254, 255: 255, 256: 256, 257: 257, 258: 258, 259: 259, 260: 260, 261: 261, 262: 262, 263: 263, 264: 264, 265: 265, 266: 266, 267: 267, 268: 268, 269: 269, 270: 270, 271: 271, 272: 272, 273: 273, 274: 274, 275: 275, 276: 276, 277: 277, 278: 278, 279: 279, 280: 280, 281: 281, 282: 282, 283: 283, 284: 284, 285: 285, 286: 286, 287: 287, 288: 288, 289: 289, 290: 290, 291: 291, 292: 292, 293: 293, 294: 294, 295: 295, 296: 296, 297: 297, 298: 298, 299: 299, 300: 300, 301: 301, 302: 302, 303: 303, 304: 304, 305: 305, 306: 306, 307: 307, 308: 308, 309: 309, 310: 310, 311: 311, 312: 312, 313: 313, 314: 314, 315: 315, 316: 316, 317: 317, 318: 318, 319: 319, 320: 320, 321: 321, 322: 322, 323: 323, 324: 324, 325: 325, 326: 326, 327: 327, 328: 328, 329: 329, 330: 330, 331: 331, 332: 332, 333: 333, 334: 334, 335: 335, 336: 336, 337: 337, 338: 338, 339: 339, 340: 340, 341: 341, 342: 342, 343: 343, 344: 344, 345: 345, 346: 346, 347: 347, 348: 348, 349: 349, 350: 350, 351: 351, 352: 352, 353: 353, 354: 354, 355: 355, 356: 356, 357: 357, 358: 358, 359: 359, 360: 360, 361: 361, 362: 362, 363: 363, 364: 364, 365: 365, 366: 366, 367: 367, 368: 368, 369: 369, 370: 370, 371: 371, 372: 372, 373: 373, 374: 374, 375: 375, 376: 376, 377: 377, 378: 378, 379: 379, 380: 380, 381: 381, 382: 382, 383: 383, 384: 384, 385: 385, 386: 386, 387: 387, 388: 388, 389: 389, 390: 390, 391: 391, 392: 392, 393: 393, 394: 394, 395: 395, 396: 396, 397: 397, 398: 398, 399: 399, 400: 400, 401: 401, 402: 402, 403: 403, 404: 404, 405: 405, 406: 406, 407: 407, 408: 408, 409: 409, 410: 410, 411: 411, 412: 412, 413: 413, 414: 414, 415: 415, 416: 416, 417: 417, 418: 418, 419: 419, 420: 420, 421: 421, 422: 422, 424: 423, 425: 424, 426: 425, 427: 426, 428: 427, 429: 428, 430: 429, 431: 430, 432: 431, 433: 432, 434: 433, 435: 434, 436: 435, 437: 436, 438: 437, 439: 438, 441: 439, 442: 440, 443: 441, 445: 442, 447: 443, 448: 444, 449: 445, 450: 446, 451: 447, 452: 448, 454: 449, 456: 450, 457: 451, 458: 452, 459: 453, 460: 454, 461: 455, 462: 456, 463: 457, 464: 458, 465: 459, 466: 460, 467: 461, 468: 462, 469: 463, 470: 464, 471: 465, 472: 466, 473: 467, 474: 468, 475: 469, 476: 470, 477: 471, 478: 472, 479: 473, 480: 474, 481: 475, 482: 476, 483: 477, 484: 478, 485: 479, 486: 480, 488: 481, 489: 482, 490: 483, 491: 484, 492: 485, 493: 486, 494: 487, 496: 488, 497: 489, 498: 490, 499: 491, 500: 492, 501: 493, 502: 494, 503: 495, 505: 496, 506: 497, 507: 498, 509: 499, 510: 500, 511: 501, 512: 502, 513: 503, 514: 504, 515: 505, 516: 506, 517: 507, 519: 508, 520: 509, 521: 510, 522: 511, 523: 512, 524: 513, 525: 514, 526: 515, 529: 516, 530: 517, 531: 518, 532: 519, 533: 520, 534: 521, 535: 522, 536: 523, 537: 524, 538: 525, 539: 526, 540: 527, 541: 528, 542: 529, 543: 530, 544: 531, 545: 532, 546: 533, 547: 534, 548: 535, 549: 536, 550: 537, 551: 538, 552: 539, 553: 540, 554: 541, 555: 542, 556: 543, 557: 544, 558: 545, 561: 546, 562: 547, 564: 548, 565: 549, 566: 550, 567: 551, 568: 552, 569: 553, 570: 554, 571: 555, 572: 556, 573: 557, 574: 558, 575: 559, 576: 560, 577: 561, 578: 562, 579: 563, 580: 564, 581: 565, 582: 566, 583: 567, 584: 568, 585: 569, 586: 570, 587: 571, 588: 572, 589: 573, 591: 574, 592: 575, 593: 576, 594: 577, 595: 578, 596: 579, 597: 580, 598: 581, 599: 582, 600: 583, 601: 584, 602: 585, 603: 586, 604: 587, 605: 588, 606: 589, 607: 590, 608: 591, 609: 592, 610: 593, 611: 594, 612: 595, 613: 596, 614: 597, 615: 598, 616: 599, 617: 600, 618: 601, 621: 602, 622: 603, 623: 604, 624: 605, 625: 606, 626: 607, 627: 608, 628: 609, 629: 610, 630: 611, 631: 612, 633: 613, 634: 614, 635: 615, 636: 616, 637: 617, 638: 618, 639: 619, 640: 620, 641: 621, 642: 622, 643: 623, 644: 624, 645: 625, 646: 626, 647: 627, 649: 628, 651: 629, 652: 630, 653: 631, 654: 632, 655: 633, 656: 634, 657: 635, 658: 636, 659: 637, 660: 638, 661: 639, 662: 640, 663: 641, 666: 642, 667: 643, 668: 644, 669: 645, 670: 646, 672: 647, 674: 648, 675: 649, 676: 650, 677: 651, 678: 652, 679: 653, 680: 654, 682: 655, 683: 656, 684: 657, 685: 658, 686: 659, 687: 660, 688: 661, 689: 662, 690: 663, 691: 664, 692: 665, 693: 666, 694: 667, 695: 668, 696: 669, 697: 670, 698: 671, 699: 672, 700: 673, 701: 674, 702: 675, 703: 676, 704: 677, 705: 678, 706: 679, 708: 680, 709: 681, 710: 682, 711: 683, 712: 684, 713: 685, 714: 686, 715: 687, 716: 688, 717: 689, 718: 690, 719: 691, 721: 692, 722: 693, 723: 694, 724: 695, 725: 696, 726: 697, 727: 698, 728: 699, 729: 700, 730: 701, 731: 702, 732: 703, 733: 704, 734: 705, 735: 706, 736: 707, 738: 708, 739: 709, 740: 710, 741: 711, 743: 712, 744: 713, 746: 714, 747: 715, 748: 716, 749: 717, 750: 718, 751: 719, 752: 720, 753: 721, 754: 722, 755: 723, 756: 724, 757: 725, 758: 726, 759: 727, 760: 728, 761: 729, 762: 730, 763: 731, 764: 732, 766: 733, 767: 734, 768: 735, 769: 736, 770: 737, 771: 738, 772: 739, 773: 740, 774: 741, 775: 742, 776: 743, 777: 744, 778: 745, 779: 746, 780: 747, 781: 748, 783: 749, 784: 750, 785: 751, 786: 752, 787: 753, 788: 754, 789: 755, 790: 756, 791: 757, 792: 758, 793: 759, 794: 760, 795: 761, 796: 762, 797: 763, 798: 764, 799: 765, 800: 766, 801: 767, 802: 768, 803: 769, 804: 770, 805: 771, 806: 772, 807: 773, 808: 774, 809: 775, 810: 776, 811: 777, 812: 778, 813: 779, 814: 780, 815: 781, 816: 782, 817: 783, 819: 784, 820: 785, 821: 786, 822: 787, 823: 788, 824: 789, 825: 790, 826: 791, 827: 792, 828: 793, 829: 794, 830: 795, 831: 796, 832: 797, 833: 798, 834: 799, 835: 800, 836: 801, 837: 802, 838: 803, 839: 804, 840: 805, 841: 806, 842: 807, 843: 808, 844: 809, 845: 810, 847: 811, 848: 812, 849: 813, 850: 814, 851: 815, 852: 816, 853: 817, 854: 818, 855: 819, 856: 820, 857: 821, 858: 822, 859: 823, 860: 824, 861: 825, 862: 826, 863: 827, 864: 828, 865: 829, 866: 830, 867: 831, 869: 832, 870: 833, 871: 834, 872: 835, 873: 836, 874: 837, 875: 838, 876: 839, 877: 840, 879: 841, 880: 842, 881: 843, 882: 844, 883: 845, 884: 846, 885: 847, 886: 848, 887: 849, 888: 850, 889: 851, 890: 852, 891: 853, 892: 854, 893: 855, 894: 856, 895: 857, 896: 858, 897: 859, 899: 860, 900: 861, 901: 862, 902: 863, 903: 864, 904: 865, 905: 866, 906: 867, 908: 868, 909: 869, 910: 870, 911: 871, 912: 872, 913: 873, 914: 874, 915: 875, 916: 876, 918: 877, 919: 878, 920: 879, 921: 880, 922: 881, 923: 882, 924: 883, 925: 884, 926: 885, 927: 886, 928: 887, 929: 888, 930: 889, 931: 890, 932: 891, 933: 892, 934: 893, 935: 894, 936: 895, 937: 896, 938: 897, 939: 898, 940: 899, 941: 900, 942: 901, 943: 902, 944: 903, 945: 904, 946: 905, 947: 906, 948: 907, 949: 908, 950: 909, 951: 910, 952: 911, 953: 912, 954: 913, 955: 914, 956: 915, 957: 916, 958: 917, 959: 918, 960: 919, 961: 920, 962: 921, 963: 922, 964: 923, 965: 924, 966: 925, 967: 926, 969: 927, 970: 928, 971: 929, 972: 930, 973: 931, 974: 932, 975: 933, 976: 934, 977: 935, 978: 936, 979: 937, 980: 938, 981: 939, 982: 940, 983: 941, 984: 942, 985: 943, 986: 944, 987: 945, 988: 946, 989: 947, 990: 948, 991: 949, 992: 950, 993: 951, 994: 952, 995: 953, 996: 954, 997: 955, 998: 956, 999: 957}
training set
799
validating   set
125
when creating the model, the number of classes are
958
=> creating model 'resnet18'
Use GPU: 2 for training
----------------------------------------
training directory:/data/gpfs/datasets/Imagenet/train_blurred

validating directory:/data/gpfs/datasets/Imagenet/val_blurred

----------------------------------------
Dataset ImageFolder
    Number of datapoints: 1281066
    Root location: /data/gpfs/datasets/Imagenet/train_blurred
    StandardTransform
Transform: Compose(
               Resize(size=256, interpolation=bilinear, max_size=None, antialias=None)
               CenterCrop(size=(224, 224))
               ToTensor()
               Normalize(mean=[0.485, 0.456, 0.406], std=[0.229, 0.224, 0.225])
           )
----------------------------------------
Dataset ImageFolder
    Number of datapoints: 49997
    Root location: /data/gpfs/datasets/Imagenet/val_blurred
    StandardTransform
Transform: Compose(
               Resize(size=256, interpolation=bilinear, max_size=None, antialias=None)
               CenterCrop(size=(224, 224))
               ToTensor()
               Normalize(mean=[0.485, 0.456, 0.406], std=[0.229, 0.224, 0.225])
           )
----------------------------------------
            0                      1
0   n02791124           barber_chair
1   n02823428            beer_bottle
2   n02835271  bicycle-built-for-two
3   n02840245                 binder
4   n02870880               bookcase
5   n02877765              bottlecap
6   n02992529     cellular_telephone
7   n03018349          china_cabinet
8   n03063599             coffee_mug
9   n03085013      computer_keyboard
10  n03127747           crash_helmet
11  n03180011       desktop_computer
12  n03187595         dial_telephone
13  n03376595          folding_chair
14  n03379051        football_helmet
15  n03388183           fountain_pen
16  n03485407     hand-held_computer
17  n03637318              lampshade
18  n03642806                 laptop
19  n03691459            loudspeaker
20  n03742115         medicine_chest
21  n03759954             microphone
22  n03782006                monitor
23  n03785016                  moped
24  n03792782          mountain_bike
25  n03793489                  mouse
26  n03832673               notebook
27  n03902125              pay-phone
28  n03937543            pill_bottle
29  n03983396             pop_bottle
30  n04004767                printer
31  n04009552              projector
32  n04099969          rocking_chair
33  n04152593                 screen
34  n04286575              spotlight
35  n04380533             table_lamp
36  n04476259                   tray
37  n04505470    typewriter_keyboard
38  n04557648           water_bottle
39  n04591713            wine_bottle
40  n06596364             comic_book
41  n07930864                    cup
+---+---+---+---+---+---+---+---+---+---+---+---+---+---+---+---+---+---+---+---
958
42
+---+---+---+---+---+---+---+---+---+---+---+---+---+---+---+---+---+---+---+---
1226767
47897
{0: 0, 1: 1, 2: 2, 3: 3, 4: 4, 5: 5, 6: 6, 7: 7, 8: 8, 9: 9, 10: 10, 11: 11, 12: 12, 13: 13, 14: 14, 15: 15, 16: 16, 17: 17, 18: 18, 19: 19, 20: 20, 21: 21, 22: 22, 23: 23, 24: 24, 25: 25, 26: 26, 27: 27, 28: 28, 29: 29, 30: 30, 31: 31, 32: 32, 33: 33, 34: 34, 35: 35, 36: 36, 37: 37, 38: 38, 39: 39, 40: 40, 41: 41, 42: 42, 43: 43, 44: 44, 45: 45, 46: 46, 47: 47, 48: 48, 49: 49, 50: 50, 51: 51, 52: 52, 53: 53, 54: 54, 55: 55, 56: 56, 57: 57, 58: 58, 59: 59, 60: 60, 61: 61, 62: 62, 63: 63, 64: 64, 65: 65, 66: 66, 67: 67, 68: 68, 69: 69, 70: 70, 71: 71, 72: 72, 73: 73, 74: 74, 75: 75, 76: 76, 77: 77, 78: 78, 79: 79, 80: 80, 81: 81, 82: 82, 83: 83, 84: 84, 85: 85, 86: 86, 87: 87, 88: 88, 89: 89, 90: 90, 91: 91, 92: 92, 93: 93, 94: 94, 95: 95, 96: 96, 97: 97, 98: 98, 99: 99, 100: 100, 101: 101, 102: 102, 103: 103, 104: 104, 105: 105, 106: 106, 107: 107, 108: 108, 109: 109, 110: 110, 111: 111, 112: 112, 113: 113, 114: 114, 115: 115, 116: 116, 117: 117, 118: 118, 119: 119, 120: 120, 121: 121, 122: 122, 123: 123, 124: 124, 125: 125, 126: 126, 127: 127, 128: 128, 129: 129, 130: 130, 131: 131, 132: 132, 133: 133, 134: 134, 135: 135, 136: 136, 137: 137, 138: 138, 139: 139, 140: 140, 141: 141, 142: 142, 143: 143, 144: 144, 145: 145, 146: 146, 147: 147, 148: 148, 149: 149, 150: 150, 151: 151, 152: 152, 153: 153, 154: 154, 155: 155, 156: 156, 157: 157, 158: 158, 159: 159, 160: 160, 161: 161, 162: 162, 163: 163, 164: 164, 165: 165, 166: 166, 167: 167, 168: 168, 169: 169, 170: 170, 171: 171, 172: 172, 173: 173, 174: 174, 175: 175, 176: 176, 177: 177, 178: 178, 179: 179, 180: 180, 181: 181, 182: 182, 183: 183, 184: 184, 185: 185, 186: 186, 187: 187, 188: 188, 189: 189, 190: 190, 191: 191, 192: 192, 193: 193, 194: 194, 195: 195, 196: 196, 197: 197, 198: 198, 199: 199, 200: 200, 201: 201, 202: 202, 203: 203, 204: 204, 205: 205, 206: 206, 207: 207, 208: 208, 209: 209, 210: 210, 211: 211, 212: 212, 213: 213, 214: 214, 215: 215, 216: 216, 217: 217, 218: 218, 219: 219, 220: 220, 221: 221, 222: 222, 223: 223, 224: 224, 225: 225, 226: 226, 227: 227, 228: 228, 229: 229, 230: 230, 231: 231, 232: 232, 233: 233, 234: 234, 235: 235, 236: 236, 237: 237, 238: 238, 239: 239, 240: 240, 241: 241, 242: 242, 243: 243, 244: 244, 245: 245, 246: 246, 247: 247, 248: 248, 249: 249, 250: 250, 251: 251, 252: 252, 253: 253, 254: 254, 255: 255, 256: 256, 257: 257, 258: 258, 259: 259, 260: 260, 261: 261, 262: 262, 263: 263, 264: 264, 265: 265, 266: 266, 267: 267, 268: 268, 269: 269, 270: 270, 271: 271, 272: 272, 273: 273, 274: 274, 275: 275, 276: 276, 277: 277, 278: 278, 279: 279, 280: 280, 281: 281, 282: 282, 283: 283, 284: 284, 285: 285, 286: 286, 287: 287, 288: 288, 289: 289, 290: 290, 291: 291, 292: 292, 293: 293, 294: 294, 295: 295, 296: 296, 297: 297, 298: 298, 299: 299, 300: 300, 301: 301, 302: 302, 303: 303, 304: 304, 305: 305, 306: 306, 307: 307, 308: 308, 309: 309, 310: 310, 311: 311, 312: 312, 313: 313, 314: 314, 315: 315, 316: 316, 317: 317, 318: 318, 319: 319, 320: 320, 321: 321, 322: 322, 323: 323, 324: 324, 325: 325, 326: 326, 327: 327, 328: 328, 329: 329, 330: 330, 331: 331, 332: 332, 333: 333, 334: 334, 335: 335, 336: 336, 337: 337, 338: 338, 339: 339, 340: 340, 341: 341, 342: 342, 343: 343, 344: 344, 345: 345, 346: 346, 347: 347, 348: 348, 349: 349, 350: 350, 351: 351, 352: 352, 353: 353, 354: 354, 355: 355, 356: 356, 357: 357, 358: 358, 359: 359, 360: 360, 361: 361, 362: 362, 363: 363, 364: 364, 365: 365, 366: 366, 367: 367, 368: 368, 369: 369, 370: 370, 371: 371, 372: 372, 373: 373, 374: 374, 375: 375, 376: 376, 377: 377, 378: 378, 379: 379, 380: 380, 381: 381, 382: 382, 383: 383, 384: 384, 385: 385, 386: 386, 387: 387, 388: 388, 389: 389, 390: 390, 391: 391, 392: 392, 393: 393, 394: 394, 395: 395, 396: 396, 397: 397, 398: 398, 399: 399, 400: 400, 401: 401, 402: 402, 403: 403, 404: 404, 405: 405, 406: 406, 407: 407, 408: 408, 409: 409, 410: 410, 411: 411, 412: 412, 413: 413, 414: 414, 415: 415, 416: 416, 417: 417, 418: 418, 419: 419, 420: 420, 421: 421, 422: 422, 424: 423, 425: 424, 426: 425, 427: 426, 428: 427, 429: 428, 430: 429, 431: 430, 432: 431, 433: 432, 434: 433, 435: 434, 436: 435, 437: 436, 438: 437, 439: 438, 441: 439, 442: 440, 443: 441, 445: 442, 447: 443, 448: 444, 449: 445, 450: 446, 451: 447, 452: 448, 454: 449, 456: 450, 457: 451, 458: 452, 459: 453, 460: 454, 461: 455, 462: 456, 463: 457, 464: 458, 465: 459, 466: 460, 467: 461, 468: 462, 469: 463, 470: 464, 471: 465, 472: 466, 473: 467, 474: 468, 475: 469, 476: 470, 477: 471, 478: 472, 479: 473, 480: 474, 481: 475, 482: 476, 483: 477, 484: 478, 485: 479, 486: 480, 488: 481, 489: 482, 490: 483, 491: 484, 492: 485, 493: 486, 494: 487, 496: 488, 497: 489, 498: 490, 499: 491, 500: 492, 501: 493, 502: 494, 503: 495, 505: 496, 506: 497, 507: 498, 509: 499, 510: 500, 511: 501, 512: 502, 513: 503, 514: 504, 515: 505, 516: 506, 517: 507, 519: 508, 520: 509, 521: 510, 522: 511, 523: 512, 524: 513, 525: 514, 526: 515, 529: 516, 530: 517, 531: 518, 532: 519, 533: 520, 534: 521, 535: 522, 536: 523, 537: 524, 538: 525, 539: 526, 540: 527, 541: 528, 542: 529, 543: 530, 544: 531, 545: 532, 546: 533, 547: 534, 548: 535, 549: 536, 550: 537, 551: 538, 552: 539, 553: 540, 554: 541, 555: 542, 556: 543, 557: 544, 558: 545, 561: 546, 562: 547, 564: 548, 565: 549, 566: 550, 567: 551, 568: 552, 569: 553, 570: 554, 571: 555, 572: 556, 573: 557, 574: 558, 575: 559, 576: 560, 577: 561, 578: 562, 579: 563, 580: 564, 581: 565, 582: 566, 583: 567, 584: 568, 585: 569, 586: 570, 587: 571, 588: 572, 589: 573, 591: 574, 592: 575, 593: 576, 594: 577, 595: 578, 596: 579, 597: 580, 598: 581, 599: 582, 600: 583, 601: 584, 602: 585, 603: 586, 604: 587, 605: 588, 606: 589, 607: 590, 608: 591, 609: 592, 610: 593, 611: 594, 612: 595, 613: 596, 614: 597, 615: 598, 616: 599, 617: 600, 618: 601, 621: 602, 622: 603, 623: 604, 624: 605, 625: 606, 626: 607, 627: 608, 628: 609, 629: 610, 630: 611, 631: 612, 633: 613, 634: 614, 635: 615, 636: 616, 637: 617, 638: 618, 639: 619, 640: 620, 641: 621, 642: 622, 643: 623, 644: 624, 645: 625, 646: 626, 647: 627, 649: 628, 651: 629, 652: 630, 653: 631, 654: 632, 655: 633, 656: 634, 657: 635, 658: 636, 659: 637, 660: 638, 661: 639, 662: 640, 663: 641, 666: 642, 667: 643, 668: 644, 669: 645, 670: 646, 672: 647, 674: 648, 675: 649, 676: 650, 677: 651, 678: 652, 679: 653, 680: 654, 682: 655, 683: 656, 684: 657, 685: 658, 686: 659, 687: 660, 688: 661, 689: 662, 690: 663, 691: 664, 692: 665, 693: 666, 694: 667, 695: 668, 696: 669, 697: 670, 698: 671, 699: 672, 700: 673, 701: 674, 702: 675, 703: 676, 704: 677, 705: 678, 706: 679, 708: 680, 709: 681, 710: 682, 711: 683, 712: 684, 713: 685, 714: 686, 715: 687, 716: 688, 717: 689, 718: 690, 719: 691, 721: 692, 722: 693, 723: 694, 724: 695, 725: 696, 726: 697, 727: 698, 728: 699, 729: 700, 730: 701, 731: 702, 732: 703, 733: 704, 734: 705, 735: 706, 736: 707, 738: 708, 739: 709, 740: 710, 741: 711, 743: 712, 744: 713, 746: 714, 747: 715, 748: 716, 749: 717, 750: 718, 751: 719, 752: 720, 753: 721, 754: 722, 755: 723, 756: 724, 757: 725, 758: 726, 759: 727, 760: 728, 761: 729, 762: 730, 763: 731, 764: 732, 766: 733, 767: 734, 768: 735, 769: 736, 770: 737, 771: 738, 772: 739, 773: 740, 774: 741, 775: 742, 776: 743, 777: 744, 778: 745, 779: 746, 780: 747, 781: 748, 783: 749, 784: 750, 785: 751, 786: 752, 787: 753, 788: 754, 789: 755, 790: 756, 791: 757, 792: 758, 793: 759, 794: 760, 795: 761, 796: 762, 797: 763, 798: 764, 799: 765, 800: 766, 801: 767, 802: 768, 803: 769, 804: 770, 805: 771, 806: 772, 807: 773, 808: 774, 809: 775, 810: 776, 811: 777, 812: 778, 813: 779, 814: 780, 815: 781, 816: 782, 817: 783, 819: 784, 820: 785, 821: 786, 822: 787, 823: 788, 824: 789, 825: 790, 826: 791, 827: 792, 828: 793, 829: 794, 830: 795, 831: 796, 832: 797, 833: 798, 834: 799, 835: 800, 836: 801, 837: 802, 838: 803, 839: 804, 840: 805, 841: 806, 842: 807, 843: 808, 844: 809, 845: 810, 847: 811, 848: 812, 849: 813, 850: 814, 851: 815, 852: 816, 853: 817, 854: 818, 855: 819, 856: 820, 857: 821, 858: 822, 859: 823, 860: 824, 861: 825, 862: 826, 863: 827, 864: 828, 865: 829, 866: 830, 867: 831, 869: 832, 870: 833, 871: 834, 872: 835, 873: 836, 874: 837, 875: 838, 876: 839, 877: 840, 879: 841, 880: 842, 881: 843, 882: 844, 883: 845, 884: 846, 885: 847, 886: 848, 887: 849, 888: 850, 889: 851, 890: 852, 891: 853, 892: 854, 893: 855, 894: 856, 895: 857, 896: 858, 897: 859, 899: 860, 900: 861, 901: 862, 902: 863, 903: 864, 904: 865, 905: 866, 906: 867, 908: 868, 909: 869, 910: 870, 911: 871, 912: 872, 913: 873, 914: 874, 915: 875, 916: 876, 918: 877, 919: 878, 920: 879, 921: 880, 922: 881, 923: 882, 924: 883, 925: 884, 926: 885, 927: 886, 928: 887, 929: 888, 930: 889, 931: 890, 932: 891, 933: 892, 934: 893, 935: 894, 936: 895, 937: 896, 938: 897, 939: 898, 940: 899, 941: 900, 942: 901, 943: 902, 944: 903, 945: 904, 946: 905, 947: 906, 948: 907, 949: 908, 950: 909, 951: 910, 952: 911, 953: 912, 954: 913, 955: 914, 956: 915, 957: 916, 958: 917, 959: 918, 960: 919, 961: 920, 962: 921, 963: 922, 964: 923, 965: 924, 966: 925, 967: 926, 969: 927, 970: 928, 971: 929, 972: 930, 973: 931, 974: 932, 975: 933, 976: 934, 977: 935, 978: 936, 979: 937, 980: 938, 981: 939, 982: 940, 983: 941, 984: 942, 985: 943, 986: 944, 987: 945, 988: 946, 989: 947, 990: 948, 991: 949, 992: 950, 993: 951, 994: 952, 995: 953, 996: 954, 997: 955, 998: 956, 999: 957}
training set
799
validating   set
125
when creating the model, the number of classes are
958
=> creating model 'resnet18'
Use GPU: 3 for training
----------------------------------------
training directory:/data/gpfs/datasets/Imagenet/train_blurred

validating directory:/data/gpfs/datasets/Imagenet/val_blurred

----------------------------------------
Dataset ImageFolder
    Number of datapoints: 1281066
    Root location: /data/gpfs/datasets/Imagenet/train_blurred
    StandardTransform
Transform: Compose(
               Resize(size=256, interpolation=bilinear, max_size=None, antialias=None)
               CenterCrop(size=(224, 224))
               ToTensor()
               Normalize(mean=[0.485, 0.456, 0.406], std=[0.229, 0.224, 0.225])
           )
----------------------------------------
Dataset ImageFolder
    Number of datapoints: 49997
    Root location: /data/gpfs/datasets/Imagenet/val_blurred
    StandardTransform
Transform: Compose(
               Resize(size=256, interpolation=bilinear, max_size=None, antialias=None)
               CenterCrop(size=(224, 224))
               ToTensor()
               Normalize(mean=[0.485, 0.456, 0.406], std=[0.229, 0.224, 0.225])
           )
----------------------------------------
            0                      1
0   n02791124           barber_chair
1   n02823428            beer_bottle
2   n02835271  bicycle-built-for-two
3   n02840245                 binder
4   n02870880               bookcase
5   n02877765              bottlecap
6   n02992529     cellular_telephone
7   n03018349          china_cabinet
8   n03063599             coffee_mug
9   n03085013      computer_keyboard
10  n03127747           crash_helmet
11  n03180011       desktop_computer
12  n03187595         dial_telephone
13  n03376595          folding_chair
14  n03379051        football_helmet
15  n03388183           fountain_pen
16  n03485407     hand-held_computer
17  n03637318              lampshade
18  n03642806                 laptop
19  n03691459            loudspeaker
20  n03742115         medicine_chest
21  n03759954             microphone
22  n03782006                monitor
23  n03785016                  moped
24  n03792782          mountain_bike
25  n03793489                  mouse
26  n03832673               notebook
27  n03902125              pay-phone
28  n03937543            pill_bottle
29  n03983396             pop_bottle
30  n04004767                printer
31  n04009552              projector
32  n04099969          rocking_chair
33  n04152593                 screen
34  n04286575              spotlight
35  n04380533             table_lamp
36  n04476259                   tray
37  n04505470    typewriter_keyboard
38  n04557648           water_bottle
39  n04591713            wine_bottle
40  n06596364             comic_book
41  n07930864                    cup
+---+---+---+---+---+---+---+---+---+---+---+---+---+---+---+---+---+---+---+---
958
42
+---+---+---+---+---+---+---+---+---+---+---+---+---+---+---+---+---+---+---+---
1226767
47897
{0: 0, 1: 1, 2: 2, 3: 3, 4: 4, 5: 5, 6: 6, 7: 7, 8: 8, 9: 9, 10: 10, 11: 11, 12: 12, 13: 13, 14: 14, 15: 15, 16: 16, 17: 17, 18: 18, 19: 19, 20: 20, 21: 21, 22: 22, 23: 23, 24: 24, 25: 25, 26: 26, 27: 27, 28: 28, 29: 29, 30: 30, 31: 31, 32: 32, 33: 33, 34: 34, 35: 35, 36: 36, 37: 37, 38: 38, 39: 39, 40: 40, 41: 41, 42: 42, 43: 43, 44: 44, 45: 45, 46: 46, 47: 47, 48: 48, 49: 49, 50: 50, 51: 51, 52: 52, 53: 53, 54: 54, 55: 55, 56: 56, 57: 57, 58: 58, 59: 59, 60: 60, 61: 61, 62: 62, 63: 63, 64: 64, 65: 65, 66: 66, 67: 67, 68: 68, 69: 69, 70: 70, 71: 71, 72: 72, 73: 73, 74: 74, 75: 75, 76: 76, 77: 77, 78: 78, 79: 79, 80: 80, 81: 81, 82: 82, 83: 83, 84: 84, 85: 85, 86: 86, 87: 87, 88: 88, 89: 89, 90: 90, 91: 91, 92: 92, 93: 93, 94: 94, 95: 95, 96: 96, 97: 97, 98: 98, 99: 99, 100: 100, 101: 101, 102: 102, 103: 103, 104: 104, 105: 105, 106: 106, 107: 107, 108: 108, 109: 109, 110: 110, 111: 111, 112: 112, 113: 113, 114: 114, 115: 115, 116: 116, 117: 117, 118: 118, 119: 119, 120: 120, 121: 121, 122: 122, 123: 123, 124: 124, 125: 125, 126: 126, 127: 127, 128: 128, 129: 129, 130: 130, 131: 131, 132: 132, 133: 133, 134: 134, 135: 135, 136: 136, 137: 137, 138: 138, 139: 139, 140: 140, 141: 141, 142: 142, 143: 143, 144: 144, 145: 145, 146: 146, 147: 147, 148: 148, 149: 149, 150: 150, 151: 151, 152: 152, 153: 153, 154: 154, 155: 155, 156: 156, 157: 157, 158: 158, 159: 159, 160: 160, 161: 161, 162: 162, 163: 163, 164: 164, 165: 165, 166: 166, 167: 167, 168: 168, 169: 169, 170: 170, 171: 171, 172: 172, 173: 173, 174: 174, 175: 175, 176: 176, 177: 177, 178: 178, 179: 179, 180: 180, 181: 181, 182: 182, 183: 183, 184: 184, 185: 185, 186: 186, 187: 187, 188: 188, 189: 189, 190: 190, 191: 191, 192: 192, 193: 193, 194: 194, 195: 195, 196: 196, 197: 197, 198: 198, 199: 199, 200: 200, 201: 201, 202: 202, 203: 203, 204: 204, 205: 205, 206: 206, 207: 207, 208: 208, 209: 209, 210: 210, 211: 211, 212: 212, 213: 213, 214: 214, 215: 215, 216: 216, 217: 217, 218: 218, 219: 219, 220: 220, 221: 221, 222: 222, 223: 223, 224: 224, 225: 225, 226: 226, 227: 227, 228: 228, 229: 229, 230: 230, 231: 231, 232: 232, 233: 233, 234: 234, 235: 235, 236: 236, 237: 237, 238: 238, 239: 239, 240: 240, 241: 241, 242: 242, 243: 243, 244: 244, 245: 245, 246: 246, 247: 247, 248: 248, 249: 249, 250: 250, 251: 251, 252: 252, 253: 253, 254: 254, 255: 255, 256: 256, 257: 257, 258: 258, 259: 259, 260: 260, 261: 261, 262: 262, 263: 263, 264: 264, 265: 265, 266: 266, 267: 267, 268: 268, 269: 269, 270: 270, 271: 271, 272: 272, 273: 273, 274: 274, 275: 275, 276: 276, 277: 277, 278: 278, 279: 279, 280: 280, 281: 281, 282: 282, 283: 283, 284: 284, 285: 285, 286: 286, 287: 287, 288: 288, 289: 289, 290: 290, 291: 291, 292: 292, 293: 293, 294: 294, 295: 295, 296: 296, 297: 297, 298: 298, 299: 299, 300: 300, 301: 301, 302: 302, 303: 303, 304: 304, 305: 305, 306: 306, 307: 307, 308: 308, 309: 309, 310: 310, 311: 311, 312: 312, 313: 313, 314: 314, 315: 315, 316: 316, 317: 317, 318: 318, 319: 319, 320: 320, 321: 321, 322: 322, 323: 323, 324: 324, 325: 325, 326: 326, 327: 327, 328: 328, 329: 329, 330: 330, 331: 331, 332: 332, 333: 333, 334: 334, 335: 335, 336: 336, 337: 337, 338: 338, 339: 339, 340: 340, 341: 341, 342: 342, 343: 343, 344: 344, 345: 345, 346: 346, 347: 347, 348: 348, 349: 349, 350: 350, 351: 351, 352: 352, 353: 353, 354: 354, 355: 355, 356: 356, 357: 357, 358: 358, 359: 359, 360: 360, 361: 361, 362: 362, 363: 363, 364: 364, 365: 365, 366: 366, 367: 367, 368: 368, 369: 369, 370: 370, 371: 371, 372: 372, 373: 373, 374: 374, 375: 375, 376: 376, 377: 377, 378: 378, 379: 379, 380: 380, 381: 381, 382: 382, 383: 383, 384: 384, 385: 385, 386: 386, 387: 387, 388: 388, 389: 389, 390: 390, 391: 391, 392: 392, 393: 393, 394: 394, 395: 395, 396: 396, 397: 397, 398: 398, 399: 399, 400: 400, 401: 401, 402: 402, 403: 403, 404: 404, 405: 405, 406: 406, 407: 407, 408: 408, 409: 409, 410: 410, 411: 411, 412: 412, 413: 413, 414: 414, 415: 415, 416: 416, 417: 417, 418: 418, 419: 419, 420: 420, 421: 421, 422: 422, 424: 423, 425: 424, 426: 425, 427: 426, 428: 427, 429: 428, 430: 429, 431: 430, 432: 431, 433: 432, 434: 433, 435: 434, 436: 435, 437: 436, 438: 437, 439: 438, 441: 439, 442: 440, 443: 441, 445: 442, 447: 443, 448: 444, 449: 445, 450: 446, 451: 447, 452: 448, 454: 449, 456: 450, 457: 451, 458: 452, 459: 453, 460: 454, 461: 455, 462: 456, 463: 457, 464: 458, 465: 459, 466: 460, 467: 461, 468: 462, 469: 463, 470: 464, 471: 465, 472: 466, 473: 467, 474: 468, 475: 469, 476: 470, 477: 471, 478: 472, 479: 473, 480: 474, 481: 475, 482: 476, 483: 477, 484: 478, 485: 479, 486: 480, 488: 481, 489: 482, 490: 483, 491: 484, 492: 485, 493: 486, 494: 487, 496: 488, 497: 489, 498: 490, 499: 491, 500: 492, 501: 493, 502: 494, 503: 495, 505: 496, 506: 497, 507: 498, 509: 499, 510: 500, 511: 501, 512: 502, 513: 503, 514: 504, 515: 505, 516: 506, 517: 507, 519: 508, 520: 509, 521: 510, 522: 511, 523: 512, 524: 513, 525: 514, 526: 515, 529: 516, 530: 517, 531: 518, 532: 519, 533: 520, 534: 521, 535: 522, 536: 523, 537: 524, 538: 525, 539: 526, 540: 527, 541: 528, 542: 529, 543: 530, 544: 531, 545: 532, 546: 533, 547: 534, 548: 535, 549: 536, 550: 537, 551: 538, 552: 539, 553: 540, 554: 541, 555: 542, 556: 543, 557: 544, 558: 545, 561: 546, 562: 547, 564: 548, 565: 549, 566: 550, 567: 551, 568: 552, 569: 553, 570: 554, 571: 555, 572: 556, 573: 557, 574: 558, 575: 559, 576: 560, 577: 561, 578: 562, 579: 563, 580: 564, 581: 565, 582: 566, 583: 567, 584: 568, 585: 569, 586: 570, 587: 571, 588: 572, 589: 573, 591: 574, 592: 575, 593: 576, 594: 577, 595: 578, 596: 579, 597: 580, 598: 581, 599: 582, 600: 583, 601: 584, 602: 585, 603: 586, 604: 587, 605: 588, 606: 589, 607: 590, 608: 591, 609: 592, 610: 593, 611: 594, 612: 595, 613: 596, 614: 597, 615: 598, 616: 599, 617: 600, 618: 601, 621: 602, 622: 603, 623: 604, 624: 605, 625: 606, 626: 607, 627: 608, 628: 609, 629: 610, 630: 611, 631: 612, 633: 613, 634: 614, 635: 615, 636: 616, 637: 617, 638: 618, 639: 619, 640: 620, 641: 621, 642: 622, 643: 623, 644: 624, 645: 625, 646: 626, 647: 627, 649: 628, 651: 629, 652: 630, 653: 631, 654: 632, 655: 633, 656: 634, 657: 635, 658: 636, 659: 637, 660: 638, 661: 639, 662: 640, 663: 641, 666: 642, 667: 643, 668: 644, 669: 645, 670: 646, 672: 647, 674: 648, 675: 649, 676: 650, 677: 651, 678: 652, 679: 653, 680: 654, 682: 655, 683: 656, 684: 657, 685: 658, 686: 659, 687: 660, 688: 661, 689: 662, 690: 663, 691: 664, 692: 665, 693: 666, 694: 667, 695: 668, 696: 669, 697: 670, 698: 671, 699: 672, 700: 673, 701: 674, 702: 675, 703: 676, 704: 677, 705: 678, 706: 679, 708: 680, 709: 681, 710: 682, 711: 683, 712: 684, 713: 685, 714: 686, 715: 687, 716: 688, 717: 689, 718: 690, 719: 691, 721: 692, 722: 693, 723: 694, 724: 695, 725: 696, 726: 697, 727: 698, 728: 699, 729: 700, 730: 701, 731: 702, 732: 703, 733: 704, 734: 705, 735: 706, 736: 707, 738: 708, 739: 709, 740: 710, 741: 711, 743: 712, 744: 713, 746: 714, 747: 715, 748: 716, 749: 717, 750: 718, 751: 719, 752: 720, 753: 721, 754: 722, 755: 723, 756: 724, 757: 725, 758: 726, 759: 727, 760: 728, 761: 729, 762: 730, 763: 731, 764: 732, 766: 733, 767: 734, 768: 735, 769: 736, 770: 737, 771: 738, 772: 739, 773: 740, 774: 741, 775: 742, 776: 743, 777: 744, 778: 745, 779: 746, 780: 747, 781: 748, 783: 749, 784: 750, 785: 751, 786: 752, 787: 753, 788: 754, 789: 755, 790: 756, 791: 757, 792: 758, 793: 759, 794: 760, 795: 761, 796: 762, 797: 763, 798: 764, 799: 765, 800: 766, 801: 767, 802: 768, 803: 769, 804: 770, 805: 771, 806: 772, 807: 773, 808: 774, 809: 775, 810: 776, 811: 777, 812: 778, 813: 779, 814: 780, 815: 781, 816: 782, 817: 783, 819: 784, 820: 785, 821: 786, 822: 787, 823: 788, 824: 789, 825: 790, 826: 791, 827: 792, 828: 793, 829: 794, 830: 795, 831: 796, 832: 797, 833: 798, 834: 799, 835: 800, 836: 801, 837: 802, 838: 803, 839: 804, 840: 805, 841: 806, 842: 807, 843: 808, 844: 809, 845: 810, 847: 811, 848: 812, 849: 813, 850: 814, 851: 815, 852: 816, 853: 817, 854: 818, 855: 819, 856: 820, 857: 821, 858: 822, 859: 823, 860: 824, 861: 825, 862: 826, 863: 827, 864: 828, 865: 829, 866: 830, 867: 831, 869: 832, 870: 833, 871: 834, 872: 835, 873: 836, 874: 837, 875: 838, 876: 839, 877: 840, 879: 841, 880: 842, 881: 843, 882: 844, 883: 845, 884: 846, 885: 847, 886: 848, 887: 849, 888: 850, 889: 851, 890: 852, 891: 853, 892: 854, 893: 855, 894: 856, 895: 857, 896: 858, 897: 859, 899: 860, 900: 861, 901: 862, 902: 863, 903: 864, 904: 865, 905: 866, 906: 867, 908: 868, 909: 869, 910: 870, 911: 871, 912: 872, 913: 873, 914: 874, 915: 875, 916: 876, 918: 877, 919: 878, 920: 879, 921: 880, 922: 881, 923: 882, 924: 883, 925: 884, 926: 885, 927: 886, 928: 887, 929: 888, 930: 889, 931: 890, 932: 891, 933: 892, 934: 893, 935: 894, 936: 895, 937: 896, 938: 897, 939: 898, 940: 899, 941: 900, 942: 901, 943: 902, 944: 903, 945: 904, 946: 905, 947: 906, 948: 907, 949: 908, 950: 909, 951: 910, 952: 911, 953: 912, 954: 913, 955: 914, 956: 915, 957: 916, 958: 917, 959: 918, 960: 919, 961: 920, 962: 921, 963: 922, 964: 923, 965: 924, 966: 925, 967: 926, 969: 927, 970: 928, 971: 929, 972: 930, 973: 931, 974: 932, 975: 933, 976: 934, 977: 935, 978: 936, 979: 937, 980: 938, 981: 939, 982: 940, 983: 941, 984: 942, 985: 943, 986: 944, 987: 945, 988: 946, 989: 947, 990: 948, 991: 949, 992: 950, 993: 951, 994: 952, 995: 953, 996: 954, 997: 955, 998: 956, 999: 957}
training set
799
validating   set
125
when creating the model, the number of classes are
958
=> creating model 'resnet18'
Use GPU: 1 for training
----------------------------------------
training directory:/data/gpfs/datasets/Imagenet/train_blurred

validating directory:/data/gpfs/datasets/Imagenet/val_blurred

----------------------------------------
Dataset ImageFolder
    Number of datapoints: 1281066
    Root location: /data/gpfs/datasets/Imagenet/train_blurred
    StandardTransform
Transform: Compose(
               Resize(size=256, interpolation=bilinear, max_size=None, antialias=None)
               CenterCrop(size=(224, 224))
               ToTensor()
               Normalize(mean=[0.485, 0.456, 0.406], std=[0.229, 0.224, 0.225])
           )
----------------------------------------
Dataset ImageFolder
    Number of datapoints: 49997
    Root location: /data/gpfs/datasets/Imagenet/val_blurred
    StandardTransform
Transform: Compose(
               Resize(size=256, interpolation=bilinear, max_size=None, antialias=None)
               CenterCrop(size=(224, 224))
               ToTensor()
               Normalize(mean=[0.485, 0.456, 0.406], std=[0.229, 0.224, 0.225])
           )
----------------------------------------
            0                      1
0   n02791124           barber_chair
1   n02823428            beer_bottle
2   n02835271  bicycle-built-for-two
3   n02840245                 binder
4   n02870880               bookcase
5   n02877765              bottlecap
6   n02992529     cellular_telephone
7   n03018349          china_cabinet
8   n03063599             coffee_mug
9   n03085013      computer_keyboard
10  n03127747           crash_helmet
11  n03180011       desktop_computer
12  n03187595         dial_telephone
13  n03376595          folding_chair
14  n03379051        football_helmet
15  n03388183           fountain_pen
16  n03485407     hand-held_computer
17  n03637318              lampshade
18  n03642806                 laptop
19  n03691459            loudspeaker
20  n03742115         medicine_chest
21  n03759954             microphone
22  n03782006                monitor
23  n03785016                  moped
24  n03792782          mountain_bike
25  n03793489                  mouse
26  n03832673               notebook
27  n03902125              pay-phone
28  n03937543            pill_bottle
29  n03983396             pop_bottle
30  n04004767                printer
31  n04009552              projector
32  n04099969          rocking_chair
33  n04152593                 screen
34  n04286575              spotlight
35  n04380533             table_lamp
36  n04476259                   tray
37  n04505470    typewriter_keyboard
38  n04557648           water_bottle
39  n04591713            wine_bottle
40  n06596364             comic_book
41  n07930864                    cup
+---+---+---+---+---+---+---+---+---+---+---+---+---+---+---+---+---+---+---+---
958
42
+---+---+---+---+---+---+---+---+---+---+---+---+---+---+---+---+---+---+---+---
1226767
47897
{0: 0, 1: 1, 2: 2, 3: 3, 4: 4, 5: 5, 6: 6, 7: 7, 8: 8, 9: 9, 10: 10, 11: 11, 12: 12, 13: 13, 14: 14, 15: 15, 16: 16, 17: 17, 18: 18, 19: 19, 20: 20, 21: 21, 22: 22, 23: 23, 24: 24, 25: 25, 26: 26, 27: 27, 28: 28, 29: 29, 30: 30, 31: 31, 32: 32, 33: 33, 34: 34, 35: 35, 36: 36, 37: 37, 38: 38, 39: 39, 40: 40, 41: 41, 42: 42, 43: 43, 44: 44, 45: 45, 46: 46, 47: 47, 48: 48, 49: 49, 50: 50, 51: 51, 52: 52, 53: 53, 54: 54, 55: 55, 56: 56, 57: 57, 58: 58, 59: 59, 60: 60, 61: 61, 62: 62, 63: 63, 64: 64, 65: 65, 66: 66, 67: 67, 68: 68, 69: 69, 70: 70, 71: 71, 72: 72, 73: 73, 74: 74, 75: 75, 76: 76, 77: 77, 78: 78, 79: 79, 80: 80, 81: 81, 82: 82, 83: 83, 84: 84, 85: 85, 86: 86, 87: 87, 88: 88, 89: 89, 90: 90, 91: 91, 92: 92, 93: 93, 94: 94, 95: 95, 96: 96, 97: 97, 98: 98, 99: 99, 100: 100, 101: 101, 102: 102, 103: 103, 104: 104, 105: 105, 106: 106, 107: 107, 108: 108, 109: 109, 110: 110, 111: 111, 112: 112, 113: 113, 114: 114, 115: 115, 116: 116, 117: 117, 118: 118, 119: 119, 120: 120, 121: 121, 122: 122, 123: 123, 124: 124, 125: 125, 126: 126, 127: 127, 128: 128, 129: 129, 130: 130, 131: 131, 132: 132, 133: 133, 134: 134, 135: 135, 136: 136, 137: 137, 138: 138, 139: 139, 140: 140, 141: 141, 142: 142, 143: 143, 144: 144, 145: 145, 146: 146, 147: 147, 148: 148, 149: 149, 150: 150, 151: 151, 152: 152, 153: 153, 154: 154, 155: 155, 156: 156, 157: 157, 158: 158, 159: 159, 160: 160, 161: 161, 162: 162, 163: 163, 164: 164, 165: 165, 166: 166, 167: 167, 168: 168, 169: 169, 170: 170, 171: 171, 172: 172, 173: 173, 174: 174, 175: 175, 176: 176, 177: 177, 178: 178, 179: 179, 180: 180, 181: 181, 182: 182, 183: 183, 184: 184, 185: 185, 186: 186, 187: 187, 188: 188, 189: 189, 190: 190, 191: 191, 192: 192, 193: 193, 194: 194, 195: 195, 196: 196, 197: 197, 198: 198, 199: 199, 200: 200, 201: 201, 202: 202, 203: 203, 204: 204, 205: 205, 206: 206, 207: 207, 208: 208, 209: 209, 210: 210, 211: 211, 212: 212, 213: 213, 214: 214, 215: 215, 216: 216, 217: 217, 218: 218, 219: 219, 220: 220, 221: 221, 222: 222, 223: 223, 224: 224, 225: 225, 226: 226, 227: 227, 228: 228, 229: 229, 230: 230, 231: 231, 232: 232, 233: 233, 234: 234, 235: 235, 236: 236, 237: 237, 238: 238, 239: 239, 240: 240, 241: 241, 242: 242, 243: 243, 244: 244, 245: 245, 246: 246, 247: 247, 248: 248, 249: 249, 250: 250, 251: 251, 252: 252, 253: 253, 254: 254, 255: 255, 256: 256, 257: 257, 258: 258, 259: 259, 260: 260, 261: 261, 262: 262, 263: 263, 264: 264, 265: 265, 266: 266, 267: 267, 268: 268, 269: 269, 270: 270, 271: 271, 272: 272, 273: 273, 274: 274, 275: 275, 276: 276, 277: 277, 278: 278, 279: 279, 280: 280, 281: 281, 282: 282, 283: 283, 284: 284, 285: 285, 286: 286, 287: 287, 288: 288, 289: 289, 290: 290, 291: 291, 292: 292, 293: 293, 294: 294, 295: 295, 296: 296, 297: 297, 298: 298, 299: 299, 300: 300, 301: 301, 302: 302, 303: 303, 304: 304, 305: 305, 306: 306, 307: 307, 308: 308, 309: 309, 310: 310, 311: 311, 312: 312, 313: 313, 314: 314, 315: 315, 316: 316, 317: 317, 318: 318, 319: 319, 320: 320, 321: 321, 322: 322, 323: 323, 324: 324, 325: 325, 326: 326, 327: 327, 328: 328, 329: 329, 330: 330, 331: 331, 332: 332, 333: 333, 334: 334, 335: 335, 336: 336, 337: 337, 338: 338, 339: 339, 340: 340, 341: 341, 342: 342, 343: 343, 344: 344, 345: 345, 346: 346, 347: 347, 348: 348, 349: 349, 350: 350, 351: 351, 352: 352, 353: 353, 354: 354, 355: 355, 356: 356, 357: 357, 358: 358, 359: 359, 360: 360, 361: 361, 362: 362, 363: 363, 364: 364, 365: 365, 366: 366, 367: 367, 368: 368, 369: 369, 370: 370, 371: 371, 372: 372, 373: 373, 374: 374, 375: 375, 376: 376, 377: 377, 378: 378, 379: 379, 380: 380, 381: 381, 382: 382, 383: 383, 384: 384, 385: 385, 386: 386, 387: 387, 388: 388, 389: 389, 390: 390, 391: 391, 392: 392, 393: 393, 394: 394, 395: 395, 396: 396, 397: 397, 398: 398, 399: 399, 400: 400, 401: 401, 402: 402, 403: 403, 404: 404, 405: 405, 406: 406, 407: 407, 408: 408, 409: 409, 410: 410, 411: 411, 412: 412, 413: 413, 414: 414, 415: 415, 416: 416, 417: 417, 418: 418, 419: 419, 420: 420, 421: 421, 422: 422, 424: 423, 425: 424, 426: 425, 427: 426, 428: 427, 429: 428, 430: 429, 431: 430, 432: 431, 433: 432, 434: 433, 435: 434, 436: 435, 437: 436, 438: 437, 439: 438, 441: 439, 442: 440, 443: 441, 445: 442, 447: 443, 448: 444, 449: 445, 450: 446, 451: 447, 452: 448, 454: 449, 456: 450, 457: 451, 458: 452, 459: 453, 460: 454, 461: 455, 462: 456, 463: 457, 464: 458, 465: 459, 466: 460, 467: 461, 468: 462, 469: 463, 470: 464, 471: 465, 472: 466, 473: 467, 474: 468, 475: 469, 476: 470, 477: 471, 478: 472, 479: 473, 480: 474, 481: 475, 482: 476, 483: 477, 484: 478, 485: 479, 486: 480, 488: 481, 489: 482, 490: 483, 491: 484, 492: 485, 493: 486, 494: 487, 496: 488, 497: 489, 498: 490, 499: 491, 500: 492, 501: 493, 502: 494, 503: 495, 505: 496, 506: 497, 507: 498, 509: 499, 510: 500, 511: 501, 512: 502, 513: 503, 514: 504, 515: 505, 516: 506, 517: 507, 519: 508, 520: 509, 521: 510, 522: 511, 523: 512, 524: 513, 525: 514, 526: 515, 529: 516, 530: 517, 531: 518, 532: 519, 533: 520, 534: 521, 535: 522, 536: 523, 537: 524, 538: 525, 539: 526, 540: 527, 541: 528, 542: 529, 543: 530, 544: 531, 545: 532, 546: 533, 547: 534, 548: 535, 549: 536, 550: 537, 551: 538, 552: 539, 553: 540, 554: 541, 555: 542, 556: 543, 557: 544, 558: 545, 561: 546, 562: 547, 564: 548, 565: 549, 566: 550, 567: 551, 568: 552, 569: 553, 570: 554, 571: 555, 572: 556, 573: 557, 574: 558, 575: 559, 576: 560, 577: 561, 578: 562, 579: 563, 580: 564, 581: 565, 582: 566, 583: 567, 584: 568, 585: 569, 586: 570, 587: 571, 588: 572, 589: 573, 591: 574, 592: 575, 593: 576, 594: 577, 595: 578, 596: 579, 597: 580, 598: 581, 599: 582, 600: 583, 601: 584, 602: 585, 603: 586, 604: 587, 605: 588, 606: 589, 607: 590, 608: 591, 609: 592, 610: 593, 611: 594, 612: 595, 613: 596, 614: 597, 615: 598, 616: 599, 617: 600, 618: 601, 621: 602, 622: 603, 623: 604, 624: 605, 625: 606, 626: 607, 627: 608, 628: 609, 629: 610, 630: 611, 631: 612, 633: 613, 634: 614, 635: 615, 636: 616, 637: 617, 638: 618, 639: 619, 640: 620, 641: 621, 642: 622, 643: 623, 644: 624, 645: 625, 646: 626, 647: 627, 649: 628, 651: 629, 652: 630, 653: 631, 654: 632, 655: 633, 656: 634, 657: 635, 658: 636, 659: 637, 660: 638, 661: 639, 662: 640, 663: 641, 666: 642, 667: 643, 668: 644, 669: 645, 670: 646, 672: 647, 674: 648, 675: 649, 676: 650, 677: 651, 678: 652, 679: 653, 680: 654, 682: 655, 683: 656, 684: 657, 685: 658, 686: 659, 687: 660, 688: 661, 689: 662, 690: 663, 691: 664, 692: 665, 693: 666, 694: 667, 695: 668, 696: 669, 697: 670, 698: 671, 699: 672, 700: 673, 701: 674, 702: 675, 703: 676, 704: 677, 705: 678, 706: 679, 708: 680, 709: 681, 710: 682, 711: 683, 712: 684, 713: 685, 714: 686, 715: 687, 716: 688, 717: 689, 718: 690, 719: 691, 721: 692, 722: 693, 723: 694, 724: 695, 725: 696, 726: 697, 727: 698, 728: 699, 729: 700, 730: 701, 731: 702, 732: 703, 733: 704, 734: 705, 735: 706, 736: 707, 738: 708, 739: 709, 740: 710, 741: 711, 743: 712, 744: 713, 746: 714, 747: 715, 748: 716, 749: 717, 750: 718, 751: 719, 752: 720, 753: 721, 754: 722, 755: 723, 756: 724, 757: 725, 758: 726, 759: 727, 760: 728, 761: 729, 762: 730, 763: 731, 764: 732, 766: 733, 767: 734, 768: 735, 769: 736, 770: 737, 771: 738, 772: 739, 773: 740, 774: 741, 775: 742, 776: 743, 777: 744, 778: 745, 779: 746, 780: 747, 781: 748, 783: 749, 784: 750, 785: 751, 786: 752, 787: 753, 788: 754, 789: 755, 790: 756, 791: 757, 792: 758, 793: 759, 794: 760, 795: 761, 796: 762, 797: 763, 798: 764, 799: 765, 800: 766, 801: 767, 802: 768, 803: 769, 804: 770, 805: 771, 806: 772, 807: 773, 808: 774, 809: 775, 810: 776, 811: 777, 812: 778, 813: 779, 814: 780, 815: 781, 816: 782, 817: 783, 819: 784, 820: 785, 821: 786, 822: 787, 823: 788, 824: 789, 825: 790, 826: 791, 827: 792, 828: 793, 829: 794, 830: 795, 831: 796, 832: 797, 833: 798, 834: 799, 835: 800, 836: 801, 837: 802, 838: 803, 839: 804, 840: 805, 841: 806, 842: 807, 843: 808, 844: 809, 845: 810, 847: 811, 848: 812, 849: 813, 850: 814, 851: 815, 852: 816, 853: 817, 854: 818, 855: 819, 856: 820, 857: 821, 858: 822, 859: 823, 860: 824, 861: 825, 862: 826, 863: 827, 864: 828, 865: 829, 866: 830, 867: 831, 869: 832, 870: 833, 871: 834, 872: 835, 873: 836, 874: 837, 875: 838, 876: 839, 877: 840, 879: 841, 880: 842, 881: 843, 882: 844, 883: 845, 884: 846, 885: 847, 886: 848, 887: 849, 888: 850, 889: 851, 890: 852, 891: 853, 892: 854, 893: 855, 894: 856, 895: 857, 896: 858, 897: 859, 899: 860, 900: 861, 901: 862, 902: 863, 903: 864, 904: 865, 905: 866, 906: 867, 908: 868, 909: 869, 910: 870, 911: 871, 912: 872, 913: 873, 914: 874, 915: 875, 916: 876, 918: 877, 919: 878, 920: 879, 921: 880, 922: 881, 923: 882, 924: 883, 925: 884, 926: 885, 927: 886, 928: 887, 929: 888, 930: 889, 931: 890, 932: 891, 933: 892, 934: 893, 935: 894, 936: 895, 937: 896, 938: 897, 939: 898, 940: 899, 941: 900, 942: 901, 943: 902, 944: 903, 945: 904, 946: 905, 947: 906, 948: 907, 949: 908, 950: 909, 951: 910, 952: 911, 953: 912, 954: 913, 955: 914, 956: 915, 957: 916, 958: 917, 959: 918, 960: 919, 961: 920, 962: 921, 963: 922, 964: 923, 965: 924, 966: 925, 967: 926, 969: 927, 970: 928, 971: 929, 972: 930, 973: 931, 974: 932, 975: 933, 976: 934, 977: 935, 978: 936, 979: 937, 980: 938, 981: 939, 982: 940, 983: 941, 984: 942, 985: 943, 986: 944, 987: 945, 988: 946, 989: 947, 990: 948, 991: 949, 992: 950, 993: 951, 994: 952, 995: 953, 996: 954, 997: 955, 998: 956, 999: 957}
training set
799
validating   set
125
when creating the model, the number of classes are
958
=> creating model 'resnet18'
