Use GPU: 0 for training
before loading the model,we have {args.num_classes} classes
=> creating model 'resnet18'
----------------------------------------
training directory:/data/gpfs/datasets/Imagenet/train_blurred

validating directory:/data/gpfs/datasets/Imagenet/val_blurred

----------------------------------------
Dataset ImageFolder
    Number of datapoints: 1281066
    Root location: /data/gpfs/datasets/Imagenet/train_blurred
    StandardTransform
Transform: Compose(
               Resize(size=256, interpolation=bilinear, max_size=None, antialias=None)
               CenterCrop(size=(224, 224))
               ToTensor()
               Normalize(mean=[0.485, 0.456, 0.406], std=[0.229, 0.224, 0.225])
           )
----------------------------------------
Dataset ImageFolder
    Number of datapoints: 49997
    Root location: /data/gpfs/datasets/Imagenet/val_blurred
    StandardTransform
Transform: Compose(
               Resize(size=256, interpolation=bilinear, max_size=None, antialias=None)
               CenterCrop(size=(224, 224))
               ToTensor()
               Normalize(mean=[0.485, 0.456, 0.406], std=[0.229, 0.224, 0.225])
           )
----------------------------------------
            0                      1
0   n02791124           barber_chair
1   n02823428            beer_bottle
2   n02835271  bicycle-built-for-two
3   n02840245                 binder
4   n02870880               bookcase
5   n02877765              bottlecap
6   n02992529     cellular_telephone
7   n03018349          china_cabinet
8   n03063599             coffee_mug
9   n03085013      computer_keyboard
10  n03127747           crash_helmet
11  n03180011       desktop_computer
12  n03187595         dial_telephone
13  n03376595          folding_chair
14  n03379051        football_helmet
15  n03388183           fountain_pen
16  n03485407     hand-held_computer
17  n03637318              lampshade
18  n03642806                 laptop
19  n03691459            loudspeaker
20  n03742115         medicine_chest
21  n03759954             microphone
22  n03782006                monitor
23  n03785016                  moped
24  n03792782          mountain_bike
25  n03793489                  mouse
26  n03832673               notebook
27  n03902125              pay-phone
28  n03937543            pill_bottle
29  n03983396             pop_bottle
30  n04004767                printer
31  n04009552              projector
32  n04099969          rocking_chair
33  n04152593                 screen
34  n04286575              spotlight
35  n04380533             table_lamp
36  n04476259                   tray
37  n04505470    typewriter_keyboard
38  n04557648           water_bottle
39  n04591713            wine_bottle
40  n06596364             comic_book
41  n07930864                    cup
+---+---+---+---+---+---+---+---+---+---+---+---+---+---+---+---+---+---+---+---
958
42
+---+---+---+---+---+---+---+---+---+---+---+---+---+---+---+---+---+---+---+---
1226767
47897
Use GPU: 1 for training
before loading the model,we have {args.num_classes} classes
=> creating model 'resnet18'
----------------------------------------
training directory:/data/gpfs/datasets/Imagenet/train_blurred

validating directory:/data/gpfs/datasets/Imagenet/val_blurred

----------------------------------------
Dataset ImageFolder
    Number of datapoints: 1281066
    Root location: /data/gpfs/datasets/Imagenet/train_blurred
    StandardTransform
Transform: Compose(
               Resize(size=256, interpolation=bilinear, max_size=None, antialias=None)
               CenterCrop(size=(224, 224))
               ToTensor()
               Normalize(mean=[0.485, 0.456, 0.406], std=[0.229, 0.224, 0.225])
           )
----------------------------------------
Dataset ImageFolder
    Number of datapoints: 49997
    Root location: /data/gpfs/datasets/Imagenet/val_blurred
    StandardTransform
Transform: Compose(
               Resize(size=256, interpolation=bilinear, max_size=None, antialias=None)
               CenterCrop(size=(224, 224))
               ToTensor()
               Normalize(mean=[0.485, 0.456, 0.406], std=[0.229, 0.224, 0.225])
           )
----------------------------------------
            0                      1
0   n02791124           barber_chair
1   n02823428            beer_bottle
2   n02835271  bicycle-built-for-two
3   n02840245                 binder
4   n02870880               bookcase
5   n02877765              bottlecap
6   n02992529     cellular_telephone
7   n03018349          china_cabinet
8   n03063599             coffee_mug
9   n03085013      computer_keyboard
10  n03127747           crash_helmet
11  n03180011       desktop_computer
12  n03187595         dial_telephone
13  n03376595          folding_chair
14  n03379051        football_helmet
15  n03388183           fountain_pen
16  n03485407     hand-held_computer
17  n03637318              lampshade
18  n03642806                 laptop
19  n03691459            loudspeaker
20  n03742115         medicine_chest
21  n03759954             microphone
22  n03782006                monitor
23  n03785016                  moped
24  n03792782          mountain_bike
25  n03793489                  mouse
26  n03832673               notebook
27  n03902125              pay-phone
28  n03937543            pill_bottle
29  n03983396             pop_bottle
30  n04004767                printer
31  n04009552              projector
32  n04099969          rocking_chair
33  n04152593                 screen
34  n04286575              spotlight
35  n04380533             table_lamp
36  n04476259                   tray
37  n04505470    typewriter_keyboard
38  n04557648           water_bottle
39  n04591713            wine_bottle
40  n06596364             comic_book
41  n07930864                    cup
+---+---+---+---+---+---+---+---+---+---+---+---+---+---+---+---+---+---+---+---
958
42
+---+---+---+---+---+---+---+---+---+---+---+---+---+---+---+---+---+---+---+---
1226767
47897
Epoch: [0][   0/2397]	Time 17.836 (17.836)	Data 14.527 (14.527)	Loss 7.0415e+00 (7.0415e+00)	Acc@1   0.00 (  0.00)	Acc@5   0.00 (  0.00)
Epoch: [0][  20/2397]	Time  0.427 ( 1.544)	Data  0.000 ( 1.122)	Loss 6.9648e+00 (6.9843e+00)	Acc@1   0.00 (  0.19)	Acc@5   0.00 (  0.82)
Epoch: [0][  40/2397]	Time  1.038 ( 1.245)	Data  0.535 ( 0.856)	Loss 6.6968e+00 (6.9178e+00)	Acc@1   1.17 (  0.36)	Acc@5   2.34 (  1.37)
Epoch: [0][  60/2397]	Time  1.117 ( 1.141)	Data  0.970 ( 0.742)	Loss 6.5773e+00 (6.8386e+00)	Acc@1   0.39 (  0.44)	Acc@5   2.34 (  1.81)
Epoch: [0][  80/2397]	Time  0.427 ( 1.106)	Data  0.000 ( 0.619)	Loss 6.5025e+00 (6.7667e+00)	Acc@1   0.78 (  0.51)	Acc@5   3.12 (  2.08)
Epoch: [0][ 100/2397]	Time  2.051 ( 1.090)	Data  0.000 ( 0.504)	Loss 6.3715e+00 (6.6983e+00)	Acc@1   1.17 (  0.60)	Acc@5   4.30 (  2.48)
Epoch: [0][ 120/2397]	Time  0.427 ( 1.066)	Data  0.000 ( 0.423)	Loss 6.3215e+00 (6.6368e+00)	Acc@1   1.17 (  0.73)	Acc@5   4.30 (  2.90)
Epoch: [0][ 140/2397]	Time  0.437 ( 1.059)	Data  0.000 ( 0.377)	Loss 6.0841e+00 (6.5745e+00)	Acc@1   1.56 (  0.82)	Acc@5   6.25 (  3.29)
Epoch: [0][ 160/2397]	Time  1.843 ( 1.054)	Data  0.000 ( 0.332)	Loss 6.0151e+00 (6.5183e+00)	Acc@1   3.12 (  0.96)	Acc@5   7.03 (  3.58)
Epoch: [0][ 180/2397]	Time  0.432 ( 1.041)	Data  0.000 ( 0.297)	Loss 6.0231e+00 (6.4656e+00)	Acc@1   1.95 (  1.10)	Acc@5   7.42 (  3.97)
Epoch: [0][ 200/2397]	Time  0.383 ( 1.038)	Data  0.000 ( 0.276)	Loss 5.8533e+00 (6.4222e+00)	Acc@1   3.12 (  1.20)	Acc@5   7.42 (  4.36)
Epoch: [0][ 220/2397]	Time  2.113 ( 1.035)	Data  0.000 ( 0.252)	Loss 5.9756e+00 (6.3758e+00)	Acc@1   1.17 (  1.33)	Acc@5   8.20 (  4.78)
Epoch: [0][ 240/2397]	Time  0.423 ( 1.026)	Data  0.000 ( 0.233)	Loss 5.7983e+00 (6.3320e+00)	Acc@1   2.73 (  1.49)	Acc@5   9.38 (  5.19)
Epoch: [0][ 260/2397]	Time  0.428 ( 1.024)	Data  0.000 ( 0.223)	Loss 5.7946e+00 (6.2879e+00)	Acc@1   3.12 (  1.61)	Acc@5   8.20 (  5.59)
Epoch: [0][ 280/2397]	Time  2.114 ( 1.026)	Data  0.000 ( 0.208)	Loss 5.6498e+00 (6.2484e+00)	Acc@1   3.52 (  1.71)	Acc@5  10.16 (  5.94)
Epoch: [0][ 300/2397]	Time  0.432 ( 1.020)	Data  0.000 ( 0.195)	Loss 5.6218e+00 (6.2070e+00)	Acc@1   5.08 (  1.86)	Acc@5  12.89 (  6.36)
Epoch: [0][ 320/2397]	Time  0.435 ( 1.020)	Data  0.000 ( 0.190)	Loss 5.6796e+00 (6.1709e+00)	Acc@1   4.30 (  2.00)	Acc@5  12.11 (  6.76)
Epoch: [0][ 340/2397]	Time  2.166 ( 1.022)	Data  0.000 ( 0.180)	Loss 5.3976e+00 (6.1355e+00)	Acc@1   4.30 (  2.11)	Acc@5  16.41 (  7.14)
Epoch: [0][ 360/2397]	Time  0.437 ( 1.018)	Data  0.000 ( 0.171)	Loss 5.4789e+00 (6.0999e+00)	Acc@1   3.52 (  2.27)	Acc@5  13.28 (  7.59)
Epoch: [0][ 380/2397]	Time  0.431 ( 1.018)	Data  0.000 ( 0.167)	Loss 5.2993e+00 (6.0626e+00)	Acc@1   5.08 (  2.42)	Acc@5  16.80 (  7.99)
Epoch: [0][ 400/2397]	Time  2.469 ( 1.020)	Data  0.000 ( 0.159)	Loss 5.2234e+00 (6.0282e+00)	Acc@1   3.52 (  2.55)	Acc@5  16.80 (  8.39)
Epoch: [0][ 420/2397]	Time  0.426 ( 1.015)	Data  0.000 ( 0.152)	Loss 5.3917e+00 (5.9949e+00)	Acc@1   3.52 (  2.69)	Acc@5  11.72 (  8.81)
Epoch: [0][ 440/2397]	Time  0.428 ( 1.015)	Data  0.000 ( 0.150)	Loss 5.3714e+00 (5.9623e+00)	Acc@1   6.64 (  2.85)	Acc@5  15.23 (  9.23)
Epoch: [0][ 460/2397]	Time  2.269 ( 1.015)	Data  0.262 ( 0.148)	Loss 5.0839e+00 (5.9299e+00)	Acc@1   5.86 (  3.02)	Acc@5  20.31 (  9.64)
Epoch: [0][ 480/2397]	Time  0.428 ( 1.012)	Data  0.000 ( 0.143)	Loss 5.3701e+00 (5.8983e+00)	Acc@1   5.86 (  3.17)	Acc@5  16.02 ( 10.06)
Epoch: [0][ 500/2397]	Time  0.439 ( 1.012)	Data  0.000 ( 0.142)	Loss 5.0962e+00 (5.8695e+00)	Acc@1   9.38 (  3.34)	Acc@5  21.88 ( 10.44)
Epoch: [0][ 520/2397]	Time  1.936 ( 1.012)	Data  0.000 ( 0.137)	Loss 5.0841e+00 (5.8405e+00)	Acc@1   5.08 (  3.49)	Acc@5  18.36 ( 10.83)
Epoch: [0][ 540/2397]	Time  0.431 ( 1.011)	Data  0.000 ( 0.132)	Loss 5.0398e+00 (5.8129e+00)	Acc@1   7.03 (  3.66)	Acc@5  21.48 ( 11.20)
Epoch: [0][ 560/2397]	Time  0.432 ( 1.012)	Data  0.000 ( 0.131)	Loss 5.0981e+00 (5.7862e+00)	Acc@1   8.59 (  3.84)	Acc@5  21.88 ( 11.59)
Epoch: [0][ 580/2397]	Time  2.035 ( 1.013)	Data  0.000 ( 0.127)	Loss 5.1367e+00 (5.7600e+00)	Acc@1   8.20 (  3.99)	Acc@5  20.70 ( 11.96)
Epoch: [0][ 600/2397]	Time  0.451 ( 1.010)	Data  0.000 ( 0.123)	Loss 4.8936e+00 (5.7325e+00)	Acc@1   4.69 (  4.14)	Acc@5  25.00 ( 12.37)
Epoch: [0][ 620/2397]	Time  0.427 ( 1.010)	Data  0.000 ( 0.122)	Loss 4.8514e+00 (5.7060e+00)	Acc@1  10.55 (  4.30)	Acc@5  28.52 ( 12.74)
Epoch: [0][ 640/2397]	Time  2.234 ( 1.011)	Data  0.000 ( 0.119)	Loss 4.8810e+00 (5.6817e+00)	Acc@1   8.59 (  4.46)	Acc@5  26.95 ( 13.13)
Epoch: [0][ 660/2397]	Time  0.438 ( 1.009)	Data  0.000 ( 0.116)	Loss 4.8202e+00 (5.6554e+00)	Acc@1   9.77 (  4.63)	Acc@5  28.12 ( 13.53)
Epoch: [0][ 680/2397]	Time  0.410 ( 1.010)	Data  0.000 ( 0.115)	Loss 4.8155e+00 (5.6306e+00)	Acc@1  11.33 (  4.80)	Acc@5  26.56 ( 13.90)
Epoch: [0][ 700/2397]	Time  2.130 ( 1.011)	Data  0.000 ( 0.112)	Loss 4.9403e+00 (5.6068e+00)	Acc@1   8.59 (  4.96)	Acc@5  26.56 ( 14.25)
Epoch: [0][ 720/2397]	Time  0.479 ( 1.008)	Data  0.000 ( 0.110)	Loss 4.5922e+00 (5.5823e+00)	Acc@1  12.50 (  5.14)	Acc@5  28.91 ( 14.64)
Epoch: [0][ 740/2397]	Time  0.427 ( 1.009)	Data  0.000 ( 0.109)	Loss 4.8299e+00 (5.5581e+00)	Acc@1   8.20 (  5.29)	Acc@5  22.27 ( 15.01)
Epoch: [0][ 760/2397]	Time  2.282 ( 1.010)	Data  0.000 ( 0.107)	Loss 4.5847e+00 (5.5348e+00)	Acc@1   9.77 (  5.46)	Acc@5  30.08 ( 15.37)
Epoch: [0][ 780/2397]	Time  0.427 ( 1.008)	Data  0.000 ( 0.104)	Loss 4.5469e+00 (5.5114e+00)	Acc@1  12.50 (  5.62)	Acc@5  28.12 ( 15.72)
Epoch: [0][ 800/2397]	Time  0.470 ( 1.009)	Data  0.000 ( 0.104)	Loss 4.5790e+00 (5.4893e+00)	Acc@1  13.28 (  5.78)	Acc@5  28.91 ( 16.07)
Epoch: [0][ 820/2397]	Time  1.992 ( 1.010)	Data  0.000 ( 0.102)	Loss 4.6944e+00 (5.4691e+00)	Acc@1  10.55 (  5.93)	Acc@5  30.86 ( 16.38)
Epoch: [0][ 840/2397]	Time  0.457 ( 1.008)	Data  0.000 ( 0.100)	Loss 4.4745e+00 (5.4473e+00)	Acc@1  14.45 (  6.09)	Acc@5  33.20 ( 16.72)
Epoch: [0][ 860/2397]	Time  0.464 ( 1.008)	Data  0.000 ( 0.100)	Loss 4.6409e+00 (5.4255e+00)	Acc@1  12.50 (  6.26)	Acc@5  27.34 ( 17.08)
Epoch: [0][ 880/2397]	Time  2.085 ( 1.009)	Data  0.000 ( 0.098)	Loss 4.4372e+00 (5.4050e+00)	Acc@1  15.23 (  6.42)	Acc@5  34.77 ( 17.42)
Epoch: [0][ 900/2397]	Time  0.427 ( 1.007)	Data  0.000 ( 0.096)	Loss 4.4408e+00 (5.3848e+00)	Acc@1  15.62 (  6.58)	Acc@5  32.81 ( 17.75)
Epoch: [0][ 920/2397]	Time  0.439 ( 1.007)	Data  0.000 ( 0.096)	Loss 4.4052e+00 (5.3650e+00)	Acc@1  13.67 (  6.72)	Acc@5  34.77 ( 18.07)
Epoch: [0][ 940/2397]	Time  2.151 ( 1.008)	Data  0.000 ( 0.094)	Loss 4.1708e+00 (5.3446e+00)	Acc@1  19.53 (  6.87)	Acc@5  42.58 ( 18.41)
Epoch: [0][ 960/2397]	Time  0.440 ( 1.007)	Data  0.000 ( 0.093)	Loss 4.1220e+00 (5.3245e+00)	Acc@1  16.80 (  7.04)	Acc@5  40.62 ( 18.73)
Epoch: [0][ 980/2397]	Time  0.426 ( 1.006)	Data  0.000 ( 0.092)	Loss 4.1694e+00 (5.3046e+00)	Acc@1  17.58 (  7.21)	Acc@5  36.33 ( 19.07)
Epoch: [0][1000/2397]	Time  2.036 ( 1.006)	Data  0.000 ( 0.091)	Loss 4.3865e+00 (5.2848e+00)	Acc@1  13.67 (  7.38)	Acc@5  35.16 ( 19.40)
Epoch: [0][1020/2397]	Time  0.413 ( 1.005)	Data  0.000 ( 0.089)	Loss 4.3680e+00 (5.2657e+00)	Acc@1  13.67 (  7.54)	Acc@5  35.94 ( 19.71)
Epoch: [0][1040/2397]	Time  0.426 ( 1.006)	Data  0.000 ( 0.089)	Loss 4.3578e+00 (5.2462e+00)	Acc@1  13.28 (  7.69)	Acc@5  32.42 ( 20.04)
Epoch: [0][1060/2397]	Time  2.509 ( 1.006)	Data  0.000 ( 0.088)	Loss 4.3099e+00 (5.2284e+00)	Acc@1  13.28 (  7.85)	Acc@5  38.28 ( 20.35)
Epoch: [0][1080/2397]	Time  0.427 ( 1.005)	Data  0.000 ( 0.087)	Loss 4.2497e+00 (5.2109e+00)	Acc@1  15.23 (  8.01)	Acc@5  38.28 ( 20.66)
Epoch: [0][1100/2397]	Time  0.451 ( 1.005)	Data  0.000 ( 0.087)	Loss 4.1999e+00 (5.1931e+00)	Acc@1  17.97 (  8.18)	Acc@5  40.23 ( 20.97)
Epoch: [0][1120/2397]	Time  2.038 ( 1.006)	Data  0.000 ( 0.085)	Loss 3.9956e+00 (5.1748e+00)	Acc@1  18.75 (  8.34)	Acc@5  41.80 ( 21.27)
Epoch: [0][1140/2397]	Time  0.429 ( 1.005)	Data  0.000 ( 0.084)	Loss 3.9300e+00 (5.1564e+00)	Acc@1  17.19 (  8.51)	Acc@5  41.41 ( 21.58)
Epoch: [0][1160/2397]	Time  0.435 ( 1.005)	Data  0.000 ( 0.085)	Loss 4.0093e+00 (5.1391e+00)	Acc@1  17.97 (  8.65)	Acc@5  42.19 ( 21.87)
Epoch: [0][1180/2397]	Time  2.079 ( 1.005)	Data  0.838 ( 0.087)	Loss 4.1107e+00 (5.1219e+00)	Acc@1  18.75 (  8.80)	Acc@5  38.67 ( 22.16)
Epoch: [0][1200/2397]	Time  0.434 ( 1.003)	Data  0.000 ( 0.087)	Loss 4.0599e+00 (5.1047e+00)	Acc@1  17.58 (  8.96)	Acc@5  38.28 ( 22.45)
Epoch: [0][1220/2397]	Time  0.428 ( 1.004)	Data  0.000 ( 0.087)	Loss 4.2120e+00 (5.0867e+00)	Acc@1  16.80 (  9.13)	Acc@5  35.55 ( 22.75)
Epoch: [0][1240/2397]	Time  2.219 ( 1.005)	Data  0.000 ( 0.086)	Loss 4.0687e+00 (5.0700e+00)	Acc@1  20.70 (  9.27)	Acc@5  36.72 ( 23.03)
Epoch: [0][1260/2397]	Time  0.427 ( 1.004)	Data  0.000 ( 0.085)	Loss 4.1630e+00 (5.0535e+00)	Acc@1  15.62 (  9.42)	Acc@5  35.55 ( 23.31)
Epoch: [0][1280/2397]	Time  0.434 ( 1.004)	Data  0.000 ( 0.085)	Loss 4.0683e+00 (5.0371e+00)	Acc@1  16.80 (  9.58)	Acc@5  38.67 ( 23.60)
Epoch: [0][1300/2397]	Time  2.212 ( 1.004)	Data  0.000 ( 0.084)	Loss 4.1940e+00 (5.0212e+00)	Acc@1  13.67 (  9.73)	Acc@5  40.23 ( 23.89)
Epoch: [0][1320/2397]	Time  0.427 ( 1.003)	Data  0.000 ( 0.083)	Loss 3.7746e+00 (5.0057e+00)	Acc@1  21.09 (  9.87)	Acc@5  41.80 ( 24.14)
Epoch: [0][1340/2397]	Time  0.428 ( 1.003)	Data  0.000 ( 0.083)	Loss 4.0140e+00 (4.9904e+00)	Acc@1  16.80 ( 10.02)	Acc@5  37.89 ( 24.41)
Epoch: [0][1360/2397]	Time  2.001 ( 1.003)	Data  0.000 ( 0.083)	Loss 4.0744e+00 (4.9749e+00)	Acc@1  18.36 ( 10.16)	Acc@5  41.41 ( 24.68)
Epoch: [0][1380/2397]	Time  0.427 ( 1.002)	Data  0.000 ( 0.082)	Loss 3.8508e+00 (4.9592e+00)	Acc@1  23.83 ( 10.32)	Acc@5  46.88 ( 24.97)
Epoch: [0][1400/2397]	Time  0.424 ( 1.003)	Data  0.000 ( 0.082)	Loss 3.8959e+00 (4.9439e+00)	Acc@1  18.75 ( 10.46)	Acc@5  41.02 ( 25.24)
Epoch: [0][1420/2397]	Time  1.933 ( 1.003)	Data  0.000 ( 0.081)	Loss 3.9488e+00 (4.9295e+00)	Acc@1  18.75 ( 10.61)	Acc@5  42.19 ( 25.49)
Epoch: [0][1440/2397]	Time  0.429 ( 1.002)	Data  0.000 ( 0.080)	Loss 3.9184e+00 (4.9140e+00)	Acc@1  15.62 ( 10.76)	Acc@5  42.58 ( 25.77)
Epoch: [0][1460/2397]	Time  0.432 ( 1.003)	Data  0.000 ( 0.080)	Loss 3.6144e+00 (4.8988e+00)	Acc@1  23.83 ( 10.92)	Acc@5  49.61 ( 26.04)
Epoch: [0][1480/2397]	Time  1.907 ( 1.002)	Data  0.000 ( 0.080)	Loss 3.7864e+00 (4.8848e+00)	Acc@1  22.66 ( 11.07)	Acc@5  43.36 ( 26.29)
Epoch: [0][1500/2397]	Time  0.401 ( 1.001)	Data  0.000 ( 0.079)	Loss 3.5333e+00 (4.8705e+00)	Acc@1  24.22 ( 11.22)	Acc@5  49.61 ( 26.55)
Epoch: [0][1520/2397]	Time  0.429 ( 1.002)	Data  0.000 ( 0.079)	Loss 3.6227e+00 (4.8568e+00)	Acc@1  29.30 ( 11.37)	Acc@5  48.44 ( 26.78)
Epoch: [0][1540/2397]	Time  1.962 ( 1.003)	Data  0.000 ( 0.078)	Loss 3.9633e+00 (4.8433e+00)	Acc@1  19.53 ( 11.50)	Acc@5  39.06 ( 27.03)
Epoch: [0][1560/2397]	Time  0.427 ( 1.002)	Data  0.000 ( 0.077)	Loss 3.7190e+00 (4.8299e+00)	Acc@1  24.61 ( 11.64)	Acc@5  47.66 ( 27.27)
Epoch: [0][1580/2397]	Time  0.427 ( 1.002)	Data  0.000 ( 0.077)	Loss 3.6923e+00 (4.8160e+00)	Acc@1  24.61 ( 11.78)	Acc@5  48.05 ( 27.51)
Epoch: [0][1600/2397]	Time  2.069 ( 1.003)	Data  0.000 ( 0.077)	Loss 3.6601e+00 (4.8024e+00)	Acc@1  22.66 ( 11.91)	Acc@5  49.22 ( 27.76)
Epoch: [0][1620/2397]	Time  0.417 ( 1.002)	Data  0.000 ( 0.076)	Loss 3.6248e+00 (4.7898e+00)	Acc@1  22.27 ( 12.05)	Acc@5  50.78 ( 27.99)
Epoch: [0][1640/2397]	Time  0.441 ( 1.002)	Data  0.000 ( 0.076)	Loss 3.6077e+00 (4.7763e+00)	Acc@1  26.17 ( 12.19)	Acc@5  54.30 ( 28.23)
Epoch: [0][1660/2397]	Time  2.158 ( 1.002)	Data  0.000 ( 0.075)	Loss 3.7737e+00 (4.7636e+00)	Acc@1  20.70 ( 12.33)	Acc@5  44.92 ( 28.45)
Epoch: [0][1680/2397]	Time  0.431 ( 1.002)	Data  0.000 ( 0.075)	Loss 3.3583e+00 (4.7505e+00)	Acc@1  26.95 ( 12.47)	Acc@5  52.34 ( 28.68)
Epoch: [0][1700/2397]	Time  0.426 ( 1.001)	Data  0.000 ( 0.075)	Loss 3.4821e+00 (4.7369e+00)	Acc@1  31.25 ( 12.63)	Acc@5  53.91 ( 28.93)
Epoch: [0][1720/2397]	Time  1.751 ( 1.001)	Data  0.008 ( 0.075)	Loss 3.7101e+00 (4.7244e+00)	Acc@1  21.48 ( 12.76)	Acc@5  46.48 ( 29.15)
Epoch: [0][1740/2397]	Time  0.427 ( 1.001)	Data  0.000 ( 0.074)	Loss 3.4924e+00 (4.7121e+00)	Acc@1  22.27 ( 12.88)	Acc@5  47.27 ( 29.37)
Epoch: [0][1760/2397]	Time  0.431 ( 1.001)	Data  0.000 ( 0.075)	Loss 3.6482e+00 (4.6998e+00)	Acc@1  25.00 ( 13.02)	Acc@5  51.56 ( 29.59)
Epoch: [0][1780/2397]	Time  2.422 ( 1.002)	Data  0.000 ( 0.074)	Loss 3.5234e+00 (4.6870e+00)	Acc@1  26.56 ( 13.15)	Acc@5  51.56 ( 29.83)
Epoch: [0][1800/2397]	Time  0.425 ( 1.001)	Data  0.000 ( 0.074)	Loss 3.7597e+00 (4.6746e+00)	Acc@1  21.88 ( 13.29)	Acc@5  46.48 ( 30.05)
Epoch: [0][1820/2397]	Time  0.428 ( 1.001)	Data  0.000 ( 0.074)	Loss 3.5441e+00 (4.6623e+00)	Acc@1  24.22 ( 13.42)	Acc@5  49.22 ( 30.27)
Epoch: [0][1840/2397]	Time  2.094 ( 1.001)	Data  0.000 ( 0.073)	Loss 3.6558e+00 (4.6505e+00)	Acc@1  25.78 ( 13.55)	Acc@5  50.00 ( 30.48)
Epoch: [0][1860/2397]	Time  0.431 ( 1.001)	Data  0.000 ( 0.072)	Loss 3.7080e+00 (4.6385e+00)	Acc@1  23.05 ( 13.69)	Acc@5  48.44 ( 30.70)
Epoch: [0][1880/2397]	Time  0.426 ( 1.001)	Data  0.000 ( 0.073)	Loss 3.5499e+00 (4.6266e+00)	Acc@1  23.05 ( 13.82)	Acc@5  48.44 ( 30.91)
Epoch: [0][1900/2397]	Time  2.010 ( 1.001)	Data  0.000 ( 0.072)	Loss 3.6843e+00 (4.6146e+00)	Acc@1  23.83 ( 13.95)	Acc@5  48.05 ( 31.13)
Epoch: [0][1920/2397]	Time  0.427 ( 1.000)	Data  0.000 ( 0.072)	Loss 3.4953e+00 (4.6031e+00)	Acc@1  25.39 ( 14.07)	Acc@5  53.12 ( 31.35)
Epoch: [0][1940/2397]	Time  0.454 ( 1.001)	Data  0.000 ( 0.072)	Loss 3.4692e+00 (4.5922e+00)	Acc@1  26.95 ( 14.19)	Acc@5  51.17 ( 31.54)
Epoch: [0][1960/2397]	Time  1.964 ( 1.000)	Data  0.179 ( 0.071)	Loss 3.2871e+00 (4.5808e+00)	Acc@1  25.00 ( 14.32)	Acc@5  55.47 ( 31.75)
Epoch: [0][1980/2397]	Time  0.442 ( 1.000)	Data  0.000 ( 0.071)	Loss 3.5109e+00 (4.5693e+00)	Acc@1  27.34 ( 14.46)	Acc@5  53.52 ( 31.96)
Epoch: [0][2000/2397]	Time  0.428 ( 1.000)	Data  0.000 ( 0.072)	Loss 3.3548e+00 (4.5582e+00)	Acc@1  30.08 ( 14.58)	Acc@5  53.52 ( 32.17)
Epoch: [0][2020/2397]	Time  2.021 ( 1.000)	Data  0.091 ( 0.071)	Loss 3.4659e+00 (4.5474e+00)	Acc@1  26.56 ( 14.70)	Acc@5  51.17 ( 32.37)
Epoch: [0][2040/2397]	Time  0.867 ( 0.999)	Data  0.000 ( 0.072)	Loss 3.3978e+00 (4.5362e+00)	Acc@1  29.69 ( 14.83)	Acc@5  55.47 ( 32.58)
Epoch: [0][2060/2397]	Time  0.431 ( 0.999)	Data  0.000 ( 0.075)	Loss 3.4268e+00 (4.5250e+00)	Acc@1  23.05 ( 14.96)	Acc@5  54.69 ( 32.78)
Epoch: [0][2080/2397]	Time  1.785 ( 0.998)	Data  1.502 ( 0.080)	Loss 3.3496e+00 (4.5144e+00)	Acc@1  29.30 ( 15.09)	Acc@5  54.30 ( 32.98)
Epoch: [0][2100/2397]	Time  0.426 ( 0.997)	Data  0.000 ( 0.084)	Loss 3.5754e+00 (4.5035e+00)	Acc@1  23.83 ( 15.22)	Acc@5  50.39 ( 33.17)
Epoch: [0][2120/2397]	Time  0.438 ( 0.996)	Data  0.000 ( 0.087)	Loss 3.3842e+00 (4.4925e+00)	Acc@1  30.08 ( 15.35)	Acc@5  53.91 ( 33.37)
Epoch: [0][2140/2397]	Time  1.648 ( 0.996)	Data  0.970 ( 0.091)	Loss 2.9681e+00 (4.4816e+00)	Acc@1  33.98 ( 15.48)	Acc@5  62.11 ( 33.58)
Epoch: [0][2160/2397]	Time  0.439 ( 0.995)	Data  0.000 ( 0.092)	Loss 3.2611e+00 (4.4713e+00)	Acc@1  32.42 ( 15.61)	Acc@5  55.86 ( 33.76)
Epoch: [0][2180/2397]	Time  0.434 ( 0.995)	Data  0.000 ( 0.096)	Loss 3.3160e+00 (4.4612e+00)	Acc@1  30.08 ( 15.73)	Acc@5  53.91 ( 33.94)
Epoch: [0][2200/2397]	Time  1.799 ( 0.994)	Data  1.169 ( 0.099)	Loss 3.4003e+00 (4.4508e+00)	Acc@1  26.95 ( 15.85)	Acc@5  50.78 ( 34.13)
Epoch: [0][2220/2397]	Time  0.428 ( 0.993)	Data  0.000 ( 0.102)	Loss 3.2089e+00 (4.4409e+00)	Acc@1  26.56 ( 15.97)	Acc@5  55.47 ( 34.32)
Epoch: [0][2240/2397]	Time  0.426 ( 0.993)	Data  0.000 ( 0.105)	Loss 3.3983e+00 (4.4306e+00)	Acc@1  32.03 ( 16.09)	Acc@5  54.30 ( 34.51)
Epoch: [0][2260/2397]	Time  1.807 ( 0.992)	Data  1.383 ( 0.109)	Loss 3.3569e+00 (4.4208e+00)	Acc@1  30.08 ( 16.21)	Acc@5  54.30 ( 34.69)
Epoch: [0][2280/2397]	Time  0.450 ( 0.991)	Data  0.000 ( 0.111)	Loss 3.4128e+00 (4.4109e+00)	Acc@1  26.95 ( 16.33)	Acc@5  51.56 ( 34.87)
Epoch: [0][2300/2397]	Time  0.433 ( 0.991)	Data  0.000 ( 0.114)	Loss 3.1019e+00 (4.4011e+00)	Acc@1  32.81 ( 16.45)	Acc@5  59.38 ( 35.05)
Epoch: [0][2320/2397]	Time  1.911 ( 0.991)	Data  0.085 ( 0.114)	Loss 3.3151e+00 (4.3914e+00)	Acc@1  30.86 ( 16.57)	Acc@5  53.91 ( 35.23)
Epoch: [0][2340/2397]	Time  0.465 ( 0.991)	Data  0.000 ( 0.113)	Loss 3.0862e+00 (4.3818e+00)	Acc@1  32.42 ( 16.70)	Acc@5  57.03 ( 35.40)
Epoch: [0][2360/2397]	Time  0.427 ( 0.991)	Data  0.000 ( 0.113)	Loss 3.1337e+00 (4.3719e+00)	Acc@1  31.25 ( 16.82)	Acc@5  57.03 ( 35.58)
Epoch: [0][2380/2397]	Time  2.094 ( 0.992)	Data  0.000 ( 0.112)	Loss 3.1911e+00 (4.3626e+00)	Acc@1  30.47 ( 16.94)	Acc@5  55.08 ( 35.75)
Epoch: [0][   0/2397]	Time 17.857 (17.857)	Data 14.590 (14.590)	Loss 7.0053e+00 (7.0053e+00)	Acc@1   1.17 (  1.17)	Acc@5   1.17 (  1.17)
Epoch: [0][  20/2397]	Time  0.426 ( 1.543)	Data  0.000 ( 1.052)	Loss 7.0403e+00 (6.9738e+00)	Acc@1   0.00 (  0.24)	Acc@5   0.00 (  0.69)
Epoch: [0][  40/2397]	Time  0.427 ( 1.245)	Data  0.000 ( 0.837)	Loss 6.7699e+00 (6.9133e+00)	Acc@1   0.78 (  0.31)	Acc@5   3.12 (  1.24)
Epoch: [0][  60/2397]	Time  2.102 ( 1.156)	Data  1.951 ( 0.778)	Loss 6.6268e+00 (6.8422e+00)	Acc@1   0.00 (  0.43)	Acc@5   2.34 (  1.64)
Epoch: [0][  80/2397]	Time  0.440 ( 1.105)	Data  0.000 ( 0.739)	Loss 6.4969e+00 (6.7731e+00)	Acc@1   1.17 (  0.54)	Acc@5   3.52 (  2.10)
Epoch: [0][ 100/2397]	Time  0.424 ( 1.090)	Data  0.000 ( 0.729)	Loss 6.2838e+00 (6.7038e+00)	Acc@1   1.95 (  0.62)	Acc@5   8.59 (  2.49)
Epoch: [0][ 120/2397]	Time  2.035 ( 1.079)	Data  1.888 ( 0.726)	Loss 6.1941e+00 (6.6330e+00)	Acc@1   1.56 (  0.78)	Acc@5   7.42 (  3.02)
Epoch: [0][ 140/2397]	Time  0.417 ( 1.059)	Data  0.000 ( 0.708)	Loss 6.2349e+00 (6.5731e+00)	Acc@1   1.56 (  0.88)	Acc@5   6.64 (  3.37)
Epoch: [0][ 160/2397]	Time  0.444 ( 1.054)	Data  0.000 ( 0.705)	Loss 6.0947e+00 (6.5147e+00)	Acc@1   1.56 (  1.01)	Acc@5   4.30 (  3.79)
Epoch: [0][ 180/2397]	Time  1.950 ( 1.050)	Data  1.802 ( 0.704)	Loss 6.1215e+00 (6.4628e+00)	Acc@1   1.56 (  1.14)	Acc@5   6.25 (  4.20)
Epoch: [0][ 200/2397]	Time  0.428 ( 1.038)	Data  0.000 ( 0.693)	Loss 6.0682e+00 (6.4164e+00)	Acc@1   1.95 (  1.24)	Acc@5   7.81 (  4.52)
Epoch: [0][ 220/2397]	Time  0.427 ( 1.035)	Data  0.000 ( 0.692)	Loss 5.9907e+00 (6.3730e+00)	Acc@1   2.73 (  1.33)	Acc@5   8.59 (  4.87)
Epoch: [0][ 240/2397]	Time  2.198 ( 1.033)	Data  2.039 ( 0.692)	Loss 5.7485e+00 (6.3270e+00)	Acc@1   4.30 (  1.47)	Acc@5  11.33 (  5.24)
Epoch: [0][ 260/2397]	Time  0.426 ( 1.024)	Data  0.079 ( 0.685)	Loss 5.6603e+00 (6.2846e+00)	Acc@1   3.91 (  1.61)	Acc@5  10.94 (  5.65)
Epoch: [0][ 280/2397]	Time  0.427 ( 1.026)	Data  0.000 ( 0.688)	Loss 5.7387e+00 (6.2441e+00)	Acc@1   2.73 (  1.73)	Acc@5  10.94 (  6.04)
Epoch: [0][ 300/2397]	Time  2.459 ( 1.026)	Data  2.309 ( 0.689)	Loss 5.6864e+00 (6.2062e+00)	Acc@1   3.91 (  1.85)	Acc@5  11.33 (  6.38)
Epoch: [0][ 320/2397]	Time  0.421 ( 1.020)	Data  0.000 ( 0.683)	Loss 5.5533e+00 (6.1701e+00)	Acc@1   4.69 (  1.99)	Acc@5  13.28 (  6.78)
Epoch: [0][ 340/2397]	Time  0.427 ( 1.022)	Data  0.000 ( 0.685)	Loss 5.4949e+00 (6.1327e+00)	Acc@1   3.52 (  2.14)	Acc@5  17.19 (  7.22)
Epoch: [0][ 360/2397]	Time  2.076 ( 1.022)	Data  1.929 ( 0.687)	Loss 5.5403e+00 (6.0979e+00)	Acc@1   4.30 (  2.29)	Acc@5  11.33 (  7.63)
Epoch: [0][ 380/2397]	Time  0.427 ( 1.018)	Data  0.000 ( 0.682)	Loss 5.2222e+00 (6.0606e+00)	Acc@1   5.86 (  2.48)	Acc@5  17.97 (  8.07)
Epoch: [0][ 400/2397]	Time  0.424 ( 1.020)	Data  0.000 ( 0.684)	Loss 5.4882e+00 (6.0262e+00)	Acc@1   1.95 (  2.62)	Acc@5  12.50 (  8.47)
Epoch: [0][ 420/2397]	Time  2.196 ( 1.019)	Data  2.021 ( 0.685)	Loss 5.2095e+00 (5.9911e+00)	Acc@1   6.64 (  2.78)	Acc@5  21.09 (  8.91)
Epoch: [0][ 440/2397]	Time  0.451 ( 1.015)	Data  0.000 ( 0.680)	Loss 5.2544e+00 (5.9574e+00)	Acc@1   8.59 (  2.97)	Acc@5  16.80 (  9.34)
Epoch: [0][ 460/2397]	Time  0.441 ( 1.015)	Data  0.000 ( 0.680)	Loss 5.1242e+00 (5.9256e+00)	Acc@1   7.81 (  3.14)	Acc@5  23.05 (  9.78)
Epoch: [0][ 480/2397]	Time  2.083 ( 1.016)	Data  1.928 ( 0.681)	Loss 5.2576e+00 (5.8950e+00)	Acc@1   6.64 (  3.31)	Acc@5  16.02 ( 10.19)
Epoch: [0][ 500/2397]	Time  0.474 ( 1.012)	Data  0.000 ( 0.678)	Loss 5.1509e+00 (5.8665e+00)	Acc@1   7.42 (  3.47)	Acc@5  17.19 ( 10.56)
Epoch: [0][ 520/2397]	Time  0.427 ( 1.012)	Data  0.000 ( 0.677)	Loss 5.0297e+00 (5.8367e+00)	Acc@1   8.59 (  3.60)	Acc@5  21.09 ( 10.95)
Epoch: [0][ 540/2397]	Time  2.236 ( 1.014)	Data  2.089 ( 0.680)	Loss 4.9175e+00 (5.8070e+00)	Acc@1   9.77 (  3.78)	Acc@5  26.95 ( 11.38)
Epoch: [0][ 560/2397]	Time  0.424 ( 1.012)	Data  0.000 ( 0.678)	Loss 4.9483e+00 (5.7795e+00)	Acc@1   8.20 (  3.95)	Acc@5  24.22 ( 11.80)
Epoch: [0][ 580/2397]	Time  0.436 ( 1.013)	Data  0.000 ( 0.679)	Loss 4.9472e+00 (5.7520e+00)	Acc@1   7.03 (  4.10)	Acc@5  22.27 ( 12.16)
Epoch: [0][ 600/2397]	Time  1.809 ( 1.013)	Data  1.661 ( 0.679)	Loss 4.9904e+00 (5.7262e+00)	Acc@1   8.20 (  4.26)	Acc@5  21.88 ( 12.50)
Epoch: [0][ 620/2397]	Time  0.431 ( 1.010)	Data  0.000 ( 0.676)	Loss 4.9910e+00 (5.7006e+00)	Acc@1   8.98 (  4.41)	Acc@5  24.61 ( 12.88)
Epoch: [0][ 640/2397]	Time  0.428 ( 1.011)	Data  0.000 ( 0.677)	Loss 4.8983e+00 (5.6751e+00)	Acc@1   9.38 (  4.56)	Acc@5  25.00 ( 13.25)
Epoch: [0][ 660/2397]	Time  2.207 ( 1.012)	Data  2.060 ( 0.678)	Loss 4.7711e+00 (5.6507e+00)	Acc@1   9.77 (  4.70)	Acc@5  28.12 ( 13.62)
Epoch: [0][ 680/2397]	Time  0.428 ( 1.010)	Data  0.000 ( 0.676)	Loss 4.7193e+00 (5.6263e+00)	Acc@1   9.77 (  4.87)	Acc@5  27.34 ( 13.98)
Epoch: [0][ 700/2397]	Time  0.427 ( 1.011)	Data  0.000 ( 0.677)	Loss 4.7477e+00 (5.6016e+00)	Acc@1  14.45 (  5.05)	Acc@5  27.34 ( 14.35)
Epoch: [0][ 720/2397]	Time  2.179 ( 1.011)	Data  2.031 ( 0.677)	Loss 4.6447e+00 (5.5797e+00)	Acc@1   7.42 (  5.19)	Acc@5  27.34 ( 14.69)
Epoch: [0][ 740/2397]	Time  0.427 ( 1.009)	Data  0.000 ( 0.675)	Loss 4.6793e+00 (5.5565e+00)	Acc@1  12.11 (  5.35)	Acc@5  26.56 ( 15.05)
Epoch: [0][ 760/2397]	Time  0.431 ( 1.010)	Data  0.000 ( 0.676)	Loss 4.4685e+00 (5.5346e+00)	Acc@1  13.28 (  5.53)	Acc@5  31.25 ( 15.40)
Epoch: [0][ 780/2397]	Time  2.199 ( 1.011)	Data  2.052 ( 0.678)	Loss 4.6997e+00 (5.5113e+00)	Acc@1   9.77 (  5.69)	Acc@5  30.08 ( 15.77)
Epoch: [0][ 800/2397]	Time  0.454 ( 1.009)	Data  0.000 ( 0.676)	Loss 4.5404e+00 (5.4874e+00)	Acc@1  12.89 (  5.86)	Acc@5  30.47 ( 16.14)
Epoch: [0][ 820/2397]	Time  0.426 ( 1.010)	Data  0.000 ( 0.676)	Loss 4.6276e+00 (5.4656e+00)	Acc@1  10.16 (  6.03)	Acc@5  33.59 ( 16.48)
Epoch: [0][ 840/2397]	Time  2.020 ( 1.010)	Data  1.873 ( 0.677)	Loss 4.4846e+00 (5.4442e+00)	Acc@1  14.45 (  6.20)	Acc@5  34.38 ( 16.81)
Epoch: [0][ 860/2397]	Time  0.419 ( 1.008)	Data  0.000 ( 0.675)	Loss 4.3056e+00 (5.4227e+00)	Acc@1  12.89 (  6.37)	Acc@5  32.42 ( 17.16)
Epoch: [0][ 880/2397]	Time  0.433 ( 1.009)	Data  0.000 ( 0.676)	Loss 4.5517e+00 (5.4007e+00)	Acc@1  12.11 (  6.53)	Acc@5  28.91 ( 17.52)
Epoch: [0][ 900/2397]	Time  1.916 ( 1.008)	Data  1.766 ( 0.676)	Loss 4.6051e+00 (5.3804e+00)	Acc@1  10.94 (  6.69)	Acc@5  27.73 ( 17.84)
Epoch: [0][ 920/2397]	Time  0.414 ( 1.007)	Data  0.000 ( 0.674)	Loss 4.4125e+00 (5.3604e+00)	Acc@1  15.62 (  6.85)	Acc@5  35.16 ( 18.18)
Epoch: [0][ 940/2397]	Time  0.426 ( 1.008)	Data  0.000 ( 0.675)	Loss 4.3242e+00 (5.3395e+00)	Acc@1  14.84 (  7.00)	Acc@5  35.94 ( 18.52)
Epoch: [0][ 960/2397]	Time  1.776 ( 1.008)	Data  1.629 ( 0.675)	Loss 4.1093e+00 (5.3197e+00)	Acc@1  14.84 (  7.14)	Acc@5  39.45 ( 18.86)
Epoch: [0][ 980/2397]	Time  0.459 ( 1.006)	Data  0.000 ( 0.673)	Loss 4.5220e+00 (5.3005e+00)	Acc@1  16.02 (  7.32)	Acc@5  30.86 ( 19.18)
Epoch: [0][1000/2397]	Time  0.426 ( 1.006)	Data  0.000 ( 0.674)	Loss 4.4927e+00 (5.2810e+00)	Acc@1  16.02 (  7.47)	Acc@5  33.20 ( 19.50)
Epoch: [0][1020/2397]	Time  2.063 ( 1.007)	Data  1.916 ( 0.674)	Loss 4.2241e+00 (5.2614e+00)	Acc@1  16.80 (  7.62)	Acc@5  38.67 ( 19.83)
Epoch: [0][1040/2397]	Time  0.432 ( 1.006)	Data  0.000 ( 0.673)	Loss 4.3451e+00 (5.2437e+00)	Acc@1  14.45 (  7.75)	Acc@5  31.64 ( 20.12)
Epoch: [0][1060/2397]	Time  0.424 ( 1.006)	Data  0.000 ( 0.674)	Loss 4.2269e+00 (5.2256e+00)	Acc@1  16.41 (  7.90)	Acc@5  35.94 ( 20.42)
Epoch: [0][1080/2397]	Time  2.061 ( 1.006)	Data  1.914 ( 0.674)	Loss 4.2565e+00 (5.2072e+00)	Acc@1  16.41 (  8.05)	Acc@5  35.94 ( 20.72)
Epoch: [0][1100/2397]	Time  0.454 ( 1.005)	Data  0.000 ( 0.673)	Loss 4.3208e+00 (5.1891e+00)	Acc@1  12.50 (  8.20)	Acc@5  35.94 ( 21.04)
Epoch: [0][1120/2397]	Time  0.427 ( 1.006)	Data  0.000 ( 0.674)	Loss 4.1460e+00 (5.1713e+00)	Acc@1  16.02 (  8.34)	Acc@5  38.28 ( 21.33)
Epoch: [0][1140/2397]	Time  1.972 ( 1.006)	Data  1.825 ( 0.674)	Loss 4.0301e+00 (5.1528e+00)	Acc@1  16.41 (  8.51)	Acc@5  39.06 ( 21.65)
Epoch: [0][1160/2397]	Time  0.424 ( 1.005)	Data  0.089 ( 0.673)	Loss 4.1707e+00 (5.1357e+00)	Acc@1  16.80 (  8.66)	Acc@5  39.45 ( 21.94)
Epoch: [0][1180/2397]	Time  0.438 ( 1.005)	Data  0.000 ( 0.673)	Loss 4.0679e+00 (5.1190e+00)	Acc@1  14.45 (  8.79)	Acc@5  39.84 ( 22.22)
Epoch: [0][1200/2397]	Time  2.181 ( 1.005)	Data  2.032 ( 0.673)	Loss 4.2484e+00 (5.1023e+00)	Acc@1  16.41 (  8.94)	Acc@5  36.72 ( 22.52)
Epoch: [0][1220/2397]	Time  0.428 ( 1.004)	Data  0.000 ( 0.673)	Loss 4.0085e+00 (5.0852e+00)	Acc@1  21.48 (  9.11)	Acc@5  41.80 ( 22.80)
Epoch: [0][1240/2397]	Time  0.427 ( 1.005)	Data  0.000 ( 0.673)	Loss 4.0724e+00 (5.0687e+00)	Acc@1  19.92 (  9.25)	Acc@5  42.58 ( 23.09)
Epoch: [0][1260/2397]	Time  2.081 ( 1.005)	Data  1.933 ( 0.674)	Loss 3.8554e+00 (5.0529e+00)	Acc@1  24.22 (  9.41)	Acc@5  45.31 ( 23.36)
Epoch: [0][1280/2397]	Time  0.427 ( 1.004)	Data  0.000 ( 0.673)	Loss 4.0420e+00 (5.0372e+00)	Acc@1  19.92 (  9.55)	Acc@5  41.41 ( 23.64)
Epoch: [0][1300/2397]	Time  0.424 ( 1.004)	Data  0.000 ( 0.673)	Loss 3.9915e+00 (5.0216e+00)	Acc@1  16.41 (  9.69)	Acc@5  41.02 ( 23.92)
Epoch: [0][1320/2397]	Time  1.950 ( 1.004)	Data  1.803 ( 0.673)	Loss 3.9802e+00 (5.0061e+00)	Acc@1  22.66 (  9.84)	Acc@5  43.75 ( 24.19)
Epoch: [0][1340/2397]	Time  0.428 ( 1.003)	Data  0.000 ( 0.672)	Loss 4.0724e+00 (4.9915e+00)	Acc@1  19.14 (  9.98)	Acc@5  41.02 ( 24.45)
Epoch: [0][1360/2397]	Time  0.452 ( 1.003)	Data  0.000 ( 0.672)	Loss 3.7825e+00 (4.9755e+00)	Acc@1  18.36 ( 10.13)	Acc@5  46.48 ( 24.73)
Epoch: [0][1380/2397]	Time  1.839 ( 1.003)	Data  1.687 ( 0.672)	Loss 3.9206e+00 (4.9602e+00)	Acc@1  22.27 ( 10.30)	Acc@5  43.75 ( 25.00)
Epoch: [0][1400/2397]	Time  0.424 ( 1.003)	Data  0.000 ( 0.672)	Loss 3.8212e+00 (4.9455e+00)	Acc@1  25.39 ( 10.45)	Acc@5  45.31 ( 25.25)
Epoch: [0][1420/2397]	Time  0.431 ( 1.003)	Data  0.000 ( 0.672)	Loss 3.9110e+00 (4.9309e+00)	Acc@1  20.31 ( 10.59)	Acc@5  45.31 ( 25.51)
Epoch: [0][1440/2397]	Time  2.091 ( 1.003)	Data  1.939 ( 0.672)	Loss 3.5280e+00 (4.9161e+00)	Acc@1  24.61 ( 10.73)	Acc@5  50.39 ( 25.78)
Epoch: [0][1460/2397]	Time  0.433 ( 1.003)	Data  0.000 ( 0.672)	Loss 3.8783e+00 (4.9014e+00)	Acc@1  20.70 ( 10.88)	Acc@5  43.75 ( 26.04)
Epoch: [0][1480/2397]	Time  0.427 ( 1.002)	Data  0.000 ( 0.671)	Loss 4.0126e+00 (4.8871e+00)	Acc@1  19.92 ( 11.02)	Acc@5  37.89 ( 26.29)
Epoch: [0][1500/2397]	Time  1.872 ( 1.002)	Data  1.726 ( 0.672)	Loss 3.7827e+00 (4.8729e+00)	Acc@1  25.78 ( 11.18)	Acc@5  45.70 ( 26.55)
Epoch: [0][1520/2397]	Time  0.429 ( 1.002)	Data  0.000 ( 0.672)	Loss 3.6802e+00 (4.8590e+00)	Acc@1  28.52 ( 11.33)	Acc@5  46.48 ( 26.80)
Epoch: [0][1540/2397]	Time  0.426 ( 1.003)	Data  0.000 ( 0.672)	Loss 3.8422e+00 (4.8454e+00)	Acc@1  23.83 ( 11.47)	Acc@5  44.53 ( 27.03)
Epoch: [0][1560/2397]	Time  2.033 ( 1.003)	Data  1.886 ( 0.673)	Loss 3.7988e+00 (4.8315e+00)	Acc@1  20.31 ( 11.62)	Acc@5  43.75 ( 27.27)
Epoch: [0][1580/2397]	Time  0.435 ( 1.002)	Data  0.000 ( 0.672)	Loss 3.7523e+00 (4.8175e+00)	Acc@1  22.66 ( 11.77)	Acc@5  49.61 ( 27.53)
Epoch: [0][1600/2397]	Time  0.432 ( 1.003)	Data  0.000 ( 0.672)	Loss 3.6242e+00 (4.8041e+00)	Acc@1  28.52 ( 11.91)	Acc@5  51.17 ( 27.76)
Epoch: [0][1620/2397]	Time  2.119 ( 1.003)	Data  1.971 ( 0.672)	Loss 3.7360e+00 (4.7919e+00)	Acc@1  19.92 ( 12.05)	Acc@5  46.48 ( 28.00)
Epoch: [0][1640/2397]	Time  0.424 ( 1.002)	Data  0.000 ( 0.671)	Loss 3.6994e+00 (4.7791e+00)	Acc@1  24.22 ( 12.18)	Acc@5  46.09 ( 28.23)
Epoch: [0][1660/2397]	Time  0.426 ( 1.002)	Data  0.000 ( 0.672)	Loss 3.6675e+00 (4.7664e+00)	Acc@1  26.17 ( 12.32)	Acc@5  49.61 ( 28.46)
Epoch: [0][1680/2397]	Time  2.004 ( 1.003)	Data  1.853 ( 0.672)	Loss 3.6083e+00 (4.7526e+00)	Acc@1  20.31 ( 12.47)	Acc@5  45.31 ( 28.71)
Epoch: [0][1700/2397]	Time  0.429 ( 1.001)	Data  0.089 ( 0.671)	Loss 3.4888e+00 (4.7393e+00)	Acc@1  24.22 ( 12.61)	Acc@5  52.73 ( 28.95)
Epoch: [0][1720/2397]	Time  0.425 ( 1.001)	Data  0.000 ( 0.672)	Loss 3.6749e+00 (4.7271e+00)	Acc@1  24.61 ( 12.74)	Acc@5  51.95 ( 29.17)
Epoch: [0][1740/2397]	Time  2.177 ( 1.002)	Data  2.028 ( 0.673)	Loss 3.5027e+00 (4.7150e+00)	Acc@1  31.25 ( 12.87)	Acc@5  51.56 ( 29.38)
Epoch: [0][1760/2397]	Time  0.426 ( 1.001)	Data  0.000 ( 0.672)	Loss 3.6046e+00 (4.7027e+00)	Acc@1  23.44 ( 13.00)	Acc@5  51.95 ( 29.59)
Epoch: [0][1780/2397]	Time  0.428 ( 1.002)	Data  0.000 ( 0.673)	Loss 3.3826e+00 (4.6903e+00)	Acc@1  28.91 ( 13.13)	Acc@5  55.47 ( 29.81)
Epoch: [0][1800/2397]	Time  1.917 ( 1.001)	Data  1.766 ( 0.673)	Loss 3.6201e+00 (4.6783e+00)	Acc@1  23.83 ( 13.26)	Acc@5  48.83 ( 30.03)
Epoch: [0][1820/2397]	Time  0.447 ( 1.001)	Data  0.000 ( 0.672)	Loss 3.4193e+00 (4.6658e+00)	Acc@1  26.17 ( 13.40)	Acc@5  52.73 ( 30.26)
Epoch: [0][1840/2397]	Time  0.427 ( 1.001)	Data  0.000 ( 0.672)	Loss 3.2631e+00 (4.6540e+00)	Acc@1  31.25 ( 13.53)	Acc@5  57.81 ( 30.48)
Epoch: [0][1860/2397]	Time  2.234 ( 1.002)	Data  2.086 ( 0.673)	Loss 3.7113e+00 (4.6418e+00)	Acc@1  23.44 ( 13.67)	Acc@5  48.83 ( 30.70)
Epoch: [0][1880/2397]	Time  0.452 ( 1.001)	Data  0.000 ( 0.672)	Loss 3.6851e+00 (4.6300e+00)	Acc@1  22.27 ( 13.81)	Acc@5  49.61 ( 30.91)
Epoch: [0][1900/2397]	Time  0.426 ( 1.001)	Data  0.000 ( 0.672)	Loss 3.5099e+00 (4.6179e+00)	Acc@1  25.39 ( 13.95)	Acc@5  50.00 ( 31.14)
Epoch: [0][1920/2397]	Time  2.048 ( 1.001)	Data  1.897 ( 0.673)	Loss 3.4497e+00 (4.6059e+00)	Acc@1  28.12 ( 14.09)	Acc@5  50.39 ( 31.35)
Epoch: [0][1940/2397]	Time  0.429 ( 1.001)	Data  0.000 ( 0.672)	Loss 3.4446e+00 (4.5942e+00)	Acc@1  28.91 ( 14.23)	Acc@5  53.52 ( 31.56)
Epoch: [0][1960/2397]	Time  0.442 ( 1.000)	Data  0.000 ( 0.672)	Loss 3.3667e+00 (4.5826e+00)	Acc@1  26.95 ( 14.36)	Acc@5  53.91 ( 31.78)
Epoch: [0][1980/2397]	Time  2.062 ( 1.001)	Data  1.913 ( 0.673)	Loss 3.5717e+00 (4.5717e+00)	Acc@1  27.34 ( 14.49)	Acc@5  53.91 ( 31.98)
Epoch: [0][2000/2397]	Time  0.456 ( 1.000)	Data  0.095 ( 0.672)	Loss 3.2750e+00 (4.5602e+00)	Acc@1  31.64 ( 14.62)	Acc@5  57.03 ( 32.19)
Epoch: [0][2020/2397]	Time  0.448 ( 1.000)	Data  0.000 ( 0.672)	Loss 3.5180e+00 (4.5496e+00)	Acc@1  27.34 ( 14.74)	Acc@5  50.78 ( 32.39)
Epoch: [0][2040/2397]	Time  1.513 ( 1.000)	Data  1.366 ( 0.672)	Loss 3.4479e+00 (4.5390e+00)	Acc@1  26.17 ( 14.87)	Acc@5  51.17 ( 32.58)
Epoch: [0][2060/2397]	Time  0.641 ( 0.999)	Data  0.481 ( 0.672)	Loss 3.7035e+00 (4.5284e+00)	Acc@1  25.00 ( 14.99)	Acc@5  46.88 ( 32.78)
Epoch: [0][2080/2397]	Time  0.417 ( 0.998)	Data  0.000 ( 0.671)	Loss 3.4044e+00 (4.5179e+00)	Acc@1  25.78 ( 15.11)	Acc@5  53.12 ( 32.97)
Epoch: [0][2100/2397]	Time  1.900 ( 0.998)	Data  1.753 ( 0.671)	Loss 3.3433e+00 (4.5068e+00)	Acc@1  28.52 ( 15.24)	Acc@5  51.95 ( 33.18)
Epoch: [0][2120/2397]	Time  0.754 ( 0.997)	Data  0.607 ( 0.671)	Loss 3.4364e+00 (4.4956e+00)	Acc@1  30.86 ( 15.38)	Acc@5  51.95 ( 33.38)
Epoch: [0][2140/2397]	Time  0.427 ( 0.996)	Data  0.000 ( 0.671)	Loss 3.6095e+00 (4.4853e+00)	Acc@1  23.05 ( 15.50)	Acc@5  48.44 ( 33.57)
Epoch: [0][2160/2397]	Time  1.737 ( 0.996)	Data  1.590 ( 0.671)	Loss 3.3222e+00 (4.4745e+00)	Acc@1  31.25 ( 15.64)	Acc@5  54.69 ( 33.76)
Epoch: [0][2180/2397]	Time  0.440 ( 0.995)	Data  0.107 ( 0.670)	Loss 3.4605e+00 (4.4640e+00)	Acc@1  26.95 ( 15.76)	Acc@5  56.25 ( 33.96)
Epoch: [0][2200/2397]	Time  0.426 ( 0.994)	Data  0.000 ( 0.670)	Loss 3.1424e+00 (4.4538e+00)	Acc@1  34.77 ( 15.87)	Acc@5  58.98 ( 34.15)
Epoch: [0][2220/2397]	Time  2.109 ( 0.994)	Data  1.962 ( 0.670)	Loss 3.2140e+00 (4.4435e+00)	Acc@1  28.52 ( 16.00)	Acc@5  53.12 ( 34.33)
Epoch: [0][2240/2397]	Time  0.427 ( 0.993)	Data  0.000 ( 0.668)	Loss 3.3399e+00 (4.4336e+00)	Acc@1  26.95 ( 16.11)	Acc@5  52.73 ( 34.52)
Epoch: [0][2260/2397]	Time  0.453 ( 0.992)	Data  0.000 ( 0.667)	Loss 3.2329e+00 (4.4234e+00)	Acc@1  29.69 ( 16.23)	Acc@5  57.03 ( 34.71)
Epoch: [0][2280/2397]	Time  1.983 ( 0.992)	Data  1.828 ( 0.667)	Loss 3.4097e+00 (4.4139e+00)	Acc@1  27.73 ( 16.34)	Acc@5  56.25 ( 34.89)
Epoch: [0][2300/2397]	Time  0.428 ( 0.991)	Data  0.000 ( 0.667)	Loss 3.2540e+00 (4.4046e+00)	Acc@1  30.47 ( 16.46)	Acc@5  58.98 ( 35.06)
Epoch: [0][2320/2397]	Time  0.427 ( 0.991)	Data  0.000 ( 0.667)	Loss 3.0192e+00 (4.3945e+00)	Acc@1  30.08 ( 16.58)	Acc@5  64.06 ( 35.24)
Epoch: [0][2340/2397]	Time  2.384 ( 0.992)	Data  2.235 ( 0.668)	Loss 3.3587e+00 (4.3847e+00)	Acc@1  27.73 ( 16.69)	Acc@5  53.91 ( 35.42)
Epoch: [0][2360/2397]	Time  0.428 ( 0.991)	Data  0.000 ( 0.668)	Loss 3.0765e+00 (4.3750e+00)	Acc@1  32.03 ( 16.81)	Acc@5  59.77 ( 35.60)
Epoch: [0][2380/2397]	Time  0.453 ( 0.992)	Data  0.000 ( 0.668)	Loss 3.1686e+00 (4.3653e+00)	Acc@1  31.25 ( 16.93)	Acc@5  58.20 ( 35.78)
Test: [  0/188]	Time 11.400 (11.400)	Loss 3.6666e+00 (3.6666e+00)	Acc@1  26.95 ( 26.95)	Acc@5  52.73 ( 52.73)
Test: [ 20/188]	Time  0.162 ( 1.285)	Loss 4.7626e+00 (4.5863e+00)	Acc@1  21.88 ( 17.32)	Acc@5  37.11 ( 36.98)
Test: [ 40/188]	Time  1.095 ( 1.086)	Loss 6.6214e+00 (4.8565e+00)	Acc@1   1.95 ( 14.65)	Acc@5   8.59 ( 32.56)
Test: [ 60/188]	Time  0.979 ( 1.012)	Loss 5.2497e+00 (5.1244e+00)	Acc@1   4.30 ( 12.48)	Acc@5  22.66 ( 28.94)
Test: [ 80/188]	Time  0.128 ( 0.985)	Loss 5.1258e+00 (4.9927e+00)	Acc@1   6.25 ( 13.57)	Acc@5  20.31 ( 30.77)
Test: [100/188]	Time  2.202 ( 0.967)	Loss 5.3365e+00 (4.9630e+00)	Acc@1   6.64 ( 13.20)	Acc@5  17.58 ( 30.26)
Test: [120/188]	Time  0.159 ( 0.941)	Loss 4.5025e+00 (4.9308e+00)	Acc@1  17.58 ( 13.18)	Acc@5  35.16 ( 30.06)
Test: [140/188]	Time  0.128 ( 0.931)	Loss 4.0914e+00 (4.9136e+00)	Acc@1  17.58 ( 13.26)	Acc@5  36.72 ( 29.99)
Test: [160/188]	Time  1.855 ( 0.925)	Loss 5.7231e+00 (4.8998e+00)	Acc@1   6.25 ( 13.08)	Acc@5  15.62 ( 29.84)
Test: [180/188]	Time  0.504 ( 0.908)	Loss 5.1110e+00 (4.8304e+00)	Acc@1   5.86 ( 13.49)	Acc@5  22.66 ( 30.77)
 *   Acc@1 13.732 Acc@5 31.077
Test: [  0/188]	Time 11.367 (11.367)	Loss 3.6666e+00 (3.6666e+00)	Acc@1  26.95 ( 26.95)	Acc@5  52.73 ( 52.73)
Test: [ 20/188]	Time  0.171 ( 1.288)	Loss 4.7626e+00 (4.5863e+00)	Acc@1  21.88 ( 17.32)	Acc@5  37.11 ( 36.98)
Test: [ 40/188]	Time  1.146 ( 1.086)	Loss 6.6214e+00 (4.8565e+00)	Acc@1   1.95 ( 14.65)	Acc@5   8.59 ( 32.56)
Test: [ 60/188]	Time  0.953 ( 1.011)	Loss 5.2497e+00 (5.1244e+00)	Acc@1   4.30 ( 12.48)	Acc@5  22.66 ( 28.94)
Test: [ 80/188]	Time  0.129 ( 0.985)	Loss 5.1258e+00 (4.9927e+00)	Acc@1   6.25 ( 13.57)	Acc@5  20.31 ( 30.77)
Test: [100/188]	Time  2.293 ( 0.967)	Loss 5.3365e+00 (4.9630e+00)	Acc@1   6.64 ( 13.20)	Acc@5  17.58 ( 30.26)
Test: [120/188]	Time  0.142 ( 0.941)	Loss 4.5025e+00 (4.9308e+00)	Acc@1  17.58 ( 13.18)	Acc@5  35.16 ( 30.06)
Test: [140/188]	Time  0.129 ( 0.931)	Loss 4.0914e+00 (4.9136e+00)	Acc@1  17.58 ( 13.26)	Acc@5  36.72 ( 29.99)
Test: [160/188]	Time  1.903 ( 0.925)	Loss 5.7231e+00 (4.8998e+00)	Acc@1   6.25 ( 13.08)	Acc@5  15.62 ( 29.84)
Test: [180/188]	Time  0.552 ( 0.908)	Loss 5.1110e+00 (4.8304e+00)	Acc@1   5.86 ( 13.49)	Acc@5  22.66 ( 30.77)
 *   Acc@1 13.732 Acc@5 31.077
Epoch: [1][   0/2397]	Time 15.394 (15.394)	Data 15.225 (15.225)	Loss 3.4337e+00 (3.4337e+00)	Acc@1  26.17 ( 26.17)	Acc@5  51.95 ( 51.95)
Epoch: [1][  20/2397]	Time  0.429 ( 1.582)	Data  0.000 ( 1.278)	Loss 3.2871e+00 (3.5009e+00)	Acc@1  30.47 ( 26.58)	Acc@5  53.52 ( 52.53)
Epoch: [1][  40/2397]	Time  1.321 ( 1.285)	Data  0.758 ( 0.925)	Loss 3.2055e+00 (3.3910e+00)	Acc@1  31.64 ( 28.54)	Acc@5  58.98 ( 53.85)
Epoch: [1][  60/2397]	Time  1.199 ( 1.159)	Data  1.052 ( 0.818)	Loss 3.1381e+00 (3.3200e+00)	Acc@1  32.42 ( 29.73)	Acc@5  58.59 ( 55.33)
Epoch: [1][  80/2397]	Time  0.428 ( 1.088)	Data  0.000 ( 0.770)	Loss 3.0636e+00 (3.2771e+00)	Acc@1  32.03 ( 30.20)	Acc@5  58.20 ( 56.14)
Epoch: [1][ 100/2397]	Time  0.543 ( 1.070)	Data  0.396 ( 0.761)	Loss 3.0462e+00 (3.2488e+00)	Acc@1  35.94 ( 30.65)	Acc@5  57.81 ( 56.67)
Epoch: [1][ 120/2397]	Time  2.188 ( 1.059)	Data  2.041 ( 0.751)	Loss 3.1253e+00 (3.2269e+00)	Acc@1  30.86 ( 31.01)	Acc@5  55.47 ( 56.96)
Epoch: [1][ 140/2397]	Time  0.427 ( 1.044)	Data  0.000 ( 0.732)	Loss 3.2663e+00 (3.2120e+00)	Acc@1  29.30 ( 31.17)	Acc@5  55.47 ( 57.26)
Epoch: [1][ 160/2397]	Time  0.433 ( 1.041)	Data  0.000 ( 0.726)	Loss 3.1429e+00 (3.2009e+00)	Acc@1  33.20 ( 31.44)	Acc@5  58.20 ( 57.34)
Epoch: [1][ 180/2397]	Time  1.823 ( 1.039)	Data  1.669 ( 0.724)	Loss 2.9892e+00 (3.1836e+00)	Acc@1  37.50 ( 31.68)	Acc@5  63.28 ( 57.76)
Epoch: [1][ 200/2397]	Time  0.428 ( 1.029)	Data  0.000 ( 0.712)	Loss 2.8968e+00 (3.1774e+00)	Acc@1  38.67 ( 31.77)	Acc@5  62.50 ( 57.92)
Epoch: [1][ 220/2397]	Time  0.442 ( 1.029)	Data  0.000 ( 0.710)	Loss 3.0494e+00 (3.1731e+00)	Acc@1  34.38 ( 31.93)	Acc@5  61.33 ( 58.03)
Epoch: [1][ 240/2397]	Time  1.877 ( 1.026)	Data  1.730 ( 0.707)	Loss 2.8801e+00 (3.1659e+00)	Acc@1  40.62 ( 32.08)	Acc@5  64.45 ( 58.11)
Epoch: [1][ 260/2397]	Time  0.437 ( 1.018)	Data  0.000 ( 0.697)	Loss 3.0429e+00 (3.1604e+00)	Acc@1  33.20 ( 32.17)	Acc@5  60.94 ( 58.19)
Epoch: [1][ 280/2397]	Time  0.450 ( 1.018)	Data  0.000 ( 0.696)	Loss 3.1103e+00 (3.1570e+00)	Acc@1  33.20 ( 32.24)	Acc@5  56.64 ( 58.24)
Epoch: [1][ 300/2397]	Time  2.183 ( 1.018)	Data  2.034 ( 0.696)	Loss 3.0697e+00 (3.1487e+00)	Acc@1  28.52 ( 32.37)	Acc@5  58.98 ( 58.41)
Epoch: [1][ 320/2397]	Time  0.429 ( 1.014)	Data  0.000 ( 0.691)	Loss 3.0660e+00 (3.1440e+00)	Acc@1  33.98 ( 32.39)	Acc@5  60.16 ( 58.49)
Epoch: [1][ 340/2397]	Time  0.429 ( 1.013)	Data  0.000 ( 0.689)	Loss 3.1783e+00 (3.1416e+00)	Acc@1  32.03 ( 32.47)	Acc@5  57.42 ( 58.55)
Epoch: [1][ 360/2397]	Time  2.012 ( 1.013)	Data  1.865 ( 0.689)	Loss 2.9199e+00 (3.1377e+00)	Acc@1  35.55 ( 32.55)	Acc@5  62.50 ( 58.62)
Epoch: [1][ 380/2397]	Time  0.475 ( 1.009)	Data  0.000 ( 0.684)	Loss 2.9364e+00 (3.1322e+00)	Acc@1  33.20 ( 32.64)	Acc@5  64.45 ( 58.72)
Epoch: [1][ 400/2397]	Time  0.424 ( 1.009)	Data  0.000 ( 0.684)	Loss 3.0729e+00 (3.1275e+00)	Acc@1  37.50 ( 32.71)	Acc@5  60.55 ( 58.82)
Epoch: [1][ 420/2397]	Time  2.003 ( 1.008)	Data  1.856 ( 0.683)	Loss 2.9699e+00 (3.1234e+00)	Acc@1  36.72 ( 32.78)	Acc@5  62.50 ( 58.90)
Epoch: [1][ 440/2397]	Time  0.434 ( 1.004)	Data  0.000 ( 0.679)	Loss 3.0770e+00 (3.1176e+00)	Acc@1  30.86 ( 32.89)	Acc@5  58.98 ( 58.96)
Epoch: [1][ 460/2397]	Time  0.420 ( 1.004)	Data  0.000 ( 0.679)	Loss 3.2293e+00 (3.1128e+00)	Acc@1  28.91 ( 32.95)	Acc@5  54.69 ( 59.06)
Epoch: [1][ 480/2397]	Time  1.928 ( 1.004)	Data  1.761 ( 0.680)	Loss 3.1312e+00 (3.1068e+00)	Acc@1  33.98 ( 33.02)	Acc@5  57.03 ( 59.16)
Epoch: [1][ 500/2397]	Time  0.437 ( 1.000)	Data  0.266 ( 0.679)	Loss 2.9386e+00 (3.1027e+00)	Acc@1  34.38 ( 33.07)	Acc@5  64.45 ( 59.24)
Epoch: [1][ 520/2397]	Time  0.450 ( 1.000)	Data  0.000 ( 0.682)	Loss 3.3168e+00 (3.1009e+00)	Acc@1  32.03 ( 33.15)	Acc@5  58.20 ( 59.29)
Epoch: [1][ 540/2397]	Time  1.399 ( 0.999)	Data  1.251 ( 0.684)	Loss 3.0540e+00 (3.0961e+00)	Acc@1  33.59 ( 33.22)	Acc@5  58.59 ( 59.40)
Epoch: [1][ 560/2397]	Time  0.812 ( 0.997)	Data  0.665 ( 0.685)	Loss 2.6875e+00 (3.0910e+00)	Acc@1  41.80 ( 33.31)	Acc@5  65.62 ( 59.50)
Epoch: [1][ 580/2397]	Time  0.456 ( 0.996)	Data  0.000 ( 0.686)	Loss 3.1108e+00 (3.0889e+00)	Acc@1  31.64 ( 33.35)	Acc@5  56.64 ( 59.52)
Epoch: [1][ 600/2397]	Time  1.131 ( 0.996)	Data  0.984 ( 0.688)	Loss 2.8737e+00 (3.0841e+00)	Acc@1  39.06 ( 33.41)	Acc@5  64.06 ( 59.59)
Epoch: [1][ 620/2397]	Time  1.116 ( 0.995)	Data  0.967 ( 0.689)	Loss 3.0778e+00 (3.0792e+00)	Acc@1  34.77 ( 33.49)	Acc@5  57.81 ( 59.67)
Epoch: [1][ 640/2397]	Time  0.427 ( 0.994)	Data  0.000 ( 0.690)	Loss 3.0582e+00 (3.0749e+00)	Acc@1  32.81 ( 33.52)	Acc@5  59.38 ( 59.73)
Epoch: [1][ 660/2397]	Time  1.825 ( 0.994)	Data  1.678 ( 0.693)	Loss 2.9869e+00 (3.0689e+00)	Acc@1  36.33 ( 33.63)	Acc@5  59.77 ( 59.84)
Epoch: [1][ 680/2397]	Time  0.646 ( 0.992)	Data  0.492 ( 0.692)	Loss 2.9255e+00 (3.0640e+00)	Acc@1  35.94 ( 33.71)	Acc@5  63.67 ( 59.93)
Epoch: [1][ 700/2397]	Time  0.430 ( 0.992)	Data  0.000 ( 0.693)	Loss 2.9527e+00 (3.0579e+00)	Acc@1  33.98 ( 33.79)	Acc@5  65.23 ( 60.03)
Epoch: [1][ 720/2397]	Time  1.860 ( 0.992)	Data  1.712 ( 0.694)	Loss 2.9205e+00 (3.0536e+00)	Acc@1  34.38 ( 33.84)	Acc@5  62.89 ( 60.09)
Epoch: [1][ 740/2397]	Time  1.807 ( 0.991)	Data  1.656 ( 0.695)	Loss 2.8584e+00 (3.0491e+00)	Acc@1  37.50 ( 33.91)	Acc@5  66.02 ( 60.18)
Epoch: [1][ 760/2397]	Time  0.426 ( 0.990)	Data  0.000 ( 0.695)	Loss 3.1204e+00 (3.0442e+00)	Acc@1  29.69 ( 33.99)	Acc@5  57.81 ( 60.25)
Epoch: [1][ 780/2397]	Time  0.427 ( 0.991)	Data  0.000 ( 0.697)	Loss 2.8538e+00 (3.0393e+00)	Acc@1  35.55 ( 34.08)	Acc@5  65.23 ( 60.32)
Epoch: [1][ 800/2397]	Time  2.246 ( 0.992)	Data  2.098 ( 0.697)	Loss 2.7905e+00 (3.0361e+00)	Acc@1  38.28 ( 34.13)	Acc@5  64.06 ( 60.37)
Epoch: [1][ 820/2397]	Time  0.433 ( 0.991)	Data  0.000 ( 0.696)	Loss 3.0187e+00 (3.0318e+00)	Acc@1  34.38 ( 34.19)	Acc@5  62.89 ( 60.45)
Epoch: [1][ 840/2397]	Time  0.429 ( 0.992)	Data  0.000 ( 0.696)	Loss 2.7315e+00 (3.0270e+00)	Acc@1  35.55 ( 34.27)	Acc@5  67.58 ( 60.52)
Epoch: [1][ 860/2397]	Time  2.247 ( 0.993)	Data  2.099 ( 0.696)	Loss 2.8099e+00 (3.0240e+00)	Acc@1  42.97 ( 34.32)	Acc@5  62.50 ( 60.58)
Epoch: [1][ 880/2397]	Time  0.443 ( 0.992)	Data  0.000 ( 0.694)	Loss 2.7712e+00 (3.0207e+00)	Acc@1  35.94 ( 34.39)	Acc@5  64.45 ( 60.63)
Epoch: [1][ 900/2397]	Time  0.447 ( 0.992)	Data  0.000 ( 0.694)	Loss 2.7987e+00 (3.0169e+00)	Acc@1  35.94 ( 34.46)	Acc@5  62.89 ( 60.69)
Epoch: [1][ 920/2397]	Time  2.400 ( 0.994)	Data  2.253 ( 0.694)	Loss 2.9273e+00 (3.0128e+00)	Acc@1  33.98 ( 34.51)	Acc@5  60.94 ( 60.75)
Epoch: [1][ 940/2397]	Time  0.428 ( 0.992)	Data  0.000 ( 0.692)	Loss 2.7756e+00 (3.0085e+00)	Acc@1  38.67 ( 34.57)	Acc@5  62.50 ( 60.82)
Epoch: [1][ 960/2397]	Time  0.430 ( 0.993)	Data  0.000 ( 0.692)	Loss 2.8388e+00 (3.0046e+00)	Acc@1  35.55 ( 34.64)	Acc@5  65.23 ( 60.87)
Epoch: [1][ 980/2397]	Time  2.199 ( 0.994)	Data  2.051 ( 0.692)	Loss 2.6463e+00 (3.0016e+00)	Acc@1  37.50 ( 34.68)	Acc@5  66.80 ( 60.92)
Epoch: [1][1000/2397]	Time  0.432 ( 0.993)	Data  0.000 ( 0.691)	Loss 2.9455e+00 (2.9985e+00)	Acc@1  31.64 ( 34.73)	Acc@5  61.72 ( 60.98)
Epoch: [1][1020/2397]	Time  0.450 ( 0.993)	Data  0.000 ( 0.690)	Loss 2.7048e+00 (2.9950e+00)	Acc@1  41.02 ( 34.80)	Acc@5  67.19 ( 61.03)
Epoch: [1][1040/2397]	Time  2.273 ( 0.994)	Data  2.125 ( 0.691)	Loss 2.7772e+00 (2.9926e+00)	Acc@1  38.67 ( 34.83)	Acc@5  63.28 ( 61.08)
Epoch: [1][1060/2397]	Time  0.424 ( 0.992)	Data  0.000 ( 0.689)	Loss 2.9213e+00 (2.9898e+00)	Acc@1  37.50 ( 34.89)	Acc@5  59.77 ( 61.13)
Epoch: [1][1080/2397]	Time  0.447 ( 0.993)	Data  0.000 ( 0.688)	Loss 2.9434e+00 (2.9865e+00)	Acc@1  36.72 ( 34.94)	Acc@5  63.28 ( 61.18)
Epoch: [1][1100/2397]	Time  2.326 ( 0.993)	Data  2.155 ( 0.688)	Loss 2.6449e+00 (2.9829e+00)	Acc@1  44.14 ( 34.99)	Acc@5  67.97 ( 61.24)
Epoch: [1][1120/2397]	Time  0.424 ( 0.992)	Data  0.000 ( 0.686)	Loss 2.8530e+00 (2.9794e+00)	Acc@1  37.11 ( 35.05)	Acc@5  63.67 ( 61.31)
Epoch: [1][1140/2397]	Time  0.433 ( 0.992)	Data  0.000 ( 0.686)	Loss 2.4909e+00 (2.9760e+00)	Acc@1  43.36 ( 35.12)	Acc@5  68.75 ( 61.37)
Epoch: [1][1160/2397]	Time  1.963 ( 0.993)	Data  1.816 ( 0.687)	Loss 2.5352e+00 (2.9721e+00)	Acc@1  41.41 ( 35.19)	Acc@5  68.75 ( 61.45)
Epoch: [1][1180/2397]	Time  0.462 ( 0.992)	Data  0.000 ( 0.685)	Loss 2.6672e+00 (2.9684e+00)	Acc@1  37.50 ( 35.25)	Acc@5  66.02 ( 61.52)
Epoch: [1][1200/2397]	Time  0.451 ( 0.992)	Data  0.000 ( 0.685)	Loss 2.7483e+00 (2.9654e+00)	Acc@1  41.80 ( 35.29)	Acc@5  65.23 ( 61.58)
Epoch: [1][1220/2397]	Time  2.089 ( 0.993)	Data  1.942 ( 0.685)	Loss 2.6472e+00 (2.9622e+00)	Acc@1  37.89 ( 35.35)	Acc@5  68.36 ( 61.62)
Epoch: [1][1240/2397]	Time  0.448 ( 0.992)	Data  0.000 ( 0.684)	Loss 2.7836e+00 (2.9601e+00)	Acc@1  37.50 ( 35.38)	Acc@5  64.84 ( 61.66)
Epoch: [1][1260/2397]	Time  0.405 ( 0.992)	Data  0.000 ( 0.684)	Loss 2.7007e+00 (2.9572e+00)	Acc@1  38.67 ( 35.43)	Acc@5  67.97 ( 61.71)
Epoch: [1][1280/2397]	Time  2.145 ( 0.993)	Data  1.998 ( 0.684)	Loss 2.8961e+00 (2.9544e+00)	Acc@1  37.50 ( 35.48)	Acc@5  62.89 ( 61.76)
Epoch: [1][1300/2397]	Time  0.426 ( 0.992)	Data  0.000 ( 0.683)	Loss 2.8165e+00 (2.9522e+00)	Acc@1  40.23 ( 35.52)	Acc@5  60.94 ( 61.79)
Epoch: [1][1320/2397]	Time  0.443 ( 0.992)	Data  0.000 ( 0.683)	Loss 2.8681e+00 (2.9497e+00)	Acc@1  35.94 ( 35.56)	Acc@5  62.89 ( 61.84)
Epoch: [1][1340/2397]	Time  2.080 ( 0.992)	Data  1.933 ( 0.683)	Loss 2.6591e+00 (2.9464e+00)	Acc@1  39.45 ( 35.62)	Acc@5  67.97 ( 61.90)
Epoch: [1][1360/2397]	Time  0.429 ( 0.992)	Data  0.000 ( 0.682)	Loss 2.5610e+00 (2.9421e+00)	Acc@1  42.58 ( 35.69)	Acc@5  68.36 ( 61.97)
Epoch: [1][1380/2397]	Time  0.460 ( 0.992)	Data  0.000 ( 0.682)	Loss 2.8650e+00 (2.9387e+00)	Acc@1  37.50 ( 35.74)	Acc@5  62.11 ( 62.02)
Epoch: [1][1400/2397]	Time  2.198 ( 0.993)	Data  2.050 ( 0.683)	Loss 2.7656e+00 (2.9354e+00)	Acc@1  35.94 ( 35.80)	Acc@5  68.36 ( 62.07)
Epoch: [1][1420/2397]	Time  0.427 ( 0.992)	Data  0.000 ( 0.681)	Loss 2.6487e+00 (2.9324e+00)	Acc@1  38.67 ( 35.85)	Acc@5  66.02 ( 62.13)
Epoch: [1][1440/2397]	Time  0.447 ( 0.993)	Data  0.000 ( 0.682)	Loss 2.6151e+00 (2.9296e+00)	Acc@1  44.14 ( 35.89)	Acc@5  67.58 ( 62.18)
Epoch: [1][1460/2397]	Time  2.303 ( 0.994)	Data  2.155 ( 0.682)	Loss 2.7375e+00 (2.9267e+00)	Acc@1  37.11 ( 35.95)	Acc@5  66.41 ( 62.24)
Epoch: [1][1480/2397]	Time  0.422 ( 0.993)	Data  0.000 ( 0.681)	Loss 2.3197e+00 (2.9234e+00)	Acc@1  44.53 ( 36.01)	Acc@5  73.83 ( 62.29)
Epoch: [1][1500/2397]	Time  0.457 ( 0.993)	Data  0.000 ( 0.681)	Loss 2.8111e+00 (2.9211e+00)	Acc@1  38.67 ( 36.05)	Acc@5  66.02 ( 62.34)
Epoch: [1][1520/2397]	Time  2.007 ( 0.993)	Data  1.844 ( 0.681)	Loss 2.5603e+00 (2.9181e+00)	Acc@1  45.31 ( 36.10)	Acc@5  68.75 ( 62.39)
Epoch: [1][1540/2397]	Time  0.422 ( 0.993)	Data  0.081 ( 0.680)	Loss 2.9788e+00 (2.9153e+00)	Acc@1  35.55 ( 36.15)	Acc@5  60.16 ( 62.43)
Epoch: [1][1560/2397]	Time  0.400 ( 0.993)	Data  0.000 ( 0.680)	Loss 2.7992e+00 (2.9123e+00)	Acc@1  37.50 ( 36.20)	Acc@5  62.11 ( 62.47)
Epoch: [1][1580/2397]	Time  1.976 ( 0.993)	Data  1.807 ( 0.680)	Loss 2.6752e+00 (2.9096e+00)	Acc@1  43.75 ( 36.25)	Acc@5  67.19 ( 62.51)
Epoch: [1][1600/2397]	Time  0.429 ( 0.993)	Data  0.000 ( 0.680)	Loss 2.6667e+00 (2.9071e+00)	Acc@1  41.02 ( 36.29)	Acc@5  65.23 ( 62.56)
Epoch: [1][1620/2397]	Time  0.428 ( 0.993)	Data  0.000 ( 0.680)	Loss 2.6585e+00 (2.9046e+00)	Acc@1  39.84 ( 36.33)	Acc@5  68.36 ( 62.61)
Epoch: [1][1640/2397]	Time  2.385 ( 0.994)	Data  2.238 ( 0.680)	Loss 2.6519e+00 (2.9016e+00)	Acc@1  39.06 ( 36.38)	Acc@5  71.88 ( 62.67)
Epoch: [1][1660/2397]	Time  0.453 ( 0.993)	Data  0.000 ( 0.680)	Loss 2.6346e+00 (2.8994e+00)	Acc@1  45.31 ( 36.42)	Acc@5  68.36 ( 62.71)
Epoch: [1][1680/2397]	Time  0.448 ( 0.994)	Data  0.013 ( 0.680)	Loss 2.6378e+00 (2.8963e+00)	Acc@1  38.67 ( 36.48)	Acc@5  64.84 ( 62.76)
Epoch: [1][1700/2397]	Time  2.134 ( 0.994)	Data  1.987 ( 0.680)	Loss 2.6550e+00 (2.8937e+00)	Acc@1  42.19 ( 36.52)	Acc@5  66.80 ( 62.81)
Epoch: [1][1720/2397]	Time  0.433 ( 0.994)	Data  0.000 ( 0.679)	Loss 2.4891e+00 (2.8912e+00)	Acc@1  47.27 ( 36.58)	Acc@5  70.70 ( 62.85)
Epoch: [1][1740/2397]	Time  0.453 ( 0.994)	Data  0.000 ( 0.679)	Loss 2.4538e+00 (2.8883e+00)	Acc@1  42.58 ( 36.63)	Acc@5  70.70 ( 62.91)
Epoch: [1][1760/2397]	Time  1.995 ( 0.994)	Data  1.833 ( 0.679)	Loss 2.4427e+00 (2.8863e+00)	Acc@1  48.44 ( 36.67)	Acc@5  70.31 ( 62.95)
Epoch: [1][1780/2397]	Time  0.428 ( 0.993)	Data  0.000 ( 0.678)	Loss 2.8719e+00 (2.8838e+00)	Acc@1  38.67 ( 36.72)	Acc@5  62.89 ( 62.99)
Epoch: [1][1800/2397]	Time  0.432 ( 0.994)	Data  0.000 ( 0.678)	Loss 2.6708e+00 (2.8809e+00)	Acc@1  37.11 ( 36.76)	Acc@5  70.31 ( 63.04)
Epoch: [1][1820/2397]	Time  2.168 ( 0.994)	Data  2.018 ( 0.679)	Loss 2.7919e+00 (2.8784e+00)	Acc@1  41.80 ( 36.80)	Acc@5  65.62 ( 63.09)
Epoch: [1][1840/2397]	Time  0.429 ( 0.993)	Data  0.000 ( 0.678)	Loss 2.6157e+00 (2.8757e+00)	Acc@1  41.02 ( 36.85)	Acc@5  67.19 ( 63.14)
Epoch: [1][1860/2397]	Time  0.427 ( 0.994)	Data  0.000 ( 0.678)	Loss 2.6834e+00 (2.8730e+00)	Acc@1  40.23 ( 36.90)	Acc@5  67.19 ( 63.17)
Epoch: [1][1880/2397]	Time  2.283 ( 0.994)	Data  2.136 ( 0.678)	Loss 2.5608e+00 (2.8694e+00)	Acc@1  41.41 ( 36.96)	Acc@5  70.31 ( 63.24)
Epoch: [1][1900/2397]	Time  0.426 ( 0.994)	Data  0.000 ( 0.677)	Loss 2.5891e+00 (2.8669e+00)	Acc@1  42.58 ( 37.00)	Acc@5  65.62 ( 63.28)
Epoch: [1][1920/2397]	Time  0.452 ( 0.994)	Data  0.000 ( 0.678)	Loss 2.4814e+00 (2.8639e+00)	Acc@1  41.41 ( 37.06)	Acc@5  68.36 ( 63.33)
Epoch: [1][1940/2397]	Time  2.055 ( 0.994)	Data  1.908 ( 0.677)	Loss 2.7337e+00 (2.8612e+00)	Acc@1  42.58 ( 37.11)	Acc@5  64.06 ( 63.38)
Epoch: [1][1960/2397]	Time  0.438 ( 0.993)	Data  0.000 ( 0.677)	Loss 2.5199e+00 (2.8589e+00)	Acc@1  42.97 ( 37.15)	Acc@5  69.92 ( 63.41)
Epoch: [1][1980/2397]	Time  0.435 ( 0.993)	Data  0.000 ( 0.677)	Loss 2.5851e+00 (2.8562e+00)	Acc@1  45.70 ( 37.20)	Acc@5  68.36 ( 63.47)
Epoch: [1][2000/2397]	Time  1.641 ( 0.993)	Data  1.479 ( 0.678)	Loss 2.7629e+00 (2.8534e+00)	Acc@1  37.50 ( 37.25)	Acc@5  66.41 ( 63.52)
Epoch: [1][2020/2397]	Time  0.426 ( 0.993)	Data  0.000 ( 0.678)	Loss 2.6570e+00 (2.8506e+00)	Acc@1  43.75 ( 37.30)	Acc@5  67.97 ( 63.57)
Epoch: [1][2040/2397]	Time  0.426 ( 0.993)	Data  0.000 ( 0.679)	Loss 2.5579e+00 (2.8482e+00)	Acc@1  42.19 ( 37.34)	Acc@5  66.80 ( 63.62)
Epoch: [1][2060/2397]	Time  2.028 ( 0.993)	Data  1.867 ( 0.679)	Loss 2.6805e+00 (2.8457e+00)	Acc@1  41.80 ( 37.39)	Acc@5  66.02 ( 63.66)
Epoch: [1][2080/2397]	Time  0.420 ( 0.993)	Data  0.000 ( 0.679)	Loss 2.6493e+00 (2.8427e+00)	Acc@1  42.58 ( 37.44)	Acc@5  68.75 ( 63.71)
Epoch: [1][2100/2397]	Time  0.441 ( 0.993)	Data  0.000 ( 0.679)	Loss 2.6857e+00 (2.8401e+00)	Acc@1  41.41 ( 37.49)	Acc@5  68.36 ( 63.75)
Epoch: [1][2120/2397]	Time  2.312 ( 0.993)	Data  2.153 ( 0.679)	Loss 2.5241e+00 (2.8376e+00)	Acc@1  44.14 ( 37.55)	Acc@5  67.97 ( 63.80)
Epoch: [1][2140/2397]	Time  0.432 ( 0.993)	Data  0.000 ( 0.678)	Loss 2.7037e+00 (2.8350e+00)	Acc@1  43.75 ( 37.59)	Acc@5  65.23 ( 63.85)
Epoch: [1][2160/2397]	Time  0.445 ( 0.993)	Data  0.000 ( 0.678)	Loss 2.3391e+00 (2.8321e+00)	Acc@1  46.09 ( 37.65)	Acc@5  73.05 ( 63.90)
Epoch: [1][2180/2397]	Time  2.009 ( 0.994)	Data  1.862 ( 0.679)	Loss 2.5329e+00 (2.8291e+00)	Acc@1  39.84 ( 37.70)	Acc@5  71.09 ( 63.94)
Epoch: [1][2200/2397]	Time  0.431 ( 0.993)	Data  0.000 ( 0.678)	Loss 2.4970e+00 (2.8265e+00)	Acc@1  46.48 ( 37.75)	Acc@5  73.05 ( 63.99)
Epoch: [1][2220/2397]	Time  0.434 ( 0.993)	Data  0.007 ( 0.678)	Loss 2.5668e+00 (2.8240e+00)	Acc@1  43.36 ( 37.79)	Acc@5  71.09 ( 64.03)
Epoch: [1][2240/2397]	Time  2.124 ( 0.994)	Data  1.972 ( 0.678)	Loss 2.5543e+00 (2.8217e+00)	Acc@1  43.36 ( 37.83)	Acc@5  67.19 ( 64.07)
Epoch: [1][2260/2397]	Time  0.451 ( 0.993)	Data  0.000 ( 0.677)	Loss 2.4816e+00 (2.8191e+00)	Acc@1  42.58 ( 37.87)	Acc@5  71.88 ( 64.11)
Epoch: [1][2280/2397]	Time  0.439 ( 0.993)	Data  0.000 ( 0.677)	Loss 2.3926e+00 (2.8166e+00)	Acc@1  47.66 ( 37.92)	Acc@5  69.92 ( 64.15)
Epoch: [1][2300/2397]	Time  2.101 ( 0.993)	Data  1.936 ( 0.678)	Loss 2.5113e+00 (2.8141e+00)	Acc@1  46.09 ( 37.96)	Acc@5  72.27 ( 64.20)
Epoch: [1][2320/2397]	Time  0.438 ( 0.993)	Data  0.000 ( 0.677)	Loss 2.9363e+00 (2.8120e+00)	Acc@1  40.23 ( 38.01)	Acc@5  61.72 ( 64.24)
Epoch: [1][2340/2397]	Time  0.433 ( 0.993)	Data  0.000 ( 0.677)	Loss 2.7060e+00 (2.8098e+00)	Acc@1  40.23 ( 38.05)	Acc@5  61.33 ( 64.28)
Epoch: [1][2360/2397]	Time  1.825 ( 0.993)	Data  1.677 ( 0.677)	Loss 2.4537e+00 (2.8076e+00)	Acc@1  42.19 ( 38.09)	Acc@5  70.70 ( 64.31)
Epoch: [1][2380/2397]	Time  0.458 ( 0.992)	Data  0.000 ( 0.676)	Loss 2.5965e+00 (2.8051e+00)	Acc@1  44.53 ( 38.15)	Acc@5  70.70 ( 64.36)
Epoch: [1][   0/2397]	Time 16.238 (16.238)	Data 16.068 (16.068)	Loss 3.3820e+00 (3.3820e+00)	Acc@1  28.52 ( 28.52)	Acc@5  55.08 ( 55.08)
Epoch: [1][  20/2397]	Time  0.429 ( 1.625)	Data  0.000 ( 1.231)	Loss 3.1797e+00 (3.4562e+00)	Acc@1  28.91 ( 27.06)	Acc@5  56.64 ( 53.27)
Epoch: [1][  40/2397]	Time  0.425 ( 1.307)	Data  0.000 ( 0.942)	Loss 3.1492e+00 (3.3417e+00)	Acc@1  34.38 ( 29.10)	Acc@5  59.38 ( 54.44)
Epoch: [1][  60/2397]	Time  1.394 ( 1.177)	Data  1.247 ( 0.826)	Loss 3.2129e+00 (3.2819e+00)	Acc@1  29.30 ( 30.05)	Acc@5  56.25 ( 55.60)
Epoch: [1][  80/2397]	Time  0.446 ( 1.100)	Data  0.000 ( 0.742)	Loss 3.0842e+00 (3.2507e+00)	Acc@1  30.86 ( 30.47)	Acc@5  56.64 ( 56.18)
Epoch: [1][ 100/2397]	Time  0.527 ( 1.079)	Data  0.070 ( 0.639)	Loss 2.9534e+00 (3.2216e+00)	Acc@1  33.59 ( 31.06)	Acc@5  60.94 ( 56.57)
Epoch: [1][ 120/2397]	Time  2.188 ( 1.067)	Data  0.298 ( 0.550)	Loss 3.0739e+00 (3.2012e+00)	Acc@1  29.69 ( 31.37)	Acc@5  58.20 ( 56.99)
Epoch: [1][ 140/2397]	Time  0.429 ( 1.050)	Data  0.000 ( 0.479)	Loss 3.1691e+00 (3.1935e+00)	Acc@1  29.69 ( 31.51)	Acc@5  58.20 ( 57.29)
Epoch: [1][ 160/2397]	Time  0.458 ( 1.047)	Data  0.208 ( 0.428)	Loss 3.2076e+00 (3.1779e+00)	Acc@1  31.64 ( 31.80)	Acc@5  55.86 ( 57.61)
Epoch: [1][ 180/2397]	Time  1.820 ( 1.044)	Data  0.000 ( 0.388)	Loss 3.1223e+00 (3.1702e+00)	Acc@1  34.77 ( 31.89)	Acc@5  61.33 ( 57.79)
Epoch: [1][ 200/2397]	Time  0.478 ( 1.034)	Data  0.000 ( 0.357)	Loss 3.3342e+00 (3.1584e+00)	Acc@1  26.56 ( 32.10)	Acc@5  53.52 ( 57.94)
Epoch: [1][ 220/2397]	Time  0.444 ( 1.033)	Data  0.175 ( 0.329)	Loss 3.0376e+00 (3.1553e+00)	Acc@1  34.77 ( 32.16)	Acc@5  58.98 ( 58.05)
Epoch: [1][ 240/2397]	Time  1.878 ( 1.030)	Data  0.000 ( 0.309)	Loss 3.0667e+00 (3.1525e+00)	Acc@1  30.08 ( 32.20)	Acc@5  59.77 ( 58.04)
Epoch: [1][ 260/2397]	Time  0.435 ( 1.021)	Data  0.000 ( 0.292)	Loss 3.2916e+00 (3.1469e+00)	Acc@1  31.25 ( 32.31)	Acc@5  57.03 ( 58.20)
Epoch: [1][ 280/2397]	Time  0.576 ( 1.021)	Data  0.429 ( 0.278)	Loss 2.9914e+00 (3.1424e+00)	Acc@1  32.42 ( 32.37)	Acc@5  60.94 ( 58.30)
Epoch: [1][ 300/2397]	Time  2.168 ( 1.021)	Data  0.000 ( 0.266)	Loss 3.1092e+00 (3.1357e+00)	Acc@1  30.47 ( 32.47)	Acc@5  60.16 ( 58.47)
Epoch: [1][ 320/2397]	Time  0.438 ( 1.016)	Data  0.000 ( 0.253)	Loss 3.0123e+00 (3.1285e+00)	Acc@1  35.16 ( 32.56)	Acc@5  58.20 ( 58.58)
Epoch: [1][ 340/2397]	Time  0.433 ( 1.016)	Data  0.284 ( 0.244)	Loss 3.0561e+00 (3.1242e+00)	Acc@1  33.98 ( 32.62)	Acc@5  55.47 ( 58.61)
Epoch: [1][ 360/2397]	Time  2.044 ( 1.015)	Data  0.000 ( 0.235)	Loss 3.1028e+00 (3.1193e+00)	Acc@1  34.38 ( 32.74)	Acc@5  60.55 ( 58.73)
Epoch: [1][ 380/2397]	Time  0.427 ( 1.011)	Data  0.000 ( 0.225)	Loss 2.9672e+00 (3.1138e+00)	Acc@1  38.67 ( 32.87)	Acc@5  63.28 ( 58.80)
Epoch: [1][ 400/2397]	Time  0.441 ( 1.011)	Data  0.123 ( 0.217)	Loss 2.9754e+00 (3.1089e+00)	Acc@1  35.94 ( 32.93)	Acc@5  62.11 ( 58.86)
Epoch: [1][ 420/2397]	Time  2.026 ( 1.010)	Data  0.000 ( 0.210)	Loss 2.8945e+00 (3.1041e+00)	Acc@1  40.62 ( 33.04)	Acc@5  62.89 ( 58.95)
Epoch: [1][ 440/2397]	Time  0.434 ( 1.006)	Data  0.000 ( 0.202)	Loss 3.1801e+00 (3.0996e+00)	Acc@1  30.08 ( 33.10)	Acc@5  54.30 ( 59.04)
Epoch: [1][ 460/2397]	Time  0.463 ( 1.007)	Data  0.218 ( 0.196)	Loss 3.0874e+00 (3.0962e+00)	Acc@1  32.81 ( 33.15)	Acc@5  60.55 ( 59.13)
Epoch: [1][ 480/2397]	Time  1.926 ( 1.006)	Data  0.000 ( 0.191)	Loss 2.8385e+00 (3.0907e+00)	Acc@1  39.06 ( 33.22)	Acc@5  63.28 ( 59.20)
Epoch: [1][ 500/2397]	Time  0.428 ( 1.002)	Data  0.000 ( 0.187)	Loss 2.9827e+00 (3.0847e+00)	Acc@1  34.77 ( 33.27)	Acc@5  58.98 ( 59.29)
Epoch: [1][ 520/2397]	Time  0.422 ( 1.002)	Data  0.272 ( 0.183)	Loss 2.9434e+00 (3.0831e+00)	Acc@1  40.23 ( 33.32)	Acc@5  62.11 ( 59.31)
Epoch: [1][ 540/2397]	Time  1.393 ( 1.001)	Data  0.000 ( 0.180)	Loss 2.9916e+00 (3.0807e+00)	Acc@1  35.55 ( 33.38)	Acc@5  62.50 ( 59.35)
Epoch: [1][ 560/2397]	Time  0.816 ( 0.998)	Data  0.000 ( 0.176)	Loss 3.1066e+00 (3.0769e+00)	Acc@1  31.25 ( 33.43)	Acc@5  56.25 ( 59.41)
Epoch: [1][ 580/2397]	Time  0.538 ( 0.998)	Data  0.391 ( 0.174)	Loss 2.9404e+00 (3.0723e+00)	Acc@1  36.72 ( 33.52)	Acc@5  61.72 ( 59.49)
Epoch: [1][ 600/2397]	Time  1.132 ( 0.997)	Data  0.000 ( 0.174)	Loss 3.0595e+00 (3.0671e+00)	Acc@1  33.59 ( 33.59)	Acc@5  55.86 ( 59.57)
Epoch: [1][ 620/2397]	Time  1.130 ( 0.996)	Data  0.000 ( 0.171)	Loss 2.9847e+00 (3.0639e+00)	Acc@1  35.94 ( 33.63)	Acc@5  59.77 ( 59.61)
Epoch: [1][ 640/2397]	Time  0.427 ( 0.995)	Data  0.193 ( 0.168)	Loss 2.8962e+00 (3.0595e+00)	Acc@1  32.03 ( 33.67)	Acc@5  64.84 ( 59.71)
Epoch: [1][ 660/2397]	Time  1.825 ( 0.996)	Data  0.000 ( 0.165)	Loss 2.7423e+00 (3.0557e+00)	Acc@1  39.84 ( 33.76)	Acc@5  62.89 ( 59.77)
Epoch: [1][ 680/2397]	Time  0.666 ( 0.993)	Data  0.000 ( 0.162)	Loss 3.0184e+00 (3.0542e+00)	Acc@1  35.55 ( 33.82)	Acc@5  62.11 ( 59.81)
Epoch: [1][ 700/2397]	Time  0.438 ( 0.993)	Data  0.291 ( 0.160)	Loss 3.0610e+00 (3.0499e+00)	Acc@1  35.16 ( 33.87)	Acc@5  55.86 ( 59.89)
Epoch: [1][ 720/2397]	Time  1.857 ( 0.993)	Data  0.000 ( 0.157)	Loss 2.9391e+00 (3.0463e+00)	Acc@1  35.55 ( 33.92)	Acc@5  64.84 ( 59.96)
Epoch: [1][ 740/2397]	Time  1.824 ( 0.992)	Data  0.000 ( 0.153)	Loss 2.8520e+00 (3.0432e+00)	Acc@1  41.02 ( 33.97)	Acc@5  65.62 ( 60.03)
Epoch: [1][ 760/2397]	Time  0.452 ( 0.991)	Data  0.000 ( 0.150)	Loss 2.7823e+00 (3.0404e+00)	Acc@1  42.19 ( 34.03)	Acc@5  64.84 ( 60.07)
Epoch: [1][ 780/2397]	Time  0.427 ( 0.992)	Data  0.000 ( 0.146)	Loss 2.8959e+00 (3.0367e+00)	Acc@1  37.11 ( 34.12)	Acc@5  62.11 ( 60.14)
Epoch: [1][ 800/2397]	Time  2.257 ( 0.993)	Data  0.000 ( 0.143)	Loss 2.8563e+00 (3.0335e+00)	Acc@1  36.72 ( 34.18)	Acc@5  64.06 ( 60.20)
Epoch: [1][ 820/2397]	Time  0.439 ( 0.992)	Data  0.000 ( 0.140)	Loss 2.9161e+00 (3.0291e+00)	Acc@1  38.28 ( 34.26)	Acc@5  60.94 ( 60.28)
Epoch: [1][ 840/2397]	Time  0.421 ( 0.993)	Data  0.000 ( 0.137)	Loss 2.9457e+00 (3.0250e+00)	Acc@1  36.33 ( 34.33)	Acc@5  62.50 ( 60.34)
Epoch: [1][ 860/2397]	Time  2.276 ( 0.994)	Data  0.000 ( 0.134)	Loss 2.7324e+00 (3.0214e+00)	Acc@1  41.80 ( 34.41)	Acc@5  67.97 ( 60.41)
Epoch: [1][ 880/2397]	Time  0.418 ( 0.993)	Data  0.000 ( 0.131)	Loss 2.8092e+00 (3.0179e+00)	Acc@1  36.33 ( 34.47)	Acc@5  63.67 ( 60.47)
Epoch: [1][ 900/2397]	Time  0.429 ( 0.993)	Data  0.000 ( 0.129)	Loss 2.6594e+00 (3.0149e+00)	Acc@1  35.55 ( 34.51)	Acc@5  68.75 ( 60.54)
Epoch: [1][ 920/2397]	Time  2.439 ( 0.995)	Data  0.000 ( 0.126)	Loss 3.0847e+00 (3.0111e+00)	Acc@1  33.20 ( 34.58)	Acc@5  54.69 ( 60.59)
Epoch: [1][ 940/2397]	Time  0.473 ( 0.993)	Data  0.000 ( 0.124)	Loss 2.8896e+00 (3.0068e+00)	Acc@1  38.67 ( 34.66)	Acc@5  66.80 ( 60.68)
Epoch: [1][ 960/2397]	Time  0.434 ( 0.994)	Data  0.000 ( 0.121)	Loss 2.8858e+00 (3.0028e+00)	Acc@1  33.98 ( 34.72)	Acc@5  60.55 ( 60.74)
Epoch: [1][ 980/2397]	Time  2.241 ( 0.995)	Data  0.000 ( 0.119)	Loss 2.9039e+00 (2.9991e+00)	Acc@1  37.50 ( 34.78)	Acc@5  64.45 ( 60.82)
Epoch: [1][1000/2397]	Time  0.427 ( 0.993)	Data  0.000 ( 0.117)	Loss 2.8085e+00 (2.9964e+00)	Acc@1  36.72 ( 34.84)	Acc@5  68.75 ( 60.86)
Epoch: [1][1020/2397]	Time  0.427 ( 0.994)	Data  0.162 ( 0.116)	Loss 2.8719e+00 (2.9930e+00)	Acc@1  37.89 ( 34.89)	Acc@5  62.89 ( 60.93)
Epoch: [1][1040/2397]	Time  2.271 ( 0.995)	Data  0.000 ( 0.114)	Loss 2.6467e+00 (2.9908e+00)	Acc@1  34.38 ( 34.93)	Acc@5  65.62 ( 60.97)
Epoch: [1][1060/2397]	Time  0.442 ( 0.993)	Data  0.000 ( 0.112)	Loss 3.0269e+00 (2.9883e+00)	Acc@1  37.11 ( 34.99)	Acc@5  56.64 ( 61.02)
Epoch: [1][1080/2397]	Time  0.429 ( 0.994)	Data  0.000 ( 0.110)	Loss 2.9825e+00 (2.9856e+00)	Acc@1  26.56 ( 35.02)	Acc@5  64.06 ( 61.07)
Epoch: [1][1100/2397]	Time  2.303 ( 0.994)	Data  0.000 ( 0.108)	Loss 2.8014e+00 (2.9825e+00)	Acc@1  33.59 ( 35.07)	Acc@5  64.84 ( 61.14)
Epoch: [1][1120/2397]	Time  0.439 ( 0.993)	Data  0.018 ( 0.107)	Loss 2.7243e+00 (2.9799e+00)	Acc@1  37.50 ( 35.12)	Acc@5  61.72 ( 61.18)
Epoch: [1][1140/2397]	Time  0.425 ( 0.993)	Data  0.000 ( 0.105)	Loss 2.8034e+00 (2.9762e+00)	Acc@1  35.94 ( 35.18)	Acc@5  63.67 ( 61.23)
Epoch: [1][1160/2397]	Time  2.002 ( 0.994)	Data  0.000 ( 0.104)	Loss 3.1835e+00 (2.9734e+00)	Acc@1  33.20 ( 35.24)	Acc@5  57.81 ( 61.28)
Epoch: [1][1180/2397]	Time  0.459 ( 0.992)	Data  0.000 ( 0.102)	Loss 2.7289e+00 (2.9704e+00)	Acc@1  38.28 ( 35.27)	Acc@5  66.02 ( 61.33)
Epoch: [1][1200/2397]	Time  0.417 ( 0.993)	Data  0.000 ( 0.101)	Loss 2.8679e+00 (2.9664e+00)	Acc@1  33.20 ( 35.33)	Acc@5  58.59 ( 61.40)
Epoch: [1][1220/2397]	Time  2.129 ( 0.994)	Data  0.000 ( 0.099)	Loss 2.7272e+00 (2.9639e+00)	Acc@1  40.23 ( 35.39)	Acc@5  67.19 ( 61.45)
Epoch: [1][1240/2397]	Time  0.464 ( 0.993)	Data  0.000 ( 0.098)	Loss 2.8212e+00 (2.9613e+00)	Acc@1  42.97 ( 35.45)	Acc@5  61.33 ( 61.50)
Epoch: [1][1260/2397]	Time  0.435 ( 0.993)	Data  0.000 ( 0.096)	Loss 2.9520e+00 (2.9580e+00)	Acc@1  35.16 ( 35.50)	Acc@5  62.50 ( 61.56)
Epoch: [1][1280/2397]	Time  2.124 ( 0.994)	Data  0.000 ( 0.095)	Loss 2.8186e+00 (2.9557e+00)	Acc@1  35.55 ( 35.54)	Acc@5  64.45 ( 61.60)
Epoch: [1][1300/2397]	Time  0.431 ( 0.993)	Data  0.000 ( 0.094)	Loss 2.7790e+00 (2.9521e+00)	Acc@1  41.80 ( 35.61)	Acc@5  66.80 ( 61.66)
Epoch: [1][1320/2397]	Time  0.434 ( 0.993)	Data  0.000 ( 0.093)	Loss 2.9871e+00 (2.9492e+00)	Acc@1  31.25 ( 35.65)	Acc@5  60.94 ( 61.71)
Epoch: [1][1340/2397]	Time  2.117 ( 0.993)	Data  0.000 ( 0.092)	Loss 2.7551e+00 (2.9457e+00)	Acc@1  35.55 ( 35.72)	Acc@5  65.23 ( 61.77)
Epoch: [1][1360/2397]	Time  0.432 ( 0.993)	Data  0.000 ( 0.090)	Loss 2.5345e+00 (2.9434e+00)	Acc@1  42.58 ( 35.75)	Acc@5  67.97 ( 61.81)
Epoch: [1][1380/2397]	Time  0.423 ( 0.993)	Data  0.000 ( 0.089)	Loss 2.5435e+00 (2.9400e+00)	Acc@1  41.41 ( 35.80)	Acc@5  67.97 ( 61.88)
Epoch: [1][1400/2397]	Time  2.222 ( 0.994)	Data  0.000 ( 0.088)	Loss 2.5692e+00 (2.9371e+00)	Acc@1  39.45 ( 35.84)	Acc@5  66.02 ( 61.93)
Epoch: [1][1420/2397]	Time  0.428 ( 0.993)	Data  0.000 ( 0.087)	Loss 2.4672e+00 (2.9342e+00)	Acc@1  42.97 ( 35.88)	Acc@5  72.66 ( 61.98)
Epoch: [1][1440/2397]	Time  0.429 ( 0.994)	Data  0.000 ( 0.086)	Loss 2.6735e+00 (2.9306e+00)	Acc@1  40.23 ( 35.93)	Acc@5  67.19 ( 62.05)
Epoch: [1][1460/2397]	Time  2.330 ( 0.994)	Data  0.000 ( 0.085)	Loss 2.6485e+00 (2.9272e+00)	Acc@1  42.58 ( 35.99)	Acc@5  65.23 ( 62.11)
Epoch: [1][1480/2397]	Time  0.425 ( 0.993)	Data  0.000 ( 0.084)	Loss 2.4080e+00 (2.9240e+00)	Acc@1  46.09 ( 36.05)	Acc@5  73.44 ( 62.17)
Epoch: [1][1500/2397]	Time  0.416 ( 0.994)	Data  0.000 ( 0.083)	Loss 2.8197e+00 (2.9208e+00)	Acc@1  39.06 ( 36.10)	Acc@5  64.06 ( 62.23)
Epoch: [1][1520/2397]	Time  2.028 ( 0.994)	Data  0.000 ( 0.083)	Loss 2.7678e+00 (2.9173e+00)	Acc@1  39.84 ( 36.16)	Acc@5  64.84 ( 62.29)
Epoch: [1][1540/2397]	Time  0.442 ( 0.993)	Data  0.000 ( 0.082)	Loss 2.4069e+00 (2.9148e+00)	Acc@1  42.58 ( 36.20)	Acc@5  68.36 ( 62.32)
Epoch: [1][1560/2397]	Time  0.419 ( 0.994)	Data  0.000 ( 0.081)	Loss 2.6836e+00 (2.9114e+00)	Acc@1  39.45 ( 36.25)	Acc@5  66.02 ( 62.39)
Epoch: [1][1580/2397]	Time  1.957 ( 0.994)	Data  0.000 ( 0.080)	Loss 2.8220e+00 (2.9091e+00)	Acc@1  38.67 ( 36.29)	Acc@5  62.11 ( 62.43)
Epoch: [1][1600/2397]	Time  0.446 ( 0.994)	Data  0.000 ( 0.079)	Loss 2.5683e+00 (2.9068e+00)	Acc@1  41.80 ( 36.33)	Acc@5  67.19 ( 62.48)
Epoch: [1][1620/2397]	Time  0.435 ( 0.994)	Data  0.000 ( 0.078)	Loss 2.6709e+00 (2.9037e+00)	Acc@1  39.45 ( 36.38)	Acc@5  67.97 ( 62.52)
Epoch: [1][1640/2397]	Time  2.393 ( 0.994)	Data  0.000 ( 0.078)	Loss 2.6536e+00 (2.9014e+00)	Acc@1  40.23 ( 36.42)	Acc@5  68.36 ( 62.57)
Epoch: [1][1660/2397]	Time  0.431 ( 0.994)	Data  0.000 ( 0.077)	Loss 2.8486e+00 (2.8991e+00)	Acc@1  39.45 ( 36.46)	Acc@5  64.84 ( 62.61)
Epoch: [1][1680/2397]	Time  0.429 ( 0.995)	Data  0.000 ( 0.076)	Loss 2.6646e+00 (2.8965e+00)	Acc@1  41.80 ( 36.50)	Acc@5  65.23 ( 62.66)
Epoch: [1][1700/2397]	Time  2.140 ( 0.995)	Data  0.000 ( 0.075)	Loss 2.7935e+00 (2.8936e+00)	Acc@1  41.80 ( 36.55)	Acc@5  64.06 ( 62.71)
Epoch: [1][1720/2397]	Time  0.421 ( 0.994)	Data  0.000 ( 0.075)	Loss 2.8078e+00 (2.8912e+00)	Acc@1  36.33 ( 36.60)	Acc@5  62.11 ( 62.75)
Epoch: [1][1740/2397]	Time  0.444 ( 0.994)	Data  0.000 ( 0.074)	Loss 2.8893e+00 (2.8895e+00)	Acc@1  35.55 ( 36.63)	Acc@5  62.11 ( 62.78)
Epoch: [1][1760/2397]	Time  1.989 ( 0.994)	Data  0.000 ( 0.073)	Loss 2.6785e+00 (2.8872e+00)	Acc@1  41.02 ( 36.66)	Acc@5  67.58 ( 62.83)
Epoch: [1][1780/2397]	Time  0.426 ( 0.993)	Data  0.000 ( 0.073)	Loss 2.7599e+00 (2.8848e+00)	Acc@1  36.72 ( 36.70)	Acc@5  65.23 ( 62.87)
Epoch: [1][1800/2397]	Time  0.477 ( 0.994)	Data  0.000 ( 0.072)	Loss 2.3771e+00 (2.8822e+00)	Acc@1  47.66 ( 36.75)	Acc@5  72.66 ( 62.92)
Epoch: [1][1820/2397]	Time  2.182 ( 0.995)	Data  0.000 ( 0.071)	Loss 2.8093e+00 (2.8792e+00)	Acc@1  37.50 ( 36.81)	Acc@5  63.67 ( 62.98)
Epoch: [1][1840/2397]	Time  0.429 ( 0.994)	Data  0.000 ( 0.071)	Loss 2.7346e+00 (2.8767e+00)	Acc@1  36.33 ( 36.85)	Acc@5  65.23 ( 63.02)
Epoch: [1][1860/2397]	Time  0.458 ( 0.994)	Data  0.000 ( 0.070)	Loss 2.7487e+00 (2.8742e+00)	Acc@1  36.33 ( 36.89)	Acc@5  66.02 ( 63.07)
Epoch: [1][1880/2397]	Time  2.296 ( 0.995)	Data  0.000 ( 0.070)	Loss 2.6361e+00 (2.8716e+00)	Acc@1  37.89 ( 36.92)	Acc@5  66.02 ( 63.11)
Epoch: [1][1900/2397]	Time  0.477 ( 0.994)	Data  0.000 ( 0.069)	Loss 2.6672e+00 (2.8690e+00)	Acc@1  42.97 ( 36.97)	Acc@5  67.19 ( 63.16)
Epoch: [1][1920/2397]	Time  0.470 ( 0.994)	Data  0.000 ( 0.068)	Loss 2.5210e+00 (2.8662e+00)	Acc@1  44.92 ( 37.02)	Acc@5  67.19 ( 63.21)
Epoch: [1][1940/2397]	Time  2.057 ( 0.994)	Data  0.000 ( 0.068)	Loss 2.5927e+00 (2.8639e+00)	Acc@1  41.02 ( 37.06)	Acc@5  67.97 ( 63.25)
Epoch: [1][1960/2397]	Time  0.437 ( 0.994)	Data  0.000 ( 0.067)	Loss 2.5880e+00 (2.8612e+00)	Acc@1  43.36 ( 37.11)	Acc@5  68.75 ( 63.29)
Epoch: [1][1980/2397]	Time  0.419 ( 0.994)	Data  0.000 ( 0.067)	Loss 2.6357e+00 (2.8588e+00)	Acc@1  44.14 ( 37.15)	Acc@5  66.02 ( 63.33)
Epoch: [1][2000/2397]	Time  1.633 ( 0.994)	Data  0.000 ( 0.066)	Loss 2.3782e+00 (2.8557e+00)	Acc@1  45.70 ( 37.21)	Acc@5  70.70 ( 63.39)
Epoch: [1][2020/2397]	Time  0.426 ( 0.993)	Data  0.000 ( 0.066)	Loss 2.6214e+00 (2.8533e+00)	Acc@1  41.41 ( 37.26)	Acc@5  66.02 ( 63.44)
Epoch: [1][2040/2397]	Time  0.451 ( 0.993)	Data  0.000 ( 0.065)	Loss 2.4976e+00 (2.8503e+00)	Acc@1  41.80 ( 37.31)	Acc@5  69.53 ( 63.49)
Epoch: [1][2060/2397]	Time  2.015 ( 0.994)	Data  0.000 ( 0.065)	Loss 2.5256e+00 (2.8475e+00)	Acc@1  45.70 ( 37.36)	Acc@5  69.53 ( 63.55)
Epoch: [1][2080/2397]	Time  0.469 ( 0.993)	Data  0.000 ( 0.064)	Loss 2.5108e+00 (2.8452e+00)	Acc@1  40.23 ( 37.39)	Acc@5  71.09 ( 63.59)
Epoch: [1][2100/2397]	Time  0.433 ( 0.994)	Data  0.000 ( 0.064)	Loss 2.6390e+00 (2.8427e+00)	Acc@1  42.97 ( 37.44)	Acc@5  67.58 ( 63.64)
Epoch: [1][2120/2397]	Time  2.325 ( 0.994)	Data  0.000 ( 0.063)	Loss 2.3469e+00 (2.8402e+00)	Acc@1  43.75 ( 37.48)	Acc@5  69.14 ( 63.68)
Epoch: [1][2140/2397]	Time  0.412 ( 0.993)	Data  0.000 ( 0.063)	Loss 2.8697e+00 (2.8385e+00)	Acc@1  39.45 ( 37.51)	Acc@5  62.50 ( 63.71)
Epoch: [1][2160/2397]	Time  0.417 ( 0.994)	Data  0.000 ( 0.062)	Loss 2.4782e+00 (2.8357e+00)	Acc@1  44.14 ( 37.55)	Acc@5  70.70 ( 63.77)
Epoch: [1][2180/2397]	Time  2.022 ( 0.994)	Data  0.000 ( 0.062)	Loss 2.5559e+00 (2.8329e+00)	Acc@1  42.19 ( 37.60)	Acc@5  69.53 ( 63.82)
Epoch: [1][2200/2397]	Time  0.429 ( 0.994)	Data  0.000 ( 0.061)	Loss 2.4324e+00 (2.8304e+00)	Acc@1  44.53 ( 37.65)	Acc@5  71.88 ( 63.86)
Epoch: [1][2220/2397]	Time  0.456 ( 0.994)	Data  0.000 ( 0.061)	Loss 2.8694e+00 (2.8279e+00)	Acc@1  38.28 ( 37.70)	Acc@5  65.23 ( 63.91)
Epoch: [1][2240/2397]	Time  2.138 ( 0.994)	Data  0.000 ( 0.061)	Loss 2.6095e+00 (2.8246e+00)	Acc@1  42.97 ( 37.75)	Acc@5  67.58 ( 63.96)
Epoch: [1][2260/2397]	Time  0.433 ( 0.993)	Data  0.000 ( 0.060)	Loss 2.6693e+00 (2.8226e+00)	Acc@1  39.06 ( 37.79)	Acc@5  69.53 ( 64.00)
Epoch: [1][2280/2397]	Time  0.440 ( 0.994)	Data  0.000 ( 0.060)	Loss 2.4929e+00 (2.8202e+00)	Acc@1  47.66 ( 37.83)	Acc@5  67.97 ( 64.04)
Epoch: [1][2300/2397]	Time  2.084 ( 0.994)	Data  0.000 ( 0.059)	Loss 2.5424e+00 (2.8176e+00)	Acc@1  41.41 ( 37.87)	Acc@5  69.92 ( 64.09)
Epoch: [1][2320/2397]	Time  0.432 ( 0.993)	Data  0.000 ( 0.059)	Loss 2.3355e+00 (2.8151e+00)	Acc@1  46.48 ( 37.91)	Acc@5  74.61 ( 64.13)
Epoch: [1][2340/2397]	Time  0.414 ( 0.993)	Data  0.077 ( 0.059)	Loss 2.6451e+00 (2.8130e+00)	Acc@1  39.06 ( 37.94)	Acc@5  68.36 ( 64.17)
Epoch: [1][2360/2397]	Time  1.825 ( 0.994)	Data  0.000 ( 0.058)	Loss 2.5027e+00 (2.8111e+00)	Acc@1  42.58 ( 37.98)	Acc@5  66.80 ( 64.20)
Epoch: [1][2380/2397]	Time  0.426 ( 0.993)	Data  0.000 ( 0.058)	Loss 2.4691e+00 (2.8086e+00)	Acc@1  42.19 ( 38.02)	Acc@5  71.48 ( 64.25)
Test: [  0/188]	Time 12.043 (12.043)	Loss 2.3443e+00 (2.3443e+00)	Acc@1  48.83 ( 48.83)	Acc@5  75.39 ( 75.39)
Test: [ 20/188]	Time  0.128 ( 1.308)	Loss 3.3213e+00 (2.7175e+00)	Acc@1  34.38 ( 40.57)	Acc@5  56.64 ( 66.69)
Test: [ 40/188]	Time  0.982 ( 1.089)	Loss 3.7857e+00 (2.7582e+00)	Acc@1  15.62 ( 38.46)	Acc@5  41.80 ( 65.74)
Test: [ 60/188]	Time  1.264 ( 1.021)	Loss 2.9089e+00 (2.8014e+00)	Acc@1  28.52 ( 36.15)	Acc@5  62.89 ( 65.09)
Test: [ 80/188]	Time  0.129 ( 0.993)	Loss 3.6900e+00 (2.7926e+00)	Acc@1  24.22 ( 37.10)	Acc@5  49.22 ( 65.16)
Test: [100/188]	Time  2.354 ( 0.986)	Loss 3.7613e+00 (2.9269e+00)	Acc@1  25.00 ( 35.16)	Acc@5  53.12 ( 62.82)
Test: [120/188]	Time  0.129 ( 0.961)	Loss 3.3647e+00 (2.9630e+00)	Acc@1  26.17 ( 35.07)	Acc@5  55.47 ( 62.04)
Test: [140/188]	Time  0.129 ( 0.952)	Loss 3.4879e+00 (3.0122e+00)	Acc@1  29.69 ( 34.59)	Acc@5  51.56 ( 60.97)
Test: [160/188]	Time  2.070 ( 0.947)	Loss 3.4433e+00 (3.0476e+00)	Acc@1  28.52 ( 34.14)	Acc@5  53.52 ( 60.34)
Test: [180/188]	Time  0.128 ( 0.927)	Loss 3.0106e+00 (3.0306e+00)	Acc@1  31.64 ( 34.40)	Acc@5  58.20 ( 60.63)
 *   Acc@1 34.766 Acc@5 60.893
Test: [  0/188]	Time 12.078 (12.078)	Loss 2.3443e+00 (2.3443e+00)	Acc@1  48.83 ( 48.83)	Acc@5  75.39 ( 75.39)
Test: [ 20/188]	Time  0.129 ( 1.312)	Loss 3.3213e+00 (2.7175e+00)	Acc@1  34.38 ( 40.57)	Acc@5  56.64 ( 66.69)
Test: [ 40/188]	Time  1.011 ( 1.090)	Loss 3.7857e+00 (2.7582e+00)	Acc@1  15.62 ( 38.46)	Acc@5  41.80 ( 65.74)
Test: [ 60/188]	Time  1.243 ( 1.021)	Loss 2.9089e+00 (2.8014e+00)	Acc@1  28.52 ( 36.15)	Acc@5  62.89 ( 65.09)
Test: [ 80/188]	Time  0.129 ( 0.993)	Loss 3.6900e+00 (2.7926e+00)	Acc@1  24.22 ( 37.10)	Acc@5  49.22 ( 65.16)
Test: [100/188]	Time  2.364 ( 0.986)	Loss 3.7613e+00 (2.9269e+00)	Acc@1  25.00 ( 35.16)	Acc@5  53.12 ( 62.82)
Test: [120/188]	Time  0.129 ( 0.962)	Loss 3.3647e+00 (2.9630e+00)	Acc@1  26.17 ( 35.07)	Acc@5  55.47 ( 62.04)
Test: [140/188]	Time  0.129 ( 0.952)	Loss 3.4879e+00 (3.0122e+00)	Acc@1  29.69 ( 34.59)	Acc@5  51.56 ( 60.97)
Test: [160/188]	Time  2.070 ( 0.947)	Loss 3.4433e+00 (3.0476e+00)	Acc@1  28.52 ( 34.14)	Acc@5  53.52 ( 60.34)
Test: [180/188]	Time  0.158 ( 0.928)	Loss 3.0106e+00 (3.0306e+00)	Acc@1  31.64 ( 34.40)	Acc@5  58.20 ( 60.63)
 *   Acc@1 34.766 Acc@5 60.893
