Use GPU: 1 for training
before loading the model,we have {args.num_classes} classes
=> creating model 'resnet18'
----------------------------------------
training directory:/data/gpfs/datasets/Imagenet/train_blurred

validating directory:/data/gpfs/datasets/Imagenet/val_blurred

----------------------------------------
Dataset ImageFolder
    Number of datapoints: 1281066
    Root location: /data/gpfs/datasets/Imagenet/train_blurred
    StandardTransform
Transform: Compose(
               Resize(size=256, interpolation=bilinear, max_size=None, antialias=None)
               CenterCrop(size=(224, 224))
               ToTensor()
               Normalize(mean=[0.485, 0.456, 0.406], std=[0.229, 0.224, 0.225])
           )
----------------------------------------
Dataset ImageFolder
    Number of datapoints: 49997
    Root location: /data/gpfs/datasets/Imagenet/val_blurred
    StandardTransform
Transform: Compose(
               Resize(size=256, interpolation=bilinear, max_size=None, antialias=None)
               CenterCrop(size=(224, 224))
               ToTensor()
               Normalize(mean=[0.485, 0.456, 0.406], std=[0.229, 0.224, 0.225])
           )
----------------------------------------
           0                 1
0  n03180011  desktop_computer
1  n04004767           printer
2  n03782006           monitor
3  n02870880          bookcase
4  n03793489             mouse
5  n04009552         projector
+---+---+---+---+---+---+---+---+---+---+---+---+---+---+---+---+---+---+---+---
994
6
+---+---+---+---+---+---+---+---+---+---+---+---+---+---+---+---+---+---+---+---
1273267
49697
Use GPU: 0 for training
before loading the model,we have {args.num_classes} classes
=> creating model 'resnet18'
----------------------------------------
training directory:/data/gpfs/datasets/Imagenet/train_blurred

validating directory:/data/gpfs/datasets/Imagenet/val_blurred

----------------------------------------
Dataset ImageFolder
    Number of datapoints: 1281066
    Root location: /data/gpfs/datasets/Imagenet/train_blurred
    StandardTransform
Transform: Compose(
               Resize(size=256, interpolation=bilinear, max_size=None, antialias=None)
               CenterCrop(size=(224, 224))
               ToTensor()
               Normalize(mean=[0.485, 0.456, 0.406], std=[0.229, 0.224, 0.225])
           )
----------------------------------------
Dataset ImageFolder
    Number of datapoints: 49997
    Root location: /data/gpfs/datasets/Imagenet/val_blurred
    StandardTransform
Transform: Compose(
               Resize(size=256, interpolation=bilinear, max_size=None, antialias=None)
               CenterCrop(size=(224, 224))
               ToTensor()
               Normalize(mean=[0.485, 0.456, 0.406], std=[0.229, 0.224, 0.225])
           )
----------------------------------------
           0                 1
0  n03180011  desktop_computer
1  n04004767           printer
2  n03782006           monitor
3  n02870880          bookcase
4  n03793489             mouse
5  n04009552         projector
+---+---+---+---+---+---+---+---+---+---+---+---+---+---+---+---+---+---+---+---
994
6
+---+---+---+---+---+---+---+---+---+---+---+---+---+---+---+---+---+---+---+---
1273267
49697
Epoch: [0][   0/2487]	Time 17.383 (17.383)	Data 14.005 (14.005)	Loss 7.0323e+00 (7.0323e+00)	Acc@1   0.00 (  0.00)	Acc@5   0.39 (  0.39)
Epoch: [0][  20/2487]	Time  0.763 ( 1.520)	Data  0.000 ( 1.061)	Loss 7.0524e+00 (7.0237e+00)	Acc@1   0.00 (  0.17)	Acc@5   0.78 (  0.69)
Epoch: [0][  40/2487]	Time  0.431 ( 1.225)	Data  0.270 ( 0.850)	Loss 6.9119e+00 (6.9673e+00)	Acc@1   0.39 (  0.32)	Acc@5   1.17 (  1.17)
Epoch: [0][  60/2487]	Time  1.145 ( 1.131)	Data  0.995 ( 0.745)	Loss 6.6832e+00 (6.9019e+00)	Acc@1   0.00 (  0.42)	Acc@5   1.17 (  1.41)
Epoch: [0][  80/2487]	Time  0.855 ( 1.078)	Data  0.000 ( 0.682)	Loss 6.4928e+00 (6.8376e+00)	Acc@1   1.56 (  0.50)	Acc@5   2.73 (  1.80)
Epoch: [0][ 100/2487]	Time  1.369 ( 1.053)	Data  1.221 ( 0.678)	Loss 6.4086e+00 (6.7681e+00)	Acc@1   1.56 (  0.62)	Acc@5   4.30 (  2.25)
Epoch: [0][ 120/2487]	Time  0.651 ( 1.019)	Data  0.500 ( 0.662)	Loss 6.3933e+00 (6.7102e+00)	Acc@1   1.56 (  0.66)	Acc@5   6.25 (  2.55)
Epoch: [0][ 140/2487]	Time  0.638 ( 1.005)	Data  0.000 ( 0.646)	Loss 6.2103e+00 (6.6564e+00)	Acc@1   1.17 (  0.75)	Acc@5   6.25 (  2.89)
Epoch: [0][ 160/2487]	Time  1.141 ( 0.996)	Data  0.994 ( 0.621)	Loss 6.2229e+00 (6.6057e+00)	Acc@1   3.91 (  0.85)	Acc@5   7.81 (  3.24)
Epoch: [0][ 180/2487]	Time  0.428 ( 0.990)	Data  0.000 ( 0.595)	Loss 6.2317e+00 (6.5573e+00)	Acc@1   2.34 (  0.98)	Acc@5   7.81 (  3.62)
Epoch: [0][ 200/2487]	Time  0.427 ( 0.986)	Data  0.000 ( 0.586)	Loss 6.1108e+00 (6.5135e+00)	Acc@1   3.91 (  1.08)	Acc@5   6.25 (  3.95)
Epoch: [0][ 220/2487]	Time  2.117 ( 0.984)	Data  1.970 ( 0.591)	Loss 5.9889e+00 (6.4698e+00)	Acc@1   2.73 (  1.19)	Acc@5  11.33 (  4.32)
Epoch: [0][ 240/2487]	Time  0.415 ( 0.975)	Data  0.000 ( 0.587)	Loss 5.9851e+00 (6.4289e+00)	Acc@1   3.52 (  1.26)	Acc@5   9.38 (  4.59)
Epoch: [0][ 260/2487]	Time  0.755 ( 0.974)	Data  0.000 ( 0.586)	Loss 5.7901e+00 (6.3894e+00)	Acc@1   5.47 (  1.38)	Acc@5  13.28 (  4.92)
Epoch: [0][ 280/2487]	Time  1.217 ( 0.972)	Data  1.070 ( 0.578)	Loss 5.6311e+00 (6.3499e+00)	Acc@1   3.91 (  1.50)	Acc@5  14.45 (  5.27)
Epoch: [0][ 300/2487]	Time  0.435 ( 0.966)	Data  0.000 ( 0.571)	Loss 5.7581e+00 (6.3117e+00)	Acc@1   2.73 (  1.63)	Acc@5   9.77 (  5.60)
Epoch: [0][ 320/2487]	Time  0.468 ( 0.965)	Data  0.000 ( 0.573)	Loss 5.7354e+00 (6.2777e+00)	Acc@1   2.73 (  1.75)	Acc@5  14.06 (  5.94)
Epoch: [0][ 340/2487]	Time  1.360 ( 0.963)	Data  1.213 ( 0.576)	Loss 5.5278e+00 (6.2419e+00)	Acc@1   2.73 (  1.87)	Acc@5  12.89 (  6.33)
Epoch: [0][ 360/2487]	Time  1.345 ( 0.960)	Data  1.198 ( 0.581)	Loss 5.7630e+00 (6.2060e+00)	Acc@1   3.12 (  2.02)	Acc@5  12.50 (  6.74)
Epoch: [0][ 380/2487]	Time  0.429 ( 0.959)	Data  0.000 ( 0.586)	Loss 5.6391e+00 (6.1728e+00)	Acc@1   4.30 (  2.15)	Acc@5  14.06 (  7.09)
Epoch: [0][ 400/2487]	Time  1.306 ( 0.960)	Data  1.159 ( 0.594)	Loss 5.5832e+00 (6.1375e+00)	Acc@1   3.91 (  2.29)	Acc@5  13.67 (  7.48)
Epoch: [0][ 420/2487]	Time  0.552 ( 0.957)	Data  0.405 ( 0.596)	Loss 5.5394e+00 (6.1074e+00)	Acc@1   3.12 (  2.41)	Acc@5  14.84 (  7.83)
Epoch: [0][ 440/2487]	Time  0.429 ( 0.956)	Data  0.000 ( 0.600)	Loss 5.2618e+00 (6.0738e+00)	Acc@1   4.69 (  2.53)	Acc@5  16.80 (  8.21)
Epoch: [0][ 460/2487]	Time  1.186 ( 0.957)	Data  1.038 ( 0.606)	Loss 5.3094e+00 (6.0420e+00)	Acc@1   7.03 (  2.67)	Acc@5  19.14 (  8.60)
Epoch: [0][ 480/2487]	Time  1.046 ( 0.955)	Data  0.897 ( 0.609)	Loss 5.2287e+00 (6.0119e+00)	Acc@1   8.59 (  2.80)	Acc@5  20.31 (  8.97)
Epoch: [0][ 500/2487]	Time  0.836 ( 0.954)	Data  0.000 ( 0.609)	Loss 5.2343e+00 (5.9811e+00)	Acc@1   5.47 (  2.96)	Acc@5  16.02 (  9.41)
Epoch: [0][ 520/2487]	Time  1.183 ( 0.955)	Data  1.029 ( 0.609)	Loss 5.1328e+00 (5.9519e+00)	Acc@1   7.42 (  3.09)	Acc@5  21.09 (  9.78)
Epoch: [0][ 540/2487]	Time  0.814 ( 0.953)	Data  0.666 ( 0.607)	Loss 5.0677e+00 (5.9231e+00)	Acc@1   5.86 (  3.24)	Acc@5  20.31 ( 10.15)
Epoch: [0][ 560/2487]	Time  0.553 ( 0.952)	Data  0.000 ( 0.607)	Loss 5.0247e+00 (5.8967e+00)	Acc@1   8.98 (  3.34)	Acc@5  23.83 ( 10.48)
Epoch: [0][ 580/2487]	Time  1.714 ( 0.951)	Data  1.561 ( 0.609)	Loss 5.1203e+00 (5.8699e+00)	Acc@1   6.25 (  3.47)	Acc@5  20.70 ( 10.82)
Epoch: [0][ 600/2487]	Time  0.435 ( 0.949)	Data  0.228 ( 0.605)	Loss 4.8652e+00 (5.8420e+00)	Acc@1   9.77 (  3.62)	Acc@5  25.39 ( 11.18)
Epoch: [0][ 620/2487]	Time  0.456 ( 0.949)	Data  0.000 ( 0.603)	Loss 5.0525e+00 (5.8160e+00)	Acc@1   9.77 (  3.76)	Acc@5  22.66 ( 11.55)
Epoch: [0][ 640/2487]	Time  2.013 ( 0.949)	Data  1.865 ( 0.604)	Loss 4.8830e+00 (5.7909e+00)	Acc@1   8.59 (  3.90)	Acc@5  23.05 ( 11.92)
Epoch: [0][ 660/2487]	Time  0.434 ( 0.947)	Data  0.000 ( 0.602)	Loss 5.0675e+00 (5.7663e+00)	Acc@1   7.42 (  4.03)	Acc@5  24.22 ( 12.30)
Epoch: [0][ 680/2487]	Time  0.528 ( 0.946)	Data  0.000 ( 0.601)	Loss 4.8443e+00 (5.7408e+00)	Acc@1   9.38 (  4.18)	Acc@5  26.56 ( 12.67)
Epoch: [0][ 700/2487]	Time  1.944 ( 0.947)	Data  1.787 ( 0.603)	Loss 4.9083e+00 (5.7176e+00)	Acc@1   9.77 (  4.31)	Acc@5  27.34 ( 13.02)
Epoch: [0][ 720/2487]	Time  0.423 ( 0.946)	Data  0.000 ( 0.602)	Loss 4.9076e+00 (5.6921e+00)	Acc@1   7.03 (  4.47)	Acc@5  20.70 ( 13.38)
Epoch: [0][ 740/2487]	Time  0.432 ( 0.945)	Data  0.000 ( 0.601)	Loss 4.7693e+00 (5.6676e+00)	Acc@1   8.98 (  4.63)	Acc@5  21.48 ( 13.74)
Epoch: [0][ 760/2487]	Time  1.632 ( 0.945)	Data  1.484 ( 0.602)	Loss 4.8090e+00 (5.6437e+00)	Acc@1  12.50 (  4.80)	Acc@5  26.95 ( 14.09)
Epoch: [0][ 780/2487]	Time  0.444 ( 0.943)	Data  0.000 ( 0.600)	Loss 4.6122e+00 (5.6201e+00)	Acc@1  15.23 (  4.97)	Acc@5  31.64 ( 14.44)
Epoch: [0][ 800/2487]	Time  0.549 ( 0.942)	Data  0.000 ( 0.599)	Loss 4.6883e+00 (5.5982e+00)	Acc@1  13.28 (  5.13)	Acc@5  28.91 ( 14.76)
Epoch: [0][ 820/2487]	Time  1.714 ( 0.942)	Data  1.567 ( 0.600)	Loss 4.6704e+00 (5.5757e+00)	Acc@1  10.94 (  5.29)	Acc@5  29.30 ( 15.11)
Epoch: [0][ 840/2487]	Time  0.435 ( 0.940)	Data  0.000 ( 0.600)	Loss 4.5012e+00 (5.5542e+00)	Acc@1  11.33 (  5.46)	Acc@5  31.64 ( 15.46)
Epoch: [0][ 860/2487]	Time  0.445 ( 0.941)	Data  0.000 ( 0.600)	Loss 4.7200e+00 (5.5335e+00)	Acc@1   9.38 (  5.60)	Acc@5  23.05 ( 15.78)
Epoch: [0][ 880/2487]	Time  1.914 ( 0.941)	Data  1.748 ( 0.601)	Loss 4.6085e+00 (5.5117e+00)	Acc@1   8.20 (  5.76)	Acc@5  28.12 ( 16.11)
Epoch: [0][ 900/2487]	Time  0.428 ( 0.939)	Data  0.000 ( 0.599)	Loss 4.5800e+00 (5.4906e+00)	Acc@1  12.11 (  5.92)	Acc@5  36.33 ( 16.45)
Epoch: [0][ 920/2487]	Time  0.425 ( 0.939)	Data  0.000 ( 0.599)	Loss 4.5573e+00 (5.4695e+00)	Acc@1  13.67 (  6.09)	Acc@5  28.91 ( 16.78)
Epoch: [0][ 940/2487]	Time  2.092 ( 0.940)	Data  1.942 ( 0.600)	Loss 4.5674e+00 (5.4488e+00)	Acc@1  15.62 (  6.25)	Acc@5  34.38 ( 17.10)
Epoch: [0][ 960/2487]	Time  0.462 ( 0.939)	Data  0.000 ( 0.599)	Loss 4.5879e+00 (5.4293e+00)	Acc@1  12.11 (  6.41)	Acc@5  32.42 ( 17.42)
Epoch: [0][ 980/2487]	Time  0.431 ( 0.939)	Data  0.000 ( 0.599)	Loss 4.6584e+00 (5.4098e+00)	Acc@1  14.84 (  6.56)	Acc@5  28.52 ( 17.74)
Epoch: [0][1000/2487]	Time  2.151 ( 0.940)	Data  2.001 ( 0.601)	Loss 4.3648e+00 (5.3908e+00)	Acc@1  10.94 (  6.71)	Acc@5  33.59 ( 18.05)
Epoch: [0][1020/2487]	Time  0.430 ( 0.939)	Data  0.000 ( 0.600)	Loss 4.4644e+00 (5.3714e+00)	Acc@1  11.33 (  6.86)	Acc@5  32.81 ( 18.37)
Epoch: [0][1040/2487]	Time  0.431 ( 0.940)	Data  0.000 ( 0.601)	Loss 4.2859e+00 (5.3520e+00)	Acc@1  14.84 (  7.00)	Acc@5  35.94 ( 18.67)
Epoch: [0][1060/2487]	Time  2.061 ( 0.941)	Data  1.905 ( 0.602)	Loss 4.3166e+00 (5.3333e+00)	Acc@1  16.80 (  7.15)	Acc@5  33.98 ( 18.97)
Epoch: [0][1080/2487]	Time  0.431 ( 0.940)	Data  0.000 ( 0.601)	Loss 4.5708e+00 (5.3155e+00)	Acc@1  13.28 (  7.30)	Acc@5  27.73 ( 19.26)
Epoch: [0][1100/2487]	Time  0.429 ( 0.941)	Data  0.000 ( 0.602)	Loss 4.2059e+00 (5.2969e+00)	Acc@1  20.31 (  7.46)	Acc@5  40.23 ( 19.58)
Epoch: [0][1120/2487]	Time  1.954 ( 0.941)	Data  1.807 ( 0.603)	Loss 4.2192e+00 (5.2786e+00)	Acc@1  15.23 (  7.62)	Acc@5  33.98 ( 19.89)
Epoch: [0][1140/2487]	Time  0.432 ( 0.940)	Data  0.000 ( 0.602)	Loss 4.3194e+00 (5.2599e+00)	Acc@1  17.58 (  7.77)	Acc@5  34.77 ( 20.21)
Epoch: [0][1160/2487]	Time  0.421 ( 0.940)	Data  0.000 ( 0.602)	Loss 4.2816e+00 (5.2427e+00)	Acc@1  18.36 (  7.92)	Acc@5  35.55 ( 20.50)
Epoch: [0][1180/2487]	Time  1.881 ( 0.940)	Data  1.733 ( 0.602)	Loss 4.1031e+00 (5.2255e+00)	Acc@1  17.58 (  8.08)	Acc@5  42.19 ( 20.80)
Epoch: [0][1200/2487]	Time  0.433 ( 0.939)	Data  0.000 ( 0.601)	Loss 4.1812e+00 (5.2081e+00)	Acc@1  19.53 (  8.24)	Acc@5  39.06 ( 21.10)
Epoch: [0][1220/2487]	Time  0.440 ( 0.939)	Data  0.000 ( 0.601)	Loss 4.4691e+00 (5.1914e+00)	Acc@1  15.62 (  8.39)	Acc@5  32.03 ( 21.37)
Epoch: [0][1240/2487]	Time  1.714 ( 0.939)	Data  1.566 ( 0.601)	Loss 4.2070e+00 (5.1750e+00)	Acc@1  17.58 (  8.53)	Acc@5  38.67 ( 21.64)
Epoch: [0][1260/2487]	Time  0.611 ( 0.938)	Data  0.100 ( 0.599)	Loss 4.1017e+00 (5.1580e+00)	Acc@1  17.19 (  8.68)	Acc@5  41.80 ( 21.93)
Epoch: [0][1280/2487]	Time  0.868 ( 0.938)	Data  0.294 ( 0.597)	Loss 4.2685e+00 (5.1417e+00)	Acc@1  14.45 (  8.83)	Acc@5  32.42 ( 22.22)
Epoch: [0][1300/2487]	Time  1.740 ( 0.938)	Data  1.593 ( 0.596)	Loss 4.0982e+00 (5.1260e+00)	Acc@1  18.75 (  8.96)	Acc@5  40.62 ( 22.48)
Epoch: [0][1320/2487]	Time  0.429 ( 0.937)	Data  0.000 ( 0.594)	Loss 4.0892e+00 (5.1101e+00)	Acc@1  17.58 (  9.10)	Acc@5  36.72 ( 22.74)
Epoch: [0][1340/2487]	Time  0.427 ( 0.937)	Data  0.000 ( 0.595)	Loss 4.1190e+00 (5.0940e+00)	Acc@1  16.80 (  9.24)	Acc@5  37.50 ( 23.01)
Epoch: [0][1360/2487]	Time  1.552 ( 0.938)	Data  1.405 ( 0.593)	Loss 4.1357e+00 (5.0787e+00)	Acc@1  18.75 (  9.38)	Acc@5  39.84 ( 23.27)
Epoch: [0][1380/2487]	Time  1.065 ( 0.937)	Data  0.000 ( 0.588)	Loss 3.9138e+00 (5.0635e+00)	Acc@1  21.09 (  9.52)	Acc@5  42.19 ( 23.52)
Epoch: [0][1400/2487]	Time  0.421 ( 0.938)	Data  0.000 ( 0.586)	Loss 3.9449e+00 (5.0489e+00)	Acc@1  21.88 (  9.66)	Acc@5  44.92 ( 23.78)
Epoch: [0][1420/2487]	Time  2.026 ( 0.938)	Data  1.877 ( 0.587)	Loss 4.0595e+00 (5.0333e+00)	Acc@1  16.80 (  9.81)	Acc@5  39.06 ( 24.05)
Epoch: [0][1440/2487]	Time  0.432 ( 0.938)	Data  0.000 ( 0.586)	Loss 3.8366e+00 (5.0187e+00)	Acc@1  22.27 (  9.95)	Acc@5  47.27 ( 24.30)
Epoch: [0][1460/2487]	Time  0.429 ( 0.938)	Data  0.000 ( 0.586)	Loss 3.8096e+00 (5.0045e+00)	Acc@1  23.05 ( 10.09)	Acc@5  45.31 ( 24.56)
Epoch: [0][1480/2487]	Time  1.756 ( 0.938)	Data  1.609 ( 0.587)	Loss 3.9447e+00 (4.9900e+00)	Acc@1  20.31 ( 10.24)	Acc@5  43.75 ( 24.82)
Epoch: [0][1500/2487]	Time  0.439 ( 0.937)	Data  0.000 ( 0.586)	Loss 4.0390e+00 (4.9760e+00)	Acc@1  24.22 ( 10.38)	Acc@5  44.53 ( 25.07)
Epoch: [0][1520/2487]	Time  0.404 ( 0.938)	Data  0.000 ( 0.588)	Loss 3.9938e+00 (4.9614e+00)	Acc@1  22.27 ( 10.53)	Acc@5  42.58 ( 25.32)
Epoch: [0][1540/2487]	Time  2.055 ( 0.939)	Data  1.908 ( 0.589)	Loss 3.8652e+00 (4.9479e+00)	Acc@1  21.09 ( 10.66)	Acc@5  44.53 ( 25.56)
Epoch: [0][1560/2487]	Time  0.429 ( 0.939)	Data  0.000 ( 0.589)	Loss 3.7723e+00 (4.9333e+00)	Acc@1  21.88 ( 10.80)	Acc@5  48.05 ( 25.83)
Epoch: [0][1580/2487]	Time  0.433 ( 0.940)	Data  0.000 ( 0.590)	Loss 3.7595e+00 (4.9197e+00)	Acc@1  22.66 ( 10.93)	Acc@5  49.22 ( 26.06)
Epoch: [0][1600/2487]	Time  2.063 ( 0.941)	Data  1.916 ( 0.591)	Loss 3.9537e+00 (4.9063e+00)	Acc@1  23.05 ( 11.06)	Acc@5  40.62 ( 26.30)
Epoch: [0][1620/2487]	Time  0.428 ( 0.941)	Data  0.000 ( 0.592)	Loss 3.6769e+00 (4.8930e+00)	Acc@1  24.61 ( 11.20)	Acc@5  48.83 ( 26.54)
Epoch: [0][1640/2487]	Time  0.435 ( 0.942)	Data  0.000 ( 0.593)	Loss 3.7163e+00 (4.8794e+00)	Acc@1  21.09 ( 11.33)	Acc@5  48.83 ( 26.78)
Epoch: [0][1660/2487]	Time  2.153 ( 0.942)	Data  2.005 ( 0.594)	Loss 3.7104e+00 (4.8659e+00)	Acc@1  25.39 ( 11.47)	Acc@5  47.66 ( 27.02)
Epoch: [0][1680/2487]	Time  0.445 ( 0.943)	Data  0.000 ( 0.594)	Loss 3.7356e+00 (4.8524e+00)	Acc@1  23.44 ( 11.60)	Acc@5  47.27 ( 27.26)
Epoch: [0][1700/2487]	Time  0.429 ( 0.943)	Data  0.000 ( 0.595)	Loss 3.6569e+00 (4.8401e+00)	Acc@1  24.61 ( 11.73)	Acc@5  47.27 ( 27.47)
Epoch: [0][1720/2487]	Time  2.100 ( 0.944)	Data  1.953 ( 0.596)	Loss 3.5619e+00 (4.8272e+00)	Acc@1  21.88 ( 11.86)	Acc@5  49.61 ( 27.71)
Epoch: [0][1740/2487]	Time  0.441 ( 0.944)	Data  0.000 ( 0.596)	Loss 3.7070e+00 (4.8137e+00)	Acc@1  23.05 ( 11.99)	Acc@5  48.83 ( 27.95)
Epoch: [0][1760/2487]	Time  0.442 ( 0.944)	Data  0.000 ( 0.597)	Loss 3.8037e+00 (4.8013e+00)	Acc@1  19.53 ( 12.13)	Acc@5  47.27 ( 28.18)
Epoch: [0][1780/2487]	Time  1.904 ( 0.945)	Data  1.757 ( 0.598)	Loss 3.6343e+00 (4.7889e+00)	Acc@1  26.17 ( 12.26)	Acc@5  50.00 ( 28.39)
Epoch: [0][1800/2487]	Time  0.439 ( 0.946)	Data  0.000 ( 0.598)	Loss 3.6427e+00 (4.7771e+00)	Acc@1  23.83 ( 12.38)	Acc@5  50.78 ( 28.60)
Epoch: [0][1820/2487]	Time  0.444 ( 0.946)	Data  0.000 ( 0.599)	Loss 3.5109e+00 (4.7646e+00)	Acc@1  27.34 ( 12.52)	Acc@5  50.78 ( 28.82)
Epoch: [0][1840/2487]	Time  2.257 ( 0.947)	Data  2.109 ( 0.600)	Loss 3.3540e+00 (4.7521e+00)	Acc@1  27.34 ( 12.65)	Acc@5  54.69 ( 29.05)
Epoch: [0][1860/2487]	Time  0.480 ( 0.947)	Data  0.000 ( 0.600)	Loss 3.9804e+00 (4.7405e+00)	Acc@1  18.75 ( 12.77)	Acc@5  43.75 ( 29.26)
Epoch: [0][1880/2487]	Time  0.451 ( 0.948)	Data  0.000 ( 0.601)	Loss 3.5309e+00 (4.7286e+00)	Acc@1  27.34 ( 12.90)	Acc@5  48.44 ( 29.46)
Epoch: [0][1900/2487]	Time  2.382 ( 0.949)	Data  2.232 ( 0.602)	Loss 3.5610e+00 (4.7163e+00)	Acc@1  20.31 ( 13.03)	Acc@5  51.56 ( 29.68)
Epoch: [0][1920/2487]	Time  0.428 ( 0.948)	Data  0.000 ( 0.602)	Loss 3.6717e+00 (4.7048e+00)	Acc@1  26.95 ( 13.16)	Acc@5  46.09 ( 29.89)
Epoch: [0][1940/2487]	Time  0.454 ( 0.950)	Data  0.000 ( 0.603)	Loss 3.5166e+00 (4.6939e+00)	Acc@1  25.39 ( 13.28)	Acc@5  51.17 ( 30.08)
Epoch: [0][1960/2487]	Time  2.122 ( 0.950)	Data  1.973 ( 0.604)	Loss 3.4516e+00 (4.6825e+00)	Acc@1  25.39 ( 13.39)	Acc@5  52.34 ( 30.29)
Epoch: [0][1980/2487]	Time  0.434 ( 0.950)	Data  0.000 ( 0.604)	Loss 3.4464e+00 (4.6714e+00)	Acc@1  29.69 ( 13.52)	Acc@5  55.08 ( 30.49)
Epoch: [0][2000/2487]	Time  0.423 ( 0.950)	Data  0.000 ( 0.604)	Loss 3.7393e+00 (4.6607e+00)	Acc@1  23.83 ( 13.64)	Acc@5  45.31 ( 30.69)
Epoch: [0][2020/2487]	Time  2.021 ( 0.951)	Data  1.867 ( 0.605)	Loss 3.4001e+00 (4.6489e+00)	Acc@1  27.34 ( 13.79)	Acc@5  51.95 ( 30.90)
Epoch: [0][2040/2487]	Time  0.425 ( 0.950)	Data  0.071 ( 0.605)	Loss 3.5519e+00 (4.6378e+00)	Acc@1  27.73 ( 13.92)	Acc@5  51.17 ( 31.10)
Epoch: [0][2060/2487]	Time  0.426 ( 0.950)	Data  0.000 ( 0.605)	Loss 3.4572e+00 (4.6266e+00)	Acc@1  23.83 ( 14.05)	Acc@5  52.73 ( 31.30)
Epoch: [0][2080/2487]	Time  1.529 ( 0.950)	Data  1.382 ( 0.605)	Loss 3.7179e+00 (4.6158e+00)	Acc@1  21.88 ( 14.17)	Acc@5  46.48 ( 31.50)
Epoch: [0][2100/2487]	Time  1.134 ( 0.950)	Data  0.987 ( 0.605)	Loss 3.5580e+00 (4.6052e+00)	Acc@1  26.95 ( 14.29)	Acc@5  46.88 ( 31.69)
Epoch: [0][2120/2487]	Time  0.429 ( 0.949)	Data  0.000 ( 0.605)	Loss 3.6821e+00 (4.5952e+00)	Acc@1  27.34 ( 14.40)	Acc@5  46.88 ( 31.87)
Epoch: [0][2140/2487]	Time  0.456 ( 0.949)	Data  0.000 ( 0.605)	Loss 3.5661e+00 (4.5848e+00)	Acc@1  28.12 ( 14.52)	Acc@5  49.61 ( 32.05)
Epoch: [0][2160/2487]	Time  1.776 ( 0.949)	Data  1.020 ( 0.604)	Loss 3.5074e+00 (4.5743e+00)	Acc@1  30.86 ( 14.64)	Acc@5  57.42 ( 32.24)
Epoch: [0][2180/2487]	Time  0.431 ( 0.948)	Data  0.000 ( 0.602)	Loss 3.6005e+00 (4.5641e+00)	Acc@1  28.91 ( 14.77)	Acc@5  49.61 ( 32.42)
Epoch: [0][2200/2487]	Time  0.782 ( 0.948)	Data  0.635 ( 0.601)	Loss 3.3300e+00 (4.5536e+00)	Acc@1  26.95 ( 14.89)	Acc@5  53.52 ( 32.60)
Epoch: [0][2220/2487]	Time  0.924 ( 0.948)	Data  0.777 ( 0.601)	Loss 3.3302e+00 (4.5431e+00)	Acc@1  30.08 ( 15.02)	Acc@5  53.91 ( 32.80)
Epoch: [0][2240/2487]	Time  1.769 ( 0.948)	Data  0.000 ( 0.598)	Loss 3.4900e+00 (4.5334e+00)	Acc@1  27.34 ( 15.13)	Acc@5  53.52 ( 32.97)
Epoch: [0][2260/2487]	Time  0.751 ( 0.948)	Data  0.603 ( 0.595)	Loss 3.3937e+00 (4.5232e+00)	Acc@1  29.30 ( 15.25)	Acc@5  53.12 ( 33.16)
Epoch: [0][2280/2487]	Time  1.416 ( 0.948)	Data  1.268 ( 0.594)	Loss 3.4194e+00 (4.5126e+00)	Acc@1  26.56 ( 15.37)	Acc@5  53.52 ( 33.35)
Epoch: [0][2300/2487]	Time  1.014 ( 0.948)	Data  0.000 ( 0.593)	Loss 3.5327e+00 (4.5026e+00)	Acc@1  27.34 ( 15.49)	Acc@5  52.73 ( 33.54)
Epoch: [0][2320/2487]	Time  0.430 ( 0.948)	Data  0.000 ( 0.591)	Loss 3.2814e+00 (4.4925e+00)	Acc@1  27.34 ( 15.61)	Acc@5  55.08 ( 33.72)
Epoch: [0][2340/2487]	Time  0.695 ( 0.948)	Data  0.294 ( 0.588)	Loss 3.2968e+00 (4.4829e+00)	Acc@1  28.91 ( 15.73)	Acc@5  56.64 ( 33.90)
Epoch: [0][2360/2487]	Time  1.845 ( 0.949)	Data  0.000 ( 0.583)	Loss 3.4847e+00 (4.4732e+00)	Acc@1  30.08 ( 15.85)	Acc@5  53.12 ( 34.08)
Epoch: [0][2380/2487]	Time  0.432 ( 0.948)	Data  0.000 ( 0.579)	Loss 3.5189e+00 (4.4635e+00)	Acc@1  28.12 ( 15.96)	Acc@5  52.73 ( 34.25)
Epoch: [0][2400/2487]	Time  0.811 ( 0.949)	Data  0.370 ( 0.576)	Loss 3.3792e+00 (4.4539e+00)	Acc@1  29.69 ( 16.08)	Acc@5  54.69 ( 34.43)
Epoch: [0][2420/2487]	Time  1.582 ( 0.949)	Data  0.000 ( 0.573)	Loss 3.4000e+00 (4.4444e+00)	Acc@1  26.17 ( 16.19)	Acc@5  50.39 ( 34.61)
Epoch: [0][2440/2487]	Time  0.429 ( 0.949)	Data  0.000 ( 0.570)	Loss 3.4930e+00 (4.4352e+00)	Acc@1  28.12 ( 16.30)	Acc@5  52.34 ( 34.77)
Epoch: [0][2460/2487]	Time  0.432 ( 0.949)	Data  0.000 ( 0.566)	Loss 3.3346e+00 (4.4258e+00)	Acc@1  28.12 ( 16.41)	Acc@5  54.30 ( 34.95)
Epoch: [0][2480/2487]	Time  1.238 ( 0.949)	Data  0.022 ( 0.562)	Loss 3.2955e+00 (4.4163e+00)	Acc@1  26.56 ( 16.53)	Acc@5  53.91 ( 35.12)
Epoch: [0][   0/2487]	Time 17.390 (17.390)	Data 14.040 (14.040)	Loss 7.0142e+00 (7.0142e+00)	Acc@1   0.00 (  0.00)	Acc@5   0.39 (  0.39)
Epoch: [0][  20/2487]	Time  0.415 ( 1.520)	Data  0.081 ( 1.074)	Loss 7.0198e+00 (7.0044e+00)	Acc@1   0.39 (  0.13)	Acc@5   0.78 (  0.61)
Epoch: [0][  40/2487]	Time  0.813 ( 1.235)	Data  0.633 ( 0.819)	Loss 6.7805e+00 (6.9680e+00)	Acc@1   0.00 (  0.32)	Acc@5   2.34 (  1.21)
Epoch: [0][  60/2487]	Time  1.154 ( 1.131)	Data  0.989 ( 0.737)	Loss 6.6519e+00 (6.8992e+00)	Acc@1   1.56 (  0.42)	Acc@5   5.08 (  1.59)
Epoch: [0][  80/2487]	Time  0.438 ( 1.078)	Data  0.000 ( 0.696)	Loss 6.5966e+00 (6.8308e+00)	Acc@1   1.95 (  0.50)	Acc@5   2.73 (  1.97)
Epoch: [0][ 100/2487]	Time  1.367 ( 1.053)	Data  0.747 ( 0.680)	Loss 6.4725e+00 (6.7675e+00)	Acc@1   1.17 (  0.59)	Acc@5   2.34 (  2.30)
Epoch: [0][ 120/2487]	Time  0.686 ( 1.019)	Data  0.538 ( 0.652)	Loss 6.3199e+00 (6.7133e+00)	Acc@1   1.95 (  0.70)	Acc@5   6.25 (  2.65)
Epoch: [0][ 140/2487]	Time  0.436 ( 1.005)	Data  0.000 ( 0.652)	Loss 6.3483e+00 (6.6576e+00)	Acc@1   0.78 (  0.78)	Acc@5   4.30 (  3.02)
Epoch: [0][ 160/2487]	Time  1.981 ( 1.002)	Data  1.830 ( 0.655)	Loss 6.2146e+00 (6.6096e+00)	Acc@1   2.73 (  0.86)	Acc@5   7.42 (  3.30)
Epoch: [0][ 180/2487]	Time  0.429 ( 0.990)	Data  0.000 ( 0.645)	Loss 6.2173e+00 (6.5621e+00)	Acc@1   1.56 (  0.99)	Acc@5   5.47 (  3.66)
Epoch: [0][ 200/2487]	Time  0.429 ( 0.986)	Data  0.000 ( 0.640)	Loss 6.0542e+00 (6.5186e+00)	Acc@1   4.30 (  1.10)	Acc@5   7.81 (  3.98)
Epoch: [0][ 220/2487]	Time  2.117 ( 0.984)	Data  1.163 ( 0.624)	Loss 5.9474e+00 (6.4737e+00)	Acc@1   1.56 (  1.18)	Acc@5   7.81 (  4.32)
Epoch: [0][ 240/2487]	Time  0.439 ( 0.975)	Data  0.000 ( 0.601)	Loss 5.8755e+00 (6.4303e+00)	Acc@1   3.12 (  1.25)	Acc@5  12.11 (  4.65)
Epoch: [0][ 260/2487]	Time  0.438 ( 0.974)	Data  0.000 ( 0.601)	Loss 5.9015e+00 (6.3913e+00)	Acc@1   0.78 (  1.37)	Acc@5   5.86 (  4.98)
Epoch: [0][ 280/2487]	Time  1.735 ( 0.974)	Data  1.588 ( 0.605)	Loss 5.8425e+00 (6.3530e+00)	Acc@1   2.34 (  1.48)	Acc@5  10.55 (  5.34)
Epoch: [0][ 300/2487]	Time  0.476 ( 0.966)	Data  0.000 ( 0.598)	Loss 5.6882e+00 (6.3173e+00)	Acc@1   2.73 (  1.60)	Acc@5  10.16 (  5.64)
Epoch: [0][ 320/2487]	Time  0.426 ( 0.965)	Data  0.000 ( 0.598)	Loss 5.6001e+00 (6.2810e+00)	Acc@1   7.03 (  1.75)	Acc@5  15.62 (  5.99)
Epoch: [0][ 340/2487]	Time  1.362 ( 0.963)	Data  1.215 ( 0.594)	Loss 5.6201e+00 (6.2456e+00)	Acc@1   7.42 (  1.91)	Acc@5  14.45 (  6.39)
Epoch: [0][ 360/2487]	Time  1.357 ( 0.960)	Data  0.000 ( 0.582)	Loss 5.6202e+00 (6.2086e+00)	Acc@1   5.47 (  2.06)	Acc@5  16.41 (  6.82)
Epoch: [0][ 380/2487]	Time  0.427 ( 0.959)	Data  0.000 ( 0.564)	Loss 5.5577e+00 (6.1751e+00)	Acc@1   4.30 (  2.16)	Acc@5  14.06 (  7.16)
Epoch: [0][ 400/2487]	Time  1.307 ( 0.960)	Data  0.750 ( 0.551)	Loss 5.5894e+00 (6.1412e+00)	Acc@1   3.91 (  2.30)	Acc@5  16.02 (  7.57)
Epoch: [0][ 420/2487]	Time  0.571 ( 0.957)	Data  0.000 ( 0.537)	Loss 5.4383e+00 (6.1099e+00)	Acc@1   6.64 (  2.43)	Acc@5  16.80 (  7.95)
Epoch: [0][ 440/2487]	Time  0.428 ( 0.956)	Data  0.000 ( 0.527)	Loss 5.3437e+00 (6.0773e+00)	Acc@1   7.03 (  2.59)	Acc@5  21.48 (  8.35)
Epoch: [0][ 460/2487]	Time  1.186 ( 0.957)	Data  0.643 ( 0.513)	Loss 5.3179e+00 (6.0475e+00)	Acc@1   6.64 (  2.73)	Acc@5  17.58 (  8.70)
Epoch: [0][ 480/2487]	Time  1.037 ( 0.955)	Data  0.000 ( 0.505)	Loss 5.2013e+00 (6.0166e+00)	Acc@1   7.42 (  2.87)	Acc@5  21.88 (  9.08)
Epoch: [0][ 500/2487]	Time  0.438 ( 0.954)	Data  0.000 ( 0.496)	Loss 5.3404e+00 (5.9875e+00)	Acc@1   3.91 (  2.99)	Acc@5  16.80 (  9.43)
Epoch: [0][ 520/2487]	Time  1.457 ( 0.955)	Data  1.310 ( 0.491)	Loss 5.2376e+00 (5.9575e+00)	Acc@1   7.42 (  3.15)	Acc@5  21.88 (  9.81)
Epoch: [0][ 540/2487]	Time  0.814 ( 0.953)	Data  0.000 ( 0.489)	Loss 5.1617e+00 (5.9290e+00)	Acc@1   5.47 (  3.28)	Acc@5  21.88 ( 10.17)
Epoch: [0][ 560/2487]	Time  0.436 ( 0.952)	Data  0.000 ( 0.492)	Loss 5.4257e+00 (5.9009e+00)	Acc@1   7.03 (  3.43)	Acc@5  15.62 ( 10.54)
Epoch: [0][ 580/2487]	Time  1.804 ( 0.951)	Data  1.653 ( 0.494)	Loss 5.0622e+00 (5.8719e+00)	Acc@1   7.42 (  3.58)	Acc@5  18.75 ( 10.92)
Epoch: [0][ 600/2487]	Time  0.429 ( 0.949)	Data  0.000 ( 0.496)	Loss 5.1589e+00 (5.8452e+00)	Acc@1   5.08 (  3.73)	Acc@5  19.53 ( 11.29)
Epoch: [0][ 620/2487]	Time  0.439 ( 0.949)	Data  0.000 ( 0.500)	Loss 5.0351e+00 (5.8186e+00)	Acc@1   7.42 (  3.87)	Acc@5  25.78 ( 11.64)
Epoch: [0][ 640/2487]	Time  2.013 ( 0.949)	Data  1.238 ( 0.501)	Loss 5.1349e+00 (5.7944e+00)	Acc@1   7.03 (  4.00)	Acc@5  21.48 ( 11.99)
Epoch: [0][ 660/2487]	Time  0.429 ( 0.947)	Data  0.000 ( 0.496)	Loss 4.9638e+00 (5.7682e+00)	Acc@1   8.20 (  4.16)	Acc@5  21.88 ( 12.35)
Epoch: [0][ 680/2487]	Time  0.428 ( 0.946)	Data  0.000 ( 0.496)	Loss 4.9732e+00 (5.7437e+00)	Acc@1  11.33 (  4.30)	Acc@5  26.17 ( 12.71)
Epoch: [0][ 700/2487]	Time  1.936 ( 0.947)	Data  0.755 ( 0.494)	Loss 4.9433e+00 (5.7204e+00)	Acc@1   9.38 (  4.43)	Acc@5  24.61 ( 13.04)
Epoch: [0][ 720/2487]	Time  0.417 ( 0.946)	Data  0.000 ( 0.488)	Loss 4.8387e+00 (5.6956e+00)	Acc@1  10.16 (  4.58)	Acc@5  25.78 ( 13.40)
Epoch: [0][ 740/2487]	Time  0.441 ( 0.945)	Data  0.000 ( 0.489)	Loss 4.6826e+00 (5.6724e+00)	Acc@1  16.41 (  4.75)	Acc@5  31.25 ( 13.74)
Epoch: [0][ 760/2487]	Time  1.631 ( 0.945)	Data  1.144 ( 0.488)	Loss 4.8254e+00 (5.6499e+00)	Acc@1   8.59 (  4.89)	Acc@5  23.44 ( 14.06)
Epoch: [0][ 780/2487]	Time  0.445 ( 0.943)	Data  0.000 ( 0.488)	Loss 4.8662e+00 (5.6266e+00)	Acc@1  10.16 (  5.03)	Acc@5  25.78 ( 14.40)
Epoch: [0][ 800/2487]	Time  0.424 ( 0.942)	Data  0.000 ( 0.490)	Loss 4.5800e+00 (5.6041e+00)	Acc@1  10.16 (  5.18)	Acc@5  30.08 ( 14.74)
Epoch: [0][ 820/2487]	Time  1.714 ( 0.942)	Data  1.376 ( 0.491)	Loss 4.6620e+00 (5.5811e+00)	Acc@1  14.06 (  5.34)	Acc@5  29.69 ( 15.10)
Epoch: [0][ 840/2487]	Time  0.436 ( 0.940)	Data  0.000 ( 0.490)	Loss 4.6009e+00 (5.5600e+00)	Acc@1  12.11 (  5.50)	Acc@5  32.03 ( 15.43)
Epoch: [0][ 860/2487]	Time  0.443 ( 0.941)	Data  0.000 ( 0.488)	Loss 4.5693e+00 (5.5377e+00)	Acc@1  10.55 (  5.66)	Acc@5  31.64 ( 15.77)
Epoch: [0][ 880/2487]	Time  1.872 ( 0.941)	Data  1.280 ( 0.489)	Loss 4.7463e+00 (5.5157e+00)	Acc@1  12.50 (  5.82)	Acc@5  25.78 ( 16.12)
Epoch: [0][ 900/2487]	Time  0.435 ( 0.939)	Data  0.000 ( 0.489)	Loss 4.5149e+00 (5.4955e+00)	Acc@1  12.11 (  5.97)	Acc@5  30.86 ( 16.44)
Epoch: [0][ 920/2487]	Time  0.439 ( 0.939)	Data  0.000 ( 0.490)	Loss 4.7309e+00 (5.4752e+00)	Acc@1  12.11 (  6.13)	Acc@5  26.56 ( 16.77)
Epoch: [0][ 940/2487]	Time  2.088 ( 0.940)	Data  1.279 ( 0.492)	Loss 4.5037e+00 (5.4538e+00)	Acc@1  16.02 (  6.29)	Acc@5  34.77 ( 17.13)
Epoch: [0][ 960/2487]	Time  0.442 ( 0.939)	Data  0.000 ( 0.489)	Loss 4.5609e+00 (5.4330e+00)	Acc@1  10.16 (  6.45)	Acc@5  30.47 ( 17.46)
Epoch: [0][ 980/2487]	Time  0.441 ( 0.939)	Data  0.000 ( 0.489)	Loss 4.2454e+00 (5.4124e+00)	Acc@1  18.75 (  6.60)	Acc@5  37.89 ( 17.79)
Epoch: [0][1000/2487]	Time  2.149 ( 0.940)	Data  0.669 ( 0.485)	Loss 4.3163e+00 (5.3937e+00)	Acc@1  12.11 (  6.73)	Acc@5  32.03 ( 18.07)
Epoch: [0][1020/2487]	Time  0.463 ( 0.939)	Data  0.000 ( 0.480)	Loss 4.4108e+00 (5.3746e+00)	Acc@1  14.84 (  6.88)	Acc@5  30.08 ( 18.38)
Epoch: [0][1040/2487]	Time  0.450 ( 0.940)	Data  0.000 ( 0.477)	Loss 4.2419e+00 (5.3555e+00)	Acc@1  17.97 (  7.04)	Acc@5  37.89 ( 18.68)
Epoch: [0][1060/2487]	Time  2.052 ( 0.941)	Data  0.829 ( 0.475)	Loss 4.5049e+00 (5.3370e+00)	Acc@1  15.62 (  7.18)	Acc@5  30.08 ( 18.96)
Epoch: [0][1080/2487]	Time  0.447 ( 0.940)	Data  0.000 ( 0.470)	Loss 4.2980e+00 (5.3187e+00)	Acc@1  15.23 (  7.33)	Acc@5  35.55 ( 19.26)
Epoch: [0][1100/2487]	Time  0.442 ( 0.941)	Data  0.000 ( 0.466)	Loss 4.3327e+00 (5.3003e+00)	Acc@1  14.84 (  7.49)	Acc@5  35.94 ( 19.58)
Epoch: [0][1120/2487]	Time  1.954 ( 0.941)	Data  0.592 ( 0.463)	Loss 4.1828e+00 (5.2822e+00)	Acc@1  16.41 (  7.63)	Acc@5  38.67 ( 19.87)
Epoch: [0][1140/2487]	Time  0.436 ( 0.940)	Data  0.000 ( 0.459)	Loss 4.1233e+00 (5.2645e+00)	Acc@1  18.36 (  7.80)	Acc@5  39.45 ( 20.17)
Epoch: [0][1160/2487]	Time  0.439 ( 0.940)	Data  0.000 ( 0.460)	Loss 4.0914e+00 (5.2469e+00)	Acc@1  19.53 (  7.95)	Acc@5  37.50 ( 20.45)
Epoch: [0][1180/2487]	Time  1.887 ( 0.940)	Data  1.322 ( 0.462)	Loss 4.4995e+00 (5.2299e+00)	Acc@1  14.06 (  8.09)	Acc@5  35.16 ( 20.73)
Epoch: [0][1200/2487]	Time  0.423 ( 0.939)	Data  0.000 ( 0.462)	Loss 3.9599e+00 (5.2128e+00)	Acc@1  22.66 (  8.24)	Acc@5  45.31 ( 21.02)
Epoch: [0][1220/2487]	Time  0.422 ( 0.939)	Data  0.173 ( 0.460)	Loss 4.2634e+00 (5.1958e+00)	Acc@1  16.02 (  8.39)	Acc@5  35.94 ( 21.30)
Epoch: [0][1240/2487]	Time  1.714 ( 0.939)	Data  1.494 ( 0.461)	Loss 4.3666e+00 (5.1793e+00)	Acc@1  12.11 (  8.53)	Acc@5  33.20 ( 21.56)
Epoch: [0][1260/2487]	Time  0.427 ( 0.938)	Data  0.000 ( 0.463)	Loss 4.1523e+00 (5.1619e+00)	Acc@1  18.36 (  8.69)	Acc@5  42.97 ( 21.86)
Epoch: [0][1280/2487]	Time  0.683 ( 0.938)	Data  0.528 ( 0.467)	Loss 4.1996e+00 (5.1467e+00)	Acc@1  14.45 (  8.82)	Acc@5  37.89 ( 22.13)
Epoch: [0][1300/2487]	Time  1.747 ( 0.938)	Data  1.121 ( 0.469)	Loss 3.8936e+00 (5.1302e+00)	Acc@1  23.44 (  8.99)	Acc@5  44.92 ( 22.41)
Epoch: [0][1320/2487]	Time  0.429 ( 0.937)	Data  0.000 ( 0.471)	Loss 4.1489e+00 (5.1144e+00)	Acc@1  18.36 (  9.13)	Acc@5  40.62 ( 22.67)
Epoch: [0][1340/2487]	Time  0.510 ( 0.938)	Data  0.362 ( 0.474)	Loss 4.1420e+00 (5.0992e+00)	Acc@1  14.45 (  9.26)	Acc@5  35.16 ( 22.93)
Epoch: [0][1360/2487]	Time  1.545 ( 0.938)	Data  0.800 ( 0.476)	Loss 4.2299e+00 (5.0843e+00)	Acc@1  14.06 (  9.40)	Acc@5  36.33 ( 23.19)
Epoch: [0][1380/2487]	Time  0.427 ( 0.937)	Data  0.000 ( 0.479)	Loss 3.9819e+00 (5.0691e+00)	Acc@1  19.53 (  9.54)	Acc@5  41.41 ( 23.45)
Epoch: [0][1400/2487]	Time  0.467 ( 0.938)	Data  0.089 ( 0.481)	Loss 4.1344e+00 (5.0534e+00)	Acc@1  15.62 (  9.69)	Acc@5  40.23 ( 23.72)
Epoch: [0][1420/2487]	Time  2.019 ( 0.938)	Data  0.865 ( 0.480)	Loss 4.0130e+00 (5.0394e+00)	Acc@1  18.75 (  9.81)	Acc@5  42.58 ( 23.96)
Epoch: [0][1440/2487]	Time  0.429 ( 0.938)	Data  0.000 ( 0.477)	Loss 3.8075e+00 (5.0245e+00)	Acc@1  19.92 (  9.96)	Acc@5  46.09 ( 24.22)
Epoch: [0][1460/2487]	Time  0.421 ( 0.938)	Data  0.000 ( 0.478)	Loss 3.7894e+00 (5.0100e+00)	Acc@1  23.05 ( 10.09)	Acc@5  44.14 ( 24.47)
Epoch: [0][1480/2487]	Time  1.736 ( 0.938)	Data  1.411 ( 0.480)	Loss 4.0031e+00 (4.9957e+00)	Acc@1  18.75 ( 10.23)	Acc@5  39.06 ( 24.71)
Epoch: [0][1500/2487]	Time  0.435 ( 0.937)	Data  0.000 ( 0.480)	Loss 3.7850e+00 (4.9812e+00)	Acc@1  25.00 ( 10.37)	Acc@5  47.27 ( 24.97)
Epoch: [0][1520/2487]	Time  0.426 ( 0.938)	Data  0.000 ( 0.477)	Loss 3.7669e+00 (4.9668e+00)	Acc@1  19.92 ( 10.52)	Acc@5  46.48 ( 25.23)
Epoch: [0][1540/2487]	Time  2.063 ( 0.939)	Data  0.512 ( 0.474)	Loss 3.9348e+00 (4.9525e+00)	Acc@1  19.14 ( 10.67)	Acc@5  42.97 ( 25.48)
Epoch: [0][1560/2487]	Time  0.429 ( 0.939)	Data  0.000 ( 0.470)	Loss 3.8008e+00 (4.9386e+00)	Acc@1  20.70 ( 10.81)	Acc@5  43.75 ( 25.72)
Epoch: [0][1580/2487]	Time  0.455 ( 0.940)	Data  0.000 ( 0.465)	Loss 3.8311e+00 (4.9246e+00)	Acc@1  23.83 ( 10.94)	Acc@5  44.92 ( 25.97)
Epoch: [0][1600/2487]	Time  2.063 ( 0.941)	Data  0.193 ( 0.460)	Loss 3.8104e+00 (4.9108e+00)	Acc@1  21.88 ( 11.08)	Acc@5  45.31 ( 26.22)
Epoch: [0][1620/2487]	Time  0.405 ( 0.941)	Data  0.000 ( 0.455)	Loss 3.7551e+00 (4.8976e+00)	Acc@1  22.27 ( 11.21)	Acc@5  44.14 ( 26.44)
Epoch: [0][1640/2487]	Time  0.424 ( 0.942)	Data  0.000 ( 0.449)	Loss 3.7016e+00 (4.8841e+00)	Acc@1  23.05 ( 11.35)	Acc@5  44.14 ( 26.67)
Epoch: [0][1660/2487]	Time  2.148 ( 0.943)	Data  0.086 ( 0.444)	Loss 3.7197e+00 (4.8709e+00)	Acc@1  23.05 ( 11.49)	Acc@5  47.66 ( 26.91)
Epoch: [0][1680/2487]	Time  0.428 ( 0.943)	Data  0.000 ( 0.439)	Loss 3.5909e+00 (4.8575e+00)	Acc@1  23.44 ( 11.63)	Acc@5  50.39 ( 27.16)
Epoch: [0][1700/2487]	Time  0.454 ( 0.943)	Data  0.000 ( 0.434)	Loss 3.8671e+00 (4.8446e+00)	Acc@1  24.22 ( 11.77)	Acc@5  44.92 ( 27.39)
Epoch: [0][1720/2487]	Time  2.108 ( 0.944)	Data  0.000 ( 0.429)	Loss 3.7077e+00 (4.8311e+00)	Acc@1  27.73 ( 11.91)	Acc@5  48.83 ( 27.63)
Epoch: [0][1740/2487]	Time  0.437 ( 0.944)	Data  0.000 ( 0.425)	Loss 3.4919e+00 (4.8183e+00)	Acc@1  27.73 ( 12.04)	Acc@5  55.47 ( 27.86)
Epoch: [0][1760/2487]	Time  0.453 ( 0.944)	Data  0.000 ( 0.421)	Loss 3.6919e+00 (4.8051e+00)	Acc@1  17.97 ( 12.18)	Acc@5  48.05 ( 28.09)
Epoch: [0][1780/2487]	Time  1.905 ( 0.945)	Data  0.000 ( 0.417)	Loss 3.9211e+00 (4.7929e+00)	Acc@1  19.92 ( 12.31)	Acc@5  47.66 ( 28.31)
Epoch: [0][1800/2487]	Time  0.429 ( 0.946)	Data  0.000 ( 0.413)	Loss 3.7216e+00 (4.7811e+00)	Acc@1  20.70 ( 12.43)	Acc@5  44.92 ( 28.51)
Epoch: [0][1820/2487]	Time  0.471 ( 0.946)	Data  0.000 ( 0.408)	Loss 3.5558e+00 (4.7687e+00)	Acc@1  28.91 ( 12.56)	Acc@5  48.83 ( 28.72)
Epoch: [0][1840/2487]	Time  2.288 ( 0.947)	Data  0.000 ( 0.404)	Loss 3.3649e+00 (4.7564e+00)	Acc@1  26.56 ( 12.69)	Acc@5  51.56 ( 28.94)
Epoch: [0][1860/2487]	Time  0.419 ( 0.947)	Data  0.000 ( 0.400)	Loss 3.6284e+00 (4.7442e+00)	Acc@1  24.61 ( 12.83)	Acc@5  51.17 ( 29.16)
Epoch: [0][1880/2487]	Time  0.425 ( 0.948)	Data  0.001 ( 0.396)	Loss 3.6105e+00 (4.7328e+00)	Acc@1  23.83 ( 12.95)	Acc@5  49.61 ( 29.35)
Epoch: [0][1900/2487]	Time  2.361 ( 0.949)	Data  0.000 ( 0.392)	Loss 3.5650e+00 (4.7218e+00)	Acc@1  26.17 ( 13.06)	Acc@5  48.83 ( 29.55)
Epoch: [0][1920/2487]	Time  0.471 ( 0.948)	Data  0.005 ( 0.388)	Loss 3.5350e+00 (4.7105e+00)	Acc@1  30.08 ( 13.18)	Acc@5  52.34 ( 29.75)
Epoch: [0][1940/2487]	Time  0.427 ( 0.950)	Data  0.000 ( 0.384)	Loss 3.6797e+00 (4.6994e+00)	Acc@1  22.66 ( 13.30)	Acc@5  45.70 ( 29.95)
Epoch: [0][1960/2487]	Time  2.126 ( 0.950)	Data  0.000 ( 0.380)	Loss 3.6332e+00 (4.6877e+00)	Acc@1  25.39 ( 13.44)	Acc@5  50.00 ( 30.16)
Epoch: [0][1980/2487]	Time  0.427 ( 0.950)	Data  0.000 ( 0.377)	Loss 3.6328e+00 (4.6762e+00)	Acc@1  21.88 ( 13.56)	Acc@5  46.48 ( 30.36)
Epoch: [0][2000/2487]	Time  0.454 ( 0.951)	Data  0.107 ( 0.374)	Loss 3.3912e+00 (4.6649e+00)	Acc@1  28.91 ( 13.69)	Acc@5  53.12 ( 30.56)
Epoch: [0][2020/2487]	Time  2.002 ( 0.951)	Data  0.000 ( 0.370)	Loss 3.5817e+00 (4.6537e+00)	Acc@1  23.83 ( 13.81)	Acc@5  47.27 ( 30.76)
Epoch: [0][2040/2487]	Time  0.844 ( 0.950)	Data  0.696 ( 0.369)	Loss 3.4302e+00 (4.6423e+00)	Acc@1  27.73 ( 13.94)	Acc@5  50.78 ( 30.97)
Epoch: [0][2060/2487]	Time  0.421 ( 0.950)	Data  0.074 ( 0.366)	Loss 3.6143e+00 (4.6312e+00)	Acc@1  26.56 ( 14.07)	Acc@5  48.83 ( 31.17)
Epoch: [0][2080/2487]	Time  0.491 ( 0.950)	Data  0.000 ( 0.366)	Loss 3.3242e+00 (4.6204e+00)	Acc@1  31.25 ( 14.18)	Acc@5  50.78 ( 31.36)
Epoch: [0][2100/2487]	Time  1.808 ( 0.950)	Data  1.661 ( 0.369)	Loss 3.5406e+00 (4.6091e+00)	Acc@1  23.44 ( 14.32)	Acc@5  51.17 ( 31.57)
Epoch: [0][2120/2487]	Time  0.429 ( 0.949)	Data  0.121 ( 0.370)	Loss 3.5361e+00 (4.5982e+00)	Acc@1  24.22 ( 14.44)	Acc@5  49.22 ( 31.76)
Epoch: [0][2140/2487]	Time  0.420 ( 0.949)	Data  0.000 ( 0.373)	Loss 3.5232e+00 (4.5875e+00)	Acc@1  28.52 ( 14.56)	Acc@5  56.25 ( 31.96)
Epoch: [0][2160/2487]	Time  0.428 ( 0.949)	Data  0.000 ( 0.375)	Loss 3.5820e+00 (4.5767e+00)	Acc@1  23.44 ( 14.68)	Acc@5  50.78 ( 32.15)
Epoch: [0][2180/2487]	Time  2.084 ( 0.949)	Data  1.929 ( 0.378)	Loss 3.3020e+00 (4.5661e+00)	Acc@1  33.98 ( 14.81)	Acc@5  55.86 ( 32.34)
Epoch: [0][2200/2487]	Time  0.782 ( 0.948)	Data  0.360 ( 0.380)	Loss 3.5322e+00 (4.5559e+00)	Acc@1  25.00 ( 14.92)	Acc@5  51.95 ( 32.52)
Epoch: [0][2220/2487]	Time  0.549 ( 0.948)	Data  0.398 ( 0.382)	Loss 3.4401e+00 (4.5458e+00)	Acc@1  30.08 ( 15.04)	Acc@5  53.12 ( 32.71)
Epoch: [0][2240/2487]	Time  0.526 ( 0.948)	Data  0.354 ( 0.385)	Loss 3.3981e+00 (4.5357e+00)	Acc@1  26.56 ( 15.16)	Acc@5  55.47 ( 32.90)
Epoch: [0][2260/2487]	Time  1.597 ( 0.948)	Data  1.450 ( 0.387)	Loss 3.3072e+00 (4.5253e+00)	Acc@1  28.91 ( 15.28)	Acc@5  57.42 ( 33.09)
Epoch: [0][2280/2487]	Time  1.416 ( 0.948)	Data  0.000 ( 0.389)	Loss 3.4632e+00 (4.5159e+00)	Acc@1  27.34 ( 15.39)	Acc@5  49.22 ( 33.26)
Epoch: [0][2300/2487]	Time  0.701 ( 0.948)	Data  0.548 ( 0.389)	Loss 3.3945e+00 (4.5059e+00)	Acc@1  29.69 ( 15.50)	Acc@5  53.12 ( 33.45)
Epoch: [0][2320/2487]	Time  1.566 ( 0.948)	Data  1.418 ( 0.391)	Loss 3.5810e+00 (4.4962e+00)	Acc@1  25.78 ( 15.61)	Acc@5  51.95 ( 33.62)
Epoch: [0][2340/2487]	Time  0.426 ( 0.948)	Data  0.000 ( 0.393)	Loss 3.5513e+00 (4.4867e+00)	Acc@1  27.73 ( 15.73)	Acc@5  51.56 ( 33.79)
Epoch: [0][2360/2487]	Time  0.426 ( 0.949)	Data  0.278 ( 0.396)	Loss 3.3779e+00 (4.4770e+00)	Acc@1  24.61 ( 15.84)	Acc@5  54.30 ( 33.97)
Epoch: [0][2380/2487]	Time  1.878 ( 0.949)	Data  1.731 ( 0.399)	Loss 3.4540e+00 (4.4674e+00)	Acc@1  27.73 ( 15.95)	Acc@5  56.25 ( 34.15)
Epoch: [0][2400/2487]	Time  0.427 ( 0.949)	Data  0.000 ( 0.401)	Loss 2.9270e+00 (4.4578e+00)	Acc@1  35.16 ( 16.07)	Acc@5  61.72 ( 34.32)
Epoch: [0][2420/2487]	Time  0.821 ( 0.949)	Data  0.670 ( 0.404)	Loss 3.3596e+00 (4.4484e+00)	Acc@1  25.39 ( 16.18)	Acc@5  54.69 ( 34.49)
Epoch: [0][2440/2487]	Time  2.040 ( 0.949)	Data  1.884 ( 0.407)	Loss 3.3398e+00 (4.4390e+00)	Acc@1  31.25 ( 16.29)	Acc@5  53.12 ( 34.66)
Epoch: [0][2460/2487]	Time  0.426 ( 0.949)	Data  0.000 ( 0.408)	Loss 3.1652e+00 (4.4296e+00)	Acc@1  28.12 ( 16.41)	Acc@5  56.64 ( 34.84)
Epoch: [0][2480/2487]	Time  1.453 ( 0.950)	Data  1.302 ( 0.411)	Loss 3.3326e+00 (4.4201e+00)	Acc@1  30.86 ( 16.52)	Acc@5  58.59 ( 35.01)
Test: [  0/195]	Time 10.670 (10.670)	Loss 2.9198e+00 (2.9198e+00)	Acc@1  33.59 ( 33.59)	Acc@5  67.58 ( 67.58)
Test: [ 20/195]	Time  0.129 ( 1.227)	Loss 3.7653e+00 (3.5086e+00)	Acc@1  24.22 ( 28.22)	Acc@5  48.05 ( 53.40)
Test: [ 40/195]	Time  1.210 ( 1.041)	Loss 3.9618e+00 (3.5381e+00)	Acc@1  11.72 ( 25.54)	Acc@5  40.62 ( 51.61)
Test: [ 60/195]	Time  0.454 ( 0.974)	Loss 4.2990e+00 (3.5401e+00)	Acc@1   5.47 ( 24.28)	Acc@5  32.81 ( 51.16)
Test: [ 80/195]	Time  0.128 ( 0.959)	Loss 4.4318e+00 (3.4639e+00)	Acc@1  14.06 ( 25.87)	Acc@5  36.72 ( 52.65)
Test: [100/195]	Time  2.053 ( 0.941)	Loss 4.5562e+00 (3.5722e+00)	Acc@1  14.06 ( 24.90)	Acc@5  33.20 ( 50.74)
Test: [120/195]	Time  0.141 ( 0.914)	Loss 4.4139e+00 (3.6288e+00)	Acc@1  17.97 ( 24.64)	Acc@5  37.89 ( 49.72)
Test: [140/195]	Time  0.128 ( 0.900)	Loss 3.7912e+00 (3.6693e+00)	Acc@1  24.61 ( 24.20)	Acc@5  47.27 ( 49.04)
Test: [160/195]	Time  1.968 ( 0.898)	Loss 4.0818e+00 (3.7170e+00)	Acc@1  16.02 ( 23.77)	Acc@5  44.14 ( 48.24)
Test: [180/195]	Time  0.224 ( 0.880)	Loss 4.2958e+00 (3.7425e+00)	Acc@1  18.75 ( 23.41)	Acc@5  41.41 ( 47.79)
 *   Acc@1 24.060 Acc@5 48.649
Test: [  0/195]	Time 10.765 (10.765)	Loss 2.9198e+00 (2.9198e+00)	Acc@1  33.59 ( 33.59)	Acc@5  67.58 ( 67.58)
Test: [ 20/195]	Time  0.128 ( 1.234)	Loss 3.7653e+00 (3.5086e+00)	Acc@1  24.22 ( 28.22)	Acc@5  48.05 ( 53.40)
Test: [ 40/195]	Time  1.216 ( 1.044)	Loss 3.9618e+00 (3.5381e+00)	Acc@1  11.72 ( 25.54)	Acc@5  40.62 ( 51.61)
Test: [ 60/195]	Time  0.459 ( 0.975)	Loss 4.2990e+00 (3.5401e+00)	Acc@1   5.47 ( 24.28)	Acc@5  32.81 ( 51.16)
Test: [ 80/195]	Time  0.128 ( 0.959)	Loss 4.4318e+00 (3.4639e+00)	Acc@1  14.06 ( 25.87)	Acc@5  36.72 ( 52.65)
Test: [100/195]	Time  2.002 ( 0.942)	Loss 4.5562e+00 (3.5722e+00)	Acc@1  14.06 ( 24.90)	Acc@5  33.20 ( 50.74)
Test: [120/195]	Time  0.128 ( 0.915)	Loss 4.4139e+00 (3.6288e+00)	Acc@1  17.97 ( 24.64)	Acc@5  37.89 ( 49.72)
Test: [140/195]	Time  0.128 ( 0.901)	Loss 3.7912e+00 (3.6693e+00)	Acc@1  24.61 ( 24.20)	Acc@5  47.27 ( 49.04)
Test: [160/195]	Time  2.004 ( 0.899)	Loss 4.0818e+00 (3.7170e+00)	Acc@1  16.02 ( 23.77)	Acc@5  44.14 ( 48.24)
Test: [180/195]	Time  0.158 ( 0.880)	Loss 4.2958e+00 (3.7425e+00)	Acc@1  18.75 ( 23.41)	Acc@5  41.41 ( 47.79)
 *   Acc@1 24.060 Acc@5 48.649
Epoch: [1][   0/2487]	Time 16.004 (16.004)	Data 15.846 (15.846)	Loss 3.1807e+00 (3.1807e+00)	Acc@1  32.81 ( 32.81)	Acc@5  56.25 ( 56.25)
Epoch: [1][  20/2487]	Time  0.428 ( 1.615)	Data  0.000 ( 1.287)	Loss 3.2394e+00 (3.1577e+00)	Acc@1  32.03 ( 33.33)	Acc@5  58.59 ( 58.05)
Epoch: [1][  40/2487]	Time  0.405 ( 1.290)	Data  0.109 ( 0.962)	Loss 3.1153e+00 (3.1690e+00)	Acc@1  33.59 ( 32.83)	Acc@5  62.11 ( 58.11)
Epoch: [1][  60/2487]	Time  2.014 ( 1.178)	Data  1.867 ( 0.861)	Loss 3.2086e+00 (3.1758e+00)	Acc@1  33.98 ( 32.77)	Acc@5  56.64 ( 58.10)
Epoch: [1][  80/2487]	Time  0.427 ( 1.114)	Data  0.000 ( 0.793)	Loss 3.2322e+00 (3.1687e+00)	Acc@1  30.08 ( 32.67)	Acc@5  58.59 ( 58.37)
Epoch: [1][ 100/2487]	Time  0.433 ( 1.097)	Data  0.000 ( 0.774)	Loss 3.2761e+00 (3.1613e+00)	Acc@1  29.30 ( 32.49)	Acc@5  56.25 ( 58.38)
Epoch: [1][ 120/2487]	Time  1.835 ( 1.080)	Data  1.688 ( 0.757)	Loss 3.3971e+00 (3.1541e+00)	Acc@1  30.86 ( 32.46)	Acc@5  57.03 ( 58.45)
Epoch: [1][ 140/2487]	Time  0.438 ( 1.055)	Data  0.000 ( 0.731)	Loss 3.1208e+00 (3.1518e+00)	Acc@1  33.59 ( 32.50)	Acc@5  58.59 ( 58.44)
Epoch: [1][ 160/2487]	Time  0.440 ( 1.044)	Data  0.000 ( 0.720)	Loss 3.0814e+00 (3.1458e+00)	Acc@1  35.16 ( 32.52)	Acc@5  59.38 ( 58.49)
Epoch: [1][ 180/2487]	Time  1.918 ( 1.032)	Data  1.765 ( 0.708)	Loss 3.0165e+00 (3.1442e+00)	Acc@1  35.16 ( 32.41)	Acc@5  61.33 ( 58.55)
Epoch: [1][ 200/2487]	Time  0.430 ( 1.015)	Data  0.000 ( 0.689)	Loss 2.9644e+00 (3.1382e+00)	Acc@1  33.20 ( 32.55)	Acc@5  59.38 ( 58.67)
Epoch: [1][ 220/2487]	Time  0.433 ( 1.008)	Data  0.000 ( 0.681)	Loss 3.0086e+00 (3.1366e+00)	Acc@1  33.98 ( 32.55)	Acc@5  60.55 ( 58.71)
Epoch: [1][ 240/2487]	Time  1.739 ( 1.003)	Data  1.592 ( 0.675)	Loss 3.0912e+00 (3.1357e+00)	Acc@1  29.69 ( 32.51)	Acc@5  60.55 ( 58.68)
Epoch: [1][ 260/2487]	Time  0.429 ( 0.999)	Data  0.000 ( 0.671)	Loss 3.0504e+00 (3.1345e+00)	Acc@1  35.16 ( 32.56)	Acc@5  57.42 ( 58.65)
Epoch: [1][ 280/2487]	Time  0.458 ( 1.000)	Data  0.000 ( 0.672)	Loss 3.1958e+00 (3.1368e+00)	Acc@1  33.20 ( 32.49)	Acc@5  55.86 ( 58.58)
Epoch: [1][ 300/2487]	Time  2.418 ( 1.001)	Data  2.271 ( 0.673)	Loss 2.9073e+00 (3.1335e+00)	Acc@1  33.59 ( 32.53)	Acc@5  61.33 ( 58.64)
Epoch: [1][ 320/2487]	Time  0.433 ( 0.998)	Data  0.000 ( 0.670)	Loss 3.1569e+00 (3.1309e+00)	Acc@1  34.38 ( 32.56)	Acc@5  59.38 ( 58.68)
Epoch: [1][ 340/2487]	Time  0.437 ( 1.000)	Data  0.000 ( 0.672)	Loss 2.9089e+00 (3.1327e+00)	Acc@1  39.06 ( 32.59)	Acc@5  61.33 ( 58.67)
Epoch: [1][ 360/2487]	Time  2.089 ( 1.000)	Data  1.941 ( 0.671)	Loss 3.0324e+00 (3.1313e+00)	Acc@1  29.69 ( 32.60)	Acc@5  62.11 ( 58.71)
Epoch: [1][ 380/2487]	Time  0.435 ( 0.995)	Data  0.000 ( 0.666)	Loss 3.0088e+00 (3.1283e+00)	Acc@1  32.03 ( 32.65)	Acc@5  61.72 ( 58.73)
Epoch: [1][ 400/2487]	Time  0.447 ( 0.997)	Data  0.000 ( 0.668)	Loss 3.0115e+00 (3.1239e+00)	Acc@1  35.16 ( 32.71)	Acc@5  60.94 ( 58.77)
Epoch: [1][ 420/2487]	Time  2.069 ( 0.998)	Data  1.908 ( 0.669)	Loss 2.9974e+00 (3.1233e+00)	Acc@1  36.72 ( 32.73)	Acc@5  57.03 ( 58.81)
Epoch: [1][ 440/2487]	Time  0.423 ( 0.994)	Data  0.000 ( 0.665)	Loss 2.9738e+00 (3.1197e+00)	Acc@1  33.98 ( 32.77)	Acc@5  64.84 ( 58.88)
Epoch: [1][ 460/2487]	Time  0.469 ( 0.996)	Data  0.000 ( 0.666)	Loss 3.0118e+00 (3.1169e+00)	Acc@1  33.59 ( 32.85)	Acc@5  60.55 ( 58.91)
Epoch: [1][ 480/2487]	Time  1.975 ( 0.997)	Data  1.815 ( 0.668)	Loss 2.9779e+00 (3.1163e+00)	Acc@1  37.50 ( 32.88)	Acc@5  58.20 ( 58.94)
Epoch: [1][ 500/2487]	Time  0.429 ( 0.995)	Data  0.000 ( 0.666)	Loss 3.0276e+00 (3.1134e+00)	Acc@1  31.64 ( 32.94)	Acc@5  59.38 ( 58.99)
Epoch: [1][ 520/2487]	Time  0.455 ( 0.996)	Data  0.000 ( 0.666)	Loss 3.3043e+00 (3.1103e+00)	Acc@1  31.64 ( 32.94)	Acc@5  55.08 ( 59.02)
Epoch: [1][ 540/2487]	Time  1.956 ( 0.995)	Data  1.809 ( 0.665)	Loss 3.0107e+00 (3.1060e+00)	Acc@1  31.64 ( 33.03)	Acc@5  59.38 ( 59.09)
Epoch: [1][ 560/2487]	Time  0.442 ( 0.992)	Data  0.000 ( 0.662)	Loss 3.1394e+00 (3.1033e+00)	Acc@1  35.16 ( 33.08)	Acc@5  57.81 ( 59.15)
Epoch: [1][ 580/2487]	Time  0.429 ( 0.994)	Data  0.000 ( 0.664)	Loss 2.8828e+00 (3.0991e+00)	Acc@1  35.16 ( 33.17)	Acc@5  61.72 ( 59.22)
Epoch: [1][ 600/2487]	Time  1.980 ( 0.994)	Data  1.827 ( 0.664)	Loss 2.9160e+00 (3.0969e+00)	Acc@1  37.89 ( 33.21)	Acc@5  64.06 ( 59.27)
Epoch: [1][ 620/2487]	Time  0.436 ( 0.993)	Data  0.000 ( 0.662)	Loss 3.2346e+00 (3.0924e+00)	Acc@1  33.20 ( 33.26)	Acc@5  57.42 ( 59.33)
Epoch: [1][ 640/2487]	Time  0.453 ( 0.994)	Data  0.000 ( 0.663)	Loss 3.1846e+00 (3.0895e+00)	Acc@1  29.30 ( 33.28)	Acc@5  58.98 ( 59.38)
Epoch: [1][ 660/2487]	Time  2.004 ( 0.994)	Data  1.857 ( 0.664)	Loss 2.8110e+00 (3.0840e+00)	Acc@1  38.67 ( 33.39)	Acc@5  64.06 ( 59.49)
Epoch: [1][ 680/2487]	Time  0.429 ( 0.993)	Data  0.000 ( 0.662)	Loss 3.0140e+00 (3.0834e+00)	Acc@1  40.62 ( 33.43)	Acc@5  57.81 ( 59.51)
Epoch: [1][ 700/2487]	Time  0.429 ( 0.994)	Data  0.000 ( 0.663)	Loss 2.9048e+00 (3.0782e+00)	Acc@1  36.33 ( 33.50)	Acc@5  62.89 ( 59.60)
Epoch: [1][ 720/2487]	Time  1.958 ( 0.995)	Data  1.810 ( 0.665)	Loss 3.1098e+00 (3.0764e+00)	Acc@1  35.94 ( 33.55)	Acc@5  58.20 ( 59.64)
Epoch: [1][ 740/2487]	Time  0.430 ( 0.993)	Data  0.000 ( 0.662)	Loss 2.8858e+00 (3.0737e+00)	Acc@1  36.72 ( 33.60)	Acc@5  62.89 ( 59.69)
Epoch: [1][ 760/2487]	Time  0.457 ( 0.994)	Data  0.000 ( 0.663)	Loss 3.0479e+00 (3.0703e+00)	Acc@1  35.16 ( 33.67)	Acc@5  60.94 ( 59.79)
Epoch: [1][ 780/2487]	Time  2.149 ( 0.995)	Data  1.999 ( 0.664)	Loss 2.9265e+00 (3.0663e+00)	Acc@1  35.16 ( 33.74)	Acc@5  59.77 ( 59.85)
Epoch: [1][ 800/2487]	Time  0.438 ( 0.993)	Data  0.000 ( 0.662)	Loss 2.8807e+00 (3.0634e+00)	Acc@1  36.33 ( 33.78)	Acc@5  66.02 ( 59.92)
Epoch: [1][ 820/2487]	Time  0.427 ( 0.994)	Data  0.000 ( 0.663)	Loss 2.8418e+00 (3.0602e+00)	Acc@1  39.06 ( 33.82)	Acc@5  63.67 ( 59.97)
Epoch: [1][ 840/2487]	Time  2.162 ( 0.994)	Data  1.994 ( 0.663)	Loss 2.9835e+00 (3.0565e+00)	Acc@1  34.38 ( 33.87)	Acc@5  60.16 ( 60.02)
Epoch: [1][ 860/2487]	Time  0.425 ( 0.993)	Data  0.000 ( 0.662)	Loss 3.2160e+00 (3.0531e+00)	Acc@1  30.08 ( 33.94)	Acc@5  55.08 ( 60.08)
Epoch: [1][ 880/2487]	Time  0.427 ( 0.993)	Data  0.000 ( 0.662)	Loss 3.0161e+00 (3.0486e+00)	Acc@1  36.72 ( 34.02)	Acc@5  62.89 ( 60.18)
Epoch: [1][ 900/2487]	Time  1.923 ( 0.993)	Data  1.768 ( 0.662)	Loss 2.9121e+00 (3.0449e+00)	Acc@1  35.16 ( 34.08)	Acc@5  63.67 ( 60.25)
Epoch: [1][ 920/2487]	Time  0.418 ( 0.992)	Data  0.064 ( 0.661)	Loss 2.8634e+00 (3.0426e+00)	Acc@1  34.38 ( 34.11)	Acc@5  64.06 ( 60.28)
Epoch: [1][ 940/2487]	Time  0.426 ( 0.992)	Data  0.000 ( 0.661)	Loss 2.9178e+00 (3.0398e+00)	Acc@1  35.55 ( 34.16)	Acc@5  61.72 ( 60.35)
Epoch: [1][ 960/2487]	Time  1.835 ( 0.991)	Data  1.648 ( 0.661)	Loss 2.8069e+00 (3.0364e+00)	Acc@1  33.59 ( 34.21)	Acc@5  62.89 ( 60.42)
Epoch: [1][ 980/2487]	Time  0.441 ( 0.990)	Data  0.103 ( 0.662)	Loss 2.9575e+00 (3.0329e+00)	Acc@1  35.16 ( 34.28)	Acc@5  64.84 ( 60.47)
Epoch: [1][1000/2487]	Time  0.469 ( 0.990)	Data  0.090 ( 0.665)	Loss 2.8984e+00 (3.0286e+00)	Acc@1  36.72 ( 34.35)	Acc@5  62.50 ( 60.54)
Epoch: [1][1020/2487]	Time  1.584 ( 0.990)	Data  1.437 ( 0.667)	Loss 2.6107e+00 (3.0252e+00)	Acc@1  39.84 ( 34.39)	Acc@5  67.19 ( 60.60)
Epoch: [1][1040/2487]	Time  0.430 ( 0.989)	Data  0.000 ( 0.668)	Loss 3.0442e+00 (3.0220e+00)	Acc@1  33.98 ( 34.44)	Acc@5  63.28 ( 60.65)
Epoch: [1][1060/2487]	Time  0.449 ( 0.989)	Data  0.000 ( 0.669)	Loss 2.7580e+00 (3.0178e+00)	Acc@1  38.28 ( 34.51)	Acc@5  63.67 ( 60.72)
Epoch: [1][1080/2487]	Time  2.542 ( 0.990)	Data  2.369 ( 0.670)	Loss 3.0645e+00 (3.0152e+00)	Acc@1  33.98 ( 34.56)	Acc@5  60.55 ( 60.76)
Epoch: [1][1100/2487]	Time  0.429 ( 0.988)	Data  0.141 ( 0.669)	Loss 2.7850e+00 (3.0114e+00)	Acc@1  31.64 ( 34.61)	Acc@5  67.19 ( 60.82)
Epoch: [1][1120/2487]	Time  0.440 ( 0.989)	Data  0.000 ( 0.669)	Loss 2.9497e+00 (3.0084e+00)	Acc@1  40.62 ( 34.66)	Acc@5  63.67 ( 60.88)
Epoch: [1][1140/2487]	Time  1.765 ( 0.990)	Data  1.617 ( 0.670)	Loss 2.8279e+00 (3.0047e+00)	Acc@1  38.67 ( 34.72)	Acc@5  64.84 ( 60.95)
Epoch: [1][1160/2487]	Time  0.427 ( 0.989)	Data  0.000 ( 0.669)	Loss 2.6414e+00 (3.0029e+00)	Acc@1  44.14 ( 34.75)	Acc@5  67.19 ( 60.99)
Epoch: [1][1180/2487]	Time  0.430 ( 0.990)	Data  0.000 ( 0.670)	Loss 2.7745e+00 (2.9994e+00)	Acc@1  39.06 ( 34.80)	Acc@5  60.55 ( 61.05)
Epoch: [1][1200/2487]	Time  1.536 ( 0.990)	Data  1.389 ( 0.670)	Loss 3.0248e+00 (2.9971e+00)	Acc@1  34.77 ( 34.85)	Acc@5  58.59 ( 61.09)
Epoch: [1][1220/2487]	Time  1.106 ( 0.989)	Data  0.959 ( 0.671)	Loss 2.7574e+00 (2.9946e+00)	Acc@1  40.23 ( 34.91)	Acc@5  67.19 ( 61.14)
Epoch: [1][1240/2487]	Time  0.432 ( 0.988)	Data  0.000 ( 0.671)	Loss 3.0876e+00 (2.9930e+00)	Acc@1  32.81 ( 34.93)	Acc@5  58.20 ( 61.17)
Epoch: [1][1260/2487]	Time  0.427 ( 0.989)	Data  0.210 ( 0.672)	Loss 2.7571e+00 (2.9906e+00)	Acc@1  38.67 ( 34.98)	Acc@5  66.80 ( 61.21)
Epoch: [1][1280/2487]	Time  1.391 ( 0.989)	Data  1.244 ( 0.674)	Loss 2.8795e+00 (2.9882e+00)	Acc@1  37.50 ( 35.01)	Acc@5  62.50 ( 61.26)
Epoch: [1][1300/2487]	Time  0.428 ( 0.988)	Data  0.000 ( 0.674)	Loss 2.8408e+00 (2.9853e+00)	Acc@1  36.72 ( 35.06)	Acc@5  63.28 ( 61.33)
Epoch: [1][1320/2487]	Time  0.696 ( 0.988)	Data  0.549 ( 0.676)	Loss 2.7680e+00 (2.9824e+00)	Acc@1  40.62 ( 35.12)	Acc@5  68.75 ( 61.38)
Epoch: [1][1340/2487]	Time  2.135 ( 0.989)	Data  1.969 ( 0.677)	Loss 2.8009e+00 (2.9798e+00)	Acc@1  35.16 ( 35.15)	Acc@5  64.06 ( 61.42)
Epoch: [1][1360/2487]	Time  0.429 ( 0.988)	Data  0.000 ( 0.676)	Loss 2.7660e+00 (2.9768e+00)	Acc@1  40.62 ( 35.21)	Acc@5  64.45 ( 61.49)
Epoch: [1][1380/2487]	Time  0.428 ( 0.988)	Data  0.000 ( 0.677)	Loss 2.7907e+00 (2.9745e+00)	Acc@1  38.28 ( 35.25)	Acc@5  64.45 ( 61.53)
Epoch: [1][1400/2487]	Time  2.008 ( 0.988)	Data  1.860 ( 0.677)	Loss 2.5870e+00 (2.9703e+00)	Acc@1  41.02 ( 35.31)	Acc@5  69.53 ( 61.60)
Epoch: [1][1420/2487]	Time  0.411 ( 0.988)	Data  0.000 ( 0.677)	Loss 2.7477e+00 (2.9671e+00)	Acc@1  40.62 ( 35.37)	Acc@5  65.62 ( 61.65)
Epoch: [1][1440/2487]	Time  1.973 ( 0.989)	Data  1.826 ( 0.679)	Loss 2.8764e+00 (2.9640e+00)	Acc@1  37.89 ( 35.43)	Acc@5  66.02 ( 61.71)
Epoch: [1][1460/2487]	Time  0.422 ( 0.988)	Data  0.090 ( 0.678)	Loss 3.1012e+00 (2.9618e+00)	Acc@1  33.98 ( 35.48)	Acc@5  57.03 ( 61.75)
Epoch: [1][1480/2487]	Time  0.495 ( 0.988)	Data  0.000 ( 0.679)	Loss 2.6525e+00 (2.9586e+00)	Acc@1  42.58 ( 35.53)	Acc@5  68.36 ( 61.81)
Epoch: [1][1500/2487]	Time  2.067 ( 0.988)	Data  1.920 ( 0.680)	Loss 2.6997e+00 (2.9554e+00)	Acc@1  41.41 ( 35.58)	Acc@5  66.02 ( 61.85)
Epoch: [1][1520/2487]	Time  0.423 ( 0.988)	Data  0.000 ( 0.679)	Loss 2.6366e+00 (2.9530e+00)	Acc@1  41.41 ( 35.63)	Acc@5  68.36 ( 61.89)
Epoch: [1][1540/2487]	Time  0.480 ( 0.988)	Data  0.000 ( 0.679)	Loss 2.7364e+00 (2.9507e+00)	Acc@1  36.72 ( 35.67)	Acc@5  62.89 ( 61.93)
Epoch: [1][1560/2487]	Time  2.465 ( 0.989)	Data  2.318 ( 0.679)	Loss 2.8207e+00 (2.9482e+00)	Acc@1  37.11 ( 35.70)	Acc@5  64.45 ( 61.98)
Epoch: [1][1580/2487]	Time  0.428 ( 0.988)	Data  0.232 ( 0.678)	Loss 2.7700e+00 (2.9449e+00)	Acc@1  39.06 ( 35.76)	Acc@5  69.14 ( 62.04)
Epoch: [1][1600/2487]	Time  0.430 ( 0.988)	Data  0.000 ( 0.679)	Loss 2.8497e+00 (2.9412e+00)	Acc@1  37.50 ( 35.83)	Acc@5  66.80 ( 62.10)
Epoch: [1][1620/2487]	Time  1.939 ( 0.989)	Data  1.785 ( 0.680)	Loss 2.6293e+00 (2.9383e+00)	Acc@1  38.28 ( 35.88)	Acc@5  71.09 ( 62.15)
Epoch: [1][1640/2487]	Time  0.427 ( 0.988)	Data  0.000 ( 0.679)	Loss 2.7772e+00 (2.9359e+00)	Acc@1  39.45 ( 35.92)	Acc@5  64.84 ( 62.21)
Epoch: [1][1660/2487]	Time  0.427 ( 0.989)	Data  0.000 ( 0.679)	Loss 2.5725e+00 (2.9333e+00)	Acc@1  41.41 ( 35.95)	Acc@5  67.19 ( 62.26)
Epoch: [1][1680/2487]	Time  2.057 ( 0.989)	Data  1.909 ( 0.679)	Loss 2.4839e+00 (2.9306e+00)	Acc@1  45.31 ( 36.00)	Acc@5  68.36 ( 62.30)
Epoch: [1][1700/2487]	Time  0.473 ( 0.988)	Data  0.000 ( 0.679)	Loss 2.9329e+00 (2.9277e+00)	Acc@1  35.94 ( 36.05)	Acc@5  63.67 ( 62.35)
Epoch: [1][1720/2487]	Time  0.454 ( 0.989)	Data  0.000 ( 0.679)	Loss 2.6834e+00 (2.9251e+00)	Acc@1  39.06 ( 36.11)	Acc@5  66.80 ( 62.39)
Epoch: [1][1740/2487]	Time  1.905 ( 0.989)	Data  1.727 ( 0.679)	Loss 2.5907e+00 (2.9223e+00)	Acc@1  42.19 ( 36.16)	Acc@5  67.97 ( 62.44)
Epoch: [1][1760/2487]	Time  0.443 ( 0.988)	Data  0.000 ( 0.678)	Loss 2.5952e+00 (2.9193e+00)	Acc@1  40.23 ( 36.22)	Acc@5  69.53 ( 62.49)
Epoch: [1][1780/2487]	Time  0.430 ( 0.989)	Data  0.000 ( 0.678)	Loss 2.7410e+00 (2.9170e+00)	Acc@1  42.19 ( 36.25)	Acc@5  64.06 ( 62.53)
Epoch: [1][1800/2487]	Time  1.997 ( 0.989)	Data  1.849 ( 0.678)	Loss 2.8838e+00 (2.9149e+00)	Acc@1  37.11 ( 36.29)	Acc@5  64.06 ( 62.56)
Epoch: [1][1820/2487]	Time  0.445 ( 0.989)	Data  0.000 ( 0.678)	Loss 2.7270e+00 (2.9120e+00)	Acc@1  35.16 ( 36.35)	Acc@5  68.36 ( 62.62)
Epoch: [1][1840/2487]	Time  0.436 ( 0.989)	Data  0.000 ( 0.678)	Loss 2.6488e+00 (2.9093e+00)	Acc@1  41.80 ( 36.39)	Acc@5  66.41 ( 62.67)
Epoch: [1][1860/2487]	Time  2.208 ( 0.989)	Data  2.061 ( 0.678)	Loss 2.7937e+00 (2.9068e+00)	Acc@1  42.58 ( 36.44)	Acc@5  64.06 ( 62.71)
Epoch: [1][1880/2487]	Time  0.417 ( 0.989)	Data  0.000 ( 0.677)	Loss 2.6844e+00 (2.9046e+00)	Acc@1  39.84 ( 36.48)	Acc@5  70.70 ( 62.75)
Epoch: [1][1900/2487]	Time  0.428 ( 0.989)	Data  0.000 ( 0.678)	Loss 2.5878e+00 (2.9017e+00)	Acc@1  39.45 ( 36.53)	Acc@5  70.70 ( 62.80)
Epoch: [1][1920/2487]	Time  2.221 ( 0.990)	Data  2.074 ( 0.678)	Loss 2.6947e+00 (2.8994e+00)	Acc@1  39.45 ( 36.58)	Acc@5  66.80 ( 62.85)
Epoch: [1][1940/2487]	Time  0.447 ( 0.989)	Data  0.000 ( 0.677)	Loss 2.4410e+00 (2.8969e+00)	Acc@1  45.31 ( 36.62)	Acc@5  69.92 ( 62.89)
Epoch: [1][1960/2487]	Time  0.421 ( 0.989)	Data  0.000 ( 0.677)	Loss 2.5866e+00 (2.8939e+00)	Acc@1  42.19 ( 36.67)	Acc@5  67.97 ( 62.94)
Epoch: [1][1980/2487]	Time  2.418 ( 0.990)	Data  2.267 ( 0.677)	Loss 2.6245e+00 (2.8918e+00)	Acc@1  41.02 ( 36.71)	Acc@5  67.97 ( 62.98)
Epoch: [1][2000/2487]	Time  0.422 ( 0.989)	Data  0.000 ( 0.676)	Loss 2.5355e+00 (2.8896e+00)	Acc@1  42.58 ( 36.76)	Acc@5  70.70 ( 63.02)
Epoch: [1][2020/2487]	Time  0.429 ( 0.989)	Data  0.000 ( 0.676)	Loss 2.9106e+00 (2.8871e+00)	Acc@1  35.55 ( 36.80)	Acc@5  59.77 ( 63.07)
Epoch: [1][2040/2487]	Time  2.089 ( 0.990)	Data  1.941 ( 0.677)	Loss 2.5805e+00 (2.8845e+00)	Acc@1  43.36 ( 36.85)	Acc@5  67.97 ( 63.12)
Epoch: [1][2060/2487]	Time  0.436 ( 0.990)	Data  0.000 ( 0.676)	Loss 2.5381e+00 (2.8820e+00)	Acc@1  46.09 ( 36.89)	Acc@5  67.97 ( 63.16)
Epoch: [1][2080/2487]	Time  0.437 ( 0.990)	Data  0.000 ( 0.677)	Loss 2.6363e+00 (2.8796e+00)	Acc@1  41.80 ( 36.94)	Acc@5  65.62 ( 63.19)
Epoch: [1][2100/2487]	Time  2.239 ( 0.990)	Data  2.073 ( 0.677)	Loss 2.6855e+00 (2.8770e+00)	Acc@1  41.41 ( 36.98)	Acc@5  65.62 ( 63.24)
Epoch: [1][2120/2487]	Time  0.444 ( 0.990)	Data  0.000 ( 0.676)	Loss 2.6547e+00 (2.8745e+00)	Acc@1  42.97 ( 37.03)	Acc@5  67.58 ( 63.29)
Epoch: [1][2140/2487]	Time  0.450 ( 0.990)	Data  0.000 ( 0.676)	Loss 2.5282e+00 (2.8724e+00)	Acc@1  42.97 ( 37.06)	Acc@5  69.92 ( 63.32)
Epoch: [1][2160/2487]	Time  2.072 ( 0.990)	Data  1.920 ( 0.676)	Loss 2.6477e+00 (2.8700e+00)	Acc@1  42.97 ( 37.10)	Acc@5  67.19 ( 63.36)
Epoch: [1][2180/2487]	Time  0.450 ( 0.990)	Data  0.000 ( 0.675)	Loss 2.5756e+00 (2.8675e+00)	Acc@1  42.19 ( 37.14)	Acc@5  69.53 ( 63.41)
Epoch: [1][2200/2487]	Time  0.432 ( 0.990)	Data  0.000 ( 0.676)	Loss 2.5613e+00 (2.8656e+00)	Acc@1  46.09 ( 37.18)	Acc@5  69.14 ( 63.44)
Epoch: [1][2220/2487]	Time  2.072 ( 0.990)	Data  1.916 ( 0.676)	Loss 2.7780e+00 (2.8629e+00)	Acc@1  41.41 ( 37.22)	Acc@5  66.02 ( 63.49)
Epoch: [1][2240/2487]	Time  0.486 ( 0.990)	Data  0.000 ( 0.675)	Loss 2.6629e+00 (2.8605e+00)	Acc@1  41.41 ( 37.27)	Acc@5  70.31 ( 63.53)
Epoch: [1][2260/2487]	Time  0.427 ( 0.990)	Data  0.000 ( 0.675)	Loss 2.5174e+00 (2.8582e+00)	Acc@1  45.31 ( 37.32)	Acc@5  67.58 ( 63.57)
Epoch: [1][2280/2487]	Time  1.934 ( 0.990)	Data  1.772 ( 0.675)	Loss 2.6527e+00 (2.8561e+00)	Acc@1  39.45 ( 37.35)	Acc@5  67.97 ( 63.60)
Epoch: [1][2300/2487]	Time  0.429 ( 0.990)	Data  0.000 ( 0.675)	Loss 2.6126e+00 (2.8541e+00)	Acc@1  39.84 ( 37.39)	Acc@5  67.58 ( 63.64)
Epoch: [1][2320/2487]	Time  0.447 ( 0.990)	Data  0.000 ( 0.675)	Loss 2.3489e+00 (2.8517e+00)	Acc@1  47.66 ( 37.43)	Acc@5  74.61 ( 63.69)
Epoch: [1][2340/2487]	Time  2.037 ( 0.991)	Data  1.875 ( 0.675)	Loss 2.5749e+00 (2.8497e+00)	Acc@1  45.70 ( 37.48)	Acc@5  68.75 ( 63.72)
Epoch: [1][2360/2487]	Time  0.424 ( 0.990)	Data  0.000 ( 0.675)	Loss 2.5615e+00 (2.8474e+00)	Acc@1  44.53 ( 37.51)	Acc@5  70.70 ( 63.76)
Epoch: [1][2380/2487]	Time  0.420 ( 0.990)	Data  0.000 ( 0.675)	Loss 2.6400e+00 (2.8450e+00)	Acc@1  39.84 ( 37.55)	Acc@5  70.31 ( 63.81)
Epoch: [1][2400/2487]	Time  2.116 ( 0.990)	Data  1.943 ( 0.675)	Loss 2.7148e+00 (2.8429e+00)	Acc@1  39.06 ( 37.58)	Acc@5  64.84 ( 63.85)
Epoch: [1][2420/2487]	Time  0.422 ( 0.990)	Data  0.000 ( 0.675)	Loss 2.5229e+00 (2.8407e+00)	Acc@1  42.97 ( 37.62)	Acc@5  72.27 ( 63.89)
Epoch: [1][2440/2487]	Time  0.449 ( 0.991)	Data  0.000 ( 0.675)	Loss 2.6980e+00 (2.8384e+00)	Acc@1  36.33 ( 37.66)	Acc@5  64.84 ( 63.93)
Epoch: [1][2460/2487]	Time  2.161 ( 0.991)	Data  2.011 ( 0.675)	Loss 2.5052e+00 (2.8364e+00)	Acc@1  43.75 ( 37.70)	Acc@5  67.97 ( 63.96)
Epoch: [1][2480/2487]	Time  0.430 ( 0.991)	Data  0.023 ( 0.675)	Loss 2.4475e+00 (2.8342e+00)	Acc@1  44.53 ( 37.74)	Acc@5  69.92 ( 64.00)
Epoch: [1][   0/2487]	Time 16.776 (16.776)	Data 16.609 (16.609)	Loss 3.3446e+00 (3.3446e+00)	Acc@1  30.08 ( 30.08)	Acc@5  59.38 ( 59.38)
Epoch: [1][  20/2487]	Time  0.428 ( 1.649)	Data  0.000 ( 1.256)	Loss 3.3818e+00 (3.2217e+00)	Acc@1  30.08 ( 31.57)	Acc@5  54.69 ( 57.05)
Epoch: [1][  40/2487]	Time  0.427 ( 1.307)	Data  0.181 ( 0.861)	Loss 3.0551e+00 (3.2069e+00)	Acc@1  33.59 ( 31.61)	Acc@5  60.55 ( 57.76)
Epoch: [1][  60/2487]	Time  2.007 ( 1.190)	Data  0.863 ( 0.724)	Loss 3.1817e+00 (3.1893e+00)	Acc@1  30.08 ( 31.80)	Acc@5  59.38 ( 58.08)
Epoch: [1][  80/2487]	Time  0.436 ( 1.123)	Data  0.000 ( 0.618)	Loss 3.0859e+00 (3.1805e+00)	Acc@1  33.98 ( 31.88)	Acc@5  59.38 ( 58.03)
Epoch: [1][ 100/2487]	Time  0.424 ( 1.104)	Data  0.000 ( 0.527)	Loss 3.1801e+00 (3.1830e+00)	Acc@1  29.30 ( 31.61)	Acc@5  53.12 ( 57.77)
Epoch: [1][ 120/2487]	Time  1.860 ( 1.086)	Data  0.354 ( 0.450)	Loss 3.0114e+00 (3.1902e+00)	Acc@1  33.20 ( 31.57)	Acc@5  60.94 ( 57.55)
Epoch: [1][ 140/2487]	Time  0.414 ( 1.060)	Data  0.000 ( 0.417)	Loss 3.0448e+00 (3.1856e+00)	Acc@1  34.77 ( 31.67)	Acc@5  58.59 ( 57.67)
Epoch: [1][ 160/2487]	Time  0.427 ( 1.049)	Data  0.000 ( 0.406)	Loss 3.0381e+00 (3.1757e+00)	Acc@1  37.89 ( 31.89)	Acc@5  60.16 ( 57.81)
Epoch: [1][ 180/2487]	Time  1.912 ( 1.036)	Data  1.160 ( 0.401)	Loss 2.8809e+00 (3.1716e+00)	Acc@1  35.94 ( 31.95)	Acc@5  64.45 ( 57.91)
Epoch: [1][ 200/2487]	Time  0.448 ( 1.019)	Data  0.000 ( 0.410)	Loss 3.1247e+00 (3.1601e+00)	Acc@1  29.30 ( 32.11)	Acc@5  59.38 ( 58.11)
Epoch: [1][ 220/2487]	Time  0.427 ( 1.011)	Data  0.000 ( 0.418)	Loss 3.4559e+00 (3.1589e+00)	Acc@1  30.86 ( 32.17)	Acc@5  57.03 ( 58.14)
Epoch: [1][ 240/2487]	Time  1.754 ( 1.006)	Data  1.054 ( 0.421)	Loss 3.0780e+00 (3.1546e+00)	Acc@1  33.20 ( 32.21)	Acc@5  59.38 ( 58.18)
Epoch: [1][ 260/2487]	Time  0.428 ( 1.002)	Data  0.000 ( 0.401)	Loss 3.0061e+00 (3.1569e+00)	Acc@1  32.81 ( 32.14)	Acc@5  61.33 ( 58.13)
Epoch: [1][ 280/2487]	Time  0.428 ( 1.003)	Data  0.000 ( 0.376)	Loss 3.0977e+00 (3.1575e+00)	Acc@1  35.16 ( 32.08)	Acc@5  60.55 ( 58.13)
Epoch: [1][ 300/2487]	Time  2.447 ( 1.003)	Data  0.000 ( 0.352)	Loss 3.4721e+00 (3.1557e+00)	Acc@1  27.73 ( 32.11)	Acc@5  53.12 ( 58.12)
Epoch: [1][ 320/2487]	Time  0.429 ( 1.001)	Data  0.000 ( 0.331)	Loss 3.1553e+00 (3.1502e+00)	Acc@1  30.08 ( 32.22)	Acc@5  55.08 ( 58.25)
Epoch: [1][ 340/2487]	Time  0.437 ( 1.003)	Data  0.000 ( 0.312)	Loss 2.8865e+00 (3.1465e+00)	Acc@1  38.67 ( 32.29)	Acc@5  63.28 ( 58.32)
Epoch: [1][ 360/2487]	Time  2.081 ( 1.002)	Data  0.000 ( 0.296)	Loss 3.0324e+00 (3.1426e+00)	Acc@1  37.50 ( 32.42)	Acc@5  57.81 ( 58.39)
Epoch: [1][ 380/2487]	Time  0.433 ( 0.997)	Data  0.000 ( 0.281)	Loss 3.1325e+00 (3.1400e+00)	Acc@1  32.03 ( 32.49)	Acc@5  59.77 ( 58.45)
Epoch: [1][ 400/2487]	Time  0.444 ( 0.999)	Data  0.000 ( 0.268)	Loss 3.0188e+00 (3.1384e+00)	Acc@1  31.64 ( 32.51)	Acc@5  60.94 ( 58.48)
Epoch: [1][ 420/2487]	Time  2.087 ( 1.000)	Data  0.000 ( 0.256)	Loss 3.0719e+00 (3.1345e+00)	Acc@1  33.98 ( 32.64)	Acc@5  59.38 ( 58.54)
Epoch: [1][ 440/2487]	Time  0.428 ( 0.996)	Data  0.000 ( 0.245)	Loss 2.8663e+00 (3.1280e+00)	Acc@1  39.06 ( 32.73)	Acc@5  63.28 ( 58.63)
Epoch: [1][ 460/2487]	Time  0.419 ( 0.997)	Data  0.000 ( 0.235)	Loss 3.1481e+00 (3.1228e+00)	Acc@1  33.98 ( 32.80)	Acc@5  59.38 ( 58.72)
Epoch: [1][ 480/2487]	Time  1.962 ( 0.999)	Data  0.000 ( 0.226)	Loss 3.2092e+00 (3.1177e+00)	Acc@1  34.38 ( 32.89)	Acc@5  56.64 ( 58.81)
Epoch: [1][ 500/2487]	Time  0.429 ( 0.997)	Data  0.000 ( 0.217)	Loss 2.9250e+00 (3.1132e+00)	Acc@1  33.59 ( 32.97)	Acc@5  62.50 ( 58.89)
Epoch: [1][ 520/2487]	Time  0.440 ( 0.998)	Data  0.000 ( 0.210)	Loss 2.9793e+00 (3.1073e+00)	Acc@1  33.20 ( 33.02)	Acc@5  61.33 ( 58.99)
Epoch: [1][ 540/2487]	Time  1.956 ( 0.997)	Data  0.000 ( 0.204)	Loss 3.1394e+00 (3.1048e+00)	Acc@1  32.03 ( 33.02)	Acc@5  60.16 ( 59.02)
Epoch: [1][ 560/2487]	Time  0.430 ( 0.993)	Data  0.000 ( 0.200)	Loss 3.0442e+00 (3.1003e+00)	Acc@1  37.50 ( 33.09)	Acc@5  59.38 ( 59.13)
Epoch: [1][ 580/2487]	Time  0.429 ( 0.995)	Data  0.000 ( 0.196)	Loss 2.9584e+00 (3.0982e+00)	Acc@1  32.42 ( 33.11)	Acc@5  60.55 ( 59.16)
Epoch: [1][ 600/2487]	Time  2.022 ( 0.995)	Data  0.000 ( 0.190)	Loss 2.9290e+00 (3.0961e+00)	Acc@1  37.11 ( 33.15)	Acc@5  65.23 ( 59.20)
Epoch: [1][ 620/2487]	Time  0.425 ( 0.994)	Data  0.000 ( 0.184)	Loss 2.9745e+00 (3.0930e+00)	Acc@1  33.20 ( 33.20)	Acc@5  64.06 ( 59.27)
Epoch: [1][ 640/2487]	Time  0.426 ( 0.995)	Data  0.000 ( 0.179)	Loss 2.9256e+00 (3.0900e+00)	Acc@1  33.98 ( 33.25)	Acc@5  59.38 ( 59.29)
Epoch: [1][ 660/2487]	Time  2.007 ( 0.995)	Data  0.000 ( 0.174)	Loss 2.8491e+00 (3.0853e+00)	Acc@1  41.41 ( 33.34)	Acc@5  62.89 ( 59.35)
Epoch: [1][ 680/2487]	Time  0.429 ( 0.994)	Data  0.000 ( 0.169)	Loss 3.1363e+00 (3.0836e+00)	Acc@1  33.20 ( 33.36)	Acc@5  58.98 ( 59.37)
Epoch: [1][ 700/2487]	Time  0.432 ( 0.995)	Data  0.000 ( 0.165)	Loss 2.9618e+00 (3.0816e+00)	Acc@1  32.81 ( 33.39)	Acc@5  63.28 ( 59.42)
Epoch: [1][ 720/2487]	Time  1.952 ( 0.996)	Data  0.000 ( 0.160)	Loss 3.0929e+00 (3.0785e+00)	Acc@1  29.69 ( 33.44)	Acc@5  58.20 ( 59.48)
Epoch: [1][ 740/2487]	Time  0.438 ( 0.994)	Data  0.000 ( 0.158)	Loss 2.6930e+00 (3.0754e+00)	Acc@1  39.06 ( 33.48)	Acc@5  66.02 ( 59.53)
Epoch: [1][ 760/2487]	Time  0.422 ( 0.995)	Data  0.000 ( 0.154)	Loss 2.6458e+00 (3.0719e+00)	Acc@1  38.28 ( 33.55)	Acc@5  68.36 ( 59.57)
Epoch: [1][ 780/2487]	Time  2.157 ( 0.995)	Data  0.000 ( 0.151)	Loss 2.7649e+00 (3.0695e+00)	Acc@1  39.06 ( 33.58)	Acc@5  64.06 ( 59.61)
Epoch: [1][ 800/2487]	Time  0.441 ( 0.994)	Data  0.000 ( 0.147)	Loss 3.0233e+00 (3.0660e+00)	Acc@1  34.77 ( 33.67)	Acc@5  59.38 ( 59.66)
Epoch: [1][ 820/2487]	Time  0.479 ( 0.995)	Data  0.000 ( 0.144)	Loss 2.8099e+00 (3.0622e+00)	Acc@1  37.11 ( 33.72)	Acc@5  64.84 ( 59.73)
Epoch: [1][ 840/2487]	Time  2.141 ( 0.995)	Data  0.000 ( 0.141)	Loss 2.9081e+00 (3.0587e+00)	Acc@1  32.42 ( 33.78)	Acc@5  61.72 ( 59.81)
Epoch: [1][ 860/2487]	Time  0.443 ( 0.994)	Data  0.000 ( 0.138)	Loss 2.9983e+00 (3.0552e+00)	Acc@1  33.20 ( 33.85)	Acc@5  60.16 ( 59.89)
Epoch: [1][ 880/2487]	Time  0.437 ( 0.994)	Data  0.103 ( 0.135)	Loss 2.7640e+00 (3.0514e+00)	Acc@1  38.28 ( 33.91)	Acc@5  62.89 ( 59.94)
Epoch: [1][ 900/2487]	Time  1.948 ( 0.994)	Data  0.000 ( 0.133)	Loss 3.0221e+00 (3.0478e+00)	Acc@1  34.38 ( 33.97)	Acc@5  61.72 ( 60.00)
Epoch: [1][ 920/2487]	Time  0.445 ( 0.992)	Data  0.000 ( 0.131)	Loss 3.0586e+00 (3.0452e+00)	Acc@1  30.08 ( 34.00)	Acc@5  58.20 ( 60.04)
Epoch: [1][ 940/2487]	Time  0.429 ( 0.993)	Data  0.000 ( 0.129)	Loss 2.8681e+00 (3.0419e+00)	Acc@1  38.28 ( 34.07)	Acc@5  64.84 ( 60.10)
Epoch: [1][ 960/2487]	Time  1.794 ( 0.992)	Data  0.000 ( 0.127)	Loss 2.9625e+00 (3.0378e+00)	Acc@1  35.94 ( 34.14)	Acc@5  60.94 ( 60.18)
Epoch: [1][ 980/2487]	Time  0.432 ( 0.991)	Data  0.000 ( 0.125)	Loss 2.8462e+00 (3.0345e+00)	Acc@1  33.59 ( 34.18)	Acc@5  62.89 ( 60.25)
Epoch: [1][1000/2487]	Time  0.436 ( 0.991)	Data  0.115 ( 0.124)	Loss 2.8744e+00 (3.0312e+00)	Acc@1  34.38 ( 34.23)	Acc@5  65.62 ( 60.32)
Epoch: [1][1020/2487]	Time  1.583 ( 0.990)	Data  0.000 ( 0.123)	Loss 2.8240e+00 (3.0269e+00)	Acc@1  37.11 ( 34.30)	Acc@5  65.62 ( 60.41)
Epoch: [1][1040/2487]	Time  0.426 ( 0.990)	Data  0.000 ( 0.122)	Loss 2.8910e+00 (3.0224e+00)	Acc@1  42.19 ( 34.39)	Acc@5  63.67 ( 60.49)
Epoch: [1][1060/2487]	Time  0.426 ( 0.990)	Data  0.173 ( 0.121)	Loss 2.7620e+00 (3.0190e+00)	Acc@1  34.77 ( 34.45)	Acc@5  65.23 ( 60.55)
Epoch: [1][1080/2487]	Time  2.513 ( 0.991)	Data  0.000 ( 0.120)	Loss 2.9568e+00 (3.0160e+00)	Acc@1  34.77 ( 34.50)	Acc@5  62.50 ( 60.59)
Epoch: [1][1100/2487]	Time  0.420 ( 0.989)	Data  0.000 ( 0.118)	Loss 3.0926e+00 (3.0127e+00)	Acc@1  37.50 ( 34.57)	Acc@5  61.33 ( 60.65)
Epoch: [1][1120/2487]	Time  0.429 ( 0.990)	Data  0.131 ( 0.117)	Loss 2.9241e+00 (3.0098e+00)	Acc@1  35.16 ( 34.64)	Acc@5  61.72 ( 60.71)
Epoch: [1][1140/2487]	Time  1.773 ( 0.991)	Data  0.000 ( 0.115)	Loss 2.7863e+00 (3.0075e+00)	Acc@1  36.33 ( 34.65)	Acc@5  67.19 ( 60.75)
Epoch: [1][1160/2487]	Time  0.426 ( 0.990)	Data  0.000 ( 0.114)	Loss 3.0136e+00 (3.0044e+00)	Acc@1  37.89 ( 34.73)	Acc@5  64.45 ( 60.81)
Epoch: [1][1180/2487]	Time  0.427 ( 0.991)	Data  0.000 ( 0.112)	Loss 2.9630e+00 (3.0022e+00)	Acc@1  37.50 ( 34.77)	Acc@5  58.20 ( 60.84)
Epoch: [1][1200/2487]	Time  1.532 ( 0.991)	Data  0.000 ( 0.110)	Loss 2.9032e+00 (2.9995e+00)	Acc@1  37.89 ( 34.82)	Acc@5  64.06 ( 60.90)
Epoch: [1][1220/2487]	Time  1.125 ( 0.989)	Data  0.000 ( 0.109)	Loss 2.7725e+00 (2.9959e+00)	Acc@1  40.62 ( 34.90)	Acc@5  66.41 ( 60.97)
Epoch: [1][1240/2487]	Time  0.425 ( 0.989)	Data  0.000 ( 0.107)	Loss 2.8065e+00 (2.9935e+00)	Acc@1  39.45 ( 34.94)	Acc@5  65.23 ( 61.01)
Epoch: [1][1260/2487]	Time  0.427 ( 0.989)	Data  0.000 ( 0.106)	Loss 2.7555e+00 (2.9905e+00)	Acc@1  41.02 ( 34.98)	Acc@5  62.89 ( 61.07)
Epoch: [1][1280/2487]	Time  1.391 ( 0.989)	Data  0.000 ( 0.104)	Loss 2.9713e+00 (2.9883e+00)	Acc@1  35.16 ( 35.03)	Acc@5  63.67 ( 61.11)
Epoch: [1][1300/2487]	Time  0.428 ( 0.989)	Data  0.000 ( 0.103)	Loss 2.7814e+00 (2.9855e+00)	Acc@1  37.89 ( 35.08)	Acc@5  67.58 ( 61.16)
Epoch: [1][1320/2487]	Time  0.693 ( 0.989)	Data  0.000 ( 0.102)	Loss 2.6598e+00 (2.9822e+00)	Acc@1  40.23 ( 35.13)	Acc@5  65.23 ( 61.22)
Epoch: [1][1340/2487]	Time  2.097 ( 0.989)	Data  0.000 ( 0.100)	Loss 2.7915e+00 (2.9789e+00)	Acc@1  39.06 ( 35.19)	Acc@5  66.41 ( 61.27)
Epoch: [1][1360/2487]	Time  0.432 ( 0.988)	Data  0.000 ( 0.099)	Loss 2.5459e+00 (2.9756e+00)	Acc@1  46.09 ( 35.25)	Acc@5  70.70 ( 61.32)
Epoch: [1][1380/2487]	Time  0.432 ( 0.989)	Data  0.000 ( 0.098)	Loss 2.8669e+00 (2.9724e+00)	Acc@1  35.55 ( 35.32)	Acc@5  62.50 ( 61.38)
Epoch: [1][1400/2487]	Time  2.015 ( 0.989)	Data  0.000 ( 0.097)	Loss 2.8332e+00 (2.9697e+00)	Acc@1  35.55 ( 35.36)	Acc@5  63.67 ( 61.42)
Epoch: [1][1420/2487]	Time  0.455 ( 0.988)	Data  0.000 ( 0.096)	Loss 2.7120e+00 (2.9665e+00)	Acc@1  40.62 ( 35.43)	Acc@5  66.41 ( 61.49)
Epoch: [1][1440/2487]	Time  1.977 ( 0.989)	Data  0.000 ( 0.094)	Loss 2.8836e+00 (2.9638e+00)	Acc@1  36.33 ( 35.48)	Acc@5  62.89 ( 61.54)
Epoch: [1][1460/2487]	Time  0.435 ( 0.988)	Data  0.000 ( 0.093)	Loss 2.9544e+00 (2.9614e+00)	Acc@1  32.81 ( 35.52)	Acc@5  62.50 ( 61.59)
Epoch: [1][1480/2487]	Time  0.426 ( 0.988)	Data  0.000 ( 0.092)	Loss 2.7755e+00 (2.9581e+00)	Acc@1  41.80 ( 35.58)	Acc@5  64.06 ( 61.64)
Epoch: [1][1500/2487]	Time  2.098 ( 0.989)	Data  0.000 ( 0.091)	Loss 2.5936e+00 (2.9556e+00)	Acc@1  40.23 ( 35.63)	Acc@5  65.23 ( 61.69)
Epoch: [1][1520/2487]	Time  0.442 ( 0.988)	Data  0.000 ( 0.090)	Loss 2.7750e+00 (2.9531e+00)	Acc@1  39.45 ( 35.67)	Acc@5  64.84 ( 61.74)
Epoch: [1][1540/2487]	Time  0.428 ( 0.989)	Data  0.000 ( 0.089)	Loss 2.7635e+00 (2.9501e+00)	Acc@1  39.84 ( 35.72)	Acc@5  64.06 ( 61.78)
Epoch: [1][1560/2487]	Time  2.474 ( 0.989)	Data  0.000 ( 0.088)	Loss 2.9834e+00 (2.9469e+00)	Acc@1  36.72 ( 35.79)	Acc@5  59.77 ( 61.85)
Epoch: [1][1580/2487]	Time  0.397 ( 0.988)	Data  0.000 ( 0.087)	Loss 2.6618e+00 (2.9447e+00)	Acc@1  40.23 ( 35.83)	Acc@5  65.23 ( 61.89)
Epoch: [1][1600/2487]	Time  0.435 ( 0.989)	Data  0.000 ( 0.087)	Loss 2.6856e+00 (2.9429e+00)	Acc@1  43.36 ( 35.86)	Acc@5  66.02 ( 61.91)
Epoch: [1][1620/2487]	Time  1.943 ( 0.989)	Data  0.000 ( 0.086)	Loss 2.7198e+00 (2.9397e+00)	Acc@1  42.58 ( 35.91)	Acc@5  68.75 ( 61.98)
Epoch: [1][1640/2487]	Time  0.427 ( 0.989)	Data  0.000 ( 0.085)	Loss 2.7619e+00 (2.9371e+00)	Acc@1  37.50 ( 35.95)	Acc@5  67.58 ( 62.02)
Epoch: [1][1660/2487]	Time  0.447 ( 0.989)	Data  0.000 ( 0.084)	Loss 2.7399e+00 (2.9344e+00)	Acc@1  40.62 ( 35.99)	Acc@5  62.11 ( 62.07)
Epoch: [1][1680/2487]	Time  2.047 ( 0.989)	Data  0.000 ( 0.083)	Loss 2.6479e+00 (2.9321e+00)	Acc@1  41.80 ( 36.03)	Acc@5  67.58 ( 62.10)
Epoch: [1][1700/2487]	Time  0.427 ( 0.989)	Data  0.000 ( 0.082)	Loss 2.6580e+00 (2.9291e+00)	Acc@1  45.31 ( 36.08)	Acc@5  66.80 ( 62.16)
Epoch: [1][1720/2487]	Time  0.433 ( 0.989)	Data  0.000 ( 0.081)	Loss 2.7609e+00 (2.9267e+00)	Acc@1  41.41 ( 36.12)	Acc@5  64.06 ( 62.20)
Epoch: [1][1740/2487]	Time  1.874 ( 0.989)	Data  0.000 ( 0.081)	Loss 2.5734e+00 (2.9243e+00)	Acc@1  44.53 ( 36.16)	Acc@5  68.75 ( 62.23)
Epoch: [1][1760/2487]	Time  0.442 ( 0.989)	Data  0.000 ( 0.080)	Loss 2.4285e+00 (2.9213e+00)	Acc@1  41.80 ( 36.20)	Acc@5  74.61 ( 62.29)
Epoch: [1][1780/2487]	Time  0.445 ( 0.989)	Data  0.000 ( 0.079)	Loss 2.7551e+00 (2.9185e+00)	Acc@1  39.45 ( 36.25)	Acc@5  66.02 ( 62.34)
Epoch: [1][1800/2487]	Time  2.008 ( 0.989)	Data  0.000 ( 0.079)	Loss 2.7233e+00 (2.9162e+00)	Acc@1  40.23 ( 36.29)	Acc@5  67.58 ( 62.38)
Epoch: [1][1820/2487]	Time  0.428 ( 0.989)	Data  0.000 ( 0.078)	Loss 2.8501e+00 (2.9134e+00)	Acc@1  37.89 ( 36.34)	Acc@5  61.72 ( 62.43)
Epoch: [1][1840/2487]	Time  0.429 ( 0.989)	Data  0.000 ( 0.077)	Loss 2.5019e+00 (2.9107e+00)	Acc@1  41.80 ( 36.38)	Acc@5  69.53 ( 62.48)
Epoch: [1][1860/2487]	Time  2.238 ( 0.990)	Data  0.000 ( 0.076)	Loss 2.8494e+00 (2.9083e+00)	Acc@1  35.94 ( 36.42)	Acc@5  62.89 ( 62.52)
Epoch: [1][1880/2487]	Time  0.443 ( 0.989)	Data  0.000 ( 0.076)	Loss 2.5814e+00 (2.9058e+00)	Acc@1  44.14 ( 36.46)	Acc@5  68.36 ( 62.57)
Epoch: [1][1900/2487]	Time  0.428 ( 0.990)	Data  0.000 ( 0.075)	Loss 2.6791e+00 (2.9029e+00)	Acc@1  39.84 ( 36.50)	Acc@5  70.31 ( 62.62)
Epoch: [1][1920/2487]	Time  2.244 ( 0.990)	Data  0.000 ( 0.075)	Loss 2.6463e+00 (2.9001e+00)	Acc@1  41.02 ( 36.55)	Acc@5  67.58 ( 62.67)
Epoch: [1][1940/2487]	Time  0.428 ( 0.989)	Data  0.000 ( 0.074)	Loss 2.6110e+00 (2.8977e+00)	Acc@1  39.45 ( 36.60)	Acc@5  66.41 ( 62.72)
Epoch: [1][1960/2487]	Time  0.467 ( 0.990)	Data  0.000 ( 0.073)	Loss 2.4883e+00 (2.8950e+00)	Acc@1  43.75 ( 36.64)	Acc@5  70.70 ( 62.77)
Epoch: [1][1980/2487]	Time  2.421 ( 0.990)	Data  0.000 ( 0.073)	Loss 2.6498e+00 (2.8924e+00)	Acc@1  40.23 ( 36.69)	Acc@5  65.23 ( 62.82)
Epoch: [1][2000/2487]	Time  0.432 ( 0.990)	Data  0.000 ( 0.072)	Loss 2.5480e+00 (2.8898e+00)	Acc@1  43.36 ( 36.74)	Acc@5  67.19 ( 62.86)
Epoch: [1][2020/2487]	Time  0.428 ( 0.990)	Data  0.000 ( 0.072)	Loss 2.8803e+00 (2.8875e+00)	Acc@1  39.84 ( 36.78)	Acc@5  64.06 ( 62.90)
Epoch: [1][2040/2487]	Time  2.088 ( 0.990)	Data  0.000 ( 0.071)	Loss 2.6460e+00 (2.8849e+00)	Acc@1  44.14 ( 36.82)	Acc@5  67.97 ( 62.95)
Epoch: [1][2060/2487]	Time  0.427 ( 0.990)	Data  0.000 ( 0.070)	Loss 2.4526e+00 (2.8824e+00)	Acc@1  48.05 ( 36.87)	Acc@5  68.75 ( 63.00)
Epoch: [1][2080/2487]	Time  0.433 ( 0.990)	Data  0.000 ( 0.070)	Loss 2.6861e+00 (2.8800e+00)	Acc@1  44.53 ( 36.92)	Acc@5  66.80 ( 63.04)
Epoch: [1][2100/2487]	Time  2.221 ( 0.991)	Data  0.000 ( 0.069)	Loss 2.4135e+00 (2.8772e+00)	Acc@1  46.09 ( 36.97)	Acc@5  68.36 ( 63.09)
Epoch: [1][2120/2487]	Time  0.426 ( 0.990)	Data  0.000 ( 0.069)	Loss 2.7080e+00 (2.8747e+00)	Acc@1  36.72 ( 37.02)	Acc@5  68.75 ( 63.14)
Epoch: [1][2140/2487]	Time  0.418 ( 0.990)	Data  0.084 ( 0.069)	Loss 2.6750e+00 (2.8724e+00)	Acc@1  39.06 ( 37.06)	Acc@5  65.62 ( 63.18)
Epoch: [1][2160/2487]	Time  2.064 ( 0.991)	Data  0.000 ( 0.069)	Loss 2.7453e+00 (2.8697e+00)	Acc@1  37.89 ( 37.11)	Acc@5  66.80 ( 63.22)
Epoch: [1][2180/2487]	Time  0.442 ( 0.990)	Data  0.000 ( 0.068)	Loss 2.7708e+00 (2.8679e+00)	Acc@1  39.45 ( 37.14)	Acc@5  66.41 ( 63.26)
Epoch: [1][2200/2487]	Time  0.449 ( 0.990)	Data  0.105 ( 0.068)	Loss 2.4137e+00 (2.8654e+00)	Acc@1  42.97 ( 37.18)	Acc@5  70.70 ( 63.30)
Epoch: [1][2220/2487]	Time  2.082 ( 0.990)	Data  0.000 ( 0.068)	Loss 2.9184e+00 (2.8633e+00)	Acc@1  36.72 ( 37.21)	Acc@5  62.11 ( 63.34)
Epoch: [1][2240/2487]	Time  0.426 ( 0.990)	Data  0.000 ( 0.067)	Loss 2.7052e+00 (2.8609e+00)	Acc@1  40.62 ( 37.24)	Acc@5  62.50 ( 63.37)
Epoch: [1][2260/2487]	Time  0.457 ( 0.990)	Data  0.102 ( 0.067)	Loss 2.5484e+00 (2.8586e+00)	Acc@1  40.23 ( 37.28)	Acc@5  68.75 ( 63.41)
Epoch: [1][2280/2487]	Time  1.933 ( 0.991)	Data  0.000 ( 0.067)	Loss 2.5981e+00 (2.8559e+00)	Acc@1  41.02 ( 37.32)	Acc@5  67.97 ( 63.46)
Epoch: [1][2300/2487]	Time  0.429 ( 0.990)	Data  0.000 ( 0.066)	Loss 2.7234e+00 (2.8532e+00)	Acc@1  39.45 ( 37.37)	Acc@5  64.06 ( 63.51)
Epoch: [1][2320/2487]	Time  0.472 ( 0.991)	Data  0.000 ( 0.066)	Loss 2.5515e+00 (2.8510e+00)	Acc@1  46.09 ( 37.42)	Acc@5  69.53 ( 63.55)
Epoch: [1][2340/2487]	Time  2.062 ( 0.991)	Data  0.000 ( 0.065)	Loss 2.7729e+00 (2.8482e+00)	Acc@1  37.89 ( 37.46)	Acc@5  65.23 ( 63.59)
Epoch: [1][2360/2487]	Time  0.441 ( 0.990)	Data  0.000 ( 0.065)	Loss 2.6257e+00 (2.8460e+00)	Acc@1  40.23 ( 37.50)	Acc@5  69.53 ( 63.63)
Epoch: [1][2380/2487]	Time  0.428 ( 0.990)	Data  0.000 ( 0.065)	Loss 2.6231e+00 (2.8436e+00)	Acc@1  44.14 ( 37.54)	Acc@5  67.19 ( 63.67)
Epoch: [1][2400/2487]	Time  2.090 ( 0.991)	Data  0.000 ( 0.064)	Loss 2.4711e+00 (2.8414e+00)	Acc@1  44.14 ( 37.58)	Acc@5  70.70 ( 63.71)
Epoch: [1][2420/2487]	Time  0.442 ( 0.991)	Data  0.000 ( 0.064)	Loss 2.6859e+00 (2.8390e+00)	Acc@1  42.58 ( 37.63)	Acc@5  64.84 ( 63.75)
Epoch: [1][2440/2487]	Time  0.457 ( 0.991)	Data  0.000 ( 0.063)	Loss 2.5784e+00 (2.8370e+00)	Acc@1  41.41 ( 37.67)	Acc@5  67.19 ( 63.79)
Epoch: [1][2460/2487]	Time  2.157 ( 0.991)	Data  0.000 ( 0.063)	Loss 2.5195e+00 (2.8347e+00)	Acc@1  39.45 ( 37.71)	Acc@5  69.14 ( 63.83)
Epoch: [1][2480/2487]	Time  0.428 ( 0.991)	Data  0.023 ( 0.063)	Loss 2.7314e+00 (2.8324e+00)	Acc@1  38.28 ( 37.75)	Acc@5  65.62 ( 63.87)
Test: [  0/195]	Time 11.898 (11.898)	Loss 2.3072e+00 (2.3072e+00)	Acc@1  46.09 ( 46.09)	Acc@5  73.05 ( 73.05)
Test: [ 20/195]	Time  0.152 ( 1.322)	Loss 2.8976e+00 (2.4693e+00)	Acc@1  41.02 ( 43.71)	Acc@5  60.94 ( 69.77)
Test: [ 40/195]	Time  0.961 ( 1.115)	Loss 3.1448e+00 (2.6495e+00)	Acc@1  25.39 ( 39.64)	Acc@5  57.81 ( 66.72)
Test: [ 60/195]	Time  0.867 ( 1.038)	Loss 2.9661e+00 (2.6400e+00)	Acc@1  32.81 ( 38.72)	Acc@5  60.55 ( 67.32)
Test: [ 80/195]	Time  0.128 ( 1.010)	Loss 3.8225e+00 (2.6346e+00)	Acc@1  22.27 ( 38.95)	Acc@5  46.48 ( 67.52)
Test: [100/195]	Time  2.031 ( 0.989)	Loss 3.6544e+00 (2.7604e+00)	Acc@1  28.12 ( 37.53)	Acc@5  54.69 ( 65.56)
Test: [120/195]	Time  0.862 ( 0.964)	Loss 3.4345e+00 (2.8261e+00)	Acc@1  26.56 ( 37.02)	Acc@5  55.47 ( 64.39)
Test: [140/195]	Time  0.142 ( 0.946)	Loss 3.0794e+00 (2.8819e+00)	Acc@1  33.59 ( 36.38)	Acc@5  61.33 ( 63.39)
Test: [160/195]	Time  1.850 ( 0.941)	Loss 3.5376e+00 (2.9332e+00)	Acc@1  23.05 ( 35.88)	Acc@5  52.73 ( 62.48)
Test: [180/195]	Time  0.982 ( 0.924)	Loss 3.3523e+00 (2.9699e+00)	Acc@1  30.86 ( 35.30)	Acc@5  55.47 ( 61.81)
 *   Acc@1 35.771 Acc@5 62.279
Test: [  0/195]	Time 11.901 (11.901)	Loss 2.3072e+00 (2.3072e+00)	Acc@1  46.09 ( 46.09)	Acc@5  73.05 ( 73.05)
Test: [ 20/195]	Time  0.128 ( 1.332)	Loss 2.8976e+00 (2.4693e+00)	Acc@1  41.02 ( 43.71)	Acc@5  60.94 ( 69.77)
Test: [ 40/195]	Time  0.980 ( 1.115)	Loss 3.1448e+00 (2.6495e+00)	Acc@1  25.39 ( 39.64)	Acc@5  57.81 ( 66.72)
Test: [ 60/195]	Time  0.855 ( 1.037)	Loss 2.9661e+00 (2.6400e+00)	Acc@1  32.81 ( 38.72)	Acc@5  60.55 ( 67.32)
Test: [ 80/195]	Time  0.128 ( 1.010)	Loss 3.8225e+00 (2.6346e+00)	Acc@1  22.27 ( 38.95)	Acc@5  46.48 ( 67.52)
Test: [100/195]	Time  2.095 ( 0.989)	Loss 3.6544e+00 (2.7604e+00)	Acc@1  28.12 ( 37.53)	Acc@5  54.69 ( 65.56)
Test: [120/195]	Time  0.810 ( 0.964)	Loss 3.4345e+00 (2.8261e+00)	Acc@1  26.56 ( 37.02)	Acc@5  55.47 ( 64.39)
Test: [140/195]	Time  0.131 ( 0.946)	Loss 3.0794e+00 (2.8819e+00)	Acc@1  33.59 ( 36.38)	Acc@5  61.33 ( 63.39)
Test: [160/195]	Time  1.911 ( 0.941)	Loss 3.5376e+00 (2.9332e+00)	Acc@1  23.05 ( 35.88)	Acc@5  52.73 ( 62.48)
Test: [180/195]	Time  1.062 ( 0.924)	Loss 3.3523e+00 (2.9699e+00)	Acc@1  30.86 ( 35.30)	Acc@5  55.47 ( 61.81)
 *   Acc@1 35.771 Acc@5 62.279
