Namespace(arch='alexnet', batch_size=256, center_crop=False, checkmodel_logsave=False, data='Office31', data_processing='ours', epochs=30, iters_per_epoch=500, local=True, local_pretrained_path='/home/junzhin/Project/Summer_project/code/version1.0/old_model_results/ALEX_office31masked2Random_newmodel_best.pth.tar', log='/home/junzhin/Project/Summer_project/code/version2.0/training_results/baseline_old/ALEX_office31masked2Random/W_D', lr=0.001, lr_decay=0.75, lr_gamma=0.0003, momentum=0.9, per_class_eval=False, phase='train', pretrained=True, print_freq=100, root='/home/junzhin/Project/Summer_project/code/version2.0/data/office31', seed=None, source='W', target='D', wd=0.0005, workers=4)
=> using pre-trained model 'alexnet'
Loading the local alexnet pretrained model weights!
Epoch: [0][  0/500]	Time 1.944 (1.944)	Data 0.092 (0.092)	Loss 3.43 (3.43)	Cls Acc 4.3 (4.3)
Epoch: [0][100/500]	Time 0.173 (0.939)	Data 0.141 (0.889)	Loss 3.43 (3.43)	Cls Acc 6.6 (5.0)
Epoch: [0][200/500]	Time 0.172 (0.926)	Data 0.140 (0.886)	Loss 3.42 (3.43)	Cls Acc 7.4 (5.0)
Epoch: [0][300/500]	Time 2.450 (0.933)	Data 2.417 (0.895)	Loss 3.42 (3.43)	Cls Acc 5.1 (5.0)
Epoch: [0][400/500]	Time 0.171 (0.929)	Data 0.140 (0.892)	Loss 3.42 (3.42)	Cls Acc 4.3 (5.0)
Test: [0/2]	Time  6.026 ( 6.026)	Loss 3.4040e+00 (3.4040e+00)	Acc@1   3.91 (  3.91)	Acc@5  36.33 ( 36.33)
 * Acc@1 2.008 Acc@5 22.088
acc1 = 2.0, best_acc1 = 2.0
Epoch: [1][  0/500]	Time 0.122 (0.122)	Data 0.091 (0.091)	Loss 3.42 (3.42)	Cls Acc 4.7 (4.7)
Epoch: [1][100/500]	Time 2.446 (0.932)	Data 2.414 (0.901)	Loss 3.40 (3.41)	Cls Acc 5.1 (5.0)
Epoch: [1][200/500]	Time 0.173 (0.921)	Data 0.141 (0.889)	Loss 3.40 (3.41)	Cls Acc 4.7 (5.0)
Epoch: [1][300/500]	Time 0.171 (0.920)	Data 0.139 (0.888)	Loss 3.40 (3.41)	Cls Acc 4.3 (5.0)
Epoch: [1][400/500]	Time 2.359 (0.924)	Data 2.326 (0.892)	Loss 3.40 (3.41)	Cls Acc 3.9 (5.0)
Test: [0/2]	Time  6.001 ( 6.001)	Loss 3.3862e+00 (3.3862e+00)	Acc@1   3.91 (  3.91)	Acc@5  21.88 ( 21.88)
 * Acc@1 2.008 Acc@5 18.675
acc1 = 2.0, best_acc1 = 2.0
Epoch: [2][  0/500]	Time 0.126 (0.126)	Data 0.094 (0.094)	Loss 3.38 (3.38)	Cls Acc 7.8 (7.8)
Epoch: [2][100/500]	Time 0.172 (0.913)	Data 0.141 (0.881)	Loss 3.38 (3.39)	Cls Acc 6.6 (5.0)
Epoch: [2][200/500]	Time 2.420 (0.921)	Data 2.387 (0.889)	Loss 3.37 (3.39)	Cls Acc 6.2 (5.1)
Epoch: [2][300/500]	Time 0.172 (0.919)	Data 0.141 (0.887)	Loss 3.37 (3.39)	Cls Acc 6.6 (5.0)
Epoch: [2][400/500]	Time 0.172 (0.918)	Data 0.141 (0.886)	Loss 3.40 (3.39)	Cls Acc 3.1 (5.0)
Test: [0/2]	Time  6.012 ( 6.012)	Loss 3.3698e+00 (3.3698e+00)	Acc@1   8.59 (  8.59)	Acc@5  19.92 ( 19.92)
 * Acc@1 4.418 Acc@5 17.671
acc1 = 4.4, best_acc1 = 4.4
Epoch: [3][  0/500]	Time 2.426 (2.426)	Data 2.391 (2.391)	Loss 3.37 (3.37)	Cls Acc 6.6 (6.6)
Epoch: [3][100/500]	Time 0.172 (0.933)	Data 0.141 (0.901)	Loss 3.37 (3.38)	Cls Acc 7.8 (6.1)
Epoch: [3][200/500]	Time 0.172 (0.920)	Data 0.141 (0.888)	Loss 3.37 (3.38)	Cls Acc 7.4 (6.4)
Epoch: [3][300/500]	Time 2.451 (0.926)	Data 2.418 (0.894)	Loss 3.39 (3.38)	Cls Acc 6.6 (6.7)
Epoch: [3][400/500]	Time 0.171 (0.923)	Data 0.140 (0.891)	Loss 3.35 (3.38)	Cls Acc 8.6 (6.8)
Test: [0/2]	Time  6.004 ( 6.004)	Loss 3.3579e+00 (3.3579e+00)	Acc@1   8.59 (  8.59)	Acc@5  21.88 ( 21.88)
 * Acc@1 4.418 Acc@5 18.675
acc1 = 4.4, best_acc1 = 4.4
Epoch: [4][  0/500]	Time 0.125 (0.125)	Data 0.092 (0.092)	Loss 3.34 (3.34)	Cls Acc 9.4 (9.4)
Epoch: [4][100/500]	Time 2.433 (0.931)	Data 2.400 (0.900)	Loss 3.36 (3.37)	Cls Acc 9.0 (7.0)
Epoch: [4][200/500]	Time 0.172 (0.919)	Data 0.140 (0.887)	Loss 3.36 (3.37)	Cls Acc 7.0 (6.7)
Epoch: [4][300/500]	Time 0.172 (0.917)	Data 0.141 (0.885)	Loss 3.38 (3.37)	Cls Acc 5.5 (6.6)
Epoch: [4][400/500]	Time 2.389 (0.922)	Data 2.356 (0.890)	Loss 3.36 (3.37)	Cls Acc 4.7 (6.5)
Test: [0/2]	Time  6.011 ( 6.011)	Loss 3.3461e+00 (3.3461e+00)	Acc@1   8.59 (  8.59)	Acc@5  21.48 ( 21.48)
 * Acc@1 4.418 Acc@5 18.474
acc1 = 4.4, best_acc1 = 4.4
Epoch: [5][  0/500]	Time 0.124 (0.124)	Data 0.091 (0.091)	Loss 3.37 (3.37)	Cls Acc 5.9 (5.9)
Epoch: [5][100/500]	Time 0.172 (0.912)	Data 0.141 (0.881)	Loss 3.36 (3.35)	Cls Acc 6.2 (6.4)
Epoch: [5][200/500]	Time 2.463 (0.921)	Data 2.430 (0.889)	Loss 3.34 (3.35)	Cls Acc 7.4 (6.5)
Epoch: [5][300/500]	Time 0.173 (0.919)	Data 0.141 (0.888)	Loss 3.34 (3.35)	Cls Acc 6.6 (6.5)
Epoch: [5][400/500]	Time 0.172 (0.918)	Data 0.141 (0.887)	Loss 3.33 (3.35)	Cls Acc 6.2 (6.5)
Test: [0/2]	Time  6.005 ( 6.005)	Loss 3.3328e+00 (3.3328e+00)	Acc@1   8.59 (  8.59)	Acc@5  20.31 ( 20.31)
 * Acc@1 4.418 Acc@5 17.871
acc1 = 4.4, best_acc1 = 4.4
Epoch: [6][  0/500]	Time 2.444 (2.444)	Data 2.409 (2.409)	Loss 3.33 (3.33)	Cls Acc 7.8 (7.8)
Epoch: [6][100/500]	Time 0.172 (0.933)	Data 0.140 (0.901)	Loss 3.31 (3.32)	Cls Acc 6.6 (6.8)
Epoch: [6][200/500]	Time 0.172 (0.921)	Data 0.141 (0.889)	Loss 3.33 (3.31)	Cls Acc 5.9 (6.8)
Epoch: [6][300/500]	Time 2.477 (0.928)	Data 2.444 (0.896)	Loss 3.27 (3.30)	Cls Acc 8.2 (7.0)
Epoch: [6][400/500]	Time 0.172 (0.925)	Data 0.141 (0.893)	Loss 3.25 (3.29)	Cls Acc 10.5 (7.4)
Test: [0/2]	Time  5.978 ( 5.978)	Loss 3.3831e+00 (3.3831e+00)	Acc@1   7.03 (  7.03)	Acc@5  23.44 ( 23.44)
 * Acc@1 3.614 Acc@5 20.482
acc1 = 3.6, best_acc1 = 4.4
Epoch: [7][  0/500]	Time 0.126 (0.126)	Data 0.092 (0.092)	Loss 3.23 (3.23)	Cls Acc 9.0 (9.0)
Epoch: [7][100/500]	Time 2.462 (0.935)	Data 2.429 (0.904)	Loss 3.13 (3.20)	Cls Acc 10.5 (9.8)
Epoch: [7][200/500]	Time 0.170 (0.923)	Data 0.139 (0.891)	Loss 3.13 (3.18)	Cls Acc 7.4 (9.9)
Epoch: [7][300/500]	Time 0.172 (0.924)	Data 0.141 (0.892)	Loss 3.14 (3.16)	Cls Acc 9.0 (10.1)
Epoch: [7][400/500]	Time 2.402 (0.930)	Data 2.369 (0.898)	Loss 3.04 (3.15)	Cls Acc 10.9 (10.2)
Test: [0/2]	Time  5.977 ( 5.977)	Loss 3.8054e+00 (3.8054e+00)	Acc@1   8.20 (  8.20)	Acc@5  17.97 ( 17.97)
 * Acc@1 4.418 Acc@5 20.080
acc1 = 4.4, best_acc1 = 4.4
Epoch: [8][  0/500]	Time 0.126 (0.126)	Data 0.092 (0.092)	Loss 3.06 (3.06)	Cls Acc 11.7 (11.7)
Epoch: [8][100/500]	Time 0.172 (0.911)	Data 0.141 (0.880)	Loss 3.10 (3.05)	Cls Acc 10.2 (12.6)
Epoch: [8][200/500]	Time 2.431 (0.922)	Data 2.398 (0.891)	Loss 2.98 (3.04)	Cls Acc 14.1 (13.3)
Epoch: [8][300/500]	Time 0.172 (0.918)	Data 0.141 (0.886)	Loss 3.02 (3.03)	Cls Acc 14.5 (13.9)
Epoch: [8][400/500]	Time 0.172 (0.917)	Data 0.141 (0.886)	Loss 2.96 (3.03)	Cls Acc 18.4 (14.4)
Test: [0/2]	Time  5.974 ( 5.974)	Loss 4.1675e+00 (4.1675e+00)	Acc@1   5.86 (  5.86)	Acc@5  19.92 ( 19.92)
 * Acc@1 3.414 Acc@5 18.273
acc1 = 3.4, best_acc1 = 4.4
Epoch: [9][  0/500]	Time 2.414 (2.414)	Data 2.379 (2.379)	Loss 2.94 (2.94)	Cls Acc 21.9 (21.9)
Epoch: [9][100/500]	Time 0.171 (0.933)	Data 0.140 (0.902)	Loss 2.98 (2.97)	Cls Acc 15.6 (17.5)
Epoch: [9][200/500]	Time 0.172 (0.922)	Data 0.141 (0.890)	Loss 2.93 (2.96)	Cls Acc 19.9 (17.9)
Epoch: [9][300/500]	Time 2.363 (0.927)	Data 2.330 (0.895)	Loss 3.00 (2.95)	Cls Acc 16.0 (18.1)
Epoch: [9][400/500]	Time 0.171 (0.922)	Data 0.140 (0.890)	Loss 2.89 (2.94)	Cls Acc 14.8 (18.5)
Test: [0/2]	Time  5.983 ( 5.983)	Loss 4.3169e+00 (4.3169e+00)	Acc@1   7.03 (  7.03)	Acc@5  19.92 ( 19.92)
 * Acc@1 4.618 Acc@5 19.679
acc1 = 4.6, best_acc1 = 4.6
Epoch: [10][  0/500]	Time 0.124 (0.124)	Data 0.091 (0.091)	Loss 2.91 (2.91)	Cls Acc 22.3 (22.3)
Epoch: [10][100/500]	Time 2.424 (0.923)	Data 2.391 (0.891)	Loss 2.79 (2.85)	Cls Acc 25.8 (22.0)
Epoch: [10][200/500]	Time 0.171 (0.920)	Data 0.140 (0.889)	Loss 2.74 (2.83)	Cls Acc 27.3 (22.5)
Epoch: [10][300/500]	Time 0.173 (0.917)	Data 0.142 (0.885)	Loss 2.82 (2.81)	Cls Acc 19.9 (23.1)
Epoch: [10][400/500]	Time 2.457 (0.920)	Data 2.424 (0.889)	Loss 2.76 (2.78)	Cls Acc 24.2 (23.8)
Test: [0/2]	Time  6.002 ( 6.002)	Loss 4.4377e+00 (4.4377e+00)	Acc@1   7.42 (  7.42)	Acc@5  22.27 ( 22.27)
 * Acc@1 5.823 Acc@5 23.695
acc1 = 5.8, best_acc1 = 5.8
Epoch: [11][  0/500]	Time 0.123 (0.123)	Data 0.092 (0.092)	Loss 2.64 (2.64)	Cls Acc 25.8 (25.8)
Epoch: [11][100/500]	Time 0.172 (0.900)	Data 0.141 (0.868)	Loss 2.50 (2.59)	Cls Acc 31.2 (28.6)
Epoch: [11][200/500]	Time 2.432 (0.921)	Data 2.399 (0.889)	Loss 2.44 (2.55)	Cls Acc 28.9 (29.1)
Epoch: [11][300/500]	Time 0.173 (0.919)	Data 0.142 (0.887)	Loss 2.31 (2.52)	Cls Acc 32.8 (29.7)
Epoch: [11][400/500]	Time 0.172 (0.917)	Data 0.141 (0.885)	Loss 2.41 (2.48)	Cls Acc 29.7 (30.3)
Test: [0/2]	Time  6.005 ( 6.005)	Loss 4.5812e+00 (4.5812e+00)	Acc@1   8.98 (  8.98)	Acc@5  25.78 ( 25.78)
 * Acc@1 8.434 Acc@5 27.108
acc1 = 8.4, best_acc1 = 8.4
Epoch: [12][  0/500]	Time 2.460 (2.460)	Data 2.425 (2.425)	Loss 2.28 (2.28)	Cls Acc 32.8 (32.8)
Epoch: [12][100/500]	Time 0.172 (0.925)	Data 0.141 (0.894)	Loss 2.23 (2.25)	Cls Acc 39.8 (34.5)
Epoch: [12][200/500]	Time 0.172 (0.922)	Data 0.141 (0.890)	Loss 2.15 (2.22)	Cls Acc 34.4 (35.3)
Epoch: [12][300/500]	Time 2.401 (0.927)	Data 2.368 (0.895)	Loss 2.19 (2.19)	Cls Acc 36.7 (35.9)
Epoch: [12][400/500]	Time 0.172 (0.922)	Data 0.140 (0.891)	Loss 2.03 (2.17)	Cls Acc 43.8 (36.5)
Test: [0/2]	Time  6.031 ( 6.031)	Loss 4.9284e+00 (4.9284e+00)	Acc@1  10.94 ( 10.94)	Acc@5  28.91 ( 28.91)
 * Acc@1 9.839 Acc@5 29.518
acc1 = 9.8, best_acc1 = 9.8
Epoch: [13][  0/500]	Time 0.124 (0.124)	Data 0.091 (0.091)	Loss 2.00 (2.00)	Cls Acc 38.3 (38.3)
Epoch: [13][100/500]	Time 2.427 (0.925)	Data 2.394 (0.893)	Loss 1.98 (2.00)	Cls Acc 42.2 (39.6)
Epoch: [13][200/500]	Time 0.172 (0.921)	Data 0.141 (0.890)	Loss 1.88 (1.98)	Cls Acc 43.4 (40.3)
Epoch: [13][300/500]	Time 0.171 (0.922)	Data 0.140 (0.890)	Loss 1.93 (1.97)	Cls Acc 39.1 (40.8)
Epoch: [13][400/500]	Time 2.476 (0.925)	Data 2.442 (0.893)	Loss 1.85 (1.95)	Cls Acc 43.4 (41.3)
Test: [0/2]	Time  6.018 ( 6.018)	Loss 5.1880e+00 (5.1880e+00)	Acc@1  11.72 ( 11.72)	Acc@5  30.08 ( 30.08)
 * Acc@1 11.847 Acc@5 31.526
acc1 = 11.8, best_acc1 = 11.8
Epoch: [14][  0/500]	Time 0.125 (0.125)	Data 0.092 (0.092)	Loss 1.88 (1.88)	Cls Acc 44.1 (44.1)
Epoch: [14][100/500]	Time 0.172 (0.906)	Data 0.141 (0.874)	Loss 1.81 (1.83)	Cls Acc 40.6 (44.4)
Epoch: [14][200/500]	Time 2.469 (0.925)	Data 2.436 (0.893)	Loss 1.71 (1.81)	Cls Acc 46.1 (44.8)
Epoch: [14][300/500]	Time 0.172 (0.921)	Data 0.141 (0.889)	Loss 1.72 (1.80)	Cls Acc 46.5 (45.2)
Epoch: [14][400/500]	Time 0.172 (0.918)	Data 0.141 (0.887)	Loss 1.64 (1.78)	Cls Acc 51.6 (45.7)
Test: [0/2]	Time  6.035 ( 6.035)	Loss 5.3812e+00 (5.3812e+00)	Acc@1  12.50 ( 12.50)	Acc@5  31.64 ( 31.64)
 * Acc@1 12.651 Acc@5 33.333
acc1 = 12.7, best_acc1 = 12.7
Epoch: [15][  0/500]	Time 2.438 (2.438)	Data 2.403 (2.403)	Loss 1.68 (1.68)	Cls Acc 49.2 (49.2)
Epoch: [15][100/500]	Time 0.173 (0.929)	Data 0.142 (0.897)	Loss 1.67 (1.67)	Cls Acc 48.4 (49.2)
Epoch: [15][200/500]	Time 0.173 (0.926)	Data 0.142 (0.894)	Loss 1.58 (1.66)	Cls Acc 46.1 (49.7)
Epoch: [15][300/500]	Time 2.433 (0.929)	Data 2.400 (0.898)	Loss 1.51 (1.65)	Cls Acc 54.3 (50.2)
Epoch: [15][400/500]	Time 0.172 (0.924)	Data 0.141 (0.893)	Loss 1.55 (1.64)	Cls Acc 52.7 (50.5)
Test: [0/2]	Time  6.029 ( 6.029)	Loss 5.3093e+00 (5.3093e+00)	Acc@1  14.06 ( 14.06)	Acc@5  34.38 ( 34.38)
 * Acc@1 14.056 Acc@5 35.141
acc1 = 14.1, best_acc1 = 14.1
Epoch: [16][  0/500]	Time 0.125 (0.125)	Data 0.092 (0.092)	Loss 1.69 (1.69)	Cls Acc 48.8 (48.8)
Epoch: [16][100/500]	Time 2.413 (0.924)	Data 2.380 (0.892)	Loss 1.53 (1.55)	Cls Acc 55.9 (53.4)
Epoch: [16][200/500]	Time 0.172 (0.920)	Data 0.141 (0.888)	Loss 1.51 (1.53)	Cls Acc 53.5 (53.9)
Epoch: [16][300/500]	Time 0.172 (0.918)	Data 0.141 (0.886)	Loss 1.53 (1.52)	Cls Acc 55.1 (54.3)
Epoch: [16][400/500]	Time 2.445 (0.922)	Data 2.412 (0.890)	Loss 1.32 (1.51)	Cls Acc 60.5 (54.8)
Test: [0/2]	Time  6.020 ( 6.020)	Loss 5.3028e+00 (5.3028e+00)	Acc@1  14.45 ( 14.45)	Acc@5  35.94 ( 35.94)
 * Acc@1 14.458 Acc@5 36.145
acc1 = 14.5, best_acc1 = 14.5
Epoch: [17][  0/500]	Time 0.126 (0.126)	Data 0.093 (0.093)	Loss 1.41 (1.41)	Cls Acc 54.7 (54.7)
Epoch: [17][100/500]	Time 0.173 (0.901)	Data 0.142 (0.870)	Loss 1.44 (1.42)	Cls Acc 52.7 (57.4)
Epoch: [17][200/500]	Time 2.421 (0.918)	Data 2.388 (0.886)	Loss 1.23 (1.41)	Cls Acc 62.9 (57.7)
Epoch: [17][300/500]	Time 0.172 (0.917)	Data 0.141 (0.885)	Loss 1.40 (1.40)	Cls Acc 59.8 (58.0)
Epoch: [17][400/500]	Time 0.172 (0.915)	Data 0.141 (0.883)	Loss 1.39 (1.39)	Cls Acc 59.0 (58.3)
Test: [0/2]	Time  6.032 ( 6.032)	Loss 5.1877e+00 (5.1877e+00)	Acc@1  13.28 ( 13.28)	Acc@5  33.59 ( 33.59)
 * Acc@1 14.458 Acc@5 35.743
acc1 = 14.5, best_acc1 = 14.5
Epoch: [18][  0/500]	Time 2.438 (2.438)	Data 2.403 (2.403)	Loss 1.26 (1.26)	Cls Acc 60.9 (60.9)
Epoch: [18][100/500]	Time 0.173 (0.920)	Data 0.142 (0.889)	Loss 1.22 (1.31)	Cls Acc 64.5 (60.6)
Epoch: [18][200/500]	Time 0.173 (0.917)	Data 0.141 (0.885)	Loss 1.28 (1.30)	Cls Acc 59.4 (60.9)
Epoch: [18][300/500]	Time 2.432 (0.924)	Data 2.399 (0.892)	Loss 1.31 (1.28)	Cls Acc 61.7 (61.4)
Epoch: [18][400/500]	Time 0.173 (0.921)	Data 0.142 (0.889)	Loss 1.22 (1.27)	Cls Acc 61.7 (61.7)
Test: [0/2]	Time  6.051 ( 6.051)	Loss 5.2214e+00 (5.2214e+00)	Acc@1  14.45 ( 14.45)	Acc@5  31.64 ( 31.64)
 * Acc@1 16.265 Acc@5 34.337
acc1 = 16.3, best_acc1 = 16.3
Epoch: [19][  0/500]	Time 0.126 (0.126)	Data 0.092 (0.092)	Loss 1.13 (1.13)	Cls Acc 65.6 (65.6)
Epoch: [19][100/500]	Time 2.385 (0.924)	Data 2.351 (0.892)	Loss 1.13 (1.19)	Cls Acc 66.4 (64.4)
Epoch: [19][200/500]	Time 0.172 (0.922)	Data 0.141 (0.891)	Loss 1.24 (1.18)	Cls Acc 60.5 (64.6)
Epoch: [19][300/500]	Time 0.173 (0.917)	Data 0.142 (0.886)	Loss 1.17 (1.17)	Cls Acc 66.4 (64.9)
Epoch: [19][400/500]	Time 2.460 (0.922)	Data 2.427 (0.891)	Loss 1.12 (1.16)	Cls Acc 62.1 (65.2)
Test: [0/2]	Time  5.983 ( 5.983)	Loss 5.1061e+00 (5.1061e+00)	Acc@1  14.84 ( 14.84)	Acc@5  32.03 ( 32.03)
 * Acc@1 17.671 Acc@5 36.145
acc1 = 17.7, best_acc1 = 17.7
Epoch: [20][  0/500]	Time 0.127 (0.127)	Data 0.094 (0.094)	Loss 1.06 (1.06)	Cls Acc 67.2 (67.2)
Epoch: [20][100/500]	Time 0.172 (0.901)	Data 0.141 (0.869)	Loss 1.11 (1.10)	Cls Acc 65.6 (66.4)
Epoch: [20][200/500]	Time 2.445 (0.919)	Data 2.411 (0.887)	Loss 1.06 (1.08)	Cls Acc 69.9 (67.0)
Epoch: [20][300/500]	Time 0.173 (0.918)	Data 0.142 (0.886)	Loss 1.00 (1.08)	Cls Acc 69.5 (67.1)
Epoch: [20][400/500]	Time 0.173 (0.915)	Data 0.142 (0.883)	Loss 1.14 (1.06)	Cls Acc 70.3 (67.6)
Test: [0/2]	Time  5.959 ( 5.959)	Loss 5.2535e+00 (5.2535e+00)	Acc@1  16.80 ( 16.80)	Acc@5  32.03 ( 32.03)
 * Acc@1 17.068 Acc@5 36.145
acc1 = 17.1, best_acc1 = 17.7
Epoch: [21][  0/500]	Time 2.442 (2.442)	Data 2.407 (2.407)	Loss 0.88 (0.88)	Cls Acc 75.8 (75.8)
Epoch: [21][100/500]	Time 0.172 (0.923)	Data 0.141 (0.891)	Loss 1.04 (1.00)	Cls Acc 66.0 (69.5)
Epoch: [21][200/500]	Time 0.173 (0.919)	Data 0.142 (0.887)	Loss 1.00 (0.99)	Cls Acc 70.7 (69.9)
Epoch: [21][300/500]	Time 2.448 (0.926)	Data 2.415 (0.894)	Loss 1.02 (0.98)	Cls Acc 68.8 (70.1)
Epoch: [21][400/500]	Time 0.173 (0.922)	Data 0.142 (0.890)	Loss 1.12 (0.97)	Cls Acc 66.0 (70.2)
Test: [0/2]	Time  5.981 ( 5.981)	Loss 5.3631e+00 (5.3631e+00)	Acc@1  14.45 ( 14.45)	Acc@5  32.42 ( 32.42)
 * Acc@1 16.667 Acc@5 37.550
acc1 = 16.7, best_acc1 = 17.7
Epoch: [22][  0/500]	Time 0.124 (0.124)	Data 0.092 (0.092)	Loss 0.95 (0.95)	Cls Acc 68.0 (68.0)
Epoch: [22][100/500]	Time 2.384 (0.924)	Data 2.351 (0.893)	Loss 0.89 (0.92)	Cls Acc 75.0 (71.5)
Epoch: [22][200/500]	Time 0.174 (0.918)	Data 0.142 (0.886)	Loss 1.11 (0.91)	Cls Acc 63.7 (72.0)
Epoch: [22][300/500]	Time 0.172 (0.918)	Data 0.141 (0.886)	Loss 0.84 (0.91)	Cls Acc 73.4 (72.2)
Epoch: [22][400/500]	Time 2.422 (0.921)	Data 2.389 (0.889)	Loss 1.04 (0.90)	Cls Acc 68.8 (72.4)
Test: [0/2]	Time  5.991 ( 5.991)	Loss 5.5887e+00 (5.5887e+00)	Acc@1  16.41 ( 16.41)	Acc@5  28.12 ( 28.12)
 * Acc@1 18.273 Acc@5 35.542
acc1 = 18.3, best_acc1 = 18.3
Epoch: [23][  0/500]	Time 0.126 (0.126)	Data 0.093 (0.093)	Loss 0.82 (0.82)	Cls Acc 75.0 (75.0)
Epoch: [23][100/500]	Time 0.173 (0.923)	Data 0.142 (0.891)	Loss 0.86 (0.86)	Cls Acc 71.1 (73.6)
Epoch: [23][200/500]	Time 2.483 (0.929)	Data 2.450 (0.898)	Loss 0.82 (0.84)	Cls Acc 76.6 (74.1)
Epoch: [23][300/500]	Time 0.173 (0.926)	Data 0.142 (0.894)	Loss 0.85 (0.84)	Cls Acc 74.2 (74.2)
Epoch: [23][400/500]	Time 0.172 (0.921)	Data 0.141 (0.889)	Loss 0.74 (0.82)	Cls Acc 78.1 (74.5)
Test: [0/2]	Time  5.958 ( 5.958)	Loss 5.8465e+00 (5.8465e+00)	Acc@1  17.58 ( 17.58)	Acc@5  30.86 ( 30.86)
 * Acc@1 19.076 Acc@5 35.141
acc1 = 19.1, best_acc1 = 19.1
Epoch: [24][  0/500]	Time 2.467 (2.467)	Data 2.432 (2.432)	Loss 0.81 (0.81)	Cls Acc 75.4 (75.4)
Epoch: [24][100/500]	Time 0.173 (0.926)	Data 0.142 (0.894)	Loss 0.80 (0.77)	Cls Acc 71.9 (76.1)
Epoch: [24][200/500]	Time 0.174 (0.922)	Data 0.143 (0.890)	Loss 0.77 (0.77)	Cls Acc 78.5 (76.0)
Epoch: [24][300/500]	Time 2.425 (0.928)	Data 2.392 (0.896)	Loss 0.66 (0.76)	Cls Acc 80.1 (76.4)
Epoch: [24][400/500]	Time 0.172 (0.923)	Data 0.141 (0.891)	Loss 0.78 (0.76)	Cls Acc 75.8 (76.6)
Test: [0/2]	Time  5.997 ( 5.997)	Loss 6.0340e+00 (6.0340e+00)	Acc@1  17.19 ( 17.19)	Acc@5  30.47 ( 30.47)
 * Acc@1 16.667 Acc@5 35.743
acc1 = 16.7, best_acc1 = 19.1
Epoch: [25][  0/500]	Time 0.126 (0.126)	Data 0.092 (0.092)	Loss 0.66 (0.66)	Cls Acc 82.4 (82.4)
Epoch: [25][100/500]	Time 2.441 (0.927)	Data 2.408 (0.896)	Loss 0.60 (0.70)	Cls Acc 81.2 (78.2)
Epoch: [25][200/500]	Time 0.173 (0.920)	Data 0.142 (0.889)	Loss 0.63 (0.70)	Cls Acc 80.5 (78.3)
Epoch: [25][300/500]	Time 0.177 (0.919)	Data 0.145 (0.887)	Loss 0.66 (0.69)	Cls Acc 80.9 (78.4)
Epoch: [25][400/500]	Time 2.440 (0.922)	Data 2.407 (0.890)	Loss 0.53 (0.69)	Cls Acc 84.8 (78.5)
Test: [0/2]	Time  5.995 ( 5.995)	Loss 6.2090e+00 (6.2090e+00)	Acc@1  15.23 ( 15.23)	Acc@5  30.86 ( 30.86)
 * Acc@1 17.269 Acc@5 36.546
acc1 = 17.3, best_acc1 = 19.1
Epoch: [26][  0/500]	Time 0.127 (0.127)	Data 0.094 (0.094)	Loss 0.56 (0.56)	Cls Acc 83.2 (83.2)
Epoch: [26][100/500]	Time 0.172 (0.907)	Data 0.141 (0.875)	Loss 0.56 (0.65)	Cls Acc 81.6 (79.4)
Epoch: [26][200/500]	Time 2.427 (0.918)	Data 2.394 (0.887)	Loss 0.60 (0.64)	Cls Acc 81.2 (79.7)
Epoch: [26][300/500]	Time 0.173 (0.919)	Data 0.142 (0.887)	Loss 0.62 (0.64)	Cls Acc 80.9 (79.9)
Epoch: [26][400/500]	Time 0.175 (0.917)	Data 0.144 (0.885)	Loss 0.64 (0.63)	Cls Acc 79.7 (80.1)
Test: [0/2]	Time  5.994 ( 5.994)	Loss 6.5078e+00 (6.5078e+00)	Acc@1  16.41 ( 16.41)	Acc@5  28.91 ( 28.91)
 * Acc@1 17.269 Acc@5 34.337
acc1 = 17.3, best_acc1 = 19.1
Epoch: [27][  0/500]	Time 2.437 (2.437)	Data 2.402 (2.402)	Loss 0.86 (0.86)	Cls Acc 76.2 (76.2)
Epoch: [27][100/500]	Time 0.172 (0.925)	Data 0.140 (0.893)	Loss 0.55 (0.59)	Cls Acc 84.0 (81.4)
Epoch: [27][200/500]	Time 0.172 (0.919)	Data 0.141 (0.887)	Loss 0.55 (0.59)	Cls Acc 83.2 (81.4)
Epoch: [27][300/500]	Time 2.431 (0.926)	Data 2.398 (0.894)	Loss 0.63 (0.59)	Cls Acc 78.5 (81.5)
Epoch: [27][400/500]	Time 0.173 (0.922)	Data 0.142 (0.890)	Loss 0.57 (0.58)	Cls Acc 82.8 (81.8)
Test: [0/2]	Time  6.006 ( 6.006)	Loss 6.7684e+00 (6.7684e+00)	Acc@1  16.41 ( 16.41)	Acc@5  31.25 ( 31.25)
 * Acc@1 18.876 Acc@5 37.349
acc1 = 18.9, best_acc1 = 19.1
Epoch: [28][  0/500]	Time 0.126 (0.126)	Data 0.092 (0.092)	Loss 0.61 (0.61)	Cls Acc 80.1 (80.1)
Epoch: [28][100/500]	Time 2.422 (0.927)	Data 2.389 (0.896)	Loss 0.55 (0.55)	Cls Acc 84.0 (82.7)
Epoch: [28][200/500]	Time 0.172 (0.943)	Data 0.141 (0.911)	Loss 0.48 (0.55)	Cls Acc 85.9 (82.5)
Epoch: [28][300/500]	Time 0.174 (0.943)	Data 0.143 (0.912)	Loss 0.49 (0.55)	Cls Acc 84.4 (82.5)
Epoch: [28][400/500]	Time 2.412 (0.941)	Data 2.379 (0.910)	Loss 0.46 (0.54)	Cls Acc 87.1 (82.8)
Test: [0/2]	Time  6.027 ( 6.027)	Loss 6.8374e+00 (6.8374e+00)	Acc@1  17.97 ( 17.97)	Acc@5  32.03 ( 32.03)
 * Acc@1 18.675 Acc@5 35.141
acc1 = 18.7, best_acc1 = 19.1
Epoch: [29][  0/500]	Time 0.125 (0.125)	Data 0.093 (0.093)	Loss 0.52 (0.52)	Cls Acc 85.2 (85.2)
Epoch: [29][100/500]	Time 0.172 (0.901)	Data 0.141 (0.869)	Loss 0.57 (0.51)	Cls Acc 78.5 (83.8)
Epoch: [29][200/500]	Time 2.470 (0.922)	Data 2.437 (0.890)	Loss 0.50 (0.51)	Cls Acc 83.6 (83.8)
Epoch: [29][300/500]	Time 0.173 (0.922)	Data 0.142 (0.890)	Loss 0.52 (0.50)	Cls Acc 84.4 (84.2)
Epoch: [29][400/500]	Time 0.172 (0.923)	Data 0.141 (0.891)	Loss 0.50 (0.49)	Cls Acc 84.0 (84.3)
Test: [0/2]	Time  6.156 ( 6.156)	Loss 7.3042e+00 (7.3042e+00)	Acc@1  17.19 ( 17.19)	Acc@5  30.47 ( 30.47)
 * Acc@1 19.277 Acc@5 35.743
acc1 = 19.3, best_acc1 = 19.3
best_acc1 = 19.3
Traceback (most recent call last):
  File "../../../../source_only.py", line 377, in <module>
    main(args)
  File "../../../../source_only.py", line 161, in main
    acc1 = validate(val_loader, classifier, args)
TypeError: validate() missing 1 required positional argument: 'epoch'
