Namespace(alter_trainingfile_name='train_blurred', alter_validationfile_name='val_blurred', arch='alexnet', batch_size=256, data='/data/gpfs/datasets/Imagenet', dist_backend='nccl', dist_url='tcp://127.0.0.1:7005', epochs=100, evaluate=False, gpu=None, log='/home/junzhin/Project/Summer_project/code/version1.0/pretrained_model_results/ALEX_office31masked2Random', lr=0.01, momentum=0.9, multiprocessing_distributed=True, num_classes=1000, pretrained=False, print_freq=200, randomchosenmode=True, rank=0, resume='', seed=None, start_epoch=0, subset=True, subsetpath='/home/junzhin/Project/Summer_project/code/version1.0/masked_office31_imagenetlabel2_manual_df.csv', weight_decay=0.0005, workers=8, world_size=1)
Use GPU: 0 for training
when creating the model, the number of classes are
958
=> creating model 'alexnet'
inside the model
the number of classes 958
Adjusting learning rate of group 0 to 1.0000e-02.
----------------------------------------
training directory:/data/gpfs/datasets/Imagenet/train_blurred

validating directory:/data/gpfs/datasets/Imagenet/val_blurred

----------------------------------------
Dataset ImageFolder
    Number of datapoints: 1281066
    Root location: /data/gpfs/datasets/Imagenet/train_blurred
    StandardTransform
Transform: Compose(
               RandomHorizontalFlip(p=0.5)
               Resize(size=256, interpolation=bilinear, max_size=None, antialias=None)
               RandomResizedCrop(size=(224, 224), scale=(0.08, 1.0), ratio=(0.75, 1.3333), interpolation=bilinear)
               ToTensor()
               Normalize(mean=[0.485, 0.456, 0.406], std=[0.229, 0.224, 0.225])
           )
----------------------------------------
Dataset ImageFolder
    Number of datapoints: 49997
    Root location: /data/gpfs/datasets/Imagenet/val_blurred
    StandardTransform
Transform: Compose(
               RandomHorizontalFlip(p=0.5)
               Resize(size=256, interpolation=bilinear, max_size=None, antialias=None)
               RandomResizedCrop(size=(224, 224), scale=(0.08, 1.0), ratio=(0.75, 1.3333), interpolation=bilinear)
               ToTensor()
           )
----------------------------------------
            0                      1
0   n02791124           barber_chair
1   n02823428            beer_bottle
2   n02835271  bicycle-built-for-two
3   n02840245                 binder
4   n02870880               bookcase
5   n02877765              bottlecap
6   n02992529     cellular_telephone
7   n03018349          china_cabinet
8   n03063599             coffee_mug
9   n03085013      computer_keyboard
10  n03127747           crash_helmet
11  n03180011       desktop_computer
12  n03187595         dial_telephone
13  n03376595          folding_chair
14  n03379051        football_helmet
15  n03388183           fountain_pen
16  n03485407     hand-held_computer
17  n03637318              lampshade
18  n03642806                 laptop
19  n03691459            loudspeaker
20  n03742115         medicine_chest
21  n03759954             microphone
22  n03782006                monitor
23  n03785016                  moped
24  n03792782          mountain_bike
25  n03793489                  mouse
26  n03832673               notebook
27  n03902125              pay-phone
28  n03937543            pill_bottle
29  n03983396             pop_bottle
30  n04004767                printer
31  n04009552              projector
32  n04099969          rocking_chair
33  n04152593                 screen
34  n04286575              spotlight
35  n04380533             table_lamp
36  n04476259                   tray
37  n04505470    typewriter_keyboard
38  n04557648           water_bottle
39  n04591713            wine_bottle
40  n06596364             comic_book
41  n07930864                    cup
+---+---+---+---+---+---+---+---+---+---+---+---+---+---+---+---+---+---+---+---
958
42
+---+---+---+---+---+---+---+---+---+---+---+---+---+---+---+---+---+---+---+---
958
chosen_classes_labels_names
['n01440764', 'n01443537', 'n01484850', 'n01491361', 'n01494475', 'n01496331', 'n01498041', 'n01514668', 'n01514859', 'n01518878', 'n01530575', 'n01531178', 'n01532829', 'n01534433', 'n01537544', 'n01558993', 'n01560419', 'n01580077', 'n01582220', 'n01592084', 'n01601694', 'n01608432', 'n01614925', 'n01622779', 'n01629819', 'n01630670', 'n01631663', 'n01632458', 'n01632777', 'n01641577', 'n01644373', 'n01644900', 'n01664065', 'n01665541', 'n01667114', 'n01667778', 'n01669191', 'n01675722', 'n01677366', 'n01682714', 'n01687978', 'n01688243', 'n01689811', 'n01692333', 'n01693334', 'n01694178', 'n01695060', 'n01697457', 'n01698640', 'n01704323', 'n01728572', 'n01728920', 'n01729322', 'n01729977', 'n01734418', 'n01735189', 'n01737021', 'n01739381', 'n01740131', 'n01742172', 'n01744401', 'n01748264', 'n01751748', 'n01753488', 'n01755581', 'n01756291', 'n01768244', 'n01770081', 'n01770393', 'n01773157', 'n01773549', 'n01773797', 'n01774384', 'n01774750', 'n01775062', 'n01776313', 'n01784675', 'n01795545', 'n01796340', 'n01797886', 'n01798484', 'n01806143', 'n01806567', 'n01807496', 'n01817953', 'n01818515', 'n01819313', 'n01820546', 'n01824575', 'n01828970', 'n01829413', 'n01833805', 'n01843065', 'n01843383', 'n01847000', 'n01855032', 'n01855672', 'n01860187', 'n01872401', 'n01873310', 'n01877812', 'n01882714', 'n01883070', 'n01910747', 'n01914609', 'n01917289', 'n01924916', 'n01930112', 'n01943899', 'n01944390', 'n01945685', 'n01950731', 'n01955084', 'n01968897', 'n01978287', 'n01978455', 'n01980166', 'n01981276', 'n01983481', 'n01984695', 'n01985128', 'n01986214', 'n01990800', 'n02002556', 'n02002724', 'n02006656', 'n02007558', 'n02009229', 'n02009912', 'n02012849', 'n02013706', 'n02017213', 'n02018207', 'n02018795', 'n02025239', 'n02027492', 'n02028035', 'n02033041', 'n02037110', 'n02051845', 'n02056570', 'n02066245', 'n02071294', 'n02074367', 'n02077923', 'n02085620', 'n02085782', 'n02085936', 'n02086079', 'n02086240', 'n02086646', 'n02086910', 'n02087046', 'n02087394', 'n02088094', 'n02088238', 'n02088364', 'n02088466', 'n02088632', 'n02089078', 'n02089867', 'n02089973', 'n02090379', 'n02090721', 'n02091032', 'n02091134', 'n02091244', 'n02091467', 'n02091635', 'n02091831', 'n02092002', 'n02092339', 'n02093256', 'n02093428', 'n02093647', 'n02093754', 'n02093859', 'n02093991', 'n02094114', 'n02094258', 'n02095314', 'n02095570', 'n02095889', 'n02096051', 'n02096177', 'n02096294', 'n02096437', 'n02096585', 'n02097047', 'n02097130', 'n02097209', 'n02097298', 'n02097474', 'n02097658', 'n02098105', 'n02098286', 'n02098413', 'n02099429', 'n02099712', 'n02099849', 'n02100236', 'n02100583', 'n02100735', 'n02100877', 'n02101006', 'n02101388', 'n02101556', 'n02102040', 'n02102177', 'n02102318', 'n02102480', 'n02102973', 'n02104029', 'n02104365', 'n02105056', 'n02105162', 'n02105251', 'n02105505', 'n02105641', 'n02105855', 'n02106030', 'n02106166', 'n02106550', 'n02106662', 'n02107142', 'n02107312', 'n02107574', 'n02107683', 'n02107908', 'n02108000', 'n02108089', 'n02108422', 'n02108551', 'n02108915', 'n02109525', 'n02109961', 'n02110063', 'n02110185', 'n02110341', 'n02110627', 'n02110806', 'n02110958', 'n02111129', 'n02111277', 'n02111500', 'n02111889', 'n02112018', 'n02112137', 'n02112350', 'n02112706', 'n02113023', 'n02113186', 'n02113624', 'n02113712', 'n02113799', 'n02113978', 'n02114367', 'n02114548', 'n02114712', 'n02114855', 'n02115641', 'n02115913', 'n02116738', 'n02117135', 'n02119022', 'n02119789', 'n02120079', 'n02120505', 'n02123045', 'n02123159', 'n02123394', 'n02123597', 'n02124075', 'n02125311', 'n02127052', 'n02128385', 'n02128757', 'n02128925', 'n02129165', 'n02129604', 'n02130308', 'n02132136', 'n02133161', 'n02134084', 'n02134418', 'n02137549', 'n02138441', 'n02165105', 'n02165456', 'n02167151', 'n02168699', 'n02169497', 'n02172182', 'n02174001', 'n02177972', 'n02190166', 'n02206856', 'n02219486', 'n02226429', 'n02229544', 'n02231487', 'n02233338', 'n02236044', 'n02256656', 'n02259212', 'n02264363', 'n02268443', 'n02268853', 'n02276258', 'n02277742', 'n02279972', 'n02280649', 'n02281406', 'n02281787', 'n02317335', 'n02319095', 'n02321529', 'n02325366', 'n02326432', 'n02328150', 'n02342885', 'n02346627', 'n02356798', 'n02361337', 'n02363005', 'n02364673', 'n02389026', 'n02391049', 'n02395406', 'n02396427', 'n02397096', 'n02398521', 'n02403003', 'n02408429', 'n02410509', 'n02412080', 'n02415577', 'n02417914', 'n02422106', 'n02422699', 'n02423022', 'n02437312', 'n02437616', 'n02441942', 'n02442845', 'n02443114', 'n02443484', 'n02444819', 'n02447366', 'n02454379', 'n02457408', 'n02480495', 'n02480855', 'n02481823', 'n02483362', 'n02483708', 'n02484975', 'n02486261', 'n02487347', 'n02488291', 'n02489166', 'n02490219', 'n02492035', 'n02492660', 'n02493509', 'n02493793', 'n02494079', 'n02497673', 'n02500267', 'n02504013', 'n02504458', 'n02509815', 'n02510455', 'n02514041', 'n02526121', 'n02536864', 'n02606052', 'n02607072', 'n02640242', 'n02641379', 'n02643566', 'n02655020', 'n02666196', 'n02667093', 'n02669723', 'n02672831', 'n02676566', 'n02690373', 'n02692877', 'n02699494', 'n02701002', 'n02704792', 'n02708093', 'n02727426', 'n02730930', 'n02747177', 'n02749479', 'n02769748', 'n02776631', 'n02777292', 'n02782093', 'n02783161', 'n02786058', 'n02787622', 'n02788148', 'n02790996', 'n02791124', 'n02791270', 'n02793495', 'n02795169', 'n02797295', 'n02799071', 'n02802426', 'n02804414', 'n02804610', 'n02807133', 'n02808304', 'n02808440', 'n02814533', 'n02814860', 'n02815834', 'n02817516', 'n02823428', 'n02825657', 'n02834397', 'n02835271', 'n02837789', 'n02840245', 'n02841315', 'n02843684', 'n02859443', 'n02860847', 'n02869837', 'n02870880', 'n02871525', 'n02877765', 'n02879718', 'n02883205', 'n02892201', 'n02892767', 'n02894605', 'n02895154', 'n02906734', 'n02909870', 'n02910353', 'n02916936', 'n02917067', 'n02927161', 'n02930766', 'n02939185', 'n02948072', 'n02950826', 'n02951358', 'n02951585', 'n02963159', 'n02966193', 'n02966687', 'n02974003', 'n02977058', 'n02978881', 'n02979186', 'n02980441', 'n02981792', 'n02992211', 'n02992529', 'n02999410', 'n03000134', 'n03000247', 'n03000684', 'n03014705', 'n03016953', 'n03017168', 'n03018349', 'n03026506', 'n03028079', 'n03032252', 'n03041632', 'n03042490', 'n03045698', 'n03047690', 'n03062245', 'n03063599', 'n03063689', 'n03065424', 'n03075370', 'n03085013', 'n03100240', 'n03109150', 'n03110669', 'n03124043', 'n03124170', 'n03125729', 'n03126707', 'n03127747', 'n03127925', 'n03131574', 'n03133878', 'n03134739', 'n03141823', 'n03146219', 'n03160309', 'n03179701', 'n03180011', 'n03187595', 'n03188531', 'n03196217', 'n03197337', 'n03201208', 'n03207743', 'n03207941', 'n03208938', 'n03216828', 'n03218198', 'n03220513', 'n03223299', 'n03240683', 'n03249569', 'n03250847', 'n03255030', 'n03259280', 'n03271574', 'n03272010', 'n03272562', 'n03290653', 'n03291819', 'n03297495', 'n03314780', 'n03325584', 'n03337140', 'n03344393', 'n03345487', 'n03347037', 'n03355925', 'n03372029', 'n03376595', 'n03379051', 'n03384352', 'n03388183', 'n03388549', 'n03393912', 'n03394916', 'n03400231', 'n03404251', 'n03417042', 'n03424325', 'n03425413', 'n03443371', 'n03444034', 'n03445777', 'n03445924', 'n03447447', 'n03447721', 'n03450230', 'n03452741', 'n03457902', 'n03459775', 'n03461385', 'n03467068', 'n03476684', 'n03476991', 'n03478589', 'n03481172', 'n03482405', 'n03483316', 'n03485407', 'n03485794', 'n03492542', 'n03494278', 'n03495258', 'n03496892', 'n03498962', 'n03527444', 'n03529860', 'n03530642', 'n03532672', 'n03534580', 'n03535780', 'n03538406', 'n03544143', 'n03584254', 'n03584829', 'n03590841', 'n03594734', 'n03594945', 'n03595614', 'n03598930', 'n03599486', 'n03602883', 'n03617480', 'n03623198', 'n03627232', 'n03630383', 'n03633091', 'n03637318', 'n03642806', 'n03649909', 'n03657121', 'n03658185', 'n03661043', 'n03662601', 'n03666591', 'n03670208', 'n03673027', 'n03676483', 'n03680355', 'n03690938', 'n03691459', 'n03692522', 'n03697007', 'n03706229', 'n03709823', 'n03710193', 'n03710637', 'n03710721', 'n03717622', 'n03720891', 'n03721384', 'n03724870', 'n03729826', 'n03733131', 'n03733281', 'n03733805', 'n03742115', 'n03743016', 'n03759954', 'n03761084', 'n03763968', 'n03764736', 'n03769881', 'n03770439', 'n03770679', 'n03773504', 'n03775071', 'n03775546', 'n03776460', 'n03777568', 'n03777754', 'n03781244', 'n03782006', 'n03785016', 'n03786901', 'n03787032', 'n03788195', 'n03788365', 'n03791053', 'n03792782', 'n03792972', 'n03793489', 'n03794056', 'n03796401', 'n03803284', 'n03804744', 'n03814639', 'n03814906', 'n03825788', 'n03832673', 'n03837869', 'n03838899', 'n03840681', 'n03841143', 'n03843555', 'n03854065', 'n03857828', 'n03866082', 'n03868242', 'n03868863', 'n03871628', 'n03873416', 'n03874293', 'n03874599', 'n03876231', 'n03877472', 'n03877845', 'n03884397', 'n03887697', 'n03888257', 'n03888605', 'n03891251', 'n03891332', 'n03895866', 'n03899768', 'n03902125', 'n03903868', 'n03908618', 'n03916031', 'n03920288', 'n03929660', 'n03930313', 'n03930630', 'n03933933', 'n03935335', 'n03937543', 'n03938244', 'n03942813', 'n03950228', 'n03956157', 'n03958227', 'n03961711', 'n03967562', 'n03970156', 'n03976467', 'n03976657', 'n03977966', 'n03980874', 'n03982430', 'n03983396', 'n03992509', 'n03995372', 'n03998194', 'n04004767', 'n04005630', 'n04008634', 'n04009552', 'n04019541', 'n04023962', 'n04026417', 'n04033901', 'n04033995', 'n04037443', 'n04039381', 'n04040759', 'n04041544', 'n04044716', 'n04049303', 'n04065272', 'n04067472', 'n04070727', 'n04074963', 'n04081281', 'n04090263', 'n04099969', 'n04111531', 'n04116512', 'n04118538', 'n04118776', 'n04120489', 'n04125021', 'n04127249', 'n04131690', 'n04133789', 'n04136333', 'n04141076', 'n04141327', 'n04141975', 'n04146614', 'n04147183', 'n04149813', 'n04152593', 'n04153751', 'n04154565', 'n04162706', 'n04179913', 'n04192698', 'n04200800', 'n04201297', 'n04204238', 'n04204347', 'n04208210', 'n04209133', 'n04209239', 'n04228054', 'n04229816', 'n04235860', 'n04238763', 'n04239074', 'n04243546', 'n04252077', 'n04252225', 'n04254120', 'n04254680', 'n04254777', 'n04258138', 'n04259630', 'n04263257', 'n04264628', 'n04265275', 'n04270147', 'n04273569', 'n04275548', 'n04277352', 'n04286575', 'n04296562', 'n04310018', 'n04311004', 'n04311174', 'n04317175', 'n04325704', 'n04326547', 'n04328186', 'n04330267', 'n04332243', 'n04335435', 'n04336792', 'n04346328', 'n04347754', 'n04350905', 'n04355338', 'n04355933', 'n04356056', 'n04357314', 'n04366367', 'n04367480', 'n04370456', 'n04371430', 'n04371774', 'n04372370', 'n04376876', 'n04380533', 'n04389033', 'n04392985', 'n04398044', 'n04399382', 'n04404412', 'n04409515', 'n04418357', 'n04423845', 'n04428191', 'n04429376', 'n04435653', 'n04442312', 'n04443257', 'n04447861', 'n04456115', 'n04458633', 'n04461696', 'n04462240', 'n04465501', 'n04467665', 'n04476259', 'n04479046', 'n04482393', 'n04483307', 'n04485082', 'n04486054', 'n04487081', 'n04487394', 'n04493381', 'n04501370', 'n04505470', 'n04507155', 'n04509417', 'n04515003', 'n04517823', 'n04522168', 'n04523525', 'n04525038', 'n04525305', 'n04532106', 'n04532670', 'n04536866', 'n04540053', 'n04548280', 'n04548362', 'n04550184', 'n04552348', 'n04553703', 'n04554684', 'n04557648', 'n04560804', 'n04562935', 'n04579145', 'n04579432', 'n04584207', 'n04589890', 'n04590129', 'n04591157', 'n04591713', 'n04592741', 'n04596742', 'n04597913', 'n04599235', 'n04604644', 'n04606251', 'n04612504', 'n04613696', 'n06359193', 'n06596364', 'n06785654', 'n06794110', 'n06874185', 'n07248320', 'n07565083', 'n07579787', 'n07583066', 'n07584110', 'n07590611', 'n07613480', 'n07614500', 'n07615774', 'n07684084', 'n07693725', 'n07695742', 'n07697313', 'n07697537', 'n07711569', 'n07714571', 'n07714990', 'n07715103', 'n07716358', 'n07716906', 'n07717410', 'n07717556', 'n07718472', 'n07718747', 'n07720875', 'n07730033', 'n07734744', 'n07742313', 'n07745940', 'n07749582', 'n07753113', 'n07753275', 'n07753592', 'n07754684', 'n07760859', 'n07768694', 'n07802026', 'n07831146', 'n07836838', 'n07860988', 'n07871810', 'n07873807', 'n07875152', 'n07880968', 'n07892512', 'n07920052', 'n07930864', 'n07932039', 'n09193705', 'n09229709', 'n09246464', 'n09256479', 'n09288635', 'n09332890', 'n09399592', 'n09421951', 'n09428293', 'n09468604', 'n09472597', 'n09835506', 'n10148035', 'n10565667', 'n11879895', 'n11939491', 'n12057211', 'n12144580', 'n12267677', 'n12620546', 'n12768682', 'n12985857', 'n12998815', 'n13037406', 'n13040303', 'n13044778', 'n13052670', 'n13054560', 'n13133613', 'n15075141']
            0
0   n04344873
1   n02823750
2   n03924679
3   n04266014
4   n01871265
5   n02687172
6   n02445715
7   n01749939
8   n02988304
9   n02090622
10  n03388043
11  n02865351
12  n02011460
13  n02105412
14  n03929855
15  n02109047
16  n02486410
17  n03947888
18  n03095699
19  n02099601
20  n03954731
21  n03908714
22  n02488702
23  n02106382
24  n04417672
25  n02965783
26  n02094433
27  n01685808
28  n03944341
29  n04251144
30  n03089624
31  n02058221
32  n02971356
33  n04086273
34  n04069434
35  n02794156
36  n03991062
37  n07747607
38  n02099267
39  n01616318
40  n04285008
41  n04542943
1227158
train_datast length is 1227158
47897
valid_dataset length is 47897
{0: 0, 1: 1, 2: 2, 3: 3, 4: 4, 5: 5, 6: 6, 7: 7, 8: 8, 9: 9, 10: 10, 11: 11, 12: 12, 13: 13, 14: 14, 15: 15, 16: 16, 17: 17, 18: 18, 19: 19, 20: 20, 21: 21, 22: 22, 24: 23, 25: 24, 26: 25, 27: 26, 28: 27, 29: 28, 30: 29, 31: 30, 32: 31, 33: 32, 34: 33, 35: 34, 36: 35, 37: 36, 38: 37, 39: 38, 40: 39, 42: 40, 43: 41, 44: 42, 45: 43, 46: 44, 47: 45, 48: 46, 49: 47, 50: 48, 51: 49, 52: 50, 53: 51, 54: 52, 55: 53, 56: 54, 57: 55, 58: 56, 59: 57, 60: 58, 61: 59, 62: 60, 63: 61, 65: 62, 66: 63, 67: 64, 68: 65, 69: 66, 70: 67, 71: 68, 72: 69, 73: 70, 74: 71, 75: 72, 76: 73, 77: 74, 78: 75, 79: 76, 80: 77, 81: 78, 82: 79, 83: 80, 84: 81, 85: 82, 86: 83, 87: 84, 88: 85, 89: 86, 90: 87, 91: 88, 92: 89, 93: 90, 94: 91, 95: 92, 96: 93, 97: 94, 98: 95, 99: 96, 100: 97, 102: 98, 103: 99, 104: 100, 105: 101, 106: 102, 107: 103, 108: 104, 109: 105, 110: 106, 111: 107, 112: 108, 113: 109, 114: 110, 115: 111, 116: 112, 117: 113, 118: 114, 119: 115, 120: 116, 121: 117, 122: 118, 123: 119, 124: 120, 125: 121, 126: 122, 127: 123, 128: 124, 129: 125, 130: 126, 131: 127, 132: 128, 134: 129, 135: 130, 136: 131, 137: 132, 138: 133, 139: 134, 140: 135, 141: 136, 142: 137, 143: 138, 144: 139, 145: 140, 147: 141, 148: 142, 149: 143, 150: 144, 151: 145, 152: 146, 153: 147, 154: 148, 155: 149, 156: 150, 157: 151, 158: 152, 159: 153, 160: 154, 161: 155, 162: 156, 163: 157, 164: 158, 165: 159, 166: 160, 167: 161, 168: 162, 170: 163, 171: 164, 172: 165, 173: 166, 174: 167, 175: 168, 176: 169, 177: 170, 178: 171, 179: 172, 180: 173, 181: 174, 182: 175, 183: 176, 184: 177, 185: 178, 186: 179, 188: 180, 189: 181, 190: 182, 191: 183, 192: 184, 193: 185, 194: 186, 195: 187, 196: 188, 197: 189, 198: 190, 199: 191, 200: 192, 201: 193, 202: 194, 203: 195, 204: 196, 206: 197, 208: 198, 209: 199, 210: 200, 211: 201, 212: 202, 213: 203, 214: 204, 215: 205, 216: 206, 217: 207, 218: 208, 219: 209, 220: 210, 221: 211, 222: 212, 223: 213, 224: 214, 225: 215, 226: 216, 228: 217, 229: 218, 230: 219, 231: 220, 232: 221, 234: 222, 235: 223, 236: 224, 237: 225, 238: 226, 239: 227, 240: 228, 241: 229, 242: 230, 243: 231, 244: 232, 245: 233, 247: 234, 248: 235, 249: 236, 250: 237, 251: 238, 252: 239, 253: 240, 254: 241, 255: 242, 256: 243, 257: 244, 258: 245, 259: 246, 260: 247, 261: 248, 262: 249, 263: 250, 264: 251, 265: 252, 266: 253, 267: 254, 268: 255, 269: 256, 270: 257, 271: 258, 272: 259, 273: 260, 274: 261, 275: 262, 276: 263, 277: 264, 278: 265, 279: 266, 280: 267, 281: 268, 282: 269, 283: 270, 284: 271, 285: 272, 286: 273, 287: 274, 288: 275, 289: 276, 290: 277, 291: 278, 292: 279, 293: 280, 294: 281, 295: 282, 296: 283, 297: 284, 298: 285, 299: 286, 300: 287, 301: 288, 302: 289, 303: 290, 304: 291, 305: 292, 306: 293, 307: 294, 308: 295, 309: 296, 310: 297, 311: 298, 312: 299, 313: 300, 314: 301, 315: 302, 316: 303, 317: 304, 318: 305, 319: 306, 320: 307, 321: 308, 322: 309, 323: 310, 324: 311, 325: 312, 326: 313, 327: 314, 328: 315, 329: 316, 330: 317, 331: 318, 332: 319, 333: 320, 334: 321, 335: 322, 336: 323, 337: 324, 338: 325, 339: 326, 340: 327, 341: 328, 342: 329, 343: 330, 344: 331, 345: 332, 346: 333, 347: 334, 348: 335, 349: 336, 350: 337, 351: 338, 352: 339, 353: 340, 354: 341, 355: 342, 356: 343, 357: 344, 358: 345, 359: 346, 360: 347, 362: 348, 363: 349, 364: 350, 365: 351, 366: 352, 367: 353, 368: 354, 369: 355, 370: 356, 371: 357, 373: 358, 374: 359, 376: 360, 377: 361, 378: 362, 379: 363, 380: 364, 381: 365, 382: 366, 383: 367, 384: 368, 385: 369, 386: 370, 387: 371, 388: 372, 389: 373, 390: 374, 391: 375, 392: 376, 393: 377, 394: 378, 395: 379, 396: 380, 397: 381, 398: 382, 399: 383, 400: 384, 401: 385, 402: 386, 404: 387, 405: 388, 406: 389, 407: 390, 408: 391, 409: 392, 410: 393, 411: 394, 412: 395, 413: 396, 414: 397, 415: 398, 416: 399, 417: 400, 418: 401, 419: 402, 420: 403, 421: 404, 422: 405, 423: 406, 424: 407, 425: 408, 427: 409, 428: 410, 429: 411, 430: 412, 431: 413, 432: 414, 433: 415, 434: 416, 435: 417, 436: 418, 437: 419, 438: 420, 439: 421, 440: 422, 442: 423, 443: 424, 444: 425, 445: 426, 446: 427, 447: 428, 448: 429, 449: 430, 450: 431, 452: 432, 453: 433, 454: 434, 455: 435, 456: 436, 457: 437, 458: 438, 459: 439, 460: 440, 461: 441, 462: 442, 463: 443, 464: 444, 465: 445, 466: 446, 467: 447, 468: 448, 469: 449, 470: 450, 471: 451, 472: 452, 473: 453, 474: 454, 476: 455, 477: 456, 479: 457, 480: 458, 481: 459, 482: 460, 483: 461, 484: 462, 486: 463, 487: 464, 488: 465, 489: 466, 490: 467, 491: 468, 492: 469, 493: 470, 494: 471, 495: 472, 496: 473, 497: 474, 498: 475, 499: 476, 500: 477, 501: 478, 502: 479, 503: 480, 504: 481, 505: 482, 506: 483, 507: 484, 508: 485, 511: 486, 512: 487, 513: 488, 514: 489, 515: 490, 516: 491, 517: 492, 518: 493, 519: 494, 520: 495, 521: 496, 522: 497, 523: 498, 524: 499, 525: 500, 526: 501, 527: 502, 528: 503, 529: 504, 530: 505, 531: 506, 532: 507, 533: 508, 534: 509, 535: 510, 536: 511, 537: 512, 538: 513, 539: 514, 540: 515, 541: 516, 542: 517, 543: 518, 544: 519, 545: 520, 546: 521, 547: 522, 548: 523, 549: 524, 550: 525, 551: 526, 552: 527, 553: 528, 554: 529, 555: 530, 556: 531, 557: 532, 558: 533, 559: 534, 560: 535, 561: 536, 563: 537, 564: 538, 565: 539, 566: 540, 567: 541, 568: 542, 569: 543, 570: 544, 571: 545, 572: 546, 573: 547, 574: 548, 575: 549, 576: 550, 577: 551, 578: 552, 579: 553, 580: 554, 581: 555, 582: 556, 583: 557, 584: 558, 585: 559, 586: 560, 587: 561, 588: 562, 589: 563, 590: 564, 591: 565, 592: 566, 593: 567, 594: 568, 595: 569, 596: 570, 597: 571, 598: 572, 599: 573, 600: 574, 601: 575, 602: 576, 603: 577, 604: 578, 605: 579, 606: 580, 607: 581, 608: 582, 609: 583, 610: 584, 611: 585, 612: 586, 613: 587, 614: 588, 615: 589, 616: 590, 617: 591, 618: 592, 619: 593, 620: 594, 621: 595, 622: 596, 623: 597, 624: 598, 625: 599, 626: 600, 627: 601, 628: 602, 629: 603, 630: 604, 631: 605, 632: 606, 633: 607, 634: 608, 635: 609, 636: 610, 637: 611, 638: 612, 639: 613, 640: 614, 641: 615, 642: 616, 643: 617, 644: 618, 645: 619, 646: 620, 647: 621, 648: 622, 649: 623, 650: 624, 651: 625, 652: 626, 653: 627, 654: 628, 655: 629, 656: 630, 657: 631, 658: 632, 659: 633, 660: 634, 661: 635, 662: 636, 663: 637, 664: 638, 665: 639, 666: 640, 667: 641, 668: 642, 669: 643, 670: 644, 671: 645, 672: 646, 673: 647, 674: 648, 675: 649, 676: 650, 677: 651, 678: 652, 679: 653, 680: 654, 681: 655, 682: 656, 683: 657, 684: 658, 685: 659, 686: 660, 687: 661, 688: 662, 689: 663, 690: 664, 691: 665, 692: 666, 693: 667, 694: 668, 695: 669, 696: 670, 697: 671, 698: 672, 699: 673, 700: 674, 701: 675, 702: 676, 703: 677, 704: 678, 705: 679, 706: 680, 707: 681, 708: 682, 709: 683, 711: 684, 712: 685, 714: 686, 716: 687, 717: 688, 718: 689, 719: 690, 720: 691, 721: 692, 722: 693, 725: 694, 727: 695, 728: 696, 729: 697, 730: 698, 731: 699, 732: 700, 733: 701, 734: 702, 735: 703, 736: 704, 737: 705, 739: 706, 740: 707, 741: 708, 742: 709, 743: 710, 744: 711, 745: 712, 746: 713, 747: 714, 748: 715, 749: 716, 750: 717, 751: 718, 752: 719, 753: 720, 754: 721, 755: 722, 756: 723, 757: 724, 758: 725, 760: 726, 761: 727, 762: 728, 764: 729, 765: 730, 766: 731, 767: 732, 768: 733, 769: 734, 770: 735, 771: 736, 772: 737, 773: 738, 774: 739, 775: 740, 776: 741, 777: 742, 778: 743, 779: 744, 780: 745, 781: 746, 782: 747, 783: 748, 784: 749, 785: 750, 786: 751, 787: 752, 788: 753, 789: 754, 790: 755, 791: 756, 792: 757, 793: 758, 794: 759, 795: 760, 796: 761, 797: 762, 798: 763, 799: 764, 800: 765, 802: 766, 803: 767, 804: 768, 805: 769, 806: 770, 807: 771, 808: 772, 809: 773, 810: 774, 811: 775, 813: 776, 814: 777, 815: 778, 816: 779, 818: 780, 819: 781, 820: 782, 821: 783, 822: 784, 823: 785, 824: 786, 825: 787, 826: 788, 827: 789, 828: 790, 829: 791, 830: 792, 832: 793, 833: 794, 834: 795, 835: 796, 836: 797, 837: 798, 838: 799, 839: 800, 840: 801, 841: 802, 842: 803, 843: 804, 844: 805, 845: 806, 846: 807, 847: 808, 848: 809, 849: 810, 850: 811, 851: 812, 852: 813, 854: 814, 855: 815, 856: 816, 857: 817, 858: 818, 859: 819, 860: 820, 861: 821, 862: 822, 863: 823, 864: 824, 865: 825, 866: 826, 867: 827, 868: 828, 869: 829, 870: 830, 871: 831, 872: 832, 873: 833, 874: 834, 875: 835, 876: 836, 877: 837, 878: 838, 879: 839, 880: 840, 881: 841, 882: 842, 883: 843, 884: 844, 885: 845, 886: 846, 887: 847, 888: 848, 889: 849, 890: 850, 892: 851, 893: 852, 894: 853, 895: 854, 896: 855, 897: 856, 898: 857, 899: 858, 900: 859, 901: 860, 902: 861, 903: 862, 904: 863, 905: 864, 906: 865, 907: 866, 908: 867, 909: 868, 910: 869, 911: 870, 912: 871, 913: 872, 914: 873, 915: 874, 916: 875, 917: 876, 918: 877, 919: 878, 920: 879, 921: 880, 922: 881, 923: 882, 924: 883, 925: 884, 926: 885, 927: 886, 928: 887, 929: 888, 930: 889, 931: 890, 932: 891, 933: 892, 934: 893, 935: 894, 936: 895, 937: 896, 938: 897, 939: 898, 940: 899, 941: 900, 942: 901, 943: 902, 944: 903, 945: 904, 946: 905, 947: 906, 948: 907, 949: 908, 951: 909, 952: 910, 953: 911, 954: 912, 955: 913, 956: 914, 957: 915, 958: 916, 959: 917, 960: 918, 961: 919, 962: 920, 963: 921, 964: 922, 965: 923, 966: 924, 967: 925, 968: 926, 969: 927, 970: 928, 971: 929, 972: 930, 973: 931, 974: 932, 975: 933, 976: 934, 977: 935, 978: 936, 979: 937, 980: 938, 981: 939, 982: 940, 983: 941, 984: 942, 985: 943, 986: 944, 987: 945, 988: 946, 989: 947, 990: 948, 991: 949, 992: 950, 993: 951, 994: 952, 995: 953, 996: 954, 997: 955, 998: 956, 999: 957}
training set
4794
validating  set
375
Use GPU: 1 for training
when creating the model, the number of classes are
958
=> creating model 'alexnet'
inside the model
the number of classes 958
Adjusting learning rate of group 0 to 1.0000e-02.
----------------------------------------
training directory:/data/gpfs/datasets/Imagenet/train_blurred

validating directory:/data/gpfs/datasets/Imagenet/val_blurred

----------------------------------------
Dataset ImageFolder
    Number of datapoints: 1281066
    Root location: /data/gpfs/datasets/Imagenet/train_blurred
    StandardTransform
Transform: Compose(
               RandomHorizontalFlip(p=0.5)
               Resize(size=256, interpolation=bilinear, max_size=None, antialias=None)
               RandomResizedCrop(size=(224, 224), scale=(0.08, 1.0), ratio=(0.75, 1.3333), interpolation=bilinear)
               ToTensor()
               Normalize(mean=[0.485, 0.456, 0.406], std=[0.229, 0.224, 0.225])
           )
----------------------------------------
Dataset ImageFolder
    Number of datapoints: 49997
    Root location: /data/gpfs/datasets/Imagenet/val_blurred
    StandardTransform
Transform: Compose(
               RandomHorizontalFlip(p=0.5)
               Resize(size=256, interpolation=bilinear, max_size=None, antialias=None)
               RandomResizedCrop(size=(224, 224), scale=(0.08, 1.0), ratio=(0.75, 1.3333), interpolation=bilinear)
               ToTensor()
           )
----------------------------------------
            0                      1
0   n02791124           barber_chair
1   n02823428            beer_bottle
2   n02835271  bicycle-built-for-two
3   n02840245                 binder
4   n02870880               bookcase
5   n02877765              bottlecap
6   n02992529     cellular_telephone
7   n03018349          china_cabinet
8   n03063599             coffee_mug
9   n03085013      computer_keyboard
10  n03127747           crash_helmet
11  n03180011       desktop_computer
12  n03187595         dial_telephone
13  n03376595          folding_chair
14  n03379051        football_helmet
15  n03388183           fountain_pen
16  n03485407     hand-held_computer
17  n03637318              lampshade
18  n03642806                 laptop
19  n03691459            loudspeaker
20  n03742115         medicine_chest
21  n03759954             microphone
22  n03782006                monitor
23  n03785016                  moped
24  n03792782          mountain_bike
25  n03793489                  mouse
26  n03832673               notebook
27  n03902125              pay-phone
28  n03937543            pill_bottle
29  n03983396             pop_bottle
30  n04004767                printer
31  n04009552              projector
32  n04099969          rocking_chair
33  n04152593                 screen
34  n04286575              spotlight
35  n04380533             table_lamp
36  n04476259                   tray
37  n04505470    typewriter_keyboard
38  n04557648           water_bottle
39  n04591713            wine_bottle
40  n06596364             comic_book
41  n07930864                    cup
+---+---+---+---+---+---+---+---+---+---+---+---+---+---+---+---+---+---+---+---
958
42
+---+---+---+---+---+---+---+---+---+---+---+---+---+---+---+---+---+---+---+---
958
chosen_classes_labels_names
['n01440764', 'n01443537', 'n01484850', 'n01491361', 'n01494475', 'n01496331', 'n01498041', 'n01514668', 'n01514859', 'n01518878', 'n01530575', 'n01531178', 'n01532829', 'n01534433', 'n01537544', 'n01558993', 'n01560419', 'n01580077', 'n01582220', 'n01592084', 'n01601694', 'n01608432', 'n01614925', 'n01622779', 'n01629819', 'n01630670', 'n01631663', 'n01632458', 'n01632777', 'n01641577', 'n01644373', 'n01644900', 'n01664065', 'n01665541', 'n01667114', 'n01667778', 'n01669191', 'n01675722', 'n01677366', 'n01682714', 'n01687978', 'n01688243', 'n01689811', 'n01692333', 'n01693334', 'n01694178', 'n01695060', 'n01697457', 'n01698640', 'n01704323', 'n01728572', 'n01728920', 'n01729322', 'n01729977', 'n01734418', 'n01735189', 'n01737021', 'n01739381', 'n01740131', 'n01742172', 'n01744401', 'n01748264', 'n01751748', 'n01753488', 'n01755581', 'n01756291', 'n01768244', 'n01770081', 'n01770393', 'n01773157', 'n01773549', 'n01773797', 'n01774384', 'n01774750', 'n01775062', 'n01776313', 'n01784675', 'n01795545', 'n01796340', 'n01797886', 'n01798484', 'n01806143', 'n01806567', 'n01807496', 'n01817953', 'n01818515', 'n01819313', 'n01820546', 'n01824575', 'n01828970', 'n01829413', 'n01833805', 'n01843065', 'n01843383', 'n01847000', 'n01855032', 'n01855672', 'n01860187', 'n01872401', 'n01873310', 'n01877812', 'n01882714', 'n01883070', 'n01910747', 'n01914609', 'n01917289', 'n01924916', 'n01930112', 'n01943899', 'n01944390', 'n01945685', 'n01950731', 'n01955084', 'n01968897', 'n01978287', 'n01978455', 'n01980166', 'n01981276', 'n01983481', 'n01984695', 'n01985128', 'n01986214', 'n01990800', 'n02002556', 'n02002724', 'n02006656', 'n02007558', 'n02009229', 'n02009912', 'n02012849', 'n02013706', 'n02017213', 'n02018207', 'n02018795', 'n02025239', 'n02027492', 'n02028035', 'n02033041', 'n02037110', 'n02051845', 'n02056570', 'n02066245', 'n02071294', 'n02074367', 'n02077923', 'n02085620', 'n02085782', 'n02085936', 'n02086079', 'n02086240', 'n02086646', 'n02086910', 'n02087046', 'n02087394', 'n02088094', 'n02088238', 'n02088364', 'n02088466', 'n02088632', 'n02089078', 'n02089867', 'n02089973', 'n02090379', 'n02090721', 'n02091032', 'n02091134', 'n02091244', 'n02091467', 'n02091635', 'n02091831', 'n02092002', 'n02092339', 'n02093256', 'n02093428', 'n02093647', 'n02093754', 'n02093859', 'n02093991', 'n02094114', 'n02094258', 'n02095314', 'n02095570', 'n02095889', 'n02096051', 'n02096177', 'n02096294', 'n02096437', 'n02096585', 'n02097047', 'n02097130', 'n02097209', 'n02097298', 'n02097474', 'n02097658', 'n02098105', 'n02098286', 'n02098413', 'n02099429', 'n02099712', 'n02099849', 'n02100236', 'n02100583', 'n02100735', 'n02100877', 'n02101006', 'n02101388', 'n02101556', 'n02102040', 'n02102177', 'n02102318', 'n02102480', 'n02102973', 'n02104029', 'n02104365', 'n02105056', 'n02105162', 'n02105251', 'n02105505', 'n02105641', 'n02105855', 'n02106030', 'n02106166', 'n02106550', 'n02106662', 'n02107142', 'n02107312', 'n02107574', 'n02107683', 'n02107908', 'n02108000', 'n02108089', 'n02108422', 'n02108551', 'n02108915', 'n02109525', 'n02109961', 'n02110063', 'n02110185', 'n02110341', 'n02110627', 'n02110806', 'n02110958', 'n02111129', 'n02111277', 'n02111500', 'n02111889', 'n02112018', 'n02112137', 'n02112350', 'n02112706', 'n02113023', 'n02113186', 'n02113624', 'n02113712', 'n02113799', 'n02113978', 'n02114367', 'n02114548', 'n02114712', 'n02114855', 'n02115641', 'n02115913', 'n02116738', 'n02117135', 'n02119022', 'n02119789', 'n02120079', 'n02120505', 'n02123045', 'n02123159', 'n02123394', 'n02123597', 'n02124075', 'n02125311', 'n02127052', 'n02128385', 'n02128757', 'n02128925', 'n02129165', 'n02129604', 'n02130308', 'n02132136', 'n02133161', 'n02134084', 'n02134418', 'n02137549', 'n02138441', 'n02165105', 'n02165456', 'n02167151', 'n02168699', 'n02169497', 'n02172182', 'n02174001', 'n02177972', 'n02190166', 'n02206856', 'n02219486', 'n02226429', 'n02229544', 'n02231487', 'n02233338', 'n02236044', 'n02256656', 'n02259212', 'n02264363', 'n02268443', 'n02268853', 'n02276258', 'n02277742', 'n02279972', 'n02280649', 'n02281406', 'n02281787', 'n02317335', 'n02319095', 'n02321529', 'n02325366', 'n02326432', 'n02328150', 'n02342885', 'n02346627', 'n02356798', 'n02361337', 'n02363005', 'n02364673', 'n02389026', 'n02391049', 'n02395406', 'n02396427', 'n02397096', 'n02398521', 'n02403003', 'n02408429', 'n02410509', 'n02412080', 'n02415577', 'n02417914', 'n02422106', 'n02422699', 'n02423022', 'n02437312', 'n02437616', 'n02441942', 'n02442845', 'n02443114', 'n02443484', 'n02444819', 'n02447366', 'n02454379', 'n02457408', 'n02480495', 'n02480855', 'n02481823', 'n02483362', 'n02483708', 'n02484975', 'n02486261', 'n02487347', 'n02488291', 'n02489166', 'n02490219', 'n02492035', 'n02492660', 'n02493509', 'n02493793', 'n02494079', 'n02497673', 'n02500267', 'n02504013', 'n02504458', 'n02509815', 'n02510455', 'n02514041', 'n02526121', 'n02536864', 'n02606052', 'n02607072', 'n02640242', 'n02641379', 'n02643566', 'n02655020', 'n02666196', 'n02667093', 'n02669723', 'n02672831', 'n02676566', 'n02690373', 'n02692877', 'n02699494', 'n02701002', 'n02704792', 'n02708093', 'n02727426', 'n02730930', 'n02747177', 'n02749479', 'n02769748', 'n02776631', 'n02777292', 'n02782093', 'n02783161', 'n02786058', 'n02787622', 'n02788148', 'n02790996', 'n02791124', 'n02791270', 'n02793495', 'n02795169', 'n02797295', 'n02799071', 'n02802426', 'n02804414', 'n02804610', 'n02807133', 'n02808304', 'n02808440', 'n02814533', 'n02814860', 'n02815834', 'n02817516', 'n02823428', 'n02825657', 'n02834397', 'n02835271', 'n02837789', 'n02840245', 'n02841315', 'n02843684', 'n02859443', 'n02860847', 'n02869837', 'n02870880', 'n02871525', 'n02877765', 'n02879718', 'n02883205', 'n02892201', 'n02892767', 'n02894605', 'n02895154', 'n02906734', 'n02909870', 'n02910353', 'n02916936', 'n02917067', 'n02927161', 'n02930766', 'n02939185', 'n02948072', 'n02950826', 'n02951358', 'n02951585', 'n02963159', 'n02966193', 'n02966687', 'n02974003', 'n02977058', 'n02978881', 'n02979186', 'n02980441', 'n02981792', 'n02992211', 'n02992529', 'n02999410', 'n03000134', 'n03000247', 'n03000684', 'n03014705', 'n03016953', 'n03017168', 'n03018349', 'n03026506', 'n03028079', 'n03032252', 'n03041632', 'n03042490', 'n03045698', 'n03047690', 'n03062245', 'n03063599', 'n03063689', 'n03065424', 'n03075370', 'n03085013', 'n03100240', 'n03109150', 'n03110669', 'n03124043', 'n03124170', 'n03125729', 'n03126707', 'n03127747', 'n03127925', 'n03131574', 'n03133878', 'n03134739', 'n03141823', 'n03146219', 'n03160309', 'n03179701', 'n03180011', 'n03187595', 'n03188531', 'n03196217', 'n03197337', 'n03201208', 'n03207743', 'n03207941', 'n03208938', 'n03216828', 'n03218198', 'n03220513', 'n03223299', 'n03240683', 'n03249569', 'n03250847', 'n03255030', 'n03259280', 'n03271574', 'n03272010', 'n03272562', 'n03290653', 'n03291819', 'n03297495', 'n03314780', 'n03325584', 'n03337140', 'n03344393', 'n03345487', 'n03347037', 'n03355925', 'n03372029', 'n03376595', 'n03379051', 'n03384352', 'n03388183', 'n03388549', 'n03393912', 'n03394916', 'n03400231', 'n03404251', 'n03417042', 'n03424325', 'n03425413', 'n03443371', 'n03444034', 'n03445777', 'n03445924', 'n03447447', 'n03447721', 'n03450230', 'n03452741', 'n03457902', 'n03459775', 'n03461385', 'n03467068', 'n03476684', 'n03476991', 'n03478589', 'n03481172', 'n03482405', 'n03483316', 'n03485407', 'n03485794', 'n03492542', 'n03494278', 'n03495258', 'n03496892', 'n03498962', 'n03527444', 'n03529860', 'n03530642', 'n03532672', 'n03534580', 'n03535780', 'n03538406', 'n03544143', 'n03584254', 'n03584829', 'n03590841', 'n03594734', 'n03594945', 'n03595614', 'n03598930', 'n03599486', 'n03602883', 'n03617480', 'n03623198', 'n03627232', 'n03630383', 'n03633091', 'n03637318', 'n03642806', 'n03649909', 'n03657121', 'n03658185', 'n03661043', 'n03662601', 'n03666591', 'n03670208', 'n03673027', 'n03676483', 'n03680355', 'n03690938', 'n03691459', 'n03692522', 'n03697007', 'n03706229', 'n03709823', 'n03710193', 'n03710637', 'n03710721', 'n03717622', 'n03720891', 'n03721384', 'n03724870', 'n03729826', 'n03733131', 'n03733281', 'n03733805', 'n03742115', 'n03743016', 'n03759954', 'n03761084', 'n03763968', 'n03764736', 'n03769881', 'n03770439', 'n03770679', 'n03773504', 'n03775071', 'n03775546', 'n03776460', 'n03777568', 'n03777754', 'n03781244', 'n03782006', 'n03785016', 'n03786901', 'n03787032', 'n03788195', 'n03788365', 'n03791053', 'n03792782', 'n03792972', 'n03793489', 'n03794056', 'n03796401', 'n03803284', 'n03804744', 'n03814639', 'n03814906', 'n03825788', 'n03832673', 'n03837869', 'n03838899', 'n03840681', 'n03841143', 'n03843555', 'n03854065', 'n03857828', 'n03866082', 'n03868242', 'n03868863', 'n03871628', 'n03873416', 'n03874293', 'n03874599', 'n03876231', 'n03877472', 'n03877845', 'n03884397', 'n03887697', 'n03888257', 'n03888605', 'n03891251', 'n03891332', 'n03895866', 'n03899768', 'n03902125', 'n03903868', 'n03908618', 'n03916031', 'n03920288', 'n03929660', 'n03930313', 'n03930630', 'n03933933', 'n03935335', 'n03937543', 'n03938244', 'n03942813', 'n03950228', 'n03956157', 'n03958227', 'n03961711', 'n03967562', 'n03970156', 'n03976467', 'n03976657', 'n03977966', 'n03980874', 'n03982430', 'n03983396', 'n03992509', 'n03995372', 'n03998194', 'n04004767', 'n04005630', 'n04008634', 'n04009552', 'n04019541', 'n04023962', 'n04026417', 'n04033901', 'n04033995', 'n04037443', 'n04039381', 'n04040759', 'n04041544', 'n04044716', 'n04049303', 'n04065272', 'n04067472', 'n04070727', 'n04074963', 'n04081281', 'n04090263', 'n04099969', 'n04111531', 'n04116512', 'n04118538', 'n04118776', 'n04120489', 'n04125021', 'n04127249', 'n04131690', 'n04133789', 'n04136333', 'n04141076', 'n04141327', 'n04141975', 'n04146614', 'n04147183', 'n04149813', 'n04152593', 'n04153751', 'n04154565', 'n04162706', 'n04179913', 'n04192698', 'n04200800', 'n04201297', 'n04204238', 'n04204347', 'n04208210', 'n04209133', 'n04209239', 'n04228054', 'n04229816', 'n04235860', 'n04238763', 'n04239074', 'n04243546', 'n04252077', 'n04252225', 'n04254120', 'n04254680', 'n04254777', 'n04258138', 'n04259630', 'n04263257', 'n04264628', 'n04265275', 'n04270147', 'n04273569', 'n04275548', 'n04277352', 'n04286575', 'n04296562', 'n04310018', 'n04311004', 'n04311174', 'n04317175', 'n04325704', 'n04326547', 'n04328186', 'n04330267', 'n04332243', 'n04335435', 'n04336792', 'n04346328', 'n04347754', 'n04350905', 'n04355338', 'n04355933', 'n04356056', 'n04357314', 'n04366367', 'n04367480', 'n04370456', 'n04371430', 'n04371774', 'n04372370', 'n04376876', 'n04380533', 'n04389033', 'n04392985', 'n04398044', 'n04399382', 'n04404412', 'n04409515', 'n04418357', 'n04423845', 'n04428191', 'n04429376', 'n04435653', 'n04442312', 'n04443257', 'n04447861', 'n04456115', 'n04458633', 'n04461696', 'n04462240', 'n04465501', 'n04467665', 'n04476259', 'n04479046', 'n04482393', 'n04483307', 'n04485082', 'n04486054', 'n04487081', 'n04487394', 'n04493381', 'n04501370', 'n04505470', 'n04507155', 'n04509417', 'n04515003', 'n04517823', 'n04522168', 'n04523525', 'n04525038', 'n04525305', 'n04532106', 'n04532670', 'n04536866', 'n04540053', 'n04548280', 'n04548362', 'n04550184', 'n04552348', 'n04553703', 'n04554684', 'n04557648', 'n04560804', 'n04562935', 'n04579145', 'n04579432', 'n04584207', 'n04589890', 'n04590129', 'n04591157', 'n04591713', 'n04592741', 'n04596742', 'n04597913', 'n04599235', 'n04604644', 'n04606251', 'n04612504', 'n04613696', 'n06359193', 'n06596364', 'n06785654', 'n06794110', 'n06874185', 'n07248320', 'n07565083', 'n07579787', 'n07583066', 'n07584110', 'n07590611', 'n07613480', 'n07614500', 'n07615774', 'n07684084', 'n07693725', 'n07695742', 'n07697313', 'n07697537', 'n07711569', 'n07714571', 'n07714990', 'n07715103', 'n07716358', 'n07716906', 'n07717410', 'n07717556', 'n07718472', 'n07718747', 'n07720875', 'n07730033', 'n07734744', 'n07742313', 'n07745940', 'n07749582', 'n07753113', 'n07753275', 'n07753592', 'n07754684', 'n07760859', 'n07768694', 'n07802026', 'n07831146', 'n07836838', 'n07860988', 'n07871810', 'n07873807', 'n07875152', 'n07880968', 'n07892512', 'n07920052', 'n07930864', 'n07932039', 'n09193705', 'n09229709', 'n09246464', 'n09256479', 'n09288635', 'n09332890', 'n09399592', 'n09421951', 'n09428293', 'n09468604', 'n09472597', 'n09835506', 'n10148035', 'n10565667', 'n11879895', 'n11939491', 'n12057211', 'n12144580', 'n12267677', 'n12620546', 'n12768682', 'n12985857', 'n12998815', 'n13037406', 'n13040303', 'n13044778', 'n13052670', 'n13054560', 'n13133613', 'n15075141']
            0
0   n04344873
1   n02823750
2   n03924679
3   n04266014
4   n01871265
5   n02687172
6   n02445715
7   n01749939
8   n02988304
9   n02090622
10  n03388043
11  n02865351
12  n02011460
13  n02105412
14  n03929855
15  n02109047
16  n02486410
17  n03947888
18  n03095699
19  n02099601
20  n03954731
21  n03908714
22  n02488702
23  n02106382
24  n04417672
25  n02965783
26  n02094433
27  n01685808
28  n03944341
29  n04251144
30  n03089624
31  n02058221
32  n02971356
33  n04086273
34  n04069434
35  n02794156
36  n03991062
37  n07747607
38  n02099267
39  n01616318
40  n04285008
41  n04542943
1227158
train_datast length is 1227158
47897
valid_dataset length is 47897
{0: 0, 1: 1, 2: 2, 3: 3, 4: 4, 5: 5, 6: 6, 7: 7, 8: 8, 9: 9, 10: 10, 11: 11, 12: 12, 13: 13, 14: 14, 15: 15, 16: 16, 17: 17, 18: 18, 19: 19, 20: 20, 21: 21, 22: 22, 24: 23, 25: 24, 26: 25, 27: 26, 28: 27, 29: 28, 30: 29, 31: 30, 32: 31, 33: 32, 34: 33, 35: 34, 36: 35, 37: 36, 38: 37, 39: 38, 40: 39, 42: 40, 43: 41, 44: 42, 45: 43, 46: 44, 47: 45, 48: 46, 49: 47, 50: 48, 51: 49, 52: 50, 53: 51, 54: 52, 55: 53, 56: 54, 57: 55, 58: 56, 59: 57, 60: 58, 61: 59, 62: 60, 63: 61, 65: 62, 66: 63, 67: 64, 68: 65, 69: 66, 70: 67, 71: 68, 72: 69, 73: 70, 74: 71, 75: 72, 76: 73, 77: 74, 78: 75, 79: 76, 80: 77, 81: 78, 82: 79, 83: 80, 84: 81, 85: 82, 86: 83, 87: 84, 88: 85, 89: 86, 90: 87, 91: 88, 92: 89, 93: 90, 94: 91, 95: 92, 96: 93, 97: 94, 98: 95, 99: 96, 100: 97, 102: 98, 103: 99, 104: 100, 105: 101, 106: 102, 107: 103, 108: 104, 109: 105, 110: 106, 111: 107, 112: 108, 113: 109, 114: 110, 115: 111, 116: 112, 117: 113, 118: 114, 119: 115, 120: 116, 121: 117, 122: 118, 123: 119, 124: 120, 125: 121, 126: 122, 127: 123, 128: 124, 129: 125, 130: 126, 131: 127, 132: 128, 134: 129, 135: 130, 136: 131, 137: 132, 138: 133, 139: 134, 140: 135, 141: 136, 142: 137, 143: 138, 144: 139, 145: 140, 147: 141, 148: 142, 149: 143, 150: 144, 151: 145, 152: 146, 153: 147, 154: 148, 155: 149, 156: 150, 157: 151, 158: 152, 159: 153, 160: 154, 161: 155, 162: 156, 163: 157, 164: 158, 165: 159, 166: 160, 167: 161, 168: 162, 170: 163, 171: 164, 172: 165, 173: 166, 174: 167, 175: 168, 176: 169, 177: 170, 178: 171, 179: 172, 180: 173, 181: 174, 182: 175, 183: 176, 184: 177, 185: 178, 186: 179, 188: 180, 189: 181, 190: 182, 191: 183, 192: 184, 193: 185, 194: 186, 195: 187, 196: 188, 197: 189, 198: 190, 199: 191, 200: 192, 201: 193, 202: 194, 203: 195, 204: 196, 206: 197, 208: 198, 209: 199, 210: 200, 211: 201, 212: 202, 213: 203, 214: 204, 215: 205, 216: 206, 217: 207, 218: 208, 219: 209, 220: 210, 221: 211, 222: 212, 223: 213, 224: 214, 225: 215, 226: 216, 228: 217, 229: 218, 230: 219, 231: 220, 232: 221, 234: 222, 235: 223, 236: 224, 237: 225, 238: 226, 239: 227, 240: 228, 241: 229, 242: 230, 243: 231, 244: 232, 245: 233, 247: 234, 248: 235, 249: 236, 250: 237, 251: 238, 252: 239, 253: 240, 254: 241, 255: 242, 256: 243, 257: 244, 258: 245, 259: 246, 260: 247, 261: 248, 262: 249, 263: 250, 264: 251, 265: 252, 266: 253, 267: 254, 268: 255, 269: 256, 270: 257, 271: 258, 272: 259, 273: 260, 274: 261, 275: 262, 276: 263, 277: 264, 278: 265, 279: 266, 280: 267, 281: 268, 282: 269, 283: 270, 284: 271, 285: 272, 286: 273, 287: 274, 288: 275, 289: 276, 290: 277, 291: 278, 292: 279, 293: 280, 294: 281, 295: 282, 296: 283, 297: 284, 298: 285, 299: 286, 300: 287, 301: 288, 302: 289, 303: 290, 304: 291, 305: 292, 306: 293, 307: 294, 308: 295, 309: 296, 310: 297, 311: 298, 312: 299, 313: 300, 314: 301, 315: 302, 316: 303, 317: 304, 318: 305, 319: 306, 320: 307, 321: 308, 322: 309, 323: 310, 324: 311, 325: 312, 326: 313, 327: 314, 328: 315, 329: 316, 330: 317, 331: 318, 332: 319, 333: 320, 334: 321, 335: 322, 336: 323, 337: 324, 338: 325, 339: 326, 340: 327, 341: 328, 342: 329, 343: 330, 344: 331, 345: 332, 346: 333, 347: 334, 348: 335, 349: 336, 350: 337, 351: 338, 352: 339, 353: 340, 354: 341, 355: 342, 356: 343, 357: 344, 358: 345, 359: 346, 360: 347, 362: 348, 363: 349, 364: 350, 365: 351, 366: 352, 367: 353, 368: 354, 369: 355, 370: 356, 371: 357, 373: 358, 374: 359, 376: 360, 377: 361, 378: 362, 379: 363, 380: 364, 381: 365, 382: 366, 383: 367, 384: 368, 385: 369, 386: 370, 387: 371, 388: 372, 389: 373, 390: 374, 391: 375, 392: 376, 393: 377, 394: 378, 395: 379, 396: 380, 397: 381, 398: 382, 399: 383, 400: 384, 401: 385, 402: 386, 404: 387, 405: 388, 406: 389, 407: 390, 408: 391, 409: 392, 410: 393, 411: 394, 412: 395, 413: 396, 414: 397, 415: 398, 416: 399, 417: 400, 418: 401, 419: 402, 420: 403, 421: 404, 422: 405, 423: 406, 424: 407, 425: 408, 427: 409, 428: 410, 429: 411, 430: 412, 431: 413, 432: 414, 433: 415, 434: 416, 435: 417, 436: 418, 437: 419, 438: 420, 439: 421, 440: 422, 442: 423, 443: 424, 444: 425, 445: 426, 446: 427, 447: 428, 448: 429, 449: 430, 450: 431, 452: 432, 453: 433, 454: 434, 455: 435, 456: 436, 457: 437, 458: 438, 459: 439, 460: 440, 461: 441, 462: 442, 463: 443, 464: 444, 465: 445, 466: 446, 467: 447, 468: 448, 469: 449, 470: 450, 471: 451, 472: 452, 473: 453, 474: 454, 476: 455, 477: 456, 479: 457, 480: 458, 481: 459, 482: 460, 483: 461, 484: 462, 486: 463, 487: 464, 488: 465, 489: 466, 490: 467, 491: 468, 492: 469, 493: 470, 494: 471, 495: 472, 496: 473, 497: 474, 498: 475, 499: 476, 500: 477, 501: 478, 502: 479, 503: 480, 504: 481, 505: 482, 506: 483, 507: 484, 508: 485, 511: 486, 512: 487, 513: 488, 514: 489, 515: 490, 516: 491, 517: 492, 518: 493, 519: 494, 520: 495, 521: 496, 522: 497, 523: 498, 524: 499, 525: 500, 526: 501, 527: 502, 528: 503, 529: 504, 530: 505, 531: 506, 532: 507, 533: 508, 534: 509, 535: 510, 536: 511, 537: 512, 538: 513, 539: 514, 540: 515, 541: 516, 542: 517, 543: 518, 544: 519, 545: 520, 546: 521, 547: 522, 548: 523, 549: 524, 550: 525, 551: 526, 552: 527, 553: 528, 554: 529, 555: 530, 556: 531, 557: 532, 558: 533, 559: 534, 560: 535, 561: 536, 563: 537, 564: 538, 565: 539, 566: 540, 567: 541, 568: 542, 569: 543, 570: 544, 571: 545, 572: 546, 573: 547, 574: 548, 575: 549, 576: 550, 577: 551, 578: 552, 579: 553, 580: 554, 581: 555, 582: 556, 583: 557, 584: 558, 585: 559, 586: 560, 587: 561, 588: 562, 589: 563, 590: 564, 591: 565, 592: 566, 593: 567, 594: 568, 595: 569, 596: 570, 597: 571, 598: 572, 599: 573, 600: 574, 601: 575, 602: 576, 603: 577, 604: 578, 605: 579, 606: 580, 607: 581, 608: 582, 609: 583, 610: 584, 611: 585, 612: 586, 613: 587, 614: 588, 615: 589, 616: 590, 617: 591, 618: 592, 619: 593, 620: 594, 621: 595, 622: 596, 623: 597, 624: 598, 625: 599, 626: 600, 627: 601, 628: 602, 629: 603, 630: 604, 631: 605, 632: 606, 633: 607, 634: 608, 635: 609, 636: 610, 637: 611, 638: 612, 639: 613, 640: 614, 641: 615, 642: 616, 643: 617, 644: 618, 645: 619, 646: 620, 647: 621, 648: 622, 649: 623, 650: 624, 651: 625, 652: 626, 653: 627, 654: 628, 655: 629, 656: 630, 657: 631, 658: 632, 659: 633, 660: 634, 661: 635, 662: 636, 663: 637, 664: 638, 665: 639, 666: 640, 667: 641, 668: 642, 669: 643, 670: 644, 671: 645, 672: 646, 673: 647, 674: 648, 675: 649, 676: 650, 677: 651, 678: 652, 679: 653, 680: 654, 681: 655, 682: 656, 683: 657, 684: 658, 685: 659, 686: 660, 687: 661, 688: 662, 689: 663, 690: 664, 691: 665, 692: 666, 693: 667, 694: 668, 695: 669, 696: 670, 697: 671, 698: 672, 699: 673, 700: 674, 701: 675, 702: 676, 703: 677, 704: 678, 705: 679, 706: 680, 707: 681, 708: 682, 709: 683, 711: 684, 712: 685, 714: 686, 716: 687, 717: 688, 718: 689, 719: 690, 720: 691, 721: 692, 722: 693, 725: 694, 727: 695, 728: 696, 729: 697, 730: 698, 731: 699, 732: 700, 733: 701, 734: 702, 735: 703, 736: 704, 737: 705, 739: 706, 740: 707, 741: 708, 742: 709, 743: 710, 744: 711, 745: 712, 746: 713, 747: 714, 748: 715, 749: 716, 750: 717, 751: 718, 752: 719, 753: 720, 754: 721, 755: 722, 756: 723, 757: 724, 758: 725, 760: 726, 761: 727, 762: 728, 764: 729, 765: 730, 766: 731, 767: 732, 768: 733, 769: 734, 770: 735, 771: 736, 772: 737, 773: 738, 774: 739, 775: 740, 776: 741, 777: 742, 778: 743, 779: 744, 780: 745, 781: 746, 782: 747, 783: 748, 784: 749, 785: 750, 786: 751, 787: 752, 788: 753, 789: 754, 790: 755, 791: 756, 792: 757, 793: 758, 794: 759, 795: 760, 796: 761, 797: 762, 798: 763, 799: 764, 800: 765, 802: 766, 803: 767, 804: 768, 805: 769, 806: 770, 807: 771, 808: 772, 809: 773, 810: 774, 811: 775, 813: 776, 814: 777, 815: 778, 816: 779, 818: 780, 819: 781, 820: 782, 821: 783, 822: 784, 823: 785, 824: 786, 825: 787, 826: 788, 827: 789, 828: 790, 829: 791, 830: 792, 832: 793, 833: 794, 834: 795, 835: 796, 836: 797, 837: 798, 838: 799, 839: 800, 840: 801, 841: 802, 842: 803, 843: 804, 844: 805, 845: 806, 846: 807, 847: 808, 848: 809, 849: 810, 850: 811, 851: 812, 852: 813, 854: 814, 855: 815, 856: 816, 857: 817, 858: 818, 859: 819, 860: 820, 861: 821, 862: 822, 863: 823, 864: 824, 865: 825, 866: 826, 867: 827, 868: 828, 869: 829, 870: 830, 871: 831, 872: 832, 873: 833, 874: 834, 875: 835, 876: 836, 877: 837, 878: 838, 879: 839, 880: 840, 881: 841, 882: 842, 883: 843, 884: 844, 885: 845, 886: 846, 887: 847, 888: 848, 889: 849, 890: 850, 892: 851, 893: 852, 894: 853, 895: 854, 896: 855, 897: 856, 898: 857, 899: 858, 900: 859, 901: 860, 902: 861, 903: 862, 904: 863, 905: 864, 906: 865, 907: 866, 908: 867, 909: 868, 910: 869, 911: 870, 912: 871, 913: 872, 914: 873, 915: 874, 916: 875, 917: 876, 918: 877, 919: 878, 920: 879, 921: 880, 922: 881, 923: 882, 924: 883, 925: 884, 926: 885, 927: 886, 928: 887, 929: 888, 930: 889, 931: 890, 932: 891, 933: 892, 934: 893, 935: 894, 936: 895, 937: 896, 938: 897, 939: 898, 940: 899, 941: 900, 942: 901, 943: 902, 944: 903, 945: 904, 946: 905, 947: 906, 948: 907, 949: 908, 951: 909, 952: 910, 953: 911, 954: 912, 955: 913, 956: 914, 957: 915, 958: 916, 959: 917, 960: 918, 961: 919, 962: 920, 963: 921, 964: 922, 965: 923, 966: 924, 967: 925, 968: 926, 969: 927, 970: 928, 971: 929, 972: 930, 973: 931, 974: 932, 975: 933, 976: 934, 977: 935, 978: 936, 979: 937, 980: 938, 981: 939, 982: 940, 983: 941, 984: 942, 985: 943, 986: 944, 987: 945, 988: 946, 989: 947, 990: 948, 991: 949, 992: 950, 993: 951, 994: 952, 995: 953, 996: 954, 997: 955, 998: 956, 999: 957}
training set
4794
validating  set
375
Epoch: [0][   0/4794]	Time 17.684 (17.684)	Data 16.687 (16.687)	Loss 6.8644e+00 (6.8644e+00)	Acc@1   0.00 (  0.00)	Acc@5   0.00 (  0.00)
Epoch: [0][ 200/4794]	Time  0.956 ( 0.490)	Data  0.924 ( 0.364)	Loss 6.8642e+00 (6.8648e+00)	Acc@1   0.00 (  0.08)	Acc@5   1.56 (  0.47)
Epoch: [0][ 400/4794]	Time  0.085 ( 0.472)	Data  0.000 ( 0.207)	Loss 6.8643e+00 (6.8647e+00)	Acc@1   0.00 (  0.11)	Acc@5   0.00 (  0.54)
Epoch: [0][ 600/4794]	Time  0.079 ( 0.467)	Data  0.000 ( 0.143)	Loss 6.8691e+00 (6.8644e+00)	Acc@1   0.00 (  0.11)	Acc@5   0.00 (  0.56)
Epoch: [0][ 800/4794]	Time  0.081 ( 0.460)	Data  0.000 ( 0.165)	Loss 6.8574e+00 (6.8630e+00)	Acc@1   0.00 (  0.11)	Acc@5   0.78 (  0.56)
Epoch: [0][1000/4794]	Time  0.093 ( 0.455)	Data  0.000 ( 0.201)	Loss 6.8609e+00 (6.8607e+00)	Acc@1   0.00 (  0.10)	Acc@5   0.00 (  0.56)
Epoch: [0][1200/4794]	Time  0.079 ( 0.450)	Data  0.000 ( 0.226)	Loss 6.8161e+00 (6.8577e+00)	Acc@1   0.00 (  0.11)	Acc@5   1.56 (  0.58)
Epoch: [0][1400/4794]	Time  0.080 ( 0.448)	Data  0.000 ( 0.246)	Loss 6.8563e+00 (6.8542e+00)	Acc@1   0.00 (  0.12)	Acc@5   0.00 (  0.62)
Epoch: [0][1600/4794]	Time  0.074 ( 0.442)	Data  0.000 ( 0.256)	Loss 6.7999e+00 (6.8495e+00)	Acc@1   0.00 (  0.12)	Acc@5   0.78 (  0.65)
Epoch: [0][1800/4794]	Time  0.246 ( 0.439)	Data  0.000 ( 0.262)	Loss 6.8024e+00 (6.8438e+00)	Acc@1   0.78 (  0.13)	Acc@5   1.56 (  0.68)
Epoch: [0][2000/4794]	Time  1.359 ( 0.436)	Data  0.000 ( 0.248)	Loss 6.7380e+00 (6.8371e+00)	Acc@1   0.00 (  0.14)	Acc@5   0.00 (  0.71)
Epoch: [0][2200/4794]	Time  0.091 ( 0.434)	Data  0.000 ( 0.232)	Loss 6.7825e+00 (6.8306e+00)	Acc@1   0.00 (  0.14)	Acc@5   0.00 (  0.73)
Epoch: [0][2400/4794]	Time  0.081 ( 0.432)	Data  0.000 ( 0.227)	Loss 6.6616e+00 (6.8243e+00)	Acc@1   0.78 (  0.15)	Acc@5   4.69 (  0.75)
Epoch: [0][2600/4794]	Time  0.089 ( 0.429)	Data  0.000 ( 0.232)	Loss 6.6645e+00 (6.8182e+00)	Acc@1   0.00 (  0.15)	Acc@5   1.56 (  0.78)
Epoch: [0][2800/4794]	Time  0.081 ( 0.427)	Data  0.000 ( 0.240)	Loss 6.7471e+00 (6.8116e+00)	Acc@1   0.00 (  0.16)	Acc@5   0.00 (  0.81)
Epoch: [0][3000/4794]	Time  0.076 ( 0.425)	Data  0.000 ( 0.247)	Loss 6.5747e+00 (6.8034e+00)	Acc@1   0.00 (  0.17)	Acc@5   2.34 (  0.85)
Epoch: [0][3200/4794]	Time  0.083 ( 0.424)	Data  0.000 ( 0.253)	Loss 6.5466e+00 (6.7929e+00)	Acc@1   0.00 (  0.18)	Acc@5   0.00 (  0.88)
Epoch: [0][3400/4794]	Time  0.092 ( 0.423)	Data  0.000 ( 0.259)	Loss 6.5642e+00 (6.7809e+00)	Acc@1   0.78 (  0.19)	Acc@5   1.56 (  0.93)
Epoch: [0][3600/4794]	Time  0.073 ( 0.422)	Data  0.000 ( 0.263)	Loss 6.5776e+00 (6.7678e+00)	Acc@1   0.78 (  0.20)	Acc@5   0.78 (  0.99)
Epoch: [0][3800/4794]	Time  0.090 ( 0.422)	Data  0.000 ( 0.267)	Loss 6.6130e+00 (6.7526e+00)	Acc@1   2.34 (  0.23)	Acc@5   3.12 (  1.08)
Epoch: [0][4000/4794]	Time  0.083 ( 0.421)	Data  0.000 ( 0.270)	Loss 6.4580e+00 (6.7360e+00)	Acc@1   0.00 (  0.25)	Acc@5   0.78 (  1.17)
Epoch: [0][4200/4794]	Time  0.080 ( 0.420)	Data  0.000 ( 0.272)	Loss 6.3229e+00 (6.7169e+00)	Acc@1   1.56 (  0.28)	Acc@5   4.69 (  1.28)
Epoch: [0][4400/4794]	Time  0.933 ( 0.419)	Data  0.894 ( 0.270)	Loss 6.1629e+00 (6.6958e+00)	Acc@1   0.00 (  0.31)	Acc@5   5.47 (  1.42)
Epoch: [0][4600/4794]	Time  1.324 ( 0.417)	Data  1.293 ( 0.272)	Loss 6.2419e+00 (6.6746e+00)	Acc@1   3.91 (  0.35)	Acc@5  10.16 (  1.59)
Epoch: [0][   0/4794]	Time 17.674 (17.674)	Data 16.491 (16.491)	Loss 6.8656e+00 (6.8656e+00)	Acc@1   0.00 (  0.00)	Acc@5   0.00 (  0.00)
Epoch: [0][ 200/4794]	Time  1.525 ( 0.492)	Data  1.494 ( 0.298)	Loss 6.8632e+00 (6.8649e+00)	Acc@1   0.00 (  0.10)	Acc@5   0.00 (  0.53)
Epoch: [0][ 400/4794]	Time  1.581 ( 0.476)	Data  1.549 ( 0.343)	Loss 6.8650e+00 (6.8647e+00)	Acc@1   0.00 (  0.11)	Acc@5   0.78 (  0.56)
Epoch: [0][ 600/4794]	Time  1.490 ( 0.470)	Data  1.458 ( 0.357)	Loss 6.8675e+00 (6.8644e+00)	Acc@1   0.00 (  0.11)	Acc@5   0.00 (  0.57)
Epoch: [0][ 800/4794]	Time  0.269 ( 0.460)	Data  0.000 ( 0.357)	Loss 6.8577e+00 (6.8628e+00)	Acc@1   0.00 (  0.11)	Acc@5   0.00 (  0.56)
Epoch: [0][1000/4794]	Time  1.439 ( 0.455)	Data  0.000 ( 0.338)	Loss 6.8682e+00 (6.8601e+00)	Acc@1   0.00 (  0.11)	Acc@5   0.00 (  0.55)
Epoch: [0][1200/4794]	Time  1.399 ( 0.450)	Data  0.000 ( 0.316)	Loss 6.8471e+00 (6.8574e+00)	Acc@1   0.00 (  0.11)	Acc@5   0.00 (  0.57)
Epoch: [0][1400/4794]	Time  1.541 ( 0.448)	Data  0.000 ( 0.271)	Loss 6.8489e+00 (6.8540e+00)	Acc@1   0.78 (  0.12)	Acc@5   2.34 (  0.60)
Epoch: [0][1600/4794]	Time  0.081 ( 0.442)	Data  0.000 ( 0.269)	Loss 6.8325e+00 (6.8495e+00)	Acc@1   0.00 (  0.13)	Acc@5   0.00 (  0.62)
Epoch: [0][1800/4794]	Time  0.080 ( 0.439)	Data  0.000 ( 0.271)	Loss 6.7672e+00 (6.8437e+00)	Acc@1   0.00 (  0.13)	Acc@5   2.34 (  0.66)
Epoch: [0][2000/4794]	Time  0.085 ( 0.436)	Data  0.000 ( 0.278)	Loss 6.7199e+00 (6.8371e+00)	Acc@1   0.00 (  0.13)	Acc@5   0.00 (  0.69)
Epoch: [0][2200/4794]	Time  0.123 ( 0.434)	Data  0.000 ( 0.283)	Loss 6.7332e+00 (6.8307e+00)	Acc@1   0.78 (  0.14)	Acc@5   2.34 (  0.71)
Epoch: [0][2400/4794]	Time  0.404 ( 0.432)	Data  0.000 ( 0.281)	Loss 6.7321e+00 (6.8246e+00)	Acc@1   1.56 (  0.15)	Acc@5   4.69 (  0.73)
Epoch: [0][2600/4794]	Time  0.570 ( 0.429)	Data  0.140 ( 0.279)	Loss 6.7081e+00 (6.8182e+00)	Acc@1   0.00 (  0.15)	Acc@5   0.00 (  0.76)
Epoch: [0][2800/4794]	Time  0.648 ( 0.427)	Data  0.000 ( 0.269)	Loss 6.6731e+00 (6.8123e+00)	Acc@1   0.00 (  0.16)	Acc@5   0.00 (  0.79)
Epoch: [0][3000/4794]	Time  0.087 ( 0.425)	Data  0.000 ( 0.260)	Loss 6.7215e+00 (6.8047e+00)	Acc@1   0.00 (  0.17)	Acc@5   0.78 (  0.82)
Epoch: [0][3200/4794]	Time  1.152 ( 0.424)	Data  0.000 ( 0.244)	Loss 6.5934e+00 (6.7935e+00)	Acc@1   0.78 (  0.18)	Acc@5   1.56 (  0.87)
Epoch: [0][3400/4794]	Time  1.251 ( 0.423)	Data  0.000 ( 0.230)	Loss 6.5443e+00 (6.7818e+00)	Acc@1   0.78 (  0.19)	Acc@5   2.34 (  0.92)
Epoch: [0][3600/4794]	Time  1.285 ( 0.422)	Data  0.000 ( 0.218)	Loss 6.5321e+00 (6.7686e+00)	Acc@1   0.78 (  0.20)	Acc@5   3.12 (  0.97)
Epoch: [0][3800/4794]	Time  1.276 ( 0.422)	Data  0.000 ( 0.207)	Loss 6.4751e+00 (6.7536e+00)	Acc@1   1.56 (  0.22)	Acc@5   3.91 (  1.04)
Epoch: [0][4000/4794]	Time  1.480 ( 0.421)	Data  0.000 ( 0.197)	Loss 6.3894e+00 (6.7366e+00)	Acc@1   0.78 (  0.24)	Acc@5   2.34 (  1.15)
Epoch: [0][4200/4794]	Time  0.786 ( 0.420)	Data  0.000 ( 0.189)	Loss 6.3885e+00 (6.7175e+00)	Acc@1   0.78 (  0.26)	Acc@5   2.34 (  1.26)
Epoch: [0][4400/4794]	Time  0.379 ( 0.419)	Data  0.347 ( 0.191)	Loss 6.1258e+00 (6.6972e+00)	Acc@1   4.69 (  0.30)	Acc@5   9.38 (  1.40)
Epoch: [0][4600/4794]	Time  0.784 ( 0.417)	Data  0.753 ( 0.195)	Loss 6.2233e+00 (6.6762e+00)	Acc@1   0.78 (  0.34)	Acc@5   4.69 (  1.55)
Test: [  0/375]	Time 10.620 (10.620)	Loss 6.1099e+00 (6.1099e+00)	Acc@1   2.34 (  2.34)	Acc@5  22.66 ( 22.66)
Test: [ 10/375]	Time  0.028 ( 1.261)	Loss 6.3722e+00 (6.1742e+00)	Acc@1   0.00 (  1.21)	Acc@5   0.00 ( 10.80)
Test: [ 20/375]	Time  0.484 ( 0.841)	Loss 6.4218e+00 (6.2260e+00)	Acc@1   0.00 (  0.82)	Acc@5   0.00 (  6.47)
Test: [ 30/375]	Time  0.028 ( 0.688)	Loss 6.1815e+00 (6.2571e+00)	Acc@1   0.00 (  0.66)	Acc@5   0.00 (  4.71)
Test: [ 40/375]	Time  0.534 ( 0.600)	Loss 5.6973e+00 (6.2868e+00)	Acc@1  28.91 (  1.22)	Acc@5  36.72 (  4.80)
Test: [ 50/375]	Time  0.028 ( 0.554)	Loss 6.5392e+00 (6.3006e+00)	Acc@1   0.00 (  0.98)	Acc@5   0.00 (  4.27)
Test: [ 60/375]	Time  0.337 ( 0.518)	Loss 6.1840e+00 (6.2853e+00)	Acc@1   0.00 (  1.13)	Acc@5   0.00 (  4.74)
Test: [ 70/375]	Time  0.028 ( 0.503)	Loss 6.0726e+00 (6.2733e+00)	Acc@1   0.00 (  0.97)	Acc@5   0.00 (  4.21)
Test: [ 80/375]	Time  0.028 ( 0.474)	Loss 5.9057e+00 (6.2464e+00)	Acc@1   0.00 (  0.94)	Acc@5   5.47 (  4.28)
Test: [ 90/375]	Time  0.028 ( 0.467)	Loss 5.9594e+00 (6.2316e+00)	Acc@1   0.00 (  1.04)	Acc@5   0.00 (  4.35)
Test: [100/375]	Time  0.213 ( 0.452)	Loss 5.7993e+00 (6.2178e+00)	Acc@1   0.78 (  0.97)	Acc@5   7.81 (  4.14)
Test: [110/375]	Time  0.029 ( 0.453)	Loss 6.0848e+00 (6.1905e+00)	Acc@1   1.56 (  0.94)	Acc@5   9.38 (  4.25)
Test: [120/375]	Time  0.028 ( 0.443)	Loss 6.4763e+00 (6.2077e+00)	Acc@1   0.00 (  0.88)	Acc@5   1.56 (  4.08)
Test: [130/375]	Time  0.059 ( 0.439)	Loss 6.2479e+00 (6.2050e+00)	Acc@1   0.00 (  1.10)	Acc@5   0.78 (  4.57)
Test: [140/375]	Time  0.049 ( 0.427)	Loss 5.8983e+00 (6.1954e+00)	Acc@1   0.00 (  1.02)	Acc@5   4.69 (  4.39)
Test: [150/375]	Time  0.028 ( 0.432)	Loss 7.5647e+00 (6.2092e+00)	Acc@1   0.00 (  0.99)	Acc@5   0.00 (  4.25)
Test: [160/375]	Time  0.028 ( 0.424)	Loss 6.9070e+00 (6.2679e+00)	Acc@1   0.00 (  0.93)	Acc@5   0.00 (  3.99)
Test: [170/375]	Time  0.028 ( 0.425)	Loss 6.8671e+00 (6.3117e+00)	Acc@1   0.00 (  0.88)	Acc@5   0.00 (  3.79)
Test: [180/375]	Time  0.041 ( 0.419)	Loss 7.1527e+00 (6.3562e+00)	Acc@1   0.00 (  0.83)	Acc@5   0.00 (  3.60)
Test: [190/375]	Time  0.028 ( 0.418)	Loss 7.1628e+00 (6.3911e+00)	Acc@1   0.00 (  0.79)	Acc@5   0.00 (  3.49)
Test: [200/375]	Time  0.028 ( 0.410)	Loss 7.2147e+00 (6.4292e+00)	Acc@1   0.00 (  0.75)	Acc@5   0.00 (  3.32)
Test: [210/375]	Time  0.160 ( 0.409)	Loss 7.3736e+00 (6.4639e+00)	Acc@1   0.00 (  0.73)	Acc@5   0.78 (  3.22)
Test: [220/375]	Time  0.028 ( 0.407)	Loss 6.7127e+00 (6.4936e+00)	Acc@1   0.00 (  0.69)	Acc@5   0.00 (  3.08)
Test: [230/375]	Time  0.130 ( 0.407)	Loss 6.5980e+00 (6.5140e+00)	Acc@1   0.00 (  0.69)	Acc@5   0.00 (  3.01)
Test: [240/375]	Time  0.028 ( 0.402)	Loss 7.0994e+00 (6.5364e+00)	Acc@1   0.00 (  0.66)	Acc@5   1.56 (  2.89)
Test: [250/375]	Time  0.275 ( 0.403)	Loss 6.7765e+00 (6.5595e+00)	Acc@1   0.00 (  0.64)	Acc@5   0.00 (  2.80)
Test: [260/375]	Time  0.028 ( 0.399)	Loss 7.0794e+00 (6.5755e+00)	Acc@1   0.00 (  0.62)	Acc@5   1.56 (  2.84)
Test: [270/375]	Time  0.652 ( 0.400)	Loss 6.9807e+00 (6.5920e+00)	Acc@1   0.00 (  0.60)	Acc@5   0.00 (  2.86)
Test: [280/375]	Time  0.028 ( 0.395)	Loss 7.1598e+00 (6.6086e+00)	Acc@1   0.00 (  0.58)	Acc@5   0.00 (  2.77)
Test: [290/375]	Time  0.602 ( 0.396)	Loss 7.2268e+00 (6.6242e+00)	Acc@1   0.78 (  0.57)	Acc@5   2.34 (  2.70)
Test: [300/375]	Time  0.028 ( 0.393)	Loss 6.6270e+00 (6.6353e+00)	Acc@1   0.78 (  0.57)	Acc@5   3.91 (  2.68)
Test: [310/375]	Time  1.153 ( 0.394)	Loss 7.1403e+00 (6.6480e+00)	Acc@1   0.00 (  0.56)	Acc@5   0.00 (  2.61)
Test: [320/375]	Time  0.028 ( 0.390)	Loss 7.1544e+00 (6.6582e+00)	Acc@1   0.00 (  0.54)	Acc@5   0.00 (  2.53)
Test: [330/375]	Time  1.209 ( 0.390)	Loss 7.3786e+00 (6.6787e+00)	Acc@1   0.00 (  0.52)	Acc@5   0.78 (  2.46)
Test: [340/375]	Time  0.076 ( 0.387)	Loss 6.6692e+00 (6.6838e+00)	Acc@1   0.00 (  0.51)	Acc@5   0.00 (  2.44)
Test: [350/375]	Time  1.129 ( 0.388)	Loss 6.2087e+00 (6.6858e+00)	Acc@1   1.56 (  0.51)	Acc@5   7.81 (  2.40)
Test: [360/375]	Time  0.028 ( 0.385)	Loss 6.4552e+00 (6.6792e+00)	Acc@1   0.78 (  0.56)	Acc@5   3.12 (  2.56)
Test: [370/375]	Time  1.121 ( 0.386)	Loss 6.2762e+00 (6.6703e+00)	Acc@1   0.00 (  0.60)	Acc@5   0.78 (  2.68)
 *   Acc@1 0.593 Acc@5 2.658
Adjusting learning rate of group 0 to 1.0000e-02.
Test: [  0/375]	Time 10.588 (10.588)	Loss 6.1408e+00 (6.1408e+00)	Acc@1   3.91 (  3.91)	Acc@5  23.44 ( 23.44)
Test: [ 10/375]	Time  0.028 ( 1.261)	Loss 6.3678e+00 (6.1831e+00)	Acc@1   0.00 (  1.70)	Acc@5   0.00 ( 10.94)
Test: [ 20/375]	Time  0.491 ( 0.840)	Loss 6.4077e+00 (6.2289e+00)	Acc@1   0.00 (  0.93)	Acc@5   0.00 (  6.77)
Test: [ 30/375]	Time  0.028 ( 0.688)	Loss 6.1951e+00 (6.2568e+00)	Acc@1   0.00 (  0.71)	Acc@5   0.78 (  5.07)
Test: [ 40/375]	Time  0.535 ( 0.601)	Loss 5.6934e+00 (6.2871e+00)	Acc@1  28.12 (  1.31)	Acc@5  40.62 (  5.18)
Test: [ 50/375]	Time  0.028 ( 0.554)	Loss 6.5523e+00 (6.3006e+00)	Acc@1   0.00 (  1.07)	Acc@5   0.00 (  4.69)
Test: [ 60/375]	Time  0.330 ( 0.518)	Loss 6.1643e+00 (6.2866e+00)	Acc@1   0.00 (  1.20)	Acc@5   0.00 (  4.88)
Test: [ 70/375]	Time  0.028 ( 0.504)	Loss 6.0110e+00 (6.2737e+00)	Acc@1   0.00 (  1.06)	Acc@5   0.00 (  4.37)
Test: [ 80/375]	Time  0.028 ( 0.474)	Loss 5.8707e+00 (6.2482e+00)	Acc@1   0.00 (  1.01)	Acc@5   3.91 (  4.41)
Test: [ 90/375]	Time  0.028 ( 0.467)	Loss 5.9394e+00 (6.2332e+00)	Acc@1   0.00 (  1.07)	Acc@5   0.00 (  4.44)
Test: [100/375]	Time  0.240 ( 0.452)	Loss 5.8231e+00 (6.2197e+00)	Acc@1   2.34 (  1.04)	Acc@5   5.47 (  4.19)
Test: [110/375]	Time  0.039 ( 0.453)	Loss 6.1256e+00 (6.1914e+00)	Acc@1   2.34 (  1.06)	Acc@5   7.81 (  4.39)
Test: [120/375]	Time  0.028 ( 0.443)	Loss 6.4608e+00 (6.2086e+00)	Acc@1   0.00 (  0.99)	Acc@5   1.56 (  4.20)
Test: [130/375]	Time  0.052 ( 0.439)	Loss 6.2534e+00 (6.2048e+00)	Acc@1   0.78 (  1.17)	Acc@5   0.78 (  4.75)
Test: [140/375]	Time  0.064 ( 0.427)	Loss 5.8673e+00 (6.1947e+00)	Acc@1   0.00 (  1.10)	Acc@5   5.47 (  4.57)
Test: [150/375]	Time  0.028 ( 0.432)	Loss 7.6047e+00 (6.2087e+00)	Acc@1   0.00 (  1.06)	Acc@5   0.00 (  4.40)
Test: [160/375]	Time  0.028 ( 0.424)	Loss 6.9095e+00 (6.2661e+00)	Acc@1   0.00 (  1.00)	Acc@5   0.00 (  4.14)
Test: [170/375]	Time  0.028 ( 0.425)	Loss 6.8780e+00 (6.3098e+00)	Acc@1   0.00 (  0.94)	Acc@5   1.56 (  3.92)
Test: [180/375]	Time  0.029 ( 0.419)	Loss 7.1945e+00 (6.3558e+00)	Acc@1   0.00 (  0.89)	Acc@5   0.00 (  3.72)
Test: [190/375]	Time  0.028 ( 0.418)	Loss 7.1644e+00 (6.3916e+00)	Acc@1   0.00 (  0.85)	Acc@5   0.00 (  3.60)
Test: [200/375]	Time  0.028 ( 0.410)	Loss 7.2622e+00 (6.4299e+00)	Acc@1   0.00 (  0.81)	Acc@5   0.00 (  3.42)
Test: [210/375]	Time  0.124 ( 0.409)	Loss 7.3627e+00 (6.4648e+00)	Acc@1   0.00 (  0.77)	Acc@5   0.00 (  3.30)
Test: [220/375]	Time  0.028 ( 0.407)	Loss 6.7721e+00 (6.4948e+00)	Acc@1   0.00 (  0.74)	Acc@5   0.00 (  3.17)
Test: [230/375]	Time  0.102 ( 0.407)	Loss 6.6202e+00 (6.5155e+00)	Acc@1   0.00 (  0.74)	Acc@5   0.78 (  3.14)
Test: [240/375]	Time  0.028 ( 0.402)	Loss 7.0498e+00 (6.5379e+00)	Acc@1   0.00 (  0.71)	Acc@5   4.69 (  3.04)
Test: [250/375]	Time  0.239 ( 0.403)	Loss 6.8196e+00 (6.5615e+00)	Acc@1   0.00 (  0.68)	Acc@5   0.00 (  2.95)
Test: [260/375]	Time  0.028 ( 0.399)	Loss 7.0824e+00 (6.5770e+00)	Acc@1   0.00 (  0.66)	Acc@5   1.56 (  2.99)
Test: [270/375]	Time  0.659 ( 0.400)	Loss 6.9534e+00 (6.5933e+00)	Acc@1   0.00 (  0.64)	Acc@5   0.00 (  3.01)
Test: [280/375]	Time  0.028 ( 0.395)	Loss 7.1283e+00 (6.6101e+00)	Acc@1   0.00 (  0.62)	Acc@5   0.00 (  2.91)
Test: [290/375]	Time  0.597 ( 0.396)	Loss 7.2973e+00 (6.6263e+00)	Acc@1   1.56 (  0.60)	Acc@5   1.56 (  2.82)
Test: [300/375]	Time  0.028 ( 0.393)	Loss 6.6494e+00 (6.6380e+00)	Acc@1   0.00 (  0.60)	Acc@5   3.91 (  2.79)
Test: [310/375]	Time  1.176 ( 0.394)	Loss 7.2020e+00 (6.6511e+00)	Acc@1   0.00 (  0.58)	Acc@5   0.00 (  2.72)
Test: [320/375]	Time  0.028 ( 0.390)	Loss 7.1997e+00 (6.6614e+00)	Acc@1   0.00 (  0.56)	Acc@5   0.00 (  2.64)
Test: [330/375]	Time  1.187 ( 0.390)	Loss 7.3005e+00 (6.6818e+00)	Acc@1   0.00 (  0.55)	Acc@5   0.00 (  2.56)
Test: [340/375]	Time  0.085 ( 0.387)	Loss 6.7012e+00 (6.6873e+00)	Acc@1   0.00 (  0.54)	Acc@5   0.00 (  2.54)
Test: [350/375]	Time  1.170 ( 0.388)	Loss 6.2097e+00 (6.6894e+00)	Acc@1   2.34 (  0.53)	Acc@5   6.25 (  2.50)
Test: [360/375]	Time  0.028 ( 0.385)	Loss 6.4327e+00 (6.6827e+00)	Acc@1   0.78 (  0.60)	Acc@5   3.12 (  2.70)
Test: [370/375]	Time  1.091 ( 0.386)	Loss 6.3037e+00 (6.6736e+00)	Acc@1   0.00 (  0.65)	Acc@5   0.00 (  2.82)
 *   Acc@1 0.647 Acc@5 2.796
Adjusting learning rate of group 0 to 1.0000e-02.
Epoch: [1][   0/4794]	Time 16.074 (16.074)	Data 16.036 (16.036)	Loss 6.2288e+00 (6.2288e+00)	Acc@1   0.00 (  0.00)	Acc@5   1.56 (  1.56)
Epoch: [1][ 200/4794]	Time  0.080 ( 0.475)	Data  0.000 ( 0.277)	Loss 5.9328e+00 (6.0747e+00)	Acc@1   4.69 (  1.61)	Acc@5   8.59 (  6.22)
Epoch: [1][ 400/4794]	Time  0.221 ( 0.436)	Data  0.183 ( 0.156)	Loss 5.9948e+00 (6.0434e+00)	Acc@1   5.47 (  1.70)	Acc@5  11.72 (  6.65)
Epoch: [1][ 600/4794]	Time  0.831 ( 0.420)	Data  0.799 ( 0.177)	Loss 6.0179e+00 (6.0092e+00)	Acc@1   2.34 (  1.89)	Acc@5   7.03 (  7.14)
Epoch: [1][ 800/4794]	Time  0.424 ( 0.415)	Data  0.390 ( 0.165)	Loss 5.8600e+00 (5.9751e+00)	Acc@1   2.34 (  2.08)	Acc@5  10.94 (  7.67)
Epoch: [1][1000/4794]	Time  0.084 ( 0.410)	Data  0.000 ( 0.178)	Loss 5.8589e+00 (5.9417e+00)	Acc@1   5.47 (  2.24)	Acc@5  10.16 (  8.14)
Epoch: [1][1200/4794]	Time  0.082 ( 0.407)	Data  0.000 ( 0.193)	Loss 5.7879e+00 (5.9119e+00)	Acc@1   3.12 (  2.40)	Acc@5  10.94 (  8.58)
Epoch: [1][1400/4794]	Time  0.095 ( 0.405)	Data  0.000 ( 0.195)	Loss 5.6844e+00 (5.8831e+00)	Acc@1   3.12 (  2.54)	Acc@5   7.81 (  9.01)
Epoch: [1][1600/4794]	Time  0.083 ( 0.405)	Data  0.000 ( 0.178)	Loss 5.7991e+00 (5.8578e+00)	Acc@1   3.91 (  2.69)	Acc@5  14.84 (  9.41)
Epoch: [1][1800/4794]	Time  0.089 ( 0.406)	Data  0.000 ( 0.159)	Loss 5.3256e+00 (5.8268e+00)	Acc@1   7.03 (  2.88)	Acc@5  17.97 (  9.87)
Epoch: [1][2000/4794]	Time  0.087 ( 0.408)	Data  0.000 ( 0.171)	Loss 5.7420e+00 (5.7972e+00)	Acc@1   2.34 (  3.05)	Acc@5   9.38 ( 10.34)
Epoch: [1][2200/4794]	Time  0.075 ( 0.411)	Data  0.000 ( 0.189)	Loss 5.4112e+00 (5.7694e+00)	Acc@1   3.91 (  3.22)	Acc@5  14.06 ( 10.75)
Epoch: [1][2400/4794]	Time  0.081 ( 0.412)	Data  0.000 ( 0.203)	Loss 5.4250e+00 (5.7422e+00)	Acc@1   6.25 (  3.41)	Acc@5  14.06 ( 11.17)
Epoch: [1][2600/4794]	Time  0.177 ( 0.415)	Data  0.000 ( 0.216)	Loss 5.2295e+00 (5.7151e+00)	Acc@1  10.94 (  3.57)	Acc@5  21.88 ( 11.59)
Epoch: [1][2800/4794]	Time  0.709 ( 0.417)	Data  0.000 ( 0.224)	Loss 5.3385e+00 (5.6884e+00)	Acc@1   6.25 (  3.75)	Acc@5  14.84 ( 12.03)
Epoch: [1][3000/4794]	Time  0.935 ( 0.418)	Data  0.000 ( 0.223)	Loss 5.2216e+00 (5.6641e+00)	Acc@1   5.47 (  3.92)	Acc@5  21.88 ( 12.43)
Epoch: [1][3200/4794]	Time  1.264 ( 0.420)	Data  0.000 ( 0.219)	Loss 5.3628e+00 (5.6392e+00)	Acc@1   6.25 (  4.08)	Acc@5  20.31 ( 12.84)
Epoch: [1][3400/4794]	Time  0.496 ( 0.421)	Data  0.000 ( 0.218)	Loss 5.2007e+00 (5.6149e+00)	Acc@1   7.81 (  4.25)	Acc@5  20.31 ( 13.25)
Epoch: [1][3600/4794]	Time  0.103 ( 0.421)	Data  0.000 ( 0.224)	Loss 5.3701e+00 (5.5915e+00)	Acc@1   7.81 (  4.43)	Acc@5  17.97 ( 13.63)
Epoch: [1][3800/4794]	Time  0.083 ( 0.423)	Data  0.000 ( 0.231)	Loss 5.0638e+00 (5.5682e+00)	Acc@1   9.38 (  4.62)	Acc@5  21.88 ( 14.03)
Epoch: [1][4000/4794]	Time  0.247 ( 0.423)	Data  0.216 ( 0.237)	Loss 5.0655e+00 (5.5457e+00)	Acc@1   8.59 (  4.77)	Acc@5  23.44 ( 14.43)
Epoch: [1][4200/4794]	Time  0.609 ( 0.423)	Data  0.577 ( 0.242)	Loss 4.7476e+00 (5.5234e+00)	Acc@1  14.06 (  4.95)	Acc@5  28.12 ( 14.82)
Epoch: [1][4400/4794]	Time  0.080 ( 0.424)	Data  0.000 ( 0.247)	Loss 5.1396e+00 (5.5007e+00)	Acc@1  10.94 (  5.13)	Acc@5  25.00 ( 15.21)
Epoch: [1][4600/4794]	Time  0.083 ( 0.423)	Data  0.000 ( 0.240)	Loss 5.0632e+00 (5.4788e+00)	Acc@1   7.03 (  5.30)	Acc@5  22.66 ( 15.60)
Epoch: [1][   0/4794]	Time 17.541 (17.541)	Data 17.508 (17.508)	Loss 6.1411e+00 (6.1411e+00)	Acc@1   1.56 (  1.56)	Acc@5   7.03 (  7.03)
Epoch: [1][ 200/4794]	Time  0.079 ( 0.488)	Data  0.000 ( 0.368)	Loss 5.9176e+00 (6.0660e+00)	Acc@1   1.56 (  1.71)	Acc@5   8.59 (  6.50)
Epoch: [1][ 400/4794]	Time  0.075 ( 0.442)	Data  0.000 ( 0.348)	Loss 6.0178e+00 (6.0455e+00)	Acc@1   1.56 (  1.83)	Acc@5   4.69 (  6.73)
Epoch: [1][ 600/4794]	Time  0.082 ( 0.423)	Data  0.000 ( 0.338)	Loss 5.9738e+00 (6.0082e+00)	Acc@1   0.78 (  1.93)	Acc@5   4.69 (  7.16)
Epoch: [1][ 800/4794]	Time  0.157 ( 0.418)	Data  0.000 ( 0.335)	Loss 5.8221e+00 (5.9747e+00)	Acc@1   4.69 (  2.06)	Acc@5  11.72 (  7.57)
Epoch: [1][1000/4794]	Time  0.998 ( 0.413)	Data  0.958 ( 0.321)	Loss 5.7448e+00 (5.9436e+00)	Acc@1   0.78 (  2.20)	Acc@5   5.47 (  7.97)
Epoch: [1][1200/4794]	Time  0.081 ( 0.409)	Data  0.000 ( 0.305)	Loss 5.8276e+00 (5.9113e+00)	Acc@1   3.91 (  2.38)	Acc@5  10.94 (  8.49)
Epoch: [1][1400/4794]	Time  0.082 ( 0.407)	Data  0.000 ( 0.308)	Loss 5.6757e+00 (5.8816e+00)	Acc@1   1.56 (  2.56)	Acc@5  15.62 (  8.96)
Epoch: [1][1600/4794]	Time  0.079 ( 0.406)	Data  0.000 ( 0.310)	Loss 5.5958e+00 (5.8529e+00)	Acc@1   2.34 (  2.72)	Acc@5  10.94 (  9.40)
Epoch: [1][1800/4794]	Time  0.082 ( 0.408)	Data  0.000 ( 0.314)	Loss 5.4847e+00 (5.8222e+00)	Acc@1   7.81 (  2.90)	Acc@5  14.06 (  9.89)
Epoch: [1][2000/4794]	Time  0.081 ( 0.409)	Data  0.000 ( 0.307)	Loss 5.5147e+00 (5.7940e+00)	Acc@1   6.25 (  3.05)	Acc@5  19.53 ( 10.32)
Epoch: [1][2200/4794]	Time  0.133 ( 0.412)	Data  0.087 ( 0.281)	Loss 5.5037e+00 (5.7678e+00)	Acc@1   6.25 (  3.22)	Acc@5  13.28 ( 10.76)
Epoch: [1][2400/4794]	Time  0.508 ( 0.414)	Data  0.471 ( 0.263)	Loss 5.3544e+00 (5.7416e+00)	Acc@1   9.38 (  3.38)	Acc@5  18.75 ( 11.20)
Epoch: [1][2600/4794]	Time  0.256 ( 0.416)	Data  0.225 ( 0.251)	Loss 5.3834e+00 (5.7154e+00)	Acc@1   4.69 (  3.57)	Acc@5  18.75 ( 11.64)
Epoch: [1][2800/4794]	Time  0.073 ( 0.418)	Data  0.000 ( 0.237)	Loss 5.5145e+00 (5.6896e+00)	Acc@1   3.91 (  3.74)	Acc@5  15.62 ( 12.05)
Epoch: [1][3000/4794]	Time  0.081 ( 0.419)	Data  0.000 ( 0.236)	Loss 5.1970e+00 (5.6657e+00)	Acc@1   8.59 (  3.91)	Acc@5  21.09 ( 12.45)
Epoch: [1][3200/4794]	Time  0.087 ( 0.421)	Data  0.000 ( 0.238)	Loss 5.2149e+00 (5.6406e+00)	Acc@1   8.59 (  4.08)	Acc@5  18.75 ( 12.84)
Epoch: [1][3400/4794]	Time  0.076 ( 0.421)	Data  0.000 ( 0.245)	Loss 5.2804e+00 (5.6163e+00)	Acc@1   5.47 (  4.26)	Acc@5  19.53 ( 13.25)
Epoch: [1][3600/4794]	Time  0.081 ( 0.422)	Data  0.000 ( 0.241)	Loss 5.0027e+00 (5.5928e+00)	Acc@1   7.81 (  4.43)	Acc@5  20.31 ( 13.64)
Epoch: [1][3800/4794]	Time  0.081 ( 0.423)	Data  0.000 ( 0.228)	Loss 5.3162e+00 (5.5694e+00)	Acc@1   7.81 (  4.60)	Acc@5  20.31 ( 14.04)
Epoch: [1][4000/4794]	Time  0.773 ( 0.424)	Data  0.742 ( 0.219)	Loss 5.2048e+00 (5.5472e+00)	Acc@1   7.81 (  4.77)	Acc@5  21.09 ( 14.42)
Epoch: [1][4200/4794]	Time  0.082 ( 0.424)	Data  0.000 ( 0.214)	Loss 5.2677e+00 (5.5249e+00)	Acc@1   6.25 (  4.94)	Acc@5  16.41 ( 14.79)
Epoch: [1][4400/4794]	Time  0.076 ( 0.424)	Data  0.000 ( 0.213)	Loss 5.3051e+00 (5.5024e+00)	Acc@1   7.81 (  5.11)	Acc@5  21.88 ( 15.18)
Epoch: [1][4600/4794]	Time  0.080 ( 0.424)	Data  0.000 ( 0.218)	Loss 5.1304e+00 (5.4802e+00)	Acc@1   5.47 (  5.29)	Acc@5  22.66 ( 15.57)
Test: [  0/375]	Time 11.102 (11.102)	Loss 6.8482e+00 (6.8482e+00)	Acc@1   0.00 (  0.00)	Acc@5   0.78 (  0.78)
Test: [ 10/375]	Time  0.039 ( 1.398)	Loss 7.3894e+00 (7.0697e+00)	Acc@1   0.00 (  0.71)	Acc@5   0.00 (  2.56)
Test: [ 20/375]	Time  1.234 ( 0.988)	Loss 6.6250e+00 (6.8176e+00)	Acc@1   0.00 (  0.37)	Acc@5   0.00 (  2.34)
Test: [ 30/375]	Time  0.028 ( 0.807)	Loss 6.1163e+00 (6.6156e+00)	Acc@1   0.00 (  0.45)	Acc@5   4.69 (  2.85)
Test: [ 40/375]	Time  0.665 ( 0.725)	Loss 6.5343e+00 (6.7110e+00)	Acc@1   0.00 (  0.44)	Acc@5   3.91 (  2.90)
Test: [ 50/375]	Time  0.028 ( 0.680)	Loss 6.7990e+00 (6.7440e+00)	Acc@1   0.00 (  0.49)	Acc@5   0.00 (  2.91)
Test: [ 60/375]	Time  0.027 ( 0.643)	Loss 7.4608e+00 (6.7734e+00)	Acc@1   0.00 (  0.83)	Acc@5   0.00 (  3.33)
Test: [ 70/375]	Time  0.029 ( 0.627)	Loss 7.2713e+00 (6.8723e+00)	Acc@1   0.00 (  0.72)	Acc@5   0.00 (  2.86)
Test: [ 80/375]	Time  0.029 ( 0.602)	Loss 7.2885e+00 (6.9161e+00)	Acc@1   0.00 (  0.64)	Acc@5   0.00 (  2.56)
Test: [ 90/375]	Time  0.076 ( 0.588)	Loss 7.7674e+00 (7.0055e+00)	Acc@1   0.00 (  0.58)	Acc@5   0.00 (  2.36)
Test: [100/375]	Time  0.107 ( 0.579)	Loss 6.9205e+00 (7.0172e+00)	Acc@1   0.00 (  0.53)	Acc@5   0.00 (  2.16)
Test: [110/375]	Time  0.029 ( 0.571)	Loss 7.0600e+00 (6.9827e+00)	Acc@1   0.00 (  0.49)	Acc@5   0.78 (  2.21)
Test: [120/375]	Time  0.043 ( 0.569)	Loss 6.8806e+00 (6.9398e+00)	Acc@1   0.00 (  0.57)	Acc@5   4.69 (  2.49)
Test: [130/375]	Time  0.029 ( 0.561)	Loss 7.2929e+00 (6.9166e+00)	Acc@1   0.00 (  0.56)	Acc@5   0.00 (  2.53)
Test: [140/375]	Time  0.029 ( 0.554)	Loss 7.0649e+00 (6.9170e+00)	Acc@1   0.00 (  0.53)	Acc@5   0.00 (  2.38)
Test: [150/375]	Time  0.029 ( 0.553)	Loss 8.2801e+00 (6.9629e+00)	Acc@1   0.00 (  0.50)	Acc@5   0.00 (  2.26)
Test: [160/375]	Time  0.029 ( 0.545)	Loss 6.9212e+00 (6.9711e+00)	Acc@1   0.78 (  0.54)	Acc@5   1.56 (  2.26)
Test: [170/375]	Time  0.028 ( 0.546)	Loss 6.4453e+00 (6.9660e+00)	Acc@1   0.78 (  0.53)	Acc@5   3.12 (  2.30)
Test: [180/375]	Time  0.028 ( 0.539)	Loss 6.6389e+00 (6.9647e+00)	Acc@1   0.00 (  0.58)	Acc@5   5.47 (  2.44)
Test: [190/375]	Time  0.028 ( 0.539)	Loss 7.5107e+00 (6.9451e+00)	Acc@1   0.00 (  0.56)	Acc@5   0.00 (  2.36)
Test: [200/375]	Time  0.028 ( 0.534)	Loss 6.8018e+00 (6.9286e+00)	Acc@1   0.00 (  0.56)	Acc@5   1.56 (  2.39)
Test: [210/375]	Time  1.798 ( 0.535)	Loss 6.6179e+00 (6.9306e+00)	Acc@1   0.00 (  0.58)	Acc@5   0.00 (  2.45)
Test: [220/375]	Time  0.028 ( 0.529)	Loss 6.4021e+00 (6.9489e+00)	Acc@1   0.00 (  0.55)	Acc@5   0.78 (  2.34)
Test: [230/375]	Time  1.645 ( 0.531)	Loss 6.3453e+00 (6.9537e+00)	Acc@1   0.00 (  0.53)	Acc@5   0.00 (  2.25)
Test: [240/375]	Time  0.028 ( 0.524)	Loss 7.0642e+00 (6.9446e+00)	Acc@1   0.78 (  0.54)	Acc@5   6.25 (  2.31)
Test: [250/375]	Time  1.652 ( 0.525)	Loss 6.1614e+00 (6.9368e+00)	Acc@1   0.00 (  0.52)	Acc@5   0.78 (  2.32)
Test: [260/375]	Time  0.028 ( 0.519)	Loss 7.4509e+00 (6.9263e+00)	Acc@1   0.00 (  0.62)	Acc@5   0.00 (  2.48)
Test: [270/375]	Time  1.649 ( 0.520)	Loss 5.8788e+00 (6.9118e+00)	Acc@1   0.00 (  0.62)	Acc@5   3.91 (  2.58)
Test: [280/375]	Time  0.028 ( 0.515)	Loss 7.0733e+00 (6.9029e+00)	Acc@1   0.00 (  0.60)	Acc@5   0.00 (  2.51)
Test: [290/375]	Time  1.252 ( 0.515)	Loss 7.4619e+00 (6.9032e+00)	Acc@1   0.00 (  0.59)	Acc@5   0.00 (  2.46)
Test: [300/375]	Time  0.028 ( 0.509)	Loss 6.3723e+00 (6.8884e+00)	Acc@1   0.00 (  0.69)	Acc@5   0.00 (  2.63)
Test: [310/375]	Time  1.363 ( 0.510)	Loss 6.3593e+00 (6.8914e+00)	Acc@1   0.00 (  0.67)	Acc@5   0.00 (  2.60)
Test: [320/375]	Time  0.028 ( 0.505)	Loss 6.4448e+00 (6.8777e+00)	Acc@1   2.34 (  0.67)	Acc@5   9.38 (  2.60)
Test: [330/375]	Time  1.099 ( 0.506)	Loss 7.1056e+00 (6.8933e+00)	Acc@1   0.00 (  0.65)	Acc@5   0.00 (  2.58)
Test: [340/375]	Time  0.028 ( 0.501)	Loss 6.8534e+00 (6.8679e+00)	Acc@1   0.00 (  0.71)	Acc@5   0.00 (  2.80)
Test: [350/375]	Time  1.401 ( 0.502)	Loss 6.8801e+00 (6.8661e+00)	Acc@1   0.00 (  0.70)	Acc@5   0.78 (  2.78)
Test: [360/375]	Time  0.028 ( 0.498)	Loss 6.8371e+00 (6.8672e+00)	Acc@1   0.00 (  0.73)	Acc@5   0.00 (  2.82)
Test: [370/375]	Time  1.729 ( 0.501)	Loss 7.6939e+00 (6.8635e+00)	Acc@1   0.00 (  0.81)	Acc@5   0.78 (  2.94)
 *   Acc@1 0.827 Acc@5 2.988
Adjusting learning rate of group 0 to 1.0000e-02.
Test: [  0/375]	Time 11.105 (11.105)	Loss 6.8363e+00 (6.8363e+00)	Acc@1   0.00 (  0.00)	Acc@5   1.56 (  1.56)
Test: [ 10/375]	Time  0.039 ( 1.400)	Loss 7.3678e+00 (7.0719e+00)	Acc@1   0.00 (  0.64)	Acc@5   0.78 (  3.12)
Test: [ 20/375]	Time  1.251 ( 0.989)	Loss 6.6124e+00 (6.8138e+00)	Acc@1   0.00 (  0.45)	Acc@5   0.00 (  2.79)
Test: [ 30/375]	Time  0.028 ( 0.807)	Loss 6.2124e+00 (6.6157e+00)	Acc@1   1.56 (  0.76)	Acc@5   3.91 (  3.30)
Test: [ 40/375]	Time  0.725 ( 0.726)	Loss 6.5240e+00 (6.7230e+00)	Acc@1   0.78 (  0.72)	Acc@5   3.91 (  3.30)
Test: [ 50/375]	Time  0.028 ( 0.680)	Loss 6.7259e+00 (6.7481e+00)	Acc@1   0.00 (  0.74)	Acc@5   0.00 (  3.22)
Test: [ 60/375]	Time  0.028 ( 0.644)	Loss 7.4226e+00 (6.7748e+00)	Acc@1   0.00 (  1.04)	Acc@5   0.00 (  3.64)
Test: [ 70/375]	Time  0.028 ( 0.627)	Loss 7.2275e+00 (6.8706e+00)	Acc@1   0.00 (  0.89)	Acc@5   0.00 (  3.12)
Test: [ 80/375]	Time  0.029 ( 0.601)	Loss 7.2939e+00 (6.9145e+00)	Acc@1   0.00 (  0.78)	Acc@5   0.00 (  2.79)
Test: [ 90/375]	Time  0.050 ( 0.588)	Loss 7.8251e+00 (7.0066e+00)	Acc@1   0.00 (  0.73)	Acc@5   0.00 (  2.54)
Test: [100/375]	Time  0.147 ( 0.579)	Loss 6.9580e+00 (7.0192e+00)	Acc@1   0.00 (  0.66)	Acc@5   0.00 (  2.32)
Test: [110/375]	Time  0.029 ( 0.571)	Loss 6.9776e+00 (6.9832e+00)	Acc@1   0.00 (  0.61)	Acc@5   1.56 (  2.32)
Test: [120/375]	Time  0.029 ( 0.569)	Loss 6.9235e+00 (6.9404e+00)	Acc@1   0.00 (  0.69)	Acc@5   4.69 (  2.62)
Test: [130/375]	Time  0.029 ( 0.561)	Loss 7.2385e+00 (6.9161e+00)	Acc@1   0.00 (  0.67)	Acc@5   0.00 (  2.65)
Test: [140/375]	Time  0.029 ( 0.554)	Loss 7.0906e+00 (6.9173e+00)	Acc@1   0.00 (  0.62)	Acc@5   0.00 (  2.48)
Test: [150/375]	Time  0.029 ( 0.553)	Loss 8.2184e+00 (6.9629e+00)	Acc@1   0.00 (  0.59)	Acc@5   0.00 (  2.34)
Test: [160/375]	Time  0.029 ( 0.545)	Loss 7.0446e+00 (6.9724e+00)	Acc@1   0.00 (  0.61)	Acc@5   1.56 (  2.34)
Test: [170/375]	Time  0.028 ( 0.546)	Loss 6.4237e+00 (6.9677e+00)	Acc@1   0.00 (  0.60)	Acc@5   2.34 (  2.39)
Test: [180/375]	Time  0.028 ( 0.539)	Loss 6.7524e+00 (6.9667e+00)	Acc@1   0.00 (  0.66)	Acc@5   4.69 (  2.56)
Test: [190/375]	Time  0.028 ( 0.539)	Loss 7.5394e+00 (6.9463e+00)	Acc@1   0.00 (  0.62)	Acc@5   0.78 (  2.47)
Test: [200/375]	Time  0.028 ( 0.534)	Loss 6.8419e+00 (6.9295e+00)	Acc@1   0.00 (  0.65)	Acc@5   0.78 (  2.50)
Test: [210/375]	Time  1.823 ( 0.535)	Loss 6.5190e+00 (6.9307e+00)	Acc@1   0.00 (  0.66)	Acc@5   0.00 (  2.53)
Test: [220/375]	Time  0.028 ( 0.529)	Loss 6.3807e+00 (6.9492e+00)	Acc@1   0.00 (  0.63)	Acc@5   2.34 (  2.44)
Test: [230/375]	Time  1.655 ( 0.531)	Loss 6.3415e+00 (6.9532e+00)	Acc@1   0.00 (  0.61)	Acc@5   0.78 (  2.33)
Test: [240/375]	Time  0.028 ( 0.524)	Loss 7.0335e+00 (6.9462e+00)	Acc@1   0.00 (  0.61)	Acc@5   7.03 (  2.40)
Test: [250/375]	Time  1.657 ( 0.525)	Loss 6.1644e+00 (6.9384e+00)	Acc@1   0.00 (  0.59)	Acc@5   2.34 (  2.41)
Test: [260/375]	Time  0.033 ( 0.519)	Loss 7.4155e+00 (6.9268e+00)	Acc@1   0.00 (  0.69)	Acc@5   0.00 (  2.58)
Test: [270/375]	Time  1.642 ( 0.520)	Loss 5.8185e+00 (6.9118e+00)	Acc@1   0.00 (  0.69)	Acc@5   5.47 (  2.67)
Test: [280/375]	Time  0.028 ( 0.515)	Loss 7.1343e+00 (6.9018e+00)	Acc@1   0.00 (  0.66)	Acc@5   0.00 (  2.59)
Test: [290/375]	Time  1.274 ( 0.515)	Loss 7.2785e+00 (6.9019e+00)	Acc@1   0.00 (  0.66)	Acc@5   0.00 (  2.54)
Test: [300/375]	Time  0.028 ( 0.509)	Loss 6.4270e+00 (6.8876e+00)	Acc@1   0.00 (  0.76)	Acc@5   0.00 (  2.69)
Test: [310/375]	Time  1.368 ( 0.510)	Loss 6.4647e+00 (6.8906e+00)	Acc@1   0.00 (  0.74)	Acc@5   0.00 (  2.64)
Test: [320/375]	Time  0.028 ( 0.505)	Loss 6.5248e+00 (6.8772e+00)	Acc@1   3.91 (  0.73)	Acc@5  12.50 (  2.64)
Test: [330/375]	Time  1.080 ( 0.506)	Loss 7.0661e+00 (6.8938e+00)	Acc@1   0.00 (  0.72)	Acc@5   0.78 (  2.62)
Test: [340/375]	Time  0.029 ( 0.501)	Loss 6.7366e+00 (6.8685e+00)	Acc@1   0.00 (  0.77)	Acc@5   0.00 (  2.86)
Test: [350/375]	Time  1.366 ( 0.502)	Loss 6.9254e+00 (6.8666e+00)	Acc@1   0.00 (  0.75)	Acc@5   0.78 (  2.84)
Test: [360/375]	Time  0.028 ( 0.499)	Loss 6.7651e+00 (6.8667e+00)	Acc@1   0.00 (  0.78)	Acc@5   0.00 (  2.89)
Test: [370/375]	Time  1.773 ( 0.501)	Loss 7.8052e+00 (6.8625e+00)	Acc@1   0.00 (  0.87)	Acc@5   0.78 (  3.02)
 *   Acc@1 0.875 Acc@5 3.048
Adjusting learning rate of group 0 to 1.0000e-02.
Epoch: [2][   0/4794]	Time 15.920 (15.920)	Data 15.887 (15.887)	Loss 4.8456e+00 (4.8456e+00)	Acc@1  10.16 ( 10.16)	Acc@5  21.88 ( 21.88)
Epoch: [2][ 200/4794]	Time  1.414 ( 0.483)	Data  1.377 ( 0.412)	Loss 4.8864e+00 (4.9392e+00)	Acc@1  10.16 (  9.53)	Acc@5  22.66 ( 24.56)
Epoch: [2][ 400/4794]	Time  0.848 ( 0.441)	Data  0.810 ( 0.293)	Loss 4.8405e+00 (4.9272e+00)	Acc@1  16.41 (  9.83)	Acc@5  34.38 ( 25.13)
Epoch: [2][ 600/4794]	Time  0.085 ( 0.426)	Data  0.000 ( 0.261)	Loss 4.8156e+00 (4.9120e+00)	Acc@1   8.59 ( 10.04)	Acc@5  27.34 ( 25.49)
Epoch: [2][ 800/4794]	Time  0.338 ( 0.418)	Data  0.307 ( 0.266)	Loss 4.9421e+00 (4.8921e+00)	Acc@1   7.81 ( 10.22)	Acc@5  24.22 ( 25.79)
Epoch: [2][1000/4794]	Time  0.278 ( 0.414)	Data  0.246 ( 0.268)	Loss 5.1055e+00 (4.8773e+00)	Acc@1   7.03 ( 10.36)	Acc@5  27.34 ( 26.05)
Epoch: [2][1200/4794]	Time  0.887 ( 0.411)	Data  0.854 ( 0.268)	Loss 4.5532e+00 (4.8684e+00)	Acc@1  14.06 ( 10.45)	Acc@5  31.25 ( 26.24)
Epoch: [2][1400/4794]	Time  0.080 ( 0.410)	Data  0.000 ( 0.236)	Loss 4.5122e+00 (4.8542e+00)	Acc@1  14.06 ( 10.64)	Acc@5  34.38 ( 26.54)
Epoch: [2][1600/4794]	Time  0.112 ( 0.410)	Data  0.077 ( 0.220)	Loss 4.5647e+00 (4.8405e+00)	Acc@1  14.06 ( 10.79)	Acc@5  29.69 ( 26.80)
Epoch: [2][1800/4794]	Time  0.151 ( 0.409)	Data  0.119 ( 0.232)	Loss 4.6927e+00 (4.8266e+00)	Acc@1  13.28 ( 10.92)	Acc@5  32.03 ( 27.06)
Epoch: [2][2000/4794]	Time  0.231 ( 0.410)	Data  0.192 ( 0.242)	Loss 4.9817e+00 (4.8152e+00)	Acc@1  11.72 ( 11.07)	Acc@5  25.78 ( 27.27)
Epoch: [2][2200/4794]	Time  1.155 ( 0.409)	Data  1.124 ( 0.251)	Loss 4.7694e+00 (4.8031e+00)	Acc@1   8.59 ( 11.18)	Acc@5  25.00 ( 27.50)
Epoch: [2][2400/4794]	Time  0.601 ( 0.407)	Data  0.047 ( 0.256)	Loss 4.4421e+00 (4.7914e+00)	Acc@1  17.19 ( 11.33)	Acc@5  32.81 ( 27.74)
Epoch: [2][2600/4794]	Time  0.361 ( 0.406)	Data  0.000 ( 0.245)	Loss 4.5007e+00 (4.7811e+00)	Acc@1  14.06 ( 11.41)	Acc@5  32.81 ( 27.97)
Epoch: [2][2800/4794]	Time  1.512 ( 0.405)	Data  0.000 ( 0.237)	Loss 4.5026e+00 (4.7703e+00)	Acc@1  14.84 ( 11.55)	Acc@5  35.94 ( 28.20)
Epoch: [2][3000/4794]	Time  0.523 ( 0.405)	Data  0.000 ( 0.224)	Loss 4.4845e+00 (4.7574e+00)	Acc@1  14.84 ( 11.70)	Acc@5  33.59 ( 28.43)
Epoch: [2][3200/4794]	Time  0.288 ( 0.404)	Data  0.000 ( 0.213)	Loss 4.6939e+00 (4.7459e+00)	Acc@1  12.50 ( 11.86)	Acc@5  32.03 ( 28.67)
Epoch: [2][3400/4794]	Time  1.270 ( 0.404)	Data  0.000 ( 0.214)	Loss 4.7252e+00 (4.7350e+00)	Acc@1  12.50 ( 12.00)	Acc@5  26.56 ( 28.89)
Epoch: [2][3600/4794]	Time  0.088 ( 0.404)	Data  0.000 ( 0.205)	Loss 4.2877e+00 (4.7230e+00)	Acc@1  21.09 ( 12.14)	Acc@5  34.38 ( 29.11)
Epoch: [2][3800/4794]	Time  0.081 ( 0.403)	Data  0.000 ( 0.210)	Loss 4.5683e+00 (4.7132e+00)	Acc@1  18.75 ( 12.25)	Acc@5  32.03 ( 29.29)
Epoch: [2][4000/4794]	Time  0.080 ( 0.402)	Data  0.000 ( 0.214)	Loss 4.6653e+00 (4.7037e+00)	Acc@1  13.28 ( 12.36)	Acc@5  32.81 ( 29.47)
Epoch: [2][4200/4794]	Time  0.080 ( 0.402)	Data  0.000 ( 0.220)	Loss 4.5567e+00 (4.6942e+00)	Acc@1  15.62 ( 12.49)	Acc@5  35.16 ( 29.67)
Epoch: [2][4400/4794]	Time  0.080 ( 0.402)	Data  0.000 ( 0.225)	Loss 4.5909e+00 (4.6831e+00)	Acc@1  12.50 ( 12.62)	Acc@5  32.03 ( 29.88)
Epoch: [2][4600/4794]	Time  0.078 ( 0.402)	Data  0.000 ( 0.229)	Loss 4.6900e+00 (4.6730e+00)	Acc@1  13.28 ( 12.73)	Acc@5  25.78 ( 30.07)
Epoch: [2][   0/4794]	Time 18.070 (18.070)	Data 18.038 (18.038)	Loss 4.7486e+00 (4.7486e+00)	Acc@1  16.41 ( 16.41)	Acc@5  24.22 ( 24.22)
Epoch: [2][ 200/4794]	Time  1.092 ( 0.494)	Data  1.051 ( 0.280)	Loss 4.9092e+00 (4.9492e+00)	Acc@1  12.50 (  9.76)	Acc@5  28.91 ( 24.67)
Epoch: [2][ 400/4794]	Time  0.937 ( 0.447)	Data  0.900 ( 0.303)	Loss 4.9503e+00 (4.9279e+00)	Acc@1  13.28 (  9.89)	Acc@5  26.56 ( 25.00)
Epoch: [2][ 600/4794]	Time  0.083 ( 0.430)	Data  0.040 ( 0.311)	Loss 4.8286e+00 (4.9136e+00)	Acc@1   7.81 ( 10.03)	Acc@5  28.91 ( 25.37)
Epoch: [2][ 800/4794]	Time  0.428 ( 0.421)	Data  0.000 ( 0.305)	Loss 4.5321e+00 (4.8940e+00)	Acc@1  14.06 ( 10.24)	Acc@5  32.81 ( 25.71)
Epoch: [2][1000/4794]	Time  0.125 ( 0.416)	Data  0.000 ( 0.290)	Loss 4.8862e+00 (4.8784e+00)	Acc@1   8.59 ( 10.35)	Acc@5  19.53 ( 26.03)
Epoch: [2][1200/4794]	Time  0.081 ( 0.413)	Data  0.000 ( 0.286)	Loss 4.6583e+00 (4.8692e+00)	Acc@1  10.94 ( 10.44)	Acc@5  32.03 ( 26.29)
Epoch: [2][1400/4794]	Time  0.093 ( 0.412)	Data  0.000 ( 0.295)	Loss 4.8057e+00 (4.8536e+00)	Acc@1  10.94 ( 10.55)	Acc@5  28.91 ( 26.53)
Epoch: [2][1600/4794]	Time  0.466 ( 0.411)	Data  0.000 ( 0.295)	Loss 4.8974e+00 (4.8397e+00)	Acc@1   9.38 ( 10.69)	Acc@5  27.34 ( 26.79)
Epoch: [2][1800/4794]	Time  1.194 ( 0.411)	Data  0.000 ( 0.269)	Loss 4.7947e+00 (4.8286e+00)	Acc@1  10.94 ( 10.81)	Acc@5  28.12 ( 27.03)
Epoch: [2][2000/4794]	Time  1.233 ( 0.411)	Data  0.000 ( 0.244)	Loss 4.8536e+00 (4.8154e+00)	Acc@1  10.94 ( 10.97)	Acc@5  23.44 ( 27.28)
Epoch: [2][2200/4794]	Time  0.086 ( 0.409)	Data  0.000 ( 0.225)	Loss 4.8913e+00 (4.8039e+00)	Acc@1  11.72 ( 11.10)	Acc@5  27.34 ( 27.51)
Epoch: [2][2400/4794]	Time  0.080 ( 0.408)	Data  0.000 ( 0.227)	Loss 4.8796e+00 (4.7908e+00)	Acc@1   8.59 ( 11.26)	Acc@5  26.56 ( 27.76)
Epoch: [2][2600/4794]	Time  0.081 ( 0.407)	Data  0.000 ( 0.235)	Loss 4.7803e+00 (4.7783e+00)	Acc@1  13.28 ( 11.39)	Acc@5  31.25 ( 27.99)
Epoch: [2][2800/4794]	Time  0.081 ( 0.406)	Data  0.000 ( 0.242)	Loss 4.6646e+00 (4.7657e+00)	Acc@1  13.28 ( 11.55)	Acc@5  26.56 ( 28.23)
Epoch: [2][3000/4794]	Time  1.018 ( 0.406)	Data  0.986 ( 0.248)	Loss 4.5990e+00 (4.7525e+00)	Acc@1  12.50 ( 11.70)	Acc@5  30.47 ( 28.47)
Epoch: [2][3200/4794]	Time  0.586 ( 0.405)	Data  0.555 ( 0.253)	Loss 4.6697e+00 (4.7428e+00)	Acc@1  13.28 ( 11.83)	Acc@5  29.69 ( 28.67)
Epoch: [2][3400/4794]	Time  0.076 ( 0.405)	Data  0.000 ( 0.253)	Loss 4.5720e+00 (4.7310e+00)	Acc@1  14.84 ( 11.98)	Acc@5  35.16 ( 28.90)
Epoch: [2][3600/4794]	Time  0.096 ( 0.405)	Data  0.052 ( 0.257)	Loss 4.7795e+00 (4.7193e+00)	Acc@1  11.72 ( 12.11)	Acc@5  28.12 ( 29.14)
Epoch: [2][3800/4794]	Time  0.080 ( 0.404)	Data  0.000 ( 0.258)	Loss 4.6808e+00 (4.7090e+00)	Acc@1  17.19 ( 12.24)	Acc@5  31.25 ( 29.36)
Epoch: [2][4000/4794]	Time  0.213 ( 0.403)	Data  0.182 ( 0.259)	Loss 4.1198e+00 (4.6988e+00)	Acc@1  20.31 ( 12.36)	Acc@5  38.28 ( 29.56)
Epoch: [2][4200/4794]	Time  1.432 ( 0.403)	Data  0.000 ( 0.252)	Loss 4.3332e+00 (4.6883e+00)	Acc@1  14.84 ( 12.49)	Acc@5  34.38 ( 29.77)
Epoch: [2][4400/4794]	Time  1.416 ( 0.403)	Data  0.000 ( 0.241)	Loss 4.4353e+00 (4.6776e+00)	Acc@1  21.88 ( 12.61)	Acc@5  36.72 ( 29.97)
Epoch: [2][4600/4794]	Time  1.346 ( 0.403)	Data  0.000 ( 0.231)	Loss 4.5658e+00 (4.6663e+00)	Acc@1  14.84 ( 12.75)	Acc@5  32.81 ( 30.19)
Test: [  0/375]	Time 11.064 (11.064)	Loss 5.5740e+00 (5.5740e+00)	Acc@1  10.16 ( 10.16)	Acc@5  20.31 ( 20.31)
Test: [ 10/375]	Time  0.028 ( 1.373)	Loss 6.8423e+00 (6.5948e+00)	Acc@1   0.00 (  2.34)	Acc@5   2.34 (  7.67)
Test: [ 20/375]	Time  0.318 ( 0.908)	Loss 6.6787e+00 (6.4725e+00)	Acc@1   0.00 (  1.56)	Acc@5   0.00 (  5.43)
Test: [ 30/375]	Time  0.028 ( 0.745)	Loss 5.9613e+00 (6.2620e+00)	Acc@1   3.12 (  2.12)	Acc@5   9.38 (  7.59)
Test: [ 40/375]	Time  0.743 ( 0.659)	Loss 6.0553e+00 (6.4136e+00)	Acc@1   3.91 (  1.75)	Acc@5   8.59 (  6.82)
Test: [ 50/375]	Time  0.028 ( 0.615)	Loss 6.1073e+00 (6.3566e+00)	Acc@1   8.59 (  2.11)	Acc@5  11.72 (  7.22)
Test: [ 60/375]	Time  0.040 ( 0.569)	Loss 7.4073e+00 (6.3608e+00)	Acc@1   0.00 (  2.01)	Acc@5   0.00 (  7.12)
Test: [ 70/375]	Time  0.028 ( 0.560)	Loss 6.6388e+00 (6.4751e+00)	Acc@1   0.00 (  1.74)	Acc@5   0.00 (  6.16)
Test: [ 80/375]	Time  0.028 ( 0.527)	Loss 6.3806e+00 (6.5294e+00)	Acc@1   1.56 (  1.55)	Acc@5   5.47 (  5.52)
Test: [ 90/375]	Time  0.029 ( 0.519)	Loss 7.7090e+00 (6.6438e+00)	Acc@1   0.00 (  1.41)	Acc@5   0.00 (  5.03)
Test: [100/375]	Time  0.181 ( 0.503)	Loss 6.3898e+00 (6.6471e+00)	Acc@1   0.00 (  1.33)	Acc@5   0.78 (  4.93)
Test: [110/375]	Time  0.028 ( 0.502)	Loss 6.5061e+00 (6.6328e+00)	Acc@1   7.03 (  1.32)	Acc@5  17.97 (  4.97)
Test: [120/375]	Time  0.142 ( 0.491)	Loss 6.6113e+00 (6.6043e+00)	Acc@1   0.78 (  1.31)	Acc@5   4.69 (  5.09)
Test: [130/375]	Time  0.028 ( 0.487)	Loss 7.0225e+00 (6.5919e+00)	Acc@1   0.00 (  1.29)	Acc@5   0.00 (  5.05)
Test: [140/375]	Time  0.028 ( 0.478)	Loss 6.7450e+00 (6.6244e+00)	Acc@1   0.00 (  1.23)	Acc@5   0.00 (  4.79)
Test: [150/375]	Time  0.049 ( 0.481)	Loss 8.2770e+00 (6.6713e+00)	Acc@1   0.00 (  1.15)	Acc@5   0.00 (  4.57)
Test: [160/375]	Time  0.063 ( 0.474)	Loss 6.0682e+00 (6.6565e+00)	Acc@1   8.59 (  1.16)	Acc@5  15.62 (  4.56)
Test: [170/375]	Time  0.028 ( 0.474)	Loss 6.7644e+00 (6.6370e+00)	Acc@1   0.00 (  1.24)	Acc@5   0.00 (  4.80)
Test: [180/375]	Time  0.040 ( 0.467)	Loss 6.3108e+00 (6.6218e+00)	Acc@1   0.00 (  1.23)	Acc@5   4.69 (  4.78)
Test: [190/375]	Time  0.028 ( 0.466)	Loss 7.2754e+00 (6.6043e+00)	Acc@1   0.00 (  1.23)	Acc@5   0.00 (  4.81)
Test: [200/375]	Time  0.028 ( 0.458)	Loss 5.9945e+00 (6.5778e+00)	Acc@1   1.56 (  1.26)	Acc@5   7.81 (  4.92)
Test: [210/375]	Time  0.947 ( 0.457)	Loss 6.1286e+00 (6.5623e+00)	Acc@1   0.78 (  1.34)	Acc@5   2.34 (  5.12)
Test: [220/375]	Time  0.028 ( 0.454)	Loss 6.0194e+00 (6.5655e+00)	Acc@1  10.94 (  1.34)	Acc@5  19.53 (  5.06)
Test: [230/375]	Time  0.947 ( 0.454)	Loss 6.2289e+00 (6.5711e+00)	Acc@1   1.56 (  1.30)	Acc@5   2.34 (  4.91)
Test: [240/375]	Time  0.028 ( 0.449)	Loss 6.6474e+00 (6.5677e+00)	Acc@1   6.25 (  1.34)	Acc@5  10.16 (  4.95)
Test: [250/375]	Time  0.936 ( 0.448)	Loss 6.1564e+00 (6.5561e+00)	Acc@1   3.12 (  1.35)	Acc@5   9.38 (  5.08)
Test: [260/375]	Time  0.028 ( 0.446)	Loss 6.2935e+00 (6.5448e+00)	Acc@1   0.00 (  1.39)	Acc@5   0.78 (  5.13)
Test: [270/375]	Time  0.939 ( 0.444)	Loss 5.7215e+00 (6.5286e+00)	Acc@1   0.00 (  1.38)	Acc@5   6.25 (  5.12)
Test: [280/375]	Time  0.028 ( 0.441)	Loss 6.2220e+00 (6.5205e+00)	Acc@1   2.34 (  1.35)	Acc@5   9.38 (  5.07)
Test: [290/375]	Time  0.406 ( 0.439)	Loss 6.4842e+00 (6.5120e+00)	Acc@1   1.56 (  1.34)	Acc@5   3.91 (  5.03)
Test: [300/375]	Time  0.028 ( 0.438)	Loss 5.8357e+00 (6.4984e+00)	Acc@1   1.56 (  1.41)	Acc@5   7.81 (  5.18)
Test: [310/375]	Time  0.448 ( 0.436)	Loss 6.0100e+00 (6.4978e+00)	Acc@1   1.56 (  1.40)	Acc@5   9.38 (  5.16)
Test: [320/375]	Time  0.028 ( 0.436)	Loss 6.0348e+00 (6.4881e+00)	Acc@1   4.69 (  1.44)	Acc@5  10.94 (  5.19)
Test: [330/375]	Time  0.475 ( 0.433)	Loss 6.2264e+00 (6.4932e+00)	Acc@1   0.78 (  1.41)	Acc@5   1.56 (  5.12)
Test: [340/375]	Time  0.028 ( 0.432)	Loss 6.0878e+00 (6.4719e+00)	Acc@1   0.78 (  1.54)	Acc@5  10.16 (  5.40)
Test: [350/375]	Time  0.382 ( 0.429)	Loss 6.3067e+00 (6.4589e+00)	Acc@1   0.78 (  1.58)	Acc@5  10.94 (  5.58)
Test: [360/375]	Time  0.526 ( 0.430)	Loss 5.6197e+00 (6.4636e+00)	Acc@1   0.00 (  1.58)	Acc@5  11.72 (  5.59)
Test: [370/375]	Time  0.150 ( 0.428)	Loss 7.3354e+00 (6.4536e+00)	Acc@1   0.78 (  1.67)	Acc@5   2.34 (  5.74)
 *   Acc@1 1.664 Acc@5 5.723
Adjusting learning rate of group 0 to 1.0000e-02.
Test: [  0/375]	Time 11.073 (11.073)	Loss 5.6301e+00 (5.6301e+00)	Acc@1   7.03 (  7.03)	Acc@5  16.41 ( 16.41)
Test: [ 10/375]	Time  0.028 ( 1.373)	Loss 6.8546e+00 (6.5992e+00)	Acc@1   0.78 (  1.56)	Acc@5   2.34 (  6.75)
Test: [ 20/375]	Time  0.286 ( 0.908)	Loss 6.7282e+00 (6.4756e+00)	Acc@1   0.00 (  1.00)	Acc@5   0.00 (  5.06)
Test: [ 30/375]	Time  0.031 ( 0.747)	Loss 6.0618e+00 (6.2753e+00)	Acc@1   1.56 (  1.76)	Acc@5   7.81 (  7.31)
Test: [ 40/375]	Time  0.801 ( 0.660)	Loss 6.0886e+00 (6.4220e+00)	Acc@1   3.12 (  1.62)	Acc@5   7.81 (  6.67)
Test: [ 50/375]	Time  0.030 ( 0.615)	Loss 5.8916e+00 (6.3590e+00)	Acc@1   7.81 (  1.99)	Acc@5  18.75 (  7.11)
Test: [ 60/375]	Time  0.028 ( 0.569)	Loss 7.5181e+00 (6.3662e+00)	Acc@1   0.00 (  1.97)	Acc@5   0.00 (  7.18)
Test: [ 70/375]	Time  0.028 ( 0.560)	Loss 6.6652e+00 (6.4783e+00)	Acc@1   0.00 (  1.72)	Acc@5   0.00 (  6.24)
Test: [ 80/375]	Time  0.028 ( 0.527)	Loss 6.4244e+00 (6.5329e+00)	Acc@1   1.56 (  1.53)	Acc@5   5.47 (  5.61)
Test: [ 90/375]	Time  0.028 ( 0.519)	Loss 7.7297e+00 (6.6411e+00)	Acc@1   0.00 (  1.42)	Acc@5   0.00 (  5.16)
Test: [100/375]	Time  0.152 ( 0.503)	Loss 6.4079e+00 (6.6450e+00)	Acc@1   0.00 (  1.33)	Acc@5   0.00 (  5.00)
Test: [110/375]	Time  0.028 ( 0.502)	Loss 6.5033e+00 (6.6313e+00)	Acc@1   8.59 (  1.34)	Acc@5  16.41 (  5.04)
Test: [120/375]	Time  0.112 ( 0.491)	Loss 6.6957e+00 (6.6039e+00)	Acc@1   1.56 (  1.39)	Acc@5   3.12 (  5.17)
Test: [130/375]	Time  0.028 ( 0.487)	Loss 7.0368e+00 (6.5903e+00)	Acc@1   0.00 (  1.35)	Acc@5   0.78 (  5.08)
Test: [140/375]	Time  0.028 ( 0.478)	Loss 6.6789e+00 (6.6207e+00)	Acc@1   0.00 (  1.27)	Acc@5   0.78 (  4.83)
Test: [150/375]	Time  0.028 ( 0.481)	Loss 8.2579e+00 (6.6683e+00)	Acc@1   0.00 (  1.19)	Acc@5   0.00 (  4.57)
Test: [160/375]	Time  0.028 ( 0.474)	Loss 6.1471e+00 (6.6529e+00)	Acc@1   6.25 (  1.17)	Acc@5  12.50 (  4.53)
Test: [170/375]	Time  0.028 ( 0.474)	Loss 6.7192e+00 (6.6309e+00)	Acc@1   0.00 (  1.27)	Acc@5   0.00 (  4.71)
Test: [180/375]	Time  0.028 ( 0.467)	Loss 6.2965e+00 (6.6148e+00)	Acc@1   0.78 (  1.24)	Acc@5   5.47 (  4.66)
Test: [190/375]	Time  0.030 ( 0.466)	Loss 7.2311e+00 (6.5964e+00)	Acc@1   0.00 (  1.25)	Acc@5   0.00 (  4.70)
Test: [200/375]	Time  0.028 ( 0.458)	Loss 6.0030e+00 (6.5700e+00)	Acc@1   0.78 (  1.27)	Acc@5   4.69 (  4.78)
Test: [210/375]	Time  1.016 ( 0.458)	Loss 6.0737e+00 (6.5536e+00)	Acc@1   0.78 (  1.37)	Acc@5   3.91 (  4.99)
Test: [220/375]	Time  0.040 ( 0.454)	Loss 6.0213e+00 (6.5585e+00)	Acc@1   8.59 (  1.37)	Acc@5  18.75 (  4.92)
Test: [230/375]	Time  0.942 ( 0.454)	Loss 6.1565e+00 (6.5624e+00)	Acc@1   0.78 (  1.33)	Acc@5   4.69 (  4.81)
Test: [240/375]	Time  0.039 ( 0.449)	Loss 6.5537e+00 (6.5572e+00)	Acc@1   4.69 (  1.37)	Acc@5   7.03 (  4.88)
Test: [250/375]	Time  0.985 ( 0.448)	Loss 6.2192e+00 (6.5465e+00)	Acc@1   0.78 (  1.39)	Acc@5   6.25 (  5.06)
Test: [260/375]	Time  0.028 ( 0.446)	Loss 6.2004e+00 (6.5353e+00)	Acc@1   0.00 (  1.42)	Acc@5   0.78 (  5.09)
Test: [270/375]	Time  0.949 ( 0.444)	Loss 5.6292e+00 (6.5186e+00)	Acc@1   0.00 (  1.43)	Acc@5   6.25 (  5.09)
Test: [280/375]	Time  0.029 ( 0.441)	Loss 6.2166e+00 (6.5108e+00)	Acc@1   1.56 (  1.40)	Acc@5   8.59 (  5.05)
Test: [290/375]	Time  0.402 ( 0.439)	Loss 6.5338e+00 (6.5025e+00)	Acc@1   0.00 (  1.38)	Acc@5   1.56 (  5.03)
Test: [300/375]	Time  0.040 ( 0.438)	Loss 5.7166e+00 (6.4875e+00)	Acc@1   1.56 (  1.46)	Acc@5   5.47 (  5.20)
Test: [310/375]	Time  0.487 ( 0.436)	Loss 5.9662e+00 (6.4868e+00)	Acc@1   0.00 (  1.44)	Acc@5   6.25 (  5.17)
Test: [320/375]	Time  0.032 ( 0.436)	Loss 6.0714e+00 (6.4788e+00)	Acc@1   2.34 (  1.47)	Acc@5   7.81 (  5.16)
Test: [330/375]	Time  0.495 ( 0.433)	Loss 6.2148e+00 (6.4830e+00)	Acc@1   0.00 (  1.44)	Acc@5   0.00 (  5.12)
Test: [340/375]	Time  0.040 ( 0.432)	Loss 6.1372e+00 (6.4625e+00)	Acc@1   1.56 (  1.56)	Acc@5  10.16 (  5.38)
Test: [350/375]	Time  0.369 ( 0.429)	Loss 6.3799e+00 (6.4487e+00)	Acc@1   1.56 (  1.63)	Acc@5   7.81 (  5.56)
Test: [360/375]	Time  0.506 ( 0.430)	Loss 5.7518e+00 (6.4540e+00)	Acc@1   0.00 (  1.63)	Acc@5   7.81 (  5.52)
Test: [370/375]	Time  0.156 ( 0.428)	Loss 7.3462e+00 (6.4442e+00)	Acc@1   0.78 (  1.69)	Acc@5   1.56 (  5.68)
 *   Acc@1 1.683 Acc@5 5.654
Adjusting learning rate of group 0 to 1.0000e-02.
