Namespace(alter_trainingfile_name='train_blurred', alter_validationfile_name='val_blurred', arch='alexnet', batch_size=256, data='/data/gpfs/datasets/Imagenet', dist_backend='nccl', dist_url='tcp://127.0.0.1:7020', epochs=100, evaluate=False, gpu=None, log='/home/junzhin/Project/Summer_project/code/version1.0/pretrained_model_results/ALEX_office31masked2', lr=0.01, momentum=0.9, multiprocessing_distributed=True, num_classes=1000, pretrained=False, print_freq=200, randomchosenmode=False, rank=0, resume='/home/junzhin/Project/Summer_project/code/version1.0/pretrained_model_results/ALEX_office31masked2_newcheckpoint.pth.tar', seed=None, start_epoch=0, subset=True, subsetpath='/home/junzhin/Project/Summer_project/code/version1.0/masked_office31_imagenetlabel2_manual_df.csv', weight_decay=0.0005, workers=8, world_size=1)
Use GPU: 1 for training
when creating the model, the number of classes are
958
=> creating model 'alexnet'
inside the model
the number of classes 958
Adjusting learning rate of group 0 to 1.0000e-02.
=> no checkpoint found at '/home/junzhin/Project/Summer_project/code/version1.0/pretrained_model_results/ALEX_office31masked2_newcheckpoint.pth.tar'
----------------------------------------
training directory:/data/gpfs/datasets/Imagenet/train_blurred

validating directory:/data/gpfs/datasets/Imagenet/val_blurred

----------------------------------------
Dataset ImageFolder
    Number of datapoints: 1281066
    Root location: /data/gpfs/datasets/Imagenet/train_blurred
    StandardTransform
Transform: Compose(
               RandomHorizontalFlip(p=0.5)
               Resize(size=256, interpolation=bilinear, max_size=None, antialias=None)
               RandomResizedCrop(size=(224, 224), scale=(0.08, 1.0), ratio=(0.75, 1.3333), interpolation=bilinear)
               ToTensor()
               Normalize(mean=[0.485, 0.456, 0.406], std=[0.229, 0.224, 0.225])
           )
----------------------------------------
Dataset ImageFolder
    Number of datapoints: 49997
    Root location: /data/gpfs/datasets/Imagenet/val_blurred
    StandardTransform
Transform: Compose(
               RandomHorizontalFlip(p=0.5)
               Resize(size=256, interpolation=bilinear, max_size=None, antialias=None)
               RandomResizedCrop(size=(224, 224), scale=(0.08, 1.0), ratio=(0.75, 1.3333), interpolation=bilinear)
               ToTensor()
           )
----------------------------------------
            0                      1
0   n02791124           barber_chair
1   n02823428            beer_bottle
2   n02835271  bicycle-built-for-two
3   n02840245                 binder
4   n02870880               bookcase
5   n02877765              bottlecap
6   n02992529     cellular_telephone
7   n03018349          china_cabinet
8   n03063599             coffee_mug
9   n03085013      computer_keyboard
10  n03127747           crash_helmet
11  n03180011       desktop_computer
12  n03187595         dial_telephone
13  n03376595          folding_chair
14  n03379051        football_helmet
15  n03388183           fountain_pen
16  n03485407     hand-held_computer
17  n03637318              lampshade
18  n03642806                 laptop
19  n03691459            loudspeaker
20  n03742115         medicine_chest
21  n03759954             microphone
22  n03782006                monitor
23  n03785016                  moped
24  n03792782          mountain_bike
25  n03793489                  mouse
26  n03832673               notebook
27  n03902125              pay-phone
28  n03937543            pill_bottle
29  n03983396             pop_bottle
30  n04004767                printer
31  n04009552              projector
32  n04099969          rocking_chair
33  n04152593                 screen
34  n04286575              spotlight
35  n04380533             table_lamp
36  n04476259                   tray
37  n04505470    typewriter_keyboard
38  n04557648           water_bottle
39  n04591713            wine_bottle
40  n06596364             comic_book
41  n07930864                    cup
+---+---+---+---+---+---+---+---+---+---+---+---+---+---+---+---+---+---+---+---
958
42
+---+---+---+---+---+---+---+---+---+---+---+---+---+---+---+---+---+---+---+---
chosen_classes_labels_names
['n01440764', 'n01443537', 'n01484850', 'n01491361', 'n01494475', 'n01496331', 'n01498041', 'n01514668', 'n01514859', 'n01518878', 'n01530575', 'n01531178', 'n01532829', 'n01534433', 'n01537544', 'n01558993', 'n01560419', 'n01580077', 'n01582220', 'n01592084', 'n01601694', 'n01608432', 'n01614925', 'n01616318', 'n01622779', 'n01629819', 'n01630670', 'n01631663', 'n01632458', 'n01632777', 'n01641577', 'n01644373', 'n01644900', 'n01664065', 'n01665541', 'n01667114', 'n01667778', 'n01669191', 'n01675722', 'n01677366', 'n01682714', 'n01685808', 'n01687978', 'n01688243', 'n01689811', 'n01692333', 'n01693334', 'n01694178', 'n01695060', 'n01697457', 'n01698640', 'n01704323', 'n01728572', 'n01728920', 'n01729322', 'n01729977', 'n01734418', 'n01735189', 'n01737021', 'n01739381', 'n01740131', 'n01742172', 'n01744401', 'n01748264', 'n01749939', 'n01751748', 'n01753488', 'n01755581', 'n01756291', 'n01768244', 'n01770081', 'n01770393', 'n01773157', 'n01773549', 'n01773797', 'n01774384', 'n01774750', 'n01775062', 'n01776313', 'n01784675', 'n01795545', 'n01796340', 'n01797886', 'n01798484', 'n01806143', 'n01806567', 'n01807496', 'n01817953', 'n01818515', 'n01819313', 'n01820546', 'n01824575', 'n01828970', 'n01829413', 'n01833805', 'n01843065', 'n01843383', 'n01847000', 'n01855032', 'n01855672', 'n01860187', 'n01871265', 'n01872401', 'n01873310', 'n01877812', 'n01882714', 'n01883070', 'n01910747', 'n01914609', 'n01917289', 'n01924916', 'n01930112', 'n01943899', 'n01944390', 'n01945685', 'n01950731', 'n01955084', 'n01968897', 'n01978287', 'n01978455', 'n01980166', 'n01981276', 'n01983481', 'n01984695', 'n01985128', 'n01986214', 'n01990800', 'n02002556', 'n02002724', 'n02006656', 'n02007558', 'n02009229', 'n02009912', 'n02011460', 'n02012849', 'n02013706', 'n02017213', 'n02018207', 'n02018795', 'n02025239', 'n02027492', 'n02028035', 'n02033041', 'n02037110', 'n02051845', 'n02056570', 'n02058221', 'n02066245', 'n02071294', 'n02074367', 'n02077923', 'n02085620', 'n02085782', 'n02085936', 'n02086079', 'n02086240', 'n02086646', 'n02086910', 'n02087046', 'n02087394', 'n02088094', 'n02088238', 'n02088364', 'n02088466', 'n02088632', 'n02089078', 'n02089867', 'n02089973', 'n02090379', 'n02090622', 'n02090721', 'n02091032', 'n02091134', 'n02091244', 'n02091467', 'n02091635', 'n02091831', 'n02092002', 'n02092339', 'n02093256', 'n02093428', 'n02093647', 'n02093754', 'n02093859', 'n02093991', 'n02094114', 'n02094258', 'n02094433', 'n02095314', 'n02095570', 'n02095889', 'n02096051', 'n02096177', 'n02096294', 'n02096437', 'n02096585', 'n02097047', 'n02097130', 'n02097209', 'n02097298', 'n02097474', 'n02097658', 'n02098105', 'n02098286', 'n02098413', 'n02099267', 'n02099429', 'n02099601', 'n02099712', 'n02099849', 'n02100236', 'n02100583', 'n02100735', 'n02100877', 'n02101006', 'n02101388', 'n02101556', 'n02102040', 'n02102177', 'n02102318', 'n02102480', 'n02102973', 'n02104029', 'n02104365', 'n02105056', 'n02105162', 'n02105251', 'n02105412', 'n02105505', 'n02105641', 'n02105855', 'n02106030', 'n02106166', 'n02106382', 'n02106550', 'n02106662', 'n02107142', 'n02107312', 'n02107574', 'n02107683', 'n02107908', 'n02108000', 'n02108089', 'n02108422', 'n02108551', 'n02108915', 'n02109047', 'n02109525', 'n02109961', 'n02110063', 'n02110185', 'n02110341', 'n02110627', 'n02110806', 'n02110958', 'n02111129', 'n02111277', 'n02111500', 'n02111889', 'n02112018', 'n02112137', 'n02112350', 'n02112706', 'n02113023', 'n02113186', 'n02113624', 'n02113712', 'n02113799', 'n02113978', 'n02114367', 'n02114548', 'n02114712', 'n02114855', 'n02115641', 'n02115913', 'n02116738', 'n02117135', 'n02119022', 'n02119789', 'n02120079', 'n02120505', 'n02123045', 'n02123159', 'n02123394', 'n02123597', 'n02124075', 'n02125311', 'n02127052', 'n02128385', 'n02128757', 'n02128925', 'n02129165', 'n02129604', 'n02130308', 'n02132136', 'n02133161', 'n02134084', 'n02134418', 'n02137549', 'n02138441', 'n02165105', 'n02165456', 'n02167151', 'n02168699', 'n02169497', 'n02172182', 'n02174001', 'n02177972', 'n02190166', 'n02206856', 'n02219486', 'n02226429', 'n02229544', 'n02231487', 'n02233338', 'n02236044', 'n02256656', 'n02259212', 'n02264363', 'n02268443', 'n02268853', 'n02276258', 'n02277742', 'n02279972', 'n02280649', 'n02281406', 'n02281787', 'n02317335', 'n02319095', 'n02321529', 'n02325366', 'n02326432', 'n02328150', 'n02342885', 'n02346627', 'n02356798', 'n02361337', 'n02363005', 'n02364673', 'n02389026', 'n02391049', 'n02395406', 'n02396427', 'n02397096', 'n02398521', 'n02403003', 'n02408429', 'n02410509', 'n02412080', 'n02415577', 'n02417914', 'n02422106', 'n02422699', 'n02423022', 'n02437312', 'n02437616', 'n02441942', 'n02442845', 'n02443114', 'n02443484', 'n02444819', 'n02445715', 'n02447366', 'n02454379', 'n02457408', 'n02480495', 'n02480855', 'n02481823', 'n02483362', 'n02483708', 'n02484975', 'n02486261', 'n02486410', 'n02487347', 'n02488291', 'n02488702', 'n02489166', 'n02490219', 'n02492035', 'n02492660', 'n02493509', 'n02493793', 'n02494079', 'n02497673', 'n02500267', 'n02504013', 'n02504458', 'n02509815', 'n02510455', 'n02514041', 'n02526121', 'n02536864', 'n02606052', 'n02607072', 'n02640242', 'n02641379', 'n02643566', 'n02655020', 'n02666196', 'n02667093', 'n02669723', 'n02672831', 'n02676566', 'n02687172', 'n02690373', 'n02692877', 'n02699494', 'n02701002', 'n02704792', 'n02708093', 'n02727426', 'n02730930', 'n02747177', 'n02749479', 'n02769748', 'n02776631', 'n02777292', 'n02782093', 'n02783161', 'n02786058', 'n02787622', 'n02788148', 'n02790996', 'n02791270', 'n02793495', 'n02794156', 'n02795169', 'n02797295', 'n02799071', 'n02802426', 'n02804414', 'n02804610', 'n02807133', 'n02808304', 'n02808440', 'n02814533', 'n02814860', 'n02815834', 'n02817516', 'n02823750', 'n02825657', 'n02834397', 'n02837789', 'n02841315', 'n02843684', 'n02859443', 'n02860847', 'n02865351', 'n02869837', 'n02871525', 'n02879718', 'n02883205', 'n02892201', 'n02892767', 'n02894605', 'n02895154', 'n02906734', 'n02909870', 'n02910353', 'n02916936', 'n02917067', 'n02927161', 'n02930766', 'n02939185', 'n02948072', 'n02950826', 'n02951358', 'n02951585', 'n02963159', 'n02965783', 'n02966193', 'n02966687', 'n02971356', 'n02974003', 'n02977058', 'n02978881', 'n02979186', 'n02980441', 'n02981792', 'n02988304', 'n02992211', 'n02999410', 'n03000134', 'n03000247', 'n03000684', 'n03014705', 'n03016953', 'n03017168', 'n03026506', 'n03028079', 'n03032252', 'n03041632', 'n03042490', 'n03045698', 'n03047690', 'n03062245', 'n03063689', 'n03065424', 'n03075370', 'n03089624', 'n03095699', 'n03100240', 'n03109150', 'n03110669', 'n03124043', 'n03124170', 'n03125729', 'n03126707', 'n03127925', 'n03131574', 'n03133878', 'n03134739', 'n03141823', 'n03146219', 'n03160309', 'n03179701', 'n03188531', 'n03196217', 'n03197337', 'n03201208', 'n03207743', 'n03207941', 'n03208938', 'n03216828', 'n03218198', 'n03220513', 'n03223299', 'n03240683', 'n03249569', 'n03250847', 'n03255030', 'n03259280', 'n03271574', 'n03272010', 'n03272562', 'n03290653', 'n03291819', 'n03297495', 'n03314780', 'n03325584', 'n03337140', 'n03344393', 'n03345487', 'n03347037', 'n03355925', 'n03372029', 'n03384352', 'n03388043', 'n03388549', 'n03393912', 'n03394916', 'n03400231', 'n03404251', 'n03417042', 'n03424325', 'n03425413', 'n03443371', 'n03444034', 'n03445777', 'n03445924', 'n03447447', 'n03447721', 'n03450230', 'n03452741', 'n03457902', 'n03459775', 'n03461385', 'n03467068', 'n03476684', 'n03476991', 'n03478589', 'n03481172', 'n03482405', 'n03483316', 'n03485794', 'n03492542', 'n03494278', 'n03495258', 'n03496892', 'n03498962', 'n03527444', 'n03529860', 'n03530642', 'n03532672', 'n03534580', 'n03535780', 'n03538406', 'n03544143', 'n03584254', 'n03584829', 'n03590841', 'n03594734', 'n03594945', 'n03595614', 'n03598930', 'n03599486', 'n03602883', 'n03617480', 'n03623198', 'n03627232', 'n03630383', 'n03633091', 'n03649909', 'n03657121', 'n03658185', 'n03661043', 'n03662601', 'n03666591', 'n03670208', 'n03673027', 'n03676483', 'n03680355', 'n03690938', 'n03692522', 'n03697007', 'n03706229', 'n03709823', 'n03710193', 'n03710637', 'n03710721', 'n03717622', 'n03720891', 'n03721384', 'n03724870', 'n03729826', 'n03733131', 'n03733281', 'n03733805', 'n03743016', 'n03761084', 'n03763968', 'n03764736', 'n03769881', 'n03770439', 'n03770679', 'n03773504', 'n03775071', 'n03775546', 'n03776460', 'n03777568', 'n03777754', 'n03781244', 'n03786901', 'n03787032', 'n03788195', 'n03788365', 'n03791053', 'n03792972', 'n03794056', 'n03796401', 'n03803284', 'n03804744', 'n03814639', 'n03814906', 'n03825788', 'n03837869', 'n03838899', 'n03840681', 'n03841143', 'n03843555', 'n03854065', 'n03857828', 'n03866082', 'n03868242', 'n03868863', 'n03871628', 'n03873416', 'n03874293', 'n03874599', 'n03876231', 'n03877472', 'n03877845', 'n03884397', 'n03887697', 'n03888257', 'n03888605', 'n03891251', 'n03891332', 'n03895866', 'n03899768', 'n03903868', 'n03908618', 'n03908714', 'n03916031', 'n03920288', 'n03924679', 'n03929660', 'n03929855', 'n03930313', 'n03930630', 'n03933933', 'n03935335', 'n03938244', 'n03942813', 'n03944341', 'n03947888', 'n03950228', 'n03954731', 'n03956157', 'n03958227', 'n03961711', 'n03967562', 'n03970156', 'n03976467', 'n03976657', 'n03977966', 'n03980874', 'n03982430', 'n03991062', 'n03992509', 'n03995372', 'n03998194', 'n04005630', 'n04008634', 'n04019541', 'n04023962', 'n04026417', 'n04033901', 'n04033995', 'n04037443', 'n04039381', 'n04040759', 'n04041544', 'n04044716', 'n04049303', 'n04065272', 'n04067472', 'n04069434', 'n04070727', 'n04074963', 'n04081281', 'n04086273', 'n04090263', 'n04111531', 'n04116512', 'n04118538', 'n04118776', 'n04120489', 'n04125021', 'n04127249', 'n04131690', 'n04133789', 'n04136333', 'n04141076', 'n04141327', 'n04141975', 'n04146614', 'n04147183', 'n04149813', 'n04153751', 'n04154565', 'n04162706', 'n04179913', 'n04192698', 'n04200800', 'n04201297', 'n04204238', 'n04204347', 'n04208210', 'n04209133', 'n04209239', 'n04228054', 'n04229816', 'n04235860', 'n04238763', 'n04239074', 'n04243546', 'n04251144', 'n04252077', 'n04252225', 'n04254120', 'n04254680', 'n04254777', 'n04258138', 'n04259630', 'n04263257', 'n04264628', 'n04265275', 'n04266014', 'n04270147', 'n04273569', 'n04275548', 'n04277352', 'n04285008', 'n04296562', 'n04310018', 'n04311004', 'n04311174', 'n04317175', 'n04325704', 'n04326547', 'n04328186', 'n04330267', 'n04332243', 'n04335435', 'n04336792', 'n04344873', 'n04346328', 'n04347754', 'n04350905', 'n04355338', 'n04355933', 'n04356056', 'n04357314', 'n04366367', 'n04367480', 'n04370456', 'n04371430', 'n04371774', 'n04372370', 'n04376876', 'n04389033', 'n04392985', 'n04398044', 'n04399382', 'n04404412', 'n04409515', 'n04417672', 'n04418357', 'n04423845', 'n04428191', 'n04429376', 'n04435653', 'n04442312', 'n04443257', 'n04447861', 'n04456115', 'n04458633', 'n04461696', 'n04462240', 'n04465501', 'n04467665', 'n04479046', 'n04482393', 'n04483307', 'n04485082', 'n04486054', 'n04487081', 'n04487394', 'n04493381', 'n04501370', 'n04507155', 'n04509417', 'n04515003', 'n04517823', 'n04522168', 'n04523525', 'n04525038', 'n04525305', 'n04532106', 'n04532670', 'n04536866', 'n04540053', 'n04542943', 'n04548280', 'n04548362', 'n04550184', 'n04552348', 'n04553703', 'n04554684', 'n04560804', 'n04562935', 'n04579145', 'n04579432', 'n04584207', 'n04589890', 'n04590129', 'n04591157', 'n04592741', 'n04596742', 'n04597913', 'n04599235', 'n04604644', 'n04606251', 'n04612504', 'n04613696', 'n06359193', 'n06785654', 'n06794110', 'n06874185', 'n07248320', 'n07565083', 'n07579787', 'n07583066', 'n07584110', 'n07590611', 'n07613480', 'n07614500', 'n07615774', 'n07684084', 'n07693725', 'n07695742', 'n07697313', 'n07697537', 'n07711569', 'n07714571', 'n07714990', 'n07715103', 'n07716358', 'n07716906', 'n07717410', 'n07717556', 'n07718472', 'n07718747', 'n07720875', 'n07730033', 'n07734744', 'n07742313', 'n07745940', 'n07747607', 'n07749582', 'n07753113', 'n07753275', 'n07753592', 'n07754684', 'n07760859', 'n07768694', 'n07802026', 'n07831146', 'n07836838', 'n07860988', 'n07871810', 'n07873807', 'n07875152', 'n07880968', 'n07892512', 'n07920052', 'n07932039', 'n09193705', 'n09229709', 'n09246464', 'n09256479', 'n09288635', 'n09332890', 'n09399592', 'n09421951', 'n09428293', 'n09468604', 'n09472597', 'n09835506', 'n10148035', 'n10565667', 'n11879895', 'n11939491', 'n12057211', 'n12144580', 'n12267677', 'n12620546', 'n12768682', 'n12985857', 'n12998815', 'n13037406', 'n13040303', 'n13044778', 'n13052670', 'n13054560', 'n13133613', 'n15075141']
1226767
train_datast length is 1226767
47897
valid_dataset length is 47897
{0: 0, 1: 1, 2: 2, 3: 3, 4: 4, 5: 5, 6: 6, 7: 7, 8: 8, 9: 9, 10: 10, 11: 11, 12: 12, 13: 13, 14: 14, 15: 15, 16: 16, 17: 17, 18: 18, 19: 19, 20: 20, 21: 21, 22: 22, 23: 23, 24: 24, 25: 25, 26: 26, 27: 27, 28: 28, 29: 29, 30: 30, 31: 31, 32: 32, 33: 33, 34: 34, 35: 35, 36: 36, 37: 37, 38: 38, 39: 39, 40: 40, 41: 41, 42: 42, 43: 43, 44: 44, 45: 45, 46: 46, 47: 47, 48: 48, 49: 49, 50: 50, 51: 51, 52: 52, 53: 53, 54: 54, 55: 55, 56: 56, 57: 57, 58: 58, 59: 59, 60: 60, 61: 61, 62: 62, 63: 63, 64: 64, 65: 65, 66: 66, 67: 67, 68: 68, 69: 69, 70: 70, 71: 71, 72: 72, 73: 73, 74: 74, 75: 75, 76: 76, 77: 77, 78: 78, 79: 79, 80: 80, 81: 81, 82: 82, 83: 83, 84: 84, 85: 85, 86: 86, 87: 87, 88: 88, 89: 89, 90: 90, 91: 91, 92: 92, 93: 93, 94: 94, 95: 95, 96: 96, 97: 97, 98: 98, 99: 99, 100: 100, 101: 101, 102: 102, 103: 103, 104: 104, 105: 105, 106: 106, 107: 107, 108: 108, 109: 109, 110: 110, 111: 111, 112: 112, 113: 113, 114: 114, 115: 115, 116: 116, 117: 117, 118: 118, 119: 119, 120: 120, 121: 121, 122: 122, 123: 123, 124: 124, 125: 125, 126: 126, 127: 127, 128: 128, 129: 129, 130: 130, 131: 131, 132: 132, 133: 133, 134: 134, 135: 135, 136: 136, 137: 137, 138: 138, 139: 139, 140: 140, 141: 141, 142: 142, 143: 143, 144: 144, 145: 145, 146: 146, 147: 147, 148: 148, 149: 149, 150: 150, 151: 151, 152: 152, 153: 153, 154: 154, 155: 155, 156: 156, 157: 157, 158: 158, 159: 159, 160: 160, 161: 161, 162: 162, 163: 163, 164: 164, 165: 165, 166: 166, 167: 167, 168: 168, 169: 169, 170: 170, 171: 171, 172: 172, 173: 173, 174: 174, 175: 175, 176: 176, 177: 177, 178: 178, 179: 179, 180: 180, 181: 181, 182: 182, 183: 183, 184: 184, 185: 185, 186: 186, 187: 187, 188: 188, 189: 189, 190: 190, 191: 191, 192: 192, 193: 193, 194: 194, 195: 195, 196: 196, 197: 197, 198: 198, 199: 199, 200: 200, 201: 201, 202: 202, 203: 203, 204: 204, 205: 205, 206: 206, 207: 207, 208: 208, 209: 209, 210: 210, 211: 211, 212: 212, 213: 213, 214: 214, 215: 215, 216: 216, 217: 217, 218: 218, 219: 219, 220: 220, 221: 221, 222: 222, 223: 223, 224: 224, 225: 225, 226: 226, 227: 227, 228: 228, 229: 229, 230: 230, 231: 231, 232: 232, 233: 233, 234: 234, 235: 235, 236: 236, 237: 237, 238: 238, 239: 239, 240: 240, 241: 241, 242: 242, 243: 243, 244: 244, 245: 245, 246: 246, 247: 247, 248: 248, 249: 249, 250: 250, 251: 251, 252: 252, 253: 253, 254: 254, 255: 255, 256: 256, 257: 257, 258: 258, 259: 259, 260: 260, 261: 261, 262: 262, 263: 263, 264: 264, 265: 265, 266: 266, 267: 267, 268: 268, 269: 269, 270: 270, 271: 271, 272: 272, 273: 273, 274: 274, 275: 275, 276: 276, 277: 277, 278: 278, 279: 279, 280: 280, 281: 281, 282: 282, 283: 283, 284: 284, 285: 285, 286: 286, 287: 287, 288: 288, 289: 289, 290: 290, 291: 291, 292: 292, 293: 293, 294: 294, 295: 295, 296: 296, 297: 297, 298: 298, 299: 299, 300: 300, 301: 301, 302: 302, 303: 303, 304: 304, 305: 305, 306: 306, 307: 307, 308: 308, 309: 309, 310: 310, 311: 311, 312: 312, 313: 313, 314: 314, 315: 315, 316: 316, 317: 317, 318: 318, 319: 319, 320: 320, 321: 321, 322: 322, 323: 323, 324: 324, 325: 325, 326: 326, 327: 327, 328: 328, 329: 329, 330: 330, 331: 331, 332: 332, 333: 333, 334: 334, 335: 335, 336: 336, 337: 337, 338: 338, 339: 339, 340: 340, 341: 341, 342: 342, 343: 343, 344: 344, 345: 345, 346: 346, 347: 347, 348: 348, 349: 349, 350: 350, 351: 351, 352: 352, 353: 353, 354: 354, 355: 355, 356: 356, 357: 357, 358: 358, 359: 359, 360: 360, 361: 361, 362: 362, 363: 363, 364: 364, 365: 365, 366: 366, 367: 367, 368: 368, 369: 369, 370: 370, 371: 371, 372: 372, 373: 373, 374: 374, 375: 375, 376: 376, 377: 377, 378: 378, 379: 379, 380: 380, 381: 381, 382: 382, 383: 383, 384: 384, 385: 385, 386: 386, 387: 387, 388: 388, 389: 389, 390: 390, 391: 391, 392: 392, 393: 393, 394: 394, 395: 395, 396: 396, 397: 397, 398: 398, 399: 399, 400: 400, 401: 401, 402: 402, 403: 403, 404: 404, 405: 405, 406: 406, 407: 407, 408: 408, 409: 409, 410: 410, 411: 411, 412: 412, 413: 413, 414: 414, 415: 415, 416: 416, 417: 417, 418: 418, 419: 419, 420: 420, 421: 421, 422: 422, 424: 423, 425: 424, 426: 425, 427: 426, 428: 427, 429: 428, 430: 429, 431: 430, 432: 431, 433: 432, 434: 433, 435: 434, 436: 435, 437: 436, 438: 437, 439: 438, 441: 439, 442: 440, 443: 441, 445: 442, 447: 443, 448: 444, 449: 445, 450: 446, 451: 447, 452: 448, 454: 449, 456: 450, 457: 451, 458: 452, 459: 453, 460: 454, 461: 455, 462: 456, 463: 457, 464: 458, 465: 459, 466: 460, 467: 461, 468: 462, 469: 463, 470: 464, 471: 465, 472: 466, 473: 467, 474: 468, 475: 469, 476: 470, 477: 471, 478: 472, 479: 473, 480: 474, 481: 475, 482: 476, 483: 477, 484: 478, 485: 479, 486: 480, 488: 481, 489: 482, 490: 483, 491: 484, 492: 485, 493: 486, 494: 487, 496: 488, 497: 489, 498: 490, 499: 491, 500: 492, 501: 493, 502: 494, 503: 495, 505: 496, 506: 497, 507: 498, 509: 499, 510: 500, 511: 501, 512: 502, 513: 503, 514: 504, 515: 505, 516: 506, 517: 507, 519: 508, 520: 509, 521: 510, 522: 511, 523: 512, 524: 513, 525: 514, 526: 515, 529: 516, 530: 517, 531: 518, 532: 519, 533: 520, 534: 521, 535: 522, 536: 523, 537: 524, 538: 525, 539: 526, 540: 527, 541: 528, 542: 529, 543: 530, 544: 531, 545: 532, 546: 533, 547: 534, 548: 535, 549: 536, 550: 537, 551: 538, 552: 539, 553: 540, 554: 541, 555: 542, 556: 543, 557: 544, 558: 545, 561: 546, 562: 547, 564: 548, 565: 549, 566: 550, 567: 551, 568: 552, 569: 553, 570: 554, 571: 555, 572: 556, 573: 557, 574: 558, 575: 559, 576: 560, 577: 561, 578: 562, 579: 563, 580: 564, 581: 565, 582: 566, 583: 567, 584: 568, 585: 569, 586: 570, 587: 571, 588: 572, 589: 573, 591: 574, 592: 575, 593: 576, 594: 577, 595: 578, 596: 579, 597: 580, 598: 581, 599: 582, 600: 583, 601: 584, 602: 585, 603: 586, 604: 587, 605: 588, 606: 589, 607: 590, 608: 591, 609: 592, 610: 593, 611: 594, 612: 595, 613: 596, 614: 597, 615: 598, 616: 599, 617: 600, 618: 601, 621: 602, 622: 603, 623: 604, 624: 605, 625: 606, 626: 607, 627: 608, 628: 609, 629: 610, 630: 611, 631: 612, 633: 613, 634: 614, 635: 615, 636: 616, 637: 617, 638: 618, 639: 619, 640: 620, 641: 621, 642: 622, 643: 623, 644: 624, 645: 625, 646: 626, 647: 627, 649: 628, 651: 629, 652: 630, 653: 631, 654: 632, 655: 633, 656: 634, 657: 635, 658: 636, 659: 637, 660: 638, 661: 639, 662: 640, 663: 641, 666: 642, 667: 643, 668: 644, 669: 645, 670: 646, 672: 647, 674: 648, 675: 649, 676: 650, 677: 651, 678: 652, 679: 653, 680: 654, 682: 655, 683: 656, 684: 657, 685: 658, 686: 659, 687: 660, 688: 661, 689: 662, 690: 663, 691: 664, 692: 665, 693: 666, 694: 667, 695: 668, 696: 669, 697: 670, 698: 671, 699: 672, 700: 673, 701: 674, 702: 675, 703: 676, 704: 677, 705: 678, 706: 679, 708: 680, 709: 681, 710: 682, 711: 683, 712: 684, 713: 685, 714: 686, 715: 687, 716: 688, 717: 689, 718: 690, 719: 691, 721: 692, 722: 693, 723: 694, 724: 695, 725: 696, 726: 697, 727: 698, 728: 699, 729: 700, 730: 701, 731: 702, 732: 703, 733: 704, 734: 705, 735: 706, 736: 707, 738: 708, 739: 709, 740: 710, 741: 711, 743: 712, 744: 713, 746: 714, 747: 715, 748: 716, 749: 717, 750: 718, 751: 719, 752: 720, 753: 721, 754: 722, 755: 723, 756: 724, 757: 725, 758: 726, 759: 727, 760: 728, 761: 729, 762: 730, 763: 731, 764: 732, 766: 733, 767: 734, 768: 735, 769: 736, 770: 737, 771: 738, 772: 739, 773: 740, 774: 741, 775: 742, 776: 743, 777: 744, 778: 745, 779: 746, 780: 747, 781: 748, 783: 749, 784: 750, 785: 751, 786: 752, 787: 753, 788: 754, 789: 755, 790: 756, 791: 757, 792: 758, 793: 759, 794: 760, 795: 761, 796: 762, 797: 763, 798: 764, 799: 765, 800: 766, 801: 767, 802: 768, 803: 769, 804: 770, 805: 771, 806: 772, 807: 773, 808: 774, 809: 775, 810: 776, 811: 777, 812: 778, 813: 779, 814: 780, 815: 781, 816: 782, 817: 783, 819: 784, 820: 785, 821: 786, 822: 787, 823: 788, 824: 789, 825: 790, 826: 791, 827: 792, 828: 793, 829: 794, 830: 795, 831: 796, 832: 797, 833: 798, 834: 799, 835: 800, 836: 801, 837: 802, 838: 803, 839: 804, 840: 805, 841: 806, 842: 807, 843: 808, 844: 809, 845: 810, 847: 811, 848: 812, 849: 813, 850: 814, 851: 815, 852: 816, 853: 817, 854: 818, 855: 819, 856: 820, 857: 821, 858: 822, 859: 823, 860: 824, 861: 825, 862: 826, 863: 827, 864: 828, 865: 829, 866: 830, 867: 831, 869: 832, 870: 833, 871: 834, 872: 835, 873: 836, 874: 837, 875: 838, 876: 839, 877: 840, 879: 841, 880: 842, 881: 843, 882: 844, 883: 845, 884: 846, 885: 847, 886: 848, 887: 849, 888: 850, 889: 851, 890: 852, 891: 853, 892: 854, 893: 855, 894: 856, 895: 857, 896: 858, 897: 859, 899: 860, 900: 861, 901: 862, 902: 863, 903: 864, 904: 865, 905: 866, 906: 867, 908: 868, 909: 869, 910: 870, 911: 871, 912: 872, 913: 873, 914: 874, 915: 875, 916: 876, 918: 877, 919: 878, 920: 879, 921: 880, 922: 881, 923: 882, 924: 883, 925: 884, 926: 885, 927: 886, 928: 887, 929: 888, 930: 889, 931: 890, 932: 891, 933: 892, 934: 893, 935: 894, 936: 895, 937: 896, 938: 897, 939: 898, 940: 899, 941: 900, 942: 901, 943: 902, 944: 903, 945: 904, 946: 905, 947: 906, 948: 907, 949: 908, 950: 909, 951: 910, 952: 911, 953: 912, 954: 913, 955: 914, 956: 915, 957: 916, 958: 917, 959: 918, 960: 919, 961: 920, 962: 921, 963: 922, 964: 923, 965: 924, 966: 925, 967: 926, 969: 927, 970: 928, 971: 929, 972: 930, 973: 931, 974: 932, 975: 933, 976: 934, 977: 935, 978: 936, 979: 937, 980: 938, 981: 939, 982: 940, 983: 941, 984: 942, 985: 943, 986: 944, 987: 945, 988: 946, 989: 947, 990: 948, 991: 949, 992: 950, 993: 951, 994: 952, 995: 953, 996: 954, 997: 955, 998: 956, 999: 957}
training set
4793
validating  set
375
Use GPU: 0 for training
when creating the model, the number of classes are
958
=> creating model 'alexnet'
inside the model
the number of classes 958
Adjusting learning rate of group 0 to 1.0000e-02.
=> no checkpoint found at '/home/junzhin/Project/Summer_project/code/version1.0/pretrained_model_results/ALEX_office31masked2_newcheckpoint.pth.tar'
----------------------------------------
training directory:/data/gpfs/datasets/Imagenet/train_blurred

validating directory:/data/gpfs/datasets/Imagenet/val_blurred

----------------------------------------
Dataset ImageFolder
    Number of datapoints: 1281066
    Root location: /data/gpfs/datasets/Imagenet/train_blurred
    StandardTransform
Transform: Compose(
               RandomHorizontalFlip(p=0.5)
               Resize(size=256, interpolation=bilinear, max_size=None, antialias=None)
               RandomResizedCrop(size=(224, 224), scale=(0.08, 1.0), ratio=(0.75, 1.3333), interpolation=bilinear)
               ToTensor()
               Normalize(mean=[0.485, 0.456, 0.406], std=[0.229, 0.224, 0.225])
           )
----------------------------------------
Dataset ImageFolder
    Number of datapoints: 49997
    Root location: /data/gpfs/datasets/Imagenet/val_blurred
    StandardTransform
Transform: Compose(
               RandomHorizontalFlip(p=0.5)
               Resize(size=256, interpolation=bilinear, max_size=None, antialias=None)
               RandomResizedCrop(size=(224, 224), scale=(0.08, 1.0), ratio=(0.75, 1.3333), interpolation=bilinear)
               ToTensor()
           )
----------------------------------------
            0                      1
0   n02791124           barber_chair
1   n02823428            beer_bottle
2   n02835271  bicycle-built-for-two
3   n02840245                 binder
4   n02870880               bookcase
5   n02877765              bottlecap
6   n02992529     cellular_telephone
7   n03018349          china_cabinet
8   n03063599             coffee_mug
9   n03085013      computer_keyboard
10  n03127747           crash_helmet
11  n03180011       desktop_computer
12  n03187595         dial_telephone
13  n03376595          folding_chair
14  n03379051        football_helmet
15  n03388183           fountain_pen
16  n03485407     hand-held_computer
17  n03637318              lampshade
18  n03642806                 laptop
19  n03691459            loudspeaker
20  n03742115         medicine_chest
21  n03759954             microphone
22  n03782006                monitor
23  n03785016                  moped
24  n03792782          mountain_bike
25  n03793489                  mouse
26  n03832673               notebook
27  n03902125              pay-phone
28  n03937543            pill_bottle
29  n03983396             pop_bottle
30  n04004767                printer
31  n04009552              projector
32  n04099969          rocking_chair
33  n04152593                 screen
34  n04286575              spotlight
35  n04380533             table_lamp
36  n04476259                   tray
37  n04505470    typewriter_keyboard
38  n04557648           water_bottle
39  n04591713            wine_bottle
40  n06596364             comic_book
41  n07930864                    cup
+---+---+---+---+---+---+---+---+---+---+---+---+---+---+---+---+---+---+---+---
958
42
+---+---+---+---+---+---+---+---+---+---+---+---+---+---+---+---+---+---+---+---
chosen_classes_labels_names
['n01440764', 'n01443537', 'n01484850', 'n01491361', 'n01494475', 'n01496331', 'n01498041', 'n01514668', 'n01514859', 'n01518878', 'n01530575', 'n01531178', 'n01532829', 'n01534433', 'n01537544', 'n01558993', 'n01560419', 'n01580077', 'n01582220', 'n01592084', 'n01601694', 'n01608432', 'n01614925', 'n01616318', 'n01622779', 'n01629819', 'n01630670', 'n01631663', 'n01632458', 'n01632777', 'n01641577', 'n01644373', 'n01644900', 'n01664065', 'n01665541', 'n01667114', 'n01667778', 'n01669191', 'n01675722', 'n01677366', 'n01682714', 'n01685808', 'n01687978', 'n01688243', 'n01689811', 'n01692333', 'n01693334', 'n01694178', 'n01695060', 'n01697457', 'n01698640', 'n01704323', 'n01728572', 'n01728920', 'n01729322', 'n01729977', 'n01734418', 'n01735189', 'n01737021', 'n01739381', 'n01740131', 'n01742172', 'n01744401', 'n01748264', 'n01749939', 'n01751748', 'n01753488', 'n01755581', 'n01756291', 'n01768244', 'n01770081', 'n01770393', 'n01773157', 'n01773549', 'n01773797', 'n01774384', 'n01774750', 'n01775062', 'n01776313', 'n01784675', 'n01795545', 'n01796340', 'n01797886', 'n01798484', 'n01806143', 'n01806567', 'n01807496', 'n01817953', 'n01818515', 'n01819313', 'n01820546', 'n01824575', 'n01828970', 'n01829413', 'n01833805', 'n01843065', 'n01843383', 'n01847000', 'n01855032', 'n01855672', 'n01860187', 'n01871265', 'n01872401', 'n01873310', 'n01877812', 'n01882714', 'n01883070', 'n01910747', 'n01914609', 'n01917289', 'n01924916', 'n01930112', 'n01943899', 'n01944390', 'n01945685', 'n01950731', 'n01955084', 'n01968897', 'n01978287', 'n01978455', 'n01980166', 'n01981276', 'n01983481', 'n01984695', 'n01985128', 'n01986214', 'n01990800', 'n02002556', 'n02002724', 'n02006656', 'n02007558', 'n02009229', 'n02009912', 'n02011460', 'n02012849', 'n02013706', 'n02017213', 'n02018207', 'n02018795', 'n02025239', 'n02027492', 'n02028035', 'n02033041', 'n02037110', 'n02051845', 'n02056570', 'n02058221', 'n02066245', 'n02071294', 'n02074367', 'n02077923', 'n02085620', 'n02085782', 'n02085936', 'n02086079', 'n02086240', 'n02086646', 'n02086910', 'n02087046', 'n02087394', 'n02088094', 'n02088238', 'n02088364', 'n02088466', 'n02088632', 'n02089078', 'n02089867', 'n02089973', 'n02090379', 'n02090622', 'n02090721', 'n02091032', 'n02091134', 'n02091244', 'n02091467', 'n02091635', 'n02091831', 'n02092002', 'n02092339', 'n02093256', 'n02093428', 'n02093647', 'n02093754', 'n02093859', 'n02093991', 'n02094114', 'n02094258', 'n02094433', 'n02095314', 'n02095570', 'n02095889', 'n02096051', 'n02096177', 'n02096294', 'n02096437', 'n02096585', 'n02097047', 'n02097130', 'n02097209', 'n02097298', 'n02097474', 'n02097658', 'n02098105', 'n02098286', 'n02098413', 'n02099267', 'n02099429', 'n02099601', 'n02099712', 'n02099849', 'n02100236', 'n02100583', 'n02100735', 'n02100877', 'n02101006', 'n02101388', 'n02101556', 'n02102040', 'n02102177', 'n02102318', 'n02102480', 'n02102973', 'n02104029', 'n02104365', 'n02105056', 'n02105162', 'n02105251', 'n02105412', 'n02105505', 'n02105641', 'n02105855', 'n02106030', 'n02106166', 'n02106382', 'n02106550', 'n02106662', 'n02107142', 'n02107312', 'n02107574', 'n02107683', 'n02107908', 'n02108000', 'n02108089', 'n02108422', 'n02108551', 'n02108915', 'n02109047', 'n02109525', 'n02109961', 'n02110063', 'n02110185', 'n02110341', 'n02110627', 'n02110806', 'n02110958', 'n02111129', 'n02111277', 'n02111500', 'n02111889', 'n02112018', 'n02112137', 'n02112350', 'n02112706', 'n02113023', 'n02113186', 'n02113624', 'n02113712', 'n02113799', 'n02113978', 'n02114367', 'n02114548', 'n02114712', 'n02114855', 'n02115641', 'n02115913', 'n02116738', 'n02117135', 'n02119022', 'n02119789', 'n02120079', 'n02120505', 'n02123045', 'n02123159', 'n02123394', 'n02123597', 'n02124075', 'n02125311', 'n02127052', 'n02128385', 'n02128757', 'n02128925', 'n02129165', 'n02129604', 'n02130308', 'n02132136', 'n02133161', 'n02134084', 'n02134418', 'n02137549', 'n02138441', 'n02165105', 'n02165456', 'n02167151', 'n02168699', 'n02169497', 'n02172182', 'n02174001', 'n02177972', 'n02190166', 'n02206856', 'n02219486', 'n02226429', 'n02229544', 'n02231487', 'n02233338', 'n02236044', 'n02256656', 'n02259212', 'n02264363', 'n02268443', 'n02268853', 'n02276258', 'n02277742', 'n02279972', 'n02280649', 'n02281406', 'n02281787', 'n02317335', 'n02319095', 'n02321529', 'n02325366', 'n02326432', 'n02328150', 'n02342885', 'n02346627', 'n02356798', 'n02361337', 'n02363005', 'n02364673', 'n02389026', 'n02391049', 'n02395406', 'n02396427', 'n02397096', 'n02398521', 'n02403003', 'n02408429', 'n02410509', 'n02412080', 'n02415577', 'n02417914', 'n02422106', 'n02422699', 'n02423022', 'n02437312', 'n02437616', 'n02441942', 'n02442845', 'n02443114', 'n02443484', 'n02444819', 'n02445715', 'n02447366', 'n02454379', 'n02457408', 'n02480495', 'n02480855', 'n02481823', 'n02483362', 'n02483708', 'n02484975', 'n02486261', 'n02486410', 'n02487347', 'n02488291', 'n02488702', 'n02489166', 'n02490219', 'n02492035', 'n02492660', 'n02493509', 'n02493793', 'n02494079', 'n02497673', 'n02500267', 'n02504013', 'n02504458', 'n02509815', 'n02510455', 'n02514041', 'n02526121', 'n02536864', 'n02606052', 'n02607072', 'n02640242', 'n02641379', 'n02643566', 'n02655020', 'n02666196', 'n02667093', 'n02669723', 'n02672831', 'n02676566', 'n02687172', 'n02690373', 'n02692877', 'n02699494', 'n02701002', 'n02704792', 'n02708093', 'n02727426', 'n02730930', 'n02747177', 'n02749479', 'n02769748', 'n02776631', 'n02777292', 'n02782093', 'n02783161', 'n02786058', 'n02787622', 'n02788148', 'n02790996', 'n02791270', 'n02793495', 'n02794156', 'n02795169', 'n02797295', 'n02799071', 'n02802426', 'n02804414', 'n02804610', 'n02807133', 'n02808304', 'n02808440', 'n02814533', 'n02814860', 'n02815834', 'n02817516', 'n02823750', 'n02825657', 'n02834397', 'n02837789', 'n02841315', 'n02843684', 'n02859443', 'n02860847', 'n02865351', 'n02869837', 'n02871525', 'n02879718', 'n02883205', 'n02892201', 'n02892767', 'n02894605', 'n02895154', 'n02906734', 'n02909870', 'n02910353', 'n02916936', 'n02917067', 'n02927161', 'n02930766', 'n02939185', 'n02948072', 'n02950826', 'n02951358', 'n02951585', 'n02963159', 'n02965783', 'n02966193', 'n02966687', 'n02971356', 'n02974003', 'n02977058', 'n02978881', 'n02979186', 'n02980441', 'n02981792', 'n02988304', 'n02992211', 'n02999410', 'n03000134', 'n03000247', 'n03000684', 'n03014705', 'n03016953', 'n03017168', 'n03026506', 'n03028079', 'n03032252', 'n03041632', 'n03042490', 'n03045698', 'n03047690', 'n03062245', 'n03063689', 'n03065424', 'n03075370', 'n03089624', 'n03095699', 'n03100240', 'n03109150', 'n03110669', 'n03124043', 'n03124170', 'n03125729', 'n03126707', 'n03127925', 'n03131574', 'n03133878', 'n03134739', 'n03141823', 'n03146219', 'n03160309', 'n03179701', 'n03188531', 'n03196217', 'n03197337', 'n03201208', 'n03207743', 'n03207941', 'n03208938', 'n03216828', 'n03218198', 'n03220513', 'n03223299', 'n03240683', 'n03249569', 'n03250847', 'n03255030', 'n03259280', 'n03271574', 'n03272010', 'n03272562', 'n03290653', 'n03291819', 'n03297495', 'n03314780', 'n03325584', 'n03337140', 'n03344393', 'n03345487', 'n03347037', 'n03355925', 'n03372029', 'n03384352', 'n03388043', 'n03388549', 'n03393912', 'n03394916', 'n03400231', 'n03404251', 'n03417042', 'n03424325', 'n03425413', 'n03443371', 'n03444034', 'n03445777', 'n03445924', 'n03447447', 'n03447721', 'n03450230', 'n03452741', 'n03457902', 'n03459775', 'n03461385', 'n03467068', 'n03476684', 'n03476991', 'n03478589', 'n03481172', 'n03482405', 'n03483316', 'n03485794', 'n03492542', 'n03494278', 'n03495258', 'n03496892', 'n03498962', 'n03527444', 'n03529860', 'n03530642', 'n03532672', 'n03534580', 'n03535780', 'n03538406', 'n03544143', 'n03584254', 'n03584829', 'n03590841', 'n03594734', 'n03594945', 'n03595614', 'n03598930', 'n03599486', 'n03602883', 'n03617480', 'n03623198', 'n03627232', 'n03630383', 'n03633091', 'n03649909', 'n03657121', 'n03658185', 'n03661043', 'n03662601', 'n03666591', 'n03670208', 'n03673027', 'n03676483', 'n03680355', 'n03690938', 'n03692522', 'n03697007', 'n03706229', 'n03709823', 'n03710193', 'n03710637', 'n03710721', 'n03717622', 'n03720891', 'n03721384', 'n03724870', 'n03729826', 'n03733131', 'n03733281', 'n03733805', 'n03743016', 'n03761084', 'n03763968', 'n03764736', 'n03769881', 'n03770439', 'n03770679', 'n03773504', 'n03775071', 'n03775546', 'n03776460', 'n03777568', 'n03777754', 'n03781244', 'n03786901', 'n03787032', 'n03788195', 'n03788365', 'n03791053', 'n03792972', 'n03794056', 'n03796401', 'n03803284', 'n03804744', 'n03814639', 'n03814906', 'n03825788', 'n03837869', 'n03838899', 'n03840681', 'n03841143', 'n03843555', 'n03854065', 'n03857828', 'n03866082', 'n03868242', 'n03868863', 'n03871628', 'n03873416', 'n03874293', 'n03874599', 'n03876231', 'n03877472', 'n03877845', 'n03884397', 'n03887697', 'n03888257', 'n03888605', 'n03891251', 'n03891332', 'n03895866', 'n03899768', 'n03903868', 'n03908618', 'n03908714', 'n03916031', 'n03920288', 'n03924679', 'n03929660', 'n03929855', 'n03930313', 'n03930630', 'n03933933', 'n03935335', 'n03938244', 'n03942813', 'n03944341', 'n03947888', 'n03950228', 'n03954731', 'n03956157', 'n03958227', 'n03961711', 'n03967562', 'n03970156', 'n03976467', 'n03976657', 'n03977966', 'n03980874', 'n03982430', 'n03991062', 'n03992509', 'n03995372', 'n03998194', 'n04005630', 'n04008634', 'n04019541', 'n04023962', 'n04026417', 'n04033901', 'n04033995', 'n04037443', 'n04039381', 'n04040759', 'n04041544', 'n04044716', 'n04049303', 'n04065272', 'n04067472', 'n04069434', 'n04070727', 'n04074963', 'n04081281', 'n04086273', 'n04090263', 'n04111531', 'n04116512', 'n04118538', 'n04118776', 'n04120489', 'n04125021', 'n04127249', 'n04131690', 'n04133789', 'n04136333', 'n04141076', 'n04141327', 'n04141975', 'n04146614', 'n04147183', 'n04149813', 'n04153751', 'n04154565', 'n04162706', 'n04179913', 'n04192698', 'n04200800', 'n04201297', 'n04204238', 'n04204347', 'n04208210', 'n04209133', 'n04209239', 'n04228054', 'n04229816', 'n04235860', 'n04238763', 'n04239074', 'n04243546', 'n04251144', 'n04252077', 'n04252225', 'n04254120', 'n04254680', 'n04254777', 'n04258138', 'n04259630', 'n04263257', 'n04264628', 'n04265275', 'n04266014', 'n04270147', 'n04273569', 'n04275548', 'n04277352', 'n04285008', 'n04296562', 'n04310018', 'n04311004', 'n04311174', 'n04317175', 'n04325704', 'n04326547', 'n04328186', 'n04330267', 'n04332243', 'n04335435', 'n04336792', 'n04344873', 'n04346328', 'n04347754', 'n04350905', 'n04355338', 'n04355933', 'n04356056', 'n04357314', 'n04366367', 'n04367480', 'n04370456', 'n04371430', 'n04371774', 'n04372370', 'n04376876', 'n04389033', 'n04392985', 'n04398044', 'n04399382', 'n04404412', 'n04409515', 'n04417672', 'n04418357', 'n04423845', 'n04428191', 'n04429376', 'n04435653', 'n04442312', 'n04443257', 'n04447861', 'n04456115', 'n04458633', 'n04461696', 'n04462240', 'n04465501', 'n04467665', 'n04479046', 'n04482393', 'n04483307', 'n04485082', 'n04486054', 'n04487081', 'n04487394', 'n04493381', 'n04501370', 'n04507155', 'n04509417', 'n04515003', 'n04517823', 'n04522168', 'n04523525', 'n04525038', 'n04525305', 'n04532106', 'n04532670', 'n04536866', 'n04540053', 'n04542943', 'n04548280', 'n04548362', 'n04550184', 'n04552348', 'n04553703', 'n04554684', 'n04560804', 'n04562935', 'n04579145', 'n04579432', 'n04584207', 'n04589890', 'n04590129', 'n04591157', 'n04592741', 'n04596742', 'n04597913', 'n04599235', 'n04604644', 'n04606251', 'n04612504', 'n04613696', 'n06359193', 'n06785654', 'n06794110', 'n06874185', 'n07248320', 'n07565083', 'n07579787', 'n07583066', 'n07584110', 'n07590611', 'n07613480', 'n07614500', 'n07615774', 'n07684084', 'n07693725', 'n07695742', 'n07697313', 'n07697537', 'n07711569', 'n07714571', 'n07714990', 'n07715103', 'n07716358', 'n07716906', 'n07717410', 'n07717556', 'n07718472', 'n07718747', 'n07720875', 'n07730033', 'n07734744', 'n07742313', 'n07745940', 'n07747607', 'n07749582', 'n07753113', 'n07753275', 'n07753592', 'n07754684', 'n07760859', 'n07768694', 'n07802026', 'n07831146', 'n07836838', 'n07860988', 'n07871810', 'n07873807', 'n07875152', 'n07880968', 'n07892512', 'n07920052', 'n07932039', 'n09193705', 'n09229709', 'n09246464', 'n09256479', 'n09288635', 'n09332890', 'n09399592', 'n09421951', 'n09428293', 'n09468604', 'n09472597', 'n09835506', 'n10148035', 'n10565667', 'n11879895', 'n11939491', 'n12057211', 'n12144580', 'n12267677', 'n12620546', 'n12768682', 'n12985857', 'n12998815', 'n13037406', 'n13040303', 'n13044778', 'n13052670', 'n13054560', 'n13133613', 'n15075141']
1226767
train_datast length is 1226767
47897
valid_dataset length is 47897
{0: 0, 1: 1, 2: 2, 3: 3, 4: 4, 5: 5, 6: 6, 7: 7, 8: 8, 9: 9, 10: 10, 11: 11, 12: 12, 13: 13, 14: 14, 15: 15, 16: 16, 17: 17, 18: 18, 19: 19, 20: 20, 21: 21, 22: 22, 23: 23, 24: 24, 25: 25, 26: 26, 27: 27, 28: 28, 29: 29, 30: 30, 31: 31, 32: 32, 33: 33, 34: 34, 35: 35, 36: 36, 37: 37, 38: 38, 39: 39, 40: 40, 41: 41, 42: 42, 43: 43, 44: 44, 45: 45, 46: 46, 47: 47, 48: 48, 49: 49, 50: 50, 51: 51, 52: 52, 53: 53, 54: 54, 55: 55, 56: 56, 57: 57, 58: 58, 59: 59, 60: 60, 61: 61, 62: 62, 63: 63, 64: 64, 65: 65, 66: 66, 67: 67, 68: 68, 69: 69, 70: 70, 71: 71, 72: 72, 73: 73, 74: 74, 75: 75, 76: 76, 77: 77, 78: 78, 79: 79, 80: 80, 81: 81, 82: 82, 83: 83, 84: 84, 85: 85, 86: 86, 87: 87, 88: 88, 89: 89, 90: 90, 91: 91, 92: 92, 93: 93, 94: 94, 95: 95, 96: 96, 97: 97, 98: 98, 99: 99, 100: 100, 101: 101, 102: 102, 103: 103, 104: 104, 105: 105, 106: 106, 107: 107, 108: 108, 109: 109, 110: 110, 111: 111, 112: 112, 113: 113, 114: 114, 115: 115, 116: 116, 117: 117, 118: 118, 119: 119, 120: 120, 121: 121, 122: 122, 123: 123, 124: 124, 125: 125, 126: 126, 127: 127, 128: 128, 129: 129, 130: 130, 131: 131, 132: 132, 133: 133, 134: 134, 135: 135, 136: 136, 137: 137, 138: 138, 139: 139, 140: 140, 141: 141, 142: 142, 143: 143, 144: 144, 145: 145, 146: 146, 147: 147, 148: 148, 149: 149, 150: 150, 151: 151, 152: 152, 153: 153, 154: 154, 155: 155, 156: 156, 157: 157, 158: 158, 159: 159, 160: 160, 161: 161, 162: 162, 163: 163, 164: 164, 165: 165, 166: 166, 167: 167, 168: 168, 169: 169, 170: 170, 171: 171, 172: 172, 173: 173, 174: 174, 175: 175, 176: 176, 177: 177, 178: 178, 179: 179, 180: 180, 181: 181, 182: 182, 183: 183, 184: 184, 185: 185, 186: 186, 187: 187, 188: 188, 189: 189, 190: 190, 191: 191, 192: 192, 193: 193, 194: 194, 195: 195, 196: 196, 197: 197, 198: 198, 199: 199, 200: 200, 201: 201, 202: 202, 203: 203, 204: 204, 205: 205, 206: 206, 207: 207, 208: 208, 209: 209, 210: 210, 211: 211, 212: 212, 213: 213, 214: 214, 215: 215, 216: 216, 217: 217, 218: 218, 219: 219, 220: 220, 221: 221, 222: 222, 223: 223, 224: 224, 225: 225, 226: 226, 227: 227, 228: 228, 229: 229, 230: 230, 231: 231, 232: 232, 233: 233, 234: 234, 235: 235, 236: 236, 237: 237, 238: 238, 239: 239, 240: 240, 241: 241, 242: 242, 243: 243, 244: 244, 245: 245, 246: 246, 247: 247, 248: 248, 249: 249, 250: 250, 251: 251, 252: 252, 253: 253, 254: 254, 255: 255, 256: 256, 257: 257, 258: 258, 259: 259, 260: 260, 261: 261, 262: 262, 263: 263, 264: 264, 265: 265, 266: 266, 267: 267, 268: 268, 269: 269, 270: 270, 271: 271, 272: 272, 273: 273, 274: 274, 275: 275, 276: 276, 277: 277, 278: 278, 279: 279, 280: 280, 281: 281, 282: 282, 283: 283, 284: 284, 285: 285, 286: 286, 287: 287, 288: 288, 289: 289, 290: 290, 291: 291, 292: 292, 293: 293, 294: 294, 295: 295, 296: 296, 297: 297, 298: 298, 299: 299, 300: 300, 301: 301, 302: 302, 303: 303, 304: 304, 305: 305, 306: 306, 307: 307, 308: 308, 309: 309, 310: 310, 311: 311, 312: 312, 313: 313, 314: 314, 315: 315, 316: 316, 317: 317, 318: 318, 319: 319, 320: 320, 321: 321, 322: 322, 323: 323, 324: 324, 325: 325, 326: 326, 327: 327, 328: 328, 329: 329, 330: 330, 331: 331, 332: 332, 333: 333, 334: 334, 335: 335, 336: 336, 337: 337, 338: 338, 339: 339, 340: 340, 341: 341, 342: 342, 343: 343, 344: 344, 345: 345, 346: 346, 347: 347, 348: 348, 349: 349, 350: 350, 351: 351, 352: 352, 353: 353, 354: 354, 355: 355, 356: 356, 357: 357, 358: 358, 359: 359, 360: 360, 361: 361, 362: 362, 363: 363, 364: 364, 365: 365, 366: 366, 367: 367, 368: 368, 369: 369, 370: 370, 371: 371, 372: 372, 373: 373, 374: 374, 375: 375, 376: 376, 377: 377, 378: 378, 379: 379, 380: 380, 381: 381, 382: 382, 383: 383, 384: 384, 385: 385, 386: 386, 387: 387, 388: 388, 389: 389, 390: 390, 391: 391, 392: 392, 393: 393, 394: 394, 395: 395, 396: 396, 397: 397, 398: 398, 399: 399, 400: 400, 401: 401, 402: 402, 403: 403, 404: 404, 405: 405, 406: 406, 407: 407, 408: 408, 409: 409, 410: 410, 411: 411, 412: 412, 413: 413, 414: 414, 415: 415, 416: 416, 417: 417, 418: 418, 419: 419, 420: 420, 421: 421, 422: 422, 424: 423, 425: 424, 426: 425, 427: 426, 428: 427, 429: 428, 430: 429, 431: 430, 432: 431, 433: 432, 434: 433, 435: 434, 436: 435, 437: 436, 438: 437, 439: 438, 441: 439, 442: 440, 443: 441, 445: 442, 447: 443, 448: 444, 449: 445, 450: 446, 451: 447, 452: 448, 454: 449, 456: 450, 457: 451, 458: 452, 459: 453, 460: 454, 461: 455, 462: 456, 463: 457, 464: 458, 465: 459, 466: 460, 467: 461, 468: 462, 469: 463, 470: 464, 471: 465, 472: 466, 473: 467, 474: 468, 475: 469, 476: 470, 477: 471, 478: 472, 479: 473, 480: 474, 481: 475, 482: 476, 483: 477, 484: 478, 485: 479, 486: 480, 488: 481, 489: 482, 490: 483, 491: 484, 492: 485, 493: 486, 494: 487, 496: 488, 497: 489, 498: 490, 499: 491, 500: 492, 501: 493, 502: 494, 503: 495, 505: 496, 506: 497, 507: 498, 509: 499, 510: 500, 511: 501, 512: 502, 513: 503, 514: 504, 515: 505, 516: 506, 517: 507, 519: 508, 520: 509, 521: 510, 522: 511, 523: 512, 524: 513, 525: 514, 526: 515, 529: 516, 530: 517, 531: 518, 532: 519, 533: 520, 534: 521, 535: 522, 536: 523, 537: 524, 538: 525, 539: 526, 540: 527, 541: 528, 542: 529, 543: 530, 544: 531, 545: 532, 546: 533, 547: 534, 548: 535, 549: 536, 550: 537, 551: 538, 552: 539, 553: 540, 554: 541, 555: 542, 556: 543, 557: 544, 558: 545, 561: 546, 562: 547, 564: 548, 565: 549, 566: 550, 567: 551, 568: 552, 569: 553, 570: 554, 571: 555, 572: 556, 573: 557, 574: 558, 575: 559, 576: 560, 577: 561, 578: 562, 579: 563, 580: 564, 581: 565, 582: 566, 583: 567, 584: 568, 585: 569, 586: 570, 587: 571, 588: 572, 589: 573, 591: 574, 592: 575, 593: 576, 594: 577, 595: 578, 596: 579, 597: 580, 598: 581, 599: 582, 600: 583, 601: 584, 602: 585, 603: 586, 604: 587, 605: 588, 606: 589, 607: 590, 608: 591, 609: 592, 610: 593, 611: 594, 612: 595, 613: 596, 614: 597, 615: 598, 616: 599, 617: 600, 618: 601, 621: 602, 622: 603, 623: 604, 624: 605, 625: 606, 626: 607, 627: 608, 628: 609, 629: 610, 630: 611, 631: 612, 633: 613, 634: 614, 635: 615, 636: 616, 637: 617, 638: 618, 639: 619, 640: 620, 641: 621, 642: 622, 643: 623, 644: 624, 645: 625, 646: 626, 647: 627, 649: 628, 651: 629, 652: 630, 653: 631, 654: 632, 655: 633, 656: 634, 657: 635, 658: 636, 659: 637, 660: 638, 661: 639, 662: 640, 663: 641, 666: 642, 667: 643, 668: 644, 669: 645, 670: 646, 672: 647, 674: 648, 675: 649, 676: 650, 677: 651, 678: 652, 679: 653, 680: 654, 682: 655, 683: 656, 684: 657, 685: 658, 686: 659, 687: 660, 688: 661, 689: 662, 690: 663, 691: 664, 692: 665, 693: 666, 694: 667, 695: 668, 696: 669, 697: 670, 698: 671, 699: 672, 700: 673, 701: 674, 702: 675, 703: 676, 704: 677, 705: 678, 706: 679, 708: 680, 709: 681, 710: 682, 711: 683, 712: 684, 713: 685, 714: 686, 715: 687, 716: 688, 717: 689, 718: 690, 719: 691, 721: 692, 722: 693, 723: 694, 724: 695, 725: 696, 726: 697, 727: 698, 728: 699, 729: 700, 730: 701, 731: 702, 732: 703, 733: 704, 734: 705, 735: 706, 736: 707, 738: 708, 739: 709, 740: 710, 741: 711, 743: 712, 744: 713, 746: 714, 747: 715, 748: 716, 749: 717, 750: 718, 751: 719, 752: 720, 753: 721, 754: 722, 755: 723, 756: 724, 757: 725, 758: 726, 759: 727, 760: 728, 761: 729, 762: 730, 763: 731, 764: 732, 766: 733, 767: 734, 768: 735, 769: 736, 770: 737, 771: 738, 772: 739, 773: 740, 774: 741, 775: 742, 776: 743, 777: 744, 778: 745, 779: 746, 780: 747, 781: 748, 783: 749, 784: 750, 785: 751, 786: 752, 787: 753, 788: 754, 789: 755, 790: 756, 791: 757, 792: 758, 793: 759, 794: 760, 795: 761, 796: 762, 797: 763, 798: 764, 799: 765, 800: 766, 801: 767, 802: 768, 803: 769, 804: 770, 805: 771, 806: 772, 807: 773, 808: 774, 809: 775, 810: 776, 811: 777, 812: 778, 813: 779, 814: 780, 815: 781, 816: 782, 817: 783, 819: 784, 820: 785, 821: 786, 822: 787, 823: 788, 824: 789, 825: 790, 826: 791, 827: 792, 828: 793, 829: 794, 830: 795, 831: 796, 832: 797, 833: 798, 834: 799, 835: 800, 836: 801, 837: 802, 838: 803, 839: 804, 840: 805, 841: 806, 842: 807, 843: 808, 844: 809, 845: 810, 847: 811, 848: 812, 849: 813, 850: 814, 851: 815, 852: 816, 853: 817, 854: 818, 855: 819, 856: 820, 857: 821, 858: 822, 859: 823, 860: 824, 861: 825, 862: 826, 863: 827, 864: 828, 865: 829, 866: 830, 867: 831, 869: 832, 870: 833, 871: 834, 872: 835, 873: 836, 874: 837, 875: 838, 876: 839, 877: 840, 879: 841, 880: 842, 881: 843, 882: 844, 883: 845, 884: 846, 885: 847, 886: 848, 887: 849, 888: 850, 889: 851, 890: 852, 891: 853, 892: 854, 893: 855, 894: 856, 895: 857, 896: 858, 897: 859, 899: 860, 900: 861, 901: 862, 902: 863, 903: 864, 904: 865, 905: 866, 906: 867, 908: 868, 909: 869, 910: 870, 911: 871, 912: 872, 913: 873, 914: 874, 915: 875, 916: 876, 918: 877, 919: 878, 920: 879, 921: 880, 922: 881, 923: 882, 924: 883, 925: 884, 926: 885, 927: 886, 928: 887, 929: 888, 930: 889, 931: 890, 932: 891, 933: 892, 934: 893, 935: 894, 936: 895, 937: 896, 938: 897, 939: 898, 940: 899, 941: 900, 942: 901, 943: 902, 944: 903, 945: 904, 946: 905, 947: 906, 948: 907, 949: 908, 950: 909, 951: 910, 952: 911, 953: 912, 954: 913, 955: 914, 956: 915, 957: 916, 958: 917, 959: 918, 960: 919, 961: 920, 962: 921, 963: 922, 964: 923, 965: 924, 966: 925, 967: 926, 969: 927, 970: 928, 971: 929, 972: 930, 973: 931, 974: 932, 975: 933, 976: 934, 977: 935, 978: 936, 979: 937, 980: 938, 981: 939, 982: 940, 983: 941, 984: 942, 985: 943, 986: 944, 987: 945, 988: 946, 989: 947, 990: 948, 991: 949, 992: 950, 993: 951, 994: 952, 995: 953, 996: 954, 997: 955, 998: 956, 999: 957}
training set
4793
validating  set
375
Epoch: [0][   0/4793]	Time 17.168 (17.168)	Data 15.929 (15.929)	Loss 6.8661e+00 (6.8661e+00)	Acc@1   0.78 (  0.78)	Acc@5   0.78 (  0.78)
Epoch: [0][ 200/4793]	Time  0.081 ( 0.497)	Data  0.000 ( 0.113)	Loss 6.8639e+00 (6.8648e+00)	Acc@1   0.00 (  0.11)	Acc@5   0.78 (  0.49)
Epoch: [0][ 400/4793]	Time  1.313 ( 0.449)	Data  1.282 ( 0.117)	Loss 6.8659e+00 (6.8647e+00)	Acc@1   0.00 (  0.10)	Acc@5   0.00 (  0.52)
Epoch: [0][ 600/4793]	Time  0.080 ( 0.431)	Data  0.000 ( 0.113)	Loss 6.8629e+00 (6.8645e+00)	Acc@1   0.00 (  0.10)	Acc@5   0.00 (  0.53)
Epoch: [0][ 800/4793]	Time  0.081 ( 0.426)	Data  0.000 ( 0.091)	Loss 6.8520e+00 (6.8637e+00)	Acc@1   0.00 (  0.11)	Acc@5   0.00 (  0.53)
Epoch: [0][1000/4793]	Time  0.080 ( 0.425)	Data  0.000 ( 0.073)	Loss 6.8294e+00 (6.8606e+00)	Acc@1   0.00 (  0.11)	Acc@5   0.00 (  0.52)
Epoch: [0][1200/4793]	Time  1.010 ( 0.421)	Data  0.182 ( 0.094)	Loss 6.8357e+00 (6.8547e+00)	Acc@1   0.00 (  0.11)	Acc@5   0.00 (  0.56)
Epoch: [0][1400/4793]	Time  0.082 ( 0.420)	Data  0.000 ( 0.081)	Loss 6.8086e+00 (6.8488e+00)	Acc@1   0.00 (  0.11)	Acc@5   0.78 (  0.59)
Epoch: [0][1600/4793]	Time  0.080 ( 0.418)	Data  0.000 ( 0.071)	Loss 6.8431e+00 (6.8427e+00)	Acc@1   0.78 (  0.13)	Acc@5   0.78 (  0.63)
Epoch: [0][1800/4793]	Time  0.887 ( 0.417)	Data  0.701 ( 0.069)	Loss 6.8211e+00 (6.8373e+00)	Acc@1   0.00 (  0.14)	Acc@5   1.56 (  0.65)
Epoch: [0][2000/4793]	Time  0.081 ( 0.416)	Data  0.000 ( 0.066)	Loss 6.8316e+00 (6.8321e+00)	Acc@1   1.56 (  0.15)	Acc@5   1.56 (  0.68)
Epoch: [0][2200/4793]	Time  0.081 ( 0.417)	Data  0.000 ( 0.060)	Loss 6.7406e+00 (6.8275e+00)	Acc@1   0.00 (  0.15)	Acc@5   0.78 (  0.70)
Epoch: [0][2400/4793]	Time  0.081 ( 0.418)	Data  0.000 ( 0.055)	Loss 6.7327e+00 (6.8229e+00)	Acc@1   0.78 (  0.16)	Acc@5   1.56 (  0.73)
Epoch: [0][2600/4793]	Time  0.096 ( 0.419)	Data  0.000 ( 0.051)	Loss 6.8191e+00 (6.8188e+00)	Acc@1   0.00 (  0.17)	Acc@5   0.00 (  0.76)
Epoch: [0][2800/4793]	Time  0.113 ( 0.419)	Data  0.000 ( 0.048)	Loss 6.7715e+00 (6.8145e+00)	Acc@1   0.00 (  0.17)	Acc@5   0.78 (  0.78)
Epoch: [0][3000/4793]	Time  0.083 ( 0.420)	Data  0.000 ( 0.045)	Loss 6.6430e+00 (6.8083e+00)	Acc@1   0.00 (  0.18)	Acc@5   1.56 (  0.80)
Epoch: [0][3200/4793]	Time  0.080 ( 0.420)	Data  0.000 ( 0.042)	Loss 6.6518e+00 (6.7990e+00)	Acc@1   0.00 (  0.18)	Acc@5   1.56 (  0.82)
Epoch: [0][3400/4793]	Time  0.078 ( 0.420)	Data  0.000 ( 0.040)	Loss 6.6680e+00 (6.7896e+00)	Acc@1   0.78 (  0.18)	Acc@5   2.34 (  0.85)
Epoch: [0][3600/4793]	Time  0.080 ( 0.421)	Data  0.000 ( 0.037)	Loss 6.6059e+00 (6.7796e+00)	Acc@1   0.00 (  0.19)	Acc@5   2.34 (  0.87)
Epoch: [0][3800/4793]	Time  0.081 ( 0.421)	Data  0.000 ( 0.036)	Loss 6.4917e+00 (6.7692e+00)	Acc@1   1.56 (  0.20)	Acc@5   3.91 (  0.91)
Epoch: [0][4000/4793]	Time  0.081 ( 0.421)	Data  0.000 ( 0.034)	Loss 6.5075e+00 (6.7577e+00)	Acc@1   0.00 (  0.21)	Acc@5   1.56 (  0.97)
Epoch: [0][4200/4793]	Time  0.098 ( 0.422)	Data  0.000 ( 0.033)	Loss 6.4615e+00 (6.7450e+00)	Acc@1   0.00 (  0.23)	Acc@5   2.34 (  1.03)
Epoch: [0][4400/4793]	Time  0.079 ( 0.422)	Data  0.000 ( 0.031)	Loss 6.4858e+00 (6.7307e+00)	Acc@1   0.00 (  0.25)	Acc@5   0.00 (  1.12)
Epoch: [0][4600/4793]	Time  0.081 ( 0.422)	Data  0.000 ( 0.030)	Loss 6.2817e+00 (6.7149e+00)	Acc@1   0.78 (  0.28)	Acc@5   3.91 (  1.22)
Epoch: [0][   0/4793]	Time 17.074 (17.074)	Data 15.628 (15.628)	Loss 6.8646e+00 (6.8646e+00)	Acc@1   0.00 (  0.00)	Acc@5   0.00 (  0.00)
Epoch: [0][ 200/4793]	Time  0.082 ( 0.497)	Data  0.000 ( 0.425)	Loss 6.8644e+00 (6.8649e+00)	Acc@1   0.00 (  0.11)	Acc@5   0.00 (  0.54)
Epoch: [0][ 400/4793]	Time  0.075 ( 0.448)	Data  0.000 ( 0.379)	Loss 6.8644e+00 (6.8648e+00)	Acc@1   0.00 (  0.11)	Acc@5   0.00 (  0.56)
Epoch: [0][ 600/4793]	Time  0.085 ( 0.431)	Data  0.000 ( 0.361)	Loss 6.8573e+00 (6.8646e+00)	Acc@1   0.00 (  0.11)	Acc@5   0.00 (  0.57)
Epoch: [0][ 800/4793]	Time  0.094 ( 0.426)	Data  0.000 ( 0.356)	Loss 6.8610e+00 (6.8633e+00)	Acc@1   0.00 (  0.11)	Acc@5   0.78 (  0.56)
Epoch: [0][1000/4793]	Time  0.080 ( 0.425)	Data  0.000 ( 0.355)	Loss 6.8265e+00 (6.8603e+00)	Acc@1   0.78 (  0.11)	Acc@5   2.34 (  0.56)
Epoch: [0][1200/4793]	Time  0.079 ( 0.421)	Data  0.000 ( 0.349)	Loss 6.8710e+00 (6.8541e+00)	Acc@1   0.00 (  0.11)	Acc@5   0.00 (  0.58)
Epoch: [0][1400/4793]	Time  0.081 ( 0.420)	Data  0.000 ( 0.349)	Loss 6.8038e+00 (6.8481e+00)	Acc@1   0.00 (  0.12)	Acc@5   0.78 (  0.61)
Epoch: [0][1600/4793]	Time  0.090 ( 0.418)	Data  0.000 ( 0.348)	Loss 6.7959e+00 (6.8423e+00)	Acc@1   0.00 (  0.12)	Acc@5   0.00 (  0.65)
Epoch: [0][1800/4793]	Time  0.275 ( 0.417)	Data  0.243 ( 0.347)	Loss 6.8484e+00 (6.8369e+00)	Acc@1   0.00 (  0.13)	Acc@5   0.78 (  0.68)
Epoch: [0][2000/4793]	Time  0.081 ( 0.416)	Data  0.000 ( 0.347)	Loss 6.8299e+00 (6.8324e+00)	Acc@1   0.00 (  0.13)	Acc@5   0.78 (  0.71)
Epoch: [0][2200/4793]	Time  0.078 ( 0.417)	Data  0.000 ( 0.348)	Loss 6.7333e+00 (6.8275e+00)	Acc@1   0.00 (  0.14)	Acc@5   0.00 (  0.72)
Epoch: [0][2400/4793]	Time  0.081 ( 0.418)	Data  0.000 ( 0.350)	Loss 6.7960e+00 (6.8227e+00)	Acc@1   0.78 (  0.15)	Acc@5   1.56 (  0.75)
Epoch: [0][2600/4793]	Time  0.080 ( 0.419)	Data  0.000 ( 0.350)	Loss 6.7714e+00 (6.8182e+00)	Acc@1   0.00 (  0.15)	Acc@5   0.00 (  0.77)
Epoch: [0][2800/4793]	Time  0.084 ( 0.419)	Data  0.000 ( 0.351)	Loss 6.8055e+00 (6.8141e+00)	Acc@1   0.78 (  0.16)	Acc@5   1.56 (  0.79)
Epoch: [0][3000/4793]	Time  0.081 ( 0.420)	Data  0.000 ( 0.351)	Loss 6.6884e+00 (6.8080e+00)	Acc@1   0.00 (  0.17)	Acc@5   0.00 (  0.81)
Epoch: [0][3200/4793]	Time  0.081 ( 0.420)	Data  0.000 ( 0.351)	Loss 6.7101e+00 (6.7984e+00)	Acc@1   0.00 (  0.17)	Acc@5   0.00 (  0.83)
Epoch: [0][3400/4793]	Time  0.096 ( 0.420)	Data  0.000 ( 0.351)	Loss 6.6374e+00 (6.7888e+00)	Acc@1   0.00 (  0.18)	Acc@5   2.34 (  0.87)
Epoch: [0][3600/4793]	Time  0.083 ( 0.421)	Data  0.000 ( 0.352)	Loss 6.4866e+00 (6.7794e+00)	Acc@1   0.00 (  0.19)	Acc@5   0.78 (  0.90)
Epoch: [0][3800/4793]	Time  0.081 ( 0.421)	Data  0.000 ( 0.353)	Loss 6.5926e+00 (6.7689e+00)	Acc@1   0.78 (  0.20)	Acc@5   3.12 (  0.94)
Epoch: [0][4000/4793]	Time  0.081 ( 0.421)	Data  0.000 ( 0.352)	Loss 6.3574e+00 (6.7572e+00)	Acc@1   0.78 (  0.21)	Acc@5   2.34 (  0.99)
Epoch: [0][4200/4793]	Time  0.081 ( 0.422)	Data  0.000 ( 0.353)	Loss 6.3519e+00 (6.7445e+00)	Acc@1   0.00 (  0.23)	Acc@5   0.78 (  1.06)
Epoch: [0][4400/4793]	Time  0.081 ( 0.422)	Data  0.000 ( 0.353)	Loss 6.4673e+00 (6.7304e+00)	Acc@1   0.78 (  0.25)	Acc@5   3.12 (  1.15)
Epoch: [0][4600/4793]	Time  0.082 ( 0.422)	Data  0.000 ( 0.353)	Loss 6.3973e+00 (6.7152e+00)	Acc@1   0.00 (  0.27)	Acc@5   3.91 (  1.24)
Test: [  0/375]	Time 10.867 (10.867)	Loss 6.6838e+00 (6.6838e+00)	Acc@1   0.78 (  0.78)	Acc@5  16.41 ( 16.41)
Test: [ 10/375]	Time  0.028 ( 1.365)	Loss 6.9891e+00 (6.4827e+00)	Acc@1   0.00 (  0.07)	Acc@5   0.00 (  9.02)
Test: [ 20/375]	Time  0.030 ( 0.872)	Loss 6.2615e+00 (6.4408e+00)	Acc@1   0.00 (  0.04)	Acc@5   0.00 (  4.84)
Test: [ 30/375]	Time  0.028 ( 0.747)	Loss 6.6280e+00 (6.4673e+00)	Acc@1   0.00 (  0.03)	Acc@5   0.00 (  3.33)
Test: [ 40/375]	Time  0.028 ( 0.628)	Loss 5.9327e+00 (6.4973e+00)	Acc@1   0.00 (  0.02)	Acc@5   0.00 (  2.52)
Test: [ 50/375]	Time  0.028 ( 0.583)	Loss 6.6072e+00 (6.5282e+00)	Acc@1   0.00 (  0.02)	Acc@5   0.00 (  2.04)
Test: [ 60/375]	Time  0.039 ( 0.552)	Loss 5.8829e+00 (6.5094e+00)	Acc@1   0.00 (  0.04)	Acc@5   0.00 (  2.02)
Test: [ 70/375]	Time  0.028 ( 0.518)	Loss 5.7656e+00 (6.4629e+00)	Acc@1   0.00 (  0.11)	Acc@5   0.00 (  1.89)
Test: [ 80/375]	Time  0.028 ( 0.511)	Loss 5.9471e+00 (6.3954e+00)	Acc@1   0.00 (  0.10)	Acc@5   0.00 (  1.91)
Test: [ 90/375]	Time  0.028 ( 0.488)	Loss 5.6957e+00 (6.3552e+00)	Acc@1   0.00 (  0.09)	Acc@5   0.78 (  1.78)
Test: [100/375]	Time  0.028 ( 0.480)	Loss 5.9892e+00 (6.3203e+00)	Acc@1   0.00 (  0.12)	Acc@5   0.00 (  2.06)
Test: [110/375]	Time  0.028 ( 0.471)	Loss 5.9546e+00 (6.2825e+00)	Acc@1   0.00 (  0.44)	Acc@5   0.78 (  2.57)
Test: [120/375]	Time  0.028 ( 0.473)	Loss 7.0471e+00 (6.2768e+00)	Acc@1   0.00 (  0.50)	Acc@5   0.00 (  2.76)
Test: [130/375]	Time  0.028 ( 0.462)	Loss 5.9661e+00 (6.3165e+00)	Acc@1   0.78 (  0.47)	Acc@5   1.56 (  2.61)
Test: [140/375]	Time  0.028 ( 0.457)	Loss 5.9639e+00 (6.3041e+00)	Acc@1   0.00 (  0.44)	Acc@5   0.00 (  2.42)
Test: [150/375]	Time  0.028 ( 0.453)	Loss 5.8312e+00 (6.2747e+00)	Acc@1   0.00 (  0.41)	Acc@5   0.00 (  2.55)
Test: [160/375]	Time  0.029 ( 0.446)	Loss 7.3867e+00 (6.3212e+00)	Acc@1   0.00 (  0.51)	Acc@5   0.00 (  2.57)
Test: [170/375]	Time  0.029 ( 0.444)	Loss 7.1444e+00 (6.3706e+00)	Acc@1   0.00 (  0.48)	Acc@5   0.00 (  2.42)
Test: [180/375]	Time  0.028 ( 0.437)	Loss 7.6757e+00 (6.4131e+00)	Acc@1   0.00 (  0.46)	Acc@5   0.00 (  2.31)
Test: [190/375]	Time  0.028 ( 0.436)	Loss 7.3217e+00 (6.4524e+00)	Acc@1   0.00 (  0.44)	Acc@5   0.00 (  2.23)
Test: [200/375]	Time  0.028 ( 0.434)	Loss 6.8110e+00 (6.4898e+00)	Acc@1   0.00 (  0.42)	Acc@5   0.00 (  2.12)
Test: [210/375]	Time  0.028 ( 0.430)	Loss 6.9539e+00 (6.5237e+00)	Acc@1   0.78 (  0.40)	Acc@5   3.91 (  2.05)
Test: [220/375]	Time  0.028 ( 0.425)	Loss 7.1048e+00 (6.5531e+00)	Acc@1   0.00 (  0.39)	Acc@5   0.00 (  1.96)
Test: [230/375]	Time  0.028 ( 0.428)	Loss 6.8976e+00 (6.5774e+00)	Acc@1   0.00 (  0.37)	Acc@5   0.78 (  1.88)
Test: [240/375]	Time  0.028 ( 0.423)	Loss 7.0157e+00 (6.5982e+00)	Acc@1   0.00 (  0.36)	Acc@5   0.00 (  1.85)
Test: [250/375]	Time  0.028 ( 0.428)	Loss 7.1781e+00 (6.6186e+00)	Acc@1   0.00 (  0.35)	Acc@5   0.00 (  1.79)
Test: [260/375]	Time  0.028 ( 0.420)	Loss 7.5443e+00 (6.6382e+00)	Acc@1   0.00 (  0.33)	Acc@5   0.00 (  1.72)
Test: [270/375]	Time  0.029 ( 0.421)	Loss 7.2553e+00 (6.6576e+00)	Acc@1   0.00 (  0.32)	Acc@5   0.00 (  1.66)
Test: [280/375]	Time  0.028 ( 0.419)	Loss 7.0807e+00 (6.6777e+00)	Acc@1   0.78 (  0.31)	Acc@5   1.56 (  1.61)
Test: [290/375]	Time  0.028 ( 0.420)	Loss 7.1846e+00 (6.6936e+00)	Acc@1   0.00 (  0.30)	Acc@5   0.00 (  1.57)
Test: [300/375]	Time  0.029 ( 0.415)	Loss 7.3071e+00 (6.7090e+00)	Acc@1   0.00 (  0.29)	Acc@5   0.00 (  1.52)
Test: [310/375]	Time  0.028 ( 0.414)	Loss 7.3976e+00 (6.7237e+00)	Acc@1   0.00 (  0.28)	Acc@5   0.00 (  1.47)
Test: [320/375]	Time  0.028 ( 0.409)	Loss 7.6161e+00 (6.7330e+00)	Acc@1   0.00 (  0.28)	Acc@5   0.00 (  1.44)
Test: [330/375]	Time  0.028 ( 0.410)	Loss 7.1767e+00 (6.7489e+00)	Acc@1   0.00 (  0.27)	Acc@5   0.00 (  1.40)
Test: [340/375]	Time  0.028 ( 0.409)	Loss 7.1359e+00 (6.7596e+00)	Acc@1   0.00 (  0.26)	Acc@5   0.00 (  1.36)
Test: [350/375]	Time  0.028 ( 0.406)	Loss 6.7978e+00 (6.7732e+00)	Acc@1   0.00 (  0.25)	Acc@5   0.00 (  1.34)
Test: [360/375]	Time  0.028 ( 0.405)	Loss 7.7258e+00 (6.7897e+00)	Acc@1   0.00 (  0.25)	Acc@5   0.00 (  1.30)
Test: [370/375]	Time  0.028 ( 0.403)	Loss 6.8332e+00 (6.7909e+00)	Acc@1   0.00 (  0.30)	Acc@5   0.00 (  1.41)
 *   Acc@1 0.301 Acc@5 1.397
Adjusting learning rate of group 0 to 1.0000e-02.
Test: [  0/375]	Time 10.965 (10.965)	Loss 6.6812e+00 (6.6812e+00)	Acc@1   1.56 (  1.56)	Acc@5  15.62 ( 15.62)
Test: [ 10/375]	Time  0.053 ( 1.360)	Loss 6.9460e+00 (6.4758e+00)	Acc@1   0.00 (  0.14)	Acc@5   0.00 (  9.02)
Test: [ 20/375]	Time  0.028 ( 0.872)	Loss 6.2478e+00 (6.4385e+00)	Acc@1   0.00 (  0.07)	Acc@5   0.00 (  4.80)
Test: [ 30/375]	Time  0.028 ( 0.748)	Loss 6.6439e+00 (6.4656e+00)	Acc@1   0.00 (  0.05)	Acc@5   0.00 (  3.30)
Test: [ 40/375]	Time  0.028 ( 0.626)	Loss 5.9344e+00 (6.4972e+00)	Acc@1   0.00 (  0.04)	Acc@5   0.00 (  2.50)
Test: [ 50/375]	Time  0.028 ( 0.584)	Loss 6.6079e+00 (6.5289e+00)	Acc@1   0.00 (  0.03)	Acc@5   0.00 (  2.02)
Test: [ 60/375]	Time  0.028 ( 0.563)	Loss 5.8617e+00 (6.5088e+00)	Acc@1   0.00 (  0.10)	Acc@5   0.00 (  1.97)
Test: [ 70/375]	Time  0.028 ( 0.519)	Loss 5.7757e+00 (6.4624e+00)	Acc@1   0.00 (  0.19)	Acc@5   0.00 (  1.86)
Test: [ 80/375]	Time  0.028 ( 0.511)	Loss 5.9525e+00 (6.3947e+00)	Acc@1   0.00 (  0.16)	Acc@5   0.78 (  1.82)
Test: [ 90/375]	Time  0.035 ( 0.489)	Loss 5.7032e+00 (6.3544e+00)	Acc@1   0.00 (  0.15)	Acc@5   2.34 (  1.73)
Test: [100/375]	Time  0.028 ( 0.481)	Loss 5.9904e+00 (6.3197e+00)	Acc@1   0.00 (  0.15)	Acc@5   0.00 (  2.00)
Test: [110/375]	Time  0.028 ( 0.471)	Loss 5.9797e+00 (6.2817e+00)	Acc@1   0.00 (  0.48)	Acc@5   0.78 (  2.63)
Test: [120/375]	Time  0.033 ( 0.473)	Loss 7.0383e+00 (6.2764e+00)	Acc@1   0.00 (  0.50)	Acc@5   0.00 (  2.79)
Test: [130/375]	Time  0.028 ( 0.462)	Loss 5.9772e+00 (6.3163e+00)	Acc@1   0.00 (  0.47)	Acc@5   1.56 (  2.65)
Test: [140/375]	Time  0.028 ( 0.460)	Loss 5.9672e+00 (6.3045e+00)	Acc@1   0.00 (  0.43)	Acc@5   0.00 (  2.47)
Test: [150/375]	Time  0.104 ( 0.449)	Loss 5.8336e+00 (6.2753e+00)	Acc@1   0.00 (  0.41)	Acc@5   0.00 (  2.61)
Test: [160/375]	Time  0.028 ( 0.450)	Loss 7.3936e+00 (6.3223e+00)	Acc@1   0.00 (  0.51)	Acc@5   0.00 (  2.62)
Test: [170/375]	Time  0.028 ( 0.441)	Loss 7.1180e+00 (6.3721e+00)	Acc@1   0.00 (  0.48)	Acc@5   0.00 (  2.46)
Test: [180/375]	Time  0.028 ( 0.437)	Loss 7.7419e+00 (6.4140e+00)	Acc@1   0.00 (  0.46)	Acc@5   0.00 (  2.34)
Test: [190/375]	Time  0.028 ( 0.436)	Loss 7.3048e+00 (6.4535e+00)	Acc@1   0.00 (  0.43)	Acc@5   0.00 (  2.25)
Test: [200/375]	Time  0.028 ( 0.434)	Loss 6.8484e+00 (6.4910e+00)	Acc@1   0.00 (  0.41)	Acc@5   0.00 (  2.15)
Test: [210/375]	Time  0.028 ( 0.430)	Loss 6.9096e+00 (6.5250e+00)	Acc@1   0.78 (  0.40)	Acc@5   3.91 (  2.08)
Test: [220/375]	Time  0.028 ( 0.429)	Loss 7.0910e+00 (6.5531e+00)	Acc@1   0.78 (  0.38)	Acc@5   1.56 (  2.00)
Test: [230/375]	Time  0.028 ( 0.428)	Loss 6.9314e+00 (6.5785e+00)	Acc@1   0.00 (  0.37)	Acc@5   0.00 (  1.93)
Test: [240/375]	Time  0.028 ( 0.423)	Loss 7.0352e+00 (6.5989e+00)	Acc@1   0.00 (  0.36)	Acc@5   0.00 (  1.87)
Test: [250/375]	Time  0.040 ( 0.426)	Loss 7.1974e+00 (6.6193e+00)	Acc@1   0.00 (  0.35)	Acc@5   0.00 (  1.81)
Test: [260/375]	Time  0.028 ( 0.420)	Loss 7.5097e+00 (6.6388e+00)	Acc@1   0.00 (  0.34)	Acc@5   0.00 (  1.75)
Test: [270/375]	Time  0.028 ( 0.421)	Loss 7.3043e+00 (6.6582e+00)	Acc@1   0.00 (  0.33)	Acc@5   0.00 (  1.69)
Test: [280/375]	Time  0.028 ( 0.419)	Loss 7.0761e+00 (6.6786e+00)	Acc@1   0.00 (  0.31)	Acc@5   1.56 (  1.63)
Test: [290/375]	Time  0.028 ( 0.421)	Loss 7.2024e+00 (6.6952e+00)	Acc@1   0.00 (  0.30)	Acc@5   0.00 (  1.59)
Test: [300/375]	Time  0.028 ( 0.414)	Loss 7.2955e+00 (6.7104e+00)	Acc@1   0.00 (  0.29)	Acc@5   0.00 (  1.54)
Test: [310/375]	Time  0.028 ( 0.414)	Loss 7.3870e+00 (6.7251e+00)	Acc@1   0.00 (  0.28)	Acc@5   0.00 (  1.49)
Test: [320/375]	Time  0.029 ( 0.410)	Loss 7.6270e+00 (6.7348e+00)	Acc@1   0.00 (  0.28)	Acc@5   0.00 (  1.47)
Test: [330/375]	Time  0.028 ( 0.409)	Loss 7.1473e+00 (6.7508e+00)	Acc@1   0.00 (  0.27)	Acc@5   0.00 (  1.44)
Test: [340/375]	Time  0.047 ( 0.409)	Loss 7.1625e+00 (6.7620e+00)	Acc@1   0.00 (  0.27)	Acc@5   0.00 (  1.40)
Test: [350/375]	Time  0.028 ( 0.406)	Loss 6.7814e+00 (6.7754e+00)	Acc@1   0.00 (  0.26)	Acc@5   0.00 (  1.36)
Test: [360/375]	Time  0.028 ( 0.406)	Loss 7.8013e+00 (6.7921e+00)	Acc@1   0.00 (  0.25)	Acc@5   0.00 (  1.34)
Test: [370/375]	Time  0.027 ( 0.403)	Loss 6.8577e+00 (6.7931e+00)	Acc@1   0.00 (  0.31)	Acc@5   0.00 (  1.43)
 *   Acc@1 0.309 Acc@5 1.418
Adjusting learning rate of group 0 to 1.0000e-02.
Epoch: [1][   0/4793]	Time 17.605 (17.605)	Data 17.573 (17.573)	Loss 6.1417e+00 (6.1417e+00)	Acc@1   2.34 (  2.34)	Acc@5   8.59 (  8.59)
Epoch: [1][ 200/4793]	Time  0.088 ( 0.514)	Data  0.000 ( 0.264)	Loss 6.1451e+00 (6.1724e+00)	Acc@1   0.78 (  1.25)	Acc@5   5.47 (  5.12)
Epoch: [1][ 400/4793]	Time  0.081 ( 0.477)	Data  0.000 ( 0.317)	Loss 6.0040e+00 (6.1366e+00)	Acc@1   5.47 (  1.38)	Acc@5   7.81 (  5.50)
Epoch: [1][ 600/4793]	Time  0.714 ( 0.462)	Data  0.682 ( 0.332)	Loss 6.1287e+00 (6.1069e+00)	Acc@1   2.34 (  1.52)	Acc@5   9.38 (  5.85)
Epoch: [1][ 800/4793]	Time  1.017 ( 0.451)	Data  0.985 ( 0.337)	Loss 6.0119e+00 (6.0764e+00)	Acc@1   2.34 (  1.60)	Acc@5   7.03 (  6.21)
Epoch: [1][1000/4793]	Time  1.399 ( 0.443)	Data  1.368 ( 0.329)	Loss 6.0512e+00 (6.0488e+00)	Acc@1   2.34 (  1.75)	Acc@5   3.91 (  6.59)
Epoch: [1][1200/4793]	Time  1.378 ( 0.438)	Data  1.347 ( 0.329)	Loss 5.9376e+00 (6.0206e+00)	Acc@1   3.91 (  1.87)	Acc@5   8.59 (  6.97)
Epoch: [1][1400/4793]	Time  1.439 ( 0.435)	Data  0.679 ( 0.322)	Loss 5.8260e+00 (5.9939e+00)	Acc@1   1.56 (  1.99)	Acc@5  17.19 (  7.33)
Epoch: [1][1600/4793]	Time  1.315 ( 0.437)	Data  0.000 ( 0.289)	Loss 5.6198e+00 (5.9643e+00)	Acc@1   3.91 (  2.12)	Acc@5  11.72 (  7.73)
Epoch: [1][1800/4793]	Time  1.520 ( 0.440)	Data  0.024 ( 0.257)	Loss 5.6440e+00 (5.9364e+00)	Acc@1   3.91 (  2.26)	Acc@5  14.06 (  8.13)
Epoch: [1][2000/4793]	Time  1.832 ( 0.443)	Data  0.000 ( 0.232)	Loss 5.5635e+00 (5.9089e+00)	Acc@1   3.91 (  2.42)	Acc@5  15.62 (  8.53)
Epoch: [1][2200/4793]	Time  1.456 ( 0.443)	Data  0.274 ( 0.211)	Loss 5.5767e+00 (5.8844e+00)	Acc@1   4.69 (  2.55)	Acc@5  13.28 (  8.91)
Epoch: [1][2400/4793]	Time  1.574 ( 0.442)	Data  1.391 ( 0.206)	Loss 5.5752e+00 (5.8566e+00)	Acc@1   3.12 (  2.73)	Acc@5  12.50 (  9.33)
Epoch: [1][2600/4793]	Time  1.628 ( 0.442)	Data  0.000 ( 0.193)	Loss 5.2279e+00 (5.8294e+00)	Acc@1   4.69 (  2.89)	Acc@5  17.19 (  9.76)
Epoch: [1][2800/4793]	Time  1.500 ( 0.443)	Data  0.000 ( 0.180)	Loss 5.3592e+00 (5.8026e+00)	Acc@1   3.91 (  3.04)	Acc@5  21.09 ( 10.20)
Epoch: [1][3000/4793]	Time  0.529 ( 0.442)	Data  0.000 ( 0.169)	Loss 5.7063e+00 (5.7764e+00)	Acc@1   4.69 (  3.21)	Acc@5  14.84 ( 10.60)
Epoch: [1][3200/4793]	Time  0.083 ( 0.443)	Data  0.000 ( 0.159)	Loss 5.4932e+00 (5.7512e+00)	Acc@1   4.69 (  3.38)	Acc@5  12.50 ( 11.01)
Epoch: [1][3400/4793]	Time  1.794 ( 0.445)	Data  1.539 ( 0.155)	Loss 5.6869e+00 (5.7271e+00)	Acc@1   3.12 (  3.54)	Acc@5  10.94 ( 11.40)
Epoch: [1][3600/4793]	Time  1.785 ( 0.445)	Data  1.604 ( 0.160)	Loss 5.2000e+00 (5.7041e+00)	Acc@1   6.25 (  3.69)	Acc@5  25.00 ( 11.78)
Epoch: [1][3800/4793]	Time  1.947 ( 0.445)	Data  1.916 ( 0.171)	Loss 5.4011e+00 (5.6798e+00)	Acc@1   4.69 (  3.85)	Acc@5  18.75 ( 12.18)
Epoch: [1][4000/4793]	Time  1.315 ( 0.445)	Data  0.669 ( 0.178)	Loss 5.1936e+00 (5.6562e+00)	Acc@1   8.59 (  4.01)	Acc@5  21.09 ( 12.56)
Epoch: [1][4200/4793]	Time  1.458 ( 0.445)	Data  0.052 ( 0.177)	Loss 5.3352e+00 (5.6332e+00)	Acc@1   6.25 (  4.16)	Acc@5  23.44 ( 12.94)
Epoch: [1][4400/4793]	Time  1.811 ( 0.446)	Data  0.000 ( 0.170)	Loss 5.0781e+00 (5.6106e+00)	Acc@1   8.59 (  4.32)	Acc@5  25.78 ( 13.31)
Epoch: [1][4600/4793]	Time  1.644 ( 0.447)	Data  0.000 ( 0.162)	Loss 4.8903e+00 (5.5885e+00)	Acc@1  14.84 (  4.49)	Acc@5  23.44 ( 13.68)
Epoch: [1][   0/4793]	Time 16.001 (16.001)	Data 15.964 (15.964)	Loss 6.3024e+00 (6.3024e+00)	Acc@1   0.78 (  0.78)	Acc@5   2.34 (  2.34)
Epoch: [1][ 200/4793]	Time  0.095 ( 0.502)	Data  0.000 ( 0.271)	Loss 6.1191e+00 (6.1762e+00)	Acc@1   2.34 (  1.24)	Acc@5   4.69 (  4.90)
Epoch: [1][ 400/4793]	Time  0.081 ( 0.472)	Data  0.000 ( 0.136)	Loss 5.8864e+00 (6.1452e+00)	Acc@1   1.56 (  1.41)	Acc@5   7.81 (  5.36)
Epoch: [1][ 600/4793]	Time  0.081 ( 0.458)	Data  0.000 ( 0.098)	Loss 6.2765e+00 (6.1182e+00)	Acc@1   0.78 (  1.44)	Acc@5   5.47 (  5.62)
Epoch: [1][ 800/4793]	Time  0.080 ( 0.447)	Data  0.000 ( 0.118)	Loss 5.9521e+00 (6.0870e+00)	Acc@1   3.12 (  1.59)	Acc@5  10.16 (  5.99)
Epoch: [1][1000/4793]	Time  0.080 ( 0.440)	Data  0.000 ( 0.130)	Loss 6.1375e+00 (6.0568e+00)	Acc@1   0.78 (  1.72)	Acc@5   4.69 (  6.43)
Epoch: [1][1200/4793]	Time  0.080 ( 0.436)	Data  0.000 ( 0.149)	Loss 5.7750e+00 (6.0272e+00)	Acc@1   3.12 (  1.85)	Acc@5  10.16 (  6.82)
Epoch: [1][1400/4793]	Time  0.080 ( 0.433)	Data  0.000 ( 0.169)	Loss 5.7492e+00 (5.9966e+00)	Acc@1   3.91 (  2.01)	Acc@5  10.94 (  7.27)
Epoch: [1][1600/4793]	Time  0.074 ( 0.436)	Data  0.000 ( 0.195)	Loss 5.8096e+00 (5.9665e+00)	Acc@1   3.91 (  2.14)	Acc@5  10.16 (  7.73)
Epoch: [1][1800/4793]	Time  0.081 ( 0.439)	Data  0.000 ( 0.218)	Loss 5.8141e+00 (5.9394e+00)	Acc@1   1.56 (  2.27)	Acc@5   7.03 (  8.10)
Epoch: [1][2000/4793]	Time  0.080 ( 0.441)	Data  0.000 ( 0.235)	Loss 5.7591e+00 (5.9112e+00)	Acc@1   4.69 (  2.41)	Acc@5  13.28 (  8.54)
Epoch: [1][2200/4793]	Time  0.081 ( 0.442)	Data  0.000 ( 0.248)	Loss 5.4369e+00 (5.8847e+00)	Acc@1   7.03 (  2.57)	Acc@5  14.84 (  8.95)
Epoch: [1][2400/4793]	Time  0.080 ( 0.441)	Data  0.000 ( 0.257)	Loss 5.4992e+00 (5.8560e+00)	Acc@1   3.91 (  2.74)	Acc@5  13.28 (  9.38)
Epoch: [1][2600/4793]	Time  0.080 ( 0.441)	Data  0.000 ( 0.266)	Loss 5.3561e+00 (5.8295e+00)	Acc@1   5.47 (  2.91)	Acc@5  17.19 (  9.80)
Epoch: [1][2800/4793]	Time  0.093 ( 0.442)	Data  0.000 ( 0.274)	Loss 5.6184e+00 (5.8026e+00)	Acc@1   0.78 (  3.07)	Acc@5  14.84 ( 10.22)
Epoch: [1][3000/4793]	Time  0.080 ( 0.442)	Data  0.000 ( 0.281)	Loss 5.4180e+00 (5.7774e+00)	Acc@1   7.03 (  3.22)	Acc@5  14.06 ( 10.62)
Epoch: [1][3200/4793]	Time  0.080 ( 0.442)	Data  0.000 ( 0.288)	Loss 5.4837e+00 (5.7519e+00)	Acc@1   4.69 (  3.39)	Acc@5  15.62 ( 11.03)
Epoch: [1][3400/4793]	Time  0.080 ( 0.444)	Data  0.000 ( 0.295)	Loss 5.2242e+00 (5.7270e+00)	Acc@1   7.81 (  3.55)	Acc@5  18.75 ( 11.42)
Epoch: [1][3600/4793]	Time  0.080 ( 0.444)	Data  0.000 ( 0.300)	Loss 5.1898e+00 (5.7023e+00)	Acc@1   6.25 (  3.71)	Acc@5  22.66 ( 11.81)
Epoch: [1][3800/4793]	Time  0.080 ( 0.444)	Data  0.000 ( 0.298)	Loss 5.2811e+00 (5.6774e+00)	Acc@1   6.25 (  3.87)	Acc@5  17.19 ( 12.22)
Epoch: [1][4000/4793]	Time  0.080 ( 0.444)	Data  0.000 ( 0.297)	Loss 5.2562e+00 (5.6551e+00)	Acc@1   4.69 (  4.03)	Acc@5  17.97 ( 12.59)
Epoch: [1][4200/4793]	Time  0.080 ( 0.445)	Data  0.000 ( 0.302)	Loss 5.1836e+00 (5.6326e+00)	Acc@1   3.12 (  4.19)	Acc@5  15.62 ( 12.96)
Epoch: [1][4400/4793]	Time  0.079 ( 0.445)	Data  0.000 ( 0.306)	Loss 4.8157e+00 (5.6093e+00)	Acc@1   3.91 (  4.37)	Acc@5  25.00 ( 13.35)
Epoch: [1][4600/4793]	Time  0.080 ( 0.446)	Data  0.000 ( 0.310)	Loss 4.9669e+00 (5.5868e+00)	Acc@1   8.59 (  4.53)	Acc@5  21.88 ( 13.72)
Test: [  0/375]	Time 11.105 (11.105)	Loss 6.4445e+00 (6.4445e+00)	Acc@1   0.00 (  0.00)	Acc@5   4.69 (  4.69)
Test: [ 10/375]	Time  0.028 ( 1.348)	Loss 6.7651e+00 (7.0316e+00)	Acc@1   0.00 (  1.14)	Acc@5   0.00 (  4.40)
Test: [ 20/375]	Time  2.175 ( 0.958)	Loss 7.0820e+00 (6.8686e+00)	Acc@1   0.00 (  0.78)	Acc@5   0.00 (  3.39)
Test: [ 30/375]	Time  0.028 ( 0.781)	Loss 5.9258e+00 (6.7615e+00)	Acc@1   3.91 (  0.93)	Acc@5   7.03 (  3.50)
Test: [ 40/375]	Time  1.967 ( 0.707)	Loss 6.4003e+00 (6.8330e+00)	Acc@1   0.00 (  0.74)	Acc@5   1.56 (  2.86)
Test: [ 50/375]	Time  0.028 ( 0.625)	Loss 6.6772e+00 (6.8494e+00)	Acc@1   0.78 (  0.70)	Acc@5   0.78 (  2.70)
Test: [ 60/375]	Time  2.189 ( 0.610)	Loss 6.2543e+00 (6.7753e+00)	Acc@1   0.00 (  0.73)	Acc@5   0.78 (  2.95)
Test: [ 70/375]	Time  0.028 ( 0.575)	Loss 7.1751e+00 (6.8663e+00)	Acc@1   0.00 (  0.63)	Acc@5   0.78 (  2.54)
Test: [ 80/375]	Time  1.559 ( 0.565)	Loss 8.0634e+00 (6.9075e+00)	Acc@1   0.00 (  0.55)	Acc@5   0.00 (  2.23)
Test: [ 90/375]	Time  0.028 ( 0.539)	Loss 7.4562e+00 (6.9505e+00)	Acc@1   0.00 (  0.50)	Acc@5   0.00 (  2.00)
Test: [100/375]	Time  1.937 ( 0.530)	Loss 6.1136e+00 (7.0204e+00)	Acc@1   3.12 (  0.48)	Acc@5  10.16 (  1.90)
Test: [110/375]	Time  0.028 ( 0.513)	Loss 6.6595e+00 (7.0045e+00)	Acc@1   0.00 (  0.47)	Acc@5   0.00 (  1.91)
Test: [120/375]	Time  1.650 ( 0.517)	Loss 7.3310e+00 (7.0107e+00)	Acc@1   0.00 (  0.43)	Acc@5   0.00 (  1.80)
Test: [130/375]	Time  0.028 ( 0.506)	Loss 6.1841e+00 (6.9739e+00)	Acc@1   0.00 (  0.51)	Acc@5   1.56 (  1.94)
Test: [140/375]	Time  2.097 ( 0.506)	Loss 6.8203e+00 (6.9746e+00)	Acc@1   0.00 (  0.47)	Acc@5   0.00 (  1.81)
Test: [150/375]	Time  0.028 ( 0.497)	Loss 7.5180e+00 (7.0068e+00)	Acc@1   0.00 (  0.44)	Acc@5   0.78 (  1.70)
Test: [160/375]	Time  1.353 ( 0.495)	Loss 6.9815e+00 (7.0123e+00)	Acc@1   0.00 (  0.42)	Acc@5   0.00 (  1.77)
Test: [170/375]	Time  0.028 ( 0.486)	Loss 6.1498e+00 (6.9840e+00)	Acc@1   0.00 (  0.52)	Acc@5   0.78 (  2.13)
Test: [180/375]	Time  1.472 ( 0.489)	Loss 8.3655e+00 (6.9732e+00)	Acc@1   0.00 (  0.52)	Acc@5   0.00 (  2.12)
Test: [190/375]	Time  0.028 ( 0.482)	Loss 6.5017e+00 (6.9607e+00)	Acc@1   0.00 (  0.50)	Acc@5   1.56 (  2.11)
Test: [200/375]	Time  1.819 ( 0.485)	Loss 6.8794e+00 (6.9565e+00)	Acc@1   0.00 (  0.47)	Acc@5   0.00 (  2.02)
Test: [210/375]	Time  0.030 ( 0.475)	Loss 5.8064e+00 (6.9387e+00)	Acc@1   3.91 (  0.50)	Acc@5   7.03 (  2.05)
Test: [220/375]	Time  1.464 ( 0.480)	Loss 7.8376e+00 (6.9445e+00)	Acc@1   0.00 (  0.52)	Acc@5   0.00 (  2.05)
Test: [230/375]	Time  0.028 ( 0.476)	Loss 6.5056e+00 (6.9322e+00)	Acc@1   0.00 (  0.49)	Acc@5   0.78 (  1.98)
Test: [240/375]	Time  1.812 ( 0.477)	Loss 7.3186e+00 (6.9248e+00)	Acc@1   0.00 (  0.48)	Acc@5   0.00 (  1.95)
Test: [250/375]	Time  0.028 ( 0.473)	Loss 6.1858e+00 (6.9162e+00)	Acc@1   0.00 (  0.49)	Acc@5   0.00 (  2.01)
Test: [260/375]	Time  1.215 ( 0.472)	Loss 7.4721e+00 (6.9005e+00)	Acc@1   0.00 (  0.51)	Acc@5   0.00 (  2.10)
Test: [270/375]	Time  0.028 ( 0.468)	Loss 6.0497e+00 (6.8829e+00)	Acc@1   0.78 (  0.52)	Acc@5   1.56 (  2.11)
Test: [280/375]	Time  1.158 ( 0.468)	Loss 6.1226e+00 (6.8775e+00)	Acc@1   0.00 (  0.50)	Acc@5   0.00 (  2.04)
Test: [290/375]	Time  0.028 ( 0.463)	Loss 6.8916e+00 (6.8671e+00)	Acc@1   0.00 (  0.48)	Acc@5   0.00 (  2.04)
Test: [300/375]	Time  1.274 ( 0.462)	Loss 6.4189e+00 (6.8535e+00)	Acc@1   0.00 (  0.48)	Acc@5   2.34 (  2.10)
Test: [310/375]	Time  0.028 ( 0.458)	Loss 7.6207e+00 (6.8572e+00)	Acc@1   0.00 (  0.46)	Acc@5   0.00 (  2.09)
Test: [320/375]	Time  1.119 ( 0.454)	Loss 7.3619e+00 (6.8418e+00)	Acc@1   0.00 (  0.47)	Acc@5   0.00 (  2.12)
Test: [330/375]	Time  0.029 ( 0.452)	Loss 6.4851e+00 (6.8545e+00)	Acc@1   0.00 (  0.46)	Acc@5   0.00 (  2.13)
Test: [340/375]	Time  1.197 ( 0.451)	Loss 6.2541e+00 (6.8310e+00)	Acc@1   0.00 (  0.53)	Acc@5   0.00 (  2.29)
Test: [350/375]	Time  0.078 ( 0.445)	Loss 6.8492e+00 (6.8297e+00)	Acc@1   0.00 (  0.55)	Acc@5   0.00 (  2.33)
Test: [360/375]	Time  1.196 ( 0.446)	Loss 7.6840e+00 (6.8401e+00)	Acc@1   0.00 (  0.53)	Acc@5   0.78 (  2.29)
Test: [370/375]	Time  0.164 ( 0.441)	Loss 8.0758e+00 (6.8289e+00)	Acc@1   0.00 (  0.62)	Acc@5   0.00 (  2.52)
 *   Acc@1 0.614 Acc@5 2.507
Adjusting learning rate of group 0 to 1.0000e-02.
Test: [  0/375]	Time 11.092 (11.092)	Loss 6.4356e+00 (6.4356e+00)	Acc@1   0.78 (  0.78)	Acc@5   3.91 (  3.91)
Test: [ 10/375]	Time  0.088 ( 1.255)	Loss 6.7159e+00 (7.0183e+00)	Acc@1   0.00 (  1.21)	Acc@5   0.00 (  4.83)
Test: [ 20/375]	Time  2.088 ( 0.946)	Loss 7.0720e+00 (6.8586e+00)	Acc@1   0.00 (  0.74)	Acc@5   0.00 (  3.61)
Test: [ 30/375]	Time  0.028 ( 0.774)	Loss 5.9525e+00 (6.7513e+00)	Acc@1   3.91 (  0.81)	Acc@5   7.03 (  3.65)
Test: [ 40/375]	Time  2.221 ( 0.702)	Loss 6.4210e+00 (6.8217e+00)	Acc@1   0.78 (  0.63)	Acc@5   1.56 (  3.05)
Test: [ 50/375]	Time  0.028 ( 0.616)	Loss 6.7233e+00 (6.8393e+00)	Acc@1   0.00 (  0.61)	Acc@5   0.00 (  2.93)
Test: [ 60/375]	Time  2.200 ( 0.607)	Loss 6.3616e+00 (6.7676e+00)	Acc@1   0.00 (  0.61)	Acc@5   0.78 (  3.14)
Test: [ 70/375]	Time  0.028 ( 0.572)	Loss 7.2111e+00 (6.8599e+00)	Acc@1   0.00 (  0.53)	Acc@5   0.78 (  2.71)
Test: [ 80/375]	Time  1.401 ( 0.561)	Loss 8.1233e+00 (6.8986e+00)	Acc@1   0.00 (  0.46)	Acc@5   0.00 (  2.37)
Test: [ 90/375]	Time  0.029 ( 0.537)	Loss 7.4537e+00 (6.9411e+00)	Acc@1   0.00 (  0.42)	Acc@5   0.00 (  2.12)
Test: [100/375]	Time  1.882 ( 0.528)	Loss 6.1422e+00 (7.0103e+00)	Acc@1   1.56 (  0.39)	Acc@5  10.16 (  2.01)
Test: [110/375]	Time  0.028 ( 0.511)	Loss 6.6992e+00 (6.9955e+00)	Acc@1   0.00 (  0.37)	Acc@5   0.00 (  2.01)
Test: [120/375]	Time  1.725 ( 0.515)	Loss 7.3307e+00 (7.0022e+00)	Acc@1   0.00 (  0.34)	Acc@5   0.00 (  1.89)
Test: [130/375]	Time  0.028 ( 0.504)	Loss 6.1776e+00 (6.9665e+00)	Acc@1   0.00 (  0.41)	Acc@5   1.56 (  2.03)
Test: [140/375]	Time  2.249 ( 0.505)	Loss 6.9023e+00 (6.9689e+00)	Acc@1   0.00 (  0.39)	Acc@5   0.00 (  1.92)
Test: [150/375]	Time  0.028 ( 0.496)	Loss 7.5044e+00 (7.0007e+00)	Acc@1   0.00 (  0.37)	Acc@5   2.34 (  1.82)
Test: [160/375]	Time  1.284 ( 0.494)	Loss 6.9731e+00 (7.0064e+00)	Acc@1   0.00 (  0.34)	Acc@5   0.00 (  1.82)
Test: [170/375]	Time  0.030 ( 0.484)	Loss 6.1185e+00 (6.9784e+00)	Acc@1   0.78 (  0.43)	Acc@5   3.91 (  2.14)
Test: [180/375]	Time  1.488 ( 0.488)	Loss 8.3544e+00 (6.9682e+00)	Acc@1   0.00 (  0.44)	Acc@5   0.00 (  2.12)
Test: [190/375]	Time  0.028 ( 0.481)	Loss 6.5515e+00 (6.9562e+00)	Acc@1   0.00 (  0.43)	Acc@5   0.00 (  2.09)
Test: [200/375]	Time  1.841 ( 0.484)	Loss 6.8334e+00 (6.9515e+00)	Acc@1   0.00 (  0.41)	Acc@5   0.00 (  2.01)
Test: [210/375]	Time  0.035 ( 0.474)	Loss 5.7611e+00 (6.9329e+00)	Acc@1   3.91 (  0.43)	Acc@5   6.25 (  2.04)
Test: [220/375]	Time  1.558 ( 0.480)	Loss 7.7768e+00 (6.9392e+00)	Acc@1   0.00 (  0.47)	Acc@5   0.00 (  2.04)
Test: [230/375]	Time  0.028 ( 0.475)	Loss 6.5374e+00 (6.9281e+00)	Acc@1   0.00 (  0.45)	Acc@5   0.00 (  1.98)
Test: [240/375]	Time  1.794 ( 0.476)	Loss 7.3054e+00 (6.9217e+00)	Acc@1   0.00 (  0.43)	Acc@5   0.00 (  1.95)
Test: [250/375]	Time  0.028 ( 0.472)	Loss 6.1854e+00 (6.9132e+00)	Acc@1   0.00 (  0.43)	Acc@5   0.00 (  1.97)
Test: [260/375]	Time  1.280 ( 0.471)	Loss 7.4632e+00 (6.8978e+00)	Acc@1   0.00 (  0.46)	Acc@5   0.00 (  2.04)
Test: [270/375]	Time  0.028 ( 0.467)	Loss 5.9541e+00 (6.8808e+00)	Acc@1   0.00 (  0.44)	Acc@5   3.91 (  2.05)
Test: [280/375]	Time  0.957 ( 0.466)	Loss 6.1260e+00 (6.8751e+00)	Acc@1   0.00 (  0.43)	Acc@5   0.78 (  1.98)
Test: [290/375]	Time  0.028 ( 0.463)	Loss 6.8839e+00 (6.8645e+00)	Acc@1   0.00 (  0.42)	Acc@5   0.78 (  1.98)
Test: [300/375]	Time  1.322 ( 0.462)	Loss 6.3308e+00 (6.8508e+00)	Acc@1   0.00 (  0.42)	Acc@5   2.34 (  2.04)
Test: [310/375]	Time  0.040 ( 0.457)	Loss 7.6141e+00 (6.8544e+00)	Acc@1   0.00 (  0.41)	Acc@5   0.00 (  2.02)
Test: [320/375]	Time  1.682 ( 0.456)	Loss 7.3586e+00 (6.8382e+00)	Acc@1   0.00 (  0.42)	Acc@5   0.00 (  2.05)
Test: [330/375]	Time  0.028 ( 0.451)	Loss 6.4750e+00 (6.8518e+00)	Acc@1   0.00 (  0.41)	Acc@5   0.00 (  2.07)
Test: [340/375]	Time  1.193 ( 0.450)	Loss 6.3073e+00 (6.8281e+00)	Acc@1   0.00 (  0.49)	Acc@5   0.00 (  2.25)
Test: [350/375]	Time  0.028 ( 0.445)	Loss 6.8822e+00 (6.8273e+00)	Acc@1   0.00 (  0.51)	Acc@5   0.00 (  2.28)
Test: [360/375]	Time  1.215 ( 0.445)	Loss 7.7313e+00 (6.8377e+00)	Acc@1   0.00 (  0.49)	Acc@5   0.00 (  2.24)
Test: [370/375]	Time  0.028 ( 0.441)	Loss 8.1053e+00 (6.8270e+00)	Acc@1   0.00 (  0.60)	Acc@5   0.00 (  2.46)
 *   Acc@1 0.593 Acc@5 2.443
Adjusting learning rate of group 0 to 1.0000e-02.
Epoch: [2][   0/4793]	Time 15.701 (15.701)	Data 15.669 (15.669)	Loss 4.9406e+00 (4.9406e+00)	Acc@1   9.38 (  9.38)	Acc@5  26.56 ( 26.56)
Epoch: [2][ 200/4793]	Time  0.080 ( 0.549)	Data  0.000 ( 0.452)	Loss 4.7704e+00 (5.0276e+00)	Acc@1   8.59 (  9.09)	Acc@5  28.91 ( 23.50)
Epoch: [2][ 400/4793]	Time  0.081 ( 0.513)	Data  0.000 ( 0.430)	Loss 5.0881e+00 (5.0103e+00)	Acc@1   9.38 (  9.14)	Acc@5  26.56 ( 23.72)
Epoch: [2][ 600/4793]	Time  0.095 ( 0.504)	Data  0.000 ( 0.425)	Loss 4.7211e+00 (4.9944e+00)	Acc@1  13.28 (  9.27)	Acc@5  32.03 ( 23.94)
Epoch: [2][ 800/4793]	Time  0.081 ( 0.497)	Data  0.000 ( 0.424)	Loss 4.8597e+00 (4.9812e+00)	Acc@1  10.94 (  9.32)	Acc@5  26.56 ( 24.10)
Epoch: [2][1000/4793]	Time  0.082 ( 0.492)	Data  0.000 ( 0.420)	Loss 4.9751e+00 (4.9651e+00)	Acc@1   7.81 (  9.46)	Acc@5  19.53 ( 24.44)
Epoch: [2][1200/4793]	Time  0.096 ( 0.488)	Data  0.000 ( 0.419)	Loss 5.1144e+00 (4.9515e+00)	Acc@1  10.16 (  9.62)	Acc@5  21.09 ( 24.75)
Epoch: [2][1400/4793]	Time  0.095 ( 0.486)	Data  0.000 ( 0.418)	Loss 4.7772e+00 (4.9366e+00)	Acc@1   3.91 (  9.76)	Acc@5  25.78 ( 25.03)
Epoch: [2][1600/4793]	Time  0.081 ( 0.484)	Data  0.000 ( 0.416)	Loss 5.0465e+00 (4.9220e+00)	Acc@1   8.59 (  9.90)	Acc@5  21.88 ( 25.28)
Epoch: [2][1800/4793]	Time  0.081 ( 0.481)	Data  0.000 ( 0.414)	Loss 4.9540e+00 (4.9085e+00)	Acc@1   6.25 ( 10.02)	Acc@5  24.22 ( 25.53)
Epoch: [2][2000/4793]	Time  0.093 ( 0.482)	Data  0.000 ( 0.415)	Loss 4.7692e+00 (4.8932e+00)	Acc@1  10.94 ( 10.16)	Acc@5  28.12 ( 25.83)
Epoch: [2][2200/4793]	Time  0.080 ( 0.482)	Data  0.000 ( 0.414)	Loss 4.6150e+00 (4.8794e+00)	Acc@1   9.38 ( 10.28)	Acc@5  31.25 ( 26.14)
Epoch: [2][2400/4793]	Time  0.081 ( 0.481)	Data  0.000 ( 0.414)	Loss 4.5655e+00 (4.8657e+00)	Acc@1  10.16 ( 10.44)	Acc@5  32.81 ( 26.42)
Epoch: [2][2600/4793]	Time  0.081 ( 0.481)	Data  0.000 ( 0.414)	Loss 4.7015e+00 (4.8536e+00)	Acc@1  13.28 ( 10.57)	Acc@5  29.69 ( 26.64)
Epoch: [2][2800/4793]	Time  0.081 ( 0.482)	Data  0.000 ( 0.415)	Loss 4.6994e+00 (4.8415e+00)	Acc@1  12.50 ( 10.71)	Acc@5  28.12 ( 26.87)
Epoch: [2][3000/4793]	Time  0.082 ( 0.482)	Data  0.000 ( 0.415)	Loss 4.4653e+00 (4.8295e+00)	Acc@1  14.06 ( 10.83)	Acc@5  31.25 ( 27.07)
Epoch: [2][3200/4793]	Time  0.085 ( 0.482)	Data  0.000 ( 0.415)	Loss 4.7375e+00 (4.8162e+00)	Acc@1  13.28 ( 10.97)	Acc@5  25.00 ( 27.32)
Epoch: [2][3400/4793]	Time  0.080 ( 0.482)	Data  0.000 ( 0.416)	Loss 4.5560e+00 (4.8051e+00)	Acc@1  15.62 ( 11.09)	Acc@5  32.03 ( 27.53)
Epoch: [2][3600/4793]	Time  0.082 ( 0.484)	Data  0.000 ( 0.418)	Loss 4.7133e+00 (4.7920e+00)	Acc@1  14.06 ( 11.23)	Acc@5  23.44 ( 27.77)
Epoch: [2][3800/4793]	Time  0.080 ( 0.485)	Data  0.000 ( 0.419)	Loss 4.6225e+00 (4.7809e+00)	Acc@1  17.97 ( 11.37)	Acc@5  38.28 ( 27.98)
Epoch: [2][4000/4793]	Time  0.081 ( 0.486)	Data  0.000 ( 0.420)	Loss 4.5226e+00 (4.7704e+00)	Acc@1  13.28 ( 11.49)	Acc@5  32.81 ( 28.18)
Epoch: [2][4200/4793]	Time  0.088 ( 0.487)	Data  0.000 ( 0.421)	Loss 4.2530e+00 (4.7598e+00)	Acc@1  17.19 ( 11.59)	Acc@5  37.50 ( 28.37)
Epoch: [2][4400/4793]	Time  0.083 ( 0.488)	Data  0.000 ( 0.423)	Loss 4.2998e+00 (4.7474e+00)	Acc@1  18.75 ( 11.74)	Acc@5  35.94 ( 28.62)
Epoch: [2][4600/4793]	Time  0.080 ( 0.489)	Data  0.000 ( 0.424)	Loss 4.8016e+00 (4.7347e+00)	Acc@1   7.81 ( 11.89)	Acc@5  25.00 ( 28.85)
Epoch: [2][   0/4793]	Time 17.610 (17.610)	Data 17.577 (17.577)	Loss 5.2579e+00 (5.2579e+00)	Acc@1   7.03 (  7.03)	Acc@5  15.62 ( 15.62)
Epoch: [2][ 200/4793]	Time  0.080 ( 0.563)	Data  0.000 ( 0.144)	Loss 5.0555e+00 (5.0341e+00)	Acc@1   4.69 (  8.78)	Acc@5  26.56 ( 23.28)
Epoch: [2][ 400/4793]	Time  0.081 ( 0.520)	Data  0.000 ( 0.073)	Loss 5.2149e+00 (5.0122e+00)	Acc@1   6.25 (  8.91)	Acc@5  19.53 ( 23.55)
Epoch: [2][ 600/4793]	Time  0.081 ( 0.508)	Data  0.000 ( 0.049)	Loss 4.8486e+00 (4.9976e+00)	Acc@1   9.38 (  9.04)	Acc@5  22.66 ( 23.74)
Epoch: [2][ 800/4793]	Time  1.330 ( 0.501)	Data  0.000 ( 0.037)	Loss 5.0438e+00 (4.9826e+00)	Acc@1   7.03 (  9.23)	Acc@5  25.00 ( 24.00)
Epoch: [2][1000/4793]	Time  0.082 ( 0.494)	Data  0.000 ( 0.030)	Loss 4.8375e+00 (4.9671e+00)	Acc@1  11.72 (  9.47)	Acc@5  28.91 ( 24.29)
Epoch: [2][1200/4793]	Time  0.082 ( 0.491)	Data  0.000 ( 0.025)	Loss 5.0607e+00 (4.9490e+00)	Acc@1  14.06 (  9.64)	Acc@5  22.66 ( 24.61)
Epoch: [2][1400/4793]	Time  0.082 ( 0.488)	Data  0.000 ( 0.021)	Loss 4.7855e+00 (4.9351e+00)	Acc@1  10.94 (  9.78)	Acc@5  28.12 ( 24.90)
Epoch: [2][1600/4793]	Time  0.081 ( 0.486)	Data  0.000 ( 0.019)	Loss 4.9598e+00 (4.9211e+00)	Acc@1  10.94 (  9.92)	Acc@5  31.25 ( 25.22)
Epoch: [2][1800/4793]	Time  0.895 ( 0.483)	Data  0.000 ( 0.018)	Loss 4.9456e+00 (4.9092e+00)	Acc@1   7.81 ( 10.02)	Acc@5  25.78 ( 25.43)
Epoch: [2][2000/4793]	Time  0.080 ( 0.483)	Data  0.000 ( 0.016)	Loss 4.6659e+00 (4.8955e+00)	Acc@1  15.62 ( 10.16)	Acc@5  32.03 ( 25.73)
Epoch: [2][2200/4793]	Time  0.080 ( 0.483)	Data  0.000 ( 0.014)	Loss 4.6782e+00 (4.8801e+00)	Acc@1   8.59 ( 10.33)	Acc@5  31.25 ( 26.00)
Epoch: [2][2400/4793]	Time  0.087 ( 0.483)	Data  0.000 ( 0.013)	Loss 4.6568e+00 (4.8654e+00)	Acc@1   9.38 ( 10.46)	Acc@5  32.81 ( 26.24)
Epoch: [2][2600/4793]	Time  0.068 ( 0.482)	Data  0.000 ( 0.012)	Loss 4.4837e+00 (4.8545e+00)	Acc@1  12.50 ( 10.56)	Acc@5  32.81 ( 26.44)
Epoch: [2][2800/4793]	Time  0.080 ( 0.483)	Data  0.000 ( 0.011)	Loss 4.7834e+00 (4.8412e+00)	Acc@1  10.16 ( 10.71)	Acc@5  31.25 ( 26.68)
Epoch: [2][3000/4793]	Time  0.082 ( 0.483)	Data  0.000 ( 0.011)	Loss 4.6507e+00 (4.8290e+00)	Acc@1  12.50 ( 10.85)	Acc@5  29.69 ( 26.94)
Epoch: [2][3200/4793]	Time  0.081 ( 0.482)	Data  0.000 ( 0.010)	Loss 4.9043e+00 (4.8158e+00)	Acc@1   8.59 ( 10.99)	Acc@5  25.78 ( 27.18)
Epoch: [2][3400/4793]	Time  0.794 ( 0.483)	Data  0.000 ( 0.010)	Loss 4.4080e+00 (4.8030e+00)	Acc@1  15.62 ( 11.15)	Acc@5  29.69 ( 27.43)
Epoch: [2][3600/4793]	Time  0.082 ( 0.485)	Data  0.000 ( 0.009)	Loss 4.7620e+00 (4.7915e+00)	Acc@1  14.06 ( 11.28)	Acc@5  25.78 ( 27.67)
Epoch: [2][3800/4793]	Time  0.860 ( 0.485)	Data  0.000 ( 0.009)	Loss 4.5725e+00 (4.7805e+00)	Acc@1  10.94 ( 11.39)	Acc@5  28.91 ( 27.85)
Epoch: [2][4000/4793]	Time  0.081 ( 0.486)	Data  0.000 ( 0.008)	Loss 4.7711e+00 (4.7685e+00)	Acc@1  10.94 ( 11.51)	Acc@5  27.34 ( 28.09)
Epoch: [2][4200/4793]	Time  0.081 ( 0.487)	Data  0.000 ( 0.008)	Loss 4.5115e+00 (4.7568e+00)	Acc@1  11.72 ( 11.65)	Acc@5  30.47 ( 28.32)
Epoch: [2][4400/4793]	Time  0.081 ( 0.489)	Data  0.000 ( 0.008)	Loss 4.6585e+00 (4.7456e+00)	Acc@1  19.53 ( 11.76)	Acc@5  34.38 ( 28.52)
Epoch: [2][4600/4793]	Time  0.081 ( 0.489)	Data  0.000 ( 0.007)	Loss 4.7451e+00 (4.7348e+00)	Acc@1   7.81 ( 11.88)	Acc@5  28.91 ( 28.73)
Test: [  0/375]	Time 11.300 (11.300)	Loss 6.1177e+00 (6.1177e+00)	Acc@1   0.00 (  0.00)	Acc@5   7.81 (  7.81)
Test: [ 10/375]	Time  0.417 ( 1.358)	Loss 6.6862e+00 (6.2871e+00)	Acc@1   0.78 (  2.63)	Acc@5   0.78 (  7.46)
Test: [ 20/375]	Time  0.029 ( 0.886)	Loss 6.8475e+00 (6.2805e+00)	Acc@1   0.00 (  1.41)	Acc@5   0.78 (  5.58)
Test: [ 30/375]	Time  0.028 ( 0.737)	Loss 5.1612e+00 (6.1452e+00)	Acc@1  14.84 (  2.02)	Acc@5  24.22 (  7.23)
Test: [ 40/375]	Time  0.028 ( 0.678)	Loss 5.7136e+00 (6.1739e+00)	Acc@1   0.00 (  1.85)	Acc@5   3.12 (  7.30)
Test: [ 50/375]	Time  0.028 ( 0.640)	Loss 5.9789e+00 (6.2220e+00)	Acc@1   2.34 (  1.64)	Acc@5   7.81 (  6.56)
Test: [ 60/375]	Time  0.028 ( 0.612)	Loss 5.2385e+00 (6.1417e+00)	Acc@1   2.34 (  1.95)	Acc@5   9.38 (  7.48)
Test: [ 70/375]	Time  0.029 ( 0.571)	Loss 6.5440e+00 (6.2367e+00)	Acc@1   0.00 (  1.67)	Acc@5   3.12 (  6.51)
Test: [ 80/375]	Time  0.028 ( 0.574)	Loss 7.6381e+00 (6.3009e+00)	Acc@1   0.00 (  1.49)	Acc@5   0.00 (  5.79)
Test: [ 90/375]	Time  0.028 ( 0.540)	Loss 6.9782e+00 (6.3524e+00)	Acc@1   0.00 (  1.36)	Acc@5   0.00 (  5.28)
Test: [100/375]	Time  0.029 ( 0.533)	Loss 5.9465e+00 (6.4487e+00)	Acc@1   3.12 (  1.25)	Acc@5  14.06 (  4.90)
Test: [110/375]	Time  0.028 ( 0.523)	Loss 5.6600e+00 (6.3978e+00)	Acc@1   3.12 (  1.35)	Acc@5  16.41 (  5.25)
Test: [120/375]	Time  0.028 ( 0.521)	Loss 6.4721e+00 (6.3740e+00)	Acc@1   0.00 (  1.46)	Acc@5   3.91 (  5.48)
Test: [130/375]	Time  0.028 ( 0.508)	Loss 5.4704e+00 (6.3218e+00)	Acc@1   5.47 (  1.61)	Acc@5  18.75 (  6.02)
Test: [140/375]	Time  0.028 ( 0.502)	Loss 6.0243e+00 (6.2927e+00)	Acc@1   0.00 (  1.56)	Acc@5   0.00 (  5.95)
Test: [150/375]	Time  0.028 ( 0.497)	Loss 6.4686e+00 (6.3177e+00)	Acc@1   0.78 (  1.52)	Acc@5   6.25 (  5.76)
Test: [160/375]	Time  0.049 ( 0.496)	Loss 6.9884e+00 (6.3699e+00)	Acc@1   0.00 (  1.43)	Acc@5   0.00 (  5.47)
Test: [170/375]	Time  0.034 ( 0.485)	Loss 6.2958e+00 (6.3901e+00)	Acc@1   0.00 (  1.44)	Acc@5   6.25 (  5.56)
Test: [180/375]	Time  0.028 ( 0.485)	Loss 8.4996e+00 (6.4116e+00)	Acc@1   0.00 (  1.38)	Acc@5   0.00 (  5.52)
Test: [190/375]	Time  0.165 ( 0.473)	Loss 6.6529e+00 (6.4474e+00)	Acc@1   0.00 (  1.33)	Acc@5   0.00 (  5.31)
Test: [200/375]	Time  0.028 ( 0.475)	Loss 6.5724e+00 (6.4622e+00)	Acc@1   0.00 (  1.29)	Acc@5   1.56 (  5.23)
Test: [210/375]	Time  0.028 ( 0.467)	Loss 5.9320e+00 (6.4733e+00)	Acc@1   4.69 (  1.25)	Acc@5  15.62 (  5.16)
Test: [220/375]	Time  0.028 ( 0.467)	Loss 8.5091e+00 (6.4956e+00)	Acc@1   0.00 (  1.24)	Acc@5   0.00 (  5.15)
Test: [230/375]	Time  0.028 ( 0.458)	Loss 7.1058e+00 (6.5148e+00)	Acc@1   0.00 (  1.20)	Acc@5   0.00 (  5.04)
Test: [240/375]	Time  1.277 ( 0.459)	Loss 6.7558e+00 (6.5393e+00)	Acc@1   0.00 (  1.17)	Acc@5   0.78 (  4.88)
Test: [250/375]	Time  0.498 ( 0.454)	Loss 6.0355e+00 (6.5462e+00)	Acc@1   0.78 (  1.15)	Acc@5   3.12 (  4.79)
Test: [260/375]	Time  1.115 ( 0.452)	Loss 7.5553e+00 (6.5496e+00)	Acc@1   0.00 (  1.21)	Acc@5   0.00 (  4.83)
Test: [270/375]	Time  1.050 ( 0.449)	Loss 6.3944e+00 (6.5486e+00)	Acc@1   0.00 (  1.19)	Acc@5   1.56 (  4.79)
Test: [280/375]	Time  0.055 ( 0.446)	Loss 5.7554e+00 (6.5563e+00)	Acc@1   0.00 (  1.16)	Acc@5   8.59 (  4.72)
Test: [290/375]	Time  2.068 ( 0.447)	Loss 7.1037e+00 (6.5675e+00)	Acc@1   0.00 (  1.14)	Acc@5   0.00 (  4.65)
Test: [300/375]	Time  1.267 ( 0.444)	Loss 6.3909e+00 (6.5680e+00)	Acc@1   1.56 (  1.19)	Acc@5   3.12 (  4.80)
Test: [310/375]	Time  0.134 ( 0.438)	Loss 7.9418e+00 (6.5866e+00)	Acc@1   0.00 (  1.16)	Acc@5   0.00 (  4.67)
Test: [320/375]	Time  0.028 ( 0.438)	Loss 7.3023e+00 (6.5816e+00)	Acc@1   0.78 (  1.16)	Acc@5   1.56 (  4.64)
Test: [330/375]	Time  0.028 ( 0.437)	Loss 6.0273e+00 (6.6027e+00)	Acc@1   1.56 (  1.14)	Acc@5   3.12 (  4.54)
Test: [340/375]	Time  0.028 ( 0.436)	Loss 6.7283e+00 (6.5917e+00)	Acc@1   0.00 (  1.17)	Acc@5   0.00 (  4.65)
Test: [350/375]	Time  1.578 ( 0.437)	Loss 6.2295e+00 (6.5964e+00)	Acc@1   0.78 (  1.14)	Acc@5   6.25 (  4.59)
Test: [360/375]	Time  0.028 ( 0.432)	Loss 7.2162e+00 (6.6118e+00)	Acc@1   0.00 (  1.14)	Acc@5   1.56 (  4.58)
Test: [370/375]	Time  0.967 ( 0.432)	Loss 8.0477e+00 (6.6022e+00)	Acc@1   0.00 (  1.24)	Acc@5   0.00 (  4.71)
 *   Acc@1 1.226 Acc@5 4.687
Adjusting learning rate of group 0 to 1.0000e-02.
Test: [  0/375]	Time 11.940 (11.940)	Loss 6.0739e+00 (6.0739e+00)	Acc@1   2.34 (  2.34)	Acc@5   8.59 (  8.59)
Test: [ 10/375]	Time  0.443 ( 1.371)	Loss 6.6688e+00 (6.3126e+00)	Acc@1   0.00 (  2.56)	Acc@5   0.78 (  7.53)
Test: [ 20/375]	Time  1.393 ( 0.950)	Loss 6.9016e+00 (6.2893e+00)	Acc@1   0.00 (  1.49)	Acc@5   0.00 (  5.62)
Test: [ 30/375]	Time  0.028 ( 0.741)	Loss 5.1085e+00 (6.1523e+00)	Acc@1  10.94 (  1.84)	Acc@5  25.00 (  7.26)
Test: [ 40/375]	Time  0.028 ( 0.682)	Loss 5.7680e+00 (6.1891e+00)	Acc@1   0.00 (  1.83)	Acc@5   1.56 (  7.20)
Test: [ 50/375]	Time  0.028 ( 0.644)	Loss 6.0154e+00 (6.2328e+00)	Acc@1   3.12 (  1.69)	Acc@5   7.03 (  6.48)
Test: [ 60/375]	Time  0.028 ( 0.615)	Loss 5.2294e+00 (6.1468e+00)	Acc@1   0.00 (  1.84)	Acc@5  11.72 (  7.43)
Test: [ 70/375]	Time  0.028 ( 0.573)	Loss 6.4167e+00 (6.2398e+00)	Acc@1   0.00 (  1.61)	Acc@5   1.56 (  6.45)
Test: [ 80/375]	Time  0.028 ( 0.576)	Loss 7.7337e+00 (6.3058e+00)	Acc@1   0.00 (  1.41)	Acc@5   0.00 (  5.68)
Test: [ 90/375]	Time  0.028 ( 0.541)	Loss 6.9966e+00 (6.3558e+00)	Acc@1   0.00 (  1.30)	Acc@5   0.00 (  5.16)
Test: [100/375]	Time  0.028 ( 0.535)	Loss 6.0901e+00 (6.4531e+00)	Acc@1   2.34 (  1.19)	Acc@5  14.06 (  4.79)
Test: [110/375]	Time  0.041 ( 0.525)	Loss 5.6302e+00 (6.3995e+00)	Acc@1   3.12 (  1.28)	Acc@5  17.97 (  5.15)
Test: [120/375]	Time  0.028 ( 0.522)	Loss 6.4812e+00 (6.3737e+00)	Acc@1   0.00 (  1.38)	Acc@5   1.56 (  5.38)
Test: [130/375]	Time  0.028 ( 0.509)	Loss 5.4589e+00 (6.3215e+00)	Acc@1   3.12 (  1.57)	Acc@5  17.19 (  5.99)
Test: [140/375]	Time  0.030 ( 0.503)	Loss 6.0892e+00 (6.2928e+00)	Acc@1   0.00 (  1.54)	Acc@5   0.00 (  5.92)
Test: [150/375]	Time  0.028 ( 0.498)	Loss 6.5720e+00 (6.3196e+00)	Acc@1   0.00 (  1.47)	Acc@5   7.03 (  5.71)
Test: [160/375]	Time  0.046 ( 0.497)	Loss 7.2155e+00 (6.3742e+00)	Acc@1   0.00 (  1.41)	Acc@5   0.00 (  5.46)
Test: [170/375]	Time  0.028 ( 0.485)	Loss 6.2840e+00 (6.3924e+00)	Acc@1   1.56 (  1.42)	Acc@5   9.38 (  5.58)
Test: [180/375]	Time  0.777 ( 0.487)	Loss 8.4469e+00 (6.4130e+00)	Acc@1   0.00 (  1.36)	Acc@5   0.00 (  5.51)
Test: [190/375]	Time  0.032 ( 0.479)	Loss 6.5834e+00 (6.4510e+00)	Acc@1   0.00 (  1.30)	Acc@5   0.78 (  5.29)
Test: [200/375]	Time  0.028 ( 0.475)	Loss 6.6396e+00 (6.4683e+00)	Acc@1   0.00 (  1.27)	Acc@5   0.00 (  5.16)
Test: [210/375]	Time  0.028 ( 0.468)	Loss 5.8924e+00 (6.4787e+00)	Acc@1   7.03 (  1.25)	Acc@5  17.97 (  5.09)
Test: [220/375]	Time  1.442 ( 0.471)	Loss 8.4646e+00 (6.5007e+00)	Acc@1   0.00 (  1.23)	Acc@5   0.00 (  5.07)
Test: [230/375]	Time  0.028 ( 0.462)	Loss 7.1273e+00 (6.5188e+00)	Acc@1   0.00 (  1.19)	Acc@5   0.00 (  4.99)
Test: [240/375]	Time  1.353 ( 0.460)	Loss 6.7610e+00 (6.5434e+00)	Acc@1   0.00 (  1.14)	Acc@5   2.34 (  4.84)
Test: [250/375]	Time  0.028 ( 0.455)	Loss 6.0510e+00 (6.5521e+00)	Acc@1   0.00 (  1.11)	Acc@5   3.12 (  4.73)
Test: [260/375]	Time  1.093 ( 0.452)	Loss 7.7008e+00 (6.5583e+00)	Acc@1   0.00 (  1.15)	Acc@5   0.00 (  4.73)
Test: [270/375]	Time  0.821 ( 0.448)	Loss 6.4193e+00 (6.5571e+00)	Acc@1   0.00 (  1.14)	Acc@5   1.56 (  4.72)
Test: [280/375]	Time  0.028 ( 0.445)	Loss 5.6935e+00 (6.5636e+00)	Acc@1   0.00 (  1.11)	Acc@5   8.59 (  4.66)
Test: [290/375]	Time  1.058 ( 0.445)	Loss 7.1402e+00 (6.5743e+00)	Acc@1   0.00 (  1.10)	Acc@5   0.00 (  4.61)
Test: [300/375]	Time  1.083 ( 0.442)	Loss 6.3678e+00 (6.5741e+00)	Acc@1   2.34 (  1.13)	Acc@5   7.03 (  4.79)
Test: [310/375]	Time  0.163 ( 0.437)	Loss 7.8398e+00 (6.5930e+00)	Acc@1   0.00 (  1.10)	Acc@5   0.78 (  4.67)
Test: [320/375]	Time  0.574 ( 0.435)	Loss 7.2774e+00 (6.5872e+00)	Acc@1   0.78 (  1.10)	Acc@5   2.34 (  4.64)
Test: [330/375]	Time  0.028 ( 0.436)	Loss 6.2164e+00 (6.6098e+00)	Acc@1   0.00 (  1.07)	Acc@5   5.47 (  4.54)
Test: [340/375]	Time  0.036 ( 0.436)	Loss 6.6889e+00 (6.5985e+00)	Acc@1   0.00 (  1.11)	Acc@5   0.00 (  4.64)
Test: [350/375]	Time  1.504 ( 0.435)	Loss 6.1144e+00 (6.6031e+00)	Acc@1   0.78 (  1.10)	Acc@5   6.25 (  4.62)
Test: [360/375]	Time  0.033 ( 0.431)	Loss 7.1970e+00 (6.6189e+00)	Acc@1   0.00 (  1.10)	Acc@5   1.56 (  4.60)
Test: [370/375]	Time  0.028 ( 0.431)	Loss 8.1281e+00 (6.6082e+00)	Acc@1   0.00 (  1.20)	Acc@5   0.00 (  4.74)
 *   Acc@1 1.190 Acc@5 4.718
Adjusting learning rate of group 0 to 1.0000e-02.
