Namespace(alter_trainingfile_name='train_blurred', alter_validationfile_name='val_blurred', arch='alexnet_cdan', batch_size=256, data='/data/gpfs/datasets/Imagenet', dist_backend='nccl', dist_url='tcp://127.0.0.1:7005', epochs=100, evaluate=False, gpu=None, log='/home/junzhin/Project/Summer_project/code/version1.0/pretrained_model_results/ALEX_office31masked2Random_CDAN', lr=0.01, momentum=0.9, multiprocessing_distributed=True, num_classes=1000, pretrained=False, print_freq=200, randomchosenmode=True, rank=0, resume='', seed=None, start_epoch=0, subset=True, subsetpath='/home/junzhin/Project/Summer_project/code/version1.0/masked_office31_imagenetlabel2_manual_df.csv', weight_decay=0.0005, workers=8, world_size=1)
Use GPU: 0 for training
when creating the model, the number of classes are
958
=> using pre-trained model 'alexnet_cdan'
the number of classes are 958
Adjusting learning rate of group 0 to 1.0000e-02.
----------------------------------------
training directory:/data/gpfs/datasets/Imagenet/train_blurred

validating directory:/data/gpfs/datasets/Imagenet/val_blurred

----------------------------------------
Dataset ImageFolder
    Number of datapoints: 1281066
    Root location: /data/gpfs/datasets/Imagenet/train_blurred
    StandardTransform
Transform: Compose(
               RandomHorizontalFlip(p=0.5)
               Resize(size=256, interpolation=bilinear, max_size=None, antialias=None)
               RandomResizedCrop(size=(227, 227), scale=(0.08, 1.0), ratio=(0.75, 1.3333), interpolation=bilinear)
               ToTensor()
               Normalize(mean=[0.485, 0.456, 0.406], std=[0.229, 0.224, 0.225])
           )
----------------------------------------
Dataset ImageFolder
    Number of datapoints: 49997
    Root location: /data/gpfs/datasets/Imagenet/val_blurred
    StandardTransform
Transform: Compose(
               RandomHorizontalFlip(p=0.5)
               Resize(size=256, interpolation=bilinear, max_size=None, antialias=None)
               RandomResizedCrop(size=(227, 227), scale=(0.08, 1.0), ratio=(0.75, 1.3333), interpolation=bilinear)
               ToTensor()
           )
----------------------------------------
            0                      1
0   n02791124           barber_chair
1   n02823428            beer_bottle
2   n02835271  bicycle-built-for-two
3   n02840245                 binder
4   n02870880               bookcase
5   n02877765              bottlecap
6   n02992529     cellular_telephone
7   n03018349          china_cabinet
8   n03063599             coffee_mug
9   n03085013      computer_keyboard
10  n03127747           crash_helmet
11  n03180011       desktop_computer
12  n03187595         dial_telephone
13  n03376595          folding_chair
14  n03379051        football_helmet
15  n03388183           fountain_pen
16  n03485407     hand-held_computer
17  n03637318              lampshade
18  n03642806                 laptop
19  n03691459            loudspeaker
20  n03742115         medicine_chest
21  n03759954             microphone
22  n03782006                monitor
23  n03785016                  moped
24  n03792782          mountain_bike
25  n03793489                  mouse
26  n03832673               notebook
27  n03902125              pay-phone
28  n03937543            pill_bottle
29  n03983396             pop_bottle
30  n04004767                printer
31  n04009552              projector
32  n04099969          rocking_chair
33  n04152593                 screen
34  n04286575              spotlight
35  n04380533             table_lamp
36  n04476259                   tray
37  n04505470    typewriter_keyboard
38  n04557648           water_bottle
39  n04591713            wine_bottle
40  n06596364             comic_book
41  n07930864                    cup
+---+---+---+---+---+---+---+---+---+---+---+---+---+---+---+---+---+---+---+---
958
42
+---+---+---+---+---+---+---+---+---+---+---+---+---+---+---+---+---+---+---+---
958
chosen_classes_labels_names
['n01440764', 'n01443537', 'n01484850', 'n01491361', 'n01494475', 'n01496331', 'n01498041', 'n01514668', 'n01514859', 'n01518878', 'n01530575', 'n01531178', 'n01532829', 'n01534433', 'n01537544', 'n01558993', 'n01560419', 'n01580077', 'n01582220', 'n01592084', 'n01601694', 'n01608432', 'n01614925', 'n01622779', 'n01629819', 'n01630670', 'n01631663', 'n01632458', 'n01632777', 'n01641577', 'n01644373', 'n01644900', 'n01664065', 'n01665541', 'n01667114', 'n01667778', 'n01669191', 'n01675722', 'n01677366', 'n01682714', 'n01687978', 'n01688243', 'n01689811', 'n01692333', 'n01693334', 'n01694178', 'n01695060', 'n01697457', 'n01698640', 'n01704323', 'n01728572', 'n01728920', 'n01729322', 'n01729977', 'n01734418', 'n01735189', 'n01737021', 'n01739381', 'n01740131', 'n01742172', 'n01744401', 'n01748264', 'n01751748', 'n01753488', 'n01755581', 'n01756291', 'n01768244', 'n01770081', 'n01770393', 'n01773157', 'n01773549', 'n01773797', 'n01774384', 'n01774750', 'n01775062', 'n01776313', 'n01784675', 'n01795545', 'n01796340', 'n01797886', 'n01798484', 'n01806143', 'n01806567', 'n01807496', 'n01817953', 'n01818515', 'n01819313', 'n01820546', 'n01824575', 'n01828970', 'n01829413', 'n01833805', 'n01843065', 'n01843383', 'n01847000', 'n01855032', 'n01855672', 'n01860187', 'n01872401', 'n01873310', 'n01877812', 'n01882714', 'n01883070', 'n01910747', 'n01914609', 'n01917289', 'n01924916', 'n01930112', 'n01943899', 'n01944390', 'n01945685', 'n01950731', 'n01955084', 'n01968897', 'n01978287', 'n01978455', 'n01980166', 'n01981276', 'n01983481', 'n01984695', 'n01985128', 'n01986214', 'n01990800', 'n02002556', 'n02002724', 'n02006656', 'n02007558', 'n02009229', 'n02009912', 'n02012849', 'n02013706', 'n02017213', 'n02018207', 'n02018795', 'n02025239', 'n02027492', 'n02028035', 'n02033041', 'n02037110', 'n02051845', 'n02056570', 'n02066245', 'n02071294', 'n02074367', 'n02077923', 'n02085620', 'n02085782', 'n02085936', 'n02086079', 'n02086240', 'n02086646', 'n02086910', 'n02087046', 'n02087394', 'n02088094', 'n02088238', 'n02088364', 'n02088466', 'n02088632', 'n02089078', 'n02089867', 'n02089973', 'n02090379', 'n02090721', 'n02091032', 'n02091134', 'n02091244', 'n02091467', 'n02091635', 'n02091831', 'n02092002', 'n02092339', 'n02093256', 'n02093428', 'n02093647', 'n02093754', 'n02093859', 'n02093991', 'n02094114', 'n02094258', 'n02095314', 'n02095570', 'n02095889', 'n02096051', 'n02096177', 'n02096294', 'n02096437', 'n02096585', 'n02097047', 'n02097130', 'n02097209', 'n02097298', 'n02097474', 'n02097658', 'n02098105', 'n02098286', 'n02098413', 'n02099429', 'n02099712', 'n02099849', 'n02100236', 'n02100583', 'n02100735', 'n02100877', 'n02101006', 'n02101388', 'n02101556', 'n02102040', 'n02102177', 'n02102318', 'n02102480', 'n02102973', 'n02104029', 'n02104365', 'n02105056', 'n02105162', 'n02105251', 'n02105505', 'n02105641', 'n02105855', 'n02106030', 'n02106166', 'n02106550', 'n02106662', 'n02107142', 'n02107312', 'n02107574', 'n02107683', 'n02107908', 'n02108000', 'n02108089', 'n02108422', 'n02108551', 'n02108915', 'n02109525', 'n02109961', 'n02110063', 'n02110185', 'n02110341', 'n02110627', 'n02110806', 'n02110958', 'n02111129', 'n02111277', 'n02111500', 'n02111889', 'n02112018', 'n02112137', 'n02112350', 'n02112706', 'n02113023', 'n02113186', 'n02113624', 'n02113712', 'n02113799', 'n02113978', 'n02114367', 'n02114548', 'n02114712', 'n02114855', 'n02115641', 'n02115913', 'n02116738', 'n02117135', 'n02119022', 'n02119789', 'n02120079', 'n02120505', 'n02123045', 'n02123159', 'n02123394', 'n02123597', 'n02124075', 'n02125311', 'n02127052', 'n02128385', 'n02128757', 'n02128925', 'n02129165', 'n02129604', 'n02130308', 'n02132136', 'n02133161', 'n02134084', 'n02134418', 'n02137549', 'n02138441', 'n02165105', 'n02165456', 'n02167151', 'n02168699', 'n02169497', 'n02172182', 'n02174001', 'n02177972', 'n02190166', 'n02206856', 'n02219486', 'n02226429', 'n02229544', 'n02231487', 'n02233338', 'n02236044', 'n02256656', 'n02259212', 'n02264363', 'n02268443', 'n02268853', 'n02276258', 'n02277742', 'n02279972', 'n02280649', 'n02281406', 'n02281787', 'n02317335', 'n02319095', 'n02321529', 'n02325366', 'n02326432', 'n02328150', 'n02342885', 'n02346627', 'n02356798', 'n02361337', 'n02363005', 'n02364673', 'n02389026', 'n02391049', 'n02395406', 'n02396427', 'n02397096', 'n02398521', 'n02403003', 'n02408429', 'n02410509', 'n02412080', 'n02415577', 'n02417914', 'n02422106', 'n02422699', 'n02423022', 'n02437312', 'n02437616', 'n02441942', 'n02442845', 'n02443114', 'n02443484', 'n02444819', 'n02447366', 'n02454379', 'n02457408', 'n02480495', 'n02480855', 'n02481823', 'n02483362', 'n02483708', 'n02484975', 'n02486261', 'n02487347', 'n02488291', 'n02489166', 'n02490219', 'n02492035', 'n02492660', 'n02493509', 'n02493793', 'n02494079', 'n02497673', 'n02500267', 'n02504013', 'n02504458', 'n02509815', 'n02510455', 'n02514041', 'n02526121', 'n02536864', 'n02606052', 'n02607072', 'n02640242', 'n02641379', 'n02643566', 'n02655020', 'n02666196', 'n02667093', 'n02669723', 'n02672831', 'n02676566', 'n02690373', 'n02692877', 'n02699494', 'n02701002', 'n02704792', 'n02708093', 'n02727426', 'n02730930', 'n02747177', 'n02749479', 'n02769748', 'n02776631', 'n02777292', 'n02782093', 'n02783161', 'n02786058', 'n02787622', 'n02788148', 'n02790996', 'n02791124', 'n02791270', 'n02793495', 'n02795169', 'n02797295', 'n02799071', 'n02802426', 'n02804414', 'n02804610', 'n02807133', 'n02808304', 'n02808440', 'n02814533', 'n02814860', 'n02815834', 'n02817516', 'n02823428', 'n02825657', 'n02834397', 'n02835271', 'n02837789', 'n02840245', 'n02841315', 'n02843684', 'n02859443', 'n02860847', 'n02869837', 'n02870880', 'n02871525', 'n02877765', 'n02879718', 'n02883205', 'n02892201', 'n02892767', 'n02894605', 'n02895154', 'n02906734', 'n02909870', 'n02910353', 'n02916936', 'n02917067', 'n02927161', 'n02930766', 'n02939185', 'n02948072', 'n02950826', 'n02951358', 'n02951585', 'n02963159', 'n02966193', 'n02966687', 'n02974003', 'n02977058', 'n02978881', 'n02979186', 'n02980441', 'n02981792', 'n02992211', 'n02992529', 'n02999410', 'n03000134', 'n03000247', 'n03000684', 'n03014705', 'n03016953', 'n03017168', 'n03018349', 'n03026506', 'n03028079', 'n03032252', 'n03041632', 'n03042490', 'n03045698', 'n03047690', 'n03062245', 'n03063599', 'n03063689', 'n03065424', 'n03075370', 'n03085013', 'n03100240', 'n03109150', 'n03110669', 'n03124043', 'n03124170', 'n03125729', 'n03126707', 'n03127747', 'n03127925', 'n03131574', 'n03133878', 'n03134739', 'n03141823', 'n03146219', 'n03160309', 'n03179701', 'n03180011', 'n03187595', 'n03188531', 'n03196217', 'n03197337', 'n03201208', 'n03207743', 'n03207941', 'n03208938', 'n03216828', 'n03218198', 'n03220513', 'n03223299', 'n03240683', 'n03249569', 'n03250847', 'n03255030', 'n03259280', 'n03271574', 'n03272010', 'n03272562', 'n03290653', 'n03291819', 'n03297495', 'n03314780', 'n03325584', 'n03337140', 'n03344393', 'n03345487', 'n03347037', 'n03355925', 'n03372029', 'n03376595', 'n03379051', 'n03384352', 'n03388183', 'n03388549', 'n03393912', 'n03394916', 'n03400231', 'n03404251', 'n03417042', 'n03424325', 'n03425413', 'n03443371', 'n03444034', 'n03445777', 'n03445924', 'n03447447', 'n03447721', 'n03450230', 'n03452741', 'n03457902', 'n03459775', 'n03461385', 'n03467068', 'n03476684', 'n03476991', 'n03478589', 'n03481172', 'n03482405', 'n03483316', 'n03485407', 'n03485794', 'n03492542', 'n03494278', 'n03495258', 'n03496892', 'n03498962', 'n03527444', 'n03529860', 'n03530642', 'n03532672', 'n03534580', 'n03535780', 'n03538406', 'n03544143', 'n03584254', 'n03584829', 'n03590841', 'n03594734', 'n03594945', 'n03595614', 'n03598930', 'n03599486', 'n03602883', 'n03617480', 'n03623198', 'n03627232', 'n03630383', 'n03633091', 'n03637318', 'n03642806', 'n03649909', 'n03657121', 'n03658185', 'n03661043', 'n03662601', 'n03666591', 'n03670208', 'n03673027', 'n03676483', 'n03680355', 'n03690938', 'n03691459', 'n03692522', 'n03697007', 'n03706229', 'n03709823', 'n03710193', 'n03710637', 'n03710721', 'n03717622', 'n03720891', 'n03721384', 'n03724870', 'n03729826', 'n03733131', 'n03733281', 'n03733805', 'n03742115', 'n03743016', 'n03759954', 'n03761084', 'n03763968', 'n03764736', 'n03769881', 'n03770439', 'n03770679', 'n03773504', 'n03775071', 'n03775546', 'n03776460', 'n03777568', 'n03777754', 'n03781244', 'n03782006', 'n03785016', 'n03786901', 'n03787032', 'n03788195', 'n03788365', 'n03791053', 'n03792782', 'n03792972', 'n03793489', 'n03794056', 'n03796401', 'n03803284', 'n03804744', 'n03814639', 'n03814906', 'n03825788', 'n03832673', 'n03837869', 'n03838899', 'n03840681', 'n03841143', 'n03843555', 'n03854065', 'n03857828', 'n03866082', 'n03868242', 'n03868863', 'n03871628', 'n03873416', 'n03874293', 'n03874599', 'n03876231', 'n03877472', 'n03877845', 'n03884397', 'n03887697', 'n03888257', 'n03888605', 'n03891251', 'n03891332', 'n03895866', 'n03899768', 'n03902125', 'n03903868', 'n03908618', 'n03916031', 'n03920288', 'n03929660', 'n03930313', 'n03930630', 'n03933933', 'n03935335', 'n03937543', 'n03938244', 'n03942813', 'n03950228', 'n03956157', 'n03958227', 'n03961711', 'n03967562', 'n03970156', 'n03976467', 'n03976657', 'n03977966', 'n03980874', 'n03982430', 'n03983396', 'n03992509', 'n03995372', 'n03998194', 'n04004767', 'n04005630', 'n04008634', 'n04009552', 'n04019541', 'n04023962', 'n04026417', 'n04033901', 'n04033995', 'n04037443', 'n04039381', 'n04040759', 'n04041544', 'n04044716', 'n04049303', 'n04065272', 'n04067472', 'n04070727', 'n04074963', 'n04081281', 'n04090263', 'n04099969', 'n04111531', 'n04116512', 'n04118538', 'n04118776', 'n04120489', 'n04125021', 'n04127249', 'n04131690', 'n04133789', 'n04136333', 'n04141076', 'n04141327', 'n04141975', 'n04146614', 'n04147183', 'n04149813', 'n04152593', 'n04153751', 'n04154565', 'n04162706', 'n04179913', 'n04192698', 'n04200800', 'n04201297', 'n04204238', 'n04204347', 'n04208210', 'n04209133', 'n04209239', 'n04228054', 'n04229816', 'n04235860', 'n04238763', 'n04239074', 'n04243546', 'n04252077', 'n04252225', 'n04254120', 'n04254680', 'n04254777', 'n04258138', 'n04259630', 'n04263257', 'n04264628', 'n04265275', 'n04270147', 'n04273569', 'n04275548', 'n04277352', 'n04286575', 'n04296562', 'n04310018', 'n04311004', 'n04311174', 'n04317175', 'n04325704', 'n04326547', 'n04328186', 'n04330267', 'n04332243', 'n04335435', 'n04336792', 'n04346328', 'n04347754', 'n04350905', 'n04355338', 'n04355933', 'n04356056', 'n04357314', 'n04366367', 'n04367480', 'n04370456', 'n04371430', 'n04371774', 'n04372370', 'n04376876', 'n04380533', 'n04389033', 'n04392985', 'n04398044', 'n04399382', 'n04404412', 'n04409515', 'n04418357', 'n04423845', 'n04428191', 'n04429376', 'n04435653', 'n04442312', 'n04443257', 'n04447861', 'n04456115', 'n04458633', 'n04461696', 'n04462240', 'n04465501', 'n04467665', 'n04476259', 'n04479046', 'n04482393', 'n04483307', 'n04485082', 'n04486054', 'n04487081', 'n04487394', 'n04493381', 'n04501370', 'n04505470', 'n04507155', 'n04509417', 'n04515003', 'n04517823', 'n04522168', 'n04523525', 'n04525038', 'n04525305', 'n04532106', 'n04532670', 'n04536866', 'n04540053', 'n04548280', 'n04548362', 'n04550184', 'n04552348', 'n04553703', 'n04554684', 'n04557648', 'n04560804', 'n04562935', 'n04579145', 'n04579432', 'n04584207', 'n04589890', 'n04590129', 'n04591157', 'n04591713', 'n04592741', 'n04596742', 'n04597913', 'n04599235', 'n04604644', 'n04606251', 'n04612504', 'n04613696', 'n06359193', 'n06596364', 'n06785654', 'n06794110', 'n06874185', 'n07248320', 'n07565083', 'n07579787', 'n07583066', 'n07584110', 'n07590611', 'n07613480', 'n07614500', 'n07615774', 'n07684084', 'n07693725', 'n07695742', 'n07697313', 'n07697537', 'n07711569', 'n07714571', 'n07714990', 'n07715103', 'n07716358', 'n07716906', 'n07717410', 'n07717556', 'n07718472', 'n07718747', 'n07720875', 'n07730033', 'n07734744', 'n07742313', 'n07745940', 'n07749582', 'n07753113', 'n07753275', 'n07753592', 'n07754684', 'n07760859', 'n07768694', 'n07802026', 'n07831146', 'n07836838', 'n07860988', 'n07871810', 'n07873807', 'n07875152', 'n07880968', 'n07892512', 'n07920052', 'n07930864', 'n07932039', 'n09193705', 'n09229709', 'n09246464', 'n09256479', 'n09288635', 'n09332890', 'n09399592', 'n09421951', 'n09428293', 'n09468604', 'n09472597', 'n09835506', 'n10148035', 'n10565667', 'n11879895', 'n11939491', 'n12057211', 'n12144580', 'n12267677', 'n12620546', 'n12768682', 'n12985857', 'n12998815', 'n13037406', 'n13040303', 'n13044778', 'n13052670', 'n13054560', 'n13133613', 'n15075141']
            0
0   n04344873
1   n02823750
2   n03924679
3   n04266014
4   n01871265
5   n02687172
6   n02445715
7   n01749939
8   n02988304
9   n02090622
10  n03388043
11  n02865351
12  n02011460
13  n02105412
14  n03929855
15  n02109047
16  n02486410
17  n03947888
18  n03095699
19  n02099601
20  n03954731
21  n03908714
22  n02488702
23  n02106382
24  n04417672
25  n02965783
26  n02094433
27  n01685808
28  n03944341
29  n04251144
30  n03089624
31  n02058221
32  n02971356
33  n04086273
34  n04069434
35  n02794156
36  n03991062
37  n07747607
38  n02099267
39  n01616318
40  n04285008
41  n04542943
1227158
train_datast length is 1227158
47897
valid_dataset length is 47897
{0: 0, 1: 1, 2: 2, 3: 3, 4: 4, 5: 5, 6: 6, 7: 7, 8: 8, 9: 9, 10: 10, 11: 11, 12: 12, 13: 13, 14: 14, 15: 15, 16: 16, 17: 17, 18: 18, 19: 19, 20: 20, 21: 21, 22: 22, 24: 23, 25: 24, 26: 25, 27: 26, 28: 27, 29: 28, 30: 29, 31: 30, 32: 31, 33: 32, 34: 33, 35: 34, 36: 35, 37: 36, 38: 37, 39: 38, 40: 39, 42: 40, 43: 41, 44: 42, 45: 43, 46: 44, 47: 45, 48: 46, 49: 47, 50: 48, 51: 49, 52: 50, 53: 51, 54: 52, 55: 53, 56: 54, 57: 55, 58: 56, 59: 57, 60: 58, 61: 59, 62: 60, 63: 61, 65: 62, 66: 63, 67: 64, 68: 65, 69: 66, 70: 67, 71: 68, 72: 69, 73: 70, 74: 71, 75: 72, 76: 73, 77: 74, 78: 75, 79: 76, 80: 77, 81: 78, 82: 79, 83: 80, 84: 81, 85: 82, 86: 83, 87: 84, 88: 85, 89: 86, 90: 87, 91: 88, 92: 89, 93: 90, 94: 91, 95: 92, 96: 93, 97: 94, 98: 95, 99: 96, 100: 97, 102: 98, 103: 99, 104: 100, 105: 101, 106: 102, 107: 103, 108: 104, 109: 105, 110: 106, 111: 107, 112: 108, 113: 109, 114: 110, 115: 111, 116: 112, 117: 113, 118: 114, 119: 115, 120: 116, 121: 117, 122: 118, 123: 119, 124: 120, 125: 121, 126: 122, 127: 123, 128: 124, 129: 125, 130: 126, 131: 127, 132: 128, 134: 129, 135: 130, 136: 131, 137: 132, 138: 133, 139: 134, 140: 135, 141: 136, 142: 137, 143: 138, 144: 139, 145: 140, 147: 141, 148: 142, 149: 143, 150: 144, 151: 145, 152: 146, 153: 147, 154: 148, 155: 149, 156: 150, 157: 151, 158: 152, 159: 153, 160: 154, 161: 155, 162: 156, 163: 157, 164: 158, 165: 159, 166: 160, 167: 161, 168: 162, 170: 163, 171: 164, 172: 165, 173: 166, 174: 167, 175: 168, 176: 169, 177: 170, 178: 171, 179: 172, 180: 173, 181: 174, 182: 175, 183: 176, 184: 177, 185: 178, 186: 179, 188: 180, 189: 181, 190: 182, 191: 183, 192: 184, 193: 185, 194: 186, 195: 187, 196: 188, 197: 189, 198: 190, 199: 191, 200: 192, 201: 193, 202: 194, 203: 195, 204: 196, 206: 197, 208: 198, 209: 199, 210: 200, 211: 201, 212: 202, 213: 203, 214: 204, 215: 205, 216: 206, 217: 207, 218: 208, 219: 209, 220: 210, 221: 211, 222: 212, 223: 213, 224: 214, 225: 215, 226: 216, 228: 217, 229: 218, 230: 219, 231: 220, 232: 221, 234: 222, 235: 223, 236: 224, 237: 225, 238: 226, 239: 227, 240: 228, 241: 229, 242: 230, 243: 231, 244: 232, 245: 233, 247: 234, 248: 235, 249: 236, 250: 237, 251: 238, 252: 239, 253: 240, 254: 241, 255: 242, 256: 243, 257: 244, 258: 245, 259: 246, 260: 247, 261: 248, 262: 249, 263: 250, 264: 251, 265: 252, 266: 253, 267: 254, 268: 255, 269: 256, 270: 257, 271: 258, 272: 259, 273: 260, 274: 261, 275: 262, 276: 263, 277: 264, 278: 265, 279: 266, 280: 267, 281: 268, 282: 269, 283: 270, 284: 271, 285: 272, 286: 273, 287: 274, 288: 275, 289: 276, 290: 277, 291: 278, 292: 279, 293: 280, 294: 281, 295: 282, 296: 283, 297: 284, 298: 285, 299: 286, 300: 287, 301: 288, 302: 289, 303: 290, 304: 291, 305: 292, 306: 293, 307: 294, 308: 295, 309: 296, 310: 297, 311: 298, 312: 299, 313: 300, 314: 301, 315: 302, 316: 303, 317: 304, 318: 305, 319: 306, 320: 307, 321: 308, 322: 309, 323: 310, 324: 311, 325: 312, 326: 313, 327: 314, 328: 315, 329: 316, 330: 317, 331: 318, 332: 319, 333: 320, 334: 321, 335: 322, 336: 323, 337: 324, 338: 325, 339: 326, 340: 327, 341: 328, 342: 329, 343: 330, 344: 331, 345: 332, 346: 333, 347: 334, 348: 335, 349: 336, 350: 337, 351: 338, 352: 339, 353: 340, 354: 341, 355: 342, 356: 343, 357: 344, 358: 345, 359: 346, 360: 347, 362: 348, 363: 349, 364: 350, 365: 351, 366: 352, 367: 353, 368: 354, 369: 355, 370: 356, 371: 357, 373: 358, 374: 359, 376: 360, 377: 361, 378: 362, 379: 363, 380: 364, 381: 365, 382: 366, 383: 367, 384: 368, 385: 369, 386: 370, 387: 371, 388: 372, 389: 373, 390: 374, 391: 375, 392: 376, 393: 377, 394: 378, 395: 379, 396: 380, 397: 381, 398: 382, 399: 383, 400: 384, 401: 385, 402: 386, 404: 387, 405: 388, 406: 389, 407: 390, 408: 391, 409: 392, 410: 393, 411: 394, 412: 395, 413: 396, 414: 397, 415: 398, 416: 399, 417: 400, 418: 401, 419: 402, 420: 403, 421: 404, 422: 405, 423: 406, 424: 407, 425: 408, 427: 409, 428: 410, 429: 411, 430: 412, 431: 413, 432: 414, 433: 415, 434: 416, 435: 417, 436: 418, 437: 419, 438: 420, 439: 421, 440: 422, 442: 423, 443: 424, 444: 425, 445: 426, 446: 427, 447: 428, 448: 429, 449: 430, 450: 431, 452: 432, 453: 433, 454: 434, 455: 435, 456: 436, 457: 437, 458: 438, 459: 439, 460: 440, 461: 441, 462: 442, 463: 443, 464: 444, 465: 445, 466: 446, 467: 447, 468: 448, 469: 449, 470: 450, 471: 451, 472: 452, 473: 453, 474: 454, 476: 455, 477: 456, 479: 457, 480: 458, 481: 459, 482: 460, 483: 461, 484: 462, 486: 463, 487: 464, 488: 465, 489: 466, 490: 467, 491: 468, 492: 469, 493: 470, 494: 471, 495: 472, 496: 473, 497: 474, 498: 475, 499: 476, 500: 477, 501: 478, 502: 479, 503: 480, 504: 481, 505: 482, 506: 483, 507: 484, 508: 485, 511: 486, 512: 487, 513: 488, 514: 489, 515: 490, 516: 491, 517: 492, 518: 493, 519: 494, 520: 495, 521: 496, 522: 497, 523: 498, 524: 499, 525: 500, 526: 501, 527: 502, 528: 503, 529: 504, 530: 505, 531: 506, 532: 507, 533: 508, 534: 509, 535: 510, 536: 511, 537: 512, 538: 513, 539: 514, 540: 515, 541: 516, 542: 517, 543: 518, 544: 519, 545: 520, 546: 521, 547: 522, 548: 523, 549: 524, 550: 525, 551: 526, 552: 527, 553: 528, 554: 529, 555: 530, 556: 531, 557: 532, 558: 533, 559: 534, 560: 535, 561: 536, 563: 537, 564: 538, 565: 539, 566: 540, 567: 541, 568: 542, 569: 543, 570: 544, 571: 545, 572: 546, 573: 547, 574: 548, 575: 549, 576: 550, 577: 551, 578: 552, 579: 553, 580: 554, 581: 555, 582: 556, 583: 557, 584: 558, 585: 559, 586: 560, 587: 561, 588: 562, 589: 563, 590: 564, 591: 565, 592: 566, 593: 567, 594: 568, 595: 569, 596: 570, 597: 571, 598: 572, 599: 573, 600: 574, 601: 575, 602: 576, 603: 577, 604: 578, 605: 579, 606: 580, 607: 581, 608: 582, 609: 583, 610: 584, 611: 585, 612: 586, 613: 587, 614: 588, 615: 589, 616: 590, 617: 591, 618: 592, 619: 593, 620: 594, 621: 595, 622: 596, 623: 597, 624: 598, 625: 599, 626: 600, 627: 601, 628: 602, 629: 603, 630: 604, 631: 605, 632: 606, 633: 607, 634: 608, 635: 609, 636: 610, 637: 611, 638: 612, 639: 613, 640: 614, 641: 615, 642: 616, 643: 617, 644: 618, 645: 619, 646: 620, 647: 621, 648: 622, 649: 623, 650: 624, 651: 625, 652: 626, 653: 627, 654: 628, 655: 629, 656: 630, 657: 631, 658: 632, 659: 633, 660: 634, 661: 635, 662: 636, 663: 637, 664: 638, 665: 639, 666: 640, 667: 641, 668: 642, 669: 643, 670: 644, 671: 645, 672: 646, 673: 647, 674: 648, 675: 649, 676: 650, 677: 651, 678: 652, 679: 653, 680: 654, 681: 655, 682: 656, 683: 657, 684: 658, 685: 659, 686: 660, 687: 661, 688: 662, 689: 663, 690: 664, 691: 665, 692: 666, 693: 667, 694: 668, 695: 669, 696: 670, 697: 671, 698: 672, 699: 673, 700: 674, 701: 675, 702: 676, 703: 677, 704: 678, 705: 679, 706: 680, 707: 681, 708: 682, 709: 683, 711: 684, 712: 685, 714: 686, 716: 687, 717: 688, 718: 689, 719: 690, 720: 691, 721: 692, 722: 693, 725: 694, 727: 695, 728: 696, 729: 697, 730: 698, 731: 699, 732: 700, 733: 701, 734: 702, 735: 703, 736: 704, 737: 705, 739: 706, 740: 707, 741: 708, 742: 709, 743: 710, 744: 711, 745: 712, 746: 713, 747: 714, 748: 715, 749: 716, 750: 717, 751: 718, 752: 719, 753: 720, 754: 721, 755: 722, 756: 723, 757: 724, 758: 725, 760: 726, 761: 727, 762: 728, 764: 729, 765: 730, 766: 731, 767: 732, 768: 733, 769: 734, 770: 735, 771: 736, 772: 737, 773: 738, 774: 739, 775: 740, 776: 741, 777: 742, 778: 743, 779: 744, 780: 745, 781: 746, 782: 747, 783: 748, 784: 749, 785: 750, 786: 751, 787: 752, 788: 753, 789: 754, 790: 755, 791: 756, 792: 757, 793: 758, 794: 759, 795: 760, 796: 761, 797: 762, 798: 763, 799: 764, 800: 765, 802: 766, 803: 767, 804: 768, 805: 769, 806: 770, 807: 771, 808: 772, 809: 773, 810: 774, 811: 775, 813: 776, 814: 777, 815: 778, 816: 779, 818: 780, 819: 781, 820: 782, 821: 783, 822: 784, 823: 785, 824: 786, 825: 787, 826: 788, 827: 789, 828: 790, 829: 791, 830: 792, 832: 793, 833: 794, 834: 795, 835: 796, 836: 797, 837: 798, 838: 799, 839: 800, 840: 801, 841: 802, 842: 803, 843: 804, 844: 805, 845: 806, 846: 807, 847: 808, 848: 809, 849: 810, 850: 811, 851: 812, 852: 813, 854: 814, 855: 815, 856: 816, 857: 817, 858: 818, 859: 819, 860: 820, 861: 821, 862: 822, 863: 823, 864: 824, 865: 825, 866: 826, 867: 827, 868: 828, 869: 829, 870: 830, 871: 831, 872: 832, 873: 833, 874: 834, 875: 835, 876: 836, 877: 837, 878: 838, 879: 839, 880: 840, 881: 841, 882: 842, 883: 843, 884: 844, 885: 845, 886: 846, 887: 847, 888: 848, 889: 849, 890: 850, 892: 851, 893: 852, 894: 853, 895: 854, 896: 855, 897: 856, 898: 857, 899: 858, 900: 859, 901: 860, 902: 861, 903: 862, 904: 863, 905: 864, 906: 865, 907: 866, 908: 867, 909: 868, 910: 869, 911: 870, 912: 871, 913: 872, 914: 873, 915: 874, 916: 875, 917: 876, 918: 877, 919: 878, 920: 879, 921: 880, 922: 881, 923: 882, 924: 883, 925: 884, 926: 885, 927: 886, 928: 887, 929: 888, 930: 889, 931: 890, 932: 891, 933: 892, 934: 893, 935: 894, 936: 895, 937: 896, 938: 897, 939: 898, 940: 899, 941: 900, 942: 901, 943: 902, 944: 903, 945: 904, 946: 905, 947: 906, 948: 907, 949: 908, 951: 909, 952: 910, 953: 911, 954: 912, 955: 913, 956: 914, 957: 915, 958: 916, 959: 917, 960: 918, 961: 919, 962: 920, 963: 921, 964: 922, 965: 923, 966: 924, 967: 925, 968: 926, 969: 927, 970: 928, 971: 929, 972: 930, 973: 931, 974: 932, 975: 933, 976: 934, 977: 935, 978: 936, 979: 937, 980: 938, 981: 939, 982: 940, 983: 941, 984: 942, 985: 943, 986: 944, 987: 945, 988: 946, 989: 947, 990: 948, 991: 949, 992: 950, 993: 951, 994: 952, 995: 953, 996: 954, 997: 955, 998: 956, 999: 957}
training set
4794
validating  set
375
Use GPU: 1 for training
when creating the model, the number of classes are
958
=> using pre-trained model 'alexnet_cdan'
the number of classes are 958
Adjusting learning rate of group 0 to 1.0000e-02.
----------------------------------------
training directory:/data/gpfs/datasets/Imagenet/train_blurred

validating directory:/data/gpfs/datasets/Imagenet/val_blurred

----------------------------------------
Dataset ImageFolder
    Number of datapoints: 1281066
    Root location: /data/gpfs/datasets/Imagenet/train_blurred
    StandardTransform
Transform: Compose(
               RandomHorizontalFlip(p=0.5)
               Resize(size=256, interpolation=bilinear, max_size=None, antialias=None)
               RandomResizedCrop(size=(227, 227), scale=(0.08, 1.0), ratio=(0.75, 1.3333), interpolation=bilinear)
               ToTensor()
               Normalize(mean=[0.485, 0.456, 0.406], std=[0.229, 0.224, 0.225])
           )
----------------------------------------
Dataset ImageFolder
    Number of datapoints: 49997
    Root location: /data/gpfs/datasets/Imagenet/val_blurred
    StandardTransform
Transform: Compose(
               RandomHorizontalFlip(p=0.5)
               Resize(size=256, interpolation=bilinear, max_size=None, antialias=None)
               RandomResizedCrop(size=(227, 227), scale=(0.08, 1.0), ratio=(0.75, 1.3333), interpolation=bilinear)
               ToTensor()
           )
----------------------------------------
            0                      1
0   n02791124           barber_chair
1   n02823428            beer_bottle
2   n02835271  bicycle-built-for-two
3   n02840245                 binder
4   n02870880               bookcase
5   n02877765              bottlecap
6   n02992529     cellular_telephone
7   n03018349          china_cabinet
8   n03063599             coffee_mug
9   n03085013      computer_keyboard
10  n03127747           crash_helmet
11  n03180011       desktop_computer
12  n03187595         dial_telephone
13  n03376595          folding_chair
14  n03379051        football_helmet
15  n03388183           fountain_pen
16  n03485407     hand-held_computer
17  n03637318              lampshade
18  n03642806                 laptop
19  n03691459            loudspeaker
20  n03742115         medicine_chest
21  n03759954             microphone
22  n03782006                monitor
23  n03785016                  moped
24  n03792782          mountain_bike
25  n03793489                  mouse
26  n03832673               notebook
27  n03902125              pay-phone
28  n03937543            pill_bottle
29  n03983396             pop_bottle
30  n04004767                printer
31  n04009552              projector
32  n04099969          rocking_chair
33  n04152593                 screen
34  n04286575              spotlight
35  n04380533             table_lamp
36  n04476259                   tray
37  n04505470    typewriter_keyboard
38  n04557648           water_bottle
39  n04591713            wine_bottle
40  n06596364             comic_book
41  n07930864                    cup
+---+---+---+---+---+---+---+---+---+---+---+---+---+---+---+---+---+---+---+---
958
42
+---+---+---+---+---+---+---+---+---+---+---+---+---+---+---+---+---+---+---+---
958
chosen_classes_labels_names
['n01440764', 'n01443537', 'n01484850', 'n01491361', 'n01494475', 'n01496331', 'n01498041', 'n01514668', 'n01514859', 'n01518878', 'n01530575', 'n01531178', 'n01532829', 'n01534433', 'n01537544', 'n01558993', 'n01560419', 'n01580077', 'n01582220', 'n01592084', 'n01601694', 'n01608432', 'n01614925', 'n01622779', 'n01629819', 'n01630670', 'n01631663', 'n01632458', 'n01632777', 'n01641577', 'n01644373', 'n01644900', 'n01664065', 'n01665541', 'n01667114', 'n01667778', 'n01669191', 'n01675722', 'n01677366', 'n01682714', 'n01687978', 'n01688243', 'n01689811', 'n01692333', 'n01693334', 'n01694178', 'n01695060', 'n01697457', 'n01698640', 'n01704323', 'n01728572', 'n01728920', 'n01729322', 'n01729977', 'n01734418', 'n01735189', 'n01737021', 'n01739381', 'n01740131', 'n01742172', 'n01744401', 'n01748264', 'n01751748', 'n01753488', 'n01755581', 'n01756291', 'n01768244', 'n01770081', 'n01770393', 'n01773157', 'n01773549', 'n01773797', 'n01774384', 'n01774750', 'n01775062', 'n01776313', 'n01784675', 'n01795545', 'n01796340', 'n01797886', 'n01798484', 'n01806143', 'n01806567', 'n01807496', 'n01817953', 'n01818515', 'n01819313', 'n01820546', 'n01824575', 'n01828970', 'n01829413', 'n01833805', 'n01843065', 'n01843383', 'n01847000', 'n01855032', 'n01855672', 'n01860187', 'n01872401', 'n01873310', 'n01877812', 'n01882714', 'n01883070', 'n01910747', 'n01914609', 'n01917289', 'n01924916', 'n01930112', 'n01943899', 'n01944390', 'n01945685', 'n01950731', 'n01955084', 'n01968897', 'n01978287', 'n01978455', 'n01980166', 'n01981276', 'n01983481', 'n01984695', 'n01985128', 'n01986214', 'n01990800', 'n02002556', 'n02002724', 'n02006656', 'n02007558', 'n02009229', 'n02009912', 'n02012849', 'n02013706', 'n02017213', 'n02018207', 'n02018795', 'n02025239', 'n02027492', 'n02028035', 'n02033041', 'n02037110', 'n02051845', 'n02056570', 'n02066245', 'n02071294', 'n02074367', 'n02077923', 'n02085620', 'n02085782', 'n02085936', 'n02086079', 'n02086240', 'n02086646', 'n02086910', 'n02087046', 'n02087394', 'n02088094', 'n02088238', 'n02088364', 'n02088466', 'n02088632', 'n02089078', 'n02089867', 'n02089973', 'n02090379', 'n02090721', 'n02091032', 'n02091134', 'n02091244', 'n02091467', 'n02091635', 'n02091831', 'n02092002', 'n02092339', 'n02093256', 'n02093428', 'n02093647', 'n02093754', 'n02093859', 'n02093991', 'n02094114', 'n02094258', 'n02095314', 'n02095570', 'n02095889', 'n02096051', 'n02096177', 'n02096294', 'n02096437', 'n02096585', 'n02097047', 'n02097130', 'n02097209', 'n02097298', 'n02097474', 'n02097658', 'n02098105', 'n02098286', 'n02098413', 'n02099429', 'n02099712', 'n02099849', 'n02100236', 'n02100583', 'n02100735', 'n02100877', 'n02101006', 'n02101388', 'n02101556', 'n02102040', 'n02102177', 'n02102318', 'n02102480', 'n02102973', 'n02104029', 'n02104365', 'n02105056', 'n02105162', 'n02105251', 'n02105505', 'n02105641', 'n02105855', 'n02106030', 'n02106166', 'n02106550', 'n02106662', 'n02107142', 'n02107312', 'n02107574', 'n02107683', 'n02107908', 'n02108000', 'n02108089', 'n02108422', 'n02108551', 'n02108915', 'n02109525', 'n02109961', 'n02110063', 'n02110185', 'n02110341', 'n02110627', 'n02110806', 'n02110958', 'n02111129', 'n02111277', 'n02111500', 'n02111889', 'n02112018', 'n02112137', 'n02112350', 'n02112706', 'n02113023', 'n02113186', 'n02113624', 'n02113712', 'n02113799', 'n02113978', 'n02114367', 'n02114548', 'n02114712', 'n02114855', 'n02115641', 'n02115913', 'n02116738', 'n02117135', 'n02119022', 'n02119789', 'n02120079', 'n02120505', 'n02123045', 'n02123159', 'n02123394', 'n02123597', 'n02124075', 'n02125311', 'n02127052', 'n02128385', 'n02128757', 'n02128925', 'n02129165', 'n02129604', 'n02130308', 'n02132136', 'n02133161', 'n02134084', 'n02134418', 'n02137549', 'n02138441', 'n02165105', 'n02165456', 'n02167151', 'n02168699', 'n02169497', 'n02172182', 'n02174001', 'n02177972', 'n02190166', 'n02206856', 'n02219486', 'n02226429', 'n02229544', 'n02231487', 'n02233338', 'n02236044', 'n02256656', 'n02259212', 'n02264363', 'n02268443', 'n02268853', 'n02276258', 'n02277742', 'n02279972', 'n02280649', 'n02281406', 'n02281787', 'n02317335', 'n02319095', 'n02321529', 'n02325366', 'n02326432', 'n02328150', 'n02342885', 'n02346627', 'n02356798', 'n02361337', 'n02363005', 'n02364673', 'n02389026', 'n02391049', 'n02395406', 'n02396427', 'n02397096', 'n02398521', 'n02403003', 'n02408429', 'n02410509', 'n02412080', 'n02415577', 'n02417914', 'n02422106', 'n02422699', 'n02423022', 'n02437312', 'n02437616', 'n02441942', 'n02442845', 'n02443114', 'n02443484', 'n02444819', 'n02447366', 'n02454379', 'n02457408', 'n02480495', 'n02480855', 'n02481823', 'n02483362', 'n02483708', 'n02484975', 'n02486261', 'n02487347', 'n02488291', 'n02489166', 'n02490219', 'n02492035', 'n02492660', 'n02493509', 'n02493793', 'n02494079', 'n02497673', 'n02500267', 'n02504013', 'n02504458', 'n02509815', 'n02510455', 'n02514041', 'n02526121', 'n02536864', 'n02606052', 'n02607072', 'n02640242', 'n02641379', 'n02643566', 'n02655020', 'n02666196', 'n02667093', 'n02669723', 'n02672831', 'n02676566', 'n02690373', 'n02692877', 'n02699494', 'n02701002', 'n02704792', 'n02708093', 'n02727426', 'n02730930', 'n02747177', 'n02749479', 'n02769748', 'n02776631', 'n02777292', 'n02782093', 'n02783161', 'n02786058', 'n02787622', 'n02788148', 'n02790996', 'n02791124', 'n02791270', 'n02793495', 'n02795169', 'n02797295', 'n02799071', 'n02802426', 'n02804414', 'n02804610', 'n02807133', 'n02808304', 'n02808440', 'n02814533', 'n02814860', 'n02815834', 'n02817516', 'n02823428', 'n02825657', 'n02834397', 'n02835271', 'n02837789', 'n02840245', 'n02841315', 'n02843684', 'n02859443', 'n02860847', 'n02869837', 'n02870880', 'n02871525', 'n02877765', 'n02879718', 'n02883205', 'n02892201', 'n02892767', 'n02894605', 'n02895154', 'n02906734', 'n02909870', 'n02910353', 'n02916936', 'n02917067', 'n02927161', 'n02930766', 'n02939185', 'n02948072', 'n02950826', 'n02951358', 'n02951585', 'n02963159', 'n02966193', 'n02966687', 'n02974003', 'n02977058', 'n02978881', 'n02979186', 'n02980441', 'n02981792', 'n02992211', 'n02992529', 'n02999410', 'n03000134', 'n03000247', 'n03000684', 'n03014705', 'n03016953', 'n03017168', 'n03018349', 'n03026506', 'n03028079', 'n03032252', 'n03041632', 'n03042490', 'n03045698', 'n03047690', 'n03062245', 'n03063599', 'n03063689', 'n03065424', 'n03075370', 'n03085013', 'n03100240', 'n03109150', 'n03110669', 'n03124043', 'n03124170', 'n03125729', 'n03126707', 'n03127747', 'n03127925', 'n03131574', 'n03133878', 'n03134739', 'n03141823', 'n03146219', 'n03160309', 'n03179701', 'n03180011', 'n03187595', 'n03188531', 'n03196217', 'n03197337', 'n03201208', 'n03207743', 'n03207941', 'n03208938', 'n03216828', 'n03218198', 'n03220513', 'n03223299', 'n03240683', 'n03249569', 'n03250847', 'n03255030', 'n03259280', 'n03271574', 'n03272010', 'n03272562', 'n03290653', 'n03291819', 'n03297495', 'n03314780', 'n03325584', 'n03337140', 'n03344393', 'n03345487', 'n03347037', 'n03355925', 'n03372029', 'n03376595', 'n03379051', 'n03384352', 'n03388183', 'n03388549', 'n03393912', 'n03394916', 'n03400231', 'n03404251', 'n03417042', 'n03424325', 'n03425413', 'n03443371', 'n03444034', 'n03445777', 'n03445924', 'n03447447', 'n03447721', 'n03450230', 'n03452741', 'n03457902', 'n03459775', 'n03461385', 'n03467068', 'n03476684', 'n03476991', 'n03478589', 'n03481172', 'n03482405', 'n03483316', 'n03485407', 'n03485794', 'n03492542', 'n03494278', 'n03495258', 'n03496892', 'n03498962', 'n03527444', 'n03529860', 'n03530642', 'n03532672', 'n03534580', 'n03535780', 'n03538406', 'n03544143', 'n03584254', 'n03584829', 'n03590841', 'n03594734', 'n03594945', 'n03595614', 'n03598930', 'n03599486', 'n03602883', 'n03617480', 'n03623198', 'n03627232', 'n03630383', 'n03633091', 'n03637318', 'n03642806', 'n03649909', 'n03657121', 'n03658185', 'n03661043', 'n03662601', 'n03666591', 'n03670208', 'n03673027', 'n03676483', 'n03680355', 'n03690938', 'n03691459', 'n03692522', 'n03697007', 'n03706229', 'n03709823', 'n03710193', 'n03710637', 'n03710721', 'n03717622', 'n03720891', 'n03721384', 'n03724870', 'n03729826', 'n03733131', 'n03733281', 'n03733805', 'n03742115', 'n03743016', 'n03759954', 'n03761084', 'n03763968', 'n03764736', 'n03769881', 'n03770439', 'n03770679', 'n03773504', 'n03775071', 'n03775546', 'n03776460', 'n03777568', 'n03777754', 'n03781244', 'n03782006', 'n03785016', 'n03786901', 'n03787032', 'n03788195', 'n03788365', 'n03791053', 'n03792782', 'n03792972', 'n03793489', 'n03794056', 'n03796401', 'n03803284', 'n03804744', 'n03814639', 'n03814906', 'n03825788', 'n03832673', 'n03837869', 'n03838899', 'n03840681', 'n03841143', 'n03843555', 'n03854065', 'n03857828', 'n03866082', 'n03868242', 'n03868863', 'n03871628', 'n03873416', 'n03874293', 'n03874599', 'n03876231', 'n03877472', 'n03877845', 'n03884397', 'n03887697', 'n03888257', 'n03888605', 'n03891251', 'n03891332', 'n03895866', 'n03899768', 'n03902125', 'n03903868', 'n03908618', 'n03916031', 'n03920288', 'n03929660', 'n03930313', 'n03930630', 'n03933933', 'n03935335', 'n03937543', 'n03938244', 'n03942813', 'n03950228', 'n03956157', 'n03958227', 'n03961711', 'n03967562', 'n03970156', 'n03976467', 'n03976657', 'n03977966', 'n03980874', 'n03982430', 'n03983396', 'n03992509', 'n03995372', 'n03998194', 'n04004767', 'n04005630', 'n04008634', 'n04009552', 'n04019541', 'n04023962', 'n04026417', 'n04033901', 'n04033995', 'n04037443', 'n04039381', 'n04040759', 'n04041544', 'n04044716', 'n04049303', 'n04065272', 'n04067472', 'n04070727', 'n04074963', 'n04081281', 'n04090263', 'n04099969', 'n04111531', 'n04116512', 'n04118538', 'n04118776', 'n04120489', 'n04125021', 'n04127249', 'n04131690', 'n04133789', 'n04136333', 'n04141076', 'n04141327', 'n04141975', 'n04146614', 'n04147183', 'n04149813', 'n04152593', 'n04153751', 'n04154565', 'n04162706', 'n04179913', 'n04192698', 'n04200800', 'n04201297', 'n04204238', 'n04204347', 'n04208210', 'n04209133', 'n04209239', 'n04228054', 'n04229816', 'n04235860', 'n04238763', 'n04239074', 'n04243546', 'n04252077', 'n04252225', 'n04254120', 'n04254680', 'n04254777', 'n04258138', 'n04259630', 'n04263257', 'n04264628', 'n04265275', 'n04270147', 'n04273569', 'n04275548', 'n04277352', 'n04286575', 'n04296562', 'n04310018', 'n04311004', 'n04311174', 'n04317175', 'n04325704', 'n04326547', 'n04328186', 'n04330267', 'n04332243', 'n04335435', 'n04336792', 'n04346328', 'n04347754', 'n04350905', 'n04355338', 'n04355933', 'n04356056', 'n04357314', 'n04366367', 'n04367480', 'n04370456', 'n04371430', 'n04371774', 'n04372370', 'n04376876', 'n04380533', 'n04389033', 'n04392985', 'n04398044', 'n04399382', 'n04404412', 'n04409515', 'n04418357', 'n04423845', 'n04428191', 'n04429376', 'n04435653', 'n04442312', 'n04443257', 'n04447861', 'n04456115', 'n04458633', 'n04461696', 'n04462240', 'n04465501', 'n04467665', 'n04476259', 'n04479046', 'n04482393', 'n04483307', 'n04485082', 'n04486054', 'n04487081', 'n04487394', 'n04493381', 'n04501370', 'n04505470', 'n04507155', 'n04509417', 'n04515003', 'n04517823', 'n04522168', 'n04523525', 'n04525038', 'n04525305', 'n04532106', 'n04532670', 'n04536866', 'n04540053', 'n04548280', 'n04548362', 'n04550184', 'n04552348', 'n04553703', 'n04554684', 'n04557648', 'n04560804', 'n04562935', 'n04579145', 'n04579432', 'n04584207', 'n04589890', 'n04590129', 'n04591157', 'n04591713', 'n04592741', 'n04596742', 'n04597913', 'n04599235', 'n04604644', 'n04606251', 'n04612504', 'n04613696', 'n06359193', 'n06596364', 'n06785654', 'n06794110', 'n06874185', 'n07248320', 'n07565083', 'n07579787', 'n07583066', 'n07584110', 'n07590611', 'n07613480', 'n07614500', 'n07615774', 'n07684084', 'n07693725', 'n07695742', 'n07697313', 'n07697537', 'n07711569', 'n07714571', 'n07714990', 'n07715103', 'n07716358', 'n07716906', 'n07717410', 'n07717556', 'n07718472', 'n07718747', 'n07720875', 'n07730033', 'n07734744', 'n07742313', 'n07745940', 'n07749582', 'n07753113', 'n07753275', 'n07753592', 'n07754684', 'n07760859', 'n07768694', 'n07802026', 'n07831146', 'n07836838', 'n07860988', 'n07871810', 'n07873807', 'n07875152', 'n07880968', 'n07892512', 'n07920052', 'n07930864', 'n07932039', 'n09193705', 'n09229709', 'n09246464', 'n09256479', 'n09288635', 'n09332890', 'n09399592', 'n09421951', 'n09428293', 'n09468604', 'n09472597', 'n09835506', 'n10148035', 'n10565667', 'n11879895', 'n11939491', 'n12057211', 'n12144580', 'n12267677', 'n12620546', 'n12768682', 'n12985857', 'n12998815', 'n13037406', 'n13040303', 'n13044778', 'n13052670', 'n13054560', 'n13133613', 'n15075141']
            0
0   n04344873
1   n02823750
2   n03924679
3   n04266014
4   n01871265
5   n02687172
6   n02445715
7   n01749939
8   n02988304
9   n02090622
10  n03388043
11  n02865351
12  n02011460
13  n02105412
14  n03929855
15  n02109047
16  n02486410
17  n03947888
18  n03095699
19  n02099601
20  n03954731
21  n03908714
22  n02488702
23  n02106382
24  n04417672
25  n02965783
26  n02094433
27  n01685808
28  n03944341
29  n04251144
30  n03089624
31  n02058221
32  n02971356
33  n04086273
34  n04069434
35  n02794156
36  n03991062
37  n07747607
38  n02099267
39  n01616318
40  n04285008
41  n04542943
1227158
train_datast length is 1227158
47897
valid_dataset length is 47897
{0: 0, 1: 1, 2: 2, 3: 3, 4: 4, 5: 5, 6: 6, 7: 7, 8: 8, 9: 9, 10: 10, 11: 11, 12: 12, 13: 13, 14: 14, 15: 15, 16: 16, 17: 17, 18: 18, 19: 19, 20: 20, 21: 21, 22: 22, 24: 23, 25: 24, 26: 25, 27: 26, 28: 27, 29: 28, 30: 29, 31: 30, 32: 31, 33: 32, 34: 33, 35: 34, 36: 35, 37: 36, 38: 37, 39: 38, 40: 39, 42: 40, 43: 41, 44: 42, 45: 43, 46: 44, 47: 45, 48: 46, 49: 47, 50: 48, 51: 49, 52: 50, 53: 51, 54: 52, 55: 53, 56: 54, 57: 55, 58: 56, 59: 57, 60: 58, 61: 59, 62: 60, 63: 61, 65: 62, 66: 63, 67: 64, 68: 65, 69: 66, 70: 67, 71: 68, 72: 69, 73: 70, 74: 71, 75: 72, 76: 73, 77: 74, 78: 75, 79: 76, 80: 77, 81: 78, 82: 79, 83: 80, 84: 81, 85: 82, 86: 83, 87: 84, 88: 85, 89: 86, 90: 87, 91: 88, 92: 89, 93: 90, 94: 91, 95: 92, 96: 93, 97: 94, 98: 95, 99: 96, 100: 97, 102: 98, 103: 99, 104: 100, 105: 101, 106: 102, 107: 103, 108: 104, 109: 105, 110: 106, 111: 107, 112: 108, 113: 109, 114: 110, 115: 111, 116: 112, 117: 113, 118: 114, 119: 115, 120: 116, 121: 117, 122: 118, 123: 119, 124: 120, 125: 121, 126: 122, 127: 123, 128: 124, 129: 125, 130: 126, 131: 127, 132: 128, 134: 129, 135: 130, 136: 131, 137: 132, 138: 133, 139: 134, 140: 135, 141: 136, 142: 137, 143: 138, 144: 139, 145: 140, 147: 141, 148: 142, 149: 143, 150: 144, 151: 145, 152: 146, 153: 147, 154: 148, 155: 149, 156: 150, 157: 151, 158: 152, 159: 153, 160: 154, 161: 155, 162: 156, 163: 157, 164: 158, 165: 159, 166: 160, 167: 161, 168: 162, 170: 163, 171: 164, 172: 165, 173: 166, 174: 167, 175: 168, 176: 169, 177: 170, 178: 171, 179: 172, 180: 173, 181: 174, 182: 175, 183: 176, 184: 177, 185: 178, 186: 179, 188: 180, 189: 181, 190: 182, 191: 183, 192: 184, 193: 185, 194: 186, 195: 187, 196: 188, 197: 189, 198: 190, 199: 191, 200: 192, 201: 193, 202: 194, 203: 195, 204: 196, 206: 197, 208: 198, 209: 199, 210: 200, 211: 201, 212: 202, 213: 203, 214: 204, 215: 205, 216: 206, 217: 207, 218: 208, 219: 209, 220: 210, 221: 211, 222: 212, 223: 213, 224: 214, 225: 215, 226: 216, 228: 217, 229: 218, 230: 219, 231: 220, 232: 221, 234: 222, 235: 223, 236: 224, 237: 225, 238: 226, 239: 227, 240: 228, 241: 229, 242: 230, 243: 231, 244: 232, 245: 233, 247: 234, 248: 235, 249: 236, 250: 237, 251: 238, 252: 239, 253: 240, 254: 241, 255: 242, 256: 243, 257: 244, 258: 245, 259: 246, 260: 247, 261: 248, 262: 249, 263: 250, 264: 251, 265: 252, 266: 253, 267: 254, 268: 255, 269: 256, 270: 257, 271: 258, 272: 259, 273: 260, 274: 261, 275: 262, 276: 263, 277: 264, 278: 265, 279: 266, 280: 267, 281: 268, 282: 269, 283: 270, 284: 271, 285: 272, 286: 273, 287: 274, 288: 275, 289: 276, 290: 277, 291: 278, 292: 279, 293: 280, 294: 281, 295: 282, 296: 283, 297: 284, 298: 285, 299: 286, 300: 287, 301: 288, 302: 289, 303: 290, 304: 291, 305: 292, 306: 293, 307: 294, 308: 295, 309: 296, 310: 297, 311: 298, 312: 299, 313: 300, 314: 301, 315: 302, 316: 303, 317: 304, 318: 305, 319: 306, 320: 307, 321: 308, 322: 309, 323: 310, 324: 311, 325: 312, 326: 313, 327: 314, 328: 315, 329: 316, 330: 317, 331: 318, 332: 319, 333: 320, 334: 321, 335: 322, 336: 323, 337: 324, 338: 325, 339: 326, 340: 327, 341: 328, 342: 329, 343: 330, 344: 331, 345: 332, 346: 333, 347: 334, 348: 335, 349: 336, 350: 337, 351: 338, 352: 339, 353: 340, 354: 341, 355: 342, 356: 343, 357: 344, 358: 345, 359: 346, 360: 347, 362: 348, 363: 349, 364: 350, 365: 351, 366: 352, 367: 353, 368: 354, 369: 355, 370: 356, 371: 357, 373: 358, 374: 359, 376: 360, 377: 361, 378: 362, 379: 363, 380: 364, 381: 365, 382: 366, 383: 367, 384: 368, 385: 369, 386: 370, 387: 371, 388: 372, 389: 373, 390: 374, 391: 375, 392: 376, 393: 377, 394: 378, 395: 379, 396: 380, 397: 381, 398: 382, 399: 383, 400: 384, 401: 385, 402: 386, 404: 387, 405: 388, 406: 389, 407: 390, 408: 391, 409: 392, 410: 393, 411: 394, 412: 395, 413: 396, 414: 397, 415: 398, 416: 399, 417: 400, 418: 401, 419: 402, 420: 403, 421: 404, 422: 405, 423: 406, 424: 407, 425: 408, 427: 409, 428: 410, 429: 411, 430: 412, 431: 413, 432: 414, 433: 415, 434: 416, 435: 417, 436: 418, 437: 419, 438: 420, 439: 421, 440: 422, 442: 423, 443: 424, 444: 425, 445: 426, 446: 427, 447: 428, 448: 429, 449: 430, 450: 431, 452: 432, 453: 433, 454: 434, 455: 435, 456: 436, 457: 437, 458: 438, 459: 439, 460: 440, 461: 441, 462: 442, 463: 443, 464: 444, 465: 445, 466: 446, 467: 447, 468: 448, 469: 449, 470: 450, 471: 451, 472: 452, 473: 453, 474: 454, 476: 455, 477: 456, 479: 457, 480: 458, 481: 459, 482: 460, 483: 461, 484: 462, 486: 463, 487: 464, 488: 465, 489: 466, 490: 467, 491: 468, 492: 469, 493: 470, 494: 471, 495: 472, 496: 473, 497: 474, 498: 475, 499: 476, 500: 477, 501: 478, 502: 479, 503: 480, 504: 481, 505: 482, 506: 483, 507: 484, 508: 485, 511: 486, 512: 487, 513: 488, 514: 489, 515: 490, 516: 491, 517: 492, 518: 493, 519: 494, 520: 495, 521: 496, 522: 497, 523: 498, 524: 499, 525: 500, 526: 501, 527: 502, 528: 503, 529: 504, 530: 505, 531: 506, 532: 507, 533: 508, 534: 509, 535: 510, 536: 511, 537: 512, 538: 513, 539: 514, 540: 515, 541: 516, 542: 517, 543: 518, 544: 519, 545: 520, 546: 521, 547: 522, 548: 523, 549: 524, 550: 525, 551: 526, 552: 527, 553: 528, 554: 529, 555: 530, 556: 531, 557: 532, 558: 533, 559: 534, 560: 535, 561: 536, 563: 537, 564: 538, 565: 539, 566: 540, 567: 541, 568: 542, 569: 543, 570: 544, 571: 545, 572: 546, 573: 547, 574: 548, 575: 549, 576: 550, 577: 551, 578: 552, 579: 553, 580: 554, 581: 555, 582: 556, 583: 557, 584: 558, 585: 559, 586: 560, 587: 561, 588: 562, 589: 563, 590: 564, 591: 565, 592: 566, 593: 567, 594: 568, 595: 569, 596: 570, 597: 571, 598: 572, 599: 573, 600: 574, 601: 575, 602: 576, 603: 577, 604: 578, 605: 579, 606: 580, 607: 581, 608: 582, 609: 583, 610: 584, 611: 585, 612: 586, 613: 587, 614: 588, 615: 589, 616: 590, 617: 591, 618: 592, 619: 593, 620: 594, 621: 595, 622: 596, 623: 597, 624: 598, 625: 599, 626: 600, 627: 601, 628: 602, 629: 603, 630: 604, 631: 605, 632: 606, 633: 607, 634: 608, 635: 609, 636: 610, 637: 611, 638: 612, 639: 613, 640: 614, 641: 615, 642: 616, 643: 617, 644: 618, 645: 619, 646: 620, 647: 621, 648: 622, 649: 623, 650: 624, 651: 625, 652: 626, 653: 627, 654: 628, 655: 629, 656: 630, 657: 631, 658: 632, 659: 633, 660: 634, 661: 635, 662: 636, 663: 637, 664: 638, 665: 639, 666: 640, 667: 641, 668: 642, 669: 643, 670: 644, 671: 645, 672: 646, 673: 647, 674: 648, 675: 649, 676: 650, 677: 651, 678: 652, 679: 653, 680: 654, 681: 655, 682: 656, 683: 657, 684: 658, 685: 659, 686: 660, 687: 661, 688: 662, 689: 663, 690: 664, 691: 665, 692: 666, 693: 667, 694: 668, 695: 669, 696: 670, 697: 671, 698: 672, 699: 673, 700: 674, 701: 675, 702: 676, 703: 677, 704: 678, 705: 679, 706: 680, 707: 681, 708: 682, 709: 683, 711: 684, 712: 685, 714: 686, 716: 687, 717: 688, 718: 689, 719: 690, 720: 691, 721: 692, 722: 693, 725: 694, 727: 695, 728: 696, 729: 697, 730: 698, 731: 699, 732: 700, 733: 701, 734: 702, 735: 703, 736: 704, 737: 705, 739: 706, 740: 707, 741: 708, 742: 709, 743: 710, 744: 711, 745: 712, 746: 713, 747: 714, 748: 715, 749: 716, 750: 717, 751: 718, 752: 719, 753: 720, 754: 721, 755: 722, 756: 723, 757: 724, 758: 725, 760: 726, 761: 727, 762: 728, 764: 729, 765: 730, 766: 731, 767: 732, 768: 733, 769: 734, 770: 735, 771: 736, 772: 737, 773: 738, 774: 739, 775: 740, 776: 741, 777: 742, 778: 743, 779: 744, 780: 745, 781: 746, 782: 747, 783: 748, 784: 749, 785: 750, 786: 751, 787: 752, 788: 753, 789: 754, 790: 755, 791: 756, 792: 757, 793: 758, 794: 759, 795: 760, 796: 761, 797: 762, 798: 763, 799: 764, 800: 765, 802: 766, 803: 767, 804: 768, 805: 769, 806: 770, 807: 771, 808: 772, 809: 773, 810: 774, 811: 775, 813: 776, 814: 777, 815: 778, 816: 779, 818: 780, 819: 781, 820: 782, 821: 783, 822: 784, 823: 785, 824: 786, 825: 787, 826: 788, 827: 789, 828: 790, 829: 791, 830: 792, 832: 793, 833: 794, 834: 795, 835: 796, 836: 797, 837: 798, 838: 799, 839: 800, 840: 801, 841: 802, 842: 803, 843: 804, 844: 805, 845: 806, 846: 807, 847: 808, 848: 809, 849: 810, 850: 811, 851: 812, 852: 813, 854: 814, 855: 815, 856: 816, 857: 817, 858: 818, 859: 819, 860: 820, 861: 821, 862: 822, 863: 823, 864: 824, 865: 825, 866: 826, 867: 827, 868: 828, 869: 829, 870: 830, 871: 831, 872: 832, 873: 833, 874: 834, 875: 835, 876: 836, 877: 837, 878: 838, 879: 839, 880: 840, 881: 841, 882: 842, 883: 843, 884: 844, 885: 845, 886: 846, 887: 847, 888: 848, 889: 849, 890: 850, 892: 851, 893: 852, 894: 853, 895: 854, 896: 855, 897: 856, 898: 857, 899: 858, 900: 859, 901: 860, 902: 861, 903: 862, 904: 863, 905: 864, 906: 865, 907: 866, 908: 867, 909: 868, 910: 869, 911: 870, 912: 871, 913: 872, 914: 873, 915: 874, 916: 875, 917: 876, 918: 877, 919: 878, 920: 879, 921: 880, 922: 881, 923: 882, 924: 883, 925: 884, 926: 885, 927: 886, 928: 887, 929: 888, 930: 889, 931: 890, 932: 891, 933: 892, 934: 893, 935: 894, 936: 895, 937: 896, 938: 897, 939: 898, 940: 899, 941: 900, 942: 901, 943: 902, 944: 903, 945: 904, 946: 905, 947: 906, 948: 907, 949: 908, 951: 909, 952: 910, 953: 911, 954: 912, 955: 913, 956: 914, 957: 915, 958: 916, 959: 917, 960: 918, 961: 919, 962: 920, 963: 921, 964: 922, 965: 923, 966: 924, 967: 925, 968: 926, 969: 927, 970: 928, 971: 929, 972: 930, 973: 931, 974: 932, 975: 933, 976: 934, 977: 935, 978: 936, 979: 937, 980: 938, 981: 939, 982: 940, 983: 941, 984: 942, 985: 943, 986: 944, 987: 945, 988: 946, 989: 947, 990: 948, 991: 949, 992: 950, 993: 951, 994: 952, 995: 953, 996: 954, 997: 955, 998: 956, 999: 957}
training set
4794
validating  set
375
Epoch: [0][   0/4794]	Time 19.309 (19.309)	Data 18.294 (18.294)	Loss 6.8654e+00 (6.8654e+00)	Acc@1   0.00 (  0.00)	Acc@5   0.00 (  0.00)
Epoch: [0][ 200/4794]	Time  1.573 ( 0.653)	Data  1.520 ( 0.462)	Loss 6.8644e+00 (6.8649e+00)	Acc@1   0.00 (  0.12)	Acc@5   0.78 (  0.58)
Epoch: [0][ 400/4794]	Time  1.764 ( 0.585)	Data  1.710 ( 0.333)	Loss 6.8653e+00 (6.8647e+00)	Acc@1   0.00 (  0.11)	Acc@5   0.00 (  0.52)
Epoch: [0][ 600/4794]	Time  0.139 ( 0.552)	Data  0.000 ( 0.291)	Loss 6.8634e+00 (6.8646e+00)	Acc@1   0.00 (  0.10)	Acc@5   0.78 (  0.53)
Epoch: [0][ 800/4794]	Time  0.139 ( 0.523)	Data  0.000 ( 0.252)	Loss 6.8595e+00 (6.8644e+00)	Acc@1   0.00 (  0.12)	Acc@5   0.00 (  0.54)
Epoch: [0][1000/4794]	Time  1.015 ( 0.503)	Data  0.158 ( 0.257)	Loss 6.8641e+00 (6.8641e+00)	Acc@1   0.00 (  0.11)	Acc@5   0.78 (  0.54)
Epoch: [0][1200/4794]	Time  0.685 ( 0.490)	Data  0.000 ( 0.225)	Loss 6.8526e+00 (6.8627e+00)	Acc@1   0.00 (  0.12)	Acc@5   0.00 (  0.56)
Epoch: [0][1400/4794]	Time  0.151 ( 0.479)	Data  0.000 ( 0.231)	Loss 6.8597e+00 (6.8580e+00)	Acc@1   0.00 (  0.12)	Acc@5   0.00 (  0.57)
Epoch: [0][1600/4794]	Time  0.139 ( 0.470)	Data  0.000 ( 0.235)	Loss 6.8409e+00 (6.8524e+00)	Acc@1   0.00 (  0.12)	Acc@5   0.00 (  0.60)
Epoch: [0][1800/4794]	Time  0.525 ( 0.465)	Data  0.464 ( 0.221)	Loss 6.7679e+00 (6.8465e+00)	Acc@1   0.78 (  0.13)	Acc@5   1.56 (  0.63)
Epoch: [0][2000/4794]	Time  0.990 ( 0.459)	Data  0.936 ( 0.220)	Loss 6.7217e+00 (6.8400e+00)	Acc@1   0.00 (  0.14)	Acc@5   0.78 (  0.66)
Epoch: [0][2200/4794]	Time  1.248 ( 0.454)	Data  1.191 ( 0.219)	Loss 6.6780e+00 (6.8306e+00)	Acc@1   1.56 (  0.15)	Acc@5   3.12 (  0.70)
Epoch: [0][2400/4794]	Time  0.145 ( 0.452)	Data  0.000 ( 0.202)	Loss 6.5876e+00 (6.8212e+00)	Acc@1   1.56 (  0.16)	Acc@5   2.34 (  0.75)
Epoch: [0][2600/4794]	Time  0.899 ( 0.449)	Data  0.840 ( 0.192)	Loss 6.5959e+00 (6.8090e+00)	Acc@1   0.78 (  0.18)	Acc@5   0.78 (  0.81)
Epoch: [0][2800/4794]	Time  0.177 ( 0.447)	Data  0.119 ( 0.188)	Loss 6.4674e+00 (6.7919e+00)	Acc@1   0.78 (  0.21)	Acc@5   3.91 (  0.92)
Epoch: [0][3000/4794]	Time  0.142 ( 0.445)	Data  0.000 ( 0.181)	Loss 6.5934e+00 (6.7723e+00)	Acc@1   0.00 (  0.23)	Acc@5   0.78 (  1.03)
Epoch: [0][3200/4794]	Time  1.226 ( 0.443)	Data  0.406 ( 0.179)	Loss 6.3600e+00 (6.7510e+00)	Acc@1   1.56 (  0.26)	Acc@5   2.34 (  1.18)
Epoch: [0][3400/4794]	Time  1.153 ( 0.441)	Data  0.000 ( 0.178)	Loss 6.1976e+00 (6.7287e+00)	Acc@1   1.56 (  0.31)	Acc@5   4.69 (  1.33)
Epoch: [0][3600/4794]	Time  1.267 ( 0.441)	Data  0.000 ( 0.168)	Loss 6.2919e+00 (6.7064e+00)	Acc@1   0.78 (  0.35)	Acc@5   7.81 (  1.50)
Epoch: [0][3800/4794]	Time  0.186 ( 0.440)	Data  0.133 ( 0.167)	Loss 6.2645e+00 (6.6834e+00)	Acc@1   2.34 (  0.39)	Acc@5   6.25 (  1.67)
Epoch: [0][4000/4794]	Time  0.157 ( 0.439)	Data  0.000 ( 0.170)	Loss 6.1094e+00 (6.6589e+00)	Acc@1   2.34 (  0.44)	Acc@5   7.81 (  1.85)
Epoch: [0][4200/4794]	Time  0.133 ( 0.438)	Data  0.000 ( 0.166)	Loss 6.0778e+00 (6.6344e+00)	Acc@1   0.00 (  0.48)	Acc@5   1.56 (  2.03)
Epoch: [0][4400/4794]	Time  0.182 ( 0.436)	Data  0.120 ( 0.169)	Loss 6.0804e+00 (6.6102e+00)	Acc@1   2.34 (  0.53)	Acc@5   7.03 (  2.22)
Epoch: [0][4600/4794]	Time  0.140 ( 0.434)	Data  0.064 ( 0.172)	Loss 6.0745e+00 (6.5864e+00)	Acc@1   0.78 (  0.59)	Acc@5   8.59 (  2.41)
Epoch: [0][   0/4794]	Time 19.142 (19.142)	Data 17.748 (17.748)	Loss 6.8648e+00 (6.8648e+00)	Acc@1   0.00 (  0.00)	Acc@5   0.78 (  0.78)
Epoch: [0][ 200/4794]	Time  0.832 ( 0.649)	Data  0.777 ( 0.394)	Loss 6.8651e+00 (6.8648e+00)	Acc@1   0.00 (  0.07)	Acc@5   0.78 (  0.48)
Epoch: [0][ 400/4794]	Time  1.764 ( 0.585)	Data  1.711 ( 0.370)	Loss 6.8646e+00 (6.8648e+00)	Acc@1   0.00 (  0.09)	Acc@5   0.00 (  0.51)
Epoch: [0][ 600/4794]	Time  0.139 ( 0.552)	Data  0.000 ( 0.342)	Loss 6.8635e+00 (6.8647e+00)	Acc@1   0.00 (  0.11)	Acc@5   0.00 (  0.54)
Epoch: [0][ 800/4794]	Time  0.161 ( 0.523)	Data  0.000 ( 0.323)	Loss 6.8670e+00 (6.8645e+00)	Acc@1   0.00 (  0.10)	Acc@5   0.00 (  0.54)
Epoch: [0][1000/4794]	Time  0.139 ( 0.503)	Data  0.000 ( 0.289)	Loss 6.8623e+00 (6.8641e+00)	Acc@1   0.00 (  0.11)	Acc@5   0.00 (  0.54)
Epoch: [0][1200/4794]	Time  0.144 ( 0.490)	Data  0.000 ( 0.291)	Loss 6.8342e+00 (6.8627e+00)	Acc@1   0.00 (  0.11)	Acc@5   0.78 (  0.55)
Epoch: [0][1400/4794]	Time  0.188 ( 0.478)	Data  0.036 ( 0.282)	Loss 6.7846e+00 (6.8577e+00)	Acc@1   0.78 (  0.12)	Acc@5   0.78 (  0.57)
Epoch: [0][1600/4794]	Time  0.147 ( 0.470)	Data  0.001 ( 0.272)	Loss 6.8050e+00 (6.8527e+00)	Acc@1   0.00 (  0.12)	Acc@5   0.00 (  0.61)
Epoch: [0][1800/4794]	Time  0.966 ( 0.465)	Data  0.896 ( 0.267)	Loss 6.7508e+00 (6.8471e+00)	Acc@1   0.00 (  0.13)	Acc@5   0.78 (  0.64)
Epoch: [0][2000/4794]	Time  1.267 ( 0.459)	Data  1.213 ( 0.268)	Loss 6.7207e+00 (6.8409e+00)	Acc@1   0.78 (  0.14)	Acc@5   3.12 (  0.68)
Epoch: [0][2200/4794]	Time  0.150 ( 0.454)	Data  0.000 ( 0.268)	Loss 6.7449e+00 (6.8320e+00)	Acc@1   0.00 (  0.15)	Acc@5   1.56 (  0.71)
Epoch: [0][2400/4794]	Time  0.140 ( 0.452)	Data  0.000 ( 0.271)	Loss 6.7497e+00 (6.8215e+00)	Acc@1   0.00 (  0.16)	Acc@5   0.00 (  0.76)
Epoch: [0][2600/4794]	Time  0.140 ( 0.449)	Data  0.000 ( 0.271)	Loss 6.5513e+00 (6.8090e+00)	Acc@1   0.00 (  0.18)	Acc@5   0.78 (  0.82)
Epoch: [0][2800/4794]	Time  0.154 ( 0.447)	Data  0.000 ( 0.268)	Loss 6.4689e+00 (6.7921e+00)	Acc@1   0.78 (  0.20)	Acc@5   3.12 (  0.92)
Epoch: [0][3000/4794]	Time  0.140 ( 0.445)	Data  0.000 ( 0.270)	Loss 6.4098e+00 (6.7722e+00)	Acc@1   0.78 (  0.23)	Acc@5   3.91 (  1.04)
Epoch: [0][3200/4794]	Time  0.167 ( 0.443)	Data  0.000 ( 0.271)	Loss 6.4335e+00 (6.7513e+00)	Acc@1   2.34 (  0.27)	Acc@5   3.91 (  1.18)
Epoch: [0][3400/4794]	Time  0.140 ( 0.441)	Data  0.000 ( 0.272)	Loss 6.2830e+00 (6.7287e+00)	Acc@1   0.00 (  0.31)	Acc@5   3.12 (  1.33)
Epoch: [0][3600/4794]	Time  0.148 ( 0.441)	Data  0.000 ( 0.274)	Loss 6.1996e+00 (6.7065e+00)	Acc@1   2.34 (  0.35)	Acc@5   7.03 (  1.50)
Epoch: [0][3800/4794]	Time  0.138 ( 0.440)	Data  0.000 ( 0.274)	Loss 6.2224e+00 (6.6836e+00)	Acc@1   0.78 (  0.39)	Acc@5   8.59 (  1.67)
Epoch: [0][4000/4794]	Time  0.754 ( 0.439)	Data  0.698 ( 0.271)	Loss 6.1545e+00 (6.6601e+00)	Acc@1   0.00 (  0.43)	Acc@5   4.69 (  1.83)
Epoch: [0][4200/4794]	Time  1.050 ( 0.438)	Data  0.995 ( 0.270)	Loss 6.2214e+00 (6.6353e+00)	Acc@1   0.00 (  0.48)	Acc@5   4.69 (  2.02)
Epoch: [0][4400/4794]	Time  0.138 ( 0.436)	Data  0.000 ( 0.269)	Loss 5.9809e+00 (6.6109e+00)	Acc@1   2.34 (  0.52)	Acc@5   7.03 (  2.19)
Epoch: [0][4600/4794]	Time  0.144 ( 0.434)	Data  0.000 ( 0.268)	Loss 5.9295e+00 (6.5870e+00)	Acc@1   1.56 (  0.58)	Acc@5  10.94 (  2.39)
Test: [  0/375]	Time 11.223 (11.223)	Loss 5.9052e+00 (5.9052e+00)	Acc@1   0.78 (  0.78)	Acc@5  17.19 ( 17.19)
Test: [ 10/375]	Time  0.049 ( 1.321)	Loss 7.4097e+00 (6.1588e+00)	Acc@1   0.00 (  2.06)	Acc@5   0.00 ( 12.93)
Test: [ 20/375]	Time  0.740 ( 0.889)	Loss 6.6317e+00 (6.2763e+00)	Acc@1   0.00 (  1.08)	Acc@5   0.00 (  6.99)
Test: [ 30/375]	Time  0.053 ( 0.725)	Loss 6.1458e+00 (6.3436e+00)	Acc@1   0.00 (  0.73)	Acc@5   0.00 (  4.79)
Test: [ 40/375]	Time  0.779 ( 0.639)	Loss 5.5147e+00 (6.3568e+00)	Acc@1  28.91 (  1.33)	Acc@5  39.84 (  4.74)
Test: [ 50/375]	Time  0.049 ( 0.589)	Loss 6.4433e+00 (6.4062e+00)	Acc@1   0.00 (  1.09)	Acc@5   0.00 (  4.00)
Test: [ 60/375]	Time  0.080 ( 0.545)	Loss 6.6463e+00 (6.3429e+00)	Acc@1   0.00 (  1.24)	Acc@5   0.00 (  4.92)
Test: [ 70/375]	Time  0.049 ( 0.530)	Loss 6.2414e+00 (6.3605e+00)	Acc@1   0.00 (  1.07)	Acc@5   0.00 (  4.23)
Test: [ 80/375]	Time  0.049 ( 0.500)	Loss 6.1892e+00 (6.3466e+00)	Acc@1   0.00 (  0.98)	Acc@5   1.56 (  3.88)
Test: [ 90/375]	Time  0.065 ( 0.491)	Loss 6.4858e+00 (6.3541e+00)	Acc@1   0.00 (  0.88)	Acc@5   0.00 (  3.49)
Test: [100/375]	Time  0.144 ( 0.475)	Loss 5.8042e+00 (6.3394e+00)	Acc@1   0.00 (  0.79)	Acc@5   7.81 (  3.31)
Test: [110/375]	Time  0.049 ( 0.475)	Loss 5.9093e+00 (6.3128e+00)	Acc@1   5.47 (  0.77)	Acc@5  11.72 (  3.34)
Test: [120/375]	Time  0.055 ( 0.464)	Loss 7.2561e+00 (6.3369e+00)	Acc@1   0.00 (  0.70)	Acc@5   0.00 (  3.07)
Test: [130/375]	Time  0.049 ( 0.459)	Loss 6.2484e+00 (6.3309e+00)	Acc@1   0.00 (  0.69)	Acc@5   0.00 (  3.27)
Test: [140/375]	Time  0.049 ( 0.448)	Loss 6.2123e+00 (6.3197e+00)	Acc@1   0.00 (  0.65)	Acc@5   0.00 (  3.10)
Test: [150/375]	Time  0.049 ( 0.454)	Loss 7.6386e+00 (6.3315e+00)	Acc@1   0.00 (  0.63)	Acc@5   0.00 (  3.05)
Test: [160/375]	Time  0.062 ( 0.445)	Loss 7.0351e+00 (6.3645e+00)	Acc@1   0.00 (  0.61)	Acc@5   0.00 (  2.90)
Test: [170/375]	Time  0.049 ( 0.446)	Loss 6.7945e+00 (6.3858e+00)	Acc@1   0.00 (  0.58)	Acc@5   0.78 (  2.87)
Test: [180/375]	Time  0.062 ( 0.440)	Loss 6.5416e+00 (6.4087e+00)	Acc@1   0.00 (  0.55)	Acc@5   0.78 (  2.72)
Test: [190/375]	Time  0.049 ( 0.440)	Loss 6.9273e+00 (6.4336e+00)	Acc@1   0.00 (  0.52)	Acc@5   0.00 (  2.58)
Test: [200/375]	Time  0.049 ( 0.432)	Loss 6.7395e+00 (6.4571e+00)	Acc@1   0.00 (  0.50)	Acc@5   0.78 (  2.46)
Test: [210/375]	Time  0.054 ( 0.430)	Loss 7.1418e+00 (6.4742e+00)	Acc@1   0.00 (  0.49)	Acc@5   0.00 (  2.39)
Test: [220/375]	Time  0.049 ( 0.427)	Loss 6.2555e+00 (6.4962e+00)	Acc@1   0.00 (  0.46)	Acc@5   0.00 (  2.28)
Test: [230/375]	Time  0.049 ( 0.427)	Loss 6.4245e+00 (6.5120e+00)	Acc@1   0.00 (  0.44)	Acc@5   0.00 (  2.19)
Test: [240/375]	Time  0.049 ( 0.422)	Loss 6.8741e+00 (6.5200e+00)	Acc@1   0.00 (  0.44)	Acc@5   1.56 (  2.15)
Test: [250/375]	Time  0.053 ( 0.422)	Loss 6.3605e+00 (6.5276e+00)	Acc@1   0.00 (  0.44)	Acc@5   0.00 (  2.12)
Test: [260/375]	Time  0.049 ( 0.416)	Loss 6.9670e+00 (6.5317e+00)	Acc@1   0.78 (  0.44)	Acc@5   3.91 (  2.26)
Test: [270/375]	Time  0.540 ( 0.418)	Loss 6.5774e+00 (6.5364e+00)	Acc@1   0.00 (  0.42)	Acc@5   0.00 (  2.28)
Test: [280/375]	Time  0.049 ( 0.414)	Loss 6.9608e+00 (6.5443e+00)	Acc@1   0.00 (  0.41)	Acc@5   0.00 (  2.22)
Test: [290/375]	Time  0.538 ( 0.415)	Loss 6.7676e+00 (6.5547e+00)	Acc@1   0.00 (  0.39)	Acc@5   0.78 (  2.16)
Test: [300/375]	Time  0.049 ( 0.411)	Loss 6.4586e+00 (6.5571e+00)	Acc@1   0.00 (  0.39)	Acc@5   1.56 (  2.14)
Test: [310/375]	Time  0.855 ( 0.412)	Loss 6.6796e+00 (6.5625e+00)	Acc@1   0.00 (  0.39)	Acc@5   0.00 (  2.10)
Test: [320/375]	Time  0.049 ( 0.408)	Loss 6.9771e+00 (6.5680e+00)	Acc@1   0.00 (  0.38)	Acc@5   0.00 (  2.05)
Test: [330/375]	Time  0.746 ( 0.408)	Loss 7.2699e+00 (6.5833e+00)	Acc@1   0.00 (  0.38)	Acc@5   0.00 (  2.02)
Test: [340/375]	Time  0.363 ( 0.405)	Loss 6.3494e+00 (6.5828e+00)	Acc@1   0.00 (  0.37)	Acc@5   0.78 (  2.03)
Test: [350/375]	Time  0.867 ( 0.405)	Loss 6.1484e+00 (6.5889e+00)	Acc@1   0.00 (  0.37)	Acc@5   1.56 (  2.02)
Test: [360/375]	Time  0.049 ( 0.403)	Loss 7.0413e+00 (6.5975e+00)	Acc@1   0.00 (  0.36)	Acc@5   0.00 (  2.00)
Test: [370/375]	Time  1.150 ( 0.403)	Loss 7.2714e+00 (6.5867e+00)	Acc@1   0.00 (  0.40)	Acc@5   0.00 (  2.16)
 *   Acc@1 0.401 Acc@5 2.144
Adjusting learning rate of group 0 to 1.0000e-02.
Test: [  0/375]	Time 11.369 (11.369)	Loss 5.9222e+00 (5.9222e+00)	Acc@1   0.78 (  0.78)	Acc@5  17.97 ( 17.97)
Test: [ 10/375]	Time  0.053 ( 1.331)	Loss 7.3651e+00 (6.1631e+00)	Acc@1   0.00 (  2.20)	Acc@5   0.00 ( 12.71)
Test: [ 20/375]	Time  0.852 ( 0.900)	Loss 6.6276e+00 (6.2848e+00)	Acc@1   0.00 (  1.15)	Acc@5   0.00 (  6.92)
Test: [ 30/375]	Time  0.049 ( 0.728)	Loss 6.1379e+00 (6.3485e+00)	Acc@1   0.00 (  0.78)	Acc@5   0.00 (  4.81)
Test: [ 40/375]	Time  0.741 ( 0.642)	Loss 5.5561e+00 (6.3612e+00)	Acc@1  29.69 (  1.39)	Acc@5  35.16 (  4.69)
Test: [ 50/375]	Time  0.061 ( 0.591)	Loss 6.4542e+00 (6.4101e+00)	Acc@1   0.00 (  1.12)	Acc@5   0.00 (  4.00)
Test: [ 60/375]	Time  0.049 ( 0.547)	Loss 6.6325e+00 (6.3435e+00)	Acc@1   0.00 (  1.40)	Acc@5   0.00 (  4.87)
Test: [ 70/375]	Time  0.051 ( 0.532)	Loss 6.2529e+00 (6.3605e+00)	Acc@1   0.00 (  1.20)	Acc@5   0.00 (  4.18)
Test: [ 80/375]	Time  0.050 ( 0.501)	Loss 6.1670e+00 (6.3461e+00)	Acc@1   0.00 (  1.11)	Acc@5   0.78 (  3.90)
Test: [ 90/375]	Time  0.067 ( 0.491)	Loss 6.4536e+00 (6.3539e+00)	Acc@1   0.00 (  0.99)	Acc@5   0.00 (  3.50)
Test: [100/375]	Time  0.052 ( 0.476)	Loss 5.7107e+00 (6.3397e+00)	Acc@1   0.00 (  0.91)	Acc@5  10.94 (  3.36)
Test: [110/375]	Time  0.049 ( 0.475)	Loss 5.8355e+00 (6.3111e+00)	Acc@1   6.25 (  0.88)	Acc@5  12.50 (  3.42)
Test: [120/375]	Time  0.070 ( 0.465)	Loss 7.1729e+00 (6.3348e+00)	Acc@1   0.00 (  0.81)	Acc@5   0.00 (  3.15)
Test: [130/375]	Time  0.049 ( 0.460)	Loss 6.3085e+00 (6.3300e+00)	Acc@1   0.00 (  0.79)	Acc@5   0.78 (  3.32)
Test: [140/375]	Time  0.049 ( 0.449)	Loss 6.2462e+00 (6.3171e+00)	Acc@1   0.00 (  0.74)	Acc@5   0.00 (  3.13)
Test: [150/375]	Time  0.049 ( 0.455)	Loss 7.6072e+00 (6.3287e+00)	Acc@1   0.00 (  0.70)	Acc@5   0.00 (  3.12)
Test: [160/375]	Time  0.057 ( 0.445)	Loss 6.9972e+00 (6.3632e+00)	Acc@1   0.00 (  0.66)	Acc@5   0.00 (  2.96)
Test: [170/375]	Time  0.075 ( 0.447)	Loss 6.7993e+00 (6.3852e+00)	Acc@1   0.00 (  0.63)	Acc@5   0.00 (  2.91)
Test: [180/375]	Time  0.049 ( 0.441)	Loss 6.6023e+00 (6.4085e+00)	Acc@1   0.00 (  0.59)	Acc@5   0.00 (  2.75)
Test: [190/375]	Time  0.049 ( 0.440)	Loss 6.9793e+00 (6.4346e+00)	Acc@1   0.00 (  0.56)	Acc@5   0.00 (  2.61)
Test: [200/375]	Time  0.049 ( 0.433)	Loss 6.7568e+00 (6.4577e+00)	Acc@1   0.00 (  0.53)	Acc@5   0.78 (  2.48)
Test: [210/375]	Time  0.050 ( 0.430)	Loss 7.0639e+00 (6.4751e+00)	Acc@1   0.00 (  0.53)	Acc@5   0.00 (  2.41)
Test: [220/375]	Time  0.049 ( 0.428)	Loss 6.3133e+00 (6.4968e+00)	Acc@1   0.00 (  0.50)	Acc@5   0.00 (  2.30)
Test: [230/375]	Time  0.049 ( 0.428)	Loss 6.3918e+00 (6.5127e+00)	Acc@1   0.00 (  0.48)	Acc@5   0.00 (  2.22)
Test: [240/375]	Time  0.049 ( 0.423)	Loss 6.9240e+00 (6.5207e+00)	Acc@1   0.00 (  0.48)	Acc@5   0.00 (  2.17)
Test: [250/375]	Time  0.049 ( 0.422)	Loss 6.3459e+00 (6.5276e+00)	Acc@1   0.00 (  0.48)	Acc@5   0.78 (  2.14)
Test: [260/375]	Time  0.049 ( 0.417)	Loss 6.9276e+00 (6.5314e+00)	Acc@1   0.00 (  0.47)	Acc@5   3.91 (  2.26)
Test: [270/375]	Time  0.526 ( 0.418)	Loss 6.5899e+00 (6.5368e+00)	Acc@1   0.00 (  0.45)	Acc@5   0.00 (  2.27)
Test: [280/375]	Time  0.050 ( 0.414)	Loss 6.9357e+00 (6.5443e+00)	Acc@1   0.00 (  0.44)	Acc@5   0.00 (  2.20)
Test: [290/375]	Time  0.548 ( 0.415)	Loss 6.7806e+00 (6.5549e+00)	Acc@1   0.00 (  0.42)	Acc@5   0.00 (  2.13)
Test: [300/375]	Time  0.050 ( 0.411)	Loss 6.4939e+00 (6.5575e+00)	Acc@1   0.78 (  0.43)	Acc@5   1.56 (  2.13)
Test: [310/375]	Time  0.892 ( 0.412)	Loss 6.6313e+00 (6.5628e+00)	Acc@1   0.00 (  0.42)	Acc@5   0.00 (  2.09)
Test: [320/375]	Time  0.050 ( 0.408)	Loss 6.9644e+00 (6.5683e+00)	Acc@1   0.00 (  0.41)	Acc@5   0.00 (  2.05)
Test: [330/375]	Time  0.775 ( 0.408)	Loss 7.2553e+00 (6.5837e+00)	Acc@1   0.00 (  0.41)	Acc@5   0.00 (  2.02)
Test: [340/375]	Time  0.291 ( 0.405)	Loss 6.3462e+00 (6.5838e+00)	Acc@1   0.00 (  0.42)	Acc@5   0.00 (  2.05)
Test: [350/375]	Time  0.728 ( 0.405)	Loss 6.1806e+00 (6.5899e+00)	Acc@1   0.78 (  0.41)	Acc@5   1.56 (  2.03)
Test: [360/375]	Time  0.050 ( 0.403)	Loss 6.9916e+00 (6.5981e+00)	Acc@1   0.00 (  0.40)	Acc@5   0.78 (  2.00)
Test: [370/375]	Time  1.193 ( 0.404)	Loss 7.3212e+00 (6.5873e+00)	Acc@1   0.00 (  0.46)	Acc@5   0.00 (  2.16)
 *   Acc@1 0.455 Acc@5 2.144
Adjusting learning rate of group 0 to 1.0000e-02.
Epoch: [1][   0/4794]	Time 18.023 (18.023)	Data 17.964 (17.964)	Loss 6.0224e+00 (6.0224e+00)	Acc@1   0.00 (  0.00)	Acc@5   3.91 (  3.91)
Epoch: [1][ 200/4794]	Time  0.144 ( 0.524)	Data  0.000 ( 0.189)	Loss 5.7481e+00 (5.9513e+00)	Acc@1   3.12 (  2.29)	Acc@5  10.94 (  7.89)
Epoch: [1][ 400/4794]	Time  0.157 ( 0.472)	Data  0.000 ( 0.097)	Loss 5.8160e+00 (5.9162e+00)	Acc@1   1.56 (  2.27)	Acc@5  10.16 (  8.36)
Epoch: [1][ 600/4794]	Time  0.139 ( 0.454)	Data  0.000 ( 0.069)	Loss 5.8992e+00 (5.8887e+00)	Acc@1   3.12 (  2.41)	Acc@5  10.94 (  8.79)
Epoch: [1][ 800/4794]	Time  0.191 ( 0.444)	Data  0.132 ( 0.061)	Loss 5.8803e+00 (5.8630e+00)	Acc@1   2.34 (  2.53)	Acc@5  13.28 (  9.14)
Epoch: [1][1000/4794]	Time  0.139 ( 0.438)	Data  0.000 ( 0.054)	Loss 5.7558e+00 (5.8371e+00)	Acc@1   4.69 (  2.70)	Acc@5   7.81 (  9.53)
Epoch: [1][1200/4794]	Time  0.155 ( 0.435)	Data  0.000 ( 0.048)	Loss 5.6002e+00 (5.8110e+00)	Acc@1   2.34 (  2.86)	Acc@5   9.38 (  9.90)
Epoch: [1][1400/4794]	Time  0.147 ( 0.432)	Data  0.000 ( 0.043)	Loss 5.5514e+00 (5.7841e+00)	Acc@1   3.12 (  3.01)	Acc@5  14.84 ( 10.31)
Epoch: [1][1600/4794]	Time  0.143 ( 0.432)	Data  0.000 ( 0.041)	Loss 5.8662e+00 (5.7623e+00)	Acc@1   2.34 (  3.15)	Acc@5  10.94 ( 10.65)
Epoch: [1][1800/4794]	Time  0.140 ( 0.434)	Data  0.000 ( 0.039)	Loss 5.3026e+00 (5.7370e+00)	Acc@1   7.81 (  3.31)	Acc@5  14.84 ( 11.06)
Epoch: [1][2000/4794]	Time  0.159 ( 0.435)	Data  0.000 ( 0.037)	Loss 5.6896e+00 (5.7121e+00)	Acc@1   3.91 (  3.47)	Acc@5  14.06 ( 11.47)
Epoch: [1][2200/4794]	Time  0.147 ( 0.435)	Data  0.000 ( 0.036)	Loss 5.4505e+00 (5.6896e+00)	Acc@1   3.12 (  3.62)	Acc@5  14.84 ( 11.83)
Epoch: [1][2400/4794]	Time  0.141 ( 0.434)	Data  0.000 ( 0.034)	Loss 5.3065e+00 (5.6682e+00)	Acc@1   8.59 (  3.77)	Acc@5  16.41 ( 12.17)
Epoch: [1][2600/4794]	Time  0.349 ( 0.434)	Data  0.000 ( 0.032)	Loss 5.3215e+00 (5.6482e+00)	Acc@1   4.69 (  3.90)	Acc@5  15.62 ( 12.50)
Epoch: [1][2800/4794]	Time  0.139 ( 0.435)	Data  0.000 ( 0.046)	Loss 5.6175e+00 (5.6264e+00)	Acc@1   6.25 (  4.04)	Acc@5  14.06 ( 12.86)
Epoch: [1][3000/4794]	Time  0.151 ( 0.435)	Data  0.000 ( 0.061)	Loss 5.2610e+00 (5.6067e+00)	Acc@1   8.59 (  4.17)	Acc@5  16.41 ( 13.19)
Epoch: [1][3200/4794]	Time  0.739 ( 0.435)	Data  0.000 ( 0.075)	Loss 5.5155e+00 (5.5871e+00)	Acc@1   6.25 (  4.31)	Acc@5  20.31 ( 13.50)
Epoch: [1][3400/4794]	Time  0.147 ( 0.434)	Data  0.000 ( 0.086)	Loss 5.2884e+00 (5.5682e+00)	Acc@1   6.25 (  4.43)	Acc@5  15.62 ( 13.80)
Epoch: [1][3600/4794]	Time  0.139 ( 0.433)	Data  0.000 ( 0.097)	Loss 5.3323e+00 (5.5498e+00)	Acc@1   5.47 (  4.59)	Acc@5  20.31 ( 14.12)
Epoch: [1][3800/4794]	Time  0.242 ( 0.432)	Data  0.000 ( 0.095)	Loss 5.0380e+00 (5.5310e+00)	Acc@1   6.25 (  4.72)	Acc@5  24.22 ( 14.43)
Epoch: [1][4000/4794]	Time  0.143 ( 0.431)	Data  0.000 ( 0.097)	Loss 5.2649e+00 (5.5119e+00)	Acc@1   4.69 (  4.87)	Acc@5  15.62 ( 14.78)
Epoch: [1][4200/4794]	Time  1.238 ( 0.429)	Data  0.708 ( 0.099)	Loss 4.9587e+00 (5.4941e+00)	Acc@1  11.72 (  5.00)	Acc@5  29.69 ( 15.08)
Epoch: [1][4400/4794]	Time  0.169 ( 0.428)	Data  0.000 ( 0.102)	Loss 5.0246e+00 (5.4763e+00)	Acc@1   9.38 (  5.14)	Acc@5  22.66 ( 15.40)
Epoch: [1][4600/4794]	Time  0.140 ( 0.426)	Data  0.000 ( 0.104)	Loss 5.2602e+00 (5.4589e+00)	Acc@1   6.25 (  5.26)	Acc@5  19.53 ( 15.68)
Epoch: [1][   0/4794]	Time 19.253 (19.253)	Data 19.185 (19.185)	Loss 5.9659e+00 (5.9659e+00)	Acc@1   2.34 (  2.34)	Acc@5   9.38 (  9.38)
Epoch: [1][ 200/4794]	Time  0.159 ( 0.536)	Data  0.000 ( 0.346)	Loss 5.8891e+00 (5.9455e+00)	Acc@1   2.34 (  2.22)	Acc@5   9.38 (  8.09)
Epoch: [1][ 400/4794]	Time  1.213 ( 0.481)	Data  1.158 ( 0.328)	Loss 5.8151e+00 (5.9201e+00)	Acc@1   3.12 (  2.30)	Acc@5   9.38 (  8.34)
Epoch: [1][ 600/4794]	Time  1.035 ( 0.459)	Data  0.976 ( 0.316)	Loss 5.8419e+00 (5.8883e+00)	Acc@1   3.12 (  2.42)	Acc@5   9.38 (  8.82)
Epoch: [1][ 800/4794]	Time  1.301 ( 0.448)	Data  1.246 ( 0.309)	Loss 5.9405e+00 (5.8606e+00)	Acc@1   2.34 (  2.55)	Acc@5   7.81 (  9.20)
Epoch: [1][1000/4794]	Time  1.199 ( 0.442)	Data  1.145 ( 0.305)	Loss 5.8633e+00 (5.8373e+00)	Acc@1   0.78 (  2.67)	Acc@5   7.81 (  9.50)
Epoch: [1][1200/4794]	Time  0.926 ( 0.437)	Data  0.871 ( 0.303)	Loss 5.6820e+00 (5.8098e+00)	Acc@1   6.25 (  2.83)	Acc@5  12.50 (  9.95)
Epoch: [1][1400/4794]	Time  1.238 ( 0.435)	Data  1.176 ( 0.302)	Loss 5.7049e+00 (5.7859e+00)	Acc@1   3.91 (  2.99)	Acc@5  16.41 ( 10.30)
Epoch: [1][1600/4794]	Time  1.422 ( 0.434)	Data  1.368 ( 0.302)	Loss 5.3599e+00 (5.7611e+00)	Acc@1   2.34 (  3.12)	Acc@5  14.06 ( 10.68)
Epoch: [1][1800/4794]	Time  1.469 ( 0.436)	Data  1.414 ( 0.304)	Loss 5.5233e+00 (5.7376e+00)	Acc@1   5.47 (  3.28)	Acc@5  11.72 ( 11.03)
Epoch: [1][2000/4794]	Time  1.115 ( 0.437)	Data  1.060 ( 0.306)	Loss 5.4662e+00 (5.7139e+00)	Acc@1   7.81 (  3.43)	Acc@5  15.62 ( 11.40)
Epoch: [1][2200/4794]	Time  0.510 ( 0.436)	Data  0.423 ( 0.307)	Loss 5.5174e+00 (5.6917e+00)	Acc@1   8.59 (  3.58)	Acc@5  16.41 ( 11.74)
Epoch: [1][2400/4794]	Time  1.175 ( 0.436)	Data  1.121 ( 0.308)	Loss 5.2751e+00 (5.6694e+00)	Acc@1   2.34 (  3.72)	Acc@5  17.97 ( 12.10)
Epoch: [1][2600/4794]	Time  0.754 ( 0.435)	Data  0.700 ( 0.309)	Loss 5.1499e+00 (5.6483e+00)	Acc@1   6.25 (  3.87)	Acc@5  21.88 ( 12.46)
Epoch: [1][2800/4794]	Time  0.145 ( 0.435)	Data  0.000 ( 0.297)	Loss 5.3504e+00 (5.6273e+00)	Acc@1   5.47 (  4.00)	Acc@5  17.97 ( 12.82)
Epoch: [1][3000/4794]	Time  0.143 ( 0.436)	Data  0.000 ( 0.283)	Loss 5.1026e+00 (5.6073e+00)	Acc@1   7.03 (  4.14)	Acc@5  18.75 ( 13.14)
Epoch: [1][3200/4794]	Time  0.144 ( 0.435)	Data  0.000 ( 0.268)	Loss 5.2894e+00 (5.5879e+00)	Acc@1   6.25 (  4.27)	Acc@5  17.97 ( 13.44)
Epoch: [1][3400/4794]	Time  0.167 ( 0.435)	Data  0.000 ( 0.257)	Loss 5.3702e+00 (5.5690e+00)	Acc@1   5.47 (  4.42)	Acc@5  14.84 ( 13.76)
Epoch: [1][3600/4794]	Time  1.323 ( 0.434)	Data  1.263 ( 0.251)	Loss 5.2522e+00 (5.5507e+00)	Acc@1   5.47 (  4.54)	Acc@5  17.19 ( 14.07)
Epoch: [1][3800/4794]	Time  0.812 ( 0.433)	Data  0.758 ( 0.253)	Loss 5.4053e+00 (5.5316e+00)	Acc@1   5.47 (  4.68)	Acc@5  14.84 ( 14.38)
Epoch: [1][4000/4794]	Time  0.139 ( 0.431)	Data  0.000 ( 0.255)	Loss 5.2107e+00 (5.5136e+00)	Acc@1   3.12 (  4.82)	Acc@5  17.97 ( 14.67)
Epoch: [1][4200/4794]	Time  0.137 ( 0.430)	Data  0.000 ( 0.256)	Loss 5.0902e+00 (5.4955e+00)	Acc@1   4.69 (  4.96)	Acc@5  18.75 ( 14.99)
Epoch: [1][4400/4794]	Time  0.562 ( 0.428)	Data  0.502 ( 0.257)	Loss 5.0855e+00 (5.4770e+00)	Acc@1   7.81 (  5.10)	Acc@5  21.09 ( 15.30)
Epoch: [1][4600/4794]	Time  0.734 ( 0.427)	Data  0.680 ( 0.257)	Loss 4.9583e+00 (5.4600e+00)	Acc@1   9.38 (  5.25)	Acc@5  27.34 ( 15.60)
Test: [  0/375]	Time 11.061 (11.061)	Loss 6.6191e+00 (6.6191e+00)	Acc@1   0.78 (  0.78)	Acc@5   3.91 (  3.91)
Test: [ 10/375]	Time  0.049 ( 1.379)	Loss 7.2216e+00 (6.7821e+00)	Acc@1   0.00 (  1.35)	Acc@5   0.78 (  3.48)
Test: [ 20/375]	Time  0.164 ( 0.894)	Loss 6.5251e+00 (6.6352e+00)	Acc@1   0.00 (  0.78)	Acc@5   0.00 (  2.94)
Test: [ 30/375]	Time  0.051 ( 0.737)	Loss 6.1061e+00 (6.4964e+00)	Acc@1   0.00 (  0.91)	Acc@5   3.12 (  3.65)
Test: [ 40/375]	Time  0.237 ( 0.631)	Loss 6.5579e+00 (6.6038e+00)	Acc@1   0.00 (  0.71)	Acc@5   0.00 (  3.39)
Test: [ 50/375]	Time  0.049 ( 0.594)	Loss 6.3328e+00 (6.6183e+00)	Acc@1   0.78 (  0.80)	Acc@5   2.34 (  3.32)
Test: [ 60/375]	Time  0.049 ( 0.550)	Loss 7.2197e+00 (6.5922e+00)	Acc@1   0.00 (  0.92)	Acc@5   0.00 (  3.61)
Test: [ 70/375]	Time  0.049 ( 0.537)	Loss 6.9068e+00 (6.6859e+00)	Acc@1   0.00 (  0.79)	Acc@5   0.00 (  3.10)
Test: [ 80/375]	Time  0.049 ( 0.506)	Loss 6.9963e+00 (6.7246e+00)	Acc@1   0.00 (  0.69)	Acc@5   0.00 (  2.72)
Test: [ 90/375]	Time  0.049 ( 0.498)	Loss 7.7818e+00 (6.8199e+00)	Acc@1   0.00 (  0.63)	Acc@5   0.00 (  2.46)
Test: [100/375]	Time  0.049 ( 0.482)	Loss 6.4840e+00 (6.8326e+00)	Acc@1   0.00 (  0.59)	Acc@5   2.34 (  2.31)
Test: [110/375]	Time  0.091 ( 0.483)	Loss 6.5526e+00 (6.8029e+00)	Acc@1   0.78 (  0.66)	Acc@5   3.12 (  2.44)
Test: [120/375]	Time  0.049 ( 0.472)	Loss 7.4489e+00 (6.7827e+00)	Acc@1   0.00 (  0.68)	Acc@5   0.00 (  2.50)
Test: [130/375]	Time  0.049 ( 0.469)	Loss 6.9713e+00 (6.7651e+00)	Acc@1   0.00 (  0.67)	Acc@5   0.78 (  2.50)
Test: [140/375]	Time  0.049 ( 0.456)	Loss 6.9146e+00 (6.7631e+00)	Acc@1   0.00 (  0.63)	Acc@5   0.00 (  2.37)
Test: [150/375]	Time  0.049 ( 0.461)	Loss 8.8158e+00 (6.8154e+00)	Acc@1   0.00 (  0.58)	Acc@5   0.00 (  2.24)
Test: [160/375]	Time  0.049 ( 0.453)	Loss 6.8868e+00 (6.8239e+00)	Acc@1   0.00 (  0.62)	Acc@5   0.00 (  2.22)
Test: [170/375]	Time  0.049 ( 0.453)	Loss 6.8649e+00 (6.8236e+00)	Acc@1   0.00 (  0.67)	Acc@5   0.00 (  2.39)
Test: [180/375]	Time  0.049 ( 0.447)	Loss 6.3465e+00 (6.8265e+00)	Acc@1   0.78 (  0.73)	Acc@5   7.81 (  2.57)
Test: [190/375]	Time  0.049 ( 0.445)	Loss 7.5331e+00 (6.8210e+00)	Acc@1   0.00 (  0.69)	Acc@5   0.00 (  2.47)
Test: [200/375]	Time  0.049 ( 0.439)	Loss 6.4287e+00 (6.8168e+00)	Acc@1   0.00 (  0.69)	Acc@5   0.78 (  2.46)
Test: [210/375]	Time  0.302 ( 0.436)	Loss 6.2968e+00 (6.8104e+00)	Acc@1   0.00 (  0.71)	Acc@5   0.78 (  2.58)
Test: [220/375]	Time  0.050 ( 0.436)	Loss 6.4273e+00 (6.8302e+00)	Acc@1   3.12 (  0.70)	Acc@5   6.25 (  2.49)
Test: [230/375]	Time  0.729 ( 0.434)	Loss 6.5804e+00 (6.8479e+00)	Acc@1   0.78 (  0.67)	Acc@5   1.56 (  2.39)
Test: [240/375]	Time  0.049 ( 0.429)	Loss 6.9104e+00 (6.8425e+00)	Acc@1   1.56 (  0.66)	Acc@5   5.47 (  2.41)
Test: [250/375]	Time  0.824 ( 0.429)	Loss 6.3726e+00 (6.8369e+00)	Acc@1   1.56 (  0.65)	Acc@5   5.47 (  2.44)
Test: [260/375]	Time  0.049 ( 0.426)	Loss 6.9408e+00 (6.8265e+00)	Acc@1   0.00 (  0.70)	Acc@5   0.00 (  2.54)
Test: [270/375]	Time  1.067 ( 0.425)	Loss 6.0153e+00 (6.8090e+00)	Acc@1   0.00 (  0.68)	Acc@5   0.78 (  2.59)
Test: [280/375]	Time  0.049 ( 0.420)	Loss 7.0892e+00 (6.8095e+00)	Acc@1   0.00 (  0.66)	Acc@5   0.00 (  2.52)
Test: [290/375]	Time  0.940 ( 0.421)	Loss 7.2207e+00 (6.8102e+00)	Acc@1   0.00 (  0.64)	Acc@5   0.00 (  2.46)
Test: [300/375]	Time  0.049 ( 0.419)	Loss 6.3497e+00 (6.7969e+00)	Acc@1   0.00 (  0.76)	Acc@5   0.00 (  2.65)
Test: [310/375]	Time  0.689 ( 0.417)	Loss 6.4747e+00 (6.7979e+00)	Acc@1   0.00 (  0.74)	Acc@5   0.00 (  2.61)
Test: [320/375]	Time  0.049 ( 0.414)	Loss 6.6691e+00 (6.7894e+00)	Acc@1   0.78 (  0.72)	Acc@5   2.34 (  2.55)
Test: [330/375]	Time  0.204 ( 0.411)	Loss 7.1717e+00 (6.8067e+00)	Acc@1   0.00 (  0.70)	Acc@5   0.78 (  2.49)
Test: [340/375]	Time  1.056 ( 0.412)	Loss 6.4967e+00 (6.7868e+00)	Acc@1   0.00 (  0.72)	Acc@5   0.00 (  2.64)
Test: [350/375]	Time  0.430 ( 0.410)	Loss 7.0909e+00 (6.7876e+00)	Acc@1   0.00 (  0.71)	Acc@5   0.00 (  2.70)
Test: [360/375]	Time  0.490 ( 0.408)	Loss 6.9863e+00 (6.8006e+00)	Acc@1   0.00 (  0.70)	Acc@5   0.00 (  2.68)
Test: [370/375]	Time  0.555 ( 0.407)	Loss 7.7875e+00 (6.7913e+00)	Acc@1   0.00 (  0.78)	Acc@5   0.00 (  2.85)
 *   Acc@1 0.777 Acc@5 2.877
Adjusting learning rate of group 0 to 1.0000e-02.
Test: [  0/375]	Time 11.219 (11.219)	Loss 6.7596e+00 (6.7596e+00)	Acc@1   0.00 (  0.00)	Acc@5   3.12 (  3.12)
Test: [ 10/375]	Time  0.050 ( 1.385)	Loss 7.2241e+00 (6.7867e+00)	Acc@1   0.00 (  0.64)	Acc@5   1.56 (  4.12)
Test: [ 20/375]	Time  0.216 ( 0.899)	Loss 6.4506e+00 (6.6386e+00)	Acc@1   0.00 (  0.41)	Acc@5   0.00 (  3.61)
Test: [ 30/375]	Time  0.049 ( 0.763)	Loss 6.0240e+00 (6.4938e+00)	Acc@1   0.00 (  0.58)	Acc@5   0.78 (  4.16)
Test: [ 40/375]	Time  0.050 ( 0.643)	Loss 6.6647e+00 (6.6091e+00)	Acc@1   0.00 (  0.44)	Acc@5   1.56 (  3.66)
Test: [ 50/375]	Time  0.050 ( 0.596)	Loss 6.3671e+00 (6.6240e+00)	Acc@1   0.00 (  0.58)	Acc@5   3.12 (  3.60)
Test: [ 60/375]	Time  0.050 ( 0.551)	Loss 7.1654e+00 (6.5964e+00)	Acc@1   0.00 (  0.72)	Acc@5   0.00 (  3.82)
Test: [ 70/375]	Time  0.050 ( 0.538)	Loss 6.9243e+00 (6.6888e+00)	Acc@1   0.00 (  0.62)	Acc@5   0.00 (  3.28)
Test: [ 80/375]	Time  0.050 ( 0.508)	Loss 6.9434e+00 (6.7291e+00)	Acc@1   0.00 (  0.54)	Acc@5   0.00 (  2.89)
Test: [ 90/375]	Time  0.049 ( 0.499)	Loss 7.8154e+00 (6.8259e+00)	Acc@1   0.00 (  0.48)	Acc@5   0.00 (  2.59)
Test: [100/375]	Time  0.058 ( 0.483)	Loss 6.4897e+00 (6.8357e+00)	Acc@1   0.00 (  0.44)	Acc@5   1.56 (  2.44)
Test: [110/375]	Time  0.052 ( 0.484)	Loss 6.5288e+00 (6.8052e+00)	Acc@1   0.00 (  0.46)	Acc@5   4.69 (  2.60)
Test: [120/375]	Time  0.050 ( 0.473)	Loss 7.3350e+00 (6.7833e+00)	Acc@1   0.00 (  0.46)	Acc@5   0.00 (  2.65)
Test: [130/375]	Time  0.049 ( 0.470)	Loss 6.9812e+00 (6.7661e+00)	Acc@1   0.00 (  0.44)	Acc@5   0.00 (  2.59)
Test: [140/375]	Time  0.050 ( 0.458)	Loss 6.9858e+00 (6.7651e+00)	Acc@1   0.00 (  0.41)	Acc@5   0.00 (  2.47)
Test: [150/375]	Time  0.050 ( 0.462)	Loss 8.7231e+00 (6.8168e+00)	Acc@1   0.00 (  0.39)	Acc@5   0.00 (  2.34)
Test: [160/375]	Time  0.049 ( 0.454)	Loss 6.9019e+00 (6.8257e+00)	Acc@1   0.00 (  0.43)	Acc@5   0.00 (  2.31)
Test: [170/375]	Time  0.050 ( 0.454)	Loss 6.8523e+00 (6.8262e+00)	Acc@1   0.00 (  0.50)	Acc@5   0.00 (  2.45)
Test: [180/375]	Time  0.049 ( 0.447)	Loss 6.3250e+00 (6.8271e+00)	Acc@1   1.56 (  0.58)	Acc@5   7.03 (  2.61)
Test: [190/375]	Time  0.050 ( 0.445)	Loss 7.5361e+00 (6.8219e+00)	Acc@1   0.00 (  0.55)	Acc@5   0.00 (  2.51)
Test: [200/375]	Time  0.049 ( 0.439)	Loss 6.4019e+00 (6.8176e+00)	Acc@1   0.00 (  0.54)	Acc@5   1.56 (  2.49)
Test: [210/375]	Time  0.378 ( 0.437)	Loss 6.3283e+00 (6.8110e+00)	Acc@1   0.00 (  0.57)	Acc@5   0.00 (  2.59)
Test: [220/375]	Time  0.060 ( 0.436)	Loss 6.3790e+00 (6.8307e+00)	Acc@1   0.00 (  0.54)	Acc@5   3.91 (  2.50)
Test: [230/375]	Time  0.694 ( 0.434)	Loss 6.6614e+00 (6.8476e+00)	Acc@1   0.00 (  0.52)	Acc@5   0.00 (  2.40)
Test: [240/375]	Time  0.050 ( 0.429)	Loss 6.9931e+00 (6.8436e+00)	Acc@1   0.00 (  0.51)	Acc@5   3.12 (  2.39)
Test: [250/375]	Time  0.897 ( 0.430)	Loss 6.3380e+00 (6.8375e+00)	Acc@1   0.78 (  0.50)	Acc@5   5.47 (  2.44)
Test: [260/375]	Time  0.050 ( 0.427)	Loss 6.9497e+00 (6.8271e+00)	Acc@1   0.00 (  0.55)	Acc@5   0.00 (  2.57)
Test: [270/375]	Time  0.973 ( 0.425)	Loss 5.9328e+00 (6.8089e+00)	Acc@1   0.00 (  0.54)	Acc@5   3.91 (  2.65)
Test: [280/375]	Time  0.049 ( 0.420)	Loss 7.0693e+00 (6.8089e+00)	Acc@1   0.00 (  0.52)	Acc@5   0.00 (  2.56)
Test: [290/375]	Time  0.952 ( 0.421)	Loss 7.1748e+00 (6.8098e+00)	Acc@1   0.00 (  0.50)	Acc@5   0.00 (  2.51)
Test: [300/375]	Time  0.057 ( 0.419)	Loss 6.3559e+00 (6.7969e+00)	Acc@1   0.00 (  0.64)	Acc@5   0.00 (  2.70)
Test: [310/375]	Time  0.627 ( 0.417)	Loss 6.5150e+00 (6.7981e+00)	Acc@1   0.00 (  0.63)	Acc@5   0.00 (  2.67)
Test: [320/375]	Time  0.050 ( 0.414)	Loss 6.6433e+00 (6.7895e+00)	Acc@1   0.00 (  0.61)	Acc@5   5.47 (  2.61)
Test: [330/375]	Time  0.227 ( 0.412)	Loss 7.1715e+00 (6.8069e+00)	Acc@1   0.00 (  0.59)	Acc@5   0.00 (  2.54)
Test: [340/375]	Time  1.138 ( 0.413)	Loss 6.4207e+00 (6.7866e+00)	Acc@1   0.00 (  0.62)	Acc@5   0.00 (  2.70)
Test: [350/375]	Time  0.448 ( 0.410)	Loss 7.0006e+00 (6.7870e+00)	Acc@1   0.00 (  0.61)	Acc@5   0.00 (  2.76)
Test: [360/375]	Time  0.445 ( 0.408)	Loss 6.9953e+00 (6.7998e+00)	Acc@1   0.00 (  0.62)	Acc@5   0.00 (  2.74)
Test: [370/375]	Time  0.545 ( 0.407)	Loss 7.8540e+00 (6.7897e+00)	Acc@1   0.00 (  0.70)	Acc@5   0.00 (  2.93)
 *   Acc@1 0.695 Acc@5 2.948
Adjusting learning rate of group 0 to 1.0000e-02.
Epoch: [2][   0/4794]	Time 21.183 (21.183)	Data 21.128 (21.128)	Loss 5.0392e+00 (5.0392e+00)	Acc@1  14.06 ( 14.06)	Acc@5  20.31 ( 20.31)
Epoch: [2][ 200/4794]	Time  0.765 ( 0.524)	Data  0.703 ( 0.279)	Loss 5.0926e+00 (5.0185e+00)	Acc@1  10.94 (  8.99)	Acc@5  21.88 ( 23.22)
Epoch: [2][ 400/4794]	Time  1.062 ( 0.466)	Data  0.993 ( 0.211)	Loss 4.9990e+00 (5.0084e+00)	Acc@1   7.81 (  8.88)	Acc@5  24.22 ( 23.44)
Epoch: [2][ 600/4794]	Time  1.245 ( 0.451)	Data  0.000 ( 0.173)	Loss 5.0487e+00 (4.9947e+00)	Acc@1   7.81 (  8.98)	Acc@5  21.09 ( 23.76)
Epoch: [2][ 800/4794]	Time  1.256 ( 0.439)	Data  1.202 ( 0.186)	Loss 4.6710e+00 (4.9818e+00)	Acc@1   9.38 (  9.05)	Acc@5  31.25 ( 24.00)
Epoch: [2][1000/4794]	Time  0.859 ( 0.431)	Data  0.796 ( 0.208)	Loss 4.9167e+00 (4.9664e+00)	Acc@1  11.72 (  9.24)	Acc@5  22.66 ( 24.28)
Epoch: [2][1200/4794]	Time  1.244 ( 0.427)	Data  1.185 ( 0.221)	Loss 4.7144e+00 (4.9587e+00)	Acc@1  10.94 (  9.31)	Acc@5  26.56 ( 24.38)
Epoch: [2][1400/4794]	Time  0.144 ( 0.423)	Data  0.059 ( 0.230)	Loss 4.7086e+00 (4.9483e+00)	Acc@1   8.59 (  9.37)	Acc@5  29.69 ( 24.50)
Epoch: [2][1600/4794]	Time  0.139 ( 0.422)	Data  0.000 ( 0.226)	Loss 4.9144e+00 (4.9371e+00)	Acc@1   5.47 (  9.50)	Acc@5  16.41 ( 24.70)
Epoch: [2][1800/4794]	Time  0.139 ( 0.421)	Data  0.000 ( 0.215)	Loss 4.9136e+00 (4.9257e+00)	Acc@1   6.25 (  9.63)	Acc@5  21.88 ( 24.90)
Epoch: [2][2000/4794]	Time  0.139 ( 0.424)	Data  0.000 ( 0.197)	Loss 5.1127e+00 (4.9154e+00)	Acc@1   8.59 (  9.75)	Acc@5  21.09 ( 25.13)
Epoch: [2][2200/4794]	Time  0.140 ( 0.422)	Data  0.000 ( 0.195)	Loss 4.8660e+00 (4.9045e+00)	Acc@1  10.16 (  9.85)	Acc@5  26.56 ( 25.34)
Epoch: [2][2400/4794]	Time  0.161 ( 0.420)	Data  0.000 ( 0.200)	Loss 5.0087e+00 (4.8936e+00)	Acc@1   7.81 (  9.98)	Acc@5  24.22 ( 25.52)
Epoch: [2][2600/4794]	Time  0.193 ( 0.419)	Data  0.000 ( 0.208)	Loss 4.6587e+00 (4.8821e+00)	Acc@1  11.72 ( 10.11)	Acc@5  28.91 ( 25.76)
Epoch: [2][2800/4794]	Time  0.139 ( 0.418)	Data  0.000 ( 0.215)	Loss 4.8055e+00 (4.8720e+00)	Acc@1  11.72 ( 10.23)	Acc@5  28.12 ( 25.97)
Epoch: [2][3000/4794]	Time  1.116 ( 0.418)	Data  1.061 ( 0.221)	Loss 4.8848e+00 (4.8606e+00)	Acc@1   5.47 ( 10.34)	Acc@5  22.66 ( 26.18)
Epoch: [2][3200/4794]	Time  1.264 ( 0.417)	Data  1.191 ( 0.225)	Loss 4.5983e+00 (4.8509e+00)	Acc@1  11.72 ( 10.46)	Acc@5  33.59 ( 26.38)
Epoch: [2][3400/4794]	Time  1.423 ( 0.416)	Data  1.357 ( 0.225)	Loss 4.9352e+00 (4.8408e+00)	Acc@1  14.06 ( 10.56)	Acc@5  28.91 ( 26.59)
Epoch: [2][3600/4794]	Time  0.386 ( 0.415)	Data  0.309 ( 0.229)	Loss 4.7083e+00 (4.8297e+00)	Acc@1  11.72 ( 10.69)	Acc@5  28.12 ( 26.79)
Epoch: [2][3800/4794]	Time  0.142 ( 0.415)	Data  0.000 ( 0.228)	Loss 4.6475e+00 (4.8208e+00)	Acc@1  18.75 ( 10.80)	Acc@5  32.81 ( 26.96)
Epoch: [2][4000/4794]	Time  0.381 ( 0.414)	Data  0.318 ( 0.227)	Loss 4.3616e+00 (4.8108e+00)	Acc@1  12.50 ( 10.92)	Acc@5  28.91 ( 27.16)
Epoch: [2][4200/4794]	Time  0.166 ( 0.413)	Data  0.000 ( 0.229)	Loss 4.6014e+00 (4.8023e+00)	Acc@1  14.84 ( 11.02)	Acc@5  35.16 ( 27.31)
Epoch: [2][4400/4794]	Time  0.143 ( 0.413)	Data  0.000 ( 0.232)	Loss 4.6616e+00 (4.7928e+00)	Acc@1  15.62 ( 11.12)	Acc@5  32.03 ( 27.48)
Epoch: [2][4600/4794]	Time  0.153 ( 0.414)	Data  0.000 ( 0.235)	Loss 4.7940e+00 (4.7828e+00)	Acc@1  13.28 ( 11.24)	Acc@5  32.03 ( 27.68)
Epoch: [2][   0/4794]	Time 17.542 (17.542)	Data 17.488 (17.488)	Loss 5.0279e+00 (5.0279e+00)	Acc@1   7.81 (  7.81)	Acc@5  25.00 ( 25.00)
Epoch: [2][ 200/4794]	Time  0.140 ( 0.506)	Data  0.000 ( 0.390)	Loss 4.8890e+00 (5.0239e+00)	Acc@1  10.16 (  8.38)	Acc@5  24.22 ( 22.66)
Epoch: [2][ 400/4794]	Time  0.140 ( 0.457)	Data  0.000 ( 0.346)	Loss 5.1051e+00 (5.0104e+00)	Acc@1   8.59 (  8.67)	Acc@5  25.78 ( 23.08)
Epoch: [2][ 600/4794]	Time  0.146 ( 0.446)	Data  0.006 ( 0.332)	Loss 5.1203e+00 (4.9950e+00)	Acc@1   8.59 (  8.96)	Acc@5  20.31 ( 23.51)
Epoch: [2][ 800/4794]	Time  0.142 ( 0.434)	Data  0.000 ( 0.287)	Loss 4.9676e+00 (4.9789e+00)	Acc@1   6.25 (  9.08)	Acc@5  25.78 ( 23.88)
Epoch: [2][1000/4794]	Time  0.136 ( 0.427)	Data  0.000 ( 0.257)	Loss 5.1133e+00 (4.9695e+00)	Acc@1   6.25 (  9.17)	Acc@5  21.09 ( 24.02)
Epoch: [2][1200/4794]	Time  0.148 ( 0.424)	Data  0.000 ( 0.233)	Loss 4.5624e+00 (4.9603e+00)	Acc@1  12.50 (  9.28)	Acc@5  25.78 ( 24.19)
Epoch: [2][1400/4794]	Time  0.145 ( 0.421)	Data  0.000 ( 0.220)	Loss 4.5714e+00 (4.9488e+00)	Acc@1  14.84 (  9.42)	Acc@5  29.69 ( 24.42)
Epoch: [2][1600/4794]	Time  1.890 ( 0.421)	Data  1.836 ( 0.220)	Loss 4.5476e+00 (4.9387e+00)	Acc@1  11.72 (  9.52)	Acc@5  31.25 ( 24.60)
Epoch: [2][1800/4794]	Time  0.833 ( 0.420)	Data  0.778 ( 0.230)	Loss 4.7809e+00 (4.9276e+00)	Acc@1  12.50 (  9.61)	Acc@5  27.34 ( 24.80)
Epoch: [2][2000/4794]	Time  0.142 ( 0.422)	Data  0.000 ( 0.239)	Loss 5.0070e+00 (4.9168e+00)	Acc@1  10.94 (  9.72)	Acc@5  23.44 ( 25.00)
Epoch: [2][2200/4794]	Time  2.166 ( 0.421)	Data  2.112 ( 0.238)	Loss 4.7264e+00 (4.9054e+00)	Acc@1  12.50 (  9.83)	Acc@5  31.25 ( 25.23)
Epoch: [2][2400/4794]	Time  0.501 ( 0.419)	Data  0.000 ( 0.231)	Loss 4.6320e+00 (4.8948e+00)	Acc@1  12.50 (  9.95)	Acc@5  32.03 ( 25.44)
Epoch: [2][2600/4794]	Time  1.106 ( 0.418)	Data  0.000 ( 0.224)	Loss 4.5029e+00 (4.8836e+00)	Acc@1  13.28 ( 10.06)	Acc@5  35.94 ( 25.64)
Epoch: [2][2800/4794]	Time  1.190 ( 0.417)	Data  0.000 ( 0.212)	Loss 4.6268e+00 (4.8729e+00)	Acc@1  13.28 ( 10.20)	Acc@5  30.47 ( 25.86)
Epoch: [2][3000/4794]	Time  0.137 ( 0.417)	Data  0.000 ( 0.198)	Loss 4.5461e+00 (4.8628e+00)	Acc@1  14.06 ( 10.32)	Acc@5  28.91 ( 26.05)
Epoch: [2][3200/4794]	Time  0.146 ( 0.415)	Data  0.000 ( 0.196)	Loss 4.5590e+00 (4.8533e+00)	Acc@1  10.16 ( 10.44)	Acc@5  27.34 ( 26.26)
Epoch: [2][3400/4794]	Time  0.142 ( 0.414)	Data  0.000 ( 0.197)	Loss 4.5653e+00 (4.8442e+00)	Acc@1  17.97 ( 10.55)	Acc@5  32.81 ( 26.44)
Epoch: [2][3600/4794]	Time  0.142 ( 0.414)	Data  0.000 ( 0.188)	Loss 4.6353e+00 (4.8334e+00)	Acc@1  14.06 ( 10.68)	Acc@5  29.69 ( 26.67)
Epoch: [2][3800/4794]	Time  2.028 ( 0.414)	Data  1.974 ( 0.188)	Loss 4.9325e+00 (4.8234e+00)	Acc@1   7.81 ( 10.78)	Acc@5  28.12 ( 26.87)
Epoch: [2][4000/4794]	Time  0.574 ( 0.413)	Data  0.163 ( 0.189)	Loss 4.9016e+00 (4.8142e+00)	Acc@1   9.38 ( 10.88)	Acc@5  25.00 ( 27.04)
Epoch: [2][4200/4794]	Time  0.164 ( 0.413)	Data  0.000 ( 0.189)	Loss 4.6318e+00 (4.8053e+00)	Acc@1  10.94 ( 10.97)	Acc@5  30.47 ( 27.23)
Epoch: [2][4400/4794]	Time  0.140 ( 0.413)	Data  0.000 ( 0.183)	Loss 4.4383e+00 (4.7957e+00)	Acc@1  16.41 ( 11.08)	Acc@5  32.81 ( 27.40)
Epoch: [2][4600/4794]	Time  0.174 ( 0.413)	Data  0.000 ( 0.176)	Loss 4.8102e+00 (4.7856e+00)	Acc@1   9.38 ( 11.19)	Acc@5  25.00 ( 27.59)
Test: [  0/375]	Time 11.463 (11.463)	Loss 6.2044e+00 (6.2044e+00)	Acc@1   1.56 (  1.56)	Acc@5   8.59 (  8.59)
Test: [ 10/375]	Time  0.399 ( 1.377)	Loss 7.4722e+00 (6.9907e+00)	Acc@1   0.00 (  0.99)	Acc@5   0.78 (  4.97)
Test: [ 20/375]	Time  0.360 ( 0.881)	Loss 7.1072e+00 (6.9235e+00)	Acc@1   0.00 (  0.63)	Acc@5   0.00 (  3.79)
Test: [ 30/375]	Time  0.049 ( 0.721)	Loss 6.8435e+00 (6.7659e+00)	Acc@1   0.00 (  0.73)	Acc@5   1.56 (  4.23)
Test: [ 40/375]	Time  0.180 ( 0.622)	Loss 6.3314e+00 (6.9100e+00)	Acc@1   0.00 (  0.61)	Acc@5   0.00 (  3.51)
Test: [ 50/375]	Time  0.065 ( 0.584)	Loss 6.6731e+00 (6.9104e+00)	Acc@1   1.56 (  0.89)	Acc@5   2.34 (  3.60)
Test: [ 60/375]	Time  0.049 ( 0.538)	Loss 7.5738e+00 (6.9082e+00)	Acc@1   0.00 (  0.88)	Acc@5   0.00 (  3.68)
Test: [ 70/375]	Time  0.049 ( 0.528)	Loss 6.9151e+00 (6.9670e+00)	Acc@1   0.00 (  0.77)	Acc@5   0.00 (  3.21)
Test: [ 80/375]	Time  0.049 ( 0.497)	Loss 7.0188e+00 (6.9797e+00)	Acc@1   0.00 (  0.68)	Acc@5   0.78 (  2.88)
Test: [ 90/375]	Time  0.049 ( 0.487)	Loss 7.7033e+00 (7.0561e+00)	Acc@1   0.00 (  0.62)	Acc@5   0.00 (  2.70)
Test: [100/375]	Time  0.052 ( 0.471)	Loss 6.2540e+00 (7.0235e+00)	Acc@1   0.00 (  0.67)	Acc@5   6.25 (  2.82)
Test: [110/375]	Time  0.049 ( 0.471)	Loss 6.3165e+00 (6.9925e+00)	Acc@1   6.25 (  0.73)	Acc@5  16.41 (  3.02)
Test: [120/375]	Time  0.049 ( 0.459)	Loss 6.8472e+00 (6.9622e+00)	Acc@1   1.56 (  0.82)	Acc@5   6.25 (  3.25)
Test: [130/375]	Time  0.049 ( 0.453)	Loss 7.1174e+00 (6.9389e+00)	Acc@1   0.00 (  0.82)	Acc@5   1.56 (  3.33)
Test: [140/375]	Time  0.049 ( 0.442)	Loss 6.2755e+00 (6.9391e+00)	Acc@1   0.78 (  0.81)	Acc@5   2.34 (  3.21)
Test: [150/375]	Time  0.049 ( 0.445)	Loss 8.6745e+00 (6.9710e+00)	Acc@1   0.00 (  0.77)	Acc@5   0.00 (  3.05)
Test: [160/375]	Time  0.049 ( 0.438)	Loss 6.6814e+00 (6.9609e+00)	Acc@1   0.78 (  0.73)	Acc@5   2.34 (  3.04)
Test: [170/375]	Time  0.049 ( 0.438)	Loss 6.8450e+00 (6.9371e+00)	Acc@1   0.00 (  0.82)	Acc@5   0.00 (  3.38)
Test: [180/375]	Time  0.049 ( 0.433)	Loss 6.9378e+00 (6.9239e+00)	Acc@1   0.00 (  0.87)	Acc@5   0.00 (  3.42)
Test: [190/375]	Time  0.049 ( 0.433)	Loss 7.7564e+00 (6.9056e+00)	Acc@1   0.00 (  0.85)	Acc@5   0.00 (  3.40)
Test: [200/375]	Time  0.049 ( 0.425)	Loss 6.1312e+00 (6.8722e+00)	Acc@1   0.00 (  0.86)	Acc@5   3.12 (  3.48)
Test: [210/375]	Time  0.049 ( 0.423)	Loss 5.8535e+00 (6.8528e+00)	Acc@1   0.78 (  0.93)	Acc@5   6.25 (  3.71)
Test: [220/375]	Time  0.049 ( 0.419)	Loss 6.2111e+00 (6.8537e+00)	Acc@1   3.91 (  0.91)	Acc@5  10.94 (  3.61)
Test: [230/375]	Time  0.049 ( 0.422)	Loss 6.3756e+00 (6.8587e+00)	Acc@1   0.78 (  0.88)	Acc@5   3.91 (  3.52)
Test: [240/375]	Time  0.049 ( 0.416)	Loss 6.6166e+00 (6.8536e+00)	Acc@1   6.25 (  0.90)	Acc@5  11.72 (  3.56)
Test: [250/375]	Time  0.057 ( 0.416)	Loss 6.1295e+00 (6.8376e+00)	Acc@1   0.00 (  0.88)	Acc@5   4.69 (  3.64)
Test: [260/375]	Time  0.049 ( 0.411)	Loss 6.6935e+00 (6.8201e+00)	Acc@1   0.00 (  0.96)	Acc@5   0.78 (  3.80)
Test: [270/375]	Time  0.049 ( 0.411)	Loss 5.8867e+00 (6.8033e+00)	Acc@1   0.00 (  0.95)	Acc@5   3.12 (  3.81)
Test: [280/375]	Time  0.049 ( 0.407)	Loss 6.5316e+00 (6.7907e+00)	Acc@1   0.78 (  0.92)	Acc@5  11.72 (  3.79)
Test: [290/375]	Time  0.049 ( 0.408)	Loss 7.0192e+00 (6.7847e+00)	Acc@1   0.00 (  0.90)	Acc@5   0.00 (  3.77)
Test: [300/375]	Time  0.049 ( 0.404)	Loss 5.9667e+00 (6.7640e+00)	Acc@1   0.00 (  1.01)	Acc@5   3.12 (  3.99)
Test: [310/375]	Time  0.049 ( 0.404)	Loss 6.5833e+00 (6.7661e+00)	Acc@1   0.00 (  0.99)	Acc@5   2.34 (  3.93)
Test: [320/375]	Time  0.049 ( 0.401)	Loss 6.3692e+00 (6.7514e+00)	Acc@1   0.00 (  1.01)	Acc@5   5.47 (  3.97)
Test: [330/375]	Time  0.049 ( 0.402)	Loss 6.3728e+00 (6.7595e+00)	Acc@1   0.00 (  0.98)	Acc@5   1.56 (  3.94)
Test: [340/375]	Time  0.324 ( 0.400)	Loss 6.5548e+00 (6.7349e+00)	Acc@1   0.00 (  1.08)	Acc@5   0.78 (  4.15)
Test: [350/375]	Time  0.049 ( 0.400)	Loss 6.3686e+00 (6.7293e+00)	Acc@1   0.78 (  1.10)	Acc@5   6.25 (  4.22)
Test: [360/375]	Time  0.049 ( 0.398)	Loss 6.6808e+00 (6.7364e+00)	Acc@1   0.00 (  1.09)	Acc@5   0.78 (  4.19)
Test: [370/375]	Time  0.049 ( 0.397)	Loss 8.1461e+00 (6.7278e+00)	Acc@1   0.00 (  1.17)	Acc@5   0.00 (  4.34)
 *   Acc@1 1.165 Acc@5 4.336
Adjusting learning rate of group 0 to 1.0000e-02.
Test: [  0/375]	Time 11.419 (11.419)	Loss 6.1600e+00 (6.1600e+00)	Acc@1   4.69 (  4.69)	Acc@5  10.94 ( 10.94)
Test: [ 10/375]	Time  0.413 ( 1.370)	Loss 7.4652e+00 (6.9701e+00)	Acc@1   0.78 (  1.35)	Acc@5   0.78 (  5.75)
Test: [ 20/375]	Time  0.391 ( 0.883)	Loss 7.0213e+00 (6.8931e+00)	Acc@1   0.00 (  0.89)	Acc@5   0.00 (  4.20)
Test: [ 30/375]	Time  0.050 ( 0.720)	Loss 6.7983e+00 (6.7451e+00)	Acc@1   0.00 (  0.81)	Acc@5   1.56 (  4.33)
Test: [ 40/375]	Time  0.245 ( 0.621)	Loss 6.3920e+00 (6.9029e+00)	Acc@1   1.56 (  0.69)	Acc@5   2.34 (  3.53)
Test: [ 50/375]	Time  0.049 ( 0.584)	Loss 6.8283e+00 (6.9004e+00)	Acc@1   1.56 (  1.01)	Acc@5   6.25 (  3.65)
Test: [ 60/375]	Time  0.050 ( 0.538)	Loss 7.6607e+00 (6.8961e+00)	Acc@1   0.00 (  0.95)	Acc@5   0.00 (  3.66)
Test: [ 70/375]	Time  0.062 ( 0.528)	Loss 6.8992e+00 (6.9563e+00)	Acc@1   0.00 (  0.81)	Acc@5   0.00 (  3.18)
Test: [ 80/375]	Time  0.050 ( 0.498)	Loss 7.0147e+00 (6.9708e+00)	Acc@1   0.00 (  0.71)	Acc@5   1.56 (  2.85)
Test: [ 90/375]	Time  0.049 ( 0.487)	Loss 7.7745e+00 (7.0458e+00)	Acc@1   0.00 (  0.66)	Acc@5   0.00 (  2.62)
Test: [100/375]	Time  0.068 ( 0.471)	Loss 6.2820e+00 (7.0132e+00)	Acc@1   0.00 (  0.68)	Acc@5   3.91 (  2.76)
Test: [110/375]	Time  0.049 ( 0.471)	Loss 6.4004e+00 (6.9855e+00)	Acc@1   5.47 (  0.71)	Acc@5  13.28 (  2.96)
Test: [120/375]	Time  0.049 ( 0.458)	Loss 6.9740e+00 (6.9571e+00)	Acc@1   2.34 (  0.83)	Acc@5   5.47 (  3.18)
Test: [130/375]	Time  0.049 ( 0.453)	Loss 7.3291e+00 (6.9349e+00)	Acc@1   0.00 (  0.78)	Acc@5   0.00 (  3.19)
Test: [140/375]	Time  0.049 ( 0.441)	Loss 6.3096e+00 (6.9367e+00)	Acc@1   0.00 (  0.76)	Acc@5   0.78 (  3.11)
Test: [150/375]	Time  0.128 ( 0.445)	Loss 8.6804e+00 (6.9717e+00)	Acc@1   0.00 (  0.71)	Acc@5   0.00 (  2.94)
Test: [160/375]	Time  0.050 ( 0.438)	Loss 6.5759e+00 (6.9614e+00)	Acc@1   0.00 (  0.68)	Acc@5   0.78 (  2.87)
Test: [170/375]	Time  0.051 ( 0.438)	Loss 6.8484e+00 (6.9372e+00)	Acc@1   0.00 (  0.78)	Acc@5   0.00 (  3.22)
Test: [180/375]	Time  0.063 ( 0.433)	Loss 6.9357e+00 (6.9238e+00)	Acc@1   0.00 (  0.82)	Acc@5   0.00 (  3.25)
Test: [190/375]	Time  0.066 ( 0.432)	Loss 7.8042e+00 (6.9069e+00)	Acc@1   0.00 (  0.81)	Acc@5   0.00 (  3.24)
Test: [200/375]	Time  0.049 ( 0.425)	Loss 6.2025e+00 (6.8730e+00)	Acc@1   0.00 (  0.82)	Acc@5   3.12 (  3.34)
Test: [210/375]	Time  0.054 ( 0.423)	Loss 5.8703e+00 (6.8535e+00)	Acc@1   0.00 (  0.87)	Acc@5   6.25 (  3.52)
Test: [220/375]	Time  0.049 ( 0.419)	Loss 6.1671e+00 (6.8567e+00)	Acc@1   3.12 (  0.85)	Acc@5  12.50 (  3.44)
Test: [230/375]	Time  0.059 ( 0.422)	Loss 6.2635e+00 (6.8617e+00)	Acc@1   0.78 (  0.82)	Acc@5   3.91 (  3.35)
Test: [240/375]	Time  0.050 ( 0.416)	Loss 6.7188e+00 (6.8576e+00)	Acc@1   6.25 (  0.86)	Acc@5  10.94 (  3.38)
Test: [250/375]	Time  0.050 ( 0.416)	Loss 6.2227e+00 (6.8415e+00)	Acc@1   0.78 (  0.87)	Acc@5   3.91 (  3.50)
Test: [260/375]	Time  0.050 ( 0.411)	Loss 6.6789e+00 (6.8235e+00)	Acc@1   0.00 (  0.96)	Acc@5   0.78 (  3.66)
Test: [270/375]	Time  0.049 ( 0.411)	Loss 5.9010e+00 (6.8076e+00)	Acc@1   0.00 (  0.94)	Acc@5   3.12 (  3.65)
Test: [280/375]	Time  0.049 ( 0.407)	Loss 6.5385e+00 (6.7956e+00)	Acc@1   0.78 (  0.93)	Acc@5   7.81 (  3.62)
Test: [290/375]	Time  0.050 ( 0.408)	Loss 7.0378e+00 (6.7894e+00)	Acc@1   0.00 (  0.90)	Acc@5   2.34 (  3.60)
Test: [300/375]	Time  0.050 ( 0.404)	Loss 5.8974e+00 (6.7692e+00)	Acc@1   0.78 (  0.98)	Acc@5   1.56 (  3.78)
Test: [310/375]	Time  0.062 ( 0.404)	Loss 6.4205e+00 (6.7716e+00)	Acc@1   0.00 (  0.95)	Acc@5   2.34 (  3.73)
Test: [320/375]	Time  0.054 ( 0.401)	Loss 6.3898e+00 (6.7560e+00)	Acc@1   0.78 (  0.99)	Acc@5   6.25 (  3.77)
Test: [330/375]	Time  0.081 ( 0.402)	Loss 6.2930e+00 (6.7629e+00)	Acc@1   0.00 (  0.97)	Acc@5   1.56 (  3.73)
Test: [340/375]	Time  0.292 ( 0.400)	Loss 6.6168e+00 (6.7396e+00)	Acc@1   0.78 (  1.07)	Acc@5   0.78 (  3.94)
Test: [350/375]	Time  0.049 ( 0.400)	Loss 6.2280e+00 (6.7338e+00)	Acc@1   0.78 (  1.08)	Acc@5   8.59 (  4.02)
Test: [360/375]	Time  0.050 ( 0.398)	Loss 6.7803e+00 (6.7410e+00)	Acc@1   0.00 (  1.07)	Acc@5   0.00 (  3.98)
Test: [370/375]	Time  0.049 ( 0.397)	Loss 8.0096e+00 (6.7319e+00)	Acc@1   0.00 (  1.13)	Acc@5   0.78 (  4.13)
 *   Acc@1 1.130 Acc@5 4.146
Adjusting learning rate of group 0 to 1.0000e-02.
