Traceback (most recent call last):
  File "<string>", line 1, in <module>
  File "/home/junzhin/anaconda3/lib/python3.7/multiprocessing/spawn.py", line 105, in spawn_main
    exitcode = _main(fd)
  File "/home/junzhin/anaconda3/lib/python3.7/multiprocessing/spawn.py", line 114, in _main
    prepare(preparation_data)
  File "/home/junzhin/anaconda3/lib/python3.7/multiprocessing/spawn.py", line 225, in prepare
    _fixup_main_from_path(data['init_main_from_path'])
  File "/home/junzhin/anaconda3/lib/python3.7/multiprocessing/spawn.py", line 277, in _fixup_main_from_path
    run_name="__mp_main__")
  File "/home/junzhin/anaconda3/lib/python3.7/runpy.py", line 263, in run_path
    pkg_name=pkg_name, script_name=fname)
  File "/home/junzhin/anaconda3/lib/python3.7/runpy.py", line 96, in _run_module_code
    mod_name, mod_spec, pkg_name, script_name)
  File "/home/junzhin/anaconda3/lib/python3.7/runpy.py", line 85, in _run_code
    exec(code, run_globals)
  File "/home/junzhin/Project/Summer_project/code/version1.0/pretrained_main_subset_random_choosen_experiment_CDAN.py", line 24, in <module>
    import models.alexnet_CDAN as models_CDAN
  File "/home/junzhin/Project/Summer_project/code/version1.0/models/__init__.py", line 1, in <module>
    from .alexnet_CDAN import *
AttributeError: module 'models.alexnet_CDAN' has no attribute 'alexnet'
Traceback (most recent call last):
  File "<string>", line 1, in <module>
  File "/home/junzhin/anaconda3/lib/python3.7/multiprocessing/spawn.py", line 105, in spawn_main
    exitcode = _main(fd)
  File "/home/junzhin/anaconda3/lib/python3.7/multiprocessing/spawn.py", line 114, in _main
    prepare(preparation_data)
  File "/home/junzhin/anaconda3/lib/python3.7/multiprocessing/spawn.py", line 225, in prepare
    _fixup_main_from_path(data['init_main_from_path'])
  File "/home/junzhin/anaconda3/lib/python3.7/multiprocessing/spawn.py", line 277, in _fixup_main_from_path
    run_name="__mp_main__")
  File "/home/junzhin/anaconda3/lib/python3.7/runpy.py", line 263, in run_path
    pkg_name=pkg_name, script_name=fname)
  File "/home/junzhin/anaconda3/lib/python3.7/runpy.py", line 96, in _run_module_code
    mod_name, mod_spec, pkg_name, script_name)
  File "/home/junzhin/anaconda3/lib/python3.7/runpy.py", line 85, in _run_code
    exec(code, run_globals)
  File "/home/junzhin/Project/Summer_project/code/version1.0/pretrained_main_subset_random_choosen_experiment_CDAN.py", line 24, in <module>
    import models.alexnet_CDAN as models_CDAN
  File "/home/junzhin/Project/Summer_project/code/version1.0/models/__init__.py", line 1, in <module>
    from .alexnet_CDAN import *
AttributeError: module 'models.alexnet_CDAN' has no attribute 'alexnet'
slurmstepd: error: *** JOB 33131868 ON spartan-gpgpu004 CANCELLED AT 2022-02-15T17:37:30 ***
