Use GPU: 0 for training
----------------------------------------
training directory:/data/gpfs/datasets/Imagenet/train_blurred

validating directory:/data/gpfs/datasets/Imagenet/val_blurred

----------------------------------------
Dataset ImageFolder
    Number of datapoints: 1281066
    Root location: /data/gpfs/datasets/Imagenet/train_blurred
    StandardTransform
Transform: Compose(
               Resize(size=256, interpolation=bilinear, max_size=None, antialias=None)
               CenterCrop(size=(224, 224))
               ToTensor()
               Normalize(mean=[0.485, 0.456, 0.406], std=[0.229, 0.224, 0.225])
           )
----------------------------------------
Dataset ImageFolder
    Number of datapoints: 49997
    Root location: /data/gpfs/datasets/Imagenet/val_blurred
    StandardTransform
Transform: Compose(
               Resize(size=256, interpolation=bilinear, max_size=None, antialias=None)
               CenterCrop(size=(224, 224))
               ToTensor()
               Normalize(mean=[0.485, 0.456, 0.406], std=[0.229, 0.224, 0.225])
           )
----------------------------------------
            0                      1
0   n02791124           barber_chair
1   n02823428            beer_bottle
2   n02835271  bicycle-built-for-two
3   n02840245                 binder
4   n02870880               bookcase
5   n02877765              bottlecap
6   n02992529     cellular_telephone
7   n03018349          china_cabinet
8   n03063599             coffee_mug
9   n03085013      computer_keyboard
10  n03127747           crash_helmet
11  n03180011       desktop_computer
12  n03187595         dial_telephone
13  n03376595          folding_chair
14  n03379051        football_helmet
15  n03388183           fountain_pen
16  n03485407     hand-held_computer
17  n03637318              lampshade
18  n03642806                 laptop
19  n03691459            loudspeaker
20  n03742115         medicine_chest
21  n03759954             microphone
22  n03782006                monitor
23  n03785016                  moped
24  n03792782          mountain_bike
25  n03793489                  mouse
26  n03832673               notebook
27  n03902125              pay-phone
28  n03937543            pill_bottle
29  n03983396             pop_bottle
30  n04004767                printer
31  n04009552              projector
32  n04099969          rocking_chair
33  n04152593                 screen
34  n04286575              spotlight
35  n04380533             table_lamp
36  n04476259                   tray
37  n04505470    typewriter_keyboard
38  n04557648           water_bottle
39  n04591713            wine_bottle
40  n06596364             comic_book
41  n07930864                    cup
+---+---+---+---+---+---+---+---+---+---+---+---+---+---+---+---+---+---+---+---
958
42
+---+---+---+---+---+---+---+---+---+---+---+---+---+---+---+---+---+---+---+---
1226767
47897
{0: 0, 1: 1, 2: 2, 3: 3, 4: 4, 5: 5, 6: 6, 7: 7, 8: 8, 9: 9, 10: 10, 11: 11, 12: 12, 13: 13, 14: 14, 15: 15, 16: 16, 17: 17, 18: 18, 19: 19, 20: 20, 21: 21, 22: 22, 23: 23, 24: 24, 25: 25, 26: 26, 27: 27, 28: 28, 29: 29, 30: 30, 31: 31, 32: 32, 33: 33, 34: 34, 35: 35, 36: 36, 37: 37, 38: 38, 39: 39, 40: 40, 41: 41, 42: 42, 43: 43, 44: 44, 45: 45, 46: 46, 47: 47, 48: 48, 49: 49, 50: 50, 51: 51, 52: 52, 53: 53, 54: 54, 55: 55, 56: 56, 57: 57, 58: 58, 59: 59, 60: 60, 61: 61, 62: 62, 63: 63, 64: 64, 65: 65, 66: 66, 67: 67, 68: 68, 69: 69, 70: 70, 71: 71, 72: 72, 73: 73, 74: 74, 75: 75, 76: 76, 77: 77, 78: 78, 79: 79, 80: 80, 81: 81, 82: 82, 83: 83, 84: 84, 85: 85, 86: 86, 87: 87, 88: 88, 89: 89, 90: 90, 91: 91, 92: 92, 93: 93, 94: 94, 95: 95, 96: 96, 97: 97, 98: 98, 99: 99, 100: 100, 101: 101, 102: 102, 103: 103, 104: 104, 105: 105, 106: 106, 107: 107, 108: 108, 109: 109, 110: 110, 111: 111, 112: 112, 113: 113, 114: 114, 115: 115, 116: 116, 117: 117, 118: 118, 119: 119, 120: 120, 121: 121, 122: 122, 123: 123, 124: 124, 125: 125, 126: 126, 127: 127, 128: 128, 129: 129, 130: 130, 131: 131, 132: 132, 133: 133, 134: 134, 135: 135, 136: 136, 137: 137, 138: 138, 139: 139, 140: 140, 141: 141, 142: 142, 143: 143, 144: 144, 145: 145, 146: 146, 147: 147, 148: 148, 149: 149, 150: 150, 151: 151, 152: 152, 153: 153, 154: 154, 155: 155, 156: 156, 157: 157, 158: 158, 159: 159, 160: 160, 161: 161, 162: 162, 163: 163, 164: 164, 165: 165, 166: 166, 167: 167, 168: 168, 169: 169, 170: 170, 171: 171, 172: 172, 173: 173, 174: 174, 175: 175, 176: 176, 177: 177, 178: 178, 179: 179, 180: 180, 181: 181, 182: 182, 183: 183, 184: 184, 185: 185, 186: 186, 187: 187, 188: 188, 189: 189, 190: 190, 191: 191, 192: 192, 193: 193, 194: 194, 195: 195, 196: 196, 197: 197, 198: 198, 199: 199, 200: 200, 201: 201, 202: 202, 203: 203, 204: 204, 205: 205, 206: 206, 207: 207, 208: 208, 209: 209, 210: 210, 211: 211, 212: 212, 213: 213, 214: 214, 215: 215, 216: 216, 217: 217, 218: 218, 219: 219, 220: 220, 221: 221, 222: 222, 223: 223, 224: 224, 225: 225, 226: 226, 227: 227, 228: 228, 229: 229, 230: 230, 231: 231, 232: 232, 233: 233, 234: 234, 235: 235, 236: 236, 237: 237, 238: 238, 239: 239, 240: 240, 241: 241, 242: 242, 243: 243, 244: 244, 245: 245, 246: 246, 247: 247, 248: 248, 249: 249, 250: 250, 251: 251, 252: 252, 253: 253, 254: 254, 255: 255, 256: 256, 257: 257, 258: 258, 259: 259, 260: 260, 261: 261, 262: 262, 263: 263, 264: 264, 265: 265, 266: 266, 267: 267, 268: 268, 269: 269, 270: 270, 271: 271, 272: 272, 273: 273, 274: 274, 275: 275, 276: 276, 277: 277, 278: 278, 279: 279, 280: 280, 281: 281, 282: 282, 283: 283, 284: 284, 285: 285, 286: 286, 287: 287, 288: 288, 289: 289, 290: 290, 291: 291, 292: 292, 293: 293, 294: 294, 295: 295, 296: 296, 297: 297, 298: 298, 299: 299, 300: 300, 301: 301, 302: 302, 303: 303, 304: 304, 305: 305, 306: 306, 307: 307, 308: 308, 309: 309, 310: 310, 311: 311, 312: 312, 313: 313, 314: 314, 315: 315, 316: 316, 317: 317, 318: 318, 319: 319, 320: 320, 321: 321, 322: 322, 323: 323, 324: 324, 325: 325, 326: 326, 327: 327, 328: 328, 329: 329, 330: 330, 331: 331, 332: 332, 333: 333, 334: 334, 335: 335, 336: 336, 337: 337, 338: 338, 339: 339, 340: 340, 341: 341, 342: 342, 343: 343, 344: 344, 345: 345, 346: 346, 347: 347, 348: 348, 349: 349, 350: 350, 351: 351, 352: 352, 353: 353, 354: 354, 355: 355, 356: 356, 357: 357, 358: 358, 359: 359, 360: 360, 361: 361, 362: 362, 363: 363, 364: 364, 365: 365, 366: 366, 367: 367, 368: 368, 369: 369, 370: 370, 371: 371, 372: 372, 373: 373, 374: 374, 375: 375, 376: 376, 377: 377, 378: 378, 379: 379, 380: 380, 381: 381, 382: 382, 383: 383, 384: 384, 385: 385, 386: 386, 387: 387, 388: 388, 389: 389, 390: 390, 391: 391, 392: 392, 393: 393, 394: 394, 395: 395, 396: 396, 397: 397, 398: 398, 399: 399, 400: 400, 401: 401, 402: 402, 403: 403, 404: 404, 405: 405, 406: 406, 407: 407, 408: 408, 409: 409, 410: 410, 411: 411, 412: 412, 413: 413, 414: 414, 415: 415, 416: 416, 417: 417, 418: 418, 419: 419, 420: 420, 421: 421, 422: 422, 424: 423, 425: 424, 426: 425, 427: 426, 428: 427, 429: 428, 430: 429, 431: 430, 432: 431, 433: 432, 434: 433, 435: 434, 436: 435, 437: 436, 438: 437, 439: 438, 441: 439, 442: 440, 443: 441, 445: 442, 447: 443, 448: 444, 449: 445, 450: 446, 451: 447, 452: 448, 454: 449, 456: 450, 457: 451, 458: 452, 459: 453, 460: 454, 461: 455, 462: 456, 463: 457, 464: 458, 465: 459, 466: 460, 467: 461, 468: 462, 469: 463, 470: 464, 471: 465, 472: 466, 473: 467, 474: 468, 475: 469, 476: 470, 477: 471, 478: 472, 479: 473, 480: 474, 481: 475, 482: 476, 483: 477, 484: 478, 485: 479, 486: 480, 488: 481, 489: 482, 490: 483, 491: 484, 492: 485, 493: 486, 494: 487, 496: 488, 497: 489, 498: 490, 499: 491, 500: 492, 501: 493, 502: 494, 503: 495, 505: 496, 506: 497, 507: 498, 509: 499, 510: 500, 511: 501, 512: 502, 513: 503, 514: 504, 515: 505, 516: 506, 517: 507, 519: 508, 520: 509, 521: 510, 522: 511, 523: 512, 524: 513, 525: 514, 526: 515, 529: 516, 530: 517, 531: 518, 532: 519, 533: 520, 534: 521, 535: 522, 536: 523, 537: 524, 538: 525, 539: 526, 540: 527, 541: 528, 542: 529, 543: 530, 544: 531, 545: 532, 546: 533, 547: 534, 548: 535, 549: 536, 550: 537, 551: 538, 552: 539, 553: 540, 554: 541, 555: 542, 556: 543, 557: 544, 558: 545, 561: 546, 562: 547, 564: 548, 565: 549, 566: 550, 567: 551, 568: 552, 569: 553, 570: 554, 571: 555, 572: 556, 573: 557, 574: 558, 575: 559, 576: 560, 577: 561, 578: 562, 579: 563, 580: 564, 581: 565, 582: 566, 583: 567, 584: 568, 585: 569, 586: 570, 587: 571, 588: 572, 589: 573, 591: 574, 592: 575, 593: 576, 594: 577, 595: 578, 596: 579, 597: 580, 598: 581, 599: 582, 600: 583, 601: 584, 602: 585, 603: 586, 604: 587, 605: 588, 606: 589, 607: 590, 608: 591, 609: 592, 610: 593, 611: 594, 612: 595, 613: 596, 614: 597, 615: 598, 616: 599, 617: 600, 618: 601, 621: 602, 622: 603, 623: 604, 624: 605, 625: 606, 626: 607, 627: 608, 628: 609, 629: 610, 630: 611, 631: 612, 633: 613, 634: 614, 635: 615, 636: 616, 637: 617, 638: 618, 639: 619, 640: 620, 641: 621, 642: 622, 643: 623, 644: 624, 645: 625, 646: 626, 647: 627, 649: 628, 651: 629, 652: 630, 653: 631, 654: 632, 655: 633, 656: 634, 657: 635, 658: 636, 659: 637, 660: 638, 661: 639, 662: 640, 663: 641, 666: 642, 667: 643, 668: 644, 669: 645, 670: 646, 672: 647, 674: 648, 675: 649, 676: 650, 677: 651, 678: 652, 679: 653, 680: 654, 682: 655, 683: 656, 684: 657, 685: 658, 686: 659, 687: 660, 688: 661, 689: 662, 690: 663, 691: 664, 692: 665, 693: 666, 694: 667, 695: 668, 696: 669, 697: 670, 698: 671, 699: 672, 700: 673, 701: 674, 702: 675, 703: 676, 704: 677, 705: 678, 706: 679, 708: 680, 709: 681, 710: 682, 711: 683, 712: 684, 713: 685, 714: 686, 715: 687, 716: 688, 717: 689, 718: 690, 719: 691, 721: 692, 722: 693, 723: 694, 724: 695, 725: 696, 726: 697, 727: 698, 728: 699, 729: 700, 730: 701, 731: 702, 732: 703, 733: 704, 734: 705, 735: 706, 736: 707, 738: 708, 739: 709, 740: 710, 741: 711, 743: 712, 744: 713, 746: 714, 747: 715, 748: 716, 749: 717, 750: 718, 751: 719, 752: 720, 753: 721, 754: 722, 755: 723, 756: 724, 757: 725, 758: 726, 759: 727, 760: 728, 761: 729, 762: 730, 763: 731, 764: 732, 766: 733, 767: 734, 768: 735, 769: 736, 770: 737, 771: 738, 772: 739, 773: 740, 774: 741, 775: 742, 776: 743, 777: 744, 778: 745, 779: 746, 780: 747, 781: 748, 783: 749, 784: 750, 785: 751, 786: 752, 787: 753, 788: 754, 789: 755, 790: 756, 791: 757, 792: 758, 793: 759, 794: 760, 795: 761, 796: 762, 797: 763, 798: 764, 799: 765, 800: 766, 801: 767, 802: 768, 803: 769, 804: 770, 805: 771, 806: 772, 807: 773, 808: 774, 809: 775, 810: 776, 811: 777, 812: 778, 813: 779, 814: 780, 815: 781, 816: 782, 817: 783, 819: 784, 820: 785, 821: 786, 822: 787, 823: 788, 824: 789, 825: 790, 826: 791, 827: 792, 828: 793, 829: 794, 830: 795, 831: 796, 832: 797, 833: 798, 834: 799, 835: 800, 836: 801, 837: 802, 838: 803, 839: 804, 840: 805, 841: 806, 842: 807, 843: 808, 844: 809, 845: 810, 847: 811, 848: 812, 849: 813, 850: 814, 851: 815, 852: 816, 853: 817, 854: 818, 855: 819, 856: 820, 857: 821, 858: 822, 859: 823, 860: 824, 861: 825, 862: 826, 863: 827, 864: 828, 865: 829, 866: 830, 867: 831, 869: 832, 870: 833, 871: 834, 872: 835, 873: 836, 874: 837, 875: 838, 876: 839, 877: 840, 879: 841, 880: 842, 881: 843, 882: 844, 883: 845, 884: 846, 885: 847, 886: 848, 887: 849, 888: 850, 889: 851, 890: 852, 891: 853, 892: 854, 893: 855, 894: 856, 895: 857, 896: 858, 897: 859, 899: 860, 900: 861, 901: 862, 902: 863, 903: 864, 904: 865, 905: 866, 906: 867, 908: 868, 909: 869, 910: 870, 911: 871, 912: 872, 913: 873, 914: 874, 915: 875, 916: 876, 918: 877, 919: 878, 920: 879, 921: 880, 922: 881, 923: 882, 924: 883, 925: 884, 926: 885, 927: 886, 928: 887, 929: 888, 930: 889, 931: 890, 932: 891, 933: 892, 934: 893, 935: 894, 936: 895, 937: 896, 938: 897, 939: 898, 940: 899, 941: 900, 942: 901, 943: 902, 944: 903, 945: 904, 946: 905, 947: 906, 948: 907, 949: 908, 950: 909, 951: 910, 952: 911, 953: 912, 954: 913, 955: 914, 956: 915, 957: 916, 958: 917, 959: 918, 960: 919, 961: 920, 962: 921, 963: 922, 964: 923, 965: 924, 966: 925, 967: 926, 969: 927, 970: 928, 971: 929, 972: 930, 973: 931, 974: 932, 975: 933, 976: 934, 977: 935, 978: 936, 979: 937, 980: 938, 981: 939, 982: 940, 983: 941, 984: 942, 985: 943, 986: 944, 987: 945, 988: 946, 989: 947, 990: 948, 991: 949, 992: 950, 993: 951, 994: 952, 995: 953, 996: 954, 997: 955, 998: 956, 999: 957}
training set
799
validating   set
125
when creating the model, the number of classes are
958
=> creating model 'alexnet'
Use GPU: 1 for training
----------------------------------------
training directory:/data/gpfs/datasets/Imagenet/train_blurred

validating directory:/data/gpfs/datasets/Imagenet/val_blurred

----------------------------------------
Dataset ImageFolder
    Number of datapoints: 1281066
    Root location: /data/gpfs/datasets/Imagenet/train_blurred
    StandardTransform
Transform: Compose(
               Resize(size=256, interpolation=bilinear, max_size=None, antialias=None)
               CenterCrop(size=(224, 224))
               ToTensor()
               Normalize(mean=[0.485, 0.456, 0.406], std=[0.229, 0.224, 0.225])
           )
----------------------------------------
Dataset ImageFolder
    Number of datapoints: 49997
    Root location: /data/gpfs/datasets/Imagenet/val_blurred
    StandardTransform
Transform: Compose(
               Resize(size=256, interpolation=bilinear, max_size=None, antialias=None)
               CenterCrop(size=(224, 224))
               ToTensor()
               Normalize(mean=[0.485, 0.456, 0.406], std=[0.229, 0.224, 0.225])
           )
----------------------------------------
            0                      1
0   n02791124           barber_chair
1   n02823428            beer_bottle
2   n02835271  bicycle-built-for-two
3   n02840245                 binder
4   n02870880               bookcase
5   n02877765              bottlecap
6   n02992529     cellular_telephone
7   n03018349          china_cabinet
8   n03063599             coffee_mug
9   n03085013      computer_keyboard
10  n03127747           crash_helmet
11  n03180011       desktop_computer
12  n03187595         dial_telephone
13  n03376595          folding_chair
14  n03379051        football_helmet
15  n03388183           fountain_pen
16  n03485407     hand-held_computer
17  n03637318              lampshade
18  n03642806                 laptop
19  n03691459            loudspeaker
20  n03742115         medicine_chest
21  n03759954             microphone
22  n03782006                monitor
23  n03785016                  moped
24  n03792782          mountain_bike
25  n03793489                  mouse
26  n03832673               notebook
27  n03902125              pay-phone
28  n03937543            pill_bottle
29  n03983396             pop_bottle
30  n04004767                printer
31  n04009552              projector
32  n04099969          rocking_chair
33  n04152593                 screen
34  n04286575              spotlight
35  n04380533             table_lamp
36  n04476259                   tray
37  n04505470    typewriter_keyboard
38  n04557648           water_bottle
39  n04591713            wine_bottle
40  n06596364             comic_book
41  n07930864                    cup
+---+---+---+---+---+---+---+---+---+---+---+---+---+---+---+---+---+---+---+---
958
42
+---+---+---+---+---+---+---+---+---+---+---+---+---+---+---+---+---+---+---+---
1226767
47897
{0: 0, 1: 1, 2: 2, 3: 3, 4: 4, 5: 5, 6: 6, 7: 7, 8: 8, 9: 9, 10: 10, 11: 11, 12: 12, 13: 13, 14: 14, 15: 15, 16: 16, 17: 17, 18: 18, 19: 19, 20: 20, 21: 21, 22: 22, 23: 23, 24: 24, 25: 25, 26: 26, 27: 27, 28: 28, 29: 29, 30: 30, 31: 31, 32: 32, 33: 33, 34: 34, 35: 35, 36: 36, 37: 37, 38: 38, 39: 39, 40: 40, 41: 41, 42: 42, 43: 43, 44: 44, 45: 45, 46: 46, 47: 47, 48: 48, 49: 49, 50: 50, 51: 51, 52: 52, 53: 53, 54: 54, 55: 55, 56: 56, 57: 57, 58: 58, 59: 59, 60: 60, 61: 61, 62: 62, 63: 63, 64: 64, 65: 65, 66: 66, 67: 67, 68: 68, 69: 69, 70: 70, 71: 71, 72: 72, 73: 73, 74: 74, 75: 75, 76: 76, 77: 77, 78: 78, 79: 79, 80: 80, 81: 81, 82: 82, 83: 83, 84: 84, 85: 85, 86: 86, 87: 87, 88: 88, 89: 89, 90: 90, 91: 91, 92: 92, 93: 93, 94: 94, 95: 95, 96: 96, 97: 97, 98: 98, 99: 99, 100: 100, 101: 101, 102: 102, 103: 103, 104: 104, 105: 105, 106: 106, 107: 107, 108: 108, 109: 109, 110: 110, 111: 111, 112: 112, 113: 113, 114: 114, 115: 115, 116: 116, 117: 117, 118: 118, 119: 119, 120: 120, 121: 121, 122: 122, 123: 123, 124: 124, 125: 125, 126: 126, 127: 127, 128: 128, 129: 129, 130: 130, 131: 131, 132: 132, 133: 133, 134: 134, 135: 135, 136: 136, 137: 137, 138: 138, 139: 139, 140: 140, 141: 141, 142: 142, 143: 143, 144: 144, 145: 145, 146: 146, 147: 147, 148: 148, 149: 149, 150: 150, 151: 151, 152: 152, 153: 153, 154: 154, 155: 155, 156: 156, 157: 157, 158: 158, 159: 159, 160: 160, 161: 161, 162: 162, 163: 163, 164: 164, 165: 165, 166: 166, 167: 167, 168: 168, 169: 169, 170: 170, 171: 171, 172: 172, 173: 173, 174: 174, 175: 175, 176: 176, 177: 177, 178: 178, 179: 179, 180: 180, 181: 181, 182: 182, 183: 183, 184: 184, 185: 185, 186: 186, 187: 187, 188: 188, 189: 189, 190: 190, 191: 191, 192: 192, 193: 193, 194: 194, 195: 195, 196: 196, 197: 197, 198: 198, 199: 199, 200: 200, 201: 201, 202: 202, 203: 203, 204: 204, 205: 205, 206: 206, 207: 207, 208: 208, 209: 209, 210: 210, 211: 211, 212: 212, 213: 213, 214: 214, 215: 215, 216: 216, 217: 217, 218: 218, 219: 219, 220: 220, 221: 221, 222: 222, 223: 223, 224: 224, 225: 225, 226: 226, 227: 227, 228: 228, 229: 229, 230: 230, 231: 231, 232: 232, 233: 233, 234: 234, 235: 235, 236: 236, 237: 237, 238: 238, 239: 239, 240: 240, 241: 241, 242: 242, 243: 243, 244: 244, 245: 245, 246: 246, 247: 247, 248: 248, 249: 249, 250: 250, 251: 251, 252: 252, 253: 253, 254: 254, 255: 255, 256: 256, 257: 257, 258: 258, 259: 259, 260: 260, 261: 261, 262: 262, 263: 263, 264: 264, 265: 265, 266: 266, 267: 267, 268: 268, 269: 269, 270: 270, 271: 271, 272: 272, 273: 273, 274: 274, 275: 275, 276: 276, 277: 277, 278: 278, 279: 279, 280: 280, 281: 281, 282: 282, 283: 283, 284: 284, 285: 285, 286: 286, 287: 287, 288: 288, 289: 289, 290: 290, 291: 291, 292: 292, 293: 293, 294: 294, 295: 295, 296: 296, 297: 297, 298: 298, 299: 299, 300: 300, 301: 301, 302: 302, 303: 303, 304: 304, 305: 305, 306: 306, 307: 307, 308: 308, 309: 309, 310: 310, 311: 311, 312: 312, 313: 313, 314: 314, 315: 315, 316: 316, 317: 317, 318: 318, 319: 319, 320: 320, 321: 321, 322: 322, 323: 323, 324: 324, 325: 325, 326: 326, 327: 327, 328: 328, 329: 329, 330: 330, 331: 331, 332: 332, 333: 333, 334: 334, 335: 335, 336: 336, 337: 337, 338: 338, 339: 339, 340: 340, 341: 341, 342: 342, 343: 343, 344: 344, 345: 345, 346: 346, 347: 347, 348: 348, 349: 349, 350: 350, 351: 351, 352: 352, 353: 353, 354: 354, 355: 355, 356: 356, 357: 357, 358: 358, 359: 359, 360: 360, 361: 361, 362: 362, 363: 363, 364: 364, 365: 365, 366: 366, 367: 367, 368: 368, 369: 369, 370: 370, 371: 371, 372: 372, 373: 373, 374: 374, 375: 375, 376: 376, 377: 377, 378: 378, 379: 379, 380: 380, 381: 381, 382: 382, 383: 383, 384: 384, 385: 385, 386: 386, 387: 387, 388: 388, 389: 389, 390: 390, 391: 391, 392: 392, 393: 393, 394: 394, 395: 395, 396: 396, 397: 397, 398: 398, 399: 399, 400: 400, 401: 401, 402: 402, 403: 403, 404: 404, 405: 405, 406: 406, 407: 407, 408: 408, 409: 409, 410: 410, 411: 411, 412: 412, 413: 413, 414: 414, 415: 415, 416: 416, 417: 417, 418: 418, 419: 419, 420: 420, 421: 421, 422: 422, 424: 423, 425: 424, 426: 425, 427: 426, 428: 427, 429: 428, 430: 429, 431: 430, 432: 431, 433: 432, 434: 433, 435: 434, 436: 435, 437: 436, 438: 437, 439: 438, 441: 439, 442: 440, 443: 441, 445: 442, 447: 443, 448: 444, 449: 445, 450: 446, 451: 447, 452: 448, 454: 449, 456: 450, 457: 451, 458: 452, 459: 453, 460: 454, 461: 455, 462: 456, 463: 457, 464: 458, 465: 459, 466: 460, 467: 461, 468: 462, 469: 463, 470: 464, 471: 465, 472: 466, 473: 467, 474: 468, 475: 469, 476: 470, 477: 471, 478: 472, 479: 473, 480: 474, 481: 475, 482: 476, 483: 477, 484: 478, 485: 479, 486: 480, 488: 481, 489: 482, 490: 483, 491: 484, 492: 485, 493: 486, 494: 487, 496: 488, 497: 489, 498: 490, 499: 491, 500: 492, 501: 493, 502: 494, 503: 495, 505: 496, 506: 497, 507: 498, 509: 499, 510: 500, 511: 501, 512: 502, 513: 503, 514: 504, 515: 505, 516: 506, 517: 507, 519: 508, 520: 509, 521: 510, 522: 511, 523: 512, 524: 513, 525: 514, 526: 515, 529: 516, 530: 517, 531: 518, 532: 519, 533: 520, 534: 521, 535: 522, 536: 523, 537: 524, 538: 525, 539: 526, 540: 527, 541: 528, 542: 529, 543: 530, 544: 531, 545: 532, 546: 533, 547: 534, 548: 535, 549: 536, 550: 537, 551: 538, 552: 539, 553: 540, 554: 541, 555: 542, 556: 543, 557: 544, 558: 545, 561: 546, 562: 547, 564: 548, 565: 549, 566: 550, 567: 551, 568: 552, 569: 553, 570: 554, 571: 555, 572: 556, 573: 557, 574: 558, 575: 559, 576: 560, 577: 561, 578: 562, 579: 563, 580: 564, 581: 565, 582: 566, 583: 567, 584: 568, 585: 569, 586: 570, 587: 571, 588: 572, 589: 573, 591: 574, 592: 575, 593: 576, 594: 577, 595: 578, 596: 579, 597: 580, 598: 581, 599: 582, 600: 583, 601: 584, 602: 585, 603: 586, 604: 587, 605: 588, 606: 589, 607: 590, 608: 591, 609: 592, 610: 593, 611: 594, 612: 595, 613: 596, 614: 597, 615: 598, 616: 599, 617: 600, 618: 601, 621: 602, 622: 603, 623: 604, 624: 605, 625: 606, 626: 607, 627: 608, 628: 609, 629: 610, 630: 611, 631: 612, 633: 613, 634: 614, 635: 615, 636: 616, 637: 617, 638: 618, 639: 619, 640: 620, 641: 621, 642: 622, 643: 623, 644: 624, 645: 625, 646: 626, 647: 627, 649: 628, 651: 629, 652: 630, 653: 631, 654: 632, 655: 633, 656: 634, 657: 635, 658: 636, 659: 637, 660: 638, 661: 639, 662: 640, 663: 641, 666: 642, 667: 643, 668: 644, 669: 645, 670: 646, 672: 647, 674: 648, 675: 649, 676: 650, 677: 651, 678: 652, 679: 653, 680: 654, 682: 655, 683: 656, 684: 657, 685: 658, 686: 659, 687: 660, 688: 661, 689: 662, 690: 663, 691: 664, 692: 665, 693: 666, 694: 667, 695: 668, 696: 669, 697: 670, 698: 671, 699: 672, 700: 673, 701: 674, 702: 675, 703: 676, 704: 677, 705: 678, 706: 679, 708: 680, 709: 681, 710: 682, 711: 683, 712: 684, 713: 685, 714: 686, 715: 687, 716: 688, 717: 689, 718: 690, 719: 691, 721: 692, 722: 693, 723: 694, 724: 695, 725: 696, 726: 697, 727: 698, 728: 699, 729: 700, 730: 701, 731: 702, 732: 703, 733: 704, 734: 705, 735: 706, 736: 707, 738: 708, 739: 709, 740: 710, 741: 711, 743: 712, 744: 713, 746: 714, 747: 715, 748: 716, 749: 717, 750: 718, 751: 719, 752: 720, 753: 721, 754: 722, 755: 723, 756: 724, 757: 725, 758: 726, 759: 727, 760: 728, 761: 729, 762: 730, 763: 731, 764: 732, 766: 733, 767: 734, 768: 735, 769: 736, 770: 737, 771: 738, 772: 739, 773: 740, 774: 741, 775: 742, 776: 743, 777: 744, 778: 745, 779: 746, 780: 747, 781: 748, 783: 749, 784: 750, 785: 751, 786: 752, 787: 753, 788: 754, 789: 755, 790: 756, 791: 757, 792: 758, 793: 759, 794: 760, 795: 761, 796: 762, 797: 763, 798: 764, 799: 765, 800: 766, 801: 767, 802: 768, 803: 769, 804: 770, 805: 771, 806: 772, 807: 773, 808: 774, 809: 775, 810: 776, 811: 777, 812: 778, 813: 779, 814: 780, 815: 781, 816: 782, 817: 783, 819: 784, 820: 785, 821: 786, 822: 787, 823: 788, 824: 789, 825: 790, 826: 791, 827: 792, 828: 793, 829: 794, 830: 795, 831: 796, 832: 797, 833: 798, 834: 799, 835: 800, 836: 801, 837: 802, 838: 803, 839: 804, 840: 805, 841: 806, 842: 807, 843: 808, 844: 809, 845: 810, 847: 811, 848: 812, 849: 813, 850: 814, 851: 815, 852: 816, 853: 817, 854: 818, 855: 819, 856: 820, 857: 821, 858: 822, 859: 823, 860: 824, 861: 825, 862: 826, 863: 827, 864: 828, 865: 829, 866: 830, 867: 831, 869: 832, 870: 833, 871: 834, 872: 835, 873: 836, 874: 837, 875: 838, 876: 839, 877: 840, 879: 841, 880: 842, 881: 843, 882: 844, 883: 845, 884: 846, 885: 847, 886: 848, 887: 849, 888: 850, 889: 851, 890: 852, 891: 853, 892: 854, 893: 855, 894: 856, 895: 857, 896: 858, 897: 859, 899: 860, 900: 861, 901: 862, 902: 863, 903: 864, 904: 865, 905: 866, 906: 867, 908: 868, 909: 869, 910: 870, 911: 871, 912: 872, 913: 873, 914: 874, 915: 875, 916: 876, 918: 877, 919: 878, 920: 879, 921: 880, 922: 881, 923: 882, 924: 883, 925: 884, 926: 885, 927: 886, 928: 887, 929: 888, 930: 889, 931: 890, 932: 891, 933: 892, 934: 893, 935: 894, 936: 895, 937: 896, 938: 897, 939: 898, 940: 899, 941: 900, 942: 901, 943: 902, 944: 903, 945: 904, 946: 905, 947: 906, 948: 907, 949: 908, 950: 909, 951: 910, 952: 911, 953: 912, 954: 913, 955: 914, 956: 915, 957: 916, 958: 917, 959: 918, 960: 919, 961: 920, 962: 921, 963: 922, 964: 923, 965: 924, 966: 925, 967: 926, 969: 927, 970: 928, 971: 929, 972: 930, 973: 931, 974: 932, 975: 933, 976: 934, 977: 935, 978: 936, 979: 937, 980: 938, 981: 939, 982: 940, 983: 941, 984: 942, 985: 943, 986: 944, 987: 945, 988: 946, 989: 947, 990: 948, 991: 949, 992: 950, 993: 951, 994: 952, 995: 953, 996: 954, 997: 955, 998: 956, 999: 957}
training set
799
validating   set
125
when creating the model, the number of classes are
958
=> creating model 'alexnet'
Use GPU: 2 for training
----------------------------------------
training directory:/data/gpfs/datasets/Imagenet/train_blurred

validating directory:/data/gpfs/datasets/Imagenet/val_blurred

----------------------------------------
Dataset ImageFolder
    Number of datapoints: 1281066
    Root location: /data/gpfs/datasets/Imagenet/train_blurred
    StandardTransform
Transform: Compose(
               Resize(size=256, interpolation=bilinear, max_size=None, antialias=None)
               CenterCrop(size=(224, 224))
               ToTensor()
               Normalize(mean=[0.485, 0.456, 0.406], std=[0.229, 0.224, 0.225])
           )
----------------------------------------
Dataset ImageFolder
    Number of datapoints: 49997
    Root location: /data/gpfs/datasets/Imagenet/val_blurred
    StandardTransform
Transform: Compose(
               Resize(size=256, interpolation=bilinear, max_size=None, antialias=None)
               CenterCrop(size=(224, 224))
               ToTensor()
               Normalize(mean=[0.485, 0.456, 0.406], std=[0.229, 0.224, 0.225])
           )
----------------------------------------
            0                      1
0   n02791124           barber_chair
1   n02823428            beer_bottle
2   n02835271  bicycle-built-for-two
3   n02840245                 binder
4   n02870880               bookcase
5   n02877765              bottlecap
6   n02992529     cellular_telephone
7   n03018349          china_cabinet
8   n03063599             coffee_mug
9   n03085013      computer_keyboard
10  n03127747           crash_helmet
11  n03180011       desktop_computer
12  n03187595         dial_telephone
13  n03376595          folding_chair
14  n03379051        football_helmet
15  n03388183           fountain_pen
16  n03485407     hand-held_computer
17  n03637318              lampshade
18  n03642806                 laptop
19  n03691459            loudspeaker
20  n03742115         medicine_chest
21  n03759954             microphone
22  n03782006                monitor
23  n03785016                  moped
24  n03792782          mountain_bike
25  n03793489                  mouse
26  n03832673               notebook
27  n03902125              pay-phone
28  n03937543            pill_bottle
29  n03983396             pop_bottle
30  n04004767                printer
31  n04009552              projector
32  n04099969          rocking_chair
33  n04152593                 screen
34  n04286575              spotlight
35  n04380533             table_lamp
36  n04476259                   tray
37  n04505470    typewriter_keyboard
38  n04557648           water_bottle
39  n04591713            wine_bottle
40  n06596364             comic_book
41  n07930864                    cup
+---+---+---+---+---+---+---+---+---+---+---+---+---+---+---+---+---+---+---+---
958
42
+---+---+---+---+---+---+---+---+---+---+---+---+---+---+---+---+---+---+---+---
1226767
47897
{0: 0, 1: 1, 2: 2, 3: 3, 4: 4, 5: 5, 6: 6, 7: 7, 8: 8, 9: 9, 10: 10, 11: 11, 12: 12, 13: 13, 14: 14, 15: 15, 16: 16, 17: 17, 18: 18, 19: 19, 20: 20, 21: 21, 22: 22, 23: 23, 24: 24, 25: 25, 26: 26, 27: 27, 28: 28, 29: 29, 30: 30, 31: 31, 32: 32, 33: 33, 34: 34, 35: 35, 36: 36, 37: 37, 38: 38, 39: 39, 40: 40, 41: 41, 42: 42, 43: 43, 44: 44, 45: 45, 46: 46, 47: 47, 48: 48, 49: 49, 50: 50, 51: 51, 52: 52, 53: 53, 54: 54, 55: 55, 56: 56, 57: 57, 58: 58, 59: 59, 60: 60, 61: 61, 62: 62, 63: 63, 64: 64, 65: 65, 66: 66, 67: 67, 68: 68, 69: 69, 70: 70, 71: 71, 72: 72, 73: 73, 74: 74, 75: 75, 76: 76, 77: 77, 78: 78, 79: 79, 80: 80, 81: 81, 82: 82, 83: 83, 84: 84, 85: 85, 86: 86, 87: 87, 88: 88, 89: 89, 90: 90, 91: 91, 92: 92, 93: 93, 94: 94, 95: 95, 96: 96, 97: 97, 98: 98, 99: 99, 100: 100, 101: 101, 102: 102, 103: 103, 104: 104, 105: 105, 106: 106, 107: 107, 108: 108, 109: 109, 110: 110, 111: 111, 112: 112, 113: 113, 114: 114, 115: 115, 116: 116, 117: 117, 118: 118, 119: 119, 120: 120, 121: 121, 122: 122, 123: 123, 124: 124, 125: 125, 126: 126, 127: 127, 128: 128, 129: 129, 130: 130, 131: 131, 132: 132, 133: 133, 134: 134, 135: 135, 136: 136, 137: 137, 138: 138, 139: 139, 140: 140, 141: 141, 142: 142, 143: 143, 144: 144, 145: 145, 146: 146, 147: 147, 148: 148, 149: 149, 150: 150, 151: 151, 152: 152, 153: 153, 154: 154, 155: 155, 156: 156, 157: 157, 158: 158, 159: 159, 160: 160, 161: 161, 162: 162, 163: 163, 164: 164, 165: 165, 166: 166, 167: 167, 168: 168, 169: 169, 170: 170, 171: 171, 172: 172, 173: 173, 174: 174, 175: 175, 176: 176, 177: 177, 178: 178, 179: 179, 180: 180, 181: 181, 182: 182, 183: 183, 184: 184, 185: 185, 186: 186, 187: 187, 188: 188, 189: 189, 190: 190, 191: 191, 192: 192, 193: 193, 194: 194, 195: 195, 196: 196, 197: 197, 198: 198, 199: 199, 200: 200, 201: 201, 202: 202, 203: 203, 204: 204, 205: 205, 206: 206, 207: 207, 208: 208, 209: 209, 210: 210, 211: 211, 212: 212, 213: 213, 214: 214, 215: 215, 216: 216, 217: 217, 218: 218, 219: 219, 220: 220, 221: 221, 222: 222, 223: 223, 224: 224, 225: 225, 226: 226, 227: 227, 228: 228, 229: 229, 230: 230, 231: 231, 232: 232, 233: 233, 234: 234, 235: 235, 236: 236, 237: 237, 238: 238, 239: 239, 240: 240, 241: 241, 242: 242, 243: 243, 244: 244, 245: 245, 246: 246, 247: 247, 248: 248, 249: 249, 250: 250, 251: 251, 252: 252, 253: 253, 254: 254, 255: 255, 256: 256, 257: 257, 258: 258, 259: 259, 260: 260, 261: 261, 262: 262, 263: 263, 264: 264, 265: 265, 266: 266, 267: 267, 268: 268, 269: 269, 270: 270, 271: 271, 272: 272, 273: 273, 274: 274, 275: 275, 276: 276, 277: 277, 278: 278, 279: 279, 280: 280, 281: 281, 282: 282, 283: 283, 284: 284, 285: 285, 286: 286, 287: 287, 288: 288, 289: 289, 290: 290, 291: 291, 292: 292, 293: 293, 294: 294, 295: 295, 296: 296, 297: 297, 298: 298, 299: 299, 300: 300, 301: 301, 302: 302, 303: 303, 304: 304, 305: 305, 306: 306, 307: 307, 308: 308, 309: 309, 310: 310, 311: 311, 312: 312, 313: 313, 314: 314, 315: 315, 316: 316, 317: 317, 318: 318, 319: 319, 320: 320, 321: 321, 322: 322, 323: 323, 324: 324, 325: 325, 326: 326, 327: 327, 328: 328, 329: 329, 330: 330, 331: 331, 332: 332, 333: 333, 334: 334, 335: 335, 336: 336, 337: 337, 338: 338, 339: 339, 340: 340, 341: 341, 342: 342, 343: 343, 344: 344, 345: 345, 346: 346, 347: 347, 348: 348, 349: 349, 350: 350, 351: 351, 352: 352, 353: 353, 354: 354, 355: 355, 356: 356, 357: 357, 358: 358, 359: 359, 360: 360, 361: 361, 362: 362, 363: 363, 364: 364, 365: 365, 366: 366, 367: 367, 368: 368, 369: 369, 370: 370, 371: 371, 372: 372, 373: 373, 374: 374, 375: 375, 376: 376, 377: 377, 378: 378, 379: 379, 380: 380, 381: 381, 382: 382, 383: 383, 384: 384, 385: 385, 386: 386, 387: 387, 388: 388, 389: 389, 390: 390, 391: 391, 392: 392, 393: 393, 394: 394, 395: 395, 396: 396, 397: 397, 398: 398, 399: 399, 400: 400, 401: 401, 402: 402, 403: 403, 404: 404, 405: 405, 406: 406, 407: 407, 408: 408, 409: 409, 410: 410, 411: 411, 412: 412, 413: 413, 414: 414, 415: 415, 416: 416, 417: 417, 418: 418, 419: 419, 420: 420, 421: 421, 422: 422, 424: 423, 425: 424, 426: 425, 427: 426, 428: 427, 429: 428, 430: 429, 431: 430, 432: 431, 433: 432, 434: 433, 435: 434, 436: 435, 437: 436, 438: 437, 439: 438, 441: 439, 442: 440, 443: 441, 445: 442, 447: 443, 448: 444, 449: 445, 450: 446, 451: 447, 452: 448, 454: 449, 456: 450, 457: 451, 458: 452, 459: 453, 460: 454, 461: 455, 462: 456, 463: 457, 464: 458, 465: 459, 466: 460, 467: 461, 468: 462, 469: 463, 470: 464, 471: 465, 472: 466, 473: 467, 474: 468, 475: 469, 476: 470, 477: 471, 478: 472, 479: 473, 480: 474, 481: 475, 482: 476, 483: 477, 484: 478, 485: 479, 486: 480, 488: 481, 489: 482, 490: 483, 491: 484, 492: 485, 493: 486, 494: 487, 496: 488, 497: 489, 498: 490, 499: 491, 500: 492, 501: 493, 502: 494, 503: 495, 505: 496, 506: 497, 507: 498, 509: 499, 510: 500, 511: 501, 512: 502, 513: 503, 514: 504, 515: 505, 516: 506, 517: 507, 519: 508, 520: 509, 521: 510, 522: 511, 523: 512, 524: 513, 525: 514, 526: 515, 529: 516, 530: 517, 531: 518, 532: 519, 533: 520, 534: 521, 535: 522, 536: 523, 537: 524, 538: 525, 539: 526, 540: 527, 541: 528, 542: 529, 543: 530, 544: 531, 545: 532, 546: 533, 547: 534, 548: 535, 549: 536, 550: 537, 551: 538, 552: 539, 553: 540, 554: 541, 555: 542, 556: 543, 557: 544, 558: 545, 561: 546, 562: 547, 564: 548, 565: 549, 566: 550, 567: 551, 568: 552, 569: 553, 570: 554, 571: 555, 572: 556, 573: 557, 574: 558, 575: 559, 576: 560, 577: 561, 578: 562, 579: 563, 580: 564, 581: 565, 582: 566, 583: 567, 584: 568, 585: 569, 586: 570, 587: 571, 588: 572, 589: 573, 591: 574, 592: 575, 593: 576, 594: 577, 595: 578, 596: 579, 597: 580, 598: 581, 599: 582, 600: 583, 601: 584, 602: 585, 603: 586, 604: 587, 605: 588, 606: 589, 607: 590, 608: 591, 609: 592, 610: 593, 611: 594, 612: 595, 613: 596, 614: 597, 615: 598, 616: 599, 617: 600, 618: 601, 621: 602, 622: 603, 623: 604, 624: 605, 625: 606, 626: 607, 627: 608, 628: 609, 629: 610, 630: 611, 631: 612, 633: 613, 634: 614, 635: 615, 636: 616, 637: 617, 638: 618, 639: 619, 640: 620, 641: 621, 642: 622, 643: 623, 644: 624, 645: 625, 646: 626, 647: 627, 649: 628, 651: 629, 652: 630, 653: 631, 654: 632, 655: 633, 656: 634, 657: 635, 658: 636, 659: 637, 660: 638, 661: 639, 662: 640, 663: 641, 666: 642, 667: 643, 668: 644, 669: 645, 670: 646, 672: 647, 674: 648, 675: 649, 676: 650, 677: 651, 678: 652, 679: 653, 680: 654, 682: 655, 683: 656, 684: 657, 685: 658, 686: 659, 687: 660, 688: 661, 689: 662, 690: 663, 691: 664, 692: 665, 693: 666, 694: 667, 695: 668, 696: 669, 697: 670, 698: 671, 699: 672, 700: 673, 701: 674, 702: 675, 703: 676, 704: 677, 705: 678, 706: 679, 708: 680, 709: 681, 710: 682, 711: 683, 712: 684, 713: 685, 714: 686, 715: 687, 716: 688, 717: 689, 718: 690, 719: 691, 721: 692, 722: 693, 723: 694, 724: 695, 725: 696, 726: 697, 727: 698, 728: 699, 729: 700, 730: 701, 731: 702, 732: 703, 733: 704, 734: 705, 735: 706, 736: 707, 738: 708, 739: 709, 740: 710, 741: 711, 743: 712, 744: 713, 746: 714, 747: 715, 748: 716, 749: 717, 750: 718, 751: 719, 752: 720, 753: 721, 754: 722, 755: 723, 756: 724, 757: 725, 758: 726, 759: 727, 760: 728, 761: 729, 762: 730, 763: 731, 764: 732, 766: 733, 767: 734, 768: 735, 769: 736, 770: 737, 771: 738, 772: 739, 773: 740, 774: 741, 775: 742, 776: 743, 777: 744, 778: 745, 779: 746, 780: 747, 781: 748, 783: 749, 784: 750, 785: 751, 786: 752, 787: 753, 788: 754, 789: 755, 790: 756, 791: 757, 792: 758, 793: 759, 794: 760, 795: 761, 796: 762, 797: 763, 798: 764, 799: 765, 800: 766, 801: 767, 802: 768, 803: 769, 804: 770, 805: 771, 806: 772, 807: 773, 808: 774, 809: 775, 810: 776, 811: 777, 812: 778, 813: 779, 814: 780, 815: 781, 816: 782, 817: 783, 819: 784, 820: 785, 821: 786, 822: 787, 823: 788, 824: 789, 825: 790, 826: 791, 827: 792, 828: 793, 829: 794, 830: 795, 831: 796, 832: 797, 833: 798, 834: 799, 835: 800, 836: 801, 837: 802, 838: 803, 839: 804, 840: 805, 841: 806, 842: 807, 843: 808, 844: 809, 845: 810, 847: 811, 848: 812, 849: 813, 850: 814, 851: 815, 852: 816, 853: 817, 854: 818, 855: 819, 856: 820, 857: 821, 858: 822, 859: 823, 860: 824, 861: 825, 862: 826, 863: 827, 864: 828, 865: 829, 866: 830, 867: 831, 869: 832, 870: 833, 871: 834, 872: 835, 873: 836, 874: 837, 875: 838, 876: 839, 877: 840, 879: 841, 880: 842, 881: 843, 882: 844, 883: 845, 884: 846, 885: 847, 886: 848, 887: 849, 888: 850, 889: 851, 890: 852, 891: 853, 892: 854, 893: 855, 894: 856, 895: 857, 896: 858, 897: 859, 899: 860, 900: 861, 901: 862, 902: 863, 903: 864, 904: 865, 905: 866, 906: 867, 908: 868, 909: 869, 910: 870, 911: 871, 912: 872, 913: 873, 914: 874, 915: 875, 916: 876, 918: 877, 919: 878, 920: 879, 921: 880, 922: 881, 923: 882, 924: 883, 925: 884, 926: 885, 927: 886, 928: 887, 929: 888, 930: 889, 931: 890, 932: 891, 933: 892, 934: 893, 935: 894, 936: 895, 937: 896, 938: 897, 939: 898, 940: 899, 941: 900, 942: 901, 943: 902, 944: 903, 945: 904, 946: 905, 947: 906, 948: 907, 949: 908, 950: 909, 951: 910, 952: 911, 953: 912, 954: 913, 955: 914, 956: 915, 957: 916, 958: 917, 959: 918, 960: 919, 961: 920, 962: 921, 963: 922, 964: 923, 965: 924, 966: 925, 967: 926, 969: 927, 970: 928, 971: 929, 972: 930, 973: 931, 974: 932, 975: 933, 976: 934, 977: 935, 978: 936, 979: 937, 980: 938, 981: 939, 982: 940, 983: 941, 984: 942, 985: 943, 986: 944, 987: 945, 988: 946, 989: 947, 990: 948, 991: 949, 992: 950, 993: 951, 994: 952, 995: 953, 996: 954, 997: 955, 998: 956, 999: 957}
training set
799
validating   set
125
when creating the model, the number of classes are
958
=> creating model 'alexnet'
Use GPU: 3 for training
----------------------------------------
training directory:/data/gpfs/datasets/Imagenet/train_blurred

validating directory:/data/gpfs/datasets/Imagenet/val_blurred

----------------------------------------
Dataset ImageFolder
    Number of datapoints: 1281066
    Root location: /data/gpfs/datasets/Imagenet/train_blurred
    StandardTransform
Transform: Compose(
               Resize(size=256, interpolation=bilinear, max_size=None, antialias=None)
               CenterCrop(size=(224, 224))
               ToTensor()
               Normalize(mean=[0.485, 0.456, 0.406], std=[0.229, 0.224, 0.225])
           )
----------------------------------------
Dataset ImageFolder
    Number of datapoints: 49997
    Root location: /data/gpfs/datasets/Imagenet/val_blurred
    StandardTransform
Transform: Compose(
               Resize(size=256, interpolation=bilinear, max_size=None, antialias=None)
               CenterCrop(size=(224, 224))
               ToTensor()
               Normalize(mean=[0.485, 0.456, 0.406], std=[0.229, 0.224, 0.225])
           )
----------------------------------------
            0                      1
0   n02791124           barber_chair
1   n02823428            beer_bottle
2   n02835271  bicycle-built-for-two
3   n02840245                 binder
4   n02870880               bookcase
5   n02877765              bottlecap
6   n02992529     cellular_telephone
7   n03018349          china_cabinet
8   n03063599             coffee_mug
9   n03085013      computer_keyboard
10  n03127747           crash_helmet
11  n03180011       desktop_computer
12  n03187595         dial_telephone
13  n03376595          folding_chair
14  n03379051        football_helmet
15  n03388183           fountain_pen
16  n03485407     hand-held_computer
17  n03637318              lampshade
18  n03642806                 laptop
19  n03691459            loudspeaker
20  n03742115         medicine_chest
21  n03759954             microphone
22  n03782006                monitor
23  n03785016                  moped
24  n03792782          mountain_bike
25  n03793489                  mouse
26  n03832673               notebook
27  n03902125              pay-phone
28  n03937543            pill_bottle
29  n03983396             pop_bottle
30  n04004767                printer
31  n04009552              projector
32  n04099969          rocking_chair
33  n04152593                 screen
34  n04286575              spotlight
35  n04380533             table_lamp
36  n04476259                   tray
37  n04505470    typewriter_keyboard
38  n04557648           water_bottle
39  n04591713            wine_bottle
40  n06596364             comic_book
41  n07930864                    cup
+---+---+---+---+---+---+---+---+---+---+---+---+---+---+---+---+---+---+---+---
958
42
+---+---+---+---+---+---+---+---+---+---+---+---+---+---+---+---+---+---+---+---
1226767
47897
{0: 0, 1: 1, 2: 2, 3: 3, 4: 4, 5: 5, 6: 6, 7: 7, 8: 8, 9: 9, 10: 10, 11: 11, 12: 12, 13: 13, 14: 14, 15: 15, 16: 16, 17: 17, 18: 18, 19: 19, 20: 20, 21: 21, 22: 22, 23: 23, 24: 24, 25: 25, 26: 26, 27: 27, 28: 28, 29: 29, 30: 30, 31: 31, 32: 32, 33: 33, 34: 34, 35: 35, 36: 36, 37: 37, 38: 38, 39: 39, 40: 40, 41: 41, 42: 42, 43: 43, 44: 44, 45: 45, 46: 46, 47: 47, 48: 48, 49: 49, 50: 50, 51: 51, 52: 52, 53: 53, 54: 54, 55: 55, 56: 56, 57: 57, 58: 58, 59: 59, 60: 60, 61: 61, 62: 62, 63: 63, 64: 64, 65: 65, 66: 66, 67: 67, 68: 68, 69: 69, 70: 70, 71: 71, 72: 72, 73: 73, 74: 74, 75: 75, 76: 76, 77: 77, 78: 78, 79: 79, 80: 80, 81: 81, 82: 82, 83: 83, 84: 84, 85: 85, 86: 86, 87: 87, 88: 88, 89: 89, 90: 90, 91: 91, 92: 92, 93: 93, 94: 94, 95: 95, 96: 96, 97: 97, 98: 98, 99: 99, 100: 100, 101: 101, 102: 102, 103: 103, 104: 104, 105: 105, 106: 106, 107: 107, 108: 108, 109: 109, 110: 110, 111: 111, 112: 112, 113: 113, 114: 114, 115: 115, 116: 116, 117: 117, 118: 118, 119: 119, 120: 120, 121: 121, 122: 122, 123: 123, 124: 124, 125: 125, 126: 126, 127: 127, 128: 128, 129: 129, 130: 130, 131: 131, 132: 132, 133: 133, 134: 134, 135: 135, 136: 136, 137: 137, 138: 138, 139: 139, 140: 140, 141: 141, 142: 142, 143: 143, 144: 144, 145: 145, 146: 146, 147: 147, 148: 148, 149: 149, 150: 150, 151: 151, 152: 152, 153: 153, 154: 154, 155: 155, 156: 156, 157: 157, 158: 158, 159: 159, 160: 160, 161: 161, 162: 162, 163: 163, 164: 164, 165: 165, 166: 166, 167: 167, 168: 168, 169: 169, 170: 170, 171: 171, 172: 172, 173: 173, 174: 174, 175: 175, 176: 176, 177: 177, 178: 178, 179: 179, 180: 180, 181: 181, 182: 182, 183: 183, 184: 184, 185: 185, 186: 186, 187: 187, 188: 188, 189: 189, 190: 190, 191: 191, 192: 192, 193: 193, 194: 194, 195: 195, 196: 196, 197: 197, 198: 198, 199: 199, 200: 200, 201: 201, 202: 202, 203: 203, 204: 204, 205: 205, 206: 206, 207: 207, 208: 208, 209: 209, 210: 210, 211: 211, 212: 212, 213: 213, 214: 214, 215: 215, 216: 216, 217: 217, 218: 218, 219: 219, 220: 220, 221: 221, 222: 222, 223: 223, 224: 224, 225: 225, 226: 226, 227: 227, 228: 228, 229: 229, 230: 230, 231: 231, 232: 232, 233: 233, 234: 234, 235: 235, 236: 236, 237: 237, 238: 238, 239: 239, 240: 240, 241: 241, 242: 242, 243: 243, 244: 244, 245: 245, 246: 246, 247: 247, 248: 248, 249: 249, 250: 250, 251: 251, 252: 252, 253: 253, 254: 254, 255: 255, 256: 256, 257: 257, 258: 258, 259: 259, 260: 260, 261: 261, 262: 262, 263: 263, 264: 264, 265: 265, 266: 266, 267: 267, 268: 268, 269: 269, 270: 270, 271: 271, 272: 272, 273: 273, 274: 274, 275: 275, 276: 276, 277: 277, 278: 278, 279: 279, 280: 280, 281: 281, 282: 282, 283: 283, 284: 284, 285: 285, 286: 286, 287: 287, 288: 288, 289: 289, 290: 290, 291: 291, 292: 292, 293: 293, 294: 294, 295: 295, 296: 296, 297: 297, 298: 298, 299: 299, 300: 300, 301: 301, 302: 302, 303: 303, 304: 304, 305: 305, 306: 306, 307: 307, 308: 308, 309: 309, 310: 310, 311: 311, 312: 312, 313: 313, 314: 314, 315: 315, 316: 316, 317: 317, 318: 318, 319: 319, 320: 320, 321: 321, 322: 322, 323: 323, 324: 324, 325: 325, 326: 326, 327: 327, 328: 328, 329: 329, 330: 330, 331: 331, 332: 332, 333: 333, 334: 334, 335: 335, 336: 336, 337: 337, 338: 338, 339: 339, 340: 340, 341: 341, 342: 342, 343: 343, 344: 344, 345: 345, 346: 346, 347: 347, 348: 348, 349: 349, 350: 350, 351: 351, 352: 352, 353: 353, 354: 354, 355: 355, 356: 356, 357: 357, 358: 358, 359: 359, 360: 360, 361: 361, 362: 362, 363: 363, 364: 364, 365: 365, 366: 366, 367: 367, 368: 368, 369: 369, 370: 370, 371: 371, 372: 372, 373: 373, 374: 374, 375: 375, 376: 376, 377: 377, 378: 378, 379: 379, 380: 380, 381: 381, 382: 382, 383: 383, 384: 384, 385: 385, 386: 386, 387: 387, 388: 388, 389: 389, 390: 390, 391: 391, 392: 392, 393: 393, 394: 394, 395: 395, 396: 396, 397: 397, 398: 398, 399: 399, 400: 400, 401: 401, 402: 402, 403: 403, 404: 404, 405: 405, 406: 406, 407: 407, 408: 408, 409: 409, 410: 410, 411: 411, 412: 412, 413: 413, 414: 414, 415: 415, 416: 416, 417: 417, 418: 418, 419: 419, 420: 420, 421: 421, 422: 422, 424: 423, 425: 424, 426: 425, 427: 426, 428: 427, 429: 428, 430: 429, 431: 430, 432: 431, 433: 432, 434: 433, 435: 434, 436: 435, 437: 436, 438: 437, 439: 438, 441: 439, 442: 440, 443: 441, 445: 442, 447: 443, 448: 444, 449: 445, 450: 446, 451: 447, 452: 448, 454: 449, 456: 450, 457: 451, 458: 452, 459: 453, 460: 454, 461: 455, 462: 456, 463: 457, 464: 458, 465: 459, 466: 460, 467: 461, 468: 462, 469: 463, 470: 464, 471: 465, 472: 466, 473: 467, 474: 468, 475: 469, 476: 470, 477: 471, 478: 472, 479: 473, 480: 474, 481: 475, 482: 476, 483: 477, 484: 478, 485: 479, 486: 480, 488: 481, 489: 482, 490: 483, 491: 484, 492: 485, 493: 486, 494: 487, 496: 488, 497: 489, 498: 490, 499: 491, 500: 492, 501: 493, 502: 494, 503: 495, 505: 496, 506: 497, 507: 498, 509: 499, 510: 500, 511: 501, 512: 502, 513: 503, 514: 504, 515: 505, 516: 506, 517: 507, 519: 508, 520: 509, 521: 510, 522: 511, 523: 512, 524: 513, 525: 514, 526: 515, 529: 516, 530: 517, 531: 518, 532: 519, 533: 520, 534: 521, 535: 522, 536: 523, 537: 524, 538: 525, 539: 526, 540: 527, 541: 528, 542: 529, 543: 530, 544: 531, 545: 532, 546: 533, 547: 534, 548: 535, 549: 536, 550: 537, 551: 538, 552: 539, 553: 540, 554: 541, 555: 542, 556: 543, 557: 544, 558: 545, 561: 546, 562: 547, 564: 548, 565: 549, 566: 550, 567: 551, 568: 552, 569: 553, 570: 554, 571: 555, 572: 556, 573: 557, 574: 558, 575: 559, 576: 560, 577: 561, 578: 562, 579: 563, 580: 564, 581: 565, 582: 566, 583: 567, 584: 568, 585: 569, 586: 570, 587: 571, 588: 572, 589: 573, 591: 574, 592: 575, 593: 576, 594: 577, 595: 578, 596: 579, 597: 580, 598: 581, 599: 582, 600: 583, 601: 584, 602: 585, 603: 586, 604: 587, 605: 588, 606: 589, 607: 590, 608: 591, 609: 592, 610: 593, 611: 594, 612: 595, 613: 596, 614: 597, 615: 598, 616: 599, 617: 600, 618: 601, 621: 602, 622: 603, 623: 604, 624: 605, 625: 606, 626: 607, 627: 608, 628: 609, 629: 610, 630: 611, 631: 612, 633: 613, 634: 614, 635: 615, 636: 616, 637: 617, 638: 618, 639: 619, 640: 620, 641: 621, 642: 622, 643: 623, 644: 624, 645: 625, 646: 626, 647: 627, 649: 628, 651: 629, 652: 630, 653: 631, 654: 632, 655: 633, 656: 634, 657: 635, 658: 636, 659: 637, 660: 638, 661: 639, 662: 640, 663: 641, 666: 642, 667: 643, 668: 644, 669: 645, 670: 646, 672: 647, 674: 648, 675: 649, 676: 650, 677: 651, 678: 652, 679: 653, 680: 654, 682: 655, 683: 656, 684: 657, 685: 658, 686: 659, 687: 660, 688: 661, 689: 662, 690: 663, 691: 664, 692: 665, 693: 666, 694: 667, 695: 668, 696: 669, 697: 670, 698: 671, 699: 672, 700: 673, 701: 674, 702: 675, 703: 676, 704: 677, 705: 678, 706: 679, 708: 680, 709: 681, 710: 682, 711: 683, 712: 684, 713: 685, 714: 686, 715: 687, 716: 688, 717: 689, 718: 690, 719: 691, 721: 692, 722: 693, 723: 694, 724: 695, 725: 696, 726: 697, 727: 698, 728: 699, 729: 700, 730: 701, 731: 702, 732: 703, 733: 704, 734: 705, 735: 706, 736: 707, 738: 708, 739: 709, 740: 710, 741: 711, 743: 712, 744: 713, 746: 714, 747: 715, 748: 716, 749: 717, 750: 718, 751: 719, 752: 720, 753: 721, 754: 722, 755: 723, 756: 724, 757: 725, 758: 726, 759: 727, 760: 728, 761: 729, 762: 730, 763: 731, 764: 732, 766: 733, 767: 734, 768: 735, 769: 736, 770: 737, 771: 738, 772: 739, 773: 740, 774: 741, 775: 742, 776: 743, 777: 744, 778: 745, 779: 746, 780: 747, 781: 748, 783: 749, 784: 750, 785: 751, 786: 752, 787: 753, 788: 754, 789: 755, 790: 756, 791: 757, 792: 758, 793: 759, 794: 760, 795: 761, 796: 762, 797: 763, 798: 764, 799: 765, 800: 766, 801: 767, 802: 768, 803: 769, 804: 770, 805: 771, 806: 772, 807: 773, 808: 774, 809: 775, 810: 776, 811: 777, 812: 778, 813: 779, 814: 780, 815: 781, 816: 782, 817: 783, 819: 784, 820: 785, 821: 786, 822: 787, 823: 788, 824: 789, 825: 790, 826: 791, 827: 792, 828: 793, 829: 794, 830: 795, 831: 796, 832: 797, 833: 798, 834: 799, 835: 800, 836: 801, 837: 802, 838: 803, 839: 804, 840: 805, 841: 806, 842: 807, 843: 808, 844: 809, 845: 810, 847: 811, 848: 812, 849: 813, 850: 814, 851: 815, 852: 816, 853: 817, 854: 818, 855: 819, 856: 820, 857: 821, 858: 822, 859: 823, 860: 824, 861: 825, 862: 826, 863: 827, 864: 828, 865: 829, 866: 830, 867: 831, 869: 832, 870: 833, 871: 834, 872: 835, 873: 836, 874: 837, 875: 838, 876: 839, 877: 840, 879: 841, 880: 842, 881: 843, 882: 844, 883: 845, 884: 846, 885: 847, 886: 848, 887: 849, 888: 850, 889: 851, 890: 852, 891: 853, 892: 854, 893: 855, 894: 856, 895: 857, 896: 858, 897: 859, 899: 860, 900: 861, 901: 862, 902: 863, 903: 864, 904: 865, 905: 866, 906: 867, 908: 868, 909: 869, 910: 870, 911: 871, 912: 872, 913: 873, 914: 874, 915: 875, 916: 876, 918: 877, 919: 878, 920: 879, 921: 880, 922: 881, 923: 882, 924: 883, 925: 884, 926: 885, 927: 886, 928: 887, 929: 888, 930: 889, 931: 890, 932: 891, 933: 892, 934: 893, 935: 894, 936: 895, 937: 896, 938: 897, 939: 898, 940: 899, 941: 900, 942: 901, 943: 902, 944: 903, 945: 904, 946: 905, 947: 906, 948: 907, 949: 908, 950: 909, 951: 910, 952: 911, 953: 912, 954: 913, 955: 914, 956: 915, 957: 916, 958: 917, 959: 918, 960: 919, 961: 920, 962: 921, 963: 922, 964: 923, 965: 924, 966: 925, 967: 926, 969: 927, 970: 928, 971: 929, 972: 930, 973: 931, 974: 932, 975: 933, 976: 934, 977: 935, 978: 936, 979: 937, 980: 938, 981: 939, 982: 940, 983: 941, 984: 942, 985: 943, 986: 944, 987: 945, 988: 946, 989: 947, 990: 948, 991: 949, 992: 950, 993: 951, 994: 952, 995: 953, 996: 954, 997: 955, 998: 956, 999: 957}
training set
799
validating   set
125
when creating the model, the number of classes are
958
=> creating model 'alexnet'
Epoch: [0][  0/799]	Time 40.871 (40.871)	Data 37.395 (37.395)	Loss 6.8646e+00 (6.8646e+00)	Acc@1   0.26 (  0.26)	Acc@5   0.52 (  0.52)
Epoch: [0][ 20/799]	Time 13.162 ( 5.908)	Data 13.076 ( 5.235)	Loss 6.8653e+00 (6.8649e+00)	Acc@1   0.00 (  0.09)	Acc@5   0.00 (  0.46)
Epoch: [0][ 40/799]	Time 13.108 ( 5.195)	Data 12.969 ( 4.565)	Loss 6.8646e+00 (6.8649e+00)	Acc@1   0.00 (  0.07)	Acc@5   0.26 (  0.48)
Epoch: [0][ 60/799]	Time 11.080 ( 5.115)	Data 11.002 ( 4.157)	Loss 6.8649e+00 (6.8650e+00)	Acc@1   0.00 (  0.06)	Acc@5   1.04 (  0.48)
Epoch: [0][ 80/799]	Time  6.413 ( 5.079)	Data  6.311 ( 4.081)	Loss 6.8643e+00 (6.8649e+00)	Acc@1   0.26 (  0.06)	Acc@5   0.26 (  0.48)
Epoch: [0][100/799]	Time  6.240 ( 5.163)	Data  6.162 ( 4.203)	Loss 6.8648e+00 (6.8649e+00)	Acc@1   0.00 (  0.07)	Acc@5   0.00 (  0.48)
Epoch: [0][120/799]	Time  0.255 ( 5.387)	Data  0.000 ( 4.381)	Loss 6.8639e+00 (6.8649e+00)	Acc@1   0.00 (  0.07)	Acc@5   0.00 (  0.46)
Epoch: [0][140/799]	Time  0.192 ( 5.608)	Data  0.000 ( 4.715)	Loss 6.8654e+00 (6.8649e+00)	Acc@1   0.26 (  0.06)	Acc@5   0.78 (  0.45)
Epoch: [0][160/799]	Time  0.239 ( 5.740)	Data  0.000 ( 4.923)	Loss 6.8645e+00 (6.8649e+00)	Acc@1   0.26 (  0.06)	Acc@5   0.52 (  0.46)
Epoch: [0][180/799]	Time  0.228 ( 5.921)	Data  0.001 ( 5.178)	Loss 6.8647e+00 (6.8648e+00)	Acc@1   0.00 (  0.07)	Acc@5   0.52 (  0.47)
Epoch: [0][200/799]	Time  0.679 ( 6.052)	Data  0.000 ( 5.348)	Loss 6.8642e+00 (6.8648e+00)	Acc@1   0.00 (  0.08)	Acc@5   0.78 (  0.49)
Epoch: [0][220/799]	Time  0.270 ( 6.193)	Data  0.000 ( 5.533)	Loss 6.8644e+00 (6.8648e+00)	Acc@1   0.00 (  0.08)	Acc@5   0.26 (  0.50)
Epoch: [0][240/799]	Time  0.358 ( 6.291)	Data  0.000 ( 5.669)	Loss 6.8652e+00 (6.8648e+00)	Acc@1   0.00 (  0.09)	Acc@5   1.04 (  0.51)
Epoch: [0][260/799]	Time  0.222 ( 6.367)	Data  0.000 ( 5.778)	Loss 6.8645e+00 (6.8648e+00)	Acc@1   0.26 (  0.09)	Acc@5   1.56 (  0.52)
Epoch: [0][280/799]	Time  0.185 ( 6.416)	Data  0.000 ( 5.846)	Loss 6.8643e+00 (6.8648e+00)	Acc@1   0.00 (  0.09)	Acc@5   0.00 (  0.52)
Epoch: [0][300/799]	Time  0.215 ( 6.455)	Data  0.000 ( 5.899)	Loss 6.8648e+00 (6.8648e+00)	Acc@1   0.00 (  0.09)	Acc@5   0.26 (  0.52)
Epoch: [0][320/799]	Time  5.304 ( 6.500)	Data  5.218 ( 5.963)	Loss 6.8651e+00 (6.8648e+00)	Acc@1   0.00 (  0.09)	Acc@5   0.52 (  0.52)
Epoch: [0][340/799]	Time  0.203 ( 6.515)	Data  0.000 ( 5.999)	Loss 6.8656e+00 (6.8647e+00)	Acc@1   0.26 (  0.10)	Acc@5   0.26 (  0.53)
Epoch: [0][360/799]	Time  0.276 ( 6.512)	Data  0.000 ( 6.003)	Loss 6.8646e+00 (6.8647e+00)	Acc@1   0.00 (  0.10)	Acc@5   0.26 (  0.52)
Epoch: [0][380/799]	Time  0.238 ( 6.547)	Data  0.001 ( 6.042)	Loss 6.8651e+00 (6.8647e+00)	Acc@1   0.26 (  0.10)	Acc@5   0.78 (  0.53)
Epoch: [0][400/799]	Time  0.217 ( 6.543)	Data  0.000 ( 6.014)	Loss 6.8632e+00 (6.8647e+00)	Acc@1   0.00 (  0.10)	Acc@5   1.30 (  0.53)
Epoch: [0][420/799]	Time  0.200 ( 6.532)	Data  0.000 ( 5.955)	Loss 6.8649e+00 (6.8646e+00)	Acc@1   0.00 (  0.10)	Acc@5   0.26 (  0.53)
Epoch: [0][440/799]	Time  0.198 ( 6.539)	Data  0.001 ( 5.958)	Loss 6.8643e+00 (6.8646e+00)	Acc@1   0.00 (  0.10)	Acc@5   0.26 (  0.53)
Epoch: [0][460/799]	Time  0.185 ( 6.538)	Data  0.000 ( 5.948)	Loss 6.8640e+00 (6.8646e+00)	Acc@1   0.26 (  0.10)	Acc@5   0.52 (  0.53)
Epoch: [0][480/799]	Time  0.255 ( 6.503)	Data  0.000 ( 5.886)	Loss 6.8632e+00 (6.8645e+00)	Acc@1   0.26 (  0.11)	Acc@5   0.78 (  0.54)
Epoch: [0][500/799]	Time  0.204 ( 6.504)	Data  0.000 ( 5.885)	Loss 6.8654e+00 (6.8645e+00)	Acc@1   0.00 (  0.11)	Acc@5   0.26 (  0.55)
Epoch: [0][520/799]	Time  0.230 ( 6.465)	Data  0.000 ( 5.860)	Loss 6.8626e+00 (6.8645e+00)	Acc@1   0.00 (  0.11)	Acc@5   0.52 (  0.55)
Epoch: [0][540/799]	Time  0.174 ( 6.428)	Data  0.000 ( 5.835)	Loss 6.8610e+00 (6.8644e+00)	Acc@1   0.26 (  0.11)	Acc@5   1.04 (  0.55)
Epoch: [0][560/799]	Time  0.210 ( 6.377)	Data  0.000 ( 5.771)	Loss 6.8627e+00 (6.8643e+00)	Acc@1   0.00 (  0.10)	Acc@5   0.00 (  0.55)
Epoch: [0][580/799]	Time  0.203 ( 6.359)	Data  0.000 ( 5.760)	Loss 6.8606e+00 (6.8642e+00)	Acc@1   0.00 (  0.10)	Acc@5   0.52 (  0.55)
Epoch: [0][600/799]	Time  0.199 ( 6.310)	Data  0.000 ( 5.719)	Loss 6.8492e+00 (6.8640e+00)	Acc@1   0.00 (  0.11)	Acc@5   0.52 (  0.55)
Epoch: [0][620/799]	Time  0.208 ( 6.269)	Data  0.000 ( 5.686)	Loss 6.8499e+00 (6.8638e+00)	Acc@1   0.52 (  0.11)	Acc@5   1.04 (  0.55)
Epoch: [0][640/799]	Time  0.220 ( 6.224)	Data  0.000 ( 5.640)	Loss 6.8457e+00 (6.8636e+00)	Acc@1   0.26 (  0.11)	Acc@5   0.52 (  0.55)
Epoch: [0][660/799]	Time  0.235 ( 6.180)	Data  0.000 ( 5.594)	Loss 6.8540e+00 (6.8633e+00)	Acc@1   0.26 (  0.11)	Acc@5   0.78 (  0.55)
Epoch: [0][680/799]	Time  0.187 ( 6.137)	Data  0.000 ( 5.535)	Loss 6.8449e+00 (6.8629e+00)	Acc@1   0.00 (  0.11)	Acc@5   0.00 (  0.55)
Epoch: [0][700/799]	Time  0.198 ( 6.108)	Data  0.000 ( 5.501)	Loss 6.8394e+00 (6.8624e+00)	Acc@1   0.00 (  0.11)	Acc@5   1.04 (  0.55)
Epoch: [0][720/799]	Time  0.283 ( 6.086)	Data  0.000 ( 5.487)	Loss 6.8510e+00 (6.8620e+00)	Acc@1   0.00 (  0.11)	Acc@5   0.00 (  0.55)
Epoch: [0][740/799]	Time  0.296 ( 6.095)	Data  0.000 ( 5.503)	Loss 6.8389e+00 (6.8614e+00)	Acc@1   0.00 (  0.11)	Acc@5   1.30 (  0.55)
Epoch: [0][760/799]	Time  0.200 ( 6.107)	Data  0.000 ( 5.522)	Loss 6.8419e+00 (6.8608e+00)	Acc@1   0.26 (  0.11)	Acc@5   0.78 (  0.55)
Epoch: [0][780/799]	Time  0.215 ( 6.115)	Data  0.000 ( 5.540)	Loss 6.8454e+00 (6.8600e+00)	Acc@1   0.00 (  0.11)	Acc@5   0.00 (  0.55)
Epoch: [0][  0/799]	Time 40.633 (40.633)	Data 38.247 (38.247)	Loss 6.8639e+00 (6.8639e+00)	Acc@1   0.26 (  0.26)	Acc@5   1.04 (  1.04)
Epoch: [0][ 20/799]	Time 14.462 ( 5.968)	Data 14.359 ( 5.363)	Loss 6.8650e+00 (6.8648e+00)	Acc@1   0.00 (  0.05)	Acc@5   0.26 (  0.48)
Epoch: [0][ 40/799]	Time 16.034 ( 5.267)	Data 15.942 ( 4.739)	Loss 6.8650e+00 (6.8649e+00)	Acc@1   0.00 (  0.13)	Acc@5   0.00 (  0.60)
Epoch: [0][ 60/799]	Time 14.411 ( 5.170)	Data 14.329 ( 4.302)	Loss 6.8659e+00 (6.8649e+00)	Acc@1   0.00 (  0.11)	Acc@5   0.00 (  0.58)
Epoch: [0][ 80/799]	Time  8.504 ( 5.105)	Data  8.419 ( 3.893)	Loss 6.8650e+00 (6.8648e+00)	Acc@1   0.00 (  0.10)	Acc@5   0.26 (  0.56)
Epoch: [0][100/799]	Time  5.271 ( 5.154)	Data  5.193 ( 3.482)	Loss 6.8648e+00 (6.8648e+00)	Acc@1   0.00 (  0.09)	Acc@5   0.52 (  0.56)
Epoch: [0][120/799]	Time  0.235 ( 5.387)	Data  0.000 ( 3.018)	Loss 6.8654e+00 (6.8648e+00)	Acc@1   0.00 (  0.09)	Acc@5   0.52 (  0.57)
Epoch: [0][140/799]	Time  0.183 ( 5.608)	Data  0.000 ( 2.603)	Loss 6.8653e+00 (6.8648e+00)	Acc@1   0.00 (  0.10)	Acc@5   0.26 (  0.56)
Epoch: [0][160/799]	Time  1.825 ( 5.750)	Data  1.737 ( 2.319)	Loss 6.8644e+00 (6.8648e+00)	Acc@1   0.00 (  0.10)	Acc@5   0.00 (  0.55)
Epoch: [0][180/799]	Time  2.410 ( 5.934)	Data  2.309 ( 2.093)	Loss 6.8641e+00 (6.8648e+00)	Acc@1   0.00 (  0.09)	Acc@5   0.26 (  0.55)
Epoch: [0][200/799]	Time  0.693 ( 6.052)	Data  0.000 ( 1.885)	Loss 6.8651e+00 (6.8648e+00)	Acc@1   0.00 (  0.10)	Acc@5   0.26 (  0.55)
Epoch: [0][220/799]	Time  0.280 ( 6.193)	Data  0.000 ( 1.716)	Loss 6.8655e+00 (6.8648e+00)	Acc@1   0.26 (  0.10)	Acc@5   0.78 (  0.56)
Epoch: [0][240/799]	Time  0.999 ( 6.294)	Data  0.921 ( 1.577)	Loss 6.8654e+00 (6.8647e+00)	Acc@1   0.00 (  0.10)	Acc@5   0.26 (  0.55)
Epoch: [0][260/799]	Time  0.144 ( 6.367)	Data  0.000 ( 1.460)	Loss 6.8647e+00 (6.8647e+00)	Acc@1   0.00 (  0.10)	Acc@5   0.26 (  0.55)
Epoch: [0][280/799]	Time  0.171 ( 6.416)	Data  0.000 ( 1.369)	Loss 6.8647e+00 (6.8647e+00)	Acc@1   0.00 (  0.09)	Acc@5   0.78 (  0.55)
Epoch: [0][300/799]	Time  0.199 ( 6.455)	Data  0.000 ( 1.285)	Loss 6.8644e+00 (6.8647e+00)	Acc@1   0.00 (  0.10)	Acc@5   0.52 (  0.55)
Epoch: [0][320/799]	Time  0.186 ( 6.484)	Data  0.000 ( 1.212)	Loss 6.8643e+00 (6.8647e+00)	Acc@1   0.00 (  0.10)	Acc@5   0.78 (  0.55)
Epoch: [0][340/799]	Time  0.201 ( 6.515)	Data  0.001 ( 1.157)	Loss 6.8648e+00 (6.8647e+00)	Acc@1   0.26 (  0.10)	Acc@5   1.30 (  0.56)
Epoch: [0][360/799]	Time  4.114 ( 6.523)	Data  4.021 ( 1.118)	Loss 6.8637e+00 (6.8647e+00)	Acc@1   0.00 (  0.10)	Acc@5   0.26 (  0.56)
Epoch: [0][380/799]	Time  2.209 ( 6.553)	Data  2.130 ( 1.080)	Loss 6.8639e+00 (6.8646e+00)	Acc@1   0.26 (  0.11)	Acc@5   0.78 (  0.56)
Epoch: [0][400/799]	Time  7.045 ( 6.560)	Data  6.967 ( 1.059)	Loss 6.8641e+00 (6.8646e+00)	Acc@1   0.00 (  0.10)	Acc@5   0.00 (  0.56)
Epoch: [0][420/799]	Time  3.599 ( 6.537)	Data  3.512 ( 1.084)	Loss 6.8630e+00 (6.8646e+00)	Acc@1   0.26 (  0.10)	Acc@5   0.78 (  0.57)
Epoch: [0][440/799]	Time 10.461 ( 6.552)	Data 10.372 ( 1.085)	Loss 6.8641e+00 (6.8646e+00)	Acc@1   0.00 (  0.10)	Acc@5   0.78 (  0.56)
Epoch: [0][460/799]	Time 12.183 ( 6.548)	Data 12.105 ( 1.170)	Loss 6.8637e+00 (6.8645e+00)	Acc@1   0.00 (  0.10)	Acc@5   1.04 (  0.56)
Epoch: [0][480/799]	Time  7.680 ( 6.518)	Data  7.570 ( 1.226)	Loss 6.8635e+00 (6.8645e+00)	Acc@1   0.00 (  0.10)	Acc@5   0.78 (  0.56)
Epoch: [0][500/799]	Time  0.557 ( 6.505)	Data  0.470 ( 1.250)	Loss 6.8629e+00 (6.8645e+00)	Acc@1   0.52 (  0.10)	Acc@5   0.78 (  0.56)
Epoch: [0][520/799]	Time  0.567 ( 6.465)	Data  0.469 ( 1.269)	Loss 6.8633e+00 (6.8644e+00)	Acc@1   0.00 (  0.10)	Acc@5   0.00 (  0.55)
Epoch: [0][540/799]	Time  0.924 ( 6.430)	Data  0.828 ( 1.307)	Loss 6.8587e+00 (6.8643e+00)	Acc@1   0.00 (  0.10)	Acc@5   0.26 (  0.55)
Epoch: [0][560/799]	Time  3.801 ( 6.384)	Data  3.719 ( 1.368)	Loss 6.8595e+00 (6.8642e+00)	Acc@1   0.00 (  0.11)	Acc@5   0.52 (  0.56)
Epoch: [0][580/799]	Time  0.737 ( 6.359)	Data  0.645 ( 1.392)	Loss 6.8569e+00 (6.8641e+00)	Acc@1   0.26 (  0.11)	Acc@5   0.26 (  0.56)
Epoch: [0][600/799]	Time  0.426 ( 6.311)	Data  0.348 ( 1.455)	Loss 6.8603e+00 (6.8640e+00)	Acc@1   0.26 (  0.11)	Acc@5   0.78 (  0.55)
Epoch: [0][620/799]	Time  1.345 ( 6.271)	Data  1.267 ( 1.547)	Loss 6.8549e+00 (6.8637e+00)	Acc@1   0.00 (  0.11)	Acc@5   0.00 (  0.55)
Epoch: [0][640/799]	Time  0.251 ( 6.224)	Data  0.000 ( 1.636)	Loss 6.8590e+00 (6.8635e+00)	Acc@1   0.00 (  0.11)	Acc@5   0.00 (  0.55)
Epoch: [0][660/799]	Time  3.984 ( 6.185)	Data  3.877 ( 1.723)	Loss 6.8634e+00 (6.8632e+00)	Acc@1   0.52 (  0.11)	Acc@5   1.04 (  0.55)
Epoch: [0][680/799]	Time  6.341 ( 6.146)	Data  6.246 ( 1.807)	Loss 6.8430e+00 (6.8628e+00)	Acc@1   0.00 (  0.11)	Acc@5   1.04 (  0.55)
Epoch: [0][700/799]	Time  1.099 ( 6.110)	Data  1.020 ( 1.865)	Loss 6.8508e+00 (6.8623e+00)	Acc@1   0.00 (  0.11)	Acc@5   0.26 (  0.55)
Epoch: [0][720/799]	Time  0.540 ( 6.087)	Data  0.458 ( 1.907)	Loss 6.8360e+00 (6.8618e+00)	Acc@1   0.00 (  0.11)	Acc@5   1.30 (  0.55)
Epoch: [0][740/799]	Time  0.278 ( 6.095)	Data  0.000 ( 1.904)	Loss 6.8372e+00 (6.8612e+00)	Acc@1   0.26 (  0.11)	Acc@5   1.30 (  0.54)
Epoch: [0][760/799]	Time  1.536 ( 6.109)	Data  1.439 ( 1.860)	Loss 6.8443e+00 (6.8605e+00)	Acc@1   0.00 (  0.11)	Acc@5   0.26 (  0.54)
Epoch: [0][780/799]	Time  0.404 ( 6.115)	Data  0.313 ( 1.816)	Loss 6.8302e+00 (6.8598e+00)	Acc@1   0.52 (  0.11)	Acc@5   1.82 (  0.54)
Epoch: [0][  0/799]	Time 40.738 (40.738)	Data 37.123 (37.123)	Loss 6.8651e+00 (6.8651e+00)	Acc@1   0.00 (  0.00)	Acc@5   0.26 (  0.26)
Epoch: [0][ 20/799]	Time 17.536 ( 6.116)	Data 17.447 ( 5.743)	Loss 6.8652e+00 (6.8648e+00)	Acc@1   0.00 (  0.05)	Acc@5   0.00 (  0.52)
Epoch: [0][ 40/799]	Time 17.834 ( 5.311)	Data 17.742 ( 5.040)	Loss 6.8645e+00 (6.8649e+00)	Acc@1   0.00 (  0.08)	Acc@5   0.52 (  0.51)
Epoch: [0][ 60/799]	Time 16.117 ( 5.198)	Data 16.026 ( 4.902)	Loss 6.8634e+00 (6.8649e+00)	Acc@1   0.26 (  0.06)	Acc@5   1.30 (  0.51)
Epoch: [0][ 80/799]	Time 12.758 ( 5.157)	Data 12.677 ( 4.793)	Loss 6.8643e+00 (6.8648e+00)	Acc@1   0.00 (  0.07)	Acc@5   1.04 (  0.48)
Epoch: [0][100/799]	Time 10.457 ( 5.205)	Data 10.379 ( 4.767)	Loss 6.8648e+00 (6.8648e+00)	Acc@1   0.26 (  0.07)	Acc@5   0.52 (  0.49)
Epoch: [0][120/799]	Time  1.914 ( 5.401)	Data  1.827 ( 4.591)	Loss 6.8639e+00 (6.8648e+00)	Acc@1   0.00 (  0.08)	Acc@5   0.78 (  0.50)
Epoch: [0][140/799]	Time  1.966 ( 5.620)	Data  1.878 ( 4.256)	Loss 6.8657e+00 (6.8648e+00)	Acc@1   0.00 (  0.08)	Acc@5   0.00 (  0.51)
Epoch: [0][160/799]	Time  0.570 ( 5.742)	Data  0.493 ( 3.965)	Loss 6.8658e+00 (6.8648e+00)	Acc@1   0.26 (  0.08)	Acc@5   0.52 (  0.50)
Epoch: [0][180/799]	Time  0.904 ( 5.925)	Data  0.790 ( 3.779)	Loss 6.8651e+00 (6.8648e+00)	Acc@1   0.00 (  0.10)	Acc@5   0.26 (  0.51)
Epoch: [0][200/799]	Time  0.208 ( 6.052)	Data  0.000 ( 3.421)	Loss 6.8643e+00 (6.8648e+00)	Acc@1   0.26 (  0.10)	Acc@5   0.78 (  0.51)
Epoch: [0][220/799]	Time  0.279 ( 6.193)	Data  0.000 ( 3.112)	Loss 6.8638e+00 (6.8648e+00)	Acc@1   0.00 (  0.10)	Acc@5   0.26 (  0.51)
Epoch: [0][240/799]	Time  0.194 ( 6.291)	Data  0.000 ( 2.854)	Loss 6.8639e+00 (6.8648e+00)	Acc@1   0.26 (  0.10)	Acc@5   0.52 (  0.52)
Epoch: [0][260/799]	Time  0.189 ( 6.367)	Data  0.000 ( 2.641)	Loss 6.8651e+00 (6.8648e+00)	Acc@1   0.00 (  0.10)	Acc@5   0.26 (  0.51)
Epoch: [0][280/799]	Time  0.187 ( 6.416)	Data  0.000 ( 2.454)	Loss 6.8653e+00 (6.8647e+00)	Acc@1   0.00 (  0.10)	Acc@5   0.78 (  0.52)
Epoch: [0][300/799]	Time  0.286 ( 6.455)	Data  0.189 ( 2.301)	Loss 6.8651e+00 (6.8647e+00)	Acc@1   0.00 (  0.10)	Acc@5   0.26 (  0.51)
Epoch: [0][320/799]	Time  0.263 ( 6.484)	Data  0.000 ( 2.160)	Loss 6.8649e+00 (6.8647e+00)	Acc@1   0.26 (  0.09)	Acc@5   0.52 (  0.50)
Epoch: [0][340/799]	Time  0.207 ( 6.515)	Data  0.000 ( 2.049)	Loss 6.8665e+00 (6.8647e+00)	Acc@1   0.00 (  0.10)	Acc@5   0.00 (  0.51)
Epoch: [0][360/799]	Time  0.346 ( 6.512)	Data  0.256 ( 1.936)	Loss 6.8633e+00 (6.8647e+00)	Acc@1   0.00 (  0.10)	Acc@5   0.52 (  0.50)
Epoch: [0][380/799]	Time  0.577 ( 6.548)	Data  0.497 ( 1.851)	Loss 6.8629e+00 (6.8646e+00)	Acc@1   0.00 (  0.10)	Acc@5   1.56 (  0.51)
Epoch: [0][400/799]	Time  0.207 ( 6.543)	Data  0.000 ( 1.763)	Loss 6.8647e+00 (6.8646e+00)	Acc@1   0.00 (  0.10)	Acc@5   0.00 (  0.51)
Epoch: [0][420/799]	Time  1.338 ( 6.532)	Data  0.000 ( 1.705)	Loss 6.8645e+00 (6.8646e+00)	Acc@1   0.00 (  0.10)	Acc@5   0.78 (  0.51)
Epoch: [0][440/799]	Time  4.978 ( 6.539)	Data  0.000 ( 1.637)	Loss 6.8650e+00 (6.8646e+00)	Acc@1   0.00 (  0.10)	Acc@5   0.00 (  0.51)
Epoch: [0][460/799]	Time  7.375 ( 6.538)	Data  0.001 ( 1.588)	Loss 6.8648e+00 (6.8645e+00)	Acc@1   0.00 (  0.10)	Acc@5   0.26 (  0.51)
Epoch: [0][480/799]	Time  0.222 ( 6.503)	Data  0.043 ( 1.532)	Loss 6.8651e+00 (6.8645e+00)	Acc@1   0.00 (  0.10)	Acc@5   0.00 (  0.51)
Epoch: [0][500/799]	Time  0.202 ( 6.504)	Data  0.000 ( 1.486)	Loss 6.8649e+00 (6.8645e+00)	Acc@1   0.00 (  0.10)	Acc@5   0.00 (  0.51)
Epoch: [0][520/799]	Time  0.195 ( 6.465)	Data  0.000 ( 1.430)	Loss 6.8613e+00 (6.8644e+00)	Acc@1   0.52 (  0.10)	Acc@5   1.30 (  0.51)
Epoch: [0][540/799]	Time  0.247 ( 6.428)	Data  0.000 ( 1.384)	Loss 6.8614e+00 (6.8643e+00)	Acc@1   0.26 (  0.10)	Acc@5   1.04 (  0.52)
Epoch: [0][560/799]	Time  0.190 ( 6.377)	Data  0.000 ( 1.336)	Loss 6.8645e+00 (6.8643e+00)	Acc@1   0.00 (  0.10)	Acc@5   0.52 (  0.52)
Epoch: [0][580/799]	Time  0.259 ( 6.359)	Data  0.000 ( 1.296)	Loss 6.8560e+00 (6.8641e+00)	Acc@1   0.52 (  0.10)	Acc@5   0.78 (  0.52)
Epoch: [0][600/799]	Time  0.167 ( 6.310)	Data  0.000 ( 1.255)	Loss 6.8574e+00 (6.8640e+00)	Acc@1   0.00 (  0.11)	Acc@5   0.78 (  0.52)
Epoch: [0][620/799]	Time  0.259 ( 6.269)	Data  0.000 ( 1.219)	Loss 6.8514e+00 (6.8638e+00)	Acc@1   0.00 (  0.11)	Acc@5   0.78 (  0.52)
Epoch: [0][640/799]	Time  0.216 ( 6.224)	Data  0.000 ( 1.183)	Loss 6.8524e+00 (6.8635e+00)	Acc@1   0.00 (  0.10)	Acc@5   0.26 (  0.52)
Epoch: [0][660/799]	Time  0.225 ( 6.180)	Data  0.000 ( 1.149)	Loss 6.8506e+00 (6.8632e+00)	Acc@1   0.00 (  0.10)	Acc@5   0.52 (  0.52)
Epoch: [0][680/799]	Time  0.228 ( 6.137)	Data  0.001 ( 1.121)	Loss 6.8502e+00 (6.8628e+00)	Acc@1   0.00 (  0.10)	Acc@5   0.00 (  0.51)
Epoch: [0][700/799]	Time  0.301 ( 6.108)	Data  0.000 ( 1.100)	Loss 6.8495e+00 (6.8623e+00)	Acc@1   0.26 (  0.10)	Acc@5   0.78 (  0.51)
Epoch: [0][720/799]	Time  0.233 ( 6.086)	Data  0.016 ( 1.077)	Loss 6.8437e+00 (6.8618e+00)	Acc@1   0.00 (  0.10)	Acc@5   0.78 (  0.52)
Epoch: [0][740/799]	Time  0.276 ( 6.095)	Data  0.000 ( 1.050)	Loss 6.8459e+00 (6.8612e+00)	Acc@1   0.00 (  0.10)	Acc@5   0.00 (  0.52)
Epoch: [0][760/799]	Time  0.219 ( 6.107)	Data  0.000 ( 1.039)	Loss 6.8373e+00 (6.8605e+00)	Acc@1   0.00 (  0.10)	Acc@5   1.04 (  0.52)
Epoch: [0][780/799]	Time  0.201 ( 6.115)	Data  0.000 ( 1.036)	Loss 6.8166e+00 (6.8596e+00)	Acc@1   0.00 (  0.10)	Acc@5   0.52 (  0.52)
Epoch: [0][  0/799]	Time 40.813 (40.813)	Data 36.267 (36.267)	Loss 6.8643e+00 (6.8643e+00)	Acc@1   0.00 (  0.00)	Acc@5   1.04 (  1.04)
Epoch: [0][ 20/799]	Time 10.067 ( 5.758)	Data  9.985 ( 4.493)	Loss 6.8654e+00 (6.8649e+00)	Acc@1   0.26 (  0.05)	Acc@5   0.52 (  0.60)
Epoch: [0][ 40/799]	Time  7.864 ( 5.068)	Data  7.783 ( 3.846)	Loss 6.8650e+00 (6.8649e+00)	Acc@1   0.00 (  0.07)	Acc@5   0.26 (  0.58)
Epoch: [0][ 60/799]	Time  3.242 ( 4.987)	Data  3.157 ( 3.654)	Loss 6.8641e+00 (6.8649e+00)	Acc@1   0.26 (  0.09)	Acc@5   0.78 (  0.59)
Epoch: [0][ 80/799]	Time  0.308 ( 5.003)	Data  0.230 ( 3.484)	Loss 6.8655e+00 (6.8649e+00)	Acc@1   0.26 (  0.09)	Acc@5   0.52 (  0.54)
Epoch: [0][100/799]	Time  0.701 ( 5.108)	Data  0.624 ( 3.295)	Loss 6.8653e+00 (6.8649e+00)	Acc@1   0.00 (  0.10)	Acc@5   0.26 (  0.54)
Epoch: [0][120/799]	Time  0.206 ( 5.387)	Data  0.000 ( 3.000)	Loss 6.8647e+00 (6.8649e+00)	Acc@1   0.26 (  0.10)	Acc@5   0.52 (  0.54)
Epoch: [0][140/799]	Time  0.214 ( 5.608)	Data  0.000 ( 2.595)	Loss 6.8649e+00 (6.8649e+00)	Acc@1   0.00 (  0.10)	Acc@5   0.26 (  0.54)
Epoch: [0][160/799]	Time  0.249 ( 5.740)	Data  0.000 ( 2.290)	Loss 6.8641e+00 (6.8649e+00)	Acc@1   0.26 (  0.10)	Acc@5   0.52 (  0.53)
Epoch: [0][180/799]	Time  0.263 ( 5.922)	Data  0.000 ( 2.064)	Loss 6.8649e+00 (6.8649e+00)	Acc@1   0.00 (  0.10)	Acc@5   0.00 (  0.53)
Epoch: [0][200/799]	Time  0.692 ( 6.052)	Data  0.000 ( 1.881)	Loss 6.8648e+00 (6.8649e+00)	Acc@1   0.52 (  0.10)	Acc@5   0.78 (  0.54)
Epoch: [0][220/799]	Time  0.184 ( 6.193)	Data  0.000 ( 1.715)	Loss 6.8649e+00 (6.8649e+00)	Acc@1   0.00 (  0.11)	Acc@5   0.26 (  0.54)
Epoch: [0][240/799]	Time  1.722 ( 6.297)	Data  1.635 ( 1.580)	Loss 6.8651e+00 (6.8649e+00)	Acc@1   0.26 (  0.11)	Acc@5   1.04 (  0.54)
Epoch: [0][260/799]	Time  0.185 ( 6.367)	Data  0.000 ( 1.459)	Loss 6.8647e+00 (6.8649e+00)	Acc@1   0.78 (  0.10)	Acc@5   0.78 (  0.53)
Epoch: [0][280/799]	Time  0.200 ( 6.416)	Data  0.000 ( 1.356)	Loss 6.8651e+00 (6.8648e+00)	Acc@1   0.00 (  0.11)	Acc@5   0.52 (  0.53)
Epoch: [0][300/799]	Time  0.185 ( 6.455)	Data  0.004 ( 1.280)	Loss 6.8637e+00 (6.8648e+00)	Acc@1   0.26 (  0.11)	Acc@5   0.78 (  0.54)
Epoch: [0][320/799]	Time  0.194 ( 6.484)	Data  0.000 ( 1.201)	Loss 6.8642e+00 (6.8648e+00)	Acc@1   0.26 (  0.11)	Acc@5   0.52 (  0.54)
Epoch: [0][340/799]	Time  0.189 ( 6.515)	Data  0.000 ( 1.146)	Loss 6.8640e+00 (6.8648e+00)	Acc@1   0.52 (  0.11)	Acc@5   0.78 (  0.54)
Epoch: [0][360/799]	Time  0.269 ( 6.512)	Data  0.000 ( 1.089)	Loss 6.8646e+00 (6.8647e+00)	Acc@1   0.26 (  0.11)	Acc@5   0.52 (  0.54)
Epoch: [0][380/799]	Time  0.878 ( 6.549)	Data  0.786 ( 1.049)	Loss 6.8631e+00 (6.8647e+00)	Acc@1   0.00 (  0.11)	Acc@5   0.00 (  0.53)
Epoch: [0][400/799]	Time  4.229 ( 6.553)	Data  4.140 ( 1.061)	Loss 6.8621e+00 (6.8647e+00)	Acc@1   0.00 (  0.11)	Acc@5   0.26 (  0.53)
Epoch: [0][420/799]	Time  1.533 ( 6.532)	Data  1.456 ( 1.052)	Loss 6.8639e+00 (6.8647e+00)	Acc@1   0.00 (  0.11)	Acc@5   0.00 (  0.53)
Epoch: [0][440/799]	Time  4.977 ( 6.539)	Data  0.199 ( 1.016)	Loss 6.8622e+00 (6.8646e+00)	Acc@1   0.00 (  0.11)	Acc@5   0.26 (  0.53)
Epoch: [0][460/799]	Time  7.335 ( 6.538)	Data  0.621 ( 0.991)	Loss 6.8647e+00 (6.8646e+00)	Acc@1   0.00 (  0.11)	Acc@5   0.78 (  0.53)
Epoch: [0][480/799]	Time  0.740 ( 6.504)	Data  0.662 ( 0.984)	Loss 6.8635e+00 (6.8646e+00)	Acc@1   0.26 (  0.11)	Acc@5   0.78 (  0.53)
Epoch: [0][500/799]	Time  0.181 ( 6.504)	Data  0.000 ( 0.981)	Loss 6.8645e+00 (6.8645e+00)	Acc@1   0.00 (  0.11)	Acc@5   0.26 (  0.52)
Epoch: [0][520/799]	Time  1.364 ( 6.467)	Data  1.286 ( 0.958)	Loss 6.8643e+00 (6.8644e+00)	Acc@1   0.52 (  0.11)	Acc@5   1.04 (  0.52)
Epoch: [0][540/799]	Time  0.373 ( 6.429)	Data  0.296 ( 0.961)	Loss 6.8613e+00 (6.8644e+00)	Acc@1   0.26 (  0.11)	Acc@5   0.78 (  0.52)
Epoch: [0][560/799]	Time  2.911 ( 6.382)	Data  2.823 ( 0.986)	Loss 6.8638e+00 (6.8643e+00)	Acc@1   0.00 (  0.11)	Acc@5   0.26 (  0.52)
Epoch: [0][580/799]	Time  0.702 ( 6.359)	Data  0.625 ( 0.969)	Loss 6.8543e+00 (6.8641e+00)	Acc@1   0.26 (  0.10)	Acc@5   0.26 (  0.52)
Epoch: [0][600/799]	Time  0.965 ( 6.312)	Data  0.866 ( 0.953)	Loss 6.8549e+00 (6.8640e+00)	Acc@1   0.00 (  0.10)	Acc@5   1.04 (  0.51)
Epoch: [0][620/799]	Time  1.383 ( 6.271)	Data  1.280 ( 0.939)	Loss 6.8638e+00 (6.8638e+00)	Acc@1   0.00 (  0.10)	Acc@5   0.78 (  0.51)
Epoch: [0][640/799]	Time  1.293 ( 6.226)	Data  1.215 ( 0.932)	Loss 6.8520e+00 (6.8636e+00)	Acc@1   0.00 (  0.10)	Acc@5   0.26 (  0.52)
Epoch: [0][660/799]	Time  0.552 ( 6.180)	Data  0.449 ( 0.918)	Loss 6.8465e+00 (6.8632e+00)	Acc@1   0.00 (  0.10)	Acc@5   0.78 (  0.52)
Epoch: [0][680/799]	Time  0.228 ( 6.137)	Data  0.000 ( 0.919)	Loss 6.8535e+00 (6.8629e+00)	Acc@1   0.00 (  0.10)	Acc@5   0.26 (  0.52)
Epoch: [0][700/799]	Time  1.216 ( 6.110)	Data  1.136 ( 0.927)	Loss 6.8409e+00 (6.8625e+00)	Acc@1   0.00 (  0.11)	Acc@5   0.26 (  0.52)
Epoch: [0][720/799]	Time  0.194 ( 6.086)	Data  0.000 ( 0.909)	Loss 6.8465e+00 (6.8621e+00)	Acc@1   0.00 (  0.11)	Acc@5   0.26 (  0.53)
Epoch: [0][740/799]	Time  0.187 ( 6.095)	Data  0.000 ( 0.889)	Loss 6.8429e+00 (6.8615e+00)	Acc@1   0.00 (  0.11)	Acc@5   0.26 (  0.53)
Epoch: [0][760/799]	Time  2.023 ( 6.109)	Data  1.915 ( 0.868)	Loss 6.8313e+00 (6.8606e+00)	Acc@1   0.26 (  0.11)	Acc@5   0.52 (  0.54)
Epoch: [0][780/799]	Time  0.673 ( 6.116)	Data  0.578 ( 0.849)	Loss 6.8418e+00 (6.8597e+00)	Acc@1   0.00 (  0.11)	Acc@5   0.78 (  0.54)
