Namespace(alter_trainingfile_name='train_blurred', alter_validationfile_name='val_blurred', arch='alexnet_cdan', batch_size=256, data='/data/gpfs/datasets/Imagenet', dist_backend='nccl', dist_url='tcp://127.0.0.1:7020', epochs=100, evaluate=False, gpu=None, log='/home/junzhin/Project/Summer_project/code/version1.0/pretrained_model_results/ALEX_office31masked2_CDAN', lr=0.01, momentum=0.9, multiprocessing_distributed=True, num_classes=1000, pretrained=False, print_freq=200, randomchosenmode=False, rank=0, resume='', seed=None, start_epoch=0, subset=True, subsetpath='/home/junzhin/Project/Summer_project/code/version1.0/masked_office31_imagenetlabel2_manual_df.csv', weight_decay=0.0005, workers=8, world_size=1)
Use GPU: 1 for training
when creating the model, the number of classes are
958
=> using pre-trained model 'alexnet_cdan'
the number of classes are 958
Adjusting learning rate of group 0 to 1.0000e-02.
----------------------------------------
training directory:/data/gpfs/datasets/Imagenet/train_blurred

validating directory:/data/gpfs/datasets/Imagenet/val_blurred

----------------------------------------
Dataset ImageFolder
    Number of datapoints: 1281066
    Root location: /data/gpfs/datasets/Imagenet/train_blurred
    StandardTransform
Transform: Compose(
               RandomHorizontalFlip(p=0.5)
               Resize(size=256, interpolation=bilinear, max_size=None, antialias=None)
               RandomResizedCrop(size=(227, 227), scale=(0.08, 1.0), ratio=(0.75, 1.3333), interpolation=bilinear)
               ToTensor()
               Normalize(mean=[0.485, 0.456, 0.406], std=[0.229, 0.224, 0.225])
           )
----------------------------------------
Dataset ImageFolder
    Number of datapoints: 49997
    Root location: /data/gpfs/datasets/Imagenet/val_blurred
    StandardTransform
Transform: Compose(
               RandomHorizontalFlip(p=0.5)
               Resize(size=256, interpolation=bilinear, max_size=None, antialias=None)
               RandomResizedCrop(size=(227, 227), scale=(0.08, 1.0), ratio=(0.75, 1.3333), interpolation=bilinear)
               ToTensor()
           )
----------------------------------------
            0                      1
0   n02791124           barber_chair
1   n02823428            beer_bottle
2   n02835271  bicycle-built-for-two
3   n02840245                 binder
4   n02870880               bookcase
5   n02877765              bottlecap
6   n02992529     cellular_telephone
7   n03018349          china_cabinet
8   n03063599             coffee_mug
9   n03085013      computer_keyboard
10  n03127747           crash_helmet
11  n03180011       desktop_computer
12  n03187595         dial_telephone
13  n03376595          folding_chair
14  n03379051        football_helmet
15  n03388183           fountain_pen
16  n03485407     hand-held_computer
17  n03637318              lampshade
18  n03642806                 laptop
19  n03691459            loudspeaker
20  n03742115         medicine_chest
21  n03759954             microphone
22  n03782006                monitor
23  n03785016                  moped
24  n03792782          mountain_bike
25  n03793489                  mouse
26  n03832673               notebook
27  n03902125              pay-phone
28  n03937543            pill_bottle
29  n03983396             pop_bottle
30  n04004767                printer
31  n04009552              projector
32  n04099969          rocking_chair
33  n04152593                 screen
34  n04286575              spotlight
35  n04380533             table_lamp
36  n04476259                   tray
37  n04505470    typewriter_keyboard
38  n04557648           water_bottle
39  n04591713            wine_bottle
40  n06596364             comic_book
41  n07930864                    cup
+---+---+---+---+---+---+---+---+---+---+---+---+---+---+---+---+---+---+---+---
958
42
+---+---+---+---+---+---+---+---+---+---+---+---+---+---+---+---+---+---+---+---
chosen_classes_labels_names
['n01440764', 'n01443537', 'n01484850', 'n01491361', 'n01494475', 'n01496331', 'n01498041', 'n01514668', 'n01514859', 'n01518878', 'n01530575', 'n01531178', 'n01532829', 'n01534433', 'n01537544', 'n01558993', 'n01560419', 'n01580077', 'n01582220', 'n01592084', 'n01601694', 'n01608432', 'n01614925', 'n01616318', 'n01622779', 'n01629819', 'n01630670', 'n01631663', 'n01632458', 'n01632777', 'n01641577', 'n01644373', 'n01644900', 'n01664065', 'n01665541', 'n01667114', 'n01667778', 'n01669191', 'n01675722', 'n01677366', 'n01682714', 'n01685808', 'n01687978', 'n01688243', 'n01689811', 'n01692333', 'n01693334', 'n01694178', 'n01695060', 'n01697457', 'n01698640', 'n01704323', 'n01728572', 'n01728920', 'n01729322', 'n01729977', 'n01734418', 'n01735189', 'n01737021', 'n01739381', 'n01740131', 'n01742172', 'n01744401', 'n01748264', 'n01749939', 'n01751748', 'n01753488', 'n01755581', 'n01756291', 'n01768244', 'n01770081', 'n01770393', 'n01773157', 'n01773549', 'n01773797', 'n01774384', 'n01774750', 'n01775062', 'n01776313', 'n01784675', 'n01795545', 'n01796340', 'n01797886', 'n01798484', 'n01806143', 'n01806567', 'n01807496', 'n01817953', 'n01818515', 'n01819313', 'n01820546', 'n01824575', 'n01828970', 'n01829413', 'n01833805', 'n01843065', 'n01843383', 'n01847000', 'n01855032', 'n01855672', 'n01860187', 'n01871265', 'n01872401', 'n01873310', 'n01877812', 'n01882714', 'n01883070', 'n01910747', 'n01914609', 'n01917289', 'n01924916', 'n01930112', 'n01943899', 'n01944390', 'n01945685', 'n01950731', 'n01955084', 'n01968897', 'n01978287', 'n01978455', 'n01980166', 'n01981276', 'n01983481', 'n01984695', 'n01985128', 'n01986214', 'n01990800', 'n02002556', 'n02002724', 'n02006656', 'n02007558', 'n02009229', 'n02009912', 'n02011460', 'n02012849', 'n02013706', 'n02017213', 'n02018207', 'n02018795', 'n02025239', 'n02027492', 'n02028035', 'n02033041', 'n02037110', 'n02051845', 'n02056570', 'n02058221', 'n02066245', 'n02071294', 'n02074367', 'n02077923', 'n02085620', 'n02085782', 'n02085936', 'n02086079', 'n02086240', 'n02086646', 'n02086910', 'n02087046', 'n02087394', 'n02088094', 'n02088238', 'n02088364', 'n02088466', 'n02088632', 'n02089078', 'n02089867', 'n02089973', 'n02090379', 'n02090622', 'n02090721', 'n02091032', 'n02091134', 'n02091244', 'n02091467', 'n02091635', 'n02091831', 'n02092002', 'n02092339', 'n02093256', 'n02093428', 'n02093647', 'n02093754', 'n02093859', 'n02093991', 'n02094114', 'n02094258', 'n02094433', 'n02095314', 'n02095570', 'n02095889', 'n02096051', 'n02096177', 'n02096294', 'n02096437', 'n02096585', 'n02097047', 'n02097130', 'n02097209', 'n02097298', 'n02097474', 'n02097658', 'n02098105', 'n02098286', 'n02098413', 'n02099267', 'n02099429', 'n02099601', 'n02099712', 'n02099849', 'n02100236', 'n02100583', 'n02100735', 'n02100877', 'n02101006', 'n02101388', 'n02101556', 'n02102040', 'n02102177', 'n02102318', 'n02102480', 'n02102973', 'n02104029', 'n02104365', 'n02105056', 'n02105162', 'n02105251', 'n02105412', 'n02105505', 'n02105641', 'n02105855', 'n02106030', 'n02106166', 'n02106382', 'n02106550', 'n02106662', 'n02107142', 'n02107312', 'n02107574', 'n02107683', 'n02107908', 'n02108000', 'n02108089', 'n02108422', 'n02108551', 'n02108915', 'n02109047', 'n02109525', 'n02109961', 'n02110063', 'n02110185', 'n02110341', 'n02110627', 'n02110806', 'n02110958', 'n02111129', 'n02111277', 'n02111500', 'n02111889', 'n02112018', 'n02112137', 'n02112350', 'n02112706', 'n02113023', 'n02113186', 'n02113624', 'n02113712', 'n02113799', 'n02113978', 'n02114367', 'n02114548', 'n02114712', 'n02114855', 'n02115641', 'n02115913', 'n02116738', 'n02117135', 'n02119022', 'n02119789', 'n02120079', 'n02120505', 'n02123045', 'n02123159', 'n02123394', 'n02123597', 'n02124075', 'n02125311', 'n02127052', 'n02128385', 'n02128757', 'n02128925', 'n02129165', 'n02129604', 'n02130308', 'n02132136', 'n02133161', 'n02134084', 'n02134418', 'n02137549', 'n02138441', 'n02165105', 'n02165456', 'n02167151', 'n02168699', 'n02169497', 'n02172182', 'n02174001', 'n02177972', 'n02190166', 'n02206856', 'n02219486', 'n02226429', 'n02229544', 'n02231487', 'n02233338', 'n02236044', 'n02256656', 'n02259212', 'n02264363', 'n02268443', 'n02268853', 'n02276258', 'n02277742', 'n02279972', 'n02280649', 'n02281406', 'n02281787', 'n02317335', 'n02319095', 'n02321529', 'n02325366', 'n02326432', 'n02328150', 'n02342885', 'n02346627', 'n02356798', 'n02361337', 'n02363005', 'n02364673', 'n02389026', 'n02391049', 'n02395406', 'n02396427', 'n02397096', 'n02398521', 'n02403003', 'n02408429', 'n02410509', 'n02412080', 'n02415577', 'n02417914', 'n02422106', 'n02422699', 'n02423022', 'n02437312', 'n02437616', 'n02441942', 'n02442845', 'n02443114', 'n02443484', 'n02444819', 'n02445715', 'n02447366', 'n02454379', 'n02457408', 'n02480495', 'n02480855', 'n02481823', 'n02483362', 'n02483708', 'n02484975', 'n02486261', 'n02486410', 'n02487347', 'n02488291', 'n02488702', 'n02489166', 'n02490219', 'n02492035', 'n02492660', 'n02493509', 'n02493793', 'n02494079', 'n02497673', 'n02500267', 'n02504013', 'n02504458', 'n02509815', 'n02510455', 'n02514041', 'n02526121', 'n02536864', 'n02606052', 'n02607072', 'n02640242', 'n02641379', 'n02643566', 'n02655020', 'n02666196', 'n02667093', 'n02669723', 'n02672831', 'n02676566', 'n02687172', 'n02690373', 'n02692877', 'n02699494', 'n02701002', 'n02704792', 'n02708093', 'n02727426', 'n02730930', 'n02747177', 'n02749479', 'n02769748', 'n02776631', 'n02777292', 'n02782093', 'n02783161', 'n02786058', 'n02787622', 'n02788148', 'n02790996', 'n02791270', 'n02793495', 'n02794156', 'n02795169', 'n02797295', 'n02799071', 'n02802426', 'n02804414', 'n02804610', 'n02807133', 'n02808304', 'n02808440', 'n02814533', 'n02814860', 'n02815834', 'n02817516', 'n02823750', 'n02825657', 'n02834397', 'n02837789', 'n02841315', 'n02843684', 'n02859443', 'n02860847', 'n02865351', 'n02869837', 'n02871525', 'n02879718', 'n02883205', 'n02892201', 'n02892767', 'n02894605', 'n02895154', 'n02906734', 'n02909870', 'n02910353', 'n02916936', 'n02917067', 'n02927161', 'n02930766', 'n02939185', 'n02948072', 'n02950826', 'n02951358', 'n02951585', 'n02963159', 'n02965783', 'n02966193', 'n02966687', 'n02971356', 'n02974003', 'n02977058', 'n02978881', 'n02979186', 'n02980441', 'n02981792', 'n02988304', 'n02992211', 'n02999410', 'n03000134', 'n03000247', 'n03000684', 'n03014705', 'n03016953', 'n03017168', 'n03026506', 'n03028079', 'n03032252', 'n03041632', 'n03042490', 'n03045698', 'n03047690', 'n03062245', 'n03063689', 'n03065424', 'n03075370', 'n03089624', 'n03095699', 'n03100240', 'n03109150', 'n03110669', 'n03124043', 'n03124170', 'n03125729', 'n03126707', 'n03127925', 'n03131574', 'n03133878', 'n03134739', 'n03141823', 'n03146219', 'n03160309', 'n03179701', 'n03188531', 'n03196217', 'n03197337', 'n03201208', 'n03207743', 'n03207941', 'n03208938', 'n03216828', 'n03218198', 'n03220513', 'n03223299', 'n03240683', 'n03249569', 'n03250847', 'n03255030', 'n03259280', 'n03271574', 'n03272010', 'n03272562', 'n03290653', 'n03291819', 'n03297495', 'n03314780', 'n03325584', 'n03337140', 'n03344393', 'n03345487', 'n03347037', 'n03355925', 'n03372029', 'n03384352', 'n03388043', 'n03388549', 'n03393912', 'n03394916', 'n03400231', 'n03404251', 'n03417042', 'n03424325', 'n03425413', 'n03443371', 'n03444034', 'n03445777', 'n03445924', 'n03447447', 'n03447721', 'n03450230', 'n03452741', 'n03457902', 'n03459775', 'n03461385', 'n03467068', 'n03476684', 'n03476991', 'n03478589', 'n03481172', 'n03482405', 'n03483316', 'n03485794', 'n03492542', 'n03494278', 'n03495258', 'n03496892', 'n03498962', 'n03527444', 'n03529860', 'n03530642', 'n03532672', 'n03534580', 'n03535780', 'n03538406', 'n03544143', 'n03584254', 'n03584829', 'n03590841', 'n03594734', 'n03594945', 'n03595614', 'n03598930', 'n03599486', 'n03602883', 'n03617480', 'n03623198', 'n03627232', 'n03630383', 'n03633091', 'n03649909', 'n03657121', 'n03658185', 'n03661043', 'n03662601', 'n03666591', 'n03670208', 'n03673027', 'n03676483', 'n03680355', 'n03690938', 'n03692522', 'n03697007', 'n03706229', 'n03709823', 'n03710193', 'n03710637', 'n03710721', 'n03717622', 'n03720891', 'n03721384', 'n03724870', 'n03729826', 'n03733131', 'n03733281', 'n03733805', 'n03743016', 'n03761084', 'n03763968', 'n03764736', 'n03769881', 'n03770439', 'n03770679', 'n03773504', 'n03775071', 'n03775546', 'n03776460', 'n03777568', 'n03777754', 'n03781244', 'n03786901', 'n03787032', 'n03788195', 'n03788365', 'n03791053', 'n03792972', 'n03794056', 'n03796401', 'n03803284', 'n03804744', 'n03814639', 'n03814906', 'n03825788', 'n03837869', 'n03838899', 'n03840681', 'n03841143', 'n03843555', 'n03854065', 'n03857828', 'n03866082', 'n03868242', 'n03868863', 'n03871628', 'n03873416', 'n03874293', 'n03874599', 'n03876231', 'n03877472', 'n03877845', 'n03884397', 'n03887697', 'n03888257', 'n03888605', 'n03891251', 'n03891332', 'n03895866', 'n03899768', 'n03903868', 'n03908618', 'n03908714', 'n03916031', 'n03920288', 'n03924679', 'n03929660', 'n03929855', 'n03930313', 'n03930630', 'n03933933', 'n03935335', 'n03938244', 'n03942813', 'n03944341', 'n03947888', 'n03950228', 'n03954731', 'n03956157', 'n03958227', 'n03961711', 'n03967562', 'n03970156', 'n03976467', 'n03976657', 'n03977966', 'n03980874', 'n03982430', 'n03991062', 'n03992509', 'n03995372', 'n03998194', 'n04005630', 'n04008634', 'n04019541', 'n04023962', 'n04026417', 'n04033901', 'n04033995', 'n04037443', 'n04039381', 'n04040759', 'n04041544', 'n04044716', 'n04049303', 'n04065272', 'n04067472', 'n04069434', 'n04070727', 'n04074963', 'n04081281', 'n04086273', 'n04090263', 'n04111531', 'n04116512', 'n04118538', 'n04118776', 'n04120489', 'n04125021', 'n04127249', 'n04131690', 'n04133789', 'n04136333', 'n04141076', 'n04141327', 'n04141975', 'n04146614', 'n04147183', 'n04149813', 'n04153751', 'n04154565', 'n04162706', 'n04179913', 'n04192698', 'n04200800', 'n04201297', 'n04204238', 'n04204347', 'n04208210', 'n04209133', 'n04209239', 'n04228054', 'n04229816', 'n04235860', 'n04238763', 'n04239074', 'n04243546', 'n04251144', 'n04252077', 'n04252225', 'n04254120', 'n04254680', 'n04254777', 'n04258138', 'n04259630', 'n04263257', 'n04264628', 'n04265275', 'n04266014', 'n04270147', 'n04273569', 'n04275548', 'n04277352', 'n04285008', 'n04296562', 'n04310018', 'n04311004', 'n04311174', 'n04317175', 'n04325704', 'n04326547', 'n04328186', 'n04330267', 'n04332243', 'n04335435', 'n04336792', 'n04344873', 'n04346328', 'n04347754', 'n04350905', 'n04355338', 'n04355933', 'n04356056', 'n04357314', 'n04366367', 'n04367480', 'n04370456', 'n04371430', 'n04371774', 'n04372370', 'n04376876', 'n04389033', 'n04392985', 'n04398044', 'n04399382', 'n04404412', 'n04409515', 'n04417672', 'n04418357', 'n04423845', 'n04428191', 'n04429376', 'n04435653', 'n04442312', 'n04443257', 'n04447861', 'n04456115', 'n04458633', 'n04461696', 'n04462240', 'n04465501', 'n04467665', 'n04479046', 'n04482393', 'n04483307', 'n04485082', 'n04486054', 'n04487081', 'n04487394', 'n04493381', 'n04501370', 'n04507155', 'n04509417', 'n04515003', 'n04517823', 'n04522168', 'n04523525', 'n04525038', 'n04525305', 'n04532106', 'n04532670', 'n04536866', 'n04540053', 'n04542943', 'n04548280', 'n04548362', 'n04550184', 'n04552348', 'n04553703', 'n04554684', 'n04560804', 'n04562935', 'n04579145', 'n04579432', 'n04584207', 'n04589890', 'n04590129', 'n04591157', 'n04592741', 'n04596742', 'n04597913', 'n04599235', 'n04604644', 'n04606251', 'n04612504', 'n04613696', 'n06359193', 'n06785654', 'n06794110', 'n06874185', 'n07248320', 'n07565083', 'n07579787', 'n07583066', 'n07584110', 'n07590611', 'n07613480', 'n07614500', 'n07615774', 'n07684084', 'n07693725', 'n07695742', 'n07697313', 'n07697537', 'n07711569', 'n07714571', 'n07714990', 'n07715103', 'n07716358', 'n07716906', 'n07717410', 'n07717556', 'n07718472', 'n07718747', 'n07720875', 'n07730033', 'n07734744', 'n07742313', 'n07745940', 'n07747607', 'n07749582', 'n07753113', 'n07753275', 'n07753592', 'n07754684', 'n07760859', 'n07768694', 'n07802026', 'n07831146', 'n07836838', 'n07860988', 'n07871810', 'n07873807', 'n07875152', 'n07880968', 'n07892512', 'n07920052', 'n07932039', 'n09193705', 'n09229709', 'n09246464', 'n09256479', 'n09288635', 'n09332890', 'n09399592', 'n09421951', 'n09428293', 'n09468604', 'n09472597', 'n09835506', 'n10148035', 'n10565667', 'n11879895', 'n11939491', 'n12057211', 'n12144580', 'n12267677', 'n12620546', 'n12768682', 'n12985857', 'n12998815', 'n13037406', 'n13040303', 'n13044778', 'n13052670', 'n13054560', 'n13133613', 'n15075141']
1226767
train_datast length is 1226767
47897
valid_dataset length is 47897
{0: 0, 1: 1, 2: 2, 3: 3, 4: 4, 5: 5, 6: 6, 7: 7, 8: 8, 9: 9, 10: 10, 11: 11, 12: 12, 13: 13, 14: 14, 15: 15, 16: 16, 17: 17, 18: 18, 19: 19, 20: 20, 21: 21, 22: 22, 23: 23, 24: 24, 25: 25, 26: 26, 27: 27, 28: 28, 29: 29, 30: 30, 31: 31, 32: 32, 33: 33, 34: 34, 35: 35, 36: 36, 37: 37, 38: 38, 39: 39, 40: 40, 41: 41, 42: 42, 43: 43, 44: 44, 45: 45, 46: 46, 47: 47, 48: 48, 49: 49, 50: 50, 51: 51, 52: 52, 53: 53, 54: 54, 55: 55, 56: 56, 57: 57, 58: 58, 59: 59, 60: 60, 61: 61, 62: 62, 63: 63, 64: 64, 65: 65, 66: 66, 67: 67, 68: 68, 69: 69, 70: 70, 71: 71, 72: 72, 73: 73, 74: 74, 75: 75, 76: 76, 77: 77, 78: 78, 79: 79, 80: 80, 81: 81, 82: 82, 83: 83, 84: 84, 85: 85, 86: 86, 87: 87, 88: 88, 89: 89, 90: 90, 91: 91, 92: 92, 93: 93, 94: 94, 95: 95, 96: 96, 97: 97, 98: 98, 99: 99, 100: 100, 101: 101, 102: 102, 103: 103, 104: 104, 105: 105, 106: 106, 107: 107, 108: 108, 109: 109, 110: 110, 111: 111, 112: 112, 113: 113, 114: 114, 115: 115, 116: 116, 117: 117, 118: 118, 119: 119, 120: 120, 121: 121, 122: 122, 123: 123, 124: 124, 125: 125, 126: 126, 127: 127, 128: 128, 129: 129, 130: 130, 131: 131, 132: 132, 133: 133, 134: 134, 135: 135, 136: 136, 137: 137, 138: 138, 139: 139, 140: 140, 141: 141, 142: 142, 143: 143, 144: 144, 145: 145, 146: 146, 147: 147, 148: 148, 149: 149, 150: 150, 151: 151, 152: 152, 153: 153, 154: 154, 155: 155, 156: 156, 157: 157, 158: 158, 159: 159, 160: 160, 161: 161, 162: 162, 163: 163, 164: 164, 165: 165, 166: 166, 167: 167, 168: 168, 169: 169, 170: 170, 171: 171, 172: 172, 173: 173, 174: 174, 175: 175, 176: 176, 177: 177, 178: 178, 179: 179, 180: 180, 181: 181, 182: 182, 183: 183, 184: 184, 185: 185, 186: 186, 187: 187, 188: 188, 189: 189, 190: 190, 191: 191, 192: 192, 193: 193, 194: 194, 195: 195, 196: 196, 197: 197, 198: 198, 199: 199, 200: 200, 201: 201, 202: 202, 203: 203, 204: 204, 205: 205, 206: 206, 207: 207, 208: 208, 209: 209, 210: 210, 211: 211, 212: 212, 213: 213, 214: 214, 215: 215, 216: 216, 217: 217, 218: 218, 219: 219, 220: 220, 221: 221, 222: 222, 223: 223, 224: 224, 225: 225, 226: 226, 227: 227, 228: 228, 229: 229, 230: 230, 231: 231, 232: 232, 233: 233, 234: 234, 235: 235, 236: 236, 237: 237, 238: 238, 239: 239, 240: 240, 241: 241, 242: 242, 243: 243, 244: 244, 245: 245, 246: 246, 247: 247, 248: 248, 249: 249, 250: 250, 251: 251, 252: 252, 253: 253, 254: 254, 255: 255, 256: 256, 257: 257, 258: 258, 259: 259, 260: 260, 261: 261, 262: 262, 263: 263, 264: 264, 265: 265, 266: 266, 267: 267, 268: 268, 269: 269, 270: 270, 271: 271, 272: 272, 273: 273, 274: 274, 275: 275, 276: 276, 277: 277, 278: 278, 279: 279, 280: 280, 281: 281, 282: 282, 283: 283, 284: 284, 285: 285, 286: 286, 287: 287, 288: 288, 289: 289, 290: 290, 291: 291, 292: 292, 293: 293, 294: 294, 295: 295, 296: 296, 297: 297, 298: 298, 299: 299, 300: 300, 301: 301, 302: 302, 303: 303, 304: 304, 305: 305, 306: 306, 307: 307, 308: 308, 309: 309, 310: 310, 311: 311, 312: 312, 313: 313, 314: 314, 315: 315, 316: 316, 317: 317, 318: 318, 319: 319, 320: 320, 321: 321, 322: 322, 323: 323, 324: 324, 325: 325, 326: 326, 327: 327, 328: 328, 329: 329, 330: 330, 331: 331, 332: 332, 333: 333, 334: 334, 335: 335, 336: 336, 337: 337, 338: 338, 339: 339, 340: 340, 341: 341, 342: 342, 343: 343, 344: 344, 345: 345, 346: 346, 347: 347, 348: 348, 349: 349, 350: 350, 351: 351, 352: 352, 353: 353, 354: 354, 355: 355, 356: 356, 357: 357, 358: 358, 359: 359, 360: 360, 361: 361, 362: 362, 363: 363, 364: 364, 365: 365, 366: 366, 367: 367, 368: 368, 369: 369, 370: 370, 371: 371, 372: 372, 373: 373, 374: 374, 375: 375, 376: 376, 377: 377, 378: 378, 379: 379, 380: 380, 381: 381, 382: 382, 383: 383, 384: 384, 385: 385, 386: 386, 387: 387, 388: 388, 389: 389, 390: 390, 391: 391, 392: 392, 393: 393, 394: 394, 395: 395, 396: 396, 397: 397, 398: 398, 399: 399, 400: 400, 401: 401, 402: 402, 403: 403, 404: 404, 405: 405, 406: 406, 407: 407, 408: 408, 409: 409, 410: 410, 411: 411, 412: 412, 413: 413, 414: 414, 415: 415, 416: 416, 417: 417, 418: 418, 419: 419, 420: 420, 421: 421, 422: 422, 424: 423, 425: 424, 426: 425, 427: 426, 428: 427, 429: 428, 430: 429, 431: 430, 432: 431, 433: 432, 434: 433, 435: 434, 436: 435, 437: 436, 438: 437, 439: 438, 441: 439, 442: 440, 443: 441, 445: 442, 447: 443, 448: 444, 449: 445, 450: 446, 451: 447, 452: 448, 454: 449, 456: 450, 457: 451, 458: 452, 459: 453, 460: 454, 461: 455, 462: 456, 463: 457, 464: 458, 465: 459, 466: 460, 467: 461, 468: 462, 469: 463, 470: 464, 471: 465, 472: 466, 473: 467, 474: 468, 475: 469, 476: 470, 477: 471, 478: 472, 479: 473, 480: 474, 481: 475, 482: 476, 483: 477, 484: 478, 485: 479, 486: 480, 488: 481, 489: 482, 490: 483, 491: 484, 492: 485, 493: 486, 494: 487, 496: 488, 497: 489, 498: 490, 499: 491, 500: 492, 501: 493, 502: 494, 503: 495, 505: 496, 506: 497, 507: 498, 509: 499, 510: 500, 511: 501, 512: 502, 513: 503, 514: 504, 515: 505, 516: 506, 517: 507, 519: 508, 520: 509, 521: 510, 522: 511, 523: 512, 524: 513, 525: 514, 526: 515, 529: 516, 530: 517, 531: 518, 532: 519, 533: 520, 534: 521, 535: 522, 536: 523, 537: 524, 538: 525, 539: 526, 540: 527, 541: 528, 542: 529, 543: 530, 544: 531, 545: 532, 546: 533, 547: 534, 548: 535, 549: 536, 550: 537, 551: 538, 552: 539, 553: 540, 554: 541, 555: 542, 556: 543, 557: 544, 558: 545, 561: 546, 562: 547, 564: 548, 565: 549, 566: 550, 567: 551, 568: 552, 569: 553, 570: 554, 571: 555, 572: 556, 573: 557, 574: 558, 575: 559, 576: 560, 577: 561, 578: 562, 579: 563, 580: 564, 581: 565, 582: 566, 583: 567, 584: 568, 585: 569, 586: 570, 587: 571, 588: 572, 589: 573, 591: 574, 592: 575, 593: 576, 594: 577, 595: 578, 596: 579, 597: 580, 598: 581, 599: 582, 600: 583, 601: 584, 602: 585, 603: 586, 604: 587, 605: 588, 606: 589, 607: 590, 608: 591, 609: 592, 610: 593, 611: 594, 612: 595, 613: 596, 614: 597, 615: 598, 616: 599, 617: 600, 618: 601, 621: 602, 622: 603, 623: 604, 624: 605, 625: 606, 626: 607, 627: 608, 628: 609, 629: 610, 630: 611, 631: 612, 633: 613, 634: 614, 635: 615, 636: 616, 637: 617, 638: 618, 639: 619, 640: 620, 641: 621, 642: 622, 643: 623, 644: 624, 645: 625, 646: 626, 647: 627, 649: 628, 651: 629, 652: 630, 653: 631, 654: 632, 655: 633, 656: 634, 657: 635, 658: 636, 659: 637, 660: 638, 661: 639, 662: 640, 663: 641, 666: 642, 667: 643, 668: 644, 669: 645, 670: 646, 672: 647, 674: 648, 675: 649, 676: 650, 677: 651, 678: 652, 679: 653, 680: 654, 682: 655, 683: 656, 684: 657, 685: 658, 686: 659, 687: 660, 688: 661, 689: 662, 690: 663, 691: 664, 692: 665, 693: 666, 694: 667, 695: 668, 696: 669, 697: 670, 698: 671, 699: 672, 700: 673, 701: 674, 702: 675, 703: 676, 704: 677, 705: 678, 706: 679, 708: 680, 709: 681, 710: 682, 711: 683, 712: 684, 713: 685, 714: 686, 715: 687, 716: 688, 717: 689, 718: 690, 719: 691, 721: 692, 722: 693, 723: 694, 724: 695, 725: 696, 726: 697, 727: 698, 728: 699, 729: 700, 730: 701, 731: 702, 732: 703, 733: 704, 734: 705, 735: 706, 736: 707, 738: 708, 739: 709, 740: 710, 741: 711, 743: 712, 744: 713, 746: 714, 747: 715, 748: 716, 749: 717, 750: 718, 751: 719, 752: 720, 753: 721, 754: 722, 755: 723, 756: 724, 757: 725, 758: 726, 759: 727, 760: 728, 761: 729, 762: 730, 763: 731, 764: 732, 766: 733, 767: 734, 768: 735, 769: 736, 770: 737, 771: 738, 772: 739, 773: 740, 774: 741, 775: 742, 776: 743, 777: 744, 778: 745, 779: 746, 780: 747, 781: 748, 783: 749, 784: 750, 785: 751, 786: 752, 787: 753, 788: 754, 789: 755, 790: 756, 791: 757, 792: 758, 793: 759, 794: 760, 795: 761, 796: 762, 797: 763, 798: 764, 799: 765, 800: 766, 801: 767, 802: 768, 803: 769, 804: 770, 805: 771, 806: 772, 807: 773, 808: 774, 809: 775, 810: 776, 811: 777, 812: 778, 813: 779, 814: 780, 815: 781, 816: 782, 817: 783, 819: 784, 820: 785, 821: 786, 822: 787, 823: 788, 824: 789, 825: 790, 826: 791, 827: 792, 828: 793, 829: 794, 830: 795, 831: 796, 832: 797, 833: 798, 834: 799, 835: 800, 836: 801, 837: 802, 838: 803, 839: 804, 840: 805, 841: 806, 842: 807, 843: 808, 844: 809, 845: 810, 847: 811, 848: 812, 849: 813, 850: 814, 851: 815, 852: 816, 853: 817, 854: 818, 855: 819, 856: 820, 857: 821, 858: 822, 859: 823, 860: 824, 861: 825, 862: 826, 863: 827, 864: 828, 865: 829, 866: 830, 867: 831, 869: 832, 870: 833, 871: 834, 872: 835, 873: 836, 874: 837, 875: 838, 876: 839, 877: 840, 879: 841, 880: 842, 881: 843, 882: 844, 883: 845, 884: 846, 885: 847, 886: 848, 887: 849, 888: 850, 889: 851, 890: 852, 891: 853, 892: 854, 893: 855, 894: 856, 895: 857, 896: 858, 897: 859, 899: 860, 900: 861, 901: 862, 902: 863, 903: 864, 904: 865, 905: 866, 906: 867, 908: 868, 909: 869, 910: 870, 911: 871, 912: 872, 913: 873, 914: 874, 915: 875, 916: 876, 918: 877, 919: 878, 920: 879, 921: 880, 922: 881, 923: 882, 924: 883, 925: 884, 926: 885, 927: 886, 928: 887, 929: 888, 930: 889, 931: 890, 932: 891, 933: 892, 934: 893, 935: 894, 936: 895, 937: 896, 938: 897, 939: 898, 940: 899, 941: 900, 942: 901, 943: 902, 944: 903, 945: 904, 946: 905, 947: 906, 948: 907, 949: 908, 950: 909, 951: 910, 952: 911, 953: 912, 954: 913, 955: 914, 956: 915, 957: 916, 958: 917, 959: 918, 960: 919, 961: 920, 962: 921, 963: 922, 964: 923, 965: 924, 966: 925, 967: 926, 969: 927, 970: 928, 971: 929, 972: 930, 973: 931, 974: 932, 975: 933, 976: 934, 977: 935, 978: 936, 979: 937, 980: 938, 981: 939, 982: 940, 983: 941, 984: 942, 985: 943, 986: 944, 987: 945, 988: 946, 989: 947, 990: 948, 991: 949, 992: 950, 993: 951, 994: 952, 995: 953, 996: 954, 997: 955, 998: 956, 999: 957}
training set
4793
validating  set
375
Use GPU: 0 for training
when creating the model, the number of classes are
958
=> using pre-trained model 'alexnet_cdan'
the number of classes are 958
Adjusting learning rate of group 0 to 1.0000e-02.
----------------------------------------
training directory:/data/gpfs/datasets/Imagenet/train_blurred

validating directory:/data/gpfs/datasets/Imagenet/val_blurred

----------------------------------------
Dataset ImageFolder
    Number of datapoints: 1281066
    Root location: /data/gpfs/datasets/Imagenet/train_blurred
    StandardTransform
Transform: Compose(
               RandomHorizontalFlip(p=0.5)
               Resize(size=256, interpolation=bilinear, max_size=None, antialias=None)
               RandomResizedCrop(size=(227, 227), scale=(0.08, 1.0), ratio=(0.75, 1.3333), interpolation=bilinear)
               ToTensor()
               Normalize(mean=[0.485, 0.456, 0.406], std=[0.229, 0.224, 0.225])
           )
----------------------------------------
Dataset ImageFolder
    Number of datapoints: 49997
    Root location: /data/gpfs/datasets/Imagenet/val_blurred
    StandardTransform
Transform: Compose(
               RandomHorizontalFlip(p=0.5)
               Resize(size=256, interpolation=bilinear, max_size=None, antialias=None)
               RandomResizedCrop(size=(227, 227), scale=(0.08, 1.0), ratio=(0.75, 1.3333), interpolation=bilinear)
               ToTensor()
           )
----------------------------------------
            0                      1
0   n02791124           barber_chair
1   n02823428            beer_bottle
2   n02835271  bicycle-built-for-two
3   n02840245                 binder
4   n02870880               bookcase
5   n02877765              bottlecap
6   n02992529     cellular_telephone
7   n03018349          china_cabinet
8   n03063599             coffee_mug
9   n03085013      computer_keyboard
10  n03127747           crash_helmet
11  n03180011       desktop_computer
12  n03187595         dial_telephone
13  n03376595          folding_chair
14  n03379051        football_helmet
15  n03388183           fountain_pen
16  n03485407     hand-held_computer
17  n03637318              lampshade
18  n03642806                 laptop
19  n03691459            loudspeaker
20  n03742115         medicine_chest
21  n03759954             microphone
22  n03782006                monitor
23  n03785016                  moped
24  n03792782          mountain_bike
25  n03793489                  mouse
26  n03832673               notebook
27  n03902125              pay-phone
28  n03937543            pill_bottle
29  n03983396             pop_bottle
30  n04004767                printer
31  n04009552              projector
32  n04099969          rocking_chair
33  n04152593                 screen
34  n04286575              spotlight
35  n04380533             table_lamp
36  n04476259                   tray
37  n04505470    typewriter_keyboard
38  n04557648           water_bottle
39  n04591713            wine_bottle
40  n06596364             comic_book
41  n07930864                    cup
+---+---+---+---+---+---+---+---+---+---+---+---+---+---+---+---+---+---+---+---
958
42
+---+---+---+---+---+---+---+---+---+---+---+---+---+---+---+---+---+---+---+---
chosen_classes_labels_names
['n01440764', 'n01443537', 'n01484850', 'n01491361', 'n01494475', 'n01496331', 'n01498041', 'n01514668', 'n01514859', 'n01518878', 'n01530575', 'n01531178', 'n01532829', 'n01534433', 'n01537544', 'n01558993', 'n01560419', 'n01580077', 'n01582220', 'n01592084', 'n01601694', 'n01608432', 'n01614925', 'n01616318', 'n01622779', 'n01629819', 'n01630670', 'n01631663', 'n01632458', 'n01632777', 'n01641577', 'n01644373', 'n01644900', 'n01664065', 'n01665541', 'n01667114', 'n01667778', 'n01669191', 'n01675722', 'n01677366', 'n01682714', 'n01685808', 'n01687978', 'n01688243', 'n01689811', 'n01692333', 'n01693334', 'n01694178', 'n01695060', 'n01697457', 'n01698640', 'n01704323', 'n01728572', 'n01728920', 'n01729322', 'n01729977', 'n01734418', 'n01735189', 'n01737021', 'n01739381', 'n01740131', 'n01742172', 'n01744401', 'n01748264', 'n01749939', 'n01751748', 'n01753488', 'n01755581', 'n01756291', 'n01768244', 'n01770081', 'n01770393', 'n01773157', 'n01773549', 'n01773797', 'n01774384', 'n01774750', 'n01775062', 'n01776313', 'n01784675', 'n01795545', 'n01796340', 'n01797886', 'n01798484', 'n01806143', 'n01806567', 'n01807496', 'n01817953', 'n01818515', 'n01819313', 'n01820546', 'n01824575', 'n01828970', 'n01829413', 'n01833805', 'n01843065', 'n01843383', 'n01847000', 'n01855032', 'n01855672', 'n01860187', 'n01871265', 'n01872401', 'n01873310', 'n01877812', 'n01882714', 'n01883070', 'n01910747', 'n01914609', 'n01917289', 'n01924916', 'n01930112', 'n01943899', 'n01944390', 'n01945685', 'n01950731', 'n01955084', 'n01968897', 'n01978287', 'n01978455', 'n01980166', 'n01981276', 'n01983481', 'n01984695', 'n01985128', 'n01986214', 'n01990800', 'n02002556', 'n02002724', 'n02006656', 'n02007558', 'n02009229', 'n02009912', 'n02011460', 'n02012849', 'n02013706', 'n02017213', 'n02018207', 'n02018795', 'n02025239', 'n02027492', 'n02028035', 'n02033041', 'n02037110', 'n02051845', 'n02056570', 'n02058221', 'n02066245', 'n02071294', 'n02074367', 'n02077923', 'n02085620', 'n02085782', 'n02085936', 'n02086079', 'n02086240', 'n02086646', 'n02086910', 'n02087046', 'n02087394', 'n02088094', 'n02088238', 'n02088364', 'n02088466', 'n02088632', 'n02089078', 'n02089867', 'n02089973', 'n02090379', 'n02090622', 'n02090721', 'n02091032', 'n02091134', 'n02091244', 'n02091467', 'n02091635', 'n02091831', 'n02092002', 'n02092339', 'n02093256', 'n02093428', 'n02093647', 'n02093754', 'n02093859', 'n02093991', 'n02094114', 'n02094258', 'n02094433', 'n02095314', 'n02095570', 'n02095889', 'n02096051', 'n02096177', 'n02096294', 'n02096437', 'n02096585', 'n02097047', 'n02097130', 'n02097209', 'n02097298', 'n02097474', 'n02097658', 'n02098105', 'n02098286', 'n02098413', 'n02099267', 'n02099429', 'n02099601', 'n02099712', 'n02099849', 'n02100236', 'n02100583', 'n02100735', 'n02100877', 'n02101006', 'n02101388', 'n02101556', 'n02102040', 'n02102177', 'n02102318', 'n02102480', 'n02102973', 'n02104029', 'n02104365', 'n02105056', 'n02105162', 'n02105251', 'n02105412', 'n02105505', 'n02105641', 'n02105855', 'n02106030', 'n02106166', 'n02106382', 'n02106550', 'n02106662', 'n02107142', 'n02107312', 'n02107574', 'n02107683', 'n02107908', 'n02108000', 'n02108089', 'n02108422', 'n02108551', 'n02108915', 'n02109047', 'n02109525', 'n02109961', 'n02110063', 'n02110185', 'n02110341', 'n02110627', 'n02110806', 'n02110958', 'n02111129', 'n02111277', 'n02111500', 'n02111889', 'n02112018', 'n02112137', 'n02112350', 'n02112706', 'n02113023', 'n02113186', 'n02113624', 'n02113712', 'n02113799', 'n02113978', 'n02114367', 'n02114548', 'n02114712', 'n02114855', 'n02115641', 'n02115913', 'n02116738', 'n02117135', 'n02119022', 'n02119789', 'n02120079', 'n02120505', 'n02123045', 'n02123159', 'n02123394', 'n02123597', 'n02124075', 'n02125311', 'n02127052', 'n02128385', 'n02128757', 'n02128925', 'n02129165', 'n02129604', 'n02130308', 'n02132136', 'n02133161', 'n02134084', 'n02134418', 'n02137549', 'n02138441', 'n02165105', 'n02165456', 'n02167151', 'n02168699', 'n02169497', 'n02172182', 'n02174001', 'n02177972', 'n02190166', 'n02206856', 'n02219486', 'n02226429', 'n02229544', 'n02231487', 'n02233338', 'n02236044', 'n02256656', 'n02259212', 'n02264363', 'n02268443', 'n02268853', 'n02276258', 'n02277742', 'n02279972', 'n02280649', 'n02281406', 'n02281787', 'n02317335', 'n02319095', 'n02321529', 'n02325366', 'n02326432', 'n02328150', 'n02342885', 'n02346627', 'n02356798', 'n02361337', 'n02363005', 'n02364673', 'n02389026', 'n02391049', 'n02395406', 'n02396427', 'n02397096', 'n02398521', 'n02403003', 'n02408429', 'n02410509', 'n02412080', 'n02415577', 'n02417914', 'n02422106', 'n02422699', 'n02423022', 'n02437312', 'n02437616', 'n02441942', 'n02442845', 'n02443114', 'n02443484', 'n02444819', 'n02445715', 'n02447366', 'n02454379', 'n02457408', 'n02480495', 'n02480855', 'n02481823', 'n02483362', 'n02483708', 'n02484975', 'n02486261', 'n02486410', 'n02487347', 'n02488291', 'n02488702', 'n02489166', 'n02490219', 'n02492035', 'n02492660', 'n02493509', 'n02493793', 'n02494079', 'n02497673', 'n02500267', 'n02504013', 'n02504458', 'n02509815', 'n02510455', 'n02514041', 'n02526121', 'n02536864', 'n02606052', 'n02607072', 'n02640242', 'n02641379', 'n02643566', 'n02655020', 'n02666196', 'n02667093', 'n02669723', 'n02672831', 'n02676566', 'n02687172', 'n02690373', 'n02692877', 'n02699494', 'n02701002', 'n02704792', 'n02708093', 'n02727426', 'n02730930', 'n02747177', 'n02749479', 'n02769748', 'n02776631', 'n02777292', 'n02782093', 'n02783161', 'n02786058', 'n02787622', 'n02788148', 'n02790996', 'n02791270', 'n02793495', 'n02794156', 'n02795169', 'n02797295', 'n02799071', 'n02802426', 'n02804414', 'n02804610', 'n02807133', 'n02808304', 'n02808440', 'n02814533', 'n02814860', 'n02815834', 'n02817516', 'n02823750', 'n02825657', 'n02834397', 'n02837789', 'n02841315', 'n02843684', 'n02859443', 'n02860847', 'n02865351', 'n02869837', 'n02871525', 'n02879718', 'n02883205', 'n02892201', 'n02892767', 'n02894605', 'n02895154', 'n02906734', 'n02909870', 'n02910353', 'n02916936', 'n02917067', 'n02927161', 'n02930766', 'n02939185', 'n02948072', 'n02950826', 'n02951358', 'n02951585', 'n02963159', 'n02965783', 'n02966193', 'n02966687', 'n02971356', 'n02974003', 'n02977058', 'n02978881', 'n02979186', 'n02980441', 'n02981792', 'n02988304', 'n02992211', 'n02999410', 'n03000134', 'n03000247', 'n03000684', 'n03014705', 'n03016953', 'n03017168', 'n03026506', 'n03028079', 'n03032252', 'n03041632', 'n03042490', 'n03045698', 'n03047690', 'n03062245', 'n03063689', 'n03065424', 'n03075370', 'n03089624', 'n03095699', 'n03100240', 'n03109150', 'n03110669', 'n03124043', 'n03124170', 'n03125729', 'n03126707', 'n03127925', 'n03131574', 'n03133878', 'n03134739', 'n03141823', 'n03146219', 'n03160309', 'n03179701', 'n03188531', 'n03196217', 'n03197337', 'n03201208', 'n03207743', 'n03207941', 'n03208938', 'n03216828', 'n03218198', 'n03220513', 'n03223299', 'n03240683', 'n03249569', 'n03250847', 'n03255030', 'n03259280', 'n03271574', 'n03272010', 'n03272562', 'n03290653', 'n03291819', 'n03297495', 'n03314780', 'n03325584', 'n03337140', 'n03344393', 'n03345487', 'n03347037', 'n03355925', 'n03372029', 'n03384352', 'n03388043', 'n03388549', 'n03393912', 'n03394916', 'n03400231', 'n03404251', 'n03417042', 'n03424325', 'n03425413', 'n03443371', 'n03444034', 'n03445777', 'n03445924', 'n03447447', 'n03447721', 'n03450230', 'n03452741', 'n03457902', 'n03459775', 'n03461385', 'n03467068', 'n03476684', 'n03476991', 'n03478589', 'n03481172', 'n03482405', 'n03483316', 'n03485794', 'n03492542', 'n03494278', 'n03495258', 'n03496892', 'n03498962', 'n03527444', 'n03529860', 'n03530642', 'n03532672', 'n03534580', 'n03535780', 'n03538406', 'n03544143', 'n03584254', 'n03584829', 'n03590841', 'n03594734', 'n03594945', 'n03595614', 'n03598930', 'n03599486', 'n03602883', 'n03617480', 'n03623198', 'n03627232', 'n03630383', 'n03633091', 'n03649909', 'n03657121', 'n03658185', 'n03661043', 'n03662601', 'n03666591', 'n03670208', 'n03673027', 'n03676483', 'n03680355', 'n03690938', 'n03692522', 'n03697007', 'n03706229', 'n03709823', 'n03710193', 'n03710637', 'n03710721', 'n03717622', 'n03720891', 'n03721384', 'n03724870', 'n03729826', 'n03733131', 'n03733281', 'n03733805', 'n03743016', 'n03761084', 'n03763968', 'n03764736', 'n03769881', 'n03770439', 'n03770679', 'n03773504', 'n03775071', 'n03775546', 'n03776460', 'n03777568', 'n03777754', 'n03781244', 'n03786901', 'n03787032', 'n03788195', 'n03788365', 'n03791053', 'n03792972', 'n03794056', 'n03796401', 'n03803284', 'n03804744', 'n03814639', 'n03814906', 'n03825788', 'n03837869', 'n03838899', 'n03840681', 'n03841143', 'n03843555', 'n03854065', 'n03857828', 'n03866082', 'n03868242', 'n03868863', 'n03871628', 'n03873416', 'n03874293', 'n03874599', 'n03876231', 'n03877472', 'n03877845', 'n03884397', 'n03887697', 'n03888257', 'n03888605', 'n03891251', 'n03891332', 'n03895866', 'n03899768', 'n03903868', 'n03908618', 'n03908714', 'n03916031', 'n03920288', 'n03924679', 'n03929660', 'n03929855', 'n03930313', 'n03930630', 'n03933933', 'n03935335', 'n03938244', 'n03942813', 'n03944341', 'n03947888', 'n03950228', 'n03954731', 'n03956157', 'n03958227', 'n03961711', 'n03967562', 'n03970156', 'n03976467', 'n03976657', 'n03977966', 'n03980874', 'n03982430', 'n03991062', 'n03992509', 'n03995372', 'n03998194', 'n04005630', 'n04008634', 'n04019541', 'n04023962', 'n04026417', 'n04033901', 'n04033995', 'n04037443', 'n04039381', 'n04040759', 'n04041544', 'n04044716', 'n04049303', 'n04065272', 'n04067472', 'n04069434', 'n04070727', 'n04074963', 'n04081281', 'n04086273', 'n04090263', 'n04111531', 'n04116512', 'n04118538', 'n04118776', 'n04120489', 'n04125021', 'n04127249', 'n04131690', 'n04133789', 'n04136333', 'n04141076', 'n04141327', 'n04141975', 'n04146614', 'n04147183', 'n04149813', 'n04153751', 'n04154565', 'n04162706', 'n04179913', 'n04192698', 'n04200800', 'n04201297', 'n04204238', 'n04204347', 'n04208210', 'n04209133', 'n04209239', 'n04228054', 'n04229816', 'n04235860', 'n04238763', 'n04239074', 'n04243546', 'n04251144', 'n04252077', 'n04252225', 'n04254120', 'n04254680', 'n04254777', 'n04258138', 'n04259630', 'n04263257', 'n04264628', 'n04265275', 'n04266014', 'n04270147', 'n04273569', 'n04275548', 'n04277352', 'n04285008', 'n04296562', 'n04310018', 'n04311004', 'n04311174', 'n04317175', 'n04325704', 'n04326547', 'n04328186', 'n04330267', 'n04332243', 'n04335435', 'n04336792', 'n04344873', 'n04346328', 'n04347754', 'n04350905', 'n04355338', 'n04355933', 'n04356056', 'n04357314', 'n04366367', 'n04367480', 'n04370456', 'n04371430', 'n04371774', 'n04372370', 'n04376876', 'n04389033', 'n04392985', 'n04398044', 'n04399382', 'n04404412', 'n04409515', 'n04417672', 'n04418357', 'n04423845', 'n04428191', 'n04429376', 'n04435653', 'n04442312', 'n04443257', 'n04447861', 'n04456115', 'n04458633', 'n04461696', 'n04462240', 'n04465501', 'n04467665', 'n04479046', 'n04482393', 'n04483307', 'n04485082', 'n04486054', 'n04487081', 'n04487394', 'n04493381', 'n04501370', 'n04507155', 'n04509417', 'n04515003', 'n04517823', 'n04522168', 'n04523525', 'n04525038', 'n04525305', 'n04532106', 'n04532670', 'n04536866', 'n04540053', 'n04542943', 'n04548280', 'n04548362', 'n04550184', 'n04552348', 'n04553703', 'n04554684', 'n04560804', 'n04562935', 'n04579145', 'n04579432', 'n04584207', 'n04589890', 'n04590129', 'n04591157', 'n04592741', 'n04596742', 'n04597913', 'n04599235', 'n04604644', 'n04606251', 'n04612504', 'n04613696', 'n06359193', 'n06785654', 'n06794110', 'n06874185', 'n07248320', 'n07565083', 'n07579787', 'n07583066', 'n07584110', 'n07590611', 'n07613480', 'n07614500', 'n07615774', 'n07684084', 'n07693725', 'n07695742', 'n07697313', 'n07697537', 'n07711569', 'n07714571', 'n07714990', 'n07715103', 'n07716358', 'n07716906', 'n07717410', 'n07717556', 'n07718472', 'n07718747', 'n07720875', 'n07730033', 'n07734744', 'n07742313', 'n07745940', 'n07747607', 'n07749582', 'n07753113', 'n07753275', 'n07753592', 'n07754684', 'n07760859', 'n07768694', 'n07802026', 'n07831146', 'n07836838', 'n07860988', 'n07871810', 'n07873807', 'n07875152', 'n07880968', 'n07892512', 'n07920052', 'n07932039', 'n09193705', 'n09229709', 'n09246464', 'n09256479', 'n09288635', 'n09332890', 'n09399592', 'n09421951', 'n09428293', 'n09468604', 'n09472597', 'n09835506', 'n10148035', 'n10565667', 'n11879895', 'n11939491', 'n12057211', 'n12144580', 'n12267677', 'n12620546', 'n12768682', 'n12985857', 'n12998815', 'n13037406', 'n13040303', 'n13044778', 'n13052670', 'n13054560', 'n13133613', 'n15075141']
1226767
train_datast length is 1226767
47897
valid_dataset length is 47897
{0: 0, 1: 1, 2: 2, 3: 3, 4: 4, 5: 5, 6: 6, 7: 7, 8: 8, 9: 9, 10: 10, 11: 11, 12: 12, 13: 13, 14: 14, 15: 15, 16: 16, 17: 17, 18: 18, 19: 19, 20: 20, 21: 21, 22: 22, 23: 23, 24: 24, 25: 25, 26: 26, 27: 27, 28: 28, 29: 29, 30: 30, 31: 31, 32: 32, 33: 33, 34: 34, 35: 35, 36: 36, 37: 37, 38: 38, 39: 39, 40: 40, 41: 41, 42: 42, 43: 43, 44: 44, 45: 45, 46: 46, 47: 47, 48: 48, 49: 49, 50: 50, 51: 51, 52: 52, 53: 53, 54: 54, 55: 55, 56: 56, 57: 57, 58: 58, 59: 59, 60: 60, 61: 61, 62: 62, 63: 63, 64: 64, 65: 65, 66: 66, 67: 67, 68: 68, 69: 69, 70: 70, 71: 71, 72: 72, 73: 73, 74: 74, 75: 75, 76: 76, 77: 77, 78: 78, 79: 79, 80: 80, 81: 81, 82: 82, 83: 83, 84: 84, 85: 85, 86: 86, 87: 87, 88: 88, 89: 89, 90: 90, 91: 91, 92: 92, 93: 93, 94: 94, 95: 95, 96: 96, 97: 97, 98: 98, 99: 99, 100: 100, 101: 101, 102: 102, 103: 103, 104: 104, 105: 105, 106: 106, 107: 107, 108: 108, 109: 109, 110: 110, 111: 111, 112: 112, 113: 113, 114: 114, 115: 115, 116: 116, 117: 117, 118: 118, 119: 119, 120: 120, 121: 121, 122: 122, 123: 123, 124: 124, 125: 125, 126: 126, 127: 127, 128: 128, 129: 129, 130: 130, 131: 131, 132: 132, 133: 133, 134: 134, 135: 135, 136: 136, 137: 137, 138: 138, 139: 139, 140: 140, 141: 141, 142: 142, 143: 143, 144: 144, 145: 145, 146: 146, 147: 147, 148: 148, 149: 149, 150: 150, 151: 151, 152: 152, 153: 153, 154: 154, 155: 155, 156: 156, 157: 157, 158: 158, 159: 159, 160: 160, 161: 161, 162: 162, 163: 163, 164: 164, 165: 165, 166: 166, 167: 167, 168: 168, 169: 169, 170: 170, 171: 171, 172: 172, 173: 173, 174: 174, 175: 175, 176: 176, 177: 177, 178: 178, 179: 179, 180: 180, 181: 181, 182: 182, 183: 183, 184: 184, 185: 185, 186: 186, 187: 187, 188: 188, 189: 189, 190: 190, 191: 191, 192: 192, 193: 193, 194: 194, 195: 195, 196: 196, 197: 197, 198: 198, 199: 199, 200: 200, 201: 201, 202: 202, 203: 203, 204: 204, 205: 205, 206: 206, 207: 207, 208: 208, 209: 209, 210: 210, 211: 211, 212: 212, 213: 213, 214: 214, 215: 215, 216: 216, 217: 217, 218: 218, 219: 219, 220: 220, 221: 221, 222: 222, 223: 223, 224: 224, 225: 225, 226: 226, 227: 227, 228: 228, 229: 229, 230: 230, 231: 231, 232: 232, 233: 233, 234: 234, 235: 235, 236: 236, 237: 237, 238: 238, 239: 239, 240: 240, 241: 241, 242: 242, 243: 243, 244: 244, 245: 245, 246: 246, 247: 247, 248: 248, 249: 249, 250: 250, 251: 251, 252: 252, 253: 253, 254: 254, 255: 255, 256: 256, 257: 257, 258: 258, 259: 259, 260: 260, 261: 261, 262: 262, 263: 263, 264: 264, 265: 265, 266: 266, 267: 267, 268: 268, 269: 269, 270: 270, 271: 271, 272: 272, 273: 273, 274: 274, 275: 275, 276: 276, 277: 277, 278: 278, 279: 279, 280: 280, 281: 281, 282: 282, 283: 283, 284: 284, 285: 285, 286: 286, 287: 287, 288: 288, 289: 289, 290: 290, 291: 291, 292: 292, 293: 293, 294: 294, 295: 295, 296: 296, 297: 297, 298: 298, 299: 299, 300: 300, 301: 301, 302: 302, 303: 303, 304: 304, 305: 305, 306: 306, 307: 307, 308: 308, 309: 309, 310: 310, 311: 311, 312: 312, 313: 313, 314: 314, 315: 315, 316: 316, 317: 317, 318: 318, 319: 319, 320: 320, 321: 321, 322: 322, 323: 323, 324: 324, 325: 325, 326: 326, 327: 327, 328: 328, 329: 329, 330: 330, 331: 331, 332: 332, 333: 333, 334: 334, 335: 335, 336: 336, 337: 337, 338: 338, 339: 339, 340: 340, 341: 341, 342: 342, 343: 343, 344: 344, 345: 345, 346: 346, 347: 347, 348: 348, 349: 349, 350: 350, 351: 351, 352: 352, 353: 353, 354: 354, 355: 355, 356: 356, 357: 357, 358: 358, 359: 359, 360: 360, 361: 361, 362: 362, 363: 363, 364: 364, 365: 365, 366: 366, 367: 367, 368: 368, 369: 369, 370: 370, 371: 371, 372: 372, 373: 373, 374: 374, 375: 375, 376: 376, 377: 377, 378: 378, 379: 379, 380: 380, 381: 381, 382: 382, 383: 383, 384: 384, 385: 385, 386: 386, 387: 387, 388: 388, 389: 389, 390: 390, 391: 391, 392: 392, 393: 393, 394: 394, 395: 395, 396: 396, 397: 397, 398: 398, 399: 399, 400: 400, 401: 401, 402: 402, 403: 403, 404: 404, 405: 405, 406: 406, 407: 407, 408: 408, 409: 409, 410: 410, 411: 411, 412: 412, 413: 413, 414: 414, 415: 415, 416: 416, 417: 417, 418: 418, 419: 419, 420: 420, 421: 421, 422: 422, 424: 423, 425: 424, 426: 425, 427: 426, 428: 427, 429: 428, 430: 429, 431: 430, 432: 431, 433: 432, 434: 433, 435: 434, 436: 435, 437: 436, 438: 437, 439: 438, 441: 439, 442: 440, 443: 441, 445: 442, 447: 443, 448: 444, 449: 445, 450: 446, 451: 447, 452: 448, 454: 449, 456: 450, 457: 451, 458: 452, 459: 453, 460: 454, 461: 455, 462: 456, 463: 457, 464: 458, 465: 459, 466: 460, 467: 461, 468: 462, 469: 463, 470: 464, 471: 465, 472: 466, 473: 467, 474: 468, 475: 469, 476: 470, 477: 471, 478: 472, 479: 473, 480: 474, 481: 475, 482: 476, 483: 477, 484: 478, 485: 479, 486: 480, 488: 481, 489: 482, 490: 483, 491: 484, 492: 485, 493: 486, 494: 487, 496: 488, 497: 489, 498: 490, 499: 491, 500: 492, 501: 493, 502: 494, 503: 495, 505: 496, 506: 497, 507: 498, 509: 499, 510: 500, 511: 501, 512: 502, 513: 503, 514: 504, 515: 505, 516: 506, 517: 507, 519: 508, 520: 509, 521: 510, 522: 511, 523: 512, 524: 513, 525: 514, 526: 515, 529: 516, 530: 517, 531: 518, 532: 519, 533: 520, 534: 521, 535: 522, 536: 523, 537: 524, 538: 525, 539: 526, 540: 527, 541: 528, 542: 529, 543: 530, 544: 531, 545: 532, 546: 533, 547: 534, 548: 535, 549: 536, 550: 537, 551: 538, 552: 539, 553: 540, 554: 541, 555: 542, 556: 543, 557: 544, 558: 545, 561: 546, 562: 547, 564: 548, 565: 549, 566: 550, 567: 551, 568: 552, 569: 553, 570: 554, 571: 555, 572: 556, 573: 557, 574: 558, 575: 559, 576: 560, 577: 561, 578: 562, 579: 563, 580: 564, 581: 565, 582: 566, 583: 567, 584: 568, 585: 569, 586: 570, 587: 571, 588: 572, 589: 573, 591: 574, 592: 575, 593: 576, 594: 577, 595: 578, 596: 579, 597: 580, 598: 581, 599: 582, 600: 583, 601: 584, 602: 585, 603: 586, 604: 587, 605: 588, 606: 589, 607: 590, 608: 591, 609: 592, 610: 593, 611: 594, 612: 595, 613: 596, 614: 597, 615: 598, 616: 599, 617: 600, 618: 601, 621: 602, 622: 603, 623: 604, 624: 605, 625: 606, 626: 607, 627: 608, 628: 609, 629: 610, 630: 611, 631: 612, 633: 613, 634: 614, 635: 615, 636: 616, 637: 617, 638: 618, 639: 619, 640: 620, 641: 621, 642: 622, 643: 623, 644: 624, 645: 625, 646: 626, 647: 627, 649: 628, 651: 629, 652: 630, 653: 631, 654: 632, 655: 633, 656: 634, 657: 635, 658: 636, 659: 637, 660: 638, 661: 639, 662: 640, 663: 641, 666: 642, 667: 643, 668: 644, 669: 645, 670: 646, 672: 647, 674: 648, 675: 649, 676: 650, 677: 651, 678: 652, 679: 653, 680: 654, 682: 655, 683: 656, 684: 657, 685: 658, 686: 659, 687: 660, 688: 661, 689: 662, 690: 663, 691: 664, 692: 665, 693: 666, 694: 667, 695: 668, 696: 669, 697: 670, 698: 671, 699: 672, 700: 673, 701: 674, 702: 675, 703: 676, 704: 677, 705: 678, 706: 679, 708: 680, 709: 681, 710: 682, 711: 683, 712: 684, 713: 685, 714: 686, 715: 687, 716: 688, 717: 689, 718: 690, 719: 691, 721: 692, 722: 693, 723: 694, 724: 695, 725: 696, 726: 697, 727: 698, 728: 699, 729: 700, 730: 701, 731: 702, 732: 703, 733: 704, 734: 705, 735: 706, 736: 707, 738: 708, 739: 709, 740: 710, 741: 711, 743: 712, 744: 713, 746: 714, 747: 715, 748: 716, 749: 717, 750: 718, 751: 719, 752: 720, 753: 721, 754: 722, 755: 723, 756: 724, 757: 725, 758: 726, 759: 727, 760: 728, 761: 729, 762: 730, 763: 731, 764: 732, 766: 733, 767: 734, 768: 735, 769: 736, 770: 737, 771: 738, 772: 739, 773: 740, 774: 741, 775: 742, 776: 743, 777: 744, 778: 745, 779: 746, 780: 747, 781: 748, 783: 749, 784: 750, 785: 751, 786: 752, 787: 753, 788: 754, 789: 755, 790: 756, 791: 757, 792: 758, 793: 759, 794: 760, 795: 761, 796: 762, 797: 763, 798: 764, 799: 765, 800: 766, 801: 767, 802: 768, 803: 769, 804: 770, 805: 771, 806: 772, 807: 773, 808: 774, 809: 775, 810: 776, 811: 777, 812: 778, 813: 779, 814: 780, 815: 781, 816: 782, 817: 783, 819: 784, 820: 785, 821: 786, 822: 787, 823: 788, 824: 789, 825: 790, 826: 791, 827: 792, 828: 793, 829: 794, 830: 795, 831: 796, 832: 797, 833: 798, 834: 799, 835: 800, 836: 801, 837: 802, 838: 803, 839: 804, 840: 805, 841: 806, 842: 807, 843: 808, 844: 809, 845: 810, 847: 811, 848: 812, 849: 813, 850: 814, 851: 815, 852: 816, 853: 817, 854: 818, 855: 819, 856: 820, 857: 821, 858: 822, 859: 823, 860: 824, 861: 825, 862: 826, 863: 827, 864: 828, 865: 829, 866: 830, 867: 831, 869: 832, 870: 833, 871: 834, 872: 835, 873: 836, 874: 837, 875: 838, 876: 839, 877: 840, 879: 841, 880: 842, 881: 843, 882: 844, 883: 845, 884: 846, 885: 847, 886: 848, 887: 849, 888: 850, 889: 851, 890: 852, 891: 853, 892: 854, 893: 855, 894: 856, 895: 857, 896: 858, 897: 859, 899: 860, 900: 861, 901: 862, 902: 863, 903: 864, 904: 865, 905: 866, 906: 867, 908: 868, 909: 869, 910: 870, 911: 871, 912: 872, 913: 873, 914: 874, 915: 875, 916: 876, 918: 877, 919: 878, 920: 879, 921: 880, 922: 881, 923: 882, 924: 883, 925: 884, 926: 885, 927: 886, 928: 887, 929: 888, 930: 889, 931: 890, 932: 891, 933: 892, 934: 893, 935: 894, 936: 895, 937: 896, 938: 897, 939: 898, 940: 899, 941: 900, 942: 901, 943: 902, 944: 903, 945: 904, 946: 905, 947: 906, 948: 907, 949: 908, 950: 909, 951: 910, 952: 911, 953: 912, 954: 913, 955: 914, 956: 915, 957: 916, 958: 917, 959: 918, 960: 919, 961: 920, 962: 921, 963: 922, 964: 923, 965: 924, 966: 925, 967: 926, 969: 927, 970: 928, 971: 929, 972: 930, 973: 931, 974: 932, 975: 933, 976: 934, 977: 935, 978: 936, 979: 937, 980: 938, 981: 939, 982: 940, 983: 941, 984: 942, 985: 943, 986: 944, 987: 945, 988: 946, 989: 947, 990: 948, 991: 949, 992: 950, 993: 951, 994: 952, 995: 953, 996: 954, 997: 955, 998: 956, 999: 957}
training set
4793
validating  set
375
Epoch: [0][   0/4793]	Time 17.994 (17.994)	Data 16.542 (16.542)	Loss 6.8663e+00 (6.8663e+00)	Acc@1   0.00 (  0.00)	Acc@5   0.00 (  0.00)
Epoch: [0][ 200/4793]	Time  0.145 ( 0.576)	Data  0.063 ( 0.290)	Loss 6.8643e+00 (6.8649e+00)	Acc@1   0.00 (  0.10)	Acc@5   0.78 (  0.50)
Epoch: [0][ 400/4793]	Time  0.871 ( 0.531)	Data  0.815 ( 0.312)	Loss 6.8648e+00 (6.8648e+00)	Acc@1   0.00 (  0.08)	Acc@5   0.78 (  0.52)
Epoch: [0][ 600/4793]	Time  0.864 ( 0.510)	Data  0.136 ( 0.322)	Loss 6.8628e+00 (6.8645e+00)	Acc@1   0.00 (  0.08)	Acc@5   0.00 (  0.51)
Epoch: [0][ 800/4793]	Time  1.531 ( 0.502)	Data  0.000 ( 0.257)	Loss 6.8616e+00 (6.8634e+00)	Acc@1   0.00 (  0.08)	Acc@5   0.00 (  0.50)
Epoch: [0][1000/4793]	Time  0.721 ( 0.495)	Data  0.000 ( 0.222)	Loss 6.8337e+00 (6.8610e+00)	Acc@1   0.00 (  0.08)	Acc@5   1.56 (  0.52)
Epoch: [0][1200/4793]	Time  1.282 ( 0.493)	Data  0.000 ( 0.196)	Loss 6.8344e+00 (6.8552e+00)	Acc@1   0.00 (  0.09)	Acc@5   0.78 (  0.57)
Epoch: [0][1400/4793]	Time  0.747 ( 0.488)	Data  0.000 ( 0.179)	Loss 6.8029e+00 (6.8482e+00)	Acc@1   0.00 (  0.11)	Acc@5   0.00 (  0.62)
Epoch: [0][1600/4793]	Time  0.143 ( 0.484)	Data  0.000 ( 0.196)	Loss 6.8003e+00 (6.8416e+00)	Acc@1   0.00 (  0.12)	Acc@5   0.00 (  0.66)
Epoch: [0][1800/4793]	Time  0.782 ( 0.478)	Data  0.728 ( 0.205)	Loss 6.8222e+00 (6.8360e+00)	Acc@1   0.00 (  0.13)	Acc@5   0.00 (  0.70)
Epoch: [0][2000/4793]	Time  0.139 ( 0.474)	Data  0.000 ( 0.192)	Loss 6.8666e+00 (6.8314e+00)	Acc@1   0.78 (  0.14)	Acc@5   1.56 (  0.73)
Epoch: [0][2200/4793]	Time  0.128 ( 0.471)	Data  0.069 ( 0.194)	Loss 6.6354e+00 (6.8227e+00)	Acc@1   0.00 (  0.14)	Acc@5   2.34 (  0.76)
Epoch: [0][2400/4793]	Time  0.890 ( 0.467)	Data  0.000 ( 0.193)	Loss 6.7795e+00 (6.8127e+00)	Acc@1   0.00 (  0.15)	Acc@5   0.00 (  0.79)
Epoch: [0][2600/4793]	Time  0.139 ( 0.463)	Data  0.000 ( 0.190)	Loss 6.6595e+00 (6.8020e+00)	Acc@1   0.00 (  0.16)	Acc@5   0.00 (  0.82)
Epoch: [0][2800/4793]	Time  0.146 ( 0.460)	Data  0.000 ( 0.186)	Loss 6.7807e+00 (6.7912e+00)	Acc@1   0.00 (  0.17)	Acc@5   0.78 (  0.87)
Epoch: [0][3000/4793]	Time  0.396 ( 0.457)	Data  0.343 ( 0.192)	Loss 6.5259e+00 (6.7781e+00)	Acc@1   0.00 (  0.19)	Acc@5   1.56 (  0.92)
Epoch: [0][3200/4793]	Time  0.381 ( 0.455)	Data  0.327 ( 0.200)	Loss 6.5311e+00 (6.7630e+00)	Acc@1   0.00 (  0.21)	Acc@5   0.00 (  1.00)
Epoch: [0][3400/4793]	Time  0.134 ( 0.454)	Data  0.000 ( 0.208)	Loss 6.5402e+00 (6.7456e+00)	Acc@1   1.56 (  0.24)	Acc@5   1.56 (  1.12)
Epoch: [0][3600/4793]	Time  0.147 ( 0.452)	Data  0.000 ( 0.201)	Loss 6.2725e+00 (6.7268e+00)	Acc@1   0.00 (  0.27)	Acc@5   0.78 (  1.24)
Epoch: [0][3800/4793]	Time  0.147 ( 0.450)	Data  0.000 ( 0.200)	Loss 6.3156e+00 (6.7066e+00)	Acc@1   1.56 (  0.30)	Acc@5   6.25 (  1.37)
Epoch: [0][4000/4793]	Time  1.120 ( 0.448)	Data  0.000 ( 0.201)	Loss 6.1642e+00 (6.6851e+00)	Acc@1   1.56 (  0.34)	Acc@5   5.47 (  1.51)
Epoch: [0][4200/4793]	Time  0.948 ( 0.446)	Data  0.000 ( 0.192)	Loss 6.1781e+00 (6.6631e+00)	Acc@1   2.34 (  0.38)	Acc@5   3.91 (  1.67)
Epoch: [0][4400/4793]	Time  1.021 ( 0.445)	Data  0.000 ( 0.185)	Loss 6.0439e+00 (6.6400e+00)	Acc@1   1.56 (  0.43)	Acc@5   6.25 (  1.85)
Epoch: [0][4600/4793]	Time  0.960 ( 0.443)	Data  0.000 ( 0.179)	Loss 6.0821e+00 (6.6173e+00)	Acc@1   2.34 (  0.47)	Acc@5   2.34 (  2.02)
Epoch: [0][   0/4793]	Time 17.992 (17.992)	Data 16.953 (16.953)	Loss 6.8644e+00 (6.8644e+00)	Acc@1   0.00 (  0.00)	Acc@5   0.78 (  0.78)
Epoch: [0][ 200/4793]	Time  1.855 ( 0.584)	Data  1.795 ( 0.459)	Loss 6.8645e+00 (6.8648e+00)	Acc@1   0.00 (  0.13)	Acc@5   0.00 (  0.58)
Epoch: [0][ 400/4793]	Time  0.776 ( 0.531)	Data  0.723 ( 0.358)	Loss 6.8646e+00 (6.8647e+00)	Acc@1   0.00 (  0.12)	Acc@5   0.78 (  0.56)
Epoch: [0][ 600/4793]	Time  0.138 ( 0.510)	Data  0.000 ( 0.338)	Loss 6.8630e+00 (6.8643e+00)	Acc@1   0.00 (  0.12)	Acc@5   1.56 (  0.57)
Epoch: [0][ 800/4793]	Time  0.141 ( 0.502)	Data  0.000 ( 0.342)	Loss 6.8677e+00 (6.8635e+00)	Acc@1   0.00 (  0.12)	Acc@5   0.00 (  0.56)
Epoch: [0][1000/4793]	Time  0.138 ( 0.495)	Data  0.064 ( 0.345)	Loss 6.8359e+00 (6.8610e+00)	Acc@1   0.00 (  0.12)	Acc@5   0.00 (  0.57)
Epoch: [0][1200/4793]	Time  0.139 ( 0.493)	Data  0.000 ( 0.349)	Loss 6.8106e+00 (6.8554e+00)	Acc@1   0.00 (  0.13)	Acc@5   0.00 (  0.60)
Epoch: [0][1400/4793]	Time  0.155 ( 0.488)	Data  0.000 ( 0.350)	Loss 6.8594e+00 (6.8487e+00)	Acc@1   0.00 (  0.13)	Acc@5   0.00 (  0.63)
Epoch: [0][1600/4793]	Time  1.229 ( 0.484)	Data  0.000 ( 0.318)	Loss 6.8019e+00 (6.8421e+00)	Acc@1   0.00 (  0.14)	Acc@5   1.56 (  0.67)
Epoch: [0][1800/4793]	Time  0.713 ( 0.479)	Data  0.659 ( 0.290)	Loss 6.8214e+00 (6.8364e+00)	Acc@1   0.00 (  0.15)	Acc@5   0.00 (  0.72)
Epoch: [0][2000/4793]	Time  0.138 ( 0.474)	Data  0.000 ( 0.294)	Loss 6.8097e+00 (6.8310e+00)	Acc@1   0.00 (  0.16)	Acc@5   2.34 (  0.76)
Epoch: [0][2200/4793]	Time  1.035 ( 0.471)	Data  0.000 ( 0.279)	Loss 6.7032e+00 (6.8229e+00)	Acc@1   0.78 (  0.17)	Acc@5   3.12 (  0.78)
Epoch: [0][2400/4793]	Time  0.326 ( 0.467)	Data  0.267 ( 0.278)	Loss 6.6400e+00 (6.8130e+00)	Acc@1   0.00 (  0.18)	Acc@5   0.78 (  0.81)
Epoch: [0][2600/4793]	Time  1.107 ( 0.463)	Data  1.054 ( 0.278)	Loss 6.6540e+00 (6.8026e+00)	Acc@1   0.00 (  0.18)	Acc@5   1.56 (  0.84)
Epoch: [0][2800/4793]	Time  1.197 ( 0.461)	Data  1.129 ( 0.280)	Loss 6.7337e+00 (6.7913e+00)	Acc@1   0.00 (  0.19)	Acc@5   1.56 (  0.88)
Epoch: [0][3000/4793]	Time  0.584 ( 0.457)	Data  0.000 ( 0.269)	Loss 6.3943e+00 (6.7779e+00)	Acc@1   0.78 (  0.21)	Acc@5   0.78 (  0.94)
Epoch: [0][3200/4793]	Time  0.137 ( 0.455)	Data  0.000 ( 0.254)	Loss 6.4830e+00 (6.7631e+00)	Acc@1   0.78 (  0.23)	Acc@5   3.12 (  1.03)
Epoch: [0][3400/4793]	Time  0.209 ( 0.454)	Data  0.148 ( 0.241)	Loss 6.4625e+00 (6.7462e+00)	Acc@1   0.78 (  0.25)	Acc@5   3.91 (  1.14)
Epoch: [0][3600/4793]	Time  1.160 ( 0.452)	Data  1.106 ( 0.241)	Loss 6.4183e+00 (6.7267e+00)	Acc@1   0.00 (  0.28)	Acc@5   2.34 (  1.26)
Epoch: [0][3800/4793]	Time  0.402 ( 0.450)	Data  0.287 ( 0.240)	Loss 6.2371e+00 (6.7067e+00)	Acc@1   0.00 (  0.31)	Acc@5   3.91 (  1.39)
Epoch: [0][4000/4793]	Time  0.139 ( 0.448)	Data  0.000 ( 0.242)	Loss 6.2809e+00 (6.6855e+00)	Acc@1   0.78 (  0.35)	Acc@5   3.91 (  1.54)
Epoch: [0][4200/4793]	Time  0.150 ( 0.446)	Data  0.000 ( 0.244)	Loss 6.1194e+00 (6.6632e+00)	Acc@1   0.78 (  0.40)	Acc@5   3.91 (  1.70)
Epoch: [0][4400/4793]	Time  0.139 ( 0.445)	Data  0.000 ( 0.247)	Loss 6.2240e+00 (6.6408e+00)	Acc@1   0.78 (  0.44)	Acc@5   4.69 (  1.86)
Epoch: [0][4600/4793]	Time  0.140 ( 0.443)	Data  0.000 ( 0.248)	Loss 5.9591e+00 (6.6178e+00)	Acc@1   1.56 (  0.49)	Acc@5   6.25 (  2.03)
Test: [  0/375]	Time 11.004 (11.004)	Loss 6.2030e+00 (6.2030e+00)	Acc@1  13.28 ( 13.28)	Acc@5  18.75 ( 18.75)
Test: [ 10/375]	Time  0.294 ( 1.357)	Loss 6.8730e+00 (6.2646e+00)	Acc@1   0.00 (  2.41)	Acc@5   0.00 (  7.60)
Test: [ 20/375]	Time  0.330 ( 0.878)	Loss 6.0397e+00 (6.1037e+00)	Acc@1   0.00 (  3.12)	Acc@5   0.00 (  8.11)
Test: [ 30/375]	Time  0.058 ( 0.737)	Loss 6.3104e+00 (6.1393e+00)	Acc@1   0.00 (  2.24)	Acc@5   0.00 (  6.53)
Test: [ 40/375]	Time  0.518 ( 0.642)	Loss 5.4468e+00 (6.2026e+00)	Acc@1   0.00 (  1.70)	Acc@5   7.81 (  5.58)
Test: [ 50/375]	Time  0.418 ( 0.595)	Loss 6.4632e+00 (6.2200e+00)	Acc@1   0.00 (  1.58)	Acc@5   0.00 (  5.35)
Test: [ 60/375]	Time  0.049 ( 0.557)	Loss 5.8161e+00 (6.1666e+00)	Acc@1   0.00 (  1.43)	Acc@5   1.56 (  5.07)
Test: [ 70/375]	Time  0.049 ( 0.536)	Loss 6.5297e+00 (6.2349e+00)	Acc@1   0.00 (  1.23)	Acc@5   0.00 (  4.37)
Test: [ 80/375]	Time  0.385 ( 0.515)	Loss 6.6658e+00 (6.2269e+00)	Acc@1   0.00 (  1.11)	Acc@5   0.00 (  3.94)
Test: [ 90/375]	Time  0.049 ( 0.500)	Loss 6.1909e+00 (6.2409e+00)	Acc@1   0.00 (  0.99)	Acc@5   0.00 (  3.50)
Test: [100/375]	Time  0.076 ( 0.486)	Loss 6.3191e+00 (6.2827e+00)	Acc@1   0.00 (  0.89)	Acc@5   0.00 (  3.16)
Test: [110/375]	Time  0.052 ( 0.484)	Loss 5.8726e+00 (6.2492e+00)	Acc@1   0.00 (  0.84)	Acc@5   2.34 (  3.48)
Test: [120/375]	Time  0.574 ( 0.477)	Loss 7.0730e+00 (6.2364e+00)	Acc@1   0.00 (  0.91)	Acc@5   0.00 (  3.42)
Test: [130/375]	Time  0.721 ( 0.474)	Loss 5.6697e+00 (6.2646e+00)	Acc@1   1.56 (  0.92)	Acc@5   3.12 (  3.44)
Test: [140/375]	Time  0.499 ( 0.466)	Loss 5.5665e+00 (6.2375e+00)	Acc@1   0.00 (  0.86)	Acc@5   3.91 (  3.25)
Test: [150/375]	Time  1.060 ( 0.465)	Loss 6.9781e+00 (6.2575e+00)	Acc@1   0.00 (  0.80)	Acc@5   0.00 (  3.03)
Test: [160/375]	Time  0.742 ( 0.460)	Loss 7.2439e+00 (6.2967e+00)	Acc@1   0.00 (  0.76)	Acc@5   0.00 (  2.86)
Test: [170/375]	Time  0.049 ( 0.454)	Loss 6.7420e+00 (6.3463e+00)	Acc@1   0.00 (  0.71)	Acc@5   0.00 (  2.70)
Test: [180/375]	Time  1.518 ( 0.456)	Loss 7.7348e+00 (6.3915e+00)	Acc@1   0.00 (  0.67)	Acc@5   0.78 (  2.57)
Test: [190/375]	Time  0.049 ( 0.449)	Loss 7.5702e+00 (6.4339e+00)	Acc@1   0.00 (  0.64)	Acc@5   0.78 (  2.44)
Test: [200/375]	Time  1.110 ( 0.447)	Loss 7.1535e+00 (6.4781e+00)	Acc@1   0.00 (  0.62)	Acc@5   0.00 (  2.34)
Test: [210/375]	Time  0.049 ( 0.442)	Loss 7.0637e+00 (6.5102e+00)	Acc@1   0.00 (  0.59)	Acc@5   0.78 (  2.25)
Test: [220/375]	Time  1.201 ( 0.446)	Loss 7.0184e+00 (6.5385e+00)	Acc@1   0.00 (  0.58)	Acc@5   0.00 (  2.19)
Test: [230/375]	Time  0.049 ( 0.442)	Loss 7.0804e+00 (6.5673e+00)	Acc@1   0.00 (  0.55)	Acc@5   0.00 (  2.10)
Test: [240/375]	Time  1.547 ( 0.442)	Loss 7.0348e+00 (6.5889e+00)	Acc@1   0.00 (  0.53)	Acc@5   0.00 (  2.03)
Test: [250/375]	Time  0.050 ( 0.437)	Loss 6.7784e+00 (6.6051e+00)	Acc@1   0.00 (  0.51)	Acc@5   0.78 (  1.97)
Test: [260/375]	Time  0.902 ( 0.436)	Loss 7.3164e+00 (6.6249e+00)	Acc@1   0.00 (  0.49)	Acc@5   0.00 (  1.91)
Test: [270/375]	Time  0.052 ( 0.434)	Loss 7.1671e+00 (6.6415e+00)	Acc@1   0.00 (  0.48)	Acc@5   0.00 (  1.85)
Test: [280/375]	Time  0.294 ( 0.430)	Loss 6.8856e+00 (6.6591e+00)	Acc@1   0.00 (  0.46)	Acc@5   0.00 (  1.79)
Test: [290/375]	Time  0.062 ( 0.430)	Loss 7.3618e+00 (6.6784e+00)	Acc@1   0.00 (  0.44)	Acc@5   0.00 (  1.73)
Test: [300/375]	Time  0.668 ( 0.428)	Loss 7.2526e+00 (6.6899e+00)	Acc@1   0.00 (  0.43)	Acc@5   0.00 (  1.71)
Test: [310/375]	Time  0.049 ( 0.425)	Loss 7.3415e+00 (6.7005e+00)	Acc@1   0.00 (  0.42)	Acc@5   0.00 (  1.67)
Test: [320/375]	Time  1.121 ( 0.424)	Loss 7.3209e+00 (6.7073e+00)	Acc@1   0.00 (  0.41)	Acc@5   0.00 (  1.62)
Test: [330/375]	Time  0.075 ( 0.421)	Loss 7.3437e+00 (6.7255e+00)	Acc@1   0.00 (  0.40)	Acc@5   0.00 (  1.58)
Test: [340/375]	Time  1.220 ( 0.422)	Loss 6.8565e+00 (6.7374e+00)	Acc@1   0.00 (  0.39)	Acc@5   0.00 (  1.56)
Test: [350/375]	Time  0.221 ( 0.419)	Loss 6.9206e+00 (6.7528e+00)	Acc@1   0.00 (  0.38)	Acc@5   0.00 (  1.52)
Test: [360/375]	Time  0.983 ( 0.418)	Loss 7.9874e+00 (6.7743e+00)	Acc@1   0.00 (  0.37)	Acc@5   0.00 (  1.48)
Test: [370/375]	Time  0.365 ( 0.417)	Loss 7.3832e+00 (6.7674e+00)	Acc@1   0.00 (  0.38)	Acc@5   0.00 (  1.58)
 *   Acc@1 0.376 Acc@5 1.564
Adjusting learning rate of group 0 to 1.0000e-02.
Test: [  0/375]	Time 10.833 (10.833)	Loss 6.1423e+00 (6.1423e+00)	Acc@1  14.84 ( 14.84)	Acc@5  18.75 ( 18.75)
Test: [ 10/375]	Time  0.268 ( 1.344)	Loss 6.8814e+00 (6.2604e+00)	Acc@1   0.00 (  2.41)	Acc@5   0.00 (  7.81)
Test: [ 20/375]	Time  0.251 ( 0.869)	Loss 6.0426e+00 (6.0953e+00)	Acc@1   0.00 (  3.20)	Acc@5   0.00 (  8.41)
Test: [ 30/375]	Time  0.049 ( 0.735)	Loss 6.2876e+00 (6.1318e+00)	Acc@1   0.00 (  2.24)	Acc@5   0.78 (  6.83)
Test: [ 40/375]	Time  0.554 ( 0.640)	Loss 5.4476e+00 (6.1974e+00)	Acc@1   0.00 (  1.70)	Acc@5   7.81 (  5.81)
Test: [ 50/375]	Time  0.483 ( 0.594)	Loss 6.4550e+00 (6.2163e+00)	Acc@1   0.00 (  1.62)	Acc@5   0.00 (  5.48)
Test: [ 60/375]	Time  0.049 ( 0.554)	Loss 5.8456e+00 (6.1649e+00)	Acc@1   0.00 (  1.49)	Acc@5   2.34 (  5.19)
Test: [ 70/375]	Time  0.051 ( 0.534)	Loss 6.5126e+00 (6.2337e+00)	Acc@1   0.00 (  1.28)	Acc@5   0.00 (  4.48)
Test: [ 80/375]	Time  0.372 ( 0.514)	Loss 6.7009e+00 (6.2262e+00)	Acc@1   0.00 (  1.12)	Acc@5   0.78 (  4.04)
Test: [ 90/375]	Time  0.049 ( 0.498)	Loss 6.1994e+00 (6.2402e+00)	Acc@1   0.78 (  1.00)	Acc@5   1.56 (  3.61)
Test: [100/375]	Time  0.057 ( 0.485)	Loss 6.3123e+00 (6.2815e+00)	Acc@1   0.00 (  0.91)	Acc@5   0.00 (  3.26)
Test: [110/375]	Time  0.049 ( 0.483)	Loss 5.8512e+00 (6.2478e+00)	Acc@1   0.00 (  0.84)	Acc@5   5.47 (  3.58)
Test: [120/375]	Time  0.564 ( 0.476)	Loss 7.0792e+00 (6.2350e+00)	Acc@1   0.00 (  0.92)	Acc@5   0.00 (  3.53)
Test: [130/375]	Time  0.747 ( 0.473)	Loss 5.6766e+00 (6.2625e+00)	Acc@1   0.78 (  0.92)	Acc@5   2.34 (  3.54)
Test: [140/375]	Time  0.527 ( 0.465)	Loss 5.5726e+00 (6.2356e+00)	Acc@1   0.00 (  0.86)	Acc@5   2.34 (  3.35)
Test: [150/375]	Time  1.000 ( 0.464)	Loss 6.9853e+00 (6.2562e+00)	Acc@1   0.00 (  0.80)	Acc@5   0.00 (  3.12)
Test: [160/375]	Time  0.743 ( 0.460)	Loss 7.2592e+00 (6.2962e+00)	Acc@1   0.00 (  0.76)	Acc@5   0.00 (  2.96)
Test: [170/375]	Time  0.049 ( 0.454)	Loss 6.6821e+00 (6.3454e+00)	Acc@1   0.00 (  0.71)	Acc@5   0.78 (  2.80)
Test: [180/375]	Time  1.542 ( 0.456)	Loss 7.7266e+00 (6.3903e+00)	Acc@1   0.00 (  0.67)	Acc@5   0.78 (  2.66)
Test: [190/375]	Time  0.049 ( 0.448)	Loss 7.4693e+00 (6.4317e+00)	Acc@1   0.00 (  0.64)	Acc@5   0.78 (  2.55)
Test: [200/375]	Time  1.166 ( 0.446)	Loss 7.1947e+00 (6.4763e+00)	Acc@1   0.00 (  0.62)	Acc@5   0.00 (  2.44)
Test: [210/375]	Time  0.055 ( 0.441)	Loss 7.1012e+00 (6.5089e+00)	Acc@1   0.00 (  0.60)	Acc@5   0.78 (  2.38)
Test: [220/375]	Time  1.209 ( 0.445)	Loss 7.1378e+00 (6.5379e+00)	Acc@1   0.00 (  0.58)	Acc@5   0.00 (  2.31)
Test: [230/375]	Time  0.051 ( 0.441)	Loss 7.0899e+00 (6.5670e+00)	Acc@1   0.00 (  0.56)	Acc@5   0.00 (  2.22)
Test: [240/375]	Time  1.513 ( 0.441)	Loss 7.1493e+00 (6.5883e+00)	Acc@1   0.00 (  0.53)	Acc@5   0.00 (  2.15)
Test: [250/375]	Time  0.049 ( 0.436)	Loss 6.7681e+00 (6.6041e+00)	Acc@1   0.00 (  0.51)	Acc@5   0.00 (  2.08)
Test: [260/375]	Time  0.898 ( 0.435)	Loss 7.2561e+00 (6.6228e+00)	Acc@1   0.00 (  0.50)	Acc@5   0.00 (  2.01)
Test: [270/375]	Time  0.056 ( 0.433)	Loss 7.1573e+00 (6.6399e+00)	Acc@1   0.00 (  0.48)	Acc@5   0.00 (  1.95)
Test: [280/375]	Time  0.265 ( 0.430)	Loss 6.8713e+00 (6.6582e+00)	Acc@1   0.00 (  0.46)	Acc@5   0.78 (  1.89)
Test: [290/375]	Time  0.049 ( 0.430)	Loss 7.3403e+00 (6.6774e+00)	Acc@1   0.00 (  0.45)	Acc@5   0.00 (  1.83)
Test: [300/375]	Time  0.649 ( 0.427)	Loss 7.2723e+00 (6.6896e+00)	Acc@1   0.00 (  0.44)	Acc@5   0.00 (  1.80)
Test: [310/375]	Time  0.049 ( 0.425)	Loss 7.4588e+00 (6.7007e+00)	Acc@1   0.00 (  0.43)	Acc@5   0.00 (  1.75)
Test: [320/375]	Time  1.075 ( 0.424)	Loss 7.2681e+00 (6.7085e+00)	Acc@1   0.00 (  0.41)	Acc@5   0.00 (  1.69)
Test: [330/375]	Time  0.074 ( 0.421)	Loss 7.3544e+00 (6.7268e+00)	Acc@1   0.00 (  0.40)	Acc@5   0.00 (  1.65)
Test: [340/375]	Time  1.200 ( 0.421)	Loss 6.8645e+00 (6.7385e+00)	Acc@1   0.00 (  0.39)	Acc@5   0.00 (  1.62)
Test: [350/375]	Time  0.241 ( 0.419)	Loss 6.9346e+00 (6.7541e+00)	Acc@1   0.00 (  0.38)	Acc@5   0.00 (  1.58)
Test: [360/375]	Time  1.012 ( 0.418)	Loss 8.0137e+00 (6.7757e+00)	Acc@1   0.00 (  0.37)	Acc@5   0.00 (  1.54)
Test: [370/375]	Time  0.346 ( 0.417)	Loss 7.3982e+00 (6.7686e+00)	Acc@1   0.00 (  0.38)	Acc@5   0.00 (  1.65)
 *   Acc@1 0.378 Acc@5 1.639
Adjusting learning rate of group 0 to 1.0000e-02.
Epoch: [1][   0/4793]	Time 17.906 (17.906)	Data 17.847 (17.847)	Loss 6.0944e+00 (6.0944e+00)	Acc@1   2.34 (  2.34)	Acc@5   8.59 (  8.59)
Epoch: [1][ 200/4793]	Time  0.138 ( 0.518)	Data  0.000 ( 0.107)	Loss 6.0612e+00 (5.9925e+00)	Acc@1   4.69 (  2.06)	Acc@5   8.59 (  7.30)
Epoch: [1][ 400/4793]	Time  0.902 ( 0.472)	Data  0.000 ( 0.086)	Loss 5.8549e+00 (5.9576e+00)	Acc@1   2.34 (  2.09)	Acc@5   7.81 (  7.76)
Epoch: [1][ 600/4793]	Time  1.062 ( 0.456)	Data  0.000 ( 0.061)	Loss 6.0005e+00 (5.9361e+00)	Acc@1   1.56 (  2.27)	Acc@5   6.25 (  8.10)
Epoch: [1][ 800/4793]	Time  0.936 ( 0.447)	Data  0.000 ( 0.052)	Loss 5.7869e+00 (5.9104e+00)	Acc@1   3.91 (  2.40)	Acc@5  12.50 (  8.52)
Epoch: [1][1000/4793]	Time  1.337 ( 0.444)	Data  0.000 ( 0.044)	Loss 5.8957e+00 (5.8850e+00)	Acc@1   2.34 (  2.50)	Acc@5   7.03 (  8.87)
Epoch: [1][1200/4793]	Time  0.838 ( 0.441)	Data  0.000 ( 0.037)	Loss 5.7168e+00 (5.8573e+00)	Acc@1   3.91 (  2.66)	Acc@5  10.16 (  9.28)
Epoch: [1][1400/4793]	Time  0.679 ( 0.438)	Data  0.000 ( 0.033)	Loss 5.8246e+00 (5.8312e+00)	Acc@1   1.56 (  2.77)	Acc@5   7.03 (  9.62)
Epoch: [1][1600/4793]	Time  1.264 ( 0.437)	Data  0.000 ( 0.029)	Loss 5.5552e+00 (5.8069e+00)	Acc@1   3.12 (  2.89)	Acc@5  18.75 (  9.99)
Epoch: [1][1800/4793]	Time  1.248 ( 0.438)	Data  0.000 ( 0.026)	Loss 5.5053e+00 (5.7838e+00)	Acc@1   6.25 (  3.01)	Acc@5  17.19 ( 10.33)
Epoch: [1][2000/4793]	Time  1.396 ( 0.440)	Data  0.000 ( 0.024)	Loss 5.4370e+00 (5.7596e+00)	Acc@1   5.47 (  3.14)	Acc@5  14.84 ( 10.72)
Epoch: [1][2200/4793]	Time  0.145 ( 0.441)	Data  0.000 ( 0.039)	Loss 5.4474e+00 (5.7385e+00)	Acc@1   6.25 (  3.26)	Acc@5  15.62 ( 11.04)
Epoch: [1][2400/4793]	Time  0.137 ( 0.442)	Data  0.000 ( 0.057)	Loss 5.6647e+00 (5.7164e+00)	Acc@1   1.56 (  3.39)	Acc@5  10.94 ( 11.38)
Epoch: [1][2600/4793]	Time  0.166 ( 0.443)	Data  0.000 ( 0.079)	Loss 5.3602e+00 (5.6949e+00)	Acc@1   7.03 (  3.51)	Acc@5  14.84 ( 11.71)
Epoch: [1][2800/4793]	Time  1.297 ( 0.445)	Data  0.403 ( 0.077)	Loss 5.4229e+00 (5.6734e+00)	Acc@1   7.03 (  3.67)	Acc@5  14.06 ( 12.05)
Epoch: [1][3000/4793]	Time  1.298 ( 0.446)	Data  0.000 ( 0.081)	Loss 5.4768e+00 (5.6511e+00)	Acc@1   3.91 (  3.82)	Acc@5  10.16 ( 12.41)
Epoch: [1][3200/4793]	Time  1.666 ( 0.447)	Data  0.000 ( 0.078)	Loss 5.6152e+00 (5.6311e+00)	Acc@1   2.34 (  3.96)	Acc@5  10.94 ( 12.75)
Epoch: [1][3400/4793]	Time  0.927 ( 0.448)	Data  0.000 ( 0.073)	Loss 5.6577e+00 (5.6115e+00)	Acc@1   3.91 (  4.10)	Acc@5  13.28 ( 13.09)
Epoch: [1][3600/4793]	Time  1.246 ( 0.448)	Data  0.000 ( 0.070)	Loss 5.2860e+00 (5.5930e+00)	Acc@1   7.81 (  4.24)	Acc@5  21.88 ( 13.41)
Epoch: [1][3800/4793]	Time  1.471 ( 0.448)	Data  1.418 ( 0.077)	Loss 5.0778e+00 (5.5736e+00)	Acc@1   9.38 (  4.37)	Acc@5  21.88 ( 13.71)
Epoch: [1][4000/4793]	Time  1.401 ( 0.448)	Data  0.320 ( 0.089)	Loss 5.0568e+00 (5.5541e+00)	Acc@1   7.03 (  4.52)	Acc@5  22.66 ( 14.04)
Epoch: [1][4200/4793]	Time  1.300 ( 0.448)	Data  0.430 ( 0.088)	Loss 5.2066e+00 (5.5348e+00)	Acc@1   3.12 (  4.65)	Acc@5  19.53 ( 14.37)
Epoch: [1][4400/4793]	Time  1.445 ( 0.448)	Data  0.053 ( 0.085)	Loss 5.0072e+00 (5.5159e+00)	Acc@1  10.94 (  4.80)	Acc@5  23.44 ( 14.69)
Epoch: [1][4600/4793]	Time  0.140 ( 0.446)	Data  0.000 ( 0.090)	Loss 4.8152e+00 (5.4978e+00)	Acc@1  13.28 (  4.94)	Acc@5  25.78 ( 15.00)
Epoch: [1][   0/4793]	Time 17.472 (17.472)	Data 17.392 (17.392)	Loss 6.1467e+00 (6.1467e+00)	Acc@1   2.34 (  2.34)	Acc@5   7.03 (  7.03)
Epoch: [1][ 200/4793]	Time  0.137 ( 0.506)	Data  0.060 ( 0.400)	Loss 5.9406e+00 (5.9851e+00)	Acc@1   0.78 (  1.88)	Acc@5   6.25 (  7.39)
Epoch: [1][ 400/4793]	Time  0.141 ( 0.466)	Data  0.000 ( 0.352)	Loss 5.7748e+00 (5.9581e+00)	Acc@1   3.12 (  2.04)	Acc@5   6.25 (  7.69)
Epoch: [1][ 600/4793]	Time  0.140 ( 0.452)	Data  0.000 ( 0.339)	Loss 5.9931e+00 (5.9420e+00)	Acc@1   3.12 (  2.13)	Acc@5   6.25 (  7.95)
Epoch: [1][ 800/4793]	Time  0.411 ( 0.444)	Data  0.357 ( 0.331)	Loss 5.9511e+00 (5.9144e+00)	Acc@1   1.56 (  2.25)	Acc@5  10.16 (  8.30)
Epoch: [1][1000/4793]	Time  0.161 ( 0.442)	Data  0.000 ( 0.327)	Loss 5.9687e+00 (5.8877e+00)	Acc@1   0.78 (  2.44)	Acc@5   6.25 (  8.74)
Epoch: [1][1200/4793]	Time  0.140 ( 0.439)	Data  0.000 ( 0.324)	Loss 5.4966e+00 (5.8614e+00)	Acc@1   3.12 (  2.54)	Acc@5  14.84 (  9.14)
Epoch: [1][1400/4793]	Time  0.142 ( 0.436)	Data  0.000 ( 0.323)	Loss 5.6205e+00 (5.8322e+00)	Acc@1   3.12 (  2.68)	Acc@5  13.28 (  9.55)
Epoch: [1][1600/4793]	Time  0.140 ( 0.436)	Data  0.000 ( 0.322)	Loss 5.7065e+00 (5.8071e+00)	Acc@1   3.12 (  2.84)	Acc@5  11.72 (  9.93)
Epoch: [1][1800/4793]	Time  0.139 ( 0.437)	Data  0.000 ( 0.322)	Loss 5.5995e+00 (5.7826e+00)	Acc@1   3.12 (  2.98)	Acc@5  14.84 ( 10.29)
Epoch: [1][2000/4793]	Time  0.142 ( 0.439)	Data  0.000 ( 0.323)	Loss 5.5950e+00 (5.7578e+00)	Acc@1   4.69 (  3.15)	Acc@5  12.50 ( 10.69)
Epoch: [1][2200/4793]	Time  0.164 ( 0.440)	Data  0.000 ( 0.324)	Loss 5.4658e+00 (5.7356e+00)	Acc@1   7.81 (  3.28)	Acc@5  15.62 ( 11.02)
Epoch: [1][2400/4793]	Time  1.203 ( 0.441)	Data  0.000 ( 0.316)	Loss 5.3813e+00 (5.7111e+00)	Acc@1   3.12 (  3.45)	Acc@5   9.38 ( 11.40)
Epoch: [1][2600/4793]	Time  0.153 ( 0.442)	Data  0.000 ( 0.300)	Loss 5.3015e+00 (5.6898e+00)	Acc@1   3.91 (  3.58)	Acc@5  17.19 ( 11.70)
Epoch: [1][2800/4793]	Time  0.141 ( 0.444)	Data  0.000 ( 0.303)	Loss 5.6196e+00 (5.6691e+00)	Acc@1   2.34 (  3.72)	Acc@5  10.94 ( 12.03)
Epoch: [1][3000/4793]	Time  0.141 ( 0.445)	Data  0.000 ( 0.306)	Loss 5.3347e+00 (5.6491e+00)	Acc@1   5.47 (  3.86)	Acc@5  17.19 ( 12.37)
Epoch: [1][3200/4793]	Time  0.140 ( 0.446)	Data  0.000 ( 0.308)	Loss 5.4434e+00 (5.6281e+00)	Acc@1   6.25 (  4.01)	Acc@5  21.09 ( 12.74)
Epoch: [1][3400/4793]	Time  0.135 ( 0.447)	Data  0.000 ( 0.310)	Loss 5.0372e+00 (5.6077e+00)	Acc@1   5.47 (  4.15)	Acc@5  20.31 ( 13.10)
Epoch: [1][3600/4793]	Time  0.140 ( 0.448)	Data  0.000 ( 0.312)	Loss 5.0061e+00 (5.5873e+00)	Acc@1   7.81 (  4.28)	Acc@5  24.22 ( 13.42)
Epoch: [1][3800/4793]	Time  0.139 ( 0.447)	Data  0.000 ( 0.313)	Loss 5.3547e+00 (5.5667e+00)	Acc@1   7.81 (  4.41)	Acc@5  17.19 ( 13.77)
Epoch: [1][4000/4793]	Time  0.142 ( 0.447)	Data  0.000 ( 0.309)	Loss 5.1165e+00 (5.5486e+00)	Acc@1   4.69 (  4.55)	Acc@5  20.31 ( 14.08)
Epoch: [1][4200/4793]	Time  0.141 ( 0.447)	Data  0.000 ( 0.310)	Loss 5.3892e+00 (5.5299e+00)	Acc@1   2.34 (  4.68)	Acc@5  17.19 ( 14.39)
Epoch: [1][4400/4793]	Time  0.140 ( 0.447)	Data  0.000 ( 0.311)	Loss 4.9152e+00 (5.5116e+00)	Acc@1   9.38 (  4.83)	Acc@5  22.66 ( 14.71)
Epoch: [1][4600/4793]	Time  1.116 ( 0.446)	Data  1.062 ( 0.309)	Loss 4.9189e+00 (5.4929e+00)	Acc@1   5.47 (  4.96)	Acc@5  21.88 ( 15.03)
Test: [  0/375]	Time 10.702 (10.702)	Loss 6.3802e+00 (6.3802e+00)	Acc@1   0.00 (  0.00)	Acc@5   4.69 (  4.69)
Test: [ 10/375]	Time  0.049 ( 1.278)	Loss 6.3820e+00 (7.0050e+00)	Acc@1   0.00 (  0.78)	Acc@5   0.00 (  4.19)
Test: [ 20/375]	Time  0.676 ( 0.839)	Loss 6.8489e+00 (6.7542e+00)	Acc@1   0.00 (  0.60)	Acc@5   0.00 (  4.54)
Test: [ 30/375]	Time  0.049 ( 0.697)	Loss 5.7177e+00 (6.6152e+00)	Acc@1   6.25 (  0.93)	Acc@5  18.75 (  4.84)
Test: [ 40/375]	Time  0.567 ( 0.604)	Loss 6.8736e+00 (6.7510e+00)	Acc@1   0.00 (  0.76)	Acc@5   0.00 (  3.96)
Test: [ 50/375]	Time  0.049 ( 0.553)	Loss 7.3034e+00 (6.7790e+00)	Acc@1   0.00 (  0.75)	Acc@5   0.00 (  3.72)
Test: [ 60/375]	Time  0.049 ( 0.522)	Loss 6.1359e+00 (6.7731e+00)	Acc@1   0.00 (  0.76)	Acc@5   3.12 (  3.73)
Test: [ 70/375]	Time  0.049 ( 0.495)	Loss 6.8444e+00 (6.8281e+00)	Acc@1   0.00 (  0.65)	Acc@5   0.00 (  3.21)
Test: [ 80/375]	Time  0.049 ( 0.481)	Loss 8.1450e+00 (6.8555e+00)	Acc@1   0.00 (  0.57)	Acc@5   0.00 (  2.84)
Test: [ 90/375]	Time  0.049 ( 0.464)	Loss 7.3312e+00 (6.8830e+00)	Acc@1   0.00 (  0.52)	Acc@5   0.00 (  2.61)
Test: [100/375]	Time  0.436 ( 0.456)	Loss 6.3708e+00 (6.9507e+00)	Acc@1   4.69 (  0.51)	Acc@5  14.06 (  2.49)
Test: [110/375]	Time  0.049 ( 0.445)	Loss 6.2481e+00 (6.9271e+00)	Acc@1   3.12 (  0.52)	Acc@5   9.38 (  2.47)
Test: [120/375]	Time  0.966 ( 0.448)	Loss 7.0685e+00 (6.9251e+00)	Acc@1   0.00 (  0.50)	Acc@5   0.00 (  2.36)
Test: [130/375]	Time  0.049 ( 0.441)	Loss 6.3182e+00 (6.8782e+00)	Acc@1   0.00 (  0.62)	Acc@5   3.12 (  2.65)
Test: [140/375]	Time  1.406 ( 0.440)	Loss 6.9207e+00 (6.8985e+00)	Acc@1   0.00 (  0.58)	Acc@5   0.00 (  2.50)
Test: [150/375]	Time  0.049 ( 0.433)	Loss 7.4264e+00 (6.9286e+00)	Acc@1   0.00 (  0.55)	Acc@5   3.12 (  2.39)
Test: [160/375]	Time  1.316 ( 0.433)	Loss 6.3918e+00 (6.9468e+00)	Acc@1   0.00 (  0.56)	Acc@5   0.00 (  2.34)
Test: [170/375]	Time  0.060 ( 0.429)	Loss 6.7951e+00 (6.9190e+00)	Acc@1   0.00 (  0.67)	Acc@5   1.56 (  2.76)
Test: [180/375]	Time  1.401 ( 0.429)	Loss 8.0867e+00 (6.9024e+00)	Acc@1   0.00 (  0.64)	Acc@5   0.00 (  2.82)
Test: [190/375]	Time  0.075 ( 0.422)	Loss 6.0429e+00 (6.8905e+00)	Acc@1   0.00 (  0.63)	Acc@5   0.78 (  2.79)
Test: [200/375]	Time  0.819 ( 0.421)	Loss 6.6885e+00 (6.8795e+00)	Acc@1   0.00 (  0.60)	Acc@5   0.78 (  2.67)
Test: [210/375]	Time  0.064 ( 0.414)	Loss 5.5082e+00 (6.8605e+00)	Acc@1   3.91 (  0.63)	Acc@5  13.28 (  2.77)
Test: [220/375]	Time  1.226 ( 0.417)	Loss 8.2447e+00 (6.8690e+00)	Acc@1   0.00 (  0.67)	Acc@5   0.00 (  2.83)
Test: [230/375]	Time  0.050 ( 0.412)	Loss 6.3280e+00 (6.8584e+00)	Acc@1   0.00 (  0.64)	Acc@5   0.78 (  2.75)
Test: [240/375]	Time  1.333 ( 0.412)	Loss 6.8985e+00 (6.8553e+00)	Acc@1   0.00 (  0.63)	Acc@5   0.00 (  2.71)
Test: [250/375]	Time  0.066 ( 0.407)	Loss 6.0526e+00 (6.8411e+00)	Acc@1   0.00 (  0.65)	Acc@5   1.56 (  2.75)
Test: [260/375]	Time  1.324 ( 0.408)	Loss 7.7853e+00 (6.8318e+00)	Acc@1   0.00 (  0.69)	Acc@5   0.00 (  2.84)
Test: [270/375]	Time  0.049 ( 0.403)	Loss 5.6122e+00 (6.8106e+00)	Acc@1   0.00 (  0.69)	Acc@5   2.34 (  2.88)
Test: [280/375]	Time  1.028 ( 0.405)	Loss 6.1520e+00 (6.8037e+00)	Acc@1   0.00 (  0.67)	Acc@5   0.00 (  2.78)
Test: [290/375]	Time  0.082 ( 0.402)	Loss 6.7586e+00 (6.7981e+00)	Acc@1   0.00 (  0.67)	Acc@5   0.00 (  2.77)
Test: [300/375]	Time  1.109 ( 0.402)	Loss 7.0157e+00 (6.7898e+00)	Acc@1   0.00 (  0.69)	Acc@5   4.69 (  2.87)
Test: [310/375]	Time  0.049 ( 0.398)	Loss 7.8795e+00 (6.7970e+00)	Acc@1   0.00 (  0.66)	Acc@5   0.78 (  2.80)
Test: [320/375]	Time  0.466 ( 0.397)	Loss 7.0988e+00 (6.7831e+00)	Acc@1   0.00 (  0.65)	Acc@5   0.00 (  2.77)
Test: [330/375]	Time  0.049 ( 0.394)	Loss 6.1176e+00 (6.7972e+00)	Acc@1   0.00 (  0.64)	Acc@5   0.00 (  2.75)
Test: [340/375]	Time  0.049 ( 0.396)	Loss 6.2146e+00 (6.7728e+00)	Acc@1   0.00 (  0.70)	Acc@5   0.78 (  2.85)
Test: [350/375]	Time  0.049 ( 0.393)	Loss 6.0605e+00 (6.7597e+00)	Acc@1   0.00 (  0.73)	Acc@5   3.12 (  2.93)
Test: [360/375]	Time  0.064 ( 0.394)	Loss 7.0897e+00 (6.7533e+00)	Acc@1   0.00 (  0.73)	Acc@5   0.00 (  2.93)
Test: [370/375]	Time  0.064 ( 0.392)	Loss 7.6495e+00 (6.7481e+00)	Acc@1   0.00 (  0.77)	Acc@5   0.00 (  2.99)
 *   Acc@1 0.768 Acc@5 3.004
Adjusting learning rate of group 0 to 1.0000e-02.
Test: [  0/375]	Time 10.281 (10.281)	Loss 6.3121e+00 (6.3121e+00)	Acc@1   0.00 (  0.00)	Acc@5   4.69 (  4.69)
Test: [ 10/375]	Time  0.050 ( 1.234)	Loss 6.4398e+00 (7.0337e+00)	Acc@1   0.00 (  1.56)	Acc@5   0.00 (  4.33)
Test: [ 20/375]	Time  0.632 ( 0.818)	Loss 6.8892e+00 (6.7690e+00)	Acc@1   0.00 (  1.12)	Acc@5   0.00 (  5.06)
Test: [ 30/375]	Time  0.058 ( 0.682)	Loss 5.8059e+00 (6.6231e+00)	Acc@1   2.34 (  1.21)	Acc@5  13.28 (  5.12)
Test: [ 40/375]	Time  0.485 ( 0.592)	Loss 6.8555e+00 (6.7506e+00)	Acc@1   0.00 (  0.93)	Acc@5   0.00 (  4.25)
Test: [ 50/375]	Time  0.049 ( 0.544)	Loss 7.2860e+00 (6.7832e+00)	Acc@1   0.00 (  0.81)	Acc@5   0.00 (  3.95)
Test: [ 60/375]	Time  0.049 ( 0.514)	Loss 6.0928e+00 (6.7765e+00)	Acc@1   0.00 (  0.79)	Acc@5   2.34 (  4.00)
Test: [ 70/375]	Time  0.049 ( 0.489)	Loss 7.0394e+00 (6.8345e+00)	Acc@1   0.00 (  0.68)	Acc@5   0.00 (  3.43)
Test: [ 80/375]	Time  0.098 ( 0.476)	Loss 8.1919e+00 (6.8636e+00)	Acc@1   0.00 (  0.60)	Acc@5   0.00 (  3.02)
Test: [ 90/375]	Time  0.049 ( 0.459)	Loss 7.2934e+00 (6.8875e+00)	Acc@1   0.00 (  0.54)	Acc@5   0.00 (  2.78)
Test: [100/375]	Time  0.437 ( 0.451)	Loss 6.4440e+00 (6.9557e+00)	Acc@1   3.91 (  0.53)	Acc@5  11.72 (  2.62)
Test: [110/375]	Time  0.049 ( 0.442)	Loss 6.1881e+00 (6.9321e+00)	Acc@1   3.12 (  0.53)	Acc@5  11.72 (  2.62)
Test: [120/375]	Time  0.899 ( 0.444)	Loss 6.9680e+00 (6.9286e+00)	Acc@1   0.00 (  0.49)	Acc@5   0.00 (  2.47)
Test: [130/375]	Time  0.049 ( 0.437)	Loss 6.2546e+00 (6.8820e+00)	Acc@1   0.00 (  0.60)	Acc@5   0.78 (  2.74)
Test: [140/375]	Time  1.399 ( 0.437)	Loss 6.8030e+00 (6.9011e+00)	Acc@1   0.00 (  0.56)	Acc@5   0.00 (  2.62)
Test: [150/375]	Time  0.050 ( 0.430)	Loss 7.3858e+00 (6.9314e+00)	Acc@1   0.00 (  0.53)	Acc@5   4.69 (  2.49)
Test: [160/375]	Time  1.284 ( 0.430)	Loss 6.3744e+00 (6.9478e+00)	Acc@1   0.00 (  0.54)	Acc@5   0.00 (  2.44)
Test: [170/375]	Time  0.051 ( 0.426)	Loss 6.6410e+00 (6.9187e+00)	Acc@1   1.56 (  0.64)	Acc@5   3.12 (  2.81)
Test: [180/375]	Time  1.397 ( 0.426)	Loss 8.0878e+00 (6.9017e+00)	Acc@1   0.00 (  0.61)	Acc@5   0.00 (  2.84)
Test: [190/375]	Time  0.049 ( 0.420)	Loss 6.1078e+00 (6.8896e+00)	Acc@1   0.00 (  0.59)	Acc@5   2.34 (  2.83)
Test: [200/375]	Time  0.846 ( 0.418)	Loss 6.6766e+00 (6.8774e+00)	Acc@1   0.00 (  0.56)	Acc@5   0.78 (  2.72)
Test: [210/375]	Time  0.072 ( 0.412)	Loss 5.5639e+00 (6.8598e+00)	Acc@1   4.69 (  0.60)	Acc@5  17.97 (  2.82)
Test: [220/375]	Time  1.201 ( 0.414)	Loss 8.2871e+00 (6.8687e+00)	Acc@1   0.00 (  0.65)	Acc@5   0.00 (  2.91)
Test: [230/375]	Time  0.049 ( 0.410)	Loss 6.3254e+00 (6.8583e+00)	Acc@1   0.00 (  0.63)	Acc@5   0.00 (  2.81)
Test: [240/375]	Time  1.165 ( 0.409)	Loss 6.9245e+00 (6.8547e+00)	Acc@1   0.00 (  0.61)	Acc@5   0.00 (  2.77)
Test: [250/375]	Time  0.049 ( 0.405)	Loss 6.0733e+00 (6.8405e+00)	Acc@1   0.00 (  0.64)	Acc@5   2.34 (  2.84)
Test: [260/375]	Time  1.285 ( 0.407)	Loss 7.7287e+00 (6.8296e+00)	Acc@1   0.00 (  0.70)	Acc@5   0.78 (  2.97)
Test: [270/375]	Time  0.050 ( 0.402)	Loss 5.6194e+00 (6.8093e+00)	Acc@1   0.78 (  0.71)	Acc@5   5.47 (  3.02)
Test: [280/375]	Time  1.033 ( 0.403)	Loss 6.1415e+00 (6.8027e+00)	Acc@1   0.00 (  0.68)	Acc@5   0.00 (  2.91)
Test: [290/375]	Time  0.050 ( 0.400)	Loss 6.7694e+00 (6.7976e+00)	Acc@1   0.00 (  0.69)	Acc@5   0.00 (  2.89)
Test: [300/375]	Time  1.093 ( 0.400)	Loss 7.1021e+00 (6.7884e+00)	Acc@1   0.00 (  0.71)	Acc@5   3.12 (  2.98)
Test: [310/375]	Time  0.049 ( 0.396)	Loss 7.9190e+00 (6.7965e+00)	Acc@1   0.00 (  0.69)	Acc@5   0.78 (  2.90)
Test: [320/375]	Time  0.428 ( 0.395)	Loss 7.1237e+00 (6.7833e+00)	Acc@1   0.00 (  0.67)	Acc@5   0.00 (  2.88)
Test: [330/375]	Time  0.050 ( 0.393)	Loss 6.1474e+00 (6.7967e+00)	Acc@1   0.00 (  0.66)	Acc@5   0.00 (  2.86)
Test: [340/375]	Time  0.050 ( 0.395)	Loss 6.1482e+00 (6.7723e+00)	Acc@1   0.00 (  0.72)	Acc@5   1.56 (  2.95)
Test: [350/375]	Time  0.049 ( 0.392)	Loss 6.0610e+00 (6.7588e+00)	Acc@1   0.00 (  0.75)	Acc@5   3.12 (  3.03)
Test: [360/375]	Time  0.050 ( 0.392)	Loss 7.1166e+00 (6.7531e+00)	Acc@1   0.00 (  0.75)	Acc@5   0.00 (  3.02)
Test: [370/375]	Time  0.064 ( 0.390)	Loss 7.5983e+00 (6.7483e+00)	Acc@1   0.00 (  0.78)	Acc@5   0.00 (  3.07)
 *   Acc@1 0.777 Acc@5 3.069
Adjusting learning rate of group 0 to 1.0000e-02.
Epoch: [2][   0/4793]	Time 18.118 (18.118)	Data 18.045 (18.045)	Loss 5.2485e+00 (5.2485e+00)	Acc@1   5.47 (  5.47)	Acc@5  17.19 ( 17.19)
Epoch: [2][ 200/4793]	Time  0.139 ( 0.529)	Data  0.000 ( 0.099)	Loss 4.9703e+00 (5.0248e+00)	Acc@1   9.38 (  8.38)	Acc@5  22.66 ( 22.85)
Epoch: [2][ 400/4793]	Time  0.141 ( 0.481)	Data  0.000 ( 0.071)	Loss 5.2859e+00 (5.0161e+00)	Acc@1   3.91 (  8.55)	Acc@5  17.19 ( 23.07)
Epoch: [2][ 600/4793]	Time  1.131 ( 0.469)	Data  0.000 ( 0.051)	Loss 4.9963e+00 (5.0001e+00)	Acc@1  10.94 (  8.86)	Acc@5  21.09 ( 23.46)
Epoch: [2][ 800/4793]	Time  1.413 ( 0.463)	Data  0.000 ( 0.038)	Loss 4.9301e+00 (4.9956e+00)	Acc@1   7.03 (  8.95)	Acc@5  30.47 ( 23.55)
Epoch: [2][1000/4793]	Time  1.271 ( 0.457)	Data  0.000 ( 0.031)	Loss 4.8521e+00 (4.9803e+00)	Acc@1  10.94 (  9.13)	Acc@5  20.31 ( 23.85)
Epoch: [2][1200/4793]	Time  0.143 ( 0.453)	Data  0.000 ( 0.027)	Loss 4.9632e+00 (4.9658e+00)	Acc@1  10.16 (  9.23)	Acc@5  25.00 ( 24.16)
Epoch: [2][1400/4793]	Time  1.023 ( 0.450)	Data  0.000 ( 0.027)	Loss 4.7850e+00 (4.9535e+00)	Acc@1   7.81 (  9.31)	Acc@5  26.56 ( 24.34)
Epoch: [2][1600/4793]	Time  0.283 ( 0.446)	Data  0.000 ( 0.051)	Loss 5.1811e+00 (4.9437e+00)	Acc@1   7.03 (  9.41)	Acc@5  23.44 ( 24.53)
Epoch: [2][1800/4793]	Time  0.150 ( 0.441)	Data  0.000 ( 0.073)	Loss 5.0874e+00 (4.9343e+00)	Acc@1   4.69 (  9.50)	Acc@5  17.97 ( 24.71)
Epoch: [2][2000/4793]	Time  0.881 ( 0.439)	Data  0.828 ( 0.096)	Loss 4.7207e+00 (4.9245e+00)	Acc@1  11.72 (  9.60)	Acc@5  23.44 ( 24.92)
Epoch: [2][2200/4793]	Time  0.145 ( 0.437)	Data  0.000 ( 0.098)	Loss 4.8039e+00 (4.9119e+00)	Acc@1   9.38 (  9.77)	Acc@5  28.12 ( 25.16)
Epoch: [2][2400/4793]	Time  0.164 ( 0.435)	Data  0.000 ( 0.094)	Loss 4.8495e+00 (4.8994e+00)	Acc@1  10.16 (  9.90)	Acc@5  25.78 ( 25.38)
Epoch: [2][2600/4793]	Time  0.138 ( 0.434)	Data  0.000 ( 0.091)	Loss 4.7241e+00 (4.8886e+00)	Acc@1  14.06 ( 10.02)	Acc@5  26.56 ( 25.59)
Epoch: [2][2800/4793]	Time  0.154 ( 0.433)	Data  0.000 ( 0.098)	Loss 4.5598e+00 (4.8786e+00)	Acc@1  19.53 ( 10.12)	Acc@5  35.16 ( 25.77)
Epoch: [2][3000/4793]	Time  0.139 ( 0.432)	Data  0.000 ( 0.100)	Loss 4.5471e+00 (4.8681e+00)	Acc@1  15.62 ( 10.24)	Acc@5  29.69 ( 25.96)
Epoch: [2][3200/4793]	Time  0.140 ( 0.431)	Data  0.000 ( 0.094)	Loss 4.8035e+00 (4.8570e+00)	Acc@1   8.59 ( 10.34)	Acc@5  29.69 ( 26.16)
Epoch: [2][3400/4793]	Time  0.141 ( 0.431)	Data  0.000 ( 0.089)	Loss 4.7098e+00 (4.8462e+00)	Acc@1   7.81 ( 10.45)	Acc@5  28.12 ( 26.36)
Epoch: [2][3600/4793]	Time  0.139 ( 0.431)	Data  0.000 ( 0.084)	Loss 4.6847e+00 (4.8367e+00)	Acc@1  11.72 ( 10.55)	Acc@5  30.47 ( 26.53)
Epoch: [2][3800/4793]	Time  1.183 ( 0.430)	Data  1.108 ( 0.087)	Loss 4.7143e+00 (4.8275e+00)	Acc@1   7.81 ( 10.65)	Acc@5  29.69 ( 26.70)
Epoch: [2][4000/4793]	Time  0.140 ( 0.429)	Data  0.000 ( 0.089)	Loss 4.9552e+00 (4.8166e+00)	Acc@1   9.38 ( 10.76)	Acc@5  25.78 ( 26.93)
Epoch: [2][4200/4793]	Time  0.145 ( 0.429)	Data  0.000 ( 0.086)	Loss 4.8735e+00 (4.8079e+00)	Acc@1  10.16 ( 10.86)	Acc@5  24.22 ( 27.10)
Epoch: [2][4400/4793]	Time  0.139 ( 0.429)	Data  0.000 ( 0.083)	Loss 4.5542e+00 (4.7983e+00)	Acc@1  13.28 ( 10.96)	Acc@5  31.25 ( 27.26)
Epoch: [2][4600/4793]	Time  0.166 ( 0.428)	Data  0.000 ( 0.083)	Loss 4.8240e+00 (4.7895e+00)	Acc@1  10.94 ( 11.04)	Acc@5  23.44 ( 27.41)
Epoch: [2][   0/4793]	Time 16.960 (16.960)	Data 16.903 (16.903)	Loss 4.9621e+00 (4.9621e+00)	Acc@1  10.16 ( 10.16)	Acc@5  25.78 ( 25.78)
Epoch: [2][ 200/4793]	Time  1.029 ( 0.519)	Data  0.970 ( 0.409)	Loss 5.0323e+00 (5.0411e+00)	Acc@1   8.59 (  8.71)	Acc@5  25.00 ( 22.97)
Epoch: [2][ 400/4793]	Time  1.115 ( 0.476)	Data  1.061 ( 0.365)	Loss 5.0407e+00 (5.0153e+00)	Acc@1   7.03 (  8.90)	Acc@5  16.41 ( 23.32)
Epoch: [2][ 600/4793]	Time  0.142 ( 0.464)	Data  0.000 ( 0.350)	Loss 4.8847e+00 (5.0064e+00)	Acc@1  12.50 (  8.93)	Acc@5  32.81 ( 23.48)
Epoch: [2][ 800/4793]	Time  0.156 ( 0.459)	Data  0.000 ( 0.343)	Loss 4.9338e+00 (4.9957e+00)	Acc@1   9.38 (  9.00)	Acc@5  27.34 ( 23.58)
Epoch: [2][1000/4793]	Time  0.139 ( 0.454)	Data  0.000 ( 0.337)	Loss 5.0467e+00 (4.9797e+00)	Acc@1   3.91 (  9.12)	Acc@5  21.88 ( 23.87)
Epoch: [2][1200/4793]	Time  0.143 ( 0.451)	Data  0.000 ( 0.336)	Loss 4.9240e+00 (4.9660e+00)	Acc@1  12.50 (  9.29)	Acc@5  27.34 ( 24.18)
Epoch: [2][1400/4793]	Time  0.120 ( 0.448)	Data  0.000 ( 0.333)	Loss 4.8706e+00 (4.9537e+00)	Acc@1   7.03 (  9.33)	Acc@5  25.78 ( 24.37)
Epoch: [2][1600/4793]	Time  0.140 ( 0.444)	Data  0.000 ( 0.321)	Loss 5.0726e+00 (4.9405e+00)	Acc@1   4.69 (  9.44)	Acc@5  24.22 ( 24.61)
Epoch: [2][1800/4793]	Time  0.154 ( 0.440)	Data  0.000 ( 0.308)	Loss 4.6771e+00 (4.9310e+00)	Acc@1  16.41 (  9.54)	Acc@5  27.34 ( 24.81)
Epoch: [2][2000/4793]	Time  0.140 ( 0.438)	Data  0.000 ( 0.284)	Loss 4.7984e+00 (4.9211e+00)	Acc@1  11.72 (  9.67)	Acc@5  27.34 ( 25.01)
Epoch: [2][2200/4793]	Time  0.147 ( 0.436)	Data  0.000 ( 0.276)	Loss 4.4548e+00 (4.9108e+00)	Acc@1  17.97 (  9.77)	Acc@5  30.47 ( 25.19)
Epoch: [2][2400/4793]	Time  1.049 ( 0.434)	Data  0.995 ( 0.278)	Loss 4.7827e+00 (4.8998e+00)	Acc@1   8.59 (  9.90)	Acc@5  25.00 ( 25.38)
Epoch: [2][2600/4793]	Time  0.585 ( 0.433)	Data  0.526 ( 0.280)	Loss 4.8115e+00 (4.8889e+00)	Acc@1  10.16 ( 10.03)	Acc@5  27.34 ( 25.59)
Epoch: [2][2800/4793]	Time  0.168 ( 0.432)	Data  0.112 ( 0.278)	Loss 4.5816e+00 (4.8790e+00)	Acc@1  11.72 ( 10.12)	Acc@5  29.69 ( 25.80)
Epoch: [2][3000/4793]	Time  0.139 ( 0.431)	Data  0.000 ( 0.276)	Loss 4.5423e+00 (4.8680e+00)	Acc@1   9.38 ( 10.21)	Acc@5  34.38 ( 25.99)
Epoch: [2][3200/4793]	Time  0.140 ( 0.430)	Data  0.087 ( 0.278)	Loss 4.9086e+00 (4.8572e+00)	Acc@1  14.06 ( 10.32)	Acc@5  25.00 ( 26.17)
Epoch: [2][3400/4793]	Time  1.123 ( 0.430)	Data  1.070 ( 0.280)	Loss 4.7542e+00 (4.8467e+00)	Acc@1  10.16 ( 10.43)	Acc@5  28.12 ( 26.37)
Epoch: [2][3600/4793]	Time  0.689 ( 0.430)	Data  0.635 ( 0.283)	Loss 4.5475e+00 (4.8360e+00)	Acc@1  14.06 ( 10.54)	Acc@5  29.69 ( 26.56)
Epoch: [2][3800/4793]	Time  0.140 ( 0.429)	Data  0.000 ( 0.282)	Loss 4.6612e+00 (4.8262e+00)	Acc@1  12.50 ( 10.65)	Acc@5  32.03 ( 26.77)
Epoch: [2][4000/4793]	Time  0.734 ( 0.429)	Data  0.680 ( 0.280)	Loss 4.5521e+00 (4.8173e+00)	Acc@1  16.41 ( 10.75)	Acc@5  31.25 ( 26.95)
Epoch: [2][4200/4793]	Time  1.184 ( 0.428)	Data  1.130 ( 0.280)	Loss 4.3586e+00 (4.8083e+00)	Acc@1  19.53 ( 10.85)	Acc@5  35.16 ( 27.12)
Epoch: [2][4400/4793]	Time  0.263 ( 0.428)	Data  0.000 ( 0.281)	Loss 4.3710e+00 (4.7977e+00)	Acc@1  15.62 ( 10.96)	Acc@5  35.16 ( 27.32)
Epoch: [2][4600/4793]	Time  0.197 ( 0.428)	Data  0.105 ( 0.281)	Loss 4.8337e+00 (4.7873e+00)	Acc@1   9.38 ( 11.06)	Acc@5  32.81 ( 27.51)
Test: [  0/375]	Time 11.425 (11.425)	Loss 6.4464e+00 (6.4464e+00)	Acc@1   0.78 (  0.78)	Acc@5   3.12 (  3.12)
Test: [ 10/375]	Time  0.049 ( 1.360)	Loss 6.0411e+00 (6.7755e+00)	Acc@1   0.00 (  1.70)	Acc@5   0.78 (  5.33)
Test: [ 20/375]	Time  0.439 ( 0.882)	Loss 6.6049e+00 (6.5995e+00)	Acc@1   0.00 (  1.15)	Acc@5   0.78 (  4.61)
Test: [ 30/375]	Time  0.049 ( 0.736)	Loss 5.1072e+00 (6.3651e+00)	Acc@1  11.72 (  1.41)	Acc@5  26.56 (  6.70)
Test: [ 40/375]	Time  0.468 ( 0.635)	Loss 6.3164e+00 (6.5491e+00)	Acc@1   0.00 (  1.16)	Acc@5   2.34 (  5.83)
Test: [ 50/375]	Time  0.049 ( 0.581)	Loss 7.1928e+00 (6.5621e+00)	Acc@1   0.00 (  1.04)	Acc@5   0.00 (  5.38)
Test: [ 60/375]	Time  0.755 ( 0.543)	Loss 5.0905e+00 (6.5530e+00)	Acc@1   0.78 (  1.06)	Acc@5  10.16 (  5.30)
Test: [ 70/375]	Time  0.049 ( 0.516)	Loss 6.7855e+00 (6.6241e+00)	Acc@1   0.00 (  0.91)	Acc@5   1.56 (  4.63)
Test: [ 80/375]	Time  1.448 ( 0.505)	Loss 8.2109e+00 (6.6968e+00)	Acc@1   0.00 (  0.81)	Acc@5   0.00 (  4.08)
Test: [ 90/375]	Time  0.114 ( 0.480)	Loss 6.7314e+00 (6.7412e+00)	Acc@1   0.00 (  0.73)	Acc@5   0.00 (  3.67)
Test: [100/375]	Time  1.262 ( 0.474)	Loss 6.1584e+00 (6.8062e+00)	Acc@1   6.25 (  0.72)	Acc@5  16.41 (  3.48)
Test: [110/375]	Time  0.195 ( 0.461)	Loss 5.8044e+00 (6.7534e+00)	Acc@1   0.78 (  0.75)	Acc@5  26.56 (  3.94)
Test: [120/375]	Time  1.091 ( 0.459)	Loss 6.2440e+00 (6.7395e+00)	Acc@1   0.00 (  0.72)	Acc@5   3.12 (  3.86)
Test: [130/375]	Time  0.049 ( 0.451)	Loss 5.7473e+00 (6.6603e+00)	Acc@1   5.47 (  0.96)	Acc@5  19.53 (  4.75)
Test: [140/375]	Time  1.326 ( 0.447)	Loss 6.7293e+00 (6.6771e+00)	Acc@1   0.00 (  0.93)	Acc@5   0.00 (  4.62)
Test: [150/375]	Time  0.049 ( 0.443)	Loss 7.2785e+00 (6.7006e+00)	Acc@1   0.00 (  0.90)	Acc@5   0.78 (  4.49)
Test: [160/375]	Time  1.411 ( 0.442)	Loss 6.8684e+00 (6.7438e+00)	Acc@1   0.00 (  0.84)	Acc@5   1.56 (  4.26)
Test: [170/375]	Time  0.049 ( 0.436)	Loss 6.8118e+00 (6.7476e+00)	Acc@1   0.00 (  0.96)	Acc@5   4.69 (  4.48)
Test: [180/375]	Time  1.493 ( 0.438)	Loss 8.8527e+00 (6.7506e+00)	Acc@1   0.00 (  0.94)	Acc@5   0.00 (  4.54)
Test: [190/375]	Time  0.049 ( 0.432)	Loss 6.9190e+00 (6.7693e+00)	Acc@1   0.00 (  0.92)	Acc@5   1.56 (  4.45)
Test: [200/375]	Time  1.367 ( 0.431)	Loss 6.8373e+00 (6.7714e+00)	Acc@1   0.00 (  0.89)	Acc@5   0.00 (  4.31)
Test: [210/375]	Time  0.049 ( 0.424)	Loss 5.2441e+00 (6.7668e+00)	Acc@1   7.81 (  0.90)	Acc@5  20.31 (  4.36)
Test: [220/375]	Time  1.080 ( 0.427)	Loss 8.5148e+00 (6.7872e+00)	Acc@1   0.00 (  0.92)	Acc@5   0.00 (  4.34)
Test: [230/375]	Time  0.049 ( 0.422)	Loss 6.5752e+00 (6.7895e+00)	Acc@1   0.00 (  0.89)	Acc@5   0.00 (  4.31)
Test: [240/375]	Time  1.489 ( 0.422)	Loss 6.8539e+00 (6.8012e+00)	Acc@1   0.00 (  0.90)	Acc@5   0.00 (  4.30)
Test: [250/375]	Time  0.049 ( 0.417)	Loss 6.3108e+00 (6.8008e+00)	Acc@1   0.00 (  0.93)	Acc@5   3.12 (  4.36)
Test: [260/375]	Time  1.226 ( 0.418)	Loss 8.5114e+00 (6.7965e+00)	Acc@1   0.00 (  0.97)	Acc@5   0.00 (  4.46)
Test: [270/375]	Time  0.075 ( 0.413)	Loss 6.0295e+00 (6.7857e+00)	Acc@1   0.00 (  0.95)	Acc@5   0.78 (  4.40)
Test: [280/375]	Time  1.169 ( 0.414)	Loss 6.0996e+00 (6.7870e+00)	Acc@1   0.00 (  0.93)	Acc@5   0.78 (  4.31)
Test: [290/375]	Time  0.049 ( 0.412)	Loss 7.1353e+00 (6.7911e+00)	Acc@1   0.00 (  0.91)	Acc@5   0.00 (  4.27)
Test: [300/375]	Time  1.306 ( 0.412)	Loss 7.1196e+00 (6.7885e+00)	Acc@1   0.00 (  0.93)	Acc@5   0.78 (  4.36)
Test: [310/375]	Time  0.049 ( 0.408)	Loss 8.3066e+00 (6.8042e+00)	Acc@1   0.00 (  0.91)	Acc@5   0.78 (  4.29)
Test: [320/375]	Time  1.350 ( 0.408)	Loss 7.6438e+00 (6.7947e+00)	Acc@1   1.56 (  0.90)	Acc@5   1.56 (  4.23)
Test: [330/375]	Time  0.049 ( 0.404)	Loss 6.2299e+00 (6.8217e+00)	Acc@1   0.00 (  0.88)	Acc@5   1.56 (  4.16)
Test: [340/375]	Time  1.199 ( 0.406)	Loss 6.7320e+00 (6.8041e+00)	Acc@1   0.00 (  0.93)	Acc@5   0.00 (  4.33)
Test: [350/375]	Time  0.049 ( 0.402)	Loss 5.8889e+00 (6.7988e+00)	Acc@1   0.00 (  0.91)	Acc@5   3.91 (  4.31)
Test: [360/375]	Time  1.303 ( 0.402)	Loss 7.6843e+00 (6.8067e+00)	Acc@1   0.00 (  0.91)	Acc@5   0.78 (  4.28)
Test: [370/375]	Time  0.049 ( 0.399)	Loss 7.7532e+00 (6.7957e+00)	Acc@1   0.00 (  0.96)	Acc@5   0.00 (  4.35)
 *   Acc@1 0.958 Acc@5 4.338
Adjusting learning rate of group 0 to 1.0000e-02.
Test: [  0/375]	Time 11.087 (11.087)	Loss 6.3007e+00 (6.3007e+00)	Acc@1   0.78 (  0.78)	Acc@5   4.69 (  4.69)
Test: [ 10/375]	Time  0.049 ( 1.334)	Loss 6.0155e+00 (6.7327e+00)	Acc@1   0.00 (  1.99)	Acc@5   0.78 (  6.11)
Test: [ 20/375]	Time  0.432 ( 0.866)	Loss 6.6565e+00 (6.5859e+00)	Acc@1   0.00 (  1.26)	Acc@5   0.00 (  4.91)
Test: [ 30/375]	Time  0.049 ( 0.725)	Loss 5.0892e+00 (6.3477e+00)	Acc@1  10.94 (  1.66)	Acc@5  21.09 (  6.80)
Test: [ 40/375]	Time  0.481 ( 0.627)	Loss 6.3113e+00 (6.5342e+00)	Acc@1   0.00 (  1.35)	Acc@5   0.78 (  6.02)
Test: [ 50/375]	Time  0.049 ( 0.575)	Loss 7.3543e+00 (6.5509e+00)	Acc@1   0.00 (  1.15)	Acc@5   0.00 (  5.58)
Test: [ 60/375]	Time  0.742 ( 0.537)	Loss 5.0785e+00 (6.5456e+00)	Acc@1   0.00 (  1.09)	Acc@5  10.94 (  5.51)
Test: [ 70/375]	Time  0.050 ( 0.511)	Loss 6.7571e+00 (6.6175e+00)	Acc@1   0.00 (  0.94)	Acc@5   1.56 (  4.78)
Test: [ 80/375]	Time  1.442 ( 0.500)	Loss 8.2413e+00 (6.6886e+00)	Acc@1   0.00 (  0.82)	Acc@5   0.00 (  4.19)
Test: [ 90/375]	Time  0.110 ( 0.476)	Loss 6.9519e+00 (6.7362e+00)	Acc@1   0.00 (  0.74)	Acc@5   0.00 (  3.76)
Test: [100/375]	Time  1.237 ( 0.470)	Loss 6.2931e+00 (6.8075e+00)	Acc@1   6.25 (  0.73)	Acc@5  12.50 (  3.54)
Test: [110/375]	Time  0.227 ( 0.459)	Loss 5.8008e+00 (6.7550e+00)	Acc@1   0.78 (  0.79)	Acc@5  21.09 (  3.92)
Test: [120/375]	Time  1.128 ( 0.456)	Loss 6.2478e+00 (6.7381e+00)	Acc@1   0.00 (  0.74)	Acc@5   5.47 (  3.83)
Test: [130/375]	Time  0.077 ( 0.449)	Loss 5.5813e+00 (6.6553e+00)	Acc@1   8.59 (  0.99)	Acc@5  24.22 (  4.80)
Test: [140/375]	Time  1.285 ( 0.445)	Loss 6.7706e+00 (6.6741e+00)	Acc@1   0.00 (  0.97)	Acc@5   0.00 (  4.68)
Test: [150/375]	Time  0.049 ( 0.440)	Loss 7.3238e+00 (6.7001e+00)	Acc@1   0.00 (  0.94)	Acc@5   3.12 (  4.52)
Test: [160/375]	Time  1.389 ( 0.440)	Loss 6.9184e+00 (6.7434e+00)	Acc@1   0.00 (  0.89)	Acc@5   0.00 (  4.29)
Test: [170/375]	Time  0.072 ( 0.434)	Loss 6.7505e+00 (6.7476e+00)	Acc@1   0.78 (  1.00)	Acc@5   5.47 (  4.56)
Test: [180/375]	Time  1.500 ( 0.436)	Loss 8.8760e+00 (6.7484e+00)	Acc@1   0.00 (  0.97)	Acc@5   0.00 (  4.59)
Test: [190/375]	Time  0.049 ( 0.431)	Loss 6.8959e+00 (6.7662e+00)	Acc@1   0.00 (  0.96)	Acc@5   0.78 (  4.52)
Test: [200/375]	Time  1.333 ( 0.429)	Loss 6.8960e+00 (6.7675e+00)	Acc@1   0.00 (  0.92)	Acc@5   0.00 (  4.39)
Test: [210/375]	Time  0.072 ( 0.423)	Loss 5.1393e+00 (6.7631e+00)	Acc@1  11.72 (  0.94)	Acc@5  22.66 (  4.39)
Test: [220/375]	Time  1.244 ( 0.426)	Loss 8.6262e+00 (6.7842e+00)	Acc@1   0.00 (  0.96)	Acc@5   0.00 (  4.38)
Test: [230/375]	Time  0.050 ( 0.420)	Loss 6.7533e+00 (6.7861e+00)	Acc@1   0.00 (  0.93)	Acc@5   0.00 (  4.30)
Test: [240/375]	Time  1.443 ( 0.420)	Loss 6.9450e+00 (6.7966e+00)	Acc@1   0.00 (  0.95)	Acc@5   0.78 (  4.28)
Test: [250/375]	Time  0.050 ( 0.415)	Loss 6.4935e+00 (6.7966e+00)	Acc@1   0.00 (  0.96)	Acc@5   3.12 (  4.30)
Test: [260/375]	Time  1.232 ( 0.417)	Loss 8.4446e+00 (6.7923e+00)	Acc@1   0.00 (  1.02)	Acc@5   0.00 (  4.43)
Test: [270/375]	Time  0.070 ( 0.412)	Loss 5.9814e+00 (6.7814e+00)	Acc@1   0.00 (  1.00)	Acc@5   1.56 (  4.37)
Test: [280/375]	Time  1.147 ( 0.413)	Loss 6.0674e+00 (6.7821e+00)	Acc@1   0.00 (  0.97)	Acc@5   1.56 (  4.28)
Test: [290/375]	Time  0.049 ( 0.410)	Loss 7.0486e+00 (6.7854e+00)	Acc@1   0.00 (  0.97)	Acc@5   0.00 (  4.23)
Test: [300/375]	Time  1.311 ( 0.411)	Loss 7.1703e+00 (6.7825e+00)	Acc@1   0.00 (  0.99)	Acc@5   0.78 (  4.32)
Test: [310/375]	Time  0.049 ( 0.407)	Loss 8.2242e+00 (6.7989e+00)	Acc@1   0.00 (  0.96)	Acc@5   1.56 (  4.25)
Test: [320/375]	Time  1.335 ( 0.407)	Loss 7.6493e+00 (6.7891e+00)	Acc@1   0.78 (  0.95)	Acc@5   1.56 (  4.22)
Test: [330/375]	Time  0.049 ( 0.403)	Loss 6.1091e+00 (6.8146e+00)	Acc@1   0.00 (  0.93)	Acc@5   1.56 (  4.14)
Test: [340/375]	Time  1.211 ( 0.405)	Loss 6.6723e+00 (6.7958e+00)	Acc@1   0.00 (  0.98)	Acc@5   0.00 (  4.32)
Test: [350/375]	Time  0.049 ( 0.401)	Loss 5.9464e+00 (6.7911e+00)	Acc@1   0.00 (  0.96)	Acc@5   5.47 (  4.31)
Test: [360/375]	Time  1.240 ( 0.401)	Loss 7.8021e+00 (6.7996e+00)	Acc@1   0.00 (  0.97)	Acc@5   0.00 (  4.26)
Test: [370/375]	Time  0.052 ( 0.398)	Loss 7.6597e+00 (6.7892e+00)	Acc@1   0.00 (  1.03)	Acc@5   0.00 (  4.34)
 *   Acc@1 1.021 Acc@5 4.320
Adjusting learning rate of group 0 to 1.0000e-02.
