Use GPU: 1 for training
before loading the model,we have {args.num_classes} classes
=> creating model 'alexnet'
=> loading checkpoint '/home/junzhin/Project/Summer_project/code/version1.0/pretrained_model_results/ALEX_office31masked2checkpoint.pth.tar'
=> loaded checkpoint '/home/junzhin/Project/Summer_project/code/version1.0/pretrained_model_results/ALEX_office31masked2checkpoint.pth.tar' (epoch 98)
----------------------------------------
training directory:/data/gpfs/datasets/Imagenet/train_blurred

validating directory:/data/gpfs/datasets/Imagenet/val_blurred

----------------------------------------
Dataset ImageFolder
    Number of datapoints: 1281066
    Root location: /data/gpfs/datasets/Imagenet/train_blurred
    StandardTransform
Transform: Compose(
               Resize(size=256, interpolation=bilinear, max_size=None, antialias=None)
               CenterCrop(size=(224, 224))
               ToTensor()
               Normalize(mean=[0.485, 0.456, 0.406], std=[0.229, 0.224, 0.225])
           )
----------------------------------------
Dataset ImageFolder
    Number of datapoints: 49997
    Root location: /data/gpfs/datasets/Imagenet/val_blurred
    StandardTransform
Transform: Compose(
               Resize(size=256, interpolation=bilinear, max_size=None, antialias=None)
               CenterCrop(size=(224, 224))
               ToTensor()
               Normalize(mean=[0.485, 0.456, 0.406], std=[0.229, 0.224, 0.225])
           )
----------------------------------------
            0                      1
0   n02791124           barber_chair
1   n02823428            beer_bottle
2   n02835271  bicycle-built-for-two
3   n02840245                 binder
4   n02870880               bookcase
5   n02877765              bottlecap
6   n02992529     cellular_telephone
7   n03018349          china_cabinet
8   n03063599             coffee_mug
9   n03085013      computer_keyboard
10  n03127747           crash_helmet
11  n03180011       desktop_computer
12  n03187595         dial_telephone
13  n03376595          folding_chair
14  n03379051        football_helmet
15  n03388183           fountain_pen
16  n03485407     hand-held_computer
17  n03637318              lampshade
18  n03642806                 laptop
19  n03691459            loudspeaker
20  n03742115         medicine_chest
21  n03759954             microphone
22  n03782006                monitor
23  n03785016                  moped
24  n03792782          mountain_bike
25  n03793489                  mouse
26  n03832673               notebook
27  n03902125              pay-phone
28  n03937543            pill_bottle
29  n03983396             pop_bottle
30  n04004767                printer
31  n04009552              projector
32  n04099969          rocking_chair
33  n04152593                 screen
34  n04286575              spotlight
35  n04380533             table_lamp
36  n04476259                   tray
37  n04505470    typewriter_keyboard
38  n04557648           water_bottle
39  n04591713            wine_bottle
40  n06596364             comic_book
41  n07930864                    cup
+---+---+---+---+---+---+---+---+---+---+---+---+---+---+---+---+---+---+---+---
958
42
+---+---+---+---+---+---+---+---+---+---+---+---+---+---+---+---+---+---+---+---
1226767
47897
Use GPU: 0 for training
before loading the model,we have {args.num_classes} classes
=> creating model 'alexnet'
=> loading checkpoint '/home/junzhin/Project/Summer_project/code/version1.0/pretrained_model_results/ALEX_office31masked2checkpoint.pth.tar'
=> loaded checkpoint '/home/junzhin/Project/Summer_project/code/version1.0/pretrained_model_results/ALEX_office31masked2checkpoint.pth.tar' (epoch 98)
----------------------------------------
training directory:/data/gpfs/datasets/Imagenet/train_blurred

validating directory:/data/gpfs/datasets/Imagenet/val_blurred

----------------------------------------
Dataset ImageFolder
    Number of datapoints: 1281066
    Root location: /data/gpfs/datasets/Imagenet/train_blurred
    StandardTransform
Transform: Compose(
               Resize(size=256, interpolation=bilinear, max_size=None, antialias=None)
               CenterCrop(size=(224, 224))
               ToTensor()
               Normalize(mean=[0.485, 0.456, 0.406], std=[0.229, 0.224, 0.225])
           )
----------------------------------------
Dataset ImageFolder
    Number of datapoints: 49997
    Root location: /data/gpfs/datasets/Imagenet/val_blurred
    StandardTransform
Transform: Compose(
               Resize(size=256, interpolation=bilinear, max_size=None, antialias=None)
               CenterCrop(size=(224, 224))
               ToTensor()
               Normalize(mean=[0.485, 0.456, 0.406], std=[0.229, 0.224, 0.225])
           )
----------------------------------------
            0                      1
0   n02791124           barber_chair
1   n02823428            beer_bottle
2   n02835271  bicycle-built-for-two
3   n02840245                 binder
4   n02870880               bookcase
5   n02877765              bottlecap
6   n02992529     cellular_telephone
7   n03018349          china_cabinet
8   n03063599             coffee_mug
9   n03085013      computer_keyboard
10  n03127747           crash_helmet
11  n03180011       desktop_computer
12  n03187595         dial_telephone
13  n03376595          folding_chair
14  n03379051        football_helmet
15  n03388183           fountain_pen
16  n03485407     hand-held_computer
17  n03637318              lampshade
18  n03642806                 laptop
19  n03691459            loudspeaker
20  n03742115         medicine_chest
21  n03759954             microphone
22  n03782006                monitor
23  n03785016                  moped
24  n03792782          mountain_bike
25  n03793489                  mouse
26  n03832673               notebook
27  n03902125              pay-phone
28  n03937543            pill_bottle
29  n03983396             pop_bottle
30  n04004767                printer
31  n04009552              projector
32  n04099969          rocking_chair
33  n04152593                 screen
34  n04286575              spotlight
35  n04380533             table_lamp
36  n04476259                   tray
37  n04505470    typewriter_keyboard
38  n04557648           water_bottle
39  n04591713            wine_bottle
40  n06596364             comic_book
41  n07930864                    cup
+---+---+---+---+---+---+---+---+---+---+---+---+---+---+---+---+---+---+---+---
958
42
+---+---+---+---+---+---+---+---+---+---+---+---+---+---+---+---+---+---+---+---
1226767
47897
Epoch: [98][   0/4793]	Time 14.107 (14.107)	Data 12.832 (12.832)	Loss 3.5026e-01 (3.5026e-01)	Acc@1  85.94 ( 85.94)	Acc@5  97.66 ( 97.66)
Epoch: [98][  20/4793]	Time  0.342 ( 0.988)	Data  0.133 ( 0.848)	Loss 3.2757e-01 (4.0586e-01)	Acc@1  90.62 ( 87.31)	Acc@5  99.22 ( 98.70)
Epoch: [98][  40/4793]	Time  0.088 ( 0.709)	Data  0.000 ( 0.584)	Loss 3.1528e-01 (4.1051e-01)	Acc@1  89.06 ( 87.48)	Acc@5  98.44 ( 98.61)
Epoch: [98][  60/4793]	Time  0.551 ( 0.628)	Data  0.000 ( 0.479)	Loss 3.1921e-01 (4.0246e-01)	Acc@1  90.62 ( 87.65)	Acc@5 100.00 ( 98.68)
Epoch: [98][  80/4793]	Time  0.748 ( 0.580)	Data  0.370 ( 0.425)	Loss 4.4624e-01 (3.9468e-01)	Acc@1  89.84 ( 88.08)	Acc@5  98.44 ( 98.65)
Epoch: [98][ 100/4793]	Time  0.080 ( 0.549)	Data  0.000 ( 0.386)	Loss 3.6072e-01 (3.9911e-01)	Acc@1  88.28 ( 87.72)	Acc@5  99.22 ( 98.67)
Epoch: [98][ 120/4793]	Time  0.643 ( 0.536)	Data  0.212 ( 0.371)	Loss 4.9543e-01 (4.0403e-01)	Acc@1  80.47 ( 87.49)	Acc@5  99.22 ( 98.68)
Epoch: [98][ 140/4793]	Time  0.751 ( 0.524)	Data  0.717 ( 0.364)	Loss 3.3226e-01 (4.0295e-01)	Acc@1  88.28 ( 87.49)	Acc@5  98.44 ( 98.68)
Epoch: [98][ 160/4793]	Time  0.085 ( 0.511)	Data  0.000 ( 0.353)	Loss 3.7903e-01 (4.0474e-01)	Acc@1  87.50 ( 87.40)	Acc@5  98.44 ( 98.69)
Epoch: [98][ 180/4793]	Time  0.091 ( 0.505)	Data  0.000 ( 0.350)	Loss 3.5903e-01 (4.0455e-01)	Acc@1  89.06 ( 87.46)	Acc@5  99.22 ( 98.68)
Epoch: [98][ 200/4793]	Time  0.488 ( 0.497)	Data  0.445 ( 0.341)	Loss 4.0797e-01 (4.0606e-01)	Acc@1  86.72 ( 87.35)	Acc@5  98.44 ( 98.69)
Epoch: [98][ 220/4793]	Time  0.075 ( 0.492)	Data  0.000 ( 0.327)	Loss 4.4551e-01 (4.0583e-01)	Acc@1  86.72 ( 87.37)	Acc@5  96.88 ( 98.65)
Epoch: [98][ 240/4793]	Time  0.080 ( 0.488)	Data  0.000 ( 0.326)	Loss 3.7373e-01 (4.0580e-01)	Acc@1  88.28 ( 87.37)	Acc@5  99.22 ( 98.65)
Epoch: [98][ 260/4793]	Time  0.902 ( 0.484)	Data  0.871 ( 0.330)	Loss 4.1570e-01 (4.0623e-01)	Acc@1  86.72 ( 87.37)	Acc@5  97.66 ( 98.64)
Epoch: [98][ 280/4793]	Time  0.081 ( 0.478)	Data  0.000 ( 0.328)	Loss 4.0140e-01 (4.0729e-01)	Acc@1  89.84 ( 87.29)	Acc@5 100.00 ( 98.64)
Epoch: [98][ 300/4793]	Time  0.074 ( 0.476)	Data  0.000 ( 0.332)	Loss 4.2212e-01 (4.0924e-01)	Acc@1  89.06 ( 87.20)	Acc@5  97.66 ( 98.60)
Epoch: [98][ 320/4793]	Time  0.961 ( 0.474)	Data  0.929 ( 0.335)	Loss 4.1704e-01 (4.0874e-01)	Acc@1  87.50 ( 87.19)	Acc@5  99.22 ( 98.61)
Epoch: [98][ 340/4793]	Time  0.089 ( 0.471)	Data  0.000 ( 0.336)	Loss 4.1890e-01 (4.0948e-01)	Acc@1  85.16 ( 87.16)	Acc@5  97.66 ( 98.62)
Epoch: [98][ 360/4793]	Time  0.199 ( 0.470)	Data  0.167 ( 0.340)	Loss 3.8686e-01 (4.1024e-01)	Acc@1  86.72 ( 87.13)	Acc@5  99.22 ( 98.62)
Epoch: [98][ 380/4793]	Time  0.165 ( 0.467)	Data  0.134 ( 0.341)	Loss 4.0658e-01 (4.1051e-01)	Acc@1  89.06 ( 87.14)	Acc@5  99.22 ( 98.63)
Epoch: [98][ 400/4793]	Time  0.075 ( 0.467)	Data  0.000 ( 0.344)	Loss 3.5978e-01 (4.0915e-01)	Acc@1  89.06 ( 87.17)	Acc@5  98.44 ( 98.63)
Epoch: [98][ 420/4793]	Time  1.093 ( 0.467)	Data  0.916 ( 0.346)	Loss 2.8769e-01 (4.0847e-01)	Acc@1  89.84 ( 87.21)	Acc@5  99.22 ( 98.62)
Epoch: [98][ 440/4793]	Time  0.081 ( 0.464)	Data  0.000 ( 0.338)	Loss 4.3290e-01 (4.0883e-01)	Acc@1  87.50 ( 87.22)	Acc@5  99.22 ( 98.62)
Epoch: [98][ 460/4793]	Time  0.080 ( 0.464)	Data  0.000 ( 0.335)	Loss 2.8606e-01 (4.0875e-01)	Acc@1  90.62 ( 87.25)	Acc@5  99.22 ( 98.62)
Epoch: [98][ 480/4793]	Time  1.172 ( 0.463)	Data  0.702 ( 0.333)	Loss 3.7298e-01 (4.1040e-01)	Acc@1  87.50 ( 87.19)	Acc@5  99.22 ( 98.61)
Epoch: [98][ 500/4793]	Time  0.082 ( 0.462)	Data  0.000 ( 0.327)	Loss 4.7976e-01 (4.1023e-01)	Acc@1  85.94 ( 87.18)	Acc@5  97.66 ( 98.61)
Epoch: [98][ 520/4793]	Time  0.082 ( 0.462)	Data  0.000 ( 0.323)	Loss 4.2124e-01 (4.0977e-01)	Acc@1  88.28 ( 87.20)	Acc@5  98.44 ( 98.61)
Epoch: [98][ 540/4793]	Time  0.971 ( 0.460)	Data  0.930 ( 0.323)	Loss 4.0236e-01 (4.1096e-01)	Acc@1  89.84 ( 87.17)	Acc@5 100.00 ( 98.60)
Epoch: [98][ 560/4793]	Time  0.080 ( 0.458)	Data  0.000 ( 0.321)	Loss 4.0709e-01 (4.1104e-01)	Acc@1  88.28 ( 87.18)	Acc@5  98.44 ( 98.60)
Epoch: [98][ 580/4793]	Time  0.081 ( 0.458)	Data  0.000 ( 0.323)	Loss 4.0573e-01 (4.1145e-01)	Acc@1  85.94 ( 87.19)	Acc@5  99.22 ( 98.60)
Epoch: [98][ 600/4793]	Time  0.775 ( 0.458)	Data  0.743 ( 0.323)	Loss 4.1763e-01 (4.1214e-01)	Acc@1  86.72 ( 87.18)	Acc@5  98.44 ( 98.59)
Epoch: [98][ 620/4793]	Time  0.086 ( 0.456)	Data  0.000 ( 0.322)	Loss 4.8535e-01 (4.1126e-01)	Acc@1  84.38 ( 87.20)	Acc@5  96.88 ( 98.60)
Epoch: [98][ 640/4793]	Time  0.082 ( 0.458)	Data  0.000 ( 0.318)	Loss 3.3435e-01 (4.1172e-01)	Acc@1  89.84 ( 87.20)	Acc@5  98.44 ( 98.59)
Epoch: [98][ 660/4793]	Time  1.137 ( 0.458)	Data  0.293 ( 0.313)	Loss 4.6189e-01 (4.1154e-01)	Acc@1  86.72 ( 87.21)	Acc@5  98.44 ( 98.59)
Epoch: [98][ 680/4793]	Time  0.082 ( 0.457)	Data  0.000 ( 0.307)	Loss 5.4652e-01 (4.1159e-01)	Acc@1  82.81 ( 87.22)	Acc@5  96.88 ( 98.59)
Epoch: [98][ 700/4793]	Time  0.082 ( 0.458)	Data  0.000 ( 0.301)	Loss 3.9804e-01 (4.1237e-01)	Acc@1  86.72 ( 87.19)	Acc@5  98.44 ( 98.59)
Epoch: [98][ 720/4793]	Time  1.219 ( 0.459)	Data  0.216 ( 0.294)	Loss 4.2864e-01 (4.1310e-01)	Acc@1  86.72 ( 87.17)	Acc@5  98.44 ( 98.59)
Epoch: [98][ 740/4793]	Time  0.082 ( 0.458)	Data  0.000 ( 0.287)	Loss 3.7091e-01 (4.1329e-01)	Acc@1  89.06 ( 87.15)	Acc@5  96.88 ( 98.58)
Epoch: [98][ 760/4793]	Time  0.081 ( 0.459)	Data  0.000 ( 0.281)	Loss 4.4012e-01 (4.1358e-01)	Acc@1  83.59 ( 87.13)	Acc@5  99.22 ( 98.58)
Epoch: [98][ 780/4793]	Time  1.380 ( 0.460)	Data  0.281 ( 0.276)	Loss 3.7882e-01 (4.1339e-01)	Acc@1  85.16 ( 87.14)	Acc@5  99.22 ( 98.59)
Epoch: [98][ 800/4793]	Time  0.093 ( 0.459)	Data  0.000 ( 0.270)	Loss 4.2550e-01 (4.1419e-01)	Acc@1  85.94 ( 87.11)	Acc@5 100.00 ( 98.60)
Epoch: [98][ 820/4793]	Time  0.080 ( 0.460)	Data  0.000 ( 0.265)	Loss 4.0834e-01 (4.1455e-01)	Acc@1  87.50 ( 87.10)	Acc@5 100.00 ( 98.60)
Epoch: [98][ 840/4793]	Time  1.193 ( 0.461)	Data  0.128 ( 0.259)	Loss 4.1643e-01 (4.1468e-01)	Acc@1  87.50 ( 87.10)	Acc@5  99.22 ( 98.60)
Epoch: [98][ 860/4793]	Time  0.081 ( 0.460)	Data  0.028 ( 0.255)	Loss 4.5723e-01 (4.1432e-01)	Acc@1  84.38 ( 87.11)	Acc@5 100.00 ( 98.59)
Epoch: [98][ 880/4793]	Time  0.082 ( 0.461)	Data  0.000 ( 0.251)	Loss 4.8777e-01 (4.1448e-01)	Acc@1  87.50 ( 87.10)	Acc@5  96.88 ( 98.59)
Epoch: [98][ 900/4793]	Time  1.108 ( 0.461)	Data  0.355 ( 0.247)	Loss 4.6287e-01 (4.1473e-01)	Acc@1  89.84 ( 87.11)	Acc@5  96.88 ( 98.58)
Epoch: [98][ 920/4793]	Time  0.184 ( 0.460)	Data  0.153 ( 0.245)	Loss 3.5749e-01 (4.1475e-01)	Acc@1  85.16 ( 87.11)	Acc@5 100.00 ( 98.58)
Epoch: [98][ 940/4793]	Time  0.104 ( 0.461)	Data  0.000 ( 0.245)	Loss 5.4953e-01 (4.1490e-01)	Acc@1  85.16 ( 87.11)	Acc@5  97.66 ( 98.58)
Epoch: [98][ 960/4793]	Time  0.989 ( 0.460)	Data  0.834 ( 0.245)	Loss 2.4508e-01 (4.1446e-01)	Acc@1  91.41 ( 87.13)	Acc@5 100.00 ( 98.59)
Epoch: [98][ 980/4793]	Time  0.082 ( 0.460)	Data  0.000 ( 0.245)	Loss 3.7316e-01 (4.1473e-01)	Acc@1  86.72 ( 87.13)	Acc@5  97.66 ( 98.59)
Epoch: [98][1000/4793]	Time  0.079 ( 0.460)	Data  0.000 ( 0.246)	Loss 3.5093e-01 (4.1513e-01)	Acc@1  90.62 ( 87.11)	Acc@5  98.44 ( 98.59)
Epoch: [98][1020/4793]	Time  1.071 ( 0.459)	Data  0.960 ( 0.247)	Loss 3.0583e-01 (4.1540e-01)	Acc@1  89.84 ( 87.11)	Acc@5 100.00 ( 98.58)
Epoch: [98][1040/4793]	Time  0.084 ( 0.458)	Data  0.000 ( 0.249)	Loss 4.0291e-01 (4.1525e-01)	Acc@1  89.06 ( 87.12)	Acc@5  98.44 ( 98.58)
Epoch: [98][1060/4793]	Time  0.081 ( 0.459)	Data  0.000 ( 0.252)	Loss 3.6977e-01 (4.1536e-01)	Acc@1  88.28 ( 87.11)	Acc@5  99.22 ( 98.58)
Epoch: [98][1080/4793]	Time  1.183 ( 0.460)	Data  1.152 ( 0.256)	Loss 3.2960e-01 (4.1537e-01)	Acc@1  89.06 ( 87.11)	Acc@5  98.44 ( 98.58)
Epoch: [98][1100/4793]	Time  0.351 ( 0.460)	Data  0.307 ( 0.258)	Loss 3.9238e-01 (4.1444e-01)	Acc@1  85.16 ( 87.13)	Acc@5  97.66 ( 98.59)
Epoch: [98][1120/4793]	Time  0.273 ( 0.460)	Data  0.237 ( 0.261)	Loss 6.0928e-01 (4.1429e-01)	Acc@1  80.47 ( 87.13)	Acc@5  97.66 ( 98.59)
Epoch: [98][1140/4793]	Time  0.171 ( 0.460)	Data  0.134 ( 0.263)	Loss 4.7951e-01 (4.1398e-01)	Acc@1  85.16 ( 87.15)	Acc@5  99.22 ( 98.59)
Epoch: [98][1160/4793]	Time  1.145 ( 0.460)	Data  1.097 ( 0.267)	Loss 5.4701e-01 (4.1382e-01)	Acc@1  85.94 ( 87.16)	Acc@5  96.88 ( 98.59)
Epoch: [98][1180/4793]	Time  0.103 ( 0.460)	Data  0.072 ( 0.269)	Loss 4.2211e-01 (4.1339e-01)	Acc@1  85.16 ( 87.16)	Acc@5  97.66 ( 98.59)
Epoch: [98][1200/4793]	Time  0.088 ( 0.460)	Data  0.000 ( 0.271)	Loss 5.2336e-01 (4.1372e-01)	Acc@1  84.38 ( 87.14)	Acc@5  98.44 ( 98.59)
Epoch: [98][1220/4793]	Time  1.092 ( 0.461)	Data  1.061 ( 0.274)	Loss 3.3801e-01 (4.1390e-01)	Acc@1  89.84 ( 87.13)	Acc@5  98.44 ( 98.59)
Epoch: [98][1240/4793]	Time  0.076 ( 0.460)	Data  0.000 ( 0.275)	Loss 3.1733e-01 (4.1410e-01)	Acc@1  89.84 ( 87.13)	Acc@5  99.22 ( 98.59)
Epoch: [98][1260/4793]	Time  0.746 ( 0.461)	Data  0.710 ( 0.278)	Loss 4.5072e-01 (4.1424e-01)	Acc@1  85.94 ( 87.13)	Acc@5  96.88 ( 98.59)
Epoch: [98][1280/4793]	Time  0.355 ( 0.460)	Data  0.315 ( 0.280)	Loss 4.6812e-01 (4.1413e-01)	Acc@1  87.50 ( 87.14)	Acc@5  96.88 ( 98.59)
Epoch: [98][1300/4793]	Time  0.113 ( 0.460)	Data  0.077 ( 0.281)	Loss 3.9787e-01 (4.1397e-01)	Acc@1  87.50 ( 87.14)	Acc@5  98.44 ( 98.59)
Epoch: [98][1320/4793]	Time  0.403 ( 0.460)	Data  0.362 ( 0.283)	Loss 3.7246e-01 (4.1413e-01)	Acc@1  89.06 ( 87.13)	Acc@5  97.66 ( 98.59)
Epoch: [98][1340/4793]	Time  0.328 ( 0.459)	Data  0.294 ( 0.285)	Loss 3.4221e-01 (4.1426e-01)	Acc@1  87.50 ( 87.12)	Acc@5  99.22 ( 98.60)
Epoch: [98][1360/4793]	Time  0.076 ( 0.459)	Data  0.036 ( 0.287)	Loss 3.8135e-01 (4.1412e-01)	Acc@1  85.94 ( 87.12)	Acc@5  97.66 ( 98.60)
Epoch: [98][1380/4793]	Time  0.818 ( 0.459)	Data  0.786 ( 0.289)	Loss 3.6204e-01 (4.1418e-01)	Acc@1  89.06 ( 87.13)	Acc@5  98.44 ( 98.60)
Epoch: [98][1400/4793]	Time  0.544 ( 0.458)	Data  0.503 ( 0.290)	Loss 3.6264e-01 (4.1388e-01)	Acc@1  90.62 ( 87.15)	Acc@5 100.00 ( 98.59)
Epoch: [98][1420/4793]	Time  0.506 ( 0.458)	Data  0.470 ( 0.291)	Loss 4.6492e-01 (4.1442e-01)	Acc@1  85.94 ( 87.13)	Acc@5  97.66 ( 98.59)
Epoch: [98][1440/4793]	Time  0.121 ( 0.457)	Data  0.090 ( 0.292)	Loss 4.0883e-01 (4.1419e-01)	Acc@1  89.06 ( 87.13)	Acc@5  97.66 ( 98.59)
Epoch: [98][1460/4793]	Time  0.951 ( 0.457)	Data  0.914 ( 0.293)	Loss 3.2351e-01 (4.1402e-01)	Acc@1  91.41 ( 87.14)	Acc@5  96.88 ( 98.59)
Epoch: [98][1480/4793]	Time  0.832 ( 0.457)	Data  0.246 ( 0.293)	Loss 2.6799e-01 (4.1449e-01)	Acc@1  92.19 ( 87.12)	Acc@5  99.22 ( 98.58)
Epoch: [98][1500/4793]	Time  0.080 ( 0.456)	Data  0.000 ( 0.293)	Loss 4.7991e-01 (4.1496e-01)	Acc@1  82.03 ( 87.11)	Acc@5  98.44 ( 98.58)
Epoch: [98][1520/4793]	Time  0.645 ( 0.456)	Data  0.610 ( 0.292)	Loss 4.6016e-01 (4.1517e-01)	Acc@1  86.72 ( 87.10)	Acc@5  97.66 ( 98.58)
Epoch: [98][1540/4793]	Time  0.531 ( 0.456)	Data  0.494 ( 0.293)	Loss 4.9847e-01 (4.1555e-01)	Acc@1  85.16 ( 87.09)	Acc@5  98.44 ( 98.57)
Epoch: [98][1560/4793]	Time  0.080 ( 0.455)	Data  0.000 ( 0.294)	Loss 3.6652e-01 (4.1575e-01)	Acc@1  92.19 ( 87.07)	Acc@5  98.44 ( 98.57)
Epoch: [98][1580/4793]	Time  1.078 ( 0.455)	Data  1.040 ( 0.295)	Loss 3.0939e-01 (4.1579e-01)	Acc@1  90.62 ( 87.07)	Acc@5  98.44 ( 98.57)
Epoch: [98][1600/4793]	Time  0.261 ( 0.455)	Data  0.229 ( 0.296)	Loss 4.4935e-01 (4.1574e-01)	Acc@1  89.06 ( 87.08)	Acc@5  98.44 ( 98.57)
Epoch: [98][1620/4793]	Time  0.221 ( 0.455)	Data  0.000 ( 0.297)	Loss 4.5610e-01 (4.1590e-01)	Acc@1  86.72 ( 87.07)	Acc@5  96.09 ( 98.56)
Epoch: [98][1640/4793]	Time  1.028 ( 0.454)	Data  0.995 ( 0.298)	Loss 3.3474e-01 (4.1597e-01)	Acc@1  92.19 ( 87.08)	Acc@5  99.22 ( 98.56)
Epoch: [98][1660/4793]	Time  0.116 ( 0.454)	Data  0.084 ( 0.298)	Loss 4.1925e-01 (4.1587e-01)	Acc@1  85.16 ( 87.07)	Acc@5  99.22 ( 98.57)
Epoch: [98][1680/4793]	Time  0.694 ( 0.454)	Data  0.000 ( 0.298)	Loss 3.2229e-01 (4.1572e-01)	Acc@1  89.84 ( 87.08)	Acc@5 100.00 ( 98.57)
Epoch: [98][1700/4793]	Time  0.627 ( 0.454)	Data  0.596 ( 0.298)	Loss 3.9992e-01 (4.1567e-01)	Acc@1  87.50 ( 87.08)	Acc@5  98.44 ( 98.57)
Epoch: [98][1720/4793]	Time  0.655 ( 0.453)	Data  0.623 ( 0.298)	Loss 3.6155e-01 (4.1589e-01)	Acc@1  86.72 ( 87.08)	Acc@5 100.00 ( 98.57)
Epoch: [98][1740/4793]	Time  0.076 ( 0.453)	Data  0.000 ( 0.299)	Loss 5.7316e-01 (4.1592e-01)	Acc@1  83.59 ( 87.08)	Acc@5  96.88 ( 98.57)
Epoch: [98][1760/4793]	Time  0.938 ( 0.453)	Data  0.906 ( 0.300)	Loss 3.5531e-01 (4.1568e-01)	Acc@1  91.41 ( 87.08)	Acc@5  98.44 ( 98.57)
Epoch: [98][1780/4793]	Time  1.234 ( 0.453)	Data  1.198 ( 0.302)	Loss 4.0010e-01 (4.1573e-01)	Acc@1  85.94 ( 87.08)	Acc@5  97.66 ( 98.57)
Epoch: [98][1800/4793]	Time  0.080 ( 0.453)	Data  0.000 ( 0.303)	Loss 3.8657e-01 (4.1597e-01)	Acc@1  91.41 ( 87.08)	Acc@5  98.44 ( 98.57)
Epoch: [98][1820/4793]	Time  0.084 ( 0.454)	Data  0.000 ( 0.304)	Loss 3.7808e-01 (4.1598e-01)	Acc@1  89.06 ( 87.08)	Acc@5  98.44 ( 98.57)
Epoch: [98][1840/4793]	Time  1.229 ( 0.454)	Data  1.196 ( 0.305)	Loss 4.3845e-01 (4.1594e-01)	Acc@1  88.28 ( 87.08)	Acc@5  97.66 ( 98.57)
Epoch: [98][1860/4793]	Time  0.081 ( 0.454)	Data  0.000 ( 0.306)	Loss 3.7519e-01 (4.1608e-01)	Acc@1  87.50 ( 87.08)	Acc@5  96.88 ( 98.57)
Epoch: [98][1880/4793]	Time  0.086 ( 0.454)	Data  0.000 ( 0.307)	Loss 3.5688e-01 (4.1601e-01)	Acc@1  88.28 ( 87.08)	Acc@5 100.00 ( 98.57)
Epoch: [98][1900/4793]	Time  1.123 ( 0.454)	Data  1.091 ( 0.308)	Loss 3.8513e-01 (4.1579e-01)	Acc@1  88.28 ( 87.09)	Acc@5  99.22 ( 98.57)
Epoch: [98][1920/4793]	Time  0.243 ( 0.454)	Data  0.211 ( 0.309)	Loss 3.3438e-01 (4.1558e-01)	Acc@1  89.06 ( 87.10)	Acc@5  99.22 ( 98.57)
Epoch: [98][1940/4793]	Time  0.076 ( 0.454)	Data  0.000 ( 0.310)	Loss 3.9470e-01 (4.1564e-01)	Acc@1  85.94 ( 87.10)	Acc@5  96.88 ( 98.57)
Epoch: [98][1960/4793]	Time  0.654 ( 0.455)	Data  0.616 ( 0.312)	Loss 4.8869e-01 (4.1553e-01)	Acc@1  85.16 ( 87.11)	Acc@5  98.44 ( 98.57)
Epoch: [98][1980/4793]	Time  0.662 ( 0.455)	Data  0.630 ( 0.313)	Loss 3.7875e-01 (4.1573e-01)	Acc@1  89.84 ( 87.11)	Acc@5  99.22 ( 98.57)
Epoch: [98][2000/4793]	Time  0.195 ( 0.455)	Data  0.158 ( 0.314)	Loss 2.5059e-01 (4.1561e-01)	Acc@1  94.53 ( 87.12)	Acc@5 100.00 ( 98.56)
Epoch: [98][2020/4793]	Time  0.431 ( 0.455)	Data  0.398 ( 0.315)	Loss 3.3460e-01 (4.1560e-01)	Acc@1  89.06 ( 87.12)	Acc@5 100.00 ( 98.56)
Epoch: [98][2040/4793]	Time  0.079 ( 0.455)	Data  0.000 ( 0.316)	Loss 6.4878e-01 (4.1548e-01)	Acc@1  83.59 ( 87.12)	Acc@5  95.31 ( 98.57)
Epoch: [98][2060/4793]	Time  0.699 ( 0.455)	Data  0.662 ( 0.316)	Loss 3.8320e-01 (4.1556e-01)	Acc@1  88.28 ( 87.12)	Acc@5  99.22 ( 98.57)
Epoch: [98][2080/4793]	Time  0.522 ( 0.454)	Data  0.486 ( 0.317)	Loss 3.7934e-01 (4.1552e-01)	Acc@1  85.94 ( 87.12)	Acc@5 100.00 ( 98.57)
Epoch: [98][2100/4793]	Time  0.423 ( 0.454)	Data  0.136 ( 0.317)	Loss 3.3843e-01 (4.1562e-01)	Acc@1  89.06 ( 87.12)	Acc@5  99.22 ( 98.57)
Epoch: [98][2120/4793]	Time  0.080 ( 0.454)	Data  0.000 ( 0.317)	Loss 3.7512e-01 (4.1535e-01)	Acc@1  91.41 ( 87.13)	Acc@5  97.66 ( 98.57)
Epoch: [98][2140/4793]	Time  1.275 ( 0.454)	Data  1.236 ( 0.318)	Loss 4.4265e-01 (4.1569e-01)	Acc@1  83.59 ( 87.11)	Acc@5 100.00 ( 98.57)
Epoch: [98][2160/4793]	Time  0.080 ( 0.453)	Data  0.000 ( 0.317)	Loss 3.0607e-01 (4.1553e-01)	Acc@1  88.28 ( 87.11)	Acc@5 100.00 ( 98.57)
Epoch: [98][2180/4793]	Time  0.093 ( 0.453)	Data  0.000 ( 0.318)	Loss 6.7201e-01 (4.1543e-01)	Acc@1  80.47 ( 87.12)	Acc@5  95.31 ( 98.57)
Epoch: [98][2200/4793]	Time  1.515 ( 0.454)	Data  1.478 ( 0.319)	Loss 4.0106e-01 (4.1547e-01)	Acc@1  89.84 ( 87.12)	Acc@5  97.66 ( 98.57)
Epoch: [98][2220/4793]	Time  0.080 ( 0.453)	Data  0.000 ( 0.319)	Loss 5.2130e-01 (4.1556e-01)	Acc@1  82.81 ( 87.12)	Acc@5  99.22 ( 98.57)
Epoch: [98][2240/4793]	Time  0.081 ( 0.453)	Data  0.000 ( 0.319)	Loss 3.1230e-01 (4.1547e-01)	Acc@1  89.06 ( 87.12)	Acc@5 100.00 ( 98.57)
Epoch: [98][2260/4793]	Time  1.166 ( 0.453)	Data  1.135 ( 0.320)	Loss 3.8258e-01 (4.1545e-01)	Acc@1  85.94 ( 87.12)	Acc@5  99.22 ( 98.57)
Epoch: [98][2280/4793]	Time  0.078 ( 0.453)	Data  0.000 ( 0.321)	Loss 5.3824e-01 (4.1546e-01)	Acc@1  82.81 ( 87.12)	Acc@5  98.44 ( 98.57)
Epoch: [98][2300/4793]	Time  0.082 ( 0.454)	Data  0.000 ( 0.322)	Loss 3.4133e-01 (4.1536e-01)	Acc@1  85.94 ( 87.12)	Acc@5 100.00 ( 98.57)
Epoch: [98][2320/4793]	Time  1.243 ( 0.454)	Data  1.212 ( 0.322)	Loss 4.9961e-01 (4.1524e-01)	Acc@1  83.59 ( 87.13)	Acc@5  97.66 ( 98.57)
Epoch: [98][2340/4793]	Time  0.081 ( 0.454)	Data  0.000 ( 0.323)	Loss 3.2775e-01 (4.1503e-01)	Acc@1  89.84 ( 87.13)	Acc@5  98.44 ( 98.57)
Epoch: [98][2360/4793]	Time  0.076 ( 0.454)	Data  0.000 ( 0.323)	Loss 4.8012e-01 (4.1535e-01)	Acc@1  85.16 ( 87.12)	Acc@5  96.88 ( 98.57)
Epoch: [98][2380/4793]	Time  1.191 ( 0.454)	Data  1.152 ( 0.324)	Loss 3.0837e-01 (4.1532e-01)	Acc@1  90.62 ( 87.12)	Acc@5  99.22 ( 98.57)
Epoch: [98][2400/4793]	Time  0.080 ( 0.453)	Data  0.000 ( 0.324)	Loss 3.6877e-01 (4.1512e-01)	Acc@1  89.06 ( 87.13)	Acc@5  99.22 ( 98.58)
Epoch: [98][2420/4793]	Time  0.170 ( 0.453)	Data  0.138 ( 0.325)	Loss 3.8716e-01 (4.1509e-01)	Acc@1  89.06 ( 87.13)	Acc@5  98.44 ( 98.57)
Epoch: [98][2440/4793]	Time  0.736 ( 0.453)	Data  0.695 ( 0.325)	Loss 5.6218e-01 (4.1513e-01)	Acc@1  80.47 ( 87.13)	Acc@5  97.66 ( 98.57)
Epoch: [98][2460/4793]	Time  0.213 ( 0.453)	Data  0.181 ( 0.326)	Loss 3.2663e-01 (4.1511e-01)	Acc@1  88.28 ( 87.13)	Acc@5 100.00 ( 98.57)
Epoch: [98][2480/4793]	Time  0.957 ( 0.453)	Data  0.920 ( 0.326)	Loss 4.8603e-01 (4.1533e-01)	Acc@1  85.94 ( 87.12)	Acc@5  97.66 ( 98.57)
Epoch: [98][2500/4793]	Time  0.465 ( 0.452)	Data  0.433 ( 0.327)	Loss 3.6154e-01 (4.1540e-01)	Acc@1  89.06 ( 87.11)	Acc@5  99.22 ( 98.57)
Epoch: [98][2520/4793]	Time  0.207 ( 0.452)	Data  0.176 ( 0.327)	Loss 5.4119e-01 (4.1512e-01)	Acc@1  82.03 ( 87.12)	Acc@5  99.22 ( 98.57)
Epoch: [98][2540/4793]	Time  0.980 ( 0.452)	Data  0.938 ( 0.328)	Loss 4.9333e-01 (4.1497e-01)	Acc@1  81.25 ( 87.12)	Acc@5  99.22 ( 98.57)
Epoch: [98][2560/4793]	Time  0.083 ( 0.452)	Data  0.000 ( 0.327)	Loss 3.3124e-01 (4.1506e-01)	Acc@1  88.28 ( 87.12)	Acc@5  98.44 ( 98.57)
Epoch: [98][2580/4793]	Time  0.087 ( 0.452)	Data  0.000 ( 0.327)	Loss 4.3474e-01 (4.1489e-01)	Acc@1  85.94 ( 87.12)	Acc@5  98.44 ( 98.57)
Epoch: [98][2600/4793]	Time  1.149 ( 0.452)	Data  1.118 ( 0.328)	Loss 3.1130e-01 (4.1480e-01)	Acc@1  88.28 ( 87.12)	Acc@5 100.00 ( 98.57)
Epoch: [98][2620/4793]	Time  0.080 ( 0.452)	Data  0.000 ( 0.328)	Loss 3.2431e-01 (4.1472e-01)	Acc@1  89.84 ( 87.12)	Acc@5  98.44 ( 98.57)
Epoch: [98][2640/4793]	Time  0.081 ( 0.452)	Data  0.000 ( 0.329)	Loss 4.2038e-01 (4.1455e-01)	Acc@1  85.94 ( 87.12)	Acc@5  99.22 ( 98.57)
Epoch: [98][2660/4793]	Time  1.052 ( 0.452)	Data  1.021 ( 0.329)	Loss 3.2658e-01 (4.1471e-01)	Acc@1  89.84 ( 87.11)	Acc@5  99.22 ( 98.57)
Epoch: [98][2680/4793]	Time  0.088 ( 0.452)	Data  0.000 ( 0.330)	Loss 3.1181e-01 (4.1471e-01)	Acc@1  88.28 ( 87.11)	Acc@5  99.22 ( 98.57)
Epoch: [98][2700/4793]	Time  0.076 ( 0.453)	Data  0.000 ( 0.331)	Loss 5.2264e-01 (4.1482e-01)	Acc@1  84.38 ( 87.11)	Acc@5  98.44 ( 98.57)
Epoch: [98][2720/4793]	Time  1.381 ( 0.453)	Data  1.349 ( 0.331)	Loss 4.2793e-01 (4.1489e-01)	Acc@1  86.72 ( 87.11)	Acc@5  99.22 ( 98.57)
Epoch: [98][2740/4793]	Time  0.080 ( 0.453)	Data  0.000 ( 0.332)	Loss 3.8846e-01 (4.1487e-01)	Acc@1  89.84 ( 87.11)	Acc@5  96.88 ( 98.57)
Epoch: [98][2760/4793]	Time  0.080 ( 0.454)	Data  0.000 ( 0.333)	Loss 3.4282e-01 (4.1481e-01)	Acc@1  89.84 ( 87.11)	Acc@5 100.00 ( 98.57)
Epoch: [98][2780/4793]	Time  1.154 ( 0.454)	Data  1.123 ( 0.333)	Loss 4.0672e-01 (4.1472e-01)	Acc@1  85.94 ( 87.11)	Acc@5  97.66 ( 98.57)
Epoch: [98][2800/4793]	Time  0.096 ( 0.454)	Data  0.000 ( 0.333)	Loss 4.5697e-01 (4.1477e-01)	Acc@1  87.50 ( 87.11)	Acc@5  96.88 ( 98.57)
Epoch: [98][2820/4793]	Time  0.080 ( 0.453)	Data  0.000 ( 0.334)	Loss 4.0647e-01 (4.1489e-01)	Acc@1  89.84 ( 87.11)	Acc@5  96.88 ( 98.57)
Epoch: [98][2840/4793]	Time  1.090 ( 0.453)	Data  1.058 ( 0.334)	Loss 5.1895e-01 (4.1500e-01)	Acc@1  86.72 ( 87.11)	Acc@5  96.88 ( 98.57)
Epoch: [98][2860/4793]	Time  0.082 ( 0.453)	Data  0.000 ( 0.334)	Loss 4.2029e-01 (4.1540e-01)	Acc@1  87.50 ( 87.10)	Acc@5  98.44 ( 98.56)
Epoch: [98][2880/4793]	Time  0.082 ( 0.453)	Data  0.000 ( 0.334)	Loss 3.2337e-01 (4.1537e-01)	Acc@1  85.94 ( 87.10)	Acc@5  99.22 ( 98.56)
Epoch: [98][2900/4793]	Time  1.267 ( 0.453)	Data  0.365 ( 0.333)	Loss 4.6072e-01 (4.1530e-01)	Acc@1  85.94 ( 87.09)	Acc@5  97.66 ( 98.56)
Epoch: [98][2920/4793]	Time  0.081 ( 0.453)	Data  0.000 ( 0.331)	Loss 5.4993e-01 (4.1543e-01)	Acc@1  83.59 ( 87.09)	Acc@5  96.88 ( 98.56)
Epoch: [98][2940/4793]	Time  0.081 ( 0.453)	Data  0.000 ( 0.330)	Loss 5.6635e-01 (4.1538e-01)	Acc@1  83.59 ( 87.09)	Acc@5  98.44 ( 98.56)
Epoch: [98][2960/4793]	Time  1.256 ( 0.453)	Data  0.283 ( 0.328)	Loss 4.4123e-01 (4.1536e-01)	Acc@1  85.94 ( 87.10)	Acc@5  99.22 ( 98.56)
Epoch: [98][2980/4793]	Time  0.082 ( 0.453)	Data  0.000 ( 0.327)	Loss 4.5374e-01 (4.1525e-01)	Acc@1  88.28 ( 87.10)	Acc@5  98.44 ( 98.56)
Epoch: [98][3000/4793]	Time  0.455 ( 0.453)	Data  0.424 ( 0.326)	Loss 3.9126e-01 (4.1532e-01)	Acc@1  87.50 ( 87.10)	Acc@5  99.22 ( 98.56)
Epoch: [98][3020/4793]	Time  0.598 ( 0.453)	Data  0.253 ( 0.325)	Loss 5.2254e-01 (4.1525e-01)	Acc@1  82.81 ( 87.10)	Acc@5  96.88 ( 98.56)
Epoch: [98][3040/4793]	Time  0.081 ( 0.453)	Data  0.000 ( 0.325)	Loss 5.1238e-01 (4.1506e-01)	Acc@1  83.59 ( 87.10)	Acc@5  96.88 ( 98.56)
Epoch: [98][3060/4793]	Time  0.693 ( 0.453)	Data  0.657 ( 0.325)	Loss 4.2459e-01 (4.1510e-01)	Acc@1  84.38 ( 87.10)	Acc@5  99.22 ( 98.57)
Epoch: [98][3080/4793]	Time  0.214 ( 0.452)	Data  0.179 ( 0.325)	Loss 4.7113e-01 (4.1503e-01)	Acc@1  85.16 ( 87.11)	Acc@5  98.44 ( 98.57)
Epoch: [98][3100/4793]	Time  0.085 ( 0.453)	Data  0.000 ( 0.326)	Loss 3.1851e-01 (4.1485e-01)	Acc@1  86.72 ( 87.11)	Acc@5 100.00 ( 98.57)
Epoch: [98][3120/4793]	Time  1.116 ( 0.453)	Data  1.080 ( 0.327)	Loss 3.8244e-01 (4.1484e-01)	Acc@1  89.06 ( 87.11)	Acc@5  98.44 ( 98.57)
Epoch: [98][3140/4793]	Time  0.578 ( 0.452)	Data  0.546 ( 0.327)	Loss 4.0604e-01 (4.1483e-01)	Acc@1  88.28 ( 87.11)	Acc@5  99.22 ( 98.57)
Epoch: [98][3160/4793]	Time  0.080 ( 0.452)	Data  0.000 ( 0.327)	Loss 3.9022e-01 (4.1466e-01)	Acc@1  89.06 ( 87.12)	Acc@5  97.66 ( 98.57)
Epoch: [98][3180/4793]	Time  0.967 ( 0.452)	Data  0.579 ( 0.326)	Loss 3.4430e-01 (4.1449e-01)	Acc@1  90.62 ( 87.12)	Acc@5 100.00 ( 98.57)
Epoch: [98][3200/4793]	Time  0.096 ( 0.452)	Data  0.000 ( 0.325)	Loss 4.9886e-01 (4.1439e-01)	Acc@1  82.81 ( 87.12)	Acc@5  96.88 ( 98.57)
Epoch: [98][3220/4793]	Time  0.082 ( 0.452)	Data  0.000 ( 0.325)	Loss 5.3057e-01 (4.1464e-01)	Acc@1  83.59 ( 87.11)	Acc@5  98.44 ( 98.57)
Epoch: [98][3240/4793]	Time  1.031 ( 0.452)	Data  0.704 ( 0.324)	Loss 3.6309e-01 (4.1455e-01)	Acc@1  88.28 ( 87.12)	Acc@5  98.44 ( 98.57)
Epoch: [98][3260/4793]	Time  0.257 ( 0.452)	Data  0.226 ( 0.323)	Loss 3.1072e-01 (4.1438e-01)	Acc@1  87.50 ( 87.13)	Acc@5  99.22 ( 98.57)
Epoch: [98][3280/4793]	Time  0.084 ( 0.452)	Data  0.000 ( 0.323)	Loss 4.4812e-01 (4.1448e-01)	Acc@1  85.94 ( 87.13)	Acc@5  99.22 ( 98.57)
Epoch: [98][3300/4793]	Time  1.111 ( 0.452)	Data  0.425 ( 0.323)	Loss 3.6393e-01 (4.1454e-01)	Acc@1  87.50 ( 87.12)	Acc@5  99.22 ( 98.57)
Epoch: [98][3320/4793]	Time  0.090 ( 0.452)	Data  0.000 ( 0.322)	Loss 3.6719e-01 (4.1458e-01)	Acc@1  85.94 ( 87.12)	Acc@5 100.00 ( 98.57)
Epoch: [98][3340/4793]	Time  0.081 ( 0.452)	Data  0.000 ( 0.321)	Loss 6.4475e-01 (4.1481e-01)	Acc@1  81.25 ( 87.11)	Acc@5  96.09 ( 98.57)
Epoch: [98][3360/4793]	Time  0.967 ( 0.452)	Data  0.657 ( 0.321)	Loss 5.2025e-01 (4.1489e-01)	Acc@1  85.16 ( 87.10)	Acc@5  95.31 ( 98.57)
Epoch: [98][3380/4793]	Time  0.471 ( 0.451)	Data  0.438 ( 0.320)	Loss 6.1942e-01 (4.1512e-01)	Acc@1  85.16 ( 87.10)	Acc@5  97.66 ( 98.57)
Epoch: [98][3400/4793]	Time  0.080 ( 0.451)	Data  0.000 ( 0.320)	Loss 5.3082e-01 (4.1493e-01)	Acc@1  84.38 ( 87.11)	Acc@5  98.44 ( 98.57)
Epoch: [98][3420/4793]	Time  1.260 ( 0.451)	Data  0.675 ( 0.319)	Loss 2.5385e-01 (4.1471e-01)	Acc@1  90.62 ( 87.11)	Acc@5 100.00 ( 98.57)
Epoch: [98][3440/4793]	Time  0.084 ( 0.451)	Data  0.000 ( 0.318)	Loss 4.1091e-01 (4.1485e-01)	Acc@1  85.94 ( 87.11)	Acc@5  98.44 ( 98.57)
Epoch: [98][3460/4793]	Time  0.081 ( 0.451)	Data  0.000 ( 0.317)	Loss 4.8975e-01 (4.1491e-01)	Acc@1  89.06 ( 87.12)	Acc@5  96.88 ( 98.57)
Epoch: [98][3480/4793]	Time  1.545 ( 0.452)	Data  0.000 ( 0.316)	Loss 3.6056e-01 (4.1484e-01)	Acc@1  89.84 ( 87.12)	Acc@5  98.44 ( 98.57)
Epoch: [98][3500/4793]	Time  0.081 ( 0.452)	Data  0.006 ( 0.314)	Loss 4.4563e-01 (4.1486e-01)	Acc@1  88.28 ( 87.12)	Acc@5  95.31 ( 98.57)
Epoch: [98][3520/4793]	Time  0.082 ( 0.452)	Data  0.000 ( 0.312)	Loss 3.0590e-01 (4.1489e-01)	Acc@1  89.84 ( 87.12)	Acc@5  99.22 ( 98.57)
Epoch: [98][3540/4793]	Time  1.254 ( 0.452)	Data  0.000 ( 0.311)	Loss 2.9562e-01 (4.1489e-01)	Acc@1  90.62 ( 87.12)	Acc@5 100.00 ( 98.57)
Epoch: [98][3560/4793]	Time  0.085 ( 0.452)	Data  0.000 ( 0.309)	Loss 3.9577e-01 (4.1481e-01)	Acc@1  89.06 ( 87.13)	Acc@5  98.44 ( 98.57)
Epoch: [98][3580/4793]	Time  0.084 ( 0.452)	Data  0.000 ( 0.309)	Loss 4.5713e-01 (4.1463e-01)	Acc@1  81.25 ( 87.13)	Acc@5 100.00 ( 98.57)
Epoch: [98][3600/4793]	Time  1.576 ( 0.452)	Data  0.384 ( 0.308)	Loss 4.0470e-01 (4.1489e-01)	Acc@1  87.50 ( 87.13)	Acc@5  98.44 ( 98.57)
Epoch: [98][3620/4793]	Time  0.093 ( 0.452)	Data  0.000 ( 0.306)	Loss 5.4416e-01 (4.1500e-01)	Acc@1  81.25 ( 87.12)	Acc@5  96.88 ( 98.57)
Epoch: [98][3640/4793]	Time  0.084 ( 0.452)	Data  0.000 ( 0.305)	Loss 3.1587e-01 (4.1524e-01)	Acc@1  89.06 ( 87.12)	Acc@5 100.00 ( 98.57)
Epoch: [98][3660/4793]	Time  1.186 ( 0.452)	Data  1.150 ( 0.305)	Loss 4.4069e-01 (4.1524e-01)	Acc@1  85.94 ( 87.12)	Acc@5  97.66 ( 98.57)
Epoch: [98][3680/4793]	Time  0.088 ( 0.452)	Data  0.000 ( 0.305)	Loss 5.4092e-01 (4.1528e-01)	Acc@1  85.94 ( 87.12)	Acc@5  97.66 ( 98.57)
Epoch: [98][3700/4793]	Time  0.087 ( 0.452)	Data  0.000 ( 0.305)	Loss 3.1227e-01 (4.1523e-01)	Acc@1  91.41 ( 87.12)	Acc@5  99.22 ( 98.57)
Epoch: [98][3720/4793]	Time  1.332 ( 0.452)	Data  0.365 ( 0.305)	Loss 4.3704e-01 (4.1512e-01)	Acc@1  89.84 ( 87.13)	Acc@5  98.44 ( 98.57)
Epoch: [98][3740/4793]	Time  0.289 ( 0.452)	Data  0.258 ( 0.304)	Loss 2.2939e-01 (4.1507e-01)	Acc@1  93.75 ( 87.13)	Acc@5  99.22 ( 98.57)
Epoch: [98][3760/4793]	Time  0.080 ( 0.452)	Data  0.000 ( 0.303)	Loss 4.3677e-01 (4.1518e-01)	Acc@1  85.94 ( 87.12)	Acc@5  99.22 ( 98.56)
Epoch: [98][3780/4793]	Time  0.371 ( 0.452)	Data  0.000 ( 0.303)	Loss 3.1824e-01 (4.1515e-01)	Acc@1  92.97 ( 87.12)	Acc@5 100.00 ( 98.57)
Epoch: [98][3800/4793]	Time  1.055 ( 0.452)	Data  1.024 ( 0.303)	Loss 4.4737e-01 (4.1510e-01)	Acc@1  85.94 ( 87.12)	Acc@5  98.44 ( 98.57)
Epoch: [98][3820/4793]	Time  0.092 ( 0.452)	Data  0.000 ( 0.303)	Loss 4.7148e-01 (4.1511e-01)	Acc@1  84.38 ( 87.12)	Acc@5  98.44 ( 98.57)
Epoch: [98][3840/4793]	Time  0.080 ( 0.452)	Data  0.000 ( 0.304)	Loss 2.9908e-01 (4.1504e-01)	Acc@1  87.50 ( 87.13)	Acc@5 100.00 ( 98.57)
Epoch: [98][3860/4793]	Time  0.761 ( 0.452)	Data  0.730 ( 0.304)	Loss 4.2838e-01 (4.1502e-01)	Acc@1  85.16 ( 87.13)	Acc@5  98.44 ( 98.57)
Epoch: [98][3880/4793]	Time  0.095 ( 0.452)	Data  0.000 ( 0.304)	Loss 4.0121e-01 (4.1496e-01)	Acc@1  87.50 ( 87.13)	Acc@5  98.44 ( 98.57)
Epoch: [98][3900/4793]	Time  0.953 ( 0.452)	Data  0.000 ( 0.303)	Loss 3.8974e-01 (4.1499e-01)	Acc@1  88.28 ( 87.13)	Acc@5  99.22 ( 98.57)
Epoch: [98][3920/4793]	Time  0.342 ( 0.452)	Data  0.311 ( 0.302)	Loss 3.5918e-01 (4.1525e-01)	Acc@1  87.50 ( 87.12)	Acc@5 100.00 ( 98.57)
Epoch: [98][3940/4793]	Time  0.068 ( 0.452)	Data  0.027 ( 0.301)	Loss 3.8594e-01 (4.1537e-01)	Acc@1  87.50 ( 87.12)	Acc@5  98.44 ( 98.57)
Epoch: [98][3960/4793]	Time  0.514 ( 0.452)	Data  0.041 ( 0.301)	Loss 4.4046e-01 (4.1539e-01)	Acc@1  88.28 ( 87.12)	Acc@5  97.66 ( 98.57)
Epoch: [98][3980/4793]	Time  0.472 ( 0.452)	Data  0.440 ( 0.300)	Loss 4.4094e-01 (4.1540e-01)	Acc@1  86.72 ( 87.12)	Acc@5  99.22 ( 98.57)
Epoch: [98][4000/4793]	Time  0.434 ( 0.452)	Data  0.000 ( 0.299)	Loss 3.8992e-01 (4.1534e-01)	Acc@1  88.28 ( 87.12)	Acc@5  99.22 ( 98.57)
Epoch: [98][4020/4793]	Time  0.995 ( 0.452)	Data  0.180 ( 0.299)	Loss 3.7224e-01 (4.1527e-01)	Acc@1  89.06 ( 87.12)	Acc@5  98.44 ( 98.57)
Epoch: [98][4040/4793]	Time  0.084 ( 0.452)	Data  0.000 ( 0.297)	Loss 4.1367e-01 (4.1521e-01)	Acc@1  85.94 ( 87.12)	Acc@5  99.22 ( 98.57)
Epoch: [98][4060/4793]	Time  0.496 ( 0.452)	Data  0.000 ( 0.296)	Loss 3.9154e-01 (4.1537e-01)	Acc@1  85.94 ( 87.12)	Acc@5  99.22 ( 98.57)
Epoch: [98][4080/4793]	Time  0.590 ( 0.452)	Data  0.000 ( 0.295)	Loss 5.4130e-01 (4.1530e-01)	Acc@1  85.94 ( 87.12)	Acc@5  97.66 ( 98.57)
Epoch: [98][4100/4793]	Time  0.089 ( 0.452)	Data  0.000 ( 0.293)	Loss 4.1363e-01 (4.1548e-01)	Acc@1  85.94 ( 87.11)	Acc@5 100.00 ( 98.57)
Epoch: [98][4120/4793]	Time  1.123 ( 0.453)	Data  0.000 ( 0.292)	Loss 2.4756e-01 (4.1539e-01)	Acc@1  93.75 ( 87.12)	Acc@5  99.22 ( 98.56)
Epoch: [98][4140/4793]	Time  1.199 ( 0.453)	Data  0.000 ( 0.291)	Loss 3.1127e-01 (4.1536e-01)	Acc@1  91.41 ( 87.12)	Acc@5 100.00 ( 98.56)
Epoch: [98][4160/4793]	Time  0.099 ( 0.453)	Data  0.000 ( 0.290)	Loss 4.5604e-01 (4.1513e-01)	Acc@1  84.38 ( 87.12)	Acc@5  96.88 ( 98.57)
Epoch: [98][4180/4793]	Time  0.087 ( 0.453)	Data  0.000 ( 0.288)	Loss 7.0271e-01 (4.1509e-01)	Acc@1  78.91 ( 87.13)	Acc@5  96.09 ( 98.57)
Epoch: [98][4200/4793]	Time  1.380 ( 0.453)	Data  0.000 ( 0.287)	Loss 5.9559e-01 (4.1534e-01)	Acc@1  78.91 ( 87.12)	Acc@5  96.88 ( 98.56)
Epoch: [98][4220/4793]	Time  0.081 ( 0.453)	Data  0.000 ( 0.286)	Loss 3.6197e-01 (4.1529e-01)	Acc@1  89.06 ( 87.12)	Acc@5 100.00 ( 98.56)
Epoch: [98][4240/4793]	Time  0.098 ( 0.453)	Data  0.016 ( 0.285)	Loss 4.0215e-01 (4.1534e-01)	Acc@1  89.84 ( 87.12)	Acc@5  99.22 ( 98.57)
Epoch: [98][4260/4793]	Time  1.156 ( 0.453)	Data  0.000 ( 0.283)	Loss 3.0733e-01 (4.1528e-01)	Acc@1  89.84 ( 87.12)	Acc@5  99.22 ( 98.57)
Epoch: [98][4280/4793]	Time  0.082 ( 0.453)	Data  0.000 ( 0.282)	Loss 5.0000e-01 (4.1532e-01)	Acc@1  86.72 ( 87.12)	Acc@5  97.66 ( 98.57)
Epoch: [98][4300/4793]	Time  0.080 ( 0.453)	Data  0.000 ( 0.281)	Loss 4.1599e-01 (4.1536e-01)	Acc@1  86.72 ( 87.12)	Acc@5  98.44 ( 98.57)
Epoch: [98][4320/4793]	Time  1.047 ( 0.454)	Data  0.175 ( 0.280)	Loss 3.8904e-01 (4.1549e-01)	Acc@1  85.94 ( 87.11)	Acc@5  98.44 ( 98.56)
Epoch: [98][4340/4793]	Time  0.085 ( 0.453)	Data  0.000 ( 0.279)	Loss 3.3614e-01 (4.1563e-01)	Acc@1  90.62 ( 87.11)	Acc@5  98.44 ( 98.56)
Epoch: [98][4360/4793]	Time  0.077 ( 0.454)	Data  0.000 ( 0.278)	Loss 3.7145e-01 (4.1563e-01)	Acc@1  87.50 ( 87.11)	Acc@5  98.44 ( 98.56)
Epoch: [98][4380/4793]	Time  1.199 ( 0.454)	Data  0.000 ( 0.277)	Loss 2.8622e-01 (4.1557e-01)	Acc@1  90.62 ( 87.11)	Acc@5 100.00 ( 98.56)
Epoch: [98][4400/4793]	Time  0.081 ( 0.454)	Data  0.000 ( 0.276)	Loss 3.2853e-01 (4.1546e-01)	Acc@1  90.62 ( 87.11)	Acc@5 100.00 ( 98.56)
Epoch: [98][4420/4793]	Time  0.083 ( 0.454)	Data  0.011 ( 0.275)	Loss 4.0875e-01 (4.1538e-01)	Acc@1  89.84 ( 87.12)	Acc@5  99.22 ( 98.56)
Epoch: [98][4440/4793]	Time  1.222 ( 0.454)	Data  0.004 ( 0.273)	Loss 4.5297e-01 (4.1536e-01)	Acc@1  87.50 ( 87.12)	Acc@5  96.09 ( 98.56)
Epoch: [98][4460/4793]	Time  0.088 ( 0.454)	Data  0.000 ( 0.272)	Loss 3.9366e-01 (4.1534e-01)	Acc@1  86.72 ( 87.12)	Acc@5 100.00 ( 98.56)
Epoch: [98][4480/4793]	Time  0.666 ( 0.454)	Data  0.000 ( 0.271)	Loss 3.1080e-01 (4.1538e-01)	Acc@1  91.41 ( 87.12)	Acc@5  99.22 ( 98.56)
Epoch: [98][4500/4793]	Time  0.803 ( 0.454)	Data  0.000 ( 0.270)	Loss 2.5457e-01 (4.1527e-01)	Acc@1  92.97 ( 87.12)	Acc@5 100.00 ( 98.56)
Epoch: [98][4520/4793]	Time  0.166 ( 0.454)	Data  0.047 ( 0.269)	Loss 5.8745e-01 (4.1518e-01)	Acc@1  80.47 ( 87.12)	Acc@5  98.44 ( 98.56)
Epoch: [98][4540/4793]	Time  0.081 ( 0.455)	Data  0.000 ( 0.268)	Loss 3.7541e-01 (4.1510e-01)	Acc@1  89.06 ( 87.12)	Acc@5  97.66 ( 98.56)
Epoch: [98][4560/4793]	Time  1.319 ( 0.455)	Data  0.000 ( 0.267)	Loss 5.4185e-01 (4.1512e-01)	Acc@1  84.38 ( 87.12)	Acc@5  97.66 ( 98.56)
Epoch: [98][4580/4793]	Time  0.069 ( 0.455)	Data  0.000 ( 0.266)	Loss 3.1478e-01 (4.1511e-01)	Acc@1  91.41 ( 87.13)	Acc@5  99.22 ( 98.56)
Epoch: [98][4600/4793]	Time  0.091 ( 0.455)	Data  0.000 ( 0.265)	Loss 4.1978e-01 (4.1526e-01)	Acc@1  85.16 ( 87.12)	Acc@5 100.00 ( 98.56)
Epoch: [98][4620/4793]	Time  1.255 ( 0.455)	Data  0.000 ( 0.264)	Loss 4.2271e-01 (4.1515e-01)	Acc@1  85.94 ( 87.13)	Acc@5  99.22 ( 98.56)
Epoch: [98][4640/4793]	Time  0.082 ( 0.455)	Data  0.000 ( 0.263)	Loss 3.5980e-01 (4.1515e-01)	Acc@1  90.62 ( 87.13)	Acc@5  97.66 ( 98.56)
Epoch: [98][4660/4793]	Time  0.080 ( 0.455)	Data  0.000 ( 0.262)	Loss 3.7963e-01 (4.1507e-01)	Acc@1  87.50 ( 87.13)	Acc@5  99.22 ( 98.57)
Epoch: [98][4680/4793]	Time  1.171 ( 0.455)	Data  0.197 ( 0.261)	Loss 4.3871e-01 (4.1508e-01)	Acc@1  85.94 ( 87.13)	Acc@5  99.22 ( 98.57)
Epoch: [98][4700/4793]	Time  0.081 ( 0.455)	Data  0.000 ( 0.261)	Loss 4.0790e-01 (4.1522e-01)	Acc@1  87.50 ( 87.13)	Acc@5  97.66 ( 98.57)
Epoch: [98][4720/4793]	Time  0.081 ( 0.455)	Data  0.000 ( 0.260)	Loss 4.2223e-01 (4.1525e-01)	Acc@1  85.94 ( 87.13)	Acc@5  99.22 ( 98.57)
Epoch: [98][4740/4793]	Time  1.157 ( 0.455)	Data  0.000 ( 0.259)	Loss 2.5694e-01 (4.1515e-01)	Acc@1  92.97 ( 87.13)	Acc@5  99.22 ( 98.57)
Epoch: [98][4760/4793]	Time  0.093 ( 0.455)	Data  0.000 ( 0.258)	Loss 4.8910e-01 (4.1521e-01)	Acc@1  84.38 ( 87.13)	Acc@5  97.66 ( 98.57)
Epoch: [98][4780/4793]	Time  0.074 ( 0.456)	Data  0.000 ( 0.257)	Loss 4.0284e-01 (4.1519e-01)	Acc@1  87.50 ( 87.13)	Acc@5  98.44 ( 98.57)
Epoch: [98][   0/4793]	Time 14.054 (14.054)	Data 12.632 (12.632)	Loss 3.8504e-01 (3.8504e-01)	Acc@1  89.84 ( 89.84)	Acc@5  99.22 ( 99.22)
Epoch: [98][  20/4793]	Time  0.406 ( 1.003)	Data  0.366 ( 0.893)	Loss 2.5814e-01 (4.1585e-01)	Acc@1  92.19 ( 87.31)	Acc@5 100.00 ( 98.81)
Epoch: [98][  40/4793]	Time  0.522 ( 0.719)	Data  0.480 ( 0.642)	Loss 3.8406e-01 (4.2144e-01)	Acc@1  89.84 ( 87.12)	Acc@5  98.44 ( 98.65)
Epoch: [98][  60/4793]	Time  0.075 ( 0.628)	Data  0.000 ( 0.560)	Loss 3.1345e-01 (4.1857e-01)	Acc@1  91.41 ( 87.06)	Acc@5  99.22 ( 98.68)
Epoch: [98][  80/4793]	Time  0.509 ( 0.586)	Data  0.466 ( 0.522)	Loss 3.7141e-01 (4.1968e-01)	Acc@1  87.50 ( 87.04)	Acc@5  98.44 ( 98.63)
Epoch: [98][ 100/4793]	Time  0.673 ( 0.555)	Data  0.640 ( 0.495)	Loss 3.4691e-01 (4.1597e-01)	Acc@1  87.50 ( 87.09)	Acc@5  98.44 ( 98.69)
Epoch: [98][ 120/4793]	Time  0.079 ( 0.536)	Data  0.000 ( 0.477)	Loss 4.3520e-01 (4.1597e-01)	Acc@1  85.16 ( 87.08)	Acc@5 100.00 ( 98.72)
Epoch: [98][ 140/4793]	Time  1.168 ( 0.527)	Data  1.129 ( 0.468)	Loss 3.9787e-01 (4.0909e-01)	Acc@1  85.16 ( 87.20)	Acc@5  99.22 ( 98.76)
Epoch: [98][ 160/4793]	Time  0.081 ( 0.511)	Data  0.000 ( 0.452)	Loss 4.9721e-01 (4.0692e-01)	Acc@1  82.81 ( 87.30)	Acc@5  97.66 ( 98.73)
Epoch: [98][ 180/4793]	Time  0.230 ( 0.505)	Data  0.000 ( 0.443)	Loss 4.3571e-01 (4.1054e-01)	Acc@1  86.72 ( 87.22)	Acc@5  97.66 ( 98.68)
Epoch: [98][ 200/4793]	Time  1.084 ( 0.500)	Data  1.046 ( 0.438)	Loss 4.3489e-01 (4.1022e-01)	Acc@1  89.84 ( 87.30)	Acc@5  97.66 ( 98.69)
Epoch: [98][ 220/4793]	Time  0.098 ( 0.492)	Data  0.000 ( 0.429)	Loss 4.6601e-01 (4.0957e-01)	Acc@1  85.16 ( 87.28)	Acc@5  97.66 ( 98.70)
Epoch: [98][ 240/4793]	Time  0.259 ( 0.488)	Data  0.000 ( 0.424)	Loss 3.4955e-01 (4.0936e-01)	Acc@1  89.84 ( 87.31)	Acc@5  99.22 ( 98.72)
Epoch: [98][ 260/4793]	Time  1.187 ( 0.485)	Data  1.151 ( 0.419)	Loss 4.8526e-01 (4.0959e-01)	Acc@1  85.94 ( 87.31)	Acc@5  97.66 ( 98.69)
Epoch: [98][ 280/4793]	Time  0.200 ( 0.478)	Data  0.000 ( 0.412)	Loss 3.6869e-01 (4.1149e-01)	Acc@1  90.62 ( 87.21)	Acc@5  98.44 ( 98.67)
Epoch: [98][ 300/4793]	Time  0.142 ( 0.476)	Data  0.000 ( 0.406)	Loss 4.6535e-01 (4.1159e-01)	Acc@1  88.28 ( 87.22)	Acc@5  97.66 ( 98.66)
Epoch: [98][ 320/4793]	Time  0.891 ( 0.474)	Data  0.852 ( 0.402)	Loss 3.8100e-01 (4.0921e-01)	Acc@1  91.41 ( 87.30)	Acc@5  98.44 ( 98.66)
Epoch: [98][ 340/4793]	Time  0.078 ( 0.471)	Data  0.000 ( 0.395)	Loss 5.1969e-01 (4.0991e-01)	Acc@1  83.59 ( 87.29)	Acc@5  97.66 ( 98.63)
Epoch: [98][ 360/4793]	Time  0.226 ( 0.470)	Data  0.000 ( 0.388)	Loss 6.1966e-01 (4.1061e-01)	Acc@1  82.03 ( 87.26)	Acc@5  96.88 ( 98.64)
Epoch: [98][ 380/4793]	Time  0.500 ( 0.468)	Data  0.464 ( 0.381)	Loss 4.6400e-01 (4.1211e-01)	Acc@1  88.28 ( 87.22)	Acc@5  96.88 ( 98.61)
Epoch: [98][ 400/4793]	Time  0.394 ( 0.467)	Data  0.000 ( 0.370)	Loss 3.3996e-01 (4.1284e-01)	Acc@1  90.62 ( 87.21)	Acc@5  98.44 ( 98.60)
Epoch: [98][ 420/4793]	Time  0.085 ( 0.467)	Data  0.000 ( 0.370)	Loss 4.1114e-01 (4.1396e-01)	Acc@1  85.16 ( 87.14)	Acc@5  97.66 ( 98.59)
Epoch: [98][ 440/4793]	Time  1.053 ( 0.467)	Data  1.022 ( 0.371)	Loss 4.7115e-01 (4.1409e-01)	Acc@1  86.72 ( 87.12)	Acc@5  98.44 ( 98.59)
Epoch: [98][ 460/4793]	Time  0.081 ( 0.464)	Data  0.000 ( 0.370)	Loss 5.1081e-01 (4.1491e-01)	Acc@1  83.59 ( 87.11)	Acc@5  96.88 ( 98.58)
Epoch: [98][ 480/4793]	Time  0.080 ( 0.463)	Data  0.000 ( 0.370)	Loss 4.7080e-01 (4.1463e-01)	Acc@1  82.03 ( 87.07)	Acc@5  98.44 ( 98.59)
Epoch: [98][ 500/4793]	Time  1.141 ( 0.464)	Data  1.109 ( 0.372)	Loss 3.8685e-01 (4.1449e-01)	Acc@1  83.59 ( 87.06)	Acc@5 100.00 ( 98.60)
Epoch: [98][ 520/4793]	Time  0.085 ( 0.462)	Data  0.000 ( 0.371)	Loss 4.1316e-01 (4.1503e-01)	Acc@1  85.16 ( 87.04)	Acc@5 100.00 ( 98.61)
Epoch: [98][ 540/4793]	Time  0.078 ( 0.460)	Data  0.000 ( 0.370)	Loss 3.7466e-01 (4.1543e-01)	Acc@1  89.06 ( 87.03)	Acc@5 100.00 ( 98.60)
Epoch: [98][ 560/4793]	Time  1.301 ( 0.460)	Data  1.261 ( 0.371)	Loss 3.6348e-01 (4.1525e-01)	Acc@1  89.84 ( 87.03)	Acc@5  99.22 ( 98.60)
Epoch: [98][ 580/4793]	Time  0.081 ( 0.458)	Data  0.000 ( 0.369)	Loss 3.2552e-01 (4.1572e-01)	Acc@1  92.19 ( 86.98)	Acc@5  98.44 ( 98.61)
Epoch: [98][ 600/4793]	Time  0.080 ( 0.457)	Data  0.000 ( 0.369)	Loss 4.6907e-01 (4.1463e-01)	Acc@1  84.38 ( 87.01)	Acc@5  97.66 ( 98.61)
Epoch: [98][ 620/4793]	Time  1.217 ( 0.458)	Data  1.185 ( 0.371)	Loss 4.4315e-01 (4.1462e-01)	Acc@1  84.38 ( 87.01)	Acc@5 100.00 ( 98.62)
Epoch: [98][ 640/4793]	Time  0.105 ( 0.458)	Data  0.000 ( 0.371)	Loss 2.3851e-01 (4.1419e-01)	Acc@1  89.06 ( 87.05)	Acc@5 100.00 ( 98.62)
Epoch: [98][ 660/4793]	Time  0.081 ( 0.458)	Data  0.000 ( 0.372)	Loss 3.1197e-01 (4.1402e-01)	Acc@1  89.06 ( 87.06)	Acc@5  99.22 ( 98.62)
Epoch: [98][ 680/4793]	Time  1.306 ( 0.459)	Data  1.272 ( 0.373)	Loss 5.0729e-01 (4.1427e-01)	Acc@1  82.81 ( 87.07)	Acc@5  98.44 ( 98.62)
Epoch: [98][ 700/4793]	Time  0.080 ( 0.458)	Data  0.000 ( 0.373)	Loss 3.6532e-01 (4.1369e-01)	Acc@1  89.84 ( 87.09)	Acc@5  99.22 ( 98.61)
Epoch: [98][ 720/4793]	Time  0.080 ( 0.459)	Data  0.000 ( 0.374)	Loss 2.8480e-01 (4.1332e-01)	Acc@1  90.62 ( 87.10)	Acc@5  99.22 ( 98.61)
Epoch: [98][ 740/4793]	Time  1.014 ( 0.460)	Data  0.983 ( 0.376)	Loss 5.6624e-01 (4.1318e-01)	Acc@1  83.59 ( 87.12)	Acc@5  96.09 ( 98.61)
Epoch: [98][ 760/4793]	Time  0.081 ( 0.459)	Data  0.000 ( 0.376)	Loss 3.3557e-01 (4.1345e-01)	Acc@1  90.62 ( 87.14)	Acc@5 100.00 ( 98.60)
Epoch: [98][ 780/4793]	Time  0.090 ( 0.460)	Data  0.000 ( 0.377)	Loss 3.9131e-01 (4.1331e-01)	Acc@1  85.94 ( 87.14)	Acc@5 100.00 ( 98.61)
Epoch: [98][ 800/4793]	Time  1.253 ( 0.461)	Data  1.222 ( 0.378)	Loss 5.3862e-01 (4.1324e-01)	Acc@1  81.25 ( 87.14)	Acc@5  97.66 ( 98.61)
Epoch: [98][ 820/4793]	Time  0.088 ( 0.460)	Data  0.000 ( 0.378)	Loss 3.2590e-01 (4.1301e-01)	Acc@1  91.41 ( 87.15)	Acc@5  99.22 ( 98.61)
Epoch: [98][ 840/4793]	Time  0.088 ( 0.461)	Data  0.000 ( 0.379)	Loss 3.0385e-01 (4.1274e-01)	Acc@1  89.84 ( 87.15)	Acc@5  99.22 ( 98.62)
Epoch: [98][ 860/4793]	Time  1.411 ( 0.462)	Data  1.372 ( 0.380)	Loss 4.9663e-01 (4.1347e-01)	Acc@1  85.16 ( 87.14)	Acc@5  96.09 ( 98.61)
Epoch: [98][ 880/4793]	Time  0.093 ( 0.461)	Data  0.000 ( 0.380)	Loss 5.0244e-01 (4.1389e-01)	Acc@1  83.59 ( 87.11)	Acc@5  98.44 ( 98.61)
Epoch: [98][ 900/4793]	Time  0.083 ( 0.461)	Data  0.000 ( 0.381)	Loss 4.0255e-01 (4.1398e-01)	Acc@1  88.28 ( 87.10)	Acc@5  99.22 ( 98.62)
Epoch: [98][ 920/4793]	Time  1.643 ( 0.462)	Data  1.611 ( 0.381)	Loss 2.8117e-01 (4.1375e-01)	Acc@1  89.84 ( 87.10)	Acc@5  99.22 ( 98.63)
Epoch: [98][ 940/4793]	Time  0.079 ( 0.461)	Data  0.000 ( 0.381)	Loss 3.8379e-01 (4.1413e-01)	Acc@1  91.41 ( 87.10)	Acc@5  98.44 ( 98.62)
Epoch: [98][ 960/4793]	Time  0.080 ( 0.460)	Data  0.000 ( 0.381)	Loss 3.4806e-01 (4.1398e-01)	Acc@1  90.62 ( 87.11)	Acc@5  98.44 ( 98.62)
Epoch: [98][ 980/4793]	Time  1.381 ( 0.461)	Data  1.350 ( 0.382)	Loss 2.5756e-01 (4.1447e-01)	Acc@1  91.41 ( 87.11)	Acc@5  99.22 ( 98.61)
Epoch: [98][1000/4793]	Time  0.086 ( 0.460)	Data  0.000 ( 0.380)	Loss 5.9588e-01 (4.1424e-01)	Acc@1  82.03 ( 87.13)	Acc@5  99.22 ( 98.61)
Epoch: [98][1020/4793]	Time  0.084 ( 0.459)	Data  0.000 ( 0.380)	Loss 3.7701e-01 (4.1361e-01)	Acc@1  86.72 ( 87.15)	Acc@5 100.00 ( 98.62)
Epoch: [98][1040/4793]	Time  0.967 ( 0.459)	Data  0.936 ( 0.380)	Loss 2.8038e-01 (4.1330e-01)	Acc@1  89.84 ( 87.17)	Acc@5  99.22 ( 98.62)
Epoch: [98][1060/4793]	Time  1.358 ( 0.459)	Data  0.000 ( 0.375)	Loss 5.2734e-01 (4.1313e-01)	Acc@1  82.81 ( 87.16)	Acc@5  98.44 ( 98.61)
Epoch: [98][1080/4793]	Time  0.080 ( 0.459)	Data  0.000 ( 0.368)	Loss 4.5289e-01 (4.1324e-01)	Acc@1  87.50 ( 87.16)	Acc@5  98.44 ( 98.62)
Epoch: [98][1100/4793]	Time  0.322 ( 0.460)	Data  0.286 ( 0.363)	Loss 3.4275e-01 (4.1338e-01)	Acc@1  91.41 ( 87.16)	Acc@5  99.22 ( 98.61)
Epoch: [98][1120/4793]	Time  0.778 ( 0.460)	Data  0.000 ( 0.360)	Loss 3.3055e-01 (4.1378e-01)	Acc@1  90.62 ( 87.15)	Acc@5 100.00 ( 98.61)
Epoch: [98][1140/4793]	Time  0.080 ( 0.459)	Data  0.000 ( 0.357)	Loss 3.2320e-01 (4.1347e-01)	Acc@1  89.84 ( 87.17)	Acc@5  99.22 ( 98.61)
Epoch: [98][1160/4793]	Time  0.082 ( 0.459)	Data  0.047 ( 0.353)	Loss 3.9137e-01 (4.1415e-01)	Acc@1  89.06 ( 87.14)	Acc@5  99.22 ( 98.60)
Epoch: [98][1180/4793]	Time  0.081 ( 0.460)	Data  0.000 ( 0.348)	Loss 4.8793e-01 (4.1462e-01)	Acc@1  85.94 ( 87.13)	Acc@5  96.88 ( 98.60)
Epoch: [98][1200/4793]	Time  1.051 ( 0.460)	Data  0.000 ( 0.343)	Loss 3.6496e-01 (4.1433e-01)	Acc@1  90.62 ( 87.15)	Acc@5  96.88 ( 98.60)
Epoch: [98][1220/4793]	Time  0.090 ( 0.460)	Data  0.059 ( 0.337)	Loss 3.5476e-01 (4.1416e-01)	Acc@1  86.72 ( 87.15)	Acc@5 100.00 ( 98.60)
Epoch: [98][1240/4793]	Time  0.150 ( 0.460)	Data  0.000 ( 0.333)	Loss 4.3225e-01 (4.1428e-01)	Acc@1  86.72 ( 87.14)	Acc@5  97.66 ( 98.60)
Epoch: [98][1260/4793]	Time  0.668 ( 0.460)	Data  0.000 ( 0.328)	Loss 5.2227e-01 (4.1394e-01)	Acc@1  84.38 ( 87.15)	Acc@5  98.44 ( 98.59)
Epoch: [98][1280/4793]	Time  0.081 ( 0.460)	Data  0.000 ( 0.326)	Loss 4.4361e-01 (4.1404e-01)	Acc@1  87.50 ( 87.15)	Acc@5  98.44 ( 98.59)
Epoch: [98][1300/4793]	Time  0.640 ( 0.460)	Data  0.521 ( 0.324)	Loss 3.0151e-01 (4.1382e-01)	Acc@1  89.84 ( 87.15)	Acc@5  99.22 ( 98.60)
Epoch: [98][1320/4793]	Time  0.582 ( 0.459)	Data  0.000 ( 0.321)	Loss 3.8958e-01 (4.1404e-01)	Acc@1  89.06 ( 87.15)	Acc@5  99.22 ( 98.59)
Epoch: [98][1340/4793]	Time  0.319 ( 0.459)	Data  0.000 ( 0.319)	Loss 3.1671e-01 (4.1444e-01)	Acc@1  91.41 ( 87.14)	Acc@5  99.22 ( 98.58)
Epoch: [98][1360/4793]	Time  0.856 ( 0.459)	Data  0.507 ( 0.317)	Loss 5.8472e-01 (4.1432e-01)	Acc@1  83.59 ( 87.15)	Acc@5  95.31 ( 98.58)
Epoch: [98][1380/4793]	Time  0.554 ( 0.459)	Data  0.514 ( 0.316)	Loss 4.2586e-01 (4.1467e-01)	Acc@1  87.50 ( 87.14)	Acc@5 100.00 ( 98.58)
Epoch: [98][1400/4793]	Time  0.090 ( 0.458)	Data  0.045 ( 0.316)	Loss 3.4007e-01 (4.1475e-01)	Acc@1  89.06 ( 87.14)	Acc@5 100.00 ( 98.59)
Epoch: [98][1420/4793]	Time  0.427 ( 0.458)	Data  0.396 ( 0.317)	Loss 2.7514e-01 (4.1495e-01)	Acc@1  90.62 ( 87.13)	Acc@5  98.44 ( 98.58)
Epoch: [98][1440/4793]	Time  0.789 ( 0.457)	Data  0.758 ( 0.318)	Loss 4.3509e-01 (4.1470e-01)	Acc@1  85.16 ( 87.14)	Acc@5  97.66 ( 98.59)
Epoch: [98][1460/4793]	Time  0.144 ( 0.456)	Data  0.105 ( 0.318)	Loss 4.0486e-01 (4.1442e-01)	Acc@1  87.50 ( 87.16)	Acc@5  99.22 ( 98.59)
Epoch: [98][1480/4793]	Time  0.081 ( 0.457)	Data  0.000 ( 0.319)	Loss 3.2984e-01 (4.1406e-01)	Acc@1  92.97 ( 87.17)	Acc@5  97.66 ( 98.59)
Epoch: [98][1500/4793]	Time  1.280 ( 0.457)	Data  1.248 ( 0.321)	Loss 3.7850e-01 (4.1416e-01)	Acc@1  86.72 ( 87.16)	Acc@5  98.44 ( 98.58)
Epoch: [98][1520/4793]	Time  0.086 ( 0.456)	Data  0.000 ( 0.321)	Loss 2.6702e-01 (4.1410e-01)	Acc@1  89.06 ( 87.17)	Acc@5 100.00 ( 98.58)
Epoch: [98][1540/4793]	Time  0.560 ( 0.456)	Data  0.528 ( 0.322)	Loss 4.3512e-01 (4.1451e-01)	Acc@1  85.16 ( 87.15)	Acc@5  98.44 ( 98.57)
Epoch: [98][1560/4793]	Time  0.737 ( 0.455)	Data  0.699 ( 0.323)	Loss 2.7486e-01 (4.1485e-01)	Acc@1  90.62 ( 87.14)	Acc@5  99.22 ( 98.58)
Epoch: [98][1580/4793]	Time  0.851 ( 0.455)	Data  0.817 ( 0.322)	Loss 4.3931e-01 (4.1527e-01)	Acc@1  85.94 ( 87.13)	Acc@5  98.44 ( 98.57)
Epoch: [98][1600/4793]	Time  0.086 ( 0.454)	Data  0.000 ( 0.322)	Loss 4.1170e-01 (4.1558e-01)	Acc@1  89.84 ( 87.14)	Acc@5  98.44 ( 98.57)
Epoch: [98][1620/4793]	Time  0.075 ( 0.455)	Data  0.000 ( 0.322)	Loss 5.7729e-01 (4.1551e-01)	Acc@1  82.03 ( 87.14)	Acc@5 100.00 ( 98.57)
Epoch: [98][1640/4793]	Time  0.924 ( 0.454)	Data  0.893 ( 0.323)	Loss 3.4910e-01 (4.1566e-01)	Acc@1  87.50 ( 87.12)	Acc@5  99.22 ( 98.58)
Epoch: [98][1660/4793]	Time  0.101 ( 0.454)	Data  0.000 ( 0.323)	Loss 5.0631e-01 (4.1565e-01)	Acc@1  86.72 ( 87.13)	Acc@5  99.22 ( 98.58)
Epoch: [98][1680/4793]	Time  0.071 ( 0.454)	Data  0.000 ( 0.324)	Loss 3.6242e-01 (4.1559e-01)	Acc@1  86.72 ( 87.12)	Acc@5  99.22 ( 98.58)
Epoch: [98][1700/4793]	Time  1.101 ( 0.454)	Data  1.063 ( 0.324)	Loss 5.1249e-01 (4.1585e-01)	Acc@1  85.16 ( 87.12)	Acc@5  96.88 ( 98.57)
Epoch: [98][1720/4793]	Time  0.080 ( 0.453)	Data  0.000 ( 0.324)	Loss 3.9834e-01 (4.1587e-01)	Acc@1  85.94 ( 87.12)	Acc@5  99.22 ( 98.58)
Epoch: [98][1740/4793]	Time  0.298 ( 0.453)	Data  0.000 ( 0.325)	Loss 3.2126e-01 (4.1579e-01)	Acc@1  89.84 ( 87.12)	Acc@5 100.00 ( 98.57)
Epoch: [98][1760/4793]	Time  0.564 ( 0.453)	Data  0.532 ( 0.324)	Loss 3.9536e-01 (4.1579e-01)	Acc@1  89.84 ( 87.12)	Acc@5  97.66 ( 98.58)
Epoch: [98][1780/4793]	Time  0.083 ( 0.453)	Data  0.000 ( 0.323)	Loss 3.6605e-01 (4.1588e-01)	Acc@1  90.62 ( 87.11)	Acc@5  98.44 ( 98.58)
Epoch: [98][1800/4793]	Time  0.098 ( 0.453)	Data  0.000 ( 0.321)	Loss 3.8004e-01 (4.1600e-01)	Acc@1  89.84 ( 87.11)	Acc@5  98.44 ( 98.58)
Epoch: [98][1820/4793]	Time  1.401 ( 0.454)	Data  0.000 ( 0.318)	Loss 4.2091e-01 (4.1605e-01)	Acc@1  87.50 ( 87.11)	Acc@5  98.44 ( 98.58)
Epoch: [98][1840/4793]	Time  0.075 ( 0.454)	Data  0.000 ( 0.314)	Loss 4.8691e-01 (4.1567e-01)	Acc@1  86.72 ( 87.13)	Acc@5  98.44 ( 98.58)
Epoch: [98][1860/4793]	Time  0.081 ( 0.454)	Data  0.000 ( 0.312)	Loss 5.1066e-01 (4.1584e-01)	Acc@1  85.16 ( 87.13)	Acc@5  97.66 ( 98.57)
Epoch: [98][1880/4793]	Time  1.217 ( 0.454)	Data  0.097 ( 0.309)	Loss 3.7686e-01 (4.1566e-01)	Acc@1  89.06 ( 87.12)	Acc@5  98.44 ( 98.58)
Epoch: [98][1900/4793]	Time  0.081 ( 0.454)	Data  0.000 ( 0.306)	Loss 3.5346e-01 (4.1568e-01)	Acc@1  85.94 ( 87.12)	Acc@5 100.00 ( 98.58)
Epoch: [98][1920/4793]	Time  0.080 ( 0.454)	Data  0.000 ( 0.304)	Loss 5.0281e-01 (4.1577e-01)	Acc@1  85.94 ( 87.12)	Acc@5  97.66 ( 98.57)
Epoch: [98][1940/4793]	Time  0.880 ( 0.454)	Data  0.045 ( 0.301)	Loss 5.3975e-01 (4.1597e-01)	Acc@1  85.16 ( 87.12)	Acc@5  97.66 ( 98.57)
Epoch: [98][1960/4793]	Time  0.743 ( 0.454)	Data  0.000 ( 0.299)	Loss 5.0145e-01 (4.1584e-01)	Acc@1  81.25 ( 87.12)	Acc@5  98.44 ( 98.57)
Epoch: [98][1980/4793]	Time  0.085 ( 0.455)	Data  0.000 ( 0.296)	Loss 4.5471e-01 (4.1637e-01)	Acc@1  85.16 ( 87.11)	Acc@5  99.22 ( 98.56)
Epoch: [98][2000/4793]	Time  0.493 ( 0.455)	Data  0.067 ( 0.293)	Loss 3.4234e-01 (4.1637e-01)	Acc@1  87.50 ( 87.11)	Acc@5 100.00 ( 98.56)
Epoch: [98][2020/4793]	Time  0.081 ( 0.455)	Data  0.000 ( 0.292)	Loss 5.0400e-01 (4.1628e-01)	Acc@1  85.16 ( 87.11)	Acc@5  98.44 ( 98.57)
Epoch: [98][2040/4793]	Time  0.578 ( 0.455)	Data  0.018 ( 0.291)	Loss 3.9913e-01 (4.1630e-01)	Acc@1  87.50 ( 87.12)	Acc@5  98.44 ( 98.57)
Epoch: [98][2060/4793]	Time  0.882 ( 0.455)	Data  0.848 ( 0.291)	Loss 4.7876e-01 (4.1615e-01)	Acc@1  85.16 ( 87.13)	Acc@5  99.22 ( 98.57)
Epoch: [98][2080/4793]	Time  0.068 ( 0.454)	Data  0.000 ( 0.291)	Loss 2.8788e-01 (4.1591e-01)	Acc@1  90.62 ( 87.13)	Acc@5  99.22 ( 98.57)
Epoch: [98][2100/4793]	Time  0.436 ( 0.454)	Data  0.394 ( 0.292)	Loss 3.9773e-01 (4.1634e-01)	Acc@1  85.94 ( 87.12)	Acc@5  97.66 ( 98.57)
Epoch: [98][2120/4793]	Time  0.924 ( 0.454)	Data  0.709 ( 0.293)	Loss 4.2889e-01 (4.1650e-01)	Acc@1  86.72 ( 87.12)	Acc@5  97.66 ( 98.57)
Epoch: [98][2140/4793]	Time  0.080 ( 0.453)	Data  0.000 ( 0.294)	Loss 3.9964e-01 (4.1634e-01)	Acc@1  86.72 ( 87.12)	Acc@5  98.44 ( 98.57)
Epoch: [98][2160/4793]	Time  0.080 ( 0.453)	Data  0.000 ( 0.294)	Loss 4.2240e-01 (4.1619e-01)	Acc@1  86.72 ( 87.12)	Acc@5  97.66 ( 98.57)
Epoch: [98][2180/4793]	Time  1.072 ( 0.453)	Data  0.904 ( 0.295)	Loss 3.7373e-01 (4.1643e-01)	Acc@1  88.28 ( 87.11)	Acc@5 100.00 ( 98.57)
Epoch: [98][2200/4793]	Time  0.098 ( 0.453)	Data  0.000 ( 0.295)	Loss 4.9218e-01 (4.1647e-01)	Acc@1  82.81 ( 87.11)	Acc@5  97.66 ( 98.57)
Epoch: [98][2220/4793]	Time  0.080 ( 0.453)	Data  0.000 ( 0.294)	Loss 5.8589e-01 (4.1646e-01)	Acc@1  81.25 ( 87.11)	Acc@5  97.66 ( 98.58)
Epoch: [98][2240/4793]	Time  1.155 ( 0.453)	Data  0.602 ( 0.293)	Loss 4.5404e-01 (4.1643e-01)	Acc@1  85.94 ( 87.11)	Acc@5  98.44 ( 98.58)
Epoch: [98][2260/4793]	Time  0.081 ( 0.453)	Data  0.000 ( 0.292)	Loss 4.1075e-01 (4.1651e-01)	Acc@1  87.50 ( 87.11)	Acc@5  97.66 ( 98.57)
Epoch: [98][2280/4793]	Time  0.092 ( 0.453)	Data  0.000 ( 0.290)	Loss 4.2403e-01 (4.1651e-01)	Acc@1  87.50 ( 87.10)	Acc@5  96.88 ( 98.58)
Epoch: [98][2300/4793]	Time  1.410 ( 0.454)	Data  0.376 ( 0.288)	Loss 4.3851e-01 (4.1656e-01)	Acc@1  87.50 ( 87.10)	Acc@5  98.44 ( 98.58)
Epoch: [98][2320/4793]	Time  0.082 ( 0.453)	Data  0.000 ( 0.286)	Loss 2.8081e-01 (4.1631e-01)	Acc@1  91.41 ( 87.11)	Acc@5  98.44 ( 98.58)
Epoch: [98][2340/4793]	Time  0.081 ( 0.454)	Data  0.000 ( 0.285)	Loss 4.0162e-01 (4.1601e-01)	Acc@1  88.28 ( 87.12)	Acc@5  98.44 ( 98.58)
Epoch: [98][2360/4793]	Time  1.300 ( 0.454)	Data  0.940 ( 0.285)	Loss 3.8150e-01 (4.1607e-01)	Acc@1  88.28 ( 87.12)	Acc@5  97.66 ( 98.58)
Epoch: [98][2380/4793]	Time  0.086 ( 0.453)	Data  0.000 ( 0.284)	Loss 3.2941e-01 (4.1586e-01)	Acc@1  90.62 ( 87.13)	Acc@5 100.00 ( 98.58)
Epoch: [98][2400/4793]	Time  0.190 ( 0.453)	Data  0.000 ( 0.284)	Loss 4.6898e-01 (4.1605e-01)	Acc@1  87.50 ( 87.12)	Acc@5  98.44 ( 98.58)
Epoch: [98][2420/4793]	Time  0.824 ( 0.453)	Data  0.763 ( 0.284)	Loss 5.7309e-01 (4.1610e-01)	Acc@1  82.03 ( 87.11)	Acc@5  97.66 ( 98.58)
Epoch: [98][2440/4793]	Time  0.127 ( 0.453)	Data  0.000 ( 0.283)	Loss 3.9214e-01 (4.1603e-01)	Acc@1  86.72 ( 87.11)	Acc@5  98.44 ( 98.58)
Epoch: [98][2460/4793]	Time  0.424 ( 0.453)	Data  0.303 ( 0.284)	Loss 4.5177e-01 (4.1625e-01)	Acc@1  85.94 ( 87.11)	Acc@5  97.66 ( 98.57)
Epoch: [98][2480/4793]	Time  0.259 ( 0.452)	Data  0.228 ( 0.284)	Loss 2.2920e-01 (4.1640e-01)	Acc@1  92.19 ( 87.11)	Acc@5 100.00 ( 98.57)
Epoch: [98][2500/4793]	Time  0.335 ( 0.452)	Data  0.000 ( 0.284)	Loss 3.3720e-01 (4.1638e-01)	Acc@1  85.94 ( 87.12)	Acc@5  99.22 ( 98.57)
Epoch: [98][2520/4793]	Time  1.219 ( 0.452)	Data  1.187 ( 0.284)	Loss 3.9802e-01 (4.1637e-01)	Acc@1  86.72 ( 87.12)	Acc@5 100.00 ( 98.57)
Epoch: [98][2540/4793]	Time  0.082 ( 0.452)	Data  0.000 ( 0.284)	Loss 4.0627e-01 (4.1616e-01)	Acc@1  86.72 ( 87.12)	Acc@5  98.44 ( 98.57)
Epoch: [98][2560/4793]	Time  0.086 ( 0.452)	Data  0.000 ( 0.285)	Loss 4.3447e-01 (4.1638e-01)	Acc@1  86.72 ( 87.11)	Acc@5  96.88 ( 98.57)
Epoch: [98][2580/4793]	Time  1.231 ( 0.452)	Data  0.962 ( 0.285)	Loss 3.1453e-01 (4.1632e-01)	Acc@1  90.62 ( 87.11)	Acc@5 100.00 ( 98.57)
Epoch: [98][2600/4793]	Time  0.104 ( 0.452)	Data  0.000 ( 0.285)	Loss 3.2919e-01 (4.1632e-01)	Acc@1  91.41 ( 87.11)	Acc@5  99.22 ( 98.57)
Epoch: [98][2620/4793]	Time  0.080 ( 0.452)	Data  0.000 ( 0.284)	Loss 5.4172e-01 (4.1625e-01)	Acc@1  79.69 ( 87.11)	Acc@5 100.00 ( 98.57)
Epoch: [98][2640/4793]	Time  1.289 ( 0.452)	Data  0.410 ( 0.282)	Loss 4.8311e-01 (4.1627e-01)	Acc@1  85.94 ( 87.11)	Acc@5  98.44 ( 98.57)
Epoch: [98][2660/4793]	Time  0.088 ( 0.452)	Data  0.000 ( 0.281)	Loss 3.6583e-01 (4.1655e-01)	Acc@1  89.06 ( 87.11)	Acc@5  99.22 ( 98.56)
Epoch: [98][2680/4793]	Time  0.081 ( 0.452)	Data  0.000 ( 0.280)	Loss 4.6076e-01 (4.1668e-01)	Acc@1  83.59 ( 87.10)	Acc@5  97.66 ( 98.56)
Epoch: [98][2700/4793]	Time  1.328 ( 0.453)	Data  0.000 ( 0.278)	Loss 4.6536e-01 (4.1680e-01)	Acc@1  82.03 ( 87.10)	Acc@5  99.22 ( 98.56)
Epoch: [98][2720/4793]	Time  0.089 ( 0.453)	Data  0.000 ( 0.276)	Loss 4.0647e-01 (4.1686e-01)	Acc@1  86.72 ( 87.09)	Acc@5 100.00 ( 98.56)
Epoch: [98][2740/4793]	Time  0.093 ( 0.453)	Data  0.000 ( 0.274)	Loss 4.0446e-01 (4.1689e-01)	Acc@1  85.94 ( 87.08)	Acc@5  99.22 ( 98.56)
Epoch: [98][2760/4793]	Time  1.252 ( 0.454)	Data  0.000 ( 0.272)	Loss 4.9726e-01 (4.1705e-01)	Acc@1  85.94 ( 87.08)	Acc@5  97.66 ( 98.56)
Epoch: [98][2780/4793]	Time  0.081 ( 0.453)	Data  0.000 ( 0.270)	Loss 3.9985e-01 (4.1713e-01)	Acc@1  86.72 ( 87.07)	Acc@5  97.66 ( 98.56)
Epoch: [98][2800/4793]	Time  0.165 ( 0.454)	Data  0.134 ( 0.269)	Loss 3.0254e-01 (4.1707e-01)	Acc@1  89.06 ( 87.07)	Acc@5  99.22 ( 98.56)
Epoch: [98][2820/4793]	Time  0.371 ( 0.453)	Data  0.000 ( 0.268)	Loss 3.8404e-01 (4.1710e-01)	Acc@1  88.28 ( 87.07)	Acc@5  96.88 ( 98.56)
Epoch: [98][2840/4793]	Time  0.081 ( 0.453)	Data  0.000 ( 0.269)	Loss 4.3175e-01 (4.1695e-01)	Acc@1  83.59 ( 87.08)	Acc@5  98.44 ( 98.56)
Epoch: [98][2860/4793]	Time  1.395 ( 0.454)	Data  1.360 ( 0.269)	Loss 2.5225e-01 (4.1685e-01)	Acc@1  93.75 ( 87.08)	Acc@5  99.22 ( 98.56)
Epoch: [98][2880/4793]	Time  0.078 ( 0.453)	Data  0.000 ( 0.270)	Loss 5.0669e-01 (4.1686e-01)	Acc@1  84.38 ( 87.09)	Acc@5  98.44 ( 98.56)
Epoch: [98][2900/4793]	Time  0.079 ( 0.453)	Data  0.000 ( 0.271)	Loss 3.0038e-01 (4.1683e-01)	Acc@1  89.84 ( 87.09)	Acc@5 100.00 ( 98.56)
Epoch: [98][2920/4793]	Time  1.239 ( 0.453)	Data  1.208 ( 0.271)	Loss 3.2929e-01 (4.1666e-01)	Acc@1  88.28 ( 87.10)	Acc@5  99.22 ( 98.56)
Epoch: [98][2940/4793]	Time  0.087 ( 0.453)	Data  0.000 ( 0.272)	Loss 4.9510e-01 (4.1665e-01)	Acc@1  82.81 ( 87.10)	Acc@5  97.66 ( 98.56)
Epoch: [98][2960/4793]	Time  0.080 ( 0.453)	Data  0.000 ( 0.273)	Loss 3.8147e-01 (4.1677e-01)	Acc@1  86.72 ( 87.10)	Acc@5  99.22 ( 98.56)
Epoch: [98][2980/4793]	Time  1.291 ( 0.453)	Data  1.246 ( 0.274)	Loss 4.4017e-01 (4.1671e-01)	Acc@1  86.72 ( 87.10)	Acc@5  99.22 ( 98.56)
Epoch: [98][3000/4793]	Time  0.084 ( 0.453)	Data  0.000 ( 0.274)	Loss 3.7650e-01 (4.1659e-01)	Acc@1  89.06 ( 87.10)	Acc@5  98.44 ( 98.56)
Epoch: [98][3020/4793]	Time  0.081 ( 0.453)	Data  0.000 ( 0.275)	Loss 4.0334e-01 (4.1657e-01)	Acc@1  84.38 ( 87.10)	Acc@5 100.00 ( 98.56)
Epoch: [98][3040/4793]	Time  1.118 ( 0.453)	Data  1.083 ( 0.276)	Loss 2.6937e-01 (4.1663e-01)	Acc@1  90.62 ( 87.10)	Acc@5  99.22 ( 98.56)
Epoch: [98][3060/4793]	Time  0.079 ( 0.453)	Data  0.000 ( 0.276)	Loss 4.3437e-01 (4.1640e-01)	Acc@1  84.38 ( 87.11)	Acc@5  98.44 ( 98.56)
Epoch: [98][3080/4793]	Time  0.669 ( 0.453)	Data  0.626 ( 0.277)	Loss 4.9106e-01 (4.1632e-01)	Acc@1  85.16 ( 87.11)	Acc@5  97.66 ( 98.56)
Epoch: [98][3100/4793]	Time  0.814 ( 0.453)	Data  0.526 ( 0.277)	Loss 3.1120e-01 (4.1626e-01)	Acc@1  89.84 ( 87.12)	Acc@5 100.00 ( 98.56)
Epoch: [98][3120/4793]	Time  0.078 ( 0.452)	Data  0.000 ( 0.277)	Loss 5.3285e-01 (4.1630e-01)	Acc@1  83.59 ( 87.12)	Acc@5  97.66 ( 98.55)
Epoch: [98][3140/4793]	Time  1.238 ( 0.453)	Data  1.206 ( 0.277)	Loss 4.2393e-01 (4.1657e-01)	Acc@1  87.50 ( 87.11)	Acc@5  98.44 ( 98.56)
Epoch: [98][3160/4793]	Time  0.083 ( 0.452)	Data  0.000 ( 0.278)	Loss 4.1010e-01 (4.1667e-01)	Acc@1  86.72 ( 87.11)	Acc@5 100.00 ( 98.56)
Epoch: [98][3180/4793]	Time  0.078 ( 0.452)	Data  0.000 ( 0.278)	Loss 4.0644e-01 (4.1657e-01)	Acc@1  89.06 ( 87.11)	Acc@5  99.22 ( 98.56)
Epoch: [98][3200/4793]	Time  1.256 ( 0.452)	Data  1.216 ( 0.279)	Loss 3.1823e-01 (4.1652e-01)	Acc@1  88.28 ( 87.11)	Acc@5 100.00 ( 98.56)
Epoch: [98][3220/4793]	Time  0.082 ( 0.452)	Data  0.000 ( 0.280)	Loss 3.0852e-01 (4.1636e-01)	Acc@1  90.62 ( 87.12)	Acc@5 100.00 ( 98.56)
Epoch: [98][3240/4793]	Time  0.086 ( 0.452)	Data  0.000 ( 0.280)	Loss 2.4199e-01 (4.1630e-01)	Acc@1  92.19 ( 87.12)	Acc@5  99.22 ( 98.56)
Epoch: [98][3260/4793]	Time  1.231 ( 0.452)	Data  1.199 ( 0.281)	Loss 4.5417e-01 (4.1643e-01)	Acc@1  85.16 ( 87.12)	Acc@5  97.66 ( 98.56)
Epoch: [98][3280/4793]	Time  0.090 ( 0.452)	Data  0.000 ( 0.281)	Loss 3.0556e-01 (4.1662e-01)	Acc@1  89.06 ( 87.12)	Acc@5  99.22 ( 98.56)
Epoch: [98][3300/4793]	Time  0.079 ( 0.452)	Data  0.000 ( 0.282)	Loss 4.7731e-01 (4.1667e-01)	Acc@1  85.94 ( 87.12)	Acc@5  97.66 ( 98.56)
Epoch: [98][3320/4793]	Time  1.129 ( 0.452)	Data  1.098 ( 0.283)	Loss 4.2752e-01 (4.1657e-01)	Acc@1  89.84 ( 87.12)	Acc@5  98.44 ( 98.56)
Epoch: [98][3340/4793]	Time  0.099 ( 0.452)	Data  0.000 ( 0.283)	Loss 3.8831e-01 (4.1651e-01)	Acc@1  86.72 ( 87.13)	Acc@5  99.22 ( 98.56)
Epoch: [98][3360/4793]	Time  0.080 ( 0.452)	Data  0.000 ( 0.284)	Loss 4.1073e-01 (4.1651e-01)	Acc@1  88.28 ( 87.13)	Acc@5  99.22 ( 98.56)
Epoch: [98][3380/4793]	Time  1.200 ( 0.451)	Data  1.169 ( 0.284)	Loss 3.4714e-01 (4.1648e-01)	Acc@1  88.28 ( 87.13)	Acc@5  99.22 ( 98.56)
Epoch: [98][3400/4793]	Time  0.081 ( 0.451)	Data  0.000 ( 0.284)	Loss 4.8411e-01 (4.1645e-01)	Acc@1  84.38 ( 87.13)	Acc@5  98.44 ( 98.56)
Epoch: [98][3420/4793]	Time  0.081 ( 0.451)	Data  0.000 ( 0.285)	Loss 4.9456e-01 (4.1653e-01)	Acc@1  85.16 ( 87.12)	Acc@5  98.44 ( 98.56)
Epoch: [98][3440/4793]	Time  1.199 ( 0.451)	Data  1.168 ( 0.286)	Loss 4.1870e-01 (4.1637e-01)	Acc@1  88.28 ( 87.13)	Acc@5  97.66 ( 98.56)
Epoch: [98][3460/4793]	Time  0.085 ( 0.451)	Data  0.000 ( 0.286)	Loss 4.3061e-01 (4.1629e-01)	Acc@1  85.94 ( 87.13)	Acc@5  98.44 ( 98.56)
Epoch: [98][3480/4793]	Time  0.081 ( 0.452)	Data  0.000 ( 0.287)	Loss 4.5934e-01 (4.1637e-01)	Acc@1  82.81 ( 87.12)	Acc@5  97.66 ( 98.56)
Epoch: [98][3500/4793]	Time  1.164 ( 0.452)	Data  1.133 ( 0.288)	Loss 4.5072e-01 (4.1629e-01)	Acc@1  85.94 ( 87.12)	Acc@5  98.44 ( 98.56)
Epoch: [98][3520/4793]	Time  0.083 ( 0.452)	Data  0.000 ( 0.288)	Loss 5.6167e-01 (4.1619e-01)	Acc@1  83.59 ( 87.13)	Acc@5  96.88 ( 98.56)
Epoch: [98][3540/4793]	Time  0.075 ( 0.452)	Data  0.000 ( 0.289)	Loss 5.0089e-01 (4.1605e-01)	Acc@1  85.16 ( 87.13)	Acc@5  99.22 ( 98.56)
Epoch: [98][3560/4793]	Time  1.190 ( 0.452)	Data  1.151 ( 0.290)	Loss 3.8086e-01 (4.1600e-01)	Acc@1  87.50 ( 87.13)	Acc@5  99.22 ( 98.56)
Epoch: [98][3580/4793]	Time  0.082 ( 0.452)	Data  0.000 ( 0.290)	Loss 4.6033e-01 (4.1600e-01)	Acc@1  84.38 ( 87.13)	Acc@5  97.66 ( 98.56)
Epoch: [98][3600/4793]	Time  0.094 ( 0.452)	Data  0.000 ( 0.291)	Loss 3.0880e-01 (4.1604e-01)	Acc@1  89.84 ( 87.13)	Acc@5  98.44 ( 98.55)
Epoch: [98][3620/4793]	Time  1.417 ( 0.453)	Data  1.386 ( 0.292)	Loss 2.7621e-01 (4.1587e-01)	Acc@1  93.75 ( 87.14)	Acc@5  98.44 ( 98.55)
Epoch: [98][3640/4793]	Time  0.081 ( 0.452)	Data  0.000 ( 0.292)	Loss 4.2168e-01 (4.1574e-01)	Acc@1  87.50 ( 87.14)	Acc@5  98.44 ( 98.55)
Epoch: [98][3660/4793]	Time  0.091 ( 0.452)	Data  0.000 ( 0.293)	Loss 5.0956e-01 (4.1567e-01)	Acc@1  84.38 ( 87.14)	Acc@5  96.88 ( 98.55)
Epoch: [98][3680/4793]	Time  1.154 ( 0.452)	Data  1.123 ( 0.293)	Loss 4.3600e-01 (4.1553e-01)	Acc@1  85.16 ( 87.15)	Acc@5  97.66 ( 98.55)
Epoch: [98][3700/4793]	Time  0.091 ( 0.452)	Data  0.000 ( 0.293)	Loss 2.7583e-01 (4.1551e-01)	Acc@1  92.19 ( 87.15)	Acc@5  99.22 ( 98.55)
Epoch: [98][3720/4793]	Time  0.082 ( 0.452)	Data  0.000 ( 0.294)	Loss 3.7897e-01 (4.1563e-01)	Acc@1  85.16 ( 87.14)	Acc@5  99.22 ( 98.55)
Epoch: [98][3740/4793]	Time  1.175 ( 0.452)	Data  1.135 ( 0.295)	Loss 3.3035e-01 (4.1547e-01)	Acc@1  89.84 ( 87.15)	Acc@5  98.44 ( 98.55)
Epoch: [98][3760/4793]	Time  0.081 ( 0.452)	Data  0.000 ( 0.295)	Loss 3.1832e-01 (4.1529e-01)	Acc@1  89.84 ( 87.16)	Acc@5  99.22 ( 98.55)
Epoch: [98][3780/4793]	Time  0.080 ( 0.452)	Data  0.000 ( 0.295)	Loss 2.9913e-01 (4.1531e-01)	Acc@1  90.62 ( 87.16)	Acc@5  98.44 ( 98.55)
Epoch: [98][3800/4793]	Time  1.023 ( 0.452)	Data  0.988 ( 0.296)	Loss 4.9896e-01 (4.1539e-01)	Acc@1  89.06 ( 87.16)	Acc@5  98.44 ( 98.55)
Epoch: [98][3820/4793]	Time  0.077 ( 0.452)	Data  0.000 ( 0.296)	Loss 2.6063e-01 (4.1530e-01)	Acc@1  93.75 ( 87.16)	Acc@5  98.44 ( 98.55)
Epoch: [98][3840/4793]	Time  0.268 ( 0.452)	Data  0.000 ( 0.296)	Loss 3.2326e-01 (4.1528e-01)	Acc@1  89.06 ( 87.17)	Acc@5 100.00 ( 98.55)
Epoch: [98][3860/4793]	Time  1.004 ( 0.452)	Data  0.972 ( 0.296)	Loss 4.2277e-01 (4.1551e-01)	Acc@1  86.72 ( 87.16)	Acc@5  97.66 ( 98.55)
Epoch: [98][3880/4793]	Time  0.099 ( 0.452)	Data  0.000 ( 0.296)	Loss 3.8477e-01 (4.1561e-01)	Acc@1  87.50 ( 87.15)	Acc@5 100.00 ( 98.55)
Epoch: [98][3900/4793]	Time  0.084 ( 0.452)	Data  0.000 ( 0.296)	Loss 3.2909e-01 (4.1555e-01)	Acc@1  89.06 ( 87.15)	Acc@5 100.00 ( 98.55)
Epoch: [98][3920/4793]	Time  1.187 ( 0.452)	Data  1.156 ( 0.297)	Loss 5.1326e-01 (4.1559e-01)	Acc@1  85.94 ( 87.16)	Acc@5  98.44 ( 98.55)
Epoch: [98][3940/4793]	Time  0.093 ( 0.452)	Data  0.000 ( 0.297)	Loss 3.4133e-01 (4.1550e-01)	Acc@1  89.84 ( 87.16)	Acc@5  98.44 ( 98.55)
Epoch: [98][3960/4793]	Time  0.608 ( 0.452)	Data  0.567 ( 0.298)	Loss 3.2489e-01 (4.1557e-01)	Acc@1  90.62 ( 87.16)	Acc@5 100.00 ( 98.55)
Epoch: [98][3980/4793]	Time  1.138 ( 0.452)	Data  1.107 ( 0.298)	Loss 4.4358e-01 (4.1545e-01)	Acc@1  85.94 ( 87.16)	Acc@5  96.09 ( 98.55)
Epoch: [98][4000/4793]	Time  0.080 ( 0.452)	Data  0.000 ( 0.299)	Loss 5.6097e-01 (4.1552e-01)	Acc@1  85.16 ( 87.16)	Acc@5  97.66 ( 98.55)
Epoch: [98][4020/4793]	Time  0.175 ( 0.452)	Data  0.135 ( 0.299)	Loss 4.6523e-01 (4.1567e-01)	Acc@1  85.94 ( 87.16)	Acc@5  96.88 ( 98.55)
Epoch: [98][4040/4793]	Time  1.026 ( 0.452)	Data  0.994 ( 0.300)	Loss 4.5205e-01 (4.1570e-01)	Acc@1  86.72 ( 87.16)	Acc@5  99.22 ( 98.55)
Epoch: [98][4060/4793]	Time  0.084 ( 0.452)	Data  0.000 ( 0.300)	Loss 4.7225e-01 (4.1568e-01)	Acc@1  82.03 ( 87.16)	Acc@5  98.44 ( 98.55)
Epoch: [98][4080/4793]	Time  0.599 ( 0.452)	Data  0.551 ( 0.301)	Loss 3.2051e-01 (4.1560e-01)	Acc@1  89.84 ( 87.16)	Acc@5 100.00 ( 98.55)
Epoch: [98][4100/4793]	Time  0.935 ( 0.452)	Data  0.903 ( 0.302)	Loss 2.0205e-01 (4.1561e-01)	Acc@1  93.75 ( 87.16)	Acc@5 100.00 ( 98.55)
Epoch: [98][4120/4793]	Time  0.084 ( 0.453)	Data  0.000 ( 0.302)	Loss 3.7396e-01 (4.1554e-01)	Acc@1  86.72 ( 87.16)	Acc@5  99.22 ( 98.55)
Epoch: [98][4140/4793]	Time  0.328 ( 0.453)	Data  0.287 ( 0.303)	Loss 4.4662e-01 (4.1552e-01)	Acc@1  86.72 ( 87.16)	Acc@5  96.88 ( 98.55)
Epoch: [98][4160/4793]	Time  1.296 ( 0.453)	Data  1.265 ( 0.304)	Loss 5.2144e-01 (4.1543e-01)	Acc@1  82.81 ( 87.16)	Acc@5  96.88 ( 98.55)
Epoch: [98][4180/4793]	Time  0.077 ( 0.453)	Data  0.000 ( 0.304)	Loss 5.3496e-01 (4.1532e-01)	Acc@1  84.38 ( 87.17)	Acc@5  99.22 ( 98.55)
Epoch: [98][4200/4793]	Time  0.080 ( 0.453)	Data  0.000 ( 0.305)	Loss 5.2296e-01 (4.1524e-01)	Acc@1  86.72 ( 87.17)	Acc@5  99.22 ( 98.55)
Epoch: [98][4220/4793]	Time  1.134 ( 0.453)	Data  1.102 ( 0.305)	Loss 4.7786e-01 (4.1533e-01)	Acc@1  85.16 ( 87.16)	Acc@5  96.88 ( 98.55)
Epoch: [98][4240/4793]	Time  0.086 ( 0.453)	Data  0.000 ( 0.306)	Loss 4.0461e-01 (4.1531e-01)	Acc@1  85.94 ( 87.16)	Acc@5  96.88 ( 98.55)
Epoch: [98][4260/4793]	Time  0.085 ( 0.453)	Data  0.000 ( 0.306)	Loss 4.3032e-01 (4.1526e-01)	Acc@1  88.28 ( 87.16)	Acc@5  96.88 ( 98.55)
Epoch: [98][4280/4793]	Time  1.011 ( 0.453)	Data  0.980 ( 0.307)	Loss 4.1743e-01 (4.1536e-01)	Acc@1  83.59 ( 87.16)	Acc@5  97.66 ( 98.55)
Epoch: [98][4300/4793]	Time  0.070 ( 0.453)	Data  0.000 ( 0.307)	Loss 5.1947e-01 (4.1538e-01)	Acc@1  83.59 ( 87.15)	Acc@5  97.66 ( 98.54)
Epoch: [98][4320/4793]	Time  0.080 ( 0.454)	Data  0.000 ( 0.308)	Loss 5.0231e-01 (4.1526e-01)	Acc@1  87.50 ( 87.16)	Acc@5  96.88 ( 98.55)
Epoch: [98][4340/4793]	Time  1.347 ( 0.454)	Data  1.316 ( 0.308)	Loss 3.3710e-01 (4.1523e-01)	Acc@1  89.84 ( 87.16)	Acc@5  99.22 ( 98.55)
Epoch: [98][4360/4793]	Time  0.091 ( 0.454)	Data  0.000 ( 0.308)	Loss 3.3157e-01 (4.1519e-01)	Acc@1  89.06 ( 87.16)	Acc@5  97.66 ( 98.55)
Epoch: [98][4380/4793]	Time  0.099 ( 0.454)	Data  0.068 ( 0.309)	Loss 2.3567e-01 (4.1522e-01)	Acc@1  92.97 ( 87.16)	Acc@5 100.00 ( 98.55)
Epoch: [98][4400/4793]	Time  1.143 ( 0.454)	Data  1.111 ( 0.310)	Loss 3.3973e-01 (4.1515e-01)	Acc@1  92.97 ( 87.17)	Acc@5  98.44 ( 98.55)
Epoch: [98][4420/4793]	Time  0.084 ( 0.454)	Data  0.000 ( 0.310)	Loss 3.7282e-01 (4.1503e-01)	Acc@1  86.72 ( 87.17)	Acc@5  97.66 ( 98.54)
Epoch: [98][4440/4793]	Time  0.079 ( 0.454)	Data  0.000 ( 0.311)	Loss 4.5980e-01 (4.1501e-01)	Acc@1  85.94 ( 87.17)	Acc@5  99.22 ( 98.55)
Epoch: [98][4460/4793]	Time  0.980 ( 0.454)	Data  0.945 ( 0.311)	Loss 4.9597e-01 (4.1495e-01)	Acc@1  86.72 ( 87.17)	Acc@5  96.88 ( 98.55)
Epoch: [98][4480/4793]	Time  0.090 ( 0.454)	Data  0.000 ( 0.312)	Loss 3.7568e-01 (4.1490e-01)	Acc@1  92.19 ( 87.17)	Acc@5  97.66 ( 98.55)
Epoch: [98][4500/4793]	Time  0.401 ( 0.455)	Data  0.370 ( 0.312)	Loss 4.5674e-01 (4.1499e-01)	Acc@1  83.59 ( 87.17)	Acc@5  98.44 ( 98.55)
Epoch: [98][4520/4793]	Time  1.055 ( 0.455)	Data  1.019 ( 0.313)	Loss 4.5395e-01 (4.1509e-01)	Acc@1  85.94 ( 87.16)	Acc@5  97.66 ( 98.55)
Epoch: [98][4540/4793]	Time  0.081 ( 0.455)	Data  0.000 ( 0.313)	Loss 3.0898e-01 (4.1519e-01)	Acc@1  92.19 ( 87.16)	Acc@5  98.44 ( 98.55)
Epoch: [98][4560/4793]	Time  0.082 ( 0.455)	Data  0.000 ( 0.313)	Loss 3.6394e-01 (4.1523e-01)	Acc@1  89.84 ( 87.16)	Acc@5  99.22 ( 98.55)
Epoch: [98][4580/4793]	Time  1.258 ( 0.455)	Data  1.211 ( 0.314)	Loss 4.3781e-01 (4.1530e-01)	Acc@1  86.72 ( 87.16)	Acc@5  98.44 ( 98.55)
Epoch: [98][4600/4793]	Time  0.084 ( 0.455)	Data  0.000 ( 0.314)	Loss 4.0942e-01 (4.1536e-01)	Acc@1  87.50 ( 87.16)	Acc@5  99.22 ( 98.55)
Epoch: [98][4620/4793]	Time  0.073 ( 0.455)	Data  0.000 ( 0.315)	Loss 3.2229e-01 (4.1531e-01)	Acc@1  88.28 ( 87.16)	Acc@5 100.00 ( 98.55)
Epoch: [98][4640/4793]	Time  1.256 ( 0.455)	Data  1.220 ( 0.315)	Loss 4.4752e-01 (4.1538e-01)	Acc@1  85.94 ( 87.16)	Acc@5  98.44 ( 98.55)
Epoch: [98][4660/4793]	Time  0.088 ( 0.455)	Data  0.000 ( 0.315)	Loss 3.3850e-01 (4.1535e-01)	Acc@1  91.41 ( 87.16)	Acc@5  97.66 ( 98.55)
Epoch: [98][4680/4793]	Time  0.081 ( 0.455)	Data  0.000 ( 0.316)	Loss 4.3675e-01 (4.1537e-01)	Acc@1  83.59 ( 87.16)	Acc@5  98.44 ( 98.55)
Epoch: [98][4700/4793]	Time  1.244 ( 0.455)	Data  1.204 ( 0.316)	Loss 3.0559e-01 (4.1536e-01)	Acc@1  91.41 ( 87.16)	Acc@5 100.00 ( 98.55)
Epoch: [98][4720/4793]	Time  0.081 ( 0.455)	Data  0.000 ( 0.317)	Loss 5.4361e-01 (4.1535e-01)	Acc@1  85.16 ( 87.16)	Acc@5  98.44 ( 98.55)
Epoch: [98][4740/4793]	Time  0.085 ( 0.455)	Data  0.000 ( 0.317)	Loss 3.7374e-01 (4.1530e-01)	Acc@1  92.97 ( 87.16)	Acc@5  99.22 ( 98.55)
Epoch: [98][4760/4793]	Time  1.128 ( 0.456)	Data  1.097 ( 0.318)	Loss 4.4442e-01 (4.1516e-01)	Acc@1  85.94 ( 87.16)	Acc@5  98.44 ( 98.55)
Epoch: [98][4780/4793]	Time  0.081 ( 0.456)	Data  0.000 ( 0.318)	Loss 3.7031e-01 (4.1526e-01)	Acc@1  87.50 ( 87.16)	Acc@5  98.44 ( 98.55)
Test: [  0/375]	Time  9.268 ( 9.268)	Loss 1.6700e+00 (1.6700e+00)	Acc@1  71.09 ( 71.09)	Acc@5  85.16 ( 85.16)
Test: [ 20/375]	Time  0.029 ( 0.847)	Loss 2.7336e+00 (2.4791e+00)	Acc@1  54.69 ( 56.58)	Acc@5  75.00 ( 78.79)
Test: [ 40/375]	Time  0.470 ( 0.648)	Loss 2.3497e+00 (2.4690e+00)	Acc@1  56.25 ( 55.93)	Acc@5  69.53 ( 78.56)
Test: [ 60/375]	Time  0.465 ( 0.567)	Loss 2.3259e+00 (2.3992e+00)	Acc@1  45.31 ( 57.26)	Acc@5  74.22 ( 79.06)
Test: [ 80/375]	Time  0.518 ( 0.529)	Loss 2.9653e+00 (2.4915e+00)	Acc@1  47.66 ( 54.79)	Acc@5  67.19 ( 78.23)
Test: [100/375]	Time  0.554 ( 0.506)	Loss 2.0973e+00 (2.4759e+00)	Acc@1  57.81 ( 54.11)	Acc@5  82.03 ( 78.52)
Test: [120/375]	Time  0.107 ( 0.497)	Loss 2.5510e+00 (2.4507e+00)	Acc@1  52.34 ( 54.17)	Acc@5  74.22 ( 79.09)
Test: [140/375]	Time  1.080 ( 0.495)	Loss 3.1394e+00 (2.4349e+00)	Acc@1  35.94 ( 54.60)	Acc@5  66.41 ( 79.21)
Test: [160/375]	Time  0.028 ( 0.486)	Loss 2.8571e+00 (2.4546e+00)	Acc@1  41.41 ( 54.52)	Acc@5  77.34 ( 79.03)
Test: [180/375]	Time  0.028 ( 0.487)	Loss 3.4151e+00 (2.5958e+00)	Acc@1  46.09 ( 53.05)	Acc@5  68.75 ( 77.41)
Test: [200/375]	Time  1.201 ( 0.482)	Loss 4.9635e+00 (2.7132e+00)	Acc@1  27.34 ( 51.80)	Acc@5  46.88 ( 76.13)
Test: [220/375]	Time  0.033 ( 0.477)	Loss 2.4894e+00 (2.7470e+00)	Acc@1  57.03 ( 51.51)	Acc@5  77.34 ( 75.60)
Test: [240/375]	Time  0.028 ( 0.477)	Loss 3.4294e+00 (2.8230e+00)	Acc@1  35.16 ( 50.66)	Acc@5  69.53 ( 74.51)
Test: [260/375]	Time  1.150 ( 0.475)	Loss 2.8119e+00 (2.8724e+00)	Acc@1  53.91 ( 50.24)	Acc@5  73.44 ( 73.96)
Test: [280/375]	Time  0.028 ( 0.469)	Loss 4.3260e+00 (2.9328e+00)	Acc@1  32.81 ( 49.66)	Acc@5  54.69 ( 73.21)
Test: [300/375]	Time  0.517 ( 0.467)	Loss 2.3117e+00 (2.9765e+00)	Acc@1  60.16 ( 49.30)	Acc@5  77.34 ( 72.67)
Test: [320/375]	Time  0.730 ( 0.464)	Loss 3.6383e+00 (3.0261e+00)	Acc@1  46.09 ( 48.67)	Acc@5  67.97 ( 72.10)
Test: [340/375]	Time  0.029 ( 0.461)	Loss 4.3340e+00 (3.0558e+00)	Acc@1  30.47 ( 48.33)	Acc@5  60.94 ( 71.74)
Test: [360/375]	Time  0.234 ( 0.459)	Loss 2.9475e+00 (3.0352e+00)	Acc@1  50.00 ( 48.50)	Acc@5  70.31 ( 71.99)
 *   Acc@1 48.769 Acc@5 72.211
Test: [  0/375]	Time  9.263 ( 9.263)	Loss 1.6700e+00 (1.6700e+00)	Acc@1  71.09 ( 71.09)	Acc@5  85.16 ( 85.16)
Test: [ 20/375]	Time  0.029 ( 0.847)	Loss 2.7336e+00 (2.4791e+00)	Acc@1  54.69 ( 56.58)	Acc@5  75.00 ( 78.79)
Test: [ 40/375]	Time  0.433 ( 0.648)	Loss 2.3497e+00 (2.4690e+00)	Acc@1  56.25 ( 55.93)	Acc@5  69.53 ( 78.56)
Test: [ 60/375]	Time  0.463 ( 0.567)	Loss 2.3259e+00 (2.3992e+00)	Acc@1  45.31 ( 57.26)	Acc@5  74.22 ( 79.06)
Test: [ 80/375]	Time  0.512 ( 0.529)	Loss 2.9653e+00 (2.4915e+00)	Acc@1  47.66 ( 54.79)	Acc@5  67.19 ( 78.23)
Test: [100/375]	Time  0.611 ( 0.506)	Loss 2.0973e+00 (2.4759e+00)	Acc@1  57.81 ( 54.11)	Acc@5  82.03 ( 78.52)
Test: [120/375]	Time  0.112 ( 0.497)	Loss 2.5510e+00 (2.4507e+00)	Acc@1  52.34 ( 54.17)	Acc@5  74.22 ( 79.09)
Test: [140/375]	Time  1.113 ( 0.495)	Loss 3.1394e+00 (2.4349e+00)	Acc@1  35.94 ( 54.60)	Acc@5  66.41 ( 79.21)
Test: [160/375]	Time  0.028 ( 0.486)	Loss 2.8571e+00 (2.4546e+00)	Acc@1  41.41 ( 54.52)	Acc@5  77.34 ( 79.03)
Test: [180/375]	Time  0.028 ( 0.487)	Loss 3.4151e+00 (2.5958e+00)	Acc@1  46.09 ( 53.05)	Acc@5  68.75 ( 77.41)
Test: [200/375]	Time  1.231 ( 0.482)	Loss 4.9635e+00 (2.7132e+00)	Acc@1  27.34 ( 51.80)	Acc@5  46.88 ( 76.13)
Test: [220/375]	Time  0.028 ( 0.477)	Loss 2.4894e+00 (2.7470e+00)	Acc@1  57.03 ( 51.51)	Acc@5  77.34 ( 75.60)
Test: [240/375]	Time  0.028 ( 0.477)	Loss 3.4294e+00 (2.8230e+00)	Acc@1  35.16 ( 50.66)	Acc@5  69.53 ( 74.51)
Test: [260/375]	Time  1.148 ( 0.475)	Loss 2.8119e+00 (2.8724e+00)	Acc@1  53.91 ( 50.24)	Acc@5  73.44 ( 73.96)
Test: [280/375]	Time  0.028 ( 0.469)	Loss 4.3260e+00 (2.9328e+00)	Acc@1  32.81 ( 49.66)	Acc@5  54.69 ( 73.21)
Test: [300/375]	Time  0.517 ( 0.467)	Loss 2.3117e+00 (2.9765e+00)	Acc@1  60.16 ( 49.30)	Acc@5  77.34 ( 72.67)
Test: [320/375]	Time  0.742 ( 0.465)	Loss 3.6383e+00 (3.0261e+00)	Acc@1  46.09 ( 48.67)	Acc@5  67.97 ( 72.10)
Test: [340/375]	Time  0.029 ( 0.460)	Loss 4.3340e+00 (3.0558e+00)	Acc@1  30.47 ( 48.33)	Acc@5  60.94 ( 71.74)
Test: [360/375]	Time  0.232 ( 0.459)	Loss 2.9475e+00 (3.0352e+00)	Acc@1  50.00 ( 48.50)	Acc@5  70.31 ( 71.99)
 *   Acc@1 48.769 Acc@5 72.211
