Traceback (most recent call last):
  File "<string>", line 1, in <module>
  File "/home/junzhin/anaconda3/lib/python3.7/multiprocessing/spawn.py", line 105, in spawn_main
    exitcode = _main(fd)
  File "/home/junzhin/anaconda3/lib/python3.7/multiprocessing/spawn.py", line 114, in _main
    prepare(preparation_data)
  File "/home/junzhin/anaconda3/lib/python3.7/multiprocessing/spawn.py", line 225, in prepare
    _fixup_main_from_path(data['init_main_from_path'])
  File "/home/junzhin/anaconda3/lib/python3.7/multiprocessing/spawn.py", line 277, in _fixup_main_from_path
    run_name="__mp_main__")
  File "/home/junzhin/anaconda3/lib/python3.7/runpy.py", line 263, in run_path
    pkg_name=pkg_name, script_name=fname)
  File "/home/junzhin/anaconda3/lib/python3.7/runpy.py", line 96, in _run_module_code
    mod_name, mod_spec, pkg_name, script_name)
  File "/home/junzhin/anaconda3/lib/python3.7/runpy.py", line 85, in _run_code
    exec(code, run_globals)
  File "/home/junzhin/Project/Summer_project/code/version1.0/pretrained_main_subset_random_choosen_experiment.py", line 25, in <module>
    from torch.utils.tensorboard import SummaryWriter
  File "/home/junzhin/anaconda3/lib/python3.7/site-packages/torch/utils/tensorboard/__init__.py", line 13, in <module>
    from .writer import FileWriter, SummaryWriter  # noqa: F401
  File "/home/junzhin/anaconda3/lib/python3.7/site-packages/torch/utils/tensorboard/writer.py", line 13, in <module>
    from tensorboard.summary.writer.event_file_writer import EventFileWriter
  File "/home/junzhin/anaconda3/lib/python3.7/site-packages/tensorboard/summary/__init__.py", line 22, in <module>
    from tensorboard.summary import v1  # noqa: F401
  File "/home/junzhin/anaconda3/lib/python3.7/site-packages/tensorboard/summary/v1.py", line 21, in <module>
    from tensorboard.plugins.audio import summary as _audio_summary
  File "<frozen importlib._bootstrap>", line 983, in _find_and_load
  File "<frozen importlib._bootstrap>", line 963, in _find_and_load_unlocked
  File "<frozen importlib._bootstrap>", line 906, in _find_spec
  File "<frozen importlib._bootstrap_external>", line 1280, in find_spec
  File "<frozen importlib._bootstrap_external>", line 1252, in _get_spec
  File "<frozen importlib._bootstrap_external>", line 1368, in find_spec
  File "<frozen importlib._bootstrap_external>", line 1408, in _fill_cache
OSError: [Errno 12] Cannot allocate memory: '/home/junzhin/anaconda3/lib/python3.7/site-packages/tensorboard/plugins/audio'
Traceback (most recent call last):
  File "../pretrained_main_subset_random_choosen_experiment.py", line 736, in <module>
    main()
  File "../pretrained_main_subset_random_choosen_experiment.py", line 128, in main
    mp.spawn(main_worker, nprocs=ngpus_per_node, args=(ngpus_per_node, args))
  File "/home/junzhin/anaconda3/lib/python3.7/site-packages/torch/multiprocessing/spawn.py", line 230, in spawn
    return start_processes(fn, args, nprocs, join, daemon, start_method='spawn')
  File "/home/junzhin/anaconda3/lib/python3.7/site-packages/torch/multiprocessing/spawn.py", line 188, in start_processes
    while not context.join():
  File "/home/junzhin/anaconda3/lib/python3.7/site-packages/torch/multiprocessing/spawn.py", line 136, in join
    signal_name=name
torch.multiprocessing.spawn.ProcessExitedException: process 1 terminated with signal SIGKILL
slurmstepd: error: Detected 131 oom-kill event(s) in StepId=32963752.batch cgroup. Some of your processes may have been killed by the cgroup out-of-memory handler.
