Namespace(arch='alexnet', batch_size=512, center_crop=False, checkmodel_logsave=False, data='Office31', data_processing='ours', epochs=30, iters_per_epoch=1000, local=False, local_pretrained_path='', log='/home/junzhin/Project/Summer_project/code/version2.0/training_results/Alex_pretrained/A_D', lr=0.0001, lr_decay=0.75, lr_gamma=0.0003, momentum=0.9, per_class_eval=False, phase='train', pretrained=True, print_freq=100, root='/home/junzhin/Project/Summer_project/code/version2.0/data/office31', seed=None, source='A', target='D', wd=0.0005, workers=8)
=> using pre-trained model 'alexnet'
Epoch: [0][   0/1000]	Time 2.366 (2.366)	Data 0.185 (0.185)	Loss 3.82 (3.82)	Cls Acc 1.4 (1.4)
Epoch: [0][ 100/1000]	Time 3.417 (0.969)	Data 3.359 (0.890)	Loss 3.49 (3.64)	Cls Acc 3.5 (2.3)
Epoch: [0][ 200/1000]	Time 3.396 (0.965)	Data 3.337 (0.897)	Loss 3.30 (3.52)	Cls Acc 10.0 (4.5)
Epoch: [0][ 300/1000]	Time 3.407 (0.963)	Data 3.348 (0.898)	Loss 3.13 (3.42)	Cls Acc 18.0 (7.5)
Epoch: [0][ 400/1000]	Time 3.473 (0.963)	Data 3.414 (0.900)	Loss 3.00 (3.34)	Cls Acc 25.2 (11.0)
Epoch: [0][ 500/1000]	Time 3.463 (0.962)	Data 3.404 (0.900)	Loss 2.86 (3.26)	Cls Acc 30.7 (14.2)
Epoch: [0][ 600/1000]	Time 3.415 (0.961)	Data 3.357 (0.900)	Loss 2.75 (3.18)	Cls Acc 29.3 (17.0)
Epoch: [0][ 700/1000]	Time 3.394 (0.961)	Data 3.335 (0.900)	Loss 2.61 (3.11)	Cls Acc 37.7 (19.5)
Epoch: [0][ 800/1000]	Time 3.439 (0.961)	Data 3.380 (0.901)	Loss 2.53 (3.04)	Cls Acc 38.9 (21.9)
Epoch: [0][ 900/1000]	Time 3.436 (0.960)	Data 3.377 (0.900)	Loss 2.33 (2.97)	Cls Acc 44.5 (24.1)
Test: [0/1]	Time 12.715 (12.715)	Loss 2.6630e+00 (2.6630e+00)	Acc@1  25.90 ( 25.90)	Acc@5  61.24 ( 61.24)
 * Acc@1 25.904 Acc@5 61.245
acc1 = 25.9, best_acc1 = 25.9
Epoch: [1][   0/1000]	Time 3.456 (3.456)	Data 3.398 (3.398)	Loss 2.18 (2.18)	Cls Acc 48.2 (48.2)
Epoch: [1][ 100/1000]	Time 3.465 (0.979)	Data 3.407 (0.921)	Loss 2.15 (2.18)	Cls Acc 48.2 (48.1)
Epoch: [1][ 200/1000]	Time 3.381 (0.967)	Data 3.322 (0.909)	Loss 1.98 (2.12)	Cls Acc 57.0 (49.5)
Epoch: [1][ 300/1000]	Time 3.715 (0.970)	Data 3.656 (0.912)	Loss 2.03 (2.08)	Cls Acc 47.3 (50.7)
Epoch: [1][ 400/1000]	Time 3.458 (0.973)	Data 3.399 (0.915)	Loss 1.81 (2.03)	Cls Acc 57.4 (51.9)
Epoch: [1][ 500/1000]	Time 3.465 (0.969)	Data 3.406 (0.912)	Loss 1.69 (1.98)	Cls Acc 61.5 (52.9)
Epoch: [1][ 600/1000]	Time 3.473 (0.966)	Data 3.414 (0.909)	Loss 1.68 (1.94)	Cls Acc 59.2 (53.9)
Epoch: [1][ 700/1000]	Time 3.364 (0.965)	Data 3.305 (0.907)	Loss 1.69 (1.90)	Cls Acc 58.6 (54.8)
Epoch: [1][ 800/1000]	Time 3.372 (0.964)	Data 3.314 (0.906)	Loss 1.55 (1.86)	Cls Acc 62.3 (55.6)
Epoch: [1][ 900/1000]	Time 3.485 (0.963)	Data 3.426 (0.905)	Loss 1.53 (1.83)	Cls Acc 63.1 (56.4)
Test: [0/1]	Time 12.073 (12.073)	Loss 2.2267e+00 (2.2267e+00)	Acc@1  37.35 ( 37.35)	Acc@5  73.09 ( 73.09)
 * Acc@1 37.349 Acc@5 73.092
acc1 = 37.3, best_acc1 = 37.3
Epoch: [2][   0/1000]	Time 3.536 (3.536)	Data 3.478 (3.478)	Loss 1.47 (1.47)	Cls Acc 62.3 (62.3)
Epoch: [2][ 100/1000]	Time 3.514 (0.986)	Data 3.455 (0.929)	Loss 1.52 (1.45)	Cls Acc 63.1 (64.5)
Epoch: [2][ 200/1000]	Time 3.524 (0.972)	Data 3.465 (0.914)	Loss 1.46 (1.43)	Cls Acc 63.5 (64.8)
Epoch: [2][ 300/1000]	Time 3.339 (0.968)	Data 3.280 (0.911)	Loss 1.41 (1.41)	Cls Acc 62.3 (65.1)
Epoch: [2][ 400/1000]	Time 3.433 (0.966)	Data 3.374 (0.908)	Loss 1.33 (1.40)	Cls Acc 67.6 (65.5)
Epoch: [2][ 500/1000]	Time 3.462 (0.965)	Data 3.403 (0.907)	Loss 1.30 (1.38)	Cls Acc 67.2 (65.8)
Epoch: [2][ 600/1000]	Time 3.525 (0.966)	Data 3.466 (0.908)	Loss 1.24 (1.36)	Cls Acc 71.3 (66.1)
Epoch: [2][ 700/1000]	Time 3.434 (0.965)	Data 3.375 (0.907)	Loss 1.30 (1.35)	Cls Acc 68.4 (66.4)
Epoch: [2][ 800/1000]	Time 3.469 (0.964)	Data 3.410 (0.906)	Loss 1.27 (1.34)	Cls Acc 69.1 (66.6)
Epoch: [2][ 900/1000]	Time 3.377 (0.964)	Data 3.318 (0.906)	Loss 1.27 (1.32)	Cls Acc 67.6 (66.9)
Test: [0/1]	Time 12.087 (12.087)	Loss 2.0536e+00 (2.0536e+00)	Acc@1  40.76 ( 40.76)	Acc@5  77.71 ( 77.71)
 * Acc@1 40.763 Acc@5 77.711
acc1 = 40.8, best_acc1 = 40.8
Epoch: [3][   0/1000]	Time 3.483 (3.483)	Data 3.420 (3.420)	Loss 1.21 (1.21)	Cls Acc 68.6 (68.6)
Epoch: [3][ 100/1000]	Time 3.527 (0.990)	Data 3.468 (0.933)	Loss 1.11 (1.18)	Cls Acc 70.9 (70.0)
Epoch: [3][ 200/1000]	Time 3.695 (0.990)	Data 3.636 (0.933)	Loss 1.12 (1.17)	Cls Acc 71.3 (70.2)
Epoch: [3][ 300/1000]	Time 3.495 (0.987)	Data 3.436 (0.929)	Loss 1.14 (1.17)	Cls Acc 71.7 (70.4)
Epoch: [3][ 400/1000]	Time 3.375 (0.981)	Data 3.316 (0.923)	Loss 1.12 (1.16)	Cls Acc 71.5 (70.5)
Epoch: [3][ 500/1000]	Time 3.507 (0.978)	Data 3.448 (0.920)	Loss 1.16 (1.15)	Cls Acc 70.5 (70.7)
Epoch: [3][ 600/1000]	Time 3.436 (0.975)	Data 3.377 (0.917)	Loss 1.14 (1.14)	Cls Acc 71.9 (70.9)
Epoch: [3][ 700/1000]	Time 3.478 (0.973)	Data 3.419 (0.916)	Loss 1.01 (1.14)	Cls Acc 74.2 (71.0)
Epoch: [3][ 800/1000]	Time 3.498 (0.972)	Data 3.439 (0.915)	Loss 1.03 (1.13)	Cls Acc 74.8 (71.2)
Epoch: [3][ 900/1000]	Time 3.460 (0.971)	Data 3.401 (0.914)	Loss 0.98 (1.12)	Cls Acc 76.2 (71.3)
Test: [0/1]	Time 12.090 (12.090)	Loss 1.9724e+00 (1.9724e+00)	Acc@1  43.37 ( 43.37)	Acc@5  78.51 ( 78.51)
 * Acc@1 43.373 Acc@5 78.514
acc1 = 43.4, best_acc1 = 43.4
Epoch: [4][   0/1000]	Time 3.492 (3.492)	Data 3.433 (3.433)	Loss 1.15 (1.15)	Cls Acc 70.5 (70.5)
Epoch: [4][ 100/1000]	Time 3.453 (0.997)	Data 3.395 (0.940)	Loss 1.04 (1.05)	Cls Acc 72.9 (73.0)
Epoch: [4][ 200/1000]	Time 3.541 (0.980)	Data 3.482 (0.923)	Loss 1.01 (1.04)	Cls Acc 75.2 (73.2)
Epoch: [4][ 300/1000]	Time 3.454 (0.974)	Data 3.395 (0.916)	Loss 0.99 (1.04)	Cls Acc 74.2 (73.2)
Epoch: [4][ 400/1000]	Time 3.453 (0.971)	Data 3.394 (0.913)	Loss 0.88 (1.03)	Cls Acc 77.3 (73.4)
Epoch: [4][ 500/1000]	Time 3.458 (0.968)	Data 3.399 (0.910)	Loss 1.00 (1.03)	Cls Acc 72.7 (73.5)
Epoch: [4][ 600/1000]	Time 3.480 (0.968)	Data 3.421 (0.910)	Loss 1.04 (1.03)	Cls Acc 73.6 (73.6)
Epoch: [4][ 700/1000]	Time 3.412 (0.967)	Data 3.353 (0.910)	Loss 1.04 (1.02)	Cls Acc 72.1 (73.6)
Epoch: [4][ 800/1000]	Time 3.482 (0.967)	Data 3.424 (0.910)	Loss 1.02 (1.02)	Cls Acc 71.9 (73.7)
Epoch: [4][ 900/1000]	Time 3.411 (0.966)	Data 3.352 (0.908)	Loss 0.89 (1.01)	Cls Acc 77.7 (73.8)
Test: [0/1]	Time 12.047 (12.047)	Loss 1.9280e+00 (1.9280e+00)	Acc@1  45.18 ( 45.18)	Acc@5  79.52 ( 79.52)
 * Acc@1 45.181 Acc@5 79.518
acc1 = 45.2, best_acc1 = 45.2
Epoch: [5][   0/1000]	Time 3.441 (3.441)	Data 3.382 (3.382)	Loss 0.91 (0.91)	Cls Acc 76.0 (76.0)
Epoch: [5][ 100/1000]	Time 3.496 (0.980)	Data 3.438 (0.922)	Loss 0.93 (0.96)	Cls Acc 78.5 (74.9)
Epoch: [5][ 200/1000]	Time 3.302 (0.967)	Data 3.243 (0.909)	Loss 0.95 (0.96)	Cls Acc 75.2 (75.1)
Epoch: [5][ 300/1000]	Time 3.474 (0.962)	Data 3.415 (0.905)	Loss 0.86 (0.95)	Cls Acc 76.4 (75.2)
Epoch: [5][ 400/1000]	Time 3.420 (0.960)	Data 3.361 (0.902)	Loss 0.94 (0.95)	Cls Acc 73.6 (75.3)
Epoch: [5][ 500/1000]	Time 3.468 (0.958)	Data 3.409 (0.901)	Loss 0.88 (0.95)	Cls Acc 77.0 (75.4)
Epoch: [5][ 600/1000]	Time 3.437 (0.957)	Data 3.378 (0.900)	Loss 0.97 (0.94)	Cls Acc 76.6 (75.4)
Epoch: [5][ 700/1000]	Time 3.365 (0.957)	Data 3.306 (0.899)	Loss 0.94 (0.94)	Cls Acc 75.0 (75.5)
Epoch: [5][ 800/1000]	Time 3.385 (0.956)	Data 3.326 (0.898)	Loss 0.96 (0.94)	Cls Acc 75.2 (75.6)
Epoch: [5][ 900/1000]	Time 3.368 (0.954)	Data 3.309 (0.896)	Loss 0.86 (0.93)	Cls Acc 75.8 (75.7)
Test: [0/1]	Time 11.955 (11.955)	Loss 1.9017e+00 (1.9017e+00)	Acc@1  46.99 ( 46.99)	Acc@5  79.72 ( 79.72)
 * Acc@1 46.988 Acc@5 79.719
acc1 = 47.0, best_acc1 = 47.0
Epoch: [6][   0/1000]	Time 3.458 (3.458)	Data 3.395 (3.395)	Loss 0.96 (0.96)	Cls Acc 76.2 (76.2)
Epoch: [6][ 100/1000]	Time 3.388 (0.968)	Data 3.330 (0.910)	Loss 0.91 (0.90)	Cls Acc 76.6 (76.8)
Epoch: [6][ 200/1000]	Time 3.372 (0.959)	Data 3.313 (0.901)	Loss 0.87 (0.89)	Cls Acc 77.9 (76.8)
Epoch: [6][ 300/1000]	Time 3.388 (0.955)	Data 3.329 (0.898)	Loss 0.92 (0.89)	Cls Acc 76.4 (76.9)
Epoch: [6][ 400/1000]	Time 3.415 (0.954)	Data 3.356 (0.896)	Loss 0.84 (0.89)	Cls Acc 77.9 (77.0)
Epoch: [6][ 500/1000]	Time 3.463 (0.953)	Data 3.404 (0.896)	Loss 0.84 (0.88)	Cls Acc 78.1 (77.0)
Epoch: [6][ 600/1000]	Time 3.632 (0.959)	Data 3.573 (0.901)	Loss 0.82 (0.88)	Cls Acc 80.1 (77.1)
Epoch: [6][ 700/1000]	Time 3.356 (0.963)	Data 3.298 (0.905)	Loss 0.81 (0.88)	Cls Acc 77.1 (77.2)
Epoch: [6][ 800/1000]	Time 3.598 (0.964)	Data 3.540 (0.906)	Loss 0.88 (0.88)	Cls Acc 76.8 (77.2)
Epoch: [6][ 900/1000]	Time 3.513 (0.964)	Data 3.454 (0.906)	Loss 0.87 (0.87)	Cls Acc 76.0 (77.3)
Test: [0/1]	Time 12.155 (12.155)	Loss 1.8873e+00 (1.8873e+00)	Acc@1  47.39 ( 47.39)	Acc@5  79.92 ( 79.92)
 * Acc@1 47.390 Acc@5 79.920
acc1 = 47.4, best_acc1 = 47.4
Epoch: [7][   0/1000]	Time 3.572 (3.572)	Data 3.513 (3.513)	Loss 0.88 (0.88)	Cls Acc 78.3 (78.3)
Epoch: [7][ 100/1000]	Time 3.668 (1.016)	Data 3.609 (0.958)	Loss 0.83 (0.85)	Cls Acc 78.3 (78.0)
Epoch: [7][ 200/1000]	Time 3.493 (1.004)	Data 3.431 (0.946)	Loss 0.88 (0.84)	Cls Acc 76.8 (78.2)
Epoch: [7][ 300/1000]	Time 3.601 (1.000)	Data 3.543 (0.942)	Loss 0.85 (0.84)	Cls Acc 77.1 (78.3)
Epoch: [7][ 400/1000]	Time 3.530 (0.996)	Data 3.471 (0.938)	Loss 0.80 (0.84)	Cls Acc 79.5 (78.3)
Epoch: [7][ 500/1000]	Time 3.452 (0.990)	Data 3.393 (0.932)	Loss 0.77 (0.84)	Cls Acc 79.9 (78.4)
Epoch: [7][ 600/1000]	Time 3.362 (0.984)	Data 3.303 (0.926)	Loss 0.86 (0.83)	Cls Acc 78.7 (78.4)
Epoch: [7][ 700/1000]	Time 3.379 (0.981)	Data 3.321 (0.923)	Loss 0.85 (0.83)	Cls Acc 79.3 (78.5)
Epoch: [7][ 800/1000]	Time 3.504 (0.978)	Data 3.445 (0.920)	Loss 0.82 (0.83)	Cls Acc 78.3 (78.6)
Epoch: [7][ 900/1000]	Time 3.458 (0.975)	Data 3.400 (0.918)	Loss 0.88 (0.83)	Cls Acc 76.2 (78.6)
Test: [0/1]	Time 12.040 (12.040)	Loss 1.8772e+00 (1.8772e+00)	Acc@1  47.99 ( 47.99)	Acc@5  80.52 ( 80.52)
 * Acc@1 47.992 Acc@5 80.522
acc1 = 48.0, best_acc1 = 48.0
Epoch: [8][   0/1000]	Time 3.517 (3.517)	Data 3.459 (3.459)	Loss 0.76 (0.76)	Cls Acc 81.2 (81.2)
Epoch: [8][ 100/1000]	Time 3.403 (0.979)	Data 3.344 (0.921)	Loss 0.82 (0.80)	Cls Acc 77.7 (79.4)
Epoch: [8][ 200/1000]	Time 3.366 (0.967)	Data 3.307 (0.910)	Loss 0.71 (0.80)	Cls Acc 81.6 (79.4)
Epoch: [8][ 300/1000]	Time 3.427 (0.962)	Data 3.368 (0.904)	Loss 0.82 (0.80)	Cls Acc 77.9 (79.4)
Epoch: [8][ 400/1000]	Time 3.409 (0.958)	Data 3.350 (0.900)	Loss 0.76 (0.80)	Cls Acc 80.1 (79.4)
Epoch: [8][ 500/1000]	Time 3.349 (0.955)	Data 3.291 (0.897)	Loss 0.76 (0.80)	Cls Acc 79.9 (79.5)
Epoch: [8][ 600/1000]	Time 3.340 (0.954)	Data 3.281 (0.896)	Loss 0.69 (0.80)	Cls Acc 82.8 (79.5)
Epoch: [8][ 700/1000]	Time 3.307 (0.952)	Data 3.249 (0.895)	Loss 0.85 (0.79)	Cls Acc 78.1 (79.6)
Epoch: [8][ 800/1000]	Time 3.355 (0.951)	Data 3.296 (0.894)	Loss 0.83 (0.79)	Cls Acc 78.9 (79.6)
Epoch: [8][ 900/1000]	Time 3.385 (0.950)	Data 3.327 (0.892)	Loss 0.78 (0.79)	Cls Acc 81.2 (79.7)
Test: [0/1]	Time 11.888 (11.888)	Loss 1.8730e+00 (1.8730e+00)	Acc@1  47.39 ( 47.39)	Acc@5  80.12 ( 80.12)
 * Acc@1 47.390 Acc@5 80.120
acc1 = 47.4, best_acc1 = 48.0
Epoch: [9][   0/1000]	Time 3.408 (3.408)	Data 3.350 (3.350)	Loss 0.76 (0.76)	Cls Acc 80.7 (80.7)
Epoch: [9][ 100/1000]	Time 3.395 (0.965)	Data 3.336 (0.907)	Loss 0.77 (0.77)	Cls Acc 79.3 (80.3)
Epoch: [9][ 200/1000]	Time 3.386 (0.954)	Data 3.327 (0.896)	Loss 0.77 (0.77)	Cls Acc 81.8 (80.3)
Epoch: [9][ 300/1000]	Time 3.308 (0.951)	Data 3.250 (0.893)	Loss 0.74 (0.76)	Cls Acc 82.8 (80.4)
Epoch: [9][ 400/1000]	Time 3.292 (0.950)	Data 3.234 (0.892)	Loss 0.75 (0.76)	Cls Acc 80.3 (80.4)
Epoch: [9][ 500/1000]	Time 3.426 (0.949)	Data 3.368 (0.892)	Loss 0.74 (0.76)	Cls Acc 80.9 (80.4)
Epoch: [9][ 600/1000]	Time 3.357 (0.948)	Data 3.298 (0.890)	Loss 0.72 (0.76)	Cls Acc 80.1 (80.4)
Epoch: [9][ 700/1000]	Time 3.406 (0.947)	Data 3.347 (0.889)	Loss 0.76 (0.76)	Cls Acc 80.3 (80.5)
Epoch: [9][ 800/1000]	Time 3.290 (0.946)	Data 3.232 (0.888)	Loss 0.70 (0.76)	Cls Acc 82.2 (80.5)
Epoch: [9][ 900/1000]	Time 3.319 (0.946)	Data 3.260 (0.888)	Loss 0.71 (0.75)	Cls Acc 80.9 (80.6)
Test: [0/1]	Time 11.915 (11.915)	Loss 1.8718e+00 (1.8718e+00)	Acc@1  47.59 ( 47.59)	Acc@5  79.72 ( 79.72)
 * Acc@1 47.590 Acc@5 79.719
acc1 = 47.6, best_acc1 = 48.0
Epoch: [10][   0/1000]	Time 3.403 (3.403)	Data 3.344 (3.344)	Loss 0.76 (0.76)	Cls Acc 82.2 (82.2)
Epoch: [10][ 100/1000]	Time 3.388 (0.965)	Data 3.329 (0.907)	Loss 0.74 (0.74)	Cls Acc 81.6 (80.9)
Epoch: [10][ 200/1000]	Time 3.293 (0.952)	Data 3.234 (0.894)	Loss 0.77 (0.74)	Cls Acc 78.5 (81.0)
Epoch: [10][ 300/1000]	Time 3.317 (0.949)	Data 3.258 (0.891)	Loss 0.77 (0.74)	Cls Acc 80.9 (81.0)
Epoch: [10][ 400/1000]	Time 3.399 (0.947)	Data 3.340 (0.889)	Loss 0.71 (0.73)	Cls Acc 81.2 (81.1)
Epoch: [10][ 500/1000]	Time 3.331 (0.945)	Data 3.272 (0.888)	Loss 0.74 (0.73)	Cls Acc 81.4 (81.1)
Epoch: [10][ 600/1000]	Time 3.389 (0.945)	Data 3.330 (0.887)	Loss 0.72 (0.73)	Cls Acc 79.7 (81.1)
Epoch: [10][ 700/1000]	Time 3.308 (0.946)	Data 3.247 (0.888)	Loss 0.67 (0.73)	Cls Acc 82.2 (81.2)
Epoch: [10][ 800/1000]	Time 3.306 (0.946)	Data 3.247 (0.888)	Loss 0.68 (0.73)	Cls Acc 83.8 (81.2)
Epoch: [10][ 900/1000]	Time 3.397 (0.946)	Data 3.339 (0.888)	Loss 0.65 (0.73)	Cls Acc 84.6 (81.3)
Test: [0/1]	Time 11.904 (11.904)	Loss 1.8730e+00 (1.8730e+00)	Acc@1  47.19 ( 47.19)	Acc@5  79.12 ( 79.12)
 * Acc@1 47.189 Acc@5 79.116
acc1 = 47.2, best_acc1 = 48.0
Epoch: [11][   0/1000]	Time 3.380 (3.380)	Data 3.321 (3.321)	Loss 0.71 (0.71)	Cls Acc 83.6 (83.6)
Epoch: [11][ 100/1000]	Time 3.408 (0.964)	Data 3.349 (0.906)	Loss 0.73 (0.71)	Cls Acc 80.9 (81.8)
Epoch: [11][ 200/1000]	Time 3.312 (0.953)	Data 3.253 (0.896)	Loss 0.60 (0.71)	Cls Acc 84.0 (81.8)
Epoch: [11][ 300/1000]	Time 3.338 (0.950)	Data 3.279 (0.893)	Loss 0.77 (0.71)	Cls Acc 78.9 (81.8)
Epoch: [11][ 400/1000]	Time 3.371 (0.949)	Data 3.312 (0.891)	Loss 0.72 (0.71)	Cls Acc 80.3 (81.8)
Epoch: [11][ 500/1000]	Time 3.381 (0.947)	Data 3.323 (0.889)	Loss 0.66 (0.71)	Cls Acc 83.4 (81.8)
Epoch: [11][ 600/1000]	Time 3.373 (0.946)	Data 3.314 (0.888)	Loss 0.72 (0.70)	Cls Acc 82.0 (81.8)
Epoch: [11][ 700/1000]	Time 3.370 (0.945)	Data 3.312 (0.888)	Loss 0.70 (0.70)	Cls Acc 81.4 (81.9)
Epoch: [11][ 800/1000]	Time 3.271 (0.945)	Data 3.212 (0.887)	Loss 0.65 (0.70)	Cls Acc 85.0 (81.9)
Epoch: [11][ 900/1000]	Time 3.379 (0.945)	Data 3.320 (0.887)	Loss 0.71 (0.70)	Cls Acc 81.1 (81.9)
Test: [0/1]	Time 11.933 (11.933)	Loss 1.8734e+00 (1.8734e+00)	Acc@1  47.39 ( 47.39)	Acc@5  79.72 ( 79.72)
 * Acc@1 47.390 Acc@5 79.719
acc1 = 47.4, best_acc1 = 48.0
Epoch: [12][   0/1000]	Time 3.413 (3.413)	Data 3.354 (3.354)	Loss 0.69 (0.69)	Cls Acc 82.0 (82.0)
Epoch: [12][ 100/1000]	Time 3.416 (0.963)	Data 3.358 (0.906)	Loss 0.67 (0.69)	Cls Acc 82.6 (82.2)
Epoch: [12][ 200/1000]	Time 3.352 (0.951)	Data 3.293 (0.894)	Loss 0.71 (0.69)	Cls Acc 83.4 (82.3)
Epoch: [12][ 300/1000]	Time 3.348 (0.949)	Data 3.289 (0.891)	Loss 0.62 (0.69)	Cls Acc 84.0 (82.3)
Epoch: [12][ 400/1000]	Time 3.393 (0.948)	Data 3.335 (0.890)	Loss 0.66 (0.69)	Cls Acc 83.0 (82.3)
Epoch: [12][ 500/1000]	Time 3.364 (0.946)	Data 3.306 (0.889)	Loss 0.69 (0.69)	Cls Acc 83.2 (82.4)
Epoch: [12][ 600/1000]	Time 3.384 (0.945)	Data 3.326 (0.887)	Loss 0.65 (0.68)	Cls Acc 81.6 (82.4)
Epoch: [12][ 700/1000]	Time 3.373 (0.945)	Data 3.314 (0.887)	Loss 0.67 (0.68)	Cls Acc 82.8 (82.4)
Epoch: [12][ 800/1000]	Time 3.275 (0.944)	Data 3.217 (0.887)	Loss 0.59 (0.68)	Cls Acc 85.5 (82.4)
Epoch: [12][ 900/1000]	Time 3.367 (0.944)	Data 3.308 (0.887)	Loss 0.59 (0.68)	Cls Acc 83.8 (82.5)
Test: [0/1]	Time 11.862 (11.862)	Loss 1.8758e+00 (1.8758e+00)	Acc@1  47.19 ( 47.19)	Acc@5  79.72 ( 79.72)
 * Acc@1 47.189 Acc@5 79.719
acc1 = 47.2, best_acc1 = 48.0
Epoch: [13][   0/1000]	Time 3.399 (3.399)	Data 3.336 (3.336)	Loss 0.64 (0.64)	Cls Acc 82.4 (82.4)
Epoch: [13][ 100/1000]	Time 3.384 (0.967)	Data 3.321 (0.909)	Loss 0.69 (0.67)	Cls Acc 80.3 (82.7)
Epoch: [13][ 200/1000]	Time 3.451 (0.956)	Data 3.389 (0.898)	Loss 0.70 (0.67)	Cls Acc 81.8 (82.8)
Epoch: [13][ 300/1000]	Time 3.363 (0.951)	Data 3.300 (0.893)	Loss 0.72 (0.67)	Cls Acc 80.7 (82.8)
Epoch: [13][ 400/1000]	Time 3.306 (0.950)	Data 3.244 (0.892)	Loss 0.75 (0.66)	Cls Acc 81.8 (82.9)
Epoch: [13][ 500/1000]	Time 3.366 (0.948)	Data 3.303 (0.890)	Loss 0.70 (0.66)	Cls Acc 83.4 (82.9)
Epoch: [13][ 600/1000]	Time 3.358 (0.947)	Data 3.295 (0.889)	Loss 0.67 (0.66)	Cls Acc 82.8 (82.9)
Epoch: [13][ 700/1000]	Time 3.383 (0.946)	Data 3.320 (0.889)	Loss 0.70 (0.66)	Cls Acc 81.2 (83.0)
Epoch: [13][ 800/1000]	Time 3.360 (0.945)	Data 3.297 (0.888)	Loss 0.65 (0.66)	Cls Acc 81.8 (83.0)
Epoch: [13][ 900/1000]	Time 3.278 (0.945)	Data 3.215 (0.887)	Loss 0.62 (0.66)	Cls Acc 82.8 (83.0)
Test: [0/1]	Time 11.885 (11.885)	Loss 1.8796e+00 (1.8796e+00)	Acc@1  47.19 ( 47.19)	Acc@5  79.72 ( 79.72)
 * Acc@1 47.189 Acc@5 79.719
acc1 = 47.2, best_acc1 = 48.0
Epoch: [14][   0/1000]	Time 3.399 (3.399)	Data 3.338 (3.338)	Loss 0.64 (0.64)	Cls Acc 84.0 (84.0)
Epoch: [14][ 100/1000]	Time 3.359 (0.962)	Data 3.301 (0.904)	Loss 0.64 (0.65)	Cls Acc 84.0 (83.2)
Epoch: [14][ 200/1000]	Time 3.424 (0.951)	Data 3.365 (0.893)	Loss 0.61 (0.65)	Cls Acc 83.2 (83.3)
Epoch: [14][ 300/1000]	Time 3.429 (0.947)	Data 3.370 (0.889)	Loss 0.71 (0.65)	Cls Acc 82.2 (83.3)
Epoch: [14][ 400/1000]	Time 3.293 (0.945)	Data 3.234 (0.887)	Loss 0.65 (0.65)	Cls Acc 83.6 (83.3)
Epoch: [14][ 500/1000]	Time 3.330 (0.945)	Data 3.272 (0.887)	Loss 0.69 (0.64)	Cls Acc 83.2 (83.4)
Epoch: [14][ 600/1000]	Time 3.395 (0.944)	Data 3.336 (0.887)	Loss 0.60 (0.64)	Cls Acc 83.0 (83.4)
Epoch: [14][ 700/1000]	Time 3.363 (0.944)	Data 3.304 (0.886)	Loss 0.67 (0.64)	Cls Acc 81.8 (83.4)
Epoch: [14][ 800/1000]	Time 3.395 (0.943)	Data 3.337 (0.885)	Loss 0.58 (0.64)	Cls Acc 84.8 (83.4)
Epoch: [14][ 900/1000]	Time 3.337 (0.943)	Data 3.278 (0.885)	Loss 0.64 (0.64)	Cls Acc 83.8 (83.5)
Test: [0/1]	Time 11.883 (11.883)	Loss 1.8824e+00 (1.8824e+00)	Acc@1  46.59 ( 46.59)	Acc@5  79.72 ( 79.72)
 * Acc@1 46.586 Acc@5 79.719
acc1 = 46.6, best_acc1 = 48.0
Epoch: [15][   0/1000]	Time 3.313 (3.313)	Data 3.254 (3.254)	Loss 0.61 (0.61)	Cls Acc 83.6 (83.6)
Epoch: [15][ 100/1000]	Time 3.362 (0.966)	Data 3.303 (0.909)	Loss 0.60 (0.63)	Cls Acc 82.6 (83.9)
Epoch: [15][ 200/1000]	Time 3.402 (0.953)	Data 3.344 (0.896)	Loss 0.63 (0.63)	Cls Acc 84.0 (83.9)
Epoch: [15][ 300/1000]	Time 3.448 (0.949)	Data 3.389 (0.891)	Loss 0.67 (0.63)	Cls Acc 82.2 (83.9)
Epoch: [15][ 400/1000]	Time 3.287 (0.946)	Data 3.228 (0.889)	Loss 0.67 (0.63)	Cls Acc 81.6 (83.8)
Epoch: [15][ 500/1000]	Time 3.277 (0.945)	Data 3.219 (0.888)	Loss 0.63 (0.63)	Cls Acc 84.0 (83.9)
Epoch: [15][ 600/1000]	Time 3.378 (0.945)	Data 3.319 (0.887)	Loss 0.65 (0.63)	Cls Acc 80.7 (83.9)
Epoch: [15][ 700/1000]	Time 3.378 (0.944)	Data 3.320 (0.887)	Loss 0.70 (0.63)	Cls Acc 81.1 (83.9)
Epoch: [15][ 800/1000]	Time 3.407 (0.944)	Data 3.349 (0.886)	Loss 0.55 (0.63)	Cls Acc 85.9 (83.9)
Epoch: [15][ 900/1000]	Time 3.404 (0.943)	Data 3.345 (0.886)	Loss 0.60 (0.62)	Cls Acc 85.9 (83.9)
Test: [0/1]	Time 11.971 (11.971)	Loss 1.8865e+00 (1.8865e+00)	Acc@1  46.39 ( 46.39)	Acc@5  79.92 ( 79.92)
 * Acc@1 46.386 Acc@5 79.920
acc1 = 46.4, best_acc1 = 48.0
Epoch: [16][   0/1000]	Time 3.289 (3.289)	Data 3.231 (3.231)	Loss 0.61 (0.61)	Cls Acc 83.4 (83.4)
Epoch: [16][ 100/1000]	Time 3.494 (0.968)	Data 3.436 (0.911)	Loss 0.67 (0.62)	Cls Acc 84.8 (84.0)
Epoch: [16][ 200/1000]	Time 3.522 (0.965)	Data 3.464 (0.907)	Loss 0.56 (0.62)	Cls Acc 86.7 (84.1)
Epoch: [16][ 300/1000]	Time 3.399 (0.961)	Data 3.340 (0.903)	Loss 0.58 (0.61)	Cls Acc 85.5 (84.2)
Epoch: [16][ 400/1000]	Time 3.573 (0.962)	Data 3.515 (0.904)	Loss 0.66 (0.61)	Cls Acc 82.8 (84.2)
Epoch: [16][ 500/1000]	Time 3.417 (0.964)	Data 3.359 (0.907)	Loss 0.55 (0.61)	Cls Acc 85.7 (84.2)
Epoch: [16][ 600/1000]	Time 3.480 (0.965)	Data 3.422 (0.908)	Loss 0.65 (0.61)	Cls Acc 82.2 (84.2)
Epoch: [16][ 700/1000]	Time 3.453 (0.964)	Data 3.395 (0.906)	Loss 0.69 (0.61)	Cls Acc 82.0 (84.2)
Epoch: [16][ 800/1000]	Time 3.592 (0.964)	Data 3.533 (0.906)	Loss 0.61 (0.61)	Cls Acc 85.0 (84.3)
Epoch: [16][ 900/1000]	Time 3.486 (0.964)	Data 3.428 (0.906)	Loss 0.68 (0.61)	Cls Acc 83.6 (84.3)
Test: [0/1]	Time 11.989 (11.989)	Loss 1.8893e+00 (1.8893e+00)	Acc@1  46.59 ( 46.59)	Acc@5  79.92 ( 79.92)
 * Acc@1 46.586 Acc@5 79.920
acc1 = 46.6, best_acc1 = 48.0
Epoch: [17][   0/1000]	Time 3.379 (3.379)	Data 3.319 (3.319)	Loss 0.58 (0.58)	Cls Acc 84.6 (84.6)
Epoch: [17][ 100/1000]	Time 3.391 (0.976)	Data 3.333 (0.918)	Loss 0.63 (0.60)	Cls Acc 84.4 (84.5)
Epoch: [17][ 200/1000]	Time 3.523 (0.966)	Data 3.464 (0.908)	Loss 0.62 (0.60)	Cls Acc 82.8 (84.5)
Epoch: [17][ 300/1000]	Time 3.383 (0.961)	Data 3.325 (0.903)	Loss 0.59 (0.60)	Cls Acc 85.4 (84.5)
Epoch: [17][ 400/1000]	Time 3.386 (0.956)	Data 3.328 (0.899)	Loss 0.61 (0.60)	Cls Acc 81.6 (84.5)
Epoch: [17][ 500/1000]	Time 3.295 (0.954)	Data 3.236 (0.896)	Loss 0.63 (0.60)	Cls Acc 84.6 (84.5)
Epoch: [17][ 600/1000]	Time 3.302 (0.953)	Data 3.244 (0.895)	Loss 0.65 (0.60)	Cls Acc 82.0 (84.6)
Epoch: [17][ 700/1000]	Time 3.439 (0.952)	Data 3.381 (0.895)	Loss 0.59 (0.60)	Cls Acc 85.4 (84.6)
Epoch: [17][ 800/1000]	Time 3.434 (0.952)	Data 3.375 (0.894)	Loss 0.55 (0.60)	Cls Acc 86.3 (84.6)
Epoch: [17][ 900/1000]	Time 3.400 (0.951)	Data 3.341 (0.894)	Loss 0.58 (0.60)	Cls Acc 86.3 (84.6)
Test: [0/1]	Time 12.050 (12.050)	Loss 1.8961e+00 (1.8961e+00)	Acc@1  45.98 ( 45.98)	Acc@5  79.92 ( 79.92)
 * Acc@1 45.984 Acc@5 79.920
acc1 = 46.0, best_acc1 = 48.0
Epoch: [18][   0/1000]	Time 3.501 (3.501)	Data 3.442 (3.442)	Loss 0.58 (0.58)	Cls Acc 85.2 (85.2)
Epoch: [18][ 100/1000]	Time 3.422 (0.985)	Data 3.363 (0.927)	Loss 0.63 (0.59)	Cls Acc 82.4 (84.8)
Epoch: [18][ 200/1000]	Time 3.369 (0.971)	Data 3.310 (0.913)	Loss 0.58 (0.59)	Cls Acc 85.5 (84.9)
Epoch: [18][ 300/1000]	Time 3.553 (0.967)	Data 3.495 (0.910)	Loss 0.58 (0.59)	Cls Acc 84.4 (84.9)
Epoch: [18][ 400/1000]	Time 3.394 (0.963)	Data 3.335 (0.906)	Loss 0.58 (0.59)	Cls Acc 84.6 (84.9)
Epoch: [18][ 500/1000]	Time 3.481 (0.960)	Data 3.423 (0.903)	Loss 0.57 (0.59)	Cls Acc 85.4 (84.9)
Epoch: [18][ 600/1000]	Time 3.402 (0.959)	Data 3.344 (0.902)	Loss 0.65 (0.59)	Cls Acc 81.8 (84.9)
Epoch: [18][ 700/1000]	Time 3.310 (0.958)	Data 3.252 (0.900)	Loss 0.62 (0.58)	Cls Acc 84.0 (84.9)
Epoch: [18][ 800/1000]	Time 3.410 (0.956)	Data 3.352 (0.899)	Loss 0.55 (0.58)	Cls Acc 86.1 (84.9)
Epoch: [18][ 900/1000]	Time 3.387 (0.955)	Data 3.329 (0.898)	Loss 0.55 (0.58)	Cls Acc 85.9 (84.9)
Test: [0/1]	Time 11.881 (11.881)	Loss 1.8982e+00 (1.8982e+00)	Acc@1  46.18 ( 46.18)	Acc@5  79.92 ( 79.92)
 * Acc@1 46.185 Acc@5 79.920
acc1 = 46.2, best_acc1 = 48.0
Epoch: [19][   0/1000]	Time 3.379 (3.379)	Data 3.321 (3.321)	Loss 0.58 (0.58)	Cls Acc 85.2 (85.2)
Epoch: [19][ 100/1000]	Time 3.307 (0.958)	Data 3.249 (0.900)	Loss 0.59 (0.57)	Cls Acc 83.4 (85.3)
Epoch: [19][ 200/1000]	Time 3.281 (0.949)	Data 3.223 (0.891)	Loss 0.52 (0.57)	Cls Acc 86.9 (85.3)
Epoch: [19][ 300/1000]	Time 3.353 (0.946)	Data 3.295 (0.888)	Loss 0.49 (0.57)	Cls Acc 87.7 (85.3)
Epoch: [19][ 400/1000]	Time 3.373 (0.944)	Data 3.315 (0.886)	Loss 0.63 (0.57)	Cls Acc 83.2 (85.3)
Epoch: [19][ 500/1000]	Time 3.335 (0.942)	Data 3.277 (0.884)	Loss 0.55 (0.57)	Cls Acc 86.7 (85.3)
Epoch: [19][ 600/1000]	Time 3.370 (0.941)	Data 3.312 (0.883)	Loss 0.49 (0.57)	Cls Acc 85.7 (85.3)
Epoch: [19][ 700/1000]	Time 3.288 (0.940)	Data 3.229 (0.883)	Loss 0.61 (0.57)	Cls Acc 84.6 (85.3)
Epoch: [19][ 800/1000]	Time 3.330 (0.940)	Data 3.272 (0.883)	Loss 0.62 (0.57)	Cls Acc 83.8 (85.3)
Epoch: [19][ 900/1000]	Time 3.337 (0.940)	Data 3.279 (0.882)	Loss 0.51 (0.57)	Cls Acc 86.5 (85.3)
Test: [0/1]	Time 11.852 (11.852)	Loss 1.9038e+00 (1.9038e+00)	Acc@1  46.18 ( 46.18)	Acc@5  80.12 ( 80.12)
 * Acc@1 46.185 Acc@5 80.120
acc1 = 46.2, best_acc1 = 48.0
Epoch: [20][   0/1000]	Time 3.402 (3.402)	Data 3.340 (3.340)	Loss 0.56 (0.56)	Cls Acc 85.0 (85.0)
Epoch: [20][ 100/1000]	Time 3.377 (0.960)	Data 3.318 (0.902)	Loss 0.56 (0.56)	Cls Acc 87.3 (85.4)
Epoch: [20][ 200/1000]	Time 3.404 (0.950)	Data 3.345 (0.892)	Loss 0.53 (0.56)	Cls Acc 86.3 (85.5)
Epoch: [20][ 300/1000]	Time 3.374 (0.946)	Data 3.316 (0.888)	Loss 0.53 (0.56)	Cls Acc 85.5 (85.5)
Epoch: [20][ 400/1000]	Time 3.242 (0.944)	Data 3.184 (0.886)	Loss 0.50 (0.56)	Cls Acc 87.3 (85.5)
Epoch: [20][ 500/1000]	Time 3.345 (0.943)	Data 3.287 (0.885)	Loss 0.52 (0.56)	Cls Acc 85.5 (85.5)
Epoch: [20][ 600/1000]	Time 3.367 (0.942)	Data 3.309 (0.884)	Loss 0.53 (0.56)	Cls Acc 86.3 (85.5)
Epoch: [20][ 700/1000]	Time 3.375 (0.941)	Data 3.316 (0.883)	Loss 0.57 (0.56)	Cls Acc 85.2 (85.5)
Epoch: [20][ 800/1000]	Time 3.356 (0.941)	Data 3.297 (0.883)	Loss 0.53 (0.56)	Cls Acc 86.5 (85.5)
Epoch: [20][ 900/1000]	Time 3.286 (0.940)	Data 3.227 (0.883)	Loss 0.60 (0.56)	Cls Acc 83.6 (85.5)
Test: [0/1]	Time 11.848 (11.848)	Loss 1.9106e+00 (1.9106e+00)	Acc@1  46.79 ( 46.79)	Acc@5  80.12 ( 80.12)
 * Acc@1 46.787 Acc@5 80.120
acc1 = 46.8, best_acc1 = 48.0
Epoch: [21][   0/1000]	Time 3.372 (3.372)	Data 3.313 (3.313)	Loss 0.56 (0.56)	Cls Acc 85.7 (85.7)
Epoch: [21][ 100/1000]	Time 3.371 (0.959)	Data 3.313 (0.902)	Loss 0.52 (0.55)	Cls Acc 86.7 (85.7)
Epoch: [21][ 200/1000]	Time 3.371 (0.947)	Data 3.313 (0.890)	Loss 0.61 (0.55)	Cls Acc 84.2 (85.8)
Epoch: [21][ 300/1000]	Time 3.333 (0.944)	Data 3.275 (0.887)	Loss 0.56 (0.55)	Cls Acc 85.5 (85.8)
Epoch: [21][ 400/1000]	Time 3.293 (0.943)	Data 3.235 (0.885)	Loss 0.51 (0.55)	Cls Acc 86.5 (85.9)
Epoch: [21][ 500/1000]	Time 3.402 (0.942)	Data 3.344 (0.884)	Loss 0.52 (0.55)	Cls Acc 85.5 (85.8)
Epoch: [21][ 600/1000]	Time 3.351 (0.941)	Data 3.293 (0.884)	Loss 0.51 (0.55)	Cls Acc 87.1 (85.9)
Epoch: [21][ 700/1000]	Time 3.377 (0.940)	Data 3.319 (0.883)	Loss 0.53 (0.55)	Cls Acc 86.1 (85.9)
Epoch: [21][ 800/1000]	Time 3.340 (0.940)	Data 3.282 (0.882)	Loss 0.53 (0.55)	Cls Acc 85.7 (85.9)
Epoch: [21][ 900/1000]	Time 3.329 (0.940)	Data 3.270 (0.882)	Loss 0.51 (0.55)	Cls Acc 88.1 (85.9)
Test: [0/1]	Time 11.843 (11.843)	Loss 1.9148e+00 (1.9148e+00)	Acc@1  46.79 ( 46.79)	Acc@5  79.72 ( 79.72)
 * Acc@1 46.787 Acc@5 79.719
acc1 = 46.8, best_acc1 = 48.0
Epoch: [22][   0/1000]	Time 3.401 (3.401)	Data 3.343 (3.343)	Loss 0.61 (0.61)	Cls Acc 85.0 (85.0)
Epoch: [22][ 100/1000]	Time 3.352 (0.961)	Data 3.294 (0.904)	Loss 0.56 (0.54)	Cls Acc 84.4 (86.0)
Epoch: [22][ 200/1000]	Time 3.367 (0.948)	Data 3.309 (0.890)	Loss 0.54 (0.54)	Cls Acc 86.5 (86.0)
Epoch: [22][ 300/1000]	Time 3.330 (0.944)	Data 3.272 (0.886)	Loss 0.52 (0.54)	Cls Acc 86.3 (86.0)
Epoch: [22][ 400/1000]	Time 3.252 (0.942)	Data 3.194 (0.885)	Loss 0.50 (0.54)	Cls Acc 86.5 (86.0)
Epoch: [22][ 500/1000]	Time 3.341 (0.942)	Data 3.282 (0.884)	Loss 0.56 (0.54)	Cls Acc 83.8 (86.1)
Epoch: [22][ 600/1000]	Time 3.355 (0.941)	Data 3.297 (0.883)	Loss 0.52 (0.54)	Cls Acc 86.1 (86.1)
Epoch: [22][ 700/1000]	Time 3.346 (0.940)	Data 3.288 (0.883)	Loss 0.59 (0.54)	Cls Acc 84.2 (86.1)
Epoch: [22][ 800/1000]	Time 3.379 (0.940)	Data 3.320 (0.882)	Loss 0.48 (0.54)	Cls Acc 89.1 (86.1)
Epoch: [22][ 900/1000]	Time 3.266 (0.939)	Data 3.208 (0.882)	Loss 0.49 (0.54)	Cls Acc 87.9 (86.1)
Test: [0/1]	Time 11.874 (11.874)	Loss 1.9191e+00 (1.9191e+00)	Acc@1  46.79 ( 46.79)	Acc@5  79.72 ( 79.72)
 * Acc@1 46.787 Acc@5 79.719
acc1 = 46.8, best_acc1 = 48.0
Epoch: [23][   0/1000]	Time 3.351 (3.351)	Data 3.293 (3.293)	Loss 0.56 (0.56)	Cls Acc 85.9 (85.9)
Epoch: [23][ 100/1000]	Time 3.329 (0.958)	Data 3.271 (0.901)	Loss 0.54 (0.53)	Cls Acc 84.0 (86.3)
Epoch: [23][ 200/1000]	Time 3.364 (0.947)	Data 3.306 (0.889)	Loss 0.60 (0.53)	Cls Acc 84.4 (86.3)
Epoch: [23][ 300/1000]	Time 3.378 (0.944)	Data 3.319 (0.886)	Loss 0.56 (0.53)	Cls Acc 85.4 (86.3)
Epoch: [23][ 400/1000]	Time 3.242 (0.942)	Data 3.184 (0.885)	Loss 0.60 (0.53)	Cls Acc 84.2 (86.3)
Epoch: [23][ 500/1000]	Time 3.272 (0.942)	Data 3.214 (0.884)	Loss 0.54 (0.53)	Cls Acc 85.7 (86.3)
Epoch: [23][ 600/1000]	Time 3.356 (0.941)	Data 3.298 (0.883)	Loss 0.53 (0.53)	Cls Acc 86.9 (86.3)
Epoch: [23][ 700/1000]	Time 3.491 (0.942)	Data 3.433 (0.884)	Loss 0.55 (0.53)	Cls Acc 87.9 (86.3)
Epoch: [23][ 800/1000]	Time 3.389 (0.943)	Data 3.331 (0.885)	Loss 0.45 (0.53)	Cls Acc 88.5 (86.3)
Epoch: [23][ 900/1000]	Time 3.294 (0.942)	Data 3.236 (0.885)	Loss 0.51 (0.53)	Cls Acc 87.5 (86.3)
Test: [0/1]	Time 11.903 (11.903)	Loss 1.9232e+00 (1.9232e+00)	Acc@1  46.59 ( 46.59)	Acc@5  79.72 ( 79.72)
 * Acc@1 46.586 Acc@5 79.719
acc1 = 46.6, best_acc1 = 48.0
Epoch: [24][   0/1000]	Time 3.310 (3.310)	Data 3.252 (3.252)	Loss 0.47 (0.47)	Cls Acc 85.7 (85.7)
Epoch: [24][ 100/1000]	Time 3.308 (0.963)	Data 3.250 (0.905)	Loss 0.48 (0.52)	Cls Acc 87.5 (86.7)
Epoch: [24][ 200/1000]	Time 3.490 (0.955)	Data 3.432 (0.897)	Loss 0.51 (0.52)	Cls Acc 86.3 (86.6)
Epoch: [24][ 300/1000]	Time 3.547 (0.958)	Data 3.488 (0.901)	Loss 0.56 (0.52)	Cls Acc 85.5 (86.6)
Epoch: [24][ 400/1000]	Time 3.581 (0.960)	Data 3.523 (0.902)	Loss 0.49 (0.52)	Cls Acc 86.9 (86.6)
Epoch: [24][ 500/1000]	Time 3.424 (0.961)	Data 3.366 (0.904)	Loss 0.48 (0.52)	Cls Acc 88.9 (86.6)
Epoch: [24][ 600/1000]	Time 3.403 (0.958)	Data 3.344 (0.900)	Loss 0.48 (0.52)	Cls Acc 88.5 (86.6)
Epoch: [24][ 700/1000]	Time 3.356 (0.955)	Data 3.298 (0.897)	Loss 0.52 (0.52)	Cls Acc 87.3 (86.6)
Epoch: [24][ 800/1000]	Time 3.395 (0.952)	Data 3.337 (0.895)	Loss 0.50 (0.52)	Cls Acc 87.7 (86.6)
Epoch: [24][ 900/1000]	Time 3.331 (0.951)	Data 3.273 (0.893)	Loss 0.47 (0.52)	Cls Acc 87.5 (86.6)
Test: [0/1]	Time 11.921 (11.921)	Loss 1.9298e+00 (1.9298e+00)	Acc@1  46.99 ( 46.99)	Acc@5  79.92 ( 79.92)
 * Acc@1 46.988 Acc@5 79.920
acc1 = 47.0, best_acc1 = 48.0
Epoch: [25][   0/1000]	Time 3.300 (3.300)	Data 3.242 (3.242)	Loss 0.50 (0.50)	Cls Acc 86.3 (86.3)
Epoch: [25][ 100/1000]	Time 3.377 (0.962)	Data 3.319 (0.905)	Loss 0.59 (0.51)	Cls Acc 85.2 (86.9)
Epoch: [25][ 200/1000]	Time 3.391 (0.950)	Data 3.332 (0.892)	Loss 0.47 (0.51)	Cls Acc 87.5 (86.9)
Epoch: [25][ 300/1000]	Time 3.354 (0.945)	Data 3.296 (0.887)	Loss 0.51 (0.51)	Cls Acc 85.7 (86.8)
Epoch: [25][ 400/1000]	Time 3.350 (0.943)	Data 3.292 (0.885)	Loss 0.53 (0.51)	Cls Acc 86.3 (86.8)
Epoch: [25][ 500/1000]	Time 3.348 (0.941)	Data 3.290 (0.884)	Loss 0.41 (0.51)	Cls Acc 90.4 (86.8)
Epoch: [25][ 600/1000]	Time 3.334 (0.944)	Data 3.276 (0.886)	Loss 0.46 (0.51)	Cls Acc 87.7 (86.8)
Epoch: [25][ 700/1000]	Time 3.326 (0.943)	Data 3.267 (0.886)	Loss 0.56 (0.51)	Cls Acc 85.0 (86.8)
Epoch: [25][ 800/1000]	Time 3.336 (0.942)	Data 3.278 (0.885)	Loss 0.51 (0.51)	Cls Acc 86.5 (86.8)
Epoch: [25][ 900/1000]	Time 3.365 (0.941)	Data 3.307 (0.884)	Loss 0.51 (0.51)	Cls Acc 86.3 (86.8)
Test: [0/1]	Time 11.891 (11.891)	Loss 1.9346e+00 (1.9346e+00)	Acc@1  46.99 ( 46.99)	Acc@5  79.92 ( 79.92)
 * Acc@1 46.988 Acc@5 79.920
acc1 = 47.0, best_acc1 = 48.0
Epoch: [26][   0/1000]	Time 3.268 (3.268)	Data 3.210 (3.210)	Loss 0.46 (0.46)	Cls Acc 88.9 (88.9)
Epoch: [26][ 100/1000]	Time 3.264 (0.961)	Data 3.205 (0.904)	Loss 0.49 (0.50)	Cls Acc 88.1 (86.9)
Epoch: [26][ 200/1000]	Time 3.384 (0.948)	Data 3.326 (0.891)	Loss 0.53 (0.50)	Cls Acc 85.2 (86.9)
Epoch: [26][ 300/1000]	Time 3.355 (0.945)	Data 3.297 (0.887)	Loss 0.46 (0.50)	Cls Acc 87.3 (86.9)
Epoch: [26][ 400/1000]	Time 3.262 (0.943)	Data 3.204 (0.886)	Loss 0.45 (0.50)	Cls Acc 88.3 (86.9)
Epoch: [26][ 500/1000]	Time 3.281 (0.943)	Data 3.223 (0.885)	Loss 0.52 (0.50)	Cls Acc 86.9 (86.9)
Epoch: [26][ 600/1000]	Time 3.394 (0.943)	Data 3.336 (0.885)	Loss 0.45 (0.50)	Cls Acc 87.7 (86.9)
Epoch: [26][ 700/1000]	Time 3.350 (0.942)	Data 3.292 (0.884)	Loss 0.46 (0.50)	Cls Acc 89.3 (87.0)
Epoch: [26][ 800/1000]	Time 3.341 (0.941)	Data 3.283 (0.884)	Loss 0.56 (0.50)	Cls Acc 86.1 (87.0)
Epoch: [26][ 900/1000]	Time 3.320 (0.941)	Data 3.261 (0.883)	Loss 0.48 (0.50)	Cls Acc 87.9 (87.0)
Test: [0/1]	Time 11.874 (11.874)	Loss 1.9390e+00 (1.9390e+00)	Acc@1  46.99 ( 46.99)	Acc@5  79.92 ( 79.92)
 * Acc@1 46.988 Acc@5 79.920
acc1 = 47.0, best_acc1 = 48.0
Epoch: [27][   0/1000]	Time 3.288 (3.288)	Data 3.230 (3.230)	Loss 0.51 (0.51)	Cls Acc 84.0 (84.0)
Epoch: [27][ 100/1000]	Time 3.360 (0.962)	Data 3.302 (0.904)	Loss 0.50 (0.49)	Cls Acc 89.1 (87.2)
Epoch: [27][ 200/1000]	Time 3.379 (0.949)	Data 3.321 (0.891)	Loss 0.43 (0.49)	Cls Acc 88.3 (87.3)
Epoch: [27][ 300/1000]	Time 3.383 (0.945)	Data 3.325 (0.887)	Loss 0.50 (0.49)	Cls Acc 87.7 (87.2)
Epoch: [27][ 400/1000]	Time 3.438 (0.944)	Data 3.380 (0.886)	Loss 0.56 (0.49)	Cls Acc 85.2 (87.2)
Epoch: [27][ 500/1000]	Time 3.280 (0.943)	Data 3.222 (0.885)	Loss 0.52 (0.49)	Cls Acc 86.7 (87.2)
Epoch: [27][ 600/1000]	Time 3.311 (0.943)	Data 3.253 (0.885)	Loss 0.46 (0.49)	Cls Acc 88.1 (87.2)
Epoch: [27][ 700/1000]	Time 3.373 (0.942)	Data 3.315 (0.885)	Loss 0.43 (0.49)	Cls Acc 87.7 (87.2)
Epoch: [27][ 800/1000]	Time 3.390 (0.942)	Data 3.332 (0.884)	Loss 0.51 (0.49)	Cls Acc 87.5 (87.2)
Epoch: [27][ 900/1000]	Time 3.391 (0.941)	Data 3.333 (0.884)	Loss 0.52 (0.49)	Cls Acc 86.5 (87.2)
Test: [0/1]	Time 11.864 (11.864)	Loss 1.9450e+00 (1.9450e+00)	Acc@1  47.39 ( 47.39)	Acc@5  79.92 ( 79.92)
 * Acc@1 47.390 Acc@5 79.920
acc1 = 47.4, best_acc1 = 48.0
Epoch: [28][   0/1000]	Time 3.379 (3.379)	Data 3.320 (3.320)	Loss 0.50 (0.50)	Cls Acc 88.1 (88.1)
Epoch: [28][ 100/1000]	Time 3.326 (0.961)	Data 3.268 (0.903)	Loss 0.51 (0.49)	Cls Acc 86.5 (87.2)
Epoch: [28][ 200/1000]	Time 3.289 (0.951)	Data 3.231 (0.893)	Loss 0.49 (0.48)	Cls Acc 87.3 (87.3)
Epoch: [28][ 300/1000]	Time 3.340 (0.948)	Data 3.282 (0.890)	Loss 0.50 (0.48)	Cls Acc 86.3 (87.4)
Epoch: [28][ 400/1000]	Time 3.399 (0.945)	Data 3.341 (0.887)	Loss 0.56 (0.48)	Cls Acc 84.8 (87.4)
Epoch: [28][ 500/1000]	Time 3.360 (0.943)	Data 3.302 (0.885)	Loss 0.53 (0.48)	Cls Acc 86.1 (87.4)
Epoch: [28][ 600/1000]	Time 3.275 (0.942)	Data 3.217 (0.885)	Loss 0.43 (0.48)	Cls Acc 89.3 (87.4)
Epoch: [28][ 700/1000]	Time 3.292 (0.942)	Data 3.234 (0.884)	Loss 0.49 (0.48)	Cls Acc 86.9 (87.4)
Epoch: [28][ 800/1000]	Time 3.378 (0.941)	Data 3.319 (0.884)	Loss 0.42 (0.48)	Cls Acc 89.8 (87.4)
Epoch: [28][ 900/1000]	Time 3.359 (0.941)	Data 3.301 (0.883)	Loss 0.47 (0.48)	Cls Acc 87.3 (87.4)
Test: [0/1]	Time 11.847 (11.847)	Loss 1.9497e+00 (1.9497e+00)	Acc@1  47.19 ( 47.19)	Acc@5  79.72 ( 79.72)
 * Acc@1 47.189 Acc@5 79.719
acc1 = 47.2, best_acc1 = 48.0
Epoch: [29][   0/1000]	Time 3.400 (3.400)	Data 3.341 (3.341)	Loss 0.45 (0.45)	Cls Acc 88.5 (88.5)
Epoch: [29][ 100/1000]	Time 3.343 (0.961)	Data 3.285 (0.903)	Loss 0.48 (0.48)	Cls Acc 86.9 (87.5)
Epoch: [29][ 200/1000]	Time 3.278 (0.950)	Data 3.220 (0.892)	Loss 0.46 (0.48)	Cls Acc 87.5 (87.5)
Epoch: [29][ 300/1000]	Time 3.263 (0.947)	Data 3.205 (0.889)	Loss 0.51 (0.48)	Cls Acc 85.5 (87.5)
Epoch: [29][ 400/1000]	Time 3.388 (0.945)	Data 3.330 (0.888)	Loss 0.51 (0.48)	Cls Acc 86.1 (87.5)
Epoch: [29][ 500/1000]	Time 3.397 (0.945)	Data 3.339 (0.887)	Loss 0.53 (0.48)	Cls Acc 85.5 (87.5)
Epoch: [29][ 600/1000]	Time 3.441 (0.946)	Data 3.383 (0.888)	Loss 0.47 (0.47)	Cls Acc 87.3 (87.5)
Epoch: [29][ 700/1000]	Time 3.347 (0.947)	Data 3.289 (0.889)	Loss 0.42 (0.47)	Cls Acc 89.8 (87.5)
Epoch: [29][ 800/1000]	Time 3.452 (0.949)	Data 3.394 (0.891)	Loss 0.49 (0.47)	Cls Acc 87.5 (87.5)
Epoch: [29][ 900/1000]	Time 3.514 (0.950)	Data 3.456 (0.893)	Loss 0.43 (0.47)	Cls Acc 88.7 (87.6)
Test: [0/1]	Time 11.938 (11.938)	Loss 1.9560e+00 (1.9560e+00)	Acc@1  47.39 ( 47.39)	Acc@5  79.72 ( 79.72)
 * Acc@1 47.390 Acc@5 79.719
acc1 = 47.4, best_acc1 = 48.0
best_acc1 = 48.0
Test: [0/1]	Time 11.887 (11.887)	Loss 1.8772e+00 (1.8772e+00)	Acc@1  47.99 ( 47.99)	Acc@5  80.52 ( 80.52)
 * Acc@1 47.992 Acc@5 80.522
val_acc1 = 48.0
Test: [0/1]	Time 11.845 (11.845)	Loss 1.8772e+00 (1.8772e+00)	Acc@1  47.99 ( 47.99)	Acc@5  80.52 ( 80.52)
 * Acc@1 47.992 Acc@5 80.522
test_acc1 = 48.0
