Namespace(arch='alexnet', batch_size=512, center_crop=False, checkmodel_logsave=False, data='Office31', data_processing='ours', epochs=30, iters_per_epoch=1000, local=False, local_pretrained_path='', log='/home/junzhin/Project/Summer_project/code/version2.0/training_results/Alex_pretrained/A_W', lr=0.0001, lr_decay=0.75, lr_gamma=0.0003, momentum=0.9, per_class_eval=False, phase='train', pretrained=True, print_freq=100, root='/home/junzhin/Project/Summer_project/code/version2.0/data/office31', seed=None, source='A', target='W', wd=0.0005, workers=8)
=> using pre-trained model 'alexnet'
Epoch: [0][   0/1000]	Time 2.406 (2.406)	Data 0.204 (0.204)	Loss 3.59 (3.59)	Cls Acc 4.9 (4.9)
Epoch: [0][ 100/1000]	Time 3.540 (1.007)	Data 3.478 (0.928)	Loss 3.33 (3.45)	Cls Acc 8.6 (7.0)
Epoch: [0][ 200/1000]	Time 3.464 (0.999)	Data 3.406 (0.931)	Loss 3.16 (3.35)	Cls Acc 14.3 (8.9)
Epoch: [0][ 300/1000]	Time 3.562 (0.997)	Data 3.504 (0.932)	Loss 3.02 (3.27)	Cls Acc 20.9 (11.8)
Epoch: [0][ 400/1000]	Time 3.586 (0.996)	Data 3.527 (0.933)	Loss 2.81 (3.18)	Cls Acc 26.8 (14.6)
Epoch: [0][ 500/1000]	Time 3.567 (0.996)	Data 3.509 (0.934)	Loss 2.67 (3.11)	Cls Acc 32.8 (17.3)
Epoch: [0][ 600/1000]	Time 3.560 (0.995)	Data 3.501 (0.934)	Loss 2.62 (3.03)	Cls Acc 31.8 (19.9)
Epoch: [0][ 700/1000]	Time 3.521 (0.995)	Data 3.463 (0.934)	Loss 2.49 (2.96)	Cls Acc 38.5 (22.5)
Epoch: [0][ 800/1000]	Time 3.454 (0.995)	Data 3.396 (0.934)	Loss 2.29 (2.88)	Cls Acc 46.3 (25.1)
Epoch: [0][ 900/1000]	Time 3.585 (0.995)	Data 3.526 (0.934)	Loss 2.26 (2.81)	Cls Acc 46.9 (27.6)
Test: [0/2]	Time  4.952 ( 4.952)	Loss 2.6719e+00 (2.6719e+00)	Acc@1  29.69 ( 29.69)	Acc@5  58.98 ( 58.98)
 * Acc@1 32.579 Acc@5 60.629
acc1 = 32.6, best_acc1 = 32.6
Epoch: [1][   0/1000]	Time 3.563 (3.563)	Data 3.502 (3.502)	Loss 2.09 (2.09)	Cls Acc 51.6 (51.6)
Epoch: [1][ 100/1000]	Time 3.550 (1.015)	Data 3.492 (0.958)	Loss 1.93 (2.01)	Cls Acc 58.0 (54.6)
Epoch: [1][ 200/1000]	Time 3.585 (1.003)	Data 3.527 (0.945)	Loss 1.93 (1.95)	Cls Acc 55.1 (55.8)
Epoch: [1][ 300/1000]	Time 3.487 (1.011)	Data 3.429 (0.953)	Loss 1.78 (1.91)	Cls Acc 60.4 (56.9)
Epoch: [1][ 400/1000]	Time 3.494 (1.005)	Data 3.436 (0.948)	Loss 1.66 (1.86)	Cls Acc 62.5 (57.9)
Epoch: [1][ 500/1000]	Time 3.502 (1.003)	Data 3.444 (0.945)	Loss 1.56 (1.82)	Cls Acc 62.3 (58.7)
Epoch: [1][ 600/1000]	Time 3.541 (1.000)	Data 3.479 (0.942)	Loss 1.46 (1.78)	Cls Acc 66.8 (59.4)
Epoch: [1][ 700/1000]	Time 3.538 (0.998)	Data 3.476 (0.940)	Loss 1.49 (1.74)	Cls Acc 61.9 (60.1)
Epoch: [1][ 800/1000]	Time 3.515 (0.996)	Data 3.457 (0.939)	Loss 1.43 (1.71)	Cls Acc 65.6 (60.6)
Epoch: [1][ 900/1000]	Time 3.549 (0.996)	Data 3.491 (0.938)	Loss 1.42 (1.68)	Cls Acc 64.1 (61.2)
Test: [0/2]	Time  4.951 ( 4.951)	Loss 2.3297e+00 (2.3297e+00)	Acc@1  36.91 ( 36.91)	Acc@5  68.95 ( 68.95)
 * Acc@1 40.000 Acc@5 72.075
acc1 = 40.0, best_acc1 = 40.0
Epoch: [2][   0/1000]	Time 3.599 (3.599)	Data 3.540 (3.540)	Loss 1.40 (1.40)	Cls Acc 66.6 (66.6)
Epoch: [2][ 100/1000]	Time 3.509 (1.021)	Data 3.450 (0.963)	Loss 1.35 (1.35)	Cls Acc 67.2 (66.6)
Epoch: [2][ 200/1000]	Time 3.529 (1.011)	Data 3.471 (0.953)	Loss 1.17 (1.34)	Cls Acc 74.6 (66.9)
Epoch: [2][ 300/1000]	Time 3.617 (1.005)	Data 3.554 (0.947)	Loss 1.34 (1.32)	Cls Acc 65.8 (67.1)
Epoch: [2][ 400/1000]	Time 3.542 (1.003)	Data 3.483 (0.945)	Loss 1.22 (1.31)	Cls Acc 70.7 (67.4)
Epoch: [2][ 500/1000]	Time 3.601 (1.004)	Data 3.543 (0.946)	Loss 1.28 (1.30)	Cls Acc 67.2 (67.6)
Epoch: [2][ 600/1000]	Time 3.672 (1.003)	Data 3.613 (0.945)	Loss 1.22 (1.28)	Cls Acc 67.8 (67.8)
Epoch: [2][ 700/1000]	Time 3.501 (1.002)	Data 3.443 (0.944)	Loss 1.16 (1.27)	Cls Acc 68.2 (68.0)
Epoch: [2][ 800/1000]	Time 3.601 (1.003)	Data 3.539 (0.945)	Loss 1.11 (1.26)	Cls Acc 71.7 (68.3)
Epoch: [2][ 900/1000]	Time 3.583 (1.003)	Data 3.524 (0.945)	Loss 1.06 (1.25)	Cls Acc 75.2 (68.5)
Test: [0/2]	Time  5.016 ( 5.016)	Loss 2.2038e+00 (2.2038e+00)	Acc@1  40.82 ( 40.82)	Acc@5  73.83 ( 73.83)
 * Acc@1 43.270 Acc@5 75.723
acc1 = 43.3, best_acc1 = 43.3
Epoch: [3][   0/1000]	Time 3.586 (3.586)	Data 3.528 (3.528)	Loss 1.15 (1.15)	Cls Acc 68.2 (68.2)
Epoch: [3][ 100/1000]	Time 3.625 (1.057)	Data 3.567 (0.999)	Loss 1.15 (1.14)	Cls Acc 69.9 (70.8)
Epoch: [3][ 200/1000]	Time 3.577 (1.035)	Data 3.515 (0.977)	Loss 1.20 (1.13)	Cls Acc 69.1 (71.0)
Epoch: [3][ 300/1000]	Time 3.626 (1.023)	Data 3.567 (0.965)	Loss 1.07 (1.12)	Cls Acc 70.5 (71.2)
Epoch: [3][ 400/1000]	Time 3.509 (1.018)	Data 3.450 (0.960)	Loss 1.07 (1.11)	Cls Acc 70.7 (71.4)
Epoch: [3][ 500/1000]	Time 3.579 (1.015)	Data 3.520 (0.957)	Loss 1.04 (1.11)	Cls Acc 74.0 (71.6)
Epoch: [3][ 600/1000]	Time 3.625 (1.012)	Data 3.566 (0.955)	Loss 1.08 (1.10)	Cls Acc 73.4 (71.7)
Epoch: [3][ 700/1000]	Time 3.575 (1.012)	Data 3.513 (0.954)	Loss 1.06 (1.09)	Cls Acc 72.1 (71.8)
Epoch: [3][ 800/1000]	Time 3.624 (1.011)	Data 3.566 (0.953)	Loss 1.08 (1.09)	Cls Acc 71.9 (71.9)
Epoch: [3][ 900/1000]	Time 3.609 (1.010)	Data 3.551 (0.952)	Loss 1.07 (1.08)	Cls Acc 70.9 (72.1)
Test: [0/2]	Time  5.072 ( 5.072)	Loss 2.1385e+00 (2.1385e+00)	Acc@1  41.80 ( 41.80)	Acc@5  75.39 ( 75.39)
 * Acc@1 44.277 Acc@5 76.981
acc1 = 44.3, best_acc1 = 44.3
Epoch: [4][   0/1000]	Time 3.557 (3.557)	Data 3.499 (3.499)	Loss 1.00 (1.00)	Cls Acc 72.3 (72.3)
Epoch: [4][ 100/1000]	Time 3.545 (1.026)	Data 3.482 (0.968)	Loss 0.93 (1.01)	Cls Acc 76.0 (73.5)
Epoch: [4][ 200/1000]	Time 3.654 (1.013)	Data 3.595 (0.955)	Loss 1.07 (1.01)	Cls Acc 71.7 (73.6)
Epoch: [4][ 300/1000]	Time 3.540 (1.007)	Data 3.481 (0.949)	Loss 1.05 (1.01)	Cls Acc 72.7 (73.7)
Epoch: [4][ 400/1000]	Time 3.575 (1.005)	Data 3.517 (0.947)	Loss 0.93 (1.00)	Cls Acc 74.4 (73.8)
Epoch: [4][ 500/1000]	Time 3.562 (1.004)	Data 3.504 (0.947)	Loss 1.00 (1.00)	Cls Acc 74.6 (73.9)
Epoch: [4][ 600/1000]	Time 3.686 (1.004)	Data 3.623 (0.947)	Loss 1.06 (0.99)	Cls Acc 72.5 (74.0)
Epoch: [4][ 700/1000]	Time 3.540 (1.003)	Data 3.482 (0.945)	Loss 1.00 (0.99)	Cls Acc 74.2 (74.1)
Epoch: [4][ 800/1000]	Time 3.490 (1.001)	Data 3.431 (0.944)	Loss 0.80 (0.99)	Cls Acc 80.7 (74.2)
Epoch: [4][ 900/1000]	Time 3.548 (1.001)	Data 3.490 (0.943)	Loss 0.85 (0.98)	Cls Acc 77.3 (74.3)
Test: [0/2]	Time  4.940 ( 4.940)	Loss 2.0935e+00 (2.0935e+00)	Acc@1  44.92 ( 44.92)	Acc@5  76.95 ( 76.95)
 * Acc@1 46.792 Acc@5 77.610
acc1 = 46.8, best_acc1 = 46.8
Epoch: [5][   0/1000]	Time 3.630 (3.630)	Data 3.571 (3.571)	Loss 1.04 (1.04)	Cls Acc 73.6 (73.6)
Epoch: [5][ 100/1000]	Time 3.517 (1.012)	Data 3.459 (0.955)	Loss 0.93 (0.94)	Cls Acc 74.4 (75.4)
Epoch: [5][ 200/1000]	Time 3.525 (1.000)	Data 3.466 (0.942)	Loss 0.89 (0.93)	Cls Acc 75.8 (75.4)
Epoch: [5][ 300/1000]	Time 3.698 (0.999)	Data 3.636 (0.941)	Loss 0.95 (0.93)	Cls Acc 76.4 (75.5)
Epoch: [5][ 400/1000]	Time 3.481 (0.996)	Data 3.422 (0.938)	Loss 1.02 (0.93)	Cls Acc 71.9 (75.6)
Epoch: [5][ 500/1000]	Time 3.434 (0.995)	Data 3.376 (0.937)	Loss 0.95 (0.92)	Cls Acc 77.1 (75.7)
Epoch: [5][ 600/1000]	Time 3.526 (0.994)	Data 3.468 (0.936)	Loss 0.87 (0.92)	Cls Acc 77.7 (75.8)
Epoch: [5][ 700/1000]	Time 3.508 (0.992)	Data 3.450 (0.935)	Loss 0.94 (0.92)	Cls Acc 74.2 (75.9)
Epoch: [5][ 800/1000]	Time 3.453 (0.991)	Data 3.395 (0.933)	Loss 0.94 (0.91)	Cls Acc 76.8 (76.0)
Epoch: [5][ 900/1000]	Time 3.534 (0.990)	Data 3.475 (0.932)	Loss 0.95 (0.91)	Cls Acc 75.4 (76.1)
Test: [0/2]	Time  4.869 ( 4.869)	Loss 2.0577e+00 (2.0577e+00)	Acc@1  46.09 ( 46.09)	Acc@5  77.34 ( 77.34)
 * Acc@1 47.170 Acc@5 77.862
acc1 = 47.2, best_acc1 = 47.2
Epoch: [6][   0/1000]	Time 3.575 (3.575)	Data 3.516 (3.516)	Loss 0.88 (0.88)	Cls Acc 76.4 (76.4)
Epoch: [6][ 100/1000]	Time 3.563 (1.010)	Data 3.504 (0.952)	Loss 0.91 (0.88)	Cls Acc 76.8 (76.9)
Epoch: [6][ 200/1000]	Time 3.452 (0.999)	Data 3.394 (0.941)	Loss 0.87 (0.87)	Cls Acc 79.5 (77.0)
Epoch: [6][ 300/1000]	Time 3.515 (0.998)	Data 3.453 (0.940)	Loss 0.97 (0.87)	Cls Acc 73.2 (77.1)
Epoch: [6][ 400/1000]	Time 3.648 (1.000)	Data 3.590 (0.942)	Loss 0.82 (0.87)	Cls Acc 80.1 (77.2)
Epoch: [6][ 500/1000]	Time 3.627 (1.000)	Data 3.569 (0.943)	Loss 0.87 (0.87)	Cls Acc 77.0 (77.3)
Epoch: [6][ 600/1000]	Time 3.847 (1.007)	Data 3.788 (0.949)	Loss 0.89 (0.86)	Cls Acc 74.4 (77.3)
Epoch: [6][ 700/1000]	Time 3.663 (1.010)	Data 3.604 (0.952)	Loss 0.91 (0.86)	Cls Acc 76.4 (77.4)
Epoch: [6][ 800/1000]	Time 3.654 (1.010)	Data 3.596 (0.952)	Loss 0.88 (0.86)	Cls Acc 77.0 (77.4)
Epoch: [6][ 900/1000]	Time 3.682 (1.010)	Data 3.623 (0.952)	Loss 0.85 (0.86)	Cls Acc 78.9 (77.5)
Test: [0/2]	Time  4.974 ( 4.974)	Loss 2.0355e+00 (2.0355e+00)	Acc@1  46.48 ( 46.48)	Acc@5  77.34 ( 77.34)
 * Acc@1 47.421 Acc@5 77.736
acc1 = 47.4, best_acc1 = 47.4
Epoch: [7][   0/1000]	Time 3.561 (3.561)	Data 3.503 (3.503)	Loss 0.84 (0.84)	Cls Acc 76.6 (76.6)
Epoch: [7][ 100/1000]	Time 3.765 (1.051)	Data 3.707 (0.993)	Loss 0.80 (0.83)	Cls Acc 80.5 (78.1)
Epoch: [7][ 200/1000]	Time 3.781 (1.044)	Data 3.723 (0.986)	Loss 0.78 (0.83)	Cls Acc 80.1 (78.3)
Epoch: [7][ 300/1000]	Time 3.651 (1.038)	Data 3.593 (0.980)	Loss 0.79 (0.83)	Cls Acc 78.5 (78.3)
Epoch: [7][ 400/1000]	Time 3.543 (1.030)	Data 3.484 (0.972)	Loss 0.88 (0.83)	Cls Acc 77.0 (78.4)
Epoch: [7][ 500/1000]	Time 3.627 (1.023)	Data 3.569 (0.965)	Loss 0.87 (0.82)	Cls Acc 77.9 (78.5)
Epoch: [7][ 600/1000]	Time 3.532 (1.018)	Data 3.473 (0.961)	Loss 0.85 (0.82)	Cls Acc 78.3 (78.5)
Epoch: [7][ 700/1000]	Time 3.566 (1.015)	Data 3.504 (0.957)	Loss 0.75 (0.82)	Cls Acc 80.1 (78.6)
Epoch: [7][ 800/1000]	Time 3.541 (1.012)	Data 3.482 (0.955)	Loss 0.81 (0.82)	Cls Acc 78.5 (78.7)
Epoch: [7][ 900/1000]	Time 3.579 (1.010)	Data 3.520 (0.952)	Loss 0.68 (0.81)	Cls Acc 81.4 (78.7)
Test: [0/2]	Time  4.789 ( 4.789)	Loss 2.0159e+00 (2.0159e+00)	Acc@1  48.24 ( 48.24)	Acc@5  77.15 ( 77.15)
 * Acc@1 48.553 Acc@5 77.610
acc1 = 48.6, best_acc1 = 48.6
Epoch: [8][   0/1000]	Time 3.631 (3.631)	Data 3.572 (3.572)	Loss 0.78 (0.78)	Cls Acc 80.7 (80.7)
Epoch: [8][ 100/1000]	Time 3.473 (1.012)	Data 3.414 (0.955)	Loss 0.81 (0.80)	Cls Acc 78.1 (79.2)
Epoch: [8][ 200/1000]	Time 3.472 (0.998)	Data 3.413 (0.941)	Loss 0.72 (0.79)	Cls Acc 80.1 (79.4)
Epoch: [8][ 300/1000]	Time 3.368 (0.994)	Data 3.310 (0.936)	Loss 0.75 (0.79)	Cls Acc 81.4 (79.3)
Epoch: [8][ 400/1000]	Time 3.495 (0.992)	Data 3.436 (0.934)	Loss 0.79 (0.79)	Cls Acc 80.3 (79.4)
Epoch: [8][ 500/1000]	Time 3.554 (0.989)	Data 3.496 (0.931)	Loss 0.78 (0.79)	Cls Acc 76.8 (79.5)
Epoch: [8][ 600/1000]	Time 3.562 (0.988)	Data 3.503 (0.930)	Loss 0.84 (0.79)	Cls Acc 77.7 (79.5)
Epoch: [8][ 700/1000]	Time 3.488 (0.986)	Data 3.430 (0.929)	Loss 0.72 (0.78)	Cls Acc 81.2 (79.6)
Epoch: [8][ 800/1000]	Time 3.405 (0.986)	Data 3.343 (0.928)	Loss 0.74 (0.78)	Cls Acc 79.1 (79.6)
Epoch: [8][ 900/1000]	Time 3.461 (0.985)	Data 3.398 (0.927)	Loss 0.86 (0.78)	Cls Acc 76.8 (79.7)
Test: [0/2]	Time  4.865 ( 4.865)	Loss 2.0027e+00 (2.0027e+00)	Acc@1  48.24 ( 48.24)	Acc@5  77.15 ( 77.15)
 * Acc@1 48.805 Acc@5 77.736
acc1 = 48.8, best_acc1 = 48.8
Epoch: [9][   0/1000]	Time 3.468 (3.468)	Data 3.409 (3.409)	Loss 0.74 (0.74)	Cls Acc 80.1 (80.1)
Epoch: [9][ 100/1000]	Time 3.449 (1.006)	Data 3.391 (0.948)	Loss 0.71 (0.76)	Cls Acc 82.0 (80.3)
Epoch: [9][ 200/1000]	Time 3.564 (0.991)	Data 3.506 (0.933)	Loss 0.76 (0.76)	Cls Acc 79.9 (80.3)
Epoch: [9][ 300/1000]	Time 3.477 (0.987)	Data 3.418 (0.930)	Loss 0.77 (0.76)	Cls Acc 78.9 (80.3)
Epoch: [9][ 400/1000]	Time 3.511 (0.985)	Data 3.452 (0.928)	Loss 0.75 (0.75)	Cls Acc 80.9 (80.3)
Epoch: [9][ 500/1000]	Time 3.594 (0.984)	Data 3.536 (0.927)	Loss 0.71 (0.75)	Cls Acc 82.6 (80.3)
Epoch: [9][ 600/1000]	Time 3.415 (0.983)	Data 3.357 (0.926)	Loss 0.69 (0.75)	Cls Acc 82.2 (80.4)
Epoch: [9][ 700/1000]	Time 3.391 (0.982)	Data 3.332 (0.924)	Loss 0.79 (0.75)	Cls Acc 80.1 (80.4)
Epoch: [9][ 800/1000]	Time 3.477 (0.982)	Data 3.419 (0.925)	Loss 0.74 (0.75)	Cls Acc 79.5 (80.4)
Epoch: [9][ 900/1000]	Time 3.499 (0.982)	Data 3.441 (0.924)	Loss 0.74 (0.75)	Cls Acc 82.0 (80.4)
Test: [0/2]	Time  4.798 ( 4.798)	Loss 1.9938e+00 (1.9938e+00)	Acc@1  48.24 ( 48.24)	Acc@5  77.15 ( 77.15)
 * Acc@1 48.931 Acc@5 77.736
acc1 = 48.9, best_acc1 = 48.9
Epoch: [10][   0/1000]	Time 3.481 (3.481)	Data 3.423 (3.423)	Loss 0.73 (0.73)	Cls Acc 82.0 (82.0)
Epoch: [10][ 100/1000]	Time 3.497 (1.001)	Data 3.439 (0.943)	Loss 0.76 (0.73)	Cls Acc 78.9 (80.9)
Epoch: [10][ 200/1000]	Time 3.475 (0.990)	Data 3.416 (0.933)	Loss 0.67 (0.73)	Cls Acc 81.4 (80.9)
Epoch: [10][ 300/1000]	Time 3.391 (0.988)	Data 3.333 (0.930)	Loss 0.74 (0.73)	Cls Acc 79.5 (81.0)
Epoch: [10][ 400/1000]	Time 3.505 (0.989)	Data 3.447 (0.931)	Loss 0.72 (0.73)	Cls Acc 80.7 (81.0)
Epoch: [10][ 500/1000]	Time 3.446 (0.987)	Data 3.387 (0.929)	Loss 0.66 (0.73)	Cls Acc 82.8 (81.1)
Epoch: [10][ 600/1000]	Time 3.506 (0.986)	Data 3.447 (0.928)	Loss 0.75 (0.73)	Cls Acc 81.4 (81.1)
Epoch: [10][ 700/1000]	Time 3.522 (0.984)	Data 3.464 (0.926)	Loss 0.77 (0.73)	Cls Acc 79.9 (81.1)
Epoch: [10][ 800/1000]	Time 3.483 (0.983)	Data 3.425 (0.925)	Loss 0.78 (0.72)	Cls Acc 77.0 (81.1)
Epoch: [10][ 900/1000]	Time 3.410 (0.983)	Data 3.351 (0.925)	Loss 0.66 (0.72)	Cls Acc 82.6 (81.2)
Test: [0/2]	Time  4.786 ( 4.786)	Loss 1.9878e+00 (1.9878e+00)	Acc@1  48.05 ( 48.05)	Acc@5  76.56 ( 76.56)
 * Acc@1 48.553 Acc@5 77.358
acc1 = 48.6, best_acc1 = 48.9
Epoch: [11][   0/1000]	Time 3.487 (3.487)	Data 3.425 (3.425)	Loss 0.73 (0.73)	Cls Acc 82.4 (82.4)
Epoch: [11][ 100/1000]	Time 3.483 (1.001)	Data 3.421 (0.943)	Loss 0.74 (0.71)	Cls Acc 80.5 (81.5)
Epoch: [11][ 200/1000]	Time 3.546 (0.991)	Data 3.484 (0.934)	Loss 0.70 (0.71)	Cls Acc 82.0 (81.5)
Epoch: [11][ 300/1000]	Time 3.473 (0.989)	Data 3.415 (0.931)	Loss 0.62 (0.71)	Cls Acc 85.0 (81.6)
Epoch: [11][ 400/1000]	Time 3.365 (0.986)	Data 3.306 (0.928)	Loss 0.68 (0.71)	Cls Acc 81.8 (81.7)
Epoch: [11][ 500/1000]	Time 3.385 (0.985)	Data 3.327 (0.927)	Loss 0.70 (0.70)	Cls Acc 82.6 (81.7)
Epoch: [11][ 600/1000]	Time 3.464 (0.984)	Data 3.406 (0.926)	Loss 0.69 (0.70)	Cls Acc 81.6 (81.7)
Epoch: [11][ 700/1000]	Time 3.511 (0.983)	Data 3.452 (0.925)	Loss 0.71 (0.70)	Cls Acc 80.3 (81.8)
Epoch: [11][ 800/1000]	Time 3.460 (0.982)	Data 3.402 (0.925)	Loss 0.66 (0.70)	Cls Acc 83.8 (81.8)
Epoch: [11][ 900/1000]	Time 3.545 (0.982)	Data 3.487 (0.924)	Loss 0.67 (0.70)	Cls Acc 81.8 (81.8)
Test: [0/2]	Time  4.852 ( 4.852)	Loss 1.9790e+00 (1.9790e+00)	Acc@1  47.85 ( 47.85)	Acc@5  76.56 ( 76.56)
 * Acc@1 48.176 Acc@5 77.358
acc1 = 48.2, best_acc1 = 48.9
Epoch: [12][   0/1000]	Time 3.520 (3.520)	Data 3.461 (3.461)	Loss 0.65 (0.65)	Cls Acc 83.4 (83.4)
Epoch: [12][ 100/1000]	Time 3.461 (1.005)	Data 3.403 (0.947)	Loss 0.66 (0.69)	Cls Acc 81.6 (82.0)
Epoch: [12][ 200/1000]	Time 3.414 (0.991)	Data 3.356 (0.934)	Loss 0.65 (0.69)	Cls Acc 84.0 (82.1)
Epoch: [12][ 300/1000]	Time 3.491 (0.988)	Data 3.433 (0.930)	Loss 0.65 (0.69)	Cls Acc 83.6 (82.1)
Epoch: [12][ 400/1000]	Time 3.490 (0.986)	Data 3.432 (0.929)	Loss 0.66 (0.68)	Cls Acc 82.4 (82.2)
Epoch: [12][ 500/1000]	Time 3.456 (0.985)	Data 3.398 (0.927)	Loss 0.69 (0.68)	Cls Acc 81.2 (82.2)
Epoch: [12][ 600/1000]	Time 3.516 (0.983)	Data 3.457 (0.925)	Loss 0.73 (0.68)	Cls Acc 81.1 (82.2)
Epoch: [12][ 700/1000]	Time 3.485 (0.983)	Data 3.427 (0.925)	Loss 0.75 (0.68)	Cls Acc 80.7 (82.3)
Epoch: [12][ 800/1000]	Time 3.356 (0.983)	Data 3.297 (0.925)	Loss 0.68 (0.68)	Cls Acc 81.1 (82.3)
Epoch: [12][ 900/1000]	Time 3.475 (0.982)	Data 3.417 (0.925)	Loss 0.72 (0.68)	Cls Acc 80.9 (82.3)
Test: [0/2]	Time  4.866 ( 4.866)	Loss 1.9725e+00 (1.9725e+00)	Acc@1  48.05 ( 48.05)	Acc@5  76.56 ( 76.56)
 * Acc@1 48.050 Acc@5 77.484
acc1 = 48.1, best_acc1 = 48.9
Epoch: [13][   0/1000]	Time 3.543 (3.543)	Data 3.484 (3.484)	Loss 0.59 (0.59)	Cls Acc 84.6 (84.6)
Epoch: [13][ 100/1000]	Time 3.508 (1.005)	Data 3.450 (0.947)	Loss 0.65 (0.66)	Cls Acc 82.2 (82.6)
Epoch: [13][ 200/1000]	Time 3.506 (0.992)	Data 3.447 (0.934)	Loss 0.62 (0.66)	Cls Acc 84.8 (82.7)
Epoch: [13][ 300/1000]	Time 3.495 (0.987)	Data 3.436 (0.929)	Loss 0.80 (0.67)	Cls Acc 79.9 (82.7)
Epoch: [13][ 400/1000]	Time 3.431 (0.985)	Data 3.372 (0.927)	Loss 0.68 (0.66)	Cls Acc 83.2 (82.7)
Epoch: [13][ 500/1000]	Time 3.418 (0.984)	Data 3.360 (0.926)	Loss 0.60 (0.66)	Cls Acc 83.6 (82.7)
Epoch: [13][ 600/1000]	Time 3.496 (0.983)	Data 3.438 (0.926)	Loss 0.66 (0.66)	Cls Acc 83.8 (82.7)
Epoch: [13][ 700/1000]	Time 3.490 (0.982)	Data 3.432 (0.925)	Loss 0.64 (0.66)	Cls Acc 85.7 (82.8)
Epoch: [13][ 800/1000]	Time 3.476 (0.982)	Data 3.418 (0.924)	Loss 0.69 (0.66)	Cls Acc 82.0 (82.8)
Epoch: [13][ 900/1000]	Time 3.501 (0.981)	Data 3.442 (0.924)	Loss 0.64 (0.66)	Cls Acc 83.4 (82.8)
Test: [0/2]	Time  4.822 ( 4.822)	Loss 1.9710e+00 (1.9710e+00)	Acc@1  47.66 ( 47.66)	Acc@5  76.37 ( 76.37)
 * Acc@1 48.050 Acc@5 77.358
acc1 = 48.1, best_acc1 = 48.9
Epoch: [14][   0/1000]	Time 3.475 (3.475)	Data 3.413 (3.413)	Loss 0.78 (0.78)	Cls Acc 79.7 (79.7)
Epoch: [14][ 100/1000]	Time 3.519 (1.002)	Data 3.461 (0.944)	Loss 0.69 (0.65)	Cls Acc 83.0 (83.3)
Epoch: [14][ 200/1000]	Time 3.489 (0.991)	Data 3.430 (0.933)	Loss 0.75 (0.65)	Cls Acc 81.8 (83.2)
Epoch: [14][ 300/1000]	Time 3.500 (0.988)	Data 3.442 (0.930)	Loss 0.61 (0.65)	Cls Acc 84.4 (83.2)
Epoch: [14][ 400/1000]	Time 3.489 (0.985)	Data 3.431 (0.927)	Loss 0.66 (0.65)	Cls Acc 82.0 (83.2)
Epoch: [14][ 500/1000]	Time 3.519 (0.984)	Data 3.461 (0.927)	Loss 0.64 (0.65)	Cls Acc 83.8 (83.2)
Epoch: [14][ 600/1000]	Time 3.522 (0.983)	Data 3.463 (0.926)	Loss 0.59 (0.64)	Cls Acc 83.8 (83.2)
Epoch: [14][ 700/1000]	Time 3.488 (0.983)	Data 3.429 (0.925)	Loss 0.60 (0.64)	Cls Acc 84.8 (83.2)
Epoch: [14][ 800/1000]	Time 3.503 (0.982)	Data 3.444 (0.924)	Loss 0.62 (0.64)	Cls Acc 84.6 (83.3)
Epoch: [14][ 900/1000]	Time 3.371 (0.982)	Data 3.313 (0.924)	Loss 0.67 (0.64)	Cls Acc 82.0 (83.3)
Test: [0/2]	Time  4.875 ( 4.875)	Loss 1.9672e+00 (1.9672e+00)	Acc@1  47.85 ( 47.85)	Acc@5  76.37 ( 76.37)
 * Acc@1 48.050 Acc@5 77.610
acc1 = 48.1, best_acc1 = 48.9
Epoch: [15][   0/1000]	Time 3.486 (3.486)	Data 3.427 (3.427)	Loss 0.62 (0.62)	Cls Acc 82.6 (82.6)
Epoch: [15][ 100/1000]	Time 3.480 (0.998)	Data 3.422 (0.941)	Loss 0.66 (0.63)	Cls Acc 84.4 (83.6)
Epoch: [15][ 200/1000]	Time 3.458 (0.984)	Data 3.399 (0.927)	Loss 0.66 (0.63)	Cls Acc 80.9 (83.6)
Epoch: [15][ 300/1000]	Time 3.501 (0.982)	Data 3.442 (0.924)	Loss 0.60 (0.63)	Cls Acc 84.8 (83.6)
Epoch: [15][ 400/1000]	Time 3.528 (0.981)	Data 3.470 (0.923)	Loss 0.57 (0.63)	Cls Acc 84.8 (83.6)
Epoch: [15][ 500/1000]	Time 3.368 (0.980)	Data 3.309 (0.922)	Loss 0.68 (0.63)	Cls Acc 83.0 (83.6)
Epoch: [15][ 600/1000]	Time 3.387 (0.979)	Data 3.329 (0.922)	Loss 0.63 (0.63)	Cls Acc 85.9 (83.6)
Epoch: [15][ 700/1000]	Time 3.589 (0.982)	Data 3.531 (0.924)	Loss 0.64 (0.63)	Cls Acc 82.2 (83.7)
Epoch: [15][ 800/1000]	Time 3.547 (0.983)	Data 3.488 (0.926)	Loss 0.60 (0.63)	Cls Acc 84.2 (83.7)
Epoch: [15][ 900/1000]	Time 3.686 (0.985)	Data 3.624 (0.927)	Loss 0.58 (0.62)	Cls Acc 86.1 (83.7)
Test: [0/2]	Time  5.090 ( 5.090)	Loss 1.9672e+00 (1.9672e+00)	Acc@1  47.27 ( 47.27)	Acc@5  76.56 ( 76.56)
 * Acc@1 47.547 Acc@5 77.736
acc1 = 47.5, best_acc1 = 48.9
Epoch: [16][   0/1000]	Time 3.627 (3.627)	Data 3.568 (3.568)	Loss 0.60 (0.60)	Cls Acc 84.2 (84.2)
Epoch: [16][ 100/1000]	Time 3.541 (1.022)	Data 3.483 (0.965)	Loss 0.68 (0.62)	Cls Acc 81.2 (83.9)
Epoch: [16][ 200/1000]	Time 3.546 (1.008)	Data 3.488 (0.950)	Loss 0.66 (0.61)	Cls Acc 82.8 (83.9)
Epoch: [16][ 300/1000]	Time 3.445 (1.006)	Data 3.387 (0.948)	Loss 0.62 (0.61)	Cls Acc 84.0 (84.0)
Epoch: [16][ 400/1000]	Time 3.529 (1.003)	Data 3.470 (0.945)	Loss 0.64 (0.61)	Cls Acc 85.2 (84.0)
Epoch: [16][ 500/1000]	Time 3.607 (1.000)	Data 3.545 (0.942)	Loss 0.58 (0.61)	Cls Acc 85.0 (84.0)
Epoch: [16][ 600/1000]	Time 3.491 (0.997)	Data 3.433 (0.939)	Loss 0.63 (0.61)	Cls Acc 83.2 (84.0)
Epoch: [16][ 700/1000]	Time 3.582 (0.995)	Data 3.524 (0.938)	Loss 0.59 (0.61)	Cls Acc 85.5 (84.0)
Epoch: [16][ 800/1000]	Time 3.367 (0.994)	Data 3.308 (0.936)	Loss 0.56 (0.61)	Cls Acc 86.1 (84.1)
Epoch: [16][ 900/1000]	Time 3.484 (0.993)	Data 3.426 (0.935)	Loss 0.65 (0.61)	Cls Acc 82.0 (84.1)
Test: [0/2]	Time  4.803 ( 4.803)	Loss 1.9668e+00 (1.9668e+00)	Acc@1  46.88 ( 46.88)	Acc@5  76.37 ( 76.37)
 * Acc@1 47.170 Acc@5 77.736
acc1 = 47.2, best_acc1 = 48.9
Epoch: [17][   0/1000]	Time 3.491 (3.491)	Data 3.433 (3.433)	Loss 0.62 (0.62)	Cls Acc 83.4 (83.4)
Epoch: [17][ 100/1000]	Time 3.547 (1.010)	Data 3.488 (0.952)	Loss 0.60 (0.60)	Cls Acc 84.6 (84.4)
Epoch: [17][ 200/1000]	Time 3.536 (0.997)	Data 3.477 (0.939)	Loss 0.58 (0.60)	Cls Acc 83.8 (84.4)
Epoch: [17][ 300/1000]	Time 3.511 (0.993)	Data 3.452 (0.935)	Loss 0.60 (0.60)	Cls Acc 85.0 (84.4)
Epoch: [17][ 400/1000]	Time 3.531 (0.991)	Data 3.473 (0.933)	Loss 0.61 (0.60)	Cls Acc 83.8 (84.4)
Epoch: [17][ 500/1000]	Time 3.531 (0.991)	Data 3.472 (0.933)	Loss 0.64 (0.60)	Cls Acc 83.4 (84.4)
Epoch: [17][ 600/1000]	Time 3.562 (0.993)	Data 3.503 (0.935)	Loss 0.55 (0.60)	Cls Acc 86.5 (84.4)
Epoch: [17][ 700/1000]	Time 3.803 (0.993)	Data 3.744 (0.936)	Loss 0.58 (0.60)	Cls Acc 83.6 (84.4)
Epoch: [17][ 800/1000]	Time 3.549 (0.995)	Data 3.491 (0.937)	Loss 0.58 (0.60)	Cls Acc 87.1 (84.4)
Epoch: [17][ 900/1000]	Time 3.580 (0.994)	Data 3.521 (0.936)	Loss 0.63 (0.60)	Cls Acc 82.6 (84.4)
Test: [0/2]	Time  4.946 ( 4.946)	Loss 1.9662e+00 (1.9662e+00)	Acc@1  46.29 ( 46.29)	Acc@5  76.17 ( 76.17)
 * Acc@1 46.667 Acc@5 77.484
acc1 = 46.7, best_acc1 = 48.9
Epoch: [18][   0/1000]	Time 3.641 (3.641)	Data 3.579 (3.579)	Loss 0.52 (0.52)	Cls Acc 86.5 (86.5)
Epoch: [18][ 100/1000]	Time 3.518 (1.016)	Data 3.460 (0.958)	Loss 0.61 (0.59)	Cls Acc 83.6 (84.7)
Epoch: [18][ 200/1000]	Time 3.424 (1.000)	Data 3.365 (0.942)	Loss 0.57 (0.59)	Cls Acc 83.6 (84.7)
Epoch: [18][ 300/1000]	Time 3.558 (0.997)	Data 3.499 (0.940)	Loss 0.58 (0.59)	Cls Acc 84.8 (84.7)
Epoch: [18][ 400/1000]	Time 3.391 (0.994)	Data 3.332 (0.936)	Loss 0.56 (0.59)	Cls Acc 85.4 (84.7)
Epoch: [18][ 500/1000]	Time 3.498 (0.990)	Data 3.440 (0.932)	Loss 0.61 (0.59)	Cls Acc 84.8 (84.7)
Epoch: [18][ 600/1000]	Time 3.481 (0.988)	Data 3.423 (0.930)	Loss 0.62 (0.59)	Cls Acc 81.4 (84.7)
Epoch: [18][ 700/1000]	Time 3.473 (0.986)	Data 3.415 (0.928)	Loss 0.58 (0.58)	Cls Acc 84.8 (84.7)
Epoch: [18][ 800/1000]	Time 3.472 (0.985)	Data 3.414 (0.927)	Loss 0.53 (0.58)	Cls Acc 86.3 (84.7)
Epoch: [18][ 900/1000]	Time 3.463 (0.984)	Data 3.405 (0.926)	Loss 0.53 (0.58)	Cls Acc 84.4 (84.7)
Test: [0/2]	Time  4.908 ( 4.908)	Loss 1.9683e+00 (1.9683e+00)	Acc@1  45.90 ( 45.90)	Acc@5  76.56 ( 76.56)
 * Acc@1 46.415 Acc@5 77.736
acc1 = 46.4, best_acc1 = 48.9
Epoch: [19][   0/1000]	Time 3.472 (3.472)	Data 3.414 (3.414)	Loss 0.51 (0.51)	Cls Acc 86.9 (86.9)
Epoch: [19][ 100/1000]	Time 3.375 (1.001)	Data 3.316 (0.943)	Loss 0.54 (0.58)	Cls Acc 86.9 (84.9)
Epoch: [19][ 200/1000]	Time 3.485 (0.988)	Data 3.426 (0.930)	Loss 0.54 (0.58)	Cls Acc 85.9 (85.0)
Epoch: [19][ 300/1000]	Time 3.465 (0.984)	Data 3.407 (0.926)	Loss 0.51 (0.58)	Cls Acc 86.3 (85.0)
Epoch: [19][ 400/1000]	Time 3.520 (0.982)	Data 3.461 (0.925)	Loss 0.61 (0.58)	Cls Acc 84.2 (85.0)
Epoch: [19][ 500/1000]	Time 3.508 (0.981)	Data 3.450 (0.924)	Loss 0.53 (0.58)	Cls Acc 87.9 (85.0)
Epoch: [19][ 600/1000]	Time 3.514 (0.981)	Data 3.456 (0.924)	Loss 0.57 (0.57)	Cls Acc 82.8 (85.0)
Epoch: [19][ 700/1000]	Time 3.391 (0.981)	Data 3.333 (0.923)	Loss 0.60 (0.57)	Cls Acc 84.4 (85.0)
Epoch: [19][ 800/1000]	Time 3.546 (0.981)	Data 3.487 (0.923)	Loss 0.59 (0.57)	Cls Acc 85.9 (85.1)
Epoch: [19][ 900/1000]	Time 3.461 (0.981)	Data 3.402 (0.923)	Loss 0.58 (0.57)	Cls Acc 84.2 (85.1)
Test: [0/2]	Time  4.878 ( 4.878)	Loss 1.9695e+00 (1.9695e+00)	Acc@1  45.70 ( 45.70)	Acc@5  76.76 ( 76.76)
 * Acc@1 46.164 Acc@5 77.736
acc1 = 46.2, best_acc1 = 48.9
Epoch: [20][   0/1000]	Time 3.467 (3.467)	Data 3.408 (3.408)	Loss 0.60 (0.60)	Cls Acc 83.4 (83.4)
Epoch: [20][ 100/1000]	Time 3.461 (1.000)	Data 3.403 (0.942)	Loss 0.61 (0.56)	Cls Acc 83.0 (85.4)
Epoch: [20][ 200/1000]	Time 3.390 (0.990)	Data 3.327 (0.932)	Loss 0.63 (0.56)	Cls Acc 83.2 (85.3)
Epoch: [20][ 300/1000]	Time 3.380 (0.987)	Data 3.321 (0.929)	Loss 0.61 (0.56)	Cls Acc 82.0 (85.3)
Epoch: [20][ 400/1000]	Time 3.524 (0.985)	Data 3.465 (0.928)	Loss 0.62 (0.56)	Cls Acc 82.0 (85.3)
Epoch: [20][ 500/1000]	Time 3.519 (0.984)	Data 3.461 (0.926)	Loss 0.57 (0.56)	Cls Acc 86.1 (85.4)
Epoch: [20][ 600/1000]	Time 3.474 (0.983)	Data 3.416 (0.925)	Loss 0.51 (0.56)	Cls Acc 88.1 (85.4)
Epoch: [20][ 700/1000]	Time 3.425 (0.982)	Data 3.366 (0.924)	Loss 0.60 (0.56)	Cls Acc 84.4 (85.4)
Epoch: [20][ 800/1000]	Time 3.468 (0.981)	Data 3.410 (0.923)	Loss 0.50 (0.56)	Cls Acc 87.5 (85.4)
Epoch: [20][ 900/1000]	Time 3.389 (0.981)	Data 3.330 (0.923)	Loss 0.52 (0.56)	Cls Acc 84.6 (85.4)
Test: [0/2]	Time  4.817 ( 4.817)	Loss 1.9713e+00 (1.9713e+00)	Acc@1  45.31 ( 45.31)	Acc@5  76.95 ( 76.95)
 * Acc@1 45.786 Acc@5 77.736
acc1 = 45.8, best_acc1 = 48.9
Epoch: [21][   0/1000]	Time 3.362 (3.362)	Data 3.303 (3.303)	Loss 0.56 (0.56)	Cls Acc 85.4 (85.4)
Epoch: [21][ 100/1000]	Time 3.459 (1.001)	Data 3.400 (0.943)	Loss 0.53 (0.55)	Cls Acc 86.9 (85.5)
Epoch: [21][ 200/1000]	Time 3.490 (0.987)	Data 3.432 (0.929)	Loss 0.54 (0.55)	Cls Acc 85.7 (85.5)
Epoch: [21][ 300/1000]	Time 3.464 (0.984)	Data 3.406 (0.926)	Loss 0.50 (0.55)	Cls Acc 87.1 (85.5)
Epoch: [21][ 400/1000]	Time 3.503 (0.982)	Data 3.444 (0.924)	Loss 0.54 (0.55)	Cls Acc 85.5 (85.6)
Epoch: [21][ 500/1000]	Time 3.393 (0.981)	Data 3.335 (0.923)	Loss 0.54 (0.55)	Cls Acc 85.4 (85.6)
Epoch: [21][ 600/1000]	Time 3.376 (0.981)	Data 3.318 (0.923)	Loss 0.58 (0.55)	Cls Acc 84.6 (85.6)
Epoch: [21][ 700/1000]	Time 3.472 (0.981)	Data 3.413 (0.923)	Loss 0.53 (0.55)	Cls Acc 84.8 (85.6)
Epoch: [21][ 800/1000]	Time 3.523 (0.981)	Data 3.465 (0.923)	Loss 0.51 (0.55)	Cls Acc 87.5 (85.6)
Epoch: [21][ 900/1000]	Time 3.524 (0.980)	Data 3.466 (0.922)	Loss 0.49 (0.55)	Cls Acc 87.5 (85.7)
Test: [0/2]	Time  4.760 ( 4.760)	Loss 1.9725e+00 (1.9725e+00)	Acc@1  45.51 ( 45.51)	Acc@5  76.95 ( 76.95)
 * Acc@1 46.289 Acc@5 77.736
acc1 = 46.3, best_acc1 = 48.9
Epoch: [22][   0/1000]	Time 3.563 (3.563)	Data 3.504 (3.504)	Loss 0.64 (0.64)	Cls Acc 84.2 (84.2)
Epoch: [22][ 100/1000]	Time 3.469 (1.001)	Data 3.411 (0.943)	Loss 0.57 (0.55)	Cls Acc 83.4 (85.9)
Epoch: [22][ 200/1000]	Time 3.417 (0.991)	Data 3.359 (0.933)	Loss 0.53 (0.54)	Cls Acc 86.3 (86.0)
Epoch: [22][ 300/1000]	Time 3.424 (0.987)	Data 3.365 (0.930)	Loss 0.51 (0.54)	Cls Acc 87.1 (86.0)
Epoch: [22][ 400/1000]	Time 3.523 (0.986)	Data 3.465 (0.928)	Loss 0.47 (0.54)	Cls Acc 88.7 (86.0)
Epoch: [22][ 500/1000]	Time 3.473 (0.983)	Data 3.415 (0.925)	Loss 0.58 (0.54)	Cls Acc 85.4 (85.9)
Epoch: [22][ 600/1000]	Time 3.507 (0.982)	Data 3.449 (0.925)	Loss 0.50 (0.54)	Cls Acc 86.7 (85.9)
Epoch: [22][ 700/1000]	Time 3.518 (0.981)	Data 3.460 (0.923)	Loss 0.55 (0.54)	Cls Acc 85.5 (86.0)
Epoch: [22][ 800/1000]	Time 3.402 (0.980)	Data 3.339 (0.923)	Loss 0.56 (0.54)	Cls Acc 86.1 (86.0)
Epoch: [22][ 900/1000]	Time 3.403 (0.980)	Data 3.340 (0.922)	Loss 0.56 (0.54)	Cls Acc 85.7 (86.0)
Test: [0/2]	Time  4.865 ( 4.865)	Loss 1.9753e+00 (1.9753e+00)	Acc@1  45.31 ( 45.31)	Acc@5  76.95 ( 76.95)
 * Acc@1 45.912 Acc@5 77.484
acc1 = 45.9, best_acc1 = 48.9
Epoch: [23][   0/1000]	Time 3.448 (3.448)	Data 3.390 (3.390)	Loss 0.55 (0.55)	Cls Acc 86.1 (86.1)
Epoch: [23][ 100/1000]	Time 3.447 (1.004)	Data 3.388 (0.946)	Loss 0.58 (0.53)	Cls Acc 85.0 (86.3)
Epoch: [23][ 200/1000]	Time 3.537 (0.988)	Data 3.478 (0.930)	Loss 0.55 (0.53)	Cls Acc 85.7 (86.3)
Epoch: [23][ 300/1000]	Time 3.523 (0.985)	Data 3.465 (0.928)	Loss 0.52 (0.53)	Cls Acc 85.5 (86.2)
Epoch: [23][ 400/1000]	Time 3.499 (0.983)	Data 3.441 (0.926)	Loss 0.56 (0.53)	Cls Acc 85.9 (86.2)
Epoch: [23][ 500/1000]	Time 3.379 (0.982)	Data 3.320 (0.924)	Loss 0.51 (0.53)	Cls Acc 87.3 (86.2)
Epoch: [23][ 600/1000]	Time 3.609 (0.982)	Data 3.551 (0.925)	Loss 0.51 (0.53)	Cls Acc 86.5 (86.2)
Epoch: [23][ 700/1000]	Time 3.622 (0.986)	Data 3.563 (0.928)	Loss 0.50 (0.53)	Cls Acc 86.9 (86.2)
Epoch: [23][ 800/1000]	Time 3.507 (0.986)	Data 3.449 (0.928)	Loss 0.53 (0.53)	Cls Acc 87.1 (86.2)
Epoch: [23][ 900/1000]	Time 3.485 (0.985)	Data 3.427 (0.927)	Loss 0.54 (0.53)	Cls Acc 88.3 (86.2)
Test: [0/2]	Time  4.791 ( 4.791)	Loss 1.9787e+00 (1.9787e+00)	Acc@1  45.12 ( 45.12)	Acc@5  76.95 ( 76.95)
 * Acc@1 45.660 Acc@5 77.484
acc1 = 45.7, best_acc1 = 48.9
Epoch: [24][   0/1000]	Time 3.495 (3.495)	Data 3.436 (3.436)	Loss 0.58 (0.58)	Cls Acc 83.8 (83.8)
Epoch: [24][ 100/1000]	Time 3.576 (1.003)	Data 3.517 (0.945)	Loss 0.49 (0.53)	Cls Acc 89.1 (86.2)
Epoch: [24][ 200/1000]	Time 3.617 (1.003)	Data 3.558 (0.945)	Loss 0.52 (0.53)	Cls Acc 87.9 (86.4)
Epoch: [24][ 300/1000]	Time 3.510 (1.004)	Data 3.451 (0.946)	Loss 0.60 (0.52)	Cls Acc 84.6 (86.4)
Epoch: [24][ 400/1000]	Time 3.625 (1.005)	Data 3.566 (0.947)	Loss 0.52 (0.52)	Cls Acc 87.1 (86.4)
Epoch: [24][ 500/1000]	Time 3.488 (1.002)	Data 3.429 (0.945)	Loss 0.53 (0.52)	Cls Acc 85.0 (86.4)
Epoch: [24][ 600/1000]	Time 3.525 (0.998)	Data 3.467 (0.940)	Loss 0.55 (0.52)	Cls Acc 85.4 (86.4)
Epoch: [24][ 700/1000]	Time 3.463 (0.995)	Data 3.404 (0.937)	Loss 0.53 (0.52)	Cls Acc 85.7 (86.4)
Epoch: [24][ 800/1000]	Time 3.513 (0.995)	Data 3.454 (0.937)	Loss 0.47 (0.52)	Cls Acc 87.9 (86.4)
Epoch: [24][ 900/1000]	Time 3.420 (0.993)	Data 3.362 (0.935)	Loss 0.48 (0.52)	Cls Acc 86.1 (86.5)
Test: [0/2]	Time  4.767 ( 4.767)	Loss 1.9854e+00 (1.9854e+00)	Acc@1  44.53 ( 44.53)	Acc@5  76.76 ( 76.76)
 * Acc@1 45.786 Acc@5 77.233
acc1 = 45.8, best_acc1 = 48.9
Epoch: [25][   0/1000]	Time 3.398 (3.398)	Data 3.339 (3.339)	Loss 0.43 (0.43)	Cls Acc 89.8 (89.8)
Epoch: [25][ 100/1000]	Time 3.567 (1.007)	Data 3.508 (0.949)	Loss 0.53 (0.52)	Cls Acc 85.2 (86.6)
Epoch: [25][ 200/1000]	Time 3.547 (0.998)	Data 3.484 (0.940)	Loss 0.55 (0.52)	Cls Acc 86.7 (86.5)
Epoch: [25][ 300/1000]	Time 3.510 (0.991)	Data 3.448 (0.933)	Loss 0.54 (0.52)	Cls Acc 85.2 (86.5)
Epoch: [25][ 400/1000]	Time 3.516 (0.987)	Data 3.453 (0.929)	Loss 0.53 (0.52)	Cls Acc 85.5 (86.5)
Epoch: [25][ 500/1000]	Time 3.455 (0.985)	Data 3.396 (0.927)	Loss 0.47 (0.51)	Cls Acc 86.7 (86.5)
Epoch: [25][ 600/1000]	Time 3.383 (0.984)	Data 3.324 (0.926)	Loss 0.53 (0.51)	Cls Acc 87.3 (86.6)
Epoch: [25][ 700/1000]	Time 3.456 (0.983)	Data 3.398 (0.925)	Loss 0.56 (0.51)	Cls Acc 85.5 (86.6)
Epoch: [25][ 800/1000]	Time 3.554 (0.983)	Data 3.496 (0.925)	Loss 0.54 (0.51)	Cls Acc 86.9 (86.6)
Epoch: [25][ 900/1000]	Time 3.549 (0.982)	Data 3.491 (0.925)	Loss 0.61 (0.51)	Cls Acc 85.0 (86.7)
Test: [0/2]	Time  4.807 ( 4.807)	Loss 1.9848e+00 (1.9848e+00)	Acc@1  44.34 ( 44.34)	Acc@5  76.56 ( 76.56)
 * Acc@1 45.535 Acc@5 77.107
acc1 = 45.5, best_acc1 = 48.9
Epoch: [26][   0/1000]	Time 3.531 (3.531)	Data 3.472 (3.472)	Loss 0.51 (0.51)	Cls Acc 88.3 (88.3)
Epoch: [26][ 100/1000]	Time 3.539 (1.002)	Data 3.480 (0.944)	Loss 0.52 (0.51)	Cls Acc 85.5 (86.8)
Epoch: [26][ 200/1000]	Time 3.435 (0.992)	Data 3.377 (0.934)	Loss 0.51 (0.51)	Cls Acc 86.5 (86.8)
Epoch: [26][ 300/1000]	Time 3.407 (0.989)	Data 3.349 (0.931)	Loss 0.49 (0.51)	Cls Acc 87.1 (86.8)
Epoch: [26][ 400/1000]	Time 3.539 (0.987)	Data 3.481 (0.929)	Loss 0.50 (0.51)	Cls Acc 86.1 (86.9)
Epoch: [26][ 500/1000]	Time 3.531 (0.985)	Data 3.473 (0.927)	Loss 0.51 (0.50)	Cls Acc 86.3 (86.9)
Epoch: [26][ 600/1000]	Time 3.534 (0.985)	Data 3.476 (0.927)	Loss 0.51 (0.50)	Cls Acc 86.3 (86.9)
Epoch: [26][ 700/1000]	Time 3.444 (0.984)	Data 3.385 (0.927)	Loss 0.56 (0.50)	Cls Acc 86.3 (86.9)
Epoch: [26][ 800/1000]	Time 3.451 (0.984)	Data 3.392 (0.926)	Loss 0.49 (0.50)	Cls Acc 87.3 (86.9)
Epoch: [26][ 900/1000]	Time 3.356 (0.983)	Data 3.298 (0.926)	Loss 0.50 (0.50)	Cls Acc 87.5 (86.9)
Test: [0/2]	Time  4.894 ( 4.894)	Loss 1.9883e+00 (1.9883e+00)	Acc@1  43.95 ( 43.95)	Acc@5  76.76 ( 76.76)
 * Acc@1 45.031 Acc@5 77.233
acc1 = 45.0, best_acc1 = 48.9
Epoch: [27][   0/1000]	Time 3.506 (3.506)	Data 3.444 (3.444)	Loss 0.50 (0.50)	Cls Acc 87.3 (87.3)
Epoch: [27][ 100/1000]	Time 3.507 (1.005)	Data 3.449 (0.947)	Loss 0.52 (0.50)	Cls Acc 87.7 (87.1)
Epoch: [27][ 200/1000]	Time 3.473 (0.989)	Data 3.414 (0.932)	Loss 0.57 (0.50)	Cls Acc 85.7 (87.0)
Epoch: [27][ 300/1000]	Time 3.484 (0.986)	Data 3.425 (0.928)	Loss 0.59 (0.50)	Cls Acc 85.5 (87.0)
Epoch: [27][ 400/1000]	Time 3.536 (0.983)	Data 3.478 (0.926)	Loss 0.43 (0.50)	Cls Acc 88.9 (87.0)
Epoch: [27][ 500/1000]	Time 3.399 (0.983)	Data 3.340 (0.925)	Loss 0.49 (0.50)	Cls Acc 85.5 (87.1)
Epoch: [27][ 600/1000]	Time 3.395 (0.982)	Data 3.337 (0.924)	Loss 0.51 (0.50)	Cls Acc 85.4 (87.1)
Epoch: [27][ 700/1000]	Time 3.550 (0.982)	Data 3.491 (0.924)	Loss 0.57 (0.50)	Cls Acc 84.6 (87.1)
Epoch: [27][ 800/1000]	Time 3.518 (0.982)	Data 3.459 (0.924)	Loss 0.44 (0.50)	Cls Acc 89.8 (87.1)
Epoch: [27][ 900/1000]	Time 3.497 (0.981)	Data 3.439 (0.923)	Loss 0.51 (0.50)	Cls Acc 86.7 (87.1)
Test: [0/2]	Time  4.727 ( 4.727)	Loss 1.9931e+00 (1.9931e+00)	Acc@1  43.75 ( 43.75)	Acc@5  77.34 ( 77.34)
 * Acc@1 45.031 Acc@5 77.610
acc1 = 45.0, best_acc1 = 48.9
Epoch: [28][   0/1000]	Time 3.490 (3.490)	Data 3.431 (3.431)	Loss 0.50 (0.50)	Cls Acc 85.4 (85.4)
Epoch: [28][ 100/1000]	Time 3.528 (1.002)	Data 3.470 (0.944)	Loss 0.43 (0.49)	Cls Acc 88.7 (87.2)
Epoch: [28][ 200/1000]	Time 3.387 (0.989)	Data 3.329 (0.932)	Loss 0.50 (0.49)	Cls Acc 86.9 (87.2)
Epoch: [28][ 300/1000]	Time 3.369 (0.986)	Data 3.310 (0.929)	Loss 0.49 (0.49)	Cls Acc 86.7 (87.3)
Epoch: [28][ 400/1000]	Time 3.460 (0.984)	Data 3.401 (0.926)	Loss 0.49 (0.49)	Cls Acc 85.9 (87.2)
Epoch: [28][ 500/1000]	Time 3.492 (0.983)	Data 3.434 (0.925)	Loss 0.44 (0.49)	Cls Acc 89.1 (87.2)
Epoch: [28][ 600/1000]	Time 3.552 (0.984)	Data 3.494 (0.926)	Loss 0.44 (0.49)	Cls Acc 87.7 (87.2)
Epoch: [28][ 700/1000]	Time 3.498 (0.985)	Data 3.439 (0.927)	Loss 0.43 (0.49)	Cls Acc 89.5 (87.3)
Epoch: [28][ 800/1000]	Time 3.564 (0.986)	Data 3.506 (0.928)	Loss 0.54 (0.49)	Cls Acc 85.9 (87.3)
Epoch: [28][ 900/1000]	Time 3.510 (0.989)	Data 3.452 (0.931)	Loss 0.49 (0.49)	Cls Acc 87.7 (87.3)
Test: [0/2]	Time  4.924 ( 4.924)	Loss 1.9989e+00 (1.9989e+00)	Acc@1  43.16 ( 43.16)	Acc@5  77.34 ( 77.34)
 * Acc@1 44.528 Acc@5 77.610
acc1 = 44.5, best_acc1 = 48.9
Epoch: [29][   0/1000]	Time 3.587 (3.587)	Data 3.529 (3.529)	Loss 0.48 (0.48)	Cls Acc 86.9 (86.9)
Epoch: [29][ 100/1000]	Time 3.603 (1.033)	Data 3.545 (0.976)	Loss 0.50 (0.48)	Cls Acc 87.3 (87.5)
Epoch: [29][ 200/1000]	Time 3.630 (1.015)	Data 3.572 (0.957)	Loss 0.45 (0.48)	Cls Acc 88.3 (87.5)
Epoch: [29][ 300/1000]	Time 3.655 (1.009)	Data 3.596 (0.951)	Loss 0.51 (0.48)	Cls Acc 88.3 (87.5)
Epoch: [29][ 400/1000]	Time 3.410 (1.004)	Data 3.348 (0.946)	Loss 0.51 (0.48)	Cls Acc 85.9 (87.4)
Epoch: [29][ 500/1000]	Time 3.411 (0.999)	Data 3.349 (0.941)	Loss 0.48 (0.48)	Cls Acc 87.9 (87.5)
Epoch: [29][ 600/1000]	Time 3.494 (0.997)	Data 3.431 (0.939)	Loss 0.44 (0.48)	Cls Acc 87.9 (87.5)
Epoch: [29][ 700/1000]	Time 3.444 (0.994)	Data 3.382 (0.936)	Loss 0.46 (0.48)	Cls Acc 87.9 (87.5)
Epoch: [29][ 800/1000]	Time 3.459 (0.992)	Data 3.397 (0.934)	Loss 0.52 (0.48)	Cls Acc 86.5 (87.5)
Epoch: [29][ 900/1000]	Time 3.481 (0.990)	Data 3.419 (0.932)	Loss 0.51 (0.48)	Cls Acc 86.9 (87.5)
Test: [0/2]	Time  4.792 ( 4.792)	Loss 2.0031e+00 (2.0031e+00)	Acc@1  43.55 ( 43.55)	Acc@5  77.34 ( 77.34)
 * Acc@1 44.780 Acc@5 77.736
acc1 = 44.8, best_acc1 = 48.9
best_acc1 = 48.9
Test: [0/2]	Time  4.741 ( 4.741)	Loss 1.9938e+00 (1.9938e+00)	Acc@1  48.24 ( 48.24)	Acc@5  77.15 ( 77.15)
 * Acc@1 48.931 Acc@5 77.736
val_acc1 = 48.9
Test: [0/2]	Time  4.714 ( 4.714)	Loss 1.9938e+00 (1.9938e+00)	Acc@1  48.24 ( 48.24)	Acc@5  77.15 ( 77.15)
 * Acc@1 48.931 Acc@5 77.736
test_acc1 = 48.9
