Namespace(arch='resnet18', batch_size=256, center_crop=False, checkmodel_logsave=False, data='Office31', data_processing='ours', epochs=30, iters_per_epoch=500, local=True, local_pretrained_path='/home/junzhin/Project/Summer_project/code/version1.0/old_model_results/Resnet18_office31masked2Random_newmodel_best.pth.tar', log='/home/junzhin/Project/Summer_project/code/version2.0/training_results/baseline_old/Resnet18_office31masked2Random/A_W', lr=0.001, lr_decay=0.75, lr_gamma=0.0003, momentum=0.9, per_class_eval=False, phase='train', pretrained=True, print_freq=100, root='/home/junzhin/Project/Summer_project/code/version2.0/data/office31', seed=None, source='A', target='W', wd=0.0005, workers=4)
=> using pre-trained model 'resnet18'
Epoch: [0][  0/500]	Time 2.557 (2.557)	Data 0.098 (0.098)	Loss 3.56 (3.56)	Cls Acc 5.1 (5.1)
Epoch: [0][100/500]	Time 0.497 (0.635)	Data 0.363 (0.480)	Loss 3.32 (3.39)	Cls Acc 12.5 (7.5)
Epoch: [0][200/500]	Time 0.497 (0.627)	Data 0.365 (0.483)	Loss 3.27 (3.34)	Cls Acc 11.3 (10.3)
Epoch: [0][300/500]	Time 0.498 (0.624)	Data 0.365 (0.484)	Loss 3.21 (3.30)	Cls Acc 16.4 (12.4)
Epoch: [0][400/500]	Time 0.504 (0.623)	Data 0.371 (0.485)	Loss 3.19 (3.26)	Cls Acc 18.0 (14.0)
Test: [0/4]	Time  2.937 ( 2.937)	Loss 3.2069e+00 (3.2069e+00)	Acc@1   6.25 (  6.25)	Acc@5  34.38 ( 34.38)
 * Acc@1 6.541 Acc@5 23.522
acc1 = 6.5, best_acc1 = 6.5
Epoch: [1][  0/500]	Time 0.226 (0.226)	Data 0.088 (0.088)	Loss 3.01 (3.01)	Cls Acc 24.2 (24.2)
Epoch: [1][100/500]	Time 0.496 (0.615)	Data 0.364 (0.483)	Loss 2.96 (3.01)	Cls Acc 24.2 (22.5)
Epoch: [1][200/500]	Time 0.497 (0.616)	Data 0.365 (0.484)	Loss 2.90 (2.97)	Cls Acc 27.0 (23.3)
Epoch: [1][300/500]	Time 0.499 (0.617)	Data 0.367 (0.485)	Loss 2.91 (2.94)	Cls Acc 21.1 (24.0)
Epoch: [1][400/500]	Time 0.495 (0.618)	Data 0.364 (0.486)	Loss 2.73 (2.90)	Cls Acc 28.5 (24.7)
Test: [0/4]	Time  2.509 ( 2.509)	Loss 3.1643e+00 (3.1643e+00)	Acc@1   9.77 (  9.77)	Acc@5  40.62 ( 40.62)
 * Acc@1 9.182 Acc@5 24.403
acc1 = 9.2, best_acc1 = 9.2
Epoch: [2][  0/500]	Time 0.220 (0.220)	Data 0.087 (0.087)	Loss 2.72 (2.72)	Cls Acc 25.4 (25.4)
Epoch: [2][100/500]	Time 1.844 (0.625)	Data 1.710 (0.493)	Loss 2.67 (2.67)	Cls Acc 31.2 (29.7)
Epoch: [2][200/500]	Time 0.493 (0.620)	Data 0.360 (0.488)	Loss 2.53 (2.64)	Cls Acc 35.5 (30.4)
Epoch: [2][300/500]	Time 0.496 (0.618)	Data 0.364 (0.486)	Loss 2.56 (2.61)	Cls Acc 32.0 (30.9)
Epoch: [2][400/500]	Time 0.497 (0.618)	Data 0.365 (0.486)	Loss 2.50 (2.58)	Cls Acc 32.0 (31.6)
Test: [0/4]	Time  3.177 ( 3.177)	Loss 3.2519e+00 (3.2519e+00)	Acc@1  10.16 ( 10.16)	Acc@5  39.84 ( 39.84)
 * Acc@1 10.314 Acc@5 25.786
acc1 = 10.3, best_acc1 = 10.3
Epoch: [3][  0/500]	Time 0.220 (0.220)	Data 0.088 (0.088)	Loss 2.40 (2.40)	Cls Acc 34.8 (34.8)
Epoch: [3][100/500]	Time 0.502 (0.614)	Data 0.364 (0.481)	Loss 2.35 (2.41)	Cls Acc 33.2 (35.5)
Epoch: [3][200/500]	Time 0.496 (0.615)	Data 0.364 (0.483)	Loss 2.39 (2.39)	Cls Acc 37.1 (36.0)
Epoch: [3][300/500]	Time 0.493 (0.616)	Data 0.362 (0.484)	Loss 2.36 (2.37)	Cls Acc 34.8 (36.5)
Epoch: [3][400/500]	Time 0.496 (0.616)	Data 0.364 (0.484)	Loss 2.43 (2.36)	Cls Acc 37.1 (36.9)
Test: [0/4]	Time  2.555 ( 2.555)	Loss 3.3373e+00 (3.3373e+00)	Acc@1   7.81 (  7.81)	Acc@5  39.84 ( 39.84)
 * Acc@1 10.063 Acc@5 27.925
acc1 = 10.1, best_acc1 = 10.3
Epoch: [4][  0/500]	Time 0.222 (0.222)	Data 0.090 (0.090)	Loss 2.20 (2.20)	Cls Acc 39.5 (39.5)
Epoch: [4][100/500]	Time 0.496 (0.618)	Data 0.364 (0.486)	Loss 2.11 (2.24)	Cls Acc 45.7 (40.2)
Epoch: [4][200/500]	Time 1.853 (0.624)	Data 1.719 (0.492)	Loss 2.19 (2.22)	Cls Acc 41.4 (40.6)
Epoch: [4][300/500]	Time 0.496 (0.623)	Data 0.362 (0.491)	Loss 2.15 (2.21)	Cls Acc 41.8 (41.0)
Epoch: [4][400/500]	Time 0.498 (0.622)	Data 0.366 (0.489)	Loss 2.11 (2.19)	Cls Acc 46.9 (41.5)
Test: [0/4]	Time  3.404 ( 3.404)	Loss 3.3622e+00 (3.3622e+00)	Acc@1  10.94 ( 10.94)	Acc@5  48.05 ( 48.05)
 * Acc@1 11.572 Acc@5 33.082
acc1 = 11.6, best_acc1 = 11.6
Epoch: [5][  0/500]	Time 0.220 (0.220)	Data 0.088 (0.088)	Loss 2.14 (2.14)	Cls Acc 44.5 (44.5)
Epoch: [5][100/500]	Time 0.500 (0.615)	Data 0.369 (0.483)	Loss 2.30 (2.10)	Cls Acc 35.5 (44.1)
Epoch: [5][200/500]	Time 0.498 (0.617)	Data 0.366 (0.485)	Loss 2.00 (2.09)	Cls Acc 49.2 (44.5)
Epoch: [5][300/500]	Time 0.498 (0.618)	Data 0.367 (0.486)	Loss 2.02 (2.08)	Cls Acc 44.9 (44.8)
Epoch: [5][400/500]	Time 0.496 (0.620)	Data 0.364 (0.488)	Loss 1.89 (2.07)	Cls Acc 51.2 (45.1)
Test: [0/4]	Time  2.585 ( 2.585)	Loss 3.5102e+00 (3.5102e+00)	Acc@1   7.03 (  7.03)	Acc@5  38.67 ( 38.67)
 * Acc@1 9.937 Acc@5 29.434
acc1 = 9.9, best_acc1 = 11.6
Epoch: [6][  0/500]	Time 0.222 (0.222)	Data 0.090 (0.090)	Loss 1.92 (1.92)	Cls Acc 52.3 (52.3)
Epoch: [6][100/500]	Time 0.499 (0.616)	Data 0.367 (0.484)	Loss 2.00 (1.99)	Cls Acc 49.6 (47.1)
Epoch: [6][200/500]	Time 0.494 (0.618)	Data 0.362 (0.485)	Loss 1.94 (1.98)	Cls Acc 48.4 (47.3)
Epoch: [6][300/500]	Time 1.968 (0.624)	Data 1.834 (0.492)	Loss 1.86 (1.97)	Cls Acc 52.3 (47.6)
Epoch: [6][400/500]	Time 0.498 (0.624)	Data 0.366 (0.491)	Loss 1.89 (1.96)	Cls Acc 52.7 (47.8)
Test: [0/4]	Time  3.562 ( 3.562)	Loss 3.5535e+00 (3.5535e+00)	Acc@1   7.81 (  7.81)	Acc@5  37.11 ( 37.11)
 * Acc@1 10.314 Acc@5 30.314
acc1 = 10.3, best_acc1 = 11.6
Epoch: [7][  0/500]	Time 0.222 (0.222)	Data 0.090 (0.090)	Loss 1.98 (1.98)	Cls Acc 46.5 (46.5)
Epoch: [7][100/500]	Time 0.500 (0.615)	Data 0.368 (0.482)	Loss 1.92 (1.90)	Cls Acc 47.7 (49.2)
Epoch: [7][200/500]	Time 0.501 (0.617)	Data 0.367 (0.485)	Loss 1.86 (1.89)	Cls Acc 49.6 (49.4)
Epoch: [7][300/500]	Time 0.497 (0.618)	Data 0.365 (0.486)	Loss 1.88 (1.88)	Cls Acc 47.7 (49.6)
Epoch: [7][400/500]	Time 0.498 (0.619)	Data 0.366 (0.487)	Loss 1.87 (1.87)	Cls Acc 53.1 (49.8)
Test: [0/4]	Time  2.576 ( 2.576)	Loss 3.5859e+00 (3.5859e+00)	Acc@1   7.81 (  7.81)	Acc@5  39.45 ( 39.45)
 * Acc@1 10.440 Acc@5 31.698
acc1 = 10.4, best_acc1 = 11.6
Epoch: [8][  0/500]	Time 0.222 (0.222)	Data 0.090 (0.090)	Loss 1.83 (1.83)	Cls Acc 48.4 (48.4)
Epoch: [8][100/500]	Time 0.499 (0.617)	Data 0.367 (0.484)	Loss 1.74 (1.81)	Cls Acc 57.4 (51.3)
Epoch: [8][200/500]	Time 0.495 (0.619)	Data 0.363 (0.487)	Loss 1.85 (1.80)	Cls Acc 44.9 (51.6)
Epoch: [8][300/500]	Time 0.494 (0.619)	Data 0.362 (0.487)	Loss 1.81 (1.80)	Cls Acc 53.1 (51.8)
Epoch: [8][400/500]	Time 1.839 (0.623)	Data 1.703 (0.491)	Loss 1.79 (1.79)	Cls Acc 54.3 (52.0)
Test: [0/4]	Time  3.382 ( 3.382)	Loss 3.7876e+00 (3.7876e+00)	Acc@1   7.81 (  7.81)	Acc@5  34.77 ( 34.77)
 * Acc@1 10.692 Acc@5 30.692
acc1 = 10.7, best_acc1 = 11.6
Epoch: [9][  0/500]	Time 0.218 (0.218)	Data 0.087 (0.087)	Loss 1.66 (1.66)	Cls Acc 55.1 (55.1)
Epoch: [9][100/500]	Time 0.498 (0.612)	Data 0.367 (0.480)	Loss 1.69 (1.74)	Cls Acc 57.4 (53.2)
Epoch: [9][200/500]	Time 0.497 (0.616)	Data 0.365 (0.484)	Loss 1.74 (1.73)	Cls Acc 54.7 (53.3)
Epoch: [9][300/500]	Time 0.496 (0.617)	Data 0.365 (0.485)	Loss 1.66 (1.72)	Cls Acc 55.1 (53.5)
Epoch: [9][400/500]	Time 0.497 (0.617)	Data 0.365 (0.485)	Loss 1.62 (1.72)	Cls Acc 54.7 (53.6)
Test: [0/4]	Time  2.597 ( 2.597)	Loss 3.7285e+00 (3.7285e+00)	Acc@1   9.77 (  9.77)	Acc@5  40.62 ( 40.62)
 * Acc@1 11.069 Acc@5 32.201
acc1 = 11.1, best_acc1 = 11.6
Epoch: [10][  0/500]	Time 0.219 (0.219)	Data 0.087 (0.087)	Loss 1.69 (1.69)	Cls Acc 56.6 (56.6)
Epoch: [10][100/500]	Time 0.496 (0.617)	Data 0.364 (0.485)	Loss 1.67 (1.67)	Cls Acc 53.9 (54.8)
Epoch: [10][200/500]	Time 0.499 (0.619)	Data 0.367 (0.487)	Loss 1.78 (1.67)	Cls Acc 50.8 (55.0)
Epoch: [10][300/500]	Time 0.496 (0.619)	Data 0.363 (0.487)	Loss 1.56 (1.66)	Cls Acc 60.2 (55.2)
Epoch: [10][400/500]	Time 0.495 (0.619)	Data 0.363 (0.487)	Loss 1.67 (1.65)	Cls Acc 55.5 (55.3)
Test: [0/4]	Time  2.510 ( 2.510)	Loss 3.8296e+00 (3.8296e+00)	Acc@1   8.98 (  8.98)	Acc@5  39.45 ( 39.45)
 * Acc@1 11.069 Acc@5 31.572
acc1 = 11.1, best_acc1 = 11.6
Epoch: [11][  0/500]	Time 1.775 (1.775)	Data 1.641 (1.641)	Loss 1.72 (1.72)	Cls Acc 54.7 (54.7)
Epoch: [11][100/500]	Time 0.497 (0.629)	Data 0.365 (0.496)	Loss 1.67 (1.61)	Cls Acc 57.0 (56.4)
Epoch: [11][200/500]	Time 0.496 (0.624)	Data 0.365 (0.491)	Loss 1.63 (1.61)	Cls Acc 55.5 (56.4)
Epoch: [11][300/500]	Time 0.503 (0.622)	Data 0.371 (0.490)	Loss 1.45 (1.60)	Cls Acc 65.2 (56.5)
Epoch: [11][400/500]	Time 0.499 (0.622)	Data 0.367 (0.490)	Loss 1.54 (1.59)	Cls Acc 58.6 (56.7)
Test: [0/4]	Time  2.828 ( 2.828)	Loss 3.9553e+00 (3.9553e+00)	Acc@1   9.38 (  9.38)	Acc@5  38.67 ( 38.67)
 * Acc@1 10.818 Acc@5 31.572
acc1 = 10.8, best_acc1 = 11.6
Epoch: [12][  0/500]	Time 0.221 (0.221)	Data 0.089 (0.089)	Loss 1.63 (1.63)	Cls Acc 53.5 (53.5)
Epoch: [12][100/500]	Time 0.499 (0.617)	Data 0.367 (0.485)	Loss 1.52 (1.56)	Cls Acc 60.5 (57.4)
Epoch: [12][200/500]	Time 0.496 (0.620)	Data 0.364 (0.488)	Loss 1.57 (1.55)	Cls Acc 60.9 (57.7)
Epoch: [12][300/500]	Time 0.502 (0.621)	Data 0.370 (0.488)	Loss 1.58 (1.55)	Cls Acc 57.0 (57.9)
Epoch: [12][400/500]	Time 0.500 (0.620)	Data 0.368 (0.488)	Loss 1.48 (1.54)	Cls Acc 57.8 (58.1)
Test: [0/4]	Time  2.588 ( 2.588)	Loss 4.1148e+00 (4.1148e+00)	Acc@1   9.77 (  9.77)	Acc@5  34.38 ( 34.38)
 * Acc@1 11.195 Acc@5 30.063
acc1 = 11.2, best_acc1 = 11.6
Epoch: [13][  0/500]	Time 0.221 (0.221)	Data 0.089 (0.089)	Loss 1.52 (1.52)	Cls Acc 55.5 (55.5)
Epoch: [13][100/500]	Time 1.814 (0.630)	Data 1.681 (0.498)	Loss 1.58 (1.51)	Cls Acc 56.6 (58.7)
Epoch: [13][200/500]	Time 0.504 (0.626)	Data 0.368 (0.494)	Loss 1.53 (1.50)	Cls Acc 57.0 (59.0)
Epoch: [13][300/500]	Time 0.503 (0.625)	Data 0.369 (0.493)	Loss 1.51 (1.50)	Cls Acc 57.8 (59.1)
Epoch: [13][400/500]	Time 0.498 (0.625)	Data 0.367 (0.492)	Loss 1.53 (1.49)	Cls Acc 60.5 (59.3)
Test: [0/4]	Time  3.093 ( 3.093)	Loss 4.2909e+00 (4.2909e+00)	Acc@1   8.59 (  8.59)	Acc@5  34.77 ( 34.77)
 * Acc@1 10.189 Acc@5 29.937
acc1 = 10.2, best_acc1 = 11.6
Epoch: [14][  0/500]	Time 0.223 (0.223)	Data 0.091 (0.091)	Loss 1.55 (1.55)	Cls Acc 60.9 (60.9)
Epoch: [14][100/500]	Time 0.500 (0.615)	Data 0.367 (0.482)	Loss 1.47 (1.47)	Cls Acc 59.4 (60.0)
Epoch: [14][200/500]	Time 0.496 (0.618)	Data 0.364 (0.486)	Loss 1.47 (1.46)	Cls Acc 56.2 (60.3)
Epoch: [14][300/500]	Time 0.496 (0.620)	Data 0.365 (0.488)	Loss 1.30 (1.45)	Cls Acc 66.4 (60.4)
Epoch: [14][400/500]	Time 0.493 (0.620)	Data 0.361 (0.488)	Loss 1.43 (1.45)	Cls Acc 59.8 (60.6)
Test: [0/4]	Time  2.524 ( 2.524)	Loss 4.3333e+00 (4.3333e+00)	Acc@1   8.20 (  8.20)	Acc@5  32.81 ( 32.81)
 * Acc@1 10.314 Acc@5 30.440
acc1 = 10.3, best_acc1 = 11.6
Epoch: [15][  0/500]	Time 0.220 (0.220)	Data 0.087 (0.087)	Loss 1.50 (1.50)	Cls Acc 58.6 (58.6)
Epoch: [15][100/500]	Time 0.495 (0.614)	Data 0.363 (0.482)	Loss 1.47 (1.42)	Cls Acc 64.5 (61.4)
Epoch: [15][200/500]	Time 1.815 (0.623)	Data 1.680 (0.491)	Loss 1.47 (1.42)	Cls Acc 60.5 (61.5)
Epoch: [15][300/500]	Time 0.496 (0.622)	Data 0.362 (0.490)	Loss 1.33 (1.41)	Cls Acc 64.1 (61.6)
Epoch: [15][400/500]	Time 0.498 (0.622)	Data 0.367 (0.489)	Loss 1.50 (1.41)	Cls Acc 59.0 (61.7)
Test: [0/4]	Time  3.349 ( 3.349)	Loss 4.4591e+00 (4.4591e+00)	Acc@1   8.59 (  8.59)	Acc@5  32.42 ( 32.42)
 * Acc@1 10.189 Acc@5 29.434
acc1 = 10.2, best_acc1 = 11.6
Epoch: [16][  0/500]	Time 0.220 (0.220)	Data 0.089 (0.089)	Loss 1.33 (1.33)	Cls Acc 62.9 (62.9)
Epoch: [16][100/500]	Time 0.498 (0.618)	Data 0.367 (0.486)	Loss 1.38 (1.38)	Cls Acc 62.5 (62.2)
Epoch: [16][200/500]	Time 0.500 (0.618)	Data 0.368 (0.486)	Loss 1.43 (1.38)	Cls Acc 59.4 (62.3)
Epoch: [16][300/500]	Time 0.500 (0.619)	Data 0.368 (0.487)	Loss 1.23 (1.37)	Cls Acc 64.1 (62.4)
Epoch: [16][400/500]	Time 0.498 (0.619)	Data 0.367 (0.487)	Loss 1.31 (1.37)	Cls Acc 64.5 (62.6)
Test: [0/4]	Time  2.520 ( 2.520)	Loss 4.2890e+00 (4.2890e+00)	Acc@1   8.20 (  8.20)	Acc@5  37.89 ( 37.89)
 * Acc@1 10.314 Acc@5 31.950
acc1 = 10.3, best_acc1 = 11.6
Epoch: [17][  0/500]	Time 0.223 (0.223)	Data 0.091 (0.091)	Loss 1.38 (1.38)	Cls Acc 59.4 (59.4)
Epoch: [17][100/500]	Time 0.492 (0.617)	Data 0.360 (0.485)	Loss 1.43 (1.34)	Cls Acc 60.2 (63.6)
Epoch: [17][200/500]	Time 0.497 (0.619)	Data 0.365 (0.486)	Loss 1.29 (1.34)	Cls Acc 69.1 (63.7)
Epoch: [17][300/500]	Time 1.819 (0.624)	Data 1.684 (0.492)	Loss 1.37 (1.34)	Cls Acc 64.8 (63.7)
Epoch: [17][400/500]	Time 0.495 (0.623)	Data 0.364 (0.491)	Loss 1.27 (1.33)	Cls Acc 66.8 (63.8)
Test: [0/4]	Time  3.493 ( 3.493)	Loss 4.4364e+00 (4.4364e+00)	Acc@1   8.20 (  8.20)	Acc@5  36.33 ( 36.33)
 * Acc@1 10.189 Acc@5 31.572
acc1 = 10.2, best_acc1 = 11.6
Epoch: [18][  0/500]	Time 0.224 (0.224)	Data 0.092 (0.092)	Loss 1.38 (1.38)	Cls Acc 60.9 (60.9)
Epoch: [18][100/500]	Time 0.498 (0.621)	Data 0.366 (0.489)	Loss 1.12 (1.31)	Cls Acc 71.1 (64.4)
Epoch: [18][200/500]	Time 0.499 (0.619)	Data 0.368 (0.487)	Loss 1.32 (1.31)	Cls Acc 66.0 (64.6)
Epoch: [18][300/500]	Time 0.497 (0.619)	Data 0.365 (0.487)	Loss 1.24 (1.30)	Cls Acc 68.4 (64.7)
Epoch: [18][400/500]	Time 0.496 (0.620)	Data 0.364 (0.487)	Loss 1.33 (1.30)	Cls Acc 62.5 (64.7)
Test: [0/4]	Time  2.578 ( 2.578)	Loss 4.4326e+00 (4.4326e+00)	Acc@1   8.98 (  8.98)	Acc@5  39.45 ( 39.45)
 * Acc@1 10.692 Acc@5 32.075
acc1 = 10.7, best_acc1 = 11.6
Epoch: [19][  0/500]	Time 0.221 (0.221)	Data 0.089 (0.089)	Loss 1.29 (1.29)	Cls Acc 64.8 (64.8)
Epoch: [19][100/500]	Time 0.497 (0.615)	Data 0.364 (0.483)	Loss 1.32 (1.27)	Cls Acc 64.8 (65.6)
Epoch: [19][200/500]	Time 0.497 (0.618)	Data 0.365 (0.485)	Loss 1.20 (1.27)	Cls Acc 69.1 (65.5)
Epoch: [19][300/500]	Time 0.500 (0.618)	Data 0.369 (0.486)	Loss 1.30 (1.27)	Cls Acc 65.2 (65.6)
Epoch: [19][400/500]	Time 1.839 (0.621)	Data 1.704 (0.489)	Loss 1.20 (1.27)	Cls Acc 67.6 (65.7)
Test: [0/4]	Time  3.373 ( 3.373)	Loss 4.5756e+00 (4.5756e+00)	Acc@1   8.59 (  8.59)	Acc@5  36.72 ( 36.72)
 * Acc@1 10.440 Acc@5 31.950
acc1 = 10.4, best_acc1 = 11.6
Epoch: [20][  0/500]	Time 0.222 (0.222)	Data 0.090 (0.090)	Loss 1.29 (1.29)	Cls Acc 64.1 (64.1)
Epoch: [20][100/500]	Time 0.499 (0.618)	Data 0.368 (0.485)	Loss 1.21 (1.25)	Cls Acc 68.8 (66.3)
Epoch: [20][200/500]	Time 0.502 (0.617)	Data 0.369 (0.485)	Loss 1.20 (1.24)	Cls Acc 69.9 (66.3)
Epoch: [20][300/500]	Time 0.497 (0.619)	Data 0.364 (0.486)	Loss 1.34 (1.24)	Cls Acc 62.9 (66.4)
Epoch: [20][400/500]	Time 0.500 (0.619)	Data 0.368 (0.487)	Loss 1.22 (1.24)	Cls Acc 67.2 (66.5)
Test: [0/4]	Time  2.663 ( 2.663)	Loss 4.5754e+00 (4.5754e+00)	Acc@1   8.20 (  8.20)	Acc@5  36.72 ( 36.72)
 * Acc@1 10.063 Acc@5 32.201
acc1 = 10.1, best_acc1 = 11.6
Epoch: [21][  0/500]	Time 0.222 (0.222)	Data 0.090 (0.090)	Loss 1.23 (1.23)	Cls Acc 66.8 (66.8)
Epoch: [21][100/500]	Time 0.497 (0.615)	Data 0.366 (0.483)	Loss 1.17 (1.22)	Cls Acc 72.7 (67.0)
Epoch: [21][200/500]	Time 0.500 (0.619)	Data 0.368 (0.487)	Loss 1.28 (1.21)	Cls Acc 62.9 (67.1)
Epoch: [21][300/500]	Time 0.498 (0.620)	Data 0.366 (0.487)	Loss 1.26 (1.21)	Cls Acc 64.8 (67.2)
Epoch: [21][400/500]	Time 0.499 (0.620)	Data 0.368 (0.488)	Loss 1.22 (1.21)	Cls Acc 68.4 (67.3)
Test: [0/4]	Time  2.606 ( 2.606)	Loss 4.6559e+00 (4.6559e+00)	Acc@1   8.20 (  8.20)	Acc@5  36.33 ( 36.33)
 * Acc@1 10.314 Acc@5 32.201
acc1 = 10.3, best_acc1 = 11.6
Epoch: [22][  0/500]	Time 1.797 (1.797)	Data 1.663 (1.663)	Loss 1.29 (1.29)	Cls Acc 62.1 (62.1)
Epoch: [22][100/500]	Time 0.497 (0.632)	Data 0.365 (0.500)	Loss 1.17 (1.19)	Cls Acc 70.7 (67.7)
Epoch: [22][200/500]	Time 0.497 (0.634)	Data 0.365 (0.501)	Loss 1.17 (1.18)	Cls Acc 66.8 (67.8)
Epoch: [22][300/500]	Time 0.507 (0.631)	Data 0.375 (0.499)	Loss 1.02 (1.18)	Cls Acc 70.7 (67.8)
Epoch: [22][400/500]	Time 0.500 (0.628)	Data 0.369 (0.496)	Loss 1.19 (1.18)	Cls Acc 66.0 (67.9)
Test: [0/4]	Time  2.969 ( 2.969)	Loss 4.8023e+00 (4.8023e+00)	Acc@1   8.59 (  8.59)	Acc@5  35.94 ( 35.94)
 * Acc@1 10.314 Acc@5 32.579
acc1 = 10.3, best_acc1 = 11.6
Epoch: [23][  0/500]	Time 0.223 (0.223)	Data 0.091 (0.091)	Loss 1.13 (1.13)	Cls Acc 70.3 (70.3)
Epoch: [23][100/500]	Time 0.496 (0.618)	Data 0.365 (0.485)	Loss 1.13 (1.16)	Cls Acc 69.5 (68.4)
Epoch: [23][200/500]	Time 0.499 (0.620)	Data 0.367 (0.488)	Loss 1.23 (1.16)	Cls Acc 66.0 (68.5)
Epoch: [23][300/500]	Time 0.495 (0.620)	Data 0.364 (0.488)	Loss 1.21 (1.16)	Cls Acc 68.0 (68.6)
Epoch: [23][400/500]	Time 0.496 (0.621)	Data 0.365 (0.488)	Loss 1.21 (1.16)	Cls Acc 70.7 (68.7)
Test: [0/4]	Time  2.524 ( 2.524)	Loss 4.9223e+00 (4.9223e+00)	Acc@1   8.59 (  8.59)	Acc@5  35.55 ( 35.55)
 * Acc@1 10.566 Acc@5 32.327
acc1 = 10.6, best_acc1 = 11.6
Epoch: [24][  0/500]	Time 0.220 (0.220)	Data 0.089 (0.089)	Loss 1.23 (1.23)	Cls Acc 67.2 (67.2)
Epoch: [24][100/500]	Time 1.830 (0.630)	Data 1.692 (0.498)	Loss 0.99 (1.14)	Cls Acc 73.4 (69.1)
Epoch: [24][200/500]	Time 0.498 (0.626)	Data 0.365 (0.493)	Loss 1.06 (1.13)	Cls Acc 71.9 (69.2)
Epoch: [24][300/500]	Time 0.499 (0.625)	Data 0.368 (0.492)	Loss 1.09 (1.13)	Cls Acc 70.7 (69.3)
Epoch: [24][400/500]	Time 0.498 (0.623)	Data 0.367 (0.491)	Loss 1.08 (1.13)	Cls Acc 72.3 (69.5)
Test: [0/4]	Time  3.104 ( 3.104)	Loss 4.8248e+00 (4.8248e+00)	Acc@1   8.98 (  8.98)	Acc@5  37.50 ( 37.50)
 * Acc@1 11.069 Acc@5 32.956
acc1 = 11.1, best_acc1 = 11.6
Epoch: [25][  0/500]	Time 0.224 (0.224)	Data 0.092 (0.092)	Loss 1.25 (1.25)	Cls Acc 68.8 (68.8)
Epoch: [25][100/500]	Time 0.501 (0.618)	Data 0.370 (0.486)	Loss 1.03 (1.11)	Cls Acc 73.4 (70.2)
Epoch: [25][200/500]	Time 0.497 (0.620)	Data 0.366 (0.488)	Loss 1.16 (1.11)	Cls Acc 69.1 (70.1)
Epoch: [25][300/500]	Time 0.498 (0.620)	Data 0.366 (0.488)	Loss 1.05 (1.11)	Cls Acc 70.3 (70.2)
Epoch: [25][400/500]	Time 0.496 (0.620)	Data 0.364 (0.488)	Loss 1.01 (1.11)	Cls Acc 71.5 (70.2)
Test: [0/4]	Time  2.546 ( 2.546)	Loss 4.8549e+00 (4.8549e+00)	Acc@1   9.38 (  9.38)	Acc@5  36.72 ( 36.72)
 * Acc@1 11.069 Acc@5 32.579
acc1 = 11.1, best_acc1 = 11.6
Epoch: [26][  0/500]	Time 0.221 (0.221)	Data 0.089 (0.089)	Loss 1.07 (1.07)	Cls Acc 70.3 (70.3)
Epoch: [26][100/500]	Time 0.498 (0.615)	Data 0.366 (0.483)	Loss 1.11 (1.09)	Cls Acc 69.5 (71.0)
Epoch: [26][200/500]	Time 1.866 (0.625)	Data 1.733 (0.493)	Loss 1.00 (1.09)	Cls Acc 73.4 (70.9)
Epoch: [26][300/500]	Time 0.498 (0.624)	Data 0.367 (0.492)	Loss 1.01 (1.08)	Cls Acc 70.7 (70.9)
Epoch: [26][400/500]	Time 0.503 (0.622)	Data 0.367 (0.490)	Loss 1.18 (1.08)	Cls Acc 66.8 (71.0)
Test: [0/4]	Time  3.556 ( 3.556)	Loss 4.9291e+00 (4.9291e+00)	Acc@1   9.38 (  9.38)	Acc@5  35.94 ( 35.94)
 * Acc@1 11.069 Acc@5 32.956
acc1 = 11.1, best_acc1 = 11.6
Epoch: [27][  0/500]	Time 0.218 (0.218)	Data 0.086 (0.086)	Loss 1.08 (1.08)	Cls Acc 71.9 (71.9)
Epoch: [27][100/500]	Time 0.499 (0.615)	Data 0.367 (0.483)	Loss 1.02 (1.07)	Cls Acc 72.7 (71.4)
Epoch: [27][200/500]	Time 0.500 (0.618)	Data 0.369 (0.485)	Loss 1.09 (1.06)	Cls Acc 72.7 (71.6)
Epoch: [27][300/500]	Time 0.496 (0.621)	Data 0.364 (0.489)	Loss 0.90 (1.06)	Cls Acc 78.1 (71.6)
Epoch: [27][400/500]	Time 0.500 (0.622)	Data 0.367 (0.490)	Loss 1.04 (1.06)	Cls Acc 71.9 (71.6)
Test: [0/4]	Time  2.592 ( 2.592)	Loss 5.0642e+00 (5.0642e+00)	Acc@1   8.98 (  8.98)	Acc@5  34.77 ( 34.77)
 * Acc@1 10.692 Acc@5 32.327
acc1 = 10.7, best_acc1 = 11.6
Epoch: [28][  0/500]	Time 0.222 (0.222)	Data 0.090 (0.090)	Loss 1.01 (1.01)	Cls Acc 71.9 (71.9)
Epoch: [28][100/500]	Time 0.494 (0.614)	Data 0.363 (0.481)	Loss 1.09 (1.04)	Cls Acc 69.5 (72.2)
Epoch: [28][200/500]	Time 0.503 (0.618)	Data 0.372 (0.485)	Loss 1.07 (1.04)	Cls Acc 70.7 (72.2)
Epoch: [28][300/500]	Time 1.913 (0.623)	Data 1.779 (0.491)	Loss 0.99 (1.04)	Cls Acc 73.0 (72.3)
Epoch: [28][400/500]	Time 0.499 (0.622)	Data 0.367 (0.490)	Loss 0.96 (1.03)	Cls Acc 76.2 (72.3)
Test: [0/4]	Time  3.515 ( 3.515)	Loss 5.0843e+00 (5.0843e+00)	Acc@1   8.20 (  8.20)	Acc@5  35.16 ( 35.16)
 * Acc@1 10.692 Acc@5 33.208
acc1 = 10.7, best_acc1 = 11.6
Epoch: [29][  0/500]	Time 0.222 (0.222)	Data 0.090 (0.090)	Loss 1.00 (1.00)	Cls Acc 72.7 (72.7)
Epoch: [29][100/500]	Time 0.502 (0.628)	Data 0.367 (0.495)	Loss 0.91 (1.02)	Cls Acc 75.8 (72.7)
Epoch: [29][200/500]	Time 0.500 (0.630)	Data 0.367 (0.498)	Loss 1.13 (1.02)	Cls Acc 67.6 (72.7)
Epoch: [29][300/500]	Time 0.496 (0.630)	Data 0.364 (0.497)	Loss 0.84 (1.02)	Cls Acc 78.9 (72.8)
Epoch: [29][400/500]	Time 0.499 (0.628)	Data 0.367 (0.495)	Loss 0.95 (1.02)	Cls Acc 78.1 (72.9)
Test: [0/4]	Time  2.583 ( 2.583)	Loss 5.0660e+00 (5.0660e+00)	Acc@1   9.38 (  9.38)	Acc@5  33.59 ( 33.59)
 * Acc@1 11.195 Acc@5 32.327
acc1 = 11.2, best_acc1 = 11.6
best_acc1 = 11.6
Traceback (most recent call last):
  File "../../../../source_only.py", line 377, in <module>
    main(args)
  File "../../../../source_only.py", line 161, in main
    acc1 = validate(val_loader, classifier, args)
TypeError: validate() missing 1 required positional argument: 'epoch'
