Use GPU: 0 for training
=> creating model 'resnet50'
=> loading checkpoint '/home/junzhin/Project/Summer_project/code/version1.0/pretrained_model_results/Resnet18_office31masked2checkpoint.pth.tar'
=> loaded checkpoint '/home/junzhin/Project/Summer_project/code/version1.0/pretrained_model_results/Resnet18_office31masked2checkpoint.pth.tar' (epoch 47)
----------------------------------------
training directory:/data/gpfs/datasets/Imagenet/train_blurred

validating directory:/data/gpfs/datasets/Imagenet/val_blurred

----------------------------------------
Dataset ImageFolder
    Number of datapoints: 1281066
    Root location: /data/gpfs/datasets/Imagenet/train_blurred
    StandardTransform
Transform: Compose(
               Resize(size=256, interpolation=bilinear, max_size=None, antialias=None)
               CenterCrop(size=(224, 224))
               ToTensor()
               Normalize(mean=[0.485, 0.456, 0.406], std=[0.229, 0.224, 0.225])
           )
----------------------------------------
Dataset ImageFolder
    Number of datapoints: 49997
    Root location: /data/gpfs/datasets/Imagenet/val_blurred
    StandardTransform
Transform: Compose(
               Resize(size=256, interpolation=bilinear, max_size=None, antialias=None)
               CenterCrop(size=(224, 224))
               ToTensor()
               Normalize(mean=[0.485, 0.456, 0.406], std=[0.229, 0.224, 0.225])
           )
----------------------------------------
            0                      1
0   n02791124           barber_chair
1   n02823428            beer_bottle
2   n02835271  bicycle-built-for-two
3   n02840245                 binder
4   n02870880               bookcase
5   n02877765              bottlecap
6   n02992529     cellular_telephone
7   n03018349          china_cabinet
8   n03063599             coffee_mug
9   n03085013      computer_keyboard
10  n03127747           crash_helmet
11  n03180011       desktop_computer
12  n03187595         dial_telephone
13  n03376595          folding_chair
14  n03379051        football_helmet
15  n03388183           fountain_pen
16  n03485407     hand-held_computer
17  n03637318              lampshade
18  n03642806                 laptop
19  n03691459            loudspeaker
20  n03742115         medicine_chest
21  n03759954             microphone
22  n03782006                monitor
23  n03785016                  moped
24  n03792782          mountain_bike
25  n03793489                  mouse
26  n03832673               notebook
27  n03902125              pay-phone
28  n03937543            pill_bottle
29  n03983396             pop_bottle
30  n04004767                printer
31  n04009552              projector
32  n04099969          rocking_chair
33  n04152593                 screen
34  n04286575              spotlight
35  n04380533             table_lamp
36  n04476259                   tray
37  n04505470    typewriter_keyboard
38  n04557648           water_bottle
39  n04591713            wine_bottle
40  n06596364             comic_book
41  n07930864                    cup
[423, 440, 444, 446, 453, 455, 487, 495, 504, 508, 518, 527, 528, 559, 560, 563, 590, 619, 620, 632, 648, 650, 664, 665, 671, 673, 681, 707, 720, 737, 742, 745, 765, 782, 818, 846, 868, 878, 898, 907, 917, 968]
----------------------------------------
1226767
47897
Use GPU: 1 for training
=> creating model 'resnet50'
=> loading checkpoint '/home/junzhin/Project/Summer_project/code/version1.0/pretrained_model_results/Resnet18_office31masked2checkpoint.pth.tar'
=> loaded checkpoint '/home/junzhin/Project/Summer_project/code/version1.0/pretrained_model_results/Resnet18_office31masked2checkpoint.pth.tar' (epoch 47)
----------------------------------------
training directory:/data/gpfs/datasets/Imagenet/train_blurred

validating directory:/data/gpfs/datasets/Imagenet/val_blurred

----------------------------------------
Dataset ImageFolder
    Number of datapoints: 1281066
    Root location: /data/gpfs/datasets/Imagenet/train_blurred
    StandardTransform
Transform: Compose(
               Resize(size=256, interpolation=bilinear, max_size=None, antialias=None)
               CenterCrop(size=(224, 224))
               ToTensor()
               Normalize(mean=[0.485, 0.456, 0.406], std=[0.229, 0.224, 0.225])
           )
----------------------------------------
Dataset ImageFolder
    Number of datapoints: 49997
    Root location: /data/gpfs/datasets/Imagenet/val_blurred
    StandardTransform
Transform: Compose(
               Resize(size=256, interpolation=bilinear, max_size=None, antialias=None)
               CenterCrop(size=(224, 224))
               ToTensor()
               Normalize(mean=[0.485, 0.456, 0.406], std=[0.229, 0.224, 0.225])
           )
----------------------------------------
            0                      1
0   n02791124           barber_chair
1   n02823428            beer_bottle
2   n02835271  bicycle-built-for-two
3   n02840245                 binder
4   n02870880               bookcase
5   n02877765              bottlecap
6   n02992529     cellular_telephone
7   n03018349          china_cabinet
8   n03063599             coffee_mug
9   n03085013      computer_keyboard
10  n03127747           crash_helmet
11  n03180011       desktop_computer
12  n03187595         dial_telephone
13  n03376595          folding_chair
14  n03379051        football_helmet
15  n03388183           fountain_pen
16  n03485407     hand-held_computer
17  n03637318              lampshade
18  n03642806                 laptop
19  n03691459            loudspeaker
20  n03742115         medicine_chest
21  n03759954             microphone
22  n03782006                monitor
23  n03785016                  moped
24  n03792782          mountain_bike
25  n03793489                  mouse
26  n03832673               notebook
27  n03902125              pay-phone
28  n03937543            pill_bottle
29  n03983396             pop_bottle
30  n04004767                printer
31  n04009552              projector
32  n04099969          rocking_chair
33  n04152593                 screen
34  n04286575              spotlight
35  n04380533             table_lamp
36  n04476259                   tray
37  n04505470    typewriter_keyboard
38  n04557648           water_bottle
39  n04591713            wine_bottle
40  n06596364             comic_book
41  n07930864                    cup
[423, 440, 444, 446, 453, 455, 487, 495, 504, 508, 518, 527, 528, 559, 560, 563, 590, 619, 620, 632, 648, 650, 664, 665, 671, 673, 681, 707, 720, 737, 742, 745, 765, 782, 818, 846, 868, 878, 898, 907, 917, 968]
----------------------------------------
1226767
47897
Epoch: [47][   0/5381]	Time 13.528 (13.528)	Data  9.682 ( 9.682)	Loss 2.0933e-01 (2.0933e-01)	Acc@1  94.74 ( 94.74)	Acc@5 100.00 (100.00)
Epoch: [47][ 100/5381]	Time  0.645 ( 0.935)	Data  0.000 ( 0.347)	Loss 2.2132e-01 (3.0128e-01)	Acc@1  95.61 ( 91.59)	Acc@5 100.00 ( 99.41)
Epoch: [47][ 200/5381]	Time  0.652 ( 0.878)	Data  0.000 ( 0.304)	Loss 2.8520e-01 (2.8227e-01)	Acc@1  93.86 ( 92.20)	Acc@5  99.12 ( 99.45)
Epoch: [47][ 300/5381]	Time  0.646 ( 0.856)	Data  0.000 ( 0.286)	Loss 2.7374e-01 (2.7565e-01)	Acc@1  89.47 ( 92.36)	Acc@5 100.00 ( 99.52)
Epoch: [47][ 400/5381]	Time  0.659 ( 0.848)	Data  0.000 ( 0.283)	Loss 3.2353e-01 (2.7268e-01)	Acc@1  89.47 ( 92.41)	Acc@5 100.00 ( 99.54)
Epoch: [47][ 500/5381]	Time  0.905 ( 0.841)	Data  0.442 ( 0.285)	Loss 2.4771e-01 (2.7028e-01)	Acc@1  93.86 ( 92.42)	Acc@5  99.12 ( 99.53)
Epoch: [47][ 600/5381]	Time  0.872 ( 0.837)	Data  0.411 ( 0.281)	Loss 2.3706e-01 (2.6986e-01)	Acc@1  93.86 ( 92.43)	Acc@5 100.00 ( 99.54)
Epoch: [47][ 700/5381]	Time  0.968 ( 0.835)	Data  0.506 ( 0.278)	Loss 2.1768e-01 (2.7056e-01)	Acc@1  94.74 ( 92.45)	Acc@5 100.00 ( 99.54)
Epoch: [47][ 800/5381]	Time  0.646 ( 0.831)	Data  0.127 ( 0.277)	Loss 2.5941e-01 (2.7257e-01)	Acc@1  92.11 ( 92.39)	Acc@5  99.12 ( 99.54)
Epoch: [47][ 900/5381]	Time  1.125 ( 0.827)	Data  0.664 ( 0.273)	Loss 2.5126e-01 (2.7314e-01)	Acc@1  95.61 ( 92.39)	Acc@5  99.12 ( 99.54)
Epoch: [47][1000/5381]	Time  0.638 ( 0.823)	Data  0.000 ( 0.267)	Loss 3.4691e-01 (2.7419e-01)	Acc@1  87.72 ( 92.37)	Acc@5  99.12 ( 99.54)
Epoch: [47][1100/5381]	Time  0.648 ( 0.822)	Data  0.000 ( 0.266)	Loss 2.6837e-01 (2.7549e-01)	Acc@1  92.11 ( 92.31)	Acc@5  98.25 ( 99.53)
Epoch: [47][1200/5381]	Time  0.659 ( 0.820)	Data  0.000 ( 0.263)	Loss 2.9718e-01 (2.7778e-01)	Acc@1  90.35 ( 92.23)	Acc@5 100.00 ( 99.51)
Epoch: [47][1300/5381]	Time  0.648 ( 0.820)	Data  0.000 ( 0.264)	Loss 2.3268e-01 (2.8025e-01)	Acc@1  96.49 ( 92.15)	Acc@5 100.00 ( 99.50)
Epoch: [47][1400/5381]	Time  0.706 ( 0.819)	Data  0.245 ( 0.265)	Loss 3.9459e-01 (2.8285e-01)	Acc@1  88.60 ( 92.07)	Acc@5  99.12 ( 99.49)
Epoch: [47][1500/5381]	Time  0.773 ( 0.818)	Data  0.287 ( 0.267)	Loss 4.0865e-01 (2.8526e-01)	Acc@1  87.72 ( 91.99)	Acc@5  98.25 ( 99.49)
Epoch: [47][1600/5381]	Time  0.646 ( 0.818)	Data  0.000 ( 0.268)	Loss 2.6835e-01 (2.8840e-01)	Acc@1  92.11 ( 91.89)	Acc@5 100.00 ( 99.48)
Epoch: [47][1700/5381]	Time  0.650 ( 0.817)	Data  0.000 ( 0.267)	Loss 4.0868e-01 (2.9129e-01)	Acc@1  90.35 ( 91.79)	Acc@5  98.25 ( 99.47)
Epoch: [47][1800/5381]	Time  0.645 ( 0.818)	Data  0.000 ( 0.267)	Loss 2.8527e-01 (2.9475e-01)	Acc@1  92.11 ( 91.68)	Acc@5 100.00 ( 99.44)
Epoch: [47][1900/5381]	Time  0.654 ( 0.818)	Data  0.000 ( 0.267)	Loss 3.1773e-01 (2.9768e-01)	Acc@1  90.35 ( 91.58)	Acc@5  99.12 ( 99.42)
Epoch: [47][2000/5381]	Time  0.657 ( 0.818)	Data  0.000 ( 0.266)	Loss 1.6340e-01 (3.0107e-01)	Acc@1  94.74 ( 91.47)	Acc@5 100.00 ( 99.41)
Epoch: [47][2100/5381]	Time  0.659 ( 0.817)	Data  0.000 ( 0.265)	Loss 3.0543e-01 (3.0421e-01)	Acc@1  90.35 ( 91.37)	Acc@5  99.12 ( 99.39)
Epoch: [47][2200/5381]	Time  0.646 ( 0.815)	Data  0.000 ( 0.261)	Loss 4.3805e-01 (3.0777e-01)	Acc@1  86.84 ( 91.25)	Acc@5  98.25 ( 99.37)
Epoch: [47][2300/5381]	Time  0.661 ( 0.815)	Data  0.084 ( 0.261)	Loss 3.7072e-01 (3.1110e-01)	Acc@1  86.84 ( 91.14)	Acc@5  99.12 ( 99.35)
Epoch: [47][2400/5381]	Time  0.646 ( 0.814)	Data  0.172 ( 0.261)	Loss 3.6938e-01 (3.1423e-01)	Acc@1  91.23 ( 91.05)	Acc@5  99.12 ( 99.32)
Epoch: [47][2500/5381]	Time  0.665 ( 0.814)	Data  0.000 ( 0.261)	Loss 2.6909e-01 (3.1775e-01)	Acc@1  94.74 ( 90.94)	Acc@5 100.00 ( 99.30)
Epoch: [47][2600/5381]	Time  0.647 ( 0.814)	Data  0.040 ( 0.261)	Loss 4.5528e-01 (3.2048e-01)	Acc@1  85.96 ( 90.86)	Acc@5  98.25 ( 99.28)
Epoch: [47][2700/5381]	Time  0.908 ( 0.814)	Data  0.444 ( 0.261)	Loss 2.0827e-01 (3.2366e-01)	Acc@1  94.74 ( 90.75)	Acc@5 100.00 ( 99.26)
Epoch: [47][2800/5381]	Time  0.657 ( 0.814)	Data  0.000 ( 0.261)	Loss 4.3210e-01 (3.2716e-01)	Acc@1  89.47 ( 90.64)	Acc@5  96.49 ( 99.24)
Epoch: [47][2900/5381]	Time  0.648 ( 0.815)	Data  0.000 ( 0.261)	Loss 4.7594e-01 (3.3107e-01)	Acc@1  88.60 ( 90.51)	Acc@5  96.49 ( 99.21)
Epoch: [47][3000/5381]	Time  0.657 ( 0.815)	Data  0.000 ( 0.261)	Loss 4.3781e-01 (3.3420e-01)	Acc@1  88.60 ( 90.41)	Acc@5  99.12 ( 99.19)
Epoch: [47][3100/5381]	Time  0.656 ( 0.815)	Data  0.000 ( 0.261)	Loss 4.3500e-01 (3.3725e-01)	Acc@1  86.84 ( 90.31)	Acc@5  99.12 ( 99.18)
Epoch: [47][3200/5381]	Time  0.647 ( 0.815)	Data  0.000 ( 0.261)	Loss 6.5815e-01 (3.4042e-01)	Acc@1  80.70 ( 90.21)	Acc@5  98.25 ( 99.15)
Epoch: [47][3300/5381]	Time  0.667 ( 0.815)	Data  0.000 ( 0.261)	Loss 6.0270e-01 (3.4334e-01)	Acc@1  82.46 ( 90.12)	Acc@5  98.25 ( 99.14)
Epoch: [47][3400/5381]	Time  0.659 ( 0.815)	Data  0.000 ( 0.261)	Loss 4.6691e-01 (3.4674e-01)	Acc@1  83.33 ( 90.01)	Acc@5  99.12 ( 99.12)
Epoch: [47][3500/5381]	Time  0.646 ( 0.815)	Data  0.000 ( 0.260)	Loss 4.6259e-01 (3.5004e-01)	Acc@1  85.96 ( 89.92)	Acc@5  99.12 ( 99.10)
Epoch: [47][3600/5381]	Time  0.665 ( 0.814)	Data  0.000 ( 0.259)	Loss 5.5022e-01 (3.5281e-01)	Acc@1  81.58 ( 89.83)	Acc@5  99.12 ( 99.08)
Epoch: [47][3700/5381]	Time  1.014 ( 0.814)	Data  0.004 ( 0.253)	Loss 6.2179e-01 (3.5614e-01)	Acc@1  83.33 ( 89.72)	Acc@5  96.49 ( 99.06)
Epoch: [47][3800/5381]	Time  1.038 ( 0.815)	Data  0.000 ( 0.246)	Loss 3.5553e-01 (3.5930e-01)	Acc@1  90.35 ( 89.62)	Acc@5 100.00 ( 99.04)
Epoch: [47][3900/5381]	Time  1.061 ( 0.815)	Data  0.000 ( 0.240)	Loss 5.6768e-01 (3.6268e-01)	Acc@1  88.60 ( 89.52)	Acc@5  98.25 ( 99.01)
Epoch: [47][4000/5381]	Time  1.052 ( 0.815)	Data  0.000 ( 0.234)	Loss 4.7811e-01 (3.6600e-01)	Acc@1  87.72 ( 89.42)	Acc@5  97.37 ( 98.99)
Epoch: [47][4100/5381]	Time  0.862 ( 0.815)	Data  0.000 ( 0.228)	Loss 4.4343e-01 (3.6949e-01)	Acc@1  88.60 ( 89.31)	Acc@5  96.49 ( 98.96)
Epoch: [47][4200/5381]	Time  1.128 ( 0.815)	Data  0.000 ( 0.223)	Loss 3.5409e-01 (3.7224e-01)	Acc@1  86.84 ( 89.22)	Acc@5 100.00 ( 98.95)
Epoch: [47][4300/5381]	Time  0.646 ( 0.815)	Data  0.000 ( 0.220)	Loss 4.0713e-01 (3.7508e-01)	Acc@1  85.09 ( 89.13)	Acc@5  98.25 ( 98.93)
Epoch: [47][4400/5381]	Time  0.646 ( 0.815)	Data  0.000 ( 0.221)	Loss 4.1721e-01 (3.7796e-01)	Acc@1  88.60 ( 89.04)	Acc@5  98.25 ( 98.91)
Epoch: [47][4500/5381]	Time  0.658 ( 0.814)	Data  0.000 ( 0.220)	Loss 5.6418e-01 (3.8078e-01)	Acc@1  83.33 ( 88.95)	Acc@5  98.25 ( 98.89)
Epoch: [47][4600/5381]	Time  1.032 ( 0.814)	Data  0.571 ( 0.222)	Loss 3.8356e-01 (3.8355e-01)	Acc@1  88.60 ( 88.87)	Acc@5  99.12 ( 98.87)
Epoch: [47][4700/5381]	Time  0.927 ( 0.814)	Data  0.465 ( 0.223)	Loss 6.0922e-01 (3.8625e-01)	Acc@1  83.33 ( 88.79)	Acc@5  97.37 ( 98.85)
Epoch: [47][4800/5381]	Time  0.956 ( 0.814)	Data  0.472 ( 0.223)	Loss 5.6949e-01 (3.8916e-01)	Acc@1  83.33 ( 88.70)	Acc@5  97.37 ( 98.83)
Epoch: [47][4900/5381]	Time  0.661 ( 0.813)	Data  0.000 ( 0.223)	Loss 4.2741e-01 (3.9204e-01)	Acc@1  84.21 ( 88.61)	Acc@5  98.25 ( 98.80)
Epoch: [47][5000/5381]	Time  0.659 ( 0.813)	Data  0.000 ( 0.219)	Loss 3.8957e-01 (3.9468e-01)	Acc@1  87.72 ( 88.53)	Acc@5  98.25 ( 98.78)
Epoch: [47][5100/5381]	Time  0.659 ( 0.813)	Data  0.000 ( 0.215)	Loss 5.4717e-01 (3.9727e-01)	Acc@1  84.21 ( 88.45)	Acc@5  98.25 ( 98.76)
Epoch: [47][5200/5381]	Time  1.032 ( 0.813)	Data  0.000 ( 0.211)	Loss 4.9776e-01 (4.0005e-01)	Acc@1  87.72 ( 88.36)	Acc@5  98.25 ( 98.74)
Epoch: [47][5300/5381]	Time  0.945 ( 0.813)	Data  0.000 ( 0.207)	Loss 5.7169e-01 (4.0303e-01)	Acc@1  84.21 ( 88.28)	Acc@5  95.61 ( 98.71)
Epoch: [47][   0/5381]	Time 13.527 (13.527)	Data  9.333 ( 9.333)	Loss 3.6791e-01 (3.6791e-01)	Acc@1  87.72 ( 87.72)	Acc@5  98.25 ( 98.25)
Epoch: [47][ 100/5381]	Time  0.656 ( 0.935)	Data  0.000 ( 0.098)	Loss 2.7880e-01 (3.0284e-01)	Acc@1  92.98 ( 91.46)	Acc@5  99.12 ( 99.27)
Epoch: [47][ 200/5381]	Time  0.644 ( 0.878)	Data  0.000 ( 0.050)	Loss 2.5503e-01 (2.8654e-01)	Acc@1  92.98 ( 91.87)	Acc@5 100.00 ( 99.41)
Epoch: [47][ 300/5381]	Time  0.657 ( 0.856)	Data  0.000 ( 0.034)	Loss 2.4507e-01 (2.7671e-01)	Acc@1  92.98 ( 92.15)	Acc@5 100.00 ( 99.47)
Epoch: [47][ 400/5381]	Time  0.654 ( 0.848)	Data  0.000 ( 0.026)	Loss 3.0087e-01 (2.7405e-01)	Acc@1  91.23 ( 92.30)	Acc@5 100.00 ( 99.50)
Epoch: [47][ 500/5381]	Time  0.922 ( 0.841)	Data  0.000 ( 0.022)	Loss 3.0853e-01 (2.7063e-01)	Acc@1  88.60 ( 92.49)	Acc@5  99.12 ( 99.51)
Epoch: [47][ 600/5381]	Time  0.872 ( 0.837)	Data  0.000 ( 0.019)	Loss 2.9210e-01 (2.7021e-01)	Acc@1  92.98 ( 92.52)	Acc@5 100.00 ( 99.51)
Epoch: [47][ 700/5381]	Time  0.968 ( 0.835)	Data  0.000 ( 0.017)	Loss 2.3963e-01 (2.7073e-01)	Acc@1  93.86 ( 92.53)	Acc@5 100.00 ( 99.50)
Epoch: [47][ 800/5381]	Time  0.645 ( 0.831)	Data  0.049 ( 0.016)	Loss 4.0464e-01 (2.7185e-01)	Acc@1  89.47 ( 92.52)	Acc@5  98.25 ( 99.49)
Epoch: [47][ 900/5381]	Time  1.115 ( 0.827)	Data  0.000 ( 0.026)	Loss 2.6641e-01 (2.7250e-01)	Acc@1  91.23 ( 92.52)	Acc@5  99.12 ( 99.49)
Epoch: [47][1000/5381]	Time  0.644 ( 0.823)	Data  0.000 ( 0.037)	Loss 3.7661e-01 (2.7426e-01)	Acc@1  91.23 ( 92.43)	Acc@5  98.25 ( 99.49)
Epoch: [47][1100/5381]	Time  0.657 ( 0.822)	Data  0.094 ( 0.034)	Loss 3.7629e-01 (2.7626e-01)	Acc@1  86.84 ( 92.36)	Acc@5  99.12 ( 99.47)
Epoch: [47][1200/5381]	Time  0.644 ( 0.820)	Data  0.149 ( 0.037)	Loss 2.6113e-01 (2.7910e-01)	Acc@1  94.74 ( 92.28)	Acc@5  99.12 ( 99.46)
Epoch: [47][1300/5381]	Time  0.645 ( 0.820)	Data  0.000 ( 0.037)	Loss 2.4624e-01 (2.8187e-01)	Acc@1  95.61 ( 92.16)	Acc@5 100.00 ( 99.45)
Epoch: [47][1400/5381]	Time  0.683 ( 0.819)	Data  0.000 ( 0.034)	Loss 3.8611e-01 (2.8413e-01)	Acc@1  85.09 ( 92.09)	Acc@5  99.12 ( 99.44)
Epoch: [47][1500/5381]	Time  0.762 ( 0.818)	Data  0.000 ( 0.032)	Loss 2.7308e-01 (2.8636e-01)	Acc@1  92.98 ( 92.03)	Acc@5 100.00 ( 99.43)
Epoch: [47][1600/5381]	Time  0.645 ( 0.818)	Data  0.000 ( 0.030)	Loss 2.6424e-01 (2.8953e-01)	Acc@1  89.47 ( 91.92)	Acc@5 100.00 ( 99.42)
Epoch: [47][1700/5381]	Time  0.659 ( 0.817)	Data  0.000 ( 0.029)	Loss 2.4393e-01 (2.9202e-01)	Acc@1  93.86 ( 91.84)	Acc@5 100.00 ( 99.40)
Epoch: [47][1800/5381]	Time  0.644 ( 0.818)	Data  0.000 ( 0.027)	Loss 3.6977e-01 (2.9538e-01)	Acc@1  91.23 ( 91.73)	Acc@5  98.25 ( 99.38)
Epoch: [47][1900/5381]	Time  0.644 ( 0.818)	Data  0.000 ( 0.026)	Loss 2.9422e-01 (2.9882e-01)	Acc@1  91.23 ( 91.62)	Acc@5 100.00 ( 99.38)
Epoch: [47][2000/5381]	Time  0.658 ( 0.818)	Data  0.000 ( 0.025)	Loss 2.8556e-01 (3.0193e-01)	Acc@1  94.74 ( 91.52)	Acc@5  99.12 ( 99.36)
Epoch: [47][2100/5381]	Time  0.649 ( 0.817)	Data  0.000 ( 0.024)	Loss 5.1241e-01 (3.0519e-01)	Acc@1  87.72 ( 91.41)	Acc@5  97.37 ( 99.34)
Epoch: [47][2200/5381]	Time  0.646 ( 0.815)	Data  0.000 ( 0.031)	Loss 4.8230e-01 (3.0810e-01)	Acc@1  85.09 ( 91.31)	Acc@5  99.12 ( 99.33)
Epoch: [47][2300/5381]	Time  0.788 ( 0.815)	Data  0.320 ( 0.030)	Loss 4.6419e-01 (3.1146e-01)	Acc@1  86.84 ( 91.20)	Acc@5  98.25 ( 99.31)
Epoch: [47][2400/5381]	Time  0.646 ( 0.814)	Data  0.000 ( 0.030)	Loss 5.0314e-01 (3.1478e-01)	Acc@1  87.72 ( 91.09)	Acc@5  97.37 ( 99.29)
Epoch: [47][2500/5381]	Time  0.674 ( 0.814)	Data  0.000 ( 0.029)	Loss 4.0676e-01 (3.1810e-01)	Acc@1  91.23 ( 90.98)	Acc@5  98.25 ( 99.27)
Epoch: [47][2600/5381]	Time  0.652 ( 0.814)	Data  0.000 ( 0.028)	Loss 3.3320e-01 (3.2138e-01)	Acc@1  89.47 ( 90.86)	Acc@5  99.12 ( 99.26)
Epoch: [47][2700/5381]	Time  0.918 ( 0.814)	Data  0.000 ( 0.027)	Loss 5.1741e-01 (3.2443e-01)	Acc@1  82.46 ( 90.77)	Acc@5  99.12 ( 99.24)
Epoch: [47][2800/5381]	Time  0.658 ( 0.814)	Data  0.070 ( 0.027)	Loss 3.6040e-01 (3.2825e-01)	Acc@1  90.35 ( 90.64)	Acc@5  99.12 ( 99.22)
Epoch: [47][2900/5381]	Time  0.657 ( 0.815)	Data  0.000 ( 0.026)	Loss 3.3976e-01 (3.3215e-01)	Acc@1  87.72 ( 90.49)	Acc@5  99.12 ( 99.20)
Epoch: [47][3000/5381]	Time  0.661 ( 0.815)	Data  0.000 ( 0.025)	Loss 3.3570e-01 (3.3506e-01)	Acc@1  90.35 ( 90.40)	Acc@5 100.00 ( 99.18)
Epoch: [47][3100/5381]	Time  0.645 ( 0.815)	Data  0.000 ( 0.024)	Loss 4.9879e-01 (3.3809e-01)	Acc@1  84.21 ( 90.30)	Acc@5  99.12 ( 99.16)
Epoch: [47][3200/5381]	Time  0.664 ( 0.815)	Data  0.000 ( 0.024)	Loss 4.3540e-01 (3.4151e-01)	Acc@1  85.09 ( 90.19)	Acc@5  98.25 ( 99.14)
Epoch: [47][3300/5381]	Time  0.647 ( 0.815)	Data  0.000 ( 0.023)	Loss 3.7958e-01 (3.4450e-01)	Acc@1  86.84 ( 90.10)	Acc@5  98.25 ( 99.12)
Epoch: [47][3400/5381]	Time  0.658 ( 0.815)	Data  0.000 ( 0.022)	Loss 4.9140e-01 (3.4809e-01)	Acc@1  87.72 ( 89.99)	Acc@5  98.25 ( 99.10)
Epoch: [47][3500/5381]	Time  0.652 ( 0.815)	Data  0.000 ( 0.022)	Loss 5.1831e-01 (3.5136e-01)	Acc@1  85.09 ( 89.89)	Acc@5  97.37 ( 99.08)
Epoch: [47][3600/5381]	Time  0.644 ( 0.814)	Data  0.000 ( 0.024)	Loss 5.9963e-01 (3.5459e-01)	Acc@1  83.33 ( 89.78)	Acc@5  95.61 ( 99.05)
Epoch: [47][3700/5381]	Time  0.644 ( 0.814)	Data  0.000 ( 0.030)	Loss 5.7545e-01 (3.5775e-01)	Acc@1  82.46 ( 89.68)	Acc@5  96.49 ( 99.03)
Epoch: [47][3800/5381]	Time  0.645 ( 0.815)	Data  0.000 ( 0.037)	Loss 4.1863e-01 (3.6102e-01)	Acc@1  87.72 ( 89.58)	Acc@5  97.37 ( 99.01)
Epoch: [47][3900/5381]	Time  0.645 ( 0.815)	Data  0.000 ( 0.042)	Loss 3.5769e-01 (3.6415e-01)	Acc@1  92.98 ( 89.48)	Acc@5  98.25 ( 98.99)
Epoch: [47][4000/5381]	Time  0.657 ( 0.815)	Data  0.000 ( 0.048)	Loss 4.9501e-01 (3.6774e-01)	Acc@1  82.46 ( 89.37)	Acc@5  99.12 ( 98.96)
Epoch: [47][4100/5381]	Time  0.643 ( 0.815)	Data  0.000 ( 0.053)	Loss 4.7397e-01 (3.7085e-01)	Acc@1  83.33 ( 89.27)	Acc@5  97.37 ( 98.93)
Epoch: [47][4200/5381]	Time  0.644 ( 0.815)	Data  0.000 ( 0.058)	Loss 5.0502e-01 (3.7359e-01)	Acc@1  87.72 ( 89.19)	Acc@5  97.37 ( 98.91)
Epoch: [47][4300/5381]	Time  0.646 ( 0.815)	Data  0.000 ( 0.061)	Loss 4.8087e-01 (3.7677e-01)	Acc@1  88.60 ( 89.08)	Acc@5  98.25 ( 98.89)
Epoch: [47][4400/5381]	Time  0.646 ( 0.815)	Data  0.000 ( 0.060)	Loss 4.6366e-01 (3.7938e-01)	Acc@1  85.96 ( 89.00)	Acc@5  99.12 ( 98.88)
Epoch: [47][4500/5381]	Time  0.665 ( 0.814)	Data  0.000 ( 0.062)	Loss 4.4302e-01 (3.8217e-01)	Acc@1  85.96 ( 88.91)	Acc@5  99.12 ( 98.86)
Epoch: [47][4600/5381]	Time  0.952 ( 0.814)	Data  0.000 ( 0.061)	Loss 5.1150e-01 (3.8486e-01)	Acc@1  85.09 ( 88.82)	Acc@5 100.00 ( 98.84)
Epoch: [47][4700/5381]	Time  0.926 ( 0.814)	Data  0.000 ( 0.060)	Loss 7.8496e-01 (3.8741e-01)	Acc@1  76.32 ( 88.74)	Acc@5  96.49 ( 98.82)
Epoch: [47][4800/5381]	Time  0.936 ( 0.814)	Data  0.000 ( 0.059)	Loss 4.9695e-01 (3.9009e-01)	Acc@1  83.33 ( 88.65)	Acc@5  99.12 ( 98.81)
Epoch: [47][4900/5381]	Time  0.838 ( 0.813)	Data  0.369 ( 0.059)	Loss 5.7562e-01 (3.9313e-01)	Acc@1  83.33 ( 88.56)	Acc@5  98.25 ( 98.78)
Epoch: [47][5000/5381]	Time  1.077 ( 0.814)	Data  0.619 ( 0.063)	Loss 5.9582e-01 (3.9579e-01)	Acc@1  82.46 ( 88.48)	Acc@5  97.37 ( 98.76)
Epoch: [47][5100/5381]	Time  1.051 ( 0.813)	Data  0.593 ( 0.067)	Loss 3.1822e-01 (3.9834e-01)	Acc@1  92.98 ( 88.40)	Acc@5 100.00 ( 98.74)
Epoch: [47][5200/5381]	Time  0.646 ( 0.813)	Data  0.000 ( 0.071)	Loss 5.4227e-01 (4.0090e-01)	Acc@1  85.09 ( 88.32)	Acc@5  96.49 ( 98.72)
Epoch: [47][5300/5381]	Time  0.657 ( 0.813)	Data  0.000 ( 0.074)	Loss 4.6215e-01 (4.0335e-01)	Acc@1  85.09 ( 88.25)	Acc@5  99.12 ( 98.70)
Test: [  0/421]	Time  7.116 ( 7.116)	Loss 8.5134e-01 (8.5134e-01)	Acc@1  81.58 ( 81.58)	Acc@5  91.23 ( 91.23)
Test: [100/421]	Time  0.346 ( 0.656)	Loss 8.7866e-01 (1.2898e+00)	Acc@1  71.93 ( 69.19)	Acc@5  94.74 ( 89.84)
Test: [200/421]	Time  0.237 ( 0.638)	Loss 2.8443e+00 (1.3692e+00)	Acc@1  53.51 ( 67.71)	Acc@5  72.81 ( 89.07)
Test: [300/421]	Time  0.366 ( 0.628)	Loss 1.2751e+00 (1.5940e+00)	Acc@1  71.93 ( 64.49)	Acc@5  85.09 ( 86.21)
Test: [400/421]	Time  1.029 ( 0.621)	Loss 7.8192e-01 (1.6845e+00)	Acc@1  78.07 ( 63.13)	Acc@5  95.61 ( 84.93)
 *   Acc@1 63.215 Acc@5 85.003
Test: [  0/421]	Time  7.108 ( 7.108)	Loss 8.5134e-01 (8.5134e-01)	Acc@1  81.58 ( 81.58)	Acc@5  91.23 ( 91.23)
Test: [100/421]	Time  0.329 ( 0.656)	Loss 8.7866e-01 (1.2898e+00)	Acc@1  71.93 ( 69.19)	Acc@5  94.74 ( 89.84)
Test: [200/421]	Time  0.276 ( 0.638)	Loss 2.8443e+00 (1.3692e+00)	Acc@1  53.51 ( 67.71)	Acc@5  72.81 ( 89.07)
Test: [300/421]	Time  0.413 ( 0.628)	Loss 1.2751e+00 (1.5940e+00)	Acc@1  71.93 ( 64.49)	Acc@5  85.09 ( 86.21)
Test: [400/421]	Time  1.021 ( 0.621)	Loss 7.8192e-01 (1.6845e+00)	Acc@1  78.07 ( 63.13)	Acc@5  95.61 ( 84.93)
 *   Acc@1 63.215 Acc@5 85.003
Epoch: [48][   0/5381]	Time 10.633 (10.633)	Data  9.881 ( 9.881)	Loss 3.0450e-01 (3.0450e-01)	Acc@1  91.23 ( 91.23)	Acc@5 100.00 (100.00)
Epoch: [48][ 100/5381]	Time  0.662 ( 0.876)	Data  0.000 ( 0.208)	Loss 3.1227e-01 (3.4224e-01)	Acc@1  90.35 ( 90.27)	Acc@5 100.00 ( 99.12)
Epoch: [48][ 200/5381]	Time  1.058 ( 0.839)	Data  0.000 ( 0.108)	Loss 2.0079e-01 (3.3557e-01)	Acc@1  95.61 ( 90.42)	Acc@5  99.12 ( 99.09)
Epoch: [48][ 300/5381]	Time  1.013 ( 0.834)	Data  0.000 ( 0.073)	Loss 3.9640e-01 (3.2959e-01)	Acc@1  87.72 ( 90.61)	Acc@5  99.12 ( 99.10)
Epoch: [48][ 400/5381]	Time  0.937 ( 0.831)	Data  0.000 ( 0.055)	Loss 2.3216e-01 (3.2280e-01)	Acc@1  94.74 ( 90.89)	Acc@5 100.00 ( 99.13)
Epoch: [48][ 500/5381]	Time  0.915 ( 0.826)	Data  0.000 ( 0.045)	Loss 3.0783e-01 (3.1895e-01)	Acc@1  91.23 ( 91.04)	Acc@5  99.12 ( 99.18)
Epoch: [48][ 600/5381]	Time  0.964 ( 0.825)	Data  0.000 ( 0.038)	Loss 2.9035e-01 (3.1680e-01)	Acc@1  89.47 ( 91.10)	Acc@5 100.00 ( 99.22)
Epoch: [48][ 700/5381]	Time  1.060 ( 0.824)	Data  0.000 ( 0.033)	Loss 3.5957e-01 (3.1445e-01)	Acc@1  88.60 ( 91.13)	Acc@5  99.12 ( 99.23)
Epoch: [48][ 800/5381]	Time  1.264 ( 0.822)	Data  0.000 ( 0.030)	Loss 2.9195e-01 (3.1345e-01)	Acc@1  92.11 ( 91.13)	Acc@5 100.00 ( 99.26)
Epoch: [48][ 900/5381]	Time  0.883 ( 0.823)	Data  0.000 ( 0.027)	Loss 4.7958e-01 (3.1253e-01)	Acc@1  77.19 ( 91.16)	Acc@5 100.00 ( 99.26)
Epoch: [48][1000/5381]	Time  1.030 ( 0.822)	Data  0.000 ( 0.024)	Loss 3.4269e-01 (3.1265e-01)	Acc@1  91.23 ( 91.17)	Acc@5 100.00 ( 99.27)
Epoch: [48][1100/5381]	Time  1.031 ( 0.821)	Data  0.000 ( 0.023)	Loss 2.3353e-01 (3.1314e-01)	Acc@1  92.11 ( 91.17)	Acc@5 100.00 ( 99.28)
Epoch: [48][1200/5381]	Time  0.845 ( 0.821)	Data  0.000 ( 0.021)	Loss 2.7857e-01 (3.1433e-01)	Acc@1  92.11 ( 91.13)	Acc@5 100.00 ( 99.28)
Epoch: [48][1300/5381]	Time  0.997 ( 0.820)	Data  0.462 ( 0.021)	Loss 4.5689e-01 (3.1638e-01)	Acc@1  83.33 ( 91.06)	Acc@5  98.25 ( 99.27)
Epoch: [48][1400/5381]	Time  1.042 ( 0.819)	Data  0.571 ( 0.038)	Loss 2.4711e-01 (3.1636e-01)	Acc@1  94.74 ( 91.06)	Acc@5 100.00 ( 99.28)
Epoch: [48][1500/5381]	Time  0.655 ( 0.818)	Data  0.000 ( 0.053)	Loss 3.4809e-01 (3.1742e-01)	Acc@1  88.60 ( 91.02)	Acc@5  98.25 ( 99.28)
Epoch: [48][1600/5381]	Time  0.655 ( 0.818)	Data  0.000 ( 0.066)	Loss 2.8156e-01 (3.1858e-01)	Acc@1  91.23 ( 90.98)	Acc@5  98.25 ( 99.27)
Epoch: [48][1700/5381]	Time  0.660 ( 0.818)	Data  0.000 ( 0.077)	Loss 3.5698e-01 (3.2010e-01)	Acc@1  85.96 ( 90.94)	Acc@5 100.00 ( 99.26)
Epoch: [48][1800/5381]	Time  1.143 ( 0.817)	Data  0.681 ( 0.088)	Loss 3.6932e-01 (3.2071e-01)	Acc@1  90.35 ( 90.91)	Acc@5  99.12 ( 99.26)
Epoch: [48][1900/5381]	Time  0.665 ( 0.817)	Data  0.000 ( 0.093)	Loss 3.8522e-01 (3.2143e-01)	Acc@1  87.72 ( 90.89)	Acc@5  99.12 ( 99.25)
Epoch: [48][2000/5381]	Time  0.661 ( 0.816)	Data  0.000 ( 0.090)	Loss 4.2470e-01 (3.2364e-01)	Acc@1  88.60 ( 90.80)	Acc@5  98.25 ( 99.24)
Epoch: [48][2100/5381]	Time  0.665 ( 0.816)	Data  0.000 ( 0.088)	Loss 3.6661e-01 (3.2581e-01)	Acc@1  91.23 ( 90.73)	Acc@5  99.12 ( 99.22)
Epoch: [48][2200/5381]	Time  0.663 ( 0.816)	Data  0.000 ( 0.084)	Loss 3.6530e-01 (3.2713e-01)	Acc@1  85.96 ( 90.68)	Acc@5 100.00 ( 99.21)
Epoch: [48][2300/5381]	Time  0.668 ( 0.816)	Data  0.000 ( 0.081)	Loss 3.0334e-01 (3.2949e-01)	Acc@1  92.98 ( 90.62)	Acc@5  98.25 ( 99.19)
Epoch: [48][2400/5381]	Time  0.662 ( 0.817)	Data  0.000 ( 0.077)	Loss 3.8414e-01 (3.3206e-01)	Acc@1  86.84 ( 90.54)	Acc@5  99.12 ( 99.18)
Epoch: [48][2500/5381]	Time  0.678 ( 0.817)	Data  0.000 ( 0.075)	Loss 4.2263e-01 (3.3431e-01)	Acc@1  90.35 ( 90.48)	Acc@5  98.25 ( 99.16)
Epoch: [48][2600/5381]	Time  1.126 ( 0.817)	Data  0.000 ( 0.073)	Loss 3.2735e-01 (3.3601e-01)	Acc@1  90.35 ( 90.42)	Acc@5  99.12 ( 99.16)
Epoch: [48][2700/5381]	Time  1.092 ( 0.817)	Data  0.000 ( 0.070)	Loss 2.7944e-01 (3.3815e-01)	Acc@1  90.35 ( 90.36)	Acc@5 100.00 ( 99.14)
Epoch: [48][2800/5381]	Time  0.982 ( 0.817)	Data  0.000 ( 0.068)	Loss 2.6685e-01 (3.3983e-01)	Acc@1  92.98 ( 90.30)	Acc@5 100.00 ( 99.13)
Epoch: [48][2900/5381]	Time  1.354 ( 0.818)	Data  0.000 ( 0.065)	Loss 3.2583e-01 (3.4182e-01)	Acc@1  89.47 ( 90.24)	Acc@5  99.12 ( 99.12)
Epoch: [48][3000/5381]	Time  0.975 ( 0.818)	Data  0.000 ( 0.063)	Loss 4.0947e-01 (3.4388e-01)	Acc@1  88.60 ( 90.16)	Acc@5  98.25 ( 99.11)
Epoch: [48][3100/5381]	Time  0.988 ( 0.818)	Data  0.000 ( 0.061)	Loss 3.7265e-01 (3.4614e-01)	Acc@1  88.60 ( 90.08)	Acc@5 100.00 ( 99.10)
Epoch: [48][3200/5381]	Time  0.922 ( 0.817)	Data  0.433 ( 0.065)	Loss 5.0962e-01 (3.4866e-01)	Acc@1  85.96 ( 89.99)	Acc@5  97.37 ( 99.09)
Epoch: [48][3300/5381]	Time  0.949 ( 0.817)	Data  0.310 ( 0.070)	Loss 3.1126e-01 (3.5122e-01)	Acc@1  91.23 ( 89.91)	Acc@5  99.12 ( 99.07)
Epoch: [48][3400/5381]	Time  1.028 ( 0.817)	Data  0.566 ( 0.075)	Loss 5.4503e-01 (3.5400e-01)	Acc@1  84.21 ( 89.84)	Acc@5  97.37 ( 99.05)
Epoch: [48][3500/5381]	Time  1.009 ( 0.818)	Data  0.535 ( 0.081)	Loss 3.2558e-01 (3.5637e-01)	Acc@1  91.23 ( 89.76)	Acc@5 100.00 ( 99.04)
Epoch: [48][3600/5381]	Time  0.957 ( 0.818)	Data  0.488 ( 0.086)	Loss 4.4267e-01 (3.5884e-01)	Acc@1  85.09 ( 89.68)	Acc@5  98.25 ( 99.02)
Epoch: [48][3700/5381]	Time  1.039 ( 0.818)	Data  0.575 ( 0.091)	Loss 3.8053e-01 (3.6101e-01)	Acc@1  88.60 ( 89.60)	Acc@5 100.00 ( 99.01)
Epoch: [48][3800/5381]	Time  1.046 ( 0.818)	Data  0.579 ( 0.095)	Loss 4.3698e-01 (3.6317e-01)	Acc@1  86.84 ( 89.53)	Acc@5  99.12 ( 99.00)
Epoch: [48][3900/5381]	Time  0.999 ( 0.818)	Data  0.536 ( 0.099)	Loss 4.5480e-01 (3.6535e-01)	Acc@1  89.47 ( 89.46)	Acc@5  96.49 ( 98.98)
Epoch: [48][4000/5381]	Time  1.169 ( 0.818)	Data  0.708 ( 0.103)	Loss 4.8749e-01 (3.6732e-01)	Acc@1  84.21 ( 89.39)	Acc@5  97.37 ( 98.97)
Epoch: [48][4100/5381]	Time  0.876 ( 0.818)	Data  0.409 ( 0.107)	Loss 5.0882e-01 (3.6932e-01)	Acc@1  84.21 ( 89.33)	Acc@5  97.37 ( 98.95)
Epoch: [48][4200/5381]	Time  0.808 ( 0.818)	Data  0.333 ( 0.110)	Loss 6.3073e-01 (3.7169e-01)	Acc@1  85.09 ( 89.26)	Acc@5  95.61 ( 98.93)
Epoch: [48][4300/5381]	Time  1.054 ( 0.817)	Data  0.570 ( 0.114)	Loss 3.8497e-01 (3.7421e-01)	Acc@1  88.60 ( 89.17)	Acc@5  99.12 ( 98.92)
Epoch: [48][4400/5381]	Time  0.765 ( 0.818)	Data  0.304 ( 0.118)	Loss 6.0969e-01 (3.7656e-01)	Acc@1  83.33 ( 89.10)	Acc@5  95.61 ( 98.90)
Epoch: [48][4500/5381]	Time  1.041 ( 0.818)	Data  0.567 ( 0.121)	Loss 3.9354e-01 (3.7847e-01)	Acc@1  86.84 ( 89.04)	Acc@5  98.25 ( 98.89)
Epoch: [48][4600/5381]	Time  0.657 ( 0.818)	Data  0.147 ( 0.124)	Loss 4.3190e-01 (3.8073e-01)	Acc@1  89.47 ( 88.97)	Acc@5  97.37 ( 98.87)
Epoch: [48][4700/5381]	Time  0.658 ( 0.818)	Data  0.000 ( 0.127)	Loss 5.9813e-01 (3.8288e-01)	Acc@1  85.96 ( 88.89)	Acc@5  99.12 ( 98.86)
Epoch: [48][4800/5381]	Time  0.683 ( 0.818)	Data  0.000 ( 0.130)	Loss 5.9531e-01 (3.8489e-01)	Acc@1  84.21 ( 88.83)	Acc@5  95.61 ( 98.84)
Epoch: [48][4900/5381]	Time  0.662 ( 0.818)	Data  0.000 ( 0.133)	Loss 5.0426e-01 (3.8679e-01)	Acc@1  79.82 ( 88.77)	Acc@5  97.37 ( 98.83)
Epoch: [48][5000/5381]	Time  0.657 ( 0.819)	Data  0.000 ( 0.136)	Loss 4.4849e-01 (3.8887e-01)	Acc@1  87.72 ( 88.70)	Acc@5  97.37 ( 98.81)
Epoch: [48][5100/5381]	Time  1.141 ( 0.819)	Data  0.000 ( 0.137)	Loss 4.3082e-01 (3.9111e-01)	Acc@1  84.21 ( 88.64)	Acc@5  99.12 ( 98.80)
Epoch: [48][5200/5381]	Time  0.870 ( 0.819)	Data  0.000 ( 0.134)	Loss 4.4911e-01 (3.9344e-01)	Acc@1  85.96 ( 88.58)	Acc@5  97.37 ( 98.78)
Epoch: [48][5300/5381]	Time  1.030 ( 0.819)	Data  0.000 ( 0.132)	Loss 5.4063e-01 (3.9581e-01)	Acc@1  84.21 ( 88.51)	Acc@5  97.37 ( 98.77)
Epoch: [48][   0/5381]	Time 11.467 (11.467)	Data 10.812 (10.812)	Loss 3.8987e-01 (3.8987e-01)	Acc@1  88.60 ( 88.60)	Acc@5  99.12 ( 99.12)
Epoch: [48][ 100/5381]	Time  1.086 ( 0.888)	Data  0.628 ( 0.343)	Loss 4.0594e-01 (3.4340e-01)	Acc@1  88.60 ( 90.06)	Acc@5 100.00 ( 99.14)
Epoch: [48][ 200/5381]	Time  0.647 ( 0.843)	Data  0.000 ( 0.318)	Loss 2.0703e-01 (3.2657e-01)	Acc@1  92.98 ( 90.68)	Acc@5 100.00 ( 99.27)
Epoch: [48][ 300/5381]	Time  0.645 ( 0.837)	Data  0.000 ( 0.302)	Loss 3.5023e-01 (3.2067e-01)	Acc@1  87.72 ( 90.82)	Acc@5 100.00 ( 99.33)
Epoch: [48][ 400/5381]	Time  0.649 ( 0.833)	Data  0.000 ( 0.293)	Loss 3.0610e-01 (3.1821e-01)	Acc@1  92.98 ( 90.90)	Acc@5 100.00 ( 99.32)
Epoch: [48][ 500/5381]	Time  0.646 ( 0.828)	Data  0.000 ( 0.285)	Loss 2.3649e-01 (3.1570e-01)	Acc@1  95.61 ( 90.99)	Acc@5 100.00 ( 99.31)
Epoch: [48][ 600/5381]	Time  0.647 ( 0.827)	Data  0.000 ( 0.282)	Loss 3.4682e-01 (3.1328e-01)	Acc@1  91.23 ( 91.07)	Acc@5  99.12 ( 99.31)
Epoch: [48][ 700/5381]	Time  0.649 ( 0.825)	Data  0.000 ( 0.279)	Loss 3.8867e-01 (3.1312e-01)	Acc@1  92.11 ( 91.10)	Acc@5  98.25 ( 99.31)
Epoch: [48][ 800/5381]	Time  0.647 ( 0.823)	Data  0.000 ( 0.276)	Loss 3.5403e-01 (3.1324e-01)	Acc@1  94.74 ( 91.13)	Acc@5  98.25 ( 99.31)
Epoch: [48][ 900/5381]	Time  0.646 ( 0.824)	Data  0.000 ( 0.275)	Loss 3.7020e-01 (3.1358e-01)	Acc@1  89.47 ( 91.14)	Acc@5  99.12 ( 99.29)
Epoch: [48][1000/5381]	Time  0.647 ( 0.823)	Data  0.000 ( 0.274)	Loss 2.8132e-01 (3.1367e-01)	Acc@1  96.49 ( 91.17)	Acc@5 100.00 ( 99.29)
Epoch: [48][1100/5381]	Time  0.646 ( 0.822)	Data  0.000 ( 0.272)	Loss 4.2247e-01 (3.1426e-01)	Acc@1  90.35 ( 91.13)	Acc@5  98.25 ( 99.28)
Epoch: [48][1200/5381]	Time  0.649 ( 0.822)	Data  0.000 ( 0.272)	Loss 3.9826e-01 (3.1484e-01)	Acc@1  89.47 ( 91.13)	Acc@5 100.00 ( 99.27)
Epoch: [48][1300/5381]	Time  0.646 ( 0.820)	Data  0.000 ( 0.270)	Loss 3.2465e-01 (3.1548e-01)	Acc@1  91.23 ( 91.09)	Acc@5  99.12 ( 99.27)
Epoch: [48][1400/5381]	Time  1.037 ( 0.819)	Data  0.000 ( 0.256)	Loss 2.6032e-01 (3.1645e-01)	Acc@1  92.11 ( 91.09)	Acc@5 100.00 ( 99.25)
Epoch: [48][1500/5381]	Time  0.646 ( 0.818)	Data  0.000 ( 0.239)	Loss 3.9379e-01 (3.1741e-01)	Acc@1  89.47 ( 91.05)	Acc@5  99.12 ( 99.25)
Epoch: [48][1600/5381]	Time  0.646 ( 0.819)	Data  0.000 ( 0.225)	Loss 3.6597e-01 (3.1897e-01)	Acc@1  89.47 ( 91.00)	Acc@5 100.00 ( 99.24)
Epoch: [48][1700/5381]	Time  0.669 ( 0.818)	Data  0.000 ( 0.212)	Loss 4.4867e-01 (3.1993e-01)	Acc@1  89.47 ( 90.97)	Acc@5  97.37 ( 99.24)
Epoch: [48][1800/5381]	Time  1.142 ( 0.818)	Data  0.296 ( 0.201)	Loss 3.4176e-01 (3.2085e-01)	Acc@1  89.47 ( 90.94)	Acc@5  99.12 ( 99.24)
Epoch: [48][1900/5381]	Time  0.867 ( 0.817)	Data  0.408 ( 0.196)	Loss 2.6281e-01 (3.2251e-01)	Acc@1  90.35 ( 90.89)	Acc@5 100.00 ( 99.22)
Epoch: [48][2000/5381]	Time  1.002 ( 0.817)	Data  0.544 ( 0.200)	Loss 2.6614e-01 (3.2449e-01)	Acc@1  93.86 ( 90.83)	Acc@5 100.00 ( 99.21)
Epoch: [48][2100/5381]	Time  1.023 ( 0.817)	Data  0.564 ( 0.203)	Loss 2.7491e-01 (3.2634e-01)	Acc@1  92.98 ( 90.76)	Acc@5 100.00 ( 99.21)
Epoch: [48][2200/5381]	Time  0.809 ( 0.817)	Data  0.351 ( 0.205)	Loss 3.9323e-01 (3.2809e-01)	Acc@1  89.47 ( 90.70)	Acc@5  99.12 ( 99.20)
Epoch: [48][2300/5381]	Time  0.927 ( 0.816)	Data  0.469 ( 0.208)	Loss 3.3106e-01 (3.3025e-01)	Acc@1  87.72 ( 90.62)	Acc@5 100.00 ( 99.19)
Epoch: [48][2400/5381]	Time  0.960 ( 0.817)	Data  0.499 ( 0.211)	Loss 4.1383e-01 (3.3211e-01)	Acc@1  85.96 ( 90.56)	Acc@5 100.00 ( 99.19)
Epoch: [48][2500/5381]	Time  0.835 ( 0.817)	Data  0.377 ( 0.213)	Loss 4.5272e-01 (3.3421e-01)	Acc@1  88.60 ( 90.49)	Acc@5  98.25 ( 99.17)
Epoch: [48][2600/5381]	Time  0.647 ( 0.817)	Data  0.000 ( 0.215)	Loss 3.4920e-01 (3.3614e-01)	Acc@1  87.72 ( 90.43)	Acc@5 100.00 ( 99.16)
Epoch: [48][2700/5381]	Time  0.658 ( 0.818)	Data  0.000 ( 0.218)	Loss 4.3224e-01 (3.3815e-01)	Acc@1  90.35 ( 90.37)	Acc@5  99.12 ( 99.15)
Epoch: [48][2800/5381]	Time  0.650 ( 0.818)	Data  0.000 ( 0.219)	Loss 4.9234e-01 (3.4073e-01)	Acc@1  84.21 ( 90.29)	Acc@5  99.12 ( 99.13)
Epoch: [48][2900/5381]	Time  0.649 ( 0.818)	Data  0.000 ( 0.221)	Loss 4.3707e-01 (3.4360e-01)	Acc@1  85.09 ( 90.19)	Acc@5  98.25 ( 99.12)
Epoch: [48][3000/5381]	Time  0.659 ( 0.818)	Data  0.000 ( 0.222)	Loss 3.8521e-01 (3.4554e-01)	Acc@1  89.47 ( 90.13)	Acc@5  99.12 ( 99.11)
Epoch: [48][3100/5381]	Time  0.647 ( 0.818)	Data  0.000 ( 0.224)	Loss 3.9967e-01 (3.4786e-01)	Acc@1  87.72 ( 90.05)	Acc@5 100.00 ( 99.09)
Epoch: [48][3200/5381]	Time  0.646 ( 0.818)	Data  0.000 ( 0.221)	Loss 6.8233e-01 (3.5034e-01)	Acc@1  78.95 ( 89.97)	Acc@5  97.37 ( 99.08)
Epoch: [48][3300/5381]	Time  0.630 ( 0.818)	Data  0.000 ( 0.216)	Loss 4.7172e-01 (3.5282e-01)	Acc@1  82.46 ( 89.88)	Acc@5  99.12 ( 99.06)
Epoch: [48][3400/5381]	Time  1.036 ( 0.818)	Data  0.000 ( 0.211)	Loss 4.1205e-01 (3.5494e-01)	Acc@1  87.72 ( 89.81)	Acc@5  99.12 ( 99.04)
Epoch: [48][3500/5381]	Time  1.009 ( 0.818)	Data  0.006 ( 0.205)	Loss 4.4681e-01 (3.5733e-01)	Acc@1  85.09 ( 89.74)	Acc@5  98.25 ( 99.03)
Epoch: [48][3600/5381]	Time  0.960 ( 0.818)	Data  0.000 ( 0.199)	Loss 3.3933e-01 (3.5961e-01)	Acc@1  91.23 ( 89.66)	Acc@5 100.00 ( 99.02)
Epoch: [48][3700/5381]	Time  1.049 ( 0.818)	Data  0.000 ( 0.194)	Loss 5.4452e-01 (3.6159e-01)	Acc@1  83.33 ( 89.59)	Acc@5  98.25 ( 99.01)
Epoch: [48][3800/5381]	Time  1.067 ( 0.818)	Data  0.000 ( 0.189)	Loss 5.0621e-01 (3.6412e-01)	Acc@1  86.84 ( 89.51)	Acc@5  98.25 ( 99.00)
Epoch: [48][3900/5381]	Time  0.994 ( 0.818)	Data  0.000 ( 0.184)	Loss 4.5199e-01 (3.6651e-01)	Acc@1  88.60 ( 89.45)	Acc@5  98.25 ( 98.98)
Epoch: [48][4000/5381]	Time  1.169 ( 0.818)	Data  0.000 ( 0.180)	Loss 4.6724e-01 (3.6888e-01)	Acc@1  87.72 ( 89.38)	Acc@5  97.37 ( 98.96)
Epoch: [48][4100/5381]	Time  0.874 ( 0.818)	Data  0.000 ( 0.175)	Loss 4.4821e-01 (3.7095e-01)	Acc@1  85.96 ( 89.31)	Acc@5  98.25 ( 98.95)
Epoch: [48][4200/5381]	Time  0.799 ( 0.818)	Data  0.242 ( 0.172)	Loss 4.9979e-01 (3.7323e-01)	Acc@1  85.09 ( 89.24)	Acc@5  97.37 ( 98.94)
Epoch: [48][4300/5381]	Time  1.034 ( 0.818)	Data  0.000 ( 0.170)	Loss 5.4479e-01 (3.7558e-01)	Acc@1  83.33 ( 89.17)	Acc@5  97.37 ( 98.92)
Epoch: [48][4400/5381]	Time  0.755 ( 0.818)	Data  0.000 ( 0.166)	Loss 4.9707e-01 (3.7792e-01)	Acc@1  85.96 ( 89.11)	Acc@5  98.25 ( 98.90)
Epoch: [48][4500/5381]	Time  1.033 ( 0.818)	Data  0.000 ( 0.162)	Loss 4.1135e-01 (3.8022e-01)	Acc@1  88.60 ( 89.03)	Acc@5  99.12 ( 98.89)
Epoch: [48][4600/5381]	Time  0.646 ( 0.818)	Data  0.000 ( 0.159)	Loss 4.4516e-01 (3.8266e-01)	Acc@1  85.96 ( 88.96)	Acc@5  98.25 ( 98.87)
Epoch: [48][4700/5381]	Time  0.658 ( 0.818)	Data  0.000 ( 0.155)	Loss 5.1544e-01 (3.8454e-01)	Acc@1  85.96 ( 88.89)	Acc@5  96.49 ( 98.86)
Epoch: [48][4800/5381]	Time  0.659 ( 0.818)	Data  0.000 ( 0.152)	Loss 5.5730e-01 (3.8654e-01)	Acc@1  83.33 ( 88.84)	Acc@5  99.12 ( 98.85)
Epoch: [48][4900/5381]	Time  0.658 ( 0.818)	Data  0.000 ( 0.149)	Loss 2.6970e-01 (3.8869e-01)	Acc@1  91.23 ( 88.77)	Acc@5 100.00 ( 98.83)
Epoch: [48][5000/5381]	Time  0.647 ( 0.819)	Data  0.000 ( 0.146)	Loss 3.8227e-01 (3.9066e-01)	Acc@1  88.60 ( 88.71)	Acc@5 100.00 ( 98.81)
Epoch: [48][5100/5381]	Time  0.646 ( 0.819)	Data  0.000 ( 0.146)	Loss 3.8000e-01 (3.9264e-01)	Acc@1  88.60 ( 88.65)	Acc@5 100.00 ( 98.79)
Epoch: [48][5200/5381]	Time  0.648 ( 0.819)	Data  0.000 ( 0.148)	Loss 5.4500e-01 (3.9507e-01)	Acc@1  83.33 ( 88.58)	Acc@5  97.37 ( 98.77)
Epoch: [48][5300/5381]	Time  0.652 ( 0.819)	Data  0.000 ( 0.151)	Loss 4.6426e-01 (3.9717e-01)	Acc@1  85.09 ( 88.51)	Acc@5 100.00 ( 98.76)
Test: [  0/421]	Time  8.417 ( 8.417)	Loss 8.2491e-01 (8.2491e-01)	Acc@1  80.70 ( 80.70)	Acc@5  91.23 ( 91.23)
Test: [100/421]	Time  0.191 ( 0.677)	Loss 8.5826e-01 (1.3084e+00)	Acc@1  78.07 ( 69.38)	Acc@5  92.11 ( 89.87)
Test: [200/421]	Time  0.191 ( 0.652)	Loss 3.0336e+00 (1.3826e+00)	Acc@1  43.86 ( 67.91)	Acc@5  72.81 ( 89.09)
Test: [300/421]	Time  0.534 ( 0.641)	Loss 1.3304e+00 (1.5842e+00)	Acc@1  77.19 ( 64.55)	Acc@5  87.72 ( 86.47)
Test: [400/421]	Time  0.865 ( 0.631)	Loss 1.2395e+00 (1.6690e+00)	Acc@1  67.54 ( 63.24)	Acc@5  92.98 ( 85.18)
 *   Acc@1 63.317 Acc@5 85.233
Test: [  0/421]	Time  8.565 ( 8.565)	Loss 8.2491e-01 (8.2491e-01)	Acc@1  80.70 ( 80.70)	Acc@5  91.23 ( 91.23)
Test: [100/421]	Time  0.192 ( 0.679)	Loss 8.5826e-01 (1.3084e+00)	Acc@1  78.07 ( 69.38)	Acc@5  92.11 ( 89.87)
Test: [200/421]	Time  0.191 ( 0.653)	Loss 3.0336e+00 (1.3826e+00)	Acc@1  43.86 ( 67.91)	Acc@5  72.81 ( 89.09)
Test: [300/421]	Time  0.536 ( 0.642)	Loss 1.3304e+00 (1.5842e+00)	Acc@1  77.19 ( 64.55)	Acc@5  87.72 ( 86.47)
Test: [400/421]	Time  0.897 ( 0.631)	Loss 1.2395e+00 (1.6690e+00)	Acc@1  67.54 ( 63.24)	Acc@5  92.98 ( 85.18)
 *   Acc@1 63.317 Acc@5 85.233
