Use GPU: 1 for training
=> creating model 'resnet18'
----------------------------------------
training directory:/data/gpfs/datasets/Imagenet/train_blurred

validating directory:/data/gpfs/datasets/Imagenet/val_blurred

----------------------------------------
Dataset ImageFolder
    Number of datapoints: 1281066
    Root location: /data/gpfs/datasets/Imagenet/train_blurred
    StandardTransform
Transform: Compose(
               Resize(size=256, interpolation=bilinear, max_size=None, antialias=None)
               CenterCrop(size=(224, 224))
               ToTensor()
               Normalize(mean=[0.485, 0.456, 0.406], std=[0.229, 0.224, 0.225])
           )
----------------------------------------
Dataset ImageFolder
    Number of datapoints: 49997
    Root location: /data/gpfs/datasets/Imagenet/val_blurred
    StandardTransform
Transform: Compose(
               Resize(size=256, interpolation=bilinear, max_size=None, antialias=None)
               CenterCrop(size=(224, 224))
               ToTensor()
               Normalize(mean=[0.485, 0.456, 0.406], std=[0.229, 0.224, 0.225])
           )
----------------------------------------
Use GPU: 0 for training
=> creating model 'resnet18'
----------------------------------------
training directory:/data/gpfs/datasets/Imagenet/train_blurred

validating directory:/data/gpfs/datasets/Imagenet/val_blurred

----------------------------------------
Dataset ImageFolder
    Number of datapoints: 1281066
    Root location: /data/gpfs/datasets/Imagenet/train_blurred
    StandardTransform
Transform: Compose(
               Resize(size=256, interpolation=bilinear, max_size=None, antialias=None)
               CenterCrop(size=(224, 224))
               ToTensor()
               Normalize(mean=[0.485, 0.456, 0.406], std=[0.229, 0.224, 0.225])
           )
----------------------------------------
Dataset ImageFolder
    Number of datapoints: 49997
    Root location: /data/gpfs/datasets/Imagenet/val_blurred
    StandardTransform
Transform: Compose(
               Resize(size=256, interpolation=bilinear, max_size=None, antialias=None)
               CenterCrop(size=(224, 224))
               ToTensor()
               Normalize(mean=[0.485, 0.456, 0.406], std=[0.229, 0.224, 0.225])
           )
----------------------------------------
Epoch: [0][   0/5005]	Time 13.534 (13.534)	Data 11.742 (11.742)	Loss 6.9685e+00 (6.9685e+00)	Acc@1   0.00 (  0.00)	Acc@5   0.00 (  0.00)
Epoch: [0][  20/5005]	Time  3.165 ( 2.300)	Data  2.131 ( 1.904)	Loss 7.2188e+00 (7.0862e+00)	Acc@1   0.00 (  0.22)	Acc@5   0.00 (  0.60)
Epoch: [0][  40/5005]	Time  2.288 ( 1.997)	Data  0.989 ( 1.492)	Loss 6.8680e+00 (7.0503e+00)	Acc@1   0.00 (  0.15)	Acc@5   1.56 (  0.65)
Epoch: [0][  60/5005]	Time  2.223 ( 1.869)	Data  1.390 ( 1.387)	Loss 6.9089e+00 (7.0031e+00)	Acc@1   0.00 (  0.20)	Acc@5   0.00 (  0.74)
Epoch: [0][  80/5005]	Time  2.211 ( 1.801)	Data  1.757 ( 1.336)	Loss 6.8400e+00 (6.9590e+00)	Acc@1   0.00 (  0.26)	Acc@5   0.78 (  0.97)
Epoch: [0][ 100/5005]	Time  2.804 ( 1.762)	Data  1.563 ( 1.300)	Loss 6.5718e+00 (6.9212e+00)	Acc@1   1.56 (  0.32)	Acc@5   4.69 (  1.18)
Epoch: [0][ 120/5005]	Time  2.105 ( 1.735)	Data  1.412 ( 1.259)	Loss 6.5306e+00 (6.8818e+00)	Acc@1   0.78 (  0.39)	Acc@5   3.91 (  1.41)
Epoch: [0][ 140/5005]	Time  1.769 ( 1.709)	Data  1.639 ( 1.252)	Loss 6.5340e+00 (6.8448e+00)	Acc@1   0.78 (  0.43)	Acc@5   2.34 (  1.55)
Epoch: [0][ 160/5005]	Time  0.738 ( 1.688)	Data  0.657 ( 1.271)	Loss 6.6021e+00 (6.8065e+00)	Acc@1   0.78 (  0.49)	Acc@5   5.47 (  1.80)
Epoch: [0][ 180/5005]	Time  0.848 ( 1.673)	Data  0.767 ( 1.287)	Loss 6.4186e+00 (6.7725e+00)	Acc@1   0.00 (  0.52)	Acc@5   3.91 (  1.99)
Epoch: [0][ 200/5005]	Time  1.972 ( 1.664)	Data  1.891 ( 1.308)	Loss 6.5557e+00 (6.7384e+00)	Acc@1   0.00 (  0.54)	Acc@5   1.56 (  2.09)
Epoch: [0][ 220/5005]	Time  2.193 ( 1.659)	Data  2.112 ( 1.328)	Loss 6.1388e+00 (6.7024e+00)	Acc@1   1.56 (  0.63)	Acc@5   7.81 (  2.39)
Epoch: [0][ 240/5005]	Time  1.897 ( 1.646)	Data  1.815 ( 1.336)	Loss 6.3430e+00 (6.6733e+00)	Acc@1   0.78 (  0.66)	Acc@5   5.47 (  2.55)
Epoch: [0][ 260/5005]	Time  2.112 ( 1.636)	Data  2.030 ( 1.343)	Loss 6.2483e+00 (6.6433e+00)	Acc@1   0.78 (  0.71)	Acc@5   3.12 (  2.75)
Epoch: [0][ 280/5005]	Time  2.386 ( 1.627)	Data  2.305 ( 1.349)	Loss 6.1541e+00 (6.6152e+00)	Acc@1   1.56 (  0.74)	Acc@5   5.47 (  2.91)
Epoch: [0][ 300/5005]	Time  0.368 ( 1.614)	Data  0.286 ( 1.350)	Loss 6.1871e+00 (6.5884e+00)	Acc@1   3.91 (  0.81)	Acc@5   4.69 (  3.06)
Epoch: [0][ 320/5005]	Time  0.239 ( 1.606)	Data  0.157 ( 1.352)	Loss 6.0976e+00 (6.5595e+00)	Acc@1   1.56 (  0.87)	Acc@5   7.81 (  3.29)
Epoch: [0][ 340/5005]	Time  0.279 ( 1.597)	Data  0.147 ( 1.352)	Loss 5.8771e+00 (6.5293e+00)	Acc@1   0.00 (  0.91)	Acc@5   7.81 (  3.49)
Epoch: [0][ 360/5005]	Time  0.258 ( 1.588)	Data  0.172 ( 1.352)	Loss 5.9780e+00 (6.5037e+00)	Acc@1   0.78 (  0.97)	Acc@5   7.81 (  3.69)
Epoch: [0][ 380/5005]	Time  0.270 ( 1.576)	Data  0.157 ( 1.347)	Loss 5.9954e+00 (6.4801e+00)	Acc@1   4.69 (  1.01)	Acc@5  11.72 (  3.85)
Epoch: [0][ 400/5005]	Time  0.303 ( 1.565)	Data  0.152 ( 1.342)	Loss 5.8189e+00 (6.4566e+00)	Acc@1   7.81 (  1.08)	Acc@5  14.84 (  4.10)
Epoch: [0][ 420/5005]	Time  0.283 ( 1.555)	Data  0.153 ( 1.338)	Loss 6.0600e+00 (6.4344e+00)	Acc@1   3.12 (  1.13)	Acc@5   8.59 (  4.34)
Epoch: [0][ 440/5005]	Time  0.276 ( 1.549)	Data  0.178 ( 1.337)	Loss 5.9495e+00 (6.4124e+00)	Acc@1   2.34 (  1.19)	Acc@5   5.47 (  4.53)
Epoch: [0][ 460/5005]	Time  0.277 ( 1.542)	Data  0.144 ( 1.334)	Loss 6.0070e+00 (6.3908e+00)	Acc@1   2.34 (  1.26)	Acc@5   6.25 (  4.71)
Epoch: [0][ 480/5005]	Time  0.245 ( 1.534)	Data  0.161 ( 1.330)	Loss 5.9514e+00 (6.3682e+00)	Acc@1   2.34 (  1.31)	Acc@5   7.03 (  4.88)
Epoch: [0][ 500/5005]	Time  0.291 ( 1.525)	Data  0.147 ( 1.326)	Loss 5.8192e+00 (6.3457e+00)	Acc@1   3.12 (  1.38)	Acc@5  13.28 (  5.08)
Epoch: [0][ 520/5005]	Time  0.241 ( 1.518)	Data  0.146 ( 1.323)	Loss 5.8277e+00 (6.3249e+00)	Acc@1   0.78 (  1.43)	Acc@5   7.03 (  5.27)
Epoch: [0][ 540/5005]	Time  0.287 ( 1.508)	Data  0.147 ( 1.317)	Loss 5.4801e+00 (6.3036e+00)	Acc@1   7.03 (  1.50)	Acc@5  17.97 (  5.48)
Epoch: [0][ 560/5005]	Time  0.326 ( 1.500)	Data  0.146 ( 1.311)	Loss 5.5821e+00 (6.2818e+00)	Acc@1   6.25 (  1.59)	Acc@5  14.06 (  5.70)
Epoch: [0][ 580/5005]	Time  0.321 ( 1.491)	Data  0.147 ( 1.304)	Loss 5.8748e+00 (6.2611e+00)	Acc@1   4.69 (  1.67)	Acc@5  10.16 (  5.93)
Epoch: [0][ 600/5005]	Time  0.304 ( 1.483)	Data  0.170 ( 1.298)	Loss 5.6210e+00 (6.2399e+00)	Acc@1   6.25 (  1.74)	Acc@5  14.84 (  6.14)
Epoch: [0][ 620/5005]	Time  0.256 ( 1.476)	Data  0.159 ( 1.295)	Loss 5.7528e+00 (6.2219e+00)	Acc@1   3.12 (  1.79)	Acc@5  12.50 (  6.31)
Epoch: [0][ 640/5005]	Time  0.276 ( 1.470)	Data  0.184 ( 1.291)	Loss 5.5321e+00 (6.2042e+00)	Acc@1   3.91 (  1.84)	Acc@5  10.16 (  6.48)
Epoch: [0][ 660/5005]	Time  0.274 ( 1.464)	Data  0.160 ( 1.288)	Loss 5.2519e+00 (6.1836e+00)	Acc@1   5.47 (  1.92)	Acc@5  14.06 (  6.71)
Epoch: [0][ 680/5005]	Time  0.253 ( 1.462)	Data  0.157 ( 1.288)	Loss 5.6121e+00 (6.1649e+00)	Acc@1   1.56 (  2.00)	Acc@5  11.72 (  6.92)
Epoch: [0][ 700/5005]	Time  0.283 ( 1.458)	Data  0.184 ( 1.287)	Loss 5.3814e+00 (6.1455e+00)	Acc@1   5.47 (  2.06)	Acc@5  17.19 (  7.11)
Epoch: [0][ 720/5005]	Time  0.303 ( 1.455)	Data  0.150 ( 1.286)	Loss 5.3932e+00 (6.1263e+00)	Acc@1   3.12 (  2.12)	Acc@5  15.62 (  7.31)
Epoch: [0][ 740/5005]	Time  0.229 ( 1.452)	Data  0.147 ( 1.285)	Loss 5.4384e+00 (6.1095e+00)	Acc@1   4.69 (  2.20)	Acc@5  15.62 (  7.50)
Epoch: [0][ 760/5005]	Time  0.279 ( 1.448)	Data  0.182 ( 1.282)	Loss 5.2554e+00 (6.0915e+00)	Acc@1   5.47 (  2.28)	Acc@5  15.62 (  7.70)
Epoch: [0][ 780/5005]	Time  0.264 ( 1.443)	Data  0.143 ( 1.280)	Loss 5.2872e+00 (6.0734e+00)	Acc@1   6.25 (  2.34)	Acc@5  17.19 (  7.91)
Epoch: [0][ 800/5005]	Time  0.289 ( 1.438)	Data  0.146 ( 1.276)	Loss 5.1910e+00 (6.0566e+00)	Acc@1  10.16 (  2.41)	Acc@5  20.31 (  8.11)
Epoch: [0][ 820/5005]	Time  0.241 ( 1.435)	Data  0.156 ( 1.275)	Loss 5.3776e+00 (6.0407e+00)	Acc@1   8.59 (  2.49)	Acc@5  16.41 (  8.30)
Epoch: [0][ 840/5005]	Time  0.231 ( 1.432)	Data  0.150 ( 1.273)	Loss 5.2325e+00 (6.0228e+00)	Acc@1   4.69 (  2.57)	Acc@5  20.31 (  8.52)
Epoch: [0][ 860/5005]	Time  0.241 ( 1.428)	Data  0.159 ( 1.271)	Loss 5.2283e+00 (6.0063e+00)	Acc@1   8.59 (  2.65)	Acc@5  18.75 (  8.73)
Epoch: [0][ 880/5005]	Time  0.242 ( 1.424)	Data  0.146 ( 1.268)	Loss 5.3681e+00 (5.9901e+00)	Acc@1   3.12 (  2.72)	Acc@5  17.97 (  8.90)
Epoch: [0][ 900/5005]	Time  0.241 ( 1.419)	Data  0.153 ( 1.265)	Loss 5.4515e+00 (5.9743e+00)	Acc@1   5.47 (  2.80)	Acc@5  17.19 (  9.11)
Epoch: [0][ 920/5005]	Time  0.256 ( 1.414)	Data  0.166 ( 1.262)	Loss 5.4136e+00 (5.9588e+00)	Acc@1   5.47 (  2.86)	Acc@5  12.50 (  9.30)
Epoch: [0][ 940/5005]	Time  0.260 ( 1.410)	Data  0.161 ( 1.259)	Loss 5.1467e+00 (5.9431e+00)	Acc@1   5.47 (  2.93)	Acc@5  21.09 (  9.50)
Epoch: [0][ 960/5005]	Time  0.326 ( 1.405)	Data  0.177 ( 1.255)	Loss 5.2402e+00 (5.9276e+00)	Acc@1   6.25 (  3.01)	Acc@5  17.19 (  9.69)
Epoch: [0][ 980/5005]	Time  0.289 ( 1.400)	Data  0.147 ( 1.251)	Loss 4.9411e+00 (5.9115e+00)	Acc@1   7.03 (  3.10)	Acc@5  21.88 (  9.91)
Epoch: [0][1000/5005]	Time  0.273 ( 1.399)	Data  0.140 ( 1.251)	Loss 5.0657e+00 (5.8970e+00)	Acc@1   5.47 (  3.18)	Acc@5  19.53 ( 10.11)
Epoch: [0][1020/5005]	Time  0.251 ( 1.396)	Data  0.170 ( 1.248)	Loss 5.0814e+00 (5.8818e+00)	Acc@1   6.25 (  3.26)	Acc@5  21.88 ( 10.32)
Epoch: [0][1040/5005]	Time  0.328 ( 1.391)	Data  0.146 ( 1.245)	Loss 5.0162e+00 (5.8671e+00)	Acc@1  11.72 (  3.34)	Acc@5  22.66 ( 10.53)
Epoch: [0][1060/5005]	Time  0.272 ( 1.387)	Data  0.145 ( 1.241)	Loss 5.2130e+00 (5.8525e+00)	Acc@1  10.16 (  3.42)	Acc@5  19.53 ( 10.74)
Epoch: [0][1080/5005]	Time  0.273 ( 1.382)	Data  0.158 ( 1.237)	Loss 5.0014e+00 (5.8381e+00)	Acc@1  10.94 (  3.51)	Acc@5  22.66 ( 10.95)
Epoch: [0][1100/5005]	Time  0.282 ( 1.378)	Data  0.177 ( 1.234)	Loss 4.9780e+00 (5.8242e+00)	Acc@1  12.50 (  3.59)	Acc@5  28.91 ( 11.14)
Epoch: [0][1120/5005]	Time  0.284 ( 1.374)	Data  0.148 ( 1.231)	Loss 4.8616e+00 (5.8098e+00)	Acc@1  10.16 (  3.66)	Acc@5  25.00 ( 11.34)
Epoch: [0][1140/5005]	Time  0.230 ( 1.370)	Data  0.148 ( 1.227)	Loss 5.0547e+00 (5.7963e+00)	Acc@1   7.81 (  3.73)	Acc@5  21.09 ( 11.51)
Epoch: [0][1160/5005]	Time  0.229 ( 1.365)	Data  0.148 ( 1.224)	Loss 5.0615e+00 (5.7825e+00)	Acc@1  10.94 (  3.83)	Acc@5  25.78 ( 11.70)
Epoch: [0][1180/5005]	Time  0.296 ( 1.360)	Data  0.160 ( 1.219)	Loss 5.0330e+00 (5.7676e+00)	Acc@1  10.94 (  3.91)	Acc@5  20.31 ( 11.93)
Epoch: [0][1200/5005]	Time  0.795 ( 1.355)	Data  0.145 ( 1.212)	Loss 4.9622e+00 (5.7537e+00)	Acc@1   5.47 (  3.99)	Acc@5  21.88 ( 12.13)
Epoch: [0][1220/5005]	Time  0.280 ( 1.350)	Data  0.199 ( 1.206)	Loss 5.3356e+00 (5.7408e+00)	Acc@1   5.47 (  4.06)	Acc@5  15.62 ( 12.32)
Epoch: [0][1240/5005]	Time  0.612 ( 1.346)	Data  0.530 ( 1.202)	Loss 5.0721e+00 (5.7285e+00)	Acc@1   3.12 (  4.14)	Acc@5  22.66 ( 12.50)
Epoch: [0][1260/5005]	Time  0.272 ( 1.342)	Data  0.170 ( 1.199)	Loss 4.8395e+00 (5.7143e+00)	Acc@1   9.38 (  4.22)	Acc@5  23.44 ( 12.70)
Epoch: [0][1280/5005]	Time  0.301 ( 1.338)	Data  0.213 ( 1.196)	Loss 4.9885e+00 (5.7014e+00)	Acc@1   7.81 (  4.29)	Acc@5  21.88 ( 12.88)
Epoch: [0][1300/5005]	Time  0.277 ( 1.333)	Data  0.139 ( 1.192)	Loss 4.8884e+00 (5.6889e+00)	Acc@1  13.28 (  4.37)	Acc@5  27.34 ( 13.08)
Epoch: [0][1320/5005]	Time  0.237 ( 1.329)	Data  0.146 ( 1.188)	Loss 4.6669e+00 (5.6763e+00)	Acc@1  10.94 (  4.45)	Acc@5  33.59 ( 13.27)
Epoch: [0][1340/5005]	Time  0.236 ( 1.325)	Data  0.155 ( 1.185)	Loss 4.7800e+00 (5.6641e+00)	Acc@1  13.28 (  4.52)	Acc@5  28.12 ( 13.45)
Epoch: [0][1360/5005]	Time  0.291 ( 1.321)	Data  0.147 ( 1.182)	Loss 4.7172e+00 (5.6517e+00)	Acc@1   8.59 (  4.60)	Acc@5  27.34 ( 13.65)
Epoch: [0][1380/5005]	Time  0.272 ( 1.317)	Data  0.169 ( 1.178)	Loss 4.5203e+00 (5.6390e+00)	Acc@1  10.16 (  4.70)	Acc@5  28.91 ( 13.85)
Epoch: [0][1400/5005]	Time  0.324 ( 1.313)	Data  0.195 ( 1.175)	Loss 4.3646e+00 (5.6258e+00)	Acc@1  13.28 (  4.78)	Acc@5  32.81 ( 14.05)
Epoch: [0][1420/5005]	Time  0.329 ( 1.309)	Data  0.159 ( 1.171)	Loss 4.5557e+00 (5.6119e+00)	Acc@1  10.16 (  4.88)	Acc@5  25.00 ( 14.27)
Epoch: [0][1440/5005]	Time  0.321 ( 1.305)	Data  0.161 ( 1.167)	Loss 4.6084e+00 (5.6000e+00)	Acc@1  11.72 (  4.95)	Acc@5  30.47 ( 14.46)
Epoch: [0][1460/5005]	Time  0.332 ( 1.301)	Data  0.146 ( 1.164)	Loss 4.4825e+00 (5.5874e+00)	Acc@1  16.41 (  5.05)	Acc@5  30.47 ( 14.67)
Epoch: [0][1480/5005]	Time  0.281 ( 1.297)	Data  0.199 ( 1.160)	Loss 4.3646e+00 (5.5747e+00)	Acc@1  15.62 (  5.14)	Acc@5  35.94 ( 14.86)
Epoch: [0][1500/5005]	Time  0.304 ( 1.294)	Data  0.159 ( 1.157)	Loss 4.8419e+00 (5.5631e+00)	Acc@1   7.03 (  5.23)	Acc@5  26.56 ( 15.04)
Epoch: [0][1520/5005]	Time  0.336 ( 1.290)	Data  0.234 ( 1.154)	Loss 4.6829e+00 (5.5513e+00)	Acc@1  11.72 (  5.31)	Acc@5  27.34 ( 15.23)
Epoch: [0][1540/5005]	Time  0.259 ( 1.286)	Data  0.173 ( 1.150)	Loss 4.8067e+00 (5.5400e+00)	Acc@1  14.06 (  5.39)	Acc@5  25.78 ( 15.39)
Epoch: [0][1560/5005]	Time  0.289 ( 1.282)	Data  0.206 ( 1.147)	Loss 4.6160e+00 (5.5279e+00)	Acc@1  15.62 (  5.47)	Acc@5  32.81 ( 15.59)
Epoch: [0][1580/5005]	Time  0.259 ( 1.278)	Data  0.170 ( 1.144)	Loss 4.4029e+00 (5.5163e+00)	Acc@1  12.50 (  5.56)	Acc@5  36.72 ( 15.78)
Epoch: [0][1600/5005]	Time  0.233 ( 1.274)	Data  0.146 ( 1.140)	Loss 4.3878e+00 (5.5050e+00)	Acc@1  17.19 (  5.65)	Acc@5  35.94 ( 15.97)
Epoch: [0][1620/5005]	Time  0.286 ( 1.270)	Data  0.146 ( 1.136)	Loss 4.5423e+00 (5.4928e+00)	Acc@1   7.81 (  5.74)	Acc@5  34.38 ( 16.18)
Epoch: [0][1640/5005]	Time  0.267 ( 1.266)	Data  0.173 ( 1.133)	Loss 4.5682e+00 (5.4816e+00)	Acc@1  11.72 (  5.82)	Acc@5  32.03 ( 16.35)
Epoch: [0][1660/5005]	Time  0.240 ( 1.263)	Data  0.159 ( 1.130)	Loss 4.5127e+00 (5.4697e+00)	Acc@1  10.16 (  5.89)	Acc@5  32.81 ( 16.54)
Epoch: [0][1680/5005]	Time  0.237 ( 1.259)	Data  0.156 ( 1.127)	Loss 4.6520e+00 (5.4584e+00)	Acc@1   8.59 (  5.98)	Acc@5  27.34 ( 16.73)
Epoch: [0][1700/5005]	Time  0.295 ( 1.255)	Data  0.148 ( 1.123)	Loss 4.3530e+00 (5.4475e+00)	Acc@1  16.41 (  6.07)	Acc@5  35.94 ( 16.90)
Epoch: [0][1720/5005]	Time  0.282 ( 1.251)	Data  0.184 ( 1.120)	Loss 4.5354e+00 (5.4365e+00)	Acc@1  13.28 (  6.14)	Acc@5  28.91 ( 17.07)
Epoch: [0][1740/5005]	Time  0.357 ( 1.248)	Data  0.148 ( 1.117)	Loss 4.4710e+00 (5.4256e+00)	Acc@1   8.59 (  6.22)	Acc@5  31.25 ( 17.24)
Epoch: [0][1760/5005]	Time  0.342 ( 1.245)	Data  0.135 ( 1.113)	Loss 4.8408e+00 (5.4151e+00)	Acc@1   6.25 (  6.29)	Acc@5  26.56 ( 17.41)
Epoch: [0][1780/5005]	Time  0.342 ( 1.242)	Data  0.157 ( 1.110)	Loss 4.5541e+00 (5.4044e+00)	Acc@1  17.19 (  6.37)	Acc@5  32.81 ( 17.59)
Epoch: [0][1800/5005]	Time  0.301 ( 1.239)	Data  0.165 ( 1.107)	Loss 4.6471e+00 (5.3942e+00)	Acc@1  10.16 (  6.45)	Acc@5  27.34 ( 17.76)
Epoch: [0][1820/5005]	Time  0.295 ( 1.235)	Data  0.146 ( 1.104)	Loss 4.3130e+00 (5.3831e+00)	Acc@1  16.41 (  6.55)	Acc@5  34.38 ( 17.94)
Epoch: [0][1840/5005]	Time  0.262 ( 1.232)	Data  0.166 ( 1.101)	Loss 4.1150e+00 (5.3729e+00)	Acc@1  16.41 (  6.62)	Acc@5  36.72 ( 18.11)
Epoch: [0][1860/5005]	Time  0.323 ( 1.229)	Data  0.170 ( 1.098)	Loss 4.1656e+00 (5.3631e+00)	Acc@1  18.75 (  6.70)	Acc@5  41.41 ( 18.28)
Epoch: [0][1880/5005]	Time  0.353 ( 1.225)	Data  0.146 ( 1.095)	Loss 4.0508e+00 (5.3526e+00)	Acc@1  16.41 (  6.78)	Acc@5  42.19 ( 18.44)
Epoch: [0][1900/5005]	Time  0.306 ( 1.222)	Data  0.211 ( 1.092)	Loss 4.4298e+00 (5.3422e+00)	Acc@1  14.06 (  6.87)	Acc@5  35.16 ( 18.62)
Epoch: [0][1920/5005]	Time  0.301 ( 1.219)	Data  0.219 ( 1.090)	Loss 4.2562e+00 (5.3313e+00)	Acc@1  17.19 (  6.96)	Acc@5  39.84 ( 18.80)
Epoch: [0][1940/5005]	Time  0.314 ( 1.216)	Data  0.146 ( 1.087)	Loss 4.3844e+00 (5.3209e+00)	Acc@1  14.06 (  7.04)	Acc@5  33.59 ( 18.97)
Epoch: [0][1960/5005]	Time  0.299 ( 1.213)	Data  0.216 ( 1.084)	Loss 4.0251e+00 (5.3104e+00)	Acc@1  11.72 (  7.13)	Acc@5  35.94 ( 19.15)
Epoch: [0][1980/5005]	Time  0.307 ( 1.210)	Data  0.173 ( 1.081)	Loss 4.2868e+00 (5.3005e+00)	Acc@1  19.53 (  7.22)	Acc@5  36.72 ( 19.31)
Epoch: [0][2000/5005]	Time  0.275 ( 1.207)	Data  0.149 ( 1.078)	Loss 4.4322e+00 (5.2902e+00)	Acc@1  11.72 (  7.31)	Acc@5  37.50 ( 19.49)
Epoch: [0][2020/5005]	Time  0.339 ( 1.204)	Data  0.160 ( 1.075)	Loss 4.3249e+00 (5.2803e+00)	Acc@1  15.62 (  7.40)	Acc@5  38.28 ( 19.67)
Epoch: [0][2040/5005]	Time  0.267 ( 1.201)	Data  0.174 ( 1.073)	Loss 4.1398e+00 (5.2704e+00)	Acc@1  13.28 (  7.48)	Acc@5  37.50 ( 19.82)
Epoch: [0][2060/5005]	Time  0.265 ( 1.198)	Data  0.179 ( 1.070)	Loss 4.0472e+00 (5.2613e+00)	Acc@1  17.19 (  7.56)	Acc@5  41.41 ( 19.98)
Epoch: [0][2080/5005]	Time  0.290 ( 1.195)	Data  0.143 ( 1.068)	Loss 4.3681e+00 (5.2520e+00)	Acc@1  17.19 (  7.64)	Acc@5  39.84 ( 20.13)
Epoch: [0][2100/5005]	Time  0.341 ( 1.192)	Data  0.156 ( 1.065)	Loss 4.0150e+00 (5.2425e+00)	Acc@1  14.06 (  7.72)	Acc@5  32.03 ( 20.28)
Epoch: [0][2120/5005]	Time  0.344 ( 1.190)	Data  0.146 ( 1.063)	Loss 4.3532e+00 (5.2331e+00)	Acc@1  18.75 (  7.80)	Acc@5  36.72 ( 20.43)
Epoch: [0][2140/5005]	Time  0.231 ( 1.186)	Data  0.150 ( 1.060)	Loss 4.2381e+00 (5.2236e+00)	Acc@1  18.75 (  7.89)	Acc@5  33.59 ( 20.59)
Epoch: [0][2160/5005]	Time  0.248 ( 1.184)	Data  0.156 ( 1.057)	Loss 4.2219e+00 (5.2144e+00)	Acc@1  15.62 (  7.98)	Acc@5  39.84 ( 20.74)
Epoch: [0][2180/5005]	Time  0.279 ( 1.181)	Data  0.197 ( 1.055)	Loss 4.5045e+00 (5.2049e+00)	Acc@1  17.97 (  8.07)	Acc@5  32.81 ( 20.90)
Epoch: [0][2200/5005]	Time  0.237 ( 1.178)	Data  0.156 ( 1.053)	Loss 4.3203e+00 (5.1958e+00)	Acc@1  18.75 (  8.15)	Acc@5  33.59 ( 21.05)
Epoch: [0][2220/5005]	Time  0.260 ( 1.176)	Data  0.166 ( 1.050)	Loss 4.1366e+00 (5.1865e+00)	Acc@1  15.62 (  8.23)	Acc@5  35.94 ( 21.20)
Epoch: [0][2240/5005]	Time  0.281 ( 1.173)	Data  0.198 ( 1.048)	Loss 4.2897e+00 (5.1772e+00)	Acc@1  13.28 (  8.32)	Acc@5  39.06 ( 21.35)
Epoch: [0][2260/5005]	Time  0.296 ( 1.171)	Data  0.187 ( 1.046)	Loss 4.2461e+00 (5.1684e+00)	Acc@1  15.62 (  8.39)	Acc@5  35.16 ( 21.49)
Epoch: [0][2280/5005]	Time  0.293 ( 1.168)	Data  0.207 ( 1.043)	Loss 4.1345e+00 (5.1595e+00)	Acc@1  17.97 (  8.47)	Acc@5  36.72 ( 21.64)
Epoch: [0][2300/5005]	Time  0.276 ( 1.166)	Data  0.193 ( 1.041)	Loss 4.1281e+00 (5.1505e+00)	Acc@1  16.41 (  8.55)	Acc@5  36.72 ( 21.79)
Epoch: [0][2320/5005]	Time  0.263 ( 1.163)	Data  0.161 ( 1.039)	Loss 4.2069e+00 (5.1417e+00)	Acc@1  19.53 (  8.63)	Acc@5  36.72 ( 21.94)
Epoch: [0][2340/5005]	Time  0.228 ( 1.161)	Data  0.146 ( 1.037)	Loss 4.2257e+00 (5.1333e+00)	Acc@1  13.28 (  8.71)	Acc@5  33.59 ( 22.08)
Epoch: [0][2360/5005]	Time  0.323 ( 1.158)	Data  0.237 ( 1.034)	Loss 4.0838e+00 (5.1242e+00)	Acc@1  17.19 (  8.80)	Acc@5  39.06 ( 22.24)
Epoch: [0][2380/5005]	Time  1.088 ( 1.156)	Data  1.002 ( 1.033)	Loss 3.8289e+00 (5.1149e+00)	Acc@1  19.53 (  8.88)	Acc@5  44.53 ( 22.40)
Epoch: [0][2400/5005]	Time  0.328 ( 1.153)	Data  0.247 ( 1.030)	Loss 3.7471e+00 (5.1054e+00)	Acc@1  26.56 (  8.98)	Acc@5  46.09 ( 22.57)
Epoch: [0][2420/5005]	Time  0.513 ( 1.151)	Data  0.431 ( 1.028)	Loss 4.2094e+00 (5.0973e+00)	Acc@1  16.41 (  9.07)	Acc@5  40.62 ( 22.72)
Epoch: [0][2440/5005]	Time  0.293 ( 1.149)	Data  0.212 ( 1.027)	Loss 4.0147e+00 (5.0893e+00)	Acc@1  19.53 (  9.14)	Acc@5  38.28 ( 22.85)
Epoch: [0][2460/5005]	Time  0.281 ( 1.147)	Data  0.199 ( 1.024)	Loss 3.7460e+00 (5.0803e+00)	Acc@1  23.44 (  9.22)	Acc@5  50.00 ( 23.00)
Epoch: [0][2480/5005]	Time  0.252 ( 1.145)	Data  0.157 ( 1.022)	Loss 4.1091e+00 (5.0714e+00)	Acc@1  15.62 (  9.32)	Acc@5  37.50 ( 23.16)
Epoch: [0][2500/5005]	Time  0.328 ( 1.142)	Data  0.213 ( 1.020)	Loss 3.8353e+00 (5.0624e+00)	Acc@1  19.53 (  9.41)	Acc@5  43.75 ( 23.32)
Epoch: [0][2520/5005]	Time  0.244 ( 1.140)	Data  0.156 ( 1.018)	Loss 3.8832e+00 (5.0541e+00)	Acc@1  22.66 (  9.49)	Acc@5  42.97 ( 23.47)
Epoch: [0][2540/5005]	Time  0.242 ( 1.138)	Data  0.161 ( 1.016)	Loss 3.9290e+00 (5.0460e+00)	Acc@1  22.66 (  9.56)	Acc@5  45.31 ( 23.61)
Epoch: [0][2560/5005]	Time  0.289 ( 1.136)	Data  0.157 ( 1.014)	Loss 3.8727e+00 (5.0380e+00)	Acc@1  26.56 (  9.64)	Acc@5  47.66 ( 23.75)
Epoch: [0][2580/5005]	Time  0.335 ( 1.134)	Data  0.165 ( 1.012)	Loss 3.8258e+00 (5.0298e+00)	Acc@1  23.44 (  9.72)	Acc@5  49.22 ( 23.89)
Epoch: [0][2600/5005]	Time  0.324 ( 1.131)	Data  0.146 ( 1.010)	Loss 3.8650e+00 (5.0217e+00)	Acc@1  22.66 (  9.78)	Acc@5  39.06 ( 24.04)
Epoch: [0][2620/5005]	Time  0.240 ( 1.129)	Data  0.159 ( 1.008)	Loss 4.2652e+00 (5.0134e+00)	Acc@1  21.09 (  9.87)	Acc@5  41.41 ( 24.19)
Epoch: [0][2640/5005]	Time  0.279 ( 1.127)	Data  0.181 ( 1.007)	Loss 3.8481e+00 (5.0054e+00)	Acc@1  17.97 (  9.95)	Acc@5  43.75 ( 24.34)
Epoch: [0][2660/5005]	Time  0.241 ( 1.125)	Data  0.160 ( 1.005)	Loss 3.6098e+00 (4.9972e+00)	Acc@1  26.56 ( 10.02)	Acc@5  53.12 ( 24.49)
Epoch: [0][2680/5005]	Time  0.327 ( 1.123)	Data  0.158 ( 1.003)	Loss 3.8231e+00 (4.9890e+00)	Acc@1  19.53 ( 10.10)	Acc@5  42.19 ( 24.64)
Epoch: [0][2700/5005]	Time  0.343 ( 1.121)	Data  0.145 ( 1.001)	Loss 4.0192e+00 (4.9808e+00)	Acc@1  17.97 ( 10.18)	Acc@5  42.19 ( 24.78)
Epoch: [0][2720/5005]	Time  0.239 ( 1.120)	Data  0.145 ( 0.999)	Loss 3.7911e+00 (4.9725e+00)	Acc@1  28.12 ( 10.27)	Acc@5  47.66 ( 24.93)
Epoch: [0][2740/5005]	Time  0.319 ( 1.117)	Data  0.185 ( 0.997)	Loss 3.8446e+00 (4.9645e+00)	Acc@1  22.66 ( 10.35)	Acc@5  46.88 ( 25.08)
Epoch: [0][2760/5005]	Time  0.328 ( 1.116)	Data  0.162 ( 0.996)	Loss 4.3053e+00 (4.9569e+00)	Acc@1  16.41 ( 10.44)	Acc@5  35.16 ( 25.21)
Epoch: [0][2780/5005]	Time  0.266 ( 1.114)	Data  0.174 ( 0.994)	Loss 3.7588e+00 (4.9490e+00)	Acc@1  23.44 ( 10.52)	Acc@5  50.78 ( 25.36)
Epoch: [0][2800/5005]	Time  0.245 ( 1.112)	Data  0.164 ( 0.992)	Loss 3.9386e+00 (4.9413e+00)	Acc@1  21.09 ( 10.60)	Acc@5  46.09 ( 25.50)
Epoch: [0][2820/5005]	Time  0.627 ( 1.110)	Data  0.160 ( 0.990)	Loss 4.0405e+00 (4.9332e+00)	Acc@1  21.09 ( 10.68)	Acc@5  39.84 ( 25.66)
Epoch: [0][2840/5005]	Time  0.587 ( 1.108)	Data  0.145 ( 0.987)	Loss 4.0654e+00 (4.9257e+00)	Acc@1  20.31 ( 10.76)	Acc@5  39.84 ( 25.79)
Epoch: [0][2860/5005]	Time  0.241 ( 1.107)	Data  0.147 ( 0.985)	Loss 3.8153e+00 (4.9180e+00)	Acc@1  25.00 ( 10.83)	Acc@5  45.31 ( 25.93)
Epoch: [0][2880/5005]	Time  0.326 ( 1.105)	Data  0.146 ( 0.983)	Loss 3.9369e+00 (4.9107e+00)	Acc@1  19.53 ( 10.90)	Acc@5  40.62 ( 26.06)
Epoch: [0][2900/5005]	Time  0.288 ( 1.103)	Data  0.158 ( 0.981)	Loss 3.7595e+00 (4.9030e+00)	Acc@1  29.69 ( 10.99)	Acc@5  49.22 ( 26.20)
Epoch: [0][2920/5005]	Time  0.281 ( 1.102)	Data  0.197 ( 0.980)	Loss 4.0079e+00 (4.8956e+00)	Acc@1  21.88 ( 11.07)	Acc@5  40.62 ( 26.33)
Epoch: [0][2940/5005]	Time  0.338 ( 1.100)	Data  0.151 ( 0.978)	Loss 3.8238e+00 (4.8888e+00)	Acc@1  18.75 ( 11.15)	Acc@5  47.66 ( 26.45)
Epoch: [0][2960/5005]	Time  0.324 ( 1.098)	Data  0.199 ( 0.977)	Loss 3.6514e+00 (4.8813e+00)	Acc@1  23.44 ( 11.22)	Acc@5  43.75 ( 26.59)
Epoch: [0][2980/5005]	Time  0.276 ( 1.097)	Data  0.194 ( 0.975)	Loss 3.8832e+00 (4.8740e+00)	Acc@1  19.53 ( 11.29)	Acc@5  44.53 ( 26.72)
Epoch: [0][3000/5005]	Time  0.338 ( 1.095)	Data  0.232 ( 0.974)	Loss 3.5138e+00 (4.8664e+00)	Acc@1  26.56 ( 11.37)	Acc@5  52.34 ( 26.85)
Epoch: [0][3020/5005]	Time  0.290 ( 1.093)	Data  0.167 ( 0.972)	Loss 3.6009e+00 (4.8592e+00)	Acc@1  21.88 ( 11.44)	Acc@5  50.78 ( 27.00)
Epoch: [0][3040/5005]	Time  0.277 ( 1.092)	Data  0.190 ( 0.971)	Loss 3.7595e+00 (4.8517e+00)	Acc@1  21.09 ( 11.52)	Acc@5  50.78 ( 27.13)
Epoch: [0][3060/5005]	Time  0.257 ( 1.090)	Data  0.152 ( 0.969)	Loss 3.5336e+00 (4.8446e+00)	Acc@1  27.34 ( 11.60)	Acc@5  50.78 ( 27.26)
Epoch: [0][3080/5005]	Time  0.301 ( 1.088)	Data  0.206 ( 0.968)	Loss 3.7327e+00 (4.8376e+00)	Acc@1  23.44 ( 11.66)	Acc@5  46.09 ( 27.39)
Epoch: [0][3100/5005]	Time  0.285 ( 1.087)	Data  0.192 ( 0.966)	Loss 3.9121e+00 (4.8299e+00)	Acc@1  24.22 ( 11.75)	Acc@5  46.88 ( 27.52)
Epoch: [0][3120/5005]	Time  0.347 ( 1.085)	Data  0.195 ( 0.965)	Loss 3.5739e+00 (4.8227e+00)	Acc@1  24.22 ( 11.82)	Acc@5  52.34 ( 27.66)
Epoch: [0][3140/5005]	Time  0.240 ( 1.084)	Data  0.159 ( 0.963)	Loss 3.6779e+00 (4.8159e+00)	Acc@1  22.66 ( 11.91)	Acc@5  50.00 ( 27.78)
Epoch: [0][3160/5005]	Time  0.257 ( 1.082)	Data  0.173 ( 0.962)	Loss 3.6238e+00 (4.8089e+00)	Acc@1  22.66 ( 11.98)	Acc@5  46.09 ( 27.91)
Epoch: [0][3180/5005]	Time  0.263 ( 1.080)	Data  0.148 ( 0.961)	Loss 3.6552e+00 (4.8018e+00)	Acc@1  22.66 ( 12.05)	Acc@5  47.66 ( 28.04)
Epoch: [0][3200/5005]	Time  0.277 ( 1.079)	Data  0.153 ( 0.959)	Loss 3.8122e+00 (4.7949e+00)	Acc@1  28.91 ( 12.12)	Acc@5  46.88 ( 28.16)
Epoch: [0][3220/5005]	Time  0.346 ( 1.077)	Data  0.160 ( 0.958)	Loss 3.6750e+00 (4.7879e+00)	Acc@1  20.31 ( 12.18)	Acc@5  47.66 ( 28.29)
Epoch: [0][3240/5005]	Time  0.228 ( 1.076)	Data  0.147 ( 0.956)	Loss 3.5510e+00 (4.7817e+00)	Acc@1  27.34 ( 12.24)	Acc@5  51.56 ( 28.40)
Epoch: [0][3260/5005]	Time  0.554 ( 1.074)	Data  0.144 ( 0.955)	Loss 4.0578e+00 (4.7753e+00)	Acc@1  17.97 ( 12.31)	Acc@5  41.41 ( 28.52)
Epoch: [0][3280/5005]	Time  0.282 ( 1.073)	Data  0.192 ( 0.953)	Loss 3.6559e+00 (4.7680e+00)	Acc@1  29.69 ( 12.39)	Acc@5  46.09 ( 28.65)
Epoch: [0][3300/5005]	Time  0.295 ( 1.071)	Data  0.213 ( 0.951)	Loss 3.7072e+00 (4.7610e+00)	Acc@1  24.22 ( 12.46)	Acc@5  47.66 ( 28.77)
Epoch: [0][3320/5005]	Time  0.313 ( 1.069)	Data  0.212 ( 0.948)	Loss 3.7421e+00 (4.7544e+00)	Acc@1  21.09 ( 12.53)	Acc@5  42.97 ( 28.89)
Epoch: [0][3340/5005]	Time  0.331 ( 1.068)	Data  0.250 ( 0.945)	Loss 3.7347e+00 (4.7475e+00)	Acc@1  27.34 ( 12.61)	Acc@5  46.09 ( 29.01)
Epoch: [0][3360/5005]	Time  0.270 ( 1.066)	Data  0.181 ( 0.942)	Loss 3.7144e+00 (4.7414e+00)	Acc@1  23.44 ( 12.68)	Acc@5  43.75 ( 29.13)
Epoch: [0][3380/5005]	Time  0.269 ( 1.064)	Data  0.146 ( 0.941)	Loss 3.8967e+00 (4.7350e+00)	Acc@1  25.78 ( 12.75)	Acc@5  46.09 ( 29.25)
Epoch: [0][3400/5005]	Time  0.304 ( 1.063)	Data  0.223 ( 0.940)	Loss 3.6668e+00 (4.7276e+00)	Acc@1  19.53 ( 12.83)	Acc@5  48.44 ( 29.38)
Epoch: [0][3420/5005]	Time  0.248 ( 1.061)	Data  0.167 ( 0.938)	Loss 3.4480e+00 (4.7206e+00)	Acc@1  33.59 ( 12.91)	Acc@5  53.91 ( 29.50)
Epoch: [0][3440/5005]	Time  0.294 ( 1.059)	Data  0.212 ( 0.937)	Loss 3.5574e+00 (4.7145e+00)	Acc@1  24.22 ( 12.97)	Acc@5  47.66 ( 29.61)
Epoch: [0][3460/5005]	Time  0.316 ( 1.058)	Data  0.194 ( 0.936)	Loss 3.8120e+00 (4.7081e+00)	Acc@1  25.78 ( 13.04)	Acc@5  46.09 ( 29.73)
Epoch: [0][3480/5005]	Time  0.291 ( 1.056)	Data  0.210 ( 0.934)	Loss 3.4913e+00 (4.7016e+00)	Acc@1  26.56 ( 13.11)	Acc@5  50.78 ( 29.84)
Epoch: [0][3500/5005]	Time  0.490 ( 1.055)	Data  0.409 ( 0.932)	Loss 3.7402e+00 (4.6949e+00)	Acc@1  24.22 ( 13.18)	Acc@5  53.12 ( 29.96)
Epoch: [0][3520/5005]	Time  0.288 ( 1.053)	Data  0.201 ( 0.930)	Loss 3.3446e+00 (4.6882e+00)	Acc@1  25.78 ( 13.26)	Acc@5  54.69 ( 30.08)
Epoch: [0][3540/5005]	Time  0.530 ( 1.051)	Data  0.442 ( 0.928)	Loss 3.1191e+00 (4.6820e+00)	Acc@1  29.69 ( 13.33)	Acc@5  58.59 ( 30.20)
Epoch: [0][3560/5005]	Time  0.231 ( 1.050)	Data  0.149 ( 0.925)	Loss 3.4673e+00 (4.6755e+00)	Acc@1  26.56 ( 13.40)	Acc@5  58.59 ( 30.32)
Epoch: [0][3580/5005]	Time  0.450 ( 1.048)	Data  0.185 ( 0.924)	Loss 3.5775e+00 (4.6693e+00)	Acc@1  22.66 ( 13.46)	Acc@5  52.34 ( 30.44)
Epoch: [0][3600/5005]	Time  0.609 ( 1.047)	Data  0.146 ( 0.921)	Loss 3.4702e+00 (4.6632e+00)	Acc@1  26.56 ( 13.53)	Acc@5  46.88 ( 30.55)
Epoch: [0][3620/5005]	Time  0.247 ( 1.045)	Data  0.166 ( 0.918)	Loss 3.5045e+00 (4.6571e+00)	Acc@1  27.34 ( 13.61)	Acc@5  53.12 ( 30.66)
Epoch: [0][3640/5005]	Time  0.242 ( 1.044)	Data  0.157 ( 0.915)	Loss 3.5673e+00 (4.6507e+00)	Acc@1  21.88 ( 13.68)	Acc@5  46.88 ( 30.77)
Epoch: [0][3660/5005]	Time  0.251 ( 1.042)	Data  0.163 ( 0.914)	Loss 3.1901e+00 (4.6441e+00)	Acc@1  34.38 ( 13.75)	Acc@5  60.94 ( 30.89)
Epoch: [0][3680/5005]	Time  0.255 ( 1.041)	Data  0.152 ( 0.912)	Loss 3.3975e+00 (4.6377e+00)	Acc@1  28.12 ( 13.82)	Acc@5  53.12 ( 31.01)
Epoch: [0][3700/5005]	Time  0.271 ( 1.039)	Data  0.190 ( 0.911)	Loss 3.2989e+00 (4.6319e+00)	Acc@1  31.25 ( 13.89)	Acc@5  58.59 ( 31.11)
Epoch: [0][3720/5005]	Time  0.272 ( 1.038)	Data  0.172 ( 0.908)	Loss 3.4786e+00 (4.6258e+00)	Acc@1  25.78 ( 13.96)	Acc@5  46.88 ( 31.22)
Epoch: [0][3740/5005]	Time  0.234 ( 1.037)	Data  0.148 ( 0.904)	Loss 3.3808e+00 (4.6195e+00)	Acc@1  29.69 ( 14.03)	Acc@5  52.34 ( 31.33)
Epoch: [0][3760/5005]	Time  0.274 ( 1.035)	Data  0.180 ( 0.900)	Loss 3.5376e+00 (4.6135e+00)	Acc@1  25.78 ( 14.11)	Acc@5  46.88 ( 31.45)
Epoch: [0][3780/5005]	Time  0.269 ( 1.034)	Data  0.146 ( 0.899)	Loss 3.3810e+00 (4.6076e+00)	Acc@1  31.25 ( 14.17)	Acc@5  58.59 ( 31.55)
Epoch: [0][3800/5005]	Time  0.256 ( 1.033)	Data  0.174 ( 0.898)	Loss 3.7410e+00 (4.6018e+00)	Acc@1  18.75 ( 14.24)	Acc@5  47.66 ( 31.66)
Epoch: [0][3820/5005]	Time  0.309 ( 1.032)	Data  0.146 ( 0.897)	Loss 3.3590e+00 (4.5963e+00)	Acc@1  29.69 ( 14.30)	Acc@5  54.69 ( 31.77)
Epoch: [0][3840/5005]	Time  0.280 ( 1.031)	Data  0.199 ( 0.896)	Loss 3.3968e+00 (4.5906e+00)	Acc@1  23.44 ( 14.36)	Acc@5  55.47 ( 31.88)
Epoch: [0][3860/5005]	Time  0.338 ( 1.030)	Data  0.159 ( 0.896)	Loss 3.3763e+00 (4.5848e+00)	Acc@1  28.91 ( 14.43)	Acc@5  49.22 ( 31.99)
Epoch: [0][3880/5005]	Time  0.251 ( 1.028)	Data  0.163 ( 0.895)	Loss 3.5483e+00 (4.5786e+00)	Acc@1  21.88 ( 14.49)	Acc@5  48.44 ( 32.10)
Epoch: [0][3900/5005]	Time  0.610 ( 1.027)	Data  0.523 ( 0.894)	Loss 3.5521e+00 (4.5729e+00)	Acc@1  28.12 ( 14.56)	Acc@5  50.00 ( 32.21)
Epoch: [0][3920/5005]	Time  0.358 ( 1.026)	Data  0.209 ( 0.893)	Loss 3.3239e+00 (4.5669e+00)	Acc@1  29.69 ( 14.63)	Acc@5  50.78 ( 32.32)
Epoch: [0][3940/5005]	Time  0.289 ( 1.025)	Data  0.208 ( 0.892)	Loss 3.2685e+00 (4.5611e+00)	Acc@1  32.03 ( 14.71)	Acc@5  53.91 ( 32.43)
Epoch: [0][3960/5005]	Time  0.665 ( 1.024)	Data  0.581 ( 0.891)	Loss 3.2673e+00 (4.5556e+00)	Acc@1  27.34 ( 14.77)	Acc@5  57.03 ( 32.53)
Epoch: [0][3980/5005]	Time  0.287 ( 1.024)	Data  0.203 ( 0.891)	Loss 3.5531e+00 (4.5501e+00)	Acc@1  24.22 ( 14.83)	Acc@5  50.00 ( 32.63)
Epoch: [0][4000/5005]	Time  0.246 ( 1.023)	Data  0.164 ( 0.890)	Loss 3.1530e+00 (4.5444e+00)	Acc@1  32.03 ( 14.90)	Acc@5  56.25 ( 32.73)
Epoch: [0][4020/5005]	Time  0.326 ( 1.022)	Data  0.222 ( 0.889)	Loss 3.2476e+00 (4.5388e+00)	Acc@1  25.78 ( 14.96)	Acc@5  59.38 ( 32.83)
Epoch: [0][4040/5005]	Time  0.322 ( 1.021)	Data  0.202 ( 0.889)	Loss 3.4141e+00 (4.5335e+00)	Acc@1  27.34 ( 15.02)	Acc@5  55.47 ( 32.93)
Epoch: [0][4060/5005]	Time  0.352 ( 1.020)	Data  0.152 ( 0.888)	Loss 3.4798e+00 (4.5277e+00)	Acc@1  26.56 ( 15.09)	Acc@5  53.12 ( 33.03)
Epoch: [0][4080/5005]	Time  0.286 ( 1.019)	Data  0.200 ( 0.887)	Loss 3.6804e+00 (4.5224e+00)	Acc@1  25.78 ( 15.15)	Acc@5  46.88 ( 33.13)
Epoch: [0][4100/5005]	Time  0.276 ( 1.018)	Data  0.145 ( 0.886)	Loss 3.4545e+00 (4.5168e+00)	Acc@1  25.00 ( 15.22)	Acc@5  52.34 ( 33.23)
Epoch: [0][4120/5005]	Time  0.312 ( 1.017)	Data  0.208 ( 0.886)	Loss 3.3011e+00 (4.5114e+00)	Acc@1  34.38 ( 15.28)	Acc@5  57.03 ( 33.33)
Epoch: [0][4140/5005]	Time  0.235 ( 1.016)	Data  0.153 ( 0.885)	Loss 3.2123e+00 (4.5056e+00)	Acc@1  33.59 ( 15.35)	Acc@5  53.91 ( 33.43)
Epoch: [0][4160/5005]	Time  0.340 ( 1.015)	Data  0.145 ( 0.884)	Loss 3.4426e+00 (4.5004e+00)	Acc@1  26.56 ( 15.41)	Acc@5  50.78 ( 33.53)
Epoch: [0][4180/5005]	Time  0.315 ( 1.015)	Data  0.230 ( 0.883)	Loss 3.3106e+00 (4.4950e+00)	Acc@1  24.22 ( 15.47)	Acc@5  56.25 ( 33.62)
Epoch: [0][4200/5005]	Time  0.315 ( 1.014)	Data  0.231 ( 0.883)	Loss 3.1148e+00 (4.4897e+00)	Acc@1  37.50 ( 15.53)	Acc@5  62.50 ( 33.72)
Epoch: [0][4220/5005]	Time  0.247 ( 1.013)	Data  0.160 ( 0.882)	Loss 3.3861e+00 (4.4845e+00)	Acc@1  28.12 ( 15.59)	Acc@5  57.03 ( 33.82)
Epoch: [0][4240/5005]	Time  0.279 ( 1.012)	Data  0.148 ( 0.882)	Loss 3.4796e+00 (4.4789e+00)	Acc@1  27.34 ( 15.65)	Acc@5  50.00 ( 33.92)
Epoch: [0][4260/5005]	Time  0.254 ( 1.011)	Data  0.167 ( 0.881)	Loss 3.6312e+00 (4.4734e+00)	Acc@1  29.69 ( 15.72)	Acc@5  57.03 ( 34.02)
Epoch: [0][4280/5005]	Time  0.324 ( 1.010)	Data  0.229 ( 0.880)	Loss 3.5510e+00 (4.4683e+00)	Acc@1  30.47 ( 15.79)	Acc@5  52.34 ( 34.11)
Epoch: [0][4300/5005]	Time  1.398 ( 1.010)	Data  0.154 ( 0.877)	Loss 3.0209e+00 (4.4631e+00)	Acc@1  35.94 ( 15.84)	Acc@5  65.62 ( 34.21)
Epoch: [0][4320/5005]	Time  1.424 ( 1.009)	Data  0.174 ( 0.874)	Loss 3.1886e+00 (4.4578e+00)	Acc@1  33.59 ( 15.91)	Acc@5  53.12 ( 34.30)
Epoch: [0][4340/5005]	Time  1.349 ( 1.008)	Data  0.146 ( 0.871)	Loss 3.4821e+00 (4.4530e+00)	Acc@1  25.00 ( 15.96)	Acc@5  50.00 ( 34.38)
Epoch: [0][4360/5005]	Time  1.440 ( 1.007)	Data  0.164 ( 0.868)	Loss 3.5690e+00 (4.4482e+00)	Acc@1  24.22 ( 16.02)	Acc@5  46.88 ( 34.48)
Epoch: [0][4380/5005]	Time  1.000 ( 1.006)	Data  0.145 ( 0.865)	Loss 3.4691e+00 (4.4433e+00)	Acc@1  25.78 ( 16.08)	Acc@5  54.69 ( 34.57)
Epoch: [0][4400/5005]	Time  0.958 ( 1.006)	Data  0.148 ( 0.862)	Loss 3.1474e+00 (4.4383e+00)	Acc@1  35.94 ( 16.13)	Acc@5  57.03 ( 34.66)
Epoch: [0][4420/5005]	Time  1.064 ( 1.005)	Data  0.169 ( 0.859)	Loss 3.0918e+00 (4.4330e+00)	Acc@1  32.81 ( 16.20)	Acc@5  61.72 ( 34.76)
Epoch: [0][4440/5005]	Time  1.113 ( 1.004)	Data  0.157 ( 0.856)	Loss 3.3870e+00 (4.4278e+00)	Acc@1  32.03 ( 16.26)	Acc@5  56.25 ( 34.86)
Epoch: [0][4460/5005]	Time  1.332 ( 1.003)	Data  0.150 ( 0.853)	Loss 3.2627e+00 (4.4226e+00)	Acc@1  32.81 ( 16.33)	Acc@5  55.47 ( 34.95)
Epoch: [0][4480/5005]	Time  1.127 ( 1.002)	Data  0.162 ( 0.850)	Loss 3.3319e+00 (4.4178e+00)	Acc@1  31.25 ( 16.39)	Acc@5  56.25 ( 35.04)
Epoch: [0][4500/5005]	Time  0.284 ( 1.002)	Data  0.148 ( 0.849)	Loss 3.2606e+00 (4.4127e+00)	Acc@1  29.69 ( 16.45)	Acc@5  55.47 ( 35.13)
Epoch: [0][4520/5005]	Time  0.357 ( 1.001)	Data  0.194 ( 0.849)	Loss 3.5853e+00 (4.4077e+00)	Acc@1  22.66 ( 16.51)	Acc@5  49.22 ( 35.22)
Epoch: [0][4540/5005]	Time  0.270 ( 1.000)	Data  0.188 ( 0.848)	Loss 3.3263e+00 (4.4028e+00)	Acc@1  25.78 ( 16.57)	Acc@5  59.38 ( 35.31)
Epoch: [0][4560/5005]	Time  0.309 ( 0.999)	Data  0.153 ( 0.848)	Loss 3.0396e+00 (4.3978e+00)	Acc@1  36.72 ( 16.63)	Acc@5  58.59 ( 35.40)
Epoch: [0][4580/5005]	Time  0.388 ( 0.999)	Data  0.150 ( 0.847)	Loss 3.0637e+00 (4.3925e+00)	Acc@1  33.59 ( 16.69)	Acc@5  57.03 ( 35.50)
Epoch: [0][4600/5005]	Time  0.282 ( 0.998)	Data  0.201 ( 0.847)	Loss 3.4094e+00 (4.3873e+00)	Acc@1  33.59 ( 16.75)	Acc@5  55.47 ( 35.60)
Epoch: [0][4620/5005]	Time  0.342 ( 0.997)	Data  0.198 ( 0.846)	Loss 3.3270e+00 (4.3824e+00)	Acc@1  32.03 ( 16.81)	Acc@5  57.03 ( 35.69)
Epoch: [0][4640/5005]	Time  0.310 ( 0.997)	Data  0.165 ( 0.846)	Loss 3.0803e+00 (4.3772e+00)	Acc@1  36.72 ( 16.88)	Acc@5  58.59 ( 35.78)
Epoch: [0][4660/5005]	Time  0.303 ( 0.996)	Data  0.139 ( 0.845)	Loss 3.1660e+00 (4.3724e+00)	Acc@1  29.69 ( 16.93)	Acc@5  57.81 ( 35.87)
Epoch: [0][4680/5005]	Time  0.308 ( 0.995)	Data  0.214 ( 0.845)	Loss 3.2230e+00 (4.3676e+00)	Acc@1  29.69 ( 16.99)	Acc@5  53.91 ( 35.95)
Epoch: [0][4700/5005]	Time  0.260 ( 0.994)	Data  0.173 ( 0.844)	Loss 3.0557e+00 (4.3627e+00)	Acc@1  35.94 ( 17.05)	Acc@5  57.03 ( 36.04)
Epoch: [0][4720/5005]	Time  0.346 ( 0.994)	Data  0.147 ( 0.844)	Loss 2.9000e+00 (4.3579e+00)	Acc@1  35.94 ( 17.11)	Acc@5  68.75 ( 36.13)
Epoch: [0][4740/5005]	Time  0.307 ( 0.993)	Data  0.145 ( 0.844)	Loss 2.9558e+00 (4.3527e+00)	Acc@1  32.03 ( 17.18)	Acc@5  61.72 ( 36.23)
Epoch: [0][4760/5005]	Time  0.297 ( 0.992)	Data  0.188 ( 0.843)	Loss 3.1228e+00 (4.3481e+00)	Acc@1  35.94 ( 17.23)	Acc@5  57.03 ( 36.32)
Epoch: [0][4780/5005]	Time  0.261 ( 0.992)	Data  0.180 ( 0.842)	Loss 3.1897e+00 (4.3432e+00)	Acc@1  29.69 ( 17.30)	Acc@5  59.38 ( 36.40)
Epoch: [0][4800/5005]	Time  0.278 ( 0.991)	Data  0.156 ( 0.842)	Loss 3.0067e+00 (4.3383e+00)	Acc@1  33.59 ( 17.36)	Acc@5  61.72 ( 36.49)
Epoch: [0][4820/5005]	Time  0.370 ( 0.990)	Data  0.146 ( 0.842)	Loss 3.6274e+00 (4.3338e+00)	Acc@1  29.69 ( 17.42)	Acc@5  50.78 ( 36.57)
Epoch: [0][4840/5005]	Time  0.274 ( 0.990)	Data  0.141 ( 0.841)	Loss 3.4257e+00 (4.3292e+00)	Acc@1  26.56 ( 17.48)	Acc@5  52.34 ( 36.66)
Epoch: [0][4860/5005]	Time  0.345 ( 0.989)	Data  0.212 ( 0.840)	Loss 3.2732e+00 (4.3246e+00)	Acc@1  25.78 ( 17.53)	Acc@5  55.47 ( 36.74)
Epoch: [0][4880/5005]	Time  0.252 ( 0.988)	Data  0.147 ( 0.840)	Loss 3.1728e+00 (4.3196e+00)	Acc@1  35.94 ( 17.60)	Acc@5  64.06 ( 36.84)
Epoch: [0][4900/5005]	Time  0.304 ( 0.988)	Data  0.189 ( 0.839)	Loss 3.1830e+00 (4.3154e+00)	Acc@1  31.25 ( 17.65)	Acc@5  60.16 ( 36.92)
Epoch: [0][4920/5005]	Time  0.350 ( 0.987)	Data  0.159 ( 0.838)	Loss 3.3814e+00 (4.3106e+00)	Acc@1  30.47 ( 17.71)	Acc@5  55.47 ( 37.01)
Epoch: [0][4940/5005]	Time  0.263 ( 0.986)	Data  0.174 ( 0.838)	Loss 3.1552e+00 (4.3059e+00)	Acc@1  29.69 ( 17.77)	Acc@5  54.69 ( 37.10)
Epoch: [0][4960/5005]	Time  0.289 ( 0.985)	Data  0.194 ( 0.837)	Loss 3.5361e+00 (4.3015e+00)	Acc@1  32.81 ( 17.82)	Acc@5  50.78 ( 37.18)
Epoch: [0][4980/5005]	Time  0.306 ( 0.984)	Data  0.171 ( 0.837)	Loss 2.9326e+00 (4.2971e+00)	Acc@1  40.62 ( 17.88)	Acc@5  64.84 ( 37.26)
Epoch: [0][5000/5005]	Time  0.423 ( 0.984)	Data  0.185 ( 0.836)	Loss 3.2032e+00 (4.2928e+00)	Acc@1  33.59 ( 17.94)	Acc@5  56.25 ( 37.34)
Epoch: [0][   0/5005]	Time 13.565 (13.565)	Data 11.981 (11.981)	Loss 7.0474e+00 (7.0474e+00)	Acc@1   0.00 (  0.00)	Acc@5   0.00 (  0.00)
Epoch: [0][  20/5005]	Time  3.165 ( 2.300)	Data  3.083 ( 2.144)	Loss 7.0182e+00 (7.0865e+00)	Acc@1   0.00 (  0.22)	Acc@5   0.78 (  0.82)
Epoch: [0][  40/5005]	Time  3.059 ( 1.997)	Data  2.977 ( 1.877)	Loss 6.9575e+00 (7.0595e+00)	Acc@1   0.00 (  0.17)	Acc@5   2.34 (  0.67)
Epoch: [0][  60/5005]	Time  3.044 ( 1.869)	Data  2.962 ( 1.762)	Loss 6.8571e+00 (7.0066e+00)	Acc@1   0.00 (  0.22)	Acc@5   0.78 (  0.95)
Epoch: [0][  80/5005]	Time  2.946 ( 1.801)	Data  2.865 ( 1.699)	Loss 6.6749e+00 (6.9619e+00)	Acc@1   1.56 (  0.27)	Acc@5   4.69 (  1.22)
Epoch: [0][ 100/5005]	Time  2.901 ( 1.762)	Data  2.820 ( 1.664)	Loss 6.7932e+00 (6.9199e+00)	Acc@1   0.00 (  0.29)	Acc@5   0.78 (  1.32)
Epoch: [0][ 120/5005]	Time  2.933 ( 1.735)	Data  2.852 ( 1.640)	Loss 6.7360e+00 (6.8817e+00)	Acc@1   1.56 (  0.37)	Acc@5   1.56 (  1.40)
Epoch: [0][ 140/5005]	Time  2.799 ( 1.709)	Data  2.717 ( 1.616)	Loss 6.4595e+00 (6.8425e+00)	Acc@1   0.78 (  0.44)	Acc@5   3.91 (  1.63)
Epoch: [0][ 160/5005]	Time  2.484 ( 1.686)	Data  2.403 ( 1.594)	Loss 6.4425e+00 (6.8065e+00)	Acc@1   0.78 (  0.48)	Acc@5   5.47 (  1.80)
Epoch: [0][ 180/5005]	Time  2.696 ( 1.673)	Data  2.614 ( 1.582)	Loss 6.5602e+00 (6.7730e+00)	Acc@1   0.00 (  0.53)	Acc@5   3.12 (  1.97)
Epoch: [0][ 200/5005]	Time  1.971 ( 1.658)	Data  1.882 ( 1.569)	Loss 6.4364e+00 (6.7382e+00)	Acc@1   0.00 (  0.58)	Acc@5   3.12 (  2.14)
Epoch: [0][ 220/5005]	Time  0.962 ( 1.651)	Data  0.881 ( 1.561)	Loss 6.2524e+00 (6.7048e+00)	Acc@1   1.56 (  0.65)	Acc@5   5.47 (  2.36)
Epoch: [0][ 240/5005]	Time  1.260 ( 1.640)	Data  1.179 ( 1.551)	Loss 6.4728e+00 (6.6766e+00)	Acc@1   0.00 (  0.70)	Acc@5   0.78 (  2.51)
Epoch: [0][ 260/5005]	Time  0.791 ( 1.629)	Data  0.698 ( 1.540)	Loss 6.2903e+00 (6.6486e+00)	Acc@1   0.00 (  0.71)	Acc@5   3.12 (  2.65)
Epoch: [0][ 280/5005]	Time  0.545 ( 1.620)	Data  0.463 ( 1.531)	Loss 6.2779e+00 (6.6199e+00)	Acc@1   1.56 (  0.76)	Acc@5   7.03 (  2.89)
Epoch: [0][ 300/5005]	Time  2.304 ( 1.614)	Data  2.220 ( 1.525)	Loss 6.1465e+00 (6.5918e+00)	Acc@1   3.12 (  0.81)	Acc@5   8.59 (  3.06)
Epoch: [0][ 320/5005]	Time  2.556 ( 1.606)	Data  2.475 ( 1.517)	Loss 6.2830e+00 (6.5642e+00)	Acc@1   1.56 (  0.86)	Acc@5   4.69 (  3.22)
Epoch: [0][ 340/5005]	Time  2.490 ( 1.597)	Data  2.406 ( 1.509)	Loss 6.1155e+00 (6.5361e+00)	Acc@1   1.56 (  0.92)	Acc@5   5.47 (  3.40)
Epoch: [0][ 360/5005]	Time  2.234 ( 1.588)	Data  2.152 ( 1.500)	Loss 5.9001e+00 (6.5105e+00)	Acc@1   2.34 (  0.95)	Acc@5   7.03 (  3.55)
Epoch: [0][ 380/5005]	Time  1.805 ( 1.576)	Data  1.724 ( 1.488)	Loss 6.0004e+00 (6.4879e+00)	Acc@1   3.12 (  0.98)	Acc@5   6.25 (  3.70)
Epoch: [0][ 400/5005]	Time  1.053 ( 1.565)	Data  0.971 ( 1.478)	Loss 5.8848e+00 (6.4641e+00)	Acc@1   0.78 (  1.06)	Acc@5   6.25 (  3.89)
Epoch: [0][ 420/5005]	Time  1.843 ( 1.555)	Data  1.756 ( 1.468)	Loss 5.8700e+00 (6.4408e+00)	Acc@1   0.78 (  1.10)	Acc@5   4.69 (  4.06)
Epoch: [0][ 440/5005]	Time  2.473 ( 1.549)	Data  2.371 ( 1.462)	Loss 5.9588e+00 (6.4167e+00)	Acc@1   3.91 (  1.18)	Acc@5  11.72 (  4.29)
Epoch: [0][ 460/5005]	Time  2.439 ( 1.542)	Data  2.335 ( 1.455)	Loss 6.0432e+00 (6.3944e+00)	Acc@1   3.12 (  1.24)	Acc@5   6.25 (  4.44)
Epoch: [0][ 480/5005]	Time  2.493 ( 1.534)	Data  2.389 ( 1.446)	Loss 5.8753e+00 (6.3676e+00)	Acc@1   3.12 (  1.33)	Acc@5  12.50 (  4.71)
Epoch: [0][ 500/5005]	Time  2.618 ( 1.525)	Data  2.530 ( 1.438)	Loss 5.7257e+00 (6.3457e+00)	Acc@1   4.69 (  1.38)	Acc@5  13.28 (  4.90)
Epoch: [0][ 520/5005]	Time  2.641 ( 1.518)	Data  2.559 ( 1.431)	Loss 5.6071e+00 (6.3249e+00)	Acc@1   7.03 (  1.42)	Acc@5  16.41 (  5.09)
Epoch: [0][ 540/5005]	Time  2.238 ( 1.509)	Data  2.138 ( 1.421)	Loss 5.8483e+00 (6.3021e+00)	Acc@1   3.12 (  1.51)	Acc@5  10.16 (  5.33)
Epoch: [0][ 560/5005]	Time  1.887 ( 1.500)	Data  1.806 ( 1.413)	Loss 5.7213e+00 (6.2816e+00)	Acc@1   2.34 (  1.58)	Acc@5  10.94 (  5.53)
Epoch: [0][ 580/5005]	Time  2.059 ( 1.491)	Data  1.977 ( 1.404)	Loss 5.8312e+00 (6.2619e+00)	Acc@1   1.56 (  1.64)	Acc@5   8.59 (  5.75)
Epoch: [0][ 600/5005]	Time  2.504 ( 1.483)	Data  2.417 ( 1.396)	Loss 5.3981e+00 (6.2411e+00)	Acc@1   6.25 (  1.70)	Acc@5  17.19 (  5.98)
Epoch: [0][ 620/5005]	Time  2.143 ( 1.476)	Data  2.062 ( 1.389)	Loss 5.4268e+00 (6.2213e+00)	Acc@1   6.25 (  1.78)	Acc@5  21.09 (  6.21)
Epoch: [0][ 640/5005]	Time  2.422 ( 1.469)	Data  2.330 ( 1.383)	Loss 5.4177e+00 (6.2028e+00)	Acc@1   2.34 (  1.82)	Acc@5  17.19 (  6.38)
Epoch: [0][ 660/5005]	Time  2.239 ( 1.464)	Data  2.158 ( 1.378)	Loss 5.4341e+00 (6.1844e+00)	Acc@1   3.12 (  1.89)	Acc@5  12.50 (  6.59)
Epoch: [0][ 680/5005]	Time  2.339 ( 1.462)	Data  2.227 ( 1.376)	Loss 5.4113e+00 (6.1649e+00)	Acc@1   3.12 (  1.98)	Acc@5  14.84 (  6.81)
Epoch: [0][ 700/5005]	Time  2.644 ( 1.458)	Data  2.538 ( 1.372)	Loss 5.5621e+00 (6.1441e+00)	Acc@1   7.03 (  2.07)	Acc@5  12.50 (  7.05)
Epoch: [0][ 720/5005]	Time  2.209 ( 1.455)	Data  2.127 ( 1.369)	Loss 5.7428e+00 (6.1254e+00)	Acc@1   5.47 (  2.15)	Acc@5  14.06 (  7.27)
Epoch: [0][ 740/5005]	Time  2.347 ( 1.452)	Data  2.255 ( 1.365)	Loss 5.1653e+00 (6.1090e+00)	Acc@1   7.03 (  2.21)	Acc@5  19.53 (  7.45)
Epoch: [0][ 760/5005]	Time  2.192 ( 1.448)	Data  2.101 ( 1.361)	Loss 5.4523e+00 (6.0906e+00)	Acc@1   3.12 (  2.30)	Acc@5  14.84 (  7.67)
Epoch: [0][ 780/5005]	Time  2.369 ( 1.443)	Data  2.288 ( 1.356)	Loss 5.6568e+00 (6.0735e+00)	Acc@1   3.91 (  2.36)	Acc@5  13.28 (  7.85)
Epoch: [0][ 800/5005]	Time  2.298 ( 1.438)	Data  2.216 ( 1.352)	Loss 5.4417e+00 (6.0573e+00)	Acc@1   7.03 (  2.43)	Acc@5  17.19 (  8.05)
Epoch: [0][ 820/5005]	Time  2.313 ( 1.435)	Data  2.204 ( 1.349)	Loss 5.2922e+00 (6.0394e+00)	Acc@1   7.81 (  2.51)	Acc@5  18.75 (  8.28)
Epoch: [0][ 840/5005]	Time  2.167 ( 1.432)	Data  2.082 ( 1.345)	Loss 5.2848e+00 (6.0220e+00)	Acc@1   2.34 (  2.58)	Acc@5  15.62 (  8.51)
Epoch: [0][ 860/5005]	Time  2.159 ( 1.428)	Data  2.066 ( 1.341)	Loss 5.0137e+00 (6.0055e+00)	Acc@1   2.34 (  2.64)	Acc@5  21.88 (  8.70)
Epoch: [0][ 880/5005]	Time  1.894 ( 1.424)	Data  1.812 ( 1.337)	Loss 5.2339e+00 (5.9902e+00)	Acc@1   3.91 (  2.71)	Acc@5  14.84 (  8.89)
Epoch: [0][ 900/5005]	Time  2.311 ( 1.419)	Data  2.210 ( 1.332)	Loss 5.3149e+00 (5.9746e+00)	Acc@1   7.03 (  2.80)	Acc@5  17.19 (  9.11)
Epoch: [0][ 920/5005]	Time  2.439 ( 1.414)	Data  2.357 ( 1.328)	Loss 5.0463e+00 (5.9578e+00)	Acc@1  10.16 (  2.88)	Acc@5  30.47 (  9.34)
Epoch: [0][ 940/5005]	Time  2.289 ( 1.410)	Data  2.207 ( 1.323)	Loss 5.1134e+00 (5.9419e+00)	Acc@1   8.59 (  2.95)	Acc@5  22.66 (  9.56)
Epoch: [0][ 960/5005]	Time  1.928 ( 1.405)	Data  1.843 ( 1.318)	Loss 5.1964e+00 (5.9268e+00)	Acc@1   8.59 (  3.03)	Acc@5  18.75 (  9.76)
Epoch: [0][ 980/5005]	Time  2.226 ( 1.400)	Data  2.145 ( 1.313)	Loss 5.1128e+00 (5.9096e+00)	Acc@1  14.06 (  3.13)	Acc@5  19.53 ( 10.00)
Epoch: [0][1000/5005]	Time  2.466 ( 1.399)	Data  2.384 ( 1.312)	Loss 5.3767e+00 (5.8942e+00)	Acc@1   3.12 (  3.21)	Acc@5  17.97 ( 10.19)
Epoch: [0][1020/5005]	Time  2.153 ( 1.396)	Data  2.061 ( 1.309)	Loss 5.3242e+00 (5.8795e+00)	Acc@1   7.81 (  3.30)	Acc@5  17.19 ( 10.39)
Epoch: [0][1040/5005]	Time  2.411 ( 1.391)	Data  2.329 ( 1.305)	Loss 5.1696e+00 (5.8641e+00)	Acc@1  10.94 (  3.37)	Acc@5  21.88 ( 10.60)
Epoch: [0][1060/5005]	Time  2.099 ( 1.387)	Data  2.017 ( 1.300)	Loss 5.4627e+00 (5.8495e+00)	Acc@1   5.47 (  3.44)	Acc@5  14.06 ( 10.80)
Epoch: [0][1080/5005]	Time  1.919 ( 1.382)	Data  1.837 ( 1.296)	Loss 5.0705e+00 (5.8351e+00)	Acc@1   7.03 (  3.52)	Acc@5  17.19 ( 10.99)
Epoch: [0][1100/5005]	Time  1.828 ( 1.378)	Data  1.729 ( 1.291)	Loss 4.8893e+00 (5.8201e+00)	Acc@1   7.03 (  3.60)	Acc@5  17.97 ( 11.20)
Epoch: [0][1120/5005]	Time  2.169 ( 1.374)	Data  2.074 ( 1.287)	Loss 4.7013e+00 (5.8045e+00)	Acc@1   9.38 (  3.69)	Acc@5  30.47 ( 11.42)
Epoch: [0][1140/5005]	Time  1.806 ( 1.370)	Data  1.724 ( 1.283)	Loss 4.9966e+00 (5.7902e+00)	Acc@1   6.25 (  3.77)	Acc@5  19.53 ( 11.64)
Epoch: [0][1160/5005]	Time  2.146 ( 1.365)	Data  2.065 ( 1.279)	Loss 4.7419e+00 (5.7757e+00)	Acc@1   9.38 (  3.86)	Acc@5  26.56 ( 11.86)
Epoch: [0][1180/5005]	Time  1.232 ( 1.360)	Data  1.150 ( 1.273)	Loss 4.9834e+00 (5.7603e+00)	Acc@1   8.59 (  3.94)	Acc@5  23.44 ( 12.09)
Epoch: [0][1200/5005]	Time  1.990 ( 1.355)	Data  1.908 ( 1.269)	Loss 4.9832e+00 (5.7461e+00)	Acc@1   5.47 (  4.03)	Acc@5  21.88 ( 12.31)
Epoch: [0][1220/5005]	Time  1.487 ( 1.350)	Data  1.405 ( 1.264)	Loss 5.0352e+00 (5.7336e+00)	Acc@1   9.38 (  4.10)	Acc@5  25.78 ( 12.49)
Epoch: [0][1240/5005]	Time  1.036 ( 1.346)	Data  0.954 ( 1.259)	Loss 4.9590e+00 (5.7214e+00)	Acc@1   9.38 (  4.19)	Acc@5  28.12 ( 12.67)
Epoch: [0][1260/5005]	Time  1.645 ( 1.342)	Data  1.563 ( 1.255)	Loss 5.0069e+00 (5.7082e+00)	Acc@1   7.03 (  4.28)	Acc@5  21.88 ( 12.88)
Epoch: [0][1280/5005]	Time  2.008 ( 1.338)	Data  1.913 ( 1.251)	Loss 4.9557e+00 (5.6948e+00)	Acc@1   6.25 (  4.36)	Acc@5  19.53 ( 13.07)
Epoch: [0][1300/5005]	Time  1.843 ( 1.333)	Data  1.762 ( 1.247)	Loss 4.7717e+00 (5.6811e+00)	Acc@1  14.06 (  4.46)	Acc@5  34.38 ( 13.29)
Epoch: [0][1320/5005]	Time  1.496 ( 1.329)	Data  1.415 ( 1.242)	Loss 4.7221e+00 (5.6670e+00)	Acc@1  10.16 (  4.54)	Acc@5  28.12 ( 13.49)
Epoch: [0][1340/5005]	Time  1.849 ( 1.325)	Data  1.767 ( 1.239)	Loss 5.0708e+00 (5.6543e+00)	Acc@1   3.12 (  4.61)	Acc@5  23.44 ( 13.70)
Epoch: [0][1360/5005]	Time  1.705 ( 1.321)	Data  1.617 ( 1.234)	Loss 4.7556e+00 (5.6424e+00)	Acc@1  10.94 (  4.68)	Acc@5  31.25 ( 13.87)
Epoch: [0][1380/5005]	Time  1.943 ( 1.317)	Data  1.861 ( 1.231)	Loss 4.6431e+00 (5.6292e+00)	Acc@1  10.94 (  4.76)	Acc@5  30.47 ( 14.06)
Epoch: [0][1400/5005]	Time  2.010 ( 1.313)	Data  1.929 ( 1.227)	Loss 4.8103e+00 (5.6160e+00)	Acc@1   9.38 (  4.83)	Acc@5  31.25 ( 14.27)
Epoch: [0][1420/5005]	Time  1.714 ( 1.309)	Data  1.633 ( 1.223)	Loss 4.4595e+00 (5.6032e+00)	Acc@1  11.72 (  4.92)	Acc@5  34.38 ( 14.48)
Epoch: [0][1440/5005]	Time  1.564 ( 1.305)	Data  1.482 ( 1.218)	Loss 4.6645e+00 (5.5920e+00)	Acc@1  14.06 (  4.98)	Acc@5  27.34 ( 14.64)
Epoch: [0][1460/5005]	Time  1.962 ( 1.301)	Data  1.880 ( 1.215)	Loss 4.8337e+00 (5.5788e+00)	Acc@1  12.50 (  5.08)	Acc@5  32.03 ( 14.84)
Epoch: [0][1480/5005]	Time  1.689 ( 1.297)	Data  1.607 ( 1.211)	Loss 4.8680e+00 (5.5672e+00)	Acc@1  11.72 (  5.16)	Acc@5  25.00 ( 15.01)
Epoch: [0][1500/5005]	Time  1.890 ( 1.294)	Data  1.797 ( 1.207)	Loss 4.6456e+00 (5.5564e+00)	Acc@1  11.72 (  5.24)	Acc@5  29.69 ( 15.17)
Epoch: [0][1520/5005]	Time  1.838 ( 1.290)	Data  1.756 ( 1.204)	Loss 4.7940e+00 (5.5447e+00)	Acc@1  12.50 (  5.32)	Acc@5  28.91 ( 15.36)
Epoch: [0][1540/5005]	Time  1.637 ( 1.286)	Data  1.554 ( 1.199)	Loss 4.8858e+00 (5.5329e+00)	Acc@1  12.50 (  5.40)	Acc@5  28.91 ( 15.55)
Epoch: [0][1560/5005]	Time  1.726 ( 1.282)	Data  1.630 ( 1.195)	Loss 4.9308e+00 (5.5216e+00)	Acc@1  13.28 (  5.48)	Acc@5  23.44 ( 15.73)
Epoch: [0][1580/5005]	Time  1.483 ( 1.278)	Data  1.385 ( 1.191)	Loss 4.5244e+00 (5.5104e+00)	Acc@1  14.06 (  5.57)	Acc@5  34.38 ( 15.90)
Epoch: [0][1600/5005]	Time  1.881 ( 1.274)	Data  1.799 ( 1.188)	Loss 4.7159e+00 (5.4994e+00)	Acc@1   7.81 (  5.65)	Acc@5  25.78 ( 16.07)
Epoch: [0][1620/5005]	Time  2.006 ( 1.270)	Data  1.913 ( 1.184)	Loss 4.4432e+00 (5.4886e+00)	Acc@1  17.19 (  5.74)	Acc@5  36.72 ( 16.25)
Epoch: [0][1640/5005]	Time  1.503 ( 1.266)	Data  1.421 ( 1.180)	Loss 4.2916e+00 (5.4774e+00)	Acc@1  18.75 (  5.83)	Acc@5  34.38 ( 16.44)
Epoch: [0][1660/5005]	Time  1.567 ( 1.263)	Data  1.485 ( 1.176)	Loss 4.2867e+00 (5.4663e+00)	Acc@1  10.16 (  5.92)	Acc@5  36.72 ( 16.61)
Epoch: [0][1680/5005]	Time  1.201 ( 1.259)	Data  1.119 ( 1.173)	Loss 4.5540e+00 (5.4554e+00)	Acc@1  11.72 (  6.00)	Acc@5  31.25 ( 16.81)
Epoch: [0][1700/5005]	Time  1.056 ( 1.255)	Data  0.963 ( 1.169)	Loss 4.5078e+00 (5.4459e+00)	Acc@1  11.72 (  6.07)	Acc@5  32.81 ( 16.96)
Epoch: [0][1720/5005]	Time  1.593 ( 1.251)	Data  1.492 ( 1.165)	Loss 4.2056e+00 (5.4348e+00)	Acc@1  15.62 (  6.15)	Acc@5  34.38 ( 17.13)
Epoch: [0][1740/5005]	Time  1.592 ( 1.248)	Data  1.490 ( 1.162)	Loss 4.4219e+00 (5.4238e+00)	Acc@1  18.75 (  6.25)	Acc@5  35.94 ( 17.32)
Epoch: [0][1760/5005]	Time  1.500 ( 1.245)	Data  1.418 ( 1.159)	Loss 4.3076e+00 (5.4133e+00)	Acc@1  19.53 (  6.34)	Acc@5  39.06 ( 17.49)
Epoch: [0][1780/5005]	Time  1.662 ( 1.242)	Data  1.581 ( 1.156)	Loss 4.4489e+00 (5.4022e+00)	Acc@1  17.19 (  6.44)	Acc@5  35.94 ( 17.67)
Epoch: [0][1800/5005]	Time  1.922 ( 1.239)	Data  1.821 ( 1.152)	Loss 4.6046e+00 (5.3918e+00)	Acc@1  11.72 (  6.53)	Acc@5  32.03 ( 17.85)
Epoch: [0][1820/5005]	Time  1.461 ( 1.235)	Data  1.380 ( 1.149)	Loss 4.5305e+00 (5.3816e+00)	Acc@1  14.06 (  6.61)	Acc@5  30.47 ( 18.00)
Epoch: [0][1840/5005]	Time  1.226 ( 1.232)	Data  1.145 ( 1.146)	Loss 4.6348e+00 (5.3711e+00)	Acc@1  12.50 (  6.68)	Acc@5  30.47 ( 18.17)
Epoch: [0][1860/5005]	Time  1.628 ( 1.229)	Data  1.546 ( 1.142)	Loss 4.1530e+00 (5.3605e+00)	Acc@1  17.97 (  6.77)	Acc@5  36.72 ( 18.34)
Epoch: [0][1880/5005]	Time  1.491 ( 1.225)	Data  1.409 ( 1.139)	Loss 4.4637e+00 (5.3498e+00)	Acc@1  13.28 (  6.87)	Acc@5  33.59 ( 18.52)
Epoch: [0][1900/5005]	Time  1.837 ( 1.222)	Data  1.755 ( 1.136)	Loss 4.4186e+00 (5.3399e+00)	Acc@1  17.19 (  6.94)	Acc@5  32.81 ( 18.69)
Epoch: [0][1920/5005]	Time  1.893 ( 1.219)	Data  1.800 ( 1.133)	Loss 4.2740e+00 (5.3296e+00)	Acc@1  16.41 (  7.03)	Acc@5  35.94 ( 18.86)
Epoch: [0][1940/5005]	Time  1.439 ( 1.216)	Data  1.357 ( 1.130)	Loss 4.4399e+00 (5.3199e+00)	Acc@1  14.06 (  7.11)	Acc@5  30.47 ( 19.04)
Epoch: [0][1960/5005]	Time  1.745 ( 1.212)	Data  1.654 ( 1.126)	Loss 4.1402e+00 (5.3097e+00)	Acc@1  13.28 (  7.18)	Acc@5  42.97 ( 19.20)
Epoch: [0][1980/5005]	Time  1.684 ( 1.210)	Data  1.575 ( 1.123)	Loss 4.0623e+00 (5.2987e+00)	Acc@1  18.75 (  7.28)	Acc@5  39.06 ( 19.38)
Epoch: [0][2000/5005]	Time  1.656 ( 1.207)	Data  1.574 ( 1.120)	Loss 4.3369e+00 (5.2881e+00)	Acc@1  14.84 (  7.37)	Acc@5  35.94 ( 19.57)
Epoch: [0][2020/5005]	Time  1.650 ( 1.204)	Data  1.564 ( 1.118)	Loss 3.8864e+00 (5.2781e+00)	Acc@1  17.97 (  7.45)	Acc@5  40.62 ( 19.74)
Epoch: [0][2040/5005]	Time  1.640 ( 1.201)	Data  1.558 ( 1.115)	Loss 4.0780e+00 (5.2685e+00)	Acc@1  17.97 (  7.54)	Acc@5  36.72 ( 19.90)
Epoch: [0][2060/5005]	Time  1.476 ( 1.198)	Data  1.389 ( 1.112)	Loss 4.2994e+00 (5.2583e+00)	Acc@1  15.62 (  7.62)	Acc@5  39.06 ( 20.07)
Epoch: [0][2080/5005]	Time  1.602 ( 1.195)	Data  1.490 ( 1.109)	Loss 4.3907e+00 (5.2493e+00)	Acc@1  15.62 (  7.70)	Acc@5  37.50 ( 20.23)
Epoch: [0][2100/5005]	Time  1.817 ( 1.192)	Data  1.735 ( 1.106)	Loss 4.1391e+00 (5.2397e+00)	Acc@1  20.31 (  7.78)	Acc@5  38.28 ( 20.39)
Epoch: [0][2120/5005]	Time  1.544 ( 1.190)	Data  1.463 ( 1.103)	Loss 4.3587e+00 (5.2310e+00)	Acc@1  11.72 (  7.85)	Acc@5  35.94 ( 20.54)
Epoch: [0][2140/5005]	Time  1.323 ( 1.186)	Data  1.242 ( 1.100)	Loss 4.3172e+00 (5.2208e+00)	Acc@1  15.62 (  7.95)	Acc@5  31.25 ( 20.71)
Epoch: [0][2160/5005]	Time  1.704 ( 1.184)	Data  1.621 ( 1.097)	Loss 4.5127e+00 (5.2125e+00)	Acc@1  13.28 (  8.03)	Acc@5  28.91 ( 20.86)
Epoch: [0][2180/5005]	Time  1.529 ( 1.181)	Data  1.419 ( 1.095)	Loss 4.2649e+00 (5.2032e+00)	Acc@1  21.09 (  8.10)	Acc@5  37.50 ( 21.02)
Epoch: [0][2200/5005]	Time  1.384 ( 1.178)	Data  1.302 ( 1.092)	Loss 3.9865e+00 (5.1935e+00)	Acc@1  17.97 (  8.18)	Acc@5  42.19 ( 21.19)
Epoch: [0][2220/5005]	Time  1.333 ( 1.176)	Data  1.243 ( 1.089)	Loss 3.7601e+00 (5.1845e+00)	Acc@1  25.00 (  8.27)	Acc@5  51.56 ( 21.35)
Epoch: [0][2240/5005]	Time  1.738 ( 1.173)	Data  1.650 ( 1.087)	Loss 4.1989e+00 (5.1761e+00)	Acc@1  17.97 (  8.34)	Acc@5  42.19 ( 21.50)
Epoch: [0][2260/5005]	Time  1.701 ( 1.171)	Data  1.601 ( 1.084)	Loss 4.3789e+00 (5.1673e+00)	Acc@1  14.06 (  8.41)	Acc@5  32.03 ( 21.66)
Epoch: [0][2280/5005]	Time  1.353 ( 1.168)	Data  1.271 ( 1.082)	Loss 4.0243e+00 (5.1583e+00)	Acc@1  18.75 (  8.49)	Acc@5  41.41 ( 21.81)
Epoch: [0][2300/5005]	Time  1.508 ( 1.166)	Data  1.420 ( 1.079)	Loss 4.1298e+00 (5.1487e+00)	Acc@1  17.97 (  8.58)	Acc@5  38.28 ( 21.97)
Epoch: [0][2320/5005]	Time  1.340 ( 1.163)	Data  1.245 ( 1.077)	Loss 4.1173e+00 (5.1395e+00)	Acc@1  17.19 (  8.66)	Acc@5  38.28 ( 22.13)
Epoch: [0][2340/5005]	Time  1.378 ( 1.161)	Data  1.296 ( 1.074)	Loss 4.1204e+00 (5.1309e+00)	Acc@1  16.41 (  8.74)	Acc@5  39.06 ( 22.28)
Epoch: [0][2360/5005]	Time  1.253 ( 1.158)	Data  1.171 ( 1.072)	Loss 3.9750e+00 (5.1221e+00)	Acc@1  20.31 (  8.82)	Acc@5  41.41 ( 22.43)
Epoch: [0][2380/5005]	Time  0.737 ( 1.156)	Data  0.655 ( 1.069)	Loss 3.9700e+00 (5.1130e+00)	Acc@1  20.31 (  8.90)	Acc@5  39.84 ( 22.59)
Epoch: [0][2400/5005]	Time  1.305 ( 1.153)	Data  1.223 ( 1.067)	Loss 3.8824e+00 (5.1045e+00)	Acc@1  28.12 (  8.99)	Acc@5  43.75 ( 22.74)
Epoch: [0][2420/5005]	Time  1.370 ( 1.151)	Data  1.286 ( 1.065)	Loss 4.0899e+00 (5.0962e+00)	Acc@1  17.19 (  9.06)	Acc@5  35.16 ( 22.87)
Epoch: [0][2440/5005]	Time  1.569 ( 1.149)	Data  1.473 ( 1.063)	Loss 3.9854e+00 (5.0874e+00)	Acc@1  20.31 (  9.15)	Acc@5  46.09 ( 23.03)
Epoch: [0][2460/5005]	Time  1.534 ( 1.147)	Data  1.440 ( 1.060)	Loss 3.8014e+00 (5.0785e+00)	Acc@1  24.22 (  9.23)	Acc@5  46.09 ( 23.18)
Epoch: [0][2480/5005]	Time  1.432 ( 1.145)	Data  1.337 ( 1.058)	Loss 4.2897e+00 (5.0699e+00)	Acc@1  16.41 (  9.31)	Acc@5  37.50 ( 23.33)
Epoch: [0][2500/5005]	Time  1.480 ( 1.142)	Data  1.398 ( 1.056)	Loss 4.1265e+00 (5.0617e+00)	Acc@1  12.50 (  9.39)	Acc@5  39.06 ( 23.48)
Epoch: [0][2520/5005]	Time  1.526 ( 1.140)	Data  1.423 ( 1.054)	Loss 4.5279e+00 (5.0539e+00)	Acc@1  10.94 (  9.47)	Acc@5  33.59 ( 23.62)
Epoch: [0][2540/5005]	Time  1.646 ( 1.138)	Data  1.552 ( 1.051)	Loss 3.8499e+00 (5.0455e+00)	Acc@1  24.22 (  9.55)	Acc@5  45.31 ( 23.77)
Epoch: [0][2560/5005]	Time  1.389 ( 1.136)	Data  1.295 ( 1.049)	Loss 3.8863e+00 (5.0365e+00)	Acc@1  23.44 (  9.63)	Acc@5  46.88 ( 23.93)
Epoch: [0][2580/5005]	Time  1.367 ( 1.134)	Data  1.285 ( 1.047)	Loss 3.8067e+00 (5.0279e+00)	Acc@1  21.88 (  9.71)	Acc@5  44.53 ( 24.08)
Epoch: [0][2600/5005]	Time  1.533 ( 1.131)	Data  1.452 ( 1.045)	Loss 4.0650e+00 (5.0196e+00)	Acc@1  18.75 (  9.79)	Acc@5  40.62 ( 24.23)
Epoch: [0][2620/5005]	Time  1.294 ( 1.129)	Data  1.209 ( 1.043)	Loss 4.2208e+00 (5.0125e+00)	Acc@1  14.84 (  9.87)	Acc@5  36.72 ( 24.36)
Epoch: [0][2640/5005]	Time  1.434 ( 1.127)	Data  1.340 ( 1.041)	Loss 4.2408e+00 (5.0040e+00)	Acc@1  18.75 (  9.95)	Acc@5  40.62 ( 24.51)
Epoch: [0][2660/5005]	Time  1.180 ( 1.125)	Data  1.099 ( 1.039)	Loss 4.0169e+00 (4.9960e+00)	Acc@1  21.09 ( 10.02)	Acc@5  39.06 ( 24.64)
Epoch: [0][2680/5005]	Time  1.316 ( 1.123)	Data  1.235 ( 1.037)	Loss 3.8497e+00 (4.9881e+00)	Acc@1  20.31 ( 10.09)	Acc@5  43.75 ( 24.78)
Epoch: [0][2700/5005]	Time  1.618 ( 1.121)	Data  1.536 ( 1.035)	Loss 4.0726e+00 (4.9809e+00)	Acc@1  15.62 ( 10.16)	Acc@5  39.84 ( 24.90)
Epoch: [0][2720/5005]	Time  1.639 ( 1.120)	Data  1.557 ( 1.033)	Loss 4.0505e+00 (4.9732e+00)	Acc@1  17.19 ( 10.24)	Acc@5  42.97 ( 25.04)
Epoch: [0][2740/5005]	Time  1.338 ( 1.117)	Data  1.257 ( 1.031)	Loss 3.7068e+00 (4.9647e+00)	Acc@1  23.44 ( 10.32)	Acc@5  45.31 ( 25.18)
Epoch: [0][2760/5005]	Time  1.524 ( 1.116)	Data  1.442 ( 1.029)	Loss 3.6775e+00 (4.9564e+00)	Acc@1  23.44 ( 10.40)	Acc@5  49.22 ( 25.34)
Epoch: [0][2780/5005]	Time  1.475 ( 1.114)	Data  1.394 ( 1.027)	Loss 3.6696e+00 (4.9482e+00)	Acc@1  21.88 ( 10.49)	Acc@5  43.75 ( 25.48)
Epoch: [0][2800/5005]	Time  1.276 ( 1.112)	Data  1.195 ( 1.025)	Loss 3.8290e+00 (4.9402e+00)	Acc@1  22.66 ( 10.57)	Acc@5  46.09 ( 25.61)
Epoch: [0][2820/5005]	Time  1.456 ( 1.110)	Data  1.374 ( 1.024)	Loss 3.9216e+00 (4.9327e+00)	Acc@1  23.44 ( 10.64)	Acc@5  44.53 ( 25.75)
Epoch: [0][2840/5005]	Time  1.665 ( 1.108)	Data  1.581 ( 1.022)	Loss 3.8290e+00 (4.9249e+00)	Acc@1  21.09 ( 10.72)	Acc@5  46.88 ( 25.89)
Epoch: [0][2860/5005]	Time  1.334 ( 1.107)	Data  1.252 ( 1.020)	Loss 3.9832e+00 (4.9176e+00)	Acc@1  18.75 ( 10.79)	Acc@5  43.75 ( 26.02)
Epoch: [0][2880/5005]	Time  1.372 ( 1.105)	Data  1.290 ( 1.018)	Loss 4.0469e+00 (4.9101e+00)	Acc@1  17.97 ( 10.87)	Acc@5  38.28 ( 26.16)
Epoch: [0][2900/5005]	Time  1.394 ( 1.103)	Data  1.312 ( 1.017)	Loss 3.7910e+00 (4.9025e+00)	Acc@1  26.56 ( 10.94)	Acc@5  42.97 ( 26.29)
Epoch: [0][2920/5005]	Time  1.534 ( 1.102)	Data  1.446 ( 1.015)	Loss 3.5917e+00 (4.8947e+00)	Acc@1  24.22 ( 11.02)	Acc@5  49.22 ( 26.43)
Epoch: [0][2940/5005]	Time  1.625 ( 1.100)	Data  1.544 ( 1.013)	Loss 3.8949e+00 (4.8873e+00)	Acc@1  17.97 ( 11.09)	Acc@5  40.62 ( 26.56)
Epoch: [0][2960/5005]	Time  1.700 ( 1.098)	Data  1.618 ( 1.012)	Loss 3.6737e+00 (4.8795e+00)	Acc@1  21.09 ( 11.17)	Acc@5  48.44 ( 26.70)
Epoch: [0][2980/5005]	Time  1.367 ( 1.097)	Data  1.283 ( 1.010)	Loss 3.9422e+00 (4.8722e+00)	Acc@1  22.66 ( 11.25)	Acc@5  49.22 ( 26.83)
Epoch: [0][3000/5005]	Time  1.499 ( 1.095)	Data  1.411 ( 1.008)	Loss 4.0059e+00 (4.8657e+00)	Acc@1  17.97 ( 11.31)	Acc@5  44.53 ( 26.95)
Epoch: [0][3020/5005]	Time  1.490 ( 1.093)	Data  1.372 ( 1.007)	Loss 3.9834e+00 (4.8586e+00)	Acc@1  21.88 ( 11.40)	Acc@5  46.09 ( 27.08)
Epoch: [0][3040/5005]	Time  1.273 ( 1.092)	Data  1.165 ( 1.005)	Loss 3.6828e+00 (4.8513e+00)	Acc@1  27.34 ( 11.47)	Acc@5  49.22 ( 27.21)
Epoch: [0][3060/5005]	Time  1.327 ( 1.090)	Data  1.246 ( 1.004)	Loss 3.5643e+00 (4.8441e+00)	Acc@1  28.91 ( 11.55)	Acc@5  49.22 ( 27.34)
Epoch: [0][3080/5005]	Time  1.481 ( 1.088)	Data  1.388 ( 1.002)	Loss 3.8717e+00 (4.8369e+00)	Acc@1  25.00 ( 11.63)	Acc@5  42.19 ( 27.47)
Epoch: [0][3100/5005]	Time  1.424 ( 1.087)	Data  1.343 ( 1.000)	Loss 3.7311e+00 (4.8293e+00)	Acc@1  19.53 ( 11.72)	Acc@5  44.53 ( 27.60)
Epoch: [0][3120/5005]	Time  1.663 ( 1.085)	Data  1.581 ( 0.999)	Loss 3.8084e+00 (4.8223e+00)	Acc@1  21.09 ( 11.79)	Acc@5  42.97 ( 27.72)
Epoch: [0][3140/5005]	Time  1.400 ( 1.084)	Data  1.319 ( 0.997)	Loss 3.5222e+00 (4.8149e+00)	Acc@1  25.78 ( 11.87)	Acc@5  55.47 ( 27.85)
Epoch: [0][3160/5005]	Time  1.437 ( 1.082)	Data  1.343 ( 0.996)	Loss 3.6704e+00 (4.8082e+00)	Acc@1  22.66 ( 11.94)	Acc@5  46.09 ( 27.97)
Epoch: [0][3180/5005]	Time  1.242 ( 1.080)	Data  1.156 ( 0.994)	Loss 3.7257e+00 (4.8014e+00)	Acc@1  20.31 ( 12.02)	Acc@5  47.66 ( 28.10)
Epoch: [0][3200/5005]	Time  1.416 ( 1.079)	Data  1.334 ( 0.992)	Loss 3.6208e+00 (4.7945e+00)	Acc@1  25.78 ( 12.09)	Acc@5  49.22 ( 28.22)
Epoch: [0][3220/5005]	Time  1.534 ( 1.077)	Data  1.452 ( 0.991)	Loss 3.4563e+00 (4.7874e+00)	Acc@1  23.44 ( 12.17)	Acc@5  48.44 ( 28.35)
Epoch: [0][3240/5005]	Time  1.268 ( 1.076)	Data  1.187 ( 0.989)	Loss 3.9549e+00 (4.7804e+00)	Acc@1  21.88 ( 12.25)	Acc@5  42.19 ( 28.48)
Epoch: [0][3260/5005]	Time  1.085 ( 1.074)	Data  1.004 ( 0.988)	Loss 3.8859e+00 (4.7734e+00)	Acc@1  19.53 ( 12.33)	Acc@5  40.62 ( 28.60)
Epoch: [0][3280/5005]	Time  1.048 ( 1.073)	Data  0.966 ( 0.986)	Loss 3.3425e+00 (4.7664e+00)	Acc@1  31.25 ( 12.40)	Acc@5  53.91 ( 28.73)
Epoch: [0][3300/5005]	Time  0.259 ( 1.071)	Data  0.159 ( 0.984)	Loss 3.5820e+00 (4.7595e+00)	Acc@1  23.44 ( 12.48)	Acc@5  49.22 ( 28.85)
Epoch: [0][3320/5005]	Time  0.256 ( 1.069)	Data  0.174 ( 0.983)	Loss 4.0326e+00 (4.7527e+00)	Acc@1  20.31 ( 12.55)	Acc@5  42.19 ( 28.97)
Epoch: [0][3340/5005]	Time  0.294 ( 1.068)	Data  0.190 ( 0.981)	Loss 3.6235e+00 (4.7457e+00)	Acc@1  28.91 ( 12.63)	Acc@5  45.31 ( 29.10)
Epoch: [0][3360/5005]	Time  0.902 ( 1.066)	Data  0.821 ( 0.979)	Loss 3.6530e+00 (4.7395e+00)	Acc@1  23.44 ( 12.70)	Acc@5  55.47 ( 29.21)
Epoch: [0][3380/5005]	Time  0.801 ( 1.064)	Data  0.719 ( 0.978)	Loss 3.3811e+00 (4.7331e+00)	Acc@1  24.22 ( 12.76)	Acc@5  50.78 ( 29.32)
Epoch: [0][3400/5005]	Time  0.988 ( 1.062)	Data  0.906 ( 0.976)	Loss 3.6312e+00 (4.7264e+00)	Acc@1  25.00 ( 12.84)	Acc@5  51.56 ( 29.45)
Epoch: [0][3420/5005]	Time  0.482 ( 1.061)	Data  0.394 ( 0.974)	Loss 3.3751e+00 (4.7200e+00)	Acc@1  29.69 ( 12.90)	Acc@5  52.34 ( 29.56)
Epoch: [0][3440/5005]	Time  1.460 ( 1.059)	Data  1.379 ( 0.973)	Loss 3.8273e+00 (4.7138e+00)	Acc@1  21.09 ( 12.97)	Acc@5  44.53 ( 29.68)
Epoch: [0][3460/5005]	Time  1.377 ( 1.058)	Data  1.280 ( 0.972)	Loss 3.4596e+00 (4.7071e+00)	Acc@1  25.00 ( 13.04)	Acc@5  51.56 ( 29.80)
Epoch: [0][3480/5005]	Time  0.630 ( 1.056)	Data  0.546 ( 0.970)	Loss 3.5229e+00 (4.7005e+00)	Acc@1  24.22 ( 13.12)	Acc@5  46.88 ( 29.91)
Epoch: [0][3500/5005]	Time  0.264 ( 1.055)	Data  0.178 ( 0.968)	Loss 3.3042e+00 (4.6939e+00)	Acc@1  35.16 ( 13.19)	Acc@5  50.78 ( 30.03)
Epoch: [0][3520/5005]	Time  0.277 ( 1.053)	Data  0.190 ( 0.967)	Loss 3.1964e+00 (4.6872e+00)	Acc@1  34.38 ( 13.26)	Acc@5  57.81 ( 30.15)
Epoch: [0][3540/5005]	Time  0.229 ( 1.051)	Data  0.148 ( 0.965)	Loss 3.5371e+00 (4.6809e+00)	Acc@1  26.56 ( 13.33)	Acc@5  53.12 ( 30.26)
Epoch: [0][3560/5005]	Time  0.226 ( 1.050)	Data  0.145 ( 0.963)	Loss 3.3803e+00 (4.6747e+00)	Acc@1  26.56 ( 13.41)	Acc@5  53.12 ( 30.37)
Epoch: [0][3580/5005]	Time  0.438 ( 1.048)	Data  0.353 ( 0.962)	Loss 3.2885e+00 (4.6683e+00)	Acc@1  28.91 ( 13.48)	Acc@5  54.69 ( 30.48)
Epoch: [0][3600/5005]	Time  0.620 ( 1.047)	Data  0.539 ( 0.960)	Loss 3.4610e+00 (4.6616e+00)	Acc@1  25.00 ( 13.56)	Acc@5  52.34 ( 30.60)
Epoch: [0][3620/5005]	Time  0.232 ( 1.045)	Data  0.139 ( 0.959)	Loss 3.6433e+00 (4.6549e+00)	Acc@1  22.66 ( 13.64)	Acc@5  47.66 ( 30.73)
Epoch: [0][3640/5005]	Time  0.247 ( 1.044)	Data  0.160 ( 0.957)	Loss 3.3816e+00 (4.6485e+00)	Acc@1  29.69 ( 13.71)	Acc@5  58.59 ( 30.84)
Epoch: [0][3660/5005]	Time  0.317 ( 1.042)	Data  0.223 ( 0.956)	Loss 3.1972e+00 (4.6426e+00)	Acc@1  25.00 ( 13.77)	Acc@5  63.28 ( 30.95)
Epoch: [0][3680/5005]	Time  0.290 ( 1.041)	Data  0.209 ( 0.954)	Loss 3.1719e+00 (4.6364e+00)	Acc@1  35.94 ( 13.84)	Acc@5  58.59 ( 31.06)
Epoch: [0][3700/5005]	Time  0.808 ( 1.039)	Data  0.722 ( 0.953)	Loss 3.5682e+00 (4.6300e+00)	Acc@1  20.31 ( 13.91)	Acc@5  47.66 ( 31.17)
Epoch: [0][3720/5005]	Time  0.229 ( 1.038)	Data  0.148 ( 0.951)	Loss 3.4080e+00 (4.6241e+00)	Acc@1  25.78 ( 13.97)	Acc@5  55.47 ( 31.29)
Epoch: [0][3740/5005]	Time  0.255 ( 1.037)	Data  0.171 ( 0.950)	Loss 3.0850e+00 (4.6179e+00)	Acc@1  32.03 ( 14.05)	Acc@5  55.47 ( 31.40)
Epoch: [0][3760/5005]	Time  0.240 ( 1.035)	Data  0.159 ( 0.949)	Loss 3.3958e+00 (4.6116e+00)	Acc@1  21.88 ( 14.12)	Acc@5  53.91 ( 31.51)
Epoch: [0][3780/5005]	Time  0.430 ( 1.034)	Data  0.348 ( 0.948)	Loss 3.8866e+00 (4.6063e+00)	Acc@1  18.75 ( 14.17)	Acc@5  50.00 ( 31.61)
Epoch: [0][3800/5005]	Time  1.350 ( 1.033)	Data  1.269 ( 0.946)	Loss 3.6320e+00 (4.6004e+00)	Acc@1  24.22 ( 14.24)	Acc@5  48.44 ( 31.72)
Epoch: [0][3820/5005]	Time  1.383 ( 1.032)	Data  1.301 ( 0.945)	Loss 3.5524e+00 (4.5947e+00)	Acc@1  24.22 ( 14.31)	Acc@5  53.12 ( 31.82)
Epoch: [0][3840/5005]	Time  1.509 ( 1.031)	Data  1.420 ( 0.944)	Loss 3.1495e+00 (4.5888e+00)	Acc@1  30.47 ( 14.38)	Acc@5  57.81 ( 31.93)
Epoch: [0][3860/5005]	Time  1.412 ( 1.030)	Data  1.331 ( 0.943)	Loss 3.6440e+00 (4.5832e+00)	Acc@1  24.22 ( 14.44)	Acc@5  49.22 ( 32.03)
Epoch: [0][3880/5005]	Time  1.334 ( 1.028)	Data  1.253 ( 0.942)	Loss 3.3476e+00 (4.5772e+00)	Acc@1  30.47 ( 14.50)	Acc@5  54.69 ( 32.14)
Epoch: [0][3900/5005]	Time  1.418 ( 1.027)	Data  1.336 ( 0.941)	Loss 3.4246e+00 (4.5715e+00)	Acc@1  28.12 ( 14.57)	Acc@5  55.47 ( 32.24)
Epoch: [0][3920/5005]	Time  1.272 ( 1.026)	Data  1.190 ( 0.940)	Loss 3.5647e+00 (4.5659e+00)	Acc@1  28.91 ( 14.63)	Acc@5  52.34 ( 32.35)
Epoch: [0][3940/5005]	Time  1.562 ( 1.025)	Data  1.467 ( 0.939)	Loss 3.4079e+00 (4.5600e+00)	Acc@1  31.25 ( 14.70)	Acc@5  53.12 ( 32.46)
Epoch: [0][3960/5005]	Time  0.903 ( 1.024)	Data  0.815 ( 0.938)	Loss 3.3380e+00 (4.5544e+00)	Acc@1  28.12 ( 14.76)	Acc@5  57.03 ( 32.56)
Epoch: [0][3980/5005]	Time  1.374 ( 1.024)	Data  1.290 ( 0.937)	Loss 3.0127e+00 (4.5487e+00)	Acc@1  34.38 ( 14.83)	Acc@5  55.47 ( 32.66)
Epoch: [0][4000/5005]	Time  1.573 ( 1.023)	Data  1.491 ( 0.936)	Loss 3.3059e+00 (4.5431e+00)	Acc@1  32.03 ( 14.89)	Acc@5  54.69 ( 32.77)
Epoch: [0][4020/5005]	Time  1.567 ( 1.022)	Data  1.464 ( 0.935)	Loss 3.2304e+00 (4.5373e+00)	Acc@1  32.81 ( 14.96)	Acc@5  57.81 ( 32.88)
Epoch: [0][4040/5005]	Time  1.684 ( 1.021)	Data  1.603 ( 0.935)	Loss 3.4929e+00 (4.5317e+00)	Acc@1  25.78 ( 15.03)	Acc@5  48.44 ( 32.98)
Epoch: [0][4060/5005]	Time  1.695 ( 1.020)	Data  1.598 ( 0.934)	Loss 3.3812e+00 (4.5265e+00)	Acc@1  28.91 ( 15.09)	Acc@5  50.00 ( 33.08)
Epoch: [0][4080/5005]	Time  1.419 ( 1.019)	Data  1.337 ( 0.933)	Loss 3.4226e+00 (4.5208e+00)	Acc@1  28.91 ( 15.15)	Acc@5  55.47 ( 33.18)
Epoch: [0][4100/5005]	Time  1.417 ( 1.018)	Data  1.316 ( 0.932)	Loss 3.2429e+00 (4.5150e+00)	Acc@1  29.69 ( 15.22)	Acc@5  51.56 ( 33.28)
Epoch: [0][4120/5005]	Time  1.411 ( 1.017)	Data  1.328 ( 0.931)	Loss 3.4942e+00 (4.5094e+00)	Acc@1  30.47 ( 15.29)	Acc@5  50.78 ( 33.39)
Epoch: [0][4140/5005]	Time  1.228 ( 1.016)	Data  1.146 ( 0.930)	Loss 3.3986e+00 (4.5037e+00)	Acc@1  27.34 ( 15.35)	Acc@5  56.25 ( 33.49)
Epoch: [0][4160/5005]	Time  1.520 ( 1.015)	Data  1.439 ( 0.929)	Loss 3.1510e+00 (4.4983e+00)	Acc@1  28.91 ( 15.41)	Acc@5  58.59 ( 33.59)
Epoch: [0][4180/5005]	Time  1.247 ( 1.015)	Data  1.149 ( 0.928)	Loss 3.0267e+00 (4.4927e+00)	Acc@1  36.72 ( 15.48)	Acc@5  60.94 ( 33.69)
Epoch: [0][4200/5005]	Time  1.535 ( 1.014)	Data  1.431 ( 0.927)	Loss 3.3207e+00 (4.4873e+00)	Acc@1  24.22 ( 15.55)	Acc@5  52.34 ( 33.79)
Epoch: [0][4220/5005]	Time  1.416 ( 1.013)	Data  1.327 ( 0.926)	Loss 3.5392e+00 (4.4821e+00)	Acc@1  23.44 ( 15.61)	Acc@5  47.66 ( 33.89)
Epoch: [0][4240/5005]	Time  1.391 ( 1.012)	Data  1.307 ( 0.926)	Loss 3.4620e+00 (4.4764e+00)	Acc@1  28.12 ( 15.68)	Acc@5  48.44 ( 33.99)
Epoch: [0][4260/5005]	Time  1.365 ( 1.011)	Data  1.281 ( 0.925)	Loss 3.3509e+00 (4.4710e+00)	Acc@1  29.69 ( 15.75)	Acc@5  52.34 ( 34.09)
Epoch: [0][4280/5005]	Time  1.316 ( 1.010)	Data  1.234 ( 0.924)	Loss 3.7280e+00 (4.4659e+00)	Acc@1  24.22 ( 15.81)	Acc@5  45.31 ( 34.18)
Epoch: [0][4300/5005]	Time  1.387 ( 1.010)	Data  1.290 ( 0.923)	Loss 3.0423e+00 (4.4603e+00)	Acc@1  35.94 ( 15.88)	Acc@5  62.50 ( 34.28)
Epoch: [0][4320/5005]	Time  1.413 ( 1.009)	Data  1.326 ( 0.923)	Loss 3.3747e+00 (4.4549e+00)	Acc@1  30.47 ( 15.94)	Acc@5  59.38 ( 34.38)
Epoch: [0][4340/5005]	Time  1.368 ( 1.008)	Data  1.273 ( 0.922)	Loss 3.4740e+00 (4.4496e+00)	Acc@1  24.22 ( 16.00)	Acc@5  50.00 ( 34.48)
Epoch: [0][4360/5005]	Time  1.592 ( 1.007)	Data  1.510 ( 0.921)	Loss 3.1683e+00 (4.4444e+00)	Acc@1  31.25 ( 16.06)	Acc@5  50.78 ( 34.57)
Epoch: [0][4380/5005]	Time  1.000 ( 1.006)	Data  0.918 ( 0.920)	Loss 3.4862e+00 (4.4392e+00)	Acc@1  26.56 ( 16.12)	Acc@5  51.56 ( 34.66)
Epoch: [0][4400/5005]	Time  0.935 ( 1.006)	Data  0.851 ( 0.919)	Loss 3.0840e+00 (4.4339e+00)	Acc@1  28.91 ( 16.18)	Acc@5  64.06 ( 34.76)
Epoch: [0][4420/5005]	Time  1.049 ( 1.005)	Data  0.968 ( 0.918)	Loss 3.4119e+00 (4.4289e+00)	Acc@1  29.69 ( 16.24)	Acc@5  53.12 ( 34.85)
Epoch: [0][4440/5005]	Time  1.128 ( 1.004)	Data  1.046 ( 0.917)	Loss 3.2445e+00 (4.4237e+00)	Acc@1  33.59 ( 16.31)	Acc@5  56.25 ( 34.95)
Epoch: [0][4460/5005]	Time  1.541 ( 1.003)	Data  1.459 ( 0.917)	Loss 3.3990e+00 (4.4184e+00)	Acc@1  32.03 ( 16.37)	Acc@5  58.59 ( 35.06)
Epoch: [0][4480/5005]	Time  1.474 ( 1.002)	Data  1.393 ( 0.916)	Loss 3.4576e+00 (4.4135e+00)	Acc@1  25.78 ( 16.42)	Acc@5  48.44 ( 35.15)
Epoch: [0][4500/5005]	Time  1.510 ( 1.002)	Data  1.417 ( 0.915)	Loss 3.2152e+00 (4.4088e+00)	Acc@1  36.72 ( 16.48)	Acc@5  57.81 ( 35.24)
Epoch: [0][4520/5005]	Time  1.262 ( 1.001)	Data  1.180 ( 0.914)	Loss 3.1586e+00 (4.4036e+00)	Acc@1  28.12 ( 16.54)	Acc@5  60.16 ( 35.33)
Epoch: [0][4540/5005]	Time  1.126 ( 1.000)	Data  1.045 ( 0.914)	Loss 3.2680e+00 (4.3984e+00)	Acc@1  26.56 ( 16.61)	Acc@5  57.81 ( 35.42)
Epoch: [0][4560/5005]	Time  1.180 ( 0.999)	Data  1.087 ( 0.913)	Loss 3.0979e+00 (4.3930e+00)	Acc@1  32.03 ( 16.67)	Acc@5  60.94 ( 35.52)
Epoch: [0][4580/5005]	Time  1.369 ( 0.999)	Data  1.283 ( 0.912)	Loss 3.1517e+00 (4.3876e+00)	Acc@1  30.47 ( 16.74)	Acc@5  58.59 ( 35.62)
Epoch: [0][4600/5005]	Time  1.243 ( 0.998)	Data  1.146 ( 0.912)	Loss 3.4732e+00 (4.3828e+00)	Acc@1  28.12 ( 16.80)	Acc@5  53.12 ( 35.71)
Epoch: [0][4620/5005]	Time  1.529 ( 0.997)	Data  1.418 ( 0.911)	Loss 3.4557e+00 (4.3777e+00)	Acc@1  31.25 ( 16.86)	Acc@5  52.34 ( 35.80)
Epoch: [0][4640/5005]	Time  1.380 ( 0.997)	Data  1.282 ( 0.910)	Loss 3.3332e+00 (4.3725e+00)	Acc@1  30.47 ( 16.93)	Acc@5  53.12 ( 35.90)
Epoch: [0][4660/5005]	Time  1.449 ( 0.996)	Data  1.367 ( 0.909)	Loss 3.1061e+00 (4.3676e+00)	Acc@1  27.34 ( 16.99)	Acc@5  62.50 ( 35.99)
Epoch: [0][4680/5005]	Time  1.260 ( 0.995)	Data  1.179 ( 0.909)	Loss 3.4672e+00 (4.3626e+00)	Acc@1  24.22 ( 17.05)	Acc@5  53.12 ( 36.08)
Epoch: [0][4700/5005]	Time  1.579 ( 0.994)	Data  1.493 ( 0.908)	Loss 3.0515e+00 (4.3579e+00)	Acc@1  35.94 ( 17.11)	Acc@5  58.59 ( 36.17)
Epoch: [0][4720/5005]	Time  1.382 ( 0.994)	Data  1.301 ( 0.907)	Loss 3.4907e+00 (4.3534e+00)	Acc@1  25.78 ( 17.17)	Acc@5  50.00 ( 36.25)
Epoch: [0][4740/5005]	Time  1.251 ( 0.993)	Data  1.169 ( 0.907)	Loss 3.0001e+00 (4.3487e+00)	Acc@1  28.12 ( 17.22)	Acc@5  64.84 ( 36.34)
Epoch: [0][4760/5005]	Time  1.676 ( 0.992)	Data  1.579 ( 0.906)	Loss 3.3149e+00 (4.3441e+00)	Acc@1  33.59 ( 17.28)	Acc@5  54.69 ( 36.43)
Epoch: [0][4780/5005]	Time  1.192 ( 0.992)	Data  1.111 ( 0.905)	Loss 3.2034e+00 (4.3392e+00)	Acc@1  35.16 ( 17.34)	Acc@5  64.84 ( 36.51)
Epoch: [0][4800/5005]	Time  1.290 ( 0.991)	Data  1.206 ( 0.905)	Loss 3.2164e+00 (4.3343e+00)	Acc@1  29.69 ( 17.40)	Acc@5  57.81 ( 36.61)
Epoch: [0][4820/5005]	Time  1.511 ( 0.990)	Data  1.428 ( 0.904)	Loss 3.3479e+00 (4.3299e+00)	Acc@1  32.81 ( 17.46)	Acc@5  53.91 ( 36.69)
Epoch: [0][4840/5005]	Time  1.235 ( 0.990)	Data  1.153 ( 0.903)	Loss 3.1168e+00 (4.3254e+00)	Acc@1  34.38 ( 17.51)	Acc@5  57.81 ( 36.77)
Epoch: [0][4860/5005]	Time  1.184 ( 0.989)	Data  1.103 ( 0.902)	Loss 3.0632e+00 (4.3207e+00)	Acc@1  26.56 ( 17.57)	Acc@5  56.25 ( 36.86)
Epoch: [0][4880/5005]	Time  1.017 ( 0.988)	Data  0.932 ( 0.902)	Loss 3.4713e+00 (4.3163e+00)	Acc@1  32.03 ( 17.62)	Acc@5  53.12 ( 36.94)
Epoch: [0][4900/5005]	Time  1.274 ( 0.988)	Data  1.184 ( 0.901)	Loss 2.9549e+00 (4.3115e+00)	Acc@1  34.38 ( 17.68)	Acc@5  67.19 ( 37.03)
Epoch: [0][4920/5005]	Time  0.977 ( 0.987)	Data  0.886 ( 0.900)	Loss 2.8816e+00 (4.3067e+00)	Acc@1  33.59 ( 17.74)	Acc@5  64.06 ( 37.12)
Epoch: [0][4940/5005]	Time  0.782 ( 0.986)	Data  0.700 ( 0.899)	Loss 3.4280e+00 (4.3021e+00)	Acc@1  28.91 ( 17.80)	Acc@5  54.69 ( 37.20)
Epoch: [0][4960/5005]	Time  0.986 ( 0.985)	Data  0.905 ( 0.899)	Loss 3.2826e+00 (4.2974e+00)	Acc@1  32.03 ( 17.85)	Acc@5  60.94 ( 37.28)
Epoch: [0][4980/5005]	Time  1.252 ( 0.984)	Data  1.165 ( 0.898)	Loss 3.2904e+00 (4.2930e+00)	Acc@1  25.78 ( 17.90)	Acc@5  56.25 ( 37.36)
Epoch: [0][5000/5005]	Time  1.330 ( 0.984)	Data  1.246 ( 0.897)	Loss 3.1911e+00 (4.2884e+00)	Acc@1  32.03 ( 17.96)	Acc@5  55.47 ( 37.44)
Test: [  0/391]	Time  6.374 ( 6.374)	Loss 2.4488e+00 (2.4488e+00)	Acc@1  46.09 ( 46.09)	Acc@5  75.00 ( 75.00)
Test: [ 20/391]	Time  1.170 ( 0.955)	Loss 4.1070e+00 (3.3630e+00)	Acc@1  14.06 ( 29.61)	Acc@5  42.19 ( 54.06)
Test: [ 40/391]	Time  1.142 ( 0.809)	Loss 2.6987e+00 (3.2483e+00)	Acc@1  38.28 ( 31.46)	Acc@5  64.06 ( 56.35)
Test: [ 60/391]	Time  1.184 ( 0.755)	Loss 2.7901e+00 (3.1495e+00)	Acc@1  34.38 ( 32.90)	Acc@5  68.75 ( 58.45)
Test: [ 80/391]	Time  1.129 ( 0.733)	Loss 3.3559e+00 (3.2243e+00)	Acc@1  20.31 ( 29.95)	Acc@5  53.91 ( 56.50)
Test: [100/391]	Time  1.190 ( 0.715)	Loss 3.4526e+00 (3.2600e+00)	Acc@1  28.91 ( 28.62)	Acc@5  53.12 ( 55.56)
Test: [120/391]	Time  1.185 ( 0.719)	Loss 3.3516e+00 (3.2750e+00)	Acc@1  18.75 ( 28.18)	Acc@5  47.66 ( 55.09)
Test: [140/391]	Time  1.367 ( 0.715)	Loss 3.9356e+00 (3.2324e+00)	Acc@1  12.50 ( 28.71)	Acc@5  46.09 ( 55.89)
Test: [160/391]	Time  1.337 ( 0.715)	Loss 3.2606e+00 (3.2435e+00)	Acc@1  31.25 ( 28.63)	Acc@5  52.34 ( 55.68)
Test: [180/391]	Time  1.198 ( 0.710)	Loss 4.1501e+00 (3.3416e+00)	Acc@1  17.19 ( 27.68)	Acc@5  39.84 ( 54.07)
Test: [200/391]	Time  1.110 ( 0.705)	Loss 4.6536e+00 (3.4226e+00)	Acc@1   8.59 ( 26.80)	Acc@5  21.88 ( 52.75)
Test: [220/391]	Time  0.763 ( 0.700)	Loss 2.9582e+00 (3.4775e+00)	Acc@1  42.97 ( 26.39)	Acc@5  62.50 ( 51.89)
Test: [240/391]	Time  0.460 ( 0.698)	Loss 4.2292e+00 (3.5205e+00)	Acc@1  12.50 ( 25.95)	Acc@5  34.38 ( 51.21)
Test: [260/391]	Time  0.201 ( 0.693)	Loss 4.3501e+00 (3.5564e+00)	Acc@1  21.09 ( 25.57)	Acc@5  39.84 ( 50.82)
Test: [280/391]	Time  0.949 ( 0.692)	Loss 3.4365e+00 (3.5894e+00)	Acc@1  25.78 ( 25.24)	Acc@5  53.91 ( 50.18)
Test: [300/391]	Time  0.747 ( 0.688)	Loss 3.9902e+00 (3.6247e+00)	Acc@1  28.91 ( 25.04)	Acc@5  43.75 ( 49.66)
Test: [320/391]	Time  1.049 ( 0.688)	Loss 3.1499e+00 (3.6418e+00)	Acc@1  32.81 ( 24.92)	Acc@5  59.38 ( 49.40)
Test: [340/391]	Time  1.311 ( 0.684)	Loss 3.6780e+00 (3.6761e+00)	Acc@1  20.31 ( 24.57)	Acc@5  57.03 ( 48.83)
Test: [360/391]	Time  1.087 ( 0.681)	Loss 3.4548e+00 (3.6916e+00)	Acc@1  21.09 ( 24.41)	Acc@5  46.88 ( 48.58)
Test: [380/391]	Time  1.161 ( 0.679)	Loss 2.7109e+00 (3.6741e+00)	Acc@1  39.06 ( 24.54)	Acc@5  64.84 ( 48.85)
 *   Acc@1 24.855 Acc@5 49.215
Test: [  0/391]	Time  6.320 ( 6.320)	Loss 2.4488e+00 (2.4488e+00)	Acc@1  46.09 ( 46.09)	Acc@5  75.00 ( 75.00)
Test: [ 20/391]	Time  1.162 ( 0.953)	Loss 4.1070e+00 (3.3630e+00)	Acc@1  14.06 ( 29.61)	Acc@5  42.19 ( 54.06)
Test: [ 40/391]	Time  1.200 ( 0.808)	Loss 2.6987e+00 (3.2483e+00)	Acc@1  38.28 ( 31.46)	Acc@5  64.06 ( 56.35)
Test: [ 60/391]	Time  1.179 ( 0.754)	Loss 2.7901e+00 (3.1495e+00)	Acc@1  34.38 ( 32.90)	Acc@5  68.75 ( 58.45)
Test: [ 80/391]	Time  1.165 ( 0.732)	Loss 3.3559e+00 (3.2243e+00)	Acc@1  20.31 ( 29.95)	Acc@5  53.91 ( 56.50)
Test: [100/391]	Time  1.164 ( 0.714)	Loss 3.4526e+00 (3.2600e+00)	Acc@1  28.91 ( 28.62)	Acc@5  53.12 ( 55.56)
Test: [120/391]	Time  1.142 ( 0.719)	Loss 3.3516e+00 (3.2750e+00)	Acc@1  18.75 ( 28.18)	Acc@5  47.66 ( 55.09)
Test: [140/391]	Time  1.418 ( 0.714)	Loss 3.9356e+00 (3.2324e+00)	Acc@1  12.50 ( 28.71)	Acc@5  46.09 ( 55.89)
Test: [160/391]	Time  1.255 ( 0.715)	Loss 3.2606e+00 (3.2435e+00)	Acc@1  31.25 ( 28.63)	Acc@5  52.34 ( 55.68)
Test: [180/391]	Time  1.165 ( 0.710)	Loss 4.1501e+00 (3.3416e+00)	Acc@1  17.19 ( 27.68)	Acc@5  39.84 ( 54.07)
Test: [200/391]	Time  1.116 ( 0.705)	Loss 4.6536e+00 (3.4226e+00)	Acc@1   8.59 ( 26.80)	Acc@5  21.88 ( 52.75)
Test: [220/391]	Time  0.775 ( 0.700)	Loss 2.9582e+00 (3.4775e+00)	Acc@1  42.97 ( 26.39)	Acc@5  62.50 ( 51.89)
Test: [240/391]	Time  0.417 ( 0.698)	Loss 4.2292e+00 (3.5205e+00)	Acc@1  12.50 ( 25.95)	Acc@5  34.38 ( 51.21)
Test: [260/391]	Time  0.218 ( 0.693)	Loss 4.3501e+00 (3.5564e+00)	Acc@1  21.09 ( 25.57)	Acc@5  39.84 ( 50.82)
Test: [280/391]	Time  0.993 ( 0.692)	Loss 3.4365e+00 (3.5894e+00)	Acc@1  25.78 ( 25.24)	Acc@5  53.91 ( 50.18)
Test: [300/391]	Time  0.743 ( 0.688)	Loss 3.9902e+00 (3.6247e+00)	Acc@1  28.91 ( 25.04)	Acc@5  43.75 ( 49.66)
Test: [320/391]	Time  1.003 ( 0.688)	Loss 3.1499e+00 (3.6418e+00)	Acc@1  32.81 ( 24.92)	Acc@5  59.38 ( 49.40)
Test: [340/391]	Time  1.321 ( 0.683)	Loss 3.6780e+00 (3.6761e+00)	Acc@1  20.31 ( 24.57)	Acc@5  57.03 ( 48.83)
Test: [360/391]	Time  1.174 ( 0.681)	Loss 3.4548e+00 (3.6916e+00)	Acc@1  21.09 ( 24.41)	Acc@5  46.88 ( 48.58)
Test: [380/391]	Time  1.146 ( 0.679)	Loss 2.7109e+00 (3.6741e+00)	Acc@1  39.06 ( 24.54)	Acc@5  64.84 ( 48.85)
 *   Acc@1 24.855 Acc@5 49.215
