Use GPU: 1 for training
=> creating model 'resnet18'
----------------------------------------
training directory:/data/gpfs/datasets/Imagenet/train_blurred

validating directory:/data/gpfs/datasets/Imagenet/val_blurred

----------------------------------------
Dataset ImageFolder
    Number of datapoints: 1281066
    Root location: /data/gpfs/datasets/Imagenet/train_blurred
    StandardTransform
Transform: Compose(
               Resize(size=256, interpolation=bilinear, max_size=None, antialias=None)
               CenterCrop(size=(224, 224))
               ToTensor()
               Normalize(mean=[0.485, 0.456, 0.406], std=[0.229, 0.224, 0.225])
           )
----------------------------------------
Dataset ImageFolder
    Number of datapoints: 49997
    Root location: /data/gpfs/datasets/Imagenet/val_blurred
    StandardTransform
Transform: Compose(
               Resize(size=256, interpolation=bilinear, max_size=None, antialias=None)
               CenterCrop(size=(224, 224))
               ToTensor()
               Normalize(mean=[0.485, 0.456, 0.406], std=[0.229, 0.224, 0.225])
           )
----------------------------------------
            0             1
0   n04041544         radio
1   n04004767       printer
2   n03481172        hammer
3   n04070727  refrigerator
4   n04154565   screwdriver
5   n03642806        laptop
6   n03782006       monitor
7   n03832673      notebook
8   n02769748      backpack
9   n03793489         mouse
10  n02909870        bucket
[754, 742, 587, 760, 784, 620, 664, 681, 414, 673, 463]
----------------------------------------
1266766
49447
Use GPU: 0 for training
=> creating model 'resnet18'
----------------------------------------
training directory:/data/gpfs/datasets/Imagenet/train_blurred

validating directory:/data/gpfs/datasets/Imagenet/val_blurred

----------------------------------------
Dataset ImageFolder
    Number of datapoints: 1281066
    Root location: /data/gpfs/datasets/Imagenet/train_blurred
    StandardTransform
Transform: Compose(
               Resize(size=256, interpolation=bilinear, max_size=None, antialias=None)
               CenterCrop(size=(224, 224))
               ToTensor()
               Normalize(mean=[0.485, 0.456, 0.406], std=[0.229, 0.224, 0.225])
           )
----------------------------------------
Dataset ImageFolder
    Number of datapoints: 49997
    Root location: /data/gpfs/datasets/Imagenet/val_blurred
    StandardTransform
Transform: Compose(
               Resize(size=256, interpolation=bilinear, max_size=None, antialias=None)
               CenterCrop(size=(224, 224))
               ToTensor()
               Normalize(mean=[0.485, 0.456, 0.406], std=[0.229, 0.224, 0.225])
           )
----------------------------------------
            0             1
0   n04041544         radio
1   n04004767       printer
2   n03481172        hammer
3   n04070727  refrigerator
4   n04154565   screwdriver
5   n03642806        laptop
6   n03782006       monitor
7   n03832673      notebook
8   n02769748      backpack
9   n03793489         mouse
10  n02909870        bucket
[754, 742, 587, 760, 784, 620, 664, 681, 414, 673, 463]
----------------------------------------
1266766
49447
Epoch: [0][   0/4949]	Time 13.827 (13.827)	Data 12.219 (12.219)	Loss 7.0307e+00 (7.0307e+00)	Acc@1   0.00 (  0.00)	Acc@5   0.00 (  0.00)
Epoch: [0][  20/4949]	Time  3.291 ( 2.381)	Data  3.210 ( 2.225)	Loss 7.2431e+00 (7.0901e+00)	Acc@1   0.78 (  0.11)	Acc@5   1.56 (  0.52)
Epoch: [0][  40/4949]	Time  3.087 ( 2.068)	Data  3.006 ( 1.948)	Loss 6.9213e+00 (7.0477e+00)	Acc@1   0.00 (  0.21)	Acc@5   0.78 (  0.76)
Epoch: [0][  60/4949]	Time  3.266 ( 1.969)	Data  3.185 ( 1.860)	Loss 6.7708e+00 (6.9897e+00)	Acc@1   0.00 (  0.23)	Acc@5   0.78 (  0.87)
Epoch: [0][  80/4949]	Time  3.276 ( 1.904)	Data  3.194 ( 1.802)	Loss 6.7385e+00 (6.9439e+00)	Acc@1   0.00 (  0.19)	Acc@5   1.56 (  0.97)
Epoch: [0][ 100/4949]	Time  3.177 ( 1.869)	Data  3.087 ( 1.770)	Loss 6.6183e+00 (6.8969e+00)	Acc@1   0.00 (  0.22)	Acc@5   2.34 (  1.11)
Epoch: [0][ 120/4949]	Time  3.209 ( 1.844)	Data  3.128 ( 1.748)	Loss 6.4674e+00 (6.8601e+00)	Acc@1   2.34 (  0.28)	Acc@5   5.47 (  1.31)
Epoch: [0][ 140/4949]	Time  3.207 ( 1.821)	Data  3.123 ( 1.727)	Loss 6.5705e+00 (6.8263e+00)	Acc@1   0.00 (  0.32)	Acc@5   2.34 (  1.48)
Epoch: [0][ 160/4949]	Time  2.992 ( 1.801)	Data  2.911 ( 1.708)	Loss 6.5437e+00 (6.7924e+00)	Acc@1   1.56 (  0.36)	Acc@5   3.12 (  1.70)
Epoch: [0][ 180/4949]	Time  2.923 ( 1.774)	Data  2.842 ( 1.682)	Loss 6.5545e+00 (6.7656e+00)	Acc@1   0.00 (  0.41)	Acc@5   3.12 (  1.85)
Epoch: [0][ 200/4949]	Time  2.834 ( 1.753)	Data  2.748 ( 1.662)	Loss 6.4030e+00 (6.7347e+00)	Acc@1   1.56 (  0.45)	Acc@5   3.12 (  2.01)
Epoch: [0][ 220/4949]	Time  2.639 ( 1.736)	Data  2.557 ( 1.646)	Loss 6.3826e+00 (6.7056e+00)	Acc@1   0.78 (  0.48)	Acc@5   3.12 (  2.18)
Epoch: [0][ 240/4949]	Time  2.713 ( 1.719)	Data  2.632 ( 1.629)	Loss 6.4342e+00 (6.6756e+00)	Acc@1   0.00 (  0.53)	Acc@5   1.56 (  2.39)
Epoch: [0][ 260/4949]	Time  2.410 ( 1.706)	Data  2.329 ( 1.617)	Loss 6.1947e+00 (6.6417e+00)	Acc@1   0.00 (  0.61)	Acc@5   3.12 (  2.63)
Epoch: [0][ 280/4949]	Time  2.471 ( 1.693)	Data  2.390 ( 1.604)	Loss 6.4745e+00 (6.6165e+00)	Acc@1   0.78 (  0.66)	Acc@5   4.69 (  2.86)
Epoch: [0][ 300/4949]	Time  3.148 ( 1.682)	Data  3.067 ( 1.594)	Loss 6.1373e+00 (6.5907e+00)	Acc@1   0.78 (  0.72)	Acc@5   6.25 (  3.08)
Epoch: [0][ 320/4949]	Time  2.852 ( 1.673)	Data  2.770 ( 1.586)	Loss 5.9714e+00 (6.5650e+00)	Acc@1   2.34 (  0.77)	Acc@5   6.25 (  3.22)
Epoch: [0][ 340/4949]	Time  2.562 ( 1.664)	Data  2.480 ( 1.577)	Loss 6.1188e+00 (6.5391e+00)	Acc@1   1.56 (  0.83)	Acc@5   7.81 (  3.40)
Epoch: [0][ 360/4949]	Time  2.778 ( 1.654)	Data  2.684 ( 1.567)	Loss 6.2155e+00 (6.5155e+00)	Acc@1   0.78 (  0.88)	Acc@5   4.69 (  3.57)
Epoch: [0][ 380/4949]	Time  2.670 ( 1.645)	Data  2.580 ( 1.558)	Loss 5.9245e+00 (6.4899e+00)	Acc@1   0.78 (  0.94)	Acc@5   7.81 (  3.80)
Epoch: [0][ 400/4949]	Time  3.144 ( 1.635)	Data  3.056 ( 1.548)	Loss 6.0262e+00 (6.4666e+00)	Acc@1   1.56 (  0.98)	Acc@5  10.16 (  3.97)
Epoch: [0][ 420/4949]	Time  2.671 ( 1.625)	Data  2.590 ( 1.538)	Loss 5.8929e+00 (6.4415e+00)	Acc@1   0.78 (  1.04)	Acc@5   5.47 (  4.19)
Epoch: [0][ 440/4949]	Time  2.388 ( 1.613)	Data  2.306 ( 1.526)	Loss 6.1081e+00 (6.4194e+00)	Acc@1   3.91 (  1.10)	Acc@5   7.81 (  4.35)
Epoch: [0][ 460/4949]	Time  1.645 ( 1.604)	Data  1.563 ( 1.517)	Loss 5.7756e+00 (6.3945e+00)	Acc@1   2.34 (  1.16)	Acc@5  10.16 (  4.55)
Epoch: [0][ 480/4949]	Time  1.764 ( 1.595)	Data  1.683 ( 1.509)	Loss 5.8370e+00 (6.3718e+00)	Acc@1   3.12 (  1.22)	Acc@5   7.03 (  4.74)
Epoch: [0][ 500/4949]	Time  2.001 ( 1.586)	Data  1.920 ( 1.500)	Loss 5.6691e+00 (6.3504e+00)	Acc@1   0.78 (  1.26)	Acc@5   8.59 (  4.93)
Epoch: [0][ 520/4949]	Time  1.074 ( 1.577)	Data  0.992 ( 1.491)	Loss 5.8601e+00 (6.3283e+00)	Acc@1   1.56 (  1.33)	Acc@5  12.50 (  5.17)
Epoch: [0][ 540/4949]	Time  1.833 ( 1.569)	Data  1.751 ( 1.483)	Loss 5.7583e+00 (6.3086e+00)	Acc@1   0.78 (  1.41)	Acc@5   9.38 (  5.35)
Epoch: [0][ 560/4949]	Time  2.018 ( 1.560)	Data  1.937 ( 1.474)	Loss 6.0027e+00 (6.2867e+00)	Acc@1   0.00 (  1.45)	Acc@5  10.16 (  5.52)
Epoch: [0][ 580/4949]	Time  0.887 ( 1.551)	Data  0.806 ( 1.465)	Loss 5.6143e+00 (6.2647e+00)	Acc@1   6.25 (  1.55)	Acc@5  16.41 (  5.77)
Epoch: [0][ 600/4949]	Time  0.974 ( 1.545)	Data  0.892 ( 1.459)	Loss 5.6217e+00 (6.2437e+00)	Acc@1   1.56 (  1.63)	Acc@5   9.38 (  5.99)
Epoch: [0][ 620/4949]	Time  0.229 ( 1.539)	Data  0.148 ( 1.453)	Loss 5.6500e+00 (6.2234e+00)	Acc@1   6.25 (  1.72)	Acc@5  13.28 (  6.19)
Epoch: [0][ 640/4949]	Time  0.536 ( 1.531)	Data  0.454 ( 1.445)	Loss 5.7991e+00 (6.2028e+00)	Acc@1   6.25 (  1.82)	Acc@5  11.72 (  6.43)
Epoch: [0][ 660/4949]	Time  0.633 ( 1.524)	Data  0.552 ( 1.439)	Loss 5.9338e+00 (6.1840e+00)	Acc@1   3.12 (  1.90)	Acc@5  10.16 (  6.63)
Epoch: [0][ 680/4949]	Time  0.528 ( 1.517)	Data  0.446 ( 1.432)	Loss 5.6806e+00 (6.1649e+00)	Acc@1   2.34 (  1.97)	Acc@5  11.72 (  6.84)
Epoch: [0][ 700/4949]	Time  0.283 ( 1.511)	Data  0.202 ( 1.426)	Loss 5.6513e+00 (6.1456e+00)	Acc@1   1.56 (  2.07)	Acc@5  10.94 (  7.06)
Epoch: [0][ 720/4949]	Time  0.373 ( 1.505)	Data  0.292 ( 1.420)	Loss 5.5988e+00 (6.1266e+00)	Acc@1   3.91 (  2.15)	Acc@5  10.16 (  7.27)
Epoch: [0][ 740/4949]	Time  0.281 ( 1.498)	Data  0.196 ( 1.412)	Loss 5.5230e+00 (6.1079e+00)	Acc@1   3.12 (  2.23)	Acc@5  15.62 (  7.51)
Epoch: [0][ 760/4949]	Time  0.225 ( 1.492)	Data  0.144 ( 1.407)	Loss 5.5404e+00 (6.0901e+00)	Acc@1   6.25 (  2.30)	Acc@5  16.41 (  7.72)
Epoch: [0][ 780/4949]	Time  0.215 ( 1.487)	Data  0.134 ( 1.402)	Loss 5.4939e+00 (6.0723e+00)	Acc@1   4.69 (  2.38)	Acc@5  17.19 (  7.93)
Epoch: [0][ 800/4949]	Time  0.630 ( 1.479)	Data  0.543 ( 1.394)	Loss 4.9432e+00 (6.0552e+00)	Acc@1   6.25 (  2.45)	Acc@5  25.78 (  8.13)
Epoch: [0][ 820/4949]	Time  1.141 ( 1.474)	Data  1.060 ( 1.389)	Loss 5.4375e+00 (6.0387e+00)	Acc@1   7.81 (  2.54)	Acc@5  17.97 (  8.35)
Epoch: [0][ 840/4949]	Time  0.254 ( 1.468)	Data  0.173 ( 1.382)	Loss 5.2442e+00 (6.0203e+00)	Acc@1   3.12 (  2.61)	Acc@5  16.41 (  8.57)
Epoch: [0][ 860/4949]	Time  0.234 ( 1.462)	Data  0.150 ( 1.377)	Loss 5.4994e+00 (6.0054e+00)	Acc@1   3.91 (  2.67)	Acc@5  14.06 (  8.74)
Epoch: [0][ 880/4949]	Time  0.240 ( 1.455)	Data  0.159 ( 1.370)	Loss 5.2808e+00 (5.9882e+00)	Acc@1   3.12 (  2.75)	Acc@5  16.41 (  8.96)
Epoch: [0][ 900/4949]	Time  0.253 ( 1.449)	Data  0.172 ( 1.364)	Loss 4.9939e+00 (5.9725e+00)	Acc@1   7.03 (  2.83)	Acc@5  25.00 (  9.18)
Epoch: [0][ 920/4949]	Time  0.222 ( 1.442)	Data  0.141 ( 1.357)	Loss 5.1639e+00 (5.9560e+00)	Acc@1   4.69 (  2.90)	Acc@5  15.62 (  9.38)
Epoch: [0][ 940/4949]	Time  0.278 ( 1.436)	Data  0.184 ( 1.351)	Loss 5.4139e+00 (5.9402e+00)	Acc@1   7.81 (  2.98)	Acc@5  17.97 (  9.59)
Epoch: [0][ 960/4949]	Time  0.228 ( 1.430)	Data  0.146 ( 1.345)	Loss 5.3370e+00 (5.9263e+00)	Acc@1   5.47 (  3.03)	Acc@5  17.19 (  9.75)
Epoch: [0][ 980/4949]	Time  0.272 ( 1.423)	Data  0.191 ( 1.338)	Loss 5.0909e+00 (5.9111e+00)	Acc@1   7.81 (  3.11)	Acc@5  17.19 (  9.96)
Epoch: [0][1000/4949]	Time  0.407 ( 1.417)	Data  0.326 ( 1.333)	Loss 4.8661e+00 (5.8952e+00)	Acc@1  10.16 (  3.20)	Acc@5  21.09 ( 10.16)
Epoch: [0][1020/4949]	Time  0.226 ( 1.412)	Data  0.145 ( 1.327)	Loss 5.5403e+00 (5.8809e+00)	Acc@1   4.69 (  3.27)	Acc@5  15.62 ( 10.35)
Epoch: [0][1040/4949]	Time  0.245 ( 1.407)	Data  0.164 ( 1.322)	Loss 5.2892e+00 (5.8670e+00)	Acc@1   6.25 (  3.35)	Acc@5  17.19 ( 10.55)
Epoch: [0][1060/4949]	Time  0.300 ( 1.402)	Data  0.180 ( 1.317)	Loss 4.9326e+00 (5.8521e+00)	Acc@1   7.03 (  3.42)	Acc@5  25.00 ( 10.76)
Epoch: [0][1080/4949]	Time  0.227 ( 1.395)	Data  0.146 ( 1.310)	Loss 4.9021e+00 (5.8369e+00)	Acc@1   4.69 (  3.50)	Acc@5  27.34 ( 10.96)
Epoch: [0][1100/4949]	Time  0.233 ( 1.389)	Data  0.151 ( 1.305)	Loss 5.1824e+00 (5.8241e+00)	Acc@1   7.03 (  3.56)	Acc@5  22.66 ( 11.15)
Epoch: [0][1120/4949]	Time  0.241 ( 1.385)	Data  0.145 ( 1.300)	Loss 4.8036e+00 (5.8101e+00)	Acc@1   5.47 (  3.62)	Acc@5  23.44 ( 11.35)
Epoch: [0][1140/4949]	Time  0.222 ( 1.379)	Data  0.141 ( 1.295)	Loss 5.1485e+00 (5.7969e+00)	Acc@1   4.69 (  3.71)	Acc@5  17.97 ( 11.53)
Epoch: [0][1160/4949]	Time  0.247 ( 1.374)	Data  0.151 ( 1.290)	Loss 4.9400e+00 (5.7832e+00)	Acc@1   6.25 (  3.79)	Acc@5  21.88 ( 11.73)
Epoch: [0][1180/4949]	Time  0.232 ( 1.368)	Data  0.151 ( 1.284)	Loss 4.9200e+00 (5.7694e+00)	Acc@1  10.16 (  3.88)	Acc@5  23.44 ( 11.93)
Epoch: [0][1200/4949]	Time  0.232 ( 1.363)	Data  0.145 ( 1.279)	Loss 5.0625e+00 (5.7575e+00)	Acc@1   5.47 (  3.94)	Acc@5  19.53 ( 12.09)
Epoch: [0][1220/4949]	Time  0.226 ( 1.358)	Data  0.145 ( 1.273)	Loss 4.8657e+00 (5.7438e+00)	Acc@1   7.81 (  4.03)	Acc@5  25.00 ( 12.28)
Epoch: [0][1240/4949]	Time  0.230 ( 1.353)	Data  0.146 ( 1.269)	Loss 5.0141e+00 (5.7307e+00)	Acc@1   7.03 (  4.11)	Acc@5  21.09 ( 12.47)
Epoch: [0][1260/4949]	Time  0.953 ( 1.349)	Data  0.872 ( 1.264)	Loss 4.8199e+00 (5.7173e+00)	Acc@1  10.16 (  4.19)	Acc@5  23.44 ( 12.66)
Epoch: [0][1280/4949]	Time  0.901 ( 1.343)	Data  0.820 ( 1.259)	Loss 4.7467e+00 (5.7039e+00)	Acc@1   7.81 (  4.27)	Acc@5  26.56 ( 12.87)
Epoch: [0][1300/4949]	Time  0.708 ( 1.338)	Data  0.627 ( 1.253)	Loss 4.9726e+00 (5.6919e+00)	Acc@1   8.59 (  4.33)	Acc@5  24.22 ( 13.04)
Epoch: [0][1320/4949]	Time  0.244 ( 1.332)	Data  0.163 ( 1.248)	Loss 4.5985e+00 (5.6776e+00)	Acc@1  11.72 (  4.43)	Acc@5  28.12 ( 13.25)
Epoch: [0][1340/4949]	Time  0.226 ( 1.328)	Data  0.144 ( 1.244)	Loss 4.9319e+00 (5.6647e+00)	Acc@1   8.59 (  4.51)	Acc@5  25.78 ( 13.44)
Epoch: [0][1360/4949]	Time  0.229 ( 1.324)	Data  0.145 ( 1.239)	Loss 4.9125e+00 (5.6519e+00)	Acc@1   6.25 (  4.60)	Acc@5  24.22 ( 13.62)
Epoch: [0][1380/4949]	Time  0.246 ( 1.320)	Data  0.164 ( 1.235)	Loss 4.7426e+00 (5.6402e+00)	Acc@1   7.81 (  4.67)	Acc@5  25.78 ( 13.78)
Epoch: [0][1400/4949]	Time  0.253 ( 1.315)	Data  0.159 ( 1.231)	Loss 4.7434e+00 (5.6288e+00)	Acc@1  14.06 (  4.73)	Acc@5  30.47 ( 13.93)
Epoch: [0][1420/4949]	Time  0.239 ( 1.310)	Data  0.158 ( 1.226)	Loss 4.4555e+00 (5.6162e+00)	Acc@1  13.28 (  4.81)	Acc@5  27.34 ( 14.11)
Epoch: [0][1440/4949]	Time  0.277 ( 1.306)	Data  0.195 ( 1.221)	Loss 4.5391e+00 (5.6045e+00)	Acc@1  10.94 (  4.88)	Acc@5  29.69 ( 14.29)
Epoch: [0][1460/4949]	Time  1.062 ( 1.301)	Data  0.976 ( 1.217)	Loss 4.5527e+00 (5.5924e+00)	Acc@1  12.50 (  4.97)	Acc@5  28.12 ( 14.48)
Epoch: [0][1480/4949]	Time  1.617 ( 1.296)	Data  1.535 ( 1.212)	Loss 4.8348e+00 (5.5802e+00)	Acc@1   5.47 (  5.05)	Acc@5  20.31 ( 14.66)
Epoch: [0][1500/4949]	Time  1.465 ( 1.292)	Data  1.384 ( 1.207)	Loss 4.6528e+00 (5.5696e+00)	Acc@1  10.94 (  5.11)	Acc@5  28.91 ( 14.81)
Epoch: [0][1520/4949]	Time  1.608 ( 1.288)	Data  1.522 ( 1.203)	Loss 4.8552e+00 (5.5582e+00)	Acc@1  11.72 (  5.20)	Acc@5  26.56 ( 14.99)
Epoch: [0][1540/4949]	Time  1.513 ( 1.283)	Data  1.421 ( 1.198)	Loss 4.5257e+00 (5.5466e+00)	Acc@1  16.41 (  5.30)	Acc@5  33.59 ( 15.19)
Epoch: [0][1560/4949]	Time  1.451 ( 1.278)	Data  1.369 ( 1.194)	Loss 4.5377e+00 (5.5338e+00)	Acc@1  10.16 (  5.38)	Acc@5  32.03 ( 15.40)
Epoch: [0][1580/4949]	Time  1.599 ( 1.275)	Data  1.505 ( 1.190)	Loss 4.5640e+00 (5.5223e+00)	Acc@1  11.72 (  5.47)	Acc@5  26.56 ( 15.58)
Epoch: [0][1600/4949]	Time  1.325 ( 1.270)	Data  1.243 ( 1.186)	Loss 5.0039e+00 (5.5111e+00)	Acc@1   7.81 (  5.55)	Acc@5  21.09 ( 15.76)
Epoch: [0][1620/4949]	Time  1.551 ( 1.266)	Data  1.465 ( 1.182)	Loss 4.7400e+00 (5.5009e+00)	Acc@1   8.59 (  5.62)	Acc@5  22.66 ( 15.91)
Epoch: [0][1640/4949]	Time  1.557 ( 1.263)	Data  1.469 ( 1.178)	Loss 4.7978e+00 (5.4894e+00)	Acc@1   9.38 (  5.70)	Acc@5  19.53 ( 16.09)
Epoch: [0][1660/4949]	Time  1.491 ( 1.258)	Data  1.410 ( 1.174)	Loss 4.4833e+00 (5.4777e+00)	Acc@1  13.28 (  5.78)	Acc@5  35.94 ( 16.27)
Epoch: [0][1680/4949]	Time  0.279 ( 1.254)	Data  0.198 ( 1.169)	Loss 4.5941e+00 (5.4676e+00)	Acc@1  10.94 (  5.87)	Acc@5  28.12 ( 16.43)
Epoch: [0][1700/4949]	Time  0.239 ( 1.249)	Data  0.158 ( 1.165)	Loss 4.2393e+00 (5.4561e+00)	Acc@1  12.50 (  5.95)	Acc@5  39.06 ( 16.63)
Epoch: [0][1720/4949]	Time  0.231 ( 1.245)	Data  0.150 ( 1.160)	Loss 4.5224e+00 (5.4451e+00)	Acc@1  14.06 (  6.04)	Acc@5  29.69 ( 16.82)
Epoch: [0][1740/4949]	Time  0.241 ( 1.241)	Data  0.159 ( 1.156)	Loss 4.3139e+00 (5.4340e+00)	Acc@1  13.28 (  6.14)	Acc@5  38.28 ( 17.01)
Epoch: [0][1760/4949]	Time  1.059 ( 1.236)	Data  0.978 ( 1.152)	Loss 4.5827e+00 (5.4235e+00)	Acc@1  14.06 (  6.23)	Acc@5  32.81 ( 17.18)
Epoch: [0][1780/4949]	Time  0.850 ( 1.233)	Data  0.768 ( 1.148)	Loss 4.4642e+00 (5.4126e+00)	Acc@1  12.50 (  6.31)	Acc@5  33.59 ( 17.37)
Epoch: [0][1800/4949]	Time  0.228 ( 1.229)	Data  0.145 ( 1.144)	Loss 4.4969e+00 (5.4026e+00)	Acc@1  12.50 (  6.39)	Acc@5  30.47 ( 17.52)
Epoch: [0][1820/4949]	Time  0.233 ( 1.225)	Data  0.152 ( 1.140)	Loss 4.5974e+00 (5.3923e+00)	Acc@1  13.28 (  6.47)	Acc@5  28.12 ( 17.68)
Epoch: [0][1840/4949]	Time  0.239 ( 1.220)	Data  0.158 ( 1.136)	Loss 4.5889e+00 (5.3818e+00)	Acc@1  10.16 (  6.55)	Acc@5  27.34 ( 17.86)
Epoch: [0][1860/4949]	Time  0.770 ( 1.216)	Data  0.662 ( 1.132)	Loss 4.2461e+00 (5.3708e+00)	Acc@1  17.97 (  6.64)	Acc@5  38.28 ( 18.04)
Epoch: [0][1880/4949]	Time  0.406 ( 1.212)	Data  0.324 ( 1.128)	Loss 4.6580e+00 (5.3609e+00)	Acc@1  10.94 (  6.72)	Acc@5  28.91 ( 18.20)
Epoch: [0][1900/4949]	Time  0.281 ( 1.209)	Data  0.200 ( 1.124)	Loss 4.2911e+00 (5.3501e+00)	Acc@1  16.41 (  6.83)	Acc@5  33.59 ( 18.39)
Epoch: [0][1920/4949]	Time  0.240 ( 1.205)	Data  0.158 ( 1.121)	Loss 4.3305e+00 (5.3399e+00)	Acc@1  14.06 (  6.91)	Acc@5  33.59 ( 18.56)
Epoch: [0][1940/4949]	Time  0.240 ( 1.202)	Data  0.159 ( 1.118)	Loss 4.2877e+00 (5.3293e+00)	Acc@1  14.84 (  7.00)	Acc@5  35.16 ( 18.73)
Epoch: [0][1960/4949]	Time  0.289 ( 1.199)	Data  0.208 ( 1.115)	Loss 4.4612e+00 (5.3189e+00)	Acc@1  13.28 (  7.08)	Acc@5  36.72 ( 18.91)
Epoch: [0][1980/4949]	Time  0.248 ( 1.196)	Data  0.167 ( 1.111)	Loss 4.1796e+00 (5.3084e+00)	Acc@1  13.28 (  7.18)	Acc@5  32.81 ( 19.09)
Epoch: [0][2000/4949]	Time  0.247 ( 1.193)	Data  0.166 ( 1.108)	Loss 4.3448e+00 (5.2980e+00)	Acc@1  12.50 (  7.26)	Acc@5  35.94 ( 19.26)
Epoch: [0][2020/4949]	Time  0.243 ( 1.190)	Data  0.162 ( 1.106)	Loss 4.2207e+00 (5.2878e+00)	Acc@1  16.41 (  7.36)	Acc@5  32.03 ( 19.43)
Epoch: [0][2040/4949]	Time  0.230 ( 1.187)	Data  0.141 ( 1.103)	Loss 3.9930e+00 (5.2782e+00)	Acc@1  19.53 (  7.43)	Acc@5  40.62 ( 19.59)
Epoch: [0][2060/4949]	Time  0.470 ( 1.184)	Data  0.389 ( 1.100)	Loss 4.5487e+00 (5.2683e+00)	Acc@1  11.72 (  7.51)	Acc@5  31.25 ( 19.75)
Epoch: [0][2080/4949]	Time  1.260 ( 1.181)	Data  1.179 ( 1.097)	Loss 4.0695e+00 (5.2587e+00)	Acc@1  18.75 (  7.59)	Acc@5  39.06 ( 19.91)
Epoch: [0][2100/4949]	Time  0.956 ( 1.178)	Data  0.875 ( 1.094)	Loss 4.1004e+00 (5.2491e+00)	Acc@1  19.53 (  7.67)	Acc@5  40.62 ( 20.06)
Epoch: [0][2120/4949]	Time  0.227 ( 1.175)	Data  0.146 ( 1.091)	Loss 4.0971e+00 (5.2399e+00)	Acc@1  20.31 (  7.76)	Acc@5  42.19 ( 20.22)
Epoch: [0][2140/4949]	Time  0.426 ( 1.173)	Data  0.344 ( 1.088)	Loss 4.1051e+00 (5.2300e+00)	Acc@1  22.66 (  7.86)	Acc@5  43.75 ( 20.39)
Epoch: [0][2160/4949]	Time  1.023 ( 1.170)	Data  0.940 ( 1.086)	Loss 4.0327e+00 (5.2203e+00)	Acc@1  20.31 (  7.94)	Acc@5  41.41 ( 20.56)
Epoch: [0][2180/4949]	Time  0.256 ( 1.167)	Data  0.174 ( 1.083)	Loss 4.2156e+00 (5.2122e+00)	Acc@1  16.41 (  8.01)	Acc@5  35.16 ( 20.70)
Epoch: [0][2200/4949]	Time  0.251 ( 1.165)	Data  0.169 ( 1.080)	Loss 3.7697e+00 (5.2030e+00)	Acc@1  21.88 (  8.09)	Acc@5  47.66 ( 20.85)
Epoch: [0][2220/4949]	Time  0.245 ( 1.162)	Data  0.164 ( 1.078)	Loss 4.5911e+00 (5.1945e+00)	Acc@1  10.94 (  8.15)	Acc@5  29.69 ( 20.98)
Epoch: [0][2240/4949]	Time  0.286 ( 1.160)	Data  0.205 ( 1.075)	Loss 4.0526e+00 (5.1854e+00)	Acc@1  18.75 (  8.24)	Acc@5  42.19 ( 21.14)
Epoch: [0][2260/4949]	Time  0.251 ( 1.157)	Data  0.169 ( 1.072)	Loss 4.3755e+00 (5.1757e+00)	Acc@1  21.09 (  8.34)	Acc@5  33.59 ( 21.30)
Epoch: [0][2280/4949]	Time  0.688 ( 1.154)	Data  0.606 ( 1.070)	Loss 3.7799e+00 (5.1661e+00)	Acc@1  22.66 (  8.42)	Acc@5  48.44 ( 21.46)
Epoch: [0][2300/4949]	Time  1.012 ( 1.152)	Data  0.912 ( 1.067)	Loss 4.1306e+00 (5.1573e+00)	Acc@1  17.97 (  8.49)	Acc@5  42.97 ( 21.61)
Epoch: [0][2320/4949]	Time  1.474 ( 1.150)	Data  1.389 ( 1.065)	Loss 4.0617e+00 (5.1483e+00)	Acc@1  17.19 (  8.57)	Acc@5  39.06 ( 21.75)
Epoch: [0][2340/4949]	Time  1.004 ( 1.147)	Data  0.908 ( 1.063)	Loss 4.0799e+00 (5.1387e+00)	Acc@1  20.31 (  8.66)	Acc@5  35.94 ( 21.92)
Epoch: [0][2360/4949]	Time  1.127 ( 1.145)	Data  1.045 ( 1.060)	Loss 4.1213e+00 (5.1295e+00)	Acc@1  18.75 (  8.75)	Acc@5  32.81 ( 22.09)
Epoch: [0][2380/4949]	Time  0.856 ( 1.142)	Data  0.775 ( 1.058)	Loss 3.7050e+00 (5.1207e+00)	Acc@1  23.44 (  8.83)	Acc@5  45.31 ( 22.24)
Epoch: [0][2400/4949]	Time  1.465 ( 1.140)	Data  1.382 ( 1.056)	Loss 4.0317e+00 (5.1118e+00)	Acc@1  19.53 (  8.92)	Acc@5  40.62 ( 22.41)
Epoch: [0][2420/4949]	Time  1.379 ( 1.138)	Data  1.289 ( 1.053)	Loss 4.1223e+00 (5.1033e+00)	Acc@1  22.66 (  8.98)	Acc@5  41.41 ( 22.54)
Epoch: [0][2440/4949]	Time  1.189 ( 1.135)	Data  1.105 ( 1.051)	Loss 4.0064e+00 (5.0952e+00)	Acc@1  18.75 (  9.06)	Acc@5  37.50 ( 22.68)
Epoch: [0][2460/4949]	Time  1.215 ( 1.133)	Data  1.127 ( 1.049)	Loss 3.7214e+00 (5.0863e+00)	Acc@1  22.66 (  9.15)	Acc@5  48.44 ( 22.84)
Epoch: [0][2480/4949]	Time  1.301 ( 1.131)	Data  1.213 ( 1.046)	Loss 4.0758e+00 (5.0775e+00)	Acc@1  21.09 (  9.23)	Acc@5  39.84 ( 23.00)
Epoch: [0][2500/4949]	Time  1.339 ( 1.129)	Data  1.242 ( 1.044)	Loss 3.8307e+00 (5.0694e+00)	Acc@1  20.31 (  9.32)	Acc@5  46.09 ( 23.14)
Epoch: [0][2520/4949]	Time  1.437 ( 1.126)	Data  1.331 ( 1.042)	Loss 4.4868e+00 (5.0611e+00)	Acc@1  12.50 (  9.39)	Acc@5  33.59 ( 23.28)
Epoch: [0][2540/4949]	Time  1.301 ( 1.124)	Data  1.220 ( 1.039)	Loss 3.8400e+00 (5.0523e+00)	Acc@1  21.88 (  9.49)	Acc@5  43.75 ( 23.44)
Epoch: [0][2560/4949]	Time  0.934 ( 1.121)	Data  0.853 ( 1.037)	Loss 3.8292e+00 (5.0444e+00)	Acc@1  18.75 (  9.56)	Acc@5  46.09 ( 23.57)
Epoch: [0][2580/4949]	Time  0.666 ( 1.119)	Data  0.585 ( 1.034)	Loss 3.9322e+00 (5.0365e+00)	Acc@1  21.09 (  9.64)	Acc@5  42.97 ( 23.72)
Epoch: [0][2600/4949]	Time  0.234 ( 1.116)	Data  0.143 ( 1.032)	Loss 3.6053e+00 (5.0280e+00)	Acc@1  23.44 (  9.71)	Acc@5  46.09 ( 23.87)
Epoch: [0][2620/4949]	Time  0.313 ( 1.114)	Data  0.232 ( 1.030)	Loss 4.0535e+00 (5.0196e+00)	Acc@1  19.53 (  9.80)	Acc@5  43.75 ( 24.01)
Epoch: [0][2640/4949]	Time  0.238 ( 1.112)	Data  0.157 ( 1.028)	Loss 3.7984e+00 (5.0109e+00)	Acc@1  22.66 (  9.88)	Acc@5  45.31 ( 24.17)
Epoch: [0][2660/4949]	Time  0.253 ( 1.110)	Data  0.164 ( 1.026)	Loss 4.0964e+00 (5.0029e+00)	Acc@1  21.88 (  9.96)	Acc@5  39.06 ( 24.31)
Epoch: [0][2680/4949]	Time  0.247 ( 1.108)	Data  0.165 ( 1.024)	Loss 3.8505e+00 (4.9951e+00)	Acc@1  22.66 ( 10.03)	Acc@5  46.09 ( 24.45)
Epoch: [0][2700/4949]	Time  0.227 ( 1.106)	Data  0.146 ( 1.021)	Loss 3.8217e+00 (4.9868e+00)	Acc@1  22.66 ( 10.11)	Acc@5  48.44 ( 24.60)
Epoch: [0][2720/4949]	Time  0.284 ( 1.104)	Data  0.203 ( 1.019)	Loss 3.6689e+00 (4.9790e+00)	Acc@1  19.53 ( 10.18)	Acc@5  48.44 ( 24.74)
Epoch: [0][2740/4949]	Time  0.246 ( 1.102)	Data  0.154 ( 1.017)	Loss 3.7364e+00 (4.9705e+00)	Acc@1  25.78 ( 10.27)	Acc@5  42.19 ( 24.89)
Epoch: [0][2760/4949]	Time  0.241 ( 1.100)	Data  0.160 ( 1.015)	Loss 3.9381e+00 (4.9622e+00)	Acc@1  21.88 ( 10.35)	Acc@5  42.97 ( 25.03)
Epoch: [0][2780/4949]	Time  0.235 ( 1.098)	Data  0.154 ( 1.013)	Loss 3.8220e+00 (4.9546e+00)	Acc@1  20.31 ( 10.43)	Acc@5  47.66 ( 25.18)
Epoch: [0][2800/4949]	Time  0.241 ( 1.096)	Data  0.140 ( 1.011)	Loss 3.5838e+00 (4.9466e+00)	Acc@1  28.12 ( 10.53)	Acc@5  47.66 ( 25.32)
Epoch: [0][2820/4949]	Time  0.226 ( 1.094)	Data  0.145 ( 1.010)	Loss 3.7866e+00 (4.9388e+00)	Acc@1  20.31 ( 10.60)	Acc@5  41.41 ( 25.46)
Epoch: [0][2840/4949]	Time  0.241 ( 1.092)	Data  0.160 ( 1.008)	Loss 3.5544e+00 (4.9309e+00)	Acc@1  23.44 ( 10.69)	Acc@5  51.56 ( 25.60)
Epoch: [0][2860/4949]	Time  0.233 ( 1.090)	Data  0.151 ( 1.006)	Loss 3.6204e+00 (4.9237e+00)	Acc@1  28.91 ( 10.76)	Acc@5  51.56 ( 25.73)
Epoch: [0][2880/4949]	Time  0.425 ( 1.089)	Data  0.343 ( 1.004)	Loss 3.8536e+00 (4.9161e+00)	Acc@1  17.19 ( 10.83)	Acc@5  47.66 ( 25.87)
Epoch: [0][2900/4949]	Time  0.575 ( 1.087)	Data  0.493 ( 1.002)	Loss 3.7521e+00 (4.9093e+00)	Acc@1  21.88 ( 10.90)	Acc@5  43.75 ( 25.99)
Epoch: [0][2920/4949]	Time  0.243 ( 1.085)	Data  0.160 ( 1.001)	Loss 4.3986e+00 (4.9022e+00)	Acc@1  14.84 ( 10.98)	Acc@5  30.47 ( 26.12)
Epoch: [0][2940/4949]	Time  0.227 ( 1.083)	Data  0.145 ( 0.999)	Loss 3.6181e+00 (4.8943e+00)	Acc@1  21.09 ( 11.06)	Acc@5  51.56 ( 26.26)
Epoch: [0][2960/4949]	Time  0.290 ( 1.082)	Data  0.199 ( 0.997)	Loss 3.7513e+00 (4.8869e+00)	Acc@1  21.88 ( 11.14)	Acc@5  47.66 ( 26.39)
Epoch: [0][2980/4949]	Time  0.268 ( 1.080)	Data  0.180 ( 0.995)	Loss 3.7997e+00 (4.8795e+00)	Acc@1  24.22 ( 11.21)	Acc@5  43.75 ( 26.53)
Epoch: [0][3000/4949]	Time  0.212 ( 1.078)	Data  0.131 ( 0.993)	Loss 3.6167e+00 (4.8718e+00)	Acc@1  23.44 ( 11.29)	Acc@5  49.22 ( 26.67)
Epoch: [0][3020/4949]	Time  0.239 ( 1.076)	Data  0.157 ( 0.992)	Loss 3.7159e+00 (4.8641e+00)	Acc@1  16.41 ( 11.37)	Acc@5  49.22 ( 26.80)
Epoch: [0][3040/4949]	Time  0.262 ( 1.075)	Data  0.165 ( 0.990)	Loss 4.1719e+00 (4.8568e+00)	Acc@1  12.50 ( 11.44)	Acc@5  38.28 ( 26.94)
Epoch: [0][3060/4949]	Time  0.227 ( 1.073)	Data  0.146 ( 0.988)	Loss 3.7517e+00 (4.8499e+00)	Acc@1  28.12 ( 11.52)	Acc@5  49.22 ( 27.07)
Epoch: [0][3080/4949]	Time  0.247 ( 1.071)	Data  0.162 ( 0.986)	Loss 3.7192e+00 (4.8426e+00)	Acc@1  26.56 ( 11.60)	Acc@5  50.00 ( 27.20)
Epoch: [0][3100/4949]	Time  0.259 ( 1.070)	Data  0.178 ( 0.985)	Loss 3.7540e+00 (4.8352e+00)	Acc@1  20.31 ( 11.68)	Acc@5  43.75 ( 27.34)
Epoch: [0][3120/4949]	Time  0.245 ( 1.068)	Data  0.146 ( 0.983)	Loss 3.4331e+00 (4.8278e+00)	Acc@1  31.25 ( 11.75)	Acc@5  47.66 ( 27.47)
Epoch: [0][3140/4949]	Time  0.233 ( 1.066)	Data  0.152 ( 0.982)	Loss 4.1739e+00 (4.8208e+00)	Acc@1  14.06 ( 11.82)	Acc@5  40.62 ( 27.60)
Epoch: [0][3160/4949]	Time  0.246 ( 1.065)	Data  0.165 ( 0.980)	Loss 3.8399e+00 (4.8136e+00)	Acc@1  21.88 ( 11.90)	Acc@5  42.97 ( 27.73)
Epoch: [0][3180/4949]	Time  0.258 ( 1.063)	Data  0.164 ( 0.979)	Loss 3.8757e+00 (4.8062e+00)	Acc@1  17.97 ( 11.98)	Acc@5  42.19 ( 27.87)
Epoch: [0][3200/4949]	Time  0.226 ( 1.062)	Data  0.145 ( 0.977)	Loss 4.0681e+00 (4.7990e+00)	Acc@1  21.09 ( 12.06)	Acc@5  34.38 ( 28.00)
Epoch: [0][3220/4949]	Time  0.234 ( 1.060)	Data  0.152 ( 0.975)	Loss 3.6262e+00 (4.7918e+00)	Acc@1  21.88 ( 12.14)	Acc@5  49.22 ( 28.13)
Epoch: [0][3240/4949]	Time  0.244 ( 1.059)	Data  0.163 ( 0.974)	Loss 3.7560e+00 (4.7844e+00)	Acc@1  27.34 ( 12.22)	Acc@5  45.31 ( 28.26)
Epoch: [0][3260/4949]	Time  0.230 ( 1.057)	Data  0.149 ( 0.972)	Loss 3.5706e+00 (4.7773e+00)	Acc@1  23.44 ( 12.30)	Acc@5  48.44 ( 28.39)
Epoch: [0][3280/4949]	Time  0.245 ( 1.056)	Data  0.164 ( 0.971)	Loss 3.7071e+00 (4.7704e+00)	Acc@1  21.09 ( 12.38)	Acc@5  45.31 ( 28.51)
Epoch: [0][3300/4949]	Time  1.342 ( 1.054)	Data  1.252 ( 0.969)	Loss 3.7583e+00 (4.7636e+00)	Acc@1  22.66 ( 12.45)	Acc@5  47.66 ( 28.63)
Epoch: [0][3320/4949]	Time  1.301 ( 1.053)	Data  1.205 ( 0.968)	Loss 3.8825e+00 (4.7565e+00)	Acc@1  19.53 ( 12.52)	Acc@5  42.97 ( 28.76)
Epoch: [0][3340/4949]	Time  1.404 ( 1.052)	Data  1.316 ( 0.967)	Loss 3.6365e+00 (4.7498e+00)	Acc@1  30.47 ( 12.59)	Acc@5  48.44 ( 28.89)
Epoch: [0][3360/4949]	Time  1.299 ( 1.050)	Data  1.217 ( 0.965)	Loss 3.7186e+00 (4.7430e+00)	Acc@1  22.66 ( 12.67)	Acc@5  49.22 ( 29.01)
Epoch: [0][3380/4949]	Time  1.201 ( 1.049)	Data  1.095 ( 0.964)	Loss 3.6334e+00 (4.7359e+00)	Acc@1  21.88 ( 12.75)	Acc@5  49.22 ( 29.15)
Epoch: [0][3400/4949]	Time  1.583 ( 1.047)	Data  1.487 ( 0.963)	Loss 3.5475e+00 (4.7291e+00)	Acc@1  28.91 ( 12.83)	Acc@5  50.78 ( 29.27)
Epoch: [0][3420/4949]	Time  1.358 ( 1.046)	Data  1.277 ( 0.961)	Loss 3.4633e+00 (4.7224e+00)	Acc@1  36.72 ( 12.90)	Acc@5  55.47 ( 29.39)
Epoch: [0][3440/4949]	Time  1.533 ( 1.045)	Data  1.430 ( 0.960)	Loss 3.5513e+00 (4.7159e+00)	Acc@1  25.78 ( 12.97)	Acc@5  50.00 ( 29.51)
Epoch: [0][3460/4949]	Time  1.251 ( 1.043)	Data  1.170 ( 0.959)	Loss 3.5707e+00 (4.7096e+00)	Acc@1  24.22 ( 13.04)	Acc@5  49.22 ( 29.62)
Epoch: [0][3480/4949]	Time  1.110 ( 1.042)	Data  1.022 ( 0.957)	Loss 3.6842e+00 (4.7029e+00)	Acc@1  22.66 ( 13.12)	Acc@5  45.31 ( 29.75)
Epoch: [0][3500/4949]	Time  1.165 ( 1.041)	Data  1.075 ( 0.956)	Loss 3.2115e+00 (4.6959e+00)	Acc@1  31.25 ( 13.20)	Acc@5  59.38 ( 29.88)
Epoch: [0][3520/4949]	Time  0.247 ( 1.039)	Data  0.160 ( 0.954)	Loss 3.8060e+00 (4.6893e+00)	Acc@1  19.53 ( 13.27)	Acc@5  44.53 ( 30.00)
Epoch: [0][3540/4949]	Time  0.226 ( 1.038)	Data  0.145 ( 0.953)	Loss 3.3076e+00 (4.6828e+00)	Acc@1  25.00 ( 13.35)	Acc@5  57.03 ( 30.12)
Epoch: [0][3560/4949]	Time  0.395 ( 1.036)	Data  0.309 ( 0.952)	Loss 3.4656e+00 (4.6761e+00)	Acc@1  32.03 ( 13.41)	Acc@5  57.81 ( 30.24)
Epoch: [0][3580/4949]	Time  0.702 ( 1.035)	Data  0.620 ( 0.950)	Loss 3.7947e+00 (4.6697e+00)	Acc@1  22.66 ( 13.49)	Acc@5  48.44 ( 30.36)
Epoch: [0][3600/4949]	Time  1.107 ( 1.033)	Data  1.010 ( 0.949)	Loss 3.4746e+00 (4.6629e+00)	Acc@1  25.00 ( 13.57)	Acc@5  50.78 ( 30.48)
Epoch: [0][3620/4949]	Time  0.246 ( 1.032)	Data  0.165 ( 0.947)	Loss 3.4263e+00 (4.6565e+00)	Acc@1  29.69 ( 13.63)	Acc@5  54.69 ( 30.60)
Epoch: [0][3640/4949]	Time  0.430 ( 1.030)	Data  0.349 ( 0.945)	Loss 3.2659e+00 (4.6500e+00)	Acc@1  28.12 ( 13.71)	Acc@5  58.59 ( 30.72)
Epoch: [0][3660/4949]	Time  0.544 ( 1.028)	Data  0.463 ( 0.944)	Loss 3.3733e+00 (4.6436e+00)	Acc@1  25.78 ( 13.78)	Acc@5  52.34 ( 30.84)
Epoch: [0][3680/4949]	Time  0.682 ( 1.027)	Data  0.602 ( 0.942)	Loss 3.0909e+00 (4.6374e+00)	Acc@1  35.94 ( 13.85)	Acc@5  60.94 ( 30.95)
Epoch: [0][3700/4949]	Time  0.239 ( 1.025)	Data  0.158 ( 0.940)	Loss 3.9290e+00 (4.6308e+00)	Acc@1  21.09 ( 13.92)	Acc@5  43.75 ( 31.07)
Epoch: [0][3720/4949]	Time  0.456 ( 1.024)	Data  0.375 ( 0.939)	Loss 3.8507e+00 (4.6244e+00)	Acc@1  23.44 ( 14.00)	Acc@5  46.88 ( 31.19)
Epoch: [0][3740/4949]	Time  0.228 ( 1.022)	Data  0.147 ( 0.938)	Loss 3.2340e+00 (4.6181e+00)	Acc@1  31.25 ( 14.07)	Acc@5  57.03 ( 31.31)
Epoch: [0][3760/4949]	Time  0.227 ( 1.021)	Data  0.146 ( 0.936)	Loss 3.3370e+00 (4.6118e+00)	Acc@1  31.25 ( 14.15)	Acc@5  58.59 ( 31.42)
Epoch: [0][3780/4949]	Time  1.127 ( 1.019)	Data  1.043 ( 0.935)	Loss 3.4278e+00 (4.6056e+00)	Acc@1  22.66 ( 14.22)	Acc@5  50.78 ( 31.54)
Epoch: [0][3800/4949]	Time  1.481 ( 1.018)	Data  1.393 ( 0.934)	Loss 3.4393e+00 (4.5998e+00)	Acc@1  26.56 ( 14.29)	Acc@5  52.34 ( 31.64)
Epoch: [0][3820/4949]	Time  1.271 ( 1.017)	Data  1.178 ( 0.933)	Loss 3.5481e+00 (4.5937e+00)	Acc@1  27.34 ( 14.36)	Acc@5  53.91 ( 31.76)
Epoch: [0][3840/4949]	Time  1.313 ( 1.016)	Data  1.227 ( 0.932)	Loss 3.5202e+00 (4.5874e+00)	Acc@1  27.34 ( 14.44)	Acc@5  50.00 ( 31.88)
Epoch: [0][3860/4949]	Time  1.220 ( 1.015)	Data  1.139 ( 0.930)	Loss 3.3360e+00 (4.5815e+00)	Acc@1  25.78 ( 14.50)	Acc@5  57.03 ( 31.99)
Epoch: [0][3880/4949]	Time  1.269 ( 1.014)	Data  1.188 ( 0.929)	Loss 3.3317e+00 (4.5751e+00)	Acc@1  29.69 ( 14.58)	Acc@5  56.25 ( 32.10)
Epoch: [0][3900/4949]	Time  1.031 ( 1.013)	Data  0.951 ( 0.928)	Loss 3.1871e+00 (4.5691e+00)	Acc@1  32.03 ( 14.65)	Acc@5  57.03 ( 32.21)
Epoch: [0][3920/4949]	Time  0.965 ( 1.012)	Data  0.882 ( 0.927)	Loss 3.3255e+00 (4.5631e+00)	Acc@1  24.22 ( 14.71)	Acc@5  54.69 ( 32.32)
Epoch: [0][3940/4949]	Time  0.965 ( 1.010)	Data  0.884 ( 0.926)	Loss 3.7824e+00 (4.5574e+00)	Acc@1  23.44 ( 14.78)	Acc@5  45.31 ( 32.43)
Epoch: [0][3960/4949]	Time  0.566 ( 1.009)	Data  0.484 ( 0.924)	Loss 3.4930e+00 (4.5519e+00)	Acc@1  28.91 ( 14.84)	Acc@5  53.91 ( 32.53)
Epoch: [0][3980/4949]	Time  0.208 ( 1.008)	Data  0.126 ( 0.923)	Loss 3.3619e+00 (4.5460e+00)	Acc@1  28.91 ( 14.91)	Acc@5  54.69 ( 32.64)
Epoch: [0][4000/4949]	Time  0.243 ( 1.007)	Data  0.152 ( 0.922)	Loss 3.8202e+00 (4.5402e+00)	Acc@1  24.22 ( 14.98)	Acc@5  47.66 ( 32.74)
Epoch: [0][4020/4949]	Time  0.320 ( 1.006)	Data  0.239 ( 0.921)	Loss 3.6174e+00 (4.5346e+00)	Acc@1  27.34 ( 15.04)	Acc@5  43.75 ( 32.84)
Epoch: [0][4040/4949]	Time  0.516 ( 1.005)	Data  0.431 ( 0.921)	Loss 3.3101e+00 (4.5289e+00)	Acc@1  26.56 ( 15.12)	Acc@5  57.03 ( 32.95)
Epoch: [0][4060/4949]	Time  0.240 ( 1.004)	Data  0.158 ( 0.920)	Loss 3.7778e+00 (4.5235e+00)	Acc@1  24.22 ( 15.18)	Acc@5  44.53 ( 33.05)
Epoch: [0][4080/4949]	Time  0.263 ( 1.004)	Data  0.157 ( 0.919)	Loss 3.1734e+00 (4.5178e+00)	Acc@1  34.38 ( 15.25)	Acc@5  60.94 ( 33.16)
Epoch: [0][4100/4949]	Time  0.244 ( 1.003)	Data  0.161 ( 0.918)	Loss 3.5527e+00 (4.5122e+00)	Acc@1  22.66 ( 15.32)	Acc@5  52.34 ( 33.26)
Epoch: [0][4120/4949]	Time  0.246 ( 1.002)	Data  0.165 ( 0.917)	Loss 3.0848e+00 (4.5064e+00)	Acc@1  28.91 ( 15.39)	Acc@5  57.03 ( 33.36)
Epoch: [0][4140/4949]	Time  0.232 ( 1.001)	Data  0.151 ( 0.916)	Loss 3.3206e+00 (4.5007e+00)	Acc@1  29.69 ( 15.45)	Acc@5  55.47 ( 33.47)
Epoch: [0][4160/4949]	Time  0.242 ( 1.000)	Data  0.160 ( 0.915)	Loss 3.1509e+00 (4.4953e+00)	Acc@1  31.25 ( 15.52)	Acc@5  54.69 ( 33.57)
Epoch: [0][4180/4949]	Time  0.239 ( 0.999)	Data  0.158 ( 0.914)	Loss 3.3441e+00 (4.4905e+00)	Acc@1  25.78 ( 15.57)	Acc@5  55.47 ( 33.66)
Epoch: [0][4200/4949]	Time  0.297 ( 0.998)	Data  0.215 ( 0.914)	Loss 3.3834e+00 (4.4849e+00)	Acc@1  29.69 ( 15.64)	Acc@5  55.47 ( 33.76)
Epoch: [0][4220/4949]	Time  0.292 ( 0.998)	Data  0.211 ( 0.913)	Loss 3.0244e+00 (4.4791e+00)	Acc@1  31.25 ( 15.72)	Acc@5  57.03 ( 33.86)
Epoch: [0][4240/4949]	Time  0.233 ( 0.997)	Data  0.152 ( 0.912)	Loss 3.6421e+00 (4.4739e+00)	Acc@1  25.00 ( 15.78)	Acc@5  47.66 ( 33.96)
Epoch: [0][4260/4949]	Time  0.240 ( 0.996)	Data  0.152 ( 0.911)	Loss 3.2519e+00 (4.4684e+00)	Acc@1  32.03 ( 15.85)	Acc@5  53.91 ( 34.06)
Epoch: [0][4280/4949]	Time  0.246 ( 0.995)	Data  0.164 ( 0.910)	Loss 3.0971e+00 (4.4631e+00)	Acc@1  36.72 ( 15.91)	Acc@5  62.50 ( 34.16)
Epoch: [0][4300/4949]	Time  0.274 ( 0.994)	Data  0.193 ( 0.910)	Loss 3.0760e+00 (4.4577e+00)	Acc@1  33.59 ( 15.98)	Acc@5  57.81 ( 34.26)
Epoch: [0][4320/4949]	Time  0.261 ( 0.994)	Data  0.179 ( 0.909)	Loss 3.4129e+00 (4.4523e+00)	Acc@1  30.47 ( 16.04)	Acc@5  52.34 ( 34.36)
Epoch: [0][4340/4949]	Time  0.244 ( 0.993)	Data  0.149 ( 0.908)	Loss 3.6058e+00 (4.4470e+00)	Acc@1  25.00 ( 16.10)	Acc@5  50.78 ( 34.46)
Epoch: [0][4360/4949]	Time  0.258 ( 0.992)	Data  0.177 ( 0.907)	Loss 3.4580e+00 (4.4419e+00)	Acc@1  33.59 ( 16.17)	Acc@5  54.69 ( 34.55)
Epoch: [0][4380/4949]	Time  0.236 ( 0.991)	Data  0.149 ( 0.906)	Loss 3.2234e+00 (4.4366e+00)	Acc@1  28.91 ( 16.23)	Acc@5  60.94 ( 34.65)
Epoch: [0][4400/4949]	Time  0.240 ( 0.990)	Data  0.159 ( 0.906)	Loss 3.1255e+00 (4.4312e+00)	Acc@1  30.47 ( 16.29)	Acc@5  56.25 ( 34.75)
Epoch: [0][4420/4949]	Time  0.306 ( 0.989)	Data  0.222 ( 0.905)	Loss 3.3300e+00 (4.4260e+00)	Acc@1  32.81 ( 16.36)	Acc@5  57.81 ( 34.85)
Epoch: [0][4440/4949]	Time  0.265 ( 0.989)	Data  0.182 ( 0.904)	Loss 3.2917e+00 (4.4207e+00)	Acc@1  32.81 ( 16.43)	Acc@5  57.03 ( 34.95)
Epoch: [0][4460/4949]	Time  0.578 ( 0.988)	Data  0.496 ( 0.903)	Loss 3.4493e+00 (4.4157e+00)	Acc@1  34.38 ( 16.49)	Acc@5  50.78 ( 35.04)
Epoch: [0][4480/4949]	Time  0.275 ( 0.987)	Data  0.176 ( 0.902)	Loss 3.3193e+00 (4.4106e+00)	Acc@1  33.59 ( 16.55)	Acc@5  55.47 ( 35.14)
Epoch: [0][4500/4949]	Time  0.227 ( 0.986)	Data  0.146 ( 0.902)	Loss 3.3959e+00 (4.4053e+00)	Acc@1  25.00 ( 16.62)	Acc@5  53.12 ( 35.24)
Epoch: [0][4520/4949]	Time  0.308 ( 0.986)	Data  0.224 ( 0.901)	Loss 2.9381e+00 (4.4002e+00)	Acc@1  37.50 ( 16.68)	Acc@5  66.41 ( 35.34)
Epoch: [0][4540/4949]	Time  0.289 ( 0.985)	Data  0.207 ( 0.900)	Loss 3.1401e+00 (4.3949e+00)	Acc@1  30.47 ( 16.74)	Acc@5  57.03 ( 35.44)
Epoch: [0][4560/4949]	Time  0.233 ( 0.984)	Data  0.152 ( 0.899)	Loss 2.8859e+00 (4.3898e+00)	Acc@1  35.16 ( 16.81)	Acc@5  61.72 ( 35.53)
Epoch: [0][4580/4949]	Time  0.272 ( 0.983)	Data  0.190 ( 0.899)	Loss 3.8384e+00 (4.3850e+00)	Acc@1  20.31 ( 16.87)	Acc@5  50.00 ( 35.62)
Epoch: [0][4600/4949]	Time  0.220 ( 0.983)	Data  0.139 ( 0.898)	Loss 2.9851e+00 (4.3798e+00)	Acc@1  32.03 ( 16.93)	Acc@5  60.16 ( 35.72)
Epoch: [0][4620/4949]	Time  0.246 ( 0.982)	Data  0.159 ( 0.897)	Loss 2.9828e+00 (4.3748e+00)	Acc@1  34.38 ( 16.99)	Acc@5  60.94 ( 35.81)
Epoch: [0][4640/4949]	Time  0.237 ( 0.981)	Data  0.136 ( 0.896)	Loss 3.6447e+00 (4.3697e+00)	Acc@1  24.22 ( 17.06)	Acc@5  53.12 ( 35.91)
Epoch: [0][4660/4949]	Time  0.242 ( 0.981)	Data  0.153 ( 0.896)	Loss 3.2644e+00 (4.3646e+00)	Acc@1  32.81 ( 17.12)	Acc@5  53.91 ( 36.00)
Epoch: [0][4680/4949]	Time  0.243 ( 0.980)	Data  0.161 ( 0.895)	Loss 3.0565e+00 (4.3600e+00)	Acc@1  28.91 ( 17.17)	Acc@5  57.81 ( 36.09)
Epoch: [0][4700/4949]	Time  0.236 ( 0.979)	Data  0.154 ( 0.894)	Loss 3.2758e+00 (4.3550e+00)	Acc@1  29.69 ( 17.23)	Acc@5  57.03 ( 36.18)
Epoch: [0][4720/4949]	Time  0.228 ( 0.978)	Data  0.146 ( 0.894)	Loss 3.0983e+00 (4.3501e+00)	Acc@1  32.03 ( 17.28)	Acc@5  60.16 ( 36.27)
Epoch: [0][4740/4949]	Time  0.564 ( 0.978)	Data  0.483 ( 0.893)	Loss 3.2002e+00 (4.3455e+00)	Acc@1  29.69 ( 17.34)	Acc@5  57.81 ( 36.35)
Epoch: [0][4760/4949]	Time  0.244 ( 0.977)	Data  0.163 ( 0.892)	Loss 3.1160e+00 (4.3406e+00)	Acc@1  28.91 ( 17.41)	Acc@5  57.03 ( 36.44)
Epoch: [0][4780/4949]	Time  0.220 ( 0.976)	Data  0.139 ( 0.892)	Loss 3.2607e+00 (4.3356e+00)	Acc@1  28.91 ( 17.47)	Acc@5  50.78 ( 36.53)
Epoch: [0][4800/4949]	Time  0.443 ( 0.976)	Data  0.361 ( 0.891)	Loss 3.1951e+00 (4.3305e+00)	Acc@1  32.81 ( 17.53)	Acc@5  55.47 ( 36.62)
Epoch: [0][4820/4949]	Time  0.282 ( 0.975)	Data  0.195 ( 0.890)	Loss 3.5275e+00 (4.3255e+00)	Acc@1  27.34 ( 17.59)	Acc@5  52.34 ( 36.71)
Epoch: [0][4840/4949]	Time  0.412 ( 0.974)	Data  0.331 ( 0.889)	Loss 2.9306e+00 (4.3206e+00)	Acc@1  32.03 ( 17.65)	Acc@5  62.50 ( 36.80)
Epoch: [0][4860/4949]	Time  0.878 ( 0.974)	Data  0.797 ( 0.889)	Loss 2.9563e+00 (4.3159e+00)	Acc@1  38.28 ( 17.71)	Acc@5  58.59 ( 36.89)
Epoch: [0][4880/4949]	Time  0.311 ( 0.973)	Data  0.229 ( 0.888)	Loss 3.1645e+00 (4.3108e+00)	Acc@1  29.69 ( 17.77)	Acc@5  56.25 ( 36.98)
Epoch: [0][4900/4949]	Time  0.426 ( 0.972)	Data  0.344 ( 0.888)	Loss 2.7911e+00 (4.3059e+00)	Acc@1  33.59 ( 17.83)	Acc@5  64.06 ( 37.07)
Epoch: [0][4920/4949]	Time  0.278 ( 0.972)	Data  0.197 ( 0.887)	Loss 3.2876e+00 (4.3011e+00)	Acc@1  28.12 ( 17.89)	Acc@5  52.34 ( 37.15)
Epoch: [0][4940/4949]	Time  0.278 ( 0.971)	Data  0.197 ( 0.886)	Loss 3.1041e+00 (4.2962e+00)	Acc@1  30.47 ( 17.95)	Acc@5  57.81 ( 37.25)
Epoch: [0][   0/4949]	Time 13.891 (13.891)	Data 12.200 (12.200)	Loss 7.0390e+00 (7.0390e+00)	Acc@1   0.00 (  0.00)	Acc@5   0.00 (  0.00)
Epoch: [0][  20/4949]	Time  3.276 ( 2.381)	Data  1.997 ( 1.781)	Loss 7.0725e+00 (7.0728e+00)	Acc@1   0.00 (  0.04)	Acc@5   2.34 (  0.63)
Epoch: [0][  40/4949]	Time  3.090 ( 2.068)	Data  1.816 ( 1.418)	Loss 6.8592e+00 (7.0381e+00)	Acc@1   0.78 (  0.11)	Acc@5   0.78 (  0.84)
Epoch: [0][  60/4949]	Time  3.266 ( 1.969)	Data  1.527 ( 1.243)	Loss 6.7856e+00 (6.9860e+00)	Acc@1   0.00 (  0.18)	Acc@5   1.56 (  1.00)
Epoch: [0][  80/4949]	Time  3.256 ( 1.904)	Data  1.537 ( 1.153)	Loss 6.7115e+00 (6.9327e+00)	Acc@1   0.00 (  0.25)	Acc@5   1.56 (  1.26)
Epoch: [0][ 100/4949]	Time  3.169 ( 1.869)	Data  0.799 ( 1.045)	Loss 6.5763e+00 (6.8926e+00)	Acc@1   0.78 (  0.26)	Acc@5   3.12 (  1.35)
Epoch: [0][ 120/4949]	Time  3.210 ( 1.844)	Data  0.683 ( 0.930)	Loss 6.6100e+00 (6.8575e+00)	Acc@1   0.78 (  0.35)	Acc@5   3.12 (  1.48)
Epoch: [0][ 140/4949]	Time  3.199 ( 1.821)	Data  1.210 ( 0.865)	Loss 6.5981e+00 (6.8246e+00)	Acc@1   0.00 (  0.38)	Acc@5   3.12 (  1.68)
Epoch: [0][ 160/4949]	Time  2.979 ( 1.801)	Data  0.895 ( 0.847)	Loss 6.5540e+00 (6.7906e+00)	Acc@1   2.34 (  0.44)	Acc@5   4.69 (  1.84)
Epoch: [0][ 180/4949]	Time  2.919 ( 1.774)	Data  2.373 ( 0.842)	Loss 6.4288e+00 (6.7577e+00)	Acc@1   0.78 (  0.50)	Acc@5   3.91 (  2.07)
Epoch: [0][ 200/4949]	Time  2.911 ( 1.754)	Data  2.829 ( 0.904)	Loss 6.5045e+00 (6.7286e+00)	Acc@1   1.56 (  0.55)	Acc@5   3.12 (  2.25)
Epoch: [0][ 220/4949]	Time  2.635 ( 1.736)	Data  2.488 ( 0.953)	Loss 6.5427e+00 (6.7030e+00)	Acc@1   2.34 (  0.57)	Acc@5   6.25 (  2.33)
Epoch: [0][ 240/4949]	Time  2.865 ( 1.720)	Data  2.778 ( 0.995)	Loss 6.4397e+00 (6.6773e+00)	Acc@1   0.78 (  0.61)	Acc@5   2.34 (  2.44)
Epoch: [0][ 260/4949]	Time  2.869 ( 1.707)	Data  2.787 ( 1.023)	Loss 6.4785e+00 (6.6483e+00)	Acc@1   0.78 (  0.66)	Acc@5   2.34 (  2.61)
Epoch: [0][ 280/4949]	Time  2.606 ( 1.693)	Data  2.524 ( 1.048)	Loss 6.4510e+00 (6.6212e+00)	Acc@1   0.78 (  0.71)	Acc@5   3.91 (  2.74)
Epoch: [0][ 300/4949]	Time  2.647 ( 1.682)	Data  2.386 ( 1.068)	Loss 6.1962e+00 (6.5926e+00)	Acc@1   1.56 (  0.76)	Acc@5   4.69 (  2.95)
Epoch: [0][ 320/4949]	Time  2.526 ( 1.673)	Data  1.503 ( 1.071)	Loss 6.1581e+00 (6.5654e+00)	Acc@1   3.91 (  0.82)	Acc@5   7.81 (  3.13)
Epoch: [0][ 340/4949]	Time  2.559 ( 1.664)	Data  1.485 ( 1.060)	Loss 6.0511e+00 (6.5395e+00)	Acc@1   2.34 (  0.87)	Acc@5   3.91 (  3.35)
Epoch: [0][ 360/4949]	Time  2.761 ( 1.654)	Data  1.693 ( 1.041)	Loss 6.1467e+00 (6.5166e+00)	Acc@1   0.00 (  0.93)	Acc@5   3.12 (  3.55)
Epoch: [0][ 380/4949]	Time  2.662 ( 1.645)	Data  1.494 ( 1.036)	Loss 5.9993e+00 (6.4922e+00)	Acc@1   0.78 (  0.96)	Acc@5   7.03 (  3.73)
Epoch: [0][ 400/4949]	Time  2.975 ( 1.635)	Data  1.197 ( 1.028)	Loss 6.0935e+00 (6.4657e+00)	Acc@1   0.78 (  1.02)	Acc@5   5.47 (  3.95)
Epoch: [0][ 420/4949]	Time  2.667 ( 1.625)	Data  2.074 ( 1.025)	Loss 6.0692e+00 (6.4431e+00)	Acc@1   3.12 (  1.08)	Acc@5   8.59 (  4.16)
Epoch: [0][ 440/4949]	Time  2.573 ( 1.613)	Data  2.491 ( 1.033)	Loss 5.9908e+00 (6.4206e+00)	Acc@1   4.69 (  1.16)	Acc@5   7.81 (  4.34)
Epoch: [0][ 460/4949]	Time  2.666 ( 1.606)	Data  2.584 ( 1.047)	Loss 5.7883e+00 (6.3972e+00)	Acc@1   2.34 (  1.24)	Acc@5   9.38 (  4.55)
Epoch: [0][ 480/4949]	Time  2.716 ( 1.597)	Data  2.631 ( 1.058)	Loss 5.8625e+00 (6.3740e+00)	Acc@1   1.56 (  1.29)	Acc@5   6.25 (  4.77)
Epoch: [0][ 500/4949]	Time  2.490 ( 1.587)	Data  2.403 ( 1.066)	Loss 5.9632e+00 (6.3522e+00)	Acc@1   0.78 (  1.35)	Acc@5   7.81 (  4.96)
Epoch: [0][ 520/4949]	Time  2.563 ( 1.580)	Data  2.480 ( 1.075)	Loss 5.8732e+00 (6.3307e+00)	Acc@1   3.12 (  1.42)	Acc@5   7.81 (  5.17)
Epoch: [0][ 540/4949]	Time  2.299 ( 1.570)	Data  2.217 ( 1.081)	Loss 5.5972e+00 (6.3072e+00)	Acc@1   3.12 (  1.49)	Acc@5  10.94 (  5.41)
Epoch: [0][ 560/4949]	Time  2.230 ( 1.560)	Data  2.148 ( 1.085)	Loss 5.6898e+00 (6.2860e+00)	Acc@1   3.12 (  1.54)	Acc@5  11.72 (  5.63)
Epoch: [0][ 580/4949]	Time  1.112 ( 1.551)	Data  1.029 ( 1.075)	Loss 5.7327e+00 (6.2673e+00)	Acc@1   1.56 (  1.61)	Acc@5  10.16 (  5.84)
Epoch: [0][ 600/4949]	Time  0.974 ( 1.545)	Data  0.145 ( 1.052)	Loss 5.3973e+00 (6.2457e+00)	Acc@1   7.03 (  1.67)	Acc@5  14.84 (  6.06)
Epoch: [0][ 620/4949]	Time  0.227 ( 1.539)	Data  0.145 ( 1.023)	Loss 5.8200e+00 (6.2262e+00)	Acc@1   5.47 (  1.73)	Acc@5  14.06 (  6.25)
Epoch: [0][ 640/4949]	Time  0.528 ( 1.531)	Data  0.166 ( 0.996)	Loss 5.3993e+00 (6.2054e+00)	Acc@1   5.47 (  1.82)	Acc@5  18.75 (  6.50)
Epoch: [0][ 660/4949]	Time  0.633 ( 1.524)	Data  0.155 ( 0.970)	Loss 5.4279e+00 (6.1868e+00)	Acc@1   9.38 (  1.89)	Acc@5  17.19 (  6.70)
Epoch: [0][ 680/4949]	Time  0.494 ( 1.517)	Data  0.141 ( 0.946)	Loss 5.7065e+00 (6.1670e+00)	Acc@1   7.03 (  1.96)	Acc@5  14.06 (  6.93)
Epoch: [0][ 700/4949]	Time  0.289 ( 1.511)	Data  0.145 ( 0.923)	Loss 5.5592e+00 (6.1483e+00)	Acc@1   3.12 (  2.04)	Acc@5  17.19 (  7.14)
Epoch: [0][ 720/4949]	Time  0.370 ( 1.505)	Data  0.145 ( 0.902)	Loss 5.4634e+00 (6.1308e+00)	Acc@1   6.25 (  2.09)	Acc@5  17.19 (  7.30)
Epoch: [0][ 740/4949]	Time  0.285 ( 1.498)	Data  0.144 ( 0.882)	Loss 5.4213e+00 (6.1118e+00)	Acc@1   6.25 (  2.18)	Acc@5  13.28 (  7.53)
Epoch: [0][ 760/4949]	Time  0.256 ( 1.492)	Data  0.152 ( 0.862)	Loss 5.4378e+00 (6.0948e+00)	Acc@1   6.25 (  2.27)	Acc@5  14.84 (  7.72)
Epoch: [0][ 780/4949]	Time  0.226 ( 1.487)	Data  0.145 ( 0.844)	Loss 5.6557e+00 (6.0775e+00)	Acc@1   5.47 (  2.33)	Acc@5  14.84 (  7.94)
Epoch: [0][ 800/4949]	Time  0.639 ( 1.479)	Data  0.144 ( 0.827)	Loss 5.3385e+00 (6.0586e+00)	Acc@1  10.16 (  2.43)	Acc@5  21.09 (  8.21)
Epoch: [0][ 820/4949]	Time  1.128 ( 1.474)	Data  0.145 ( 0.810)	Loss 5.2415e+00 (6.0419e+00)	Acc@1   4.69 (  2.50)	Acc@5  11.72 (  8.40)
Epoch: [0][ 840/4949]	Time  0.277 ( 1.468)	Data  0.178 ( 0.795)	Loss 5.0335e+00 (6.0233e+00)	Acc@1   9.38 (  2.60)	Acc@5  23.44 (  8.64)
Epoch: [0][ 860/4949]	Time  0.239 ( 1.462)	Data  0.154 ( 0.780)	Loss 5.4436e+00 (6.0068e+00)	Acc@1   6.25 (  2.67)	Acc@5  11.72 (  8.83)
Epoch: [0][ 880/4949]	Time  0.222 ( 1.455)	Data  0.141 ( 0.765)	Loss 5.4201e+00 (5.9912e+00)	Acc@1   3.91 (  2.74)	Acc@5  14.84 (  9.01)
Epoch: [0][ 900/4949]	Time  0.247 ( 1.449)	Data  0.144 ( 0.752)	Loss 5.2347e+00 (5.9736e+00)	Acc@1   7.81 (  2.83)	Acc@5  24.22 (  9.24)
Epoch: [0][ 920/4949]	Time  0.240 ( 1.442)	Data  0.159 ( 0.739)	Loss 5.2886e+00 (5.9575e+00)	Acc@1   4.69 (  2.90)	Acc@5  17.97 (  9.43)
Epoch: [0][ 940/4949]	Time  0.289 ( 1.436)	Data  0.150 ( 0.727)	Loss 5.0326e+00 (5.9418e+00)	Acc@1   8.59 (  2.98)	Acc@5  21.09 (  9.62)
Epoch: [0][ 960/4949]	Time  0.349 ( 1.430)	Data  0.267 ( 0.719)	Loss 5.3108e+00 (5.9253e+00)	Acc@1   7.03 (  3.05)	Acc@5  24.22 (  9.82)
Epoch: [0][ 980/4949]	Time  1.168 ( 1.424)	Data  1.085 ( 0.711)	Loss 4.9387e+00 (5.9087e+00)	Acc@1  10.16 (  3.12)	Acc@5  20.31 ( 10.01)
Epoch: [0][1000/4949]	Time  1.537 ( 1.419)	Data  1.449 ( 0.712)	Loss 5.2716e+00 (5.8927e+00)	Acc@1   3.91 (  3.20)	Acc@5  20.31 ( 10.21)
Epoch: [0][1020/4949]	Time  1.772 ( 1.413)	Data  1.690 ( 0.714)	Loss 5.1082e+00 (5.8786e+00)	Acc@1  10.94 (  3.25)	Acc@5  23.44 ( 10.38)
Epoch: [0][1040/4949]	Time  0.734 ( 1.407)	Data  0.649 ( 0.714)	Loss 5.0933e+00 (5.8638e+00)	Acc@1   7.81 (  3.34)	Acc@5  25.00 ( 10.59)
Epoch: [0][1060/4949]	Time  0.288 ( 1.402)	Data  0.206 ( 0.707)	Loss 5.0246e+00 (5.8487e+00)	Acc@1   5.47 (  3.41)	Acc@5  18.75 ( 10.80)
Epoch: [0][1080/4949]	Time  1.470 ( 1.396)	Data  1.388 ( 0.704)	Loss 5.0525e+00 (5.8334e+00)	Acc@1   7.03 (  3.49)	Acc@5  23.44 ( 11.01)
Epoch: [0][1100/4949]	Time  1.919 ( 1.391)	Data  1.837 ( 0.706)	Loss 5.0669e+00 (5.8190e+00)	Acc@1   8.59 (  3.58)	Acc@5  15.62 ( 11.22)
Epoch: [0][1120/4949]	Time  2.018 ( 1.386)	Data  1.935 ( 0.710)	Loss 4.7624e+00 (5.8044e+00)	Acc@1   8.59 (  3.66)	Acc@5  31.25 ( 11.43)
Epoch: [0][1140/4949]	Time  1.588 ( 1.380)	Data  1.506 ( 0.713)	Loss 5.0865e+00 (5.7899e+00)	Acc@1   7.03 (  3.75)	Acc@5  21.88 ( 11.64)
Epoch: [0][1160/4949]	Time  1.935 ( 1.376)	Data  1.853 ( 0.718)	Loss 4.9618e+00 (5.7763e+00)	Acc@1  10.94 (  3.83)	Acc@5  23.44 ( 11.84)
Epoch: [0][1180/4949]	Time  1.839 ( 1.370)	Data  1.757 ( 0.721)	Loss 4.8787e+00 (5.7621e+00)	Acc@1   7.81 (  3.91)	Acc@5  21.88 ( 12.04)
Epoch: [0][1200/4949]	Time  1.609 ( 1.364)	Data  1.527 ( 0.723)	Loss 5.0254e+00 (5.7496e+00)	Acc@1   6.25 (  3.98)	Acc@5  20.31 ( 12.22)
Epoch: [0][1220/4949]	Time  2.014 ( 1.359)	Data  1.928 ( 0.726)	Loss 4.8144e+00 (5.7358e+00)	Acc@1   7.03 (  4.04)	Acc@5  26.56 ( 12.40)
Epoch: [0][1240/4949]	Time  1.880 ( 1.355)	Data  1.797 ( 0.729)	Loss 4.9475e+00 (5.7223e+00)	Acc@1  10.16 (  4.14)	Acc@5  22.66 ( 12.61)
Epoch: [0][1260/4949]	Time  1.547 ( 1.349)	Data  1.465 ( 0.732)	Loss 5.1121e+00 (5.7099e+00)	Acc@1   8.59 (  4.22)	Acc@5  18.75 ( 12.77)
Epoch: [0][1280/4949]	Time  1.573 ( 1.344)	Data  1.491 ( 0.733)	Loss 5.0519e+00 (5.6967e+00)	Acc@1   8.59 (  4.29)	Acc@5  20.31 ( 12.95)
Epoch: [0][1300/4949]	Time  1.579 ( 1.338)	Data  1.493 ( 0.736)	Loss 4.9517e+00 (5.6842e+00)	Acc@1   8.59 (  4.38)	Acc@5  23.44 ( 13.13)
Epoch: [0][1320/4949]	Time  1.571 ( 1.333)	Data  1.489 ( 0.738)	Loss 5.0480e+00 (5.6715e+00)	Acc@1   7.03 (  4.45)	Acc@5  19.53 ( 13.32)
Epoch: [0][1340/4949]	Time  1.812 ( 1.329)	Data  1.728 ( 0.741)	Loss 4.9721e+00 (5.6597e+00)	Acc@1  10.94 (  4.53)	Acc@5  22.66 ( 13.49)
Epoch: [0][1360/4949]	Time  1.559 ( 1.325)	Data  1.476 ( 0.744)	Loss 4.7958e+00 (5.6473e+00)	Acc@1  14.06 (  4.61)	Acc@5  29.69 ( 13.68)
Epoch: [0][1380/4949]	Time  1.903 ( 1.321)	Data  1.819 ( 0.747)	Loss 4.6217e+00 (5.6353e+00)	Acc@1  10.94 (  4.67)	Acc@5  31.25 ( 13.87)
Epoch: [0][1400/4949]	Time  1.682 ( 1.316)	Data  1.600 ( 0.750)	Loss 5.0237e+00 (5.6230e+00)	Acc@1   4.69 (  4.74)	Acc@5  21.09 ( 14.04)
Epoch: [0][1420/4949]	Time  1.650 ( 1.311)	Data  1.564 ( 0.751)	Loss 4.4893e+00 (5.6109e+00)	Acc@1  14.84 (  4.83)	Acc@5  31.25 ( 14.22)
Epoch: [0][1440/4949]	Time  1.596 ( 1.306)	Data  1.514 ( 0.753)	Loss 4.6158e+00 (5.5990e+00)	Acc@1  12.50 (  4.92)	Acc@5  32.03 ( 14.39)
Epoch: [0][1460/4949]	Time  1.680 ( 1.301)	Data  1.592 ( 0.754)	Loss 4.9332e+00 (5.5864e+00)	Acc@1   7.81 (  5.00)	Acc@5  17.19 ( 14.57)
Epoch: [0][1480/4949]	Time  1.619 ( 1.296)	Data  1.485 ( 0.755)	Loss 4.5289e+00 (5.5743e+00)	Acc@1  10.16 (  5.08)	Acc@5  27.34 ( 14.77)
Epoch: [0][1500/4949]	Time  1.475 ( 1.292)	Data  0.806 ( 0.751)	Loss 4.3370e+00 (5.5621e+00)	Acc@1  14.84 (  5.16)	Acc@5  35.94 ( 14.96)
Epoch: [0][1520/4949]	Time  1.613 ( 1.288)	Data  0.427 ( 0.745)	Loss 4.4710e+00 (5.5500e+00)	Acc@1  17.97 (  5.28)	Acc@5  33.59 ( 15.16)
Epoch: [0][1540/4949]	Time  1.516 ( 1.283)	Data  0.438 ( 0.740)	Loss 5.0551e+00 (5.5386e+00)	Acc@1   9.38 (  5.36)	Acc@5  21.88 ( 15.35)
Epoch: [0][1560/4949]	Time  1.437 ( 1.278)	Data  0.147 ( 0.733)	Loss 4.4413e+00 (5.5269e+00)	Acc@1  17.19 (  5.45)	Acc@5  34.38 ( 15.53)
Epoch: [0][1580/4949]	Time  1.581 ( 1.275)	Data  0.151 ( 0.725)	Loss 4.7892e+00 (5.5150e+00)	Acc@1   3.91 (  5.53)	Acc@5  17.97 ( 15.72)
Epoch: [0][1600/4949]	Time  1.323 ( 1.270)	Data  0.145 ( 0.718)	Loss 4.6504e+00 (5.5036e+00)	Acc@1  14.06 (  5.61)	Acc@5  29.69 ( 15.90)
Epoch: [0][1620/4949]	Time  1.533 ( 1.266)	Data  0.185 ( 0.711)	Loss 4.5721e+00 (5.4930e+00)	Acc@1  10.16 (  5.69)	Acc@5  27.34 ( 16.07)
Epoch: [0][1640/4949]	Time  1.551 ( 1.263)	Data  0.157 ( 0.704)	Loss 4.3823e+00 (5.4818e+00)	Acc@1  14.06 (  5.78)	Acc@5  33.59 ( 16.23)
Epoch: [0][1660/4949]	Time  1.485 ( 1.258)	Data  0.145 ( 0.698)	Loss 4.6497e+00 (5.4704e+00)	Acc@1  11.72 (  5.86)	Acc@5  29.69 ( 16.41)
Epoch: [0][1680/4949]	Time  0.277 ( 1.254)	Data  0.158 ( 0.692)	Loss 4.7282e+00 (5.4593e+00)	Acc@1  10.16 (  5.95)	Acc@5  27.34 ( 16.60)
Epoch: [0][1700/4949]	Time  0.226 ( 1.249)	Data  0.144 ( 0.691)	Loss 4.4904e+00 (5.4484e+00)	Acc@1  12.50 (  6.03)	Acc@5  35.16 ( 16.76)
Epoch: [0][1720/4949]	Time  0.229 ( 1.245)	Data  0.141 ( 0.688)	Loss 4.5677e+00 (5.4378e+00)	Acc@1  13.28 (  6.11)	Acc@5  32.81 ( 16.93)
Epoch: [0][1740/4949]	Time  0.221 ( 1.241)	Data  0.139 ( 0.685)	Loss 4.3683e+00 (5.4278e+00)	Acc@1  14.06 (  6.19)	Acc@5  36.72 ( 17.09)
Epoch: [0][1760/4949]	Time  0.278 ( 1.236)	Data  0.145 ( 0.685)	Loss 4.5638e+00 (5.4179e+00)	Acc@1  12.50 (  6.27)	Acc@5  29.69 ( 17.25)
Epoch: [0][1780/4949]	Time  0.243 ( 1.233)	Data  0.159 ( 0.686)	Loss 4.5732e+00 (5.4074e+00)	Acc@1   8.59 (  6.35)	Acc@5  28.12 ( 17.44)
Epoch: [0][1800/4949]	Time  0.258 ( 1.229)	Data  0.153 ( 0.685)	Loss 4.2535e+00 (5.3972e+00)	Acc@1  20.31 (  6.43)	Acc@5  35.16 ( 17.60)
Epoch: [0][1820/4949]	Time  0.250 ( 1.225)	Data  0.162 ( 0.683)	Loss 4.1954e+00 (5.3862e+00)	Acc@1  13.28 (  6.52)	Acc@5  39.06 ( 17.77)
Epoch: [0][1840/4949]	Time  0.257 ( 1.220)	Data  0.176 ( 0.684)	Loss 4.1327e+00 (5.3756e+00)	Acc@1  13.28 (  6.60)	Acc@5  32.03 ( 17.95)
Epoch: [0][1860/4949]	Time  0.279 ( 1.216)	Data  0.190 ( 0.683)	Loss 4.5437e+00 (5.3645e+00)	Acc@1  10.16 (  6.70)	Acc@5  30.47 ( 18.14)
Epoch: [0][1880/4949]	Time  0.236 ( 1.212)	Data  0.145 ( 0.684)	Loss 4.3967e+00 (5.3534e+00)	Acc@1  17.97 (  6.80)	Acc@5  34.38 ( 18.30)
Epoch: [0][1900/4949]	Time  0.294 ( 1.209)	Data  0.179 ( 0.682)	Loss 4.1253e+00 (5.3429e+00)	Acc@1  17.97 (  6.89)	Acc@5  36.72 ( 18.47)
Epoch: [0][1920/4949]	Time  0.215 ( 1.205)	Data  0.133 ( 0.677)	Loss 4.2880e+00 (5.3329e+00)	Acc@1  15.62 (  6.97)	Acc@5  39.84 ( 18.64)
Epoch: [0][1940/4949]	Time  0.222 ( 1.202)	Data  0.139 ( 0.671)	Loss 4.1653e+00 (5.3229e+00)	Acc@1  11.72 (  7.05)	Acc@5  37.50 ( 18.80)
Epoch: [0][1960/4949]	Time  1.158 ( 1.200)	Data  1.073 ( 0.669)	Loss 4.5737e+00 (5.3134e+00)	Acc@1  14.84 (  7.13)	Acc@5  37.50 ( 18.96)
Epoch: [0][1980/4949]	Time  1.300 ( 1.196)	Data  1.217 ( 0.669)	Loss 4.2303e+00 (5.3034e+00)	Acc@1  18.75 (  7.22)	Acc@5  38.28 ( 19.13)
Epoch: [0][2000/4949]	Time  0.853 ( 1.193)	Data  0.772 ( 0.669)	Loss 4.3182e+00 (5.2933e+00)	Acc@1  13.28 (  7.30)	Acc@5  38.28 ( 19.31)
Epoch: [0][2020/4949]	Time  0.233 ( 1.190)	Data  0.150 ( 0.667)	Loss 4.2142e+00 (5.2827e+00)	Acc@1  15.62 (  7.38)	Acc@5  35.16 ( 19.49)
Epoch: [0][2040/4949]	Time  0.470 ( 1.187)	Data  0.346 ( 0.662)	Loss 4.0512e+00 (5.2729e+00)	Acc@1  17.19 (  7.46)	Acc@5  41.41 ( 19.65)
Epoch: [0][2060/4949]	Time  0.536 ( 1.184)	Data  0.447 ( 0.659)	Loss 4.2413e+00 (5.2636e+00)	Acc@1  17.19 (  7.55)	Acc@5  39.06 ( 19.81)
Epoch: [0][2080/4949]	Time  1.285 ( 1.181)	Data  0.549 ( 0.655)	Loss 4.2677e+00 (5.2536e+00)	Acc@1  20.31 (  7.64)	Acc@5  39.84 ( 20.00)
Epoch: [0][2100/4949]	Time  0.947 ( 1.178)	Data  0.156 ( 0.651)	Loss 4.0519e+00 (5.2434e+00)	Acc@1  10.94 (  7.72)	Acc@5  34.38 ( 20.17)
Epoch: [0][2120/4949]	Time  0.241 ( 1.175)	Data  0.158 ( 0.646)	Loss 4.2835e+00 (5.2332e+00)	Acc@1  14.06 (  7.80)	Acc@5  36.72 ( 20.35)
Epoch: [0][2140/4949]	Time  0.426 ( 1.173)	Data  0.146 ( 0.641)	Loss 3.8841e+00 (5.2232e+00)	Acc@1  23.44 (  7.90)	Acc@5  44.53 ( 20.51)
Epoch: [0][2160/4949]	Time  1.014 ( 1.170)	Data  0.146 ( 0.637)	Loss 4.2023e+00 (5.2138e+00)	Acc@1  15.62 (  7.97)	Acc@5  43.75 ( 20.68)
Epoch: [0][2180/4949]	Time  0.262 ( 1.167)	Data  0.145 ( 0.632)	Loss 4.0404e+00 (5.2044e+00)	Acc@1  21.09 (  8.05)	Acc@5  42.97 ( 20.85)
Epoch: [0][2200/4949]	Time  0.251 ( 1.165)	Data  0.159 ( 0.628)	Loss 4.2904e+00 (5.1947e+00)	Acc@1  21.09 (  8.14)	Acc@5  35.16 ( 21.01)
Epoch: [0][2220/4949]	Time  0.252 ( 1.162)	Data  0.156 ( 0.624)	Loss 4.2126e+00 (5.1854e+00)	Acc@1  17.97 (  8.23)	Acc@5  42.97 ( 21.18)
Epoch: [0][2240/4949]	Time  0.298 ( 1.160)	Data  0.216 ( 0.620)	Loss 3.9880e+00 (5.1766e+00)	Acc@1  17.97 (  8.30)	Acc@5  40.62 ( 21.32)
Epoch: [0][2260/4949]	Time  0.238 ( 1.157)	Data  0.146 ( 0.615)	Loss 4.1469e+00 (5.1678e+00)	Acc@1  17.97 (  8.37)	Acc@5  34.38 ( 21.47)
Epoch: [0][2280/4949]	Time  0.688 ( 1.154)	Data  0.145 ( 0.612)	Loss 4.4565e+00 (5.1593e+00)	Acc@1  12.50 (  8.44)	Acc@5  33.59 ( 21.62)
Epoch: [0][2300/4949]	Time  0.994 ( 1.152)	Data  0.145 ( 0.608)	Loss 4.0121e+00 (5.1502e+00)	Acc@1  16.41 (  8.53)	Acc@5  39.84 ( 21.78)
Epoch: [0][2320/4949]	Time  1.489 ( 1.150)	Data  0.158 ( 0.604)	Loss 4.0019e+00 (5.1412e+00)	Acc@1  18.75 (  8.61)	Acc@5  39.06 ( 21.93)
Epoch: [0][2340/4949]	Time  0.977 ( 1.147)	Data  0.151 ( 0.600)	Loss 4.1505e+00 (5.1323e+00)	Acc@1  20.31 (  8.69)	Acc@5  37.50 ( 22.09)
Epoch: [0][2360/4949]	Time  1.126 ( 1.145)	Data  0.144 ( 0.596)	Loss 3.7842e+00 (5.1231e+00)	Acc@1  20.31 (  8.78)	Acc@5  41.41 ( 22.25)
Epoch: [0][2380/4949]	Time  0.861 ( 1.142)	Data  0.144 ( 0.592)	Loss 4.0568e+00 (5.1139e+00)	Acc@1  14.84 (  8.87)	Acc@5  39.84 ( 22.41)
Epoch: [0][2400/4949]	Time  1.451 ( 1.140)	Data  0.139 ( 0.589)	Loss 3.7927e+00 (5.1053e+00)	Acc@1  27.34 (  8.96)	Acc@5  42.97 ( 22.56)
Epoch: [0][2420/4949]	Time  1.356 ( 1.138)	Data  0.147 ( 0.585)	Loss 4.5812e+00 (5.0967e+00)	Acc@1  12.50 (  9.03)	Acc@5  30.47 ( 22.72)
Epoch: [0][2440/4949]	Time  1.206 ( 1.135)	Data  0.179 ( 0.582)	Loss 3.9194e+00 (5.0879e+00)	Acc@1  19.53 (  9.12)	Acc@5  41.41 ( 22.89)
Epoch: [0][2460/4949]	Time  1.211 ( 1.133)	Data  0.173 ( 0.578)	Loss 3.8365e+00 (5.0796e+00)	Acc@1  23.44 (  9.20)	Acc@5  46.09 ( 23.04)
Epoch: [0][2480/4949]	Time  1.320 ( 1.131)	Data  0.145 ( 0.575)	Loss 3.9758e+00 (5.0711e+00)	Acc@1  22.66 (  9.28)	Acc@5  46.09 ( 23.19)
Epoch: [0][2500/4949]	Time  1.325 ( 1.129)	Data  0.152 ( 0.571)	Loss 3.8259e+00 (5.0626e+00)	Acc@1  22.66 (  9.36)	Acc@5  49.22 ( 23.34)
Epoch: [0][2520/4949]	Time  1.407 ( 1.126)	Data  0.146 ( 0.568)	Loss 4.2840e+00 (5.0542e+00)	Acc@1  15.62 (  9.44)	Acc@5  33.59 ( 23.49)
Epoch: [0][2540/4949]	Time  1.316 ( 1.124)	Data  0.143 ( 0.565)	Loss 4.1246e+00 (5.0461e+00)	Acc@1  17.97 (  9.51)	Acc@5  32.81 ( 23.63)
Epoch: [0][2560/4949]	Time  0.270 ( 1.121)	Data  0.149 ( 0.564)	Loss 3.9215e+00 (5.0378e+00)	Acc@1  19.53 (  9.59)	Acc@5  39.84 ( 23.77)
Epoch: [0][2580/4949]	Time  0.490 ( 1.119)	Data  0.171 ( 0.564)	Loss 3.9486e+00 (5.0296e+00)	Acc@1  21.09 (  9.67)	Acc@5  42.19 ( 23.91)
Epoch: [0][2600/4949]	Time  0.264 ( 1.116)	Data  0.170 ( 0.562)	Loss 3.7782e+00 (5.0216e+00)	Acc@1  21.09 (  9.74)	Acc@5  46.88 ( 24.05)
Epoch: [0][2620/4949]	Time  0.288 ( 1.114)	Data  0.191 ( 0.560)	Loss 4.0223e+00 (5.0131e+00)	Acc@1  19.53 (  9.82)	Acc@5  39.84 ( 24.19)
Epoch: [0][2640/4949]	Time  0.237 ( 1.112)	Data  0.151 ( 0.557)	Loss 3.8698e+00 (5.0051e+00)	Acc@1  25.00 (  9.90)	Acc@5  39.84 ( 24.33)
Epoch: [0][2660/4949]	Time  0.265 ( 1.110)	Data  0.184 ( 0.554)	Loss 3.7772e+00 (4.9963e+00)	Acc@1  19.53 (  9.98)	Acc@5  50.00 ( 24.49)
Epoch: [0][2680/4949]	Time  0.311 ( 1.108)	Data  0.229 ( 0.551)	Loss 3.8693e+00 (4.9884e+00)	Acc@1  16.41 ( 10.07)	Acc@5  44.53 ( 24.62)
Epoch: [0][2700/4949]	Time  0.238 ( 1.106)	Data  0.145 ( 0.548)	Loss 3.9853e+00 (4.9804e+00)	Acc@1  18.75 ( 10.15)	Acc@5  45.31 ( 24.76)
Epoch: [0][2720/4949]	Time  0.290 ( 1.104)	Data  0.149 ( 0.545)	Loss 3.7924e+00 (4.9723e+00)	Acc@1  24.22 ( 10.24)	Acc@5  46.09 ( 24.90)
Epoch: [0][2740/4949]	Time  0.284 ( 1.102)	Data  0.196 ( 0.542)	Loss 4.1359e+00 (4.9643e+00)	Acc@1  14.06 ( 10.32)	Acc@5  42.19 ( 25.05)
Epoch: [0][2760/4949]	Time  0.243 ( 1.100)	Data  0.151 ( 0.539)	Loss 3.8999e+00 (4.9563e+00)	Acc@1  24.22 ( 10.40)	Acc@5  46.09 ( 25.19)
Epoch: [0][2780/4949]	Time  0.256 ( 1.098)	Data  0.175 ( 0.537)	Loss 3.7068e+00 (4.9484e+00)	Acc@1  22.66 ( 10.48)	Acc@5  46.09 ( 25.33)
Epoch: [0][2800/4949]	Time  0.282 ( 1.096)	Data  0.191 ( 0.534)	Loss 3.8630e+00 (4.9410e+00)	Acc@1  26.56 ( 10.56)	Acc@5  48.44 ( 25.46)
Epoch: [0][2820/4949]	Time  0.241 ( 1.094)	Data  0.150 ( 0.531)	Loss 3.6874e+00 (4.9333e+00)	Acc@1  25.78 ( 10.63)	Acc@5  48.44 ( 25.60)
Epoch: [0][2840/4949]	Time  0.236 ( 1.092)	Data  0.139 ( 0.529)	Loss 3.6916e+00 (4.9251e+00)	Acc@1  23.44 ( 10.72)	Acc@5  46.09 ( 25.75)
Epoch: [0][2860/4949]	Time  0.261 ( 1.090)	Data  0.162 ( 0.526)	Loss 3.9432e+00 (4.9176e+00)	Acc@1  21.88 ( 10.80)	Acc@5  46.09 ( 25.88)
Epoch: [0][2880/4949]	Time  0.406 ( 1.089)	Data  0.144 ( 0.524)	Loss 4.0306e+00 (4.9097e+00)	Acc@1  20.31 ( 10.88)	Acc@5  39.84 ( 26.02)
Epoch: [0][2900/4949]	Time  0.565 ( 1.087)	Data  0.138 ( 0.521)	Loss 3.5786e+00 (4.9021e+00)	Acc@1  28.91 ( 10.96)	Acc@5  47.66 ( 26.15)
Epoch: [0][2920/4949]	Time  0.263 ( 1.085)	Data  0.162 ( 0.519)	Loss 3.4652e+00 (4.8951e+00)	Acc@1  24.22 ( 11.03)	Acc@5  50.78 ( 26.27)
Epoch: [0][2940/4949]	Time  0.247 ( 1.083)	Data  0.155 ( 0.516)	Loss 3.6312e+00 (4.8870e+00)	Acc@1  23.44 ( 11.12)	Acc@5  46.88 ( 26.42)
Epoch: [0][2960/4949]	Time  0.291 ( 1.082)	Data  0.170 ( 0.514)	Loss 4.0291e+00 (4.8799e+00)	Acc@1  22.66 ( 11.19)	Acc@5  36.72 ( 26.54)
Epoch: [0][2980/4949]	Time  0.284 ( 1.080)	Data  0.166 ( 0.511)	Loss 3.7825e+00 (4.8723e+00)	Acc@1  23.44 ( 11.27)	Acc@5  41.41 ( 26.68)
Epoch: [0][3000/4949]	Time  0.256 ( 1.078)	Data  0.173 ( 0.509)	Loss 3.8001e+00 (4.8645e+00)	Acc@1  19.53 ( 11.35)	Acc@5  45.31 ( 26.82)
Epoch: [0][3020/4949]	Time  0.226 ( 1.076)	Data  0.144 ( 0.507)	Loss 3.8911e+00 (4.8572e+00)	Acc@1  21.09 ( 11.43)	Acc@5  42.97 ( 26.96)
Epoch: [0][3040/4949]	Time  0.280 ( 1.075)	Data  0.154 ( 0.504)	Loss 3.6089e+00 (4.8495e+00)	Acc@1  25.78 ( 11.51)	Acc@5  49.22 ( 27.10)
Epoch: [0][3060/4949]	Time  0.258 ( 1.073)	Data  0.175 ( 0.502)	Loss 3.5957e+00 (4.8420e+00)	Acc@1  24.22 ( 11.59)	Acc@5  49.22 ( 27.24)
Epoch: [0][3080/4949]	Time  0.220 ( 1.071)	Data  0.135 ( 0.500)	Loss 3.8714e+00 (4.8349e+00)	Acc@1  19.53 ( 11.67)	Acc@5  40.62 ( 27.36)
Epoch: [0][3100/4949]	Time  0.262 ( 1.070)	Data  0.178 ( 0.498)	Loss 3.7440e+00 (4.8279e+00)	Acc@1  21.09 ( 11.74)	Acc@5  42.19 ( 27.49)
Epoch: [0][3120/4949]	Time  0.227 ( 1.068)	Data  0.146 ( 0.496)	Loss 3.5842e+00 (4.8210e+00)	Acc@1  30.47 ( 11.81)	Acc@5  53.12 ( 27.61)
Epoch: [0][3140/4949]	Time  0.243 ( 1.066)	Data  0.156 ( 0.493)	Loss 3.5242e+00 (4.8137e+00)	Acc@1  23.44 ( 11.89)	Acc@5  50.78 ( 27.74)
Epoch: [0][3160/4949]	Time  0.259 ( 1.065)	Data  0.169 ( 0.491)	Loss 3.6338e+00 (4.8065e+00)	Acc@1  26.56 ( 11.96)	Acc@5  46.88 ( 27.87)
Epoch: [0][3180/4949]	Time  0.252 ( 1.063)	Data  0.163 ( 0.489)	Loss 3.6674e+00 (4.7995e+00)	Acc@1  27.34 ( 12.04)	Acc@5  51.56 ( 28.00)
Epoch: [0][3200/4949]	Time  0.257 ( 1.062)	Data  0.175 ( 0.488)	Loss 4.1884e+00 (4.7927e+00)	Acc@1  17.97 ( 12.11)	Acc@5  33.59 ( 28.12)
Epoch: [0][3220/4949]	Time  1.063 ( 1.060)	Data  0.967 ( 0.486)	Loss 3.8141e+00 (4.7861e+00)	Acc@1  25.00 ( 12.18)	Acc@5  48.44 ( 28.24)
Epoch: [0][3240/4949]	Time  0.935 ( 1.059)	Data  0.853 ( 0.487)	Loss 3.7426e+00 (4.7789e+00)	Acc@1  25.78 ( 12.27)	Acc@5  49.22 ( 28.38)
Epoch: [0][3260/4949]	Time  0.718 ( 1.057)	Data  0.627 ( 0.486)	Loss 3.4746e+00 (4.7718e+00)	Acc@1  23.44 ( 12.35)	Acc@5  50.78 ( 28.51)
Epoch: [0][3280/4949]	Time  1.311 ( 1.056)	Data  1.229 ( 0.487)	Loss 3.6637e+00 (4.7651e+00)	Acc@1  30.47 ( 12.43)	Acc@5  46.09 ( 28.62)
Epoch: [0][3300/4949]	Time  1.313 ( 1.054)	Data  1.026 ( 0.487)	Loss 3.5811e+00 (4.7580e+00)	Acc@1  21.88 ( 12.51)	Acc@5  50.00 ( 28.75)
Epoch: [0][3320/4949]	Time  1.298 ( 1.053)	Data  0.190 ( 0.486)	Loss 3.4084e+00 (4.7514e+00)	Acc@1  30.47 ( 12.57)	Acc@5  57.03 ( 28.87)
Epoch: [0][3340/4949]	Time  1.405 ( 1.052)	Data  0.149 ( 0.485)	Loss 3.4936e+00 (4.7449e+00)	Acc@1  25.78 ( 12.64)	Acc@5  51.56 ( 28.99)
Epoch: [0][3360/4949]	Time  1.311 ( 1.050)	Data  0.171 ( 0.483)	Loss 3.5396e+00 (4.7386e+00)	Acc@1  28.91 ( 12.70)	Acc@5  52.34 ( 29.11)
Epoch: [0][3380/4949]	Time  1.176 ( 1.049)	Data  0.145 ( 0.481)	Loss 3.2473e+00 (4.7316e+00)	Acc@1  21.88 ( 12.78)	Acc@5  56.25 ( 29.24)
Epoch: [0][3400/4949]	Time  1.561 ( 1.047)	Data  0.153 ( 0.479)	Loss 3.9567e+00 (4.7247e+00)	Acc@1  20.31 ( 12.85)	Acc@5  40.62 ( 29.37)
Epoch: [0][3420/4949]	Time  1.346 ( 1.046)	Data  0.163 ( 0.477)	Loss 3.7600e+00 (4.7182e+00)	Acc@1  21.88 ( 12.92)	Acc@5  50.78 ( 29.49)
Epoch: [0][3440/4949]	Time  1.509 ( 1.045)	Data  0.145 ( 0.475)	Loss 4.0126e+00 (4.7121e+00)	Acc@1  22.66 ( 12.99)	Acc@5  42.97 ( 29.60)
Epoch: [0][3460/4949]	Time  1.256 ( 1.043)	Data  0.141 ( 0.473)	Loss 3.6316e+00 (4.7056e+00)	Acc@1  28.12 ( 13.06)	Acc@5  51.56 ( 29.72)
Epoch: [0][3480/4949]	Time  1.091 ( 1.042)	Data  0.144 ( 0.472)	Loss 3.3086e+00 (4.6988e+00)	Acc@1  31.25 ( 13.13)	Acc@5  53.91 ( 29.85)
Epoch: [0][3500/4949]	Time  1.154 ( 1.041)	Data  0.162 ( 0.470)	Loss 3.4282e+00 (4.6921e+00)	Acc@1  27.34 ( 13.20)	Acc@5  55.47 ( 29.97)
Epoch: [0][3520/4949]	Time  0.235 ( 1.039)	Data  0.142 ( 0.469)	Loss 3.6369e+00 (4.6859e+00)	Acc@1  23.44 ( 13.27)	Acc@5  49.22 ( 30.08)
Epoch: [0][3540/4949]	Time  0.283 ( 1.038)	Data  0.188 ( 0.468)	Loss 3.4306e+00 (4.6789e+00)	Acc@1  27.34 ( 13.35)	Acc@5  57.03 ( 30.21)
Epoch: [0][3560/4949]	Time  0.391 ( 1.036)	Data  0.147 ( 0.467)	Loss 3.5422e+00 (4.6726e+00)	Acc@1  25.78 ( 13.41)	Acc@5  53.91 ( 30.32)
Epoch: [0][3580/4949]	Time  0.280 ( 1.035)	Data  0.145 ( 0.467)	Loss 3.7194e+00 (4.6664e+00)	Acc@1  21.88 ( 13.49)	Acc@5  48.44 ( 30.43)
Epoch: [0][3600/4949]	Time  0.718 ( 1.033)	Data  0.149 ( 0.468)	Loss 3.5095e+00 (4.6607e+00)	Acc@1  28.91 ( 13.55)	Acc@5  51.56 ( 30.53)
Epoch: [0][3620/4949]	Time  0.247 ( 1.032)	Data  0.152 ( 0.468)	Loss 3.6222e+00 (4.6544e+00)	Acc@1  21.09 ( 13.62)	Acc@5  47.66 ( 30.64)
Epoch: [0][3640/4949]	Time  0.238 ( 1.030)	Data  0.144 ( 0.468)	Loss 3.6492e+00 (4.6481e+00)	Acc@1  31.25 ( 13.70)	Acc@5  48.44 ( 30.75)
Epoch: [0][3660/4949]	Time  0.252 ( 1.028)	Data  0.160 ( 0.469)	Loss 3.3727e+00 (4.6415e+00)	Acc@1  26.56 ( 13.78)	Acc@5  55.47 ( 30.88)
Epoch: [0][3680/4949]	Time  0.293 ( 1.027)	Data  0.148 ( 0.470)	Loss 3.5194e+00 (4.6350e+00)	Acc@1  22.66 ( 13.85)	Acc@5  51.56 ( 30.99)
Epoch: [0][3700/4949]	Time  0.250 ( 1.025)	Data  0.163 ( 0.470)	Loss 3.5717e+00 (4.6288e+00)	Acc@1  24.22 ( 13.92)	Acc@5  46.88 ( 31.11)
Epoch: [0][3720/4949]	Time  0.459 ( 1.024)	Data  0.173 ( 0.469)	Loss 3.1620e+00 (4.6226e+00)	Acc@1  35.16 ( 14.00)	Acc@5  60.94 ( 31.22)
Epoch: [0][3740/4949]	Time  0.249 ( 1.022)	Data  0.164 ( 0.469)	Loss 3.4344e+00 (4.6166e+00)	Acc@1  25.78 ( 14.07)	Acc@5  54.69 ( 31.33)
Epoch: [0][3760/4949]	Time  0.270 ( 1.021)	Data  0.187 ( 0.469)	Loss 3.2801e+00 (4.6106e+00)	Acc@1  28.12 ( 14.14)	Acc@5  55.47 ( 31.44)
Epoch: [0][3780/4949]	Time  0.302 ( 1.019)	Data  0.220 ( 0.470)	Loss 3.0032e+00 (4.6042e+00)	Acc@1  32.03 ( 14.21)	Acc@5  60.16 ( 31.56)
Epoch: [0][3800/4949]	Time  0.372 ( 1.018)	Data  0.146 ( 0.471)	Loss 3.6182e+00 (4.5979e+00)	Acc@1  24.22 ( 14.29)	Acc@5  45.31 ( 31.68)
Epoch: [0][3820/4949]	Time  0.406 ( 1.017)	Data  0.145 ( 0.472)	Loss 3.3074e+00 (4.5919e+00)	Acc@1  26.56 ( 14.36)	Acc@5  56.25 ( 31.79)
Epoch: [0][3840/4949]	Time  0.343 ( 1.016)	Data  0.166 ( 0.473)	Loss 3.4301e+00 (4.5859e+00)	Acc@1  28.91 ( 14.43)	Acc@5  52.34 ( 31.89)
Epoch: [0][3860/4949]	Time  0.296 ( 1.015)	Data  0.143 ( 0.474)	Loss 3.1309e+00 (4.5798e+00)	Acc@1  37.50 ( 14.50)	Acc@5  63.28 ( 32.01)
Epoch: [0][3880/4949]	Time  0.511 ( 1.014)	Data  0.138 ( 0.475)	Loss 3.6997e+00 (4.5738e+00)	Acc@1  22.66 ( 14.57)	Acc@5  50.00 ( 32.12)
Epoch: [0][3900/4949]	Time  0.283 ( 1.013)	Data  0.145 ( 0.475)	Loss 3.5198e+00 (4.5677e+00)	Acc@1  24.22 ( 14.63)	Acc@5  49.22 ( 32.24)
Epoch: [0][3920/4949]	Time  0.274 ( 1.012)	Data  0.158 ( 0.476)	Loss 3.4673e+00 (4.5615e+00)	Acc@1  25.00 ( 14.71)	Acc@5  50.00 ( 32.35)
Epoch: [0][3940/4949]	Time  0.297 ( 1.010)	Data  0.204 ( 0.477)	Loss 3.0434e+00 (4.5558e+00)	Acc@1  34.38 ( 14.77)	Acc@5  57.03 ( 32.45)
Epoch: [0][3960/4949]	Time  0.642 ( 1.009)	Data  0.560 ( 0.478)	Loss 3.3632e+00 (4.5502e+00)	Acc@1  25.00 ( 14.83)	Acc@5  53.12 ( 32.55)
Epoch: [0][3980/4949]	Time  0.899 ( 1.008)	Data  0.808 ( 0.479)	Loss 3.9654e+00 (4.5444e+00)	Acc@1  23.44 ( 14.90)	Acc@5  43.75 ( 32.66)
Epoch: [0][4000/4949]	Time  0.748 ( 1.007)	Data  0.666 ( 0.480)	Loss 3.1104e+00 (4.5386e+00)	Acc@1  32.81 ( 14.97)	Acc@5  59.38 ( 32.76)
Epoch: [0][4020/4949]	Time  0.526 ( 1.006)	Data  0.444 ( 0.479)	Loss 3.4055e+00 (4.5329e+00)	Acc@1  25.78 ( 15.04)	Acc@5  52.34 ( 32.87)
Epoch: [0][4040/4949]	Time  0.503 ( 1.005)	Data  0.172 ( 0.478)	Loss 3.5139e+00 (4.5270e+00)	Acc@1  30.47 ( 15.12)	Acc@5  50.00 ( 32.97)
Epoch: [0][4060/4949]	Time  0.229 ( 1.004)	Data  0.143 ( 0.476)	Loss 3.2006e+00 (4.5211e+00)	Acc@1  30.47 ( 15.19)	Acc@5  56.25 ( 33.08)
Epoch: [0][4080/4949]	Time  0.247 ( 1.003)	Data  0.152 ( 0.475)	Loss 3.4628e+00 (4.5152e+00)	Acc@1  24.22 ( 15.26)	Acc@5  53.12 ( 33.19)
Epoch: [0][4100/4949]	Time  0.251 ( 1.003)	Data  0.169 ( 0.473)	Loss 3.3898e+00 (4.5096e+00)	Acc@1  25.78 ( 15.32)	Acc@5  52.34 ( 33.29)
Epoch: [0][4120/4949]	Time  0.240 ( 1.002)	Data  0.131 ( 0.472)	Loss 3.6467e+00 (4.5040e+00)	Acc@1  25.00 ( 15.38)	Acc@5  50.78 ( 33.39)
Epoch: [0][4140/4949]	Time  0.320 ( 1.001)	Data  0.223 ( 0.470)	Loss 3.2249e+00 (4.4984e+00)	Acc@1  31.25 ( 15.45)	Acc@5  56.25 ( 33.50)
Epoch: [0][4160/4949]	Time  0.253 ( 1.000)	Data  0.171 ( 0.469)	Loss 3.7094e+00 (4.4927e+00)	Acc@1  20.31 ( 15.51)	Acc@5  49.22 ( 33.61)
Epoch: [0][4180/4949]	Time  0.226 ( 0.999)	Data  0.133 ( 0.467)	Loss 3.1731e+00 (4.4868e+00)	Acc@1  28.91 ( 15.58)	Acc@5  61.72 ( 33.71)
Epoch: [0][4200/4949]	Time  0.296 ( 0.998)	Data  0.157 ( 0.466)	Loss 3.3292e+00 (4.4814e+00)	Acc@1  31.25 ( 15.63)	Acc@5  54.69 ( 33.81)
Epoch: [0][4220/4949]	Time  0.295 ( 0.998)	Data  0.145 ( 0.464)	Loss 3.2142e+00 (4.4757e+00)	Acc@1  30.47 ( 15.71)	Acc@5  58.59 ( 33.92)
Epoch: [0][4240/4949]	Time  0.230 ( 0.997)	Data  0.136 ( 0.463)	Loss 3.4398e+00 (4.4700e+00)	Acc@1  28.12 ( 15.78)	Acc@5  53.91 ( 34.02)
Epoch: [0][4260/4949]	Time  0.261 ( 0.996)	Data  0.165 ( 0.461)	Loss 3.2083e+00 (4.4640e+00)	Acc@1  28.12 ( 15.85)	Acc@5  57.81 ( 34.13)
Epoch: [0][4280/4949]	Time  0.239 ( 0.995)	Data  0.146 ( 0.460)	Loss 3.0512e+00 (4.4588e+00)	Acc@1  37.50 ( 15.92)	Acc@5  61.72 ( 34.22)
Epoch: [0][4300/4949]	Time  0.290 ( 0.994)	Data  0.198 ( 0.459)	Loss 3.1996e+00 (4.4536e+00)	Acc@1  26.56 ( 15.97)	Acc@5  58.59 ( 34.32)
Epoch: [0][4320/4949]	Time  0.259 ( 0.994)	Data  0.133 ( 0.457)	Loss 3.2147e+00 (4.4482e+00)	Acc@1  33.59 ( 16.04)	Acc@5  55.47 ( 34.42)
Epoch: [0][4340/4949]	Time  0.258 ( 0.993)	Data  0.177 ( 0.456)	Loss 3.4634e+00 (4.4429e+00)	Acc@1  25.00 ( 16.10)	Acc@5  51.56 ( 34.52)
Epoch: [0][4360/4949]	Time  0.265 ( 0.992)	Data  0.145 ( 0.455)	Loss 3.4983e+00 (4.4378e+00)	Acc@1  28.91 ( 16.17)	Acc@5  50.00 ( 34.62)
Epoch: [0][4380/4949]	Time  0.250 ( 0.991)	Data  0.162 ( 0.453)	Loss 3.3144e+00 (4.4325e+00)	Acc@1  34.38 ( 16.23)	Acc@5  57.81 ( 34.72)
Epoch: [0][4400/4949]	Time  0.249 ( 0.990)	Data  0.167 ( 0.452)	Loss 3.4356e+00 (4.4271e+00)	Acc@1  35.94 ( 16.29)	Acc@5  53.91 ( 34.81)
Epoch: [0][4420/4949]	Time  0.287 ( 0.989)	Data  0.193 ( 0.451)	Loss 3.1712e+00 (4.4219e+00)	Acc@1  29.69 ( 16.36)	Acc@5  55.47 ( 34.91)
Epoch: [0][4440/4949]	Time  0.271 ( 0.989)	Data  0.182 ( 0.449)	Loss 3.1799e+00 (4.4169e+00)	Acc@1  31.25 ( 16.42)	Acc@5  56.25 ( 34.99)
Epoch: [0][4460/4949]	Time  0.567 ( 0.988)	Data  0.149 ( 0.448)	Loss 2.9102e+00 (4.4114e+00)	Acc@1  29.69 ( 16.48)	Acc@5  66.41 ( 35.10)
Epoch: [0][4480/4949]	Time  0.256 ( 0.987)	Data  0.133 ( 0.447)	Loss 3.1944e+00 (4.4062e+00)	Acc@1  25.00 ( 16.55)	Acc@5  59.38 ( 35.19)
Epoch: [0][4500/4949]	Time  0.258 ( 0.986)	Data  0.170 ( 0.446)	Loss 3.2729e+00 (4.4012e+00)	Acc@1  28.12 ( 16.60)	Acc@5  56.25 ( 35.29)
Epoch: [0][4520/4949]	Time  0.298 ( 0.986)	Data  0.142 ( 0.444)	Loss 2.7757e+00 (4.3959e+00)	Acc@1  40.62 ( 16.67)	Acc@5  64.06 ( 35.39)
Epoch: [0][4540/4949]	Time  0.269 ( 0.985)	Data  0.183 ( 0.443)	Loss 3.3773e+00 (4.3907e+00)	Acc@1  28.91 ( 16.73)	Acc@5  54.69 ( 35.48)
Epoch: [0][4560/4949]	Time  0.267 ( 0.984)	Data  0.185 ( 0.442)	Loss 2.9045e+00 (4.3855e+00)	Acc@1  35.16 ( 16.80)	Acc@5  62.50 ( 35.58)
Epoch: [0][4580/4949]	Time  0.295 ( 0.983)	Data  0.167 ( 0.441)	Loss 3.2291e+00 (4.3805e+00)	Acc@1  35.16 ( 16.86)	Acc@5  54.69 ( 35.67)
Epoch: [0][4600/4949]	Time  0.239 ( 0.983)	Data  0.157 ( 0.440)	Loss 2.9346e+00 (4.3755e+00)	Acc@1  36.72 ( 16.92)	Acc@5  62.50 ( 35.76)
Epoch: [0][4620/4949]	Time  0.229 ( 0.982)	Data  0.140 ( 0.438)	Loss 3.5281e+00 (4.3703e+00)	Acc@1  28.12 ( 16.99)	Acc@5  53.91 ( 35.86)
Epoch: [0][4640/4949]	Time  0.331 ( 0.981)	Data  0.220 ( 0.437)	Loss 3.4016e+00 (4.3655e+00)	Acc@1  25.00 ( 17.05)	Acc@5  56.25 ( 35.95)
Epoch: [0][4660/4949]	Time  0.251 ( 0.981)	Data  0.164 ( 0.436)	Loss 3.5247e+00 (4.3607e+00)	Acc@1  22.66 ( 17.10)	Acc@5  51.56 ( 36.04)
Epoch: [0][4680/4949]	Time  0.279 ( 0.980)	Data  0.197 ( 0.435)	Loss 3.3540e+00 (4.3559e+00)	Acc@1  32.03 ( 17.17)	Acc@5  50.78 ( 36.13)
Epoch: [0][4700/4949]	Time  0.267 ( 0.979)	Data  0.181 ( 0.434)	Loss 3.0620e+00 (4.3513e+00)	Acc@1  32.81 ( 17.22)	Acc@5  60.94 ( 36.21)
Epoch: [0][4720/4949]	Time  0.253 ( 0.978)	Data  0.171 ( 0.432)	Loss 3.1898e+00 (4.3464e+00)	Acc@1  32.03 ( 17.28)	Acc@5  60.94 ( 36.31)
Epoch: [0][4740/4949]	Time  0.556 ( 0.978)	Data  0.140 ( 0.431)	Loss 3.5355e+00 (4.3418e+00)	Acc@1  25.78 ( 17.34)	Acc@5  50.78 ( 36.39)
Epoch: [0][4760/4949]	Time  0.228 ( 0.977)	Data  0.146 ( 0.430)	Loss 3.4759e+00 (4.3370e+00)	Acc@1  33.59 ( 17.40)	Acc@5  53.91 ( 36.49)
Epoch: [0][4780/4949]	Time  0.234 ( 0.976)	Data  0.152 ( 0.429)	Loss 2.9319e+00 (4.3321e+00)	Acc@1  42.19 ( 17.47)	Acc@5  64.06 ( 36.58)
Epoch: [0][4800/4949]	Time  0.431 ( 0.976)	Data  0.144 ( 0.428)	Loss 2.8906e+00 (4.3274e+00)	Acc@1  36.72 ( 17.53)	Acc@5  62.50 ( 36.66)
Epoch: [0][4820/4949]	Time  0.275 ( 0.975)	Data  0.144 ( 0.427)	Loss 3.3648e+00 (4.3227e+00)	Acc@1  33.59 ( 17.58)	Acc@5  52.34 ( 36.74)
Epoch: [0][4840/4949]	Time  0.390 ( 0.974)	Data  0.140 ( 0.426)	Loss 2.9058e+00 (4.3177e+00)	Acc@1  32.81 ( 17.65)	Acc@5  60.94 ( 36.84)
Epoch: [0][4860/4949]	Time  0.863 ( 0.974)	Data  0.144 ( 0.425)	Loss 3.1562e+00 (4.3132e+00)	Acc@1  28.91 ( 17.70)	Acc@5  57.81 ( 36.92)
Epoch: [0][4880/4949]	Time  0.295 ( 0.973)	Data  0.154 ( 0.423)	Loss 3.2301e+00 (4.3087e+00)	Acc@1  34.38 ( 17.76)	Acc@5  61.72 ( 37.00)
Epoch: [0][4900/4949]	Time  0.408 ( 0.972)	Data  0.148 ( 0.422)	Loss 3.0134e+00 (4.3042e+00)	Acc@1  35.94 ( 17.81)	Acc@5  58.59 ( 37.08)
Epoch: [0][4920/4949]	Time  0.268 ( 0.972)	Data  0.151 ( 0.421)	Loss 3.3521e+00 (4.2996e+00)	Acc@1  30.47 ( 17.87)	Acc@5  55.47 ( 37.16)
Epoch: [0][4940/4949]	Time  0.265 ( 0.971)	Data  0.162 ( 0.420)	Loss 3.1724e+00 (4.2950e+00)	Acc@1  28.12 ( 17.93)	Acc@5  60.16 ( 37.25)
Test: [  0/387]	Time  6.307 ( 6.307)	Loss 2.4801e+00 (2.4801e+00)	Acc@1  53.12 ( 53.12)	Acc@5  73.44 ( 73.44)
Test: [ 20/387]	Time  1.201 ( 0.918)	Loss 4.6230e+00 (3.2729e+00)	Acc@1  13.28 ( 30.69)	Acc@5  35.16 ( 56.06)
Test: [ 40/387]	Time  1.033 ( 0.779)	Loss 3.6526e+00 (3.2275e+00)	Acc@1  27.34 ( 31.36)	Acc@5  49.22 ( 57.34)
Test: [ 60/387]	Time  1.032 ( 0.722)	Loss 2.2634e+00 (3.2072e+00)	Acc@1  36.72 ( 32.02)	Acc@5  76.56 ( 57.86)
Test: [ 80/387]	Time  1.026 ( 0.699)	Loss 3.8439e+00 (3.3388e+00)	Acc@1  18.75 ( 28.35)	Acc@5  44.53 ( 54.61)
Test: [100/387]	Time  1.067 ( 0.679)	Loss 2.1676e+00 (3.3362e+00)	Acc@1  46.09 ( 27.42)	Acc@5  82.81 ( 54.14)
Test: [120/387]	Time  1.196 ( 0.683)	Loss 3.4883e+00 (3.3350e+00)	Acc@1  19.53 ( 27.15)	Acc@5  44.53 ( 54.29)
Test: [140/387]	Time  1.349 ( 0.677)	Loss 3.7004e+00 (3.3025e+00)	Acc@1  25.00 ( 27.90)	Acc@5  48.44 ( 54.96)
Test: [160/387]	Time  1.308 ( 0.677)	Loss 3.8578e+00 (3.2722e+00)	Acc@1  17.97 ( 28.39)	Acc@5  46.09 ( 55.66)
Test: [180/387]	Time  1.425 ( 0.678)	Loss 5.0761e+00 (3.3528e+00)	Acc@1  15.62 ( 27.46)	Acc@5  28.91 ( 54.16)
Test: [200/387]	Time  0.921 ( 0.701)	Loss 4.8997e+00 (3.3954e+00)	Acc@1  13.28 ( 27.20)	Acc@5  26.56 ( 53.38)
Test: [220/387]	Time  1.027 ( 0.732)	Loss 3.4456e+00 (3.4217e+00)	Acc@1  34.38 ( 27.23)	Acc@5  47.66 ( 52.90)
Test: [240/387]	Time  1.042 ( 0.764)	Loss 4.9488e+00 (3.4582e+00)	Acc@1  11.72 ( 26.95)	Acc@5  30.47 ( 52.27)
Test: [260/387]	Time  0.957 ( 0.788)	Loss 2.8421e+00 (3.4786e+00)	Acc@1  40.62 ( 26.72)	Acc@5  64.84 ( 51.94)
Test: [280/387]	Time  0.802 ( 0.807)	Loss 3.1696e+00 (3.5152e+00)	Acc@1  33.59 ( 26.33)	Acc@5  59.38 ( 51.22)
Test: [300/387]	Time  0.994 ( 0.818)	Loss 3.6291e+00 (3.5505e+00)	Acc@1  24.22 ( 25.96)	Acc@5  50.78 ( 50.58)
Test: [320/387]	Time  1.315 ( 0.833)	Loss 4.6727e+00 (3.5681e+00)	Acc@1  13.28 ( 25.73)	Acc@5  25.00 ( 50.30)
Test: [340/387]	Time  0.846 ( 0.844)	Loss 4.2934e+00 (3.5881e+00)	Acc@1  17.19 ( 25.46)	Acc@5  30.47 ( 49.91)
Test: [360/387]	Time  1.222 ( 0.852)	Loss 3.3252e+00 (3.5942e+00)	Acc@1  32.03 ( 25.47)	Acc@5  57.81 ( 49.84)
Test: [380/387]	Time  1.318 ( 0.864)	Loss 8.4928e-01 (3.5679e+00)	Acc@1  82.81 ( 25.89)	Acc@5  89.84 ( 50.35)
 *   Acc@1 26.030 Acc@5 50.454
Test: [  0/387]	Time  6.245 ( 6.245)	Loss 2.4801e+00 (2.4801e+00)	Acc@1  53.12 ( 53.12)	Acc@5  73.44 ( 73.44)
Test: [ 20/387]	Time  1.237 ( 0.925)	Loss 4.6230e+00 (3.2729e+00)	Acc@1  13.28 ( 30.69)	Acc@5  35.16 ( 56.06)
Test: [ 40/387]	Time  1.078 ( 0.781)	Loss 3.6526e+00 (3.2275e+00)	Acc@1  27.34 ( 31.36)	Acc@5  49.22 ( 57.34)
Test: [ 60/387]	Time  1.035 ( 0.723)	Loss 2.2634e+00 (3.2072e+00)	Acc@1  36.72 ( 32.02)	Acc@5  76.56 ( 57.86)
Test: [ 80/387]	Time  1.077 ( 0.700)	Loss 3.8439e+00 (3.3388e+00)	Acc@1  18.75 ( 28.35)	Acc@5  44.53 ( 54.61)
Test: [100/387]	Time  1.076 ( 0.680)	Loss 2.1676e+00 (3.3362e+00)	Acc@1  46.09 ( 27.42)	Acc@5  82.81 ( 54.14)
Test: [120/387]	Time  1.205 ( 0.683)	Loss 3.4883e+00 (3.3350e+00)	Acc@1  19.53 ( 27.15)	Acc@5  44.53 ( 54.29)
Test: [140/387]	Time  1.336 ( 0.678)	Loss 3.7004e+00 (3.3025e+00)	Acc@1  25.00 ( 27.90)	Acc@5  48.44 ( 54.96)
Test: [160/387]	Time  1.276 ( 0.678)	Loss 3.8578e+00 (3.2722e+00)	Acc@1  17.97 ( 28.39)	Acc@5  46.09 ( 55.66)
Test: [180/387]	Time  1.428 ( 0.679)	Loss 5.0761e+00 (3.3528e+00)	Acc@1  15.62 ( 27.46)	Acc@5  28.91 ( 54.16)
Test: [200/387]	Time  0.931 ( 0.701)	Loss 4.8997e+00 (3.3954e+00)	Acc@1  13.28 ( 27.20)	Acc@5  26.56 ( 53.38)
Test: [220/387]	Time  1.053 ( 0.732)	Loss 3.4456e+00 (3.4217e+00)	Acc@1  34.38 ( 27.23)	Acc@5  47.66 ( 52.90)
Test: [240/387]	Time  1.071 ( 0.764)	Loss 4.9488e+00 (3.4582e+00)	Acc@1  11.72 ( 26.95)	Acc@5  30.47 ( 52.27)
Test: [260/387]	Time  0.946 ( 0.788)	Loss 2.8421e+00 (3.4786e+00)	Acc@1  40.62 ( 26.72)	Acc@5  64.84 ( 51.94)
Test: [280/387]	Time  0.795 ( 0.807)	Loss 3.1696e+00 (3.5152e+00)	Acc@1  33.59 ( 26.33)	Acc@5  59.38 ( 51.22)
Test: [300/387]	Time  1.002 ( 0.818)	Loss 3.6291e+00 (3.5505e+00)	Acc@1  24.22 ( 25.96)	Acc@5  50.78 ( 50.58)
Test: [320/387]	Time  1.327 ( 0.833)	Loss 4.6727e+00 (3.5681e+00)	Acc@1  13.28 ( 25.73)	Acc@5  25.00 ( 50.30)
Test: [340/387]	Time  0.860 ( 0.844)	Loss 4.2933e+00 (3.5881e+00)	Acc@1  17.19 ( 25.46)	Acc@5  30.47 ( 49.91)
Test: [360/387]	Time  1.221 ( 0.852)	Loss 3.3252e+00 (3.5942e+00)	Acc@1  32.03 ( 25.47)	Acc@5  57.81 ( 49.84)
Test: [380/387]	Time  1.276 ( 0.864)	Loss 8.4928e-01 (3.5679e+00)	Acc@1  82.81 ( 25.89)	Acc@5  89.84 ( 50.35)
 *   Acc@1 26.030 Acc@5 50.454
