Use GPU: 0 for training
=> creating model 'resnet18'
----------------------------------------
training directory:/data/gpfs/datasets/Imagenet/train_blurred

validating directory:/data/gpfs/datasets/Imagenet/val_blurred

----------------------------------------
Dataset ImageFolder
    Number of datapoints: 1281066
    Root location: /data/gpfs/datasets/Imagenet/train_blurred
    StandardTransform
Transform: Compose(
               Resize(size=256, interpolation=bilinear, max_size=None, antialias=None)
               CenterCrop(size=(224, 224))
               ToTensor()
               Normalize(mean=[0.485, 0.456, 0.406], std=[0.229, 0.224, 0.225])
           )
----------------------------------------
Dataset ImageFolder
    Number of datapoints: 49997
    Root location: /data/gpfs/datasets/Imagenet/val_blurred
    StandardTransform
Transform: Compose(
               Resize(size=256, interpolation=bilinear, max_size=None, antialias=None)
               CenterCrop(size=(224, 224))
               ToTensor()
               Normalize(mean=[0.485, 0.456, 0.406], std=[0.229, 0.224, 0.225])
           )
----------------------------------------
           0                 1
0  n04004767           printer
1  n04009552         projector
2  n03782006           monitor
3  n02870880          bookcase
4  n03793489             mouse
5  n03180011  desktop_computer
[742, 745, 664, 453, 673, 527]
----------------------------------------
1273267
49697
Use GPU: 1 for training
=> creating model 'resnet18'
----------------------------------------
training directory:/data/gpfs/datasets/Imagenet/train_blurred

validating directory:/data/gpfs/datasets/Imagenet/val_blurred

----------------------------------------
Dataset ImageFolder
    Number of datapoints: 1281066
    Root location: /data/gpfs/datasets/Imagenet/train_blurred
    StandardTransform
Transform: Compose(
               Resize(size=256, interpolation=bilinear, max_size=None, antialias=None)
               CenterCrop(size=(224, 224))
               ToTensor()
               Normalize(mean=[0.485, 0.456, 0.406], std=[0.229, 0.224, 0.225])
           )
----------------------------------------
Dataset ImageFolder
    Number of datapoints: 49997
    Root location: /data/gpfs/datasets/Imagenet/val_blurred
    StandardTransform
Transform: Compose(
               Resize(size=256, interpolation=bilinear, max_size=None, antialias=None)
               CenterCrop(size=(224, 224))
               ToTensor()
               Normalize(mean=[0.485, 0.456, 0.406], std=[0.229, 0.224, 0.225])
           )
----------------------------------------
           0                 1
0  n04004767           printer
1  n04009552         projector
2  n03782006           monitor
3  n02870880          bookcase
4  n03793489             mouse
5  n03180011  desktop_computer
[742, 745, 664, 453, 673, 527]
----------------------------------------
1273267
49697
Epoch: [0][   0/4974]	Time 13.727 (13.727)	Data 12.275 (12.275)	Loss 7.0372e+00 (7.0372e+00)	Acc@1   0.00 (  0.00)	Acc@5   0.00 (  0.00)
Epoch: [0][  20/4974]	Time  3.135 ( 2.252)	Data  3.054 ( 2.104)	Loss 7.1107e+00 (7.0851e+00)	Acc@1   0.78 (  0.11)	Acc@5   1.56 (  0.82)
Epoch: [0][  40/4974]	Time  3.432 ( 1.987)	Data  3.351 ( 1.862)	Loss 6.9862e+00 (7.0682e+00)	Acc@1   0.78 (  0.17)	Acc@5   0.78 (  0.95)
Epoch: [0][  60/4974]	Time  2.958 ( 1.892)	Data  2.875 ( 1.778)	Loss 6.8020e+00 (7.0121e+00)	Acc@1   0.78 (  0.23)	Acc@5   2.34 (  1.08)
Epoch: [0][  80/4974]	Time  3.176 ( 1.837)	Data  2.805 ( 1.725)	Loss 6.7012e+00 (6.9557e+00)	Acc@1   0.00 (  0.31)	Acc@5   1.56 (  1.30)
Epoch: [0][ 100/4974]	Time  3.091 ( 1.806)	Data  2.352 ( 1.656)	Loss 6.6710e+00 (6.9101e+00)	Acc@1   1.56 (  0.39)	Acc@5   3.91 (  1.50)
Epoch: [0][ 120/4974]	Time  2.911 ( 1.776)	Data  2.260 ( 1.593)	Loss 6.5271e+00 (6.8666e+00)	Acc@1   2.34 (  0.46)	Acc@5   3.91 (  1.70)
Epoch: [0][ 140/4974]	Time  2.740 ( 1.761)	Data  1.275 ( 1.503)	Loss 6.7113e+00 (6.8293e+00)	Acc@1   0.00 (  0.52)	Acc@5   0.00 (  1.91)
Epoch: [0][ 160/4974]	Time  3.014 ( 1.745)	Data  1.371 ( 1.416)	Loss 6.4694e+00 (6.7912e+00)	Acc@1   3.12 (  0.57)	Acc@5   3.12 (  2.06)
Epoch: [0][ 180/4974]	Time  2.652 ( 1.729)	Data  0.891 ( 1.340)	Loss 6.4018e+00 (6.7555e+00)	Acc@1   0.78 (  0.62)	Acc@5   3.91 (  2.30)
Epoch: [0][ 200/4974]	Time  3.092 ( 1.721)	Data  0.792 ( 1.255)	Loss 6.4385e+00 (6.7249e+00)	Acc@1   0.78 (  0.63)	Acc@5   5.47 (  2.42)
Epoch: [0][ 220/4974]	Time  2.558 ( 1.706)	Data  1.495 ( 1.186)	Loss 6.4031e+00 (6.6971e+00)	Acc@1   0.78 (  0.65)	Acc@5   3.12 (  2.60)
Epoch: [0][ 240/4974]	Time  3.061 ( 1.697)	Data  0.787 ( 1.156)	Loss 6.3773e+00 (6.6697e+00)	Acc@1   3.12 (  0.72)	Acc@5   5.47 (  2.77)
Epoch: [0][ 260/4974]	Time  2.374 ( 1.685)	Data  0.921 ( 1.090)	Loss 6.1995e+00 (6.6399e+00)	Acc@1   2.34 (  0.79)	Acc@5   6.25 (  2.95)
Epoch: [0][ 280/4974]	Time  3.030 ( 1.674)	Data  0.992 ( 1.065)	Loss 6.3593e+00 (6.6088e+00)	Acc@1   0.00 (  0.83)	Acc@5   3.91 (  3.19)
Epoch: [0][ 300/4974]	Time  2.812 ( 1.664)	Data  1.852 ( 1.046)	Loss 6.4126e+00 (6.5814e+00)	Acc@1   0.78 (  0.87)	Acc@5   2.34 (  3.34)
Epoch: [0][ 320/4974]	Time  2.649 ( 1.652)	Data  1.529 ( 1.034)	Loss 5.9890e+00 (6.5541e+00)	Acc@1   1.56 (  0.91)	Acc@5   7.03 (  3.48)
Epoch: [0][ 340/4974]	Time  2.628 ( 1.638)	Data  2.547 ( 1.043)	Loss 6.0302e+00 (6.5268e+00)	Acc@1   2.34 (  0.97)	Acc@5  10.16 (  3.66)
Epoch: [0][ 360/4974]	Time  2.491 ( 1.627)	Data  2.410 ( 1.060)	Loss 6.1587e+00 (6.5015e+00)	Acc@1   1.56 (  1.04)	Acc@5   6.25 (  3.85)
Epoch: [0][ 380/4974]	Time  2.318 ( 1.616)	Data  1.177 ( 1.065)	Loss 6.0387e+00 (6.4772e+00)	Acc@1   1.56 (  1.09)	Acc@5   7.03 (  4.04)
Epoch: [0][ 400/4974]	Time  2.025 ( 1.605)	Data  1.617 ( 1.053)	Loss 5.8897e+00 (6.4527e+00)	Acc@1   2.34 (  1.14)	Acc@5   7.81 (  4.25)
Epoch: [0][ 420/4974]	Time  2.122 ( 1.597)	Data  1.686 ( 1.041)	Loss 6.0150e+00 (6.4287e+00)	Acc@1   0.00 (  1.18)	Acc@5   7.81 (  4.45)
Epoch: [0][ 440/4974]	Time  2.261 ( 1.590)	Data  1.194 ( 1.028)	Loss 6.0074e+00 (6.4053e+00)	Acc@1   1.56 (  1.24)	Acc@5   7.03 (  4.62)
Epoch: [0][ 460/4974]	Time  1.652 ( 1.579)	Data  1.260 ( 1.014)	Loss 5.7621e+00 (6.3837e+00)	Acc@1   1.56 (  1.30)	Acc@5  10.94 (  4.82)
Epoch: [0][ 480/4974]	Time  2.481 ( 1.575)	Data  0.146 ( 0.985)	Loss 5.8478e+00 (6.3597e+00)	Acc@1   1.56 (  1.36)	Acc@5   9.38 (  5.03)
Epoch: [0][ 500/4974]	Time  2.211 ( 1.568)	Data  0.196 ( 0.952)	Loss 5.6556e+00 (6.3371e+00)	Acc@1   3.91 (  1.44)	Acc@5   9.38 (  5.25)
Epoch: [0][ 520/4974]	Time  1.015 ( 1.561)	Data  0.146 ( 0.921)	Loss 5.6708e+00 (6.3173e+00)	Acc@1   3.91 (  1.51)	Acc@5  12.50 (  5.45)
Epoch: [0][ 540/4974]	Time  0.939 ( 1.555)	Data  0.149 ( 0.893)	Loss 5.8164e+00 (6.2976e+00)	Acc@1   3.12 (  1.58)	Acc@5   9.38 (  5.60)
Epoch: [0][ 560/4974]	Time  0.497 ( 1.548)	Data  0.146 ( 0.867)	Loss 5.7690e+00 (6.2775e+00)	Acc@1   4.69 (  1.63)	Acc@5  12.50 (  5.80)
Epoch: [0][ 580/4974]	Time  0.396 ( 1.543)	Data  0.145 ( 0.842)	Loss 5.5131e+00 (6.2570e+00)	Acc@1   4.69 (  1.68)	Acc@5  16.41 (  5.98)
Epoch: [0][ 600/4974]	Time  0.980 ( 1.538)	Data  0.134 ( 0.819)	Loss 5.5574e+00 (6.2383e+00)	Acc@1   1.56 (  1.73)	Acc@5  12.50 (  6.17)
Epoch: [0][ 620/4974]	Time  1.276 ( 1.531)	Data  0.703 ( 0.800)	Loss 5.6798e+00 (6.2188e+00)	Acc@1   4.69 (  1.79)	Acc@5   9.38 (  6.35)
Epoch: [0][ 640/4974]	Time  1.276 ( 1.525)	Data  0.468 ( 0.787)	Loss 5.5495e+00 (6.1979e+00)	Acc@1   8.59 (  1.87)	Acc@5  15.62 (  6.57)
Epoch: [0][ 660/4974]	Time  1.214 ( 1.519)	Data  0.143 ( 0.769)	Loss 5.8318e+00 (6.1776e+00)	Acc@1   4.69 (  1.94)	Acc@5  13.28 (  6.81)
Epoch: [0][ 680/4974]	Time  1.011 ( 1.513)	Data  0.153 ( 0.751)	Loss 5.5233e+00 (6.1599e+00)	Acc@1   5.47 (  2.02)	Acc@5  13.28 (  7.00)
Epoch: [0][ 700/4974]	Time  0.750 ( 1.506)	Data  0.153 ( 0.733)	Loss 5.4990e+00 (6.1414e+00)	Acc@1   6.25 (  2.09)	Acc@5  15.62 (  7.24)
Epoch: [0][ 720/4974]	Time  1.979 ( 1.500)	Data  0.145 ( 0.717)	Loss 5.4977e+00 (6.1224e+00)	Acc@1   6.25 (  2.18)	Acc@5  14.06 (  7.49)
Epoch: [0][ 740/4974]	Time  1.945 ( 1.494)	Data  0.158 ( 0.702)	Loss 5.3123e+00 (6.1031e+00)	Acc@1   4.69 (  2.26)	Acc@5  17.19 (  7.70)
Epoch: [0][ 760/4974]	Time  1.807 ( 1.487)	Data  0.145 ( 0.687)	Loss 5.4956e+00 (6.0858e+00)	Acc@1   7.03 (  2.34)	Acc@5  16.41 (  7.91)
Epoch: [0][ 780/4974]	Time  2.269 ( 1.480)	Data  0.147 ( 0.674)	Loss 5.4829e+00 (6.0670e+00)	Acc@1   6.25 (  2.43)	Acc@5  12.50 (  8.15)
Epoch: [0][ 800/4974]	Time  2.111 ( 1.473)	Data  0.145 ( 0.661)	Loss 5.4070e+00 (6.0509e+00)	Acc@1   3.91 (  2.50)	Acc@5  11.72 (  8.35)
Epoch: [0][ 820/4974]	Time  1.940 ( 1.465)	Data  0.146 ( 0.649)	Loss 5.3332e+00 (6.0342e+00)	Acc@1   7.03 (  2.56)	Acc@5  14.84 (  8.56)
Epoch: [0][ 840/4974]	Time  2.170 ( 1.459)	Data  0.146 ( 0.637)	Loss 5.3592e+00 (6.0178e+00)	Acc@1   7.03 (  2.63)	Acc@5  18.75 (  8.75)
Epoch: [0][ 860/4974]	Time  2.074 ( 1.454)	Data  0.146 ( 0.625)	Loss 5.4557e+00 (6.0003e+00)	Acc@1   1.56 (  2.72)	Acc@5  13.28 (  8.99)
Epoch: [0][ 880/4974]	Time  2.055 ( 1.447)	Data  0.151 ( 0.615)	Loss 5.2236e+00 (5.9836e+00)	Acc@1   7.03 (  2.80)	Acc@5  18.75 (  9.19)
Epoch: [0][ 900/4974]	Time  2.247 ( 1.442)	Data  0.163 ( 0.604)	Loss 5.2981e+00 (5.9670e+00)	Acc@1   8.59 (  2.88)	Acc@5  21.09 (  9.41)
Epoch: [0][ 920/4974]	Time  1.938 ( 1.436)	Data  0.145 ( 0.595)	Loss 5.2873e+00 (5.9518e+00)	Acc@1   6.25 (  2.94)	Acc@5  15.62 (  9.60)
Epoch: [0][ 940/4974]	Time  2.091 ( 1.430)	Data  0.140 ( 0.585)	Loss 5.1589e+00 (5.9357e+00)	Acc@1   5.47 (  3.02)	Acc@5  14.84 (  9.80)
Epoch: [0][ 960/4974]	Time  2.095 ( 1.424)	Data  0.146 ( 0.576)	Loss 5.2188e+00 (5.9198e+00)	Acc@1   6.25 (  3.11)	Acc@5  18.75 ( 10.00)
Epoch: [0][ 980/4974]	Time  1.807 ( 1.418)	Data  0.181 ( 0.567)	Loss 5.2104e+00 (5.9054e+00)	Acc@1   7.03 (  3.18)	Acc@5  18.75 ( 10.17)
Epoch: [0][1000/4974]	Time  2.002 ( 1.413)	Data  0.146 ( 0.559)	Loss 4.9913e+00 (5.8898e+00)	Acc@1   7.81 (  3.26)	Acc@5  21.88 ( 10.37)
Epoch: [0][1020/4974]	Time  1.935 ( 1.407)	Data  0.152 ( 0.551)	Loss 5.2491e+00 (5.8742e+00)	Acc@1   7.03 (  3.35)	Acc@5  18.75 ( 10.57)
Epoch: [0][1040/4974]	Time  1.879 ( 1.402)	Data  0.151 ( 0.543)	Loss 5.1572e+00 (5.8590e+00)	Acc@1  10.94 (  3.44)	Acc@5  22.66 ( 10.78)
Epoch: [0][1060/4974]	Time  2.020 ( 1.396)	Data  0.201 ( 0.536)	Loss 5.0738e+00 (5.8450e+00)	Acc@1   7.81 (  3.52)	Acc@5  20.31 ( 10.99)
Epoch: [0][1080/4974]	Time  1.877 ( 1.390)	Data  0.176 ( 0.529)	Loss 5.0282e+00 (5.8299e+00)	Acc@1   5.47 (  3.59)	Acc@5  21.09 ( 11.19)
Epoch: [0][1100/4974]	Time  1.901 ( 1.384)	Data  0.158 ( 0.522)	Loss 5.1582e+00 (5.8159e+00)	Acc@1  10.16 (  3.67)	Acc@5  18.75 ( 11.37)
Epoch: [0][1120/4974]	Time  1.814 ( 1.379)	Data  0.145 ( 0.516)	Loss 5.3420e+00 (5.8017e+00)	Acc@1   7.81 (  3.75)	Acc@5  17.97 ( 11.56)
Epoch: [0][1140/4974]	Time  1.918 ( 1.374)	Data  0.146 ( 0.509)	Loss 5.3446e+00 (5.7874e+00)	Acc@1   4.69 (  3.84)	Acc@5  17.19 ( 11.79)
Epoch: [0][1160/4974]	Time  1.952 ( 1.369)	Data  0.161 ( 0.503)	Loss 4.8086e+00 (5.7730e+00)	Acc@1  12.50 (  3.93)	Acc@5  25.78 ( 11.98)
Epoch: [0][1180/4974]	Time  1.506 ( 1.364)	Data  0.155 ( 0.497)	Loss 4.8802e+00 (5.7585e+00)	Acc@1   6.25 (  4.02)	Acc@5  25.00 ( 12.19)
Epoch: [0][1200/4974]	Time  1.972 ( 1.359)	Data  0.145 ( 0.492)	Loss 4.8155e+00 (5.7456e+00)	Acc@1  10.94 (  4.10)	Acc@5  21.88 ( 12.37)
Epoch: [0][1220/4974]	Time  1.842 ( 1.354)	Data  0.147 ( 0.486)	Loss 4.9491e+00 (5.7317e+00)	Acc@1   8.59 (  4.19)	Acc@5  27.34 ( 12.59)
Epoch: [0][1240/4974]	Time  1.655 ( 1.349)	Data  0.158 ( 0.481)	Loss 4.9907e+00 (5.7175e+00)	Acc@1   9.38 (  4.27)	Acc@5  24.22 ( 12.78)
Epoch: [0][1260/4974]	Time  1.966 ( 1.344)	Data  0.161 ( 0.475)	Loss 4.6110e+00 (5.7044e+00)	Acc@1  12.50 (  4.36)	Acc@5  32.03 ( 12.98)
Epoch: [0][1280/4974]	Time  1.854 ( 1.339)	Data  0.147 ( 0.470)	Loss 4.9085e+00 (5.6921e+00)	Acc@1   6.25 (  4.42)	Acc@5  28.91 ( 13.17)
Epoch: [0][1300/4974]	Time  1.526 ( 1.334)	Data  0.160 ( 0.465)	Loss 5.1932e+00 (5.6789e+00)	Acc@1   7.81 (  4.50)	Acc@5  24.22 ( 13.36)
Epoch: [0][1320/4974]	Time  2.052 ( 1.330)	Data  0.144 ( 0.461)	Loss 5.0451e+00 (5.6657e+00)	Acc@1   6.25 (  4.58)	Acc@5  22.66 ( 13.53)
Epoch: [0][1340/4974]	Time  1.643 ( 1.325)	Data  0.148 ( 0.456)	Loss 4.9714e+00 (5.6522e+00)	Acc@1   7.03 (  4.64)	Acc@5  20.31 ( 13.73)
Epoch: [0][1360/4974]	Time  1.746 ( 1.320)	Data  0.163 ( 0.452)	Loss 4.7165e+00 (5.6396e+00)	Acc@1   8.59 (  4.73)	Acc@5  29.69 ( 13.93)
Epoch: [0][1380/4974]	Time  1.757 ( 1.315)	Data  0.159 ( 0.447)	Loss 4.6783e+00 (5.6277e+00)	Acc@1  10.16 (  4.81)	Acc@5  28.12 ( 14.10)
Epoch: [0][1400/4974]	Time  1.435 ( 1.311)	Data  0.143 ( 0.443)	Loss 5.0589e+00 (5.6153e+00)	Acc@1   6.25 (  4.89)	Acc@5  25.78 ( 14.30)
Epoch: [0][1420/4974]	Time  1.563 ( 1.307)	Data  0.146 ( 0.439)	Loss 4.6725e+00 (5.6024e+00)	Acc@1   9.38 (  4.97)	Acc@5  28.12 ( 14.49)
Epoch: [0][1440/4974]	Time  1.885 ( 1.302)	Data  0.145 ( 0.435)	Loss 4.4600e+00 (5.5899e+00)	Acc@1  14.06 (  5.06)	Acc@5  38.28 ( 14.69)
Epoch: [0][1460/4974]	Time  1.539 ( 1.297)	Data  0.565 ( 0.432)	Loss 5.0396e+00 (5.5776e+00)	Acc@1   7.81 (  5.14)	Acc@5  23.44 ( 14.87)
Epoch: [0][1480/4974]	Time  2.009 ( 1.293)	Data  0.683 ( 0.431)	Loss 4.4643e+00 (5.5659e+00)	Acc@1  14.84 (  5.22)	Acc@5  35.16 ( 15.06)
Epoch: [0][1500/4974]	Time  1.561 ( 1.288)	Data  1.480 ( 0.434)	Loss 4.4922e+00 (5.5542e+00)	Acc@1  10.94 (  5.30)	Acc@5  28.12 ( 15.23)
Epoch: [0][1520/4974]	Time  1.495 ( 1.282)	Data  1.405 ( 0.439)	Loss 4.7391e+00 (5.5427e+00)	Acc@1   3.91 (  5.38)	Acc@5  22.66 ( 15.41)
Epoch: [0][1540/4974]	Time  1.569 ( 1.277)	Data  1.007 ( 0.443)	Loss 4.7950e+00 (5.5313e+00)	Acc@1  10.94 (  5.46)	Acc@5  32.03 ( 15.58)
Epoch: [0][1560/4974]	Time  1.638 ( 1.272)	Data  1.552 ( 0.446)	Loss 4.6712e+00 (5.5187e+00)	Acc@1  16.41 (  5.56)	Acc@5  27.34 ( 15.78)
Epoch: [0][1580/4974]	Time  1.606 ( 1.267)	Data  1.521 ( 0.451)	Loss 4.4438e+00 (5.5059e+00)	Acc@1  15.62 (  5.66)	Acc@5  29.69 ( 15.99)
Epoch: [0][1600/4974]	Time  1.292 ( 1.262)	Data  1.156 ( 0.454)	Loss 4.5153e+00 (5.4942e+00)	Acc@1  11.72 (  5.74)	Acc@5  35.16 ( 16.18)
Epoch: [0][1620/4974]	Time  1.389 ( 1.257)	Data  0.565 ( 0.455)	Loss 4.8130e+00 (5.4823e+00)	Acc@1   8.59 (  5.83)	Acc@5  25.00 ( 16.36)
Epoch: [0][1640/4974]	Time  1.365 ( 1.253)	Data  0.696 ( 0.454)	Loss 4.6253e+00 (5.4703e+00)	Acc@1  11.72 (  5.92)	Acc@5  28.12 ( 16.56)
Epoch: [0][1660/4974]	Time  0.876 ( 1.248)	Data  0.711 ( 0.453)	Loss 4.6767e+00 (5.4597e+00)	Acc@1  11.72 (  5.99)	Acc@5  33.59 ( 16.72)
Epoch: [0][1680/4974]	Time  1.539 ( 1.244)	Data  1.457 ( 0.456)	Loss 4.5428e+00 (5.4486e+00)	Acc@1  10.16 (  6.07)	Acc@5  28.91 ( 16.90)
Epoch: [0][1700/4974]	Time  1.372 ( 1.239)	Data  1.289 ( 0.459)	Loss 4.3808e+00 (5.4371e+00)	Acc@1  18.75 (  6.18)	Acc@5  32.03 ( 17.09)
Epoch: [0][1720/4974]	Time  1.636 ( 1.236)	Data  1.554 ( 0.463)	Loss 4.2052e+00 (5.4250e+00)	Acc@1  16.41 (  6.28)	Acc@5  35.94 ( 17.29)
Epoch: [0][1740/4974]	Time  1.697 ( 1.232)	Data  1.616 ( 0.468)	Loss 4.2981e+00 (5.4134e+00)	Acc@1  18.75 (  6.37)	Acc@5  35.94 ( 17.49)
Epoch: [0][1760/4974]	Time  1.842 ( 1.228)	Data  1.761 ( 0.471)	Loss 4.6368e+00 (5.4018e+00)	Acc@1  13.28 (  6.47)	Acc@5  23.44 ( 17.67)
Epoch: [0][1780/4974]	Time  1.662 ( 1.224)	Data  1.580 ( 0.475)	Loss 4.5641e+00 (5.3914e+00)	Acc@1  10.16 (  6.55)	Acc@5  35.94 ( 17.85)
Epoch: [0][1800/4974]	Time  1.406 ( 1.220)	Data  1.323 ( 0.478)	Loss 4.2560e+00 (5.3805e+00)	Acc@1  13.28 (  6.63)	Acc@5  35.16 ( 18.04)
Epoch: [0][1820/4974]	Time  1.625 ( 1.216)	Data  1.289 ( 0.481)	Loss 4.0266e+00 (5.3693e+00)	Acc@1  21.88 (  6.73)	Acc@5  40.62 ( 18.22)
Epoch: [0][1840/4974]	Time  1.698 ( 1.212)	Data  1.610 ( 0.482)	Loss 4.4124e+00 (5.3594e+00)	Acc@1  18.75 (  6.82)	Acc@5  34.38 ( 18.40)
Epoch: [0][1860/4974]	Time  1.036 ( 1.208)	Data  0.955 ( 0.485)	Loss 4.3965e+00 (5.3484e+00)	Acc@1  16.41 (  6.91)	Acc@5  33.59 ( 18.59)
Epoch: [0][1880/4974]	Time  0.918 ( 1.204)	Data  0.675 ( 0.485)	Loss 4.5394e+00 (5.3375e+00)	Acc@1  13.28 (  7.00)	Acc@5  39.06 ( 18.78)
Epoch: [0][1900/4974]	Time  0.243 ( 1.201)	Data  0.154 ( 0.484)	Loss 4.4400e+00 (5.3270e+00)	Acc@1  14.84 (  7.09)	Acc@5  32.81 ( 18.95)
Epoch: [0][1920/4974]	Time  0.247 ( 1.198)	Data  0.155 ( 0.481)	Loss 4.1773e+00 (5.3157e+00)	Acc@1  14.84 (  7.18)	Acc@5  41.41 ( 19.14)
Epoch: [0][1940/4974]	Time  0.239 ( 1.195)	Data  0.143 ( 0.477)	Loss 4.4202e+00 (5.3050e+00)	Acc@1  14.84 (  7.26)	Acc@5  35.16 ( 19.30)
Epoch: [0][1960/4974]	Time  0.263 ( 1.192)	Data  0.163 ( 0.474)	Loss 4.0951e+00 (5.2943e+00)	Acc@1  17.97 (  7.35)	Acc@5  39.84 ( 19.48)
Epoch: [0][1980/4974]	Time  0.231 ( 1.188)	Data  0.138 ( 0.471)	Loss 4.6831e+00 (5.2837e+00)	Acc@1   9.38 (  7.43)	Acc@5  24.22 ( 19.65)
Epoch: [0][2000/4974]	Time  0.233 ( 1.185)	Data  0.151 ( 0.468)	Loss 4.2266e+00 (5.2745e+00)	Acc@1  14.84 (  7.50)	Acc@5  36.72 ( 19.80)
Epoch: [0][2020/4974]	Time  0.433 ( 1.183)	Data  0.352 ( 0.465)	Loss 4.3429e+00 (5.2649e+00)	Acc@1  13.28 (  7.58)	Acc@5  33.59 ( 19.96)
Epoch: [0][2040/4974]	Time  1.312 ( 1.180)	Data  1.231 ( 0.465)	Loss 4.0662e+00 (5.2548e+00)	Acc@1  17.97 (  7.67)	Acc@5  39.84 ( 20.13)
Epoch: [0][2060/4974]	Time  1.597 ( 1.177)	Data  1.510 ( 0.468)	Loss 4.1614e+00 (5.2450e+00)	Acc@1  17.19 (  7.75)	Acc@5  39.84 ( 20.30)
Epoch: [0][2080/4974]	Time  0.421 ( 1.174)	Data  0.313 ( 0.469)	Loss 4.0901e+00 (5.2349e+00)	Acc@1  18.75 (  7.83)	Acc@5  39.06 ( 20.46)
Epoch: [0][2100/4974]	Time  0.764 ( 1.171)	Data  0.683 ( 0.469)	Loss 4.1546e+00 (5.2249e+00)	Acc@1  14.06 (  7.92)	Acc@5  33.59 ( 20.63)
Epoch: [0][2120/4974]	Time  0.226 ( 1.168)	Data  0.139 ( 0.468)	Loss 4.4806e+00 (5.2158e+00)	Acc@1  16.41 (  8.00)	Acc@5  32.81 ( 20.79)
Epoch: [0][2140/4974]	Time  0.240 ( 1.165)	Data  0.153 ( 0.468)	Loss 4.5044e+00 (5.2068e+00)	Acc@1  16.41 (  8.08)	Acc@5  35.16 ( 20.94)
Epoch: [0][2160/4974]	Time  0.237 ( 1.161)	Data  0.156 ( 0.471)	Loss 4.0184e+00 (5.1969e+00)	Acc@1  17.97 (  8.17)	Acc@5  36.72 ( 21.13)
Epoch: [0][2180/4974]	Time  0.248 ( 1.158)	Data  0.146 ( 0.473)	Loss 4.0873e+00 (5.1873e+00)	Acc@1  15.62 (  8.25)	Acc@5  42.19 ( 21.30)
Epoch: [0][2200/4974]	Time  0.296 ( 1.155)	Data  0.152 ( 0.472)	Loss 4.3383e+00 (5.1780e+00)	Acc@1  15.62 (  8.34)	Acc@5  33.59 ( 21.45)
Epoch: [0][2220/4974]	Time  0.263 ( 1.152)	Data  0.175 ( 0.470)	Loss 4.0731e+00 (5.1682e+00)	Acc@1  17.97 (  8.43)	Acc@5  42.97 ( 21.62)
Epoch: [0][2240/4974]	Time  0.257 ( 1.149)	Data  0.146 ( 0.469)	Loss 3.8649e+00 (5.1590e+00)	Acc@1  23.44 (  8.51)	Acc@5  43.75 ( 21.77)
Epoch: [0][2260/4974]	Time  0.265 ( 1.147)	Data  0.166 ( 0.467)	Loss 4.0683e+00 (5.1499e+00)	Acc@1  17.19 (  8.59)	Acc@5  41.41 ( 21.94)
Epoch: [0][2280/4974]	Time  0.791 ( 1.144)	Data  0.710 ( 0.465)	Loss 3.8237e+00 (5.1409e+00)	Acc@1  22.66 (  8.67)	Acc@5  43.75 ( 22.09)
Epoch: [0][2300/4974]	Time  0.352 ( 1.142)	Data  0.271 ( 0.464)	Loss 3.8445e+00 (5.1319e+00)	Acc@1  21.09 (  8.75)	Acc@5  43.75 ( 22.24)
Epoch: [0][2320/4974]	Time  1.011 ( 1.139)	Data  0.925 ( 0.464)	Loss 4.0773e+00 (5.1228e+00)	Acc@1  19.53 (  8.83)	Acc@5  39.06 ( 22.40)
Epoch: [0][2340/4974]	Time  0.656 ( 1.137)	Data  0.573 ( 0.464)	Loss 4.0802e+00 (5.1133e+00)	Acc@1  14.84 (  8.91)	Acc@5  41.41 ( 22.56)
Epoch: [0][2360/4974]	Time  0.271 ( 1.135)	Data  0.188 ( 0.462)	Loss 4.5043e+00 (5.1046e+00)	Acc@1  17.19 (  8.99)	Acc@5  34.38 ( 22.71)
Epoch: [0][2380/4974]	Time  0.237 ( 1.132)	Data  0.147 ( 0.459)	Loss 3.9545e+00 (5.0959e+00)	Acc@1  17.97 (  9.06)	Acc@5  44.53 ( 22.86)
Epoch: [0][2400/4974]	Time  0.280 ( 1.130)	Data  0.191 ( 0.457)	Loss 3.9991e+00 (5.0873e+00)	Acc@1  17.97 (  9.14)	Acc@5  40.62 ( 23.02)
Epoch: [0][2420/4974]	Time  0.224 ( 1.127)	Data  0.143 ( 0.455)	Loss 3.9196e+00 (5.0782e+00)	Acc@1  16.41 (  9.23)	Acc@5  38.28 ( 23.17)
Epoch: [0][2440/4974]	Time  0.230 ( 1.125)	Data  0.148 ( 0.453)	Loss 4.0898e+00 (5.0696e+00)	Acc@1  17.19 (  9.31)	Acc@5  39.84 ( 23.32)
Epoch: [0][2460/4974]	Time  0.637 ( 1.122)	Data  0.510 ( 0.454)	Loss 3.7954e+00 (5.0611e+00)	Acc@1  23.44 (  9.39)	Acc@5  46.09 ( 23.46)
Epoch: [0][2480/4974]	Time  0.242 ( 1.120)	Data  0.157 ( 0.453)	Loss 4.1531e+00 (5.0527e+00)	Acc@1  17.19 (  9.47)	Acc@5  39.84 ( 23.61)
Epoch: [0][2500/4974]	Time  0.243 ( 1.117)	Data  0.162 ( 0.452)	Loss 4.1655e+00 (5.0439e+00)	Acc@1  12.50 (  9.55)	Acc@5  34.38 ( 23.75)
Epoch: [0][2520/4974]	Time  0.245 ( 1.115)	Data  0.164 ( 0.452)	Loss 3.7931e+00 (5.0349e+00)	Acc@1  24.22 (  9.64)	Acc@5  44.53 ( 23.91)
Epoch: [0][2540/4974]	Time  0.221 ( 1.112)	Data  0.140 ( 0.451)	Loss 4.1975e+00 (5.0264e+00)	Acc@1  21.09 (  9.73)	Acc@5  38.28 ( 24.05)
Epoch: [0][2560/4974]	Time  0.235 ( 1.110)	Data  0.146 ( 0.450)	Loss 3.7477e+00 (5.0186e+00)	Acc@1  17.19 (  9.80)	Acc@5  46.09 ( 24.18)
Epoch: [0][2580/4974]	Time  0.259 ( 1.107)	Data  0.178 ( 0.450)	Loss 3.6164e+00 (5.0102e+00)	Acc@1  25.00 (  9.87)	Acc@5  57.81 ( 24.33)
Epoch: [0][2600/4974]	Time  0.296 ( 1.105)	Data  0.147 ( 0.451)	Loss 3.8062e+00 (5.0017e+00)	Acc@1  21.88 (  9.97)	Acc@5  43.75 ( 24.48)
Epoch: [0][2620/4974]	Time  0.280 ( 1.102)	Data  0.146 ( 0.452)	Loss 3.9630e+00 (4.9936e+00)	Acc@1  18.75 ( 10.05)	Acc@5  42.19 ( 24.62)
Epoch: [0][2640/4974]	Time  0.275 ( 1.100)	Data  0.184 ( 0.453)	Loss 4.2016e+00 (4.9855e+00)	Acc@1  21.88 ( 10.13)	Acc@5  34.38 ( 24.77)
Epoch: [0][2660/4974]	Time  0.248 ( 1.098)	Data  0.167 ( 0.456)	Loss 3.5557e+00 (4.9775e+00)	Acc@1  24.22 ( 10.21)	Acc@5  53.12 ( 24.91)
Epoch: [0][2680/4974]	Time  0.249 ( 1.095)	Data  0.168 ( 0.457)	Loss 3.9619e+00 (4.9693e+00)	Acc@1  14.06 ( 10.29)	Acc@5  46.09 ( 25.06)
Epoch: [0][2700/4974]	Time  0.256 ( 1.093)	Data  0.168 ( 0.459)	Loss 3.8734e+00 (4.9612e+00)	Acc@1  20.31 ( 10.38)	Acc@5  50.78 ( 25.20)
Epoch: [0][2720/4974]	Time  0.281 ( 1.090)	Data  0.194 ( 0.461)	Loss 3.9488e+00 (4.9539e+00)	Acc@1  18.75 ( 10.45)	Acc@5  44.53 ( 25.33)
Epoch: [0][2740/4974]	Time  0.275 ( 1.088)	Data  0.145 ( 0.462)	Loss 3.9107e+00 (4.9461e+00)	Acc@1  19.53 ( 10.53)	Acc@5  42.97 ( 25.47)
Epoch: [0][2760/4974]	Time  0.288 ( 1.086)	Data  0.159 ( 0.463)	Loss 3.9182e+00 (4.9385e+00)	Acc@1  21.88 ( 10.61)	Acc@5  40.62 ( 25.61)
Epoch: [0][2780/4974]	Time  0.267 ( 1.084)	Data  0.157 ( 0.462)	Loss 3.7720e+00 (4.9306e+00)	Acc@1  24.22 ( 10.70)	Acc@5  44.53 ( 25.75)
Epoch: [0][2800/4974]	Time  0.225 ( 1.082)	Data  0.144 ( 0.460)	Loss 3.9325e+00 (4.9226e+00)	Acc@1  19.53 ( 10.77)	Acc@5  44.53 ( 25.89)
Epoch: [0][2820/4974]	Time  0.264 ( 1.081)	Data  0.176 ( 0.457)	Loss 3.6093e+00 (4.9152e+00)	Acc@1  21.09 ( 10.85)	Acc@5  47.66 ( 26.02)
Epoch: [0][2840/4974]	Time  0.239 ( 1.079)	Data  0.158 ( 0.455)	Loss 3.9306e+00 (4.9082e+00)	Acc@1  24.22 ( 10.92)	Acc@5  42.97 ( 26.14)
Epoch: [0][2860/4974]	Time  0.276 ( 1.078)	Data  0.179 ( 0.453)	Loss 3.8863e+00 (4.9002e+00)	Acc@1  21.09 ( 11.00)	Acc@5  46.88 ( 26.29)
Epoch: [0][2880/4974]	Time  0.269 ( 1.076)	Data  0.186 ( 0.451)	Loss 3.5965e+00 (4.8927e+00)	Acc@1  25.00 ( 11.08)	Acc@5  50.78 ( 26.43)
Epoch: [0][2900/4974]	Time  0.227 ( 1.074)	Data  0.146 ( 0.449)	Loss 3.9554e+00 (4.8851e+00)	Acc@1  15.62 ( 11.15)	Acc@5  41.41 ( 26.55)
Epoch: [0][2920/4974]	Time  0.239 ( 1.073)	Data  0.159 ( 0.447)	Loss 3.7815e+00 (4.8774e+00)	Acc@1  24.22 ( 11.23)	Acc@5  44.53 ( 26.70)
Epoch: [0][2940/4974]	Time  0.261 ( 1.071)	Data  0.172 ( 0.445)	Loss 3.7950e+00 (4.8700e+00)	Acc@1  23.44 ( 11.30)	Acc@5  41.41 ( 26.83)
Epoch: [0][2960/4974]	Time  0.241 ( 1.069)	Data  0.154 ( 0.444)	Loss 3.5030e+00 (4.8625e+00)	Acc@1  26.56 ( 11.38)	Acc@5  48.44 ( 26.96)
Epoch: [0][2980/4974]	Time  0.250 ( 1.068)	Data  0.139 ( 0.442)	Loss 3.6069e+00 (4.8551e+00)	Acc@1  26.56 ( 11.46)	Acc@5  51.56 ( 27.09)
Epoch: [0][3000/4974]	Time  0.300 ( 1.066)	Data  0.167 ( 0.440)	Loss 3.6973e+00 (4.8478e+00)	Acc@1  24.22 ( 11.54)	Acc@5  49.22 ( 27.22)
Epoch: [0][3020/4974]	Time  0.258 ( 1.064)	Data  0.171 ( 0.438)	Loss 3.7005e+00 (4.8403e+00)	Acc@1  28.12 ( 11.63)	Acc@5  51.56 ( 27.36)
Epoch: [0][3040/4974]	Time  0.246 ( 1.063)	Data  0.155 ( 0.436)	Loss 3.8513e+00 (4.8331e+00)	Acc@1  23.44 ( 11.71)	Acc@5  48.44 ( 27.48)
Epoch: [0][3060/4974]	Time  1.313 ( 1.061)	Data  0.140 ( 0.435)	Loss 3.8626e+00 (4.8259e+00)	Acc@1  24.22 ( 11.78)	Acc@5  50.00 ( 27.61)
Epoch: [0][3080/4974]	Time  1.348 ( 1.060)	Data  0.200 ( 0.433)	Loss 3.8528e+00 (4.8181e+00)	Acc@1  22.66 ( 11.86)	Acc@5  46.88 ( 27.75)
Epoch: [0][3100/4974]	Time  1.083 ( 1.058)	Data  0.146 ( 0.431)	Loss 3.8271e+00 (4.8106e+00)	Acc@1  20.31 ( 11.95)	Acc@5  50.00 ( 27.89)
Epoch: [0][3120/4974]	Time  1.313 ( 1.057)	Data  0.146 ( 0.429)	Loss 3.6154e+00 (4.8041e+00)	Acc@1  26.56 ( 12.02)	Acc@5  47.66 ( 28.01)
Epoch: [0][3140/4974]	Time  1.370 ( 1.056)	Data  0.145 ( 0.428)	Loss 3.5043e+00 (4.7967e+00)	Acc@1  28.91 ( 12.10)	Acc@5  53.12 ( 28.14)
Epoch: [0][3160/4974]	Time  1.317 ( 1.054)	Data  0.146 ( 0.426)	Loss 3.4139e+00 (4.7897e+00)	Acc@1  28.12 ( 12.17)	Acc@5  57.03 ( 28.27)
Epoch: [0][3180/4974]	Time  1.581 ( 1.053)	Data  0.214 ( 0.424)	Loss 3.3847e+00 (4.7834e+00)	Acc@1  23.44 ( 12.24)	Acc@5  54.69 ( 28.38)
Epoch: [0][3200/4974]	Time  1.377 ( 1.051)	Data  0.152 ( 0.423)	Loss 3.5319e+00 (4.7758e+00)	Acc@1  28.12 ( 12.32)	Acc@5  46.09 ( 28.52)
Epoch: [0][3220/4974]	Time  1.380 ( 1.050)	Data  0.161 ( 0.421)	Loss 3.7834e+00 (4.7688e+00)	Acc@1  18.75 ( 12.39)	Acc@5  48.44 ( 28.64)
Epoch: [0][3240/4974]	Time  1.135 ( 1.048)	Data  0.163 ( 0.419)	Loss 3.6497e+00 (4.7620e+00)	Acc@1  21.88 ( 12.47)	Acc@5  50.00 ( 28.77)
Epoch: [0][3260/4974]	Time  0.464 ( 1.047)	Data  0.154 ( 0.418)	Loss 3.7158e+00 (4.7553e+00)	Acc@1  25.00 ( 12.54)	Acc@5  47.66 ( 28.89)
Epoch: [0][3280/4974]	Time  0.316 ( 1.045)	Data  0.145 ( 0.418)	Loss 3.6651e+00 (4.7484e+00)	Acc@1  22.66 ( 12.62)	Acc@5  48.44 ( 29.02)
Epoch: [0][3300/4974]	Time  0.354 ( 1.044)	Data  0.203 ( 0.420)	Loss 3.6924e+00 (4.7418e+00)	Acc@1  25.78 ( 12.69)	Acc@5  44.53 ( 29.13)
Epoch: [0][3320/4974]	Time  0.276 ( 1.042)	Data  0.161 ( 0.421)	Loss 3.3922e+00 (4.7352e+00)	Acc@1  27.34 ( 12.76)	Acc@5  53.12 ( 29.25)
Epoch: [0][3340/4974]	Time  0.295 ( 1.040)	Data  0.161 ( 0.422)	Loss 3.4915e+00 (4.7284e+00)	Acc@1  23.44 ( 12.85)	Acc@5  51.56 ( 29.38)
Epoch: [0][3360/4974]	Time  0.287 ( 1.038)	Data  0.206 ( 0.424)	Loss 3.2706e+00 (4.7213e+00)	Acc@1  32.03 ( 12.93)	Acc@5  57.03 ( 29.51)
Epoch: [0][3380/4974]	Time  0.256 ( 1.037)	Data  0.146 ( 0.425)	Loss 3.5124e+00 (4.7147e+00)	Acc@1  21.88 ( 13.00)	Acc@5  49.22 ( 29.63)
Epoch: [0][3400/4974]	Time  0.260 ( 1.035)	Data  0.179 ( 0.426)	Loss 3.9630e+00 (4.7081e+00)	Acc@1  20.31 ( 13.06)	Acc@5  46.09 ( 29.76)
Epoch: [0][3420/4974]	Time  0.280 ( 1.034)	Data  0.199 ( 0.424)	Loss 3.5205e+00 (4.7011e+00)	Acc@1  22.66 ( 13.14)	Acc@5  49.22 ( 29.87)
Epoch: [0][3440/4974]	Time  0.228 ( 1.032)	Data  0.147 ( 0.423)	Loss 3.5147e+00 (4.6941e+00)	Acc@1  26.56 ( 13.22)	Acc@5  47.66 ( 30.01)
Epoch: [0][3460/4974]	Time  0.228 ( 1.031)	Data  0.146 ( 0.422)	Loss 3.5381e+00 (4.6876e+00)	Acc@1  30.47 ( 13.30)	Acc@5  50.78 ( 30.13)
Epoch: [0][3480/4974]	Time  0.229 ( 1.030)	Data  0.148 ( 0.421)	Loss 3.0413e+00 (4.6809e+00)	Acc@1  35.16 ( 13.37)	Acc@5  62.50 ( 30.25)
Epoch: [0][3500/4974]	Time  0.894 ( 1.028)	Data  0.805 ( 0.422)	Loss 3.6983e+00 (4.6743e+00)	Acc@1  19.53 ( 13.45)	Acc@5  46.09 ( 30.36)
Epoch: [0][3520/4974]	Time  0.229 ( 1.027)	Data  0.148 ( 0.421)	Loss 3.3825e+00 (4.6677e+00)	Acc@1  25.78 ( 13.52)	Acc@5  54.69 ( 30.48)
Epoch: [0][3540/4974]	Time  0.241 ( 1.026)	Data  0.159 ( 0.420)	Loss 3.5518e+00 (4.6615e+00)	Acc@1  28.12 ( 13.59)	Acc@5  49.22 ( 30.60)
Epoch: [0][3560/4974]	Time  0.276 ( 1.025)	Data  0.183 ( 0.419)	Loss 3.7231e+00 (4.6548e+00)	Acc@1  25.00 ( 13.67)	Acc@5  49.22 ( 30.73)
Epoch: [0][3580/4974]	Time  0.690 ( 1.024)	Data  0.145 ( 0.417)	Loss 3.8009e+00 (4.6487e+00)	Acc@1  25.00 ( 13.73)	Acc@5  45.31 ( 30.84)
Epoch: [0][3600/4974]	Time  0.858 ( 1.022)	Data  0.146 ( 0.416)	Loss 3.8478e+00 (4.6430e+00)	Acc@1  25.78 ( 13.80)	Acc@5  42.19 ( 30.95)
Epoch: [0][3620/4974]	Time  0.829 ( 1.021)	Data  0.152 ( 0.414)	Loss 3.3101e+00 (4.6366e+00)	Acc@1  33.59 ( 13.87)	Acc@5  56.25 ( 31.06)
Epoch: [0][3640/4974]	Time  1.272 ( 1.020)	Data  0.157 ( 0.413)	Loss 3.6741e+00 (4.6303e+00)	Acc@1  22.66 ( 13.93)	Acc@5  44.53 ( 31.17)
Epoch: [0][3660/4974]	Time  0.896 ( 1.019)	Data  0.167 ( 0.412)	Loss 3.3810e+00 (4.6241e+00)	Acc@1  28.91 ( 14.01)	Acc@5  53.91 ( 31.29)
Epoch: [0][3680/4974]	Time  1.546 ( 1.018)	Data  0.204 ( 0.410)	Loss 3.3026e+00 (4.6178e+00)	Acc@1  28.91 ( 14.08)	Acc@5  52.34 ( 31.40)
Epoch: [0][3700/4974]	Time  1.597 ( 1.017)	Data  0.224 ( 0.409)	Loss 3.5489e+00 (4.6118e+00)	Acc@1  22.66 ( 14.15)	Acc@5  50.00 ( 31.51)
Epoch: [0][3720/4974]	Time  0.912 ( 1.016)	Data  0.151 ( 0.408)	Loss 3.4886e+00 (4.6056e+00)	Acc@1  28.91 ( 14.22)	Acc@5  50.78 ( 31.62)
Epoch: [0][3740/4974]	Time  0.257 ( 1.014)	Data  0.167 ( 0.406)	Loss 3.7064e+00 (4.6002e+00)	Acc@1  24.22 ( 14.28)	Acc@5  46.09 ( 31.72)
Epoch: [0][3760/4974]	Time  0.233 ( 1.013)	Data  0.150 ( 0.405)	Loss 3.2430e+00 (4.5943e+00)	Acc@1  28.91 ( 14.35)	Acc@5  58.59 ( 31.82)
Epoch: [0][3780/4974]	Time  0.291 ( 1.012)	Data  0.211 ( 0.404)	Loss 3.5888e+00 (4.5888e+00)	Acc@1  24.22 ( 14.41)	Acc@5  50.00 ( 31.93)
Epoch: [0][3800/4974]	Time  0.282 ( 1.011)	Data  0.144 ( 0.402)	Loss 3.5437e+00 (4.5832e+00)	Acc@1  26.56 ( 14.46)	Acc@5  48.44 ( 32.03)
Epoch: [0][3820/4974]	Time  0.281 ( 1.010)	Data  0.155 ( 0.401)	Loss 3.4539e+00 (4.5773e+00)	Acc@1  27.34 ( 14.53)	Acc@5  57.81 ( 32.14)
Epoch: [0][3840/4974]	Time  0.639 ( 1.009)	Data  0.374 ( 0.400)	Loss 3.2461e+00 (4.5714e+00)	Acc@1  35.16 ( 14.60)	Acc@5  55.47 ( 32.25)
Epoch: [0][3860/4974]	Time  0.985 ( 1.008)	Data  0.479 ( 0.399)	Loss 3.7826e+00 (4.5657e+00)	Acc@1  24.22 ( 14.66)	Acc@5  44.53 ( 32.35)
Epoch: [0][3880/4974]	Time  0.667 ( 1.007)	Data  0.146 ( 0.398)	Loss 3.3034e+00 (4.5599e+00)	Acc@1  28.91 ( 14.73)	Acc@5  53.12 ( 32.45)
Epoch: [0][3900/4974]	Time  0.553 ( 1.006)	Data  0.472 ( 0.397)	Loss 3.7461e+00 (4.5539e+00)	Acc@1  21.88 ( 14.80)	Acc@5  47.66 ( 32.56)
Epoch: [0][3920/4974]	Time  0.670 ( 1.005)	Data  0.543 ( 0.397)	Loss 3.5153e+00 (4.5480e+00)	Acc@1  26.56 ( 14.86)	Acc@5  47.66 ( 32.67)
Epoch: [0][3940/4974]	Time  1.365 ( 1.004)	Data  0.147 ( 0.396)	Loss 3.3928e+00 (4.5424e+00)	Acc@1  29.69 ( 14.93)	Acc@5  57.03 ( 32.77)
Epoch: [0][3960/4974]	Time  1.352 ( 1.003)	Data  0.992 ( 0.396)	Loss 3.7145e+00 (4.5367e+00)	Acc@1  19.53 ( 14.99)	Acc@5  44.53 ( 32.87)
Epoch: [0][3980/4974]	Time  0.888 ( 1.001)	Data  0.800 ( 0.397)	Loss 3.0594e+00 (4.5311e+00)	Acc@1  34.38 ( 15.06)	Acc@5  63.28 ( 32.97)
Epoch: [0][4000/4974]	Time  0.821 ( 1.000)	Data  0.728 ( 0.397)	Loss 3.5013e+00 (4.5255e+00)	Acc@1  26.56 ( 15.12)	Acc@5  56.25 ( 33.07)
Epoch: [0][4020/4974]	Time  0.958 ( 0.999)	Data  0.134 ( 0.397)	Loss 3.3051e+00 (4.5199e+00)	Acc@1  27.34 ( 15.19)	Acc@5  53.91 ( 33.17)
Epoch: [0][4040/4974]	Time  0.256 ( 0.998)	Data  0.174 ( 0.396)	Loss 3.3743e+00 (4.5142e+00)	Acc@1  28.91 ( 15.26)	Acc@5  54.69 ( 33.27)
Epoch: [0][4060/4974]	Time  0.220 ( 0.997)	Data  0.139 ( 0.394)	Loss 3.1691e+00 (4.5084e+00)	Acc@1  35.16 ( 15.33)	Acc@5  53.12 ( 33.38)
Epoch: [0][4080/4974]	Time  0.251 ( 0.996)	Data  0.146 ( 0.393)	Loss 3.2573e+00 (4.5025e+00)	Acc@1  28.91 ( 15.40)	Acc@5  53.12 ( 33.49)
Epoch: [0][4100/4974]	Time  0.287 ( 0.995)	Data  0.145 ( 0.392)	Loss 3.5264e+00 (4.4964e+00)	Acc@1  21.09 ( 15.47)	Acc@5  46.88 ( 33.59)
Epoch: [0][4120/4974]	Time  0.323 ( 0.994)	Data  0.156 ( 0.391)	Loss 3.3430e+00 (4.4910e+00)	Acc@1  31.25 ( 15.53)	Acc@5  60.16 ( 33.69)
Epoch: [0][4140/4974]	Time  0.226 ( 0.993)	Data  0.140 ( 0.391)	Loss 3.1712e+00 (4.4853e+00)	Acc@1  32.81 ( 15.60)	Acc@5  57.03 ( 33.80)
Epoch: [0][4160/4974]	Time  0.308 ( 0.992)	Data  0.148 ( 0.392)	Loss 3.1119e+00 (4.4799e+00)	Acc@1  34.38 ( 15.67)	Acc@5  53.91 ( 33.89)
Epoch: [0][4180/4974]	Time  0.274 ( 0.992)	Data  0.166 ( 0.394)	Loss 2.9388e+00 (4.4740e+00)	Acc@1  33.59 ( 15.74)	Acc@5  64.06 ( 34.00)
Epoch: [0][4200/4974]	Time  0.331 ( 0.991)	Data  0.237 ( 0.395)	Loss 3.3101e+00 (4.4686e+00)	Acc@1  25.78 ( 15.81)	Acc@5  57.81 ( 34.10)
Epoch: [0][4220/4974]	Time  0.231 ( 0.990)	Data  0.147 ( 0.397)	Loss 3.5083e+00 (4.4632e+00)	Acc@1  29.69 ( 15.88)	Acc@5  53.91 ( 34.20)
Epoch: [0][4240/4974]	Time  0.266 ( 0.989)	Data  0.167 ( 0.398)	Loss 3.5952e+00 (4.4578e+00)	Acc@1  27.34 ( 15.94)	Acc@5  46.09 ( 34.30)
Epoch: [0][4260/4974]	Time  0.275 ( 0.988)	Data  0.184 ( 0.400)	Loss 2.9817e+00 (4.4523e+00)	Acc@1  35.94 ( 16.00)	Acc@5  54.69 ( 34.40)
Epoch: [0][4280/4974]	Time  0.313 ( 0.987)	Data  0.167 ( 0.401)	Loss 3.2189e+00 (4.4471e+00)	Acc@1  33.59 ( 16.07)	Acc@5  60.94 ( 34.50)
Epoch: [0][4300/4974]	Time  0.345 ( 0.987)	Data  0.157 ( 0.403)	Loss 3.0525e+00 (4.4415e+00)	Acc@1  33.59 ( 16.15)	Acc@5  57.81 ( 34.60)
Epoch: [0][4320/4974]	Time  0.295 ( 0.986)	Data  0.215 ( 0.404)	Loss 3.5073e+00 (4.4364e+00)	Acc@1  22.66 ( 16.20)	Acc@5  52.34 ( 34.69)
Epoch: [0][4340/4974]	Time  0.317 ( 0.985)	Data  0.137 ( 0.405)	Loss 3.3547e+00 (4.4310e+00)	Acc@1  29.69 ( 16.27)	Acc@5  53.91 ( 34.79)
Epoch: [0][4360/4974]	Time  0.314 ( 0.985)	Data  0.151 ( 0.407)	Loss 3.2710e+00 (4.4259e+00)	Acc@1  33.59 ( 16.33)	Acc@5  54.69 ( 34.88)
Epoch: [0][4380/4974]	Time  0.327 ( 0.984)	Data  0.145 ( 0.408)	Loss 3.2169e+00 (4.4207e+00)	Acc@1  29.69 ( 16.40)	Acc@5  56.25 ( 34.98)
Epoch: [0][4400/4974]	Time  0.268 ( 0.983)	Data  0.168 ( 0.410)	Loss 3.5736e+00 (4.4156e+00)	Acc@1  26.56 ( 16.46)	Acc@5  51.56 ( 35.07)
Epoch: [0][4420/4974]	Time  0.265 ( 0.982)	Data  0.168 ( 0.411)	Loss 3.6257e+00 (4.4106e+00)	Acc@1  21.88 ( 16.51)	Acc@5  48.44 ( 35.17)
Epoch: [0][4440/4974]	Time  0.234 ( 0.982)	Data  0.154 ( 0.412)	Loss 3.2122e+00 (4.4053e+00)	Acc@1  33.59 ( 16.58)	Acc@5  57.81 ( 35.26)
Epoch: [0][4460/4974]	Time  0.288 ( 0.981)	Data  0.178 ( 0.414)	Loss 3.3775e+00 (4.4003e+00)	Acc@1  30.47 ( 16.64)	Acc@5  53.91 ( 35.35)
Epoch: [0][4480/4974]	Time  0.347 ( 0.980)	Data  0.177 ( 0.415)	Loss 3.4388e+00 (4.3952e+00)	Acc@1  28.12 ( 16.71)	Acc@5  50.78 ( 35.45)
Epoch: [0][4500/4974]	Time  0.437 ( 0.979)	Data  0.356 ( 0.416)	Loss 3.6107e+00 (4.3898e+00)	Acc@1  26.56 ( 16.77)	Acc@5  53.12 ( 35.55)
Epoch: [0][4520/4974]	Time  0.476 ( 0.978)	Data  0.393 ( 0.418)	Loss 3.1030e+00 (4.3849e+00)	Acc@1  28.12 ( 16.83)	Acc@5  58.59 ( 35.64)
Epoch: [0][4540/4974]	Time  0.678 ( 0.978)	Data  0.589 ( 0.419)	Loss 3.3085e+00 (4.3801e+00)	Acc@1  25.78 ( 16.89)	Acc@5  57.03 ( 35.72)
Epoch: [0][4560/4974]	Time  0.393 ( 0.977)	Data  0.312 ( 0.420)	Loss 3.3502e+00 (4.3755e+00)	Acc@1  28.91 ( 16.95)	Acc@5  50.78 ( 35.81)
Epoch: [0][4580/4974]	Time  1.265 ( 0.976)	Data  1.178 ( 0.421)	Loss 2.9909e+00 (4.3704e+00)	Acc@1  36.72 ( 17.01)	Acc@5  60.94 ( 35.90)
Epoch: [0][4600/4974]	Time  1.240 ( 0.975)	Data  1.159 ( 0.422)	Loss 3.3415e+00 (4.3657e+00)	Acc@1  29.69 ( 17.07)	Acc@5  56.25 ( 36.00)
Epoch: [0][4620/4974]	Time  1.274 ( 0.975)	Data  1.180 ( 0.424)	Loss 3.2531e+00 (4.3607e+00)	Acc@1  28.12 ( 17.12)	Acc@5  53.91 ( 36.09)
Epoch: [0][4640/4974]	Time  1.436 ( 0.974)	Data  1.348 ( 0.425)	Loss 3.3166e+00 (4.3559e+00)	Acc@1  29.69 ( 17.18)	Acc@5  51.56 ( 36.18)
Epoch: [0][4660/4974]	Time  1.155 ( 0.973)	Data  1.073 ( 0.426)	Loss 3.5820e+00 (4.3512e+00)	Acc@1  27.34 ( 17.24)	Acc@5  50.78 ( 36.26)
Epoch: [0][4680/4974]	Time  1.596 ( 0.973)	Data  1.509 ( 0.428)	Loss 3.7554e+00 (4.3464e+00)	Acc@1  23.44 ( 17.30)	Acc@5  51.56 ( 36.35)
Epoch: [0][4700/4974]	Time  1.336 ( 0.972)	Data  1.256 ( 0.429)	Loss 3.0723e+00 (4.3414e+00)	Acc@1  30.47 ( 17.36)	Acc@5  61.72 ( 36.45)
Epoch: [0][4720/4974]	Time  1.258 ( 0.971)	Data  1.177 ( 0.430)	Loss 3.1822e+00 (4.3365e+00)	Acc@1  30.47 ( 17.42)	Acc@5  57.81 ( 36.54)
Epoch: [0][4740/4974]	Time  1.070 ( 0.970)	Data  0.987 ( 0.431)	Loss 3.3304e+00 (4.3319e+00)	Acc@1  25.78 ( 17.47)	Acc@5  50.78 ( 36.63)
Epoch: [0][4760/4974]	Time  1.120 ( 0.969)	Data  1.033 ( 0.432)	Loss 3.1248e+00 (4.3269e+00)	Acc@1  37.50 ( 17.54)	Acc@5  57.03 ( 36.72)
Epoch: [0][4780/4974]	Time  1.505 ( 0.968)	Data  1.424 ( 0.433)	Loss 3.0149e+00 (4.3221e+00)	Acc@1  35.94 ( 17.60)	Acc@5  64.84 ( 36.81)
Epoch: [0][4800/4974]	Time  1.289 ( 0.968)	Data  1.208 ( 0.434)	Loss 2.7981e+00 (4.3174e+00)	Acc@1  35.94 ( 17.65)	Acc@5  60.94 ( 36.90)
Epoch: [0][4820/4974]	Time  1.330 ( 0.967)	Data  1.249 ( 0.434)	Loss 3.1989e+00 (4.3126e+00)	Acc@1  30.47 ( 17.71)	Acc@5  53.91 ( 36.99)
Epoch: [0][4840/4974]	Time  1.151 ( 0.965)	Data  1.041 ( 0.435)	Loss 3.0269e+00 (4.3078e+00)	Acc@1  32.03 ( 17.77)	Acc@5  62.50 ( 37.08)
Epoch: [0][4860/4974]	Time  1.144 ( 0.964)	Data  1.063 ( 0.435)	Loss 3.2743e+00 (4.3031e+00)	Acc@1  28.12 ( 17.83)	Acc@5  53.91 ( 37.16)
Epoch: [0][4880/4974]	Time  1.010 ( 0.963)	Data  0.883 ( 0.436)	Loss 3.1803e+00 (4.2983e+00)	Acc@1  31.25 ( 17.88)	Acc@5  55.47 ( 37.25)
Epoch: [0][4900/4974]	Time  1.211 ( 0.962)	Data  1.130 ( 0.436)	Loss 3.4801e+00 (4.2940e+00)	Acc@1  35.94 ( 17.94)	Acc@5  53.91 ( 37.33)
Epoch: [0][4920/4974]	Time  1.148 ( 0.961)	Data  1.067 ( 0.437)	Loss 3.1074e+00 (4.2892e+00)	Acc@1  30.47 ( 18.00)	Acc@5  60.94 ( 37.42)
Epoch: [0][4940/4974]	Time  1.075 ( 0.960)	Data  0.993 ( 0.438)	Loss 3.1606e+00 (4.2843e+00)	Acc@1  30.47 ( 18.06)	Acc@5  56.25 ( 37.51)
Epoch: [0][4960/4974]	Time  1.220 ( 0.959)	Data  1.129 ( 0.439)	Loss 3.0316e+00 (4.2795e+00)	Acc@1  35.94 ( 18.13)	Acc@5  59.38 ( 37.59)
Epoch: [0][   0/4974]	Time 13.757 (13.757)	Data 12.173 (12.173)	Loss 6.9897e+00 (6.9897e+00)	Acc@1   0.00 (  0.00)	Acc@5   0.00 (  0.00)
Epoch: [0][  20/4974]	Time  3.038 ( 2.247)	Data  2.956 ( 2.093)	Loss 7.2345e+00 (7.0971e+00)	Acc@1   0.00 (  0.11)	Acc@5   0.00 (  0.37)
Epoch: [0][  40/4974]	Time  2.594 ( 1.967)	Data  2.513 ( 1.848)	Loss 6.9747e+00 (7.0720e+00)	Acc@1   0.78 (  0.25)	Acc@5   0.78 (  0.82)
Epoch: [0][  60/4974]	Time  2.835 ( 1.890)	Data  2.753 ( 1.784)	Loss 6.8764e+00 (7.0119e+00)	Acc@1   0.00 (  0.22)	Acc@5   0.78 (  1.08)
Epoch: [0][  80/4974]	Time  3.177 ( 1.837)	Data  3.095 ( 1.736)	Loss 6.8116e+00 (6.9481e+00)	Acc@1   0.00 (  0.35)	Acc@5   1.56 (  1.37)
Epoch: [0][ 100/4974]	Time  3.093 ( 1.806)	Data  3.010 ( 1.709)	Loss 6.7286e+00 (6.9058e+00)	Acc@1   0.78 (  0.36)	Acc@5   1.56 (  1.51)
Epoch: [0][ 120/4974]	Time  2.911 ( 1.776)	Data  2.830 ( 1.682)	Loss 6.5904e+00 (6.8633e+00)	Acc@1   0.00 (  0.45)	Acc@5   3.12 (  1.75)
Epoch: [0][ 140/4974]	Time  2.749 ( 1.761)	Data  2.665 ( 1.668)	Loss 6.5588e+00 (6.8271e+00)	Acc@1   0.78 (  0.49)	Acc@5   3.12 (  1.92)
Epoch: [0][ 160/4974]	Time  3.008 ( 1.745)	Data  2.926 ( 1.654)	Loss 6.4244e+00 (6.7930e+00)	Acc@1   1.56 (  0.51)	Acc@5   6.25 (  2.06)
Epoch: [0][ 180/4974]	Time  2.643 ( 1.729)	Data  2.557 ( 1.639)	Loss 6.4563e+00 (6.7552e+00)	Acc@1   0.78 (  0.56)	Acc@5   5.47 (  2.32)
Epoch: [0][ 200/4974]	Time  3.101 ( 1.721)	Data  3.020 ( 1.631)	Loss 6.3436e+00 (6.7223e+00)	Acc@1   3.91 (  0.61)	Acc@5   4.69 (  2.53)
Epoch: [0][ 220/4974]	Time  2.558 ( 1.706)	Data  2.477 ( 1.617)	Loss 6.5373e+00 (6.6890e+00)	Acc@1   0.00 (  0.64)	Acc@5   4.69 (  2.71)
Epoch: [0][ 240/4974]	Time  3.058 ( 1.697)	Data  2.977 ( 1.609)	Loss 6.3643e+00 (6.6612e+00)	Acc@1   0.78 (  0.66)	Acc@5   3.91 (  2.82)
Epoch: [0][ 260/4974]	Time  2.374 ( 1.685)	Data  2.293 ( 1.597)	Loss 6.2104e+00 (6.6338e+00)	Acc@1   2.34 (  0.71)	Acc@5   9.38 (  2.99)
Epoch: [0][ 280/4974]	Time  3.061 ( 1.674)	Data  2.974 ( 1.587)	Loss 6.0088e+00 (6.6042e+00)	Acc@1   0.78 (  0.74)	Acc@5   9.38 (  3.18)
Epoch: [0][ 300/4974]	Time  2.823 ( 1.664)	Data  2.734 ( 1.576)	Loss 6.1311e+00 (6.5761e+00)	Acc@1   2.34 (  0.75)	Acc@5   7.03 (  3.37)
Epoch: [0][ 320/4974]	Time  2.657 ( 1.652)	Data  2.575 ( 1.565)	Loss 6.1279e+00 (6.5498e+00)	Acc@1   1.56 (  0.79)	Acc@5   5.47 (  3.53)
Epoch: [0][ 340/4974]	Time  2.261 ( 1.637)	Data  2.180 ( 1.550)	Loss 6.1429e+00 (6.5214e+00)	Acc@1   2.34 (  0.88)	Acc@5   3.91 (  3.76)
Epoch: [0][ 360/4974]	Time  2.384 ( 1.626)	Data  2.300 ( 1.540)	Loss 6.0110e+00 (6.4970e+00)	Acc@1   3.91 (  0.93)	Acc@5  11.72 (  3.97)
Epoch: [0][ 380/4974]	Time  2.339 ( 1.616)	Data  2.258 ( 1.529)	Loss 5.9515e+00 (6.4714e+00)	Acc@1   2.34 (  1.00)	Acc@5   9.38 (  4.17)
Epoch: [0][ 400/4974]	Time  2.025 ( 1.605)	Data  1.944 ( 1.519)	Loss 5.8079e+00 (6.4473e+00)	Acc@1   5.47 (  1.06)	Acc@5   7.81 (  4.34)
Epoch: [0][ 420/4974]	Time  2.121 ( 1.597)	Data  2.040 ( 1.511)	Loss 5.9036e+00 (6.4231e+00)	Acc@1   3.12 (  1.13)	Acc@5   6.25 (  4.54)
Epoch: [0][ 440/4974]	Time  2.261 ( 1.590)	Data  2.180 ( 1.504)	Loss 5.9373e+00 (6.3979e+00)	Acc@1   3.91 (  1.18)	Acc@5   8.59 (  4.76)
Epoch: [0][ 460/4974]	Time  1.652 ( 1.579)	Data  1.571 ( 1.494)	Loss 5.6743e+00 (6.3747e+00)	Acc@1   3.12 (  1.21)	Acc@5  12.50 (  4.92)
Epoch: [0][ 480/4974]	Time  2.471 ( 1.575)	Data  2.388 ( 1.490)	Loss 5.9149e+00 (6.3535e+00)	Acc@1   0.78 (  1.28)	Acc@5   8.59 (  5.10)
Epoch: [0][ 500/4974]	Time  2.211 ( 1.568)	Data  2.129 ( 1.482)	Loss 5.8377e+00 (6.3314e+00)	Acc@1   4.69 (  1.37)	Acc@5  12.50 (  5.30)
Epoch: [0][ 520/4974]	Time  1.016 ( 1.561)	Data  0.934 ( 1.476)	Loss 5.8516e+00 (6.3105e+00)	Acc@1   3.91 (  1.43)	Acc@5  13.28 (  5.47)
Epoch: [0][ 540/4974]	Time  0.930 ( 1.555)	Data  0.848 ( 1.470)	Loss 5.8103e+00 (6.2885e+00)	Acc@1   1.56 (  1.50)	Acc@5  10.16 (  5.71)
Epoch: [0][ 560/4974]	Time  0.506 ( 1.548)	Data  0.423 ( 1.463)	Loss 5.5674e+00 (6.2677e+00)	Acc@1   3.12 (  1.55)	Acc@5  12.50 (  5.90)
Epoch: [0][ 580/4974]	Time  0.395 ( 1.543)	Data  0.314 ( 1.458)	Loss 5.5861e+00 (6.2462e+00)	Acc@1   4.69 (  1.62)	Acc@5  12.50 (  6.14)
Epoch: [0][ 600/4974]	Time  0.996 ( 1.538)	Data  0.911 ( 1.453)	Loss 5.7384e+00 (6.2273e+00)	Acc@1   6.25 (  1.69)	Acc@5  12.50 (  6.30)
Epoch: [0][ 620/4974]	Time  1.282 ( 1.531)	Data  1.194 ( 1.446)	Loss 5.7734e+00 (6.2085e+00)	Acc@1   3.91 (  1.76)	Acc@5  10.16 (  6.48)
Epoch: [0][ 640/4974]	Time  1.276 ( 1.525)	Data  1.195 ( 1.440)	Loss 5.3977e+00 (6.1900e+00)	Acc@1   4.69 (  1.84)	Acc@5  13.28 (  6.70)
Epoch: [0][ 660/4974]	Time  1.227 ( 1.519)	Data  1.145 ( 1.434)	Loss 5.6572e+00 (6.1706e+00)	Acc@1   5.47 (  1.95)	Acc@5  14.84 (  6.93)
Epoch: [0][ 680/4974]	Time  1.003 ( 1.513)	Data  0.919 ( 1.428)	Loss 5.4167e+00 (6.1520e+00)	Acc@1   4.69 (  2.04)	Acc@5  14.84 (  7.13)
Epoch: [0][ 700/4974]	Time  0.729 ( 1.506)	Data  0.648 ( 1.421)	Loss 5.3353e+00 (6.1338e+00)	Acc@1   4.69 (  2.11)	Acc@5  14.84 (  7.30)
Epoch: [0][ 720/4974]	Time  1.979 ( 1.500)	Data  1.897 ( 1.415)	Loss 5.6764e+00 (6.1144e+00)	Acc@1   3.91 (  2.22)	Acc@5  14.84 (  7.53)
Epoch: [0][ 740/4974]	Time  1.948 ( 1.494)	Data  1.866 ( 1.409)	Loss 5.7398e+00 (6.0959e+00)	Acc@1   3.91 (  2.27)	Acc@5  15.62 (  7.73)
Epoch: [0][ 760/4974]	Time  1.800 ( 1.487)	Data  1.718 ( 1.402)	Loss 5.5406e+00 (6.0793e+00)	Acc@1   4.69 (  2.34)	Acc@5  15.62 (  7.93)
Epoch: [0][ 780/4974]	Time  2.526 ( 1.480)	Data  2.445 ( 1.395)	Loss 5.4861e+00 (6.0601e+00)	Acc@1   3.91 (  2.41)	Acc@5  15.62 (  8.16)
Epoch: [0][ 800/4974]	Time  2.112 ( 1.473)	Data  2.027 ( 1.388)	Loss 5.4210e+00 (6.0434e+00)	Acc@1   6.25 (  2.48)	Acc@5  14.84 (  8.36)
Epoch: [0][ 820/4974]	Time  1.946 ( 1.465)	Data  1.859 ( 1.381)	Loss 5.3321e+00 (6.0273e+00)	Acc@1   7.03 (  2.55)	Acc@5  21.09 (  8.55)
Epoch: [0][ 840/4974]	Time  2.179 ( 1.459)	Data  2.089 ( 1.375)	Loss 5.4736e+00 (6.0112e+00)	Acc@1   2.34 (  2.63)	Acc@5  16.41 (  8.75)
Epoch: [0][ 860/4974]	Time  2.071 ( 1.454)	Data  1.989 ( 1.369)	Loss 5.3923e+00 (5.9938e+00)	Acc@1   4.69 (  2.71)	Acc@5  15.62 (  8.96)
Epoch: [0][ 880/4974]	Time  2.031 ( 1.447)	Data  1.948 ( 1.363)	Loss 4.9073e+00 (5.9761e+00)	Acc@1   7.81 (  2.79)	Acc@5  23.44 (  9.18)
Epoch: [0][ 900/4974]	Time  2.239 ( 1.442)	Data  2.156 ( 1.357)	Loss 5.0536e+00 (5.9593e+00)	Acc@1   5.47 (  2.87)	Acc@5  23.44 (  9.41)
Epoch: [0][ 920/4974]	Time  1.966 ( 1.436)	Data  1.885 ( 1.351)	Loss 5.1370e+00 (5.9434e+00)	Acc@1   7.81 (  2.95)	Acc@5  22.66 (  9.62)
Epoch: [0][ 940/4974]	Time  2.101 ( 1.430)	Data  2.019 ( 1.346)	Loss 5.3129e+00 (5.9276e+00)	Acc@1   7.03 (  3.02)	Acc@5  20.31 (  9.83)
Epoch: [0][ 960/4974]	Time  2.088 ( 1.424)	Data  2.005 ( 1.340)	Loss 5.1894e+00 (5.9128e+00)	Acc@1   6.25 (  3.08)	Acc@5  21.88 ( 10.03)
Epoch: [0][ 980/4974]	Time  1.807 ( 1.418)	Data  1.725 ( 1.333)	Loss 5.0996e+00 (5.8973e+00)	Acc@1   6.25 (  3.18)	Acc@5  24.22 ( 10.25)
Epoch: [0][1000/4974]	Time  2.007 ( 1.413)	Data  1.925 ( 1.329)	Loss 5.1142e+00 (5.8811e+00)	Acc@1   5.47 (  3.26)	Acc@5  26.56 ( 10.49)
Epoch: [0][1020/4974]	Time  1.958 ( 1.407)	Data  1.870 ( 1.322)	Loss 4.8410e+00 (5.8657e+00)	Acc@1   8.59 (  3.34)	Acc@5  21.09 ( 10.70)
Epoch: [0][1040/4974]	Time  1.862 ( 1.402)	Data  1.775 ( 1.317)	Loss 4.8261e+00 (5.8508e+00)	Acc@1   7.03 (  3.41)	Acc@5  29.69 ( 10.91)
Epoch: [0][1060/4974]	Time  2.020 ( 1.396)	Data  1.938 ( 1.312)	Loss 4.9622e+00 (5.8363e+00)	Acc@1   7.81 (  3.49)	Acc@5  21.88 ( 11.10)
Epoch: [0][1080/4974]	Time  1.883 ( 1.390)	Data  1.795 ( 1.305)	Loss 4.9291e+00 (5.8207e+00)	Acc@1   5.47 (  3.56)	Acc@5  18.75 ( 11.30)
Epoch: [0][1100/4974]	Time  1.919 ( 1.384)	Data  1.817 ( 1.300)	Loss 4.9385e+00 (5.8068e+00)	Acc@1   9.38 (  3.64)	Acc@5  21.88 ( 11.49)
Epoch: [0][1120/4974]	Time  1.802 ( 1.379)	Data  1.720 ( 1.294)	Loss 5.0565e+00 (5.7932e+00)	Acc@1   9.38 (  3.70)	Acc@5  23.44 ( 11.67)
Epoch: [0][1140/4974]	Time  1.931 ( 1.374)	Data  1.835 ( 1.289)	Loss 5.0070e+00 (5.7803e+00)	Acc@1   9.38 (  3.77)	Acc@5  25.78 ( 11.85)
Epoch: [0][1160/4974]	Time  1.922 ( 1.369)	Data  1.841 ( 1.284)	Loss 4.8477e+00 (5.7658e+00)	Acc@1   9.38 (  3.85)	Acc@5  20.31 ( 12.03)
Epoch: [0][1180/4974]	Time  1.518 ( 1.364)	Data  1.424 ( 1.279)	Loss 4.9744e+00 (5.7518e+00)	Acc@1   9.38 (  3.93)	Acc@5  25.00 ( 12.23)
Epoch: [0][1200/4974]	Time  1.981 ( 1.359)	Data  1.892 ( 1.274)	Loss 4.8436e+00 (5.7377e+00)	Acc@1  10.94 (  4.01)	Acc@5  28.12 ( 12.41)
Epoch: [0][1220/4974]	Time  1.819 ( 1.354)	Data  1.738 ( 1.269)	Loss 5.0463e+00 (5.7246e+00)	Acc@1   9.38 (  4.09)	Acc@5  23.44 ( 12.61)
Epoch: [0][1240/4974]	Time  1.635 ( 1.349)	Data  1.553 ( 1.264)	Loss 4.7408e+00 (5.7105e+00)	Acc@1  15.62 (  4.20)	Acc@5  26.56 ( 12.83)
Epoch: [0][1260/4974]	Time  1.975 ( 1.344)	Data  1.893 ( 1.259)	Loss 4.8340e+00 (5.6973e+00)	Acc@1  10.94 (  4.27)	Acc@5  29.69 ( 13.03)
Epoch: [0][1280/4974]	Time  1.861 ( 1.340)	Data  1.766 ( 1.255)	Loss 4.7032e+00 (5.6848e+00)	Acc@1   8.59 (  4.34)	Acc@5  26.56 ( 13.21)
Epoch: [0][1300/4974]	Time  1.521 ( 1.334)	Data  1.440 ( 1.249)	Loss 4.8397e+00 (5.6716e+00)	Acc@1   8.59 (  4.43)	Acc@5  29.69 ( 13.42)
Epoch: [0][1320/4974]	Time  2.067 ( 1.330)	Data  1.969 ( 1.245)	Loss 4.9170e+00 (5.6588e+00)	Acc@1   8.59 (  4.51)	Acc@5  26.56 ( 13.62)
Epoch: [0][1340/4974]	Time  1.642 ( 1.325)	Data  1.560 ( 1.240)	Loss 4.6730e+00 (5.6453e+00)	Acc@1  13.28 (  4.62)	Acc@5  31.25 ( 13.82)
Epoch: [0][1360/4974]	Time  1.741 ( 1.320)	Data  1.656 ( 1.235)	Loss 4.6939e+00 (5.6321e+00)	Acc@1   7.03 (  4.71)	Acc@5  25.78 ( 14.02)
Epoch: [0][1380/4974]	Time  1.790 ( 1.315)	Data  1.689 ( 1.231)	Loss 4.8262e+00 (5.6206e+00)	Acc@1  11.72 (  4.79)	Acc@5  23.44 ( 14.19)
Epoch: [0][1400/4974]	Time  1.442 ( 1.311)	Data  1.360 ( 1.226)	Loss 4.7438e+00 (5.6084e+00)	Acc@1  10.94 (  4.88)	Acc@5  27.34 ( 14.38)
Epoch: [0][1420/4974]	Time  1.587 ( 1.307)	Data  1.497 ( 1.222)	Loss 4.4297e+00 (5.5948e+00)	Acc@1  10.94 (  4.97)	Acc@5  35.94 ( 14.59)
Epoch: [0][1440/4974]	Time  1.866 ( 1.302)	Data  1.785 ( 1.217)	Loss 4.5944e+00 (5.5814e+00)	Acc@1  13.28 (  5.07)	Acc@5  25.78 ( 14.80)
Epoch: [0][1460/4974]	Time  1.595 ( 1.297)	Data  1.513 ( 1.212)	Loss 4.4324e+00 (5.5683e+00)	Acc@1  11.72 (  5.14)	Acc@5  32.03 ( 15.01)
Epoch: [0][1480/4974]	Time  2.009 ( 1.293)	Data  1.928 ( 1.208)	Loss 4.5871e+00 (5.5562e+00)	Acc@1  10.16 (  5.22)	Acc@5  29.69 ( 15.18)
Epoch: [0][1500/4974]	Time  1.232 ( 1.287)	Data  1.149 ( 1.202)	Loss 4.7228e+00 (5.5446e+00)	Acc@1  14.84 (  5.31)	Acc@5  29.69 ( 15.35)
Epoch: [0][1520/4974]	Time  1.194 ( 1.282)	Data  1.113 ( 1.197)	Loss 4.4250e+00 (5.5318e+00)	Acc@1  14.06 (  5.39)	Acc@5  34.38 ( 15.55)
Epoch: [0][1540/4974]	Time  1.569 ( 1.277)	Data  1.487 ( 1.192)	Loss 4.5931e+00 (5.5197e+00)	Acc@1  10.94 (  5.47)	Acc@5  25.00 ( 15.74)
Epoch: [0][1560/4974]	Time  1.001 ( 1.272)	Data  0.920 ( 1.187)	Loss 4.3668e+00 (5.5082e+00)	Acc@1  19.53 (  5.56)	Acc@5  32.03 ( 15.94)
Epoch: [0][1580/4974]	Time  1.388 ( 1.267)	Data  1.306 ( 1.182)	Loss 4.7631e+00 (5.4962e+00)	Acc@1   8.59 (  5.66)	Acc@5  25.78 ( 16.13)
Epoch: [0][1600/4974]	Time  1.322 ( 1.262)	Data  1.228 ( 1.177)	Loss 4.5411e+00 (5.4845e+00)	Acc@1  16.41 (  5.76)	Acc@5  29.69 ( 16.30)
Epoch: [0][1620/4974]	Time  1.389 ( 1.257)	Data  1.307 ( 1.172)	Loss 4.5249e+00 (5.4729e+00)	Acc@1   8.59 (  5.85)	Acc@5  32.81 ( 16.48)
Epoch: [0][1640/4974]	Time  1.365 ( 1.253)	Data  1.284 ( 1.168)	Loss 4.4774e+00 (5.4607e+00)	Acc@1  12.50 (  5.93)	Acc@5  32.03 ( 16.69)
Epoch: [0][1660/4974]	Time  0.876 ( 1.248)	Data  0.795 ( 1.163)	Loss 4.4967e+00 (5.4492e+00)	Acc@1  12.50 (  6.03)	Acc@5  30.47 ( 16.88)
Epoch: [0][1680/4974]	Time  1.318 ( 1.244)	Data  1.233 ( 1.159)	Loss 4.4080e+00 (5.4383e+00)	Acc@1  12.50 (  6.10)	Acc@5  33.59 ( 17.05)
Epoch: [0][1700/4974]	Time  1.207 ( 1.239)	Data  1.126 ( 1.154)	Loss 4.3179e+00 (5.4271e+00)	Acc@1  11.72 (  6.18)	Acc@5  28.91 ( 17.22)
Epoch: [0][1720/4974]	Time  0.767 ( 1.235)	Data  0.685 ( 1.150)	Loss 4.4898e+00 (5.4167e+00)	Acc@1  15.62 (  6.27)	Acc@5  29.69 ( 17.39)
Epoch: [0][1740/4974]	Time  0.570 ( 1.231)	Data  0.488 ( 1.147)	Loss 4.4716e+00 (5.4050e+00)	Acc@1  14.84 (  6.36)	Acc@5  32.03 ( 17.58)
Epoch: [0][1760/4974]	Time  0.744 ( 1.228)	Data  0.661 ( 1.143)	Loss 4.3443e+00 (5.3935e+00)	Acc@1  14.84 (  6.46)	Acc@5  33.59 ( 17.75)
Epoch: [0][1780/4974]	Time  0.910 ( 1.224)	Data  0.828 ( 1.139)	Loss 4.1686e+00 (5.3818e+00)	Acc@1  16.41 (  6.56)	Acc@5  39.06 ( 17.95)
Epoch: [0][1800/4974]	Time  1.245 ( 1.220)	Data  1.164 ( 1.135)	Loss 4.1439e+00 (5.3706e+00)	Acc@1  15.62 (  6.65)	Acc@5  39.06 ( 18.14)
Epoch: [0][1820/4974]	Time  1.626 ( 1.216)	Data  1.545 ( 1.131)	Loss 4.0930e+00 (5.3596e+00)	Acc@1  18.75 (  6.74)	Acc@5  39.06 ( 18.32)
Epoch: [0][1840/4974]	Time  1.423 ( 1.212)	Data  1.341 ( 1.127)	Loss 4.4577e+00 (5.3494e+00)	Acc@1  15.62 (  6.83)	Acc@5  28.91 ( 18.47)
Epoch: [0][1860/4974]	Time  0.761 ( 1.207)	Data  0.680 ( 1.123)	Loss 4.5543e+00 (5.3391e+00)	Acc@1  12.50 (  6.91)	Acc@5  34.38 ( 18.64)
Epoch: [0][1880/4974]	Time  0.902 ( 1.204)	Data  0.820 ( 1.119)	Loss 4.3227e+00 (5.3279e+00)	Acc@1  15.62 (  7.01)	Acc@5  41.41 ( 18.82)
Epoch: [0][1900/4974]	Time  0.226 ( 1.201)	Data  0.145 ( 1.116)	Loss 4.3890e+00 (5.3181e+00)	Acc@1  17.19 (  7.10)	Acc@5  32.81 ( 18.99)
Epoch: [0][1920/4974]	Time  0.247 ( 1.198)	Data  0.166 ( 1.113)	Loss 4.2076e+00 (5.3073e+00)	Acc@1  18.75 (  7.19)	Acc@5  42.19 ( 19.16)
Epoch: [0][1940/4974]	Time  0.245 ( 1.195)	Data  0.159 ( 1.110)	Loss 3.9632e+00 (5.2967e+00)	Acc@1  19.53 (  7.30)	Acc@5  40.62 ( 19.34)
Epoch: [0][1960/4974]	Time  0.267 ( 1.192)	Data  0.185 ( 1.107)	Loss 4.4305e+00 (5.2865e+00)	Acc@1  14.84 (  7.39)	Acc@5  28.91 ( 19.51)
Epoch: [0][1980/4974]	Time  0.274 ( 1.188)	Data  0.175 ( 1.104)	Loss 4.2048e+00 (5.2762e+00)	Acc@1  17.19 (  7.49)	Acc@5  35.16 ( 19.69)
Epoch: [0][2000/4974]	Time  0.220 ( 1.185)	Data  0.139 ( 1.100)	Loss 4.1175e+00 (5.2665e+00)	Acc@1  15.62 (  7.57)	Acc@5  38.28 ( 19.85)
Epoch: [0][2020/4974]	Time  0.227 ( 1.183)	Data  0.145 ( 1.098)	Loss 3.7132e+00 (5.2563e+00)	Acc@1  23.44 (  7.66)	Acc@5  50.78 ( 20.02)
Epoch: [0][2040/4974]	Time  0.225 ( 1.180)	Data  0.144 ( 1.095)	Loss 4.4481e+00 (5.2460e+00)	Acc@1   9.38 (  7.74)	Acc@5  25.78 ( 20.20)
Epoch: [0][2060/4974]	Time  0.228 ( 1.177)	Data  0.146 ( 1.092)	Loss 4.0624e+00 (5.2359e+00)	Acc@1  17.97 (  7.82)	Acc@5  43.75 ( 20.38)
Epoch: [0][2080/4974]	Time  0.225 ( 1.174)	Data  0.144 ( 1.089)	Loss 4.2240e+00 (5.2261e+00)	Acc@1  16.41 (  7.90)	Acc@5  35.94 ( 20.55)
Epoch: [0][2100/4974]	Time  0.230 ( 1.171)	Data  0.149 ( 1.086)	Loss 4.2104e+00 (5.2164e+00)	Acc@1  12.50 (  7.98)	Acc@5  35.94 ( 20.72)
Epoch: [0][2120/4974]	Time  0.233 ( 1.168)	Data  0.151 ( 1.083)	Loss 4.4785e+00 (5.2071e+00)	Acc@1  14.06 (  8.06)	Acc@5  33.59 ( 20.87)
Epoch: [0][2140/4974]	Time  0.431 ( 1.165)	Data  0.349 ( 1.080)	Loss 4.0156e+00 (5.1976e+00)	Acc@1  17.97 (  8.14)	Acc@5  38.28 ( 21.03)
Epoch: [0][2160/4974]	Time  0.602 ( 1.161)	Data  0.511 ( 1.077)	Loss 4.4348e+00 (5.1886e+00)	Acc@1  17.19 (  8.22)	Acc@5  32.03 ( 21.19)
Epoch: [0][2180/4974]	Time  0.247 ( 1.158)	Data  0.166 ( 1.073)	Loss 3.8161e+00 (5.1792e+00)	Acc@1  22.66 (  8.32)	Acc@5  46.09 ( 21.36)
Epoch: [0][2200/4974]	Time  0.303 ( 1.155)	Data  0.208 ( 1.070)	Loss 4.2051e+00 (5.1696e+00)	Acc@1  19.53 (  8.41)	Acc@5  37.50 ( 21.52)
Epoch: [0][2220/4974]	Time  0.227 ( 1.152)	Data  0.146 ( 1.067)	Loss 4.1094e+00 (5.1601e+00)	Acc@1  18.75 (  8.51)	Acc@5  38.28 ( 21.68)
Epoch: [0][2240/4974]	Time  0.276 ( 1.149)	Data  0.172 ( 1.065)	Loss 4.2503e+00 (5.1505e+00)	Acc@1  17.97 (  8.60)	Acc@5  33.59 ( 21.84)
Epoch: [0][2260/4974]	Time  0.281 ( 1.147)	Data  0.199 ( 1.062)	Loss 4.5579e+00 (5.1405e+00)	Acc@1  10.94 (  8.69)	Acc@5  37.50 ( 22.02)
Epoch: [0][2280/4974]	Time  0.458 ( 1.144)	Data  0.375 ( 1.059)	Loss 4.3884e+00 (5.1312e+00)	Acc@1  16.41 (  8.79)	Acc@5  34.38 ( 22.19)
Epoch: [0][2300/4974]	Time  0.243 ( 1.142)	Data  0.162 ( 1.057)	Loss 4.5173e+00 (5.1219e+00)	Acc@1  17.19 (  8.87)	Acc@5  36.72 ( 22.35)
Epoch: [0][2320/4974]	Time  0.418 ( 1.139)	Data  0.336 ( 1.054)	Loss 4.4685e+00 (5.1132e+00)	Acc@1  15.62 (  8.95)	Acc@5  31.25 ( 22.50)
Epoch: [0][2340/4974]	Time  0.248 ( 1.137)	Data  0.166 ( 1.052)	Loss 4.1010e+00 (5.1045e+00)	Acc@1  17.19 (  9.02)	Acc@5  44.53 ( 22.66)
Epoch: [0][2360/4974]	Time  0.245 ( 1.135)	Data  0.148 ( 1.050)	Loss 4.0267e+00 (5.0952e+00)	Acc@1  15.62 (  9.11)	Acc@5  42.19 ( 22.82)
Epoch: [0][2380/4974]	Time  0.227 ( 1.132)	Data  0.145 ( 1.047)	Loss 3.6928e+00 (5.0861e+00)	Acc@1  25.00 (  9.20)	Acc@5  47.66 ( 22.98)
Epoch: [0][2400/4974]	Time  0.249 ( 1.130)	Data  0.168 ( 1.045)	Loss 4.0703e+00 (5.0770e+00)	Acc@1  19.53 (  9.28)	Acc@5  39.84 ( 23.14)
Epoch: [0][2420/4974]	Time  0.238 ( 1.127)	Data  0.157 ( 1.043)	Loss 4.1810e+00 (5.0685e+00)	Acc@1  12.50 (  9.35)	Acc@5  40.62 ( 23.28)
Epoch: [0][2440/4974]	Time  0.227 ( 1.125)	Data  0.146 ( 1.040)	Loss 4.3418e+00 (5.0601e+00)	Acc@1  15.62 (  9.44)	Acc@5  37.50 ( 23.44)
Epoch: [0][2460/4974]	Time  0.635 ( 1.122)	Data  0.551 ( 1.037)	Loss 4.0162e+00 (5.0524e+00)	Acc@1  15.62 (  9.50)	Acc@5  40.62 ( 23.57)
Epoch: [0][2480/4974]	Time  0.241 ( 1.120)	Data  0.160 ( 1.035)	Loss 4.1802e+00 (5.0435e+00)	Acc@1  16.41 (  9.59)	Acc@5  40.62 ( 23.72)
Epoch: [0][2500/4974]	Time  0.226 ( 1.117)	Data  0.138 ( 1.032)	Loss 4.0775e+00 (5.0352e+00)	Acc@1  21.09 (  9.67)	Acc@5  39.84 ( 23.86)
Epoch: [0][2520/4974]	Time  0.379 ( 1.115)	Data  0.288 ( 1.030)	Loss 3.9988e+00 (5.0263e+00)	Acc@1  17.97 (  9.75)	Acc@5  47.66 ( 24.02)
Epoch: [0][2540/4974]	Time  0.240 ( 1.112)	Data  0.147 ( 1.028)	Loss 4.1741e+00 (5.0178e+00)	Acc@1  17.19 (  9.83)	Acc@5  43.75 ( 24.18)
Epoch: [0][2560/4974]	Time  0.245 ( 1.110)	Data  0.152 ( 1.025)	Loss 4.0847e+00 (5.0096e+00)	Acc@1  16.41 (  9.92)	Acc@5  39.84 ( 24.33)
Epoch: [0][2580/4974]	Time  0.228 ( 1.107)	Data  0.146 ( 1.023)	Loss 3.8154e+00 (5.0010e+00)	Acc@1  19.53 (  9.99)	Acc@5  44.53 ( 24.48)
Epoch: [0][2600/4974]	Time  0.402 ( 1.105)	Data  0.305 ( 1.020)	Loss 4.0902e+00 (4.9929e+00)	Acc@1  21.09 ( 10.07)	Acc@5  42.19 ( 24.62)
Epoch: [0][2620/4974]	Time  0.473 ( 1.102)	Data  0.390 ( 1.017)	Loss 4.0829e+00 (4.9847e+00)	Acc@1  14.06 ( 10.14)	Acc@5  36.72 ( 24.76)
Epoch: [0][2640/4974]	Time  0.906 ( 1.100)	Data  0.824 ( 1.015)	Loss 4.1217e+00 (4.9765e+00)	Acc@1  20.31 ( 10.22)	Acc@5  40.62 ( 24.91)
Epoch: [0][2660/4974]	Time  0.805 ( 1.098)	Data  0.722 ( 1.013)	Loss 3.5831e+00 (4.9681e+00)	Acc@1  25.00 ( 10.31)	Acc@5  48.44 ( 25.05)
Epoch: [0][2680/4974]	Time  1.019 ( 1.095)	Data  0.934 ( 1.010)	Loss 3.7889e+00 (4.9599e+00)	Acc@1  21.88 ( 10.39)	Acc@5  44.53 ( 25.19)
Epoch: [0][2700/4974]	Time  0.587 ( 1.093)	Data  0.506 ( 1.008)	Loss 3.6920e+00 (4.9517e+00)	Acc@1  17.19 ( 10.47)	Acc@5  43.75 ( 25.33)
Epoch: [0][2720/4974]	Time  0.795 ( 1.090)	Data  0.713 ( 1.006)	Loss 4.0632e+00 (4.9441e+00)	Acc@1  21.88 ( 10.54)	Acc@5  44.53 ( 25.46)
Epoch: [0][2740/4974]	Time  0.828 ( 1.088)	Data  0.745 ( 1.003)	Loss 3.8031e+00 (4.9362e+00)	Acc@1  20.31 ( 10.61)	Acc@5  46.09 ( 25.60)
Epoch: [0][2760/4974]	Time  0.292 ( 1.086)	Data  0.198 ( 1.001)	Loss 3.8432e+00 (4.9283e+00)	Acc@1  24.22 ( 10.69)	Acc@5  46.09 ( 25.73)
Epoch: [0][2780/4974]	Time  0.231 ( 1.084)	Data  0.146 ( 0.999)	Loss 3.8776e+00 (4.9208e+00)	Acc@1  21.09 ( 10.77)	Acc@5  41.41 ( 25.87)
Epoch: [0][2800/4974]	Time  0.255 ( 1.082)	Data  0.174 ( 0.998)	Loss 3.7258e+00 (4.9134e+00)	Acc@1  25.00 ( 10.84)	Acc@5  46.88 ( 26.00)
Epoch: [0][2820/4974]	Time  0.251 ( 1.081)	Data  0.170 ( 0.996)	Loss 3.8364e+00 (4.9056e+00)	Acc@1  25.00 ( 10.92)	Acc@5  45.31 ( 26.14)
Epoch: [0][2840/4974]	Time  0.234 ( 1.079)	Data  0.146 ( 0.994)	Loss 4.0505e+00 (4.8979e+00)	Acc@1  12.50 ( 10.99)	Acc@5  39.84 ( 26.27)
Epoch: [0][2860/4974]	Time  0.261 ( 1.078)	Data  0.179 ( 0.993)	Loss 3.6204e+00 (4.8904e+00)	Acc@1  21.88 ( 11.07)	Acc@5  50.00 ( 26.39)
Epoch: [0][2880/4974]	Time  0.223 ( 1.076)	Data  0.141 ( 0.991)	Loss 3.6249e+00 (4.8828e+00)	Acc@1  24.22 ( 11.15)	Acc@5  49.22 ( 26.53)
Epoch: [0][2900/4974]	Time  0.226 ( 1.074)	Data  0.144 ( 0.989)	Loss 3.8422e+00 (4.8757e+00)	Acc@1  22.66 ( 11.21)	Acc@5  50.00 ( 26.65)
Epoch: [0][2920/4974]	Time  0.249 ( 1.073)	Data  0.168 ( 0.988)	Loss 3.6612e+00 (4.8682e+00)	Acc@1  18.75 ( 11.29)	Acc@5  43.75 ( 26.78)
Epoch: [0][2940/4974]	Time  0.230 ( 1.071)	Data  0.146 ( 0.986)	Loss 4.0735e+00 (4.8607e+00)	Acc@1  17.97 ( 11.37)	Acc@5  42.19 ( 26.91)
Epoch: [0][2960/4974]	Time  0.243 ( 1.069)	Data  0.162 ( 0.984)	Loss 3.6569e+00 (4.8533e+00)	Acc@1  21.88 ( 11.44)	Acc@5  48.44 ( 27.05)
Epoch: [0][2980/4974]	Time  0.257 ( 1.068)	Data  0.173 ( 0.983)	Loss 3.7812e+00 (4.8458e+00)	Acc@1  22.66 ( 11.52)	Acc@5  48.44 ( 27.19)
Epoch: [0][3000/4974]	Time  0.273 ( 1.066)	Data  0.179 ( 0.981)	Loss 3.7220e+00 (4.8390e+00)	Acc@1  28.91 ( 11.59)	Acc@5  49.22 ( 27.31)
Epoch: [0][3020/4974]	Time  0.232 ( 1.064)	Data  0.150 ( 0.979)	Loss 3.5387e+00 (4.8313e+00)	Acc@1  26.56 ( 11.67)	Acc@5  50.00 ( 27.45)
Epoch: [0][3040/4974]	Time  0.260 ( 1.063)	Data  0.173 ( 0.978)	Loss 3.6397e+00 (4.8244e+00)	Acc@1  25.78 ( 11.74)	Acc@5  46.09 ( 27.56)
Epoch: [0][3060/4974]	Time  1.333 ( 1.061)	Data  1.244 ( 0.976)	Loss 3.6955e+00 (4.8176e+00)	Acc@1  28.12 ( 11.82)	Acc@5  49.22 ( 27.68)
Epoch: [0][3080/4974]	Time  1.342 ( 1.060)	Data  1.237 ( 0.975)	Loss 3.8183e+00 (4.8107e+00)	Acc@1  22.66 ( 11.90)	Acc@5  45.31 ( 27.81)
Epoch: [0][3100/4974]	Time  1.085 ( 1.058)	Data  0.996 ( 0.973)	Loss 3.5409e+00 (4.8030e+00)	Acc@1  25.00 ( 11.98)	Acc@5  48.44 ( 27.94)
Epoch: [0][3120/4974]	Time  1.311 ( 1.057)	Data  1.217 ( 0.972)	Loss 3.6610e+00 (4.7956e+00)	Acc@1  24.22 ( 12.06)	Acc@5  50.78 ( 28.07)
Epoch: [0][3140/4974]	Time  1.362 ( 1.056)	Data  1.269 ( 0.971)	Loss 3.4657e+00 (4.7885e+00)	Acc@1  31.25 ( 12.14)	Acc@5  53.12 ( 28.20)
Epoch: [0][3160/4974]	Time  1.302 ( 1.054)	Data  1.216 ( 0.969)	Loss 3.7058e+00 (4.7816e+00)	Acc@1  19.53 ( 12.21)	Acc@5  46.09 ( 28.33)
Epoch: [0][3180/4974]	Time  1.556 ( 1.053)	Data  1.467 ( 0.968)	Loss 3.4182e+00 (4.7744e+00)	Acc@1  23.44 ( 12.28)	Acc@5  59.38 ( 28.46)
Epoch: [0][3200/4974]	Time  1.354 ( 1.051)	Data  1.269 ( 0.966)	Loss 3.8905e+00 (4.7677e+00)	Acc@1  26.56 ( 12.35)	Acc@5  42.19 ( 28.58)
Epoch: [0][3220/4974]	Time  1.418 ( 1.050)	Data  1.320 ( 0.965)	Loss 3.7834e+00 (4.7607e+00)	Acc@1  26.56 ( 12.42)	Acc@5  51.56 ( 28.71)
Epoch: [0][3240/4974]	Time  1.119 ( 1.048)	Data  1.037 ( 0.963)	Loss 3.7008e+00 (4.7542e+00)	Acc@1  21.88 ( 12.50)	Acc@5  48.44 ( 28.83)
Epoch: [0][3260/4974]	Time  0.455 ( 1.047)	Data  0.373 ( 0.962)	Loss 3.7413e+00 (4.7471e+00)	Acc@1  16.41 ( 12.57)	Acc@5  48.44 ( 28.96)
Epoch: [0][3280/4974]	Time  1.121 ( 1.045)	Data  1.039 ( 0.960)	Loss 3.4691e+00 (4.7401e+00)	Acc@1  28.91 ( 12.65)	Acc@5  53.12 ( 29.08)
Epoch: [0][3300/4974]	Time  1.075 ( 1.044)	Data  0.985 ( 0.958)	Loss 3.7173e+00 (4.7334e+00)	Acc@1  26.56 ( 12.72)	Acc@5  48.44 ( 29.21)
Epoch: [0][3320/4974]	Time  0.903 ( 1.042)	Data  0.809 ( 0.957)	Loss 3.3271e+00 (4.7269e+00)	Acc@1  29.69 ( 12.78)	Acc@5  53.91 ( 29.33)
Epoch: [0][3340/4974]	Time  0.860 ( 1.040)	Data  0.779 ( 0.955)	Loss 3.6440e+00 (4.7200e+00)	Acc@1  28.12 ( 12.86)	Acc@5  44.53 ( 29.45)
Epoch: [0][3360/4974]	Time  0.228 ( 1.038)	Data  0.144 ( 0.953)	Loss 3.6221e+00 (4.7131e+00)	Acc@1  28.12 ( 12.94)	Acc@5  46.09 ( 29.58)
Epoch: [0][3380/4974]	Time  0.256 ( 1.037)	Data  0.175 ( 0.951)	Loss 3.9195e+00 (4.7069e+00)	Acc@1  20.31 ( 13.01)	Acc@5  43.75 ( 29.69)
Epoch: [0][3400/4974]	Time  0.253 ( 1.035)	Data  0.168 ( 0.950)	Loss 3.6149e+00 (4.7006e+00)	Acc@1  27.34 ( 13.08)	Acc@5  48.44 ( 29.81)
Epoch: [0][3420/4974]	Time  0.226 ( 1.034)	Data  0.144 ( 0.948)	Loss 3.7964e+00 (4.6939e+00)	Acc@1  18.75 ( 13.15)	Acc@5  48.44 ( 29.93)
Epoch: [0][3440/4974]	Time  0.230 ( 1.032)	Data  0.148 ( 0.947)	Loss 3.5867e+00 (4.6875e+00)	Acc@1  25.78 ( 13.22)	Acc@5  46.09 ( 30.04)
Epoch: [0][3460/4974]	Time  0.228 ( 1.031)	Data  0.146 ( 0.946)	Loss 3.7750e+00 (4.6805e+00)	Acc@1  21.88 ( 13.30)	Acc@5  42.19 ( 30.17)
Epoch: [0][3480/4974]	Time  0.241 ( 1.030)	Data  0.160 ( 0.944)	Loss 3.8436e+00 (4.6737e+00)	Acc@1  19.53 ( 13.37)	Acc@5  42.19 ( 30.30)
Epoch: [0][3500/4974]	Time  0.224 ( 1.028)	Data  0.142 ( 0.943)	Loss 3.3290e+00 (4.6672e+00)	Acc@1  25.78 ( 13.44)	Acc@5  57.81 ( 30.42)
Epoch: [0][3520/4974]	Time  0.224 ( 1.027)	Data  0.143 ( 0.942)	Loss 3.7364e+00 (4.6610e+00)	Acc@1  24.22 ( 13.52)	Acc@5  49.22 ( 30.54)
Epoch: [0][3540/4974]	Time  0.226 ( 1.026)	Data  0.143 ( 0.941)	Loss 3.6927e+00 (4.6547e+00)	Acc@1  27.34 ( 13.59)	Acc@5  49.22 ( 30.65)
Epoch: [0][3560/4974]	Time  0.247 ( 1.025)	Data  0.156 ( 0.939)	Loss 3.2095e+00 (4.6481e+00)	Acc@1  36.72 ( 13.67)	Acc@5  57.03 ( 30.76)
Epoch: [0][3580/4974]	Time  0.692 ( 1.024)	Data  0.599 ( 0.938)	Loss 3.5208e+00 (4.6420e+00)	Acc@1  29.69 ( 13.74)	Acc@5  52.34 ( 30.88)
Epoch: [0][3600/4974]	Time  0.845 ( 1.022)	Data  0.763 ( 0.937)	Loss 3.4866e+00 (4.6361e+00)	Acc@1  26.56 ( 13.80)	Acc@5  50.78 ( 30.98)
Epoch: [0][3620/4974]	Time  0.829 ( 1.021)	Data  0.747 ( 0.936)	Loss 3.5318e+00 (4.6297e+00)	Acc@1  26.56 ( 13.87)	Acc@5  52.34 ( 31.09)
Epoch: [0][3640/4974]	Time  1.336 ( 1.020)	Data  1.229 ( 0.935)	Loss 3.6725e+00 (4.6236e+00)	Acc@1  28.12 ( 13.94)	Acc@5  51.56 ( 31.21)
Epoch: [0][3660/4974]	Time  0.897 ( 1.019)	Data  0.814 ( 0.934)	Loss 3.6592e+00 (4.6173e+00)	Acc@1  24.22 ( 14.01)	Acc@5  45.31 ( 31.33)
Epoch: [0][3680/4974]	Time  1.520 ( 1.018)	Data  1.428 ( 0.932)	Loss 3.4073e+00 (4.6111e+00)	Acc@1  29.69 ( 14.07)	Acc@5  50.78 ( 31.44)
Epoch: [0][3700/4974]	Time  1.598 ( 1.017)	Data  1.500 ( 0.931)	Loss 3.5417e+00 (4.6049e+00)	Acc@1  27.34 ( 14.14)	Acc@5  53.91 ( 31.54)
Epoch: [0][3720/4974]	Time  0.895 ( 1.016)	Data  0.812 ( 0.930)	Loss 3.8250e+00 (4.5992e+00)	Acc@1  18.75 ( 14.20)	Acc@5  46.09 ( 31.65)
Epoch: [0][3740/4974]	Time  0.243 ( 1.014)	Data  0.161 ( 0.929)	Loss 3.3208e+00 (4.5933e+00)	Acc@1  28.12 ( 14.27)	Acc@5  55.47 ( 31.75)
Epoch: [0][3760/4974]	Time  0.241 ( 1.013)	Data  0.160 ( 0.928)	Loss 3.4449e+00 (4.5873e+00)	Acc@1  28.91 ( 14.34)	Acc@5  50.78 ( 31.86)
Epoch: [0][3780/4974]	Time  0.234 ( 1.012)	Data  0.151 ( 0.927)	Loss 3.4941e+00 (4.5811e+00)	Acc@1  23.44 ( 14.41)	Acc@5  46.09 ( 31.97)
Epoch: [0][3800/4974]	Time  0.282 ( 1.011)	Data  0.200 ( 0.926)	Loss 3.4330e+00 (4.5749e+00)	Acc@1  20.31 ( 14.48)	Acc@5  55.47 ( 32.09)
Epoch: [0][3820/4974]	Time  0.282 ( 1.010)	Data  0.200 ( 0.925)	Loss 2.9713e+00 (4.5688e+00)	Acc@1  39.06 ( 14.55)	Acc@5  60.16 ( 32.20)
Epoch: [0][3840/4974]	Time  0.619 ( 1.009)	Data  0.538 ( 0.924)	Loss 3.4000e+00 (4.5632e+00)	Acc@1  28.91 ( 14.62)	Acc@5  51.56 ( 32.29)
Epoch: [0][3860/4974]	Time  0.990 ( 1.008)	Data  0.908 ( 0.923)	Loss 3.4499e+00 (4.5579e+00)	Acc@1  32.81 ( 14.68)	Acc@5  53.12 ( 32.39)
Epoch: [0][3880/4974]	Time  0.669 ( 1.007)	Data  0.579 ( 0.922)	Loss 3.1698e+00 (4.5521e+00)	Acc@1  30.47 ( 14.75)	Acc@5  52.34 ( 32.50)
Epoch: [0][3900/4974]	Time  0.480 ( 1.006)	Data  0.389 ( 0.921)	Loss 3.3710e+00 (4.5464e+00)	Acc@1  23.44 ( 14.82)	Acc@5  51.56 ( 32.60)
Epoch: [0][3920/4974]	Time  0.634 ( 1.005)	Data  0.553 ( 0.920)	Loss 3.1976e+00 (4.5406e+00)	Acc@1  34.38 ( 14.88)	Acc@5  57.81 ( 32.71)
Epoch: [0][3940/4974]	Time  1.408 ( 1.004)	Data  1.309 ( 0.919)	Loss 3.1133e+00 (4.5351e+00)	Acc@1  32.03 ( 14.95)	Acc@5  60.94 ( 32.81)
Epoch: [0][3960/4974]	Time  1.353 ( 1.003)	Data  1.271 ( 0.917)	Loss 3.2531e+00 (4.5296e+00)	Acc@1  31.25 ( 15.02)	Acc@5  59.38 ( 32.91)
Epoch: [0][3980/4974]	Time  0.641 ( 1.001)	Data  0.560 ( 0.916)	Loss 3.7472e+00 (4.5242e+00)	Acc@1  27.34 ( 15.08)	Acc@5  46.09 ( 33.00)
Epoch: [0][4000/4974]	Time  0.279 ( 1.000)	Data  0.197 ( 0.915)	Loss 3.6300e+00 (4.5188e+00)	Acc@1  26.56 ( 15.15)	Acc@5  43.75 ( 33.10)
Epoch: [0][4020/4974]	Time  1.006 ( 0.999)	Data  0.902 ( 0.914)	Loss 3.4825e+00 (4.5129e+00)	Acc@1  28.91 ( 15.22)	Acc@5  53.12 ( 33.22)
Epoch: [0][4040/4974]	Time  0.244 ( 0.998)	Data  0.163 ( 0.913)	Loss 3.2873e+00 (4.5069e+00)	Acc@1  28.91 ( 15.29)	Acc@5  53.12 ( 33.32)
Epoch: [0][4060/4974]	Time  0.239 ( 0.997)	Data  0.158 ( 0.912)	Loss 3.4886e+00 (4.5016e+00)	Acc@1  20.31 ( 15.35)	Acc@5  50.78 ( 33.42)
Epoch: [0][4080/4974]	Time  0.241 ( 0.996)	Data  0.159 ( 0.911)	Loss 3.3554e+00 (4.4958e+00)	Acc@1  25.78 ( 15.43)	Acc@5  57.03 ( 33.53)
Epoch: [0][4100/4974]	Time  0.309 ( 0.995)	Data  0.217 ( 0.910)	Loss 3.5183e+00 (4.4905e+00)	Acc@1  30.47 ( 15.50)	Acc@5  47.66 ( 33.63)
Epoch: [0][4120/4974]	Time  0.329 ( 0.994)	Data  0.248 ( 0.909)	Loss 3.0970e+00 (4.4844e+00)	Acc@1  32.03 ( 15.57)	Acc@5  59.38 ( 33.74)
Epoch: [0][4140/4974]	Time  0.234 ( 0.993)	Data  0.153 ( 0.908)	Loss 3.4627e+00 (4.4788e+00)	Acc@1  28.12 ( 15.64)	Acc@5  50.78 ( 33.85)
Epoch: [0][4160/4974]	Time  1.275 ( 0.992)	Data  1.185 ( 0.907)	Loss 3.5143e+00 (4.4734e+00)	Acc@1  26.56 ( 15.70)	Acc@5  51.56 ( 33.94)
Epoch: [0][4180/4974]	Time  1.662 ( 0.992)	Data  1.559 ( 0.906)	Loss 3.0089e+00 (4.4679e+00)	Acc@1  33.59 ( 15.77)	Acc@5  60.16 ( 34.04)
Epoch: [0][4200/4974]	Time  1.253 ( 0.991)	Data  1.160 ( 0.905)	Loss 3.3382e+00 (4.4628e+00)	Acc@1  30.47 ( 15.83)	Acc@5  53.12 ( 34.14)
Epoch: [0][4220/4974]	Time  1.209 ( 0.990)	Data  1.128 ( 0.904)	Loss 3.5607e+00 (4.4576e+00)	Acc@1  28.91 ( 15.90)	Acc@5  52.34 ( 34.24)
Epoch: [0][4240/4974]	Time  1.188 ( 0.989)	Data  1.106 ( 0.904)	Loss 3.7251e+00 (4.4526e+00)	Acc@1  22.66 ( 15.96)	Acc@5  53.91 ( 34.33)
Epoch: [0][4260/4974]	Time  1.367 ( 0.988)	Data  1.286 ( 0.903)	Loss 3.3711e+00 (4.4473e+00)	Acc@1  25.00 ( 16.02)	Acc@5  53.91 ( 34.42)
Epoch: [0][4280/4974]	Time  1.216 ( 0.987)	Data  1.135 ( 0.902)	Loss 3.0876e+00 (4.4421e+00)	Acc@1  28.91 ( 16.08)	Acc@5  57.81 ( 34.52)
Epoch: [0][4300/4974]	Time  1.575 ( 0.987)	Data  1.494 ( 0.901)	Loss 3.1662e+00 (4.4369e+00)	Acc@1  26.56 ( 16.14)	Acc@5  58.59 ( 34.61)
Epoch: [0][4320/4974]	Time  1.276 ( 0.986)	Data  1.183 ( 0.900)	Loss 3.2742e+00 (4.4317e+00)	Acc@1  32.03 ( 16.20)	Acc@5  59.38 ( 34.71)
Epoch: [0][4340/4974]	Time  1.560 ( 0.985)	Data  1.478 ( 0.900)	Loss 3.1492e+00 (4.4266e+00)	Acc@1  30.47 ( 16.26)	Acc@5  56.25 ( 34.80)
Epoch: [0][4360/4974]	Time  1.336 ( 0.985)	Data  1.246 ( 0.899)	Loss 3.2556e+00 (4.4212e+00)	Acc@1  32.81 ( 16.33)	Acc@5  54.69 ( 34.90)
Epoch: [0][4380/4974]	Time  1.545 ( 0.984)	Data  1.463 ( 0.898)	Loss 3.4071e+00 (4.4160e+00)	Acc@1  23.44 ( 16.40)	Acc@5  53.91 ( 34.99)
Epoch: [0][4400/4974]	Time  1.263 ( 0.983)	Data  1.171 ( 0.898)	Loss 2.9068e+00 (4.4111e+00)	Acc@1  34.38 ( 16.46)	Acc@5  60.94 ( 35.08)
Epoch: [0][4420/4974]	Time  1.497 ( 0.982)	Data  1.411 ( 0.897)	Loss 2.9725e+00 (4.4058e+00)	Acc@1  37.50 ( 16.53)	Acc@5  63.28 ( 35.18)
Epoch: [0][4440/4974]	Time  1.379 ( 0.981)	Data  1.297 ( 0.896)	Loss 3.0365e+00 (4.4005e+00)	Acc@1  35.16 ( 16.60)	Acc@5  57.03 ( 35.28)
Epoch: [0][4460/4974]	Time  1.238 ( 0.981)	Data  1.135 ( 0.895)	Loss 3.3314e+00 (4.3956e+00)	Acc@1  34.38 ( 16.66)	Acc@5  54.69 ( 35.36)
Epoch: [0][4480/4974]	Time  1.643 ( 0.980)	Data  1.561 ( 0.894)	Loss 3.3980e+00 (4.3907e+00)	Acc@1  33.59 ( 16.72)	Acc@5  56.25 ( 35.46)
Epoch: [0][4500/4974]	Time  1.294 ( 0.979)	Data  1.196 ( 0.894)	Loss 3.3299e+00 (4.3857e+00)	Acc@1  29.69 ( 16.78)	Acc@5  57.03 ( 35.55)
Epoch: [0][4520/4974]	Time  0.877 ( 0.978)	Data  0.795 ( 0.893)	Loss 3.2602e+00 (4.3806e+00)	Acc@1  27.34 ( 16.85)	Acc@5  52.34 ( 35.64)
Epoch: [0][4540/4974]	Time  0.814 ( 0.977)	Data  0.724 ( 0.892)	Loss 3.2137e+00 (4.3754e+00)	Acc@1  27.34 ( 16.91)	Acc@5  57.81 ( 35.74)
Epoch: [0][4560/4974]	Time  0.252 ( 0.976)	Data  0.165 ( 0.891)	Loss 3.3509e+00 (4.3704e+00)	Acc@1  32.03 ( 16.97)	Acc@5  54.69 ( 35.83)
Epoch: [0][4580/4974]	Time  0.240 ( 0.976)	Data  0.157 ( 0.890)	Loss 3.2933e+00 (4.3656e+00)	Acc@1  29.69 ( 17.03)	Acc@5  56.25 ( 35.92)
Epoch: [0][4600/4974]	Time  0.252 ( 0.975)	Data  0.171 ( 0.890)	Loss 3.4920e+00 (4.3605e+00)	Acc@1  28.91 ( 17.09)	Acc@5  56.25 ( 36.02)
Epoch: [0][4620/4974]	Time  0.255 ( 0.974)	Data  0.174 ( 0.889)	Loss 3.2020e+00 (4.3556e+00)	Acc@1  29.69 ( 17.15)	Acc@5  57.03 ( 36.11)
Epoch: [0][4640/4974]	Time  0.263 ( 0.974)	Data  0.179 ( 0.888)	Loss 3.5234e+00 (4.3505e+00)	Acc@1  25.00 ( 17.22)	Acc@5  50.78 ( 36.20)
Epoch: [0][4660/4974]	Time  0.227 ( 0.973)	Data  0.144 ( 0.888)	Loss 3.1694e+00 (4.3457e+00)	Acc@1  34.38 ( 17.28)	Acc@5  52.34 ( 36.29)
Epoch: [0][4680/4974]	Time  0.233 ( 0.972)	Data  0.145 ( 0.887)	Loss 3.4115e+00 (4.3411e+00)	Acc@1  28.91 ( 17.33)	Acc@5  56.25 ( 36.37)
Epoch: [0][4700/4974]	Time  0.251 ( 0.972)	Data  0.158 ( 0.886)	Loss 3.1547e+00 (4.3359e+00)	Acc@1  31.25 ( 17.40)	Acc@5  61.72 ( 36.47)
Epoch: [0][4720/4974]	Time  0.233 ( 0.971)	Data  0.147 ( 0.885)	Loss 3.0338e+00 (4.3312e+00)	Acc@1  31.25 ( 17.46)	Acc@5  63.28 ( 36.55)
Epoch: [0][4740/4974]	Time  1.057 ( 0.970)	Data  0.974 ( 0.885)	Loss 3.1796e+00 (4.3266e+00)	Acc@1  32.81 ( 17.51)	Acc@5  60.16 ( 36.64)
Epoch: [0][4760/4974]	Time  0.943 ( 0.969)	Data  0.862 ( 0.884)	Loss 3.2487e+00 (4.3217e+00)	Acc@1  31.25 ( 17.57)	Acc@5  55.47 ( 36.73)
Epoch: [0][4780/4974]	Time  0.357 ( 0.968)	Data  0.254 ( 0.882)	Loss 3.2021e+00 (4.3169e+00)	Acc@1  33.59 ( 17.63)	Acc@5  57.81 ( 36.82)
Epoch: [0][4800/4974]	Time  0.912 ( 0.967)	Data  0.831 ( 0.882)	Loss 3.0867e+00 (4.3121e+00)	Acc@1  30.47 ( 17.69)	Acc@5  59.38 ( 36.90)
Epoch: [0][4820/4974]	Time  1.077 ( 0.966)	Data  0.995 ( 0.881)	Loss 3.3862e+00 (4.3074e+00)	Acc@1  30.47 ( 17.76)	Acc@5  61.72 ( 36.99)
Epoch: [0][4840/4974]	Time  1.151 ( 0.965)	Data  1.069 ( 0.880)	Loss 3.2436e+00 (4.3024e+00)	Acc@1  26.56 ( 17.82)	Acc@5  55.47 ( 37.08)
Epoch: [0][4860/4974]	Time  0.795 ( 0.964)	Data  0.714 ( 0.879)	Loss 3.1710e+00 (4.2976e+00)	Acc@1  35.16 ( 17.88)	Acc@5  58.59 ( 37.17)
Epoch: [0][4880/4974]	Time  1.051 ( 0.963)	Data  0.957 ( 0.878)	Loss 3.3889e+00 (4.2931e+00)	Acc@1  27.34 ( 17.94)	Acc@5  55.47 ( 37.25)
Epoch: [0][4900/4974]	Time  0.834 ( 0.962)	Data  0.753 ( 0.877)	Loss 3.5561e+00 (4.2885e+00)	Acc@1  26.56 ( 17.99)	Acc@5  49.22 ( 37.34)
Epoch: [0][4920/4974]	Time  0.982 ( 0.961)	Data  0.900 ( 0.876)	Loss 3.0400e+00 (4.2837e+00)	Acc@1  34.38 ( 18.05)	Acc@5  58.59 ( 37.43)
Epoch: [0][4940/4974]	Time  0.990 ( 0.960)	Data  0.909 ( 0.875)	Loss 2.8155e+00 (4.2792e+00)	Acc@1  35.94 ( 18.11)	Acc@5  66.41 ( 37.51)
Epoch: [0][4960/4974]	Time  0.936 ( 0.959)	Data  0.850 ( 0.874)	Loss 3.0264e+00 (4.2742e+00)	Acc@1  35.16 ( 18.17)	Acc@5  60.16 ( 37.60)
Test: [  0/389]	Time  6.455 ( 6.455)	Loss 2.2895e+00 (2.2895e+00)	Acc@1  48.44 ( 48.44)	Acc@5  75.00 ( 75.00)
Test: [ 20/389]	Time  1.283 ( 0.953)	Loss 3.6306e+00 (3.0559e+00)	Acc@1  25.00 ( 32.59)	Acc@5  52.34 ( 60.60)
Test: [ 40/389]	Time  1.130 ( 0.804)	Loss 2.9256e+00 (3.0620e+00)	Acc@1  32.81 ( 33.44)	Acc@5  63.28 ( 60.12)
Test: [ 60/389]	Time  0.872 ( 0.741)	Loss 2.9266e+00 (2.9671e+00)	Acc@1  31.25 ( 34.64)	Acc@5  62.50 ( 61.74)
Test: [ 80/389]	Time  0.941 ( 0.713)	Loss 3.6469e+00 (3.0587e+00)	Acc@1  21.88 ( 32.08)	Acc@5  43.75 ( 59.54)
Test: [100/389]	Time  0.861 ( 0.695)	Loss 3.0908e+00 (3.0829e+00)	Acc@1  25.78 ( 30.18)	Acc@5  56.25 ( 59.08)
Test: [120/389]	Time  0.882 ( 0.699)	Loss 3.7728e+00 (3.0604e+00)	Acc@1  21.09 ( 30.35)	Acc@5  44.53 ( 59.68)
Test: [140/389]	Time  1.416 ( 0.694)	Loss 3.1187e+00 (3.0132e+00)	Acc@1  32.81 ( 31.38)	Acc@5  62.50 ( 60.54)
Test: [160/389]	Time  1.266 ( 0.727)	Loss 3.7116e+00 (3.0348e+00)	Acc@1  18.75 ( 31.34)	Acc@5  50.78 ( 60.22)
Test: [180/389]	Time  1.928 ( 0.778)	Loss 4.5931e+00 (3.1177e+00)	Acc@1  17.97 ( 30.57)	Acc@5  34.38 ( 58.87)
Test: [200/389]	Time  0.588 ( 0.803)	Loss 4.5464e+00 (3.1931e+00)	Acc@1  20.31 ( 29.97)	Acc@5  35.94 ( 57.54)
Test: [220/389]	Time  1.036 ( 0.827)	Loss 3.4612e+00 (3.2310e+00)	Acc@1  36.72 ( 29.68)	Acc@5  52.34 ( 56.85)
Test: [240/389]	Time  1.074 ( 0.850)	Loss 4.7051e+00 (3.2792e+00)	Acc@1  13.28 ( 29.25)	Acc@5  35.16 ( 56.00)
Test: [260/389]	Time  1.213 ( 0.866)	Loss 2.9225e+00 (3.3130e+00)	Acc@1  36.72 ( 28.87)	Acc@5  65.62 ( 55.51)
Test: [280/389]	Time  1.248 ( 0.878)	Loss 3.9041e+00 (3.3477e+00)	Acc@1  20.31 ( 28.47)	Acc@5  49.22 ( 54.94)
Test: [300/389]	Time  0.771 ( 0.882)	Loss 4.6926e+00 (3.3957e+00)	Acc@1  11.72 ( 28.02)	Acc@5  26.56 ( 54.10)
Test: [320/389]	Time  1.207 ( 0.892)	Loss 3.8819e+00 (3.4199e+00)	Acc@1  16.41 ( 27.71)	Acc@5  49.22 ( 53.77)
Test: [340/389]	Time  0.918 ( 0.900)	Loss 3.1084e+00 (3.4442e+00)	Acc@1  39.84 ( 27.33)	Acc@5  62.50 ( 53.32)
Test: [360/389]	Time  1.675 ( 0.905)	Loss 2.9504e+00 (3.4453e+00)	Acc@1  35.94 ( 27.40)	Acc@5  63.28 ( 53.29)
Test: [380/389]	Time  1.453 ( 0.914)	Loss 2.4762e+00 (3.4082e+00)	Acc@1  43.75 ( 27.79)	Acc@5  72.66 ( 53.96)
 *   Acc@1 28.199 Acc@5 54.289
Test: [  0/389]	Time  6.435 ( 6.435)	Loss 2.2895e+00 (2.2895e+00)	Acc@1  48.44 ( 48.44)	Acc@5  75.00 ( 75.00)
Test: [ 20/389]	Time  1.239 ( 0.953)	Loss 3.6306e+00 (3.0559e+00)	Acc@1  25.00 ( 32.59)	Acc@5  52.34 ( 60.60)
Test: [ 40/389]	Time  1.109 ( 0.804)	Loss 2.9256e+00 (3.0620e+00)	Acc@1  32.81 ( 33.44)	Acc@5  63.28 ( 60.12)
Test: [ 60/389]	Time  0.866 ( 0.741)	Loss 2.9266e+00 (2.9671e+00)	Acc@1  31.25 ( 34.64)	Acc@5  62.50 ( 61.74)
Test: [ 80/389]	Time  0.918 ( 0.713)	Loss 3.6469e+00 (3.0587e+00)	Acc@1  21.88 ( 32.08)	Acc@5  43.75 ( 59.54)
Test: [100/389]	Time  0.856 ( 0.695)	Loss 3.0908e+00 (3.0829e+00)	Acc@1  25.78 ( 30.18)	Acc@5  56.25 ( 59.08)
Test: [120/389]	Time  0.845 ( 0.699)	Loss 3.7728e+00 (3.0604e+00)	Acc@1  21.09 ( 30.35)	Acc@5  44.53 ( 59.68)
Test: [140/389]	Time  1.363 ( 0.694)	Loss 3.1187e+00 (3.0132e+00)	Acc@1  32.81 ( 31.38)	Acc@5  62.50 ( 60.54)
Test: [160/389]	Time  1.266 ( 0.727)	Loss 3.7116e+00 (3.0348e+00)	Acc@1  18.75 ( 31.34)	Acc@5  50.78 ( 60.22)
Test: [180/389]	Time  1.971 ( 0.778)	Loss 4.5931e+00 (3.1177e+00)	Acc@1  17.97 ( 30.57)	Acc@5  34.38 ( 58.87)
Test: [200/389]	Time  0.606 ( 0.804)	Loss 4.5464e+00 (3.1931e+00)	Acc@1  20.31 ( 29.97)	Acc@5  35.94 ( 57.54)
Test: [220/389]	Time  1.027 ( 0.827)	Loss 3.4612e+00 (3.2310e+00)	Acc@1  36.72 ( 29.68)	Acc@5  52.34 ( 56.85)
Test: [240/389]	Time  1.045 ( 0.850)	Loss 4.7051e+00 (3.2792e+00)	Acc@1  13.28 ( 29.25)	Acc@5  35.16 ( 56.00)
Test: [260/389]	Time  1.236 ( 0.866)	Loss 2.9225e+00 (3.3130e+00)	Acc@1  36.72 ( 28.87)	Acc@5  65.62 ( 55.51)
Test: [280/389]	Time  1.266 ( 0.878)	Loss 3.9041e+00 (3.3477e+00)	Acc@1  20.31 ( 28.47)	Acc@5  49.22 ( 54.94)
Test: [300/389]	Time  0.764 ( 0.882)	Loss 4.6926e+00 (3.3957e+00)	Acc@1  11.72 ( 28.02)	Acc@5  26.56 ( 54.10)
Test: [320/389]	Time  1.222 ( 0.892)	Loss 3.8819e+00 (3.4199e+00)	Acc@1  16.41 ( 27.71)	Acc@5  49.22 ( 53.77)
Test: [340/389]	Time  0.873 ( 0.900)	Loss 3.1084e+00 (3.4442e+00)	Acc@1  39.84 ( 27.33)	Acc@5  62.50 ( 53.32)
Test: [360/389]	Time  1.675 ( 0.905)	Loss 2.9504e+00 (3.4453e+00)	Acc@1  35.94 ( 27.40)	Acc@5  63.28 ( 53.29)
Test: [380/389]	Time  1.420 ( 0.914)	Loss 2.4762e+00 (3.4082e+00)	Acc@1  43.75 ( 27.79)	Acc@5  72.66 ( 53.96)
 *   Acc@1 28.199 Acc@5 54.289
