Use GPU: 1 for training
=> creating model 'resnet50'
----------------------------------------
training directory:/data/gpfs/datasets/Imagenet/train_blurred

validating directory:/data/gpfs/datasets/Imagenet/val_blurred

----------------------------------------
Dataset ImageFolder
    Number of datapoints: 1281066
    Root location: /data/gpfs/datasets/Imagenet/train_blurred
    StandardTransform
Transform: Compose(
               Resize(size=256, interpolation=bilinear, max_size=None, antialias=None)
               CenterCrop(size=(224, 224))
               ToTensor()
               Normalize(mean=[0.485, 0.456, 0.406], std=[0.229, 0.224, 0.225])
           )
----------------------------------------
Dataset ImageFolder
    Number of datapoints: 49997
    Root location: /data/gpfs/datasets/Imagenet/val_blurred
    StandardTransform
Transform: Compose(
               Resize(size=256, interpolation=bilinear, max_size=None, antialias=None)
               CenterCrop(size=(224, 224))
               ToTensor()
               Normalize(mean=[0.485, 0.456, 0.406], std=[0.229, 0.224, 0.225])
           )
----------------------------------------
            0                    1
0   n04004767              printer
1   n03983396           pop_bottle
2   n03691459          loudspeaker
3   n03832673             notebook
4   n02870880             bookcase
5   n03085013    computer_keyboard
6   n04557648         water_bottle
7   n03902125            pay-phone
8   n04591713          wine_bottle
9   n02992529   cellular_telephone
10  n03759954           microphone
11  n04009552            projector
12  n03793489                mouse
13  n03180011     desktop_computer
14  n04476259                 tray
15  n03937543          pill_bottle
16  n03063599           coffee_mug
17  n02840245               binder
18  n03388183         fountain_pen
19  n03782006              monitor
20  n03792782        mountain_bike
21  n04505470  typewriter_keyboard
22  n03187595       dial_telephone
23  n02823428          beer_bottle
[742, 737, 632, 681, 453, 508, 898, 707, 907, 487, 650, 745, 673, 527, 868, 720, 504, 446, 563, 664, 671, 878, 528, 440]
----------------------------------------
1249867
48797
Use GPU: 0 for training
=> creating model 'resnet50'
----------------------------------------
training directory:/data/gpfs/datasets/Imagenet/train_blurred

validating directory:/data/gpfs/datasets/Imagenet/val_blurred

----------------------------------------
Dataset ImageFolder
    Number of datapoints: 1281066
    Root location: /data/gpfs/datasets/Imagenet/train_blurred
    StandardTransform
Transform: Compose(
               Resize(size=256, interpolation=bilinear, max_size=None, antialias=None)
               CenterCrop(size=(224, 224))
               ToTensor()
               Normalize(mean=[0.485, 0.456, 0.406], std=[0.229, 0.224, 0.225])
           )
----------------------------------------
Dataset ImageFolder
    Number of datapoints: 49997
    Root location: /data/gpfs/datasets/Imagenet/val_blurred
    StandardTransform
Transform: Compose(
               Resize(size=256, interpolation=bilinear, max_size=None, antialias=None)
               CenterCrop(size=(224, 224))
               ToTensor()
               Normalize(mean=[0.485, 0.456, 0.406], std=[0.229, 0.224, 0.225])
           )
----------------------------------------
            0                    1
0   n04004767              printer
1   n03983396           pop_bottle
2   n03691459          loudspeaker
3   n03832673             notebook
4   n02870880             bookcase
5   n03085013    computer_keyboard
6   n04557648         water_bottle
7   n03902125            pay-phone
8   n04591713          wine_bottle
9   n02992529   cellular_telephone
10  n03759954           microphone
11  n04009552            projector
12  n03793489                mouse
13  n03180011     desktop_computer
14  n04476259                 tray
15  n03937543          pill_bottle
16  n03063599           coffee_mug
17  n02840245               binder
18  n03388183         fountain_pen
19  n03782006              monitor
20  n03792782        mountain_bike
21  n04505470  typewriter_keyboard
22  n03187595       dial_telephone
23  n02823428          beer_bottle
[742, 737, 632, 681, 453, 508, 898, 707, 907, 487, 650, 745, 673, 527, 868, 720, 504, 446, 563, 664, 671, 878, 528, 440]
----------------------------------------
1249867
48797
