Use GPU: 1 for training
=> creating model 'resnet50'
----------------------------------------
training directory:/data/gpfs/datasets/Imagenet/train_blurred

validating directory:/data/gpfs/datasets/Imagenet/val_blurred

----------------------------------------
Dataset ImageFolder
    Number of datapoints: 1281066
    Root location: /data/gpfs/datasets/Imagenet/train_blurred
    StandardTransform
Transform: Compose(
               Resize(size=256, interpolation=bilinear, max_size=None, antialias=None)
               CenterCrop(size=(224, 224))
               ToTensor()
               Normalize(mean=[0.485, 0.456, 0.406], std=[0.229, 0.224, 0.225])
           )
----------------------------------------
Dataset ImageFolder
    Number of datapoints: 49997
    Root location: /data/gpfs/datasets/Imagenet/val_blurred
    StandardTransform
Transform: Compose(
               Resize(size=256, interpolation=bilinear, max_size=None, antialias=None)
               CenterCrop(size=(224, 224))
               ToTensor()
               Normalize(mean=[0.485, 0.456, 0.406], std=[0.229, 0.224, 0.225])
           )
----------------------------------------
            0                      1
0   n04004767                printer
1   n03983396             pop_bottle
2   n03691459            loudspeaker
3   n03832673               notebook
4   n02870880               bookcase
5   n03085013      computer_keyboard
6   n04557648           water_bottle
7   n03902125              pay-phone
8   n04591713            wine_bottle
9   n02992529     cellular_telephone
10  n03759954             microphone
11  n04009552              projector
12  n03793489                  mouse
13  n03180011       desktop_computer
14  n04476259                   tray
15  n03937543            pill_bottle
16  n03063599             coffee_mug
17  n02840245                 binder
18  n03388183           fountain_pen
19  n03782006                monitor
20  n03792782          mountain_bike
21  n04505470    typewriter_keyboard
22  n03187595         dial_telephone
23  n02823428            beer_bottle
24  n02835271  bicycle-built-for-two
25  n03127747           crash_helmet
26  n03379051        football_helmet
27  n02877765              bottlecap
28  n03937543            pill_bottle
29  n02791124           barber_chair
30  n03376595          folding_chair
31  n04099969          rocking_chair
32  n03637318              lampshade
33  n04380533             table_lamp
34  n04286575              spotlight
35  n03485407     hand-held_computer
36  n03642806                 laptop
37  n03018349          china_cabinet
38  n03902125              pay-phone
39  n04505470    typewriter_keyboard
40  n02992529     cellular_telephone
41  n03793489                  mouse
42  n07930864                    cup
43  n06596364             comic_book
44  n03902125              pay-phone
45  n03187595         dial_telephone
46  n03742115         medicine_chest
47  n04152593                 screen
48  n03785016                  moped
[742, 737, 632, 681, 453, 508, 898, 707, 907, 487, 650, 745, 673, 527, 868, 720, 504, 446, 563, 664, 671, 878, 528, 440, 444, 518, 560, 455, 720, 423, 559, 765, 619, 846, 818, 590, 620, 495, 707, 878, 487, 673, 968, 917, 707, 528, 648, 782, 665]
----------------------------------------
1226767
47897
Use GPU: 0 for training
=> creating model 'resnet50'
----------------------------------------
training directory:/data/gpfs/datasets/Imagenet/train_blurred

validating directory:/data/gpfs/datasets/Imagenet/val_blurred

----------------------------------------
Dataset ImageFolder
    Number of datapoints: 1281066
    Root location: /data/gpfs/datasets/Imagenet/train_blurred
    StandardTransform
Transform: Compose(
               Resize(size=256, interpolation=bilinear, max_size=None, antialias=None)
               CenterCrop(size=(224, 224))
               ToTensor()
               Normalize(mean=[0.485, 0.456, 0.406], std=[0.229, 0.224, 0.225])
           )
----------------------------------------
Dataset ImageFolder
    Number of datapoints: 49997
    Root location: /data/gpfs/datasets/Imagenet/val_blurred
    StandardTransform
Transform: Compose(
               Resize(size=256, interpolation=bilinear, max_size=None, antialias=None)
               CenterCrop(size=(224, 224))
               ToTensor()
               Normalize(mean=[0.485, 0.456, 0.406], std=[0.229, 0.224, 0.225])
           )
----------------------------------------
            0                      1
0   n04004767                printer
1   n03983396             pop_bottle
2   n03691459            loudspeaker
3   n03832673               notebook
4   n02870880               bookcase
5   n03085013      computer_keyboard
6   n04557648           water_bottle
7   n03902125              pay-phone
8   n04591713            wine_bottle
9   n02992529     cellular_telephone
10  n03759954             microphone
11  n04009552              projector
12  n03793489                  mouse
13  n03180011       desktop_computer
14  n04476259                   tray
15  n03937543            pill_bottle
16  n03063599             coffee_mug
17  n02840245                 binder
18  n03388183           fountain_pen
19  n03782006                monitor
20  n03792782          mountain_bike
21  n04505470    typewriter_keyboard
22  n03187595         dial_telephone
23  n02823428            beer_bottle
24  n02835271  bicycle-built-for-two
25  n03127747           crash_helmet
26  n03379051        football_helmet
27  n02877765              bottlecap
28  n03937543            pill_bottle
29  n02791124           barber_chair
30  n03376595          folding_chair
31  n04099969          rocking_chair
32  n03637318              lampshade
33  n04380533             table_lamp
34  n04286575              spotlight
35  n03485407     hand-held_computer
36  n03642806                 laptop
37  n03018349          china_cabinet
38  n03902125              pay-phone
39  n04505470    typewriter_keyboard
40  n02992529     cellular_telephone
41  n03793489                  mouse
42  n07930864                    cup
43  n06596364             comic_book
44  n03902125              pay-phone
45  n03187595         dial_telephone
46  n03742115         medicine_chest
47  n04152593                 screen
48  n03785016                  moped
[742, 737, 632, 681, 453, 508, 898, 707, 907, 487, 650, 745, 673, 527, 868, 720, 504, 446, 563, 664, 671, 878, 528, 440, 444, 518, 560, 455, 720, 423, 559, 765, 619, 846, 818, 590, 620, 495, 707, 878, 487, 673, 968, 917, 707, 528, 648, 782, 665]
----------------------------------------
1226767
47897
Epoch: [0][   0/4793]	Time 14.054 (14.054)	Data 10.085 (10.085)	Loss 7.1237e+00 (7.1237e+00)	Acc@1   0.00 (  0.00)	Acc@5   0.00 (  0.00)
Epoch: [0][  20/4793]	Time  2.721 ( 2.249)	Data  0.930 ( 1.374)	Loss 7.9291e+00 (8.2058e+00)	Acc@1   0.00 (  0.15)	Acc@5   0.78 (  0.56)
Epoch: [0][  40/4793]	Time  2.639 ( 2.035)	Data  2.138 ( 1.224)	Loss 6.9364e+00 (7.7728e+00)	Acc@1   0.78 (  0.15)	Acc@5   0.78 (  0.59)
Epoch: [0][  60/4793]	Time  2.652 ( 1.959)	Data  1.939 ( 1.232)	Loss 6.8725e+00 (7.4992e+00)	Acc@1   0.00 (  0.13)	Acc@5   0.78 (  0.59)
Epoch: [0][  80/4793]	Time  3.031 ( 1.915)	Data  1.144 ( 1.195)	Loss 6.9162e+00 (7.3572e+00)	Acc@1   0.00 (  0.12)	Acc@5   0.00 (  0.66)
Epoch: [0][ 100/4793]	Time  3.064 ( 1.884)	Data  0.690 ( 1.080)	Loss 6.9014e+00 (7.2714e+00)	Acc@1   0.78 (  0.14)	Acc@5   1.56 (  0.65)
Epoch: [0][ 120/4793]	Time  2.786 ( 1.863)	Data  0.888 ( 0.962)	Loss 6.9072e+00 (7.2121e+00)	Acc@1   0.78 (  0.16)	Acc@5   0.78 (  0.65)
Epoch: [0][ 140/4793]	Time  2.644 ( 1.839)	Data  1.206 ( 0.897)	Loss 6.8897e+00 (7.1675e+00)	Acc@1   0.00 (  0.17)	Acc@5   0.00 (  0.61)
Epoch: [0][ 160/4793]	Time  2.371 ( 1.820)	Data  1.168 ( 0.875)	Loss 6.9261e+00 (7.1349e+00)	Acc@1   0.00 (  0.16)	Acc@5   0.00 (  0.64)
Epoch: [0][ 180/4793]	Time  2.584 ( 1.803)	Data  2.084 ( 0.900)	Loss 6.9168e+00 (7.1087e+00)	Acc@1   0.00 (  0.14)	Acc@5   0.78 (  0.65)
Epoch: [0][ 200/4793]	Time  2.617 ( 1.785)	Data  1.738 ( 0.916)	Loss 6.8684e+00 (7.0887e+00)	Acc@1   0.00 (  0.14)	Acc@5   2.34 (  0.66)
Epoch: [0][ 220/4793]	Time  2.695 ( 1.771)	Data  1.228 ( 0.914)	Loss 6.8708e+00 (7.0701e+00)	Acc@1   0.00 (  0.15)	Acc@5   0.78 (  0.67)
Epoch: [0][ 240/4793]	Time  2.527 ( 1.761)	Data  0.408 ( 0.868)	Loss 6.8456e+00 (7.0530e+00)	Acc@1   0.00 (  0.15)	Acc@5   0.78 (  0.68)
Epoch: [0][ 260/4793]	Time  2.394 ( 1.750)	Data  0.851 ( 0.844)	Loss 6.8405e+00 (7.0379e+00)	Acc@1   0.00 (  0.14)	Acc@5   0.00 (  0.69)
Epoch: [0][ 280/4793]	Time  2.613 ( 1.741)	Data  0.795 ( 0.819)	Loss 6.8261e+00 (7.0231e+00)	Acc@1   0.00 (  0.14)	Acc@5   0.78 (  0.70)
Epoch: [0][ 300/4793]	Time  2.526 ( 1.730)	Data  2.025 ( 0.831)	Loss 6.8399e+00 (7.0087e+00)	Acc@1   0.78 (  0.15)	Acc@5   0.78 (  0.73)
Epoch: [0][ 320/4793]	Time  2.284 ( 1.716)	Data  1.783 ( 0.841)	Loss 6.7996e+00 (6.9951e+00)	Acc@1   0.78 (  0.16)	Acc@5   0.78 (  0.74)
Epoch: [0][ 340/4793]	Time  2.680 ( 1.707)	Data  2.175 ( 0.849)	Loss 6.7873e+00 (6.9832e+00)	Acc@1   0.00 (  0.16)	Acc@5   0.00 (  0.75)
Epoch: [0][ 360/4793]	Time  2.164 ( 1.700)	Data  1.662 ( 0.862)	Loss 6.7598e+00 (6.9709e+00)	Acc@1   1.56 (  0.18)	Acc@5   2.34 (  0.79)
Epoch: [0][ 380/4793]	Time  2.316 ( 1.690)	Data  1.813 ( 0.869)	Loss 6.7694e+00 (6.9591e+00)	Acc@1   0.78 (  0.18)	Acc@5   0.78 (  0.81)
Epoch: [0][ 400/4793]	Time  2.307 ( 1.684)	Data  1.800 ( 0.879)	Loss 6.7573e+00 (6.9478e+00)	Acc@1   0.78 (  0.18)	Acc@5   1.56 (  0.84)
Epoch: [0][ 420/4793]	Time  2.359 ( 1.676)	Data  1.858 ( 0.885)	Loss 6.7814e+00 (6.9372e+00)	Acc@1   0.00 (  0.18)	Acc@5   0.00 (  0.86)
Epoch: [0][ 440/4793]	Time  2.269 ( 1.667)	Data  1.768 ( 0.889)	Loss 6.5759e+00 (6.9266e+00)	Acc@1   0.78 (  0.20)	Acc@5   3.91 (  0.90)
Epoch: [0][ 460/4793]	Time  2.434 ( 1.660)	Data  1.933 ( 0.894)	Loss 6.6357e+00 (6.9154e+00)	Acc@1   0.00 (  0.20)	Acc@5   0.78 (  0.92)
Epoch: [0][ 480/4793]	Time  2.332 ( 1.649)	Data  1.830 ( 0.893)	Loss 6.6164e+00 (6.9056e+00)	Acc@1   0.78 (  0.21)	Acc@5   2.34 (  0.96)
Epoch: [0][ 500/4793]	Time  1.160 ( 1.637)	Data  0.653 ( 0.889)	Loss 6.6851e+00 (6.8954e+00)	Acc@1   0.00 (  0.23)	Acc@5   2.34 (  1.01)
Epoch: [0][ 520/4793]	Time  0.710 ( 1.627)	Data  0.208 ( 0.889)	Loss 6.6750e+00 (6.8857e+00)	Acc@1   0.78 (  0.23)	Acc@5   0.78 (  1.05)
Epoch: [0][ 540/4793]	Time  1.653 ( 1.619)	Data  1.152 ( 0.887)	Loss 6.6032e+00 (6.8765e+00)	Acc@1   0.78 (  0.24)	Acc@5   2.34 (  1.09)
Epoch: [0][ 560/4793]	Time  1.699 ( 1.611)	Data  1.197 ( 0.886)	Loss 6.6078e+00 (6.8663e+00)	Acc@1   0.78 (  0.26)	Acc@5   1.56 (  1.14)
Epoch: [0][ 580/4793]	Time  2.201 ( 1.604)	Data  1.700 ( 0.887)	Loss 6.6585e+00 (6.8568e+00)	Acc@1   0.00 (  0.27)	Acc@5   0.78 (  1.20)
Epoch: [0][ 600/4793]	Time  2.568 ( 1.597)	Data  2.062 ( 0.886)	Loss 6.6007e+00 (6.8474e+00)	Acc@1   0.00 (  0.28)	Acc@5   0.00 (  1.23)
Epoch: [0][ 620/4793]	Time  1.715 ( 1.588)	Data  1.212 ( 0.884)	Loss 6.3912e+00 (6.8375e+00)	Acc@1   0.78 (  0.29)	Acc@5   3.12 (  1.27)
Epoch: [0][ 640/4793]	Time  1.656 ( 1.580)	Data  1.154 ( 0.881)	Loss 6.4890e+00 (6.8286e+00)	Acc@1   0.78 (  0.30)	Acc@5   4.69 (  1.31)
Epoch: [0][ 660/4793]	Time  2.149 ( 1.574)	Data  1.648 ( 0.882)	Loss 6.3429e+00 (6.8179e+00)	Acc@1   3.91 (  0.33)	Acc@5   4.69 (  1.37)
Epoch: [0][ 680/4793]	Time  2.186 ( 1.566)	Data  1.684 ( 0.879)	Loss 6.3699e+00 (6.8071e+00)	Acc@1   0.78 (  0.34)	Acc@5   4.69 (  1.43)
Epoch: [0][ 700/4793]	Time  1.724 ( 1.560)	Data  1.223 ( 0.878)	Loss 6.4209e+00 (6.7966e+00)	Acc@1   0.78 (  0.36)	Acc@5   4.69 (  1.50)
Epoch: [0][ 720/4793]	Time  1.719 ( 1.553)	Data  1.217 ( 0.876)	Loss 6.4460e+00 (6.7868e+00)	Acc@1   1.56 (  0.37)	Acc@5   2.34 (  1.56)
Epoch: [0][ 740/4793]	Time  1.816 ( 1.546)	Data  1.315 ( 0.873)	Loss 6.3958e+00 (6.7765e+00)	Acc@1   0.78 (  0.39)	Acc@5   6.25 (  1.63)
Epoch: [0][ 760/4793]	Time  1.618 ( 1.539)	Data  1.117 ( 0.871)	Loss 6.1707e+00 (6.7652e+00)	Acc@1   1.56 (  0.41)	Acc@5   3.12 (  1.71)
Epoch: [0][ 780/4793]	Time  1.703 ( 1.532)	Data  1.200 ( 0.868)	Loss 6.3024e+00 (6.7532e+00)	Acc@1   0.00 (  0.43)	Acc@5   2.34 (  1.78)
Epoch: [0][ 800/4793]	Time  1.810 ( 1.525)	Data  1.303 ( 0.865)	Loss 6.4261e+00 (6.7424e+00)	Acc@1   0.00 (  0.44)	Acc@5   5.47 (  1.85)
Epoch: [0][ 820/4793]	Time  1.745 ( 1.518)	Data  1.243 ( 0.862)	Loss 6.1412e+00 (6.7315e+00)	Acc@1   0.00 (  0.45)	Acc@5   3.91 (  1.91)
Epoch: [0][ 840/4793]	Time  1.421 ( 1.510)	Data  0.798 ( 0.857)	Loss 6.2760e+00 (6.7197e+00)	Acc@1   0.78 (  0.47)	Acc@5   6.25 (  1.98)
Epoch: [0][ 860/4793]	Time  1.790 ( 1.503)	Data  0.273 ( 0.851)	Loss 6.2068e+00 (6.7082e+00)	Acc@1   3.12 (  0.49)	Acc@5   6.25 (  2.06)
Epoch: [0][ 880/4793]	Time  1.787 ( 1.498)	Data  0.209 ( 0.837)	Loss 6.1614e+00 (6.6958e+00)	Acc@1   0.00 (  0.50)	Acc@5   3.91 (  2.13)
Epoch: [0][ 900/4793]	Time  1.882 ( 1.491)	Data  0.210 ( 0.823)	Loss 6.0281e+00 (6.6839e+00)	Acc@1   2.34 (  0.52)	Acc@5  11.72 (  2.22)
Epoch: [0][ 920/4793]	Time  1.749 ( 1.486)	Data  0.226 ( 0.810)	Loss 6.1282e+00 (6.6717e+00)	Acc@1   3.12 (  0.55)	Acc@5   5.47 (  2.30)
Epoch: [0][ 940/4793]	Time  1.766 ( 1.480)	Data  0.206 ( 0.797)	Loss 6.1883e+00 (6.6600e+00)	Acc@1   0.00 (  0.57)	Acc@5   3.91 (  2.37)
Epoch: [0][ 960/4793]	Time  1.583 ( 1.473)	Data  0.210 ( 0.785)	Loss 6.1867e+00 (6.6484e+00)	Acc@1   0.78 (  0.59)	Acc@5   7.03 (  2.46)
Epoch: [0][ 980/4793]	Time  1.573 ( 1.467)	Data  0.209 ( 0.774)	Loss 5.9557e+00 (6.6355e+00)	Acc@1   1.56 (  0.62)	Acc@5   7.03 (  2.56)
Epoch: [0][1000/4793]	Time  1.524 ( 1.461)	Data  0.221 ( 0.763)	Loss 5.9893e+00 (6.6243e+00)	Acc@1   3.12 (  0.64)	Acc@5   7.81 (  2.63)
Epoch: [0][1020/4793]	Time  1.692 ( 1.455)	Data  0.215 ( 0.754)	Loss 5.8985e+00 (6.6120e+00)	Acc@1   2.34 (  0.67)	Acc@5   8.59 (  2.73)
Epoch: [0][1040/4793]	Time  1.453 ( 1.449)	Data  0.211 ( 0.744)	Loss 5.9195e+00 (6.5995e+00)	Acc@1   1.56 (  0.69)	Acc@5  10.94 (  2.82)
Epoch: [0][1060/4793]	Time  1.520 ( 1.444)	Data  0.209 ( 0.734)	Loss 5.8643e+00 (6.5880e+00)	Acc@1   3.91 (  0.72)	Acc@5   8.59 (  2.90)
Epoch: [0][1080/4793]	Time  1.663 ( 1.439)	Data  0.210 ( 0.724)	Loss 5.8517e+00 (6.5765e+00)	Acc@1   0.78 (  0.74)	Acc@5   8.59 (  2.98)
Epoch: [0][1100/4793]	Time  1.795 ( 1.434)	Data  0.207 ( 0.715)	Loss 5.9616e+00 (6.5651e+00)	Acc@1   0.78 (  0.77)	Acc@5   3.12 (  3.07)
Epoch: [0][1120/4793]	Time  1.593 ( 1.429)	Data  0.209 ( 0.706)	Loss 5.9413e+00 (6.5527e+00)	Acc@1   0.78 (  0.81)	Acc@5   4.69 (  3.16)
Epoch: [0][1140/4793]	Time  1.487 ( 1.424)	Data  0.208 ( 0.698)	Loss 5.9636e+00 (6.5418e+00)	Acc@1   3.12 (  0.83)	Acc@5   6.25 (  3.25)
Epoch: [0][1160/4793]	Time  1.366 ( 1.418)	Data  0.227 ( 0.690)	Loss 5.7874e+00 (6.5296e+00)	Acc@1   2.34 (  0.87)	Acc@5   9.38 (  3.35)
Epoch: [0][1180/4793]	Time  1.435 ( 1.413)	Data  0.327 ( 0.682)	Loss 6.0855e+00 (6.5184e+00)	Acc@1   0.00 (  0.91)	Acc@5   2.34 (  3.45)
Epoch: [0][1200/4793]	Time  1.937 ( 1.408)	Data  0.231 ( 0.675)	Loss 5.8504e+00 (6.5073e+00)	Acc@1   1.56 (  0.94)	Acc@5   7.81 (  3.54)
Epoch: [0][1220/4793]	Time  1.526 ( 1.403)	Data  0.208 ( 0.668)	Loss 5.7621e+00 (6.4963e+00)	Acc@1   3.12 (  0.98)	Acc@5   7.81 (  3.63)
Epoch: [0][1240/4793]	Time  1.275 ( 1.398)	Data  0.225 ( 0.661)	Loss 5.8559e+00 (6.4842e+00)	Acc@1   3.12 (  1.01)	Acc@5   9.38 (  3.73)
Epoch: [0][1260/4793]	Time  1.341 ( 1.393)	Data  0.209 ( 0.654)	Loss 5.6291e+00 (6.4733e+00)	Acc@1   1.56 (  1.03)	Acc@5   9.38 (  3.81)
Epoch: [0][1280/4793]	Time  1.508 ( 1.389)	Data  0.221 ( 0.647)	Loss 5.5671e+00 (6.4618e+00)	Acc@1   4.69 (  1.06)	Acc@5  14.06 (  3.92)
Epoch: [0][1300/4793]	Time  1.127 ( 1.384)	Data  0.210 ( 0.640)	Loss 5.8505e+00 (6.4508e+00)	Acc@1   3.12 (  1.10)	Acc@5   7.03 (  4.03)
Epoch: [0][1320/4793]	Time  1.613 ( 1.380)	Data  0.217 ( 0.634)	Loss 5.5866e+00 (6.4394e+00)	Acc@1   2.34 (  1.13)	Acc@5  10.94 (  4.12)
Epoch: [0][1340/4793]	Time  1.474 ( 1.375)	Data  0.232 ( 0.628)	Loss 5.6333e+00 (6.4281e+00)	Acc@1   3.12 (  1.17)	Acc@5  16.41 (  4.24)
Epoch: [0][1360/4793]	Time  1.613 ( 1.371)	Data  0.209 ( 0.622)	Loss 5.7541e+00 (6.4166e+00)	Acc@1   2.34 (  1.20)	Acc@5   9.38 (  4.34)
Epoch: [0][1380/4793]	Time  1.159 ( 1.366)	Data  0.221 ( 0.616)	Loss 5.6386e+00 (6.4051e+00)	Acc@1   2.34 (  1.23)	Acc@5  14.84 (  4.45)
Epoch: [0][1400/4793]	Time  1.850 ( 1.362)	Data  0.208 ( 0.611)	Loss 5.5108e+00 (6.3931e+00)	Acc@1   7.81 (  1.27)	Acc@5  20.31 (  4.58)
Epoch: [0][1420/4793]	Time  1.762 ( 1.358)	Data  0.209 ( 0.605)	Loss 5.6125e+00 (6.3819e+00)	Acc@1   5.47 (  1.32)	Acc@5  10.94 (  4.69)
Epoch: [0][1440/4793]	Time  1.370 ( 1.354)	Data  0.209 ( 0.600)	Loss 5.4486e+00 (6.3703e+00)	Acc@1   4.69 (  1.36)	Acc@5  15.62 (  4.82)
Epoch: [0][1460/4793]	Time  1.280 ( 1.349)	Data  0.205 ( 0.595)	Loss 5.5670e+00 (6.3591e+00)	Acc@1   6.25 (  1.39)	Acc@5  17.19 (  4.94)
Epoch: [0][1480/4793]	Time  1.605 ( 1.345)	Data  0.217 ( 0.590)	Loss 5.6459e+00 (6.3478e+00)	Acc@1   3.12 (  1.43)	Acc@5  12.50 (  5.06)
Epoch: [0][1500/4793]	Time  1.215 ( 1.342)	Data  0.221 ( 0.585)	Loss 5.5121e+00 (6.3360e+00)	Acc@1   3.91 (  1.49)	Acc@5  14.84 (  5.19)
Epoch: [0][1520/4793]	Time  1.307 ( 1.337)	Data  0.214 ( 0.580)	Loss 5.3588e+00 (6.3249e+00)	Acc@1   5.47 (  1.53)	Acc@5  16.41 (  5.30)
Epoch: [0][1540/4793]	Time  1.097 ( 1.334)	Data  0.232 ( 0.575)	Loss 5.3830e+00 (6.3132e+00)	Acc@1   8.59 (  1.58)	Acc@5  17.19 (  5.43)
Epoch: [0][1560/4793]	Time  1.172 ( 1.330)	Data  0.224 ( 0.571)	Loss 5.5765e+00 (6.3008e+00)	Acc@1   2.34 (  1.62)	Acc@5   8.59 (  5.56)
Epoch: [0][1580/4793]	Time  1.121 ( 1.326)	Data  0.220 ( 0.566)	Loss 5.2282e+00 (6.2890e+00)	Acc@1   4.69 (  1.66)	Acc@5  13.28 (  5.69)
Epoch: [0][1600/4793]	Time  1.312 ( 1.322)	Data  0.227 ( 0.562)	Loss 5.2425e+00 (6.2770e+00)	Acc@1  10.16 (  1.71)	Acc@5  17.19 (  5.82)
Epoch: [0][1620/4793]	Time  1.495 ( 1.319)	Data  0.221 ( 0.558)	Loss 5.3806e+00 (6.2656e+00)	Acc@1   5.47 (  1.76)	Acc@5  14.06 (  5.96)
Epoch: [0][1640/4793]	Time  1.122 ( 1.314)	Data  0.204 ( 0.554)	Loss 5.2517e+00 (6.2535e+00)	Acc@1   7.03 (  1.80)	Acc@5  18.75 (  6.10)
Epoch: [0][1660/4793]	Time  1.259 ( 1.311)	Data  0.210 ( 0.551)	Loss 5.2331e+00 (6.2417e+00)	Acc@1   6.25 (  1.85)	Acc@5  19.53 (  6.23)
Epoch: [0][1680/4793]	Time  1.209 ( 1.307)	Data  0.708 ( 0.549)	Loss 5.1981e+00 (6.2308e+00)	Acc@1   7.03 (  1.89)	Acc@5  21.88 (  6.35)
Epoch: [0][1700/4793]	Time  1.186 ( 1.303)	Data  0.684 ( 0.548)	Loss 5.2633e+00 (6.2199e+00)	Acc@1   6.25 (  1.94)	Acc@5  17.19 (  6.47)
Epoch: [0][1720/4793]	Time  1.199 ( 1.300)	Data  0.209 ( 0.547)	Loss 5.0038e+00 (6.2084e+00)	Acc@1   6.25 (  1.99)	Acc@5  17.97 (  6.62)
Epoch: [0][1740/4793]	Time  1.286 ( 1.297)	Data  0.522 ( 0.543)	Loss 5.5165e+00 (6.1966e+00)	Acc@1   5.47 (  2.05)	Acc@5  17.19 (  6.76)
Epoch: [0][1760/4793]	Time  0.986 ( 1.293)	Data  0.411 ( 0.540)	Loss 5.1563e+00 (6.1851e+00)	Acc@1   4.69 (  2.10)	Acc@5  20.31 (  6.91)
Epoch: [0][1780/4793]	Time  1.304 ( 1.290)	Data  0.802 ( 0.540)	Loss 5.1708e+00 (6.1745e+00)	Acc@1   7.81 (  2.14)	Acc@5  14.84 (  7.03)
Epoch: [0][1800/4793]	Time  1.184 ( 1.287)	Data  0.682 ( 0.540)	Loss 5.2518e+00 (6.1639e+00)	Acc@1   5.47 (  2.19)	Acc@5  15.62 (  7.15)
Epoch: [0][1820/4793]	Time  0.994 ( 1.284)	Data  0.493 ( 0.540)	Loss 5.3047e+00 (6.1532e+00)	Acc@1   6.25 (  2.24)	Acc@5  14.84 (  7.28)
Epoch: [0][1840/4793]	Time  1.378 ( 1.281)	Data  0.876 ( 0.539)	Loss 5.3023e+00 (6.1423e+00)	Acc@1   4.69 (  2.29)	Acc@5  18.75 (  7.42)
Epoch: [0][1860/4793]	Time  1.380 ( 1.278)	Data  0.866 ( 0.538)	Loss 5.1528e+00 (6.1318e+00)	Acc@1   7.81 (  2.33)	Acc@5  20.31 (  7.54)
Epoch: [0][1880/4793]	Time  1.163 ( 1.275)	Data  0.661 ( 0.538)	Loss 4.9711e+00 (6.1209e+00)	Acc@1   7.03 (  2.38)	Acc@5  18.75 (  7.67)
Epoch: [0][1900/4793]	Time  1.392 ( 1.272)	Data  0.884 ( 0.538)	Loss 5.1350e+00 (6.1103e+00)	Acc@1   7.03 (  2.42)	Acc@5  19.53 (  7.80)
Epoch: [0][1920/4793]	Time  1.090 ( 1.269)	Data  0.590 ( 0.537)	Loss 4.7458e+00 (6.0997e+00)	Acc@1   7.03 (  2.48)	Acc@5  28.12 (  7.93)
Epoch: [0][1940/4793]	Time  1.519 ( 1.267)	Data  1.017 ( 0.537)	Loss 4.8871e+00 (6.0893e+00)	Acc@1   9.38 (  2.51)	Acc@5  23.44 (  8.07)
Epoch: [0][1960/4793]	Time  1.300 ( 1.264)	Data  0.799 ( 0.536)	Loss 5.3092e+00 (6.0789e+00)	Acc@1   6.25 (  2.56)	Acc@5  16.41 (  8.22)
Epoch: [0][1980/4793]	Time  1.316 ( 1.261)	Data  0.814 ( 0.535)	Loss 5.0866e+00 (6.0685e+00)	Acc@1   9.38 (  2.61)	Acc@5  23.44 (  8.36)
Epoch: [0][2000/4793]	Time  1.289 ( 1.258)	Data  0.788 ( 0.534)	Loss 5.3269e+00 (6.0582e+00)	Acc@1   7.03 (  2.66)	Acc@5  15.62 (  8.49)
Epoch: [0][2020/4793]	Time  1.319 ( 1.256)	Data  0.812 ( 0.534)	Loss 4.9241e+00 (6.0481e+00)	Acc@1   6.25 (  2.72)	Acc@5  28.91 (  8.63)
Epoch: [0][2040/4793]	Time  1.225 ( 1.253)	Data  0.723 ( 0.533)	Loss 4.6967e+00 (6.0377e+00)	Acc@1  11.72 (  2.77)	Acc@5  28.91 (  8.77)
Epoch: [0][2060/4793]	Time  1.404 ( 1.250)	Data  0.625 ( 0.532)	Loss 4.9321e+00 (6.0279e+00)	Acc@1   8.59 (  2.82)	Acc@5  23.44 (  8.90)
Epoch: [0][2080/4793]	Time  1.270 ( 1.247)	Data  0.695 ( 0.531)	Loss 5.1761e+00 (6.0178e+00)	Acc@1   5.47 (  2.86)	Acc@5  21.09 (  9.03)
Epoch: [0][2100/4793]	Time  1.323 ( 1.245)	Data  0.817 ( 0.531)	Loss 4.9079e+00 (6.0083e+00)	Acc@1  10.94 (  2.91)	Acc@5  24.22 (  9.16)
Epoch: [0][2120/4793]	Time  1.152 ( 1.242)	Data  0.648 ( 0.530)	Loss 5.0656e+00 (5.9981e+00)	Acc@1   6.25 (  2.96)	Acc@5  18.75 (  9.29)
Epoch: [0][2140/4793]	Time  1.082 ( 1.239)	Data  0.581 ( 0.529)	Loss 5.1339e+00 (5.9875e+00)	Acc@1  10.94 (  3.02)	Acc@5  20.31 (  9.44)
Epoch: [0][2160/4793]	Time  1.112 ( 1.237)	Data  0.610 ( 0.529)	Loss 4.9584e+00 (5.9772e+00)	Acc@1   9.38 (  3.08)	Acc@5  22.66 (  9.58)
Epoch: [0][2180/4793]	Time  1.468 ( 1.235)	Data  0.967 ( 0.528)	Loss 5.0859e+00 (5.9674e+00)	Acc@1   9.38 (  3.14)	Acc@5  19.53 (  9.72)
Epoch: [0][2200/4793]	Time  1.178 ( 1.232)	Data  0.677 ( 0.528)	Loss 4.8835e+00 (5.9578e+00)	Acc@1   7.03 (  3.18)	Acc@5  26.56 (  9.85)
Epoch: [0][2220/4793]	Time  1.190 ( 1.230)	Data  0.688 ( 0.527)	Loss 4.6452e+00 (5.9476e+00)	Acc@1  13.28 (  3.25)	Acc@5  29.69 (  9.99)
Epoch: [0][2240/4793]	Time  1.202 ( 1.228)	Data  0.696 ( 0.527)	Loss 4.9826e+00 (5.9381e+00)	Acc@1   7.81 (  3.30)	Acc@5  25.00 ( 10.12)
Epoch: [0][2260/4793]	Time  1.118 ( 1.225)	Data  0.617 ( 0.526)	Loss 4.5156e+00 (5.9279e+00)	Acc@1  15.62 (  3.37)	Acc@5  30.47 ( 10.27)
Epoch: [0][2280/4793]	Time  0.780 ( 1.223)	Data  0.259 ( 0.524)	Loss 4.8375e+00 (5.9181e+00)	Acc@1   7.03 (  3.42)	Acc@5  24.22 ( 10.40)
Epoch: [0][2300/4793]	Time  1.131 ( 1.221)	Data  0.629 ( 0.523)	Loss 5.0552e+00 (5.9084e+00)	Acc@1   9.38 (  3.48)	Acc@5  22.66 ( 10.53)
Epoch: [0][2320/4793]	Time  1.280 ( 1.219)	Data  0.779 ( 0.522)	Loss 4.7866e+00 (5.8988e+00)	Acc@1  11.72 (  3.53)	Acc@5  25.00 ( 10.67)
Epoch: [0][2340/4793]	Time  0.965 ( 1.216)	Data  0.464 ( 0.521)	Loss 4.6916e+00 (5.8894e+00)	Acc@1  10.94 (  3.58)	Acc@5  28.12 ( 10.80)
Epoch: [0][2360/4793]	Time  1.196 ( 1.214)	Data  0.694 ( 0.521)	Loss 4.5196e+00 (5.8800e+00)	Acc@1  14.06 (  3.63)	Acc@5  32.03 ( 10.94)
Epoch: [0][2380/4793]	Time  0.964 ( 1.212)	Data  0.462 ( 0.520)	Loss 4.7458e+00 (5.8701e+00)	Acc@1  13.28 (  3.69)	Acc@5  31.25 ( 11.08)
Epoch: [0][2400/4793]	Time  1.033 ( 1.210)	Data  0.531 ( 0.520)	Loss 4.8368e+00 (5.8608e+00)	Acc@1   9.38 (  3.75)	Acc@5  26.56 ( 11.21)
Epoch: [0][2420/4793]	Time  1.142 ( 1.208)	Data  0.641 ( 0.519)	Loss 4.8522e+00 (5.8518e+00)	Acc@1  10.16 (  3.80)	Acc@5  31.25 ( 11.34)
Epoch: [0][2440/4793]	Time  1.295 ( 1.207)	Data  0.794 ( 0.519)	Loss 4.8088e+00 (5.8418e+00)	Acc@1  10.94 (  3.87)	Acc@5  25.00 ( 11.47)
Epoch: [0][2460/4793]	Time  1.164 ( 1.205)	Data  0.663 ( 0.519)	Loss 4.8566e+00 (5.8316e+00)	Acc@1  16.41 (  3.94)	Acc@5  28.12 ( 11.61)
Epoch: [0][2480/4793]	Time  1.087 ( 1.203)	Data  0.586 ( 0.518)	Loss 4.7095e+00 (5.8227e+00)	Acc@1  10.16 (  3.99)	Acc@5  28.91 ( 11.74)
Epoch: [0][2500/4793]	Time  1.126 ( 1.201)	Data  0.620 ( 0.517)	Loss 4.6655e+00 (5.8137e+00)	Acc@1  11.72 (  4.05)	Acc@5  28.91 ( 11.88)
Epoch: [0][2520/4793]	Time  1.129 ( 1.199)	Data  0.628 ( 0.517)	Loss 4.6708e+00 (5.8044e+00)	Acc@1  14.06 (  4.11)	Acc@5  30.47 ( 12.02)
Epoch: [0][2540/4793]	Time  1.130 ( 1.197)	Data  0.622 ( 0.517)	Loss 4.6816e+00 (5.7951e+00)	Acc@1   7.03 (  4.17)	Acc@5  28.12 ( 12.15)
Epoch: [0][2560/4793]	Time  0.996 ( 1.195)	Data  0.494 ( 0.516)	Loss 4.5827e+00 (5.7863e+00)	Acc@1  12.50 (  4.23)	Acc@5  29.69 ( 12.28)
Epoch: [0][2580/4793]	Time  1.137 ( 1.193)	Data  0.636 ( 0.515)	Loss 4.3563e+00 (5.7774e+00)	Acc@1  10.94 (  4.28)	Acc@5  35.16 ( 12.42)
Epoch: [0][2600/4793]	Time  1.140 ( 1.191)	Data  0.640 ( 0.515)	Loss 4.5272e+00 (5.7688e+00)	Acc@1  14.06 (  4.34)	Acc@5  35.16 ( 12.55)
Epoch: [0][2620/4793]	Time  1.062 ( 1.190)	Data  0.561 ( 0.514)	Loss 4.4942e+00 (5.7599e+00)	Acc@1  18.75 (  4.40)	Acc@5  34.38 ( 12.67)
Epoch: [0][2640/4793]	Time  1.027 ( 1.188)	Data  0.495 ( 0.514)	Loss 4.4432e+00 (5.7505e+00)	Acc@1  13.28 (  4.47)	Acc@5  36.72 ( 12.82)
Epoch: [0][2660/4793]	Time  0.956 ( 1.186)	Data  0.455 ( 0.513)	Loss 4.5726e+00 (5.7414e+00)	Acc@1  11.72 (  4.53)	Acc@5  32.03 ( 12.96)
Epoch: [0][2680/4793]	Time  1.120 ( 1.185)	Data  0.618 ( 0.513)	Loss 4.6953e+00 (5.7332e+00)	Acc@1  10.94 (  4.59)	Acc@5  34.38 ( 13.08)
Epoch: [0][2700/4793]	Time  1.206 ( 1.183)	Data  0.705 ( 0.512)	Loss 4.4514e+00 (5.7240e+00)	Acc@1  14.06 (  4.65)	Acc@5  33.59 ( 13.23)
Epoch: [0][2720/4793]	Time  0.973 ( 1.181)	Data  0.457 ( 0.512)	Loss 4.4873e+00 (5.7151e+00)	Acc@1   8.59 (  4.72)	Acc@5  30.47 ( 13.36)
Epoch: [0][2740/4793]	Time  0.967 ( 1.180)	Data  0.467 ( 0.511)	Loss 4.5692e+00 (5.7058e+00)	Acc@1  11.72 (  4.78)	Acc@5  29.69 ( 13.50)
Epoch: [0][2760/4793]	Time  0.725 ( 1.178)	Data  0.216 ( 0.510)	Loss 4.2995e+00 (5.6972e+00)	Acc@1  15.62 (  4.84)	Acc@5  38.28 ( 13.63)
Epoch: [0][2780/4793]	Time  0.728 ( 1.176)	Data  0.222 ( 0.508)	Loss 4.6659e+00 (5.6887e+00)	Acc@1  11.72 (  4.90)	Acc@5  33.59 ( 13.77)
Epoch: [0][2800/4793]	Time  0.989 ( 1.175)	Data  0.210 ( 0.506)	Loss 4.5536e+00 (5.6803e+00)	Acc@1  13.28 (  4.96)	Acc@5  27.34 ( 13.89)
Epoch: [0][2820/4793]	Time  1.172 ( 1.173)	Data  0.209 ( 0.504)	Loss 4.6510e+00 (5.6720e+00)	Acc@1  10.94 (  5.01)	Acc@5  31.25 ( 14.01)
Epoch: [0][2840/4793]	Time  0.907 ( 1.172)	Data  0.220 ( 0.503)	Loss 4.5240e+00 (5.6632e+00)	Acc@1  14.84 (  5.07)	Acc@5  34.38 ( 14.14)
Epoch: [0][2860/4793]	Time  1.205 ( 1.170)	Data  0.209 ( 0.501)	Loss 4.6387e+00 (5.6547e+00)	Acc@1   7.81 (  5.12)	Acc@5  24.22 ( 14.27)
Epoch: [0][2880/4793]	Time  1.115 ( 1.169)	Data  0.209 ( 0.499)	Loss 3.9653e+00 (5.6462e+00)	Acc@1  16.41 (  5.19)	Acc@5  39.06 ( 14.40)
Epoch: [0][2900/4793]	Time  1.106 ( 1.168)	Data  0.209 ( 0.497)	Loss 4.3177e+00 (5.6377e+00)	Acc@1  12.50 (  5.25)	Acc@5  32.81 ( 14.54)
Epoch: [0][2920/4793]	Time  1.099 ( 1.166)	Data  0.229 ( 0.495)	Loss 4.4586e+00 (5.6292e+00)	Acc@1  16.41 (  5.31)	Acc@5  30.47 ( 14.67)
Epoch: [0][2940/4793]	Time  1.256 ( 1.165)	Data  0.210 ( 0.493)	Loss 4.8495e+00 (5.6210e+00)	Acc@1  13.28 (  5.37)	Acc@5  33.59 ( 14.80)
Epoch: [0][2960/4793]	Time  1.291 ( 1.163)	Data  0.255 ( 0.491)	Loss 4.6110e+00 (5.6125e+00)	Acc@1  10.16 (  5.43)	Acc@5  26.56 ( 14.92)
Epoch: [0][2980/4793]	Time  1.090 ( 1.162)	Data  0.218 ( 0.490)	Loss 4.3005e+00 (5.6043e+00)	Acc@1  20.31 (  5.49)	Acc@5  35.94 ( 15.05)
Epoch: [0][3000/4793]	Time  1.308 ( 1.160)	Data  0.230 ( 0.488)	Loss 4.2268e+00 (5.5959e+00)	Acc@1  17.97 (  5.55)	Acc@5  38.28 ( 15.19)
Epoch: [0][3020/4793]	Time  1.221 ( 1.159)	Data  0.281 ( 0.486)	Loss 4.6511e+00 (5.5878e+00)	Acc@1   8.59 (  5.61)	Acc@5  25.78 ( 15.32)
Epoch: [0][3040/4793]	Time  0.921 ( 1.158)	Data  0.216 ( 0.485)	Loss 4.0949e+00 (5.5794e+00)	Acc@1  20.31 (  5.67)	Acc@5  41.41 ( 15.45)
Epoch: [0][3060/4793]	Time  0.779 ( 1.156)	Data  0.217 ( 0.484)	Loss 4.1650e+00 (5.5715e+00)	Acc@1  16.41 (  5.72)	Acc@5  34.38 ( 15.57)
Epoch: [0][3080/4793]	Time  0.722 ( 1.155)	Data  0.220 ( 0.484)	Loss 4.2091e+00 (5.5629e+00)	Acc@1  14.06 (  5.79)	Acc@5  34.38 ( 15.71)
Epoch: [0][3100/4793]	Time  0.789 ( 1.154)	Data  0.287 ( 0.483)	Loss 4.3076e+00 (5.5549e+00)	Acc@1  14.06 (  5.86)	Acc@5  35.94 ( 15.84)
Epoch: [0][3120/4793]	Time  0.923 ( 1.152)	Data  0.422 ( 0.483)	Loss 4.2727e+00 (5.5466e+00)	Acc@1  13.28 (  5.92)	Acc@5  32.03 ( 15.98)
Epoch: [0][3140/4793]	Time  1.276 ( 1.151)	Data  0.766 ( 0.483)	Loss 4.1550e+00 (5.5379e+00)	Acc@1  21.09 (  5.99)	Acc@5  40.62 ( 16.11)
Epoch: [0][3160/4793]	Time  1.079 ( 1.150)	Data  0.298 ( 0.482)	Loss 4.2972e+00 (5.5302e+00)	Acc@1  17.97 (  6.06)	Acc@5  32.81 ( 16.23)
Epoch: [0][3180/4793]	Time  1.113 ( 1.148)	Data  0.438 ( 0.481)	Loss 4.4603e+00 (5.5219e+00)	Acc@1  13.28 (  6.12)	Acc@5  34.38 ( 16.37)
Epoch: [0][3200/4793]	Time  1.053 ( 1.147)	Data  0.552 ( 0.481)	Loss 4.1316e+00 (5.5140e+00)	Acc@1  21.88 (  6.18)	Acc@5  40.62 ( 16.50)
Epoch: [0][3220/4793]	Time  1.432 ( 1.146)	Data  0.931 ( 0.480)	Loss 4.1555e+00 (5.5065e+00)	Acc@1  14.84 (  6.24)	Acc@5  39.84 ( 16.63)
Epoch: [0][3240/4793]	Time  1.091 ( 1.145)	Data  0.590 ( 0.480)	Loss 4.3148e+00 (5.4989e+00)	Acc@1  14.06 (  6.30)	Acc@5  36.72 ( 16.75)
Epoch: [0][3260/4793]	Time  0.833 ( 1.143)	Data  0.332 ( 0.480)	Loss 4.2036e+00 (5.4909e+00)	Acc@1  17.19 (  6.36)	Acc@5  39.06 ( 16.88)
Epoch: [0][3280/4793]	Time  1.223 ( 1.142)	Data  0.722 ( 0.480)	Loss 4.0169e+00 (5.4834e+00)	Acc@1  18.75 (  6.42)	Acc@5  37.50 ( 16.99)
Epoch: [0][3300/4793]	Time  1.245 ( 1.141)	Data  0.744 ( 0.479)	Loss 4.1881e+00 (5.4755e+00)	Acc@1  21.09 (  6.49)	Acc@5  37.50 ( 17.11)
Epoch: [0][3320/4793]	Time  1.213 ( 1.140)	Data  0.706 ( 0.479)	Loss 4.0173e+00 (5.4677e+00)	Acc@1  17.97 (  6.55)	Acc@5  41.41 ( 17.24)
Epoch: [0][3340/4793]	Time  1.256 ( 1.139)	Data  0.755 ( 0.479)	Loss 4.4041e+00 (5.4600e+00)	Acc@1  17.97 (  6.62)	Acc@5  34.38 ( 17.37)
Epoch: [0][3360/4793]	Time  1.137 ( 1.138)	Data  0.636 ( 0.479)	Loss 3.9628e+00 (5.4517e+00)	Acc@1  21.88 (  6.69)	Acc@5  39.06 ( 17.51)
Epoch: [0][3380/4793]	Time  0.938 ( 1.137)	Data  0.435 ( 0.478)	Loss 3.8712e+00 (5.4437e+00)	Acc@1  21.09 (  6.76)	Acc@5  43.75 ( 17.63)
Epoch: [0][3400/4793]	Time  1.191 ( 1.135)	Data  0.680 ( 0.478)	Loss 3.9631e+00 (5.4359e+00)	Acc@1  19.53 (  6.83)	Acc@5  39.84 ( 17.76)
Epoch: [0][3420/4793]	Time  1.118 ( 1.134)	Data  0.616 ( 0.478)	Loss 4.3412e+00 (5.4284e+00)	Acc@1  14.06 (  6.89)	Acc@5  32.03 ( 17.88)
Epoch: [0][3440/4793]	Time  1.252 ( 1.134)	Data  0.750 ( 0.478)	Loss 4.3403e+00 (5.4211e+00)	Acc@1  13.28 (  6.95)	Acc@5  39.06 ( 17.99)
Epoch: [0][3460/4793]	Time  1.050 ( 1.133)	Data  0.548 ( 0.478)	Loss 3.8469e+00 (5.4137e+00)	Acc@1  22.66 (  7.01)	Acc@5  46.09 ( 18.11)
Epoch: [0][3480/4793]	Time  1.434 ( 1.132)	Data  0.932 ( 0.478)	Loss 3.9723e+00 (5.4064e+00)	Acc@1  17.97 (  7.06)	Acc@5  39.84 ( 18.23)
Epoch: [0][3500/4793]	Time  1.140 ( 1.130)	Data  0.626 ( 0.478)	Loss 4.1285e+00 (5.3989e+00)	Acc@1  15.62 (  7.12)	Acc@5  41.41 ( 18.35)
Epoch: [0][3520/4793]	Time  1.184 ( 1.129)	Data  0.683 ( 0.477)	Loss 4.2329e+00 (5.3917e+00)	Acc@1  17.19 (  7.18)	Acc@5  39.84 ( 18.47)
Epoch: [0][3540/4793]	Time  0.741 ( 1.128)	Data  0.241 ( 0.477)	Loss 4.1988e+00 (5.3841e+00)	Acc@1  14.06 (  7.24)	Acc@5  37.50 ( 18.59)
Epoch: [0][3560/4793]	Time  0.732 ( 1.127)	Data  0.209 ( 0.477)	Loss 3.6836e+00 (5.3768e+00)	Acc@1  22.66 (  7.31)	Acc@5  52.34 ( 18.71)
Epoch: [0][3580/4793]	Time  1.049 ( 1.126)	Data  0.293 ( 0.477)	Loss 4.0436e+00 (5.3695e+00)	Acc@1  16.41 (  7.37)	Acc@5  42.19 ( 18.83)
Epoch: [0][3600/4793]	Time  0.832 ( 1.125)	Data  0.265 ( 0.476)	Loss 4.1009e+00 (5.3622e+00)	Acc@1  18.75 (  7.43)	Acc@5  39.06 ( 18.95)
Epoch: [0][3620/4793]	Time  0.787 ( 1.125)	Data  0.249 ( 0.476)	Loss 4.2193e+00 (5.3548e+00)	Acc@1  11.72 (  7.49)	Acc@5  36.72 ( 19.07)
Epoch: [0][3640/4793]	Time  0.753 ( 1.124)	Data  0.210 ( 0.476)	Loss 4.1262e+00 (5.3473e+00)	Acc@1  15.62 (  7.55)	Acc@5  36.72 ( 19.20)
Epoch: [0][3660/4793]	Time  0.723 ( 1.123)	Data  0.222 ( 0.476)	Loss 4.1921e+00 (5.3402e+00)	Acc@1  23.44 (  7.62)	Acc@5  42.19 ( 19.32)
Epoch: [0][3680/4793]	Time  0.723 ( 1.122)	Data  0.221 ( 0.476)	Loss 3.6900e+00 (5.3329e+00)	Acc@1  20.31 (  7.68)	Acc@5  45.31 ( 19.44)
Epoch: [0][3700/4793]	Time  0.719 ( 1.121)	Data  0.214 ( 0.475)	Loss 4.3005e+00 (5.3253e+00)	Acc@1  18.75 (  7.75)	Acc@5  35.16 ( 19.57)
Epoch: [0][3720/4793]	Time  0.902 ( 1.120)	Data  0.220 ( 0.475)	Loss 4.1305e+00 (5.3179e+00)	Acc@1  21.09 (  7.81)	Acc@5  42.97 ( 19.69)
Epoch: [0][3740/4793]	Time  0.770 ( 1.119)	Data  0.208 ( 0.475)	Loss 3.9428e+00 (5.3108e+00)	Acc@1  21.88 (  7.88)	Acc@5  45.31 ( 19.81)
Epoch: [0][3760/4793]	Time  0.736 ( 1.119)	Data  0.209 ( 0.475)	Loss 4.0113e+00 (5.3036e+00)	Acc@1  16.41 (  7.94)	Acc@5  44.53 ( 19.93)
Epoch: [0][3780/4793]	Time  0.729 ( 1.117)	Data  0.225 ( 0.475)	Loss 4.1129e+00 (5.2960e+00)	Acc@1  17.97 (  8.01)	Acc@5  35.94 ( 20.06)
Epoch: [0][3800/4793]	Time  0.805 ( 1.117)	Data  0.220 ( 0.474)	Loss 4.1866e+00 (5.2890e+00)	Acc@1  19.53 (  8.08)	Acc@5  39.06 ( 20.18)
Epoch: [0][3820/4793]	Time  0.746 ( 1.116)	Data  0.215 ( 0.474)	Loss 3.5722e+00 (5.2818e+00)	Acc@1  25.00 (  8.14)	Acc@5  50.78 ( 20.30)
Epoch: [0][3840/4793]	Time  0.747 ( 1.115)	Data  0.246 ( 0.473)	Loss 4.0780e+00 (5.2746e+00)	Acc@1  19.53 (  8.21)	Acc@5  38.28 ( 20.42)
Epoch: [0][3860/4793]	Time  0.733 ( 1.114)	Data  0.231 ( 0.472)	Loss 3.8578e+00 (5.2675e+00)	Acc@1  21.88 (  8.28)	Acc@5  40.62 ( 20.54)
Epoch: [0][3880/4793]	Time  0.746 ( 1.113)	Data  0.245 ( 0.471)	Loss 4.1132e+00 (5.2604e+00)	Acc@1  16.41 (  8.34)	Acc@5  42.97 ( 20.66)
Epoch: [0][3900/4793]	Time  1.076 ( 1.112)	Data  0.575 ( 0.470)	Loss 3.8819e+00 (5.2531e+00)	Acc@1  19.53 (  8.42)	Acc@5  48.44 ( 20.79)
Epoch: [0][3920/4793]	Time  1.051 ( 1.111)	Data  0.550 ( 0.470)	Loss 3.8426e+00 (5.2463e+00)	Acc@1  24.22 (  8.47)	Acc@5  39.84 ( 20.90)
Epoch: [0][3940/4793]	Time  1.166 ( 1.111)	Data  0.665 ( 0.470)	Loss 3.8124e+00 (5.2394e+00)	Acc@1  17.19 (  8.54)	Acc@5  47.66 ( 21.02)
Epoch: [0][3960/4793]	Time  0.791 ( 1.110)	Data  0.286 ( 0.469)	Loss 4.2372e+00 (5.2330e+00)	Acc@1  12.50 (  8.59)	Acc@5  43.75 ( 21.13)
Epoch: [0][3980/4793]	Time  0.728 ( 1.109)	Data  0.217 ( 0.468)	Loss 3.8181e+00 (5.2265e+00)	Acc@1  18.75 (  8.66)	Acc@5  43.75 ( 21.25)
Epoch: [0][4000/4793]	Time  0.754 ( 1.108)	Data  0.253 ( 0.467)	Loss 3.5605e+00 (5.2195e+00)	Acc@1  24.22 (  8.72)	Acc@5  52.34 ( 21.36)
Epoch: [0][4020/4793]	Time  1.097 ( 1.107)	Data  0.405 ( 0.466)	Loss 4.0163e+00 (5.2131e+00)	Acc@1  22.66 (  8.78)	Acc@5  41.41 ( 21.47)
Epoch: [0][4040/4793]	Time  1.104 ( 1.106)	Data  0.558 ( 0.465)	Loss 3.7312e+00 (5.2063e+00)	Acc@1  24.22 (  8.84)	Acc@5  46.09 ( 21.59)
Epoch: [0][4060/4793]	Time  0.923 ( 1.106)	Data  0.421 ( 0.465)	Loss 3.9093e+00 (5.1996e+00)	Acc@1  21.09 (  8.91)	Acc@5  39.84 ( 21.70)
Epoch: [0][4080/4793]	Time  0.971 ( 1.105)	Data  0.469 ( 0.465)	Loss 3.8751e+00 (5.1933e+00)	Acc@1  22.66 (  8.97)	Acc@5  46.09 ( 21.81)
Epoch: [0][4100/4793]	Time  1.107 ( 1.104)	Data  0.606 ( 0.464)	Loss 3.7967e+00 (5.1866e+00)	Acc@1  17.97 (  9.03)	Acc@5  41.41 ( 21.91)
Epoch: [0][4120/4793]	Time  1.126 ( 1.103)	Data  0.625 ( 0.464)	Loss 4.2463e+00 (5.1802e+00)	Acc@1  18.75 (  9.10)	Acc@5  42.19 ( 22.02)
Epoch: [0][4140/4793]	Time  1.253 ( 1.103)	Data  0.751 ( 0.464)	Loss 4.1190e+00 (5.1736e+00)	Acc@1  17.19 (  9.15)	Acc@5  40.62 ( 22.14)
Epoch: [0][4160/4793]	Time  1.179 ( 1.102)	Data  0.678 ( 0.464)	Loss 3.5942e+00 (5.1669e+00)	Acc@1  19.53 (  9.21)	Acc@5  46.09 ( 22.25)
Epoch: [0][4180/4793]	Time  1.066 ( 1.101)	Data  0.565 ( 0.464)	Loss 3.7751e+00 (5.1602e+00)	Acc@1  21.09 (  9.28)	Acc@5  43.75 ( 22.37)
Epoch: [0][4200/4793]	Time  1.075 ( 1.100)	Data  0.573 ( 0.463)	Loss 3.8310e+00 (5.1539e+00)	Acc@1  22.66 (  9.34)	Acc@5  43.75 ( 22.47)
Epoch: [0][4220/4793]	Time  1.443 ( 1.100)	Data  0.942 ( 0.463)	Loss 3.5917e+00 (5.1469e+00)	Acc@1  25.00 (  9.41)	Acc@5  50.78 ( 22.59)
Epoch: [0][4240/4793]	Time  1.030 ( 1.099)	Data  0.523 ( 0.463)	Loss 3.7244e+00 (5.1401e+00)	Acc@1  21.88 (  9.47)	Acc@5  49.22 ( 22.71)
Epoch: [0][4260/4793]	Time  0.935 ( 1.098)	Data  0.434 ( 0.463)	Loss 3.8971e+00 (5.1339e+00)	Acc@1  19.53 (  9.52)	Acc@5  42.19 ( 22.82)
Epoch: [0][4280/4793]	Time  0.946 ( 1.098)	Data  0.445 ( 0.463)	Loss 3.8463e+00 (5.1276e+00)	Acc@1  22.66 (  9.59)	Acc@5  43.75 ( 22.93)
Epoch: [0][4300/4793]	Time  1.059 ( 1.097)	Data  0.558 ( 0.463)	Loss 3.6438e+00 (5.1212e+00)	Acc@1  25.00 (  9.65)	Acc@5  44.53 ( 23.04)
Epoch: [0][4320/4793]	Time  1.052 ( 1.096)	Data  0.552 ( 0.462)	Loss 3.6495e+00 (5.1146e+00)	Acc@1  21.88 (  9.71)	Acc@5  50.78 ( 23.16)
Epoch: [0][4340/4793]	Time  1.204 ( 1.096)	Data  0.703 ( 0.462)	Loss 3.7827e+00 (5.1080e+00)	Acc@1  19.53 (  9.77)	Acc@5  46.09 ( 23.27)
Epoch: [0][4360/4793]	Time  1.038 ( 1.095)	Data  0.525 ( 0.462)	Loss 3.7255e+00 (5.1014e+00)	Acc@1  24.22 (  9.84)	Acc@5  45.31 ( 23.39)
Epoch: [0][4380/4793]	Time  1.017 ( 1.094)	Data  0.514 ( 0.462)	Loss 3.6807e+00 (5.0951e+00)	Acc@1  21.88 (  9.90)	Acc@5  46.09 ( 23.50)
Epoch: [0][4400/4793]	Time  1.159 ( 1.094)	Data  0.657 ( 0.462)	Loss 3.4013e+00 (5.0888e+00)	Acc@1  25.78 (  9.96)	Acc@5  53.91 ( 23.61)
Epoch: [0][4420/4793]	Time  0.963 ( 1.093)	Data  0.461 ( 0.462)	Loss 3.4624e+00 (5.0825e+00)	Acc@1  24.22 ( 10.02)	Acc@5  56.25 ( 23.72)
Epoch: [0][4440/4793]	Time  0.991 ( 1.092)	Data  0.489 ( 0.461)	Loss 3.6706e+00 (5.0761e+00)	Acc@1  21.09 ( 10.08)	Acc@5  46.09 ( 23.83)
Epoch: [0][4460/4793]	Time  1.301 ( 1.092)	Data  0.800 ( 0.461)	Loss 3.7325e+00 (5.0699e+00)	Acc@1  21.09 ( 10.14)	Acc@5  42.97 ( 23.93)
Epoch: [0][4480/4793]	Time  0.940 ( 1.091)	Data  0.439 ( 0.461)	Loss 3.8471e+00 (5.0637e+00)	Acc@1  22.66 ( 10.20)	Acc@5  42.97 ( 24.03)
Epoch: [0][4500/4793]	Time  0.772 ( 1.090)	Data  0.260 ( 0.460)	Loss 3.5646e+00 (5.0574e+00)	Acc@1  21.09 ( 10.26)	Acc@5  47.66 ( 24.14)
Epoch: [0][4520/4793]	Time  0.755 ( 1.090)	Data  0.233 ( 0.459)	Loss 3.6605e+00 (5.0514e+00)	Acc@1  24.22 ( 10.31)	Acc@5  46.09 ( 24.25)
Epoch: [0][4540/4793]	Time  0.722 ( 1.089)	Data  0.215 ( 0.458)	Loss 3.9093e+00 (5.0455e+00)	Acc@1  17.97 ( 10.36)	Acc@5  43.75 ( 24.35)
Epoch: [0][4560/4793]	Time  0.743 ( 1.088)	Data  0.237 ( 0.457)	Loss 3.4529e+00 (5.0396e+00)	Acc@1  29.69 ( 10.42)	Acc@5  56.25 ( 24.45)
Epoch: [0][4580/4793]	Time  0.733 ( 1.088)	Data  0.232 ( 0.456)	Loss 3.6337e+00 (5.0337e+00)	Acc@1  24.22 ( 10.48)	Acc@5  50.78 ( 24.55)
Epoch: [0][4600/4793]	Time  0.860 ( 1.087)	Data  0.209 ( 0.455)	Loss 3.9720e+00 (5.0282e+00)	Acc@1  20.31 ( 10.53)	Acc@5  45.31 ( 24.65)
Epoch: [0][4620/4793]	Time  0.933 ( 1.087)	Data  0.219 ( 0.454)	Loss 3.7922e+00 (5.0220e+00)	Acc@1  21.88 ( 10.59)	Acc@5  47.66 ( 24.76)
Epoch: [0][4640/4793]	Time  1.147 ( 1.086)	Data  0.222 ( 0.453)	Loss 3.2901e+00 (5.0158e+00)	Acc@1  30.47 ( 10.66)	Acc@5  53.91 ( 24.87)
Epoch: [0][4660/4793]	Time  1.349 ( 1.085)	Data  0.847 ( 0.452)	Loss 3.5369e+00 (5.0099e+00)	Acc@1  25.00 ( 10.72)	Acc@5  52.34 ( 24.97)
Epoch: [0][4680/4793]	Time  1.223 ( 1.085)	Data  0.602 ( 0.452)	Loss 3.4393e+00 (5.0034e+00)	Acc@1  27.34 ( 10.78)	Acc@5  50.78 ( 25.08)
Epoch: [0][4700/4793]	Time  1.421 ( 1.084)	Data  0.531 ( 0.452)	Loss 3.6233e+00 (4.9972e+00)	Acc@1  21.88 ( 10.85)	Acc@5  49.22 ( 25.19)
Epoch: [0][4720/4793]	Time  1.278 ( 1.084)	Data  0.411 ( 0.451)	Loss 3.3055e+00 (4.9914e+00)	Acc@1  28.12 ( 10.91)	Acc@5  56.25 ( 25.29)
Epoch: [0][4740/4793]	Time  1.118 ( 1.083)	Data  0.215 ( 0.450)	Loss 3.3588e+00 (4.9851e+00)	Acc@1  25.78 ( 10.97)	Acc@5  52.34 ( 25.40)
Epoch: [0][4760/4793]	Time  1.341 ( 1.082)	Data  0.839 ( 0.450)	Loss 3.1799e+00 (4.9792e+00)	Acc@1  31.25 ( 11.03)	Acc@5  56.25 ( 25.51)
Epoch: [0][4780/4793]	Time  1.215 ( 1.082)	Data  0.684 ( 0.449)	Loss 3.8440e+00 (4.9735e+00)	Acc@1  20.31 ( 11.09)	Acc@5  45.31 ( 25.61)
Epoch: [0][   0/4793]	Time 14.087 (14.087)	Data 10.183 (10.183)	Loss 7.1171e+00 (7.1171e+00)	Acc@1   0.00 (  0.00)	Acc@5   0.00 (  0.00)
Epoch: [0][  20/4793]	Time  3.054 ( 2.248)	Data  2.553 ( 1.566)	Loss 8.6349e+00 (8.4272e+00)	Acc@1   0.00 (  0.11)	Acc@5   0.00 (  0.45)
Epoch: [0][  40/4793]	Time  2.604 ( 2.028)	Data  2.087 ( 1.429)	Loss 7.2511e+00 (7.8329e+00)	Acc@1   0.00 (  0.11)	Acc@5   0.00 (  0.46)
Epoch: [0][  60/4793]	Time  2.646 ( 1.959)	Data  2.143 ( 1.390)	Loss 6.9526e+00 (7.5395e+00)	Acc@1   0.00 (  0.13)	Acc@5   0.78 (  0.50)
Epoch: [0][  80/4793]	Time  3.025 ( 1.915)	Data  2.520 ( 1.362)	Loss 6.9451e+00 (7.3871e+00)	Acc@1   0.00 (  0.17)	Acc@5   2.34 (  0.57)
Epoch: [0][ 100/4793]	Time  3.057 ( 1.884)	Data  2.555 ( 1.341)	Loss 6.8931e+00 (7.2908e+00)	Acc@1   0.00 (  0.18)	Acc@5   0.00 (  0.59)
Epoch: [0][ 120/4793]	Time  2.787 ( 1.863)	Data  2.285 ( 1.326)	Loss 7.0257e+00 (7.2294e+00)	Acc@1   0.00 (  0.17)	Acc@5   0.00 (  0.61)
Epoch: [0][ 140/4793]	Time  2.645 ( 1.839)	Data  2.141 ( 1.306)	Loss 6.8824e+00 (7.1823e+00)	Acc@1   0.78 (  0.18)	Acc@5   1.56 (  0.64)
Epoch: [0][ 160/4793]	Time  2.377 ( 1.820)	Data  1.874 ( 1.292)	Loss 6.9019e+00 (7.1479e+00)	Acc@1   0.00 (  0.20)	Acc@5   0.00 (  0.73)
Epoch: [0][ 180/4793]	Time  2.390 ( 1.802)	Data  1.867 ( 1.276)	Loss 6.8929e+00 (7.1211e+00)	Acc@1   1.56 (  0.22)	Acc@5   1.56 (  0.74)
Epoch: [0][ 200/4793]	Time  2.624 ( 1.785)	Data  2.123 ( 1.261)	Loss 6.8795e+00 (7.0976e+00)	Acc@1   0.00 (  0.21)	Acc@5   0.78 (  0.73)
Epoch: [0][ 220/4793]	Time  2.699 ( 1.771)	Data  2.197 ( 1.248)	Loss 6.8946e+00 (7.0816e+00)	Acc@1   0.00 (  0.20)	Acc@5   0.00 (  0.72)
Epoch: [0][ 240/4793]	Time  2.528 ( 1.761)	Data  2.026 ( 1.240)	Loss 6.8390e+00 (7.0645e+00)	Acc@1   0.00 (  0.20)	Acc@5   0.78 (  0.73)
Epoch: [0][ 260/4793]	Time  2.383 ( 1.750)	Data  1.881 ( 1.230)	Loss 6.8234e+00 (7.0493e+00)	Acc@1   0.78 (  0.20)	Acc@5   0.78 (  0.73)
Epoch: [0][ 280/4793]	Time  2.612 ( 1.741)	Data  2.111 ( 1.222)	Loss 6.8057e+00 (7.0335e+00)	Acc@1   0.00 (  0.19)	Acc@5   0.00 (  0.73)
Epoch: [0][ 300/4793]	Time  0.885 ( 1.725)	Data  0.367 ( 1.207)	Loss 6.8441e+00 (7.0193e+00)	Acc@1   0.00 (  0.21)	Acc@5   0.78 (  0.77)
Epoch: [0][ 320/4793]	Time  2.223 ( 1.716)	Data  1.709 ( 1.198)	Loss 6.7626e+00 (7.0061e+00)	Acc@1   1.56 (  0.21)	Acc@5   3.91 (  0.79)
Epoch: [0][ 340/4793]	Time  1.445 ( 1.703)	Data  0.927 ( 1.187)	Loss 6.7395e+00 (6.9933e+00)	Acc@1   0.78 (  0.22)	Acc@5   0.78 (  0.80)
Epoch: [0][ 360/4793]	Time  0.735 ( 1.696)	Data  0.215 ( 1.180)	Loss 6.8010e+00 (6.9807e+00)	Acc@1   0.78 (  0.22)	Acc@5   2.34 (  0.84)
Epoch: [0][ 380/4793]	Time  1.461 ( 1.688)	Data  0.943 ( 1.171)	Loss 6.8070e+00 (6.9687e+00)	Acc@1   0.00 (  0.22)	Acc@5   2.34 (  0.87)
Epoch: [0][ 400/4793]	Time  1.566 ( 1.682)	Data  1.049 ( 1.166)	Loss 6.7443e+00 (6.9568e+00)	Acc@1   0.00 (  0.22)	Acc@5   1.56 (  0.90)
Epoch: [0][ 420/4793]	Time  0.727 ( 1.672)	Data  0.210 ( 1.156)	Loss 6.6982e+00 (6.9452e+00)	Acc@1   0.00 (  0.23)	Acc@5   0.00 (  0.92)
Epoch: [0][ 440/4793]	Time  0.726 ( 1.664)	Data  0.209 ( 1.148)	Loss 6.7478e+00 (6.9341e+00)	Acc@1   0.00 (  0.24)	Acc@5   1.56 (  0.96)
Epoch: [0][ 460/4793]	Time  0.737 ( 1.656)	Data  0.220 ( 1.140)	Loss 6.7424e+00 (6.9235e+00)	Acc@1   0.00 (  0.25)	Acc@5   1.56 (  1.00)
Epoch: [0][ 480/4793]	Time  0.725 ( 1.645)	Data  0.209 ( 1.130)	Loss 6.6646e+00 (6.9130e+00)	Acc@1   0.78 (  0.26)	Acc@5   3.12 (  1.04)
Epoch: [0][ 500/4793]	Time  0.743 ( 1.636)	Data  0.226 ( 1.121)	Loss 6.6013e+00 (6.9021e+00)	Acc@1   0.00 (  0.27)	Acc@5   3.12 (  1.09)
Epoch: [0][ 520/4793]	Time  1.675 ( 1.627)	Data  1.173 ( 1.112)	Loss 6.5816e+00 (6.8924e+00)	Acc@1   0.00 (  0.28)	Acc@5   1.56 (  1.13)
Epoch: [0][ 540/4793]	Time  0.946 ( 1.618)	Data  0.429 ( 1.102)	Loss 6.6388e+00 (6.8837e+00)	Acc@1   0.00 (  0.29)	Acc@5   1.56 (  1.18)
Epoch: [0][ 560/4793]	Time  1.039 ( 1.610)	Data  0.522 ( 1.095)	Loss 6.6279e+00 (6.8745e+00)	Acc@1   0.00 (  0.29)	Acc@5   1.56 (  1.21)
Epoch: [0][ 580/4793]	Time  1.133 ( 1.603)	Data  0.616 ( 1.087)	Loss 6.5246e+00 (6.8640e+00)	Acc@1   2.34 (  0.31)	Acc@5   4.69 (  1.27)
Epoch: [0][ 600/4793]	Time  0.733 ( 1.594)	Data  0.217 ( 1.079)	Loss 6.4528e+00 (6.8524e+00)	Acc@1   0.78 (  0.31)	Acc@5   2.34 (  1.33)
Epoch: [0][ 620/4793]	Time  0.737 ( 1.587)	Data  0.220 ( 1.072)	Loss 6.6273e+00 (6.8439e+00)	Acc@1   0.78 (  0.32)	Acc@5   0.78 (  1.37)
Epoch: [0][ 640/4793]	Time  0.731 ( 1.578)	Data  0.215 ( 1.063)	Loss 6.4766e+00 (6.8339e+00)	Acc@1   1.56 (  0.34)	Acc@5   4.69 (  1.43)
Epoch: [0][ 660/4793]	Time  0.726 ( 1.572)	Data  0.209 ( 1.057)	Loss 6.3105e+00 (6.8231e+00)	Acc@1   0.78 (  0.37)	Acc@5   1.56 (  1.49)
Epoch: [0][ 680/4793]	Time  0.737 ( 1.564)	Data  0.219 ( 1.050)	Loss 6.2987e+00 (6.8118e+00)	Acc@1   0.00 (  0.38)	Acc@5   3.12 (  1.54)
Epoch: [0][ 700/4793]	Time  0.741 ( 1.558)	Data  0.224 ( 1.044)	Loss 6.3244e+00 (6.8017e+00)	Acc@1   2.34 (  0.39)	Acc@5   6.25 (  1.60)
Epoch: [0][ 720/4793]	Time  0.736 ( 1.552)	Data  0.219 ( 1.037)	Loss 6.4636e+00 (6.7904e+00)	Acc@1   0.78 (  0.42)	Acc@5   3.12 (  1.68)
Epoch: [0][ 740/4793]	Time  0.777 ( 1.544)	Data  0.260 ( 1.030)	Loss 6.3009e+00 (6.7783e+00)	Acc@1   0.78 (  0.44)	Acc@5   6.25 (  1.74)
Epoch: [0][ 760/4793]	Time  0.733 ( 1.538)	Data  0.216 ( 1.023)	Loss 6.1743e+00 (6.7675e+00)	Acc@1   2.34 (  0.45)	Acc@5   5.47 (  1.78)
Epoch: [0][ 780/4793]	Time  0.733 ( 1.531)	Data  0.217 ( 1.017)	Loss 6.1915e+00 (6.7563e+00)	Acc@1   0.78 (  0.46)	Acc@5   4.69 (  1.84)
Epoch: [0][ 800/4793]	Time  0.732 ( 1.524)	Data  0.215 ( 1.009)	Loss 6.2881e+00 (6.7454e+00)	Acc@1   0.00 (  0.48)	Acc@5   3.12 (  1.90)
Epoch: [0][ 820/4793]	Time  0.834 ( 1.517)	Data  0.315 ( 1.002)	Loss 6.2307e+00 (6.7337e+00)	Acc@1   1.56 (  0.50)	Acc@5   4.69 (  1.97)
Epoch: [0][ 840/4793]	Time  1.747 ( 1.510)	Data  1.242 ( 0.996)	Loss 6.4452e+00 (6.7226e+00)	Acc@1   0.78 (  0.51)	Acc@5   2.34 (  2.04)
Epoch: [0][ 860/4793]	Time  1.793 ( 1.503)	Data  1.285 ( 0.989)	Loss 6.2040e+00 (6.7107e+00)	Acc@1   0.00 (  0.52)	Acc@5   2.34 (  2.10)
Epoch: [0][ 880/4793]	Time  1.796 ( 1.498)	Data  1.294 ( 0.984)	Loss 6.1723e+00 (6.6985e+00)	Acc@1   1.56 (  0.54)	Acc@5   7.03 (  2.18)
Epoch: [0][ 900/4793]	Time  1.889 ( 1.491)	Data  1.380 ( 0.978)	Loss 6.0245e+00 (6.6851e+00)	Acc@1   0.00 (  0.56)	Acc@5   9.38 (  2.29)
Epoch: [0][ 920/4793]	Time  1.746 ( 1.486)	Data  1.243 ( 0.972)	Loss 6.0192e+00 (6.6734e+00)	Acc@1   1.56 (  0.58)	Acc@5   9.38 (  2.37)
Epoch: [0][ 940/4793]	Time  1.760 ( 1.480)	Data  1.254 ( 0.967)	Loss 6.1221e+00 (6.6612e+00)	Acc@1   1.56 (  0.61)	Acc@5   6.25 (  2.45)
Epoch: [0][ 960/4793]	Time  1.582 ( 1.473)	Data  1.080 ( 0.960)	Loss 6.1288e+00 (6.6488e+00)	Acc@1   0.78 (  0.63)	Acc@5   5.47 (  2.55)
Epoch: [0][ 980/4793]	Time  1.575 ( 1.467)	Data  1.062 ( 0.954)	Loss 6.1092e+00 (6.6378e+00)	Acc@1   1.56 (  0.66)	Acc@5   8.59 (  2.64)
Epoch: [0][1000/4793]	Time  1.533 ( 1.461)	Data  1.028 ( 0.948)	Loss 6.0838e+00 (6.6262e+00)	Acc@1   2.34 (  0.68)	Acc@5  10.94 (  2.72)
Epoch: [0][1020/4793]	Time  1.825 ( 1.455)	Data  1.324 ( 0.942)	Loss 5.9377e+00 (6.6141e+00)	Acc@1   3.91 (  0.70)	Acc@5   7.81 (  2.82)
Epoch: [0][1040/4793]	Time  1.484 ( 1.449)	Data  0.981 ( 0.937)	Loss 6.1008e+00 (6.6022e+00)	Acc@1   0.78 (  0.72)	Acc@5   5.47 (  2.90)
Epoch: [0][1060/4793]	Time  1.516 ( 1.444)	Data  1.015 ( 0.932)	Loss 5.8995e+00 (6.5914e+00)	Acc@1   1.56 (  0.74)	Acc@5   8.59 (  2.97)
Epoch: [0][1080/4793]	Time  1.648 ( 1.439)	Data  1.144 ( 0.927)	Loss 5.9422e+00 (6.5802e+00)	Acc@1   4.69 (  0.76)	Acc@5   9.38 (  3.06)
Epoch: [0][1100/4793]	Time  1.810 ( 1.434)	Data  1.302 ( 0.922)	Loss 5.6966e+00 (6.5680e+00)	Acc@1   6.25 (  0.79)	Acc@5  14.84 (  3.16)
Epoch: [0][1120/4793]	Time  1.577 ( 1.429)	Data  1.076 ( 0.917)	Loss 5.9806e+00 (6.5566e+00)	Acc@1   1.56 (  0.82)	Acc@5   8.59 (  3.24)
Epoch: [0][1140/4793]	Time  1.480 ( 1.424)	Data  0.976 ( 0.912)	Loss 6.0732e+00 (6.5450e+00)	Acc@1   0.78 (  0.84)	Acc@5   6.25 (  3.32)
Epoch: [0][1160/4793]	Time  1.338 ( 1.418)	Data  0.833 ( 0.906)	Loss 6.0116e+00 (6.5345e+00)	Acc@1   0.00 (  0.86)	Acc@5   7.81 (  3.40)
Epoch: [0][1180/4793]	Time  1.436 ( 1.413)	Data  0.934 ( 0.901)	Loss 5.8411e+00 (6.5224e+00)	Acc@1   4.69 (  0.89)	Acc@5   9.38 (  3.51)
Epoch: [0][1200/4793]	Time  1.938 ( 1.408)	Data  1.437 ( 0.896)	Loss 5.9283e+00 (6.5104e+00)	Acc@1   0.78 (  0.92)	Acc@5   6.25 (  3.60)
Epoch: [0][1220/4793]	Time  1.567 ( 1.403)	Data  1.065 ( 0.891)	Loss 5.8426e+00 (6.4987e+00)	Acc@1   2.34 (  0.94)	Acc@5  10.16 (  3.69)
Epoch: [0][1240/4793]	Time  1.281 ( 1.398)	Data  0.779 ( 0.886)	Loss 5.8277e+00 (6.4870e+00)	Acc@1   3.12 (  0.97)	Acc@5   8.59 (  3.79)
Epoch: [0][1260/4793]	Time  1.362 ( 1.393)	Data  0.860 ( 0.882)	Loss 5.6933e+00 (6.4764e+00)	Acc@1   0.00 (  1.00)	Acc@5   8.59 (  3.88)
Epoch: [0][1280/4793]	Time  1.483 ( 1.389)	Data  0.980 ( 0.877)	Loss 5.8319e+00 (6.4658e+00)	Acc@1   3.12 (  1.03)	Acc@5   9.38 (  3.98)
Epoch: [0][1300/4793]	Time  1.190 ( 1.384)	Data  0.689 ( 0.873)	Loss 5.7760e+00 (6.4544e+00)	Acc@1   2.34 (  1.06)	Acc@5   7.81 (  4.09)
Epoch: [0][1320/4793]	Time  1.614 ( 1.380)	Data  1.101 ( 0.868)	Loss 5.5112e+00 (6.4427e+00)	Acc@1   4.69 (  1.10)	Acc@5  14.06 (  4.20)
Epoch: [0][1340/4793]	Time  1.463 ( 1.375)	Data  0.959 ( 0.864)	Loss 5.6385e+00 (6.4311e+00)	Acc@1   5.47 (  1.14)	Acc@5  11.72 (  4.32)
Epoch: [0][1360/4793]	Time  1.608 ( 1.371)	Data  1.104 ( 0.860)	Loss 5.4804e+00 (6.4192e+00)	Acc@1   3.12 (  1.17)	Acc@5  14.06 (  4.44)
Epoch: [0][1380/4793]	Time  1.158 ( 1.366)	Data  0.650 ( 0.855)	Loss 5.6824e+00 (6.4074e+00)	Acc@1   2.34 (  1.20)	Acc@5  10.94 (  4.54)
Epoch: [0][1400/4793]	Time  1.859 ( 1.362)	Data  1.354 ( 0.851)	Loss 5.8262e+00 (6.3958e+00)	Acc@1   1.56 (  1.24)	Acc@5  10.94 (  4.66)
Epoch: [0][1420/4793]	Time  1.753 ( 1.358)	Data  1.249 ( 0.847)	Loss 5.5489e+00 (6.3839e+00)	Acc@1   6.25 (  1.29)	Acc@5  16.41 (  4.79)
Epoch: [0][1440/4793]	Time  1.362 ( 1.354)	Data  0.852 ( 0.843)	Loss 5.5716e+00 (6.3721e+00)	Acc@1   6.25 (  1.33)	Acc@5  16.41 (  4.92)
Epoch: [0][1460/4793]	Time  1.285 ( 1.349)	Data  0.783 ( 0.839)	Loss 5.5302e+00 (6.3606e+00)	Acc@1   2.34 (  1.37)	Acc@5  10.16 (  5.04)
Epoch: [0][1480/4793]	Time  1.594 ( 1.345)	Data  1.091 ( 0.835)	Loss 5.4871e+00 (6.3480e+00)	Acc@1   3.12 (  1.41)	Acc@5  10.16 (  5.17)
Epoch: [0][1500/4793]	Time  1.219 ( 1.342)	Data  0.715 ( 0.831)	Loss 5.4402e+00 (6.3363e+00)	Acc@1   3.12 (  1.45)	Acc@5   9.38 (  5.28)
Epoch: [0][1520/4793]	Time  1.304 ( 1.337)	Data  0.802 ( 0.827)	Loss 5.4423e+00 (6.3245e+00)	Acc@1   3.91 (  1.49)	Acc@5  16.41 (  5.40)
Epoch: [0][1540/4793]	Time  1.096 ( 1.334)	Data  0.594 ( 0.823)	Loss 5.1713e+00 (6.3119e+00)	Acc@1   9.38 (  1.53)	Acc@5  19.53 (  5.54)
Epoch: [0][1560/4793]	Time  1.162 ( 1.330)	Data  0.656 ( 0.819)	Loss 5.2535e+00 (6.3006e+00)	Acc@1   7.03 (  1.57)	Acc@5  21.88 (  5.67)
Epoch: [0][1580/4793]	Time  1.121 ( 1.326)	Data  0.619 ( 0.816)	Loss 5.5395e+00 (6.2892e+00)	Acc@1   4.69 (  1.62)	Acc@5   9.38 (  5.80)
Epoch: [0][1600/4793]	Time  1.301 ( 1.322)	Data  0.797 ( 0.812)	Loss 5.3324e+00 (6.2782e+00)	Acc@1   3.12 (  1.65)	Acc@5  14.06 (  5.92)
Epoch: [0][1620/4793]	Time  1.496 ( 1.319)	Data  0.995 ( 0.808)	Loss 5.4542e+00 (6.2669e+00)	Acc@1   6.25 (  1.70)	Acc@5  16.41 (  6.04)
Epoch: [0][1640/4793]	Time  1.127 ( 1.314)	Data  0.626 ( 0.804)	Loss 5.4209e+00 (6.2559e+00)	Acc@1   6.25 (  1.75)	Acc@5  18.75 (  6.16)
Epoch: [0][1660/4793]	Time  1.283 ( 1.311)	Data  0.782 ( 0.801)	Loss 5.1836e+00 (6.2446e+00)	Acc@1   3.12 (  1.79)	Acc@5  15.62 (  6.30)
Epoch: [0][1680/4793]	Time  0.781 ( 1.307)	Data  0.259 ( 0.797)	Loss 5.1937e+00 (6.2334e+00)	Acc@1   4.69 (  1.83)	Acc@5  17.19 (  6.43)
Epoch: [0][1700/4793]	Time  0.785 ( 1.303)	Data  0.267 ( 0.793)	Loss 5.3317e+00 (6.2220e+00)	Acc@1   8.59 (  1.89)	Acc@5  19.53 (  6.57)
Epoch: [0][1720/4793]	Time  1.241 ( 1.300)	Data  0.717 ( 0.790)	Loss 5.3478e+00 (6.2109e+00)	Acc@1   8.59 (  1.94)	Acc@5  15.62 (  6.71)
Epoch: [0][1740/4793]	Time  1.286 ( 1.297)	Data  0.784 ( 0.787)	Loss 5.0261e+00 (6.2005e+00)	Acc@1   3.91 (  1.98)	Acc@5  21.88 (  6.82)
Epoch: [0][1760/4793]	Time  0.997 ( 1.293)	Data  0.495 ( 0.783)	Loss 5.2671e+00 (6.1897e+00)	Acc@1   8.59 (  2.02)	Acc@5  20.31 (  6.95)
Epoch: [0][1780/4793]	Time  0.736 ( 1.290)	Data  0.219 ( 0.780)	Loss 5.1955e+00 (6.1787e+00)	Acc@1   8.59 (  2.07)	Acc@5  17.97 (  7.09)
Epoch: [0][1800/4793]	Time  0.726 ( 1.287)	Data  0.209 ( 0.777)	Loss 5.1227e+00 (6.1676e+00)	Acc@1   7.03 (  2.12)	Acc@5  21.09 (  7.24)
Epoch: [0][1820/4793]	Time  0.736 ( 1.284)	Data  0.210 ( 0.774)	Loss 4.9363e+00 (6.1567e+00)	Acc@1   7.81 (  2.17)	Acc@5  23.44 (  7.37)
Epoch: [0][1840/4793]	Time  0.748 ( 1.281)	Data  0.218 ( 0.771)	Loss 4.9033e+00 (6.1457e+00)	Acc@1  10.16 (  2.22)	Acc@5  21.09 (  7.50)
Epoch: [0][1860/4793]	Time  0.766 ( 1.278)	Data  0.248 ( 0.767)	Loss 5.2507e+00 (6.1357e+00)	Acc@1   7.03 (  2.27)	Acc@5  22.66 (  7.62)
Epoch: [0][1880/4793]	Time  0.751 ( 1.275)	Data  0.231 ( 0.764)	Loss 5.3041e+00 (6.1248e+00)	Acc@1   4.69 (  2.31)	Acc@5  21.09 (  7.76)
Epoch: [0][1900/4793]	Time  0.751 ( 1.272)	Data  0.231 ( 0.762)	Loss 5.1030e+00 (6.1141e+00)	Acc@1   4.69 (  2.37)	Acc@5  22.66 (  7.89)
Epoch: [0][1920/4793]	Time  0.750 ( 1.269)	Data  0.234 ( 0.759)	Loss 4.7943e+00 (6.1035e+00)	Acc@1   9.38 (  2.42)	Acc@5  29.69 (  8.03)
Epoch: [0][1940/4793]	Time  0.745 ( 1.266)	Data  0.228 ( 0.756)	Loss 5.3123e+00 (6.0928e+00)	Acc@1   4.69 (  2.47)	Acc@5  25.00 (  8.17)
Epoch: [0][1960/4793]	Time  0.736 ( 1.263)	Data  0.219 ( 0.753)	Loss 4.8729e+00 (6.0822e+00)	Acc@1   9.38 (  2.53)	Acc@5  25.78 (  8.31)
Epoch: [0][1980/4793]	Time  0.753 ( 1.261)	Data  0.230 ( 0.750)	Loss 5.1759e+00 (6.0716e+00)	Acc@1   8.59 (  2.58)	Acc@5  20.31 (  8.45)
Epoch: [0][2000/4793]	Time  0.724 ( 1.257)	Data  0.207 ( 0.747)	Loss 5.1062e+00 (6.0613e+00)	Acc@1   3.91 (  2.63)	Acc@5  21.88 (  8.59)
Epoch: [0][2020/4793]	Time  0.776 ( 1.255)	Data  0.259 ( 0.745)	Loss 4.9832e+00 (6.0509e+00)	Acc@1   7.03 (  2.68)	Acc@5  18.75 (  8.72)
Epoch: [0][2040/4793]	Time  0.784 ( 1.252)	Data  0.267 ( 0.742)	Loss 5.1529e+00 (6.0412e+00)	Acc@1   7.81 (  2.71)	Acc@5  23.44 (  8.84)
Epoch: [0][2060/4793]	Time  1.419 ( 1.250)	Data  0.917 ( 0.740)	Loss 5.1822e+00 (6.0306e+00)	Acc@1   4.69 (  2.77)	Acc@5  15.62 (  8.99)
Epoch: [0][2080/4793]	Time  1.281 ( 1.247)	Data  0.766 ( 0.737)	Loss 4.8760e+00 (6.0201e+00)	Acc@1   7.03 (  2.82)	Acc@5  25.78 (  9.13)
Epoch: [0][2100/4793]	Time  1.003 ( 1.244)	Data  0.486 ( 0.734)	Loss 5.0417e+00 (6.0098e+00)	Acc@1   4.69 (  2.87)	Acc@5  20.31 (  9.27)
Epoch: [0][2120/4793]	Time  0.771 ( 1.242)	Data  0.254 ( 0.731)	Loss 5.0483e+00 (6.0003e+00)	Acc@1   7.03 (  2.93)	Acc@5  17.19 (  9.40)
Epoch: [0][2140/4793]	Time  1.055 ( 1.239)	Data  0.548 ( 0.729)	Loss 4.9709e+00 (5.9904e+00)	Acc@1   4.69 (  2.99)	Acc@5  22.66 (  9.53)
Epoch: [0][2160/4793]	Time  0.742 ( 1.237)	Data  0.225 ( 0.726)	Loss 4.8638e+00 (5.9807e+00)	Acc@1   9.38 (  3.04)	Acc@5  25.78 (  9.66)
Epoch: [0][2180/4793]	Time  0.781 ( 1.234)	Data  0.261 ( 0.724)	Loss 4.9876e+00 (5.9707e+00)	Acc@1  11.72 (  3.11)	Acc@5  21.88 (  9.81)
Epoch: [0][2200/4793]	Time  0.727 ( 1.232)	Data  0.209 ( 0.722)	Loss 4.7531e+00 (5.9616e+00)	Acc@1  14.06 (  3.15)	Acc@5  32.81 (  9.93)
Epoch: [0][2220/4793]	Time  0.745 ( 1.230)	Data  0.227 ( 0.719)	Loss 4.7017e+00 (5.9511e+00)	Acc@1  11.72 (  3.22)	Acc@5  27.34 ( 10.08)
Epoch: [0][2240/4793]	Time  0.748 ( 1.228)	Data  0.231 ( 0.717)	Loss 4.7369e+00 (5.9414e+00)	Acc@1   6.25 (  3.27)	Acc@5  25.00 ( 10.21)
Epoch: [0][2260/4793]	Time  0.736 ( 1.225)	Data  0.219 ( 0.715)	Loss 4.6641e+00 (5.9313e+00)	Acc@1  11.72 (  3.34)	Acc@5  25.00 ( 10.35)
Epoch: [0][2280/4793]	Time  0.781 ( 1.223)	Data  0.279 ( 0.712)	Loss 4.6003e+00 (5.9215e+00)	Acc@1  10.94 (  3.39)	Acc@5  23.44 ( 10.48)
Epoch: [0][2300/4793]	Time  0.783 ( 1.221)	Data  0.265 ( 0.710)	Loss 4.7678e+00 (5.9118e+00)	Acc@1  10.16 (  3.45)	Acc@5  25.78 ( 10.61)
Epoch: [0][2320/4793]	Time  0.768 ( 1.218)	Data  0.250 ( 0.708)	Loss 4.7094e+00 (5.9025e+00)	Acc@1  10.16 (  3.51)	Acc@5  27.34 ( 10.75)
Epoch: [0][2340/4793]	Time  0.742 ( 1.216)	Data  0.210 ( 0.705)	Loss 4.7377e+00 (5.8928e+00)	Acc@1   7.81 (  3.56)	Acc@5  24.22 ( 10.88)
Epoch: [0][2360/4793]	Time  0.742 ( 1.214)	Data  0.223 ( 0.703)	Loss 4.7689e+00 (5.8830e+00)	Acc@1   7.81 (  3.62)	Acc@5  28.91 ( 11.02)
Epoch: [0][2380/4793]	Time  0.727 ( 1.212)	Data  0.209 ( 0.701)	Loss 4.8487e+00 (5.8735e+00)	Acc@1   7.81 (  3.68)	Acc@5  25.78 ( 11.17)
Epoch: [0][2400/4793]	Time  0.734 ( 1.210)	Data  0.209 ( 0.699)	Loss 4.5716e+00 (5.8639e+00)	Acc@1  12.50 (  3.74)	Acc@5  30.47 ( 11.30)
Epoch: [0][2420/4793]	Time  0.743 ( 1.208)	Data  0.216 ( 0.697)	Loss 4.4811e+00 (5.8539e+00)	Acc@1  12.50 (  3.81)	Acc@5  32.81 ( 11.43)
Epoch: [0][2440/4793]	Time  0.791 ( 1.206)	Data  0.271 ( 0.695)	Loss 4.6281e+00 (5.8440e+00)	Acc@1  14.06 (  3.88)	Acc@5  31.25 ( 11.58)
Epoch: [0][2460/4793]	Time  0.740 ( 1.205)	Data  0.219 ( 0.694)	Loss 4.6891e+00 (5.8345e+00)	Acc@1  12.50 (  3.94)	Acc@5  28.91 ( 11.72)
Epoch: [0][2480/4793]	Time  0.795 ( 1.203)	Data  0.253 ( 0.692)	Loss 4.8975e+00 (5.8248e+00)	Acc@1  11.72 (  4.00)	Acc@5  25.78 ( 11.86)
Epoch: [0][2500/4793]	Time  0.801 ( 1.201)	Data  0.283 ( 0.690)	Loss 4.5169e+00 (5.8151e+00)	Acc@1  11.72 (  4.06)	Acc@5  29.69 ( 12.00)
Epoch: [0][2520/4793]	Time  0.759 ( 1.199)	Data  0.242 ( 0.688)	Loss 4.5743e+00 (5.8056e+00)	Acc@1   8.59 (  4.12)	Acc@5  28.12 ( 12.13)
Epoch: [0][2540/4793]	Time  0.784 ( 1.197)	Data  0.267 ( 0.686)	Loss 4.7366e+00 (5.7968e+00)	Acc@1  13.28 (  4.18)	Acc@5  26.56 ( 12.26)
Epoch: [0][2560/4793]	Time  0.731 ( 1.195)	Data  0.214 ( 0.684)	Loss 4.8548e+00 (5.7873e+00)	Acc@1   6.25 (  4.24)	Acc@5  22.66 ( 12.40)
Epoch: [0][2580/4793]	Time  0.739 ( 1.193)	Data  0.218 ( 0.682)	Loss 4.7722e+00 (5.7781e+00)	Acc@1  14.84 (  4.31)	Acc@5  27.34 ( 12.54)
Epoch: [0][2600/4793]	Time  0.740 ( 1.191)	Data  0.218 ( 0.680)	Loss 4.7017e+00 (5.7696e+00)	Acc@1   5.47 (  4.36)	Acc@5  29.69 ( 12.68)
Epoch: [0][2620/4793]	Time  0.763 ( 1.190)	Data  0.247 ( 0.679)	Loss 4.4938e+00 (5.7607e+00)	Acc@1   8.59 (  4.41)	Acc@5  28.91 ( 12.80)
Epoch: [0][2640/4793]	Time  0.740 ( 1.188)	Data  0.222 ( 0.677)	Loss 4.5853e+00 (5.7520e+00)	Acc@1  10.16 (  4.47)	Acc@5  24.22 ( 12.93)
Epoch: [0][2660/4793]	Time  0.853 ( 1.186)	Data  0.336 ( 0.675)	Loss 4.5986e+00 (5.7429e+00)	Acc@1  10.94 (  4.54)	Acc@5  30.47 ( 13.07)
Epoch: [0][2680/4793]	Time  0.795 ( 1.185)	Data  0.265 ( 0.673)	Loss 4.5790e+00 (5.7341e+00)	Acc@1  10.94 (  4.59)	Acc@5  31.25 ( 13.20)
Epoch: [0][2700/4793]	Time  0.761 ( 1.183)	Data  0.239 ( 0.672)	Loss 4.4419e+00 (5.7252e+00)	Acc@1  11.72 (  4.65)	Acc@5  33.59 ( 13.33)
Epoch: [0][2720/4793]	Time  0.742 ( 1.181)	Data  0.208 ( 0.670)	Loss 4.7467e+00 (5.7164e+00)	Acc@1   8.59 (  4.70)	Acc@5  20.31 ( 13.46)
Epoch: [0][2740/4793]	Time  0.726 ( 1.179)	Data  0.208 ( 0.668)	Loss 4.3402e+00 (5.7074e+00)	Acc@1  10.16 (  4.76)	Acc@5  36.72 ( 13.60)
Epoch: [0][2760/4793]	Time  0.842 ( 1.178)	Data  0.338 ( 0.666)	Loss 4.5013e+00 (5.6984e+00)	Acc@1  11.72 (  4.82)	Acc@5  35.16 ( 13.74)
Epoch: [0][2780/4793]	Time  0.714 ( 1.176)	Data  0.209 ( 0.665)	Loss 4.4662e+00 (5.6892e+00)	Acc@1  14.06 (  4.89)	Acc@5  31.25 ( 13.88)
Epoch: [0][2800/4793]	Time  0.998 ( 1.175)	Data  0.497 ( 0.664)	Loss 4.6429e+00 (5.6808e+00)	Acc@1  11.72 (  4.94)	Acc@5  30.47 ( 14.01)
Epoch: [0][2820/4793]	Time  1.161 ( 1.173)	Data  0.657 ( 0.662)	Loss 4.4956e+00 (5.6722e+00)	Acc@1  14.06 (  5.00)	Acc@5  26.56 ( 14.14)
Epoch: [0][2840/4793]	Time  0.906 ( 1.172)	Data  0.402 ( 0.661)	Loss 4.6033e+00 (5.6641e+00)	Acc@1  10.16 (  5.07)	Acc@5  28.91 ( 14.27)
Epoch: [0][2860/4793]	Time  1.232 ( 1.170)	Data  0.730 ( 0.659)	Loss 4.1134e+00 (5.6552e+00)	Acc@1  18.75 (  5.13)	Acc@5  40.62 ( 14.41)
Epoch: [0][2880/4793]	Time  1.117 ( 1.169)	Data  0.612 ( 0.658)	Loss 4.2333e+00 (5.6465e+00)	Acc@1  17.19 (  5.19)	Acc@5  38.28 ( 14.54)
Epoch: [0][2900/4793]	Time  1.122 ( 1.168)	Data  0.620 ( 0.656)	Loss 4.5148e+00 (5.6383e+00)	Acc@1  17.97 (  5.25)	Acc@5  32.81 ( 14.67)
Epoch: [0][2920/4793]	Time  1.117 ( 1.166)	Data  0.615 ( 0.655)	Loss 3.9442e+00 (5.6296e+00)	Acc@1  15.62 (  5.31)	Acc@5  40.62 ( 14.81)
Epoch: [0][2940/4793]	Time  1.278 ( 1.165)	Data  0.776 ( 0.654)	Loss 4.3472e+00 (5.6212e+00)	Acc@1  17.19 (  5.37)	Acc@5  33.59 ( 14.95)
Epoch: [0][2960/4793]	Time  1.282 ( 1.163)	Data  0.775 ( 0.652)	Loss 4.4189e+00 (5.6131e+00)	Acc@1  14.06 (  5.43)	Acc@5  33.59 ( 15.07)
Epoch: [0][2980/4793]	Time  1.099 ( 1.162)	Data  0.595 ( 0.651)	Loss 4.4220e+00 (5.6047e+00)	Acc@1  13.28 (  5.50)	Acc@5  28.91 ( 15.21)
Epoch: [0][3000/4793]	Time  1.334 ( 1.160)	Data  0.823 ( 0.649)	Loss 3.8910e+00 (5.5964e+00)	Acc@1  19.53 (  5.56)	Acc@5  40.62 ( 15.34)
Epoch: [0][3020/4793]	Time  1.239 ( 1.159)	Data  0.721 ( 0.648)	Loss 4.5029e+00 (5.5883e+00)	Acc@1  13.28 (  5.62)	Acc@5  33.59 ( 15.46)
Epoch: [0][3040/4793]	Time  0.925 ( 1.158)	Data  0.423 ( 0.647)	Loss 4.2371e+00 (5.5803e+00)	Acc@1  20.31 (  5.69)	Acc@5  42.97 ( 15.59)
Epoch: [0][3060/4793]	Time  1.113 ( 1.156)	Data  0.594 ( 0.645)	Loss 4.0844e+00 (5.5723e+00)	Acc@1  18.75 (  5.76)	Acc@5  41.41 ( 15.71)
Epoch: [0][3080/4793]	Time  0.886 ( 1.155)	Data  0.382 ( 0.644)	Loss 4.4008e+00 (5.5639e+00)	Acc@1  12.50 (  5.82)	Acc@5  32.81 ( 15.84)
Epoch: [0][3100/4793]	Time  1.165 ( 1.154)	Data  0.655 ( 0.643)	Loss 4.3981e+00 (5.5561e+00)	Acc@1  17.97 (  5.89)	Acc@5  36.72 ( 15.96)
Epoch: [0][3120/4793]	Time  0.975 ( 1.152)	Data  0.456 ( 0.641)	Loss 4.1734e+00 (5.5479e+00)	Acc@1  24.22 (  5.95)	Acc@5  39.84 ( 16.09)
Epoch: [0][3140/4793]	Time  0.992 ( 1.151)	Data  0.475 ( 0.640)	Loss 4.2563e+00 (5.5396e+00)	Acc@1  14.06 (  6.02)	Acc@5  37.50 ( 16.22)
Epoch: [0][3160/4793]	Time  1.091 ( 1.150)	Data  0.576 ( 0.639)	Loss 4.1832e+00 (5.5313e+00)	Acc@1  13.28 (  6.08)	Acc@5  39.06 ( 16.35)
Epoch: [0][3180/4793]	Time  1.111 ( 1.148)	Data  0.608 ( 0.637)	Loss 4.1959e+00 (5.5233e+00)	Acc@1  14.84 (  6.15)	Acc@5  33.59 ( 16.48)
Epoch: [0][3200/4793]	Time  1.020 ( 1.147)	Data  0.511 ( 0.636)	Loss 4.0885e+00 (5.5153e+00)	Acc@1  12.50 (  6.20)	Acc@5  40.62 ( 16.60)
Epoch: [0][3220/4793]	Time  0.757 ( 1.145)	Data  0.239 ( 0.634)	Loss 4.2912e+00 (5.5076e+00)	Acc@1  14.84 (  6.26)	Acc@5  34.38 ( 16.73)
Epoch: [0][3240/4793]	Time  0.728 ( 1.144)	Data  0.209 ( 0.633)	Loss 4.2489e+00 (5.4998e+00)	Acc@1  16.41 (  6.33)	Acc@5  37.50 ( 16.86)
Epoch: [0][3260/4793]	Time  0.754 ( 1.143)	Data  0.236 ( 0.632)	Loss 4.0024e+00 (5.4918e+00)	Acc@1  17.97 (  6.39)	Acc@5  35.94 ( 16.99)
Epoch: [0][3280/4793]	Time  0.755 ( 1.142)	Data  0.239 ( 0.631)	Loss 4.1494e+00 (5.4838e+00)	Acc@1  21.88 (  6.46)	Acc@5  46.88 ( 17.12)
Epoch: [0][3300/4793]	Time  0.798 ( 1.141)	Data  0.281 ( 0.630)	Loss 4.2160e+00 (5.4756e+00)	Acc@1  12.50 (  6.52)	Acc@5  41.41 ( 17.25)
Epoch: [0][3320/4793]	Time  0.744 ( 1.140)	Data  0.226 ( 0.629)	Loss 4.2200e+00 (5.4683e+00)	Acc@1  15.62 (  6.58)	Acc@5  42.19 ( 17.37)
Epoch: [0][3340/4793]	Time  0.722 ( 1.139)	Data  0.205 ( 0.628)	Loss 4.1146e+00 (5.4605e+00)	Acc@1  17.19 (  6.65)	Acc@5  35.94 ( 17.49)
Epoch: [0][3360/4793]	Time  0.727 ( 1.138)	Data  0.209 ( 0.626)	Loss 4.0976e+00 (5.4528e+00)	Acc@1  20.31 (  6.71)	Acc@5  38.28 ( 17.61)
Epoch: [0][3380/4793]	Time  0.836 ( 1.136)	Data  0.318 ( 0.625)	Loss 3.9652e+00 (5.4447e+00)	Acc@1  25.00 (  6.78)	Acc@5  45.31 ( 17.74)
Epoch: [0][3400/4793]	Time  0.936 ( 1.135)	Data  0.406 ( 0.624)	Loss 3.7897e+00 (5.4366e+00)	Acc@1  26.56 (  6.86)	Acc@5  42.97 ( 17.88)
Epoch: [0][3420/4793]	Time  0.726 ( 1.134)	Data  0.209 ( 0.623)	Loss 3.9696e+00 (5.4286e+00)	Acc@1  22.66 (  6.93)	Acc@5  37.50 ( 18.01)
Epoch: [0][3440/4793]	Time  0.772 ( 1.134)	Data  0.241 ( 0.622)	Loss 4.0875e+00 (5.4214e+00)	Acc@1  21.09 (  6.99)	Acc@5  42.19 ( 18.13)
Epoch: [0][3460/4793]	Time  0.756 ( 1.132)	Data  0.226 ( 0.621)	Loss 3.9973e+00 (5.4136e+00)	Acc@1  17.97 (  7.05)	Acc@5  42.97 ( 18.26)
Epoch: [0][3480/4793]	Time  0.836 ( 1.131)	Data  0.319 ( 0.620)	Loss 4.1589e+00 (5.4064e+00)	Acc@1  16.41 (  7.11)	Acc@5  38.28 ( 18.38)
Epoch: [0][3500/4793]	Time  0.819 ( 1.130)	Data  0.302 ( 0.619)	Loss 3.9713e+00 (5.3988e+00)	Acc@1  21.09 (  7.17)	Acc@5  42.97 ( 18.50)
Epoch: [0][3520/4793]	Time  0.754 ( 1.129)	Data  0.226 ( 0.618)	Loss 4.0495e+00 (5.3912e+00)	Acc@1  22.66 (  7.23)	Acc@5  32.81 ( 18.62)
Epoch: [0][3540/4793]	Time  0.901 ( 1.128)	Data  0.393 ( 0.617)	Loss 4.1298e+00 (5.3834e+00)	Acc@1  16.41 (  7.30)	Acc@5  40.62 ( 18.75)
Epoch: [0][3560/4793]	Time  1.188 ( 1.127)	Data  0.674 ( 0.616)	Loss 3.8318e+00 (5.3759e+00)	Acc@1  24.22 (  7.36)	Acc@5  43.75 ( 18.87)
Epoch: [0][3580/4793]	Time  1.315 ( 1.126)	Data  0.813 ( 0.615)	Loss 4.0433e+00 (5.3683e+00)	Acc@1  21.09 (  7.43)	Acc@5  45.31 ( 19.00)
Epoch: [0][3600/4793]	Time  1.152 ( 1.125)	Data  0.648 ( 0.614)	Loss 4.0039e+00 (5.3607e+00)	Acc@1  19.53 (  7.49)	Acc@5  42.97 ( 19.13)
Epoch: [0][3620/4793]	Time  1.082 ( 1.125)	Data  0.577 ( 0.613)	Loss 3.8181e+00 (5.3536e+00)	Acc@1  25.78 (  7.56)	Acc@5  46.09 ( 19.24)
Epoch: [0][3640/4793]	Time  1.027 ( 1.124)	Data  0.517 ( 0.612)	Loss 4.0329e+00 (5.3460e+00)	Acc@1  16.41 (  7.62)	Acc@5  41.41 ( 19.36)
Epoch: [0][3660/4793]	Time  0.826 ( 1.123)	Data  0.321 ( 0.612)	Loss 4.0308e+00 (5.3388e+00)	Acc@1  18.75 (  7.69)	Acc@5  41.41 ( 19.49)
Epoch: [0][3680/4793]	Time  1.056 ( 1.122)	Data  0.552 ( 0.611)	Loss 4.3563e+00 (5.3315e+00)	Acc@1  12.50 (  7.75)	Acc@5  34.38 ( 19.61)
Epoch: [0][3700/4793]	Time  0.994 ( 1.121)	Data  0.493 ( 0.610)	Loss 3.8759e+00 (5.3241e+00)	Acc@1  25.78 (  7.81)	Acc@5  49.22 ( 19.73)
Epoch: [0][3720/4793]	Time  1.394 ( 1.120)	Data  0.890 ( 0.609)	Loss 4.0776e+00 (5.3169e+00)	Acc@1  18.75 (  7.87)	Acc@5  36.72 ( 19.85)
Epoch: [0][3740/4793]	Time  0.923 ( 1.119)	Data  0.419 ( 0.608)	Loss 4.0347e+00 (5.3100e+00)	Acc@1  21.88 (  7.94)	Acc@5  43.75 ( 19.97)
Epoch: [0][3760/4793]	Time  1.205 ( 1.119)	Data  0.688 ( 0.607)	Loss 3.9313e+00 (5.3024e+00)	Acc@1  17.97 (  8.00)	Acc@5  43.75 ( 20.09)
Epoch: [0][3780/4793]	Time  0.996 ( 1.117)	Data  0.491 ( 0.606)	Loss 4.1144e+00 (5.2953e+00)	Acc@1  17.97 (  8.06)	Acc@5  42.19 ( 20.21)
Epoch: [0][3800/4793]	Time  1.120 ( 1.117)	Data  0.617 ( 0.605)	Loss 3.9907e+00 (5.2881e+00)	Acc@1  18.75 (  8.12)	Acc@5  42.97 ( 20.33)
Epoch: [0][3820/4793]	Time  0.745 ( 1.116)	Data  0.244 ( 0.604)	Loss 3.5664e+00 (5.2814e+00)	Acc@1  28.12 (  8.19)	Acc@5  51.56 ( 20.44)
Epoch: [0][3840/4793]	Time  0.717 ( 1.115)	Data  0.210 ( 0.603)	Loss 3.8886e+00 (5.2742e+00)	Acc@1  16.41 (  8.25)	Acc@5  42.97 ( 20.56)
Epoch: [0][3860/4793]	Time  0.713 ( 1.114)	Data  0.209 ( 0.602)	Loss 4.1178e+00 (5.2675e+00)	Acc@1  15.62 (  8.31)	Acc@5  40.62 ( 20.68)
Epoch: [0][3880/4793]	Time  0.726 ( 1.113)	Data  0.219 ( 0.601)	Loss 4.0165e+00 (5.2604e+00)	Acc@1  24.22 (  8.37)	Acc@5  42.97 ( 20.80)
Epoch: [0][3900/4793]	Time  0.776 ( 1.112)	Data  0.258 ( 0.601)	Loss 4.1654e+00 (5.2537e+00)	Acc@1  22.66 (  8.43)	Acc@5  39.84 ( 20.91)
Epoch: [0][3920/4793]	Time  0.725 ( 1.111)	Data  0.208 ( 0.600)	Loss 3.7172e+00 (5.2465e+00)	Acc@1  22.66 (  8.50)	Acc@5  50.00 ( 21.04)
Epoch: [0][3940/4793]	Time  0.733 ( 1.110)	Data  0.210 ( 0.599)	Loss 3.6409e+00 (5.2393e+00)	Acc@1  26.56 (  8.57)	Acc@5  48.44 ( 21.15)
Epoch: [0][3960/4793]	Time  0.738 ( 1.110)	Data  0.225 ( 0.598)	Loss 4.3601e+00 (5.2327e+00)	Acc@1  13.28 (  8.63)	Acc@5  32.81 ( 21.26)
Epoch: [0][3980/4793]	Time  0.720 ( 1.109)	Data  0.214 ( 0.597)	Loss 4.0720e+00 (5.2266e+00)	Acc@1  17.19 (  8.68)	Acc@5  42.97 ( 21.37)
Epoch: [0][4000/4793]	Time  0.714 ( 1.108)	Data  0.210 ( 0.597)	Loss 3.5684e+00 (5.2198e+00)	Acc@1  30.47 (  8.74)	Acc@5  53.12 ( 21.48)
Epoch: [0][4020/4793]	Time  1.086 ( 1.107)	Data  0.582 ( 0.596)	Loss 3.8723e+00 (5.2130e+00)	Acc@1  22.66 (  8.80)	Acc@5  43.75 ( 21.60)
Epoch: [0][4040/4793]	Time  1.128 ( 1.106)	Data  0.626 ( 0.595)	Loss 4.1080e+00 (5.2064e+00)	Acc@1  21.88 (  8.86)	Acc@5  41.41 ( 21.71)
Epoch: [0][4060/4793]	Time  1.024 ( 1.106)	Data  0.505 ( 0.594)	Loss 3.8622e+00 (5.1998e+00)	Acc@1  18.75 (  8.92)	Acc@5  44.53 ( 21.81)
Epoch: [0][4080/4793]	Time  0.793 ( 1.105)	Data  0.275 ( 0.593)	Loss 3.7431e+00 (5.1931e+00)	Acc@1  27.34 (  8.98)	Acc@5  50.00 ( 21.93)
Epoch: [0][4100/4793]	Time  0.726 ( 1.104)	Data  0.209 ( 0.592)	Loss 3.6488e+00 (5.1861e+00)	Acc@1  23.44 (  9.04)	Acc@5  47.66 ( 22.04)
Epoch: [0][4120/4793]	Time  0.725 ( 1.103)	Data  0.208 ( 0.592)	Loss 3.6705e+00 (5.1795e+00)	Acc@1  22.66 (  9.10)	Acc@5  47.66 ( 22.16)
Epoch: [0][4140/4793]	Time  0.768 ( 1.103)	Data  0.250 ( 0.591)	Loss 3.6437e+00 (5.1729e+00)	Acc@1  22.66 (  9.17)	Acc@5  47.66 ( 22.28)
Epoch: [0][4160/4793]	Time  0.746 ( 1.102)	Data  0.227 ( 0.590)	Loss 3.7922e+00 (5.1664e+00)	Acc@1  17.19 (  9.23)	Acc@5  44.53 ( 22.39)
Epoch: [0][4180/4793]	Time  0.766 ( 1.101)	Data  0.242 ( 0.590)	Loss 3.7632e+00 (5.1600e+00)	Acc@1  19.53 (  9.29)	Acc@5  46.88 ( 22.49)
Epoch: [0][4200/4793]	Time  0.729 ( 1.100)	Data  0.212 ( 0.589)	Loss 3.7460e+00 (5.1532e+00)	Acc@1  23.44 (  9.36)	Acc@5  50.78 ( 22.61)
Epoch: [0][4220/4793]	Time  0.743 ( 1.100)	Data  0.218 ( 0.588)	Loss 3.6723e+00 (5.1469e+00)	Acc@1  21.09 (  9.42)	Acc@5  44.53 ( 22.72)
Epoch: [0][4240/4793]	Time  0.765 ( 1.099)	Data  0.248 ( 0.588)	Loss 3.7115e+00 (5.1400e+00)	Acc@1  28.91 (  9.48)	Acc@5  50.78 ( 22.83)
Epoch: [0][4260/4793]	Time  0.758 ( 1.098)	Data  0.239 ( 0.587)	Loss 3.7039e+00 (5.1335e+00)	Acc@1  19.53 (  9.55)	Acc@5  46.88 ( 22.95)
Epoch: [0][4280/4793]	Time  0.740 ( 1.098)	Data  0.222 ( 0.586)	Loss 3.3386e+00 (5.1271e+00)	Acc@1  28.91 (  9.61)	Acc@5  55.47 ( 23.06)
Epoch: [0][4300/4793]	Time  0.842 ( 1.097)	Data  0.298 ( 0.585)	Loss 3.6062e+00 (5.1208e+00)	Acc@1  22.66 (  9.67)	Acc@5  46.09 ( 23.17)
Epoch: [0][4320/4793]	Time  0.742 ( 1.096)	Data  0.225 ( 0.585)	Loss 3.6826e+00 (5.1144e+00)	Acc@1  21.09 (  9.73)	Acc@5  48.44 ( 23.28)
Epoch: [0][4340/4793]	Time  0.731 ( 1.095)	Data  0.212 ( 0.584)	Loss 3.8929e+00 (5.1079e+00)	Acc@1  20.31 (  9.80)	Acc@5  43.75 ( 23.39)
Epoch: [0][4360/4793]	Time  0.730 ( 1.095)	Data  0.209 ( 0.583)	Loss 3.6615e+00 (5.1015e+00)	Acc@1  24.22 (  9.86)	Acc@5  46.09 ( 23.50)
Epoch: [0][4380/4793]	Time  0.781 ( 1.094)	Data  0.255 ( 0.582)	Loss 3.5749e+00 (5.0951e+00)	Acc@1  21.09 (  9.92)	Acc@5  46.88 ( 23.61)
Epoch: [0][4400/4793]	Time  0.751 ( 1.093)	Data  0.234 ( 0.582)	Loss 3.8594e+00 (5.0888e+00)	Acc@1  18.75 (  9.98)	Acc@5  40.62 ( 23.71)
Epoch: [0][4420/4793]	Time  0.737 ( 1.093)	Data  0.210 ( 0.581)	Loss 3.7380e+00 (5.0826e+00)	Acc@1  21.88 ( 10.04)	Acc@5  46.09 ( 23.82)
Epoch: [0][4440/4793]	Time  0.745 ( 1.092)	Data  0.217 ( 0.580)	Loss 3.8841e+00 (5.0765e+00)	Acc@1  26.56 ( 10.10)	Acc@5  46.88 ( 23.93)
Epoch: [0][4460/4793]	Time  0.738 ( 1.091)	Data  0.217 ( 0.580)	Loss 3.9449e+00 (5.0700e+00)	Acc@1  21.88 ( 10.17)	Acc@5  46.09 ( 24.04)
Epoch: [0][4480/4793]	Time  0.734 ( 1.091)	Data  0.213 ( 0.579)	Loss 3.8580e+00 (5.0637e+00)	Acc@1  25.00 ( 10.23)	Acc@5  45.31 ( 24.15)
Epoch: [0][4500/4793]	Time  0.772 ( 1.090)	Data  0.268 ( 0.578)	Loss 3.5796e+00 (5.0576e+00)	Acc@1  26.56 ( 10.29)	Acc@5  50.00 ( 24.25)
Epoch: [0][4520/4793]	Time  0.725 ( 1.090)	Data  0.218 ( 0.578)	Loss 3.7579e+00 (5.0516e+00)	Acc@1  23.44 ( 10.35)	Acc@5  46.88 ( 24.36)
Epoch: [0][4540/4793]	Time  0.722 ( 1.089)	Data  0.209 ( 0.577)	Loss 3.4912e+00 (5.0454e+00)	Acc@1  23.44 ( 10.41)	Acc@5  47.66 ( 24.46)
Epoch: [0][4560/4793]	Time  0.725 ( 1.088)	Data  0.216 ( 0.577)	Loss 3.7901e+00 (5.0394e+00)	Acc@1  23.44 ( 10.47)	Acc@5  46.09 ( 24.57)
Epoch: [0][4580/4793]	Time  0.720 ( 1.088)	Data  0.214 ( 0.576)	Loss 3.6103e+00 (5.0332e+00)	Acc@1  25.78 ( 10.53)	Acc@5  48.44 ( 24.68)
Epoch: [0][4600/4793]	Time  0.865 ( 1.087)	Data  0.364 ( 0.576)	Loss 3.4079e+00 (5.0272e+00)	Acc@1  28.91 ( 10.59)	Acc@5  53.91 ( 24.78)
Epoch: [0][4620/4793]	Time  0.947 ( 1.087)	Data  0.442 ( 0.575)	Loss 3.8410e+00 (5.0210e+00)	Acc@1  20.31 ( 10.66)	Acc@5  45.31 ( 24.89)
Epoch: [0][4640/4793]	Time  1.138 ( 1.086)	Data  0.635 ( 0.574)	Loss 3.7375e+00 (5.0151e+00)	Acc@1  25.00 ( 10.71)	Acc@5  44.53 ( 24.99)
Epoch: [0][4660/4793]	Time  0.962 ( 1.085)	Data  0.432 ( 0.574)	Loss 3.6070e+00 (5.0091e+00)	Acc@1  22.66 ( 10.77)	Acc@5  49.22 ( 25.10)
Epoch: [0][4680/4793]	Time  1.239 ( 1.085)	Data  0.737 ( 0.573)	Loss 3.5711e+00 (5.0032e+00)	Acc@1  25.00 ( 10.83)	Acc@5  48.44 ( 25.20)
Epoch: [0][4700/4793]	Time  1.430 ( 1.084)	Data  0.929 ( 0.573)	Loss 3.4210e+00 (4.9968e+00)	Acc@1  27.34 ( 10.90)	Acc@5  57.81 ( 25.31)
Epoch: [0][4720/4793]	Time  1.296 ( 1.084)	Data  0.794 ( 0.572)	Loss 3.5604e+00 (4.9908e+00)	Acc@1  28.91 ( 10.96)	Acc@5  47.66 ( 25.42)
Epoch: [0][4740/4793]	Time  1.147 ( 1.083)	Data  0.645 ( 0.571)	Loss 3.6752e+00 (4.9849e+00)	Acc@1  30.47 ( 11.02)	Acc@5  50.00 ( 25.52)
Epoch: [0][4760/4793]	Time  1.213 ( 1.082)	Data  0.694 ( 0.571)	Loss 3.3546e+00 (4.9794e+00)	Acc@1  27.34 ( 11.07)	Acc@5  53.91 ( 25.61)
Epoch: [0][4780/4793]	Time  1.028 ( 1.082)	Data  0.509 ( 0.570)	Loss 3.6462e+00 (4.9736e+00)	Acc@1  25.00 ( 11.13)	Acc@5  53.91 ( 25.71)
Test: [  0/375]	Time  6.692 ( 6.692)	Loss 3.4326e+00 (3.4326e+00)	Acc@1  26.56 ( 26.56)	Acc@5  60.16 ( 60.16)
Test: [ 20/375]	Time  1.015 ( 0.982)	Loss 6.3309e+00 (5.3287e+00)	Acc@1  24.22 ( 22.36)	Acc@5  42.19 ( 46.76)
Test: [ 40/375]	Time  1.038 ( 0.842)	Loss 3.7062e+00 (5.0098e+00)	Acc@1  26.56 ( 25.57)	Acc@5  46.88 ( 49.54)
Test: [ 60/375]	Time  0.891 ( 0.782)	Loss 5.1673e+00 (4.7637e+00)	Acc@1   3.12 ( 26.17)	Acc@5  17.97 ( 49.82)
Test: [ 80/375]	Time  1.116 ( 0.757)	Loss 4.5070e+00 (4.7972e+00)	Acc@1  27.34 ( 22.77)	Acc@5  52.34 ( 46.08)
Test: [100/375]	Time  1.267 ( 0.745)	Loss 5.1416e+00 (4.7829e+00)	Acc@1   4.69 ( 21.39)	Acc@5  22.66 ( 44.82)
Test: [120/375]	Time  1.082 ( 0.748)	Loss 5.4768e+00 (4.8626e+00)	Acc@1  13.28 ( 20.53)	Acc@5  34.38 ( 44.01)
Test: [140/375]	Time  1.294 ( 0.743)	Loss 6.0100e+00 (4.7949e+00)	Acc@1   1.56 ( 20.72)	Acc@5  15.62 ( 44.05)
Test: [160/375]	Time  1.352 ( 0.742)	Loss 5.3088e+00 (4.8130e+00)	Acc@1  10.16 ( 20.74)	Acc@5  35.16 ( 43.98)
Test: [180/375]	Time  1.347 ( 0.738)	Loss 4.6346e+00 (5.0792e+00)	Acc@1  33.59 ( 20.00)	Acc@5  53.12 ( 42.77)
Test: [200/375]	Time  1.285 ( 0.733)	Loss 6.1536e+00 (5.3767e+00)	Acc@1   6.25 ( 19.38)	Acc@5  21.88 ( 41.87)
Test: [220/375]	Time  1.165 ( 0.731)	Loss 3.6249e+00 (5.4354e+00)	Acc@1  26.56 ( 19.69)	Acc@5  50.00 ( 41.95)
Test: [240/375]	Time  1.351 ( 0.729)	Loss 8.5319e+00 (5.5884e+00)	Acc@1  17.19 ( 19.53)	Acc@5  35.16 ( 41.32)
Test: [260/375]	Time  1.033 ( 0.725)	Loss 4.2391e+00 (5.6761e+00)	Acc@1  28.91 ( 19.70)	Acc@5  50.78 ( 41.26)
Test: [280/375]	Time  1.042 ( 0.722)	Loss 6.9867e+00 (5.7848e+00)	Acc@1  12.50 ( 19.36)	Acc@5  29.69 ( 40.75)
Test: [300/375]	Time  1.150 ( 0.721)	Loss 7.4839e+00 (5.8155e+00)	Acc@1  20.31 ( 19.20)	Acc@5  36.72 ( 40.47)
Test: [320/375]	Time  1.054 ( 0.716)	Loss 7.3162e+00 (5.8282e+00)	Acc@1   8.59 ( 18.86)	Acc@5  23.44 ( 40.08)
Test: [340/375]	Time  1.011 ( 0.714)	Loss 4.9371e+00 (5.8431e+00)	Acc@1  10.16 ( 18.84)	Acc@5  32.03 ( 40.02)
Test: [360/375]	Time  1.066 ( 0.712)	Loss 3.8700e+00 (5.8077e+00)	Acc@1  13.28 ( 19.01)	Acc@5  43.75 ( 40.42)
 *   Acc@1 19.364 Acc@5 40.748
Test: [  0/375]	Time  6.680 ( 6.680)	Loss 3.4326e+00 (3.4326e+00)	Acc@1  26.56 ( 26.56)	Acc@5  60.16 ( 60.16)
Test: [ 20/375]	Time  1.098 ( 0.983)	Loss 6.3309e+00 (5.3287e+00)	Acc@1  24.22 ( 22.36)	Acc@5  42.19 ( 46.76)
Test: [ 40/375]	Time  1.037 ( 0.843)	Loss 3.7062e+00 (5.0098e+00)	Acc@1  26.56 ( 25.57)	Acc@5  46.88 ( 49.54)
Test: [ 60/375]	Time  0.849 ( 0.782)	Loss 5.1673e+00 (4.7637e+00)	Acc@1   3.12 ( 26.17)	Acc@5  17.97 ( 49.82)
Test: [ 80/375]	Time  1.138 ( 0.758)	Loss 4.5070e+00 (4.7972e+00)	Acc@1  27.34 ( 22.77)	Acc@5  52.34 ( 46.08)
Test: [100/375]	Time  1.226 ( 0.745)	Loss 5.1416e+00 (4.7829e+00)	Acc@1   4.69 ( 21.39)	Acc@5  22.66 ( 44.82)
Test: [120/375]	Time  1.172 ( 0.748)	Loss 5.4768e+00 (4.8626e+00)	Acc@1  13.28 ( 20.53)	Acc@5  34.38 ( 44.01)
Test: [140/375]	Time  1.205 ( 0.743)	Loss 6.0100e+00 (4.7949e+00)	Acc@1   1.56 ( 20.72)	Acc@5  15.62 ( 44.05)
Test: [160/375]	Time  1.380 ( 0.742)	Loss 5.3088e+00 (4.8130e+00)	Acc@1  10.16 ( 20.74)	Acc@5  35.16 ( 43.98)
Test: [180/375]	Time  1.362 ( 0.738)	Loss 4.6346e+00 (5.0792e+00)	Acc@1  33.59 ( 20.00)	Acc@5  53.12 ( 42.77)
Test: [200/375]	Time  1.267 ( 0.733)	Loss 6.1536e+00 (5.3767e+00)	Acc@1   6.25 ( 19.38)	Acc@5  21.88 ( 41.87)
Test: [220/375]	Time  1.154 ( 0.731)	Loss 3.6249e+00 (5.4354e+00)	Acc@1  26.56 ( 19.69)	Acc@5  50.00 ( 41.95)
Test: [240/375]	Time  1.301 ( 0.729)	Loss 8.5319e+00 (5.5884e+00)	Acc@1  17.19 ( 19.53)	Acc@5  35.16 ( 41.32)
Test: [260/375]	Time  1.077 ( 0.725)	Loss 4.2391e+00 (5.6761e+00)	Acc@1  28.91 ( 19.70)	Acc@5  50.78 ( 41.26)
Test: [280/375]	Time  1.012 ( 0.722)	Loss 6.9867e+00 (5.7848e+00)	Acc@1  12.50 ( 19.36)	Acc@5  29.69 ( 40.75)
Test: [300/375]	Time  1.123 ( 0.721)	Loss 7.4839e+00 (5.8155e+00)	Acc@1  20.31 ( 19.20)	Acc@5  36.72 ( 40.47)
Test: [320/375]	Time  1.170 ( 0.716)	Loss 7.3162e+00 (5.8282e+00)	Acc@1   8.59 ( 18.86)	Acc@5  23.44 ( 40.08)
Test: [340/375]	Time  0.962 ( 0.714)	Loss 4.9371e+00 (5.8431e+00)	Acc@1  10.16 ( 18.84)	Acc@5  32.03 ( 40.02)
Test: [360/375]	Time  1.051 ( 0.712)	Loss 3.8700e+00 (5.8077e+00)	Acc@1  13.28 ( 19.01)	Acc@5  43.75 ( 40.42)
 *   Acc@1 19.364 Acc@5 40.748
