Use GPU: 0 for training
=> creating model 'resnet18'
----------------------------------------
training directory:/data/gpfs/datasets/Imagenet/train_blurred

validating directory:/data/gpfs/datasets/Imagenet/val_blurred

----------------------------------------
Dataset ImageFolder
    Number of datapoints: 1281066
    Root location: /data/gpfs/datasets/Imagenet/train_blurred
    StandardTransform
Transform: Compose(
               Resize(size=256, interpolation=bilinear, max_size=None, antialias=None)
               CenterCrop(size=(224, 224))
               ToTensor()
               Normalize(mean=[0.485, 0.456, 0.406], std=[0.229, 0.224, 0.225])
           )
----------------------------------------
Dataset ImageFolder
    Number of datapoints: 49997
    Root location: /data/gpfs/datasets/Imagenet/val_blurred
    StandardTransform
Transform: Compose(
               Resize(size=256, interpolation=bilinear, max_size=None, antialias=None)
               CenterCrop(size=(224, 224))
               ToTensor()
               Normalize(mean=[0.485, 0.456, 0.406], std=[0.229, 0.224, 0.225])
           )
----------------------------------------
            0                   1
0   n03400231          frying_pan
1   n04004767             printer
2   n02909870              bucket
3   n03485407  hand-held_computer
4   n04356056          sunglasses
..        ...                 ...
63  n07930864                 cup
64  n03908618          pencil_box
65  n03908714    pencil_sharpener
66  n03018349       china_cabinet
67  n03742115      medicine_chest

[68 rows x 2 columns]
[567, 742, 463, 590, 837, 910, 545, 737, 559, 632, 681, 754, 544, 587, 898, 508, 740, 414, 907, 487, 518, 765, 673, 527, 831, 720, 504, 560, 784, 736, 620, 423, 563, 532, 767, 664, 671, 878, 760, 528, 440, 265, 696, 851, 910, 455, 896, 409, 530, 892, 444, 904, 905, 782, 619, 846, 919, 495, 453, 770, 938, 818, 665, 968, 709, 710, 495, 648]
----------------------------------------
1196045
46697
Use GPU: 1 for training
=> creating model 'resnet18'
----------------------------------------
training directory:/data/gpfs/datasets/Imagenet/train_blurred

validating directory:/data/gpfs/datasets/Imagenet/val_blurred

----------------------------------------
Dataset ImageFolder
    Number of datapoints: 1281066
    Root location: /data/gpfs/datasets/Imagenet/train_blurred
    StandardTransform
Transform: Compose(
               Resize(size=256, interpolation=bilinear, max_size=None, antialias=None)
               CenterCrop(size=(224, 224))
               ToTensor()
               Normalize(mean=[0.485, 0.456, 0.406], std=[0.229, 0.224, 0.225])
           )
----------------------------------------
Dataset ImageFolder
    Number of datapoints: 49997
    Root location: /data/gpfs/datasets/Imagenet/val_blurred
    StandardTransform
Transform: Compose(
               Resize(size=256, interpolation=bilinear, max_size=None, antialias=None)
               CenterCrop(size=(224, 224))
               ToTensor()
               Normalize(mean=[0.485, 0.456, 0.406], std=[0.229, 0.224, 0.225])
           )
----------------------------------------
            0                   1
0   n03400231          frying_pan
1   n04004767             printer
2   n02909870              bucket
3   n03485407  hand-held_computer
4   n04356056          sunglasses
..        ...                 ...
63  n07930864                 cup
64  n03908618          pencil_box
65  n03908714    pencil_sharpener
66  n03018349       china_cabinet
67  n03742115      medicine_chest

[68 rows x 2 columns]
[567, 742, 463, 590, 837, 910, 545, 737, 559, 632, 681, 754, 544, 587, 898, 508, 740, 414, 907, 487, 518, 765, 673, 527, 831, 720, 504, 560, 784, 736, 620, 423, 563, 532, 767, 664, 671, 878, 760, 528, 440, 265, 696, 851, 910, 455, 896, 409, 530, 892, 444, 904, 905, 782, 619, 846, 919, 495, 453, 770, 938, 818, 665, 968, 709, 710, 495, 648]
----------------------------------------
1196045
46697
Epoch: [0][   0/4673]	Time 12.924 (12.924)	Data 10.773 (10.773)	Loss 6.9542e+00 (6.9542e+00)	Acc@1   0.00 (  0.00)	Acc@5   1.56 (  1.56)
Epoch: [0][  20/4673]	Time  3.271 ( 2.135)	Data  3.189 ( 1.953)	Loss 6.9777e+00 (7.0569e+00)	Acc@1   0.78 (  0.19)	Acc@5   0.78 (  0.78)
Epoch: [0][  40/4673]	Time  3.100 ( 1.938)	Data  3.018 ( 1.796)	Loss 6.8977e+00 (7.0056e+00)	Acc@1   0.00 (  0.27)	Acc@5   0.00 (  0.97)
Epoch: [0][  60/4673]	Time  3.398 ( 1.880)	Data  3.313 ( 1.753)	Loss 6.8156e+00 (6.9355e+00)	Acc@1   0.00 (  0.32)	Acc@5   0.78 (  1.36)
Epoch: [0][  80/4673]	Time  3.514 ( 1.849)	Data  3.432 ( 1.726)	Loss 6.6248e+00 (6.8719e+00)	Acc@1   0.00 (  0.33)	Acc@5   1.56 (  1.60)
Epoch: [0][ 100/4673]	Time  3.143 ( 1.829)	Data  3.061 ( 1.710)	Loss 6.5709e+00 (6.8264e+00)	Acc@1   0.00 (  0.37)	Acc@5   3.12 (  1.74)
Epoch: [0][ 120/4673]	Time  3.153 ( 1.804)	Data  3.065 ( 1.691)	Loss 6.5555e+00 (6.7832e+00)	Acc@1   0.78 (  0.41)	Acc@5   3.91 (  1.97)
Epoch: [0][ 140/4673]	Time  2.905 ( 1.793)	Data  2.823 ( 1.684)	Loss 6.5890e+00 (6.7468e+00)	Acc@1   0.00 (  0.45)	Acc@5   2.34 (  2.16)
Epoch: [0][ 160/4673]	Time  2.960 ( 1.780)	Data  2.876 ( 1.673)	Loss 6.3881e+00 (6.7130e+00)	Acc@1   0.78 (  0.50)	Acc@5   3.12 (  2.30)
Epoch: [0][ 180/4673]	Time  3.109 ( 1.766)	Data  3.028 ( 1.661)	Loss 6.3734e+00 (6.6860e+00)	Acc@1   1.56 (  0.57)	Acc@5   3.91 (  2.45)
Epoch: [0][ 200/4673]	Time  3.152 ( 1.753)	Data  3.071 ( 1.649)	Loss 6.4293e+00 (6.6603e+00)	Acc@1   0.00 (  0.64)	Acc@5   3.12 (  2.62)
Epoch: [0][ 220/4673]	Time  2.928 ( 1.741)	Data  2.846 ( 1.637)	Loss 6.3245e+00 (6.6333e+00)	Acc@1   3.12 (  0.70)	Acc@5   7.03 (  2.82)
Epoch: [0][ 240/4673]	Time  3.155 ( 1.731)	Data  3.074 ( 1.629)	Loss 6.3409e+00 (6.6075e+00)	Acc@1   3.91 (  0.76)	Acc@5   7.81 (  2.97)
Epoch: [0][ 260/4673]	Time  2.722 ( 1.719)	Data  2.641 ( 1.617)	Loss 6.1627e+00 (6.5808e+00)	Acc@1   1.56 (  0.83)	Acc@5   4.69 (  3.18)
Epoch: [0][ 280/4673]	Time  2.834 ( 1.708)	Data  2.753 ( 1.608)	Loss 6.1485e+00 (6.5539e+00)	Acc@1   0.00 (  0.90)	Acc@5   0.00 (  3.32)
Epoch: [0][ 300/4673]	Time  2.778 ( 1.695)	Data  2.697 ( 1.595)	Loss 6.1530e+00 (6.5253e+00)	Acc@1   2.34 (  0.95)	Acc@5   7.81 (  3.51)
Epoch: [0][ 320/4673]	Time  2.600 ( 1.683)	Data  2.519 ( 1.581)	Loss 6.0032e+00 (6.4978e+00)	Acc@1   0.78 (  1.02)	Acc@5   9.38 (  3.73)
Epoch: [0][ 340/4673]	Time  2.430 ( 1.672)	Data  2.349 ( 1.568)	Loss 5.9620e+00 (6.4706e+00)	Acc@1   1.56 (  1.10)	Acc@5   4.69 (  3.98)
Epoch: [0][ 360/4673]	Time  2.192 ( 1.662)	Data  2.110 ( 1.545)	Loss 6.0983e+00 (6.4453e+00)	Acc@1   2.34 (  1.16)	Acc@5   8.59 (  4.20)
Epoch: [0][ 380/4673]	Time  2.386 ( 1.653)	Data  2.305 ( 1.530)	Loss 5.8997e+00 (6.4211e+00)	Acc@1   0.78 (  1.17)	Acc@5   6.25 (  4.34)
Epoch: [0][ 400/4673]	Time  2.690 ( 1.644)	Data  2.608 ( 1.518)	Loss 5.9825e+00 (6.3959e+00)	Acc@1   1.56 (  1.24)	Acc@5   7.81 (  4.52)
Epoch: [0][ 420/4673]	Time  2.399 ( 1.636)	Data  2.318 ( 1.507)	Loss 5.7679e+00 (6.3729e+00)	Acc@1   2.34 (  1.30)	Acc@5  10.94 (  4.71)
Epoch: [0][ 440/4673]	Time  2.635 ( 1.629)	Data  2.553 ( 1.501)	Loss 5.8601e+00 (6.3494e+00)	Acc@1   3.91 (  1.34)	Acc@5   8.59 (  4.92)
Epoch: [0][ 460/4673]	Time  2.443 ( 1.620)	Data  2.362 ( 1.493)	Loss 5.9911e+00 (6.3266e+00)	Acc@1   1.56 (  1.43)	Acc@5   5.47 (  5.14)
Epoch: [0][ 480/4673]	Time  2.552 ( 1.611)	Data  2.470 ( 1.486)	Loss 5.8652e+00 (6.3039e+00)	Acc@1   1.56 (  1.47)	Acc@5   7.81 (  5.31)
Epoch: [0][ 500/4673]	Time  2.522 ( 1.603)	Data  2.441 ( 1.480)	Loss 5.5994e+00 (6.2801e+00)	Acc@1   3.12 (  1.56)	Acc@5  14.06 (  5.55)
Epoch: [0][ 520/4673]	Time  2.378 ( 1.593)	Data  2.297 ( 1.471)	Loss 5.6875e+00 (6.2559e+00)	Acc@1   2.34 (  1.61)	Acc@5  11.72 (  5.80)
Epoch: [0][ 540/4673]	Time  2.581 ( 1.585)	Data  2.500 ( 1.463)	Loss 5.5239e+00 (6.2325e+00)	Acc@1   7.03 (  1.72)	Acc@5  13.28 (  6.08)
Epoch: [0][ 560/4673]	Time  2.404 ( 1.578)	Data  2.323 ( 1.457)	Loss 5.7254e+00 (6.2101e+00)	Acc@1   3.91 (  1.80)	Acc@5  12.50 (  6.32)
Epoch: [0][ 580/4673]	Time  1.993 ( 1.569)	Data  1.911 ( 1.447)	Loss 5.8554e+00 (6.1895e+00)	Acc@1   5.47 (  1.86)	Acc@5  13.28 (  6.53)
Epoch: [0][ 600/4673]	Time  2.332 ( 1.561)	Data  2.251 ( 1.440)	Loss 5.5719e+00 (6.1689e+00)	Acc@1   3.12 (  1.94)	Acc@5  10.94 (  6.76)
Epoch: [0][ 620/4673]	Time  1.986 ( 1.552)	Data  1.905 ( 1.432)	Loss 5.5949e+00 (6.1474e+00)	Acc@1   8.59 (  2.02)	Acc@5  14.84 (  7.01)
Epoch: [0][ 640/4673]	Time  2.287 ( 1.543)	Data  2.205 ( 1.423)	Loss 5.4640e+00 (6.1264e+00)	Acc@1   6.25 (  2.08)	Acc@5  10.16 (  7.23)
Epoch: [0][ 660/4673]	Time  2.904 ( 1.537)	Data  2.819 ( 1.417)	Loss 5.3611e+00 (6.1051e+00)	Acc@1   4.69 (  2.15)	Acc@5  17.19 (  7.46)
Epoch: [0][ 680/4673]	Time  2.253 ( 1.529)	Data  2.170 ( 1.409)	Loss 5.4233e+00 (6.0846e+00)	Acc@1   7.81 (  2.25)	Acc@5  21.09 (  7.70)
Epoch: [0][ 700/4673]	Time  1.959 ( 1.522)	Data  1.878 ( 1.402)	Loss 5.4966e+00 (6.0645e+00)	Acc@1   2.34 (  2.34)	Acc@5  15.62 (  7.95)
Epoch: [0][ 720/4673]	Time  2.387 ( 1.515)	Data  2.306 ( 1.395)	Loss 5.3259e+00 (6.0465e+00)	Acc@1   6.25 (  2.41)	Acc@5  21.09 (  8.15)
Epoch: [0][ 740/4673]	Time  1.748 ( 1.508)	Data  1.664 ( 1.388)	Loss 5.1047e+00 (6.0280e+00)	Acc@1  10.94 (  2.49)	Acc@5  22.66 (  8.40)
Epoch: [0][ 760/4673]	Time  2.064 ( 1.499)	Data  1.976 ( 1.380)	Loss 5.6036e+00 (6.0095e+00)	Acc@1   4.69 (  2.58)	Acc@5  11.72 (  8.63)
Epoch: [0][ 780/4673]	Time  2.038 ( 1.492)	Data  1.953 ( 1.373)	Loss 5.0887e+00 (5.9915e+00)	Acc@1   7.81 (  2.65)	Acc@5  21.09 (  8.85)
Epoch: [0][ 800/4673]	Time  1.192 ( 1.485)	Data  1.111 ( 1.366)	Loss 5.0274e+00 (5.9731e+00)	Acc@1   6.25 (  2.74)	Acc@5  21.09 (  9.08)
Epoch: [0][ 820/4673]	Time  1.208 ( 1.478)	Data  1.126 ( 1.361)	Loss 5.0232e+00 (5.9544e+00)	Acc@1   8.59 (  2.84)	Acc@5  21.88 (  9.32)
Epoch: [0][ 840/4673]	Time  2.368 ( 1.473)	Data  2.286 ( 1.356)	Loss 5.3396e+00 (5.9371e+00)	Acc@1   7.03 (  2.92)	Acc@5  17.97 (  9.52)
Epoch: [0][ 860/4673]	Time  2.000 ( 1.467)	Data  1.918 ( 1.351)	Loss 5.1224e+00 (5.9194e+00)	Acc@1   5.47 (  3.00)	Acc@5  18.75 (  9.74)
Epoch: [0][ 880/4673]	Time  2.128 ( 1.461)	Data  2.038 ( 1.344)	Loss 5.1319e+00 (5.9029e+00)	Acc@1   4.69 (  3.08)	Acc@5  19.53 (  9.94)
Epoch: [0][ 900/4673]	Time  2.020 ( 1.454)	Data  1.939 ( 1.338)	Loss 4.9942e+00 (5.8859e+00)	Acc@1   7.81 (  3.16)	Acc@5  25.00 ( 10.16)
Epoch: [0][ 920/4673]	Time  1.850 ( 1.448)	Data  1.769 ( 1.332)	Loss 5.2933e+00 (5.8686e+00)	Acc@1   6.25 (  3.23)	Acc@5  14.06 ( 10.39)
Epoch: [0][ 940/4673]	Time  1.734 ( 1.441)	Data  1.649 ( 1.325)	Loss 5.1585e+00 (5.8529e+00)	Acc@1   9.38 (  3.31)	Acc@5  21.09 ( 10.58)
Epoch: [0][ 960/4673]	Time  1.950 ( 1.435)	Data  1.869 ( 1.319)	Loss 5.0951e+00 (5.8372e+00)	Acc@1   7.81 (  3.40)	Acc@5  21.88 ( 10.81)
Epoch: [0][ 980/4673]	Time  2.021 ( 1.429)	Data  1.925 ( 1.313)	Loss 4.9987e+00 (5.8214e+00)	Acc@1  13.28 (  3.49)	Acc@5  21.09 ( 11.02)
Epoch: [0][1000/4673]	Time  1.861 ( 1.423)	Data  1.780 ( 1.308)	Loss 4.7510e+00 (5.8054e+00)	Acc@1   8.59 (  3.57)	Acc@5  25.78 ( 11.23)
Epoch: [0][1020/4673]	Time  1.898 ( 1.417)	Data  1.817 ( 1.301)	Loss 5.0767e+00 (5.7902e+00)	Acc@1   3.12 (  3.65)	Acc@5  19.53 ( 11.43)
Epoch: [0][1040/4673]	Time  2.012 ( 1.411)	Data  1.929 ( 1.295)	Loss 4.8739e+00 (5.7731e+00)	Acc@1   7.81 (  3.76)	Acc@5  25.78 ( 11.68)
Epoch: [0][1060/4673]	Time  0.905 ( 1.404)	Data  0.808 ( 1.283)	Loss 5.0384e+00 (5.7581e+00)	Acc@1   9.38 (  3.86)	Acc@5  27.34 ( 11.92)
Epoch: [0][1080/4673]	Time  0.509 ( 1.398)	Data  0.427 ( 1.267)	Loss 4.8381e+00 (5.7424e+00)	Acc@1  11.72 (  3.95)	Acc@5  26.56 ( 12.15)
Epoch: [0][1100/4673]	Time  1.863 ( 1.394)	Data  1.774 ( 1.255)	Loss 4.7893e+00 (5.7273e+00)	Acc@1   8.59 (  4.06)	Acc@5  22.66 ( 12.37)
Epoch: [0][1120/4673]	Time  1.532 ( 1.388)	Data  1.451 ( 1.248)	Loss 4.8260e+00 (5.7119e+00)	Acc@1   7.03 (  4.15)	Acc@5  27.34 ( 12.57)
Epoch: [0][1140/4673]	Time  1.931 ( 1.383)	Data  1.850 ( 1.243)	Loss 4.6422e+00 (5.6973e+00)	Acc@1  14.06 (  4.24)	Acc@5  27.34 ( 12.78)
Epoch: [0][1160/4673]	Time  1.758 ( 1.377)	Data  1.677 ( 1.237)	Loss 5.0246e+00 (5.6826e+00)	Acc@1   3.91 (  4.33)	Acc@5  21.09 ( 13.00)
Epoch: [0][1180/4673]	Time  1.785 ( 1.372)	Data  1.698 ( 1.232)	Loss 4.6240e+00 (5.6688e+00)	Acc@1  10.94 (  4.41)	Acc@5  32.81 ( 13.19)
Epoch: [0][1200/4673]	Time  1.498 ( 1.366)	Data  1.416 ( 1.227)	Loss 4.8202e+00 (5.6549e+00)	Acc@1   9.38 (  4.50)	Acc@5  21.09 ( 13.39)
Epoch: [0][1220/4673]	Time  1.765 ( 1.361)	Data  1.684 ( 1.223)	Loss 4.7483e+00 (5.6414e+00)	Acc@1   9.38 (  4.58)	Acc@5  24.22 ( 13.58)
Epoch: [0][1240/4673]	Time  1.782 ( 1.356)	Data  1.697 ( 1.219)	Loss 4.6818e+00 (5.6276e+00)	Acc@1   9.38 (  4.67)	Acc@5  29.69 ( 13.79)
Epoch: [0][1260/4673]	Time  1.645 ( 1.351)	Data  1.564 ( 1.214)	Loss 4.6463e+00 (5.6147e+00)	Acc@1  12.50 (  4.74)	Acc@5  25.78 ( 13.98)
Epoch: [0][1280/4673]	Time  1.949 ( 1.346)	Data  1.865 ( 1.209)	Loss 4.6833e+00 (5.6017e+00)	Acc@1   7.81 (  4.82)	Acc@5  28.12 ( 14.15)
Epoch: [0][1300/4673]	Time  1.544 ( 1.341)	Data  1.463 ( 1.205)	Loss 4.8760e+00 (5.5875e+00)	Acc@1  12.50 (  4.91)	Acc@5  28.12 ( 14.34)
Epoch: [0][1320/4673]	Time  1.974 ( 1.336)	Data  1.892 ( 1.201)	Loss 4.7060e+00 (5.5739e+00)	Acc@1   8.59 (  5.00)	Acc@5  25.78 ( 14.56)
Epoch: [0][1340/4673]	Time  1.777 ( 1.332)	Data  1.695 ( 1.197)	Loss 4.7556e+00 (5.5611e+00)	Acc@1   4.69 (  5.09)	Acc@5  27.34 ( 14.76)
Epoch: [0][1360/4673]	Time  1.913 ( 1.328)	Data  1.831 ( 1.194)	Loss 4.5239e+00 (5.5475e+00)	Acc@1   7.03 (  5.18)	Acc@5  32.81 ( 14.98)
Epoch: [0][1380/4673]	Time  1.668 ( 1.323)	Data  1.586 ( 1.189)	Loss 4.6627e+00 (5.5344e+00)	Acc@1  10.16 (  5.27)	Acc@5  25.00 ( 15.18)
Epoch: [0][1400/4673]	Time  1.805 ( 1.318)	Data  1.716 ( 1.185)	Loss 4.5383e+00 (5.5217e+00)	Acc@1  12.50 (  5.36)	Acc@5  35.94 ( 15.39)
Epoch: [0][1420/4673]	Time  1.487 ( 1.313)	Data  1.399 ( 1.181)	Loss 4.6824e+00 (5.5088e+00)	Acc@1  13.28 (  5.48)	Acc@5  29.69 ( 15.61)
Epoch: [0][1440/4673]	Time  1.336 ( 1.309)	Data  1.254 ( 1.177)	Loss 4.5946e+00 (5.4966e+00)	Acc@1  10.94 (  5.57)	Acc@5  35.16 ( 15.81)
Epoch: [0][1460/4673]	Time  1.930 ( 1.304)	Data  1.848 ( 1.173)	Loss 4.3864e+00 (5.4838e+00)	Acc@1  10.94 (  5.67)	Acc@5  28.91 ( 16.02)
Epoch: [0][1480/4673]	Time  1.547 ( 1.300)	Data  1.466 ( 1.169)	Loss 4.5568e+00 (5.4710e+00)	Acc@1   7.81 (  5.76)	Acc@5  29.69 ( 16.23)
Epoch: [0][1500/4673]	Time  1.866 ( 1.295)	Data  1.776 ( 1.164)	Loss 4.5144e+00 (5.4589e+00)	Acc@1  14.84 (  5.86)	Acc@5  32.03 ( 16.42)
Epoch: [0][1520/4673]	Time  1.489 ( 1.290)	Data  1.408 ( 1.160)	Loss 4.5656e+00 (5.4471e+00)	Acc@1   9.38 (  5.93)	Acc@5  29.69 ( 16.61)
Epoch: [0][1540/4673]	Time  1.402 ( 1.286)	Data  1.319 ( 1.156)	Loss 4.5922e+00 (5.4350e+00)	Acc@1   8.59 (  6.03)	Acc@5  26.56 ( 16.80)
Epoch: [0][1560/4673]	Time  1.401 ( 1.281)	Data  1.320 ( 1.151)	Loss 4.4667e+00 (5.4231e+00)	Acc@1  12.50 (  6.12)	Acc@5  30.47 ( 16.98)
Epoch: [0][1580/4673]	Time  1.389 ( 1.276)	Data  1.307 ( 1.146)	Loss 4.5536e+00 (5.4105e+00)	Acc@1  10.16 (  6.22)	Acc@5  29.69 ( 17.19)
Epoch: [0][1600/4673]	Time  1.455 ( 1.271)	Data  1.365 ( 1.140)	Loss 4.4229e+00 (5.3990e+00)	Acc@1  14.06 (  6.31)	Acc@5  30.47 ( 17.38)
Epoch: [0][1620/4673]	Time  1.598 ( 1.267)	Data  0.953 ( 1.135)	Loss 4.5843e+00 (5.3871e+00)	Acc@1  13.28 (  6.40)	Acc@5  32.03 ( 17.57)
Epoch: [0][1640/4673]	Time  1.446 ( 1.262)	Data  0.799 ( 1.126)	Loss 4.1453e+00 (5.3758e+00)	Acc@1  16.41 (  6.49)	Acc@5  39.84 ( 17.76)
Epoch: [0][1660/4673]	Time  1.792 ( 1.258)	Data  0.462 ( 1.119)	Loss 4.2027e+00 (5.3636e+00)	Acc@1  17.19 (  6.60)	Acc@5  35.16 ( 17.97)
Epoch: [0][1680/4673]	Time  1.609 ( 1.254)	Data  0.190 ( 1.108)	Loss 4.7622e+00 (5.3521e+00)	Acc@1  10.16 (  6.70)	Acc@5  25.78 ( 18.16)
Epoch: [0][1700/4673]	Time  1.699 ( 1.249)	Data  0.918 ( 1.099)	Loss 4.3758e+00 (5.3412e+00)	Acc@1  17.97 (  6.79)	Acc@5  39.06 ( 18.34)
Epoch: [0][1720/4673]	Time  1.441 ( 1.245)	Data  1.048 ( 1.093)	Loss 4.3721e+00 (5.3299e+00)	Acc@1  11.72 (  6.88)	Acc@5  32.81 ( 18.53)
Epoch: [0][1740/4673]	Time  1.315 ( 1.240)	Data  1.233 ( 1.088)	Loss 4.5142e+00 (5.3188e+00)	Acc@1  17.19 (  6.98)	Acc@5  34.38 ( 18.73)
Epoch: [0][1760/4673]	Time  1.585 ( 1.236)	Data  1.504 ( 1.084)	Loss 4.4057e+00 (5.3075e+00)	Acc@1  14.06 (  7.07)	Acc@5  35.16 ( 18.90)
Epoch: [0][1780/4673]	Time  1.530 ( 1.232)	Data  1.448 ( 1.081)	Loss 4.4819e+00 (5.2964e+00)	Acc@1  11.72 (  7.16)	Acc@5  34.38 ( 19.09)
Epoch: [0][1800/4673]	Time  1.722 ( 1.229)	Data  1.638 ( 1.079)	Loss 4.2602e+00 (5.2857e+00)	Acc@1  14.84 (  7.25)	Acc@5  40.62 ( 19.28)
Epoch: [0][1820/4673]	Time  1.424 ( 1.225)	Data  1.337 ( 1.076)	Loss 4.2017e+00 (5.2747e+00)	Acc@1  10.94 (  7.34)	Acc@5  36.72 ( 19.47)
Epoch: [0][1840/4673]	Time  1.461 ( 1.222)	Data  1.380 ( 1.072)	Loss 3.9213e+00 (5.2635e+00)	Acc@1  19.53 (  7.43)	Acc@5  44.53 ( 19.66)
Epoch: [0][1860/4673]	Time  1.334 ( 1.218)	Data  1.253 ( 1.069)	Loss 4.4755e+00 (5.2530e+00)	Acc@1  13.28 (  7.53)	Acc@5  33.59 ( 19.84)
Epoch: [0][1880/4673]	Time  1.536 ( 1.215)	Data  1.453 ( 1.066)	Loss 4.3224e+00 (5.2421e+00)	Acc@1  17.19 (  7.63)	Acc@5  36.72 ( 20.02)
Epoch: [0][1900/4673]	Time  1.092 ( 1.212)	Data  1.010 ( 1.062)	Loss 4.3514e+00 (5.2314e+00)	Acc@1  16.41 (  7.72)	Acc@5  38.28 ( 20.20)
Epoch: [0][1920/4673]	Time  0.984 ( 1.209)	Data  0.901 ( 1.057)	Loss 3.7926e+00 (5.2210e+00)	Acc@1  25.00 (  7.82)	Acc@5  44.53 ( 20.38)
Epoch: [0][1940/4673]	Time  0.783 ( 1.205)	Data  0.702 ( 1.050)	Loss 4.0504e+00 (5.2105e+00)	Acc@1  17.97 (  7.91)	Acc@5  36.72 ( 20.56)
Epoch: [0][1960/4673]	Time  1.520 ( 1.203)	Data  1.438 ( 1.044)	Loss 4.3674e+00 (5.2009e+00)	Acc@1  10.16 (  7.98)	Acc@5  31.25 ( 20.73)
Epoch: [0][1980/4673]	Time  1.151 ( 1.199)	Data  1.069 ( 1.040)	Loss 4.4066e+00 (5.1903e+00)	Acc@1  12.50 (  8.07)	Acc@5  32.81 ( 20.92)
Epoch: [0][2000/4673]	Time  1.567 ( 1.197)	Data  1.485 ( 1.037)	Loss 4.2640e+00 (5.1807e+00)	Acc@1  17.97 (  8.16)	Acc@5  33.59 ( 21.08)
Epoch: [0][2020/4673]	Time  1.549 ( 1.194)	Data  1.468 ( 1.034)	Loss 4.3435e+00 (5.1710e+00)	Acc@1  10.16 (  8.23)	Acc@5  37.50 ( 21.25)
Epoch: [0][2040/4673]	Time  0.958 ( 1.191)	Data  0.877 ( 1.031)	Loss 4.2039e+00 (5.1612e+00)	Acc@1  16.41 (  8.31)	Acc@5  39.06 ( 21.41)
Epoch: [0][2060/4673]	Time  1.498 ( 1.188)	Data  1.416 ( 1.026)	Loss 3.8004e+00 (5.1520e+00)	Acc@1  21.09 (  8.38)	Acc@5  48.44 ( 21.57)
Epoch: [0][2080/4673]	Time  1.508 ( 1.185)	Data  1.426 ( 1.024)	Loss 4.2530e+00 (5.1419e+00)	Acc@1  10.16 (  8.47)	Acc@5  38.28 ( 21.75)
Epoch: [0][2100/4673]	Time  1.584 ( 1.182)	Data  1.499 ( 1.022)	Loss 4.1054e+00 (5.1319e+00)	Acc@1  18.75 (  8.55)	Acc@5  35.16 ( 21.92)
Epoch: [0][2120/4673]	Time  1.235 ( 1.179)	Data  1.153 ( 1.019)	Loss 4.1173e+00 (5.1227e+00)	Acc@1  14.06 (  8.63)	Acc@5  38.28 ( 22.08)
Epoch: [0][2140/4673]	Time  1.341 ( 1.177)	Data  1.260 ( 1.017)	Loss 4.1132e+00 (5.1125e+00)	Acc@1  21.09 (  8.72)	Acc@5  44.53 ( 22.25)
Epoch: [0][2160/4673]	Time  1.611 ( 1.174)	Data  1.528 ( 1.015)	Loss 4.3543e+00 (5.1028e+00)	Acc@1  14.06 (  8.81)	Acc@5  35.16 ( 22.42)
Epoch: [0][2180/4673]	Time  1.290 ( 1.171)	Data  1.208 ( 1.012)	Loss 3.7509e+00 (5.0932e+00)	Acc@1  21.09 (  8.89)	Acc@5  40.62 ( 22.59)
Epoch: [0][2200/4673]	Time  1.464 ( 1.169)	Data  1.376 ( 1.010)	Loss 3.7760e+00 (5.0840e+00)	Acc@1  23.44 (  8.98)	Acc@5  41.41 ( 22.74)
Epoch: [0][2220/4673]	Time  1.272 ( 1.166)	Data  1.191 ( 1.008)	Loss 3.8364e+00 (5.0745e+00)	Acc@1  22.66 (  9.07)	Acc@5  46.88 ( 22.91)
Epoch: [0][2240/4673]	Time  1.279 ( 1.163)	Data  1.198 ( 1.005)	Loss 4.3211e+00 (5.0654e+00)	Acc@1  17.19 (  9.15)	Acc@5  35.94 ( 23.07)
Epoch: [0][2260/4673]	Time  1.461 ( 1.160)	Data  1.377 ( 1.003)	Loss 4.1180e+00 (5.0563e+00)	Acc@1  13.28 (  9.24)	Acc@5  40.62 ( 23.24)
Epoch: [0][2280/4673]	Time  1.359 ( 1.158)	Data  1.271 ( 1.000)	Loss 3.7033e+00 (5.0474e+00)	Acc@1  18.75 (  9.32)	Acc@5  49.22 ( 23.39)
Epoch: [0][2300/4673]	Time  1.387 ( 1.155)	Data  1.305 ( 0.998)	Loss 4.0016e+00 (5.0383e+00)	Acc@1  18.75 (  9.41)	Acc@5  45.31 ( 23.54)
Epoch: [0][2320/4673]	Time  1.388 ( 1.153)	Data  1.307 ( 0.996)	Loss 3.6734e+00 (5.0291e+00)	Acc@1  28.12 (  9.51)	Acc@5  45.31 ( 23.70)
Epoch: [0][2340/4673]	Time  1.379 ( 1.150)	Data  1.295 ( 0.995)	Loss 4.1230e+00 (5.0200e+00)	Acc@1  18.75 (  9.59)	Acc@5  44.53 ( 23.86)
Epoch: [0][2360/4673]	Time  1.474 ( 1.148)	Data  1.393 ( 0.993)	Loss 3.8622e+00 (5.0111e+00)	Acc@1  19.53 (  9.67)	Acc@5  44.53 ( 24.01)
Epoch: [0][2380/4673]	Time  1.640 ( 1.145)	Data  1.559 ( 0.991)	Loss 4.1524e+00 (5.0024e+00)	Acc@1  19.53 (  9.75)	Acc@5  42.19 ( 24.17)
Epoch: [0][2400/4673]	Time  1.725 ( 1.143)	Data  1.644 ( 0.989)	Loss 3.8759e+00 (4.9939e+00)	Acc@1  25.00 (  9.83)	Acc@5  42.97 ( 24.32)
Epoch: [0][2420/4673]	Time  1.326 ( 1.141)	Data  1.244 ( 0.987)	Loss 3.9232e+00 (4.9852e+00)	Acc@1  28.12 (  9.92)	Acc@5  44.53 ( 24.47)
Epoch: [0][2440/4673]	Time  1.802 ( 1.139)	Data  1.721 ( 0.985)	Loss 3.6442e+00 (4.9768e+00)	Acc@1  18.75 ( 10.00)	Acc@5  48.44 ( 24.62)
Epoch: [0][2460/4673]	Time  1.492 ( 1.136)	Data  1.408 ( 0.983)	Loss 3.9474e+00 (4.9680e+00)	Acc@1  21.88 ( 10.10)	Acc@5  38.28 ( 24.78)
Epoch: [0][2480/4673]	Time  1.425 ( 1.134)	Data  1.340 ( 0.981)	Loss 3.9775e+00 (4.9589e+00)	Acc@1  17.19 ( 10.18)	Acc@5  38.28 ( 24.94)
Epoch: [0][2500/4673]	Time  1.340 ( 1.132)	Data  1.258 ( 0.980)	Loss 4.1374e+00 (4.9505e+00)	Acc@1  25.00 ( 10.26)	Acc@5  43.75 ( 25.08)
Epoch: [0][2520/4673]	Time  1.368 ( 1.130)	Data  1.286 ( 0.978)	Loss 3.7525e+00 (4.9420e+00)	Acc@1  23.44 ( 10.35)	Acc@5  43.75 ( 25.23)
Epoch: [0][2540/4673]	Time  1.543 ( 1.127)	Data  1.461 ( 0.976)	Loss 4.0575e+00 (4.9335e+00)	Acc@1  17.19 ( 10.43)	Acc@5  39.84 ( 25.37)
Epoch: [0][2560/4673]	Time  1.372 ( 1.125)	Data  1.286 ( 0.974)	Loss 3.7536e+00 (4.9249e+00)	Acc@1  21.09 ( 10.51)	Acc@5  48.44 ( 25.52)
Epoch: [0][2580/4673]	Time  0.673 ( 1.123)	Data  0.592 ( 0.972)	Loss 3.8407e+00 (4.9162e+00)	Acc@1  21.88 ( 10.60)	Acc@5  42.97 ( 25.68)
Epoch: [0][2600/4673]	Time  0.572 ( 1.121)	Data  0.484 ( 0.971)	Loss 3.6331e+00 (4.9077e+00)	Acc@1  21.09 ( 10.70)	Acc@5  46.88 ( 25.83)
Epoch: [0][2620/4673]	Time  0.281 ( 1.118)	Data  0.200 ( 0.969)	Loss 3.7031e+00 (4.8990e+00)	Acc@1  23.44 ( 10.78)	Acc@5  47.66 ( 25.99)
Epoch: [0][2640/4673]	Time  0.253 ( 1.116)	Data  0.145 ( 0.967)	Loss 3.8720e+00 (4.8909e+00)	Acc@1  21.88 ( 10.87)	Acc@5  44.53 ( 26.13)
Epoch: [0][2660/4673]	Time  0.514 ( 1.114)	Data  0.433 ( 0.966)	Loss 3.5451e+00 (4.8827e+00)	Acc@1  24.22 ( 10.95)	Acc@5  46.09 ( 26.27)
Epoch: [0][2680/4673]	Time  0.346 ( 1.112)	Data  0.157 ( 0.964)	Loss 4.1153e+00 (4.8751e+00)	Acc@1  21.88 ( 11.03)	Acc@5  39.84 ( 26.41)
Epoch: [0][2700/4673]	Time  0.590 ( 1.110)	Data  0.145 ( 0.961)	Loss 3.8284e+00 (4.8673e+00)	Acc@1  17.19 ( 11.11)	Acc@5  44.53 ( 26.55)
Epoch: [0][2720/4673]	Time  0.255 ( 1.108)	Data  0.175 ( 0.959)	Loss 3.9504e+00 (4.8601e+00)	Acc@1  17.97 ( 11.18)	Acc@5  44.53 ( 26.68)
Epoch: [0][2740/4673]	Time  0.243 ( 1.106)	Data  0.160 ( 0.958)	Loss 3.5656e+00 (4.8521e+00)	Acc@1  28.91 ( 11.27)	Acc@5  50.78 ( 26.82)
Epoch: [0][2760/4673]	Time  0.253 ( 1.104)	Data  0.162 ( 0.956)	Loss 3.7865e+00 (4.8443e+00)	Acc@1  22.66 ( 11.35)	Acc@5  43.75 ( 26.95)
Epoch: [0][2780/4673]	Time  0.295 ( 1.102)	Data  0.157 ( 0.955)	Loss 3.8709e+00 (4.8363e+00)	Acc@1  21.88 ( 11.43)	Acc@5  44.53 ( 27.09)
Epoch: [0][2800/4673]	Time  0.267 ( 1.101)	Data  0.141 ( 0.954)	Loss 3.7973e+00 (4.8282e+00)	Acc@1  17.19 ( 11.51)	Acc@5  43.75 ( 27.23)
Epoch: [0][2820/4673]	Time  0.374 ( 1.099)	Data  0.145 ( 0.952)	Loss 3.5132e+00 (4.8206e+00)	Acc@1  28.12 ( 11.59)	Acc@5  53.12 ( 27.37)
Epoch: [0][2840/4673]	Time  0.864 ( 1.097)	Data  0.783 ( 0.951)	Loss 3.7827e+00 (4.8136e+00)	Acc@1  24.22 ( 11.66)	Acc@5  47.66 ( 27.49)
Epoch: [0][2860/4673]	Time  0.240 ( 1.096)	Data  0.146 ( 0.949)	Loss 3.7679e+00 (4.8062e+00)	Acc@1  25.00 ( 11.73)	Acc@5  46.88 ( 27.63)
Epoch: [0][2880/4673]	Time  0.452 ( 1.094)	Data  0.359 ( 0.948)	Loss 4.0045e+00 (4.7983e+00)	Acc@1  23.44 ( 11.81)	Acc@5  39.06 ( 27.77)
Epoch: [0][2900/4673]	Time  1.232 ( 1.092)	Data  1.127 ( 0.947)	Loss 3.8273e+00 (4.7911e+00)	Acc@1  22.66 ( 11.89)	Acc@5  50.78 ( 27.90)
Epoch: [0][2920/4673]	Time  1.758 ( 1.091)	Data  1.675 ( 0.946)	Loss 3.7235e+00 (4.7833e+00)	Acc@1  22.66 ( 11.97)	Acc@5  46.09 ( 28.03)
Epoch: [0][2940/4673]	Time  1.519 ( 1.089)	Data  1.436 ( 0.944)	Loss 4.0185e+00 (4.7758e+00)	Acc@1  21.09 ( 12.06)	Acc@5  44.53 ( 28.17)
Epoch: [0][2960/4673]	Time  1.305 ( 1.087)	Data  1.224 ( 0.943)	Loss 3.6223e+00 (4.7680e+00)	Acc@1  28.12 ( 12.14)	Acc@5  49.22 ( 28.31)
Epoch: [0][2980/4673]	Time  1.553 ( 1.085)	Data  1.446 ( 0.941)	Loss 3.7532e+00 (4.7604e+00)	Acc@1  23.44 ( 12.22)	Acc@5  50.78 ( 28.45)
Epoch: [0][3000/4673]	Time  1.531 ( 1.083)	Data  1.450 ( 0.940)	Loss 3.5770e+00 (4.7535e+00)	Acc@1  25.78 ( 12.29)	Acc@5  48.44 ( 28.58)
Epoch: [0][3020/4673]	Time  1.236 ( 1.081)	Data  1.142 ( 0.938)	Loss 3.0991e+00 (4.7456e+00)	Acc@1  25.78 ( 12.38)	Acc@5  57.81 ( 28.72)
Epoch: [0][3040/4673]	Time  1.498 ( 1.079)	Data  1.417 ( 0.936)	Loss 3.5698e+00 (4.7385e+00)	Acc@1  25.00 ( 12.45)	Acc@5  50.78 ( 28.85)
Epoch: [0][3060/4673]	Time  1.237 ( 1.077)	Data  0.492 ( 0.933)	Loss 3.8710e+00 (4.7311e+00)	Acc@1  23.44 ( 12.53)	Acc@5  42.97 ( 28.99)
Epoch: [0][3080/4673]	Time  1.253 ( 1.075)	Data  0.792 ( 0.930)	Loss 3.8129e+00 (4.7244e+00)	Acc@1  23.44 ( 12.60)	Acc@5  45.31 ( 29.11)
Epoch: [0][3100/4673]	Time  1.066 ( 1.073)	Data  0.980 ( 0.928)	Loss 3.6433e+00 (4.7173e+00)	Acc@1  21.88 ( 12.68)	Acc@5  47.66 ( 29.24)
Epoch: [0][3120/4673]	Time  1.116 ( 1.071)	Data  1.034 ( 0.927)	Loss 3.7956e+00 (4.7105e+00)	Acc@1  25.78 ( 12.75)	Acc@5  42.97 ( 29.36)
Epoch: [0][3140/4673]	Time  0.720 ( 1.069)	Data  0.638 ( 0.926)	Loss 3.4231e+00 (4.7035e+00)	Acc@1  25.78 ( 12.83)	Acc@5  55.47 ( 29.49)
Epoch: [0][3160/4673]	Time  0.296 ( 1.068)	Data  0.214 ( 0.924)	Loss 3.4252e+00 (4.6966e+00)	Acc@1  25.00 ( 12.90)	Acc@5  58.59 ( 29.61)
Epoch: [0][3180/4673]	Time  0.462 ( 1.066)	Data  0.381 ( 0.923)	Loss 3.7366e+00 (4.6895e+00)	Acc@1  23.44 ( 12.98)	Acc@5  48.44 ( 29.75)
Epoch: [0][3200/4673]	Time  0.644 ( 1.065)	Data  0.562 ( 0.922)	Loss 3.8008e+00 (4.6828e+00)	Acc@1  25.78 ( 13.06)	Acc@5  45.31 ( 29.87)
Epoch: [0][3220/4673]	Time  1.213 ( 1.063)	Data  1.131 ( 0.921)	Loss 3.3191e+00 (4.6754e+00)	Acc@1  27.34 ( 13.14)	Acc@5  55.47 ( 30.00)
Epoch: [0][3240/4673]	Time  1.325 ( 1.062)	Data  1.243 ( 0.920)	Loss 3.5936e+00 (4.6683e+00)	Acc@1  25.78 ( 13.22)	Acc@5  43.75 ( 30.13)
Epoch: [0][3260/4673]	Time  1.436 ( 1.061)	Data  1.355 ( 0.919)	Loss 3.6695e+00 (4.6615e+00)	Acc@1  28.12 ( 13.30)	Acc@5  51.56 ( 30.25)
Epoch: [0][3280/4673]	Time  1.335 ( 1.059)	Data  1.253 ( 0.918)	Loss 3.6044e+00 (4.6548e+00)	Acc@1  22.66 ( 13.37)	Acc@5  50.78 ( 30.37)
Epoch: [0][3300/4673]	Time  1.521 ( 1.058)	Data  1.435 ( 0.916)	Loss 3.5565e+00 (4.6482e+00)	Acc@1  25.00 ( 13.44)	Acc@5  50.78 ( 30.49)
Epoch: [0][3320/4673]	Time  1.185 ( 1.056)	Data  1.103 ( 0.915)	Loss 3.5741e+00 (4.6410e+00)	Acc@1  20.31 ( 13.52)	Acc@5  55.47 ( 30.62)
Epoch: [0][3340/4673]	Time  1.351 ( 1.055)	Data  1.270 ( 0.914)	Loss 3.4451e+00 (4.6346e+00)	Acc@1  28.12 ( 13.59)	Acc@5  51.56 ( 30.74)
Epoch: [0][3360/4673]	Time  1.040 ( 1.054)	Data  0.958 ( 0.913)	Loss 3.5370e+00 (4.6281e+00)	Acc@1  28.12 ( 13.67)	Acc@5  53.12 ( 30.86)
Epoch: [0][3380/4673]	Time  1.210 ( 1.052)	Data  1.129 ( 0.912)	Loss 3.4524e+00 (4.6214e+00)	Acc@1  27.34 ( 13.75)	Acc@5  53.12 ( 30.98)
Epoch: [0][3400/4673]	Time  1.638 ( 1.051)	Data  1.556 ( 0.911)	Loss 3.5441e+00 (4.6145e+00)	Acc@1  24.22 ( 13.83)	Acc@5  46.09 ( 31.10)
Epoch: [0][3420/4673]	Time  1.456 ( 1.050)	Data  1.373 ( 0.910)	Loss 3.4447e+00 (4.6080e+00)	Acc@1  27.34 ( 13.89)	Acc@5  56.25 ( 31.22)
Epoch: [0][3440/4673]	Time  1.777 ( 1.048)	Data  1.695 ( 0.909)	Loss 3.2719e+00 (4.6019e+00)	Acc@1  27.34 ( 13.97)	Acc@5  60.94 ( 31.34)
Epoch: [0][3460/4673]	Time  1.195 ( 1.047)	Data  1.110 ( 0.908)	Loss 3.6246e+00 (4.5959e+00)	Acc@1  21.88 ( 14.04)	Acc@5  50.78 ( 31.45)
Epoch: [0][3480/4673]	Time  1.406 ( 1.046)	Data  1.314 ( 0.907)	Loss 3.5472e+00 (4.5891e+00)	Acc@1  25.00 ( 14.12)	Acc@5  51.56 ( 31.58)
Epoch: [0][3500/4673]	Time  0.716 ( 1.044)	Data  0.626 ( 0.905)	Loss 3.4308e+00 (4.5827e+00)	Acc@1  26.56 ( 14.19)	Acc@5  53.91 ( 31.69)
Epoch: [0][3520/4673]	Time  1.019 ( 1.043)	Data  0.931 ( 0.904)	Loss 3.4735e+00 (4.5767e+00)	Acc@1  30.47 ( 14.26)	Acc@5  53.91 ( 31.80)
Epoch: [0][3540/4673]	Time  1.034 ( 1.042)	Data  0.949 ( 0.903)	Loss 3.5503e+00 (4.5703e+00)	Acc@1  28.12 ( 14.34)	Acc@5  53.12 ( 31.92)
Epoch: [0][3560/4673]	Time  1.090 ( 1.041)	Data  0.996 ( 0.902)	Loss 3.7460e+00 (4.5641e+00)	Acc@1  22.66 ( 14.41)	Acc@5  45.31 ( 32.03)
Epoch: [0][3580/4673]	Time  1.231 ( 1.040)	Data  1.142 ( 0.901)	Loss 2.9056e+00 (4.5575e+00)	Acc@1  40.62 ( 14.49)	Acc@5  58.59 ( 32.15)
Epoch: [0][3600/4673]	Time  0.894 ( 1.038)	Data  0.812 ( 0.900)	Loss 3.7441e+00 (4.5517e+00)	Acc@1  22.66 ( 14.56)	Acc@5  43.75 ( 32.25)
Epoch: [0][3620/4673]	Time  0.314 ( 1.037)	Data  0.232 ( 0.899)	Loss 3.4500e+00 (4.5450e+00)	Acc@1  28.91 ( 14.63)	Acc@5  54.69 ( 32.38)
Epoch: [0][3640/4673]	Time  0.295 ( 1.036)	Data  0.163 ( 0.898)	Loss 3.2927e+00 (4.5390e+00)	Acc@1  32.81 ( 14.70)	Acc@5  53.91 ( 32.49)
Epoch: [0][3660/4673]	Time  1.088 ( 1.035)	Data  1.003 ( 0.898)	Loss 3.6864e+00 (4.5331e+00)	Acc@1  24.22 ( 14.77)	Acc@5  44.53 ( 32.59)
Epoch: [0][3680/4673]	Time  1.233 ( 1.034)	Data  1.151 ( 0.897)	Loss 3.1333e+00 (4.5265e+00)	Acc@1  25.78 ( 14.84)	Acc@5  61.72 ( 32.72)
Epoch: [0][3700/4673]	Time  1.127 ( 1.033)	Data  1.046 ( 0.896)	Loss 3.5619e+00 (4.5203e+00)	Acc@1  28.91 ( 14.91)	Acc@5  49.22 ( 32.83)
Epoch: [0][3720/4673]	Time  1.415 ( 1.031)	Data  1.334 ( 0.895)	Loss 3.4955e+00 (4.5140e+00)	Acc@1  28.12 ( 14.99)	Acc@5  46.88 ( 32.94)
Epoch: [0][3740/4673]	Time  1.090 ( 1.030)	Data  1.001 ( 0.894)	Loss 3.2534e+00 (4.5077e+00)	Acc@1  36.72 ( 15.07)	Acc@5  57.81 ( 33.06)
Epoch: [0][3760/4673]	Time  0.310 ( 1.029)	Data  0.226 ( 0.893)	Loss 3.6197e+00 (4.5018e+00)	Acc@1  17.97 ( 15.13)	Acc@5  46.88 ( 33.16)
Epoch: [0][3780/4673]	Time  0.981 ( 1.028)	Data  0.899 ( 0.893)	Loss 3.4897e+00 (4.4960e+00)	Acc@1  21.88 ( 15.19)	Acc@5  54.69 ( 33.26)
Epoch: [0][3800/4673]	Time  0.865 ( 1.027)	Data  0.778 ( 0.892)	Loss 3.2780e+00 (4.4896e+00)	Acc@1  25.00 ( 15.27)	Acc@5  60.94 ( 33.38)
Epoch: [0][3820/4673]	Time  1.220 ( 1.026)	Data  1.138 ( 0.891)	Loss 3.0362e+00 (4.4833e+00)	Acc@1  33.59 ( 15.35)	Acc@5  60.94 ( 33.50)
Epoch: [0][3840/4673]	Time  1.253 ( 1.025)	Data  1.166 ( 0.890)	Loss 3.6944e+00 (4.4774e+00)	Acc@1  24.22 ( 15.42)	Acc@5  48.44 ( 33.61)
Epoch: [0][3860/4673]	Time  1.476 ( 1.024)	Data  1.386 ( 0.889)	Loss 3.3169e+00 (4.4712e+00)	Acc@1  31.25 ( 15.49)	Acc@5  57.81 ( 33.72)
Epoch: [0][3880/4673]	Time  1.212 ( 1.023)	Data  1.131 ( 0.888)	Loss 3.4352e+00 (4.4653e+00)	Acc@1  23.44 ( 15.56)	Acc@5  51.56 ( 33.83)
Epoch: [0][3900/4673]	Time  1.548 ( 1.022)	Data  1.466 ( 0.888)	Loss 3.4012e+00 (4.4594e+00)	Acc@1  28.12 ( 15.63)	Acc@5  56.25 ( 33.94)
Epoch: [0][3920/4673]	Time  1.511 ( 1.021)	Data  1.429 ( 0.887)	Loss 3.4366e+00 (4.4536e+00)	Acc@1  29.69 ( 15.70)	Acc@5  54.69 ( 34.05)
Epoch: [0][3940/4673]	Time  1.313 ( 1.020)	Data  1.232 ( 0.886)	Loss 3.0828e+00 (4.4481e+00)	Acc@1  31.25 ( 15.76)	Acc@5  60.16 ( 34.15)
Epoch: [0][3960/4673]	Time  1.304 ( 1.019)	Data  1.221 ( 0.885)	Loss 3.5132e+00 (4.4422e+00)	Acc@1  22.66 ( 15.83)	Acc@5  48.44 ( 34.26)
Epoch: [0][3980/4673]	Time  1.064 ( 1.018)	Data  0.982 ( 0.885)	Loss 3.2691e+00 (4.4363e+00)	Acc@1  26.56 ( 15.90)	Acc@5  61.72 ( 34.38)
Epoch: [0][4000/4673]	Time  1.205 ( 1.017)	Data  1.124 ( 0.884)	Loss 3.3293e+00 (4.4306e+00)	Acc@1  28.91 ( 15.97)	Acc@5  54.69 ( 34.48)
Epoch: [0][4020/4673]	Time  1.088 ( 1.016)	Data  1.006 ( 0.883)	Loss 3.2258e+00 (4.4253e+00)	Acc@1  28.91 ( 16.03)	Acc@5  58.59 ( 34.58)
Epoch: [0][4040/4673]	Time  1.332 ( 1.015)	Data  1.239 ( 0.882)	Loss 3.3332e+00 (4.4198e+00)	Acc@1  28.12 ( 16.10)	Acc@5  52.34 ( 34.68)
Epoch: [0][4060/4673]	Time  1.366 ( 1.014)	Data  1.284 ( 0.881)	Loss 3.0086e+00 (4.4141e+00)	Acc@1  32.81 ( 16.17)	Acc@5  59.38 ( 34.78)
Epoch: [0][4080/4673]	Time  1.399 ( 1.013)	Data  1.313 ( 0.880)	Loss 3.4886e+00 (4.4088e+00)	Acc@1  21.88 ( 16.23)	Acc@5  49.22 ( 34.87)
Epoch: [0][4100/4673]	Time  1.460 ( 1.012)	Data  1.365 ( 0.880)	Loss 3.4536e+00 (4.4035e+00)	Acc@1  25.00 ( 16.29)	Acc@5  53.12 ( 34.97)
Epoch: [0][4120/4673]	Time  1.205 ( 1.011)	Data  1.124 ( 0.879)	Loss 3.3446e+00 (4.3979e+00)	Acc@1  35.94 ( 16.36)	Acc@5  58.59 ( 35.07)
Epoch: [0][4140/4673]	Time  1.453 ( 1.010)	Data  1.371 ( 0.878)	Loss 3.2810e+00 (4.3924e+00)	Acc@1  28.12 ( 16.42)	Acc@5  53.12 ( 35.17)
Epoch: [0][4160/4673]	Time  1.283 ( 1.009)	Data  1.202 ( 0.877)	Loss 3.1080e+00 (4.3868e+00)	Acc@1  33.59 ( 16.49)	Acc@5  64.06 ( 35.27)
Epoch: [0][4180/4673]	Time  1.199 ( 1.008)	Data  1.118 ( 0.876)	Loss 3.1308e+00 (4.3810e+00)	Acc@1  32.81 ( 16.56)	Acc@5  58.59 ( 35.38)
Epoch: [0][4200/4673]	Time  1.281 ( 1.007)	Data  1.199 ( 0.875)	Loss 3.2997e+00 (4.3757e+00)	Acc@1  32.81 ( 16.63)	Acc@5  60.94 ( 35.48)
Epoch: [0][4220/4673]	Time  1.120 ( 1.006)	Data  1.038 ( 0.874)	Loss 3.1867e+00 (4.3704e+00)	Acc@1  35.94 ( 16.69)	Acc@5  58.59 ( 35.57)
Epoch: [0][4240/4673]	Time  1.272 ( 1.005)	Data  1.191 ( 0.873)	Loss 3.3037e+00 (4.3652e+00)	Acc@1  29.69 ( 16.75)	Acc@5  53.12 ( 35.67)
Epoch: [0][4260/4673]	Time  1.550 ( 1.004)	Data  1.468 ( 0.873)	Loss 3.2202e+00 (4.3599e+00)	Acc@1  24.22 ( 16.82)	Acc@5  50.78 ( 35.77)
Epoch: [0][4280/4673]	Time  1.297 ( 1.003)	Data  1.209 ( 0.872)	Loss 3.3916e+00 (4.3543e+00)	Acc@1  33.59 ( 16.89)	Acc@5  53.12 ( 35.87)
Epoch: [0][4300/4673]	Time  1.215 ( 1.002)	Data  1.133 ( 0.871)	Loss 3.3203e+00 (4.3495e+00)	Acc@1  28.91 ( 16.95)	Acc@5  54.69 ( 35.96)
Epoch: [0][4320/4673]	Time  1.436 ( 1.002)	Data  1.354 ( 0.871)	Loss 2.8605e+00 (4.3439e+00)	Acc@1  39.06 ( 17.02)	Acc@5  60.16 ( 36.06)
Epoch: [0][4340/4673]	Time  1.375 ( 1.001)	Data  1.294 ( 0.870)	Loss 2.9495e+00 (4.3387e+00)	Acc@1  37.50 ( 17.09)	Acc@5  64.84 ( 36.16)
Epoch: [0][4360/4673]	Time  1.429 ( 1.000)	Data  1.348 ( 0.869)	Loss 3.2875e+00 (4.3332e+00)	Acc@1  27.34 ( 17.16)	Acc@5  50.78 ( 36.26)
Epoch: [0][4380/4673]	Time  1.207 ( 0.999)	Data  1.125 ( 0.868)	Loss 3.4465e+00 (4.3281e+00)	Acc@1  27.34 ( 17.22)	Acc@5  42.97 ( 36.35)
Epoch: [0][4400/4673]	Time  1.280 ( 0.998)	Data  1.198 ( 0.868)	Loss 3.4476e+00 (4.3230e+00)	Acc@1  25.00 ( 17.29)	Acc@5  52.34 ( 36.45)
Epoch: [0][4420/4673]	Time  1.355 ( 0.997)	Data  1.267 ( 0.867)	Loss 2.9761e+00 (4.3176e+00)	Acc@1  39.84 ( 17.36)	Acc@5  60.94 ( 36.55)
Epoch: [0][4440/4673]	Time  1.213 ( 0.996)	Data  1.126 ( 0.866)	Loss 3.0211e+00 (4.3126e+00)	Acc@1  29.69 ( 17.42)	Acc@5  62.50 ( 36.65)
Epoch: [0][4460/4673]	Time  1.186 ( 0.996)	Data  1.099 ( 0.865)	Loss 3.2883e+00 (4.3074e+00)	Acc@1  29.69 ( 17.49)	Acc@5  51.56 ( 36.73)
Epoch: [0][4480/4673]	Time  1.333 ( 0.995)	Data  1.252 ( 0.864)	Loss 3.6009e+00 (4.3022e+00)	Acc@1  30.47 ( 17.55)	Acc@5  46.88 ( 36.83)
Epoch: [0][4500/4673]	Time  1.197 ( 0.994)	Data  1.106 ( 0.863)	Loss 3.0705e+00 (4.2974e+00)	Acc@1  28.12 ( 17.61)	Acc@5  58.59 ( 36.92)
Epoch: [0][4520/4673]	Time  1.373 ( 0.993)	Data  1.292 ( 0.862)	Loss 3.0178e+00 (4.2923e+00)	Acc@1  35.94 ( 17.67)	Acc@5  60.16 ( 37.02)
Epoch: [0][4540/4673]	Time  1.452 ( 0.993)	Data  1.371 ( 0.862)	Loss 3.1003e+00 (4.2873e+00)	Acc@1  30.47 ( 17.74)	Acc@5  57.03 ( 37.10)
Epoch: [0][4560/4673]	Time  1.316 ( 0.992)	Data  1.216 ( 0.861)	Loss 2.9082e+00 (4.2820e+00)	Acc@1  34.38 ( 17.80)	Acc@5  64.84 ( 37.20)
Epoch: [0][4580/4673]	Time  1.454 ( 0.991)	Data  1.369 ( 0.861)	Loss 3.2462e+00 (4.2769e+00)	Acc@1  30.47 ( 17.87)	Acc@5  57.03 ( 37.29)
Epoch: [0][4600/4673]	Time  1.232 ( 0.990)	Data  1.150 ( 0.860)	Loss 3.2032e+00 (4.2717e+00)	Acc@1  35.16 ( 17.93)	Acc@5  60.16 ( 37.39)
Epoch: [0][4620/4673]	Time  1.367 ( 0.990)	Data  1.284 ( 0.859)	Loss 3.3026e+00 (4.2667e+00)	Acc@1  28.12 ( 17.99)	Acc@5  51.56 ( 37.48)
Epoch: [0][4640/4673]	Time  1.326 ( 0.989)	Data  1.238 ( 0.859)	Loss 2.8896e+00 (4.2616e+00)	Acc@1  36.72 ( 18.05)	Acc@5  63.28 ( 37.58)
Epoch: [0][4660/4673]	Time  1.254 ( 0.988)	Data  1.173 ( 0.858)	Loss 2.9942e+00 (4.2570e+00)	Acc@1  31.25 ( 18.11)	Acc@5  62.50 ( 37.66)
Epoch: [0][   0/4673]	Time 12.911 (12.911)	Data 10.808 (10.808)	Loss 6.9518e+00 (6.9518e+00)	Acc@1   0.00 (  0.00)	Acc@5   0.00 (  0.00)
Epoch: [0][  20/4673]	Time  2.465 ( 2.083)	Data  2.384 ( 1.903)	Loss 6.9963e+00 (7.0442e+00)	Acc@1   0.00 (  0.22)	Acc@5   1.56 (  1.12)
Epoch: [0][  40/4673]	Time  2.274 ( 1.918)	Data  2.192 ( 1.786)	Loss 6.9554e+00 (7.0139e+00)	Acc@1   0.78 (  0.23)	Acc@5   1.56 (  1.14)
Epoch: [0][  60/4673]	Time  1.493 ( 1.848)	Data  1.409 ( 1.733)	Loss 6.7706e+00 (6.9392e+00)	Acc@1   1.56 (  0.29)	Acc@5   4.69 (  1.38)
Epoch: [0][  80/4673]	Time  0.993 ( 1.818)	Data  0.912 ( 1.711)	Loss 6.6317e+00 (6.8770e+00)	Acc@1   0.00 (  0.37)	Acc@5   3.12 (  1.68)
Epoch: [0][ 100/4673]	Time  0.398 ( 1.802)	Data  0.317 ( 1.700)	Loss 6.5798e+00 (6.8256e+00)	Acc@1   0.78 (  0.40)	Acc@5   3.91 (  1.83)
Epoch: [0][ 120/4673]	Time  0.722 ( 1.784)	Data  0.640 ( 1.685)	Loss 6.5815e+00 (6.7874e+00)	Acc@1   0.78 (  0.49)	Acc@5   2.34 (  2.06)
Epoch: [0][ 140/4673]	Time  0.221 ( 1.775)	Data  0.139 ( 1.677)	Loss 6.5881e+00 (6.7492e+00)	Acc@1   0.78 (  0.53)	Acc@5   3.12 (  2.23)
Epoch: [0][ 160/4673]	Time  0.226 ( 1.763)	Data  0.144 ( 1.667)	Loss 6.5157e+00 (6.7181e+00)	Acc@1   0.00 (  0.57)	Acc@5   3.91 (  2.37)
Epoch: [0][ 180/4673]	Time  0.231 ( 1.750)	Data  0.149 ( 1.654)	Loss 6.4544e+00 (6.6897e+00)	Acc@1   0.78 (  0.60)	Acc@5   4.69 (  2.50)
Epoch: [0][ 200/4673]	Time  0.235 ( 1.738)	Data  0.152 ( 1.644)	Loss 6.4040e+00 (6.6623e+00)	Acc@1   0.78 (  0.64)	Acc@5   0.78 (  2.64)
Epoch: [0][ 220/4673]	Time  0.283 ( 1.729)	Data  0.188 ( 1.635)	Loss 6.3278e+00 (6.6351e+00)	Acc@1   0.78 (  0.69)	Acc@5   7.03 (  2.81)
Epoch: [0][ 240/4673]	Time  0.226 ( 1.719)	Data  0.144 ( 1.626)	Loss 6.4234e+00 (6.6099e+00)	Acc@1   2.34 (  0.76)	Acc@5   3.91 (  2.98)
Epoch: [0][ 260/4673]	Time  0.210 ( 1.709)	Data  0.128 ( 1.616)	Loss 6.2586e+00 (6.5831e+00)	Acc@1   1.56 (  0.82)	Acc@5   7.03 (  3.18)
Epoch: [0][ 280/4673]	Time  0.219 ( 1.699)	Data  0.137 ( 1.606)	Loss 6.2848e+00 (6.5543e+00)	Acc@1   0.78 (  0.86)	Acc@5   2.34 (  3.33)
Epoch: [0][ 300/4673]	Time  0.244 ( 1.687)	Data  0.149 ( 1.594)	Loss 6.0822e+00 (6.5281e+00)	Acc@1   3.12 (  0.90)	Acc@5   7.81 (  3.53)
Epoch: [0][ 320/4673]	Time  0.229 ( 1.675)	Data  0.148 ( 1.583)	Loss 6.2068e+00 (6.5014e+00)	Acc@1   2.34 (  0.99)	Acc@5   6.25 (  3.75)
Epoch: [0][ 340/4673]	Time  0.227 ( 1.666)	Data  0.146 ( 1.575)	Loss 6.0348e+00 (6.4745e+00)	Acc@1   1.56 (  1.05)	Acc@5   8.59 (  3.97)
Epoch: [0][ 360/4673]	Time  0.230 ( 1.656)	Data  0.148 ( 1.566)	Loss 5.9510e+00 (6.4478e+00)	Acc@1   3.12 (  1.11)	Acc@5   5.47 (  4.17)
Epoch: [0][ 380/4673]	Time  0.227 ( 1.648)	Data  0.145 ( 1.557)	Loss 5.9570e+00 (6.4231e+00)	Acc@1   3.91 (  1.16)	Acc@5   7.81 (  4.34)
Epoch: [0][ 400/4673]	Time  0.240 ( 1.638)	Data  0.159 ( 1.548)	Loss 5.9695e+00 (6.3992e+00)	Acc@1   4.69 (  1.22)	Acc@5   8.59 (  4.54)
Epoch: [0][ 420/4673]	Time  0.217 ( 1.631)	Data  0.136 ( 1.541)	Loss 5.7395e+00 (6.3750e+00)	Acc@1   3.12 (  1.27)	Acc@5  10.16 (  4.72)
Epoch: [0][ 440/4673]	Time  0.246 ( 1.623)	Data  0.164 ( 1.534)	Loss 5.8212e+00 (6.3508e+00)	Acc@1   3.12 (  1.32)	Acc@5   9.38 (  4.93)
Epoch: [0][ 460/4673]	Time  0.227 ( 1.615)	Data  0.146 ( 1.525)	Loss 5.7354e+00 (6.3255e+00)	Acc@1   4.69 (  1.40)	Acc@5  11.72 (  5.21)
Epoch: [0][ 480/4673]	Time  0.237 ( 1.606)	Data  0.155 ( 1.516)	Loss 5.8182e+00 (6.3033e+00)	Acc@1   5.47 (  1.47)	Acc@5   8.59 (  5.39)
Epoch: [0][ 500/4673]	Time  0.212 ( 1.599)	Data  0.131 ( 1.509)	Loss 5.3455e+00 (6.2790e+00)	Acc@1   6.25 (  1.55)	Acc@5  17.97 (  5.63)
Epoch: [0][ 520/4673]	Time  0.220 ( 1.589)	Data  0.134 ( 1.500)	Loss 5.5429e+00 (6.2567e+00)	Acc@1   3.12 (  1.62)	Acc@5   9.38 (  5.85)
Epoch: [0][ 540/4673]	Time  0.230 ( 1.581)	Data  0.148 ( 1.492)	Loss 5.6157e+00 (6.2356e+00)	Acc@1   4.69 (  1.70)	Acc@5  10.94 (  6.06)
Epoch: [0][ 560/4673]	Time  0.228 ( 1.574)	Data  0.145 ( 1.485)	Loss 5.7804e+00 (6.2140e+00)	Acc@1   3.12 (  1.75)	Acc@5  10.94 (  6.30)
Epoch: [0][ 580/4673]	Time  0.608 ( 1.566)	Data  0.526 ( 1.477)	Loss 5.3206e+00 (6.1923e+00)	Acc@1   7.03 (  1.84)	Acc@5  19.53 (  6.54)
Epoch: [0][ 600/4673]	Time  0.232 ( 1.557)	Data  0.150 ( 1.469)	Loss 5.5759e+00 (6.1728e+00)	Acc@1   6.25 (  1.91)	Acc@5  17.19 (  6.76)
Epoch: [0][ 620/4673]	Time  0.242 ( 1.549)	Data  0.161 ( 1.461)	Loss 5.4422e+00 (6.1509e+00)	Acc@1   7.03 (  1.99)	Acc@5  17.97 (  7.00)
Epoch: [0][ 640/4673]	Time  0.212 ( 1.540)	Data  0.131 ( 1.452)	Loss 5.8724e+00 (6.1298e+00)	Acc@1   5.47 (  2.06)	Acc@5  12.50 (  7.22)
Epoch: [0][ 660/4673]	Time  0.239 ( 1.533)	Data  0.158 ( 1.445)	Loss 5.4784e+00 (6.1092e+00)	Acc@1   6.25 (  2.15)	Acc@5  11.72 (  7.45)
Epoch: [0][ 680/4673]	Time  0.247 ( 1.526)	Data  0.148 ( 1.438)	Loss 5.3553e+00 (6.0885e+00)	Acc@1   3.12 (  2.22)	Acc@5  16.41 (  7.68)
Epoch: [0][ 700/4673]	Time  0.226 ( 1.520)	Data  0.145 ( 1.432)	Loss 5.5724e+00 (6.0685e+00)	Acc@1   2.34 (  2.31)	Acc@5   9.38 (  7.89)
Epoch: [0][ 720/4673]	Time  0.227 ( 1.512)	Data  0.145 ( 1.424)	Loss 5.3424e+00 (6.0496e+00)	Acc@1   4.69 (  2.42)	Acc@5  20.31 (  8.11)
Epoch: [0][ 740/4673]	Time  0.274 ( 1.506)	Data  0.179 ( 1.418)	Loss 5.2358e+00 (6.0301e+00)	Acc@1   3.91 (  2.50)	Acc@5  17.97 (  8.36)
Epoch: [0][ 760/4673]	Time  0.271 ( 1.497)	Data  0.190 ( 1.409)	Loss 5.1055e+00 (6.0098e+00)	Acc@1   6.25 (  2.60)	Acc@5  19.53 (  8.62)
Epoch: [0][ 780/4673]	Time  0.230 ( 1.490)	Data  0.149 ( 1.402)	Loss 5.2084e+00 (5.9896e+00)	Acc@1   6.25 (  2.68)	Acc@5  17.19 (  8.84)
Epoch: [0][ 800/4673]	Time  1.286 ( 1.484)	Data  1.191 ( 1.396)	Loss 5.1798e+00 (5.9723e+00)	Acc@1   6.25 (  2.76)	Acc@5  20.31 (  9.04)
Epoch: [0][ 820/4673]	Time  1.136 ( 1.477)	Data  1.041 ( 1.389)	Loss 5.3140e+00 (5.9536e+00)	Acc@1   7.81 (  2.85)	Acc@5  20.31 (  9.30)
Epoch: [0][ 840/4673]	Time  0.250 ( 1.471)	Data  0.145 ( 1.383)	Loss 5.3778e+00 (5.9372e+00)	Acc@1   6.25 (  2.92)	Acc@5  15.62 (  9.51)
Epoch: [0][ 860/4673]	Time  0.233 ( 1.465)	Data  0.151 ( 1.378)	Loss 5.1473e+00 (5.9193e+00)	Acc@1   7.03 (  3.00)	Acc@5  20.31 (  9.75)
Epoch: [0][ 880/4673]	Time  0.239 ( 1.459)	Data  0.158 ( 1.371)	Loss 5.3058e+00 (5.9015e+00)	Acc@1   4.69 (  3.09)	Acc@5  21.88 ( 10.00)
Epoch: [0][ 900/4673]	Time  0.240 ( 1.452)	Data  0.158 ( 1.365)	Loss 5.1408e+00 (5.8855e+00)	Acc@1   8.59 (  3.16)	Acc@5  25.00 ( 10.19)
Epoch: [0][ 920/4673]	Time  0.228 ( 1.446)	Data  0.145 ( 1.359)	Loss 4.9724e+00 (5.8687e+00)	Acc@1   8.59 (  3.24)	Acc@5  23.44 ( 10.42)
Epoch: [0][ 940/4673]	Time  0.249 ( 1.439)	Data  0.167 ( 1.352)	Loss 4.8712e+00 (5.8516e+00)	Acc@1   7.81 (  3.34)	Acc@5  24.22 ( 10.66)
Epoch: [0][ 960/4673]	Time  0.221 ( 1.433)	Data  0.139 ( 1.346)	Loss 4.8742e+00 (5.8364e+00)	Acc@1  12.50 (  3.43)	Acc@5  25.78 ( 10.88)
Epoch: [0][ 980/4673]	Time  0.250 ( 1.427)	Data  0.167 ( 1.340)	Loss 5.1714e+00 (5.8192e+00)	Acc@1   7.03 (  3.53)	Acc@5  19.53 ( 11.13)
Epoch: [0][1000/4673]	Time  0.257 ( 1.422)	Data  0.150 ( 1.334)	Loss 5.3975e+00 (5.8034e+00)	Acc@1   7.03 (  3.61)	Acc@5  16.41 ( 11.35)
Epoch: [0][1020/4673]	Time  0.219 ( 1.415)	Data  0.134 ( 1.328)	Loss 4.8329e+00 (5.7878e+00)	Acc@1   9.38 (  3.70)	Acc@5  25.00 ( 11.58)
Epoch: [0][1040/4673]	Time  0.226 ( 1.409)	Data  0.144 ( 1.322)	Loss 4.8606e+00 (5.7721e+00)	Acc@1   9.38 (  3.80)	Acc@5  25.00 ( 11.79)
Epoch: [0][1060/4673]	Time  0.235 ( 1.404)	Data  0.154 ( 1.316)	Loss 4.7506e+00 (5.7561e+00)	Acc@1  10.16 (  3.90)	Acc@5  25.00 ( 12.03)
Epoch: [0][1080/4673]	Time  0.225 ( 1.398)	Data  0.143 ( 1.311)	Loss 4.7827e+00 (5.7411e+00)	Acc@1  12.50 (  3.98)	Acc@5  25.78 ( 12.25)
Epoch: [0][1100/4673]	Time  0.227 ( 1.393)	Data  0.145 ( 1.306)	Loss 5.1328e+00 (5.7254e+00)	Acc@1   7.03 (  4.07)	Acc@5  20.31 ( 12.48)
Epoch: [0][1120/4673]	Time  0.231 ( 1.387)	Data  0.147 ( 1.300)	Loss 4.8807e+00 (5.7108e+00)	Acc@1  13.28 (  4.15)	Acc@5  27.34 ( 12.69)
Epoch: [0][1140/4673]	Time  0.238 ( 1.381)	Data  0.156 ( 1.294)	Loss 4.8159e+00 (5.6952e+00)	Acc@1  11.72 (  4.24)	Acc@5  28.91 ( 12.90)
Epoch: [0][1160/4673]	Time  0.232 ( 1.376)	Data  0.151 ( 1.289)	Loss 4.7614e+00 (5.6804e+00)	Acc@1  14.84 (  4.34)	Acc@5  32.81 ( 13.13)
Epoch: [0][1180/4673]	Time  0.227 ( 1.371)	Data  0.145 ( 1.284)	Loss 4.7323e+00 (5.6654e+00)	Acc@1  13.28 (  4.45)	Acc@5  26.56 ( 13.37)
Epoch: [0][1200/4673]	Time  0.227 ( 1.365)	Data  0.146 ( 1.278)	Loss 5.0034e+00 (5.6520e+00)	Acc@1   9.38 (  4.54)	Acc@5  22.66 ( 13.57)
Epoch: [0][1220/4673]	Time  0.220 ( 1.360)	Data  0.139 ( 1.272)	Loss 4.8930e+00 (5.6391e+00)	Acc@1  10.16 (  4.61)	Acc@5  26.56 ( 13.76)
Epoch: [0][1240/4673]	Time  0.234 ( 1.355)	Data  0.151 ( 1.268)	Loss 4.8409e+00 (5.6249e+00)	Acc@1  10.94 (  4.70)	Acc@5  25.78 ( 13.98)
Epoch: [0][1260/4673]	Time  0.256 ( 1.350)	Data  0.174 ( 1.263)	Loss 4.6034e+00 (5.6108e+00)	Acc@1   7.81 (  4.78)	Acc@5  27.34 ( 14.18)
Epoch: [0][1280/4673]	Time  0.227 ( 1.344)	Data  0.146 ( 1.257)	Loss 4.8788e+00 (5.5976e+00)	Acc@1   7.03 (  4.86)	Acc@5  24.22 ( 14.38)
Epoch: [0][1300/4673]	Time  0.243 ( 1.340)	Data  0.162 ( 1.253)	Loss 5.0711e+00 (5.5845e+00)	Acc@1   4.69 (  4.94)	Acc@5  18.75 ( 14.58)
Epoch: [0][1320/4673]	Time  0.241 ( 1.335)	Data  0.160 ( 1.248)	Loss 4.6370e+00 (5.5710e+00)	Acc@1  10.16 (  5.04)	Acc@5  25.00 ( 14.80)
Epoch: [0][1340/4673]	Time  0.237 ( 1.331)	Data  0.150 ( 1.244)	Loss 4.7400e+00 (5.5575e+00)	Acc@1  13.28 (  5.15)	Acc@5  31.25 ( 15.01)
Epoch: [0][1360/4673]	Time  0.264 ( 1.326)	Data  0.149 ( 1.239)	Loss 4.5662e+00 (5.5441e+00)	Acc@1  11.72 (  5.24)	Acc@5  26.56 ( 15.21)
Epoch: [0][1380/4673]	Time  0.226 ( 1.322)	Data  0.144 ( 1.235)	Loss 4.6419e+00 (5.5313e+00)	Acc@1  12.50 (  5.33)	Acc@5  25.78 ( 15.41)
Epoch: [0][1400/4673]	Time  0.241 ( 1.317)	Data  0.155 ( 1.230)	Loss 4.5964e+00 (5.5183e+00)	Acc@1  14.84 (  5.44)	Acc@5  34.38 ( 15.63)
Epoch: [0][1420/4673]	Time  0.229 ( 1.312)	Data  0.148 ( 1.225)	Loss 4.4678e+00 (5.5056e+00)	Acc@1  17.97 (  5.55)	Acc@5  29.69 ( 15.82)
Epoch: [0][1440/4673]	Time  0.246 ( 1.308)	Data  0.165 ( 1.221)	Loss 4.3263e+00 (5.4928e+00)	Acc@1  14.06 (  5.65)	Acc@5  34.38 ( 16.03)
Epoch: [0][1460/4673]	Time  0.236 ( 1.303)	Data  0.154 ( 1.216)	Loss 4.5734e+00 (5.4798e+00)	Acc@1  10.16 (  5.74)	Acc@5  30.47 ( 16.23)
Epoch: [0][1480/4673]	Time  0.266 ( 1.299)	Data  0.185 ( 1.212)	Loss 4.5133e+00 (5.4672e+00)	Acc@1  10.94 (  5.83)	Acc@5  32.81 ( 16.44)
Epoch: [0][1500/4673]	Time  0.418 ( 1.294)	Data  0.336 ( 1.207)	Loss 4.8723e+00 (5.4552e+00)	Acc@1   9.38 (  5.92)	Acc@5  23.44 ( 16.63)
Epoch: [0][1520/4673]	Time  0.468 ( 1.290)	Data  0.387 ( 1.203)	Loss 4.6047e+00 (5.4437e+00)	Acc@1  10.94 (  6.01)	Acc@5  23.44 ( 16.79)
Epoch: [0][1540/4673]	Time  0.331 ( 1.285)	Data  0.249 ( 1.198)	Loss 4.2394e+00 (5.4318e+00)	Acc@1  14.84 (  6.10)	Acc@5  34.38 ( 16.96)
Epoch: [0][1560/4673]	Time  0.934 ( 1.281)	Data  0.849 ( 1.194)	Loss 4.3772e+00 (5.4193e+00)	Acc@1   8.59 (  6.19)	Acc@5  33.59 ( 17.16)
Epoch: [0][1580/4673]	Time  1.359 ( 1.276)	Data  1.277 ( 1.189)	Loss 4.1501e+00 (5.4071e+00)	Acc@1  14.06 (  6.29)	Acc@5  42.19 ( 17.36)
Epoch: [0][1600/4673]	Time  1.246 ( 1.271)	Data  1.164 ( 1.184)	Loss 4.7742e+00 (5.3958e+00)	Acc@1  10.16 (  6.37)	Acc@5  21.09 ( 17.54)
Epoch: [0][1620/4673]	Time  1.686 ( 1.267)	Data  1.603 ( 1.180)	Loss 4.5861e+00 (5.3840e+00)	Acc@1  11.72 (  6.45)	Acc@5  31.25 ( 17.73)
Epoch: [0][1640/4673]	Time  1.456 ( 1.262)	Data  1.362 ( 1.175)	Loss 4.3475e+00 (5.3731e+00)	Acc@1  16.41 (  6.54)	Acc@5  37.50 ( 17.91)
Epoch: [0][1660/4673]	Time  1.795 ( 1.258)	Data  1.710 ( 1.171)	Loss 4.3037e+00 (5.3615e+00)	Acc@1  15.62 (  6.62)	Acc@5  35.16 ( 18.09)
Epoch: [0][1680/4673]	Time  1.643 ( 1.254)	Data  1.548 ( 1.167)	Loss 4.6068e+00 (5.3499e+00)	Acc@1  10.94 (  6.71)	Acc@5  31.25 ( 18.27)
Epoch: [0][1700/4673]	Time  1.700 ( 1.249)	Data  1.610 ( 1.163)	Loss 4.5995e+00 (5.3386e+00)	Acc@1  17.97 (  6.81)	Acc@5  30.47 ( 18.46)
Epoch: [0][1720/4673]	Time  1.443 ( 1.245)	Data  1.360 ( 1.158)	Loss 4.3673e+00 (5.3273e+00)	Acc@1  14.84 (  6.89)	Acc@5  41.41 ( 18.64)
Epoch: [0][1740/4673]	Time  1.215 ( 1.240)	Data  1.134 ( 1.154)	Loss 4.0621e+00 (5.3154e+00)	Acc@1  17.97 (  6.99)	Acc@5  44.53 ( 18.84)
Epoch: [0][1760/4673]	Time  1.156 ( 1.236)	Data  1.066 ( 1.149)	Loss 4.8477e+00 (5.3041e+00)	Acc@1  12.50 (  7.08)	Acc@5  26.56 ( 19.03)
Epoch: [0][1780/4673]	Time  0.229 ( 1.232)	Data  0.146 ( 1.145)	Loss 4.1833e+00 (5.2929e+00)	Acc@1  17.19 (  7.18)	Acc@5  38.28 ( 19.21)
Epoch: [0][1800/4673]	Time  0.220 ( 1.228)	Data  0.131 ( 1.141)	Loss 4.3214e+00 (5.2817e+00)	Acc@1  15.62 (  7.27)	Acc@5  34.38 ( 19.39)
Epoch: [0][1820/4673]	Time  0.206 ( 1.225)	Data  0.124 ( 1.138)	Loss 4.4102e+00 (5.2713e+00)	Acc@1  14.84 (  7.35)	Acc@5  30.47 ( 19.56)
Epoch: [0][1840/4673]	Time  0.226 ( 1.221)	Data  0.145 ( 1.134)	Loss 4.4438e+00 (5.2609e+00)	Acc@1  15.62 (  7.43)	Acc@5  30.47 ( 19.72)
Epoch: [0][1860/4673]	Time  0.233 ( 1.218)	Data  0.152 ( 1.131)	Loss 4.2084e+00 (5.2501e+00)	Acc@1  17.97 (  7.53)	Acc@5  36.72 ( 19.91)
Epoch: [0][1880/4673]	Time  0.402 ( 1.214)	Data  0.320 ( 1.128)	Loss 4.0651e+00 (5.2389e+00)	Acc@1  14.84 (  7.62)	Acc@5  42.19 ( 20.11)
Epoch: [0][1900/4673]	Time  0.227 ( 1.211)	Data  0.145 ( 1.125)	Loss 4.1515e+00 (5.2279e+00)	Acc@1  16.41 (  7.71)	Acc@5  38.28 ( 20.30)
Epoch: [0][1920/4673]	Time  0.256 ( 1.208)	Data  0.161 ( 1.122)	Loss 4.2823e+00 (5.2173e+00)	Acc@1  21.88 (  7.80)	Acc@5  39.84 ( 20.49)
Epoch: [0][1940/4673]	Time  0.267 ( 1.205)	Data  0.165 ( 1.118)	Loss 4.2438e+00 (5.2077e+00)	Acc@1  13.28 (  7.88)	Acc@5  35.94 ( 20.65)
Epoch: [0][1960/4673]	Time  0.235 ( 1.202)	Data  0.154 ( 1.115)	Loss 4.0045e+00 (5.1977e+00)	Acc@1  17.97 (  7.97)	Acc@5  39.06 ( 20.82)
Epoch: [0][1980/4673]	Time  0.243 ( 1.199)	Data  0.159 ( 1.112)	Loss 4.5996e+00 (5.1873e+00)	Acc@1  11.72 (  8.05)	Acc@5  32.81 ( 21.00)
Epoch: [0][2000/4673]	Time  0.245 ( 1.196)	Data  0.152 ( 1.109)	Loss 4.4466e+00 (5.1777e+00)	Acc@1  11.72 (  8.14)	Acc@5  29.69 ( 21.17)
Epoch: [0][2020/4673]	Time  0.232 ( 1.193)	Data  0.150 ( 1.106)	Loss 4.3150e+00 (5.1680e+00)	Acc@1  19.53 (  8.21)	Acc@5  35.16 ( 21.34)
Epoch: [0][2040/4673]	Time  0.256 ( 1.190)	Data  0.161 ( 1.104)	Loss 4.1906e+00 (5.1577e+00)	Acc@1  15.62 (  8.31)	Acc@5  34.38 ( 21.51)
Epoch: [0][2060/4673]	Time  0.246 ( 1.187)	Data  0.144 ( 1.101)	Loss 3.9961e+00 (5.1486e+00)	Acc@1  16.41 (  8.38)	Acc@5  39.06 ( 21.66)
Epoch: [0][2080/4673]	Time  0.228 ( 1.184)	Data  0.145 ( 1.098)	Loss 4.1049e+00 (5.1391e+00)	Acc@1  17.97 (  8.47)	Acc@5  36.72 ( 21.81)
Epoch: [0][2100/4673]	Time  0.258 ( 1.182)	Data  0.175 ( 1.095)	Loss 4.3869e+00 (5.1294e+00)	Acc@1  14.84 (  8.55)	Acc@5  32.81 ( 21.99)
Epoch: [0][2120/4673]	Time  0.243 ( 1.179)	Data  0.162 ( 1.092)	Loss 4.1273e+00 (5.1195e+00)	Acc@1  14.84 (  8.65)	Acc@5  39.84 ( 22.16)
Epoch: [0][2140/4673]	Time  0.230 ( 1.176)	Data  0.148 ( 1.089)	Loss 4.1999e+00 (5.1101e+00)	Acc@1  14.06 (  8.73)	Acc@5  39.06 ( 22.32)
Epoch: [0][2160/4673]	Time  0.234 ( 1.173)	Data  0.152 ( 1.087)	Loss 4.0893e+00 (5.1002e+00)	Acc@1  21.09 (  8.81)	Acc@5  41.41 ( 22.48)
Epoch: [0][2180/4673]	Time  0.274 ( 1.171)	Data  0.190 ( 1.084)	Loss 4.2726e+00 (5.0909e+00)	Acc@1  17.97 (  8.90)	Acc@5  39.06 ( 22.65)
Epoch: [0][2200/4673]	Time  0.248 ( 1.168)	Data  0.164 ( 1.082)	Loss 4.0699e+00 (5.0818e+00)	Acc@1  25.00 (  8.99)	Acc@5  43.75 ( 22.81)
Epoch: [0][2220/4673]	Time  0.231 ( 1.165)	Data  0.149 ( 1.079)	Loss 3.8366e+00 (5.0724e+00)	Acc@1  22.66 (  9.09)	Acc@5  42.19 ( 22.96)
Epoch: [0][2240/4673]	Time  0.227 ( 1.163)	Data  0.146 ( 1.076)	Loss 4.0869e+00 (5.0629e+00)	Acc@1  10.94 (  9.18)	Acc@5  40.62 ( 23.13)
Epoch: [0][2260/4673]	Time  0.234 ( 1.160)	Data  0.148 ( 1.073)	Loss 3.8564e+00 (5.0540e+00)	Acc@1  23.44 (  9.27)	Acc@5  45.31 ( 23.28)
Epoch: [0][2280/4673]	Time  0.246 ( 1.157)	Data  0.163 ( 1.071)	Loss 4.1009e+00 (5.0449e+00)	Acc@1  25.00 (  9.35)	Acc@5  39.84 ( 23.44)
Epoch: [0][2300/4673]	Time  0.261 ( 1.155)	Data  0.178 ( 1.068)	Loss 4.0647e+00 (5.0359e+00)	Acc@1  16.41 (  9.44)	Acc@5  42.97 ( 23.61)
Epoch: [0][2320/4673]	Time  0.305 ( 1.152)	Data  0.210 ( 1.066)	Loss 4.2514e+00 (5.0265e+00)	Acc@1  16.41 (  9.53)	Acc@5  37.50 ( 23.78)
Epoch: [0][2340/4673]	Time  0.247 ( 1.150)	Data  0.165 ( 1.063)	Loss 3.8347e+00 (5.0173e+00)	Acc@1  14.06 (  9.62)	Acc@5  46.09 ( 23.93)
Epoch: [0][2360/4673]	Time  0.253 ( 1.148)	Data  0.156 ( 1.061)	Loss 3.9849e+00 (5.0085e+00)	Acc@1  21.09 (  9.70)	Acc@5  42.19 ( 24.08)
Epoch: [0][2380/4673]	Time  0.226 ( 1.145)	Data  0.145 ( 1.058)	Loss 4.0695e+00 (4.9996e+00)	Acc@1  19.53 (  9.79)	Acc@5  41.41 ( 24.24)
Epoch: [0][2400/4673]	Time  0.251 ( 1.143)	Data  0.163 ( 1.056)	Loss 4.0178e+00 (4.9913e+00)	Acc@1  18.75 (  9.86)	Acc@5  42.19 ( 24.38)
Epoch: [0][2420/4673]	Time  0.288 ( 1.140)	Data  0.207 ( 1.054)	Loss 3.8685e+00 (4.9827e+00)	Acc@1  14.06 (  9.95)	Acc@5  42.19 ( 24.53)
Epoch: [0][2440/4673]	Time  0.225 ( 1.138)	Data  0.144 ( 1.051)	Loss 3.8422e+00 (4.9741e+00)	Acc@1  27.34 ( 10.04)	Acc@5  48.44 ( 24.69)
Epoch: [0][2460/4673]	Time  0.255 ( 1.136)	Data  0.160 ( 1.049)	Loss 3.7397e+00 (4.9651e+00)	Acc@1  28.91 ( 10.13)	Acc@5  43.75 ( 24.85)
Epoch: [0][2480/4673]	Time  0.235 ( 1.134)	Data  0.153 ( 1.047)	Loss 4.0437e+00 (4.9560e+00)	Acc@1  19.53 ( 10.23)	Acc@5  41.41 ( 25.01)
Epoch: [0][2500/4673]	Time  0.298 ( 1.131)	Data  0.216 ( 1.045)	Loss 4.0215e+00 (4.9476e+00)	Acc@1  20.31 ( 10.32)	Acc@5  41.41 ( 25.15)
Epoch: [0][2520/4673]	Time  0.256 ( 1.129)	Data  0.174 ( 1.042)	Loss 3.7503e+00 (4.9394e+00)	Acc@1  25.78 ( 10.41)	Acc@5  50.00 ( 25.30)
Epoch: [0][2540/4673]	Time  0.228 ( 1.127)	Data  0.145 ( 1.040)	Loss 4.1008e+00 (4.9309e+00)	Acc@1  17.97 ( 10.49)	Acc@5  41.41 ( 25.45)
Epoch: [0][2560/4673]	Time  0.235 ( 1.125)	Data  0.153 ( 1.038)	Loss 3.6454e+00 (4.9227e+00)	Acc@1  25.00 ( 10.57)	Acc@5  47.66 ( 25.59)
Epoch: [0][2580/4673]	Time  0.925 ( 1.123)	Data  0.842 ( 1.036)	Loss 3.7061e+00 (4.9143e+00)	Acc@1  23.44 ( 10.66)	Acc@5  45.31 ( 25.74)
Epoch: [0][2600/4673]	Time  1.082 ( 1.120)	Data  0.986 ( 1.034)	Loss 4.1306e+00 (4.9058e+00)	Acc@1  18.75 ( 10.74)	Acc@5  36.72 ( 25.90)
Epoch: [0][2620/4673]	Time  1.245 ( 1.118)	Data  1.143 ( 1.032)	Loss 3.6704e+00 (4.8971e+00)	Acc@1  20.31 ( 10.83)	Acc@5  44.53 ( 26.05)
Epoch: [0][2640/4673]	Time  1.356 ( 1.116)	Data  1.259 ( 1.030)	Loss 3.8411e+00 (4.8885e+00)	Acc@1  20.31 ( 10.92)	Acc@5  42.19 ( 26.21)
Epoch: [0][2660/4673]	Time  1.407 ( 1.114)	Data  1.326 ( 1.027)	Loss 3.8729e+00 (4.8804e+00)	Acc@1  17.97 ( 11.00)	Acc@5  41.41 ( 26.35)
Epoch: [0][2680/4673]	Time  1.470 ( 1.112)	Data  1.387 ( 1.025)	Loss 3.8509e+00 (4.8725e+00)	Acc@1  23.44 ( 11.08)	Acc@5  42.97 ( 26.48)
Epoch: [0][2700/4673]	Time  1.475 ( 1.110)	Data  1.394 ( 1.023)	Loss 3.9519e+00 (4.8643e+00)	Acc@1  17.97 ( 11.16)	Acc@5  45.31 ( 26.63)
Epoch: [0][2720/4673]	Time  1.243 ( 1.108)	Data  1.141 ( 1.021)	Loss 3.6769e+00 (4.8564e+00)	Acc@1  18.75 ( 11.24)	Acc@5  50.00 ( 26.78)
Epoch: [0][2740/4673]	Time  1.286 ( 1.106)	Data  1.196 ( 1.019)	Loss 4.0087e+00 (4.8484e+00)	Acc@1  17.19 ( 11.33)	Acc@5  38.28 ( 26.92)
Epoch: [0][2760/4673]	Time  1.229 ( 1.104)	Data  1.147 ( 1.018)	Loss 3.7536e+00 (4.8408e+00)	Acc@1  20.31 ( 11.41)	Acc@5  43.75 ( 27.06)
Epoch: [0][2780/4673]	Time  1.389 ( 1.102)	Data  1.307 ( 1.016)	Loss 3.5849e+00 (4.8331e+00)	Acc@1  23.44 ( 11.48)	Acc@5  50.78 ( 27.20)
Epoch: [0][2800/4673]	Time  1.482 ( 1.101)	Data  1.383 ( 1.014)	Loss 3.8792e+00 (4.8249e+00)	Acc@1  21.09 ( 11.56)	Acc@5  42.97 ( 27.34)
Epoch: [0][2820/4673]	Time  1.559 ( 1.099)	Data  1.478 ( 1.012)	Loss 3.6213e+00 (4.8173e+00)	Acc@1  21.88 ( 11.64)	Acc@5  49.22 ( 27.48)
Epoch: [0][2840/4673]	Time  1.014 ( 1.097)	Data  0.933 ( 1.010)	Loss 3.6441e+00 (4.8098e+00)	Acc@1  24.22 ( 11.71)	Acc@5  50.78 ( 27.61)
Epoch: [0][2860/4673]	Time  1.352 ( 1.096)	Data  1.271 ( 1.009)	Loss 3.7008e+00 (4.8022e+00)	Acc@1  25.78 ( 11.79)	Acc@5  44.53 ( 27.75)
Epoch: [0][2880/4673]	Time  1.002 ( 1.094)	Data  0.920 ( 1.007)	Loss 3.6277e+00 (4.7943e+00)	Acc@1  23.44 ( 11.88)	Acc@5  51.56 ( 27.89)
Epoch: [0][2900/4673]	Time  0.299 ( 1.092)	Data  0.217 ( 1.005)	Loss 3.5323e+00 (4.7866e+00)	Acc@1  26.56 ( 11.96)	Acc@5  51.56 ( 28.03)
Epoch: [0][2920/4673]	Time  0.253 ( 1.090)	Data  0.160 ( 1.003)	Loss 3.8631e+00 (4.7786e+00)	Acc@1  22.66 ( 12.05)	Acc@5  44.53 ( 28.17)
Epoch: [0][2940/4673]	Time  0.319 ( 1.089)	Data  0.217 ( 1.002)	Loss 3.7130e+00 (4.7708e+00)	Acc@1  22.66 ( 12.14)	Acc@5  46.09 ( 28.31)
Epoch: [0][2960/4673]	Time  0.227 ( 1.087)	Data  0.146 ( 1.000)	Loss 3.5704e+00 (4.7632e+00)	Acc@1  28.91 ( 12.23)	Acc@5  52.34 ( 28.45)
Epoch: [0][2980/4673]	Time  0.317 ( 1.085)	Data  0.235 ( 0.998)	Loss 3.6367e+00 (4.7558e+00)	Acc@1  23.44 ( 12.31)	Acc@5  47.66 ( 28.58)
Epoch: [0][3000/4673]	Time  0.378 ( 1.083)	Data  0.296 ( 0.996)	Loss 3.9739e+00 (4.7484e+00)	Acc@1  20.31 ( 12.39)	Acc@5  42.19 ( 28.72)
Epoch: [0][3020/4673]	Time  0.747 ( 1.081)	Data  0.662 ( 0.994)	Loss 3.6727e+00 (4.7412e+00)	Acc@1  24.22 ( 12.46)	Acc@5  49.22 ( 28.85)
Epoch: [0][3040/4673]	Time  0.951 ( 1.079)	Data  0.869 ( 0.992)	Loss 3.6485e+00 (4.7337e+00)	Acc@1  21.09 ( 12.54)	Acc@5  55.47 ( 29.00)
Epoch: [0][3060/4673]	Time  1.232 ( 1.077)	Data  1.143 ( 0.990)	Loss 3.5280e+00 (4.7269e+00)	Acc@1  22.66 ( 12.62)	Acc@5  50.00 ( 29.12)
Epoch: [0][3080/4673]	Time  1.334 ( 1.075)	Data  1.245 ( 0.988)	Loss 3.7080e+00 (4.7197e+00)	Acc@1  25.78 ( 12.70)	Acc@5  46.88 ( 29.26)
Epoch: [0][3100/4673]	Time  0.984 ( 1.073)	Data  0.885 ( 0.986)	Loss 3.4975e+00 (4.7131e+00)	Acc@1  29.69 ( 12.77)	Acc@5  56.25 ( 29.37)
Epoch: [0][3120/4673]	Time  0.670 ( 1.071)	Data  0.589 ( 0.984)	Loss 3.8075e+00 (4.7057e+00)	Acc@1  21.88 ( 12.84)	Acc@5  43.75 ( 29.50)
Epoch: [0][3140/4673]	Time  1.110 ( 1.069)	Data  1.016 ( 0.982)	Loss 3.7311e+00 (4.6985e+00)	Acc@1  22.66 ( 12.92)	Acc@5  46.88 ( 29.63)
Epoch: [0][3160/4673]	Time  1.213 ( 1.068)	Data  1.132 ( 0.981)	Loss 3.6399e+00 (4.6910e+00)	Acc@1  31.25 ( 13.00)	Acc@5  47.66 ( 29.77)
Epoch: [0][3180/4673]	Time  1.059 ( 1.066)	Data  0.977 ( 0.979)	Loss 3.7638e+00 (4.6844e+00)	Acc@1  25.00 ( 13.08)	Acc@5  49.22 ( 29.90)
Epoch: [0][3200/4673]	Time  0.937 ( 1.065)	Data  0.855 ( 0.978)	Loss 3.5623e+00 (4.6774e+00)	Acc@1  28.91 ( 13.16)	Acc@5  49.22 ( 30.02)
Epoch: [0][3220/4673]	Time  0.227 ( 1.063)	Data  0.146 ( 0.976)	Loss 4.0174e+00 (4.6709e+00)	Acc@1  21.88 ( 13.23)	Acc@5  43.75 ( 30.15)
Epoch: [0][3240/4673]	Time  0.253 ( 1.062)	Data  0.171 ( 0.975)	Loss 4.0391e+00 (4.6639e+00)	Acc@1  21.88 ( 13.31)	Acc@5  40.62 ( 30.27)
Epoch: [0][3260/4673]	Time  0.233 ( 1.060)	Data  0.152 ( 0.973)	Loss 3.6901e+00 (4.6571e+00)	Acc@1  26.56 ( 13.39)	Acc@5  51.56 ( 30.40)
Epoch: [0][3280/4673]	Time  0.250 ( 1.059)	Data  0.168 ( 0.972)	Loss 3.3148e+00 (4.6503e+00)	Acc@1  28.91 ( 13.46)	Acc@5  54.69 ( 30.52)
Epoch: [0][3300/4673]	Time  0.258 ( 1.058)	Data  0.157 ( 0.971)	Loss 3.4616e+00 (4.6435e+00)	Acc@1  23.44 ( 13.54)	Acc@5  52.34 ( 30.63)
Epoch: [0][3320/4673]	Time  0.245 ( 1.056)	Data  0.155 ( 0.969)	Loss 3.6493e+00 (4.6369e+00)	Acc@1  21.09 ( 13.61)	Acc@5  48.44 ( 30.75)
Epoch: [0][3340/4673]	Time  0.242 ( 1.055)	Data  0.148 ( 0.968)	Loss 3.4459e+00 (4.6302e+00)	Acc@1  25.78 ( 13.68)	Acc@5  53.12 ( 30.87)
Epoch: [0][3360/4673]	Time  0.564 ( 1.053)	Data  0.483 ( 0.966)	Loss 3.1922e+00 (4.6235e+00)	Acc@1  31.25 ( 13.76)	Acc@5  59.38 ( 30.99)
Epoch: [0][3380/4673]	Time  0.292 ( 1.052)	Data  0.211 ( 0.965)	Loss 3.8940e+00 (4.6173e+00)	Acc@1  16.41 ( 13.82)	Acc@5  45.31 ( 31.10)
Epoch: [0][3400/4673]	Time  0.264 ( 1.051)	Data  0.177 ( 0.964)	Loss 3.8532e+00 (4.6108e+00)	Acc@1  18.75 ( 13.89)	Acc@5  42.19 ( 31.22)
Epoch: [0][3420/4673]	Time  0.254 ( 1.049)	Data  0.173 ( 0.962)	Loss 3.5711e+00 (4.6044e+00)	Acc@1  29.69 ( 13.97)	Acc@5  49.22 ( 31.34)
Epoch: [0][3440/4673]	Time  0.229 ( 1.048)	Data  0.146 ( 0.961)	Loss 3.4025e+00 (4.5976e+00)	Acc@1  24.22 ( 14.04)	Acc@5  53.12 ( 31.46)
Epoch: [0][3460/4673]	Time  0.276 ( 1.047)	Data  0.192 ( 0.960)	Loss 3.2581e+00 (4.5914e+00)	Acc@1  28.12 ( 14.11)	Acc@5  51.56 ( 31.58)
Epoch: [0][3480/4673]	Time  0.676 ( 1.045)	Data  0.571 ( 0.958)	Loss 3.5857e+00 (4.5851e+00)	Acc@1  24.22 ( 14.18)	Acc@5  47.66 ( 31.70)
Epoch: [0][3500/4673]	Time  0.825 ( 1.044)	Data  0.725 ( 0.957)	Loss 3.4395e+00 (4.5787e+00)	Acc@1  21.09 ( 14.25)	Acc@5  50.00 ( 31.82)
Epoch: [0][3520/4673]	Time  0.727 ( 1.043)	Data  0.624 ( 0.956)	Loss 3.9216e+00 (4.5723e+00)	Acc@1  19.53 ( 14.33)	Acc@5  44.53 ( 31.93)
Epoch: [0][3540/4673]	Time  0.219 ( 1.042)	Data  0.138 ( 0.955)	Loss 3.2541e+00 (4.5657e+00)	Acc@1  28.12 ( 14.41)	Acc@5  51.56 ( 32.06)
Epoch: [0][3560/4673]	Time  0.340 ( 1.040)	Data  0.259 ( 0.953)	Loss 3.5737e+00 (4.5594e+00)	Acc@1  27.34 ( 14.48)	Acc@5  53.12 ( 32.17)
Epoch: [0][3580/4673]	Time  0.227 ( 1.039)	Data  0.146 ( 0.952)	Loss 3.3192e+00 (4.5531e+00)	Acc@1  28.12 ( 14.55)	Acc@5  52.34 ( 32.28)
Epoch: [0][3600/4673]	Time  0.510 ( 1.038)	Data  0.428 ( 0.951)	Loss 3.5349e+00 (4.5472e+00)	Acc@1  26.56 ( 14.62)	Acc@5  46.09 ( 32.38)
Epoch: [0][3620/4673]	Time  1.301 ( 1.037)	Data  1.206 ( 0.950)	Loss 3.5553e+00 (4.5413e+00)	Acc@1  23.44 ( 14.68)	Acc@5  47.66 ( 32.48)
Epoch: [0][3640/4673]	Time  1.357 ( 1.036)	Data  1.245 ( 0.949)	Loss 3.5071e+00 (4.5351e+00)	Acc@1  20.31 ( 14.75)	Acc@5  53.91 ( 32.60)
Epoch: [0][3660/4673]	Time  0.558 ( 1.034)	Data  0.476 ( 0.947)	Loss 3.0856e+00 (4.5286e+00)	Acc@1  36.72 ( 14.82)	Acc@5  59.38 ( 32.72)
Epoch: [0][3680/4673]	Time  0.350 ( 1.033)	Data  0.266 ( 0.946)	Loss 3.1279e+00 (4.5223e+00)	Acc@1  32.81 ( 14.89)	Acc@5  58.59 ( 32.83)
Epoch: [0][3700/4673]	Time  0.396 ( 1.032)	Data  0.311 ( 0.945)	Loss 3.1011e+00 (4.5164e+00)	Acc@1  33.59 ( 14.96)	Acc@5  60.16 ( 32.94)
Epoch: [0][3720/4673]	Time  0.307 ( 1.031)	Data  0.225 ( 0.944)	Loss 3.1033e+00 (4.5104e+00)	Acc@1  35.16 ( 15.04)	Acc@5  56.25 ( 33.05)
Epoch: [0][3740/4673]	Time  0.238 ( 1.030)	Data  0.156 ( 0.943)	Loss 3.3105e+00 (4.5046e+00)	Acc@1  26.56 ( 15.11)	Acc@5  45.31 ( 33.16)
Epoch: [0][3760/4673]	Time  1.474 ( 1.029)	Data  1.383 ( 0.942)	Loss 3.1091e+00 (4.4982e+00)	Acc@1  34.38 ( 15.18)	Acc@5  61.72 ( 33.28)
Epoch: [0][3780/4673]	Time  0.668 ( 1.028)	Data  0.559 ( 0.941)	Loss 3.1870e+00 (4.4920e+00)	Acc@1  35.16 ( 15.25)	Acc@5  57.03 ( 33.39)
Epoch: [0][3800/4673]	Time  0.841 ( 1.027)	Data  0.759 ( 0.940)	Loss 3.4598e+00 (4.4858e+00)	Acc@1  27.34 ( 15.33)	Acc@5  47.66 ( 33.50)
Epoch: [0][3820/4673]	Time  0.322 ( 1.026)	Data  0.241 ( 0.939)	Loss 3.5949e+00 (4.4799e+00)	Acc@1  21.09 ( 15.39)	Acc@5  48.44 ( 33.61)
Epoch: [0][3840/4673]	Time  0.422 ( 1.025)	Data  0.328 ( 0.938)	Loss 3.6364e+00 (4.4740e+00)	Acc@1  24.22 ( 15.46)	Acc@5  55.47 ( 33.72)
Epoch: [0][3860/4673]	Time  0.239 ( 1.024)	Data  0.157 ( 0.937)	Loss 3.2423e+00 (4.4680e+00)	Acc@1  23.44 ( 15.54)	Acc@5  53.91 ( 33.83)
Epoch: [0][3880/4673]	Time  0.249 ( 1.023)	Data  0.160 ( 0.935)	Loss 3.4685e+00 (4.4622e+00)	Acc@1  25.78 ( 15.60)	Acc@5  47.66 ( 33.93)
Epoch: [0][3900/4673]	Time  0.227 ( 1.022)	Data  0.144 ( 0.934)	Loss 3.7582e+00 (4.4563e+00)	Acc@1  25.00 ( 15.67)	Acc@5  47.66 ( 34.04)
Epoch: [0][3920/4673]	Time  0.290 ( 1.021)	Data  0.208 ( 0.934)	Loss 3.0159e+00 (4.4508e+00)	Acc@1  27.34 ( 15.73)	Acc@5  60.16 ( 34.14)
Epoch: [0][3940/4673]	Time  0.264 ( 1.020)	Data  0.181 ( 0.933)	Loss 3.6126e+00 (4.4448e+00)	Acc@1  25.78 ( 15.80)	Acc@5  45.31 ( 34.26)
Epoch: [0][3960/4673]	Time  0.233 ( 1.019)	Data  0.152 ( 0.932)	Loss 3.4034e+00 (4.4394e+00)	Acc@1  29.69 ( 15.87)	Acc@5  55.47 ( 34.36)
Epoch: [0][3980/4673]	Time  0.250 ( 1.018)	Data  0.148 ( 0.931)	Loss 3.2241e+00 (4.4334e+00)	Acc@1  28.91 ( 15.94)	Acc@5  57.81 ( 34.46)
Epoch: [0][4000/4673]	Time  0.245 ( 1.017)	Data  0.143 ( 0.930)	Loss 3.5696e+00 (4.4279e+00)	Acc@1  25.78 ( 16.00)	Acc@5  53.12 ( 34.57)
Epoch: [0][4020/4673]	Time  0.252 ( 1.016)	Data  0.171 ( 0.929)	Loss 3.7515e+00 (4.4226e+00)	Acc@1  25.00 ( 16.06)	Acc@5  46.09 ( 34.67)
Epoch: [0][4040/4673]	Time  0.313 ( 1.015)	Data  0.232 ( 0.928)	Loss 3.1891e+00 (4.4171e+00)	Acc@1  29.69 ( 16.13)	Acc@5  58.59 ( 34.77)
Epoch: [0][4060/4673]	Time  0.256 ( 1.014)	Data  0.175 ( 0.926)	Loss 3.4053e+00 (4.4112e+00)	Acc@1  28.12 ( 16.20)	Acc@5  52.34 ( 34.88)
Epoch: [0][4080/4673]	Time  0.233 ( 1.013)	Data  0.147 ( 0.926)	Loss 3.6582e+00 (4.4055e+00)	Acc@1  23.44 ( 16.27)	Acc@5  46.88 ( 34.99)
Epoch: [0][4100/4673]	Time  0.227 ( 1.012)	Data  0.145 ( 0.925)	Loss 3.4791e+00 (4.4002e+00)	Acc@1  25.00 ( 16.34)	Acc@5  50.78 ( 35.08)
Epoch: [0][4120/4673]	Time  0.228 ( 1.011)	Data  0.146 ( 0.924)	Loss 3.2875e+00 (4.3949e+00)	Acc@1  27.34 ( 16.40)	Acc@5  49.22 ( 35.18)
Epoch: [0][4140/4673]	Time  0.231 ( 1.010)	Data  0.147 ( 0.923)	Loss 3.0525e+00 (4.3890e+00)	Acc@1  30.47 ( 16.47)	Acc@5  60.16 ( 35.29)
Epoch: [0][4160/4673]	Time  0.476 ( 1.009)	Data  0.392 ( 0.922)	Loss 3.2439e+00 (4.3838e+00)	Acc@1  28.12 ( 16.53)	Acc@5  55.47 ( 35.39)
Epoch: [0][4180/4673]	Time  0.306 ( 1.008)	Data  0.224 ( 0.921)	Loss 3.1337e+00 (4.3782e+00)	Acc@1  26.56 ( 16.60)	Acc@5  57.81 ( 35.49)
Epoch: [0][4200/4673]	Time  0.614 ( 1.007)	Data  0.530 ( 0.920)	Loss 3.0585e+00 (4.3726e+00)	Acc@1  31.25 ( 16.67)	Acc@5  64.06 ( 35.60)
Epoch: [0][4220/4673]	Time  0.524 ( 1.006)	Data  0.442 ( 0.919)	Loss 3.2261e+00 (4.3676e+00)	Acc@1  32.81 ( 16.73)	Acc@5  56.25 ( 35.69)
Epoch: [0][4240/4673]	Time  0.411 ( 1.005)	Data  0.329 ( 0.918)	Loss 2.9732e+00 (4.3618e+00)	Acc@1  31.25 ( 16.79)	Acc@5  60.16 ( 35.79)
Epoch: [0][4260/4673]	Time  0.278 ( 1.004)	Data  0.197 ( 0.917)	Loss 3.1871e+00 (4.3564e+00)	Acc@1  31.25 ( 16.86)	Acc@5  60.16 ( 35.89)
Epoch: [0][4280/4673]	Time  0.234 ( 1.003)	Data  0.152 ( 0.916)	Loss 3.0611e+00 (4.3506e+00)	Acc@1  33.59 ( 16.93)	Acc@5  57.81 ( 36.00)
Epoch: [0][4300/4673]	Time  0.225 ( 1.002)	Data  0.139 ( 0.915)	Loss 2.9363e+00 (4.3453e+00)	Acc@1  33.59 ( 17.00)	Acc@5  63.28 ( 36.09)
Epoch: [0][4320/4673]	Time  0.272 ( 1.001)	Data  0.174 ( 0.914)	Loss 3.0900e+00 (4.3401e+00)	Acc@1  30.47 ( 17.06)	Acc@5  59.38 ( 36.19)
Epoch: [0][4340/4673]	Time  0.288 ( 1.000)	Data  0.206 ( 0.913)	Loss 3.0929e+00 (4.3351e+00)	Acc@1  25.00 ( 17.12)	Acc@5  57.81 ( 36.28)
Epoch: [0][4360/4673]	Time  0.230 ( 1.000)	Data  0.148 ( 0.912)	Loss 3.2775e+00 (4.3296e+00)	Acc@1  27.34 ( 17.19)	Acc@5  54.69 ( 36.38)
Epoch: [0][4380/4673]	Time  0.229 ( 0.999)	Data  0.147 ( 0.912)	Loss 3.0409e+00 (4.3242e+00)	Acc@1  33.59 ( 17.25)	Acc@5  61.72 ( 36.48)
Epoch: [0][4400/4673]	Time  0.246 ( 0.998)	Data  0.144 ( 0.911)	Loss 3.2498e+00 (4.3192e+00)	Acc@1  31.25 ( 17.32)	Acc@5  53.12 ( 36.58)
Epoch: [0][4420/4673]	Time  0.242 ( 0.997)	Data  0.160 ( 0.910)	Loss 3.2169e+00 (4.3138e+00)	Acc@1  32.03 ( 17.38)	Acc@5  58.59 ( 36.67)
Epoch: [0][4440/4673]	Time  0.230 ( 0.996)	Data  0.144 ( 0.909)	Loss 3.4172e+00 (4.3088e+00)	Acc@1  28.12 ( 17.44)	Acc@5  55.47 ( 36.77)
Epoch: [0][4460/4673]	Time  0.252 ( 0.995)	Data  0.171 ( 0.908)	Loss 3.5565e+00 (4.3038e+00)	Acc@1  25.78 ( 17.50)	Acc@5  51.56 ( 36.86)
Epoch: [0][4480/4673]	Time  0.301 ( 0.995)	Data  0.217 ( 0.908)	Loss 3.3799e+00 (4.2988e+00)	Acc@1  30.47 ( 17.56)	Acc@5  53.91 ( 36.95)
Epoch: [0][4500/4673]	Time  0.227 ( 0.994)	Data  0.146 ( 0.907)	Loss 2.9804e+00 (4.2940e+00)	Acc@1  35.94 ( 17.62)	Acc@5  54.69 ( 37.03)
Epoch: [0][4520/4673]	Time  0.227 ( 0.993)	Data  0.146 ( 0.906)	Loss 3.2314e+00 (4.2893e+00)	Acc@1  28.91 ( 17.68)	Acc@5  51.56 ( 37.12)
Epoch: [0][4540/4673]	Time  0.250 ( 0.993)	Data  0.161 ( 0.905)	Loss 3.1190e+00 (4.2843e+00)	Acc@1  28.12 ( 17.74)	Acc@5  58.59 ( 37.21)
Epoch: [0][4560/4673]	Time  0.260 ( 0.992)	Data  0.178 ( 0.905)	Loss 2.9200e+00 (4.2794e+00)	Acc@1  35.16 ( 17.81)	Acc@5  64.06 ( 37.30)
Epoch: [0][4580/4673]	Time  0.314 ( 0.991)	Data  0.233 ( 0.904)	Loss 3.1594e+00 (4.2748e+00)	Acc@1  31.25 ( 17.87)	Acc@5  57.03 ( 37.39)
Epoch: [0][4600/4673]	Time  0.245 ( 0.990)	Data  0.163 ( 0.903)	Loss 3.3360e+00 (4.2698e+00)	Acc@1  24.22 ( 17.94)	Acc@5  55.47 ( 37.48)
Epoch: [0][4620/4673]	Time  0.247 ( 0.989)	Data  0.165 ( 0.902)	Loss 2.7639e+00 (4.2652e+00)	Acc@1  42.97 ( 18.00)	Acc@5  67.97 ( 37.57)
Epoch: [0][4640/4673]	Time  0.283 ( 0.989)	Data  0.201 ( 0.901)	Loss 3.1826e+00 (4.2604e+00)	Acc@1  29.69 ( 18.06)	Acc@5  56.25 ( 37.66)
Epoch: [0][4660/4673]	Time  0.454 ( 0.988)	Data  0.358 ( 0.901)	Loss 3.3206e+00 (4.2551e+00)	Acc@1  32.03 ( 18.12)	Acc@5  53.12 ( 37.75)
Test: [  0/365]	Time  8.971 ( 8.971)	Loss 2.7037e+00 (2.7037e+00)	Acc@1  43.75 ( 43.75)	Acc@5  68.75 ( 68.75)
Test: [ 20/365]	Time  2.837 ( 2.053)	Loss 3.8425e+00 (3.3489e+00)	Acc@1  26.56 ( 30.69)	Acc@5  47.66 ( 55.95)
Test: [ 40/365]	Time  2.459 ( 1.865)	Loss 3.1027e+00 (3.3030e+00)	Acc@1  27.34 ( 30.68)	Acc@5  60.16 ( 56.88)
Test: [ 60/365]	Time  1.766 ( 1.780)	Loss 3.6635e+00 (3.2635e+00)	Acc@1  15.62 ( 30.85)	Acc@5  44.53 ( 57.10)
Test: [ 80/365]	Time  0.841 ( 1.737)	Loss 4.0069e+00 (3.4107e+00)	Acc@1  17.97 ( 27.50)	Acc@5  39.06 ( 53.40)
Test: [100/365]	Time  0.530 ( 1.713)	Loss 3.9250e+00 (3.4458e+00)	Acc@1  19.53 ( 25.90)	Acc@5  42.97 ( 52.72)
Test: [120/365]	Time  0.132 ( 1.699)	Loss 4.2953e+00 (3.3827e+00)	Acc@1  14.06 ( 26.80)	Acc@5  33.59 ( 53.83)
Test: [140/365]	Time  0.068 ( 1.685)	Loss 3.4690e+00 (3.3732e+00)	Acc@1  22.66 ( 27.16)	Acc@5  53.91 ( 54.06)
Test: [160/365]	Time  1.012 ( 1.664)	Loss 5.1734e+00 (3.3653e+00)	Acc@1   7.03 ( 27.54)	Acc@5  21.88 ( 54.25)
Test: [180/365]	Time  1.303 ( 1.628)	Loss 3.9516e+00 (3.4622e+00)	Acc@1  16.41 ( 26.61)	Acc@5  44.53 ( 52.59)
Test: [200/365]	Time  1.312 ( 1.578)	Loss 4.6015e+00 (3.5390e+00)	Acc@1  10.94 ( 25.63)	Acc@5  32.03 ( 51.20)
Test: [220/365]	Time  0.844 ( 1.552)	Loss 4.5127e+00 (3.5678e+00)	Acc@1   8.59 ( 25.51)	Acc@5  34.38 ( 50.71)
Test: [240/365]	Time  1.874 ( 1.517)	Loss 3.4590e+00 (3.6034e+00)	Acc@1  31.25 ( 25.26)	Acc@5  50.00 ( 50.06)
Test: [260/365]	Time  0.965 ( 1.491)	Loss 4.9471e+00 (3.6446e+00)	Acc@1  10.94 ( 24.83)	Acc@5  26.56 ( 49.32)
Test: [280/365]	Time  1.413 ( 1.464)	Loss 5.0307e+00 (3.7010e+00)	Acc@1  17.19 ( 24.29)	Acc@5  31.25 ( 48.33)
Test: [300/365]	Time  1.370 ( 1.443)	Loss 5.1408e+00 (3.7218e+00)	Acc@1  11.72 ( 24.14)	Acc@5  29.69 ( 48.02)
Test: [320/365]	Time  1.540 ( 1.422)	Loss 4.3970e+00 (3.7651e+00)	Acc@1   7.03 ( 23.67)	Acc@5  33.59 ( 47.31)
Test: [340/365]	Time  1.036 ( 1.406)	Loss 2.5691e+00 (3.7611e+00)	Acc@1  40.62 ( 23.69)	Acc@5  65.62 ( 47.26)
Test: [360/365]	Time  0.725 ( 1.389)	Loss 3.2646e+00 (3.7254e+00)	Acc@1  22.66 ( 24.04)	Acc@5  53.12 ( 47.85)
 *   Acc@1 24.250 Acc@5 48.050
Test: [  0/365]	Time  8.964 ( 8.964)	Loss 2.7037e+00 (2.7037e+00)	Acc@1  43.75 ( 43.75)	Acc@5  68.75 ( 68.75)
Test: [ 20/365]	Time  2.861 ( 2.053)	Loss 3.8425e+00 (3.3489e+00)	Acc@1  26.56 ( 30.69)	Acc@5  47.66 ( 55.95)
Test: [ 40/365]	Time  2.448 ( 1.865)	Loss 3.1027e+00 (3.3030e+00)	Acc@1  27.34 ( 30.68)	Acc@5  60.16 ( 56.88)
Test: [ 60/365]	Time  1.782 ( 1.780)	Loss 3.6635e+00 (3.2635e+00)	Acc@1  15.62 ( 30.85)	Acc@5  44.53 ( 57.10)
Test: [ 80/365]	Time  0.848 ( 1.737)	Loss 4.0069e+00 (3.4107e+00)	Acc@1  17.97 ( 27.50)	Acc@5  39.06 ( 53.40)
Test: [100/365]	Time  0.530 ( 1.713)	Loss 3.9250e+00 (3.4458e+00)	Acc@1  19.53 ( 25.90)	Acc@5  42.97 ( 52.72)
Test: [120/365]	Time  0.166 ( 1.699)	Loss 4.2953e+00 (3.3827e+00)	Acc@1  14.06 ( 26.80)	Acc@5  33.59 ( 53.83)
Test: [140/365]	Time  0.068 ( 1.685)	Loss 3.4690e+00 (3.3732e+00)	Acc@1  22.66 ( 27.16)	Acc@5  53.91 ( 54.06)
Test: [160/365]	Time  0.979 ( 1.664)	Loss 5.1734e+00 (3.3653e+00)	Acc@1   7.03 ( 27.54)	Acc@5  21.88 ( 54.25)
Test: [180/365]	Time  1.312 ( 1.628)	Loss 3.9516e+00 (3.4622e+00)	Acc@1  16.41 ( 26.61)	Acc@5  44.53 ( 52.59)
Test: [200/365]	Time  1.298 ( 1.578)	Loss 4.6015e+00 (3.5390e+00)	Acc@1  10.94 ( 25.63)	Acc@5  32.03 ( 51.20)
Test: [220/365]	Time  0.813 ( 1.552)	Loss 4.5127e+00 (3.5678e+00)	Acc@1   8.59 ( 25.51)	Acc@5  34.38 ( 50.71)
Test: [240/365]	Time  1.857 ( 1.517)	Loss 3.4590e+00 (3.6034e+00)	Acc@1  31.25 ( 25.26)	Acc@5  50.00 ( 50.06)
Test: [260/365]	Time  0.978 ( 1.491)	Loss 4.9471e+00 (3.6446e+00)	Acc@1  10.94 ( 24.83)	Acc@5  26.56 ( 49.32)
Test: [280/365]	Time  1.417 ( 1.464)	Loss 5.0307e+00 (3.7010e+00)	Acc@1  17.19 ( 24.29)	Acc@5  31.25 ( 48.33)
Test: [300/365]	Time  1.374 ( 1.443)	Loss 5.1408e+00 (3.7218e+00)	Acc@1  11.72 ( 24.14)	Acc@5  29.69 ( 48.02)
Test: [320/365]	Time  1.537 ( 1.421)	Loss 4.3970e+00 (3.7651e+00)	Acc@1   7.03 ( 23.67)	Acc@5  33.59 ( 47.31)
Test: [340/365]	Time  1.043 ( 1.406)	Loss 2.5691e+00 (3.7611e+00)	Acc@1  40.62 ( 23.69)	Acc@5  65.62 ( 47.26)
Test: [360/365]	Time  0.741 ( 1.389)	Loss 3.2646e+00 (3.7254e+00)	Acc@1  22.66 ( 24.04)	Acc@5  53.12 ( 47.85)
 *   Acc@1 24.250 Acc@5 48.050
