Use GPU: 0 for training
=> creating model 'resnet50'
=> loading checkpoint '/home/junzhin/Project/Summer_project/code/version1.0/pretrained_model_results/Resnet50checkpoint.pth.tar'
=> loaded checkpoint '/home/junzhin/Project/Summer_project/code/version1.0/pretrained_model_results/Resnet50checkpoint.pth.tar' (epoch 15)
Use GPU: 3 for training
=> creating model 'resnet50'
=> loading checkpoint '/home/junzhin/Project/Summer_project/code/version1.0/pretrained_model_results/Resnet50checkpoint.pth.tar'
=> loaded checkpoint '/home/junzhin/Project/Summer_project/code/version1.0/pretrained_model_results/Resnet50checkpoint.pth.tar' (epoch 15)
Use GPU: 1 for training
=> creating model 'resnet50'
=> loading checkpoint '/home/junzhin/Project/Summer_project/code/version1.0/pretrained_model_results/Resnet50checkpoint.pth.tar'
=> loaded checkpoint '/home/junzhin/Project/Summer_project/code/version1.0/pretrained_model_results/Resnet50checkpoint.pth.tar' (epoch 15)
Use GPU: 2 for training
=> creating model 'resnet50'
=> loading checkpoint '/home/junzhin/Project/Summer_project/code/version1.0/pretrained_model_results/Resnet50checkpoint.pth.tar'
=> loaded checkpoint '/home/junzhin/Project/Summer_project/code/version1.0/pretrained_model_results/Resnet50checkpoint.pth.tar' (epoch 15)
Epoch: [15][   0/2503]	Time  8.682 ( 8.682)	Data  5.255 ( 5.255)	Loss 1.7683e+00 (1.7683e+00)	Acc@1  59.38 ( 59.38)	Acc@5  81.25 ( 81.25)
Epoch: [15][   0/2503]	Time  8.678 ( 8.678)	Data  5.267 ( 5.267)	Loss 1.9404e+00 (1.9404e+00)	Acc@1  55.47 ( 55.47)	Acc@5  81.25 ( 81.25)
Epoch: [15][   0/2503]	Time  8.678 ( 8.678)	Data  5.438 ( 5.438)	Loss 1.9426e+00 (1.9426e+00)	Acc@1  55.47 ( 55.47)	Acc@5  78.91 ( 78.91)
Epoch: [15][   0/2503]	Time  8.676 ( 8.676)	Data  5.184 ( 5.184)	Loss 1.9887e+00 (1.9887e+00)	Acc@1  51.56 ( 51.56)	Acc@5  79.69 ( 79.69)
