Namespace(arch='resnet18', batch_size=256, center_crop=False, checkmodel_logsave=False, data='Office31', data_processing='ours', epochs=30, iters_per_epoch=500, local=True, local_pretrained_path='/home/junzhin/Project/Summer_project/code/version1.0/old_model_results/Resnet18_office31masked2_newmodel_best.pth.tar', log='/home/junzhin/Project/Summer_project/code/version2.0/training_results/baseline_old/Resnet18_office31masked2/A_D', lr=0.001, lr_decay=0.75, lr_gamma=0.0003, momentum=0.9, per_class_eval=False, phase='train', pretrained=True, print_freq=100, root='/home/junzhin/Project/Summer_project/code/version2.0/data/office31', seed=None, source='A', target='D', wd=0.0005, workers=4)
=> using pre-trained model 'resnet18'
Epoch: [0][  0/500]	Time 2.572 (2.572)	Data 0.096 (0.096)	Loss 3.60 (3.60)	Cls Acc 0.8 (0.8)
Epoch: [0][100/500]	Time 0.502 (0.636)	Data 0.370 (0.480)	Loss 3.30 (3.38)	Cls Acc 10.9 (7.2)
Epoch: [0][200/500]	Time 0.500 (0.628)	Data 0.369 (0.484)	Loss 3.21 (3.32)	Cls Acc 15.2 (10.6)
Epoch: [0][300/500]	Time 0.501 (0.625)	Data 0.369 (0.485)	Loss 3.18 (3.27)	Cls Acc 19.1 (13.2)
Epoch: [0][400/500]	Time 0.503 (0.623)	Data 0.372 (0.485)	Loss 2.99 (3.23)	Cls Acc 27.0 (15.1)
Test: [0/2]	Time  6.315 ( 6.315)	Loss 3.4957e+00 (3.4957e+00)	Acc@1   5.86 (  5.86)	Acc@5  30.47 ( 30.47)
 * Acc@1 4.217 Acc@5 22.490
acc1 = 4.2, best_acc1 = 4.2
Epoch: [1][  0/500]	Time 0.229 (0.229)	Data 0.093 (0.093)	Loss 2.90 (2.90)	Cls Acc 27.0 (27.0)
Epoch: [1][100/500]	Time 0.500 (0.616)	Data 0.368 (0.484)	Loss 2.96 (2.93)	Cls Acc 23.4 (23.2)
Epoch: [1][200/500]	Time 0.499 (0.618)	Data 0.368 (0.486)	Loss 2.85 (2.90)	Cls Acc 24.6 (23.9)
Epoch: [1][300/500]	Time 0.499 (0.619)	Data 0.368 (0.487)	Loss 2.77 (2.86)	Cls Acc 27.0 (24.7)
Epoch: [1][400/500]	Time 0.499 (0.619)	Data 0.367 (0.487)	Loss 2.66 (2.83)	Cls Acc 32.8 (25.3)
Test: [0/2]	Time  6.174 ( 6.174)	Loss 3.7672e+00 (3.7672e+00)	Acc@1   8.20 (  8.20)	Acc@5  34.38 ( 34.38)
 * Acc@1 5.422 Acc@5 24.699
acc1 = 5.4, best_acc1 = 5.4
Epoch: [2][  0/500]	Time 0.223 (0.223)	Data 0.091 (0.091)	Loss 2.60 (2.60)	Cls Acc 35.2 (35.2)
Epoch: [2][100/500]	Time 1.811 (0.629)	Data 1.670 (0.497)	Loss 2.51 (2.62)	Cls Acc 37.5 (30.2)
Epoch: [2][200/500]	Time 0.503 (0.624)	Data 0.371 (0.492)	Loss 2.58 (2.60)	Cls Acc 33.6 (30.7)
Epoch: [2][300/500]	Time 0.502 (0.622)	Data 0.369 (0.490)	Loss 2.61 (2.57)	Cls Acc 31.2 (31.3)
Epoch: [2][400/500]	Time 0.501 (0.622)	Data 0.370 (0.490)	Loss 2.44 (2.55)	Cls Acc 37.5 (31.9)
Test: [0/2]	Time  6.333 ( 6.333)	Loss 3.8988e+00 (3.8988e+00)	Acc@1  12.50 ( 12.50)	Acc@5  33.98 ( 33.98)
 * Acc@1 8.635 Acc@5 26.506
acc1 = 8.6, best_acc1 = 8.6
Epoch: [3][  0/500]	Time 0.226 (0.226)	Data 0.094 (0.094)	Loss 2.54 (2.54)	Cls Acc 33.2 (33.2)
Epoch: [3][100/500]	Time 0.502 (0.621)	Data 0.370 (0.489)	Loss 2.33 (2.41)	Cls Acc 36.3 (35.8)
Epoch: [3][200/500]	Time 0.500 (0.620)	Data 0.368 (0.488)	Loss 2.33 (2.39)	Cls Acc 35.9 (36.4)
Epoch: [3][300/500]	Time 0.500 (0.621)	Data 0.369 (0.489)	Loss 2.27 (2.37)	Cls Acc 45.7 (36.9)
Epoch: [3][400/500]	Time 0.499 (0.621)	Data 0.367 (0.488)	Loss 2.39 (2.35)	Cls Acc 33.2 (37.4)
Test: [0/2]	Time  6.163 ( 6.163)	Loss 3.9875e+00 (3.9875e+00)	Acc@1  12.11 ( 12.11)	Acc@5  34.38 ( 34.38)
 * Acc@1 9.237 Acc@5 26.506
acc1 = 9.2, best_acc1 = 9.2
Epoch: [4][  0/500]	Time 0.226 (0.226)	Data 0.094 (0.094)	Loss 2.23 (2.23)	Cls Acc 38.7 (38.7)
Epoch: [4][100/500]	Time 0.501 (0.616)	Data 0.369 (0.484)	Loss 2.23 (2.24)	Cls Acc 37.9 (40.9)
Epoch: [4][200/500]	Time 1.812 (0.625)	Data 1.678 (0.493)	Loss 2.17 (2.22)	Cls Acc 38.7 (41.2)
Epoch: [4][300/500]	Time 0.502 (0.623)	Data 0.370 (0.491)	Loss 2.09 (2.21)	Cls Acc 50.4 (41.6)
Epoch: [4][400/500]	Time 0.505 (0.622)	Data 0.371 (0.490)	Loss 2.18 (2.19)	Cls Acc 44.1 (42.0)
Test: [0/2]	Time  6.513 ( 6.513)	Loss 4.0395e+00 (4.0395e+00)	Acc@1   9.77 (  9.77)	Acc@5  35.94 ( 35.94)
 * Acc@1 7.430 Acc@5 28.916
acc1 = 7.4, best_acc1 = 9.2
Epoch: [5][  0/500]	Time 0.226 (0.226)	Data 0.094 (0.094)	Loss 2.06 (2.06)	Cls Acc 45.3 (45.3)
Epoch: [5][100/500]	Time 0.502 (0.616)	Data 0.371 (0.484)	Loss 2.08 (2.10)	Cls Acc 46.1 (44.5)
Epoch: [5][200/500]	Time 0.502 (0.618)	Data 0.370 (0.486)	Loss 2.05 (2.09)	Cls Acc 48.0 (44.9)
Epoch: [5][300/500]	Time 0.499 (0.619)	Data 0.367 (0.487)	Loss 2.03 (2.08)	Cls Acc 51.2 (45.3)
Epoch: [5][400/500]	Time 0.499 (0.619)	Data 0.368 (0.487)	Loss 2.09 (2.07)	Cls Acc 43.0 (45.5)
Test: [0/2]	Time  6.158 ( 6.158)	Loss 4.0865e+00 (4.0865e+00)	Acc@1   9.77 (  9.77)	Acc@5  39.06 ( 39.06)
 * Acc@1 7.229 Acc@5 30.924
acc1 = 7.2, best_acc1 = 9.2
Epoch: [6][  0/500]	Time 0.226 (0.226)	Data 0.094 (0.094)	Loss 2.03 (2.03)	Cls Acc 44.5 (44.5)
Epoch: [6][100/500]	Time 0.503 (0.616)	Data 0.371 (0.484)	Loss 1.88 (1.99)	Cls Acc 53.5 (47.7)
Epoch: [6][200/500]	Time 0.499 (0.618)	Data 0.367 (0.486)	Loss 1.98 (1.98)	Cls Acc 47.3 (47.8)
Epoch: [6][300/500]	Time 1.894 (0.623)	Data 1.761 (0.491)	Loss 2.01 (1.97)	Cls Acc 45.7 (48.1)
Epoch: [6][400/500]	Time 0.499 (0.622)	Data 0.368 (0.490)	Loss 1.90 (1.96)	Cls Acc 49.6 (48.4)
Test: [0/2]	Time  6.364 ( 6.364)	Loss 4.0375e+00 (4.0375e+00)	Acc@1   9.77 (  9.77)	Acc@5  37.11 ( 37.11)
 * Acc@1 7.631 Acc@5 28.916
acc1 = 7.6, best_acc1 = 9.2
Epoch: [7][  0/500]	Time 0.225 (0.225)	Data 0.093 (0.093)	Loss 1.86 (1.86)	Cls Acc 52.3 (52.3)
Epoch: [7][100/500]	Time 0.506 (0.617)	Data 0.371 (0.485)	Loss 2.03 (1.90)	Cls Acc 46.1 (49.7)
Epoch: [7][200/500]	Time 0.504 (0.619)	Data 0.372 (0.487)	Loss 1.85 (1.89)	Cls Acc 53.1 (50.1)
Epoch: [7][300/500]	Time 0.503 (0.620)	Data 0.371 (0.487)	Loss 1.76 (1.88)	Cls Acc 50.4 (50.4)
Epoch: [7][400/500]	Time 0.501 (0.620)	Data 0.370 (0.488)	Loss 1.84 (1.87)	Cls Acc 47.7 (50.6)
Test: [0/2]	Time  6.155 ( 6.155)	Loss 4.0317e+00 (4.0317e+00)	Acc@1  10.55 ( 10.55)	Acc@5  37.11 ( 37.11)
 * Acc@1 8.032 Acc@5 28.715
acc1 = 8.0, best_acc1 = 9.2
Epoch: [8][  0/500]	Time 0.224 (0.224)	Data 0.092 (0.092)	Loss 1.88 (1.88)	Cls Acc 51.2 (51.2)
Epoch: [8][100/500]	Time 0.500 (0.617)	Data 0.368 (0.485)	Loss 1.89 (1.81)	Cls Acc 48.8 (52.3)
Epoch: [8][200/500]	Time 0.499 (0.618)	Data 0.368 (0.486)	Loss 1.64 (1.80)	Cls Acc 57.0 (52.3)
Epoch: [8][300/500]	Time 0.498 (0.619)	Data 0.366 (0.487)	Loss 1.81 (1.80)	Cls Acc 48.0 (52.4)
Epoch: [8][400/500]	Time 1.814 (0.622)	Data 1.679 (0.490)	Loss 1.75 (1.79)	Cls Acc 52.0 (52.5)
Test: [0/2]	Time  6.467 ( 6.467)	Loss 4.0408e+00 (4.0408e+00)	Acc@1  10.16 ( 10.16)	Acc@5  39.84 ( 39.84)
 * Acc@1 7.631 Acc@5 30.321
acc1 = 7.6, best_acc1 = 9.2
Epoch: [9][  0/500]	Time 0.227 (0.227)	Data 0.095 (0.095)	Loss 1.73 (1.73)	Cls Acc 51.6 (51.6)
Epoch: [9][100/500]	Time 0.500 (0.616)	Data 0.368 (0.484)	Loss 1.78 (1.74)	Cls Acc 55.1 (53.6)
Epoch: [9][200/500]	Time 0.511 (0.618)	Data 0.379 (0.486)	Loss 1.71 (1.73)	Cls Acc 56.2 (53.7)
Epoch: [9][300/500]	Time 0.502 (0.619)	Data 0.370 (0.487)	Loss 1.74 (1.72)	Cls Acc 53.5 (53.9)
Epoch: [9][400/500]	Time 0.502 (0.619)	Data 0.370 (0.487)	Loss 1.69 (1.72)	Cls Acc 56.2 (54.1)
Test: [0/2]	Time  6.145 ( 6.145)	Loss 4.0984e+00 (4.0984e+00)	Acc@1  10.55 ( 10.55)	Acc@5  36.72 ( 36.72)
 * Acc@1 8.233 Acc@5 28.715
acc1 = 8.2, best_acc1 = 9.2
Epoch: [10][  0/500]	Time 0.225 (0.225)	Data 0.093 (0.093)	Loss 1.67 (1.67)	Cls Acc 55.1 (55.1)
Epoch: [10][100/500]	Time 0.499 (0.615)	Data 0.367 (0.483)	Loss 1.66 (1.67)	Cls Acc 56.6 (55.4)
Epoch: [10][200/500]	Time 0.499 (0.617)	Data 0.367 (0.485)	Loss 1.69 (1.67)	Cls Acc 53.1 (55.5)
Epoch: [10][300/500]	Time 0.500 (0.619)	Data 0.369 (0.487)	Loss 1.73 (1.66)	Cls Acc 49.2 (55.6)
Epoch: [10][400/500]	Time 0.500 (0.620)	Data 0.368 (0.488)	Loss 1.75 (1.65)	Cls Acc 51.2 (55.7)
Test: [0/2]	Time  6.134 ( 6.134)	Loss 4.0423e+00 (4.0423e+00)	Acc@1   9.38 (  9.38)	Acc@5  36.72 ( 36.72)
 * Acc@1 8.233 Acc@5 29.317
acc1 = 8.2, best_acc1 = 9.2
Epoch: [11][  0/500]	Time 1.842 (1.842)	Data 1.709 (1.709)	Loss 1.53 (1.53)	Cls Acc 59.8 (59.8)
Epoch: [11][100/500]	Time 0.499 (0.631)	Data 0.368 (0.500)	Loss 1.63 (1.61)	Cls Acc 55.5 (56.4)
Epoch: [11][200/500]	Time 0.500 (0.626)	Data 0.368 (0.494)	Loss 1.77 (1.61)	Cls Acc 55.1 (56.6)
Epoch: [11][300/500]	Time 0.503 (0.626)	Data 0.372 (0.494)	Loss 1.48 (1.60)	Cls Acc 60.5 (56.7)
Epoch: [11][400/500]	Time 0.501 (0.624)	Data 0.369 (0.492)	Loss 1.52 (1.60)	Cls Acc 59.0 (56.9)
Test: [0/2]	Time  6.244 ( 6.244)	Loss 4.0643e+00 (4.0643e+00)	Acc@1  10.55 ( 10.55)	Acc@5  38.67 ( 38.67)
 * Acc@1 8.233 Acc@5 30.120
acc1 = 8.2, best_acc1 = 9.2
Epoch: [12][  0/500]	Time 0.225 (0.225)	Data 0.093 (0.093)	Loss 1.62 (1.62)	Cls Acc 55.9 (55.9)
Epoch: [12][100/500]	Time 0.499 (0.616)	Data 0.368 (0.484)	Loss 1.61 (1.56)	Cls Acc 57.4 (57.8)
Epoch: [12][200/500]	Time 0.502 (0.618)	Data 0.371 (0.486)	Loss 1.67 (1.55)	Cls Acc 58.6 (58.0)
Epoch: [12][300/500]	Time 0.504 (0.619)	Data 0.372 (0.487)	Loss 1.59 (1.55)	Cls Acc 55.9 (58.1)
Epoch: [12][400/500]	Time 0.500 (0.619)	Data 0.368 (0.487)	Loss 1.47 (1.54)	Cls Acc 60.9 (58.2)
Test: [0/2]	Time  6.146 ( 6.146)	Loss 4.1473e+00 (4.1473e+00)	Acc@1  10.55 ( 10.55)	Acc@5  39.45 ( 39.45)
 * Acc@1 8.635 Acc@5 31.526
acc1 = 8.6, best_acc1 = 9.2
Epoch: [13][  0/500]	Time 0.223 (0.223)	Data 0.092 (0.092)	Loss 1.49 (1.49)	Cls Acc 60.9 (60.9)
Epoch: [13][100/500]	Time 1.791 (0.628)	Data 1.656 (0.496)	Loss 1.48 (1.51)	Cls Acc 59.0 (59.1)
Epoch: [13][200/500]	Time 0.500 (0.624)	Data 0.369 (0.492)	Loss 1.52 (1.51)	Cls Acc 58.6 (59.1)
Epoch: [13][300/500]	Time 0.504 (0.623)	Data 0.372 (0.490)	Loss 1.50 (1.50)	Cls Acc 57.4 (59.1)
Epoch: [13][400/500]	Time 0.510 (0.622)	Data 0.374 (0.490)	Loss 1.39 (1.50)	Cls Acc 61.3 (59.3)
Test: [0/2]	Time  6.312 ( 6.312)	Loss 4.1956e+00 (4.1956e+00)	Acc@1   9.38 (  9.38)	Acc@5  39.06 ( 39.06)
 * Acc@1 8.233 Acc@5 31.325
acc1 = 8.2, best_acc1 = 9.2
Epoch: [14][  0/500]	Time 0.228 (0.228)	Data 0.097 (0.097)	Loss 1.41 (1.41)	Cls Acc 61.3 (61.3)
Epoch: [14][100/500]	Time 0.500 (0.615)	Data 0.369 (0.483)	Loss 1.46 (1.47)	Cls Acc 60.5 (60.3)
Epoch: [14][200/500]	Time 0.502 (0.618)	Data 0.370 (0.486)	Loss 1.47 (1.46)	Cls Acc 58.6 (60.3)
Epoch: [14][300/500]	Time 0.501 (0.618)	Data 0.369 (0.486)	Loss 1.36 (1.46)	Cls Acc 65.2 (60.5)
Epoch: [14][400/500]	Time 0.501 (0.619)	Data 0.369 (0.487)	Loss 1.61 (1.45)	Cls Acc 53.5 (60.6)
Test: [0/2]	Time  6.137 ( 6.137)	Loss 4.3962e+00 (4.3962e+00)	Acc@1  10.16 ( 10.16)	Acc@5  37.11 ( 37.11)
 * Acc@1 8.233 Acc@5 30.120
acc1 = 8.2, best_acc1 = 9.2
Epoch: [15][  0/500]	Time 0.224 (0.224)	Data 0.092 (0.092)	Loss 1.45 (1.45)	Cls Acc 60.5 (60.5)
Epoch: [15][100/500]	Time 0.500 (0.616)	Data 0.369 (0.484)	Loss 1.56 (1.42)	Cls Acc 59.8 (61.1)
Epoch: [15][200/500]	Time 1.803 (0.624)	Data 1.669 (0.492)	Loss 1.34 (1.42)	Cls Acc 64.1 (61.4)
Epoch: [15][300/500]	Time 0.500 (0.623)	Data 0.368 (0.491)	Loss 1.42 (1.42)	Cls Acc 60.5 (61.5)
Epoch: [15][400/500]	Time 0.503 (0.623)	Data 0.370 (0.490)	Loss 1.42 (1.41)	Cls Acc 58.6 (61.6)
Test: [0/2]	Time  6.337 ( 6.337)	Loss 4.2885e+00 (4.2885e+00)	Acc@1  10.16 ( 10.16)	Acc@5  36.33 ( 36.33)
 * Acc@1 8.635 Acc@5 30.321
acc1 = 8.6, best_acc1 = 9.2
Epoch: [16][  0/500]	Time 0.225 (0.225)	Data 0.093 (0.093)	Loss 1.49 (1.49)	Cls Acc 57.8 (57.8)
Epoch: [16][100/500]	Time 0.502 (0.617)	Data 0.371 (0.485)	Loss 1.44 (1.39)	Cls Acc 60.5 (62.4)
Epoch: [16][200/500]	Time 0.502 (0.619)	Data 0.370 (0.487)	Loss 1.21 (1.38)	Cls Acc 68.4 (62.6)
Epoch: [16][300/500]	Time 0.502 (0.620)	Data 0.370 (0.488)	Loss 1.29 (1.38)	Cls Acc 66.0 (62.7)
Epoch: [16][400/500]	Time 0.503 (0.620)	Data 0.370 (0.488)	Loss 1.46 (1.38)	Cls Acc 59.0 (62.7)
Test: [0/2]	Time  6.150 ( 6.150)	Loss 4.4317e+00 (4.4317e+00)	Acc@1  10.16 ( 10.16)	Acc@5  35.55 ( 35.55)
 * Acc@1 8.635 Acc@5 28.715
acc1 = 8.6, best_acc1 = 9.2
Epoch: [17][  0/500]	Time 0.226 (0.226)	Data 0.094 (0.094)	Loss 1.31 (1.31)	Cls Acc 66.4 (66.4)
Epoch: [17][100/500]	Time 0.499 (0.617)	Data 0.367 (0.485)	Loss 1.30 (1.35)	Cls Acc 63.7 (63.5)
Epoch: [17][200/500]	Time 0.495 (0.619)	Data 0.363 (0.487)	Loss 1.35 (1.35)	Cls Acc 64.5 (63.6)
Epoch: [17][300/500]	Time 1.868 (0.624)	Data 1.722 (0.492)	Loss 1.44 (1.34)	Cls Acc 64.1 (63.7)
Epoch: [17][400/500]	Time 0.499 (0.623)	Data 0.368 (0.491)	Loss 1.32 (1.34)	Cls Acc 63.7 (63.7)
Test: [0/2]	Time  6.401 ( 6.401)	Loss 4.3940e+00 (4.3940e+00)	Acc@1   7.81 (  7.81)	Acc@5  35.94 ( 35.94)
 * Acc@1 7.229 Acc@5 30.321
acc1 = 7.2, best_acc1 = 9.2
Epoch: [18][  0/500]	Time 0.227 (0.227)	Data 0.094 (0.094)	Loss 1.33 (1.33)	Cls Acc 62.9 (62.9)
Epoch: [18][100/500]	Time 0.508 (0.615)	Data 0.376 (0.483)	Loss 1.32 (1.32)	Cls Acc 63.3 (64.2)
Epoch: [18][200/500]	Time 0.503 (0.618)	Data 0.371 (0.486)	Loss 1.30 (1.31)	Cls Acc 65.2 (64.2)
Epoch: [18][300/500]	Time 0.506 (0.619)	Data 0.373 (0.487)	Loss 1.37 (1.31)	Cls Acc 63.3 (64.4)
Epoch: [18][400/500]	Time 0.500 (0.620)	Data 0.368 (0.487)	Loss 1.50 (1.31)	Cls Acc 57.4 (64.6)
Test: [0/2]	Time  6.146 ( 6.146)	Loss 4.4059e+00 (4.4059e+00)	Acc@1   9.38 (  9.38)	Acc@5  34.77 ( 34.77)
 * Acc@1 8.233 Acc@5 29.317
acc1 = 8.2, best_acc1 = 9.2
Epoch: [19][  0/500]	Time 0.224 (0.224)	Data 0.092 (0.092)	Loss 1.29 (1.29)	Cls Acc 62.9 (62.9)
Epoch: [19][100/500]	Time 0.501 (0.616)	Data 0.369 (0.484)	Loss 1.09 (1.29)	Cls Acc 68.4 (64.9)
Epoch: [19][200/500]	Time 0.500 (0.618)	Data 0.369 (0.486)	Loss 1.37 (1.28)	Cls Acc 60.2 (65.0)
Epoch: [19][300/500]	Time 0.500 (0.619)	Data 0.369 (0.487)	Loss 1.39 (1.28)	Cls Acc 65.2 (65.2)
Epoch: [19][400/500]	Time 1.817 (0.622)	Data 1.684 (0.490)	Loss 1.27 (1.28)	Cls Acc 65.6 (65.3)
Test: [0/2]	Time  6.324 ( 6.324)	Loss 4.4468e+00 (4.4468e+00)	Acc@1   8.20 (  8.20)	Acc@5  35.94 ( 35.94)
 * Acc@1 7.831 Acc@5 30.723
acc1 = 7.8, best_acc1 = 9.2
Epoch: [20][  0/500]	Time 0.228 (0.228)	Data 0.096 (0.096)	Loss 1.23 (1.23)	Cls Acc 66.8 (66.8)
Epoch: [20][100/500]	Time 0.509 (0.617)	Data 0.371 (0.485)	Loss 1.24 (1.25)	Cls Acc 70.3 (66.3)
Epoch: [20][200/500]	Time 0.504 (0.618)	Data 0.370 (0.486)	Loss 1.22 (1.25)	Cls Acc 69.1 (66.0)
Epoch: [20][300/500]	Time 0.504 (0.620)	Data 0.371 (0.487)	Loss 1.13 (1.25)	Cls Acc 68.8 (66.1)
Epoch: [20][400/500]	Time 0.504 (0.620)	Data 0.373 (0.488)	Loss 1.31 (1.24)	Cls Acc 66.8 (66.3)
Test: [0/2]	Time  6.200 ( 6.200)	Loss 4.4757e+00 (4.4757e+00)	Acc@1   8.98 (  8.98)	Acc@5  35.55 ( 35.55)
 * Acc@1 8.233 Acc@5 30.321
acc1 = 8.2, best_acc1 = 9.2
Epoch: [21][  0/500]	Time 0.225 (0.225)	Data 0.093 (0.093)	Loss 1.24 (1.24)	Cls Acc 65.2 (65.2)
Epoch: [21][100/500]	Time 0.502 (0.617)	Data 0.370 (0.485)	Loss 1.27 (1.22)	Cls Acc 64.1 (67.0)
Epoch: [21][200/500]	Time 0.502 (0.621)	Data 0.371 (0.489)	Loss 1.17 (1.22)	Cls Acc 68.8 (67.0)
Epoch: [21][300/500]	Time 0.505 (0.622)	Data 0.373 (0.490)	Loss 1.22 (1.22)	Cls Acc 70.3 (67.0)
Epoch: [21][400/500]	Time 0.501 (0.622)	Data 0.370 (0.490)	Loss 1.12 (1.21)	Cls Acc 70.7 (67.1)
Test: [0/2]	Time  6.090 ( 6.090)	Loss 4.6122e+00 (4.6122e+00)	Acc@1   8.98 (  8.98)	Acc@5  35.55 ( 35.55)
 * Acc@1 8.032 Acc@5 29.920
acc1 = 8.0, best_acc1 = 9.2
Epoch: [22][  0/500]	Time 1.846 (1.846)	Data 1.713 (1.713)	Loss 1.18 (1.18)	Cls Acc 63.7 (63.7)
Epoch: [22][100/500]	Time 0.503 (0.633)	Data 0.371 (0.501)	Loss 1.15 (1.19)	Cls Acc 67.6 (67.7)
Epoch: [22][200/500]	Time 0.502 (0.627)	Data 0.371 (0.495)	Loss 1.13 (1.19)	Cls Acc 69.9 (67.7)
Epoch: [22][300/500]	Time 0.503 (0.625)	Data 0.371 (0.492)	Loss 1.23 (1.19)	Cls Acc 65.6 (67.8)
Epoch: [22][400/500]	Time 0.501 (0.624)	Data 0.370 (0.491)	Loss 1.13 (1.19)	Cls Acc 68.8 (67.8)
Test: [0/2]	Time  6.248 ( 6.248)	Loss 4.7042e+00 (4.7042e+00)	Acc@1   8.20 (  8.20)	Acc@5  35.94 ( 35.94)
 * Acc@1 7.831 Acc@5 29.920
acc1 = 7.8, best_acc1 = 9.2
Epoch: [23][  0/500]	Time 0.224 (0.224)	Data 0.093 (0.093)	Loss 1.23 (1.23)	Cls Acc 67.2 (67.2)
Epoch: [23][100/500]	Time 0.500 (0.616)	Data 0.368 (0.484)	Loss 1.12 (1.17)	Cls Acc 66.4 (68.4)
Epoch: [23][200/500]	Time 0.501 (0.618)	Data 0.369 (0.486)	Loss 1.17 (1.16)	Cls Acc 66.4 (68.4)
Epoch: [23][300/500]	Time 0.501 (0.618)	Data 0.370 (0.486)	Loss 1.22 (1.16)	Cls Acc 66.8 (68.5)
Epoch: [23][400/500]	Time 0.501 (0.619)	Data 0.370 (0.487)	Loss 1.32 (1.16)	Cls Acc 64.8 (68.5)
Test: [0/2]	Time  6.156 ( 6.156)	Loss 4.7202e+00 (4.7202e+00)	Acc@1   8.59 (  8.59)	Acc@5  33.98 ( 33.98)
 * Acc@1 8.032 Acc@5 28.715
acc1 = 8.0, best_acc1 = 9.2
Epoch: [24][  0/500]	Time 0.224 (0.224)	Data 0.092 (0.092)	Loss 1.16 (1.16)	Cls Acc 66.0 (66.0)
Epoch: [24][100/500]	Time 1.814 (0.630)	Data 1.680 (0.498)	Loss 1.21 (1.15)	Cls Acc 65.6 (69.2)
Epoch: [24][200/500]	Time 0.502 (0.625)	Data 0.369 (0.493)	Loss 1.06 (1.14)	Cls Acc 69.5 (69.2)
Epoch: [24][300/500]	Time 0.502 (0.623)	Data 0.371 (0.491)	Loss 1.19 (1.14)	Cls Acc 70.3 (69.3)
Epoch: [24][400/500]	Time 0.506 (0.622)	Data 0.375 (0.490)	Loss 1.09 (1.14)	Cls Acc 70.7 (69.4)
Test: [0/2]	Time  6.267 ( 6.267)	Loss 4.7565e+00 (4.7565e+00)	Acc@1   7.81 (  7.81)	Acc@5  33.98 ( 33.98)
 * Acc@1 7.631 Acc@5 29.116
acc1 = 7.6, best_acc1 = 9.2
Epoch: [25][  0/500]	Time 0.227 (0.227)	Data 0.095 (0.095)	Loss 1.08 (1.08)	Cls Acc 71.5 (71.5)
Epoch: [25][100/500]	Time 0.503 (0.615)	Data 0.371 (0.483)	Loss 1.07 (1.12)	Cls Acc 69.1 (69.9)
Epoch: [25][200/500]	Time 0.501 (0.617)	Data 0.368 (0.485)	Loss 1.00 (1.12)	Cls Acc 70.7 (70.0)
Epoch: [25][300/500]	Time 0.500 (0.618)	Data 0.369 (0.486)	Loss 1.11 (1.11)	Cls Acc 69.5 (70.0)
Epoch: [25][400/500]	Time 0.502 (0.619)	Data 0.370 (0.487)	Loss 1.09 (1.11)	Cls Acc 69.1 (70.0)
Test: [0/2]	Time  6.278 ( 6.278)	Loss 4.7888e+00 (4.7888e+00)	Acc@1   7.42 (  7.42)	Acc@5  34.38 ( 34.38)
 * Acc@1 7.631 Acc@5 28.916
acc1 = 7.6, best_acc1 = 9.2
Epoch: [26][  0/500]	Time 0.225 (0.225)	Data 0.093 (0.093)	Loss 1.09 (1.09)	Cls Acc 72.3 (72.3)
Epoch: [26][100/500]	Time 0.504 (0.618)	Data 0.372 (0.486)	Loss 1.24 (1.10)	Cls Acc 62.5 (70.4)
Epoch: [26][200/500]	Time 1.820 (0.625)	Data 1.686 (0.493)	Loss 0.98 (1.09)	Cls Acc 75.8 (70.4)
Epoch: [26][300/500]	Time 0.503 (0.623)	Data 0.371 (0.491)	Loss 1.15 (1.09)	Cls Acc 65.6 (70.4)
Epoch: [26][400/500]	Time 0.505 (0.622)	Data 0.373 (0.490)	Loss 1.06 (1.09)	Cls Acc 68.4 (70.6)
Test: [0/2]	Time  6.395 ( 6.395)	Loss 4.8911e+00 (4.8911e+00)	Acc@1   7.42 (  7.42)	Acc@5  34.38 ( 34.38)
 * Acc@1 7.631 Acc@5 28.514
acc1 = 7.6, best_acc1 = 9.2
Epoch: [27][  0/500]	Time 0.226 (0.226)	Data 0.094 (0.094)	Loss 1.11 (1.11)	Cls Acc 71.9 (71.9)
Epoch: [27][100/500]	Time 0.503 (0.616)	Data 0.372 (0.484)	Loss 1.10 (1.07)	Cls Acc 69.9 (71.3)
Epoch: [27][200/500]	Time 0.534 (0.618)	Data 0.402 (0.486)	Loss 1.03 (1.07)	Cls Acc 73.0 (71.2)
Epoch: [27][300/500]	Time 0.501 (0.620)	Data 0.369 (0.488)	Loss 1.05 (1.07)	Cls Acc 69.5 (71.4)
Epoch: [27][400/500]	Time 0.500 (0.623)	Data 0.369 (0.491)	Loss 1.07 (1.06)	Cls Acc 67.2 (71.4)
Test: [0/2]	Time  6.064 ( 6.064)	Loss 4.9137e+00 (4.9137e+00)	Acc@1   7.81 (  7.81)	Acc@5  34.77 ( 34.77)
 * Acc@1 7.831 Acc@5 28.916
acc1 = 7.8, best_acc1 = 9.2
Epoch: [28][  0/500]	Time 0.225 (0.225)	Data 0.093 (0.093)	Loss 1.09 (1.09)	Cls Acc 71.9 (71.9)
Epoch: [28][100/500]	Time 0.498 (0.615)	Data 0.367 (0.483)	Loss 1.10 (1.05)	Cls Acc 69.5 (71.7)
Epoch: [28][200/500]	Time 0.501 (0.618)	Data 0.370 (0.486)	Loss 1.06 (1.05)	Cls Acc 72.3 (71.8)
Epoch: [28][300/500]	Time 1.810 (0.623)	Data 1.676 (0.491)	Loss 1.07 (1.05)	Cls Acc 73.0 (71.9)
Epoch: [28][400/500]	Time 0.503 (0.622)	Data 0.371 (0.490)	Loss 1.04 (1.05)	Cls Acc 71.5 (71.9)
Test: [0/2]	Time  6.446 ( 6.446)	Loss 5.0722e+00 (5.0722e+00)	Acc@1   8.20 (  8.20)	Acc@5  32.42 ( 32.42)
 * Acc@1 8.233 Acc@5 27.912
acc1 = 8.2, best_acc1 = 9.2
Epoch: [29][  0/500]	Time 0.226 (0.226)	Data 0.094 (0.094)	Loss 0.95 (0.95)	Cls Acc 73.4 (73.4)
Epoch: [29][100/500]	Time 0.502 (0.625)	Data 0.370 (0.493)	Loss 0.90 (1.03)	Cls Acc 75.0 (72.4)
Epoch: [29][200/500]	Time 0.505 (0.629)	Data 0.372 (0.497)	Loss 0.90 (1.03)	Cls Acc 78.9 (72.6)
Epoch: [29][300/500]	Time 0.502 (0.630)	Data 0.371 (0.497)	Loss 1.18 (1.02)	Cls Acc 69.9 (72.6)
Epoch: [29][400/500]	Time 0.502 (0.627)	Data 0.371 (0.495)	Loss 1.03 (1.02)	Cls Acc 74.2 (72.8)
Test: [0/2]	Time  6.066 ( 6.066)	Loss 5.0138e+00 (5.0138e+00)	Acc@1   6.64 (  6.64)	Acc@5  32.81 ( 32.81)
 * Acc@1 7.430 Acc@5 27.510
acc1 = 7.4, best_acc1 = 9.2
best_acc1 = 9.2
Traceback (most recent call last):
  File "../../../../source_only.py", line 377, in <module>
    main(args)
  File "../../../../source_only.py", line 161, in main
    acc1 = validate(val_loader, classifier, args)
TypeError: validate() missing 1 required positional argument: 'epoch'
