Namespace(arch='resnet18', batch_size=256, center_crop=False, checkmodel_logsave=False, data='Office31', data_processing='ours', epochs=30, iters_per_epoch=500, local=True, local_pretrained_path='/home/junzhin/Project/Summer_project/code/version1.0/old_model_results/Resnet18_office31masked2_newmodel_best.pth.tar', log='/home/junzhin/Project/Summer_project/code/version2.0/training_results/baseline_old/Resnet18_office31masked2/A_W', lr=0.001, lr_decay=0.75, lr_gamma=0.0003, momentum=0.9, per_class_eval=False, phase='train', pretrained=True, print_freq=100, root='/home/junzhin/Project/Summer_project/code/version2.0/data/office31', seed=None, source='A', target='W', wd=0.0005, workers=4)
=> using pre-trained model 'resnet18'
Epoch: [0][  0/500]	Time 2.525 (2.525)	Data 0.101 (0.101)	Loss 3.51 (3.51)	Cls Acc 2.7 (2.7)
Epoch: [0][100/500]	Time 0.492 (0.628)	Data 0.359 (0.472)	Loss 3.30 (3.37)	Cls Acc 9.4 (7.2)
Epoch: [0][200/500]	Time 0.495 (0.621)	Data 0.362 (0.477)	Loss 3.23 (3.32)	Cls Acc 16.0 (10.0)
Epoch: [0][300/500]	Time 0.508 (0.618)	Data 0.375 (0.478)	Loss 3.17 (3.27)	Cls Acc 19.9 (12.1)
Epoch: [0][400/500]	Time 0.496 (0.616)	Data 0.364 (0.478)	Loss 3.08 (3.23)	Cls Acc 15.6 (13.7)
Test: [0/4]	Time  2.667 ( 2.667)	Loss 3.2754e+00 (3.2754e+00)	Acc@1   4.69 (  4.69)	Acc@5  22.66 ( 22.66)
 * Acc@1 4.277 Acc@5 16.730
acc1 = 4.3, best_acc1 = 4.3
Epoch: [1][  0/500]	Time 0.222 (0.222)	Data 0.086 (0.086)	Loss 3.05 (3.05)	Cls Acc 22.7 (22.7)
Epoch: [1][100/500]	Time 0.494 (0.607)	Data 0.362 (0.475)	Loss 2.91 (2.99)	Cls Acc 25.8 (22.2)
Epoch: [1][200/500]	Time 0.495 (0.609)	Data 0.363 (0.476)	Loss 2.91 (2.96)	Cls Acc 23.4 (22.9)
Epoch: [1][300/500]	Time 0.494 (0.610)	Data 0.362 (0.477)	Loss 2.79 (2.93)	Cls Acc 29.3 (23.9)
Epoch: [1][400/500]	Time 0.493 (0.610)	Data 0.361 (0.477)	Loss 2.76 (2.91)	Cls Acc 31.2 (24.6)
Test: [0/4]	Time  2.459 ( 2.459)	Loss 3.3005e+00 (3.3005e+00)	Acc@1   6.25 (  6.25)	Acc@5  26.95 ( 26.95)
 * Acc@1 6.415 Acc@5 19.245
acc1 = 6.4, best_acc1 = 6.4
Epoch: [2][  0/500]	Time 0.217 (0.217)	Data 0.085 (0.085)	Loss 2.72 (2.72)	Cls Acc 32.0 (32.0)
Epoch: [2][100/500]	Time 1.750 (0.619)	Data 1.615 (0.486)	Loss 2.74 (2.73)	Cls Acc 28.1 (28.8)
Epoch: [2][200/500]	Time 0.491 (0.615)	Data 0.360 (0.482)	Loss 2.63 (2.71)	Cls Acc 31.2 (29.4)
Epoch: [2][300/500]	Time 0.497 (0.614)	Data 0.365 (0.481)	Loss 2.60 (2.69)	Cls Acc 33.6 (29.8)
Epoch: [2][400/500]	Time 0.495 (0.613)	Data 0.363 (0.480)	Loss 2.55 (2.66)	Cls Acc 33.6 (30.3)
Test: [0/4]	Time  3.067 ( 3.067)	Loss 3.3330e+00 (3.3330e+00)	Acc@1   6.64 (  6.64)	Acc@5  29.30 ( 29.30)
 * Acc@1 6.164 Acc@5 19.748
acc1 = 6.2, best_acc1 = 6.4
Epoch: [3][  0/500]	Time 0.222 (0.222)	Data 0.089 (0.089)	Loss 2.60 (2.60)	Cls Acc 35.5 (35.5)
Epoch: [3][100/500]	Time 0.496 (0.607)	Data 0.364 (0.474)	Loss 2.65 (2.52)	Cls Acc 29.7 (33.2)
Epoch: [3][200/500]	Time 0.494 (0.609)	Data 0.362 (0.476)	Loss 2.44 (2.50)	Cls Acc 34.0 (33.9)
Epoch: [3][300/500]	Time 0.491 (0.609)	Data 0.360 (0.477)	Loss 2.48 (2.48)	Cls Acc 34.4 (34.3)
Epoch: [3][400/500]	Time 0.494 (0.610)	Data 0.362 (0.477)	Loss 2.38 (2.46)	Cls Acc 36.7 (34.8)
Test: [0/4]	Time  2.492 ( 2.492)	Loss 3.3580e+00 (3.3580e+00)	Acc@1   8.20 (  8.20)	Acc@5  29.30 ( 29.30)
 * Acc@1 8.050 Acc@5 20.755
acc1 = 8.1, best_acc1 = 8.1
Epoch: [4][  0/500]	Time 0.219 (0.219)	Data 0.087 (0.087)	Loss 2.41 (2.41)	Cls Acc 33.2 (33.2)
Epoch: [4][100/500]	Time 0.492 (0.609)	Data 0.360 (0.476)	Loss 2.27 (2.34)	Cls Acc 41.8 (37.8)
Epoch: [4][200/500]	Time 1.863 (0.617)	Data 1.726 (0.484)	Loss 2.29 (2.33)	Cls Acc 36.3 (38.2)
Epoch: [4][300/500]	Time 0.495 (0.615)	Data 0.359 (0.483)	Loss 2.22 (2.31)	Cls Acc 39.5 (38.6)
Epoch: [4][400/500]	Time 0.498 (0.614)	Data 0.363 (0.482)	Loss 2.09 (2.30)	Cls Acc 48.8 (39.1)
Test: [0/4]	Time  3.362 ( 3.362)	Loss 3.3882e+00 (3.3882e+00)	Acc@1   7.81 (  7.81)	Acc@5  31.25 ( 31.25)
 * Acc@1 8.805 Acc@5 22.138
acc1 = 8.8, best_acc1 = 8.8
Epoch: [5][  0/500]	Time 0.217 (0.217)	Data 0.085 (0.085)	Loss 2.25 (2.25)	Cls Acc 38.7 (38.7)
Epoch: [5][100/500]	Time 0.495 (0.607)	Data 0.363 (0.474)	Loss 2.23 (2.20)	Cls Acc 39.5 (41.9)
Epoch: [5][200/500]	Time 0.497 (0.609)	Data 0.365 (0.476)	Loss 2.15 (2.18)	Cls Acc 39.1 (42.2)
Epoch: [5][300/500]	Time 0.493 (0.610)	Data 0.362 (0.478)	Loss 2.12 (2.17)	Cls Acc 44.9 (42.6)
Epoch: [5][400/500]	Time 0.494 (0.610)	Data 0.362 (0.478)	Loss 2.14 (2.16)	Cls Acc 45.7 (42.9)
Test: [0/4]	Time  2.522 ( 2.522)	Loss 3.4341e+00 (3.4341e+00)	Acc@1   7.42 (  7.42)	Acc@5  33.59 ( 33.59)
 * Acc@1 8.931 Acc@5 23.899
acc1 = 8.9, best_acc1 = 8.9
Epoch: [6][  0/500]	Time 0.220 (0.220)	Data 0.087 (0.087)	Loss 2.19 (2.19)	Cls Acc 42.6 (42.6)
Epoch: [6][100/500]	Time 0.492 (0.609)	Data 0.360 (0.476)	Loss 2.03 (2.07)	Cls Acc 49.2 (45.5)
Epoch: [6][200/500]	Time 0.494 (0.610)	Data 0.362 (0.477)	Loss 2.19 (2.06)	Cls Acc 40.6 (45.8)
Epoch: [6][300/500]	Time 1.797 (0.615)	Data 1.662 (0.482)	Loss 1.97 (2.05)	Cls Acc 45.3 (45.9)
Epoch: [6][400/500]	Time 0.492 (0.614)	Data 0.360 (0.481)	Loss 1.88 (2.04)	Cls Acc 57.0 (46.3)
Test: [0/4]	Time  3.392 ( 3.392)	Loss 3.4909e+00 (3.4909e+00)	Acc@1   7.42 (  7.42)	Acc@5  33.20 ( 33.20)
 * Acc@1 8.931 Acc@5 25.031
acc1 = 8.9, best_acc1 = 8.9
Epoch: [7][  0/500]	Time 0.218 (0.218)	Data 0.086 (0.086)	Loss 1.80 (1.80)	Cls Acc 52.3 (52.3)
Epoch: [7][100/500]	Time 0.495 (0.607)	Data 0.363 (0.474)	Loss 1.89 (1.96)	Cls Acc 46.5 (47.9)
Epoch: [7][200/500]	Time 0.495 (0.609)	Data 0.362 (0.477)	Loss 1.93 (1.95)	Cls Acc 48.0 (48.3)
Epoch: [7][300/500]	Time 0.495 (0.610)	Data 0.363 (0.477)	Loss 1.98 (1.94)	Cls Acc 48.0 (48.6)
Epoch: [7][400/500]	Time 0.494 (0.610)	Data 0.362 (0.478)	Loss 2.00 (1.93)	Cls Acc 44.1 (48.8)
Test: [0/4]	Time  2.499 ( 2.499)	Loss 3.5533e+00 (3.5533e+00)	Acc@1  10.16 ( 10.16)	Acc@5  31.64 ( 31.64)
 * Acc@1 9.937 Acc@5 24.906
acc1 = 9.9, best_acc1 = 9.9
Epoch: [8][  0/500]	Time 0.218 (0.218)	Data 0.086 (0.086)	Loss 1.74 (1.74)	Cls Acc 52.0 (52.0)
Epoch: [8][100/500]	Time 0.493 (0.607)	Data 0.360 (0.474)	Loss 1.79 (1.86)	Cls Acc 54.7 (50.3)
Epoch: [8][200/500]	Time 0.492 (0.609)	Data 0.359 (0.476)	Loss 1.99 (1.86)	Cls Acc 46.1 (50.5)
Epoch: [8][300/500]	Time 0.495 (0.610)	Data 0.362 (0.477)	Loss 1.72 (1.85)	Cls Acc 49.2 (50.7)
Epoch: [8][400/500]	Time 1.815 (0.613)	Data 1.680 (0.481)	Loss 1.86 (1.84)	Cls Acc 48.4 (50.9)
Test: [0/4]	Time  3.248 ( 3.248)	Loss 3.6498e+00 (3.6498e+00)	Acc@1  10.16 ( 10.16)	Acc@5  32.42 ( 32.42)
 * Acc@1 9.686 Acc@5 26.541
acc1 = 9.7, best_acc1 = 9.9
Epoch: [9][  0/500]	Time 0.218 (0.218)	Data 0.086 (0.086)	Loss 1.92 (1.92)	Cls Acc 48.8 (48.8)
Epoch: [9][100/500]	Time 0.494 (0.606)	Data 0.362 (0.473)	Loss 1.77 (1.78)	Cls Acc 52.3 (52.2)
Epoch: [9][200/500]	Time 0.499 (0.608)	Data 0.366 (0.476)	Loss 1.69 (1.77)	Cls Acc 54.3 (52.4)
Epoch: [9][300/500]	Time 0.494 (0.610)	Data 0.362 (0.477)	Loss 1.85 (1.76)	Cls Acc 44.9 (52.5)
Epoch: [9][400/500]	Time 0.498 (0.610)	Data 0.366 (0.477)	Loss 1.77 (1.76)	Cls Acc 50.8 (52.6)
Test: [0/4]	Time  2.489 ( 2.489)	Loss 3.7971e+00 (3.7971e+00)	Acc@1   8.20 (  8.20)	Acc@5  28.91 ( 28.91)
 * Acc@1 9.182 Acc@5 25.786
acc1 = 9.2, best_acc1 = 9.9
Epoch: [10][  0/500]	Time 0.218 (0.218)	Data 0.086 (0.086)	Loss 1.77 (1.77)	Cls Acc 50.0 (50.0)
Epoch: [10][100/500]	Time 0.493 (0.607)	Data 0.361 (0.475)	Loss 1.65 (1.71)	Cls Acc 53.5 (53.8)
Epoch: [10][200/500]	Time 0.493 (0.609)	Data 0.361 (0.476)	Loss 1.76 (1.70)	Cls Acc 50.4 (54.1)
Epoch: [10][300/500]	Time 0.494 (0.610)	Data 0.362 (0.478)	Loss 1.79 (1.69)	Cls Acc 48.0 (54.3)
Epoch: [10][400/500]	Time 0.495 (0.610)	Data 0.363 (0.478)	Loss 1.71 (1.68)	Cls Acc 53.5 (54.5)
Test: [0/4]	Time  2.476 ( 2.476)	Loss 3.8419e+00 (3.8419e+00)	Acc@1   8.59 (  8.59)	Acc@5  32.42 ( 32.42)
 * Acc@1 9.182 Acc@5 27.673
acc1 = 9.2, best_acc1 = 9.9
Epoch: [11][  0/500]	Time 1.810 (1.810)	Data 1.675 (1.675)	Loss 1.56 (1.56)	Cls Acc 60.5 (60.5)
Epoch: [11][100/500]	Time 0.495 (0.625)	Data 0.362 (0.492)	Loss 1.54 (1.64)	Cls Acc 59.0 (55.6)
Epoch: [11][200/500]	Time 0.496 (0.618)	Data 0.364 (0.486)	Loss 1.65 (1.63)	Cls Acc 55.9 (55.7)
Epoch: [11][300/500]	Time 0.494 (0.616)	Data 0.362 (0.483)	Loss 1.61 (1.63)	Cls Acc 57.4 (55.9)
Epoch: [11][400/500]	Time 0.496 (0.614)	Data 0.363 (0.482)	Loss 1.50 (1.62)	Cls Acc 60.2 (56.0)
Test: [0/4]	Time  2.874 ( 2.874)	Loss 3.9737e+00 (3.9737e+00)	Acc@1   7.42 (  7.42)	Acc@5  30.86 ( 30.86)
 * Acc@1 8.805 Acc@5 27.547
acc1 = 8.8, best_acc1 = 9.9
Epoch: [12][  0/500]	Time 0.219 (0.219)	Data 0.087 (0.087)	Loss 1.49 (1.49)	Cls Acc 59.8 (59.8)
Epoch: [12][100/500]	Time 0.495 (0.607)	Data 0.363 (0.474)	Loss 1.53 (1.58)	Cls Acc 58.2 (57.3)
Epoch: [12][200/500]	Time 0.495 (0.609)	Data 0.364 (0.477)	Loss 1.56 (1.57)	Cls Acc 59.4 (57.4)
Epoch: [12][300/500]	Time 0.496 (0.610)	Data 0.364 (0.477)	Loss 1.63 (1.57)	Cls Acc 57.8 (57.5)
Epoch: [12][400/500]	Time 0.491 (0.610)	Data 0.360 (0.477)	Loss 1.54 (1.56)	Cls Acc 59.0 (57.7)
Test: [0/4]	Time  2.465 ( 2.465)	Loss 4.0575e+00 (4.0575e+00)	Acc@1   7.81 (  7.81)	Acc@5  33.59 ( 33.59)
 * Acc@1 9.182 Acc@5 28.931
acc1 = 9.2, best_acc1 = 9.9
Epoch: [13][  0/500]	Time 0.218 (0.218)	Data 0.086 (0.086)	Loss 1.45 (1.45)	Cls Acc 61.7 (61.7)
Epoch: [13][100/500]	Time 1.782 (0.620)	Data 1.645 (0.487)	Loss 1.50 (1.52)	Cls Acc 57.4 (58.6)
Epoch: [13][200/500]	Time 0.493 (0.616)	Data 0.361 (0.484)	Loss 1.45 (1.52)	Cls Acc 58.6 (58.6)
Epoch: [13][300/500]	Time 0.494 (0.614)	Data 0.362 (0.482)	Loss 1.52 (1.52)	Cls Acc 59.4 (58.8)
Epoch: [13][400/500]	Time 0.501 (0.614)	Data 0.369 (0.481)	Loss 1.59 (1.51)	Cls Acc 56.6 (58.9)
Test: [0/4]	Time  2.913 ( 2.913)	Loss 4.1356e+00 (4.1356e+00)	Acc@1   8.20 (  8.20)	Acc@5  33.20 ( 33.20)
 * Acc@1 8.931 Acc@5 29.182
acc1 = 8.9, best_acc1 = 9.9
Epoch: [14][  0/500]	Time 0.220 (0.220)	Data 0.088 (0.088)	Loss 1.59 (1.59)	Cls Acc 57.4 (57.4)
Epoch: [14][100/500]	Time 0.497 (0.607)	Data 0.365 (0.475)	Loss 1.51 (1.48)	Cls Acc 53.9 (60.0)
Epoch: [14][200/500]	Time 0.495 (0.609)	Data 0.363 (0.476)	Loss 1.34 (1.47)	Cls Acc 62.9 (60.2)
Epoch: [14][300/500]	Time 0.493 (0.610)	Data 0.360 (0.477)	Loss 1.44 (1.46)	Cls Acc 60.9 (60.2)
Epoch: [14][400/500]	Time 0.491 (0.610)	Data 0.359 (0.477)	Loss 1.39 (1.46)	Cls Acc 62.9 (60.3)
Test: [0/4]	Time  2.472 ( 2.472)	Loss 4.1536e+00 (4.1536e+00)	Acc@1   8.20 (  8.20)	Acc@5  33.98 ( 33.98)
 * Acc@1 9.182 Acc@5 29.434
acc1 = 9.2, best_acc1 = 9.9
Epoch: [15][  0/500]	Time 0.218 (0.218)	Data 0.086 (0.086)	Loss 1.38 (1.38)	Cls Acc 64.1 (64.1)
Epoch: [15][100/500]	Time 0.491 (0.607)	Data 0.359 (0.475)	Loss 1.48 (1.43)	Cls Acc 61.7 (61.3)
Epoch: [15][200/500]	Time 1.768 (0.615)	Data 1.630 (0.483)	Loss 1.52 (1.43)	Cls Acc 59.0 (61.4)
Epoch: [15][300/500]	Time 0.496 (0.614)	Data 0.364 (0.481)	Loss 1.47 (1.42)	Cls Acc 62.9 (61.6)
Epoch: [15][400/500]	Time 0.496 (0.614)	Data 0.363 (0.481)	Loss 1.37 (1.42)	Cls Acc 66.4 (61.7)
Test: [0/4]	Time  3.261 ( 3.261)	Loss 4.2825e+00 (4.2825e+00)	Acc@1   9.38 (  9.38)	Acc@5  33.20 ( 33.20)
 * Acc@1 9.057 Acc@5 29.560
acc1 = 9.1, best_acc1 = 9.9
Epoch: [16][  0/500]	Time 0.218 (0.218)	Data 0.086 (0.086)	Loss 1.42 (1.42)	Cls Acc 60.9 (60.9)
Epoch: [16][100/500]	Time 0.498 (0.607)	Data 0.363 (0.475)	Loss 1.41 (1.39)	Cls Acc 62.5 (62.3)
Epoch: [16][200/500]	Time 0.496 (0.610)	Data 0.364 (0.478)	Loss 1.35 (1.38)	Cls Acc 64.1 (62.4)
Epoch: [16][300/500]	Time 0.494 (0.611)	Data 0.362 (0.478)	Loss 1.44 (1.38)	Cls Acc 62.9 (62.6)
Epoch: [16][400/500]	Time 0.492 (0.611)	Data 0.360 (0.478)	Loss 1.52 (1.38)	Cls Acc 58.6 (62.7)
Test: [0/4]	Time  2.470 ( 2.470)	Loss 4.3904e+00 (4.3904e+00)	Acc@1   8.20 (  8.20)	Acc@5  32.42 ( 32.42)
 * Acc@1 9.560 Acc@5 29.308
acc1 = 9.6, best_acc1 = 9.9
Epoch: [17][  0/500]	Time 0.221 (0.221)	Data 0.088 (0.088)	Loss 1.35 (1.35)	Cls Acc 60.5 (60.5)
Epoch: [17][100/500]	Time 0.491 (0.607)	Data 0.359 (0.475)	Loss 1.40 (1.34)	Cls Acc 63.7 (63.4)
Epoch: [17][200/500]	Time 0.489 (0.609)	Data 0.358 (0.476)	Loss 1.39 (1.34)	Cls Acc 61.3 (63.5)
Epoch: [17][300/500]	Time 1.823 (0.614)	Data 1.686 (0.482)	Loss 1.36 (1.34)	Cls Acc 62.1 (63.6)
Epoch: [17][400/500]	Time 0.494 (0.614)	Data 0.362 (0.481)	Loss 1.33 (1.34)	Cls Acc 66.4 (63.7)
Test: [0/4]	Time  3.059 ( 3.059)	Loss 4.4350e+00 (4.4350e+00)	Acc@1   7.81 (  7.81)	Acc@5  31.25 ( 31.25)
 * Acc@1 9.434 Acc@5 28.553
acc1 = 9.4, best_acc1 = 9.9
Epoch: [18][  0/500]	Time 0.219 (0.219)	Data 0.086 (0.086)	Loss 1.35 (1.35)	Cls Acc 64.5 (64.5)
Epoch: [18][100/500]	Time 0.497 (0.607)	Data 0.365 (0.475)	Loss 1.17 (1.31)	Cls Acc 66.8 (64.3)
Epoch: [18][200/500]	Time 0.493 (0.610)	Data 0.361 (0.477)	Loss 1.24 (1.31)	Cls Acc 64.8 (64.5)
Epoch: [18][300/500]	Time 0.499 (0.611)	Data 0.366 (0.478)	Loss 1.25 (1.30)	Cls Acc 66.0 (64.6)
Epoch: [18][400/500]	Time 0.495 (0.611)	Data 0.363 (0.478)	Loss 1.25 (1.30)	Cls Acc 66.8 (64.7)
Test: [0/4]	Time  2.477 ( 2.477)	Loss 4.5089e+00 (4.5089e+00)	Acc@1   9.77 (  9.77)	Acc@5  32.42 ( 32.42)
 * Acc@1 9.937 Acc@5 30.943
acc1 = 9.9, best_acc1 = 9.9
Epoch: [19][  0/500]	Time 0.220 (0.220)	Data 0.089 (0.089)	Loss 1.18 (1.18)	Cls Acc 69.5 (69.5)
Epoch: [19][100/500]	Time 0.495 (0.607)	Data 0.363 (0.475)	Loss 1.35 (1.27)	Cls Acc 59.8 (65.4)
Epoch: [19][200/500]	Time 0.495 (0.609)	Data 0.363 (0.477)	Loss 1.29 (1.27)	Cls Acc 68.8 (65.4)
Epoch: [19][300/500]	Time 0.493 (0.610)	Data 0.361 (0.478)	Loss 1.17 (1.27)	Cls Acc 67.6 (65.4)
Epoch: [19][400/500]	Time 1.802 (0.614)	Data 1.667 (0.482)	Loss 1.32 (1.27)	Cls Acc 63.3 (65.6)
Test: [0/4]	Time  3.308 ( 3.308)	Loss 4.5033e+00 (4.5033e+00)	Acc@1  10.94 ( 10.94)	Acc@5  32.81 ( 32.81)
 * Acc@1 10.314 Acc@5 30.314
acc1 = 10.3, best_acc1 = 10.3
Epoch: [20][  0/500]	Time 0.218 (0.218)	Data 0.086 (0.086)	Loss 1.16 (1.16)	Cls Acc 69.5 (69.5)
Epoch: [20][100/500]	Time 0.497 (0.607)	Data 0.364 (0.474)	Loss 1.29 (1.25)	Cls Acc 66.0 (66.1)
Epoch: [20][200/500]	Time 0.498 (0.610)	Data 0.365 (0.477)	Loss 1.21 (1.24)	Cls Acc 66.0 (66.4)
Epoch: [20][300/500]	Time 0.496 (0.611)	Data 0.363 (0.478)	Loss 1.21 (1.24)	Cls Acc 68.0 (66.4)
Epoch: [20][400/500]	Time 0.497 (0.611)	Data 0.365 (0.478)	Loss 1.23 (1.24)	Cls Acc 67.6 (66.5)
Test: [0/4]	Time  2.487 ( 2.487)	Loss 4.5868e+00 (4.5868e+00)	Acc@1   9.38 (  9.38)	Acc@5  32.03 ( 32.03)
 * Acc@1 10.314 Acc@5 30.818
acc1 = 10.3, best_acc1 = 10.3
Epoch: [21][  0/500]	Time 0.219 (0.219)	Data 0.087 (0.087)	Loss 1.14 (1.14)	Cls Acc 69.5 (69.5)
Epoch: [21][100/500]	Time 0.493 (0.607)	Data 0.361 (0.475)	Loss 1.03 (1.21)	Cls Acc 70.3 (67.2)
Epoch: [21][200/500]	Time 0.491 (0.609)	Data 0.359 (0.476)	Loss 1.17 (1.21)	Cls Acc 71.9 (67.3)
Epoch: [21][300/500]	Time 0.492 (0.610)	Data 0.361 (0.477)	Loss 1.17 (1.20)	Cls Acc 67.2 (67.4)
Epoch: [21][400/500]	Time 0.493 (0.610)	Data 0.361 (0.478)	Loss 1.16 (1.20)	Cls Acc 69.1 (67.5)
Test: [0/4]	Time  2.485 ( 2.485)	Loss 4.6144e+00 (4.6144e+00)	Acc@1   8.98 (  8.98)	Acc@5  31.25 ( 31.25)
 * Acc@1 10.314 Acc@5 31.069
acc1 = 10.3, best_acc1 = 10.3
Epoch: [22][  0/500]	Time 1.778 (1.778)	Data 1.643 (1.643)	Loss 1.40 (1.40)	Cls Acc 61.3 (61.3)
Epoch: [22][100/500]	Time 0.495 (0.623)	Data 0.361 (0.490)	Loss 1.18 (1.18)	Cls Acc 69.1 (68.1)
Epoch: [22][200/500]	Time 0.499 (0.617)	Data 0.365 (0.485)	Loss 1.13 (1.18)	Cls Acc 70.7 (68.2)
Epoch: [22][300/500]	Time 0.497 (0.615)	Data 0.365 (0.483)	Loss 1.26 (1.18)	Cls Acc 62.1 (68.2)
Epoch: [22][400/500]	Time 0.496 (0.615)	Data 0.364 (0.482)	Loss 1.16 (1.17)	Cls Acc 69.1 (68.2)
Test: [0/4]	Time  3.012 ( 3.012)	Loss 4.6602e+00 (4.6602e+00)	Acc@1   9.38 (  9.38)	Acc@5  30.86 ( 30.86)
 * Acc@1 10.063 Acc@5 31.069
acc1 = 10.1, best_acc1 = 10.3
Epoch: [23][  0/500]	Time 0.217 (0.217)	Data 0.085 (0.085)	Loss 1.17 (1.17)	Cls Acc 70.3 (70.3)
Epoch: [23][100/500]	Time 0.496 (0.610)	Data 0.363 (0.478)	Loss 1.13 (1.15)	Cls Acc 66.8 (69.1)
Epoch: [23][200/500]	Time 0.491 (0.611)	Data 0.360 (0.479)	Loss 1.18 (1.15)	Cls Acc 66.8 (69.1)
Epoch: [23][300/500]	Time 0.493 (0.611)	Data 0.361 (0.479)	Loss 1.12 (1.15)	Cls Acc 68.4 (68.9)
Epoch: [23][400/500]	Time 0.493 (0.612)	Data 0.361 (0.479)	Loss 1.16 (1.15)	Cls Acc 68.8 (69.0)
Test: [0/4]	Time  2.487 ( 2.487)	Loss 4.7675e+00 (4.7675e+00)	Acc@1   7.42 (  7.42)	Acc@5  29.69 ( 29.69)
 * Acc@1 9.182 Acc@5 31.321
acc1 = 9.2, best_acc1 = 10.3
Epoch: [24][  0/500]	Time 0.218 (0.218)	Data 0.085 (0.085)	Loss 1.14 (1.14)	Cls Acc 68.8 (68.8)
Epoch: [24][100/500]	Time 1.896 (0.623)	Data 1.761 (0.490)	Loss 1.03 (1.13)	Cls Acc 74.6 (69.6)
Epoch: [24][200/500]	Time 0.493 (0.617)	Data 0.361 (0.485)	Loss 1.09 (1.13)	Cls Acc 66.4 (69.6)
Epoch: [24][300/500]	Time 0.494 (0.615)	Data 0.362 (0.483)	Loss 1.09 (1.12)	Cls Acc 71.1 (69.7)
Epoch: [24][400/500]	Time 0.498 (0.615)	Data 0.366 (0.482)	Loss 1.09 (1.12)	Cls Acc 68.8 (69.8)
Test: [0/4]	Time  2.931 ( 2.931)	Loss 4.8245e+00 (4.8245e+00)	Acc@1   7.81 (  7.81)	Acc@5  30.47 ( 30.47)
 * Acc@1 10.063 Acc@5 31.321
acc1 = 10.1, best_acc1 = 10.3
Epoch: [25][  0/500]	Time 0.220 (0.220)	Data 0.088 (0.088)	Loss 1.05 (1.05)	Cls Acc 68.8 (68.8)
Epoch: [25][100/500]	Time 0.498 (0.609)	Data 0.366 (0.476)	Loss 1.13 (1.10)	Cls Acc 69.1 (70.2)
Epoch: [25][200/500]	Time 0.496 (0.610)	Data 0.364 (0.478)	Loss 1.10 (1.10)	Cls Acc 70.3 (70.4)
Epoch: [25][300/500]	Time 0.496 (0.611)	Data 0.363 (0.478)	Loss 1.07 (1.10)	Cls Acc 72.3 (70.5)
Epoch: [25][400/500]	Time 0.491 (0.611)	Data 0.359 (0.479)	Loss 1.02 (1.09)	Cls Acc 73.4 (70.6)
Test: [0/4]	Time  2.518 ( 2.518)	Loss 4.8767e+00 (4.8767e+00)	Acc@1   9.77 (  9.77)	Acc@5  32.81 ( 32.81)
 * Acc@1 10.063 Acc@5 31.195
acc1 = 10.1, best_acc1 = 10.3
Epoch: [26][  0/500]	Time 0.218 (0.218)	Data 0.086 (0.086)	Loss 0.96 (0.96)	Cls Acc 71.1 (71.1)
Epoch: [26][100/500]	Time 0.494 (0.608)	Data 0.362 (0.476)	Loss 1.17 (1.08)	Cls Acc 66.4 (71.1)
Epoch: [26][200/500]	Time 1.763 (0.617)	Data 1.628 (0.484)	Loss 0.99 (1.07)	Cls Acc 73.8 (71.0)
Epoch: [26][300/500]	Time 0.494 (0.615)	Data 0.361 (0.482)	Loss 0.96 (1.07)	Cls Acc 75.4 (71.1)
Epoch: [26][400/500]	Time 0.498 (0.614)	Data 0.366 (0.482)	Loss 1.01 (1.07)	Cls Acc 73.0 (71.2)
Test: [0/4]	Time  3.443 ( 3.443)	Loss 4.9124e+00 (4.9124e+00)	Acc@1   8.20 (  8.20)	Acc@5  28.91 ( 28.91)
 * Acc@1 9.937 Acc@5 30.818
acc1 = 9.9, best_acc1 = 10.3
Epoch: [27][  0/500]	Time 0.217 (0.217)	Data 0.085 (0.085)	Loss 1.07 (1.07)	Cls Acc 71.5 (71.5)
Epoch: [27][100/500]	Time 0.497 (0.608)	Data 0.363 (0.475)	Loss 1.03 (1.05)	Cls Acc 73.0 (71.7)
Epoch: [27][200/500]	Time 0.498 (0.612)	Data 0.367 (0.479)	Loss 1.04 (1.05)	Cls Acc 70.3 (71.7)
Epoch: [27][300/500]	Time 0.494 (0.614)	Data 0.362 (0.482)	Loss 0.98 (1.05)	Cls Acc 71.5 (71.8)
Epoch: [27][400/500]	Time 0.495 (0.614)	Data 0.363 (0.482)	Loss 1.06 (1.05)	Cls Acc 69.5 (71.8)
Test: [0/4]	Time  2.509 ( 2.509)	Loss 5.0309e+00 (5.0309e+00)	Acc@1   6.64 (  6.64)	Acc@5  31.64 ( 31.64)
 * Acc@1 9.308 Acc@5 31.447
acc1 = 9.3, best_acc1 = 10.3
Epoch: [28][  0/500]	Time 0.219 (0.219)	Data 0.087 (0.087)	Loss 1.12 (1.12)	Cls Acc 67.6 (67.6)
Epoch: [28][100/500]	Time 0.494 (0.606)	Data 0.363 (0.474)	Loss 0.99 (1.03)	Cls Acc 74.2 (72.4)
Epoch: [28][200/500]	Time 0.492 (0.609)	Data 0.360 (0.476)	Loss 1.03 (1.03)	Cls Acc 73.4 (72.5)
Epoch: [28][300/500]	Time 1.794 (0.614)	Data 1.657 (0.481)	Loss 1.05 (1.03)	Cls Acc 69.5 (72.5)
Epoch: [28][400/500]	Time 0.493 (0.614)	Data 0.360 (0.481)	Loss 0.99 (1.03)	Cls Acc 72.3 (72.5)
Test: [0/4]	Time  3.312 ( 3.312)	Loss 4.9752e+00 (4.9752e+00)	Acc@1   7.42 (  7.42)	Acc@5  29.69 ( 29.69)
 * Acc@1 10.189 Acc@5 31.698
acc1 = 10.2, best_acc1 = 10.3
Epoch: [29][  0/500]	Time 0.218 (0.218)	Data 0.086 (0.086)	Loss 1.05 (1.05)	Cls Acc 71.1 (71.1)
Epoch: [29][100/500]	Time 0.495 (0.618)	Data 0.362 (0.485)	Loss 0.96 (1.01)	Cls Acc 75.8 (73.1)
Epoch: [29][200/500]	Time 0.495 (0.620)	Data 0.363 (0.488)	Loss 0.86 (1.01)	Cls Acc 79.7 (73.0)
Epoch: [29][300/500]	Time 0.493 (0.617)	Data 0.361 (0.485)	Loss 1.09 (1.01)	Cls Acc 66.0 (73.1)
Epoch: [29][400/500]	Time 0.495 (0.616)	Data 0.363 (0.483)	Loss 1.01 (1.00)	Cls Acc 72.3 (73.1)
Test: [0/4]	Time  2.502 ( 2.502)	Loss 5.0438e+00 (5.0438e+00)	Acc@1   7.03 (  7.03)	Acc@5  29.69 ( 29.69)
 * Acc@1 9.937 Acc@5 31.447
acc1 = 9.9, best_acc1 = 10.3
best_acc1 = 10.3
Traceback (most recent call last):
  File "../../../../source_only.py", line 377, in <module>
    main(args)
  File "../../../../source_only.py", line 161, in main
    acc1 = validate(val_loader, classifier, args)
TypeError: validate() missing 1 required positional argument: 'epoch'
