Namespace(arch='resnet18', batch_size=256, center_crop=False, checkmodel_logsave=False, data='Office31', data_processing='ours', epochs=30, iters_per_epoch=500, local=True, local_pretrained_path='/home/junzhin/Project/Summer_project/code/version1.0/old_model_results/Resnet18_office31masked2_newmodel_best.pth.tar', log='/home/junzhin/Project/Summer_project/code/version2.0/training_results/baseline_old/Resnet18_office31masked2/A_D', lr=0.001, lr_decay=0.75, lr_gamma=0.0003, momentum=0.9, per_class_eval=False, phase='train', pretrained=True, print_freq=100, root='/home/junzhin/Project/Summer_project/code/version2.0/data/office31', seed=None, source='A', target='D', wd=0.0005, workers=4)
=> using pre-trained model 'resnet18'
Epoch: [0][  0/500]	Time 2.517 (2.517)	Data 0.116 (0.116)	Loss 3.54 (3.54)	Cls Acc 3.1 (3.1)
Epoch: [0][100/500]	Time 0.504 (0.658)	Data 0.372 (0.503)	Loss 3.31 (3.39)	Cls Acc 10.9 (6.1)
Epoch: [0][200/500]	Time 0.514 (0.649)	Data 0.377 (0.505)	Loss 3.22 (3.33)	Cls Acc 15.6 (9.1)
Epoch: [0][300/500]	Time 0.513 (0.646)	Data 0.380 (0.507)	Loss 3.19 (3.29)	Cls Acc 16.0 (11.5)
Epoch: [0][400/500]	Time 0.511 (0.644)	Data 0.380 (0.506)	Loss 3.12 (3.25)	Cls Acc 18.4 (13.3)
Test: [0/2]	Time  6.461 ( 6.461)	Loss 3.3024e+00 (3.3024e+00)	Acc@1   5.08 (  5.08)	Acc@5  27.73 ( 27.73)
 * Acc@1 4.618 Acc@5 20.482
acc1 = 4.6, best_acc1 = 4.6
Epoch: [1][  0/500]	Time 0.237 (0.237)	Data 0.098 (0.098)	Loss 3.01 (3.01)	Cls Acc 25.8 (25.8)
Epoch: [1][100/500]	Time 0.504 (0.636)	Data 0.373 (0.503)	Loss 2.95 (3.00)	Cls Acc 24.2 (21.3)
Epoch: [1][200/500]	Time 0.506 (0.638)	Data 0.375 (0.505)	Loss 2.93 (2.97)	Cls Acc 20.7 (22.1)
Epoch: [1][300/500]	Time 0.505 (0.638)	Data 0.373 (0.506)	Loss 2.87 (2.94)	Cls Acc 27.3 (22.6)
Epoch: [1][400/500]	Time 0.506 (0.638)	Data 0.375 (0.506)	Loss 2.83 (2.90)	Cls Acc 21.9 (23.3)
Test: [0/2]	Time  6.138 ( 6.138)	Loss 3.5366e+00 (3.5366e+00)	Acc@1   7.42 (  7.42)	Acc@5  33.20 ( 33.20)
 * Acc@1 6.627 Acc@5 25.502
acc1 = 6.6, best_acc1 = 6.6
Epoch: [2][  0/500]	Time 0.228 (0.228)	Data 0.096 (0.096)	Loss 2.70 (2.70)	Cls Acc 32.0 (32.0)
Epoch: [2][100/500]	Time 1.903 (0.648)	Data 1.769 (0.516)	Loss 2.59 (2.68)	Cls Acc 29.3 (28.8)
Epoch: [2][200/500]	Time 0.514 (0.643)	Data 0.380 (0.511)	Loss 2.59 (2.65)	Cls Acc 32.0 (29.5)
Epoch: [2][300/500]	Time 0.511 (0.642)	Data 0.379 (0.510)	Loss 2.56 (2.62)	Cls Acc 32.0 (30.2)
Epoch: [2][400/500]	Time 0.514 (0.641)	Data 0.382 (0.509)	Loss 2.54 (2.60)	Cls Acc 30.1 (30.8)
Test: [0/2]	Time  6.299 ( 6.299)	Loss 3.7114e+00 (3.7114e+00)	Acc@1  10.94 ( 10.94)	Acc@5  38.28 ( 38.28)
 * Acc@1 9.237 Acc@5 30.924
acc1 = 9.2, best_acc1 = 9.2
Epoch: [3][  0/500]	Time 0.231 (0.231)	Data 0.099 (0.099)	Loss 2.50 (2.50)	Cls Acc 34.0 (34.0)
Epoch: [3][100/500]	Time 0.514 (0.634)	Data 0.382 (0.502)	Loss 2.40 (2.44)	Cls Acc 35.2 (35.0)
Epoch: [3][200/500]	Time 0.507 (0.637)	Data 0.375 (0.505)	Loss 2.48 (2.42)	Cls Acc 35.5 (35.4)
Epoch: [3][300/500]	Time 0.503 (0.638)	Data 0.372 (0.506)	Loss 2.33 (2.40)	Cls Acc 39.5 (35.8)
Epoch: [3][400/500]	Time 0.505 (0.640)	Data 0.374 (0.508)	Loss 2.21 (2.38)	Cls Acc 42.2 (36.3)
Test: [0/2]	Time  6.123 ( 6.123)	Loss 3.8492e+00 (3.8492e+00)	Acc@1  10.94 ( 10.94)	Acc@5  38.28 ( 38.28)
 * Acc@1 9.839 Acc@5 31.928
acc1 = 9.8, best_acc1 = 9.8
Epoch: [4][  0/500]	Time 0.230 (0.230)	Data 0.098 (0.098)	Loss 2.30 (2.30)	Cls Acc 41.4 (41.4)
Epoch: [4][100/500]	Time 0.504 (0.636)	Data 0.373 (0.504)	Loss 2.26 (2.27)	Cls Acc 39.8 (39.4)
Epoch: [4][200/500]	Time 1.926 (0.645)	Data 1.793 (0.513)	Loss 2.34 (2.25)	Cls Acc 39.5 (39.7)
Epoch: [4][300/500]	Time 0.518 (0.643)	Data 0.385 (0.511)	Loss 2.18 (2.24)	Cls Acc 42.6 (40.1)
Epoch: [4][400/500]	Time 0.513 (0.641)	Data 0.381 (0.509)	Loss 2.12 (2.22)	Cls Acc 44.5 (40.5)
Test: [0/2]	Time  6.549 ( 6.549)	Loss 3.8566e+00 (3.8566e+00)	Acc@1  10.94 ( 10.94)	Acc@5  39.06 ( 39.06)
 * Acc@1 10.643 Acc@5 32.329
acc1 = 10.6, best_acc1 = 10.6
Epoch: [5][  0/500]	Time 0.230 (0.230)	Data 0.098 (0.098)	Loss 2.02 (2.02)	Cls Acc 45.3 (45.3)
Epoch: [5][100/500]	Time 0.509 (0.636)	Data 0.377 (0.504)	Loss 2.07 (2.12)	Cls Acc 48.0 (43.2)
Epoch: [5][200/500]	Time 0.511 (0.637)	Data 0.380 (0.505)	Loss 2.12 (2.11)	Cls Acc 41.4 (43.6)
Epoch: [5][300/500]	Time 0.503 (0.637)	Data 0.372 (0.505)	Loss 2.08 (2.09)	Cls Acc 45.3 (43.9)
Epoch: [5][400/500]	Time 0.503 (0.638)	Data 0.372 (0.506)	Loss 2.02 (2.08)	Cls Acc 48.0 (44.3)
Test: [0/2]	Time  6.131 ( 6.131)	Loss 3.9323e+00 (3.9323e+00)	Acc@1  11.33 ( 11.33)	Acc@5  38.67 ( 38.67)
 * Acc@1 10.241 Acc@5 32.530
acc1 = 10.2, best_acc1 = 10.6
Epoch: [6][  0/500]	Time 0.231 (0.231)	Data 0.100 (0.100)	Loss 2.05 (2.05)	Cls Acc 43.8 (43.8)
Epoch: [6][100/500]	Time 0.507 (0.634)	Data 0.376 (0.502)	Loss 1.93 (1.99)	Cls Acc 50.8 (46.8)
Epoch: [6][200/500]	Time 0.504 (0.638)	Data 0.373 (0.506)	Loss 1.93 (1.97)	Cls Acc 50.4 (47.2)
Epoch: [6][300/500]	Time 1.943 (0.643)	Data 1.811 (0.511)	Loss 1.98 (1.96)	Cls Acc 46.9 (47.5)
Epoch: [6][400/500]	Time 0.513 (0.642)	Data 0.381 (0.510)	Loss 1.92 (1.95)	Cls Acc 53.5 (47.8)
Test: [0/2]	Time  6.526 ( 6.526)	Loss 3.8861e+00 (3.8861e+00)	Acc@1  10.55 ( 10.55)	Acc@5  39.84 ( 39.84)
 * Acc@1 10.241 Acc@5 32.530
acc1 = 10.2, best_acc1 = 10.6
Epoch: [7][  0/500]	Time 0.231 (0.231)	Data 0.099 (0.099)	Loss 1.93 (1.93)	Cls Acc 48.4 (48.4)
Epoch: [7][100/500]	Time 0.512 (0.635)	Data 0.380 (0.503)	Loss 1.79 (1.88)	Cls Acc 53.9 (49.4)
Epoch: [7][200/500]	Time 0.513 (0.638)	Data 0.378 (0.506)	Loss 1.88 (1.87)	Cls Acc 47.3 (49.8)
Epoch: [7][300/500]	Time 0.510 (0.639)	Data 0.378 (0.507)	Loss 1.81 (1.86)	Cls Acc 51.2 (50.2)
Epoch: [7][400/500]	Time 0.505 (0.639)	Data 0.374 (0.507)	Loss 1.71 (1.85)	Cls Acc 55.1 (50.4)
Test: [0/2]	Time  6.137 ( 6.137)	Loss 3.9348e+00 (3.9348e+00)	Acc@1   9.38 (  9.38)	Acc@5  40.23 ( 40.23)
 * Acc@1 8.835 Acc@5 32.731
acc1 = 8.8, best_acc1 = 10.6
Epoch: [8][  0/500]	Time 0.233 (0.233)	Data 0.102 (0.102)	Loss 1.80 (1.80)	Cls Acc 52.0 (52.0)
Epoch: [8][100/500]	Time 0.503 (0.638)	Data 0.372 (0.506)	Loss 1.79 (1.79)	Cls Acc 53.9 (51.6)
Epoch: [8][200/500]	Time 0.502 (0.640)	Data 0.371 (0.508)	Loss 1.75 (1.78)	Cls Acc 52.3 (51.8)
Epoch: [8][300/500]	Time 0.504 (0.639)	Data 0.373 (0.507)	Loss 1.68 (1.77)	Cls Acc 55.9 (52.0)
Epoch: [8][400/500]	Time 1.979 (0.643)	Data 1.844 (0.511)	Loss 1.84 (1.77)	Cls Acc 52.3 (52.2)
Test: [0/2]	Time  6.466 ( 6.466)	Loss 4.0451e+00 (4.0451e+00)	Acc@1  10.16 ( 10.16)	Acc@5  39.45 ( 39.45)
 * Acc@1 8.835 Acc@5 32.530
acc1 = 8.8, best_acc1 = 10.6
Epoch: [9][  0/500]	Time 0.228 (0.228)	Data 0.097 (0.097)	Loss 1.92 (1.92)	Cls Acc 47.3 (47.3)
Epoch: [9][100/500]	Time 0.509 (0.636)	Data 0.377 (0.504)	Loss 1.68 (1.71)	Cls Acc 53.5 (53.4)
Epoch: [9][200/500]	Time 0.511 (0.637)	Data 0.379 (0.506)	Loss 1.71 (1.71)	Cls Acc 54.3 (53.5)
Epoch: [9][300/500]	Time 0.508 (0.638)	Data 0.376 (0.507)	Loss 1.69 (1.70)	Cls Acc 51.2 (53.8)
Epoch: [9][400/500]	Time 0.507 (0.639)	Data 0.375 (0.507)	Loss 1.68 (1.70)	Cls Acc 56.6 (53.9)
Test: [0/2]	Time  6.166 ( 6.166)	Loss 3.9549e+00 (3.9549e+00)	Acc@1   8.98 (  8.98)	Acc@5  40.62 ( 40.62)
 * Acc@1 8.233 Acc@5 32.731
acc1 = 8.2, best_acc1 = 10.6
Epoch: [10][  0/500]	Time 0.228 (0.228)	Data 0.096 (0.096)	Loss 1.64 (1.64)	Cls Acc 55.9 (55.9)
Epoch: [10][100/500]	Time 0.504 (0.635)	Data 0.373 (0.503)	Loss 1.63 (1.65)	Cls Acc 58.6 (55.1)
Epoch: [10][200/500]	Time 0.506 (0.637)	Data 0.375 (0.505)	Loss 1.70 (1.65)	Cls Acc 55.1 (55.2)
Epoch: [10][300/500]	Time 0.504 (0.638)	Data 0.373 (0.506)	Loss 1.66 (1.64)	Cls Acc 53.9 (55.2)
Epoch: [10][400/500]	Time 0.506 (0.638)	Data 0.375 (0.506)	Loss 1.58 (1.64)	Cls Acc 56.2 (55.4)
Test: [0/2]	Time  6.147 ( 6.147)	Loss 4.1148e+00 (4.1148e+00)	Acc@1   9.38 (  9.38)	Acc@5  39.84 ( 39.84)
 * Acc@1 8.835 Acc@5 32.129
acc1 = 8.8, best_acc1 = 10.6
Epoch: [11][  0/500]	Time 2.000 (2.000)	Data 1.866 (1.866)	Loss 1.65 (1.65)	Cls Acc 58.2 (58.2)
Epoch: [11][100/500]	Time 0.505 (0.651)	Data 0.374 (0.519)	Loss 1.56 (1.60)	Cls Acc 56.2 (56.3)
Epoch: [11][200/500]	Time 0.508 (0.645)	Data 0.376 (0.513)	Loss 1.54 (1.59)	Cls Acc 58.2 (56.6)
Epoch: [11][300/500]	Time 0.511 (0.644)	Data 0.380 (0.512)	Loss 1.58 (1.59)	Cls Acc 55.1 (56.8)
Epoch: [11][400/500]	Time 0.512 (0.643)	Data 0.380 (0.511)	Loss 1.50 (1.58)	Cls Acc 59.4 (56.9)
Test: [0/2]	Time  6.225 ( 6.225)	Loss 4.1042e+00 (4.1042e+00)	Acc@1   8.98 (  8.98)	Acc@5  38.67 ( 38.67)
 * Acc@1 8.635 Acc@5 31.325
acc1 = 8.6, best_acc1 = 10.6
Epoch: [12][  0/500]	Time 0.228 (0.228)	Data 0.096 (0.096)	Loss 1.55 (1.55)	Cls Acc 59.0 (59.0)
Epoch: [12][100/500]	Time 0.504 (0.636)	Data 0.373 (0.504)	Loss 1.50 (1.55)	Cls Acc 60.5 (57.5)
Epoch: [12][200/500]	Time 0.505 (0.639)	Data 0.374 (0.506)	Loss 1.53 (1.55)	Cls Acc 60.2 (57.8)
Epoch: [12][300/500]	Time 0.504 (0.639)	Data 0.372 (0.506)	Loss 1.51 (1.54)	Cls Acc 60.2 (57.9)
Epoch: [12][400/500]	Time 0.507 (0.639)	Data 0.376 (0.507)	Loss 1.42 (1.54)	Cls Acc 62.1 (58.1)
Test: [0/2]	Time  6.186 ( 6.186)	Loss 4.1033e+00 (4.1033e+00)	Acc@1   9.38 (  9.38)	Acc@5  39.84 ( 39.84)
 * Acc@1 8.835 Acc@5 31.727
acc1 = 8.8, best_acc1 = 10.6
Epoch: [13][  0/500]	Time 0.230 (0.230)	Data 0.098 (0.098)	Loss 1.56 (1.56)	Cls Acc 55.5 (55.5)
Traceback (most recent call last):
  File "/home/junzhin/Project/Summer_project/code/version2.0/common/utils/data.py", line 12, in __next__
  File "/home/junzhin/anaconda3/lib/python3.7/site-packages/torch/utils/data/dataloader.py", line 521, in __next__
    data = self._next_data()
  File "/home/junzhin/anaconda3/lib/python3.7/site-packages/torch/utils/data/dataloader.py", line 1176, in _next_data
    raise StopIteration
StopIteration

During handling of the above exception, another exception occurred:

Traceback (most recent call last):
  File "../../../../source_only.py", line 377, in <module>
    main(args)
  File "../../../../source_only.py", line 143, in main
    lr_scheduler, epoch, args)
  File "../../../../source_only.py", line 194, in train
    x_s, labels_s = next(train_source_iter)
  File "/home/junzhin/Project/Summer_project/code/version2.0/common/utils/data.py", line 15, in __next__
  File "/home/junzhin/anaconda3/lib/python3.7/site-packages/torch/utils/data/dataloader.py", line 521, in __next__
    data = self._next_data()
  File "/home/junzhin/anaconda3/lib/python3.7/site-packages/torch/utils/data/dataloader.py", line 1203, in _next_data
    return self._process_data(data)
  File "/home/junzhin/anaconda3/lib/python3.7/site-packages/torch/utils/data/dataloader.py", line 1229, in _process_data
    data.reraise()
  File "/home/junzhin/anaconda3/lib/python3.7/site-packages/torch/_utils.py", line 434, in reraise
    raise exception
FileNotFoundError: Caught FileNotFoundError in DataLoader worker process 0.
Original Traceback (most recent call last):
  File "/home/junzhin/Project/Summer_project/code/version2.0/common/utils/data.py", line 12, in __next__
  File "/home/junzhin/anaconda3/lib/python3.7/site-packages/torch/utils/data/dataloader.py", line 521, in __next__
    data = self._next_data()
  File "/home/junzhin/anaconda3/lib/python3.7/site-packages/torch/utils/data/dataloader.py", line 1176, in _next_data
    raise StopIteration
StopIteration

During handling of the above exception, another exception occurred:

Traceback (most recent call last):
  File "/home/junzhin/anaconda3/lib/python3.7/site-packages/torch/utils/data/_utils/worker.py", line 287, in _worker_loop
    data = fetcher.fetch(index)
  File "/home/junzhin/anaconda3/lib/python3.7/site-packages/torch/utils/data/_utils/fetch.py", line 49, in fetch
    data = [self.dataset[idx] for idx in possibly_batched_index]
  File "/home/junzhin/anaconda3/lib/python3.7/site-packages/torch/utils/data/_utils/fetch.py", line 49, in <listcomp>
    data = [self.dataset[idx] for idx in possibly_batched_index]
  File "/home/junzhin/Project/Summer_project/code/version2.0/common/vision/datasets/imagelist.py", line 46, in __getitem__
  File "/home/junzhin/anaconda3/lib/python3.7/site-packages/torchvision/datasets/folder.py", line 269, in default_loader
    return pil_loader(path)
  File "/home/junzhin/anaconda3/lib/python3.7/site-packages/torchvision/datasets/folder.py", line 249, in pil_loader
    with open(path, 'rb') as f:
FileNotFoundError: [Errno 2] No such file or directory: '/home/junzhin/Project/Summer_project/code/version2.0/data/office31/amazon/images/mouse/frame_0011.jpg'

