Namespace(arch='resnet18', batch_size=128, bottleneck_dim=256, center_crop=False, data='Office31', data_processing='ours', epochs=30, iters_per_epoch=1000, local=True, local_pretrained_path='/home/junzhin/Project/Summer_project/code/version1.0/pretrained_model_results/Resnet18_office31masked2_newmodel_best.pth.tar', log='/home/junzhin/Project/Summer_project/code/version2.0/training_results/dann/Resnet18_office31masked2/W_D', lr=0.01, lr_decay=0.75, lr_gamma=0.001, momentum=0.9, per_class_eval=False, phase='train', pretrained=True, print_freq=50, root='/home/junzhin/Project/Summer_project/code/version2.0/data/office31', seed=1, source='W', target='D', trade_off=1.0, weight_decay=0.001, workers=4)
../../../../dann_modified.py:46: UserWarning: You have chosen to seed training. This will turn on the CUDNN deterministic setting, which can slow down your training considerably! You may see unexpected behavior when restarting from checkpoints.
  warnings.warn('You have chosen to seed training. '
=> using pre-trained model 'resnet18'
Epoch: [0][   0/1000]	Time  2.06 ( 2.06)	Data  1.68 ( 1.68)	Loss   4.19 (  4.19)	Cls Acc 1.6 (1.6)	Domain Acc 52.7 (52.7)
Epoch: [0][  50/1000]	Time  0.65 ( 1.78)	Data  0.47 ( 1.59)	Loss   1.64 (  2.64)	Cls Acc 60.2 (34.9)	Domain Acc 96.5 (89.8)
Epoch: [0][ 100/1000]	Time  0.65 ( 1.80)	Data  0.47 ( 1.62)	Loss   0.89 (  1.91)	Cls Acc 82.0 (54.4)	Domain Acc 96.1 (92.7)
Epoch: [0][ 150/1000]	Time  4.95 ( 1.82)	Data  4.77 ( 1.64)	Loss   0.38 (  1.46)	Cls Acc 96.9 (66.3)	Domain Acc 97.3 (94.4)
Epoch: [0][ 200/1000]	Time  0.65 ( 1.81)	Data  0.47 ( 1.63)	Loss   0.24 (  1.17)	Cls Acc 98.4 (73.8)	Domain Acc 98.0 (95.3)
Epoch: [0][ 250/1000]	Time  0.65 ( 1.81)	Data  0.47 ( 1.63)	Loss   0.17 (  0.98)	Cls Acc 99.2 (78.8)	Domain Acc 98.8 (96.0)
Epoch: [0][ 300/1000]	Time  5.00 ( 1.82)	Data  4.81 ( 1.64)	Loss   0.19 (  0.84)	Cls Acc 100.0 (82.2)	Domain Acc 96.1 (96.3)
Epoch: [0][ 350/1000]	Time  0.65 ( 1.81)	Data  0.47 ( 1.63)	Loss   0.27 (  0.75)	Cls Acc 99.2 (84.7)	Domain Acc 93.0 (96.3)
Epoch: [0][ 400/1000]	Time  0.65 ( 1.82)	Data  0.47 ( 1.64)	Loss   0.32 (  0.75)	Cls Acc 100.0 (86.5)	Domain Acc 92.6 (94.8)
Epoch: [0][ 450/1000]	Time  4.92 ( 1.82)	Data  4.74 ( 1.64)	Loss   0.31 (  0.71)	Cls Acc 100.0 (88.0)	Domain Acc 91.8 (94.0)
Epoch: [0][ 500/1000]	Time  0.64 ( 1.82)	Data  0.46 ( 1.64)	Loss   0.65 (  0.69)	Cls Acc 100.0 (89.1)	Domain Acc 77.3 (93.0)
Epoch: [0][ 550/1000]	Time  0.65 ( 1.82)	Data  0.47 ( 1.64)	Loss   0.84 (  0.67)	Cls Acc 100.0 (90.1)	Domain Acc 68.4 (91.9)
Epoch: [0][ 600/1000]	Time  4.95 ( 1.82)	Data  4.77 ( 1.64)	Loss   0.57 (  0.68)	Cls Acc 100.0 (90.8)	Domain Acc 82.8 (90.5)
Epoch: [0][ 650/1000]	Time  0.64 ( 1.82)	Data  0.46 ( 1.64)	Loss   0.61 (  0.68)	Cls Acc 100.0 (91.5)	Domain Acc 73.4 (89.1)
Epoch: [0][ 700/1000]	Time  0.64 ( 1.82)	Data  0.46 ( 1.64)	Loss   0.83 (  0.68)	Cls Acc 99.2 (92.0)	Domain Acc 64.1 (88.1)
Epoch: [0][ 750/1000]	Time  4.86 ( 1.82)	Data  4.68 ( 1.64)	Loss   0.44 (  0.68)	Cls Acc 100.0 (92.5)	Domain Acc 83.2 (87.1)
Epoch: [0][ 800/1000]	Time  0.64 ( 1.82)	Data  0.46 ( 1.64)	Loss   0.62 (  0.69)	Cls Acc 100.0 (92.9)	Domain Acc 70.3 (86.1)
Epoch: [0][ 850/1000]	Time  0.64 ( 1.82)	Data  0.47 ( 1.64)	Loss   0.77 (  0.69)	Cls Acc 99.2 (93.3)	Domain Acc 69.5 (84.9)
Epoch: [0][ 900/1000]	Time  4.89 ( 1.82)	Data  4.71 ( 1.64)	Loss   0.92 (  0.70)	Cls Acc 98.4 (93.6)	Domain Acc 59.4 (83.8)
Epoch: [0][ 950/1000]	Time  0.65 ( 1.82)	Data  0.47 ( 1.64)	Loss   0.76 (  0.71)	Cls Acc 100.0 (93.9)	Domain Acc 65.6 (82.7)
Test: [0/4]	Time  3.333 ( 3.333)	Loss 2.8660e+00 (2.8660e+00)	Acc@1  43.75 ( 43.75)	Acc@5  67.97 ( 67.97)
 * Acc@1 41.968 Acc@5 68.675
acc1 = 42.0, best_acc1 = 42.0
Epoch: [1][   0/1000]	Time  0.27 ( 0.27)	Data  0.09 ( 0.09)	Loss   0.52 (  0.52)	Cls Acc 99.2 (99.2)	Domain Acc 77.7 (77.7)
Epoch: [1][  50/1000]	Time  5.09 ( 1.82)	Data  4.90 ( 1.64)	Loss   1.03 (  0.87)	Cls Acc 98.4 (99.0)	Domain Acc 53.1 (61.5)
Epoch: [1][ 100/1000]	Time  0.64 ( 1.79)	Data  0.46 ( 1.61)	Loss   0.88 (  0.89)	Cls Acc 99.2 (98.9)	Domain Acc 61.3 (60.4)
Epoch: [1][ 150/1000]	Time  0.65 ( 1.80)	Data  0.47 ( 1.62)	Loss   0.61 (  0.85)	Cls Acc 100.0 (99.1)	Domain Acc 71.1 (61.2)
Epoch: [1][ 200/1000]	Time  4.96 ( 1.82)	Data  4.78 ( 1.64)	Loss   0.88 (  0.83)	Cls Acc 98.4 (99.2)	Domain Acc 60.9 (61.4)
Epoch: [1][ 250/1000]	Time  0.65 ( 1.81)	Data  0.47 ( 1.63)	Loss   0.99 (  0.83)	Cls Acc 100.0 (99.2)	Domain Acc 48.0 (60.9)
Epoch: [1][ 300/1000]	Time  0.64 ( 1.81)	Data  0.47 ( 1.63)	Loss   0.76 (  0.84)	Cls Acc 100.0 (99.2)	Domain Acc 62.1 (60.2)
Epoch: [1][ 350/1000]	Time  4.94 ( 1.81)	Data  4.76 ( 1.64)	Loss   1.29 (  0.83)	Cls Acc 99.2 (99.2)	Domain Acc 47.3 (60.1)
Epoch: [1][ 400/1000]	Time  0.64 ( 1.81)	Data  0.46 ( 1.63)	Loss   0.88 (  0.85)	Cls Acc 100.0 (99.1)	Domain Acc 50.8 (60.1)
Epoch: [1][ 450/1000]	Time  0.64 ( 1.81)	Data  0.47 ( 1.63)	Loss   0.75 (  0.84)	Cls Acc 100.0 (99.2)	Domain Acc 66.0 (60.2)
Epoch: [1][ 500/1000]	Time  4.94 ( 1.82)	Data  4.76 ( 1.64)	Loss   0.82 (  0.84)	Cls Acc 100.0 (99.2)	Domain Acc 54.3 (59.9)
Epoch: [1][ 550/1000]	Time  0.65 ( 1.81)	Data  0.47 ( 1.63)	Loss   1.11 (  0.83)	Cls Acc 98.4 (99.2)	Domain Acc 52.0 (60.1)
Epoch: [1][ 600/1000]	Time  0.65 ( 1.81)	Data  0.47 ( 1.63)	Loss   0.99 (  0.83)	Cls Acc 99.2 (99.2)	Domain Acc 42.6 (60.1)
Epoch: [1][ 650/1000]	Time  4.85 ( 1.82)	Data  4.67 ( 1.64)	Loss   0.80 (  0.83)	Cls Acc 99.2 (99.2)	Domain Acc 52.7 (59.9)
Epoch: [1][ 700/1000]	Time  0.65 ( 1.81)	Data  0.47 ( 1.63)	Loss   0.90 (  0.83)	Cls Acc 98.4 (99.2)	Domain Acc 53.5 (59.7)
Epoch: [1][ 750/1000]	Time  0.65 ( 1.81)	Data  0.47 ( 1.63)	Loss   0.67 (  0.84)	Cls Acc 97.7 (99.2)	Domain Acc 70.3 (59.5)
Epoch: [1][ 800/1000]	Time  4.94 ( 1.82)	Data  4.76 ( 1.64)	Loss   0.69 (  0.83)	Cls Acc 100.0 (99.2)	Domain Acc 63.3 (59.9)
Epoch: [1][ 850/1000]	Time  0.65 ( 1.81)	Data  0.47 ( 1.63)	Loss   0.63 (  0.82)	Cls Acc 100.0 (99.2)	Domain Acc 68.4 (59.9)
Epoch: [1][ 900/1000]	Time  0.65 ( 1.81)	Data  0.47 ( 1.63)	Loss   0.72 (  0.82)	Cls Acc 100.0 (99.2)	Domain Acc 58.2 (59.8)
Epoch: [1][ 950/1000]	Time  4.80 ( 1.82)	Data  4.62 ( 1.64)	Loss   0.62 (  0.81)	Cls Acc 100.0 (99.2)	Domain Acc 70.7 (59.9)
Test: [0/4]	Time  3.202 ( 3.202)	Loss 2.2016e+00 (2.2016e+00)	Acc@1  50.78 ( 50.78)	Acc@5  79.69 ( 79.69)
 * Acc@1 45.582 Acc@5 74.900
acc1 = 45.6, best_acc1 = 45.6
Epoch: [2][   0/1000]	Time  0.27 ( 0.27)	Data  0.09 ( 0.09)	Loss   0.62 (  0.62)	Cls Acc 99.2 (99.2)	Domain Acc 69.9 (69.9)
Epoch: [2][  50/1000]	Time  0.65 ( 1.79)	Data  0.47 ( 1.61)	Loss   1.00 (  0.82)	Cls Acc 99.2 (99.2)	Domain Acc 45.7 (58.7)
Epoch: [2][ 100/1000]	Time  4.98 ( 1.83)	Data  4.79 ( 1.65)	Loss   0.74 (  0.81)	Cls Acc 100.0 (99.3)	Domain Acc 62.1 (57.2)
Epoch: [2][ 150/1000]	Time  0.64 ( 1.81)	Data  0.46 ( 1.63)	Loss   0.83 (  0.80)	Cls Acc 100.0 (99.4)	Domain Acc 53.9 (56.7)
Epoch: [2][ 200/1000]	Time  0.64 ( 1.81)	Data  0.47 ( 1.63)	Loss   0.72 (  0.79)	Cls Acc 100.0 (99.4)	Domain Acc 58.6 (57.0)
Epoch: [2][ 250/1000]	Time  4.98 ( 1.82)	Data  4.80 ( 1.64)	Loss   0.73 (  0.79)	Cls Acc 99.2 (99.4)	Domain Acc 58.2 (57.0)
Epoch: [2][ 300/1000]	Time  0.65 ( 1.81)	Data  0.47 ( 1.63)	Loss   0.68 (  0.77)	Cls Acc 100.0 (99.5)	Domain Acc 62.1 (57.7)
Epoch: [2][ 350/1000]	Time  0.64 ( 1.81)	Data  0.47 ( 1.63)	Loss   0.81 (  0.77)	Cls Acc 99.2 (99.5)	Domain Acc 51.2 (57.6)
Epoch: [2][ 400/1000]	Time  5.02 ( 1.82)	Data  4.84 ( 1.64)	Loss   0.81 (  0.77)	Cls Acc 100.0 (99.5)	Domain Acc 47.3 (57.6)
Epoch: [2][ 450/1000]	Time  0.64 ( 1.81)	Data  0.47 ( 1.63)	Loss   0.70 (  0.77)	Cls Acc 100.0 (99.5)	Domain Acc 64.5 (57.4)
Epoch: [2][ 500/1000]	Time  0.65 ( 1.82)	Data  0.47 ( 1.64)	Loss   0.94 (  0.78)	Cls Acc 99.2 (99.4)	Domain Acc 44.9 (57.2)
Epoch: [2][ 550/1000]	Time  4.87 ( 1.82)	Data  4.69 ( 1.64)	Loss   0.75 (  0.78)	Cls Acc 100.0 (99.4)	Domain Acc 60.2 (57.2)
Epoch: [2][ 600/1000]	Time  0.65 ( 1.82)	Data  0.47 ( 1.64)	Loss   0.78 (  0.78)	Cls Acc 100.0 (99.5)	Domain Acc 53.1 (57.1)
Epoch: [2][ 650/1000]	Time  0.65 ( 1.82)	Data  0.47 ( 1.64)	Loss   0.79 (  0.77)	Cls Acc 98.4 (99.5)	Domain Acc 52.0 (57.3)
Epoch: [2][ 700/1000]	Time  5.02 ( 1.82)	Data  4.84 ( 1.64)	Loss   0.67 (  0.77)	Cls Acc 100.0 (99.5)	Domain Acc 62.5 (57.7)
Epoch: [2][ 750/1000]	Time  0.65 ( 1.82)	Data  0.47 ( 1.64)	Loss   0.68 (  0.76)	Cls Acc 100.0 (99.5)	Domain Acc 66.0 (57.7)
Epoch: [2][ 800/1000]	Time  0.65 ( 1.82)	Data  0.47 ( 1.64)	Loss   0.56 (  0.76)	Cls Acc 100.0 (99.5)	Domain Acc 75.4 (57.6)
Epoch: [2][ 850/1000]	Time  5.04 ( 1.82)	Data  4.86 ( 1.64)	Loss   0.70 (  0.76)	Cls Acc 100.0 (99.5)	Domain Acc 62.5 (57.5)
Epoch: [2][ 900/1000]	Time  0.65 ( 1.82)	Data  0.47 ( 1.64)	Loss   0.82 (  0.76)	Cls Acc 100.0 (99.5)	Domain Acc 52.3 (57.4)
Epoch: [2][ 950/1000]	Time  0.64 ( 1.82)	Data  0.47 ( 1.64)	Loss   0.81 (  0.76)	Cls Acc 99.2 (99.6)	Domain Acc 50.4 (57.7)
Test: [0/4]	Time  3.258 ( 3.258)	Loss 2.4602e+00 (2.4602e+00)	Acc@1  54.69 ( 54.69)	Acc@5  78.12 ( 78.12)
 * Acc@1 49.197 Acc@5 75.100
acc1 = 49.2, best_acc1 = 49.2
Epoch: [3][   0/1000]	Time  5.01 ( 5.01)	Data  4.83 ( 4.83)	Loss   0.79 (  0.79)	Cls Acc 99.2 (99.2)	Domain Acc 55.5 (55.5)
Epoch: [3][  50/1000]	Time  0.65 ( 1.85)	Data  0.47 ( 1.67)	Loss   0.90 (  0.78)	Cls Acc 98.4 (99.5)	Domain Acc 43.0 (56.6)
Epoch: [3][ 100/1000]	Time  0.65 ( 1.85)	Data  0.47 ( 1.67)	Loss   0.77 (  0.76)	Cls Acc 100.0 (99.6)	Domain Acc 48.8 (56.9)
Epoch: [3][ 150/1000]	Time  4.94 ( 1.85)	Data  4.75 ( 1.67)	Loss   0.70 (  0.76)	Cls Acc 100.0 (99.7)	Domain Acc 62.1 (56.3)
Epoch: [3][ 200/1000]	Time  0.65 ( 1.83)	Data  0.47 ( 1.65)	Loss   0.76 (  0.75)	Cls Acc 99.2 (99.7)	Domain Acc 54.3 (56.7)
Epoch: [3][ 250/1000]	Time  0.65 ( 1.83)	Data  0.47 ( 1.65)	Loss   0.82 (  0.75)	Cls Acc 100.0 (99.7)	Domain Acc 47.7 (56.8)
Epoch: [3][ 300/1000]	Time  4.91 ( 1.83)	Data  4.73 ( 1.65)	Loss   0.89 (  0.74)	Cls Acc 100.0 (99.7)	Domain Acc 38.3 (57.0)
Epoch: [3][ 350/1000]	Time  0.64 ( 1.83)	Data  0.46 ( 1.65)	Loss   0.88 (  0.74)	Cls Acc 99.2 (99.7)	Domain Acc 47.7 (57.0)
Epoch: [3][ 400/1000]	Time  0.64 ( 1.83)	Data  0.47 ( 1.65)	Loss   0.67 (  0.74)	Cls Acc 100.0 (99.7)	Domain Acc 62.5 (57.2)
Epoch: [3][ 450/1000]	Time  4.85 ( 1.83)	Data  4.67 ( 1.65)	Loss   0.66 (  0.74)	Cls Acc 100.0 (99.7)	Domain Acc 64.5 (57.1)
Epoch: [3][ 500/1000]	Time  0.64 ( 1.82)	Data  0.46 ( 1.64)	Loss   0.72 (  0.74)	Cls Acc 100.0 (99.8)	Domain Acc 53.1 (57.1)
Epoch: [3][ 550/1000]	Time  0.64 ( 1.82)	Data  0.47 ( 1.64)	Loss   0.73 (  0.74)	Cls Acc 100.0 (99.8)	Domain Acc 59.0 (57.4)
Epoch: [3][ 600/1000]	Time  4.93 ( 1.82)	Data  4.75 ( 1.64)	Loss   0.62 (  0.73)	Cls Acc 100.0 (99.8)	Domain Acc 65.2 (57.6)
Epoch: [3][ 650/1000]	Time  0.64 ( 1.82)	Data  0.46 ( 1.64)	Loss   0.80 (  0.73)	Cls Acc 100.0 (99.8)	Domain Acc 50.4 (57.6)
Epoch: [3][ 700/1000]	Time  0.65 ( 1.82)	Data  0.47 ( 1.64)	Loss   0.70 (  0.73)	Cls Acc 99.2 (99.8)	Domain Acc 58.6 (57.5)
Epoch: [3][ 750/1000]	Time  5.10 ( 1.82)	Data  4.92 ( 1.64)	Loss   0.72 (  0.73)	Cls Acc 99.2 (99.8)	Domain Acc 60.5 (57.6)
Epoch: [3][ 800/1000]	Time  0.65 ( 1.82)	Data  0.47 ( 1.64)	Loss   0.61 (  0.73)	Cls Acc 100.0 (99.8)	Domain Acc 71.1 (57.7)
Epoch: [3][ 850/1000]	Time  0.65 ( 1.82)	Data  0.47 ( 1.64)	Loss   0.66 (  0.73)	Cls Acc 100.0 (99.8)	Domain Acc 61.3 (57.7)
Epoch: [3][ 900/1000]	Time  5.05 ( 1.82)	Data  4.87 ( 1.64)	Loss   0.76 (  0.73)	Cls Acc 99.2 (99.8)	Domain Acc 50.0 (57.8)
Epoch: [3][ 950/1000]	Time  0.64 ( 1.82)	Data  0.46 ( 1.64)	Loss   0.72 (  0.73)	Cls Acc 100.0 (99.8)	Domain Acc 57.4 (57.8)
Test: [0/4]	Time  3.252 ( 3.252)	Loss 2.5659e+00 (2.5659e+00)	Acc@1  54.69 ( 54.69)	Acc@5  81.25 ( 81.25)
 * Acc@1 50.402 Acc@5 79.317
acc1 = 50.4, best_acc1 = 50.4
Epoch: [4][   0/1000]	Time  0.27 ( 0.27)	Data  0.09 ( 0.09)	Loss   0.63 (  0.63)	Cls Acc 100.0 (100.0)	Domain Acc 71.5 (71.5)
Epoch: [4][  50/1000]	Time  4.97 ( 1.82)	Data  4.79 ( 1.64)	Loss   0.82 (  0.71)	Cls Acc 99.2 (99.7)	Domain Acc 48.4 (60.8)
Epoch: [4][ 100/1000]	Time  0.64 ( 1.80)	Data  0.46 ( 1.62)	Loss   0.73 (  0.71)	Cls Acc 100.0 (99.8)	Domain Acc 54.7 (60.1)
Epoch: [4][ 150/1000]	Time  0.65 ( 1.81)	Data  0.47 ( 1.63)	Loss   0.64 (  0.72)	Cls Acc 100.0 (99.8)	Domain Acc 62.1 (59.1)
Epoch: [4][ 200/1000]	Time  4.85 ( 1.82)	Data  4.67 ( 1.64)	Loss   0.67 (  0.72)	Cls Acc 100.0 (99.8)	Domain Acc 64.5 (58.8)
Epoch: [4][ 250/1000]	Time  0.65 ( 1.81)	Data  0.47 ( 1.63)	Loss   0.67 (  0.71)	Cls Acc 100.0 (99.8)	Domain Acc 64.8 (59.0)
Epoch: [4][ 300/1000]	Time  0.64 ( 1.81)	Data  0.46 ( 1.63)	Loss   0.67 (  0.71)	Cls Acc 100.0 (99.8)	Domain Acc 62.1 (58.9)
Epoch: [4][ 350/1000]	Time  4.85 ( 1.82)	Data  4.67 ( 1.64)	Loss   0.82 (  0.71)	Cls Acc 97.7 (99.8)	Domain Acc 53.9 (59.2)
Epoch: [4][ 400/1000]	Time  0.64 ( 1.81)	Data  0.46 ( 1.63)	Loss   0.62 (  0.71)	Cls Acc 100.0 (99.9)	Domain Acc 67.6 (59.5)
Epoch: [4][ 450/1000]	Time  0.65 ( 1.81)	Data  0.47 ( 1.63)	Loss   0.71 (  0.71)	Cls Acc 100.0 (99.9)	Domain Acc 54.3 (58.9)
Epoch: [4][ 500/1000]	Time  4.94 ( 1.82)	Data  4.76 ( 1.64)	Loss   0.73 (  0.71)	Cls Acc 100.0 (99.9)	Domain Acc 54.7 (59.2)
Epoch: [4][ 550/1000]	Time  0.65 ( 1.81)	Data  0.47 ( 1.63)	Loss   0.65 (  0.71)	Cls Acc 100.0 (99.9)	Domain Acc 66.8 (58.7)
Epoch: [4][ 600/1000]	Time  0.65 ( 1.81)	Data  0.47 ( 1.64)	Loss   0.82 (  0.71)	Cls Acc 99.2 (99.9)	Domain Acc 43.4 (58.5)
Epoch: [4][ 650/1000]	Time  4.99 ( 1.82)	Data  4.81 ( 1.64)	Loss   0.68 (  0.71)	Cls Acc 100.0 (99.9)	Domain Acc 62.1 (58.6)
Epoch: [4][ 700/1000]	Time  0.64 ( 1.81)	Data  0.46 ( 1.63)	Loss   0.59 (  0.71)	Cls Acc 100.0 (99.9)	Domain Acc 73.0 (58.2)
Epoch: [4][ 750/1000]	Time  0.65 ( 1.81)	Data  0.47 ( 1.63)	Loss   0.80 (  0.72)	Cls Acc 100.0 (99.8)	Domain Acc 56.2 (57.9)
Epoch: [4][ 800/1000]	Time  4.89 ( 1.82)	Data  4.71 ( 1.64)	Loss   0.76 (  0.72)	Cls Acc 100.0 (99.9)	Domain Acc 50.8 (58.1)
Epoch: [4][ 850/1000]	Time  0.65 ( 1.81)	Data  0.47 ( 1.63)	Loss   0.69 (  0.71)	Cls Acc 100.0 (99.9)	Domain Acc 62.1 (58.2)
Epoch: [4][ 900/1000]	Time  0.65 ( 1.82)	Data  0.47 ( 1.64)	Loss   0.69 (  0.72)	Cls Acc 100.0 (99.9)	Domain Acc 57.4 (57.9)
Epoch: [4][ 950/1000]	Time  4.85 ( 1.82)	Data  4.67 ( 1.64)	Loss   0.75 (  0.71)	Cls Acc 100.0 (99.9)	Domain Acc 52.7 (58.1)
Test: [0/4]	Time  3.268 ( 3.268)	Loss 2.0757e+00 (2.0757e+00)	Acc@1  61.72 ( 61.72)	Acc@5  85.16 ( 85.16)
 * Acc@1 59.036 Acc@5 81.124
acc1 = 59.0, best_acc1 = 59.0
Epoch: [5][   0/1000]	Time  0.27 ( 0.27)	Data  0.09 ( 0.09)	Loss   0.60 (  0.60)	Cls Acc 100.0 (100.0)	Domain Acc 72.3 (72.3)
Epoch: [5][  50/1000]	Time  0.65 ( 1.80)	Data  0.47 ( 1.62)	Loss   0.90 (  0.70)	Cls Acc 96.9 (99.9)	Domain Acc 42.6 (59.1)
Epoch: [5][ 100/1000]	Time  4.99 ( 1.82)	Data  4.81 ( 1.64)	Loss   0.64 (  0.71)	Cls Acc 100.0 (99.8)	Domain Acc 64.5 (58.6)
Epoch: [5][ 150/1000]	Time  0.64 ( 1.81)	Data  0.46 ( 1.63)	Loss   0.72 (  0.71)	Cls Acc 100.0 (99.8)	Domain Acc 54.7 (58.8)
Epoch: [5][ 200/1000]	Time  0.65 ( 1.81)	Data  0.47 ( 1.63)	Loss   0.65 (  0.70)	Cls Acc 100.0 (99.8)	Domain Acc 66.0 (59.4)
Epoch: [5][ 250/1000]	Time  4.95 ( 1.82)	Data  4.77 ( 1.64)	Loss   0.71 (  0.71)	Cls Acc 100.0 (99.8)	Domain Acc 58.2 (58.2)
Epoch: [5][ 300/1000]	Time  0.64 ( 1.81)	Data  0.46 ( 1.63)	Loss   0.84 (  0.71)	Cls Acc 99.2 (99.9)	Domain Acc 40.2 (58.6)
Epoch: [5][ 350/1000]	Time  0.65 ( 1.82)	Data  0.47 ( 1.64)	Loss   0.62 (  0.71)	Cls Acc 100.0 (99.8)	Domain Acc 70.3 (58.1)
Epoch: [5][ 400/1000]	Time  5.06 ( 1.82)	Data  4.88 ( 1.64)	Loss   0.71 (  0.72)	Cls Acc 100.0 (99.8)	Domain Acc 58.2 (57.5)
Epoch: [5][ 450/1000]	Time  0.65 ( 1.82)	Data  0.47 ( 1.64)	Loss   0.67 (  0.71)	Cls Acc 100.0 (99.9)	Domain Acc 63.3 (58.3)
Epoch: [5][ 500/1000]	Time  0.65 ( 1.82)	Data  0.47 ( 1.64)	Loss   0.70 (  0.71)	Cls Acc 100.0 (99.9)	Domain Acc 55.5 (58.1)
Epoch: [5][ 550/1000]	Time  4.96 ( 1.82)	Data  4.78 ( 1.64)	Loss   0.70 (  0.71)	Cls Acc 100.0 (99.9)	Domain Acc 56.6 (58.5)
Epoch: [5][ 600/1000]	Time  0.64 ( 1.82)	Data  0.47 ( 1.64)	Loss   0.66 (  0.71)	Cls Acc 100.0 (99.9)	Domain Acc 63.3 (58.4)
Epoch: [5][ 650/1000]	Time  0.65 ( 1.82)	Data  0.47 ( 1.64)	Loss   0.71 (  0.70)	Cls Acc 100.0 (99.9)	Domain Acc 55.9 (59.0)
Epoch: [5][ 700/1000]	Time  4.88 ( 1.82)	Data  4.70 ( 1.64)	Loss   0.67 (  0.70)	Cls Acc 100.0 (99.9)	Domain Acc 60.2 (58.5)
Epoch: [5][ 750/1000]	Time  0.64 ( 1.82)	Data  0.46 ( 1.64)	Loss   0.68 (  0.70)	Cls Acc 100.0 (99.9)	Domain Acc 61.7 (59.0)
Epoch: [5][ 800/1000]	Time  0.65 ( 1.82)	Data  0.47 ( 1.64)	Loss   0.63 (  0.70)	Cls Acc 100.0 (99.9)	Domain Acc 74.6 (58.8)
Epoch: [5][ 850/1000]	Time  4.81 ( 1.82)	Data  4.63 ( 1.64)	Loss   0.73 (  0.70)	Cls Acc 100.0 (99.9)	Domain Acc 51.6 (59.3)
Epoch: [5][ 900/1000]	Time  0.65 ( 1.82)	Data  0.47 ( 1.64)	Loss   0.67 (  0.70)	Cls Acc 100.0 (99.9)	Domain Acc 62.5 (58.9)
Epoch: [5][ 950/1000]	Time  0.65 ( 1.82)	Data  0.47 ( 1.64)	Loss   0.73 (  0.70)	Cls Acc 100.0 (99.9)	Domain Acc 53.5 (59.2)
Test: [0/4]	Time  3.243 ( 3.243)	Loss 2.0981e+00 (2.0981e+00)	Acc@1  61.72 ( 61.72)	Acc@5  86.72 ( 86.72)
 * Acc@1 56.024 Acc@5 83.735
acc1 = 56.0, best_acc1 = 59.0
Epoch: [6][   0/1000]	Time  4.93 ( 4.93)	Data  4.74 ( 4.74)	Loss   0.62 (  0.62)	Cls Acc 100.0 (100.0)	Domain Acc 72.3 (72.3)
Epoch: [6][  50/1000]	Time  0.65 ( 1.83)	Data  0.47 ( 1.65)	Loss   0.81 (  0.68)	Cls Acc 99.2 (99.9)	Domain Acc 43.8 (61.6)
Epoch: [6][ 100/1000]	Time  0.65 ( 1.83)	Data  0.47 ( 1.65)	Loss   0.60 (  0.69)	Cls Acc 100.0 (99.9)	Domain Acc 71.9 (59.9)
Epoch: [6][ 150/1000]	Time  4.95 ( 1.84)	Data  4.77 ( 1.66)	Loss   0.81 (  0.68)	Cls Acc 100.0 (99.9)	Domain Acc 40.6 (60.0)
Epoch: [6][ 200/1000]	Time  0.64 ( 1.82)	Data  0.46 ( 1.64)	Loss   0.63 (  0.69)	Cls Acc 100.0 (99.9)	Domain Acc 67.6 (59.8)
Epoch: [6][ 250/1000]	Time  0.64 ( 1.83)	Data  0.47 ( 1.65)	Loss   0.79 (  0.70)	Cls Acc 100.0 (99.9)	Domain Acc 42.6 (58.9)
Epoch: [6][ 300/1000]	Time  4.95 ( 1.83)	Data  4.77 ( 1.65)	Loss   0.66 (  0.70)	Cls Acc 99.2 (99.9)	Domain Acc 66.0 (58.7)
Epoch: [6][ 350/1000]	Time  0.64 ( 1.83)	Data  0.46 ( 1.65)	Loss   0.73 (  0.69)	Cls Acc 100.0 (99.9)	Domain Acc 54.7 (58.9)
Epoch: [6][ 400/1000]	Time  0.65 ( 1.83)	Data  0.47 ( 1.65)	Loss   0.64 (  0.69)	Cls Acc 100.0 (99.9)	Domain Acc 69.1 (59.1)
Epoch: [6][ 450/1000]	Time  5.13 ( 1.83)	Data  4.95 ( 1.65)	Loss   0.77 (  0.69)	Cls Acc 100.0 (99.9)	Domain Acc 43.4 (59.2)
Epoch: [6][ 500/1000]	Time  0.65 ( 1.82)	Data  0.47 ( 1.65)	Loss   0.63 (  0.69)	Cls Acc 100.0 (99.9)	Domain Acc 68.8 (59.3)
Epoch: [6][ 550/1000]	Time  0.65 ( 1.83)	Data  0.47 ( 1.65)	Loss   0.82 (  0.69)	Cls Acc 100.0 (99.9)	Domain Acc 36.3 (58.7)
Epoch: [6][ 600/1000]	Time  5.01 ( 1.83)	Data  4.83 ( 1.65)	Loss   0.63 (  0.69)	Cls Acc 100.0 (99.9)	Domain Acc 65.2 (59.1)
Epoch: [6][ 650/1000]	Time  0.64 ( 1.82)	Data  0.46 ( 1.64)	Loss   0.81 (  0.70)	Cls Acc 100.0 (99.9)	Domain Acc 44.1 (58.6)
Epoch: [6][ 700/1000]	Time  0.65 ( 1.83)	Data  0.48 ( 1.65)	Loss   0.63 (  0.69)	Cls Acc 100.0 (99.9)	Domain Acc 70.7 (59.1)
Epoch: [6][ 750/1000]	Time  5.03 ( 1.83)	Data  4.85 ( 1.65)	Loss   0.81 (  0.70)	Cls Acc 99.2 (99.9)	Domain Acc 44.1 (58.5)
Epoch: [6][ 800/1000]	Time  0.65 ( 1.82)	Data  0.47 ( 1.64)	Loss   0.61 (  0.69)	Cls Acc 100.0 (99.9)	Domain Acc 69.5 (59.0)
Epoch: [6][ 850/1000]	Time  0.65 ( 1.83)	Data  0.47 ( 1.65)	Loss   0.72 (  0.70)	Cls Acc 100.0 (99.9)	Domain Acc 55.9 (58.7)
Epoch: [6][ 900/1000]	Time  4.91 ( 1.83)	Data  4.73 ( 1.65)	Loss   0.72 (  0.70)	Cls Acc 100.0 (99.9)	Domain Acc 55.9 (58.5)
Epoch: [6][ 950/1000]	Time  0.64 ( 1.82)	Data  0.46 ( 1.64)	Loss   0.69 (  0.70)	Cls Acc 100.0 (99.9)	Domain Acc 60.5 (58.3)
Test: [0/4]	Time  3.213 ( 3.213)	Loss 2.2236e+00 (2.2236e+00)	Acc@1  62.50 ( 62.50)	Acc@5  90.62 ( 90.62)
 * Acc@1 59.839 Acc@5 87.149
acc1 = 59.8, best_acc1 = 59.8
Epoch: [7][   0/1000]	Time  0.27 ( 0.27)	Data  0.09 ( 0.09)	Loss   0.72 (  0.72)	Cls Acc 100.0 (100.0)	Domain Acc 52.0 (52.0)
Epoch: [7][  50/1000]	Time  4.91 ( 1.83)	Data  4.73 ( 1.65)	Loss   0.70 (  0.69)	Cls Acc 100.0 (100.0)	Domain Acc 57.4 (59.5)
Epoch: [7][ 100/1000]	Time  0.65 ( 1.80)	Data  0.47 ( 1.62)	Loss   0.70 (  0.71)	Cls Acc 100.0 (100.0)	Domain Acc 56.6 (57.8)
Epoch: [7][ 150/1000]	Time  0.65 ( 1.81)	Data  0.47 ( 1.63)	Loss   0.70 (  0.71)	Cls Acc 100.0 (100.0)	Domain Acc 58.6 (57.4)
Epoch: [7][ 200/1000]	Time  5.07 ( 1.83)	Data  4.89 ( 1.65)	Loss   0.69 (  0.70)	Cls Acc 100.0 (100.0)	Domain Acc 60.9 (58.4)
Epoch: [7][ 250/1000]	Time  0.65 ( 1.82)	Data  0.47 ( 1.64)	Loss   0.69 (  0.70)	Cls Acc 100.0 (100.0)	Domain Acc 55.5 (58.7)
Epoch: [7][ 300/1000]	Time  0.65 ( 1.82)	Data  0.47 ( 1.64)	Loss   0.67 (  0.69)	Cls Acc 100.0 (100.0)	Domain Acc 62.5 (58.9)
Epoch: [7][ 350/1000]	Time  5.10 ( 1.83)	Data  4.91 ( 1.65)	Loss   0.70 (  0.69)	Cls Acc 100.0 (100.0)	Domain Acc 58.6 (58.6)
Epoch: [7][ 400/1000]	Time  0.65 ( 1.82)	Data  0.47 ( 1.64)	Loss   0.69 (  0.69)	Cls Acc 100.0 (100.0)	Domain Acc 56.2 (58.6)
Epoch: [7][ 450/1000]	Time  0.65 ( 1.83)	Data  0.47 ( 1.65)	Loss   0.73 (  0.69)	Cls Acc 100.0 (100.0)	Domain Acc 50.4 (58.6)
Epoch: [7][ 500/1000]	Time  4.98 ( 1.83)	Data  4.80 ( 1.65)	Loss   0.62 (  0.69)	Cls Acc 100.0 (100.0)	Domain Acc 73.0 (58.6)
Epoch: [7][ 550/1000]	Time  0.65 ( 1.83)	Data  0.47 ( 1.65)	Loss   0.75 (  0.69)	Cls Acc 100.0 (100.0)	Domain Acc 51.2 (58.8)
Epoch: [7][ 600/1000]	Time  0.65 ( 1.83)	Data  0.47 ( 1.65)	Loss   0.65 (  0.70)	Cls Acc 100.0 (100.0)	Domain Acc 66.8 (58.2)
Epoch: [7][ 650/1000]	Time  5.04 ( 1.83)	Data  4.86 ( 1.65)	Loss   0.72 (  0.69)	Cls Acc 100.0 (100.0)	Domain Acc 52.7 (58.8)
Epoch: [7][ 700/1000]	Time  0.64 ( 1.83)	Data  0.46 ( 1.65)	Loss   0.65 (  0.69)	Cls Acc 100.0 (100.0)	Domain Acc 66.8 (58.4)
Epoch: [7][ 750/1000]	Time  0.64 ( 1.83)	Data  0.47 ( 1.65)	Loss   0.79 (  0.69)	Cls Acc 100.0 (100.0)	Domain Acc 43.0 (58.7)
Epoch: [7][ 800/1000]	Time  5.07 ( 1.83)	Data  4.89 ( 1.65)	Loss   0.64 (  0.69)	Cls Acc 100.0 (100.0)	Domain Acc 64.5 (58.3)
Epoch: [7][ 850/1000]	Time  0.64 ( 1.83)	Data  0.46 ( 1.65)	Loss   0.73 (  0.69)	Cls Acc 100.0 (100.0)	Domain Acc 52.3 (58.8)
Epoch: [7][ 900/1000]	Time  0.65 ( 1.83)	Data  0.47 ( 1.65)	Loss   0.66 (  0.69)	Cls Acc 100.0 (100.0)	Domain Acc 64.5 (58.3)
Epoch: [7][ 950/1000]	Time  5.04 ( 1.83)	Data  4.86 ( 1.65)	Loss   0.65 (  0.69)	Cls Acc 100.0 (100.0)	Domain Acc 64.8 (58.9)
Test: [0/4]	Time  3.274 ( 3.274)	Loss 2.7940e+00 (2.7940e+00)	Acc@1  61.72 ( 61.72)	Acc@5  85.16 ( 85.16)
 * Acc@1 59.237 Acc@5 87.149
acc1 = 59.2, best_acc1 = 59.8
Epoch: [8][   0/1000]	Time  0.26 ( 0.26)	Data  0.08 ( 0.08)	Loss   0.74 (  0.74)	Cls Acc 100.0 (100.0)	Domain Acc 53.5 (53.5)
Epoch: [8][  50/1000]	Time  0.64 ( 1.81)	Data  0.47 ( 1.63)	Loss   0.69 (  0.72)	Cls Acc 100.0 (100.0)	Domain Acc 60.2 (54.1)
Epoch: [8][ 100/1000]	Time  4.94 ( 1.84)	Data  4.76 ( 1.66)	Loss   0.72 (  0.71)	Cls Acc 100.0 (100.0)	Domain Acc 53.1 (56.8)
Epoch: [8][ 150/1000]	Time  0.64 ( 1.82)	Data  0.46 ( 1.64)	Loss   0.72 (  0.71)	Cls Acc 100.0 (100.0)	Domain Acc 51.6 (56.0)
Epoch: [8][ 200/1000]	Time  0.65 ( 1.83)	Data  0.47 ( 1.65)	Loss   0.60 (  0.70)	Cls Acc 100.0 (99.9)	Domain Acc 73.0 (56.7)
Epoch: [8][ 250/1000]	Time  5.08 ( 1.84)	Data  4.90 ( 1.66)	Loss   0.71 (  0.69)	Cls Acc 100.0 (99.9)	Domain Acc 50.4 (58.1)
Epoch: [8][ 300/1000]	Time  0.65 ( 1.83)	Data  0.47 ( 1.65)	Loss   0.78 (  0.70)	Cls Acc 100.0 (99.9)	Domain Acc 44.9 (56.6)
Epoch: [8][ 350/1000]	Time  0.65 ( 1.83)	Data  0.47 ( 1.65)	Loss   0.64 (  0.70)	Cls Acc 100.0 (99.9)	Domain Acc 64.5 (57.1)
Epoch: [8][ 400/1000]	Time  5.04 ( 1.84)	Data  4.86 ( 1.66)	Loss   0.76 (  0.70)	Cls Acc 100.0 (99.9)	Domain Acc 50.0 (57.2)
Epoch: [8][ 450/1000]	Time  0.64 ( 1.83)	Data  0.46 ( 1.65)	Loss   0.69 (  0.70)	Cls Acc 100.0 (99.9)	Domain Acc 60.2 (56.9)
Epoch: [8][ 500/1000]	Time  0.65 ( 1.83)	Data  0.47 ( 1.65)	Loss   0.74 (  0.70)	Cls Acc 100.0 (99.9)	Domain Acc 46.9 (57.0)
Epoch: [8][ 550/1000]	Time  5.07 ( 1.84)	Data  4.89 ( 1.66)	Loss   0.65 (  0.70)	Cls Acc 100.0 (99.9)	Domain Acc 68.4 (56.7)
Epoch: [8][ 600/1000]	Time  0.65 ( 1.84)	Data  0.47 ( 1.66)	Loss   0.70 (  0.70)	Cls Acc 100.0 (100.0)	Domain Acc 55.5 (57.3)
Epoch: [8][ 650/1000]	Time  0.65 ( 1.84)	Data  0.47 ( 1.66)	Loss   0.74 (  0.70)	Cls Acc 99.2 (100.0)	Domain Acc 52.7 (57.0)
Epoch: [8][ 700/1000]	Time  5.03 ( 1.84)	Data  4.85 ( 1.66)	Loss   0.65 (  0.70)	Cls Acc 100.0 (100.0)	Domain Acc 63.3 (57.4)
Epoch: [8][ 750/1000]	Time  0.65 ( 1.84)	Data  0.47 ( 1.66)	Loss   0.76 (  0.70)	Cls Acc 100.0 (100.0)	Domain Acc 50.4 (57.4)
Epoch: [8][ 800/1000]	Time  0.65 ( 1.84)	Data  0.47 ( 1.66)	Loss   0.69 (  0.70)	Cls Acc 100.0 (100.0)	Domain Acc 55.5 (57.3)
Epoch: [8][ 850/1000]	Time  5.05 ( 1.84)	Data  4.86 ( 1.66)	Loss   0.68 (  0.70)	Cls Acc 100.0 (100.0)	Domain Acc 59.8 (57.5)
Epoch: [8][ 900/1000]	Time  0.65 ( 1.84)	Data  0.47 ( 1.66)	Loss   0.65 (  0.70)	Cls Acc 100.0 (100.0)	Domain Acc 61.7 (57.8)
Epoch: [8][ 950/1000]	Time  0.65 ( 1.84)	Data  0.47 ( 1.66)	Loss   0.71 (  0.70)	Cls Acc 100.0 (100.0)	Domain Acc 55.5 (57.4)
Test: [0/4]	Time  3.264 ( 3.264)	Loss 2.6228e+00 (2.6228e+00)	Acc@1  66.41 ( 66.41)	Acc@5  80.47 ( 80.47)
 * Acc@1 63.253 Acc@5 84.538
acc1 = 63.3, best_acc1 = 63.3
Epoch: [9][   0/1000]	Time  5.06 ( 5.06)	Data  4.88 ( 4.88)	Loss   0.63 (  0.63)	Cls Acc 100.0 (100.0)	Domain Acc 65.6 (65.6)
Epoch: [9][  50/1000]	Time  0.65 ( 1.85)	Data  0.47 ( 1.67)	Loss   0.75 (  0.67)	Cls Acc 100.0 (100.0)	Domain Acc 50.0 (60.1)
Epoch: [9][ 100/1000]	Time  0.65 ( 1.85)	Data  0.47 ( 1.67)	Loss   0.70 (  0.71)	Cls Acc 100.0 (100.0)	Domain Acc 53.9 (55.7)
Epoch: [9][ 150/1000]	Time  4.96 ( 1.86)	Data  4.78 ( 1.68)	Loss   0.65 (  0.69)	Cls Acc 100.0 (100.0)	Domain Acc 62.9 (58.3)
Epoch: [9][ 200/1000]	Time  0.64 ( 1.84)	Data  0.46 ( 1.66)	Loss   0.71 (  0.69)	Cls Acc 100.0 (100.0)	Domain Acc 53.9 (58.0)
Epoch: [9][ 250/1000]	Time  0.65 ( 1.84)	Data  0.47 ( 1.66)	Loss   0.67 (  0.69)	Cls Acc 100.0 (100.0)	Domain Acc 61.3 (58.0)
Epoch: [9][ 300/1000]	Time  5.10 ( 1.85)	Data  4.92 ( 1.67)	Loss   0.68 (  0.69)	Cls Acc 100.0 (100.0)	Domain Acc 56.2 (58.4)
Epoch: [9][ 350/1000]	Time  0.65 ( 1.84)	Data  0.47 ( 1.66)	Loss   0.66 (  0.69)	Cls Acc 100.0 (100.0)	Domain Acc 64.5 (58.8)
Epoch: [9][ 400/1000]	Time  0.65 ( 1.84)	Data  0.47 ( 1.66)	Loss   0.73 (  0.69)	Cls Acc 100.0 (100.0)	Domain Acc 51.2 (58.7)
Epoch: [9][ 450/1000]	Time  5.05 ( 1.85)	Data  4.86 ( 1.67)	Loss   0.68 (  0.69)	Cls Acc 100.0 (100.0)	Domain Acc 60.5 (58.3)
Epoch: [9][ 500/1000]	Time  0.65 ( 1.85)	Data  0.47 ( 1.67)	Loss   0.67 (  0.69)	Cls Acc 100.0 (100.0)	Domain Acc 62.5 (59.0)
Epoch: [9][ 550/1000]	Time  0.65 ( 1.85)	Data  0.47 ( 1.67)	Loss   0.74 (  0.69)	Cls Acc 100.0 (100.0)	Domain Acc 48.0 (58.7)
Epoch: [9][ 600/1000]	Time  5.05 ( 1.85)	Data  4.87 ( 1.67)	Loss   0.63 (  0.69)	Cls Acc 100.0 (100.0)	Domain Acc 68.8 (58.7)
Epoch: [9][ 650/1000]	Time  0.65 ( 1.85)	Data  0.47 ( 1.67)	Loss   0.75 (  0.68)	Cls Acc 100.0 (100.0)	Domain Acc 47.3 (59.0)
Epoch: [9][ 700/1000]	Time  0.65 ( 1.85)	Data  0.47 ( 1.67)	Loss   0.70 (  0.69)	Cls Acc 100.0 (100.0)	Domain Acc 59.4 (58.5)
Epoch: [9][ 750/1000]	Time  5.05 ( 1.85)	Data  4.87 ( 1.67)	Loss   0.64 (  0.69)	Cls Acc 100.0 (100.0)	Domain Acc 69.1 (58.9)
Epoch: [9][ 800/1000]	Time  0.65 ( 1.85)	Data  0.47 ( 1.67)	Loss   0.72 (  0.69)	Cls Acc 100.0 (100.0)	Domain Acc 47.7 (58.8)
Epoch: [9][ 850/1000]	Time  0.65 ( 1.85)	Data  0.47 ( 1.67)	Loss   0.64 (  0.69)	Cls Acc 100.0 (100.0)	Domain Acc 70.3 (58.7)
Epoch: [9][ 900/1000]	Time  5.08 ( 1.85)	Data  4.90 ( 1.67)	Loss   0.71 (  0.68)	Cls Acc 100.0 (100.0)	Domain Acc 55.9 (58.9)
Epoch: [9][ 950/1000]	Time  0.64 ( 1.85)	Data  0.46 ( 1.67)	Loss   0.68 (  0.69)	Cls Acc 100.0 (100.0)	Domain Acc 62.1 (58.6)
Test: [0/4]	Time  3.253 ( 3.253)	Loss 3.1173e+00 (3.1173e+00)	Acc@1  62.50 ( 62.50)	Acc@5  80.47 ( 80.47)
 * Acc@1 62.651 Acc@5 84.337
acc1 = 62.7, best_acc1 = 63.3
Epoch: [10][   0/1000]	Time  0.27 ( 0.27)	Data  0.09 ( 0.09)	Loss   0.66 (  0.66)	Cls Acc 100.0 (100.0)	Domain Acc 62.9 (62.9)
Epoch: [10][  50/1000]	Time  5.39 ( 1.86)	Data  5.21 ( 1.68)	Loss   0.70 (  0.69)	Cls Acc 100.0 (100.0)	Domain Acc 56.6 (58.1)
Epoch: [10][ 100/1000]	Time  0.65 ( 1.82)	Data  0.47 ( 1.64)	Loss   0.63 (  0.68)	Cls Acc 100.0 (100.0)	Domain Acc 72.3 (59.8)
Epoch: [10][ 150/1000]	Time  0.64 ( 1.83)	Data  0.47 ( 1.65)	Loss   0.70 (  0.67)	Cls Acc 100.0 (100.0)	Domain Acc 55.1 (61.5)
Epoch: [10][ 200/1000]	Time  5.31 ( 1.85)	Data  5.11 ( 1.67)	Loss   0.72 (  0.68)	Cls Acc 100.0 (100.0)	Domain Acc 52.0 (59.6)
Epoch: [10][ 250/1000]	Time  0.65 ( 1.86)	Data  0.47 ( 1.68)	Loss   0.63 (  0.68)	Cls Acc 100.0 (100.0)	Domain Acc 72.7 (60.0)
Epoch: [10][ 300/1000]	Time  0.64 ( 1.87)	Data  0.47 ( 1.69)	Loss   0.71 (  0.68)	Cls Acc 100.0 (100.0)	Domain Acc 54.3 (60.4)
Epoch: [10][ 350/1000]	Time  5.27 ( 1.88)	Data  5.09 ( 1.70)	Loss   0.70 (  0.68)	Cls Acc 100.0 (100.0)	Domain Acc 53.5 (59.5)
Epoch: [10][ 400/1000]	Time  0.65 ( 1.87)	Data  0.47 ( 1.69)	Loss   0.66 (  0.68)	Cls Acc 100.0 (100.0)	Domain Acc 63.3 (59.6)
Epoch: [10][ 450/1000]	Time  0.65 ( 1.87)	Data  0.47 ( 1.69)	Loss   0.69 (  0.68)	Cls Acc 100.0 (100.0)	Domain Acc 59.8 (59.4)
Epoch: [10][ 500/1000]	Time  5.22 ( 1.87)	Data  5.04 ( 1.69)	Loss   0.64 (  0.68)	Cls Acc 100.0 (100.0)	Domain Acc 66.4 (59.7)
Epoch: [10][ 550/1000]	Time  0.64 ( 1.86)	Data  0.46 ( 1.68)	Loss   0.68 (  0.68)	Cls Acc 100.0 (100.0)	Domain Acc 59.4 (60.2)
Epoch: [10][ 600/1000]	Time  0.65 ( 1.86)	Data  0.47 ( 1.68)	Loss   0.68 (  0.68)	Cls Acc 100.0 (100.0)	Domain Acc 57.4 (59.5)
Epoch: [10][ 650/1000]	Time  5.00 ( 1.86)	Data  4.82 ( 1.68)	Loss   0.67 (  0.68)	Cls Acc 100.0 (100.0)	Domain Acc 60.9 (60.0)
Epoch: [10][ 700/1000]	Time  0.65 ( 1.86)	Data  0.47 ( 1.68)	Loss   0.67 (  0.68)	Cls Acc 100.0 (100.0)	Domain Acc 63.3 (59.8)
Epoch: [10][ 750/1000]	Time  0.64 ( 1.86)	Data  0.46 ( 1.68)	Loss   0.67 (  0.68)	Cls Acc 100.0 (100.0)	Domain Acc 64.1 (60.1)
Epoch: [10][ 800/1000]	Time  5.04 ( 1.86)	Data  4.86 ( 1.68)	Loss   0.70 (  0.68)	Cls Acc 100.0 (100.0)	Domain Acc 54.7 (60.0)
Epoch: [10][ 850/1000]	Time  0.65 ( 1.85)	Data  0.47 ( 1.68)	Loss   0.65 (  0.68)	Cls Acc 100.0 (100.0)	Domain Acc 65.2 (59.9)
Epoch: [10][ 900/1000]	Time  0.65 ( 1.85)	Data  0.47 ( 1.67)	Loss   0.70 (  0.68)	Cls Acc 100.0 (100.0)	Domain Acc 55.5 (60.0)
Epoch: [10][ 950/1000]	Time  4.99 ( 1.86)	Data  4.81 ( 1.68)	Loss   0.71 (  0.68)	Cls Acc 100.0 (100.0)	Domain Acc 55.9 (59.4)
Test: [0/4]	Time  3.317 ( 3.317)	Loss 2.9028e+00 (2.9028e+00)	Acc@1  66.41 ( 66.41)	Acc@5  80.47 ( 80.47)
 * Acc@1 62.249 Acc@5 84.137
acc1 = 62.2, best_acc1 = 63.3
Epoch: [11][   0/1000]	Time  0.26 ( 0.26)	Data  0.08 ( 0.08)	Loss   0.69 (  0.69)	Cls Acc 100.0 (100.0)	Domain Acc 60.5 (60.5)
Epoch: [11][  50/1000]	Time  0.65 ( 1.81)	Data  0.47 ( 1.63)	Loss   0.74 (  0.72)	Cls Acc 100.0 (100.0)	Domain Acc 50.4 (55.7)
Epoch: [11][ 100/1000]	Time  5.04 ( 1.84)	Data  4.86 ( 1.66)	Loss   0.68 (  0.71)	Cls Acc 100.0 (100.0)	Domain Acc 61.3 (56.4)
Epoch: [11][ 150/1000]	Time  0.65 ( 1.82)	Data  0.47 ( 1.64)	Loss   0.69 (  0.70)	Cls Acc 100.0 (100.0)	Domain Acc 60.2 (56.9)
Epoch: [11][ 200/1000]	Time  0.65 ( 1.83)	Data  0.47 ( 1.65)	Loss   0.66 (  0.70)	Cls Acc 100.0 (100.0)	Domain Acc 61.7 (58.2)
Epoch: [11][ 250/1000]	Time  5.01 ( 1.84)	Data  4.83 ( 1.66)	Loss   0.69 (  0.70)	Cls Acc 100.0 (100.0)	Domain Acc 60.9 (58.3)
Epoch: [11][ 300/1000]	Time  0.64 ( 1.83)	Data  0.47 ( 1.65)	Loss   0.68 (  0.70)	Cls Acc 100.0 (100.0)	Domain Acc 59.4 (58.0)
Epoch: [11][ 350/1000]	Time  0.65 ( 1.83)	Data  0.47 ( 1.65)	Loss   0.66 (  0.69)	Cls Acc 100.0 (100.0)	Domain Acc 60.9 (58.8)
Epoch: [11][ 400/1000]	Time  4.99 ( 1.84)	Data  4.81 ( 1.66)	Loss   0.75 (  0.70)	Cls Acc 100.0 (100.0)	Domain Acc 48.8 (58.3)
Epoch: [11][ 450/1000]	Time  0.64 ( 1.83)	Data  0.46 ( 1.65)	Loss   0.64 (  0.69)	Cls Acc 100.0 (100.0)	Domain Acc 69.1 (58.5)
