Namespace(arch='resnet18', batch_size=128, bottleneck_dim=256, center_crop=False, data='Office31', data_processing='ours', epochs=30, iters_per_epoch=1000, local=True, local_pretrained_path='/home/junzhin/Project/Summer_project/code/version1.0/pretrained_model_results/Resnet18_office31masked2_newmodel_best.pth.tar', log='/home/junzhin/Project/Summer_project/code/version2.0/training_results/dann/Resnet18_office31masked2/A_D', lr=0.01, lr_decay=0.75, lr_gamma=0.001, momentum=0.9, per_class_eval=False, phase='train', pretrained=True, print_freq=50, root='/home/junzhin/Project/Summer_project/code/version2.0/data/office31', seed=1, source='A', target='D', trade_off=1.0, weight_decay=0.001, workers=4)
../../../../dann_modified.py:46: UserWarning: You have chosen to seed training. This will turn on the CUDNN deterministic setting, which can slow down your training considerably! You may see unexpected behavior when restarting from checkpoints.
  warnings.warn('You have chosen to seed training. '
=> using pre-trained model 'resnet18'
Epoch: [0][   0/1000]	Time  1.98 ( 1.98)	Data  1.59 ( 1.59)	Loss   4.25 (  4.25)	Cls Acc 3.9 (3.9)	Domain Acc 55.9 (55.9)
Epoch: [0][  50/1000]	Time  0.64 ( 1.59)	Data  0.46 ( 1.41)	Loss   2.84 (  3.27)	Cls Acc 25.8 (16.0)	Domain Acc 96.5 (93.5)
Epoch: [0][ 100/1000]	Time  0.65 ( 1.62)	Data  0.47 ( 1.44)	Loss   2.24 (  2.89)	Cls Acc 45.3 (24.5)	Domain Acc 98.4 (95.7)
Epoch: [0][ 150/1000]	Time  3.43 ( 1.63)	Data  3.25 ( 1.45)	Loss   2.01 (  2.65)	Cls Acc 45.3 (30.0)	Domain Acc 100.0 (96.7)
Epoch: [0][ 200/1000]	Time  0.65 ( 1.63)	Data  0.48 ( 1.45)	Loss   1.79 (  2.46)	Cls Acc 50.8 (34.7)	Domain Acc 99.2 (97.2)
Epoch: [0][ 250/1000]	Time  0.64 ( 1.63)	Data  0.46 ( 1.45)	Loss   1.52 (  2.30)	Cls Acc 61.7 (38.8)	Domain Acc 97.7 (97.5)
Epoch: [0][ 300/1000]	Time  3.44 ( 1.63)	Data  3.25 ( 1.45)	Loss   1.32 (  2.17)	Cls Acc 66.4 (42.1)	Domain Acc 98.8 (97.7)
Epoch: [0][ 350/1000]	Time  0.65 ( 1.63)	Data  0.47 ( 1.45)	Loss   1.31 (  2.06)	Cls Acc 68.8 (45.1)	Domain Acc 96.9 (97.9)
Epoch: [0][ 400/1000]	Time  0.65 ( 1.63)	Data  0.47 ( 1.45)	Loss   1.10 (  1.96)	Cls Acc 74.2 (47.9)	Domain Acc 98.0 (98.0)
Epoch: [0][ 450/1000]	Time  3.46 ( 1.64)	Data  3.28 ( 1.45)	Loss   1.50 (  1.94)	Cls Acc 68.0 (49.9)	Domain Acc 93.4 (96.5)
Epoch: [0][ 500/1000]	Time  0.65 ( 1.63)	Data  0.47 ( 1.45)	Loss   2.43 (  1.91)	Cls Acc 65.6 (51.9)	Domain Acc 76.6 (95.6)
Epoch: [0][ 550/1000]	Time  1.23 ( 1.63)	Data  1.05 ( 1.45)	Loss   1.20 (  1.88)	Cls Acc 78.9 (53.6)	Domain Acc 86.3 (94.2)
Epoch: [0][ 600/1000]	Time  3.48 ( 1.64)	Data  3.30 ( 1.46)	Loss   2.28 (  1.88)	Cls Acc 68.0 (55.0)	Domain Acc 64.8 (92.8)
Epoch: [0][ 650/1000]	Time  0.65 ( 1.63)	Data  0.47 ( 1.45)	Loss   2.11 (  1.88)	Cls Acc 68.0 (56.2)	Domain Acc 55.5 (91.0)
Epoch: [0][ 700/1000]	Time  0.65 ( 1.63)	Data  0.47 ( 1.45)	Loss   2.81 (  1.86)	Cls Acc 69.5 (57.5)	Domain Acc 35.5 (89.6)
Epoch: [0][ 750/1000]	Time  3.54 ( 1.64)	Data  3.36 ( 1.45)	Loss   1.93 (  1.85)	Cls Acc 66.4 (58.6)	Domain Acc 65.6 (88.2)
Epoch: [0][ 800/1000]	Time  0.65 ( 1.63)	Data  0.47 ( 1.45)	Loss   1.35 (  1.86)	Cls Acc 68.0 (59.5)	Domain Acc 88.7 (87.2)
Epoch: [0][ 850/1000]	Time  0.65 ( 1.63)	Data  0.47 ( 1.45)	Loss   1.45 (  1.86)	Cls Acc 85.9 (60.3)	Domain Acc 68.4 (85.9)
Epoch: [0][ 900/1000]	Time  3.46 ( 1.63)	Data  3.28 ( 1.45)	Loss   2.45 (  1.85)	Cls Acc 78.1 (61.1)	Domain Acc 48.8 (85.1)
Epoch: [0][ 950/1000]	Time  0.65 ( 1.63)	Data  0.47 ( 1.45)	Loss   1.82 (  1.86)	Cls Acc 82.0 (61.9)	Domain Acc 52.7 (83.6)
Test: [0/4]	Time  3.291 ( 3.291)	Loss 3.5286e+00 (3.5286e+00)	Acc@1  17.97 ( 17.97)	Acc@5  46.88 ( 46.88)
 * Acc@1 11.446 Acc@5 38.554
acc1 = 11.4, best_acc1 = 11.4
Epoch: [1][   0/1000]	Time  0.27 ( 0.27)	Data  0.09 ( 0.09)	Loss   1.23 (  1.23)	Cls Acc 84.4 (84.4)	Domain Acc 73.4 (73.4)
Epoch: [1][  50/1000]	Time  3.46 ( 1.61)	Data  3.28 ( 1.43)	Loss   1.65 (  1.67)	Cls Acc 78.1 (79.2)	Domain Acc 55.1 (56.6)
Epoch: [1][ 100/1000]	Time  1.17 ( 1.61)	Data  0.99 ( 1.43)	Loss   1.67 (  1.73)	Cls Acc 78.1 (79.1)	Domain Acc 61.7 (55.6)
Epoch: [1][ 150/1000]	Time  0.65 ( 1.62)	Data  0.47 ( 1.44)	Loss   1.83 (  1.78)	Cls Acc 75.8 (79.0)	Domain Acc 54.7 (53.6)
Epoch: [1][ 200/1000]	Time  3.49 ( 1.63)	Data  3.29 ( 1.45)	Loss   1.24 (  1.85)	Cls Acc 82.8 (78.4)	Domain Acc 60.9 (53.2)
Epoch: [1][ 250/1000]	Time  0.65 ( 1.62)	Data  0.47 ( 1.44)	Loss   1.40 (  1.78)	Cls Acc 82.8 (79.2)	Domain Acc 51.6 (52.8)
Epoch: [1][ 300/1000]	Time  0.65 ( 1.63)	Data  0.47 ( 1.45)	Loss   1.72 (  1.70)	Cls Acc 86.7 (80.3)	Domain Acc 42.2 (54.1)
Epoch: [1][ 350/1000]	Time  3.49 ( 1.63)	Data  3.30 ( 1.45)	Loss   1.66 (  1.66)	Cls Acc 80.5 (81.1)	Domain Acc 53.9 (53.8)
Epoch: [1][ 400/1000]	Time  0.65 ( 1.63)	Data  0.47 ( 1.45)	Loss   1.40 (  1.63)	Cls Acc 82.8 (81.6)	Domain Acc 50.4 (53.4)
Epoch: [1][ 450/1000]	Time  0.65 ( 1.63)	Data  0.47 ( 1.45)	Loss   1.48 (  1.59)	Cls Acc 89.8 (82.3)	Domain Acc 43.8 (53.4)
Epoch: [1][ 500/1000]	Time  3.50 ( 1.63)	Data  3.32 ( 1.45)	Loss   1.19 (  1.57)	Cls Acc 91.4 (82.8)	Domain Acc 57.8 (53.5)
Epoch: [1][ 550/1000]	Time  0.65 ( 1.63)	Data  0.47 ( 1.45)	Loss   1.43 (  1.55)	Cls Acc 80.5 (83.2)	Domain Acc 53.1 (53.2)
Epoch: [1][ 600/1000]	Time  0.65 ( 1.63)	Data  0.47 ( 1.45)	Loss   1.12 (  1.52)	Cls Acc 91.4 (83.7)	Domain Acc 61.7 (52.9)
Epoch: [1][ 650/1000]	Time  4.66 ( 1.63)	Data  4.48 ( 1.45)	Loss   1.25 (  1.50)	Cls Acc 88.3 (84.2)	Domain Acc 55.1 (53.0)
Epoch: [1][ 700/1000]	Time  0.65 ( 1.63)	Data  0.47 ( 1.45)	Loss   1.50 (  1.49)	Cls Acc 85.9 (84.6)	Domain Acc 48.4 (52.6)
Epoch: [1][ 750/1000]	Time  0.65 ( 1.63)	Data  0.47 ( 1.45)	Loss   1.54 (  1.48)	Cls Acc 87.5 (84.9)	Domain Acc 52.3 (52.4)
Epoch: [1][ 800/1000]	Time  3.43 ( 1.63)	Data  3.24 ( 1.45)	Loss   1.99 (  1.48)	Cls Acc 83.6 (85.0)	Domain Acc 40.2 (52.3)
Epoch: [1][ 850/1000]	Time  0.64 ( 1.63)	Data  0.46 ( 1.45)	Loss   1.35 (  1.47)	Cls Acc 92.2 (85.3)	Domain Acc 50.0 (52.5)
Epoch: [1][ 900/1000]	Time  0.65 ( 1.63)	Data  0.47 ( 1.45)	Loss   1.12 (  1.45)	Cls Acc 91.4 (85.6)	Domain Acc 50.8 (52.5)
Epoch: [1][ 950/1000]	Time  3.41 ( 1.63)	Data  3.23 ( 1.45)	Loss   1.03 (  1.43)	Cls Acc 93.0 (86.0)	Domain Acc 47.3 (52.6)
Test: [0/4]	Time  3.305 ( 3.305)	Loss 4.0331e+00 (4.0331e+00)	Acc@1  26.56 ( 26.56)	Acc@5  53.12 ( 53.12)
 * Acc@1 16.466 Acc@5 41.767
acc1 = 16.5, best_acc1 = 16.5
Epoch: [2][   0/1000]	Time  0.27 ( 0.27)	Data  0.09 ( 0.09)	Loss   1.06 (  1.06)	Cls Acc 96.1 (96.1)	Domain Acc 45.3 (45.3)
Epoch: [2][  50/1000]	Time  0.65 ( 1.64)	Data  0.47 ( 1.46)	Loss   0.96 (  1.02)	Cls Acc 91.4 (94.3)	Domain Acc 63.3 (52.9)
Epoch: [2][ 100/1000]	Time  3.51 ( 1.64)	Data  3.33 ( 1.46)	Loss   0.85 (  1.00)	Cls Acc 96.9 (94.5)	Domain Acc 65.2 (53.5)
Epoch: [2][ 150/1000]	Time  0.65 ( 1.63)	Data  0.47 ( 1.45)	Loss   1.06 (  1.00)	Cls Acc 94.5 (94.7)	Domain Acc 46.9 (52.9)
Epoch: [2][ 200/1000]	Time  1.22 ( 1.64)	Data  1.04 ( 1.46)	Loss   0.98 (  1.00)	Cls Acc 95.3 (94.7)	Domain Acc 45.3 (51.8)
Epoch: [2][ 250/1000]	Time  3.49 ( 1.64)	Data  3.31 ( 1.46)	Loss   0.85 (  0.98)	Cls Acc 96.1 (95.0)	Domain Acc 56.6 (51.9)
Epoch: [2][ 300/1000]	Time  0.65 ( 1.63)	Data  0.47 ( 1.45)	Loss   0.94 (  0.97)	Cls Acc 93.8 (95.3)	Domain Acc 55.1 (51.9)
Epoch: [2][ 350/1000]	Time  0.65 ( 1.63)	Data  0.47 ( 1.45)	Loss   0.91 (  0.96)	Cls Acc 99.2 (95.4)	Domain Acc 51.2 (51.8)
Epoch: [2][ 400/1000]	Time  3.56 ( 1.64)	Data  3.38 ( 1.46)	Loss   0.87 (  0.96)	Cls Acc 96.9 (95.5)	Domain Acc 53.9 (51.9)
Epoch: [2][ 450/1000]	Time  0.65 ( 1.63)	Data  0.47 ( 1.45)	Loss   1.04 (  0.97)	Cls Acc 92.2 (95.4)	Domain Acc 52.3 (51.6)
Epoch: [2][ 500/1000]	Time  0.65 ( 1.63)	Data  0.47 ( 1.45)	Loss   1.11 (  0.97)	Cls Acc 95.3 (95.4)	Domain Acc 44.9 (51.6)
Epoch: [2][ 550/1000]	Time  3.46 ( 1.64)	Data  3.28 ( 1.46)	Loss   1.02 (  0.97)	Cls Acc 95.3 (95.4)	Domain Acc 52.7 (51.4)
Epoch: [2][ 600/1000]	Time  0.65 ( 1.63)	Data  0.47 ( 1.45)	Loss   0.75 (  0.98)	Cls Acc 96.1 (95.4)	Domain Acc 68.0 (51.4)
Epoch: [2][ 650/1000]	Time  0.65 ( 1.63)	Data  0.47 ( 1.45)	Loss   1.00 (  0.98)	Cls Acc 95.3 (95.5)	Domain Acc 57.8 (51.3)
Epoch: [2][ 700/1000]	Time  3.44 ( 1.64)	Data  3.26 ( 1.46)	Loss   0.94 (  0.97)	Cls Acc 96.1 (95.5)	Domain Acc 41.4 (51.3)
Epoch: [2][ 750/1000]	Time  1.22 ( 1.63)	Data  1.04 ( 1.45)	Loss   1.02 (  0.97)	Cls Acc 95.3 (95.7)	Domain Acc 49.2 (51.6)
Epoch: [2][ 800/1000]	Time  0.64 ( 1.63)	Data  0.46 ( 1.45)	Loss   0.90 (  0.96)	Cls Acc 97.7 (95.7)	Domain Acc 56.2 (51.5)
Epoch: [2][ 850/1000]	Time  3.51 ( 1.64)	Data  3.33 ( 1.46)	Loss   0.79 (  0.97)	Cls Acc 98.4 (95.7)	Domain Acc 59.8 (51.4)
Epoch: [2][ 900/1000]	Time  0.65 ( 1.63)	Data  0.47 ( 1.45)	Loss   0.96 (  0.97)	Cls Acc 95.3 (95.7)	Domain Acc 50.0 (51.2)
Epoch: [2][ 950/1000]	Time  0.65 ( 1.63)	Data  0.47 ( 1.45)	Loss   0.86 (  0.97)	Cls Acc 95.3 (95.8)	Domain Acc 60.9 (51.3)
Test: [0/4]	Time  3.359 ( 3.359)	Loss 4.6112e+00 (4.6112e+00)	Acc@1  25.78 ( 25.78)	Acc@5  49.22 ( 49.22)
 * Acc@1 18.474 Acc@5 45.382
acc1 = 18.5, best_acc1 = 18.5
Epoch: [3][   0/1000]	Time  3.55 ( 3.55)	Data  3.37 ( 3.37)	Loss   0.79 (  0.79)	Cls Acc 99.2 (99.2)	Domain Acc 59.4 (59.4)
Epoch: [3][  50/1000]	Time  0.65 ( 1.64)	Data  0.47 ( 1.46)	Loss   0.85 (  0.90)	Cls Acc 98.4 (97.5)	Domain Acc 51.6 (54.8)
Epoch: [3][ 100/1000]	Time  0.65 ( 1.64)	Data  0.47 ( 1.46)	Loss   0.90 (  0.87)	Cls Acc 99.2 (97.6)	Domain Acc 42.6 (54.4)
Epoch: [3][ 150/1000]	Time  3.50 ( 1.65)	Data  3.32 ( 1.47)	Loss   0.96 (  0.87)	Cls Acc 96.9 (97.7)	Domain Acc 42.2 (53.1)
Epoch: [3][ 200/1000]	Time  0.65 ( 1.63)	Data  0.47 ( 1.45)	Loss   0.84 (  0.87)	Cls Acc 97.7 (97.8)	Domain Acc 56.6 (52.1)
Epoch: [3][ 250/1000]	Time  0.65 ( 1.64)	Data  0.47 ( 1.46)	Loss   0.87 (  0.88)	Cls Acc 99.2 (97.7)	Domain Acc 54.3 (51.5)
Epoch: [3][ 300/1000]	Time  4.68 ( 1.64)	Data  4.50 ( 1.46)	Loss   0.95 (  0.88)	Cls Acc 96.1 (97.7)	Domain Acc 47.3 (50.9)
Epoch: [3][ 350/1000]	Time  0.65 ( 1.64)	Data  0.47 ( 1.46)	Loss   0.93 (  0.88)	Cls Acc 97.7 (97.7)	Domain Acc 43.8 (50.6)
Epoch: [3][ 400/1000]	Time  0.65 ( 1.64)	Data  0.47 ( 1.46)	Loss   0.77 (  0.87)	Cls Acc 100.0 (97.8)	Domain Acc 54.7 (50.9)
Epoch: [3][ 450/1000]	Time  3.44 ( 1.64)	Data  3.26 ( 1.46)	Loss   0.84 (  0.86)	Cls Acc 98.4 (97.9)	Domain Acc 49.6 (50.9)
Epoch: [3][ 500/1000]	Time  0.65 ( 1.64)	Data  0.47 ( 1.46)	Loss   0.79 (  0.86)	Cls Acc 100.0 (98.0)	Domain Acc 51.6 (51.3)
Epoch: [3][ 550/1000]	Time  0.65 ( 1.64)	Data  0.47 ( 1.46)	Loss   0.76 (  0.85)	Cls Acc 99.2 (98.1)	Domain Acc 52.7 (51.4)
Epoch: [3][ 600/1000]	Time  3.42 ( 1.64)	Data  3.24 ( 1.46)	Loss   0.79 (  0.84)	Cls Acc 96.9 (98.1)	Domain Acc 50.4 (51.6)
Epoch: [3][ 650/1000]	Time  0.65 ( 1.63)	Data  0.47 ( 1.45)	Loss   0.79 (  0.84)	Cls Acc 100.0 (98.2)	Domain Acc 46.5 (51.8)
Epoch: [3][ 700/1000]	Time  0.65 ( 1.64)	Data  0.47 ( 1.46)	Loss   0.84 (  0.84)	Cls Acc 98.4 (98.3)	Domain Acc 46.5 (51.7)
Epoch: [3][ 750/1000]	Time  3.46 ( 1.64)	Data  3.28 ( 1.46)	Loss   0.81 (  0.83)	Cls Acc 99.2 (98.3)	Domain Acc 49.6 (51.8)
Epoch: [3][ 800/1000]	Time  0.65 ( 1.63)	Data  0.47 ( 1.45)	Loss   0.90 (  0.83)	Cls Acc 96.9 (98.3)	Domain Acc 52.0 (51.8)
Epoch: [3][ 850/1000]	Time  1.23 ( 1.64)	Data  1.05 ( 1.46)	Loss   0.69 (  0.83)	Cls Acc 100.0 (98.3)	Domain Acc 66.4 (51.7)
Epoch: [3][ 900/1000]	Time  3.48 ( 1.64)	Data  3.28 ( 1.46)	Loss   0.77 (  0.83)	Cls Acc 98.4 (98.4)	Domain Acc 53.1 (51.8)
Epoch: [3][ 950/1000]	Time  0.65 ( 1.63)	Data  0.47 ( 1.45)	Loss   0.78 (  0.83)	Cls Acc 97.7 (98.4)	Domain Acc 52.3 (51.8)
Test: [0/4]	Time  3.253 ( 3.253)	Loss 5.1591e+00 (5.1591e+00)	Acc@1  28.12 ( 28.12)	Acc@5  54.69 ( 54.69)
 * Acc@1 19.679 Acc@5 51.406
acc1 = 19.7, best_acc1 = 19.7
Epoch: [4][   0/1000]	Time  0.27 ( 0.27)	Data  0.09 ( 0.09)	Loss   0.75 (  0.75)	Cls Acc 99.2 (99.2)	Domain Acc 53.5 (53.5)
Epoch: [4][  50/1000]	Time  3.66 ( 1.64)	Data  3.48 ( 1.46)	Loss   0.92 (  0.77)	Cls Acc 96.1 (99.1)	Domain Acc 43.8 (54.4)
Epoch: [4][ 100/1000]	Time  0.65 ( 1.62)	Data  0.47 ( 1.44)	Loss   0.81 (  0.78)	Cls Acc 97.7 (99.0)	Domain Acc 55.5 (54.2)
Epoch: [4][ 150/1000]	Time  0.65 ( 1.63)	Data  0.47 ( 1.45)	Loss   0.78 (  0.78)	Cls Acc 99.2 (99.1)	Domain Acc 55.9 (53.2)
Epoch: [4][ 200/1000]	Time  3.48 ( 1.63)	Data  3.30 ( 1.45)	Loss   0.76 (  0.78)	Cls Acc 99.2 (99.1)	Domain Acc 53.1 (52.7)
Epoch: [4][ 250/1000]	Time  0.64 ( 1.63)	Data  0.47 ( 1.45)	Loss   0.78 (  0.78)	Cls Acc 99.2 (99.1)	Domain Acc 52.3 (52.7)
Epoch: [4][ 300/1000]	Time  0.65 ( 1.63)	Data  0.47 ( 1.45)	Loss   0.86 (  0.78)	Cls Acc 99.2 (99.1)	Domain Acc 51.6 (52.5)
Epoch: [4][ 350/1000]	Time  3.45 ( 1.63)	Data  3.27 ( 1.45)	Loss   0.78 (  0.78)	Cls Acc 99.2 (99.1)	Domain Acc 48.4 (52.1)
Epoch: [4][ 400/1000]	Time  1.26 ( 1.63)	Data  1.08 ( 1.45)	Loss   0.75 (  0.78)	Cls Acc 99.2 (99.1)	Domain Acc 56.6 (52.1)
Epoch: [4][ 450/1000]	Time  0.64 ( 1.63)	Data  0.46 ( 1.45)	Loss   0.72 (  0.78)	Cls Acc 99.2 (99.1)	Domain Acc 58.6 (52.1)
Epoch: [4][ 500/1000]	Time  3.48 ( 1.64)	Data  3.30 ( 1.46)	Loss   0.79 (  0.78)	Cls Acc 97.7 (99.1)	Domain Acc 51.6 (52.1)
Epoch: [4][ 550/1000]	Time  0.65 ( 1.63)	Data  0.47 ( 1.45)	Loss   0.71 (  0.78)	Cls Acc 100.0 (99.1)	Domain Acc 57.8 (51.8)
Epoch: [4][ 600/1000]	Time  0.65 ( 1.63)	Data  0.47 ( 1.45)	Loss   0.85 (  0.78)	Cls Acc 98.4 (99.1)	Domain Acc 39.1 (51.8)
Epoch: [4][ 650/1000]	Time  3.52 ( 1.64)	Data  3.34 ( 1.45)	Loss   0.88 (  0.78)	Cls Acc 99.2 (99.1)	Domain Acc 36.3 (51.8)
Epoch: [4][ 700/1000]	Time  0.65 ( 1.63)	Data  0.47 ( 1.45)	Loss   0.79 (  0.78)	Cls Acc 100.0 (99.1)	Domain Acc 52.7 (51.9)
Epoch: [4][ 750/1000]	Time  0.65 ( 1.63)	Data  0.47 ( 1.45)	Loss   0.72 (  0.78)	Cls Acc 99.2 (99.1)	Domain Acc 60.2 (51.8)
Epoch: [4][ 800/1000]	Time  3.51 ( 1.63)	Data  3.33 ( 1.45)	Loss   0.75 (  0.78)	Cls Acc 100.0 (99.1)	Domain Acc 59.4 (51.6)
Epoch: [4][ 850/1000]	Time  0.65 ( 1.63)	Data  0.47 ( 1.45)	Loss   0.69 (  0.78)	Cls Acc 100.0 (99.1)	Domain Acc 57.0 (51.8)
Epoch: [4][ 900/1000]	Time  0.65 ( 1.63)	Data  0.47 ( 1.45)	Loss   0.75 (  0.78)	Cls Acc 98.4 (99.2)	Domain Acc 54.3 (51.9)
Epoch: [4][ 950/1000]	Time  4.53 ( 1.63)	Data  4.34 ( 1.45)	Loss   0.78 (  0.78)	Cls Acc 100.0 (99.2)	Domain Acc 44.9 (52.0)
Test: [0/4]	Time  3.262 ( 3.262)	Loss 5.2116e+00 (5.2116e+00)	Acc@1  29.69 ( 29.69)	Acc@5  54.69 ( 54.69)
 * Acc@1 17.269 Acc@5 47.992
acc1 = 17.3, best_acc1 = 19.7
Epoch: [5][   0/1000]	Time  0.26 ( 0.26)	Data  0.08 ( 0.08)	Loss   0.83 (  0.83)	Cls Acc 98.4 (98.4)	Domain Acc 44.9 (44.9)
Epoch: [5][  50/1000]	Time  0.65 ( 1.62)	Data  0.47 ( 1.44)	Loss   0.75 (  0.78)	Cls Acc 99.2 (99.5)	Domain Acc 50.4 (48.8)
Epoch: [5][ 100/1000]	Time  3.45 ( 1.64)	Data  3.26 ( 1.46)	Loss   0.81 (  0.76)	Cls Acc 100.0 (99.5)	Domain Acc 40.2 (51.1)
Epoch: [5][ 150/1000]	Time  0.65 ( 1.63)	Data  0.47 ( 1.45)	Loss   0.74 (  0.76)	Cls Acc 100.0 (99.5)	Domain Acc 52.3 (51.0)
Epoch: [5][ 200/1000]	Time  0.65 ( 1.63)	Data  0.47 ( 1.45)	Loss   0.79 (  0.75)	Cls Acc 99.2 (99.6)	Domain Acc 41.8 (52.3)
Epoch: [5][ 250/1000]	Time  3.42 ( 1.64)	Data  3.24 ( 1.46)	Loss   0.76 (  0.75)	Cls Acc 99.2 (99.6)	Domain Acc 52.7 (51.3)
Epoch: [5][ 300/1000]	Time  0.65 ( 1.63)	Data  0.47 ( 1.45)	Loss   0.71 (  0.75)	Cls Acc 100.0 (99.6)	Domain Acc 57.8 (51.9)
Epoch: [5][ 350/1000]	Time  0.65 ( 1.63)	Data  0.47 ( 1.45)	Loss   0.73 (  0.76)	Cls Acc 100.0 (99.5)	Domain Acc 54.3 (51.4)
Epoch: [5][ 400/1000]	Time  3.51 ( 1.64)	Data  3.33 ( 1.46)	Loss   0.76 (  0.76)	Cls Acc 99.2 (99.5)	Domain Acc 54.3 (51.1)
Epoch: [5][ 450/1000]	Time  0.65 ( 1.63)	Data  0.47 ( 1.45)	Loss   0.77 (  0.76)	Cls Acc 100.0 (99.5)	Domain Acc 47.3 (50.9)
Epoch: [5][ 500/1000]	Time  1.23 ( 1.63)	Data  1.05 ( 1.45)	Loss   0.75 (  0.76)	Cls Acc 100.0 (99.5)	Domain Acc 48.4 (51.2)
Epoch: [5][ 550/1000]	Time  3.51 ( 1.64)	Data  3.32 ( 1.46)	Loss   0.70 (  0.76)	Cls Acc 100.0 (99.5)	Domain Acc 63.7 (50.9)
Epoch: [5][ 600/1000]	Time  0.65 ( 1.63)	Data  0.47 ( 1.45)	Loss   0.74 (  0.76)	Cls Acc 100.0 (99.5)	Domain Acc 55.1 (50.9)
Epoch: [5][ 650/1000]	Time  0.65 ( 1.63)	Data  0.47 ( 1.45)	Loss   0.77 (  0.76)	Cls Acc 99.2 (99.5)	Domain Acc 43.0 (50.9)
Epoch: [5][ 700/1000]	Time  3.63 ( 1.64)	Data  3.45 ( 1.46)	Loss   0.75 (  0.76)	Cls Acc 100.0 (99.6)	Domain Acc 49.2 (51.0)
Epoch: [5][ 750/1000]	Time  0.65 ( 1.63)	Data  0.47 ( 1.45)	Loss   0.77 (  0.75)	Cls Acc 99.2 (99.6)	Domain Acc 48.8 (51.5)
Epoch: [5][ 800/1000]	Time  0.65 ( 1.64)	Data  0.47 ( 1.46)	Loss   0.75 (  0.75)	Cls Acc 100.0 (99.6)	Domain Acc 47.7 (51.3)
Epoch: [5][ 850/1000]	Time  3.47 ( 1.64)	Data  3.29 ( 1.46)	Loss   0.74 (  0.75)	Cls Acc 99.2 (99.6)	Domain Acc 53.5 (51.7)
Epoch: [5][ 900/1000]	Time  0.65 ( 1.64)	Data  0.47 ( 1.46)	Loss   0.73 (  0.75)	Cls Acc 100.0 (99.6)	Domain Acc 50.0 (51.5)
Epoch: [5][ 950/1000]	Time  0.65 ( 1.64)	Data  0.47 ( 1.46)	Loss   0.69 (  0.75)	Cls Acc 100.0 (99.6)	Domain Acc 62.5 (51.7)
Test: [0/4]	Time  3.248 ( 3.248)	Loss 5.1115e+00 (5.1115e+00)	Acc@1  32.03 ( 32.03)	Acc@5  59.38 ( 59.38)
 * Acc@1 18.876 Acc@5 46.988
acc1 = 18.9, best_acc1 = 19.7
Epoch: [6][   0/1000]	Time  3.49 ( 3.49)	Data  3.31 ( 3.31)	Loss   0.75 (  0.75)	Cls Acc 100.0 (100.0)	Domain Acc 47.3 (47.3)
Epoch: [6][  50/1000]	Time  1.25 ( 1.64)	Data  1.06 ( 1.46)	Loss   0.79 (  0.74)	Cls Acc 99.2 (99.6)	Domain Acc 46.5 (52.4)
Epoch: [6][ 100/1000]	Time  0.64 ( 1.65)	Data  0.46 ( 1.47)	Loss   0.74 (  0.74)	Cls Acc 100.0 (99.6)	Domain Acc 50.8 (52.7)
Epoch: [6][ 150/1000]	Time  3.50 ( 1.66)	Data  3.31 ( 1.48)	Loss   0.74 (  0.74)	Cls Acc 100.0 (99.6)	Domain Acc 50.4 (53.2)
Epoch: [6][ 200/1000]	Time  0.65 ( 1.64)	Data  0.47 ( 1.46)	Loss   0.70 (  0.74)	Cls Acc 100.0 (99.7)	Domain Acc 55.5 (52.5)
Epoch: [6][ 250/1000]	Time  0.64 ( 1.65)	Data  0.46 ( 1.47)	Loss   0.74 (  0.73)	Cls Acc 100.0 (99.7)	Domain Acc 46.9 (53.8)
Epoch: [6][ 300/1000]	Time  3.52 ( 1.65)	Data  3.34 ( 1.47)	Loss   0.72 (  0.73)	Cls Acc 100.0 (99.7)	Domain Acc 54.3 (53.4)
Epoch: [6][ 350/1000]	Time  0.65 ( 1.64)	Data  0.48 ( 1.46)	Loss   0.70 (  0.73)	Cls Acc 100.0 (99.7)	Domain Acc 55.5 (53.7)
Epoch: [6][ 400/1000]	Time  0.65 ( 1.64)	Data  0.47 ( 1.46)	Loss   0.76 (  0.73)	Cls Acc 99.2 (99.7)	Domain Acc 48.0 (53.8)
Epoch: [6][ 450/1000]	Time  3.45 ( 1.64)	Data  3.27 ( 1.46)	Loss   0.71 (  0.73)	Cls Acc 100.0 (99.7)	Domain Acc 59.0 (53.1)
Epoch: [6][ 500/1000]	Time  0.65 ( 1.64)	Data  0.47 ( 1.46)	Loss   0.74 (  0.73)	Cls Acc 99.2 (99.7)	Domain Acc 52.0 (53.5)
Epoch: [6][ 550/1000]	Time  0.65 ( 1.64)	Data  0.47 ( 1.46)	Loss   0.75 (  0.73)	Cls Acc 99.2 (99.8)	Domain Acc 48.4 (53.3)
Epoch: [6][ 600/1000]	Time  4.76 ( 1.64)	Data  4.57 ( 1.46)	Loss   0.73 (  0.73)	Cls Acc 100.0 (99.7)	Domain Acc 57.4 (53.2)
Epoch: [6][ 650/1000]	Time  0.64 ( 1.64)	Data  0.46 ( 1.46)	Loss   0.74 (  0.73)	Cls Acc 100.0 (99.8)	Domain Acc 46.5 (53.6)
Epoch: [6][ 700/1000]	Time  0.65 ( 1.64)	Data  0.47 ( 1.46)	Loss   0.70 (  0.73)	Cls Acc 100.0 (99.8)	Domain Acc 54.3 (53.3)
Epoch: [6][ 750/1000]	Time  3.44 ( 1.64)	Data  3.26 ( 1.46)	Loss   0.72 (  0.73)	Cls Acc 100.0 (99.8)	Domain Acc 55.9 (53.5)
Epoch: [6][ 800/1000]	Time  0.64 ( 1.64)	Data  0.46 ( 1.46)	Loss   0.73 (  0.73)	Cls Acc 100.0 (99.8)	Domain Acc 55.1 (53.6)
Epoch: [6][ 850/1000]	Time  0.65 ( 1.64)	Data  0.47 ( 1.46)	Loss   0.73 (  0.73)	Cls Acc 99.2 (99.8)	Domain Acc 54.3 (53.6)
Epoch: [6][ 900/1000]	Time  3.45 ( 1.64)	Data  3.27 ( 1.46)	Loss   0.76 (  0.73)	Cls Acc 98.4 (99.8)	Domain Acc 52.3 (53.5)
Epoch: [6][ 950/1000]	Time  0.66 ( 1.64)	Data  0.48 ( 1.46)	Loss   0.73 (  0.73)	Cls Acc 100.0 (99.8)	Domain Acc 48.8 (53.7)
Test: [0/4]	Time  3.267 ( 3.267)	Loss 5.6969e+00 (5.6969e+00)	Acc@1  30.47 ( 30.47)	Acc@5  54.69 ( 54.69)
 * Acc@1 19.880 Acc@5 43.775
acc1 = 19.9, best_acc1 = 19.9
Epoch: [7][   0/1000]	Time  0.27 ( 0.27)	Data  0.09 ( 0.09)	Loss   0.73 (  0.73)	Cls Acc 100.0 (100.0)	Domain Acc 50.8 (50.8)
Epoch: [7][  50/1000]	Time  3.47 ( 1.61)	Data  3.29 ( 1.43)	Loss   0.72 (  0.71)	Cls Acc 100.0 (99.9)	Domain Acc 49.2 (53.7)
Epoch: [7][ 100/1000]	Time  0.65 ( 1.61)	Data  0.48 ( 1.43)	Loss   0.75 (  0.72)	Cls Acc 100.0 (99.9)	Domain Acc 47.3 (54.1)
Epoch: [7][ 150/1000]	Time  1.39 ( 1.63)	Data  1.21 ( 1.45)	Loss   0.72 (  0.72)	Cls Acc 100.0 (99.9)	Domain Acc 53.9 (54.3)
Epoch: [7][ 200/1000]	Time  3.47 ( 1.64)	Data  3.29 ( 1.46)	Loss   0.72 (  0.73)	Cls Acc 99.2 (99.8)	Domain Acc 55.9 (52.9)
Epoch: [7][ 250/1000]	Time  0.65 ( 1.63)	Data  0.47 ( 1.45)	Loss   0.70 (  0.72)	Cls Acc 99.2 (99.8)	Domain Acc 58.2 (54.4)
Epoch: [7][ 300/1000]	Time  0.65 ( 1.63)	Data  0.47 ( 1.45)	Loss   0.77 (  0.72)	Cls Acc 100.0 (99.8)	Domain Acc 44.1 (53.1)
Epoch: [7][ 350/1000]	Time  3.61 ( 1.64)	Data  3.43 ( 1.46)	Loss   0.68 (  0.72)	Cls Acc 100.0 (99.8)	Domain Acc 64.8 (54.3)
Epoch: [7][ 400/1000]	Time  0.65 ( 1.63)	Data  0.47 ( 1.45)	Loss   0.78 (  0.72)	Cls Acc 99.2 (99.8)	Domain Acc 47.3 (53.8)
Epoch: [7][ 450/1000]	Time  0.65 ( 1.63)	Data  0.47 ( 1.45)	Loss   0.75 (  0.72)	Cls Acc 100.0 (99.8)	Domain Acc 50.8 (53.5)
Epoch: [7][ 500/1000]	Time  3.51 ( 1.64)	Data  3.33 ( 1.46)	Loss   0.68 (  0.72)	Cls Acc 100.0 (99.8)	Domain Acc 60.2 (53.6)
Epoch: [7][ 550/1000]	Time  0.65 ( 1.63)	Data  0.47 ( 1.45)	Loss   0.73 (  0.72)	Cls Acc 100.0 (99.8)	Domain Acc 53.1 (53.3)
Epoch: [7][ 600/1000]	Time  0.65 ( 1.64)	Data  0.47 ( 1.46)	Loss   0.73 (  0.72)	Cls Acc 100.0 (99.8)	Domain Acc 53.1 (53.2)
Epoch: [7][ 650/1000]	Time  3.49 ( 1.64)	Data  3.31 ( 1.46)	Loss   0.74 (  0.72)	Cls Acc 100.0 (99.8)	Domain Acc 56.6 (53.4)
Epoch: [7][ 700/1000]	Time  1.25 ( 1.63)	Data  1.07 ( 1.45)	Loss   0.77 (  0.73)	Cls Acc 100.0 (99.8)	Domain Acc 39.1 (53.1)
Epoch: [7][ 750/1000]	Time  0.64 ( 1.64)	Data  0.46 ( 1.46)	Loss   0.75 (  0.73)	Cls Acc 100.0 (99.8)	Domain Acc 47.7 (53.1)
Epoch: [7][ 800/1000]	Time  3.53 ( 1.64)	Data  3.35 ( 1.46)	Loss   0.71 (  0.73)	Cls Acc 100.0 (99.8)	Domain Acc 55.9 (52.9)
Epoch: [7][ 850/1000]	Time  0.65 ( 1.64)	Data  0.47 ( 1.46)	Loss   0.71 (  0.73)	Cls Acc 99.2 (99.8)	Domain Acc 58.6 (53.0)
Epoch: [7][ 900/1000]	Time  0.65 ( 1.64)	Data  0.47 ( 1.46)	Loss   0.76 (  0.73)	Cls Acc 99.2 (99.8)	Domain Acc 47.7 (53.3)
Epoch: [7][ 950/1000]	Time  3.48 ( 1.64)	Data  3.30 ( 1.46)	Loss   0.72 (  0.73)	Cls Acc 100.0 (99.8)	Domain Acc 53.9 (53.0)
Test: [0/4]	Time  3.303 ( 3.303)	Loss 6.0376e+00 (6.0376e+00)	Acc@1  29.69 ( 29.69)	Acc@5  51.56 ( 51.56)
 * Acc@1 19.277 Acc@5 41.566
acc1 = 19.3, best_acc1 = 19.9
Epoch: [8][   0/1000]	Time  0.27 ( 0.27)	Data  0.09 ( 0.09)	Loss   0.71 (  0.71)	Cls Acc 100.0 (100.0)	Domain Acc 59.8 (59.8)
Epoch: [8][  50/1000]	Time  0.65 ( 1.62)	Data  0.47 ( 1.44)	Loss   0.75 (  0.71)	Cls Acc 100.0 (99.9)	Domain Acc 48.8 (55.8)
Epoch: [8][ 100/1000]	Time  3.49 ( 1.65)	Data  3.30 ( 1.47)	Loss   0.73 (  0.73)	Cls Acc 100.0 (99.8)	Domain Acc 52.3 (52.3)
Epoch: [8][ 150/1000]	Time  0.65 ( 1.63)	Data  0.47 ( 1.45)	Loss   0.68 (  0.72)	Cls Acc 100.0 (99.8)	Domain Acc 64.1 (53.6)
Epoch: [8][ 200/1000]	Time  0.65 ( 1.64)	Data  0.47 ( 1.46)	Loss   0.73 (  0.72)	Cls Acc 99.2 (99.9)	Domain Acc 52.7 (53.9)
Epoch: [8][ 250/1000]	Time  4.93 ( 1.65)	Data  4.75 ( 1.47)	Loss   0.74 (  0.72)	Cls Acc 100.0 (99.9)	Domain Acc 50.8 (53.8)
Epoch: [8][ 300/1000]	Time  0.66 ( 1.64)	Data  0.48 ( 1.46)	Loss   0.71 (  0.72)	Cls Acc 99.2 (99.9)	Domain Acc 58.6 (54.1)
Epoch: [8][ 350/1000]	Time  0.65 ( 1.64)	Data  0.47 ( 1.46)	Loss   0.76 (  0.72)	Cls Acc 100.0 (99.9)	Domain Acc 42.2 (54.0)
Epoch: [8][ 400/1000]	Time  3.48 ( 1.64)	Data  3.29 ( 1.46)	Loss   0.69 (  0.72)	Cls Acc 100.0 (99.9)	Domain Acc 62.5 (53.5)
Epoch: [8][ 450/1000]	Time  0.64 ( 1.64)	Data  0.47 ( 1.46)	Loss   0.70 (  0.72)	Cls Acc 100.0 (99.9)	Domain Acc 54.3 (53.8)
Epoch: [8][ 500/1000]	Time  0.65 ( 1.64)	Data  0.47 ( 1.46)	Loss   0.72 (  0.72)	Cls Acc 100.0 (99.9)	Domain Acc 52.0 (53.6)
Epoch: [8][ 550/1000]	Time  3.44 ( 1.64)	Data  3.26 ( 1.46)	Loss   0.69 (  0.72)	Cls Acc 100.0 (99.9)	Domain Acc 59.4 (53.7)
Epoch: [8][ 600/1000]	Time  0.66 ( 1.64)	Data  0.48 ( 1.46)	Loss   0.74 (  0.72)	Cls Acc 99.2 (99.9)	Domain Acc 50.4 (54.0)
Epoch: [8][ 650/1000]	Time  0.65 ( 1.64)	Data  0.47 ( 1.46)	Loss   0.73 (  0.72)	Cls Acc 100.0 (99.9)	Domain Acc 53.9 (53.8)
Epoch: [8][ 700/1000]	Time  3.52 ( 1.64)	Data  3.34 ( 1.46)	Loss   0.70 (  0.72)	Cls Acc 100.0 (99.9)	Domain Acc 59.0 (53.9)
Epoch: [8][ 750/1000]	Time  0.65 ( 1.64)	Data  0.47 ( 1.46)	Loss   0.72 (  0.72)	Cls Acc 100.0 (99.9)	Domain Acc 48.8 (53.8)
Epoch: [8][ 800/1000]	Time  1.30 ( 1.64)	Data  1.12 ( 1.46)	Loss   0.70 (  0.72)	Cls Acc 100.0 (99.9)	Domain Acc 56.2 (54.0)
Epoch: [8][ 850/1000]	Time  3.52 ( 1.64)	Data  3.34 ( 1.46)	Loss   0.69 (  0.72)	Cls Acc 100.0 (99.9)	Domain Acc 61.7 (54.0)
Epoch: [8][ 900/1000]	Time  0.65 ( 1.64)	Data  0.47 ( 1.46)	Loss   0.78 (  0.72)	Cls Acc 99.2 (99.9)	Domain Acc 37.5 (53.8)
Epoch: [8][ 950/1000]	Time  0.65 ( 1.64)	Data  0.47 ( 1.46)	Loss   0.67 (  0.72)	Cls Acc 100.0 (99.9)	Domain Acc 63.3 (53.9)
Test: [0/4]	Time  3.541 ( 3.541)	Loss 5.8163e+00 (5.8163e+00)	Acc@1  33.59 ( 33.59)	Acc@5  60.16 ( 60.16)
 * Acc@1 18.474 Acc@5 45.181
acc1 = 18.5, best_acc1 = 19.9
Epoch: [9][   0/1000]	Time  3.49 ( 3.49)	Data  3.31 ( 3.31)	Loss   0.74 (  0.74)	Cls Acc 100.0 (100.0)	Domain Acc 49.2 (49.2)
Epoch: [9][  50/1000]	Time  0.65 ( 1.64)	Data  0.47 ( 1.46)	Loss   0.72 (  0.73)	Cls Acc 99.2 (99.8)	Domain Acc 57.0 (52.3)
Epoch: [9][ 100/1000]	Time  0.65 ( 1.64)	Data  0.47 ( 1.46)	Loss   0.69 (  0.72)	Cls Acc 100.0 (99.9)	Domain Acc 54.7 (53.2)
Epoch: [9][ 150/1000]	Time  3.50 ( 1.65)	Data  3.32 ( 1.47)	Loss   0.70 (  0.72)	Cls Acc 100.0 (99.9)	Domain Acc 54.3 (53.7)
Epoch: [9][ 200/1000]	Time  0.65 ( 1.64)	Data  0.47 ( 1.46)	Loss   0.73 (  0.72)	Cls Acc 100.0 (99.9)	Domain Acc 48.0 (52.7)
Epoch: [9][ 250/1000]	Time  0.65 ( 1.64)	Data  0.47 ( 1.46)	Loss   0.73 (  0.72)	Cls Acc 100.0 (99.9)	Domain Acc 50.0 (53.2)
Epoch: [9][ 300/1000]	Time  3.48 ( 1.65)	Data  3.29 ( 1.47)	Loss   0.73 (  0.72)	Cls Acc 99.2 (99.9)	Domain Acc 48.4 (53.4)
Epoch: [9][ 350/1000]	Time  1.25 ( 1.64)	Data  1.07 ( 1.46)	Loss   0.70 (  0.72)	Cls Acc 100.0 (99.9)	Domain Acc 62.5 (53.0)
Epoch: [9][ 400/1000]	Time  0.65 ( 1.64)	Data  0.47 ( 1.46)	Loss   0.72 (  0.72)	Cls Acc 100.0 (99.9)	Domain Acc 48.4 (53.6)
Epoch: [9][ 450/1000]	Time  3.53 ( 1.65)	Data  3.35 ( 1.47)	Loss   0.70 (  0.72)	Cls Acc 100.0 (99.9)	Domain Acc 57.4 (53.7)
Epoch: [9][ 500/1000]	Time  0.65 ( 1.64)	Data  0.47 ( 1.46)	Loss   0.68 (  0.72)	Cls Acc 100.0 (99.9)	Domain Acc 60.5 (53.9)
Epoch: [9][ 550/1000]	Time  0.65 ( 1.64)	Data  0.47 ( 1.46)	Loss   0.70 (  0.71)	Cls Acc 100.0 (99.9)	Domain Acc 54.3 (54.1)
Epoch: [9][ 600/1000]	Time  3.54 ( 1.65)	Data  3.36 ( 1.47)	Loss   0.71 (  0.71)	Cls Acc 100.0 (99.9)	Domain Acc 52.0 (54.1)
Epoch: [9][ 650/1000]	Time  0.65 ( 1.64)	Data  0.47 ( 1.46)	Loss   0.71 (  0.71)	Cls Acc 100.0 (99.9)	Domain Acc 55.1 (54.1)
Epoch: [9][ 700/1000]	Time  0.65 ( 1.64)	Data  0.47 ( 1.46)	Loss   0.71 (  0.71)	Cls Acc 100.0 (99.9)	Domain Acc 55.9 (53.9)
Epoch: [9][ 750/1000]	Time  3.50 ( 1.64)	Data  3.32 ( 1.46)	Loss   0.71 (  0.71)	Cls Acc 100.0 (99.9)	Domain Acc 57.0 (54.1)
Epoch: [9][ 800/1000]	Time  0.65 ( 1.64)	Data  0.47 ( 1.46)	Loss   0.72 (  0.71)	Cls Acc 99.2 (99.9)	Domain Acc 55.9 (54.0)
Epoch: [9][ 850/1000]	Time  0.65 ( 1.64)	Data  0.47 ( 1.46)	Loss   0.75 (  0.71)	Cls Acc 100.0 (99.9)	Domain Acc 49.6 (54.0)
Epoch: [9][ 900/1000]	Time  4.69 ( 1.64)	Data  4.51 ( 1.46)	Loss   0.71 (  0.71)	Cls Acc 100.0 (99.9)	Domain Acc 54.3 (54.1)
Epoch: [9][ 950/1000]	Time  0.64 ( 1.64)	Data  0.46 ( 1.46)	Loss   0.69 (  0.71)	Cls Acc 100.0 (99.9)	Domain Acc 61.7 (54.1)
Test: [0/4]	Time  3.536 ( 3.536)	Loss 5.9623e+00 (5.9623e+00)	Acc@1  32.81 ( 32.81)	Acc@5  54.69 ( 54.69)
 * Acc@1 21.285 Acc@5 43.775
acc1 = 21.3, best_acc1 = 21.3
Epoch: [10][   0/1000]	Time  0.27 ( 0.27)	Data  0.09 ( 0.09)	Loss   0.72 (  0.72)	Cls Acc 99.2 (99.2)	Domain Acc 49.6 (49.6)
Epoch: [10][  50/1000]	Time  3.49 ( 1.63)	Data  3.30 ( 1.45)	Loss   0.71 (  0.73)	Cls Acc 100.0 (99.9)	Domain Acc 53.1 (48.6)
Epoch: [10][ 100/1000]	Time  0.65 ( 1.62)	Data  0.47 ( 1.44)	Loss   0.71 (  0.72)	Cls Acc 100.0 (99.9)	Domain Acc 59.0 (51.7)
Epoch: [10][ 150/1000]	Time  0.65 ( 1.63)	Data  0.47 ( 1.45)	Loss   0.71 (  0.72)	Cls Acc 100.0 (99.9)	Domain Acc 52.0 (52.0)
Epoch: [10][ 200/1000]	Time  3.53 ( 1.64)	Data  3.35 ( 1.46)	Loss   0.69 (  0.71)	Cls Acc 100.0 (99.9)	Domain Acc 60.5 (53.4)
Epoch: [10][ 250/1000]	Time  0.65 ( 1.64)	Data  0.47 ( 1.46)	Loss   0.71 (  0.71)	Cls Acc 100.0 (99.9)	Domain Acc 58.6 (53.3)
Epoch: [10][ 300/1000]	Time  0.65 ( 1.65)	Data  0.47 ( 1.47)	Loss   0.73 (  0.71)	Cls Acc 99.2 (99.9)	Domain Acc 54.7 (53.7)
Epoch: [10][ 350/1000]	Time  3.58 ( 1.66)	Data  3.40 ( 1.48)	Loss   0.72 (  0.71)	Cls Acc 100.0 (99.9)	Domain Acc 47.7 (53.6)
Epoch: [10][ 400/1000]	Time  0.65 ( 1.66)	Data  0.47 ( 1.48)	Loss   0.71 (  0.71)	Cls Acc 100.0 (99.9)	Domain Acc 52.0 (53.0)
Epoch: [10][ 450/1000]	Time  1.22 ( 1.66)	Data  1.04 ( 1.48)	Loss   0.73 (  0.71)	Cls Acc 100.0 (99.9)	Domain Acc 46.1 (53.2)
Epoch: [10][ 500/1000]	Time  3.46 ( 1.66)	Data  3.28 ( 1.48)	Loss   0.73 (  0.71)	Cls Acc 100.0 (99.9)	Domain Acc 56.2 (52.9)
Epoch: [10][ 550/1000]	Time  0.65 ( 1.65)	Data  0.47 ( 1.47)	Loss   0.69 (  0.71)	Cls Acc 100.0 (99.9)	Domain Acc 57.4 (53.2)
Epoch: [10][ 600/1000]	Time  0.65 ( 1.66)	Data  0.47 ( 1.48)	Loss   0.72 (  0.71)	Cls Acc 100.0 (99.9)	Domain Acc 48.8 (53.0)
Epoch: [10][ 650/1000]	Time  3.66 ( 1.66)	Data  3.48 ( 1.48)	Loss   0.72 (  0.71)	Cls Acc 100.0 (99.9)	Domain Acc 49.6 (53.2)
Epoch: [10][ 700/1000]	Time  0.65 ( 1.65)	Data  0.47 ( 1.47)	Loss   0.71 (  0.71)	Cls Acc 100.0 (99.9)	Domain Acc 52.0 (52.8)
Epoch: [10][ 750/1000]	Time  0.65 ( 1.65)	Data  0.47 ( 1.47)	Loss   0.70 (  0.71)	Cls Acc 100.0 (99.9)	Domain Acc 59.0 (53.2)
Epoch: [10][ 800/1000]	Time  3.51 ( 1.65)	Data  3.32 ( 1.47)	Loss   0.75 (  0.71)	Cls Acc 100.0 (99.9)	Domain Acc 43.8 (53.1)
Epoch: [10][ 850/1000]	Time  0.65 ( 1.65)	Data  0.47 ( 1.47)	Loss   0.68 (  0.71)	Cls Acc 100.0 (99.9)	Domain Acc 62.9 (53.1)
Epoch: [10][ 900/1000]	Time  0.65 ( 1.65)	Data  0.47 ( 1.47)	Loss   0.70 (  0.71)	Cls Acc 100.0 (99.9)	Domain Acc 58.2 (53.4)
Epoch: [10][ 950/1000]	Time  3.49 ( 1.65)	Data  3.31 ( 1.47)	Loss   0.77 (  0.71)	Cls Acc 98.4 (99.9)	Domain Acc 38.7 (53.2)
Test: [0/4]	Time  3.268 ( 3.268)	Loss 5.9179e+00 (5.9179e+00)	Acc@1  32.81 ( 32.81)	Acc@5  57.81 ( 57.81)
 * Acc@1 21.285 Acc@5 43.574
acc1 = 21.3, best_acc1 = 21.3
Epoch: [11][   0/1000]	Time  1.30 ( 1.30)	Data  1.12 ( 1.12)	Loss   0.69 (  0.69)	Cls Acc 100.0 (100.0)	Domain Acc 62.5 (62.5)
Epoch: [11][  50/1000]	Time  0.64 ( 1.68)	Data  0.46 ( 1.50)	Loss   0.70 (  0.70)	Cls Acc 100.0 (100.0)	Domain Acc 59.8 (56.1)
Epoch: [11][ 100/1000]	Time  3.56 ( 1.68)	Data  3.38 ( 1.49)	Loss   0.73 (  0.71)	Cls Acc 100.0 (100.0)	Domain Acc 46.9 (54.9)
Epoch: [11][ 150/1000]	Time  0.65 ( 1.65)	Data  0.47 ( 1.47)	Loss   0.70 (  0.71)	Cls Acc 100.0 (100.0)	Domain Acc 58.6 (54.4)
Epoch: [11][ 200/1000]	Time  0.65 ( 1.66)	Data  0.47 ( 1.48)	Loss   0.70 (  0.71)	Cls Acc 100.0 (100.0)	Domain Acc 56.6 (55.0)
Epoch: [11][ 250/1000]	Time  3.55 ( 1.66)	Data  3.37 ( 1.48)	Loss   0.69 (  0.71)	Cls Acc 100.0 (100.0)	Domain Acc 57.4 (54.9)
Epoch: [11][ 300/1000]	Time  0.65 ( 1.65)	Data  0.47 ( 1.47)	Loss   0.73 (  0.71)	Cls Acc 100.0 (100.0)	Domain Acc 45.3 (54.5)
Epoch: [11][ 350/1000]	Time  0.65 ( 1.65)	Data  0.47 ( 1.47)	Loss   0.69 (  0.71)	Cls Acc 100.0 (100.0)	Domain Acc 61.3 (53.8)
Epoch: [11][ 400/1000]	Time  3.54 ( 1.66)	Data  3.36 ( 1.48)	Loss   0.70 (  0.71)	Cls Acc 100.0 (100.0)	Domain Acc 58.2 (54.3)
Epoch: [11][ 450/1000]	Time  0.64 ( 1.65)	Data  0.47 ( 1.47)	Loss   0.73 (  0.71)	Cls Acc 100.0 (100.0)	Domain Acc 46.5 (53.8)
Epoch: [11][ 500/1000]	Time  0.65 ( 1.65)	Data  0.47 ( 1.47)	Loss   0.69 (  0.71)	Cls Acc 100.0 (100.0)	Domain Acc 60.2 (53.8)
Epoch: [11][ 550/1000]	Time  4.91 ( 1.65)	Data  4.71 ( 1.47)	Loss   0.69 (  0.71)	Cls Acc 100.0 (100.0)	Domain Acc 56.6 (54.2)
Epoch: [11][ 600/1000]	Time  0.64 ( 1.65)	Data  0.46 ( 1.47)	Loss   0.72 (  0.71)	Cls Acc 100.0 (100.0)	Domain Acc 49.6 (54.1)
Epoch: [11][ 650/1000]	Time  0.65 ( 1.65)	Data  0.47 ( 1.47)	Loss   0.71 (  0.71)	Cls Acc 100.0 (100.0)	Domain Acc 54.3 (54.0)
Epoch: [11][ 700/1000]	Time  3.47 ( 1.65)	Data  3.29 ( 1.47)	Loss   0.71 (  0.71)	Cls Acc 100.0 (100.0)	Domain Acc 55.9 (54.1)
Epoch: [11][ 750/1000]	Time  0.65 ( 1.65)	Data  0.47 ( 1.47)	Loss   0.70 (  0.71)	Cls Acc 100.0 (100.0)	Domain Acc 56.2 (54.1)
Epoch: [11][ 800/1000]	Time  0.65 ( 1.65)	Data  0.47 ( 1.47)	Loss   0.71 (  0.71)	Cls Acc 100.0 (100.0)	Domain Acc 55.5 (54.0)
Epoch: [11][ 850/1000]	Time  3.46 ( 1.65)	Data  3.27 ( 1.47)	Loss   0.69 (  0.71)	Cls Acc 100.0 (100.0)	Domain Acc 59.8 (54.3)
Epoch: [11][ 900/1000]	Time  0.65 ( 1.65)	Data  0.47 ( 1.47)	Loss   0.70 (  0.71)	Cls Acc 100.0 (100.0)	Domain Acc 60.2 (54.3)
Epoch: [11][ 950/1000]	Time  0.65 ( 1.65)	Data  0.47 ( 1.47)	Loss   0.69 (  0.71)	Cls Acc 100.0 (100.0)	Domain Acc 59.0 (54.3)
Test: [0/4]	Time  3.248 ( 3.248)	Loss 6.2027e+00 (6.2027e+00)	Acc@1  32.03 ( 32.03)	Acc@5  57.81 ( 57.81)
 * Acc@1 20.482 Acc@5 45.181
acc1 = 20.5, best_acc1 = 21.3
Epoch: [12][   0/1000]	Time  3.53 ( 3.53)	Data  3.35 ( 3.35)	Loss   0.71 (  0.71)	Cls Acc 100.0 (100.0)	Domain Acc 51.6 (51.6)
Epoch: [12][  50/1000]	Time  0.65 ( 1.64)	Data  0.47 ( 1.46)	Loss   0.71 (  0.72)	Cls Acc 100.0 (99.9)	Domain Acc 56.2 (51.2)
Epoch: [12][ 100/1000]	Time  1.23 ( 1.65)	Data  1.04 ( 1.47)	Loss   0.71 (  0.71)	Cls Acc 100.0 (99.9)	Domain Acc 50.0 (52.7)
Epoch: [12][ 150/1000]	Time  3.70 ( 1.66)	Data  3.51 ( 1.48)	Loss   0.70 (  0.71)	Cls Acc 100.0 (99.9)	Domain Acc 56.6 (53.9)
Epoch: [12][ 200/1000]	Time  0.65 ( 1.64)	Data  0.47 ( 1.46)	Loss   0.70 (  0.71)	Cls Acc 100.0 (99.9)	Domain Acc 55.9 (53.6)
Epoch: [12][ 250/1000]	Time  0.65 ( 1.65)	Data  0.47 ( 1.47)	Loss   0.70 (  0.71)	Cls Acc 100.0 (99.9)	Domain Acc 53.9 (53.8)
Epoch: [12][ 300/1000]	Time  3.63 ( 1.65)	Data  3.45 ( 1.47)	Loss   0.72 (  0.71)	Cls Acc 100.0 (100.0)	Domain Acc 49.2 (54.4)
Epoch: [12][ 350/1000]	Time  0.65 ( 1.65)	Data  0.47 ( 1.46)	Loss   0.69 (  0.71)	Cls Acc 100.0 (100.0)	Domain Acc 56.2 (54.2)
Epoch: [12][ 400/1000]	Time  0.65 ( 1.65)	Data  0.47 ( 1.47)	Loss   0.74 (  0.71)	Cls Acc 100.0 (100.0)	Domain Acc 42.2 (54.2)
Epoch: [12][ 450/1000]	Time  3.49 ( 1.65)	Data  3.31 ( 1.47)	Loss   0.68 (  0.71)	Cls Acc 100.0 (100.0)	Domain Acc 62.9 (54.0)
Epoch: [12][ 500/1000]	Time  0.65 ( 1.64)	Data  0.47 ( 1.46)	Loss   0.72 (  0.71)	Cls Acc 100.0 (100.0)	Domain Acc 48.8 (54.2)
