Namespace(arch='resnet18', batch_size=128, bottleneck_dim=256, center_crop=False, data='Office31', data_processing='ours', epochs=30, iters_per_epoch=1000, local=True, local_pretrained_path='/home/junzhin/Project/Summer_project/code/version1.0/pretrained_model_results/Resnet18_office31masked2_newmodel_best.pth.tar', log='/home/junzhin/Project/Summer_project/code/version2.0/training_results/dann/Resnet18_office31masked2/D_W', lr=0.01, lr_decay=0.75, lr_gamma=0.001, momentum=0.9, per_class_eval=False, phase='train', pretrained=True, print_freq=50, root='/home/junzhin/Project/Summer_project/code/version2.0/data/office31', seed=1, source='D', target='W', trade_off=1.0, weight_decay=0.001, workers=4)
../../../../dann_modified.py:46: UserWarning: You have chosen to seed training. This will turn on the CUDNN deterministic setting, which can slow down your training considerably! You may see unexpected behavior when restarting from checkpoints.
  warnings.warn('You have chosen to seed training. '
=> using pre-trained model 'resnet18'
Epoch: [0][   0/1000]	Time  1.25 ( 1.25)	Data  0.09 ( 0.09)	Loss   4.28 (  4.28)	Cls Acc 2.3 (2.3)	Domain Acc 44.5 (44.5)
Epoch: [0][  50/1000]	Time  0.65 ( 1.76)	Data  0.47 ( 1.56)	Loss   1.46 (  2.59)	Cls Acc 65.6 (38.9)	Domain Acc 94.5 (88.3)
Epoch: [0][ 100/1000]	Time  0.65 ( 1.80)	Data  0.47 ( 1.61)	Loss   0.52 (  1.77)	Cls Acc 90.6 (60.5)	Domain Acc 97.3 (92.0)
Epoch: [0][ 150/1000]	Time  4.87 ( 1.82)	Data  4.69 ( 1.63)	Loss   0.25 (  1.32)	Cls Acc 94.5 (72.1)	Domain Acc 98.8 (93.9)
Epoch: [0][ 200/1000]	Time  0.65 ( 1.81)	Data  0.47 ( 1.62)	Loss   0.15 (  1.04)	Cls Acc 99.2 (78.7)	Domain Acc 99.2 (95.0)
Epoch: [0][ 250/1000]	Time  0.65 ( 1.81)	Data  0.47 ( 1.63)	Loss   0.11 (  0.86)	Cls Acc 99.2 (82.9)	Domain Acc 98.8 (95.8)
Epoch: [0][ 300/1000]	Time  4.85 ( 1.82)	Data  4.66 ( 1.63)	Loss   0.09 (  0.73)	Cls Acc 100.0 (85.7)	Domain Acc 98.0 (96.2)
Epoch: [0][ 350/1000]	Time  0.64 ( 1.81)	Data  0.46 ( 1.63)	Loss   0.15 (  0.64)	Cls Acc 100.0 (87.8)	Domain Acc 93.4 (96.5)
Epoch: [0][ 400/1000]	Time  0.65 ( 1.81)	Data  0.47 ( 1.63)	Loss   0.18 (  0.59)	Cls Acc 100.0 (89.3)	Domain Acc 94.5 (96.1)
Epoch: [0][ 450/1000]	Time  4.85 ( 1.82)	Data  4.67 ( 1.64)	Loss   0.45 (  0.61)	Cls Acc 99.2 (90.4)	Domain Acc 91.4 (94.3)
Epoch: [0][ 500/1000]	Time  0.65 ( 1.81)	Data  0.47 ( 1.63)	Loss   0.24 (  0.58)	Cls Acc 99.2 (91.3)	Domain Acc 93.8 (94.0)
Epoch: [0][ 550/1000]	Time  0.65 ( 1.82)	Data  0.47 ( 1.63)	Loss   0.77 (  0.56)	Cls Acc 100.0 (92.1)	Domain Acc 71.9 (93.2)
Epoch: [0][ 600/1000]	Time  4.83 ( 1.82)	Data  4.65 ( 1.64)	Loss   0.43 (  0.57)	Cls Acc 100.0 (92.7)	Domain Acc 86.7 (92.1)
Epoch: [0][ 650/1000]	Time  0.65 ( 1.81)	Data  0.47 ( 1.63)	Loss   0.79 (  0.57)	Cls Acc 100.0 (93.2)	Domain Acc 68.8 (90.9)
Epoch: [0][ 700/1000]	Time  0.65 ( 1.82)	Data  0.47 ( 1.63)	Loss   0.76 (  0.58)	Cls Acc 99.2 (93.7)	Domain Acc 71.1 (89.5)
Epoch: [0][ 750/1000]	Time  4.86 ( 1.82)	Data  4.68 ( 1.64)	Loss   0.71 (  0.59)	Cls Acc 99.2 (94.0)	Domain Acc 68.8 (88.5)
Epoch: [0][ 800/1000]	Time  0.65 ( 1.82)	Data  0.47 ( 1.63)	Loss   0.37 (  0.60)	Cls Acc 100.0 (94.4)	Domain Acc 87.5 (87.3)
Epoch: [0][ 850/1000]	Time  0.65 ( 1.82)	Data  0.47 ( 1.64)	Loss   1.12 (  0.61)	Cls Acc 100.0 (94.7)	Domain Acc 52.0 (86.2)
Epoch: [0][ 900/1000]	Time  4.90 ( 1.82)	Data  4.72 ( 1.64)	Loss   0.71 (  0.63)	Cls Acc 99.2 (94.9)	Domain Acc 68.0 (85.1)
Epoch: [0][ 950/1000]	Time  0.64 ( 1.82)	Data  0.46 ( 1.64)	Loss   0.63 (  0.63)	Cls Acc 100.0 (95.1)	Domain Acc 71.1 (84.3)
Test: [0/7]	Time  1.517 ( 1.517)	Loss 3.2407e+00 (3.2407e+00)	Acc@1  28.12 ( 28.12)	Acc@5  65.62 ( 65.62)
 * Acc@1 35.597 Acc@5 66.164
acc1 = 35.6, best_acc1 = 35.6
Epoch: [1][   0/1000]	Time  0.27 ( 0.27)	Data  0.09 ( 0.09)	Loss   0.64 (  0.64)	Cls Acc 100.0 (100.0)	Domain Acc 71.5 (71.5)
Epoch: [1][  50/1000]	Time  4.80 ( 1.83)	Data  4.62 ( 1.65)	Loss   0.69 (  0.76)	Cls Acc 99.2 (99.4)	Domain Acc 73.0 (65.3)
Epoch: [1][ 100/1000]	Time  0.65 ( 1.80)	Data  0.47 ( 1.62)	Loss   1.23 (  0.87)	Cls Acc 98.4 (99.1)	Domain Acc 43.4 (61.6)
Epoch: [1][ 150/1000]	Time  0.65 ( 1.81)	Data  0.47 ( 1.63)	Loss   0.74 (  0.88)	Cls Acc 99.2 (98.8)	Domain Acc 70.3 (62.2)
Epoch: [1][ 200/1000]	Time  4.95 ( 1.82)	Data  4.77 ( 1.64)	Loss   0.81 (  0.87)	Cls Acc 100.0 (98.9)	Domain Acc 60.9 (62.2)
Epoch: [1][ 250/1000]	Time  0.65 ( 1.81)	Data  0.47 ( 1.63)	Loss   0.76 (  0.85)	Cls Acc 100.0 (99.0)	Domain Acc 60.9 (62.2)
Epoch: [1][ 300/1000]	Time  0.65 ( 1.82)	Data  0.47 ( 1.64)	Loss   0.71 (  0.83)	Cls Acc 100.0 (99.0)	Domain Acc 64.8 (62.6)
Epoch: [1][ 350/1000]	Time  4.80 ( 1.82)	Data  4.62 ( 1.64)	Loss   0.67 (  0.81)	Cls Acc 100.0 (99.1)	Domain Acc 68.0 (62.9)
Epoch: [1][ 400/1000]	Time  0.65 ( 1.82)	Data  0.47 ( 1.64)	Loss   0.70 (  0.80)	Cls Acc 100.0 (99.2)	Domain Acc 63.3 (62.8)
Epoch: [1][ 450/1000]	Time  0.64 ( 1.82)	Data  0.46 ( 1.64)	Loss   0.96 (  0.80)	Cls Acc 100.0 (99.2)	Domain Acc 47.3 (62.7)
Epoch: [1][ 500/1000]	Time  4.82 ( 1.82)	Data  4.64 ( 1.64)	Loss   1.01 (  0.80)	Cls Acc 98.4 (99.3)	Domain Acc 55.5 (62.3)
Epoch: [1][ 550/1000]	Time  0.65 ( 1.82)	Data  0.47 ( 1.64)	Loss   0.93 (  0.81)	Cls Acc 100.0 (99.2)	Domain Acc 52.7 (62.1)
Epoch: [1][ 600/1000]	Time  0.65 ( 1.82)	Data  0.47 ( 1.64)	Loss   0.80 (  0.81)	Cls Acc 98.4 (99.2)	Domain Acc 51.6 (61.4)
Epoch: [1][ 650/1000]	Time  4.90 ( 1.82)	Data  4.71 ( 1.64)	Loss   0.81 (  0.81)	Cls Acc 100.0 (99.3)	Domain Acc 53.1 (61.4)
Epoch: [1][ 700/1000]	Time  0.64 ( 1.82)	Data  0.46 ( 1.64)	Loss   0.76 (  0.80)	Cls Acc 100.0 (99.3)	Domain Acc 57.4 (61.5)
Epoch: [1][ 750/1000]	Time  0.65 ( 1.82)	Data  0.47 ( 1.64)	Loss   0.93 (  0.79)	Cls Acc 100.0 (99.3)	Domain Acc 40.6 (61.6)
Epoch: [1][ 800/1000]	Time  4.88 ( 1.82)	Data  4.70 ( 1.64)	Loss   0.99 (  0.79)	Cls Acc 99.2 (99.4)	Domain Acc 39.8 (61.6)
Epoch: [1][ 850/1000]	Time  0.65 ( 1.82)	Data  0.47 ( 1.64)	Loss   0.78 (  0.79)	Cls Acc 99.2 (99.4)	Domain Acc 64.1 (61.4)
Epoch: [1][ 900/1000]	Time  0.65 ( 1.82)	Data  0.47 ( 1.64)	Loss   0.97 (  0.79)	Cls Acc 99.2 (99.4)	Domain Acc 46.1 (61.3)
Epoch: [1][ 950/1000]	Time  4.82 ( 1.82)	Data  4.64 ( 1.64)	Loss   1.03 (  0.79)	Cls Acc 98.4 (99.4)	Domain Acc 42.2 (61.1)
Test: [0/7]	Time  1.500 ( 1.500)	Loss 2.9709e+00 (2.9709e+00)	Acc@1  24.22 ( 24.22)	Acc@5  75.78 ( 75.78)
 * Acc@1 38.742 Acc@5 72.327
acc1 = 38.7, best_acc1 = 38.7
Epoch: [2][   0/1000]	Time  0.26 ( 0.26)	Data  0.08 ( 0.08)	Loss   0.70 (  0.70)	Cls Acc 100.0 (100.0)	Domain Acc 63.7 (63.7)
Epoch: [2][  50/1000]	Time  0.65 ( 1.80)	Data  0.47 ( 1.62)	Loss   0.83 (  0.81)	Cls Acc 98.4 (99.3)	Domain Acc 54.7 (58.3)
Epoch: [2][ 100/1000]	Time  4.92 ( 1.83)	Data  4.74 ( 1.65)	Loss   0.76 (  0.80)	Cls Acc 99.2 (99.4)	Domain Acc 59.4 (57.1)
Epoch: [2][ 150/1000]	Time  0.65 ( 1.81)	Data  0.47 ( 1.63)	Loss   0.68 (  0.76)	Cls Acc 99.2 (99.6)	Domain Acc 63.3 (59.4)
Epoch: [2][ 200/1000]	Time  0.65 ( 1.82)	Data  0.47 ( 1.64)	Loss   0.66 (  0.74)	Cls Acc 100.0 (99.6)	Domain Acc 66.0 (59.5)
Epoch: [2][ 250/1000]	Time  4.87 ( 1.82)	Data  4.69 ( 1.64)	Loss   0.67 (  0.73)	Cls Acc 99.2 (99.7)	Domain Acc 66.4 (60.0)
Epoch: [2][ 300/1000]	Time  0.65 ( 1.82)	Data  0.47 ( 1.64)	Loss   0.73 (  0.74)	Cls Acc 100.0 (99.7)	Domain Acc 61.3 (59.6)
Epoch: [2][ 350/1000]	Time  0.65 ( 1.82)	Data  0.47 ( 1.64)	Loss   0.74 (  0.75)	Cls Acc 99.2 (99.6)	Domain Acc 59.4 (59.5)
Epoch: [2][ 400/1000]	Time  4.87 ( 1.82)	Data  4.69 ( 1.64)	Loss   0.66 (  0.76)	Cls Acc 100.0 (99.6)	Domain Acc 70.7 (59.1)
Epoch: [2][ 450/1000]	Time  0.65 ( 1.82)	Data  0.47 ( 1.64)	Loss   0.70 (  0.76)	Cls Acc 100.0 (99.6)	Domain Acc 62.9 (59.0)
Epoch: [2][ 500/1000]	Time  0.65 ( 1.82)	Data  0.47 ( 1.64)	Loss   0.68 (  0.76)	Cls Acc 100.0 (99.6)	Domain Acc 64.5 (59.2)
Epoch: [2][ 550/1000]	Time  4.90 ( 1.82)	Data  4.72 ( 1.64)	Loss   0.72 (  0.75)	Cls Acc 100.0 (99.7)	Domain Acc 60.2 (59.5)
Epoch: [2][ 600/1000]	Time  0.65 ( 1.82)	Data  0.47 ( 1.64)	Loss   0.63 (  0.75)	Cls Acc 100.0 (99.7)	Domain Acc 69.1 (59.8)
Epoch: [2][ 650/1000]	Time  0.65 ( 1.82)	Data  0.47 ( 1.64)	Loss   0.67 (  0.74)	Cls Acc 100.0 (99.7)	Domain Acc 62.9 (59.6)
Epoch: [2][ 700/1000]	Time  4.83 ( 1.82)	Data  4.65 ( 1.64)	Loss   0.67 (  0.74)	Cls Acc 100.0 (99.7)	Domain Acc 61.3 (59.8)
Epoch: [2][ 750/1000]	Time  0.65 ( 1.82)	Data  0.47 ( 1.64)	Loss   0.74 (  0.74)	Cls Acc 98.4 (99.7)	Domain Acc 56.6 (59.8)
Epoch: [2][ 800/1000]	Time  0.65 ( 1.82)	Data  0.47 ( 1.64)	Loss   0.70 (  0.74)	Cls Acc 99.2 (99.7)	Domain Acc 62.9 (59.8)
Epoch: [2][ 850/1000]	Time  4.90 ( 1.82)	Data  4.72 ( 1.64)	Loss   0.68 (  0.74)	Cls Acc 100.0 (99.7)	Domain Acc 63.7 (59.9)
Epoch: [2][ 900/1000]	Time  0.64 ( 1.82)	Data  0.46 ( 1.64)	Loss   0.70 (  0.73)	Cls Acc 99.2 (99.7)	Domain Acc 61.7 (59.8)
Epoch: [2][ 950/1000]	Time  0.65 ( 1.82)	Data  0.47 ( 1.64)	Loss   0.68 (  0.73)	Cls Acc 100.0 (99.7)	Domain Acc 62.9 (59.8)
Test: [0/7]	Time  1.508 ( 1.508)	Loss 2.6874e+00 (2.6874e+00)	Acc@1  40.62 ( 40.62)	Acc@5  74.22 ( 74.22)
 * Acc@1 52.830 Acc@5 81.132
acc1 = 52.8, best_acc1 = 52.8
Epoch: [3][   0/1000]	Time  4.85 ( 4.85)	Data  4.66 ( 4.66)	Loss   0.62 (  0.62)	Cls Acc 100.0 (100.0)	Domain Acc 69.5 (69.5)
Epoch: [3][  50/1000]	Time  0.65 ( 1.83)	Data  0.47 ( 1.65)	Loss   0.61 (  0.71)	Cls Acc 100.0 (100.0)	Domain Acc 71.9 (58.7)
Epoch: [3][ 100/1000]	Time  0.65 ( 1.83)	Data  0.47 ( 1.65)	Loss   0.76 (  0.70)	Cls Acc 100.0 (99.9)	Domain Acc 54.3 (60.1)
Epoch: [3][ 150/1000]	Time  4.86 ( 1.84)	Data  4.68 ( 1.66)	Loss   0.74 (  0.69)	Cls Acc 99.2 (99.9)	Domain Acc 52.7 (60.8)
Epoch: [3][ 200/1000]	Time  0.64 ( 1.82)	Data  0.46 ( 1.64)	Loss   0.64 (  0.69)	Cls Acc 100.0 (99.9)	Domain Acc 68.4 (61.6)
Epoch: [3][ 250/1000]	Time  0.65 ( 1.82)	Data  0.47 ( 1.64)	Loss   0.60 (  0.69)	Cls Acc 100.0 (99.9)	Domain Acc 71.9 (61.6)
Epoch: [3][ 300/1000]	Time  4.88 ( 1.83)	Data  4.70 ( 1.65)	Loss   0.74 (  0.69)	Cls Acc 100.0 (99.9)	Domain Acc 54.3 (61.6)
Epoch: [3][ 350/1000]	Time  0.65 ( 1.82)	Data  0.47 ( 1.64)	Loss   0.72 (  0.69)	Cls Acc 100.0 (99.9)	Domain Acc 62.5 (60.9)
Epoch: [3][ 400/1000]	Time  0.65 ( 1.82)	Data  0.47 ( 1.64)	Loss   0.76 (  0.70)	Cls Acc 99.2 (99.9)	Domain Acc 50.8 (60.5)
Epoch: [3][ 450/1000]	Time  4.78 ( 1.82)	Data  4.60 ( 1.64)	Loss   0.63 (  0.70)	Cls Acc 100.0 (99.8)	Domain Acc 69.9 (60.0)
Epoch: [3][ 500/1000]	Time  0.65 ( 1.82)	Data  0.47 ( 1.64)	Loss   0.89 (  0.70)	Cls Acc 100.0 (99.9)	Domain Acc 43.0 (60.0)
Epoch: [3][ 550/1000]	Time  0.65 ( 1.82)	Data  0.47 ( 1.64)	Loss   0.55 (  0.70)	Cls Acc 100.0 (99.9)	Domain Acc 79.3 (60.4)
Epoch: [3][ 600/1000]	Time  4.88 ( 1.82)	Data  4.70 ( 1.64)	Loss   0.77 (  0.71)	Cls Acc 100.0 (99.8)	Domain Acc 55.9 (60.1)
Epoch: [3][ 650/1000]	Time  0.65 ( 1.82)	Data  0.47 ( 1.64)	Loss   0.91 (  0.71)	Cls Acc 100.0 (99.8)	Domain Acc 50.0 (60.1)
Epoch: [3][ 700/1000]	Time  0.65 ( 1.82)	Data  0.47 ( 1.64)	Loss   0.68 (  0.71)	Cls Acc 99.2 (99.8)	Domain Acc 60.2 (60.3)
Epoch: [3][ 750/1000]	Time  4.89 ( 1.82)	Data  4.70 ( 1.64)	Loss   0.66 (  0.71)	Cls Acc 100.0 (99.8)	Domain Acc 65.6 (59.9)
Epoch: [3][ 800/1000]	Time  0.65 ( 1.82)	Data  0.47 ( 1.64)	Loss   0.79 (  0.71)	Cls Acc 100.0 (99.8)	Domain Acc 46.9 (59.8)
Epoch: [3][ 850/1000]	Time  0.65 ( 1.82)	Data  0.47 ( 1.64)	Loss   0.60 (  0.71)	Cls Acc 100.0 (99.8)	Domain Acc 73.4 (59.9)
Epoch: [3][ 900/1000]	Time  4.84 ( 1.82)	Data  4.66 ( 1.64)	Loss   0.72 (  0.71)	Cls Acc 100.0 (99.9)	Domain Acc 52.7 (60.0)
Epoch: [3][ 950/1000]	Time  0.65 ( 1.82)	Data  0.47 ( 1.64)	Loss   0.62 (  0.71)	Cls Acc 100.0 (99.9)	Domain Acc 71.1 (60.1)
Test: [0/7]	Time  1.513 ( 1.513)	Loss 2.6579e+00 (2.6579e+00)	Acc@1  41.41 ( 41.41)	Acc@5  73.44 ( 73.44)
 * Acc@1 52.327 Acc@5 81.006
acc1 = 52.3, best_acc1 = 52.8
Epoch: [4][   0/1000]	Time  0.27 ( 0.27)	Data  0.09 ( 0.09)	Loss   0.75 (  0.75)	Cls Acc 100.0 (100.0)	Domain Acc 50.8 (50.8)
Epoch: [4][  50/1000]	Time  4.88 ( 1.82)	Data  4.68 ( 1.64)	Loss   0.62 (  0.67)	Cls Acc 100.0 (99.9)	Domain Acc 67.6 (63.6)
Epoch: [4][ 100/1000]	Time  0.65 ( 1.79)	Data  0.47 ( 1.61)	Loss   0.65 (  0.69)	Cls Acc 100.0 (99.9)	Domain Acc 64.8 (60.7)
Epoch: [4][ 150/1000]	Time  0.65 ( 1.80)	Data  0.47 ( 1.62)	Loss   0.69 (  0.68)	Cls Acc 100.0 (100.0)	Domain Acc 58.2 (62.0)
Epoch: [4][ 200/1000]	Time  4.89 ( 1.82)	Data  4.71 ( 1.64)	Loss   0.64 (  0.69)	Cls Acc 100.0 (99.9)	Domain Acc 68.8 (60.9)
Epoch: [4][ 250/1000]	Time  0.65 ( 1.81)	Data  0.47 ( 1.63)	Loss   0.75 (  0.68)	Cls Acc 100.0 (99.9)	Domain Acc 48.8 (61.3)
Epoch: [4][ 300/1000]	Time  0.64 ( 1.81)	Data  0.47 ( 1.63)	Loss   0.62 (  0.68)	Cls Acc 100.0 (99.9)	Domain Acc 68.4 (60.8)
Epoch: [4][ 350/1000]	Time  4.79 ( 1.82)	Data  4.61 ( 1.64)	Loss   0.73 (  0.68)	Cls Acc 100.0 (99.9)	Domain Acc 55.5 (60.9)
Epoch: [4][ 400/1000]	Time  0.64 ( 1.81)	Data  0.46 ( 1.63)	Loss   0.65 (  0.69)	Cls Acc 100.0 (99.9)	Domain Acc 65.6 (60.4)
Epoch: [4][ 450/1000]	Time  0.65 ( 1.81)	Data  0.47 ( 1.63)	Loss   0.72 (  0.69)	Cls Acc 100.0 (99.9)	Domain Acc 56.2 (60.3)
Epoch: [4][ 500/1000]	Time  4.91 ( 1.82)	Data  4.73 ( 1.64)	Loss   0.70 (  0.69)	Cls Acc 100.0 (99.9)	Domain Acc 55.9 (59.9)
Epoch: [4][ 550/1000]	Time  0.65 ( 1.81)	Data  0.47 ( 1.63)	Loss   0.70 (  0.69)	Cls Acc 99.2 (99.9)	Domain Acc 60.9 (60.1)
Epoch: [4][ 600/1000]	Time  0.65 ( 1.81)	Data  0.47 ( 1.63)	Loss   0.66 (  0.69)	Cls Acc 100.0 (99.9)	Domain Acc 66.8 (60.1)
Epoch: [4][ 650/1000]	Time  4.77 ( 1.82)	Data  4.58 ( 1.64)	Loss   0.71 (  0.69)	Cls Acc 100.0 (99.9)	Domain Acc 53.5 (59.7)
Epoch: [4][ 700/1000]	Time  0.65 ( 1.81)	Data  0.47 ( 1.63)	Loss   0.69 (  0.69)	Cls Acc 100.0 (99.9)	Domain Acc 60.2 (60.0)
Epoch: [4][ 750/1000]	Time  0.65 ( 1.81)	Data  0.47 ( 1.63)	Loss   0.68 (  0.69)	Cls Acc 100.0 (99.9)	Domain Acc 66.0 (59.9)
Epoch: [4][ 800/1000]	Time  4.81 ( 1.82)	Data  4.62 ( 1.64)	Loss   0.76 (  0.69)	Cls Acc 100.0 (99.9)	Domain Acc 49.2 (59.8)
Epoch: [4][ 850/1000]	Time  0.65 ( 1.81)	Data  0.47 ( 1.63)	Loss   0.67 (  0.69)	Cls Acc 100.0 (99.9)	Domain Acc 62.1 (59.8)
Epoch: [4][ 900/1000]	Time  0.65 ( 1.81)	Data  0.47 ( 1.63)	Loss   0.66 (  0.69)	Cls Acc 100.0 (99.9)	Domain Acc 65.2 (59.7)
Epoch: [4][ 950/1000]	Time  4.92 ( 1.82)	Data  4.73 ( 1.64)	Loss   0.72 (  0.69)	Cls Acc 100.0 (99.9)	Domain Acc 53.5 (59.9)
Test: [0/7]	Time  1.533 ( 1.533)	Loss 2.8836e+00 (2.8836e+00)	Acc@1  45.31 ( 45.31)	Acc@5  77.34 ( 77.34)
 * Acc@1 57.107 Acc@5 83.774
acc1 = 57.1, best_acc1 = 57.1
Epoch: [5][   0/1000]	Time  0.27 ( 0.27)	Data  0.09 ( 0.09)	Loss   0.61 (  0.61)	Cls Acc 100.0 (100.0)	Domain Acc 68.8 (68.8)
Epoch: [5][  50/1000]	Time  0.65 ( 1.80)	Data  0.47 ( 1.62)	Loss   0.72 (  0.70)	Cls Acc 100.0 (99.9)	Domain Acc 56.2 (59.2)
Epoch: [5][ 100/1000]	Time  4.86 ( 1.83)	Data  4.66 ( 1.65)	Loss   0.66 (  0.68)	Cls Acc 100.0 (100.0)	Domain Acc 67.2 (62.5)
Epoch: [5][ 150/1000]	Time  0.65 ( 1.81)	Data  0.47 ( 1.63)	Loss   0.71 (  0.69)	Cls Acc 100.0 (100.0)	Domain Acc 56.6 (60.4)
Epoch: [5][ 200/1000]	Time  0.65 ( 1.81)	Data  0.47 ( 1.63)	Loss   0.66 (  0.68)	Cls Acc 100.0 (100.0)	Domain Acc 64.8 (61.8)
Epoch: [5][ 250/1000]	Time  4.90 ( 1.82)	Data  4.72 ( 1.64)	Loss   0.65 (  0.68)	Cls Acc 100.0 (100.0)	Domain Acc 64.1 (61.4)
Epoch: [5][ 300/1000]	Time  0.65 ( 1.81)	Data  0.47 ( 1.63)	Loss   0.68 (  0.68)	Cls Acc 100.0 (100.0)	Domain Acc 62.1 (61.6)
Epoch: [5][ 350/1000]	Time  0.65 ( 1.82)	Data  0.47 ( 1.64)	Loss   0.67 (  0.68)	Cls Acc 100.0 (100.0)	Domain Acc 65.2 (61.7)
Epoch: [5][ 400/1000]	Time  4.89 ( 1.82)	Data  4.70 ( 1.64)	Loss   0.69 (  0.68)	Cls Acc 100.0 (100.0)	Domain Acc 60.5 (61.0)
Epoch: [5][ 450/1000]	Time  0.65 ( 1.82)	Data  0.47 ( 1.64)	Loss   0.67 (  0.68)	Cls Acc 100.0 (100.0)	Domain Acc 63.7 (61.9)
Epoch: [5][ 500/1000]	Time  0.65 ( 1.82)	Data  0.47 ( 1.64)	Loss   0.65 (  0.68)	Cls Acc 100.0 (100.0)	Domain Acc 64.8 (61.3)
Epoch: [5][ 550/1000]	Time  4.89 ( 1.82)	Data  4.70 ( 1.64)	Loss   0.76 (  0.68)	Cls Acc 100.0 (100.0)	Domain Acc 50.8 (61.2)
Epoch: [5][ 600/1000]	Time  0.65 ( 1.82)	Data  0.47 ( 1.64)	Loss   0.71 (  0.68)	Cls Acc 100.0 (100.0)	Domain Acc 56.2 (61.1)
Epoch: [5][ 650/1000]	Time  0.65 ( 1.82)	Data  0.47 ( 1.64)	Loss   0.67 (  0.69)	Cls Acc 100.0 (100.0)	Domain Acc 65.6 (60.9)
Epoch: [5][ 700/1000]	Time  4.79 ( 1.82)	Data  4.61 ( 1.64)	Loss   0.69 (  0.69)	Cls Acc 100.0 (100.0)	Domain Acc 56.2 (61.0)
Epoch: [5][ 750/1000]	Time  0.65 ( 1.82)	Data  0.47 ( 1.64)	Loss   0.71 (  0.69)	Cls Acc 100.0 (100.0)	Domain Acc 57.0 (61.1)
Epoch: [5][ 800/1000]	Time  0.65 ( 1.82)	Data  0.47 ( 1.64)	Loss   0.63 (  0.69)	Cls Acc 100.0 (100.0)	Domain Acc 66.8 (60.9)
Epoch: [5][ 850/1000]	Time  4.85 ( 1.82)	Data  4.67 ( 1.64)	Loss   0.71 (  0.69)	Cls Acc 100.0 (100.0)	Domain Acc 63.3 (61.0)
Epoch: [5][ 900/1000]	Time  0.65 ( 1.82)	Data  0.47 ( 1.64)	Loss   0.65 (  0.69)	Cls Acc 100.0 (100.0)	Domain Acc 67.2 (60.9)
Epoch: [5][ 950/1000]	Time  0.65 ( 1.82)	Data  0.47 ( 1.64)	Loss   0.75 (  0.69)	Cls Acc 100.0 (100.0)	Domain Acc 47.3 (60.7)
Test: [0/7]	Time  1.560 ( 1.560)	Loss 3.2025e+00 (3.2025e+00)	Acc@1  40.62 ( 40.62)	Acc@5  71.88 ( 71.88)
 * Acc@1 53.711 Acc@5 81.635
acc1 = 53.7, best_acc1 = 57.1
Epoch: [6][   0/1000]	Time  4.82 ( 4.82)	Data  4.63 ( 4.63)	Loss   0.72 (  0.72)	Cls Acc 100.0 (100.0)	Domain Acc 58.6 (58.6)
Epoch: [6][  50/1000]	Time  0.65 ( 1.83)	Data  0.47 ( 1.65)	Loss   0.78 (  0.70)	Cls Acc 99.2 (100.0)	Domain Acc 50.4 (58.5)
Epoch: [6][ 100/1000]	Time  0.65 ( 1.83)	Data  0.47 ( 1.65)	Loss   0.62 (  0.71)	Cls Acc 100.0 (99.9)	Domain Acc 70.7 (58.1)
Epoch: [6][ 150/1000]	Time  4.92 ( 1.84)	Data  4.73 ( 1.66)	Loss   0.74 (  0.72)	Cls Acc 100.0 (99.9)	Domain Acc 58.2 (56.2)
Epoch: [6][ 200/1000]	Time  0.65 ( 1.83)	Data  0.47 ( 1.65)	Loss   0.78 (  0.71)	Cls Acc 100.0 (99.9)	Domain Acc 46.5 (58.2)
Epoch: [6][ 250/1000]	Time  0.65 ( 1.83)	Data  0.47 ( 1.65)	Loss   0.65 (  0.71)	Cls Acc 100.0 (99.9)	Domain Acc 66.4 (57.7)
Epoch: [6][ 300/1000]	Time  4.85 ( 1.83)	Data  4.66 ( 1.65)	Loss   0.66 (  0.70)	Cls Acc 100.0 (99.9)	Domain Acc 61.7 (58.9)
Epoch: [6][ 350/1000]	Time  0.64 ( 1.82)	Data  0.46 ( 1.64)	Loss   0.68 (  0.71)	Cls Acc 99.2 (99.9)	Domain Acc 64.5 (58.0)
Epoch: [6][ 400/1000]	Time  0.65 ( 1.82)	Data  0.47 ( 1.64)	Loss   0.85 (  0.70)	Cls Acc 99.2 (99.9)	Domain Acc 43.4 (58.6)
Epoch: [6][ 450/1000]	Time  4.83 ( 1.83)	Data  4.65 ( 1.65)	Loss   0.61 (  0.70)	Cls Acc 100.0 (99.9)	Domain Acc 73.0 (58.6)
Epoch: [6][ 500/1000]	Time  0.65 ( 1.82)	Data  0.47 ( 1.64)	Loss   0.74 (  0.70)	Cls Acc 100.0 (99.9)	Domain Acc 48.8 (58.2)
Epoch: [6][ 550/1000]	Time  0.65 ( 1.82)	Data  0.47 ( 1.64)	Loss   0.65 (  0.70)	Cls Acc 100.0 (99.9)	Domain Acc 64.5 (58.6)
Epoch: [6][ 600/1000]	Time  4.90 ( 1.83)	Data  4.72 ( 1.65)	Loss   0.69 (  0.70)	Cls Acc 100.0 (99.9)	Domain Acc 61.7 (58.2)
Epoch: [6][ 650/1000]	Time  0.65 ( 1.82)	Data  0.47 ( 1.64)	Loss   0.70 (  0.70)	Cls Acc 100.0 (99.9)	Domain Acc 57.0 (58.9)
Epoch: [6][ 700/1000]	Time  0.65 ( 1.82)	Data  0.47 ( 1.64)	Loss   0.65 (  0.70)	Cls Acc 100.0 (99.9)	Domain Acc 64.8 (58.4)
Epoch: [6][ 750/1000]	Time  4.87 ( 1.83)	Data  4.69 ( 1.65)	Loss   0.79 (  0.70)	Cls Acc 100.0 (99.9)	Domain Acc 44.1 (59.0)
Epoch: [6][ 800/1000]	Time  0.65 ( 1.82)	Data  0.47 ( 1.64)	Loss   0.61 (  0.70)	Cls Acc 100.0 (99.9)	Domain Acc 72.3 (58.5)
Epoch: [6][ 850/1000]	Time  0.65 ( 1.82)	Data  0.47 ( 1.64)	Loss   0.80 (  0.70)	Cls Acc 99.2 (99.9)	Domain Acc 48.4 (58.5)
Epoch: [6][ 900/1000]	Time  4.90 ( 1.83)	Data  4.72 ( 1.65)	Loss   0.64 (  0.70)	Cls Acc 100.0 (99.9)	Domain Acc 69.5 (58.7)
Epoch: [6][ 950/1000]	Time  0.64 ( 1.82)	Data  0.46 ( 1.64)	Loss   0.73 (  0.70)	Cls Acc 100.0 (99.9)	Domain Acc 54.7 (58.7)
Test: [0/7]	Time  1.494 ( 1.494)	Loss 3.5259e+00 (3.5259e+00)	Acc@1  49.22 ( 49.22)	Acc@5  70.31 ( 70.31)
 * Acc@1 61.761 Acc@5 81.761
acc1 = 61.8, best_acc1 = 61.8
Epoch: [7][   0/1000]	Time  0.27 ( 0.27)	Data  0.09 ( 0.09)	Loss   0.65 (  0.65)	Cls Acc 100.0 (100.0)	Domain Acc 65.6 (65.6)
Epoch: [7][  50/1000]	Time  4.93 ( 1.83)	Data  4.75 ( 1.65)	Loss   0.74 (  0.71)	Cls Acc 100.0 (99.9)	Domain Acc 50.4 (55.5)
Epoch: [7][ 100/1000]	Time  0.65 ( 1.80)	Data  0.47 ( 1.62)	Loss   0.67 (  0.69)	Cls Acc 100.0 (100.0)	Domain Acc 62.5 (58.7)
Epoch: [7][ 150/1000]	Time  0.65 ( 1.82)	Data  0.47 ( 1.64)	Loss   0.74 (  0.70)	Cls Acc 100.0 (100.0)	Domain Acc 50.4 (58.1)
Epoch: [7][ 200/1000]	Time  4.94 ( 1.83)	Data  4.76 ( 1.65)	Loss   0.72 (  0.69)	Cls Acc 100.0 (100.0)	Domain Acc 57.8 (59.1)
Epoch: [7][ 250/1000]	Time  0.65 ( 1.82)	Data  0.47 ( 1.64)	Loss   0.69 (  0.70)	Cls Acc 100.0 (100.0)	Domain Acc 61.3 (58.4)
Epoch: [7][ 300/1000]	Time  0.65 ( 1.83)	Data  0.47 ( 1.65)	Loss   0.64 (  0.69)	Cls Acc 100.0 (100.0)	Domain Acc 65.6 (59.8)
Epoch: [7][ 350/1000]	Time  4.79 ( 1.83)	Data  4.61 ( 1.65)	Loss   0.68 (  0.69)	Cls Acc 100.0 (100.0)	Domain Acc 59.8 (60.1)
Epoch: [7][ 400/1000]	Time  0.65 ( 1.83)	Data  0.47 ( 1.65)	Loss   0.63 (  0.68)	Cls Acc 100.0 (100.0)	Domain Acc 69.1 (60.2)
Epoch: [7][ 450/1000]	Time  0.65 ( 1.83)	Data  0.47 ( 1.65)	Loss   0.70 (  0.68)	Cls Acc 100.0 (100.0)	Domain Acc 54.7 (60.8)
Epoch: [7][ 500/1000]	Time  4.97 ( 1.83)	Data  4.79 ( 1.65)	Loss   0.67 (  0.68)	Cls Acc 100.0 (100.0)	Domain Acc 61.7 (60.1)
Epoch: [7][ 550/1000]	Time  0.65 ( 1.83)	Data  0.47 ( 1.65)	Loss   0.65 (  0.68)	Cls Acc 100.0 (100.0)	Domain Acc 63.7 (60.5)
Epoch: [7][ 600/1000]	Time  0.65 ( 1.83)	Data  0.47 ( 1.65)	Loss   0.67 (  0.68)	Cls Acc 100.0 (100.0)	Domain Acc 63.7 (60.3)
Epoch: [7][ 650/1000]	Time  4.93 ( 1.83)	Data  4.75 ( 1.65)	Loss   0.67 (  0.68)	Cls Acc 100.0 (100.0)	Domain Acc 62.9 (60.6)
Epoch: [7][ 700/1000]	Time  0.65 ( 1.83)	Data  0.47 ( 1.65)	Loss   0.65 (  0.68)	Cls Acc 100.0 (100.0)	Domain Acc 61.3 (60.4)
Epoch: [7][ 750/1000]	Time  0.65 ( 1.83)	Data  0.47 ( 1.65)	Loss   0.66 (  0.68)	Cls Acc 100.0 (100.0)	Domain Acc 65.2 (60.7)
Epoch: [7][ 800/1000]	Time  4.94 ( 1.83)	Data  4.75 ( 1.65)	Loss   0.67 (  0.68)	Cls Acc 100.0 (100.0)	Domain Acc 62.9 (60.6)
Epoch: [7][ 850/1000]	Time  0.65 ( 1.83)	Data  0.47 ( 1.65)	Loss   0.64 (  0.68)	Cls Acc 100.0 (100.0)	Domain Acc 68.4 (61.0)
Epoch: [7][ 900/1000]	Time  0.65 ( 1.83)	Data  0.47 ( 1.65)	Loss   0.73 (  0.68)	Cls Acc 100.0 (100.0)	Domain Acc 50.0 (60.9)
Epoch: [7][ 950/1000]	Time  4.93 ( 1.83)	Data  4.74 ( 1.65)	Loss   0.68 (  0.68)	Cls Acc 100.0 (100.0)	Domain Acc 61.3 (60.8)
Test: [0/7]	Time  1.533 ( 1.533)	Loss 3.2414e+00 (3.2414e+00)	Acc@1  49.22 ( 49.22)	Acc@5  73.44 ( 73.44)
 * Acc@1 62.767 Acc@5 84.906
acc1 = 62.8, best_acc1 = 62.8
Epoch: [8][   0/1000]	Time  0.27 ( 0.27)	Data  0.09 ( 0.09)	Loss   0.69 (  0.69)	Cls Acc 100.0 (100.0)	Domain Acc 57.4 (57.4)
Epoch: [8][  50/1000]	Time  0.65 ( 1.81)	Data  0.47 ( 1.63)	Loss   0.69 (  0.67)	Cls Acc 100.0 (100.0)	Domain Acc 61.7 (62.2)
Epoch: [8][ 100/1000]	Time  5.01 ( 1.84)	Data  4.83 ( 1.66)	Loss   0.72 (  0.69)	Cls Acc 100.0 (100.0)	Domain Acc 54.7 (58.6)
Epoch: [8][ 150/1000]	Time  0.65 ( 1.82)	Data  0.47 ( 1.64)	Loss   0.67 (  0.68)	Cls Acc 100.0 (100.0)	Domain Acc 61.7 (60.1)
Epoch: [8][ 200/1000]	Time  0.65 ( 1.83)	Data  0.47 ( 1.65)	Loss   0.70 (  0.69)	Cls Acc 100.0 (100.0)	Domain Acc 58.2 (59.4)
Epoch: [8][ 250/1000]	Time  4.90 ( 1.84)	Data  4.72 ( 1.66)	Loss   0.66 (  0.68)	Cls Acc 100.0 (100.0)	Domain Acc 63.3 (60.2)
Epoch: [8][ 300/1000]	Time  0.65 ( 1.83)	Data  0.47 ( 1.65)	Loss   0.70 (  0.68)	Cls Acc 100.0 (100.0)	Domain Acc 60.5 (61.1)
Epoch: [8][ 350/1000]	Time  0.65 ( 1.83)	Data  0.47 ( 1.65)	Loss   0.71 (  0.68)	Cls Acc 100.0 (100.0)	Domain Acc 59.8 (60.8)
Epoch: [8][ 400/1000]	Time  5.02 ( 1.84)	Data  4.84 ( 1.66)	Loss   0.62 (  0.68)	Cls Acc 100.0 (100.0)	Domain Acc 67.6 (61.3)
Epoch: [8][ 450/1000]	Time  0.65 ( 1.83)	Data  0.47 ( 1.65)	Loss   0.73 (  0.68)	Cls Acc 100.0 (100.0)	Domain Acc 52.0 (61.3)
Epoch: [8][ 500/1000]	Time  0.65 ( 1.83)	Data  0.47 ( 1.65)	Loss   0.65 (  0.68)	Cls Acc 100.0 (100.0)	Domain Acc 62.1 (61.1)
Epoch: [8][ 550/1000]	Time  4.96 ( 1.84)	Data  4.78 ( 1.66)	Loss   0.64 (  0.68)	Cls Acc 100.0 (100.0)	Domain Acc 68.0 (61.4)
Epoch: [8][ 600/1000]	Time  0.65 ( 1.83)	Data  0.47 ( 1.65)	Loss   0.67 (  0.67)	Cls Acc 100.0 (100.0)	Domain Acc 59.0 (61.4)
Epoch: [8][ 650/1000]	Time  0.65 ( 1.83)	Data  0.47 ( 1.65)	Loss   0.65 (  0.68)	Cls Acc 100.0 (100.0)	Domain Acc 62.9 (61.3)
Epoch: [8][ 700/1000]	Time  4.90 ( 1.84)	Data  4.71 ( 1.66)	Loss   0.68 (  0.67)	Cls Acc 100.0 (100.0)	Domain Acc 60.2 (61.6)
Epoch: [8][ 750/1000]	Time  0.65 ( 1.83)	Data  0.47 ( 1.65)	Loss   0.69 (  0.67)	Cls Acc 100.0 (100.0)	Domain Acc 57.8 (61.5)
Epoch: [8][ 800/1000]	Time  0.65 ( 1.83)	Data  0.47 ( 1.65)	Loss   0.66 (  0.67)	Cls Acc 100.0 (100.0)	Domain Acc 60.5 (61.6)
Epoch: [8][ 850/1000]	Time  4.91 ( 1.83)	Data  4.73 ( 1.65)	Loss   0.65 (  0.67)	Cls Acc 100.0 (100.0)	Domain Acc 62.1 (61.6)
Epoch: [8][ 900/1000]	Time  0.65 ( 1.83)	Data  0.47 ( 1.65)	Loss   0.68 (  0.67)	Cls Acc 100.0 (100.0)	Domain Acc 60.5 (61.6)
Epoch: [8][ 950/1000]	Time  0.65 ( 1.83)	Data  0.47 ( 1.65)	Loss   0.67 (  0.67)	Cls Acc 100.0 (100.0)	Domain Acc 63.7 (61.5)
Test: [0/7]	Time  1.602 ( 1.602)	Loss 3.5635e+00 (3.5635e+00)	Acc@1  50.78 ( 50.78)	Acc@5  74.22 ( 74.22)
 * Acc@1 62.390 Acc@5 86.289
acc1 = 62.4, best_acc1 = 62.8
Epoch: [9][   0/1000]	Time  4.92 ( 4.92)	Data  4.74 ( 4.74)	Loss   0.69 (  0.69)	Cls Acc 100.0 (100.0)	Domain Acc 58.2 (58.2)
Epoch: [9][  50/1000]	Time  0.65 ( 1.85)	Data  0.47 ( 1.67)	Loss   0.67 (  0.69)	Cls Acc 100.0 (100.0)	Domain Acc 62.9 (59.0)
Epoch: [9][ 100/1000]	Time  0.65 ( 1.85)	Data  0.47 ( 1.67)	Loss   0.65 (  0.68)	Cls Acc 100.0 (100.0)	Domain Acc 61.7 (60.8)
Epoch: [9][ 150/1000]	Time  4.95 ( 1.86)	Data  4.77 ( 1.68)	Loss   0.64 (  0.68)	Cls Acc 100.0 (100.0)	Domain Acc 66.4 (60.8)
Epoch: [9][ 200/1000]	Time  0.65 ( 1.84)	Data  0.47 ( 1.66)	Loss   0.67 (  0.68)	Cls Acc 100.0 (100.0)	Domain Acc 61.7 (60.9)
Epoch: [9][ 250/1000]	Time  0.65 ( 1.84)	Data  0.47 ( 1.66)	Loss   0.68 (  0.68)	Cls Acc 100.0 (100.0)	Domain Acc 57.8 (60.9)
Epoch: [9][ 300/1000]	Time  4.95 ( 1.85)	Data  4.77 ( 1.67)	Loss   0.70 (  0.68)	Cls Acc 100.0 (100.0)	Domain Acc 58.2 (60.9)
Epoch: [9][ 350/1000]	Time  0.65 ( 1.84)	Data  0.47 ( 1.66)	Loss   0.64 (  0.68)	Cls Acc 100.0 (100.0)	Domain Acc 65.2 (61.2)
Epoch: [9][ 400/1000]	Time  0.65 ( 1.84)	Data  0.47 ( 1.66)	Loss   0.70 (  0.68)	Cls Acc 100.0 (100.0)	Domain Acc 59.4 (60.9)
Epoch: [9][ 450/1000]	Time  4.83 ( 1.85)	Data  4.64 ( 1.67)	Loss   0.64 (  0.68)	Cls Acc 100.0 (100.0)	Domain Acc 66.4 (61.0)
Epoch: [9][ 500/1000]	Time  0.64 ( 1.84)	Data  0.46 ( 1.66)	Loss   0.69 (  0.67)	Cls Acc 100.0 (100.0)	Domain Acc 59.4 (61.1)
Epoch: [9][ 550/1000]	Time  0.65 ( 1.84)	Data  0.47 ( 1.66)	Loss   0.70 (  0.68)	Cls Acc 100.0 (100.0)	Domain Acc 60.9 (61.0)
Epoch: [9][ 600/1000]	Time  4.98 ( 1.84)	Data  4.80 ( 1.66)	Loss   0.72 (  0.68)	Cls Acc 100.0 (100.0)	Domain Acc 53.5 (60.3)
Epoch: [9][ 650/1000]	Time  0.65 ( 1.84)	Data  0.47 ( 1.66)	Loss   0.73 (  0.68)	Cls Acc 100.0 (100.0)	Domain Acc 54.7 (60.4)
Epoch: [9][ 700/1000]	Time  0.65 ( 1.84)	Data  0.47 ( 1.66)	Loss   0.66 (  0.68)	Cls Acc 100.0 (100.0)	Domain Acc 64.1 (60.2)
Epoch: [9][ 750/1000]	Time  4.99 ( 1.84)	Data  4.81 ( 1.66)	Loss   0.72 (  0.69)	Cls Acc 100.0 (100.0)	Domain Acc 61.3 (60.0)
Epoch: [9][ 800/1000]	Time  0.65 ( 1.84)	Data  0.47 ( 1.66)	Loss   0.71 (  0.69)	Cls Acc 100.0 (100.0)	Domain Acc 53.5 (59.9)
Epoch: [9][ 850/1000]	Time  0.65 ( 1.84)	Data  0.47 ( 1.66)	Loss   0.64 (  0.69)	Cls Acc 100.0 (100.0)	Domain Acc 67.6 (59.9)
Epoch: [9][ 900/1000]	Time  4.96 ( 1.84)	Data  4.78 ( 1.66)	Loss   0.72 (  0.68)	Cls Acc 100.0 (100.0)	Domain Acc 56.2 (60.2)
Epoch: [9][ 950/1000]	Time  0.65 ( 1.84)	Data  0.47 ( 1.66)	Loss   0.67 (  0.69)	Cls Acc 100.0 (100.0)	Domain Acc 65.2 (59.7)
Test: [0/7]	Time  1.547 ( 1.547)	Loss 2.8793e+00 (2.8793e+00)	Acc@1  52.34 ( 52.34)	Acc@5  76.56 ( 76.56)
 * Acc@1 56.981 Acc@5 81.006
acc1 = 57.0, best_acc1 = 62.8
Epoch: [10][   0/1000]	Time  0.27 ( 0.27)	Data  0.09 ( 0.09)	Loss   0.68 (  0.68)	Cls Acc 100.0 (100.0)	Domain Acc 59.4 (59.4)
Epoch: [10][  50/1000]	Time  4.97 ( 1.85)	Data  4.79 ( 1.67)	Loss   0.64 (  0.71)	Cls Acc 100.0 (100.0)	Domain Acc 65.6 (56.7)
Epoch: [10][ 100/1000]	Time  0.64 ( 1.82)	Data  0.46 ( 1.64)	Loss   0.70 (  0.69)	Cls Acc 100.0 (100.0)	Domain Acc 55.1 (58.8)
Epoch: [10][ 150/1000]	Time  0.66 ( 1.85)	Data  0.48 ( 1.67)	Loss   0.64 (  0.68)	Cls Acc 100.0 (100.0)	Domain Acc 64.5 (59.8)
Epoch: [10][ 200/1000]	Time  5.32 ( 1.87)	Data  5.14 ( 1.69)	Loss   0.73 (  0.68)	Cls Acc 100.0 (100.0)	Domain Acc 54.3 (59.8)
Epoch: [10][ 250/1000]	Time  0.65 ( 1.87)	Data  0.47 ( 1.69)	Loss   0.66 (  0.69)	Cls Acc 100.0 (100.0)	Domain Acc 62.9 (59.1)
Epoch: [10][ 300/1000]	Time  0.65 ( 1.87)	Data  0.47 ( 1.69)	Loss   0.69 (  0.68)	Cls Acc 100.0 (100.0)	Domain Acc 57.0 (59.7)
Epoch: [10][ 350/1000]	Time  4.98 ( 1.87)	Data  4.79 ( 1.69)	Loss   0.70 (  0.69)	Cls Acc 100.0 (100.0)	Domain Acc 62.1 (59.0)
Epoch: [10][ 400/1000]	Time  0.64 ( 1.86)	Data  0.46 ( 1.68)	Loss   0.67 (  0.68)	Cls Acc 100.0 (100.0)	Domain Acc 59.0 (59.9)
Epoch: [10][ 450/1000]	Time  0.65 ( 1.86)	Data  0.47 ( 1.68)	Loss   0.72 (  0.69)	Cls Acc 98.4 (100.0)	Domain Acc 60.2 (59.4)
Epoch: [10][ 500/1000]	Time  4.99 ( 1.86)	Data  4.81 ( 1.68)	Loss   0.65 (  0.68)	Cls Acc 100.0 (100.0)	Domain Acc 64.1 (59.7)
Epoch: [10][ 550/1000]	Time  0.65 ( 1.86)	Data  0.47 ( 1.68)	Loss   0.71 (  0.69)	Cls Acc 100.0 (100.0)	Domain Acc 56.6 (59.5)
Epoch: [10][ 600/1000]	Time  0.65 ( 1.86)	Data  0.47 ( 1.68)	Loss   0.64 (  0.68)	Cls Acc 100.0 (100.0)	Domain Acc 70.3 (59.9)
Epoch: [10][ 650/1000]	Time  4.89 ( 1.86)	Data  4.71 ( 1.68)	Loss   0.79 (  0.69)	Cls Acc 99.2 (100.0)	Domain Acc 47.3 (59.2)
Epoch: [10][ 700/1000]	Time  0.65 ( 1.85)	Data  0.47 ( 1.67)	Loss   0.58 (  0.69)	Cls Acc 100.0 (100.0)	Domain Acc 72.3 (59.7)
Epoch: [10][ 750/1000]	Time  0.65 ( 1.85)	Data  0.47 ( 1.67)	Loss   0.75 (  0.69)	Cls Acc 100.0 (100.0)	Domain Acc 46.1 (59.2)
Epoch: [10][ 800/1000]	Time  4.96 ( 1.85)	Data  4.78 ( 1.67)	Loss   0.58 (  0.68)	Cls Acc 100.0 (100.0)	Domain Acc 77.3 (59.6)
Epoch: [10][ 850/1000]	Time  0.64 ( 1.85)	Data  0.46 ( 1.67)	Loss   0.73 (  0.68)	Cls Acc 100.0 (100.0)	Domain Acc 52.0 (60.0)
Epoch: [10][ 900/1000]	Time  0.65 ( 1.85)	Data  0.47 ( 1.67)	Loss   0.67 (  0.69)	Cls Acc 100.0 (100.0)	Domain Acc 64.8 (59.5)
Epoch: [10][ 950/1000]	Time  4.96 ( 1.85)	Data  4.77 ( 1.67)	Loss   0.60 (  0.68)	Cls Acc 100.0 (100.0)	Domain Acc 67.6 (60.1)
Test: [0/7]	Time  1.534 ( 1.534)	Loss 3.1713e+00 (3.1713e+00)	Acc@1  50.00 ( 50.00)	Acc@5  75.00 ( 75.00)
 * Acc@1 60.252 Acc@5 84.654
acc1 = 60.3, best_acc1 = 62.8
Epoch: [11][   0/1000]	Time  0.27 ( 0.27)	Data  0.09 ( 0.09)	Loss   0.75 (  0.75)	Cls Acc 100.0 (100.0)	Domain Acc 51.6 (51.6)
Epoch: [11][  50/1000]	Time  0.65 ( 1.81)	Data  0.47 ( 1.63)	Loss   0.59 (  0.63)	Cls Acc 100.0 (100.0)	Domain Acc 73.4 (69.5)
Epoch: [11][ 100/1000]	Time  4.93 ( 1.84)	Data  4.75 ( 1.66)	Loss   0.75 (  0.67)	Cls Acc 100.0 (100.0)	Domain Acc 50.0 (63.9)
Epoch: [11][ 150/1000]	Time  0.65 ( 1.82)	Data  0.47 ( 1.64)	Loss   0.59 (  0.67)	Cls Acc 100.0 (100.0)	Domain Acc 77.3 (63.8)
Epoch: [11][ 200/1000]	Time  0.65 ( 1.83)	Data  0.47 ( 1.65)	Loss   0.78 (  0.67)	Cls Acc 100.0 (100.0)	Domain Acc 48.0 (63.3)
Epoch: [11][ 250/1000]	Time  5.04 ( 1.84)	Data  4.85 ( 1.66)	Loss   0.64 (  0.68)	Cls Acc 100.0 (100.0)	Domain Acc 64.5 (62.6)
Epoch: [11][ 300/1000]	Time  0.65 ( 1.83)	Data  0.47 ( 1.65)	Loss   0.76 (  0.67)	Cls Acc 100.0 (100.0)	Domain Acc 48.0 (62.5)
Epoch: [11][ 350/1000]	Time  0.65 ( 1.83)	Data  0.47 ( 1.65)	Loss   0.62 (  0.68)	Cls Acc 100.0 (100.0)	Domain Acc 71.5 (61.4)
Epoch: [11][ 400/1000]	Time  4.91 ( 1.83)	Data  4.73 ( 1.65)	Loss   0.71 (  0.68)	Cls Acc 100.0 (100.0)	Domain Acc 59.4 (62.0)
Epoch: [11][ 450/1000]	Time  0.65 ( 1.83)	Data  0.47 ( 1.65)	Loss   0.66 (  0.68)	Cls Acc 100.0 (100.0)	Domain Acc 65.2 (61.3)
Epoch: [11][ 500/1000]	Time  0.65 ( 1.83)	Data  0.47 ( 1.65)	Loss   0.70 (  0.68)	Cls Acc 100.0 (100.0)	Domain Acc 57.4 (62.2)
