Namespace(arch='resnet18', batch_size=128, bottleneck_dim=256, center_crop=False, checkmodel_logsave=False, data='Office31', data_processing='ours', epochs=50, iters_per_epoch=500, local=True, local_pretrained_path='/home/junzhin/Project/Summer_project/code/version1.0/pretrained_model_results/Resnet18_office31masked2_newmodel_best.pth.tar', log='/home/junzhin/Project/Summer_project/code/version2.0/training_results/dann/Resnet18_office31masked2/W_D', lr=0.01, lr_decay=0.75, lr_gamma=0.001, momentum=0.9, per_class_eval=False, phase='train', pretrained=True, print_freq=50, root='/home/junzhin/Project/Summer_project/code/version2.0/data/office31', seed=None, source='W', target='D', trade_off=1.0, weight_decay=0.001, workers=4)
=> using pre-trained model 'resnet18'
Epoch: [0][  0/500]	Time  6.04 ( 6.04)	Data  3.63 ( 3.63)	Loss   4.27 (  4.27)	Cls Acc 1.6 (1.6)	Domain Acc 47.3 (47.3)
Epoch: [0][ 50/500]	Time  0.51 ( 1.86)	Data  0.37 ( 1.68)	Loss   1.57 (  2.55)	Cls Acc 58.6 (36.1)	Domain Acc 96.5 (91.2)
Epoch: [0][100/500]	Time  0.51 ( 1.84)	Data  0.37 ( 1.68)	Loss   0.75 (  1.84)	Cls Acc 85.9 (54.8)	Domain Acc 97.3 (93.9)
Epoch: [0][150/500]	Time  5.24 ( 1.84)	Data  5.10 ( 1.68)	Loss   0.31 (  1.41)	Cls Acc 96.1 (66.7)	Domain Acc 98.4 (95.3)
Epoch: [0][200/500]	Time  0.50 ( 1.81)	Data  0.37 ( 1.67)	Loss   0.21 (  1.13)	Cls Acc 98.4 (74.2)	Domain Acc 98.8 (96.0)
Epoch: [0][250/500]	Time  0.52 ( 1.81)	Data  0.38 ( 1.67)	Loss   0.18 (  0.94)	Cls Acc 98.4 (79.1)	Domain Acc 97.3 (96.5)
Epoch: [0][300/500]	Time  5.20 ( 1.82)	Data  5.06 ( 1.67)	Loss   0.10 (  0.81)	Cls Acc 100.0 (82.4)	Domain Acc 98.4 (96.9)
Epoch: [0][350/500]	Time  0.50 ( 1.81)	Data  0.36 ( 1.67)	Loss   0.29 (  0.72)	Cls Acc 100.0 (84.9)	Domain Acc 91.4 (96.7)
Epoch: [0][400/500]	Time  0.51 ( 1.81)	Data  0.37 ( 1.67)	Loss   0.34 (  0.73)	Cls Acc 98.4 (86.7)	Domain Acc 92.2 (94.9)
Epoch: [0][450/500]	Time  5.20 ( 1.81)	Data  5.06 ( 1.67)	Loss   0.25 (  0.69)	Cls Acc 100.0 (88.1)	Domain Acc 91.8 (94.4)
Test: [0/4]	Time  3.717 ( 3.717)	Loss 3.4413e+00 (3.4413e+00)	Acc@1  30.47 ( 30.47)	Acc@5  57.03 ( 57.03)
 * Acc@1 31.727 Acc@5 57.631
acc1 = 31.7, best_acc1 = 31.7
Epoch: [1][  0/500]	Time  0.23 ( 0.23)	Data  0.09 ( 0.09)	Loss   0.63 (  0.63)	Cls Acc 100.0 (100.0)	Domain Acc 76.6 (76.6)
Epoch: [1][ 50/500]	Time  0.51 ( 1.78)	Data  0.37 ( 1.64)	Loss   0.87 (  0.85)	Cls Acc 94.5 (98.8)	Domain Acc 73.0 (74.4)
Epoch: [1][100/500]	Time  5.19 ( 1.81)	Data  5.05 ( 1.67)	Loss   0.45 (  0.75)	Cls Acc 98.4 (98.9)	Domain Acc 86.3 (76.3)
Epoch: [1][150/500]	Time  0.50 ( 1.79)	Data  0.36 ( 1.65)	Loss   0.76 (  0.75)	Cls Acc 98.4 (99.0)	Domain Acc 71.5 (75.3)
Epoch: [1][200/500]	Time  0.50 ( 1.79)	Data  0.37 ( 1.66)	Loss   0.59 (  0.73)	Cls Acc 99.2 (99.0)	Domain Acc 78.9 (75.1)
Epoch: [1][250/500]	Time  5.12 ( 1.80)	Data  4.98 ( 1.67)	Loss   0.64 (  0.71)	Cls Acc 100.0 (99.1)	Domain Acc 72.7 (75.2)
Epoch: [1][300/500]	Time  0.51 ( 1.79)	Data  0.37 ( 1.66)	Loss   1.20 (  0.73)	Cls Acc 96.9 (99.2)	Domain Acc 49.2 (73.9)
Epoch: [1][350/500]	Time  0.51 ( 1.79)	Data  0.37 ( 1.66)	Loss   0.88 (  0.76)	Cls Acc 97.7 (99.1)	Domain Acc 65.6 (72.7)
Epoch: [1][400/500]	Time  5.27 ( 1.80)	Data  5.13 ( 1.66)	Loss   0.57 (  0.76)	Cls Acc 99.2 (99.1)	Domain Acc 77.3 (72.2)
Epoch: [1][450/500]	Time  0.50 ( 1.79)	Data  0.36 ( 1.66)	Loss   0.63 (  0.76)	Cls Acc 99.2 (99.1)	Domain Acc 73.8 (71.6)
Test: [0/4]	Time  3.323 ( 3.323)	Loss 2.5926e+00 (2.5926e+00)	Acc@1  42.19 ( 42.19)	Acc@5  72.66 ( 72.66)
 * Acc@1 30.924 Acc@5 59.036
acc1 = 30.9, best_acc1 = 31.7
Epoch: [2][  0/500]	Time  0.23 ( 0.23)	Data  0.09 ( 0.09)	Loss   1.00 (  1.00)	Cls Acc 96.9 (96.9)	Domain Acc 54.7 (54.7)
Epoch: [2][ 50/500]	Time  5.32 ( 1.81)	Data  5.18 ( 1.68)	Loss   0.89 (  0.82)	Cls Acc 97.7 (98.7)	Domain Acc 65.2 (63.5)
Epoch: [2][100/500]	Time  0.50 ( 1.78)	Data  0.36 ( 1.64)	Loss   0.95 (  0.86)	Cls Acc 100.0 (98.8)	Domain Acc 57.4 (63.3)
Epoch: [2][150/500]	Time  0.51 ( 1.79)	Data  0.38 ( 1.65)	Loss   1.25 (  0.87)	Cls Acc 99.2 (98.9)	Domain Acc 45.3 (62.1)
Epoch: [2][200/500]	Time  5.08 ( 1.80)	Data  4.95 ( 1.66)	Loss   0.84 (  0.89)	Cls Acc 100.0 (98.8)	Domain Acc 63.3 (61.4)
Epoch: [2][250/500]	Time  0.50 ( 1.79)	Data  0.36 ( 1.65)	Loss   0.87 (  0.88)	Cls Acc 99.2 (98.8)	Domain Acc 60.9 (61.3)
Epoch: [2][300/500]	Time  0.50 ( 1.79)	Data  0.37 ( 1.65)	Loss   0.82 (  0.89)	Cls Acc 99.2 (98.8)	Domain Acc 62.1 (60.6)
Epoch: [2][350/500]	Time  5.14 ( 1.80)	Data  5.00 ( 1.66)	Loss   0.85 (  0.88)	Cls Acc 99.2 (98.8)	Domain Acc 60.5 (60.7)
Epoch: [2][400/500]	Time  0.50 ( 1.79)	Data  0.37 ( 1.65)	Loss   1.08 (  0.88)	Cls Acc 98.4 (98.8)	Domain Acc 48.4 (60.5)
Epoch: [2][450/500]	Time  0.51 ( 1.79)	Data  0.37 ( 1.65)	Loss   0.71 (  0.88)	Cls Acc 100.0 (98.8)	Domain Acc 63.3 (60.8)
Test: [0/4]	Time  3.331 ( 3.331)	Loss 3.0942e+00 (3.0942e+00)	Acc@1  40.62 ( 40.62)	Acc@5  66.41 ( 66.41)
 * Acc@1 42.369 Acc@5 67.671
acc1 = 42.4, best_acc1 = 42.4
Epoch: [3][  0/500]	Time  5.21 ( 5.21)	Data  5.07 ( 5.07)	Loss   0.80 (  0.80)	Cls Acc 99.2 (99.2)	Domain Acc 55.9 (55.9)
Epoch: [3][ 50/500]	Time  0.51 ( 1.80)	Data  0.37 ( 1.66)	Loss   0.86 (  0.78)	Cls Acc 100.0 (99.4)	Domain Acc 57.0 (58.7)
Epoch: [3][100/500]	Time  0.51 ( 1.80)	Data  0.37 ( 1.66)	Loss   0.68 (  0.81)	Cls Acc 99.2 (99.3)	Domain Acc 69.5 (57.5)
Epoch: [3][150/500]	Time  5.16 ( 1.81)	Data  5.02 ( 1.67)	Loss   0.74 (  0.82)	Cls Acc 100.0 (99.3)	Domain Acc 61.3 (57.7)
Epoch: [3][200/500]	Time  0.51 ( 1.79)	Data  0.38 ( 1.65)	Loss   0.75 (  0.81)	Cls Acc 100.0 (99.3)	Domain Acc 57.4 (58.0)
Epoch: [3][250/500]	Time  0.51 ( 1.79)	Data  0.37 ( 1.66)	Loss   0.98 (  0.81)	Cls Acc 99.2 (99.3)	Domain Acc 48.4 (58.4)
Epoch: [3][300/500]	Time  5.06 ( 1.80)	Data  4.93 ( 1.66)	Loss   0.72 (  0.80)	Cls Acc 99.2 (99.3)	Domain Acc 67.6 (58.8)
Epoch: [3][350/500]	Time  0.51 ( 1.79)	Data  0.37 ( 1.65)	Loss   0.70 (  0.79)	Cls Acc 100.0 (99.3)	Domain Acc 59.0 (59.1)
Epoch: [3][400/500]	Time  0.51 ( 1.79)	Data  0.38 ( 1.66)	Loss   0.75 (  0.78)	Cls Acc 99.2 (99.4)	Domain Acc 62.9 (59.8)
Epoch: [3][450/500]	Time  5.11 ( 1.80)	Data  4.97 ( 1.66)	Loss   0.83 (  0.78)	Cls Acc 99.2 (99.4)	Domain Acc 50.8 (59.5)
Test: [0/4]	Time  3.349 ( 3.349)	Loss 1.8949e+00 (1.8949e+00)	Acc@1  60.16 ( 60.16)	Acc@5  78.91 ( 78.91)
 * Acc@1 47.189 Acc@5 73.092
acc1 = 47.2, best_acc1 = 47.2
Epoch: [4][  0/500]	Time  0.22 ( 0.22)	Data  0.09 ( 0.09)	Loss   0.69 (  0.69)	Cls Acc 100.0 (100.0)	Domain Acc 62.9 (62.9)
Epoch: [4][ 50/500]	Time  0.51 ( 1.77)	Data  0.37 ( 1.63)	Loss   0.77 (  0.74)	Cls Acc 100.0 (99.6)	Domain Acc 59.8 (61.7)
Epoch: [4][100/500]	Time  5.15 ( 1.80)	Data  5.01 ( 1.67)	Loss   0.70 (  0.73)	Cls Acc 100.0 (99.7)	Domain Acc 61.7 (61.4)
Epoch: [4][150/500]	Time  0.50 ( 1.79)	Data  0.36 ( 1.65)	Loss   0.82 (  0.74)	Cls Acc 100.0 (99.7)	Domain Acc 53.1 (60.2)
Epoch: [4][200/500]	Time  0.50 ( 1.79)	Data  0.37 ( 1.65)	Loss   0.88 (  0.74)	Cls Acc 100.0 (99.7)	Domain Acc 55.1 (60.0)
Epoch: [4][250/500]	Time  5.22 ( 1.80)	Data  5.08 ( 1.66)	Loss   0.78 (  0.75)	Cls Acc 100.0 (99.6)	Domain Acc 55.5 (59.6)
Epoch: [4][300/500]	Time  0.51 ( 1.79)	Data  0.38 ( 1.66)	Loss   0.85 (  0.75)	Cls Acc 97.7 (99.6)	Domain Acc 53.1 (59.2)
Epoch: [4][350/500]	Time  0.51 ( 1.79)	Data  0.37 ( 1.66)	Loss   0.83 (  0.74)	Cls Acc 99.2 (99.6)	Domain Acc 48.0 (59.8)
Epoch: [4][400/500]	Time  5.27 ( 1.80)	Data  5.13 ( 1.66)	Loss   0.76 (  0.74)	Cls Acc 100.0 (99.6)	Domain Acc 58.2 (59.8)
Epoch: [4][450/500]	Time  0.51 ( 1.79)	Data  0.37 ( 1.65)	Loss   0.69 (  0.75)	Cls Acc 100.0 (99.6)	Domain Acc 65.6 (59.6)
Test: [0/4]	Time  3.360 ( 3.360)	Loss 2.1422e+00 (2.1422e+00)	Acc@1  53.12 ( 53.12)	Acc@5  82.03 ( 82.03)
 * Acc@1 45.181 Acc@5 73.293
acc1 = 45.2, best_acc1 = 47.2
Epoch: [5][  0/500]	Time  0.24 ( 0.24)	Data  0.10 ( 0.10)	Loss   0.90 (  0.90)	Cls Acc 99.2 (99.2)	Domain Acc 49.2 (49.2)
Epoch: [5][ 50/500]	Time  5.05 ( 1.80)	Data  4.91 ( 1.66)	Loss   0.86 (  0.78)	Cls Acc 100.0 (99.4)	Domain Acc 55.5 (57.8)
Epoch: [5][100/500]	Time  0.50 ( 1.77)	Data  0.36 ( 1.63)	Loss   0.82 (  0.79)	Cls Acc 98.4 (99.3)	Domain Acc 57.4 (57.0)
Epoch: [5][150/500]	Time  0.51 ( 1.78)	Data  0.37 ( 1.64)	Loss   0.85 (  0.80)	Cls Acc 98.4 (99.3)	Domain Acc 55.5 (56.7)
Epoch: [5][200/500]	Time  5.20 ( 1.79)	Data  5.06 ( 1.66)	Loss   0.64 (  0.79)	Cls Acc 100.0 (99.3)	Domain Acc 70.7 (57.0)
Epoch: [5][250/500]	Time  0.51 ( 1.78)	Data  0.37 ( 1.65)	Loss   0.68 (  0.78)	Cls Acc 100.0 (99.4)	Domain Acc 65.2 (57.2)
Epoch: [5][300/500]	Time  0.52 ( 1.78)	Data  0.38 ( 1.65)	Loss   0.65 (  0.77)	Cls Acc 100.0 (99.5)	Domain Acc 62.1 (57.4)
Epoch: [5][350/500]	Time  5.32 ( 1.79)	Data  5.18 ( 1.66)	Loss   0.75 (  0.76)	Cls Acc 100.0 (99.5)	Domain Acc 59.4 (58.5)
Epoch: [5][400/500]	Time  0.50 ( 1.79)	Data  0.36 ( 1.65)	Loss   0.64 (  0.75)	Cls Acc 100.0 (99.5)	Domain Acc 69.9 (58.5)
Epoch: [5][450/500]	Time  0.51 ( 1.79)	Data  0.38 ( 1.65)	Loss   0.86 (  0.75)	Cls Acc 99.2 (99.6)	Domain Acc 45.3 (58.8)
Test: [0/4]	Time  3.365 ( 3.365)	Loss 1.6155e+00 (1.6155e+00)	Acc@1  61.72 ( 61.72)	Acc@5  85.16 ( 85.16)
 * Acc@1 55.622 Acc@5 80.120
acc1 = 55.6, best_acc1 = 55.6
Epoch: [6][  0/500]	Time  5.26 ( 5.26)	Data  5.12 ( 5.12)	Loss   0.66 (  0.66)	Cls Acc 100.0 (100.0)	Domain Acc 66.4 (66.4)
Epoch: [6][ 50/500]	Time  0.50 ( 1.81)	Data  0.36 ( 1.67)	Loss   0.64 (  0.76)	Cls Acc 100.0 (99.6)	Domain Acc 68.0 (56.1)
Epoch: [6][100/500]	Time  0.50 ( 1.81)	Data  0.37 ( 1.67)	Loss   0.69 (  0.76)	Cls Acc 100.0 (99.6)	Domain Acc 62.5 (57.0)
Epoch: [6][150/500]	Time  5.19 ( 1.82)	Data  5.06 ( 1.68)	Loss   0.73 (  0.77)	Cls Acc 100.0 (99.5)	Domain Acc 53.9 (57.0)
Epoch: [6][200/500]	Time  0.50 ( 1.80)	Data  0.36 ( 1.66)	Loss   0.74 (  0.77)	Cls Acc 99.2 (99.5)	Domain Acc 55.1 (56.2)
Epoch: [6][250/500]	Time  0.51 ( 1.80)	Data  0.37 ( 1.66)	Loss   0.83 (  0.76)	Cls Acc 99.2 (99.6)	Domain Acc 50.8 (57.3)
Epoch: [6][300/500]	Time  5.23 ( 1.80)	Data  5.09 ( 1.67)	Loss   0.66 (  0.75)	Cls Acc 100.0 (99.6)	Domain Acc 64.8 (58.1)
Epoch: [6][350/500]	Time  0.50 ( 1.79)	Data  0.37 ( 1.66)	Loss   0.70 (  0.75)	Cls Acc 100.0 (99.6)	Domain Acc 64.8 (57.7)
Epoch: [6][400/500]	Time  0.51 ( 1.79)	Data  0.38 ( 1.66)	Loss   0.73 (  0.74)	Cls Acc 100.0 (99.7)	Domain Acc 55.1 (57.8)
Epoch: [6][450/500]	Time  5.09 ( 1.80)	Data  4.96 ( 1.66)	Loss   0.64 (  0.74)	Cls Acc 100.0 (99.7)	Domain Acc 64.1 (58.1)
Test: [0/4]	Time  3.326 ( 3.326)	Loss 2.1851e+00 (2.1851e+00)	Acc@1  55.47 ( 55.47)	Acc@5  79.69 ( 79.69)
 * Acc@1 52.209 Acc@5 78.313
acc1 = 52.2, best_acc1 = 55.6
Epoch: [7][  0/500]	Time  0.23 ( 0.23)	Data  0.10 ( 0.10)	Loss   0.67 (  0.67)	Cls Acc 100.0 (100.0)	Domain Acc 65.2 (65.2)
Epoch: [7][ 50/500]	Time  0.51 ( 1.77)	Data  0.38 ( 1.63)	Loss   0.77 (  0.72)	Cls Acc 99.2 (99.9)	Domain Acc 52.3 (59.8)
Epoch: [7][100/500]	Time  5.19 ( 1.79)	Data  5.05 ( 1.66)	Loss   0.76 (  0.71)	Cls Acc 100.0 (99.9)	Domain Acc 55.5 (59.8)
Epoch: [7][150/500]	Time  0.51 ( 1.77)	Data  0.37 ( 1.64)	Loss   0.61 (  0.71)	Cls Acc 100.0 (99.8)	Domain Acc 68.4 (60.5)
Epoch: [7][200/500]	Time  0.50 ( 1.78)	Data  0.37 ( 1.64)	Loss   0.70 (  0.73)	Cls Acc 99.2 (99.8)	Domain Acc 62.5 (58.7)
Epoch: [7][250/500]	Time  5.31 ( 1.79)	Data  5.18 ( 1.65)	Loss   0.83 (  0.72)	Cls Acc 99.2 (99.8)	Domain Acc 49.6 (59.5)
Epoch: [7][300/500]	Time  0.51 ( 1.78)	Data  0.37 ( 1.64)	Loss   0.61 (  0.71)	Cls Acc 100.0 (99.8)	Domain Acc 68.8 (59.9)
Epoch: [7][350/500]	Time  0.50 ( 1.78)	Data  0.37 ( 1.65)	Loss   0.76 (  0.71)	Cls Acc 100.0 (99.8)	Domain Acc 53.5 (59.5)
Epoch: [7][400/500]	Time  5.10 ( 1.79)	Data  4.96 ( 1.65)	Loss   0.66 (  0.71)	Cls Acc 100.0 (99.8)	Domain Acc 65.2 (60.5)
Epoch: [7][450/500]	Time  0.51 ( 1.78)	Data  0.37 ( 1.65)	Loss   0.66 (  0.71)	Cls Acc 99.2 (99.8)	Domain Acc 64.8 (60.2)
Test: [0/4]	Time  3.340 ( 3.340)	Loss 2.1087e+00 (2.1087e+00)	Acc@1  57.03 ( 57.03)	Acc@5  82.81 ( 82.81)
 * Acc@1 58.835 Acc@5 87.349
acc1 = 58.8, best_acc1 = 58.8
Epoch: [8][  0/500]	Time  0.24 ( 0.24)	Data  0.10 ( 0.10)	Loss   0.69 (  0.69)	Cls Acc 100.0 (100.0)	Domain Acc 59.4 (59.4)
Epoch: [8][ 50/500]	Time  5.59 ( 1.80)	Data  5.45 ( 1.66)	Loss   0.75 (  0.72)	Cls Acc 100.0 (99.9)	Domain Acc 52.0 (55.9)
Epoch: [8][100/500]	Time  0.49 ( 1.77)	Data  0.36 ( 1.63)	Loss   0.65 (  0.71)	Cls Acc 100.0 (99.9)	Domain Acc 60.5 (58.8)
Epoch: [8][150/500]	Time  0.50 ( 1.77)	Data  0.37 ( 1.64)	Loss   0.70 (  0.74)	Cls Acc 100.0 (99.8)	Domain Acc 60.5 (56.3)
Epoch: [8][200/500]	Time  5.08 ( 1.78)	Data  4.95 ( 1.65)	Loss   0.75 (  0.74)	Cls Acc 100.0 (99.8)	Domain Acc 51.6 (56.5)
Epoch: [8][250/500]	Time  0.50 ( 1.77)	Data  0.37 ( 1.64)	Loss   0.76 (  0.74)	Cls Acc 99.2 (99.8)	Domain Acc 54.3 (56.0)
Epoch: [8][300/500]	Time  0.51 ( 1.78)	Data  0.37 ( 1.64)	Loss   0.70 (  0.74)	Cls Acc 100.0 (99.8)	Domain Acc 61.3 (56.3)
Epoch: [8][350/500]	Time  5.36 ( 1.78)	Data  5.22 ( 1.65)	Loss   0.68 (  0.74)	Cls Acc 99.2 (99.8)	Domain Acc 59.8 (56.8)
Epoch: [8][400/500]	Time  0.50 ( 1.78)	Data  0.37 ( 1.64)	Loss   0.68 (  0.74)	Cls Acc 100.0 (99.8)	Domain Acc 60.5 (56.8)
Epoch: [8][450/500]	Time  0.51 ( 1.78)	Data  0.37 ( 1.64)	Loss   0.73 (  0.73)	Cls Acc 100.0 (99.8)	Domain Acc 55.9 (57.4)
Test: [0/4]	Time  3.360 ( 3.360)	Loss 2.2581e+00 (2.2581e+00)	Acc@1  59.38 ( 59.38)	Acc@5  83.59 ( 83.59)
 * Acc@1 51.606 Acc@5 75.100
acc1 = 51.6, best_acc1 = 58.8
Epoch: [9][  0/500]	Time  5.28 ( 5.28)	Data  5.15 ( 5.15)	Loss   0.70 (  0.70)	Cls Acc 100.0 (100.0)	Domain Acc 61.3 (61.3)
Epoch: [9][ 50/500]	Time  0.51 ( 1.79)	Data  0.37 ( 1.66)	Loss   0.65 (  0.70)	Cls Acc 100.0 (99.9)	Domain Acc 66.8 (60.6)
Epoch: [9][100/500]	Time  0.51 ( 1.80)	Data  0.37 ( 1.66)	Loss   0.71 (  0.69)	Cls Acc 99.2 (99.9)	Domain Acc 63.3 (60.5)
Epoch: [9][150/500]	Time  5.30 ( 1.81)	Data  5.15 ( 1.67)	Loss   0.71 (  0.69)	Cls Acc 100.0 (99.9)	Domain Acc 56.2 (61.0)
Epoch: [9][200/500]	Time  0.51 ( 1.79)	Data  0.37 ( 1.65)	Loss   0.76 (  0.70)	Cls Acc 100.0 (99.9)	Domain Acc 55.5 (59.9)
Epoch: [9][250/500]	Time  0.51 ( 1.79)	Data  0.37 ( 1.65)	Loss   0.67 (  0.70)	Cls Acc 100.0 (99.9)	Domain Acc 64.1 (59.9)
Epoch: [9][300/500]	Time  5.07 ( 1.79)	Data  4.93 ( 1.66)	Loss   0.82 (  0.71)	Cls Acc 100.0 (99.9)	Domain Acc 43.8 (58.9)
Epoch: [9][350/500]	Time  0.51 ( 1.78)	Data  0.37 ( 1.65)	Loss   0.71 (  0.71)	Cls Acc 98.4 (99.9)	Domain Acc 56.6 (59.2)
Epoch: [9][400/500]	Time  0.51 ( 1.78)	Data  0.37 ( 1.65)	Loss   0.68 (  0.72)	Cls Acc 100.0 (99.9)	Domain Acc 66.4 (58.5)
Epoch: [9][450/500]	Time  5.06 ( 1.79)	Data  4.93 ( 1.65)	Loss   0.75 (  0.71)	Cls Acc 100.0 (99.9)	Domain Acc 54.3 (58.5)
Test: [0/4]	Time  3.329 ( 3.329)	Loss 2.2048e+00 (2.2048e+00)	Acc@1  59.38 ( 59.38)	Acc@5  82.81 ( 82.81)
 * Acc@1 51.406 Acc@5 78.916
acc1 = 51.4, best_acc1 = 58.8
Epoch: [10][  0/500]	Time  0.23 ( 0.23)	Data  0.10 ( 0.10)	Loss   0.72 (  0.72)	Cls Acc 100.0 (100.0)	Domain Acc 54.7 (54.7)
Epoch: [10][ 50/500]	Time  0.51 ( 1.76)	Data  0.38 ( 1.62)	Loss   0.64 (  0.73)	Cls Acc 100.0 (99.9)	Domain Acc 66.4 (55.9)
Epoch: [10][100/500]	Time  5.31 ( 1.79)	Data  5.17 ( 1.66)	Loss   0.85 (  0.73)	Cls Acc 100.0 (99.9)	Domain Acc 36.3 (55.4)
Epoch: [10][150/500]	Time  0.51 ( 1.77)	Data  0.37 ( 1.63)	Loss   0.70 (  0.72)	Cls Acc 99.2 (99.8)	Domain Acc 60.2 (57.2)
Epoch: [10][200/500]	Time  0.51 ( 1.78)	Data  0.37 ( 1.64)	Loss   0.79 (  0.72)	Cls Acc 100.0 (99.9)	Domain Acc 45.7 (56.8)
Epoch: [10][250/500]	Time  5.35 ( 1.78)	Data  5.21 ( 1.65)	Loss   0.56 (  0.71)	Cls Acc 100.0 (99.9)	Domain Acc 72.7 (58.2)
Epoch: [10][300/500]	Time  0.50 ( 1.78)	Data  0.37 ( 1.64)	Loss   0.80 (  0.71)	Cls Acc 100.0 (99.9)	Domain Acc 43.0 (57.5)
Epoch: [10][350/500]	Time  0.52 ( 1.78)	Data  0.38 ( 1.64)	Loss   0.65 (  0.71)	Cls Acc 100.0 (99.9)	Domain Acc 67.2 (57.7)
Epoch: [10][400/500]	Time  5.02 ( 1.78)	Data  4.89 ( 1.65)	Loss   0.71 (  0.71)	Cls Acc 99.2 (99.9)	Domain Acc 56.6 (57.6)
Epoch: [10][450/500]	Time  0.51 ( 1.78)	Data  0.37 ( 1.64)	Loss   0.84 (  0.71)	Cls Acc 100.0 (99.9)	Domain Acc 43.4 (58.0)
Test: [0/4]	Time  3.333 ( 3.333)	Loss 2.3247e+00 (2.3247e+00)	Acc@1  54.69 ( 54.69)	Acc@5  83.59 ( 83.59)
 * Acc@1 52.610 Acc@5 81.928
acc1 = 52.6, best_acc1 = 58.8
Epoch: [11][  0/500]	Time  0.23 ( 0.23)	Data  0.10 ( 0.10)	Loss   0.58 (  0.58)	Cls Acc 100.0 (100.0)	Domain Acc 73.4 (73.4)
Epoch: [11][ 50/500]	Time  4.98 ( 1.79)	Data  4.84 ( 1.65)	Loss   0.76 (  0.75)	Cls Acc 100.0 (99.9)	Domain Acc 52.3 (51.5)
Epoch: [11][100/500]	Time  0.50 ( 1.76)	Data  0.37 ( 1.62)	Loss   0.64 (  0.70)	Cls Acc 100.0 (99.9)	Domain Acc 64.8 (59.0)
Epoch: [11][150/500]	Time  0.51 ( 1.77)	Data  0.37 ( 1.63)	Loss   0.76 (  0.72)	Cls Acc 100.0 (99.9)	Domain Acc 49.6 (55.6)
Epoch: [11][200/500]	Time  5.04 ( 1.78)	Data  4.90 ( 1.64)	Loss   0.69 (  0.71)	Cls Acc 100.0 (99.9)	Domain Acc 60.2 (57.5)
Epoch: [11][250/500]	Time  0.50 ( 1.77)	Data  0.36 ( 1.63)	Loss   0.71 (  0.71)	Cls Acc 100.0 (99.9)	Domain Acc 53.1 (56.7)
Epoch: [11][300/500]	Time  0.51 ( 1.77)	Data  0.37 ( 1.64)	Loss   0.61 (  0.70)	Cls Acc 100.0 (99.9)	Domain Acc 68.8 (58.5)
Epoch: [11][350/500]	Time  5.09 ( 1.78)	Data  4.95 ( 1.64)	Loss   0.76 (  0.71)	Cls Acc 100.0 (99.9)	Domain Acc 45.7 (57.7)
Epoch: [11][400/500]	Time  0.51 ( 1.78)	Data  0.37 ( 1.64)	Loss   0.64 (  0.70)	Cls Acc 100.0 (99.9)	Domain Acc 66.8 (58.3)
Epoch: [11][450/500]	Time  0.51 ( 1.78)	Data  0.38 ( 1.64)	Loss   0.74 (  0.70)	Cls Acc 100.0 (99.9)	Domain Acc 51.2 (58.1)
Test: [0/4]	Time  3.312 ( 3.312)	Loss 1.8579e+00 (1.8579e+00)	Acc@1  65.62 ( 65.62)	Acc@5  88.28 ( 88.28)
 * Acc@1 59.438 Acc@5 81.124
acc1 = 59.4, best_acc1 = 59.4
Epoch: [12][  0/500]	Time  5.06 ( 5.06)	Data  4.92 ( 4.92)	Loss   0.59 (  0.59)	Cls Acc 100.0 (100.0)	Domain Acc 75.0 (75.0)
Epoch: [12][ 50/500]	Time  0.51 ( 1.79)	Data  0.37 ( 1.66)	Loss   0.69 (  0.66)	Cls Acc 100.0 (100.0)	Domain Acc 55.9 (62.4)
Epoch: [12][100/500]	Time  0.52 ( 1.79)	Data  0.38 ( 1.66)	Loss   0.66 (  0.68)	Cls Acc 100.0 (100.0)	Domain Acc 64.5 (60.0)
Epoch: [12][150/500]	Time  5.13 ( 1.80)	Data  4.99 ( 1.66)	Loss   0.65 (  0.66)	Cls Acc 100.0 (100.0)	Domain Acc 64.1 (63.0)
Epoch: [12][200/500]	Time  0.50 ( 1.78)	Data  0.37 ( 1.65)	Loss   0.69 (  0.68)	Cls Acc 100.0 (100.0)	Domain Acc 65.6 (60.5)
Epoch: [12][250/500]	Time  0.50 ( 1.79)	Data  0.37 ( 1.65)	Loss   0.69 (  0.68)	Cls Acc 100.0 (100.0)	Domain Acc 62.5 (61.2)
Epoch: [12][300/500]	Time  5.17 ( 1.79)	Data  5.03 ( 1.66)	Loss   0.68 (  0.68)	Cls Acc 100.0 (99.9)	Domain Acc 61.3 (60.5)
Epoch: [12][350/500]	Time  0.51 ( 1.78)	Data  0.38 ( 1.65)	Loss   0.65 (  0.68)	Cls Acc 100.0 (100.0)	Domain Acc 67.6 (61.0)
Epoch: [12][400/500]	Time  0.50 ( 1.79)	Data  0.37 ( 1.65)	Loss   0.66 (  0.68)	Cls Acc 100.0 (100.0)	Domain Acc 62.5 (60.9)
Epoch: [12][450/500]	Time  5.49 ( 1.79)	Data  5.35 ( 1.66)	Loss   0.72 (  0.68)	Cls Acc 100.0 (100.0)	Domain Acc 52.3 (61.3)
Test: [0/4]	Time  3.424 ( 3.424)	Loss 2.0248e+00 (2.0248e+00)	Acc@1  57.81 ( 57.81)	Acc@5  83.59 ( 83.59)
 * Acc@1 57.430 Acc@5 83.333
acc1 = 57.4, best_acc1 = 59.4
Epoch: [13][  0/500]	Time  0.23 ( 0.23)	Data  0.09 ( 0.09)	Loss   0.61 (  0.61)	Cls Acc 100.0 (100.0)	Domain Acc 73.0 (73.0)
Epoch: [13][ 50/500]	Time  0.51 ( 1.78)	Data  0.38 ( 1.64)	Loss   0.71 (  0.65)	Cls Acc 100.0 (100.0)	Domain Acc 59.8 (66.0)
Epoch: [13][100/500]	Time  5.18 ( 1.81)	Data  5.05 ( 1.68)	Loss   0.67 (  0.67)	Cls Acc 100.0 (100.0)	Domain Acc 62.1 (62.2)
Epoch: [13][150/500]	Time  0.50 ( 1.79)	Data  0.36 ( 1.65)	Loss   0.67 (  0.67)	Cls Acc 100.0 (100.0)	Domain Acc 62.9 (62.2)
Epoch: [13][200/500]	Time  0.50 ( 1.79)	Data  0.37 ( 1.66)	Loss   0.74 (  0.68)	Cls Acc 100.0 (100.0)	Domain Acc 54.3 (60.7)
Epoch: [13][250/500]	Time  5.01 ( 1.80)	Data  4.88 ( 1.66)	Loss   0.65 (  0.68)	Cls Acc 100.0 (100.0)	Domain Acc 61.3 (60.6)
Epoch: [13][300/500]	Time  0.50 ( 1.79)	Data  0.37 ( 1.65)	Loss   0.71 (  0.69)	Cls Acc 100.0 (100.0)	Domain Acc 55.1 (60.2)
Epoch: [13][350/500]	Time  0.51 ( 1.79)	Data  0.37 ( 1.66)	Loss   0.66 (  0.68)	Cls Acc 100.0 (100.0)	Domain Acc 59.4 (60.6)
Epoch: [13][400/500]	Time  5.18 ( 1.80)	Data  5.05 ( 1.66)	Loss   0.64 (  0.68)	Cls Acc 100.0 (100.0)	Domain Acc 66.0 (60.5)
Epoch: [13][450/500]	Time  0.51 ( 1.79)	Data  0.37 ( 1.66)	Loss   0.73 (  0.69)	Cls Acc 100.0 (100.0)	Domain Acc 56.6 (60.5)
Test: [0/4]	Time  3.321 ( 3.321)	Loss 2.2948e+00 (2.2948e+00)	Acc@1  60.94 ( 60.94)	Acc@5  88.28 ( 88.28)
 * Acc@1 55.422 Acc@5 79.920
acc1 = 55.4, best_acc1 = 59.4
Epoch: [14][  0/500]	Time  0.23 ( 0.23)	Data  0.10 ( 0.10)	Loss   0.72 (  0.72)	Cls Acc 100.0 (100.0)	Domain Acc 56.6 (56.6)
Epoch: [14][ 50/500]	Time  5.09 ( 1.80)	Data  4.96 ( 1.66)	Loss   0.69 (  0.73)	Cls Acc 100.0 (99.9)	Domain Acc 64.5 (55.0)
Epoch: [14][100/500]	Time  0.51 ( 1.77)	Data  0.38 ( 1.63)	Loss   0.67 (  0.71)	Cls Acc 100.0 (99.9)	Domain Acc 64.1 (57.2)
Epoch: [14][150/500]	Time  0.51 ( 1.77)	Data  0.37 ( 1.64)	Loss   0.68 (  0.69)	Cls Acc 100.0 (99.9)	Domain Acc 61.3 (58.4)
Epoch: [14][200/500]	Time  5.00 ( 1.79)	Data  4.86 ( 1.65)	Loss   0.65 (  0.70)	Cls Acc 99.2 (99.9)	Domain Acc 67.6 (58.4)
Epoch: [14][250/500]	Time  0.50 ( 1.78)	Data  0.36 ( 1.64)	Loss   0.67 (  0.69)	Cls Acc 100.0 (100.0)	Domain Acc 60.9 (59.4)
Epoch: [14][300/500]	Time  0.51 ( 1.78)	Data  0.37 ( 1.65)	Loss   0.70 (  0.69)	Cls Acc 100.0 (100.0)	Domain Acc 57.0 (58.9)
Epoch: [14][350/500]	Time  5.12 ( 1.79)	Data  4.98 ( 1.65)	Loss   0.65 (  0.69)	Cls Acc 100.0 (100.0)	Domain Acc 60.9 (59.4)
Epoch: [14][400/500]	Time  0.51 ( 1.78)	Data  0.37 ( 1.64)	Loss   0.72 (  0.69)	Cls Acc 100.0 (100.0)	Domain Acc 53.5 (59.3)
Epoch: [14][450/500]	Time  0.51 ( 1.78)	Data  0.37 ( 1.65)	Loss   0.69 (  0.69)	Cls Acc 100.0 (100.0)	Domain Acc 58.6 (59.3)
Test: [0/4]	Time  3.340 ( 3.340)	Loss 1.8673e+00 (1.8673e+00)	Acc@1  63.28 ( 63.28)	Acc@5  89.84 ( 89.84)
 * Acc@1 56.827 Acc@5 83.534
acc1 = 56.8, best_acc1 = 59.4
Epoch: [15][  0/500]	Time  5.04 ( 5.04)	Data  4.91 ( 4.91)	Loss   0.69 (  0.69)	Cls Acc 100.0 (100.0)	Domain Acc 57.4 (57.4)
Epoch: [15][ 50/500]	Time  0.51 ( 1.79)	Data  0.37 ( 1.65)	Loss   0.70 (  0.70)	Cls Acc 100.0 (99.9)	Domain Acc 57.4 (57.8)
Epoch: [15][100/500]	Time  0.51 ( 1.80)	Data  0.37 ( 1.66)	Loss   0.67 (  0.70)	Cls Acc 100.0 (99.9)	Domain Acc 58.6 (58.4)
Epoch: [15][150/500]	Time  4.97 ( 1.81)	Data  4.83 ( 1.67)	Loss   0.73 (  0.71)	Cls Acc 100.0 (99.9)	Domain Acc 53.5 (57.0)
Epoch: [15][200/500]	Time  0.50 ( 1.79)	Data  0.37 ( 1.65)	Loss   0.67 (  0.70)	Cls Acc 100.0 (99.9)	Domain Acc 60.2 (58.6)
Epoch: [15][250/500]	Time  0.51 ( 1.79)	Data  0.37 ( 1.65)	Loss   0.68 (  0.70)	Cls Acc 100.0 (99.9)	Domain Acc 60.2 (58.0)
Epoch: [15][300/500]	Time  5.09 ( 1.79)	Data  4.95 ( 1.66)	Loss   0.69 (  0.70)	Cls Acc 100.0 (99.9)	Domain Acc 59.4 (58.6)
Epoch: [15][350/500]	Time  0.50 ( 1.79)	Data  0.36 ( 1.65)	Loss   0.68 (  0.70)	Cls Acc 100.0 (99.9)	Domain Acc 59.8 (58.6)
Epoch: [15][400/500]	Time  0.52 ( 1.79)	Data  0.38 ( 1.65)	Loss   0.73 (  0.70)	Cls Acc 100.0 (99.9)	Domain Acc 57.4 (58.2)
Epoch: [15][450/500]	Time  5.08 ( 1.79)	Data  4.95 ( 1.65)	Loss   0.71 (  0.70)	Cls Acc 100.0 (99.9)	Domain Acc 58.2 (57.8)
Test: [0/4]	Time  3.332 ( 3.332)	Loss 2.0656e+00 (2.0656e+00)	Acc@1  65.62 ( 65.62)	Acc@5  82.81 ( 82.81)
 * Acc@1 58.434 Acc@5 79.719
acc1 = 58.4, best_acc1 = 59.4
Epoch: [16][  0/500]	Time  0.23 ( 0.23)	Data  0.10 ( 0.10)	Loss   0.66 (  0.66)	Cls Acc 100.0 (100.0)	Domain Acc 64.8 (64.8)
Epoch: [16][ 50/500]	Time  0.51 ( 1.75)	Data  0.37 ( 1.62)	Loss   0.74 (  0.77)	Cls Acc 100.0 (99.9)	Domain Acc 49.2 (49.2)
Epoch: [16][100/500]	Time  5.27 ( 1.79)	Data  5.13 ( 1.66)	Loss   0.64 (  0.71)	Cls Acc 100.0 (99.9)	Domain Acc 65.2 (58.0)
Epoch: [16][150/500]	Time  0.51 ( 1.77)	Data  0.37 ( 1.63)	Loss   0.87 (  0.72)	Cls Acc 99.2 (99.9)	Domain Acc 39.5 (56.1)
Epoch: [16][200/500]	Time  0.51 ( 1.77)	Data  0.37 ( 1.64)	Loss   0.66 (  0.71)	Cls Acc 100.0 (99.9)	Domain Acc 64.8 (57.4)
Epoch: [16][250/500]	Time  5.28 ( 1.78)	Data  5.15 ( 1.65)	Loss   0.80 (  0.71)	Cls Acc 100.0 (99.9)	Domain Acc 43.8 (57.1)
Epoch: [16][300/500]	Time  0.51 ( 1.77)	Data  0.37 ( 1.64)	Loss   0.63 (  0.71)	Cls Acc 100.0 (99.9)	Domain Acc 64.1 (57.7)
Epoch: [16][350/500]	Time  0.51 ( 1.78)	Data  0.38 ( 1.64)	Loss   0.77 (  0.71)	Cls Acc 100.0 (99.9)	Domain Acc 49.6 (57.8)
Epoch: [16][400/500]	Time  5.08 ( 1.78)	Data  4.95 ( 1.65)	Loss   0.65 (  0.71)	Cls Acc 100.0 (99.9)	Domain Acc 69.5 (58.1)
Epoch: [16][450/500]	Time  0.51 ( 1.78)	Data  0.37 ( 1.64)	Loss   0.73 (  0.71)	Cls Acc 100.0 (99.9)	Domain Acc 52.7 (58.1)
Test: [0/4]	Time  3.477 ( 3.477)	Loss 1.9319e+00 (1.9319e+00)	Acc@1  61.72 ( 61.72)	Acc@5  87.50 ( 87.50)
 * Acc@1 58.233 Acc@5 82.932
acc1 = 58.2, best_acc1 = 59.4
Epoch: [17][  0/500]	Time  0.24 ( 0.24)	Data  0.10 ( 0.10)	Loss   0.68 (  0.68)	Cls Acc 100.0 (100.0)	Domain Acc 62.1 (62.1)
Epoch: [17][ 50/500]	Time  5.46 ( 1.87)	Data  5.32 ( 1.73)	Loss   0.65 (  0.67)	Cls Acc 100.0 (100.0)	Domain Acc 65.2 (62.4)
Epoch: [17][100/500]	Time  0.51 ( 1.83)	Data  0.37 ( 1.70)	Loss   0.68 (  0.68)	Cls Acc 100.0 (100.0)	Domain Acc 64.1 (61.1)
Epoch: [17][150/500]	Time  0.52 ( 1.84)	Data  0.38 ( 1.70)	Loss   0.68 (  0.68)	Cls Acc 100.0 (100.0)	Domain Acc 59.4 (60.7)
Epoch: [17][200/500]	Time  5.13 ( 1.83)	Data  4.99 ( 1.70)	Loss   0.69 (  0.68)	Cls Acc 100.0 (100.0)	Domain Acc 54.3 (60.4)
Epoch: [17][250/500]	Time  0.50 ( 1.81)	Data  0.36 ( 1.68)	Loss   0.63 (  0.67)	Cls Acc 100.0 (100.0)	Domain Acc 69.1 (61.6)
Epoch: [17][300/500]	Time  0.51 ( 1.81)	Data  0.37 ( 1.67)	Loss   0.70 (  0.68)	Cls Acc 100.0 (100.0)	Domain Acc 56.2 (61.1)
Epoch: [17][350/500]	Time  5.19 ( 1.81)	Data  5.05 ( 1.68)	Loss   0.66 (  0.68)	Cls Acc 100.0 (100.0)	Domain Acc 64.5 (60.8)
Epoch: [17][400/500]	Time  0.51 ( 1.80)	Data  0.38 ( 1.67)	Loss   0.66 (  0.68)	Cls Acc 100.0 (100.0)	Domain Acc 64.1 (61.2)
Epoch: [17][450/500]	Time  0.51 ( 1.80)	Data  0.37 ( 1.67)	Loss   0.67 (  0.68)	Cls Acc 100.0 (100.0)	Domain Acc 60.9 (61.4)
Test: [0/4]	Time  3.331 ( 3.331)	Loss 1.9460e+00 (1.9460e+00)	Acc@1  67.19 ( 67.19)	Acc@5  90.62 ( 90.62)
 * Acc@1 60.040 Acc@5 84.337
acc1 = 60.0, best_acc1 = 60.0
Epoch: [18][  0/500]	Time  5.09 ( 5.09)	Data  4.95 ( 4.95)	Loss   0.67 (  0.67)	Cls Acc 100.0 (100.0)	Domain Acc 64.5 (64.5)
Epoch: [18][ 50/500]	Time  0.51 ( 1.79)	Data  0.37 ( 1.65)	Loss   0.69 (  0.68)	Cls Acc 100.0 (100.0)	Domain Acc 59.8 (59.4)
Epoch: [18][100/500]	Time  0.51 ( 1.79)	Data  0.37 ( 1.65)	Loss   0.68 (  0.68)	Cls Acc 100.0 (100.0)	Domain Acc 64.5 (59.4)
Epoch: [18][150/500]	Time  5.04 ( 1.80)	Data  4.90 ( 1.67)	Loss   0.66 (  0.68)	Cls Acc 100.0 (100.0)	Domain Acc 66.0 (61.4)
Epoch: [18][200/500]	Time  0.50 ( 1.78)	Data  0.37 ( 1.65)	Loss   0.68 (  0.67)	Cls Acc 99.2 (100.0)	Domain Acc 60.9 (62.2)
Epoch: [18][250/500]	Time  0.51 ( 1.78)	Data  0.37 ( 1.65)	Loss   0.75 (  0.68)	Cls Acc 100.0 (100.0)	Domain Acc 52.0 (61.2)
Epoch: [18][300/500]	Time  5.27 ( 1.79)	Data  5.13 ( 1.66)	Loss   0.65 (  0.68)	Cls Acc 100.0 (100.0)	Domain Acc 67.6 (60.9)
Epoch: [18][350/500]	Time  0.51 ( 1.78)	Data  0.37 ( 1.65)	Loss   0.71 (  0.68)	Cls Acc 100.0 (100.0)	Domain Acc 53.9 (60.5)
Epoch: [18][400/500]	Time  0.52 ( 1.78)	Data  0.38 ( 1.65)	Loss   0.70 (  0.68)	Cls Acc 100.0 (100.0)	Domain Acc 59.8 (59.9)
Epoch: [18][450/500]	Time  5.29 ( 1.79)	Data  5.15 ( 1.65)	Loss   0.65 (  0.68)	Cls Acc 99.2 (100.0)	Domain Acc 66.4 (60.7)
Test: [0/4]	Time  3.326 ( 3.326)	Loss 2.2111e+00 (2.2111e+00)	Acc@1  65.62 ( 65.62)	Acc@5  85.16 ( 85.16)
 * Acc@1 59.036 Acc@5 80.522
acc1 = 59.0, best_acc1 = 60.0
Epoch: [19][  0/500]	Time  0.23 ( 0.23)	Data  0.09 ( 0.09)	Loss   0.70 (  0.70)	Cls Acc 99.2 (99.2)	Domain Acc 59.8 (59.8)
Epoch: [19][ 50/500]	Time  0.51 ( 1.76)	Data  0.37 ( 1.63)	Loss   0.66 (  0.70)	Cls Acc 100.0 (100.0)	Domain Acc 62.9 (57.2)
Epoch: [19][100/500]	Time  5.44 ( 1.79)	Data  5.30 ( 1.66)	Loss   0.74 (  0.68)	Cls Acc 99.2 (100.0)	Domain Acc 59.0 (60.1)
Epoch: [19][150/500]	Time  0.50 ( 1.77)	Data  0.37 ( 1.64)	Loss   0.65 (  0.71)	Cls Acc 100.0 (100.0)	Domain Acc 68.0 (57.3)
Epoch: [19][200/500]	Time  0.51 ( 1.78)	Data  0.37 ( 1.64)	Loss   0.68 (  0.69)	Cls Acc 100.0 (100.0)	Domain Acc 59.8 (59.8)
Epoch: [19][250/500]	Time  5.07 ( 1.79)	Data  4.93 ( 1.65)	Loss   0.71 (  0.70)	Cls Acc 100.0 (100.0)	Domain Acc 57.0 (57.9)
Epoch: [19][300/500]	Time  0.51 ( 1.78)	Data  0.38 ( 1.64)	Loss   0.64 (  0.69)	Cls Acc 100.0 (100.0)	Domain Acc 67.6 (59.0)
Epoch: [19][350/500]	Time  0.51 ( 1.78)	Data  0.37 ( 1.64)	Loss   0.71 (  0.69)	Cls Acc 100.0 (100.0)	Domain Acc 53.5 (59.3)
Epoch: [19][400/500]	Time  5.02 ( 1.79)	Data  4.88 ( 1.65)	Loss   0.69 (  0.69)	Cls Acc 100.0 (100.0)	Domain Acc 58.6 (58.7)
Epoch: [19][450/500]	Time  0.51 ( 1.78)	Data  0.37 ( 1.64)	Loss   0.66 (  0.69)	Cls Acc 100.0 (100.0)	Domain Acc 62.1 (59.0)
Test: [0/4]	Time  3.323 ( 3.323)	Loss 1.9579e+00 (1.9579e+00)	Acc@1  64.06 ( 64.06)	Acc@5  89.06 ( 89.06)
 * Acc@1 58.233 Acc@5 80.321
acc1 = 58.2, best_acc1 = 60.0
Epoch: [20][  0/500]	Time  0.23 ( 0.23)	Data  0.10 ( 0.10)	Loss   0.75 (  0.75)	Cls Acc 100.0 (100.0)	Domain Acc 47.3 (47.3)
Epoch: [20][ 50/500]	Time  5.15 ( 1.80)	Data  5.01 ( 1.66)	Loss   0.64 (  0.67)	Cls Acc 100.0 (100.0)	Domain Acc 70.3 (62.8)
Epoch: [20][100/500]	Time  0.50 ( 1.77)	Data  0.36 ( 1.63)	Loss   0.73 (  0.68)	Cls Acc 100.0 (100.0)	Domain Acc 52.0 (60.6)
Epoch: [20][150/500]	Time  0.52 ( 1.78)	Data  0.38 ( 1.64)	Loss   0.67 (  0.69)	Cls Acc 100.0 (100.0)	Domain Acc 61.3 (60.0)
Epoch: [20][200/500]	Time  5.16 ( 1.79)	Data  5.02 ( 1.65)	Loss   0.73 (  0.69)	Cls Acc 100.0 (100.0)	Domain Acc 51.6 (59.9)
Epoch: [20][250/500]	Time  0.50 ( 1.78)	Data  0.37 ( 1.64)	Loss   0.66 (  0.69)	Cls Acc 100.0 (100.0)	Domain Acc 64.5 (60.2)
Epoch: [20][300/500]	Time  0.51 ( 1.78)	Data  0.37 ( 1.64)	Loss   0.70 (  0.68)	Cls Acc 100.0 (100.0)	Domain Acc 55.5 (60.9)
Epoch: [20][350/500]	Time  5.25 ( 1.78)	Data  5.12 ( 1.65)	Loss   0.70 (  0.68)	Cls Acc 100.0 (100.0)	Domain Acc 57.4 (60.5)
Epoch: [20][400/500]	Time  0.50 ( 1.78)	Data  0.36 ( 1.64)	Loss   0.69 (  0.68)	Cls Acc 100.0 (100.0)	Domain Acc 57.4 (60.4)
Epoch: [20][450/500]	Time  0.51 ( 1.78)	Data  0.37 ( 1.65)	Loss   0.67 (  0.68)	Cls Acc 100.0 (100.0)	Domain Acc 63.7 (60.4)
Test: [0/4]	Time  3.341 ( 3.341)	Loss 2.0993e+00 (2.0993e+00)	Acc@1  67.97 ( 67.97)	Acc@5  89.84 ( 89.84)
 * Acc@1 61.044 Acc@5 83.936
acc1 = 61.0, best_acc1 = 61.0
Epoch: [21][  0/500]	Time  5.17 ( 5.17)	Data  5.03 ( 5.03)	Loss   0.66 (  0.66)	Cls Acc 100.0 (100.0)	Domain Acc 64.5 (64.5)
Epoch: [21][ 50/500]	Time  0.51 ( 1.80)	Data  0.38 ( 1.66)	Loss   0.67 (  0.66)	Cls Acc 100.0 (100.0)	Domain Acc 61.3 (63.6)
Epoch: [21][100/500]	Time  0.51 ( 1.80)	Data  0.37 ( 1.66)	Loss   0.67 (  0.67)	Cls Acc 100.0 (100.0)	Domain Acc 59.8 (62.7)
Epoch: [21][150/500]	Time  5.27 ( 1.81)	Data  5.13 ( 1.67)	Loss   0.68 (  0.67)	Cls Acc 100.0 (100.0)	Domain Acc 55.1 (62.3)
Epoch: [21][200/500]	Time  0.51 ( 1.79)	Data  0.37 ( 1.65)	Loss   0.69 (  0.67)	Cls Acc 100.0 (100.0)	Domain Acc 59.4 (61.5)
Epoch: [21][250/500]	Time  0.50 ( 1.79)	Data  0.37 ( 1.65)	Loss   0.66 (  0.67)	Cls Acc 100.0 (100.0)	Domain Acc 59.4 (61.2)
Epoch: [21][300/500]	Time  5.11 ( 1.80)	Data  4.97 ( 1.66)	Loss   0.70 (  0.67)	Cls Acc 100.0 (100.0)	Domain Acc 57.8 (60.8)
Epoch: [21][350/500]	Time  0.50 ( 1.79)	Data  0.37 ( 1.65)	Loss   0.66 (  0.68)	Cls Acc 100.0 (100.0)	Domain Acc 62.9 (60.7)
Epoch: [21][400/500]	Time  0.50 ( 1.79)	Data  0.37 ( 1.65)	Loss   0.67 (  0.68)	Cls Acc 100.0 (100.0)	Domain Acc 61.7 (60.3)
Epoch: [21][450/500]	Time  5.22 ( 1.79)	Data  5.08 ( 1.66)	Loss   0.68 (  0.68)	Cls Acc 99.2 (100.0)	Domain Acc 61.7 (60.4)
Test: [0/4]	Time  3.312 ( 3.312)	Loss 1.9813e+00 (1.9813e+00)	Acc@1  64.06 ( 64.06)	Acc@5  84.38 ( 84.38)
 * Acc@1 59.438 Acc@5 85.141
acc1 = 59.4, best_acc1 = 61.0
Epoch: [22][  0/500]	Time  0.23 ( 0.23)	Data  0.09 ( 0.09)	Loss   0.68 (  0.68)	Cls Acc 100.0 (100.0)	Domain Acc 61.7 (61.7)
Epoch: [22][ 50/500]	Time  0.51 ( 1.76)	Data  0.37 ( 1.63)	Loss   0.67 (  0.69)	Cls Acc 100.0 (100.0)	Domain Acc 64.8 (59.1)
Epoch: [22][100/500]	Time  4.95 ( 1.80)	Data  4.82 ( 1.66)	Loss   0.70 (  0.68)	Cls Acc 100.0 (100.0)	Domain Acc 58.2 (59.9)
Epoch: [22][150/500]	Time  0.50 ( 1.78)	Data  0.37 ( 1.64)	Loss   0.67 (  0.68)	Cls Acc 100.0 (100.0)	Domain Acc 64.8 (59.6)
Epoch: [22][200/500]	Time  0.51 ( 1.79)	Data  0.37 ( 1.65)	Loss   0.67 (  0.68)	Cls Acc 100.0 (100.0)	Domain Acc 60.5 (59.6)
Epoch: [22][250/500]	Time  5.42 ( 1.79)	Data  5.28 ( 1.66)	Loss   0.69 (  0.68)	Cls Acc 100.0 (100.0)	Domain Acc 56.6 (59.4)
Epoch: [22][300/500]	Time  0.51 ( 1.79)	Data  0.37 ( 1.65)	Loss   0.69 (  0.69)	Cls Acc 100.0 (100.0)	Domain Acc 58.6 (58.9)
Epoch: [22][350/500]	Time  0.51 ( 1.79)	Data  0.37 ( 1.65)	Loss   0.69 (  0.68)	Cls Acc 100.0 (100.0)	Domain Acc 58.2 (59.0)
Epoch: [22][400/500]	Time  5.21 ( 1.79)	Data  5.07 ( 1.66)	Loss   0.73 (  0.69)	Cls Acc 100.0 (100.0)	Domain Acc 48.8 (58.4)
Epoch: [22][450/500]	Time  0.51 ( 1.79)	Data  0.38 ( 1.65)	Loss   0.66 (  0.69)	Cls Acc 100.0 (100.0)	Domain Acc 58.2 (58.1)
Test: [0/4]	Time  3.356 ( 3.356)	Loss 2.3719e+00 (2.3719e+00)	Acc@1  63.28 ( 63.28)	Acc@5  82.81 ( 82.81)
 * Acc@1 59.438 Acc@5 79.317
acc1 = 59.4, best_acc1 = 61.0
Epoch: [23][  0/500]	Time  0.23 ( 0.23)	Data  0.10 ( 0.10)	Loss   0.66 (  0.66)	Cls Acc 100.0 (100.0)	Domain Acc 64.1 (64.1)
Epoch: [23][ 50/500]	Time  5.12 ( 1.80)	Data  4.98 ( 1.66)	Loss   0.69 (  0.69)	Cls Acc 100.0 (100.0)	Domain Acc 60.5 (58.5)
Epoch: [23][100/500]	Time  0.50 ( 1.77)	Data  0.37 ( 1.64)	Loss   0.65 (  0.68)	Cls Acc 100.0 (100.0)	Domain Acc 63.7 (60.8)
Epoch: [23][150/500]	Time  0.51 ( 1.78)	Data  0.37 ( 1.65)	Loss   0.67 (  0.67)	Cls Acc 100.0 (100.0)	Domain Acc 60.9 (61.7)
Epoch: [23][200/500]	Time  5.18 ( 1.79)	Data  5.04 ( 1.66)	Loss   0.70 (  0.68)	Cls Acc 100.0 (100.0)	Domain Acc 61.7 (59.6)
Epoch: [23][250/500]	Time  0.50 ( 1.78)	Data  0.36 ( 1.65)	Loss   0.68 (  0.68)	Cls Acc 99.2 (100.0)	Domain Acc 57.4 (60.5)
Epoch: [23][300/500]	Time  0.51 ( 1.79)	Data  0.37 ( 1.65)	Loss   0.69 (  0.68)	Cls Acc 100.0 (100.0)	Domain Acc 56.2 (60.1)
Epoch: [23][350/500]	Time  5.32 ( 1.79)	Data  5.18 ( 1.66)	Loss   0.67 (  0.68)	Cls Acc 100.0 (100.0)	Domain Acc 62.5 (60.5)
Epoch: [23][400/500]	Time  0.50 ( 1.79)	Data  0.37 ( 1.65)	Loss   0.74 (  0.68)	Cls Acc 100.0 (100.0)	Domain Acc 52.0 (60.6)
Epoch: [23][450/500]	Time  0.52 ( 1.79)	Data  0.38 ( 1.65)	Loss   0.71 (  0.68)	Cls Acc 100.0 (100.0)	Domain Acc 55.5 (60.1)
Test: [0/4]	Time  3.327 ( 3.327)	Loss 2.1754e+00 (2.1754e+00)	Acc@1  65.62 ( 65.62)	Acc@5  83.59 ( 83.59)
 * Acc@1 58.835 Acc@5 80.723
acc1 = 58.8, best_acc1 = 61.0
Epoch: [24][  0/500]	Time  5.13 ( 5.13)	Data  4.99 ( 4.99)	Loss   0.66 (  0.66)	Cls Acc 100.0 (100.0)	Domain Acc 64.1 (64.1)
Epoch: [24][ 50/500]	Time  0.50 ( 1.81)	Data  0.36 ( 1.68)	Loss   0.70 (  0.68)	Cls Acc 100.0 (100.0)	Domain Acc 55.9 (60.0)
Epoch: [24][100/500]	Time  0.51 ( 1.81)	Data  0.37 ( 1.68)	Loss   0.66 (  0.70)	Cls Acc 100.0 (100.0)	Domain Acc 67.2 (56.3)
Epoch: [24][150/500]	Time  5.09 ( 1.82)	Data  4.96 ( 1.68)	Loss   0.68 (  0.68)	Cls Acc 100.0 (100.0)	Domain Acc 60.5 (58.9)
Epoch: [24][200/500]	Time  0.50 ( 1.80)	Data  0.36 ( 1.66)	Loss   0.73 (  0.69)	Cls Acc 100.0 (100.0)	Domain Acc 51.6 (57.5)
Epoch: [24][250/500]	Time  0.50 ( 1.80)	Data  0.37 ( 1.66)	Loss   0.65 (  0.69)	Cls Acc 100.0 (100.0)	Domain Acc 62.5 (58.5)
Epoch: [24][300/500]	Time  5.20 ( 1.81)	Data  5.06 ( 1.67)	Loss   0.72 (  0.69)	Cls Acc 100.0 (100.0)	Domain Acc 50.8 (58.4)
Epoch: [24][350/500]	Time  0.50 ( 1.80)	Data  0.36 ( 1.66)	Loss   0.67 (  0.69)	Cls Acc 100.0 (100.0)	Domain Acc 62.9 (58.3)
Epoch: [24][400/500]	Time  0.51 ( 1.80)	Data  0.37 ( 1.66)	Loss   0.68 (  0.68)	Cls Acc 100.0 (100.0)	Domain Acc 56.2 (59.0)
Epoch: [24][450/500]	Time  5.23 ( 1.80)	Data  5.09 ( 1.67)	Loss   0.73 (  0.69)	Cls Acc 100.0 (100.0)	Domain Acc 48.0 (58.5)
Test: [0/4]	Time  3.325 ( 3.325)	Loss 2.2253e+00 (2.2253e+00)	Acc@1  64.84 ( 64.84)	Acc@5  87.50 ( 87.50)
 * Acc@1 60.643 Acc@5 81.928
acc1 = 60.6, best_acc1 = 61.0
Epoch: [25][  0/500]	Time  0.23 ( 0.23)	Data  0.10 ( 0.10)	Loss   0.66 (  0.66)	Cls Acc 100.0 (100.0)	Domain Acc 64.8 (64.8)
Epoch: [25][ 50/500]	Time  0.51 ( 1.77)	Data  0.37 ( 1.64)	Loss   0.66 (  0.67)	Cls Acc 100.0 (100.0)	Domain Acc 63.7 (60.4)
Epoch: [25][100/500]	Time  5.14 ( 1.80)	Data  5.01 ( 1.67)	Loss   0.69 (  0.68)	Cls Acc 100.0 (100.0)	Domain Acc 61.3 (60.3)
Epoch: [25][150/500]	Time  0.51 ( 1.78)	Data  0.37 ( 1.65)	Loss   0.66 (  0.68)	Cls Acc 100.0 (100.0)	Domain Acc 64.5 (60.6)
Epoch: [25][200/500]	Time  0.52 ( 1.79)	Data  0.38 ( 1.65)	Loss   0.65 (  0.67)	Cls Acc 100.0 (100.0)	Domain Acc 64.5 (61.3)
Epoch: [25][250/500]	Time  5.27 ( 1.80)	Data  5.13 ( 1.66)	Loss   0.72 (  0.68)	Cls Acc 100.0 (100.0)	Domain Acc 55.1 (60.6)
Epoch: [25][300/500]	Time  0.51 ( 1.79)	Data  0.37 ( 1.65)	Loss   0.67 (  0.68)	Cls Acc 100.0 (100.0)	Domain Acc 60.2 (60.4)
Epoch: [25][350/500]	Time  0.51 ( 1.79)	Data  0.37 ( 1.66)	Loss   0.67 (  0.68)	Cls Acc 100.0 (100.0)	Domain Acc 59.8 (60.8)
Epoch: [25][400/500]	Time  5.17 ( 1.80)	Data  5.03 ( 1.66)	Loss   0.68 (  0.68)	Cls Acc 100.0 (100.0)	Domain Acc 62.9 (60.1)
Epoch: [25][450/500]	Time  0.50 ( 1.79)	Data  0.36 ( 1.65)	Loss   0.65 (  0.68)	Cls Acc 100.0 (100.0)	Domain Acc 64.5 (60.5)
Test: [0/4]	Time  3.332 ( 3.332)	Loss 2.3856e+00 (2.3856e+00)	Acc@1  67.97 ( 67.97)	Acc@5  81.25 ( 81.25)
 * Acc@1 60.442 Acc@5 80.321
acc1 = 60.4, best_acc1 = 61.0
Epoch: [26][  0/500]	Time  0.24 ( 0.24)	Data  0.10 ( 0.10)	Loss   0.73 (  0.73)	Cls Acc 100.0 (100.0)	Domain Acc 53.1 (53.1)
Epoch: [26][ 50/500]	Time  5.07 ( 1.79)	Data  4.93 ( 1.66)	Loss   0.68 (  0.71)	Cls Acc 100.0 (100.0)	Domain Acc 59.8 (54.9)
Epoch: [26][100/500]	Time  0.50 ( 1.77)	Data  0.36 ( 1.63)	Loss   0.67 (  0.68)	Cls Acc 100.0 (100.0)	Domain Acc 60.5 (59.7)
Epoch: [26][150/500]	Time  0.52 ( 1.78)	Data  0.38 ( 1.64)	Loss   0.71 (  0.69)	Cls Acc 100.0 (100.0)	Domain Acc 53.5 (58.8)
Epoch: [26][200/500]	Time  5.15 ( 1.79)	Data  5.01 ( 1.65)	Loss   0.67 (  0.69)	Cls Acc 100.0 (100.0)	Domain Acc 64.8 (59.0)
Epoch: [26][250/500]	Time  0.51 ( 1.78)	Data  0.38 ( 1.64)	Loss   0.71 (  0.68)	Cls Acc 100.0 (100.0)	Domain Acc 56.2 (59.7)
Epoch: [26][300/500]	Time  0.51 ( 1.78)	Data  0.37 ( 1.65)	Loss   0.71 (  0.69)	Cls Acc 100.0 (100.0)	Domain Acc 61.7 (58.9)
Epoch: [26][350/500]	Time  5.22 ( 1.79)	Data  5.08 ( 1.65)	Loss   0.66 (  0.68)	Cls Acc 100.0 (100.0)	Domain Acc 59.0 (59.6)
Epoch: [26][400/500]	Time  0.50 ( 1.78)	Data  0.36 ( 1.65)	Loss   0.73 (  0.68)	Cls Acc 100.0 (100.0)	Domain Acc 51.6 (59.4)
Epoch: [26][450/500]	Time  0.51 ( 1.78)	Data  0.38 ( 1.65)	Loss   0.69 (  0.69)	Cls Acc 100.0 (100.0)	Domain Acc 54.3 (58.7)
Test: [0/4]	Time  3.306 ( 3.306)	Loss 2.4244e+00 (2.4244e+00)	Acc@1  64.06 ( 64.06)	Acc@5  86.72 ( 86.72)
 * Acc@1 59.839 Acc@5 80.723
acc1 = 59.8, best_acc1 = 61.0
Epoch: [27][  0/500]	Time  5.16 ( 5.16)	Data  5.02 ( 5.02)	Loss   0.69 (  0.69)	Cls Acc 100.0 (100.0)	Domain Acc 55.1 (55.1)
Epoch: [27][ 50/500]	Time  0.51 ( 1.80)	Data  0.37 ( 1.67)	Loss   0.72 (  0.72)	Cls Acc 100.0 (100.0)	Domain Acc 50.4 (52.3)
Epoch: [27][100/500]	Time  0.51 ( 1.80)	Data  0.37 ( 1.67)	Loss   0.65 (  0.70)	Cls Acc 100.0 (100.0)	Domain Acc 65.6 (56.4)
Epoch: [27][150/500]	Time  5.20 ( 1.81)	Data  5.07 ( 1.67)	Loss   0.71 (  0.69)	Cls Acc 100.0 (100.0)	Domain Acc 55.9 (58.1)
Epoch: [27][200/500]	Time  0.51 ( 1.79)	Data  0.37 ( 1.65)	Loss   0.72 (  0.70)	Cls Acc 100.0 (100.0)	Domain Acc 54.7 (56.4)
Epoch: [27][250/500]	Time  0.51 ( 1.79)	Data  0.38 ( 1.65)	Loss   0.65 (  0.69)	Cls Acc 100.0 (100.0)	Domain Acc 66.0 (57.8)
Epoch: [27][300/500]	Time  5.11 ( 1.79)	Data  4.97 ( 1.66)	Loss   0.74 (  0.69)	Cls Acc 100.0 (100.0)	Domain Acc 50.8 (58.0)
Epoch: [27][350/500]	Time  0.51 ( 1.79)	Data  0.38 ( 1.65)	Loss   0.67 (  0.69)	Cls Acc 100.0 (100.0)	Domain Acc 60.9 (57.4)
Epoch: [27][400/500]	Time  0.51 ( 1.79)	Data  0.38 ( 1.65)	Loss   0.67 (  0.69)	Cls Acc 100.0 (100.0)	Domain Acc 61.3 (58.1)
Epoch: [27][450/500]	Time  5.15 ( 1.79)	Data  5.01 ( 1.66)	Loss   0.70 (  0.69)	Cls Acc 100.0 (100.0)	Domain Acc 60.9 (58.3)
Test: [0/4]	Time  3.348 ( 3.348)	Loss 2.1334e+00 (2.1334e+00)	Acc@1  69.53 ( 69.53)	Acc@5  85.16 ( 85.16)
 * Acc@1 62.048 Acc@5 83.735
acc1 = 62.0, best_acc1 = 62.0
Epoch: [28][  0/500]	Time  0.23 ( 0.23)	Data  0.10 ( 0.10)	Loss   0.62 (  0.62)	Cls Acc 100.0 (100.0)	Domain Acc 67.6 (67.6)
Epoch: [28][ 50/500]	Time  0.51 ( 1.77)	Data  0.37 ( 1.63)	Loss   0.67 (  0.64)	Cls Acc 100.0 (100.0)	Domain Acc 60.5 (66.9)
Epoch: [28][100/500]	Time  5.25 ( 1.80)	Data  5.11 ( 1.67)	Loss   0.73 (  0.67)	Cls Acc 100.0 (100.0)	Domain Acc 56.2 (61.9)
Epoch: [28][150/500]	Time  0.50 ( 1.78)	Data  0.36 ( 1.65)	Loss   0.64 (  0.67)	Cls Acc 100.0 (100.0)	Domain Acc 68.0 (62.2)
Epoch: [28][200/500]	Time  0.51 ( 1.79)	Data  0.37 ( 1.65)	Loss   0.72 (  0.67)	Cls Acc 100.0 (100.0)	Domain Acc 52.0 (62.0)
Epoch: [28][250/500]	Time  5.11 ( 1.80)	Data  4.97 ( 1.66)	Loss   0.68 (  0.67)	Cls Acc 100.0 (100.0)	Domain Acc 59.0 (61.2)
Epoch: [28][300/500]	Time  0.51 ( 1.79)	Data  0.37 ( 1.65)	Loss   0.70 (  0.67)	Cls Acc 100.0 (100.0)	Domain Acc 56.6 (61.4)
Epoch: [28][350/500]	Time  0.51 ( 1.79)	Data  0.37 ( 1.66)	Loss   0.70 (  0.68)	Cls Acc 99.2 (100.0)	Domain Acc 55.1 (60.5)
Epoch: [28][400/500]	Time  5.17 ( 1.80)	Data  5.04 ( 1.66)	Loss   0.67 (  0.67)	Cls Acc 100.0 (100.0)	Domain Acc 61.7 (61.1)
Epoch: [28][450/500]	Time  0.51 ( 1.80)	Data  0.38 ( 1.66)	Loss   0.69 (  0.68)	Cls Acc 100.0 (100.0)	Domain Acc 58.2 (60.8)
Test: [0/4]	Time  3.361 ( 3.361)	Loss 2.2936e+00 (2.2936e+00)	Acc@1  69.53 ( 69.53)	Acc@5  83.59 ( 83.59)
 * Acc@1 61.647 Acc@5 81.124
acc1 = 61.6, best_acc1 = 62.0
Epoch: [29][  0/500]	Time  0.24 ( 0.24)	Data  0.10 ( 0.10)	Loss   0.65 (  0.65)	Cls Acc 100.0 (100.0)	Domain Acc 66.0 (66.0)
Epoch: [29][ 50/500]	Time  5.16 ( 1.81)	Data  5.02 ( 1.67)	Loss   0.71 (  0.67)	Cls Acc 100.0 (100.0)	Domain Acc 52.7 (60.9)
Epoch: [29][100/500]	Time  0.51 ( 1.78)	Data  0.37 ( 1.65)	Loss   0.67 (  0.69)	Cls Acc 100.0 (100.0)	Domain Acc 60.5 (57.5)
Epoch: [29][150/500]	Time  0.51 ( 1.79)	Data  0.37 ( 1.66)	Loss   0.66 (  0.68)	Cls Acc 100.0 (100.0)	Domain Acc 63.7 (59.9)
Epoch: [29][200/500]	Time  5.24 ( 1.81)	Data  5.10 ( 1.67)	Loss   0.69 (  0.68)	Cls Acc 100.0 (100.0)	Domain Acc 60.2 (59.8)
Epoch: [29][250/500]	Time  0.51 ( 1.80)	Data  0.37 ( 1.66)	Loss   0.64 (  0.68)	Cls Acc 100.0 (100.0)	Domain Acc 69.5 (59.7)
Epoch: [29][300/500]	Time  0.50 ( 1.80)	Data  0.37 ( 1.66)	Loss   0.68 (  0.67)	Cls Acc 100.0 (100.0)	Domain Acc 59.4 (60.8)
Epoch: [29][350/500]	Time  5.11 ( 1.80)	Data  4.97 ( 1.66)	Loss   0.70 (  0.68)	Cls Acc 100.0 (100.0)	Domain Acc 55.9 (60.0)
Epoch: [29][400/500]	Time  0.51 ( 1.79)	Data  0.37 ( 1.65)	Loss   0.66 (  0.68)	Cls Acc 100.0 (100.0)	Domain Acc 63.3 (60.2)
Epoch: [29][450/500]	Time  0.50 ( 1.79)	Data  0.37 ( 1.65)	Loss   0.68 (  0.68)	Cls Acc 100.0 (100.0)	Domain Acc 58.2 (60.4)
Test: [0/4]	Time  3.342 ( 3.342)	Loss 2.3690e+00 (2.3690e+00)	Acc@1  67.97 ( 67.97)	Acc@5  82.03 ( 82.03)
 * Acc@1 62.048 Acc@5 82.530
acc1 = 62.0, best_acc1 = 62.0
Epoch: [30][  0/500]	Time  5.20 ( 5.20)	Data  5.06 ( 5.06)	Loss   0.68 (  0.68)	Cls Acc 100.0 (100.0)	Domain Acc 57.8 (57.8)
Epoch: [30][ 50/500]	Time  0.50 ( 1.80)	Data  0.36 ( 1.66)	Loss   0.73 (  0.70)	Cls Acc 100.0 (100.0)	Domain Acc 51.6 (56.5)
Epoch: [30][100/500]	Time  0.50 ( 1.80)	Data  0.37 ( 1.66)	Loss   0.64 (  0.70)	Cls Acc 100.0 (100.0)	Domain Acc 68.8 (57.4)
Epoch: [30][150/500]	Time  5.08 ( 1.81)	Data  4.94 ( 1.67)	Loss   0.65 (  0.68)	Cls Acc 100.0 (100.0)	Domain Acc 62.9 (60.5)
Epoch: [30][200/500]	Time  0.51 ( 1.79)	Data  0.37 ( 1.65)	Loss   0.70 (  0.68)	Cls Acc 100.0 (100.0)	Domain Acc 52.0 (59.8)
Epoch: [30][250/500]	Time  0.51 ( 1.79)	Data  0.38 ( 1.65)	Loss   0.69 (  0.69)	Cls Acc 100.0 (100.0)	Domain Acc 59.0 (58.8)
Epoch: [30][300/500]	Time  5.10 ( 1.80)	Data  4.96 ( 1.66)	Loss   0.68 (  0.68)	Cls Acc 100.0 (100.0)	Domain Acc 55.9 (59.5)
Epoch: [30][350/500]	Time  0.51 ( 1.79)	Data  0.37 ( 1.65)	Loss   0.70 (  0.68)	Cls Acc 100.0 (100.0)	Domain Acc 55.9 (59.2)
Epoch: [30][400/500]	Time  0.50 ( 1.79)	Data  0.37 ( 1.65)	Loss   0.63 (  0.68)	Cls Acc 100.0 (100.0)	Domain Acc 70.3 (59.2)
Epoch: [30][450/500]	Time  5.09 ( 1.79)	Data  4.96 ( 1.66)	Loss   0.73 (  0.68)	Cls Acc 100.0 (100.0)	Domain Acc 50.8 (59.6)
Test: [0/4]	Time  3.354 ( 3.354)	Loss 2.2275e+00 (2.2275e+00)	Acc@1  67.97 ( 67.97)	Acc@5  83.59 ( 83.59)
 * Acc@1 60.241 Acc@5 84.337
acc1 = 60.2, best_acc1 = 62.0
Epoch: [31][  0/500]	Time  0.23 ( 0.23)	Data  0.09 ( 0.09)	Loss   0.70 (  0.70)	Cls Acc 100.0 (100.0)	Domain Acc 57.8 (57.8)
Epoch: [31][ 50/500]	Time  0.50 ( 1.76)	Data  0.37 ( 1.62)	Loss   0.69 (  0.67)	Cls Acc 100.0 (100.0)	Domain Acc 60.2 (62.0)
Epoch: [31][100/500]	Time  5.09 ( 1.79)	Data  4.96 ( 1.66)	Loss   0.71 (  0.68)	Cls Acc 100.0 (100.0)	Domain Acc 54.7 (60.4)
Epoch: [31][150/500]	Time  0.51 ( 1.77)	Data  0.37 ( 1.64)	Loss   0.67 (  0.68)	Cls Acc 100.0 (100.0)	Domain Acc 63.7 (60.2)
Epoch: [31][200/500]	Time  0.51 ( 1.78)	Data  0.37 ( 1.64)	Loss   0.75 (  0.69)	Cls Acc 100.0 (100.0)	Domain Acc 45.3 (58.9)
Epoch: [31][250/500]	Time  5.08 ( 1.79)	Data  4.94 ( 1.65)	Loss   0.65 (  0.69)	Cls Acc 100.0 (100.0)	Domain Acc 60.9 (58.8)
Epoch: [31][300/500]	Time  0.50 ( 1.78)	Data  0.37 ( 1.64)	Loss   0.68 (  0.68)	Cls Acc 100.0 (100.0)	Domain Acc 57.8 (59.8)
Epoch: [31][350/500]	Time  0.50 ( 1.78)	Data  0.37 ( 1.64)	Loss   0.70 (  0.69)	Cls Acc 100.0 (100.0)	Domain Acc 56.6 (59.0)
Epoch: [31][400/500]	Time  5.25 ( 1.79)	Data  5.11 ( 1.65)	Loss   0.66 (  0.68)	Cls Acc 100.0 (100.0)	Domain Acc 61.7 (59.3)
Epoch: [31][450/500]	Time  0.51 ( 1.78)	Data  0.37 ( 1.64)	Loss   0.67 (  0.68)	Cls Acc 100.0 (100.0)	Domain Acc 62.1 (59.5)
Test: [0/4]	Time  3.352 ( 3.352)	Loss 2.3081e+00 (2.3081e+00)	Acc@1  65.62 ( 65.62)	Acc@5  82.03 ( 82.03)
 * Acc@1 60.843 Acc@5 78.916
acc1 = 60.8, best_acc1 = 62.0
Epoch: [32][  0/500]	Time  0.23 ( 0.23)	Data  0.09 ( 0.09)	Loss   0.69 (  0.69)	Cls Acc 100.0 (100.0)	Domain Acc 59.0 (59.0)
Epoch: [32][ 50/500]	Time  5.13 ( 1.80)	Data  4.99 ( 1.66)	Loss   0.68 (  0.68)	Cls Acc 100.0 (100.0)	Domain Acc 60.5 (59.7)
Epoch: [32][100/500]	Time  0.50 ( 1.76)	Data  0.36 ( 1.63)	Loss   0.72 (  0.69)	Cls Acc 100.0 (100.0)	Domain Acc 53.1 (59.2)
Epoch: [32][150/500]	Time  0.50 ( 1.78)	Data  0.37 ( 1.64)	Loss   0.63 (  0.68)	Cls Acc 100.0 (100.0)	Domain Acc 69.5 (60.0)
Epoch: [32][200/500]	Time  5.20 ( 1.79)	Data  5.06 ( 1.65)	Loss   0.69 (  0.68)	Cls Acc 100.0 (100.0)	Domain Acc 58.6 (60.7)
Epoch: [32][250/500]	Time  0.50 ( 1.78)	Data  0.37 ( 1.64)	Loss   0.71 (  0.68)	Cls Acc 100.0 (100.0)	Domain Acc 52.7 (59.1)
Epoch: [32][300/500]	Time  0.51 ( 1.78)	Data  0.37 ( 1.65)	Loss   0.65 (  0.68)	Cls Acc 100.0 (100.0)	Domain Acc 68.4 (59.4)
Epoch: [32][350/500]	Time  5.13 ( 1.79)	Data  4.99 ( 1.65)	Loss   0.69 (  0.68)	Cls Acc 100.0 (100.0)	Domain Acc 57.8 (59.6)
Epoch: [32][400/500]	Time  0.51 ( 1.78)	Data  0.37 ( 1.65)	Loss   0.67 (  0.68)	Cls Acc 100.0 (100.0)	Domain Acc 67.6 (59.0)
Epoch: [32][450/500]	Time  0.50 ( 1.79)	Data  0.37 ( 1.65)	Loss   0.67 (  0.68)	Cls Acc 100.0 (100.0)	Domain Acc 62.1 (59.8)
Test: [0/4]	Time  3.384 ( 3.384)	Loss 2.2953e+00 (2.2953e+00)	Acc@1  67.19 ( 67.19)	Acc@5  83.59 ( 83.59)
 * Acc@1 60.241 Acc@5 76.506
acc1 = 60.2, best_acc1 = 62.0
Epoch: [33][  0/500]	Time  5.27 ( 5.27)	Data  5.13 ( 5.13)	Loss   0.71 (  0.71)	Cls Acc 100.0 (100.0)	Domain Acc 55.9 (55.9)
Epoch: [33][ 50/500]	Time  0.50 ( 1.80)	Data  0.36 ( 1.67)	Loss   0.62 (  0.66)	Cls Acc 100.0 (100.0)	Domain Acc 67.2 (63.2)
Epoch: [33][100/500]	Time  0.50 ( 1.80)	Data  0.37 ( 1.66)	Loss   0.72 (  0.66)	Cls Acc 100.0 (100.0)	Domain Acc 53.9 (62.2)
Epoch: [33][150/500]	Time  5.03 ( 1.80)	Data  4.90 ( 1.67)	Loss   0.68 (  0.69)	Cls Acc 100.0 (100.0)	Domain Acc 62.9 (58.9)
Epoch: [33][200/500]	Time  0.50 ( 1.79)	Data  0.36 ( 1.65)	Loss   0.63 (  0.68)	Cls Acc 100.0 (100.0)	Domain Acc 69.1 (60.5)
Epoch: [33][250/500]	Time  0.50 ( 1.79)	Data  0.37 ( 1.65)	Loss   0.73 (  0.68)	Cls Acc 100.0 (100.0)	Domain Acc 48.4 (59.8)
Epoch: [33][300/500]	Time  4.95 ( 1.79)	Data  4.82 ( 1.66)	Loss   0.66 (  0.68)	Cls Acc 100.0 (100.0)	Domain Acc 60.9 (59.1)
Epoch: [33][350/500]	Time  0.49 ( 1.78)	Data  0.36 ( 1.65)	Loss   0.67 (  0.68)	Cls Acc 100.0 (100.0)	Domain Acc 59.0 (59.9)
Epoch: [33][400/500]	Time  0.50 ( 1.79)	Data  0.37 ( 1.65)	Loss   0.70 (  0.68)	Cls Acc 100.0 (100.0)	Domain Acc 55.9 (59.4)
Epoch: [33][450/500]	Time  5.33 ( 1.79)	Data  5.20 ( 1.66)	Loss   0.66 (  0.68)	Cls Acc 100.0 (100.0)	Domain Acc 63.3 (59.4)
Test: [0/4]	Time  3.319 ( 3.319)	Loss 2.1111e+00 (2.1111e+00)	Acc@1  70.31 ( 70.31)	Acc@5  85.94 ( 85.94)
 * Acc@1 61.446 Acc@5 79.719
acc1 = 61.4, best_acc1 = 62.0
Epoch: [34][  0/500]	Time  0.23 ( 0.23)	Data  0.10 ( 0.10)	Loss   0.70 (  0.70)	Cls Acc 100.0 (100.0)	Domain Acc 52.0 (52.0)
Epoch: [34][ 50/500]	Time  0.51 ( 1.76)	Data  0.37 ( 1.62)	Loss   0.69 (  0.70)	Cls Acc 100.0 (100.0)	Domain Acc 53.9 (54.5)
Epoch: [34][100/500]	Time  5.14 ( 1.80)	Data  4.99 ( 1.66)	Loss   0.66 (  0.68)	Cls Acc 100.0 (100.0)	Domain Acc 64.5 (59.7)
Epoch: [34][150/500]	Time  0.50 ( 1.78)	Data  0.37 ( 1.64)	Loss   0.71 (  0.68)	Cls Acc 100.0 (100.0)	Domain Acc 50.8 (59.8)
Epoch: [34][200/500]	Time  0.51 ( 1.78)	Data  0.37 ( 1.65)	Loss   0.66 (  0.68)	Cls Acc 100.0 (100.0)	Domain Acc 64.8 (59.3)
Epoch: [34][250/500]	Time  5.29 ( 1.79)	Data  5.16 ( 1.66)	Loss   0.68 (  0.67)	Cls Acc 100.0 (100.0)	Domain Acc 60.9 (60.7)
Epoch: [34][300/500]	Time  0.50 ( 1.78)	Data  0.36 ( 1.65)	Loss   0.71 (  0.68)	Cls Acc 100.0 (100.0)	Domain Acc 51.2 (60.3)
Epoch: [34][350/500]	Time  0.50 ( 1.78)	Data  0.37 ( 1.65)	Loss   0.67 (  0.67)	Cls Acc 100.0 (100.0)	Domain Acc 63.3 (60.7)
Epoch: [34][400/500]	Time  5.53 ( 1.79)	Data  5.39 ( 1.65)	Loss   0.71 (  0.68)	Cls Acc 100.0 (100.0)	Domain Acc 55.9 (60.3)
Epoch: [34][450/500]	Time  0.50 ( 1.78)	Data  0.37 ( 1.65)	Loss   0.67 (  0.68)	Cls Acc 100.0 (100.0)	Domain Acc 60.5 (60.2)
Test: [0/4]	Time  3.784 ( 3.784)	Loss 2.2432e+00 (2.2432e+00)	Acc@1  71.09 ( 71.09)	Acc@5  85.16 ( 85.16)
 * Acc@1 61.647 Acc@5 80.522
acc1 = 61.6, best_acc1 = 62.0
Epoch: [35][  0/500]	Time  0.23 ( 0.23)	Data  0.10 ( 0.10)	Loss   0.67 (  0.67)	Cls Acc 100.0 (100.0)	Domain Acc 65.6 (65.6)
Epoch: [35][ 50/500]	Time  5.26 ( 1.81)	Data  5.13 ( 1.67)	Loss   0.69 (  0.69)	Cls Acc 100.0 (100.0)	Domain Acc 60.5 (58.8)
Epoch: [35][100/500]	Time  0.50 ( 1.77)	Data  0.37 ( 1.63)	Loss   0.66 (  0.68)	Cls Acc 100.0 (100.0)	Domain Acc 66.0 (60.9)
Epoch: [35][150/500]	Time  0.50 ( 1.78)	Data  0.37 ( 1.64)	Loss   0.69 (  0.68)	Cls Acc 99.2 (100.0)	Domain Acc 57.4 (61.1)
Epoch: [35][200/500]	Time  5.61 ( 1.79)	Data  5.47 ( 1.66)	Loss   0.68 (  0.68)	Cls Acc 100.0 (100.0)	Domain Acc 60.9 (60.5)
Epoch: [35][250/500]	Time  0.50 ( 1.78)	Data  0.36 ( 1.65)	Loss   0.66 (  0.68)	Cls Acc 100.0 (100.0)	Domain Acc 61.3 (60.9)
Epoch: [35][300/500]	Time  0.52 ( 1.78)	Data  0.38 ( 1.65)	Loss   0.67 (  0.68)	Cls Acc 100.0 (100.0)	Domain Acc 62.1 (60.8)
Epoch: [35][350/500]	Time  5.08 ( 1.79)	Data  4.94 ( 1.65)	Loss   0.65 (  0.67)	Cls Acc 100.0 (100.0)	Domain Acc 62.9 (61.3)
Epoch: [35][400/500]	Time  0.50 ( 1.78)	Data  0.37 ( 1.64)	Loss   0.69 (  0.67)	Cls Acc 100.0 (100.0)	Domain Acc 56.2 (61.4)
Epoch: [35][450/500]	Time  0.50 ( 1.78)	Data  0.37 ( 1.64)	Loss   0.69 (  0.67)	Cls Acc 100.0 (100.0)	Domain Acc 58.6 (60.6)
Test: [0/4]	Time  3.332 ( 3.332)	Loss 2.3207e+00 (2.3207e+00)	Acc@1  69.53 ( 69.53)	Acc@5  84.38 ( 84.38)
 * Acc@1 62.249 Acc@5 81.727
acc1 = 62.2, best_acc1 = 62.2
Epoch: [36][  0/500]	Time  5.14 ( 5.14)	Data  5.00 ( 5.00)	Loss   0.64 (  0.64)	Cls Acc 100.0 (100.0)	Domain Acc 68.8 (68.8)
Epoch: [36][ 50/500]	Time  0.50 ( 1.80)	Data  0.37 ( 1.67)	Loss   0.66 (  0.67)	Cls Acc 100.0 (100.0)	Domain Acc 65.2 (60.6)
Epoch: [36][100/500]	Time  0.51 ( 1.80)	Data  0.37 ( 1.66)	Loss   0.66 (  0.68)	Cls Acc 100.0 (100.0)	Domain Acc 65.6 (60.2)
Epoch: [36][150/500]	Time  5.07 ( 1.81)	Data  4.94 ( 1.67)	Loss   0.67 (  0.67)	Cls Acc 100.0 (100.0)	Domain Acc 62.1 (61.0)
Epoch: [36][200/500]	Time  0.51 ( 1.79)	Data  0.38 ( 1.65)	Loss   0.67 (  0.68)	Cls Acc 100.0 (100.0)	Domain Acc 60.5 (59.6)
Epoch: [36][250/500]	Time  0.51 ( 1.79)	Data  0.37 ( 1.66)	Loss   0.67 (  0.68)	Cls Acc 100.0 (100.0)	Domain Acc 63.3 (60.2)
Epoch: [36][300/500]	Time  5.13 ( 1.80)	Data  4.99 ( 1.66)	Loss   0.69 (  0.68)	Cls Acc 100.0 (100.0)	Domain Acc 53.1 (59.4)
Epoch: [36][350/500]	Time  0.50 ( 1.79)	Data  0.36 ( 1.65)	Loss   0.65 (  0.68)	Cls Acc 100.0 (100.0)	Domain Acc 66.8 (60.1)
Epoch: [36][400/500]	Time  0.50 ( 1.79)	Data  0.37 ( 1.65)	Loss   0.71 (  0.67)	Cls Acc 100.0 (100.0)	Domain Acc 53.9 (60.3)
Epoch: [36][450/500]	Time  5.11 ( 1.79)	Data  4.97 ( 1.66)	Loss   0.64 (  0.68)	Cls Acc 100.0 (100.0)	Domain Acc 67.2 (60.0)
Test: [0/4]	Time  3.308 ( 3.308)	Loss 2.2213e+00 (2.2213e+00)	Acc@1  71.09 ( 71.09)	Acc@5  88.28 ( 88.28)
 * Acc@1 62.048 Acc@5 79.920
acc1 = 62.0, best_acc1 = 62.2
Epoch: [37][  0/500]	Time  0.23 ( 0.23)	Data  0.09 ( 0.09)	Loss   0.69 (  0.69)	Cls Acc 100.0 (100.0)	Domain Acc 54.7 (54.7)
Epoch: [37][ 50/500]	Time  0.52 ( 1.76)	Data  0.38 ( 1.63)	Loss   0.69 (  0.70)	Cls Acc 100.0 (100.0)	Domain Acc 57.4 (55.8)
Epoch: [37][100/500]	Time  5.23 ( 1.80)	Data  5.10 ( 1.66)	Loss   0.71 (  0.68)	Cls Acc 100.0 (100.0)	Domain Acc 57.4 (59.2)
Epoch: [37][150/500]	Time  0.50 ( 1.77)	Data  0.37 ( 1.64)	Loss   0.70 (  0.69)	Cls Acc 100.0 (100.0)	Domain Acc 55.9 (57.4)
Epoch: [37][200/500]	Time  0.51 ( 1.78)	Data  0.37 ( 1.64)	Loss   0.65 (  0.68)	Cls Acc 100.0 (100.0)	Domain Acc 65.2 (59.4)
Epoch: [37][250/500]	Time  5.18 ( 1.79)	Data  5.04 ( 1.65)	Loss   0.74 (  0.68)	Cls Acc 100.0 (100.0)	Domain Acc 43.8 (58.5)
Epoch: [37][300/500]	Time  0.51 ( 1.78)	Data  0.37 ( 1.64)	Loss   0.63 (  0.68)	Cls Acc 100.0 (100.0)	Domain Acc 68.4 (59.5)
Epoch: [37][350/500]	Time  0.51 ( 1.78)	Data  0.37 ( 1.65)	Loss   0.78 (  0.68)	Cls Acc 99.2 (100.0)	Domain Acc 42.6 (59.2)
Epoch: [37][400/500]	Time  5.15 ( 1.79)	Data  5.00 ( 1.65)	Loss   0.63 (  0.68)	Cls Acc 100.0 (100.0)	Domain Acc 72.3 (59.2)
Epoch: [37][450/500]	Time  0.50 ( 1.78)	Data  0.36 ( 1.65)	Loss   0.73 (  0.68)	Cls Acc 100.0 (100.0)	Domain Acc 48.8 (59.6)
Test: [0/4]	Time  3.334 ( 3.334)	Loss 2.2659e+00 (2.2659e+00)	Acc@1  65.62 ( 65.62)	Acc@5  84.38 ( 84.38)
 * Acc@1 60.843 Acc@5 80.924
acc1 = 60.8, best_acc1 = 62.2
Epoch: [38][  0/500]	Time  0.23 ( 0.23)	Data  0.09 ( 0.09)	Loss   0.63 (  0.63)	Cls Acc 100.0 (100.0)	Domain Acc 71.5 (71.5)
Epoch: [38][ 50/500]	Time  5.14 ( 1.79)	Data  5.01 ( 1.66)	Loss   0.69 (  0.63)	Cls Acc 100.0 (100.0)	Domain Acc 55.5 (68.7)
Epoch: [38][100/500]	Time  0.50 ( 1.76)	Data  0.36 ( 1.63)	Loss   0.71 (  0.68)	Cls Acc 100.0 (100.0)	Domain Acc 63.3 (59.3)
Epoch: [38][150/500]	Time  0.51 ( 1.77)	Data  0.37 ( 1.64)	Loss   0.67 (  0.67)	Cls Acc 100.0 (100.0)	Domain Acc 59.8 (62.1)
Epoch: [38][200/500]	Time  5.10 ( 1.79)	Data  4.96 ( 1.65)	Loss   0.74 (  0.69)	Cls Acc 100.0 (100.0)	Domain Acc 53.9 (59.0)
Epoch: [38][250/500]	Time  0.50 ( 1.78)	Data  0.37 ( 1.64)	Loss   0.65 (  0.68)	Cls Acc 100.0 (100.0)	Domain Acc 64.1 (60.2)
Epoch: [38][300/500]	Time  0.50 ( 1.78)	Data  0.37 ( 1.64)	Loss   0.77 (  0.69)	Cls Acc 100.0 (100.0)	Domain Acc 47.7 (58.6)
Epoch: [38][350/500]	Time  5.36 ( 1.79)	Data  5.22 ( 1.65)	Loss   0.60 (  0.68)	Cls Acc 100.0 (100.0)	Domain Acc 71.5 (59.6)
Epoch: [38][400/500]	Time  0.50 ( 1.78)	Data  0.37 ( 1.64)	Loss   0.77 (  0.69)	Cls Acc 100.0 (100.0)	Domain Acc 43.4 (58.6)
Epoch: [38][450/500]	Time  0.50 ( 1.78)	Data  0.37 ( 1.65)	Loss   0.63 (  0.69)	Cls Acc 100.0 (100.0)	Domain Acc 70.3 (59.0)
Test: [0/4]	Time  3.337 ( 3.337)	Loss 2.4578e+00 (2.4578e+00)	Acc@1  67.19 ( 67.19)	Acc@5  80.47 ( 80.47)
 * Acc@1 61.647 Acc@5 79.518
acc1 = 61.6, best_acc1 = 62.2
Epoch: [39][  0/500]	Time  5.01 ( 5.01)	Data  4.88 ( 4.88)	Loss   0.77 (  0.77)	Cls Acc 100.0 (100.0)	Domain Acc 47.7 (47.7)
Epoch: [39][ 50/500]	Time  0.50 ( 1.80)	Data  0.36 ( 1.67)	Loss   0.62 (  0.67)	Cls Acc 100.0 (100.0)	Domain Acc 69.1 (62.0)
Epoch: [39][100/500]	Time  0.50 ( 1.80)	Data  0.37 ( 1.66)	Loss   0.79 (  0.69)	Cls Acc 100.0 (100.0)	Domain Acc 41.8 (57.9)
Epoch: [39][150/500]	Time  5.16 ( 1.81)	Data  5.02 ( 1.67)	Loss   0.63 (  0.70)	Cls Acc 100.0 (100.0)	Domain Acc 69.9 (57.1)
Epoch: [39][200/500]	Time  0.49 ( 1.79)	Data  0.36 ( 1.66)	Loss   0.75 (  0.69)	Cls Acc 100.0 (100.0)	Domain Acc 44.5 (58.4)
Epoch: [39][250/500]	Time  0.51 ( 1.79)	Data  0.37 ( 1.65)	Loss   0.67 (  0.70)	Cls Acc 100.0 (100.0)	Domain Acc 66.0 (56.6)
Epoch: [39][300/500]	Time  4.98 ( 1.80)	Data  4.84 ( 1.66)	Loss   0.71 (  0.69)	Cls Acc 100.0 (100.0)	Domain Acc 55.1 (58.1)
Epoch: [39][350/500]	Time  0.50 ( 1.79)	Data  0.36 ( 1.65)	Loss   0.68 (  0.70)	Cls Acc 100.0 (100.0)	Domain Acc 64.1 (56.9)
Epoch: [39][400/500]	Time  0.50 ( 1.79)	Data  0.37 ( 1.65)	Loss   0.66 (  0.69)	Cls Acc 100.0 (100.0)	Domain Acc 62.1 (58.2)
Epoch: [39][450/500]	Time  4.99 ( 1.79)	Data  4.85 ( 1.65)	Loss   0.73 (  0.70)	Cls Acc 100.0 (100.0)	Domain Acc 50.4 (57.3)
Test: [0/4]	Time  3.316 ( 3.316)	Loss 2.6244e+00 (2.6244e+00)	Acc@1  68.75 ( 68.75)	Acc@5  82.81 ( 82.81)
 * Acc@1 60.643 Acc@5 78.313
acc1 = 60.6, best_acc1 = 62.2
Epoch: [40][  0/500]	Time  0.22 ( 0.22)	Data  0.09 ( 0.09)	Loss   0.67 (  0.67)	Cls Acc 100.0 (100.0)	Domain Acc 64.1 (64.1)
Epoch: [40][ 50/500]	Time  0.51 ( 1.76)	Data  0.37 ( 1.63)	Loss   0.73 (  0.73)	Cls Acc 100.0 (100.0)	Domain Acc 52.7 (51.5)
Epoch: [40][100/500]	Time  5.13 ( 1.79)	Data  5.00 ( 1.65)	Loss   0.64 (  0.69)	Cls Acc 100.0 (100.0)	Domain Acc 66.0 (59.0)
Epoch: [40][150/500]	Time  0.50 ( 1.77)	Data  0.37 ( 1.63)	Loss   0.73 (  0.69)	Cls Acc 99.2 (100.0)	Domain Acc 51.2 (57.9)
Epoch: [40][200/500]	Time  0.51 ( 1.78)	Data  0.37 ( 1.64)	Loss   0.63 (  0.69)	Cls Acc 100.0 (100.0)	Domain Acc 71.1 (57.9)
Epoch: [40][250/500]	Time  5.17 ( 1.79)	Data  5.03 ( 1.65)	Loss   0.69 (  0.68)	Cls Acc 100.0 (100.0)	Domain Acc 57.0 (59.5)
Epoch: [40][300/500]	Time  0.50 ( 1.78)	Data  0.37 ( 1.64)	Loss   0.67 (  0.69)	Cls Acc 100.0 (100.0)	Domain Acc 65.2 (58.2)
Epoch: [40][350/500]	Time  0.52 ( 1.78)	Data  0.38 ( 1.64)	Loss   0.62 (  0.68)	Cls Acc 100.0 (100.0)	Domain Acc 69.9 (59.8)
Epoch: [40][400/500]	Time  5.18 ( 1.78)	Data  5.04 ( 1.65)	Loss   0.75 (  0.68)	Cls Acc 100.0 (100.0)	Domain Acc 44.5 (59.3)
Epoch: [40][450/500]	Time  0.51 ( 1.78)	Data  0.37 ( 1.64)	Loss   0.61 (  0.68)	Cls Acc 100.0 (100.0)	Domain Acc 71.5 (59.5)
Test: [0/4]	Time  3.300 ( 3.300)	Loss 2.4103e+00 (2.4103e+00)	Acc@1  67.97 ( 67.97)	Acc@5  84.38 ( 84.38)
 * Acc@1 60.643 Acc@5 78.313
acc1 = 60.6, best_acc1 = 62.2
Epoch: [41][  0/500]	Time  0.23 ( 0.23)	Data  0.09 ( 0.09)	Loss   0.74 (  0.74)	Cls Acc 100.0 (100.0)	Domain Acc 48.8 (48.8)
Epoch: [41][ 50/500]	Time  5.14 ( 1.79)	Data  5.00 ( 1.65)	Loss   0.67 (  0.73)	Cls Acc 100.0 (99.9)	Domain Acc 64.8 (50.3)
Epoch: [41][100/500]	Time  0.49 ( 1.76)	Data  0.36 ( 1.63)	Loss   0.65 (  0.68)	Cls Acc 100.0 (100.0)	Domain Acc 62.9 (59.5)
Epoch: [41][150/500]	Time  0.50 ( 1.77)	Data  0.37 ( 1.64)	Loss   0.73 (  0.69)	Cls Acc 100.0 (100.0)	Domain Acc 44.5 (57.4)
Epoch: [41][200/500]	Time  5.26 ( 1.79)	Data  5.13 ( 1.65)	Loss   0.61 (  0.69)	Cls Acc 100.0 (100.0)	Domain Acc 73.0 (58.6)
Epoch: [41][250/500]	Time  0.50 ( 1.78)	Data  0.36 ( 1.64)	Loss   0.73 (  0.68)	Cls Acc 100.0 (100.0)	Domain Acc 44.9 (59.9)
Epoch: [41][300/500]	Time  0.50 ( 1.78)	Data  0.37 ( 1.64)	Loss   0.71 (  0.69)	Cls Acc 100.0 (100.0)	Domain Acc 53.9 (57.7)
Epoch: [41][350/500]	Time  5.95 ( 1.79)	Data  5.81 ( 1.65)	Loss   0.64 (  0.68)	Cls Acc 100.0 (100.0)	Domain Acc 65.2 (59.2)
Epoch: [41][400/500]	Time  0.51 ( 1.78)	Data  0.37 ( 1.64)	Loss   0.74 (  0.68)	Cls Acc 100.0 (100.0)	Domain Acc 46.5 (58.8)
Epoch: [41][450/500]	Time  0.50 ( 1.78)	Data  0.37 ( 1.65)	Loss   0.65 (  0.68)	Cls Acc 100.0 (100.0)	Domain Acc 68.0 (58.4)
Test: [0/4]	Time  4.140 ( 4.140)	Loss 2.7281e+00 (2.7281e+00)	Acc@1  67.97 ( 67.97)	Acc@5  82.03 ( 82.03)
 * Acc@1 61.647 Acc@5 77.309
acc1 = 61.6, best_acc1 = 62.2
Epoch: [42][  0/500]	Time  5.16 ( 5.16)	Data  5.02 ( 5.02)	Loss   0.66 (  0.66)	Cls Acc 100.0 (100.0)	Domain Acc 61.7 (61.7)
Epoch: [42][ 50/500]	Time  0.50 ( 1.81)	Data  0.36 ( 1.67)	Loss   0.75 (  0.73)	Cls Acc 100.0 (100.0)	Domain Acc 44.1 (48.7)
Epoch: [42][100/500]	Time  0.52 ( 1.81)	Data  0.38 ( 1.67)	Loss   0.64 (  0.70)	Cls Acc 100.0 (100.0)	Domain Acc 66.4 (54.3)
Epoch: [42][150/500]	Time  5.07 ( 1.82)	Data  4.93 ( 1.69)	Loss   0.72 (  0.69)	Cls Acc 100.0 (100.0)	Domain Acc 51.6 (56.7)
Epoch: [42][200/500]	Time  0.50 ( 1.81)	Data  0.37 ( 1.67)	Loss   0.68 (  0.70)	Cls Acc 100.0 (100.0)	Domain Acc 58.2 (55.7)
Epoch: [42][250/500]	Time  0.51 ( 1.80)	Data  0.37 ( 1.67)	Loss   0.63 (  0.69)	Cls Acc 100.0 (100.0)	Domain Acc 71.5 (57.9)
Epoch: [42][300/500]	Time  5.02 ( 1.81)	Data  4.89 ( 1.67)	Loss   0.76 (  0.69)	Cls Acc 100.0 (100.0)	Domain Acc 41.8 (57.7)
Epoch: [42][350/500]	Time  0.50 ( 1.80)	Data  0.37 ( 1.66)	Loss   0.66 (  0.69)	Cls Acc 100.0 (100.0)	Domain Acc 63.7 (57.0)
Epoch: [42][400/500]	Time  0.51 ( 1.80)	Data  0.37 ( 1.66)	Loss   0.68 (  0.68)	Cls Acc 100.0 (100.0)	Domain Acc 57.4 (58.4)
Epoch: [42][450/500]	Time  5.09 ( 1.81)	Data  4.95 ( 1.67)	Loss   0.70 (  0.68)	Cls Acc 100.0 (100.0)	Domain Acc 57.8 (58.2)
Test: [0/4]	Time  3.328 ( 3.328)	Loss 2.5850e+00 (2.5850e+00)	Acc@1  67.19 ( 67.19)	Acc@5  79.69 ( 79.69)
 * Acc@1 62.048 Acc@5 79.920
acc1 = 62.0, best_acc1 = 62.2
Epoch: [43][  0/500]	Time  0.22 ( 0.22)	Data  0.09 ( 0.09)	Loss   0.68 (  0.68)	Cls Acc 100.0 (100.0)	Domain Acc 59.4 (59.4)
Epoch: [43][ 50/500]	Time  0.50 ( 1.77)	Data  0.37 ( 1.64)	Loss   0.68 (  0.66)	Cls Acc 100.0 (100.0)	Domain Acc 58.2 (62.5)
Epoch: [43][100/500]	Time  5.13 ( 1.80)	Data  4.99 ( 1.67)	Loss   0.72 (  0.68)	Cls Acc 100.0 (100.0)	Domain Acc 52.3 (58.9)
Epoch: [43][150/500]	Time  0.51 ( 1.78)	Data  0.37 ( 1.65)	Loss   0.65 (  0.68)	Cls Acc 100.0 (100.0)	Domain Acc 66.0 (59.4)
Epoch: [43][200/500]	Time  0.50 ( 1.78)	Data  0.37 ( 1.65)	Loss   0.65 (  0.67)	Cls Acc 100.0 (100.0)	Domain Acc 66.4 (60.5)
Epoch: [43][250/500]	Time  5.22 ( 1.80)	Data  5.08 ( 1.66)	Loss   0.72 (  0.68)	Cls Acc 100.0 (100.0)	Domain Acc 49.6 (59.0)
Epoch: [43][300/500]	Time  0.50 ( 1.79)	Data  0.36 ( 1.65)	Loss   0.62 (  0.68)	Cls Acc 100.0 (100.0)	Domain Acc 69.5 (59.7)
Epoch: [43][350/500]	Time  0.52 ( 1.79)	Data  0.39 ( 1.65)	Loss   0.66 (  0.67)	Cls Acc 100.0 (100.0)	Domain Acc 57.8 (60.9)
Epoch: [43][400/500]	Time  5.23 ( 1.80)	Data  5.10 ( 1.66)	Loss   0.71 (  0.68)	Cls Acc 100.0 (100.0)	Domain Acc 51.2 (59.9)
Epoch: [43][450/500]	Time  0.50 ( 1.79)	Data  0.36 ( 1.66)	Loss   0.64 (  0.68)	Cls Acc 100.0 (100.0)	Domain Acc 64.5 (59.8)
Test: [0/4]	Time  3.339 ( 3.339)	Loss 2.6291e+00 (2.6291e+00)	Acc@1  67.97 ( 67.97)	Acc@5  80.47 ( 80.47)
 * Acc@1 61.245 Acc@5 80.723
acc1 = 61.2, best_acc1 = 62.2
Epoch: [44][  0/500]	Time  0.23 ( 0.23)	Data  0.10 ( 0.10)	Loss   0.69 (  0.69)	Cls Acc 100.0 (100.0)	Domain Acc 55.5 (55.5)
Epoch: [44][ 50/500]	Time  5.21 ( 1.80)	Data  5.08 ( 1.66)	Loss   0.70 (  0.71)	Cls Acc 100.0 (100.0)	Domain Acc 55.9 (52.8)
Epoch: [44][100/500]	Time  0.51 ( 1.78)	Data  0.37 ( 1.64)	Loss   0.65 (  0.69)	Cls Acc 100.0 (100.0)	Domain Acc 66.8 (57.9)
Epoch: [44][150/500]	Time  0.50 ( 1.79)	Data  0.37 ( 1.65)	Loss   0.69 (  0.67)	Cls Acc 100.0 (100.0)	Domain Acc 57.0 (60.3)
Epoch: [44][200/500]	Time  5.06 ( 1.80)	Data  4.92 ( 1.66)	Loss   0.73 (  0.69)	Cls Acc 100.0 (100.0)	Domain Acc 46.9 (57.1)
Epoch: [44][250/500]	Time  0.51 ( 1.79)	Data  0.37 ( 1.65)	Loss   0.62 (  0.68)	Cls Acc 100.0 (100.0)	Domain Acc 73.4 (58.2)
Epoch: [44][300/500]	Time  0.50 ( 1.79)	Data  0.37 ( 1.66)	Loss   0.68 (  0.68)	Cls Acc 100.0 (100.0)	Domain Acc 56.6 (59.2)
Epoch: [44][350/500]	Time  5.26 ( 1.80)	Data  5.12 ( 1.66)	Loss   0.71 (  0.68)	Cls Acc 100.0 (100.0)	Domain Acc 55.1 (58.4)
Epoch: [44][400/500]	Time  0.50 ( 1.80)	Data  0.36 ( 1.66)	Loss   0.66 (  0.68)	Cls Acc 100.0 (100.0)	Domain Acc 63.3 (58.9)
Epoch: [44][450/500]	Time  0.51 ( 1.80)	Data  0.37 ( 1.66)	Loss   0.71 (  0.68)	Cls Acc 100.0 (100.0)	Domain Acc 50.4 (59.0)
Test: [0/4]	Time  3.367 ( 3.367)	Loss 2.2601e+00 (2.2601e+00)	Acc@1  68.75 ( 68.75)	Acc@5  80.47 ( 80.47)
 * Acc@1 62.048 Acc@5 78.715
acc1 = 62.0, best_acc1 = 62.2
Epoch: [45][  0/500]	Time  5.08 ( 5.08)	Data  4.95 ( 4.95)	Loss   0.67 (  0.67)	Cls Acc 100.0 (100.0)	Domain Acc 60.5 (60.5)
Epoch: [45][ 50/500]	Time  0.50 ( 1.82)	Data  0.37 ( 1.68)	Loss   0.62 (  0.64)	Cls Acc 100.0 (100.0)	Domain Acc 73.4 (67.3)
Epoch: [45][100/500]	Time  0.52 ( 1.82)	Data  0.39 ( 1.68)	Loss   0.73 (  0.66)	Cls Acc 100.0 (100.0)	Domain Acc 46.9 (63.5)
Epoch: [45][150/500]	Time  5.19 ( 1.83)	Data  5.05 ( 1.69)	Loss   0.66 (  0.67)	Cls Acc 100.0 (100.0)	Domain Acc 66.0 (60.2)
Epoch: [45][200/500]	Time  0.51 ( 1.81)	Data  0.37 ( 1.67)	Loss   0.64 (  0.66)	Cls Acc 100.0 (100.0)	Domain Acc 67.6 (62.2)
Epoch: [45][250/500]	Time  0.51 ( 1.81)	Data  0.37 ( 1.67)	Loss   0.73 (  0.67)	Cls Acc 100.0 (100.0)	Domain Acc 51.6 (60.3)
Epoch: [45][300/500]	Time  5.19 ( 1.82)	Data  5.05 ( 1.68)	Loss   0.65 (  0.68)	Cls Acc 100.0 (100.0)	Domain Acc 62.1 (60.1)
Epoch: [45][350/500]	Time  0.50 ( 1.81)	Data  0.37 ( 1.67)	Loss   0.70 (  0.67)	Cls Acc 100.0 (100.0)	Domain Acc 56.6 (60.6)
Epoch: [45][400/500]	Time  0.51 ( 1.81)	Data  0.37 ( 1.67)	Loss   0.72 (  0.68)	Cls Acc 100.0 (100.0)	Domain Acc 49.2 (59.5)
Epoch: [45][450/500]	Time  5.33 ( 1.81)	Data  5.19 ( 1.68)	Loss   0.64 (  0.68)	Cls Acc 100.0 (100.0)	Domain Acc 67.2 (59.7)
Test: [0/4]	Time  3.298 ( 3.298)	Loss 2.6648e+00 (2.6648e+00)	Acc@1  66.41 ( 66.41)	Acc@5  82.81 ( 82.81)
 * Acc@1 60.843 Acc@5 79.920
acc1 = 60.8, best_acc1 = 62.2
Epoch: [46][  0/500]	Time  0.23 ( 0.23)	Data  0.10 ( 0.10)	Loss   0.66 (  0.66)	Cls Acc 100.0 (100.0)	Domain Acc 59.0 (59.0)
Epoch: [46][ 50/500]	Time  0.51 ( 1.75)	Data  0.37 ( 1.62)	Loss   0.73 (  0.70)	Cls Acc 100.0 (100.0)	Domain Acc 52.0 (54.0)
Epoch: [46][100/500]	Time  5.26 ( 1.79)	Data  5.12 ( 1.66)	Loss   0.64 (  0.69)	Cls Acc 100.0 (100.0)	Domain Acc 64.5 (57.3)
Epoch: [46][150/500]	Time  0.51 ( 1.78)	Data  0.37 ( 1.64)	Loss   0.71 (  0.69)	Cls Acc 100.0 (100.0)	Domain Acc 52.0 (57.4)
Epoch: [46][200/500]	Time  0.51 ( 1.78)	Data  0.37 ( 1.65)	Loss   0.66 (  0.69)	Cls Acc 100.0 (100.0)	Domain Acc 64.8 (56.7)
Epoch: [46][250/500]	Time  5.01 ( 1.79)	Data  4.87 ( 1.65)	Loss   0.62 (  0.68)	Cls Acc 100.0 (100.0)	Domain Acc 71.5 (59.1)
Epoch: [46][300/500]	Time  0.50 ( 1.78)	Data  0.37 ( 1.64)	Loss   0.73 (  0.68)	Cls Acc 100.0 (100.0)	Domain Acc 50.8 (58.9)
Epoch: [46][350/500]	Time  0.51 ( 1.78)	Data  0.37 ( 1.65)	Loss   0.67 (  0.69)	Cls Acc 100.0 (100.0)	Domain Acc 66.8 (58.1)
Epoch: [46][400/500]	Time  5.16 ( 1.79)	Data  5.03 ( 1.65)	Loss   0.68 (  0.68)	Cls Acc 100.0 (100.0)	Domain Acc 60.2 (58.8)
Epoch: [46][450/500]	Time  0.50 ( 1.79)	Data  0.36 ( 1.65)	Loss   0.73 (  0.68)	Cls Acc 100.0 (100.0)	Domain Acc 46.9 (58.6)
Test: [0/4]	Time  3.324 ( 3.324)	Loss 2.7094e+00 (2.7094e+00)	Acc@1  64.84 ( 64.84)	Acc@5  81.25 ( 81.25)
 * Acc@1 60.442 Acc@5 77.108
acc1 = 60.4, best_acc1 = 62.2
Epoch: [47][  0/500]	Time  0.23 ( 0.23)	Data  0.10 ( 0.10)	Loss   0.66 (  0.66)	Cls Acc 100.0 (100.0)	Domain Acc 65.2 (65.2)
Epoch: [47][ 50/500]	Time  5.02 ( 1.79)	Data  4.88 ( 1.65)	Loss   0.65 (  0.64)	Cls Acc 100.0 (100.0)	Domain Acc 64.1 (67.3)
Epoch: [47][100/500]	Time  0.50 ( 1.77)	Data  0.37 ( 1.63)	Loss   0.74 (  0.67)	Cls Acc 100.0 (100.0)	Domain Acc 50.4 (61.5)
Epoch: [47][150/500]	Time  0.51 ( 1.77)	Data  0.37 ( 1.64)	Loss   0.67 (  0.68)	Cls Acc 100.0 (100.0)	Domain Acc 65.6 (58.8)
Epoch: [47][200/500]	Time  5.00 ( 1.79)	Data  4.86 ( 1.65)	Loss   0.63 (  0.67)	Cls Acc 100.0 (100.0)	Domain Acc 67.2 (60.7)
Epoch: [47][250/500]	Time  0.50 ( 1.78)	Data  0.37 ( 1.64)	Loss   0.70 (  0.67)	Cls Acc 100.0 (100.0)	Domain Acc 52.7 (60.5)
Epoch: [47][300/500]	Time  0.51 ( 1.78)	Data  0.38 ( 1.64)	Loss   0.66 (  0.68)	Cls Acc 100.0 (100.0)	Domain Acc 63.7 (59.7)
Epoch: [47][350/500]	Time  5.10 ( 1.79)	Data  4.97 ( 1.65)	Loss   0.64 (  0.67)	Cls Acc 100.0 (100.0)	Domain Acc 66.0 (60.7)
Epoch: [47][400/500]	Time  0.50 ( 1.78)	Data  0.37 ( 1.64)	Loss   0.72 (  0.67)	Cls Acc 100.0 (100.0)	Domain Acc 53.1 (60.5)
Epoch: [47][450/500]	Time  0.51 ( 1.78)	Data  0.37 ( 1.65)	Loss   0.68 (  0.68)	Cls Acc 100.0 (100.0)	Domain Acc 61.7 (59.6)
Test: [0/4]	Time  3.317 ( 3.317)	Loss 2.5391e+00 (2.5391e+00)	Acc@1  68.75 ( 68.75)	Acc@5  83.59 ( 83.59)
 * Acc@1 62.048 Acc@5 79.518
acc1 = 62.0, best_acc1 = 62.2
Epoch: [48][  0/500]	Time  5.06 ( 5.06)	Data  4.92 ( 4.92)	Loss   0.67 (  0.67)	Cls Acc 100.0 (100.0)	Domain Acc 60.9 (60.9)
Epoch: [48][ 50/500]	Time  0.51 ( 1.80)	Data  0.37 ( 1.67)	Loss   0.70 (  0.68)	Cls Acc 100.0 (100.0)	Domain Acc 50.0 (57.7)
Epoch: [48][100/500]	Time  0.51 ( 1.81)	Data  0.37 ( 1.67)	Loss   0.67 (  0.69)	Cls Acc 100.0 (100.0)	Domain Acc 61.3 (57.8)
Epoch: [48][150/500]	Time  5.03 ( 1.82)	Data  4.89 ( 1.69)	Loss   0.65 (  0.67)	Cls Acc 100.0 (100.0)	Domain Acc 65.2 (61.1)
Epoch: [48][200/500]	Time  0.51 ( 1.80)	Data  0.37 ( 1.66)	Loss   0.74 (  0.68)	Cls Acc 100.0 (100.0)	Domain Acc 47.7 (59.6)
Epoch: [48][250/500]	Time  0.50 ( 1.80)	Data  0.37 ( 1.66)	Loss   0.65 (  0.68)	Cls Acc 100.0 (100.0)	Domain Acc 66.8 (58.4)
Epoch: [48][300/500]	Time  5.29 ( 1.81)	Data  5.16 ( 1.67)	Loss   0.65 (  0.68)	Cls Acc 100.0 (100.0)	Domain Acc 65.2 (59.5)
Epoch: [48][350/500]	Time  0.51 ( 1.80)	Data  0.37 ( 1.66)	Loss   0.73 (  0.68)	Cls Acc 100.0 (100.0)	Domain Acc 48.8 (58.9)
Epoch: [48][400/500]	Time  0.51 ( 1.80)	Data  0.37 ( 1.66)	Loss   0.64 (  0.68)	Cls Acc 100.0 (100.0)	Domain Acc 71.5 (58.8)
Epoch: [48][450/500]	Time  5.09 ( 1.80)	Data  4.95 ( 1.67)	Loss   0.67 (  0.68)	Cls Acc 100.0 (100.0)	Domain Acc 54.7 (59.8)
Test: [0/4]	Time  3.319 ( 3.319)	Loss 2.2829e+00 (2.2829e+00)	Acc@1  67.97 ( 67.97)	Acc@5  85.94 ( 85.94)
 * Acc@1 61.245 Acc@5 78.715
acc1 = 61.2, best_acc1 = 62.2
Epoch: [49][  0/500]	Time  0.23 ( 0.23)	Data  0.09 ( 0.09)	Loss   0.76 (  0.76)	Cls Acc 100.0 (100.0)	Domain Acc 44.5 (44.5)
Epoch: [49][ 50/500]	Time  0.51 ( 1.76)	Data  0.37 ( 1.62)	Loss   0.62 (  0.67)	Cls Acc 100.0 (100.0)	Domain Acc 73.4 (62.0)
Epoch: [49][100/500]	Time  5.06 ( 1.80)	Data  4.93 ( 1.66)	Loss   0.71 (  0.66)	Cls Acc 100.0 (100.0)	Domain Acc 55.5 (63.2)
Epoch: [49][150/500]	Time  0.51 ( 1.77)	Data  0.37 ( 1.64)	Loss   0.70 (  0.69)	Cls Acc 100.0 (100.0)	Domain Acc 57.0 (58.1)
Epoch: [49][200/500]	Time  0.51 ( 1.78)	Data  0.38 ( 1.65)	Loss   0.63 (  0.68)	Cls Acc 100.0 (100.0)	Domain Acc 69.5 (60.1)
Epoch: [49][250/500]	Time  5.11 ( 1.79)	Data  4.97 ( 1.66)	Loss   0.75 (  0.68)	Cls Acc 100.0 (100.0)	Domain Acc 46.1 (60.4)
Epoch: [49][300/500]	Time  0.51 ( 1.78)	Data  0.37 ( 1.65)	Loss   0.69 (  0.69)	Cls Acc 100.0 (100.0)	Domain Acc 60.5 (58.3)
Epoch: [49][350/500]	Time  0.51 ( 1.79)	Data  0.37 ( 1.65)	Loss   0.63 (  0.68)	Cls Acc 100.0 (100.0)	Domain Acc 66.0 (59.9)
Epoch: [49][400/500]	Time  5.00 ( 1.79)	Data  4.86 ( 1.65)	Loss   0.75 (  0.68)	Cls Acc 100.0 (100.0)	Domain Acc 42.6 (59.2)
Epoch: [49][450/500]	Time  0.51 ( 1.79)	Data  0.37 ( 1.65)	Loss   0.67 (  0.69)	Cls Acc 100.0 (100.0)	Domain Acc 62.9 (58.3)
Test: [0/4]	Time  3.296 ( 3.296)	Loss 2.5389e+00 (2.5389e+00)	Acc@1  66.41 ( 66.41)	Acc@5  84.38 ( 84.38)
 * Acc@1 61.245 Acc@5 81.124
acc1 = 61.2, best_acc1 = 62.2
best_acc1 = 62.2
Test: [0/4]	Time  3.372 ( 3.372)	Loss 2.3207e+00 (2.3207e+00)	Acc@1  69.53 ( 69.53)	Acc@5  84.38 ( 84.38)
 * Acc@1 62.249 Acc@5 81.727
val_acc1 = 62.2
Test: [0/4]	Time  3.312 ( 3.312)	Loss 2.3207e+00 (2.3207e+00)	Acc@1  69.53 ( 69.53)	Acc@5  84.38 ( 84.38)
 * Acc@1 62.249 Acc@5 81.727
test_acc1 = 62.2
