Namespace(arch='resnet18', batch_size=128, bottleneck_dim=256, center_crop=False, checkmodel_logsave=False, data='Office31', data_processing='ours', epochs=50, iters_per_epoch=500, local=True, local_pretrained_path='/home/junzhin/Project/Summer_project/code/version1.0/pretrained_model_results/Resnet18_office31masked2_newmodel_best.pth.tar', log='/home/junzhin/Project/Summer_project/code/version2.0/training_results/dann/Resnet18_office31masked2/W_A', lr=0.01, lr_decay=0.75, lr_gamma=0.001, momentum=0.9, per_class_eval=False, phase='train', pretrained=True, print_freq=50, root='/home/junzhin/Project/Summer_project/code/version2.0/data/office31', seed=None, source='W', target='A', trade_off=1.0, weight_decay=0.001, workers=4)
=> using pre-trained model 'resnet18'
Epoch: [0][  0/500]	Time  2.64 ( 2.64)	Data  0.12 ( 0.12)	Loss   4.23 (  4.23)	Cls Acc 3.1 (3.1)	Domain Acc 59.0 (59.0)
Epoch: [0][ 50/500]	Time  0.51 ( 0.76)	Data  0.37 ( 0.58)	Loss   1.49 (  2.58)	Cls Acc 67.2 (38.5)	Domain Acc 93.0 (89.9)
Epoch: [0][100/500]	Time  0.51 ( 0.75)	Data  0.37 ( 0.59)	Loss   0.96 (  1.87)	Cls Acc 85.9 (56.8)	Domain Acc 95.7 (92.6)
Epoch: [0][150/500]	Time  1.63 ( 0.76)	Data  1.49 ( 0.60)	Loss   0.43 (  1.44)	Cls Acc 91.4 (67.9)	Domain Acc 97.7 (93.9)
Epoch: [0][200/500]	Time  0.50 ( 0.76)	Data  0.36 ( 0.61)	Loss   0.29 (  1.17)	Cls Acc 99.2 (75.0)	Domain Acc 97.7 (94.7)
Epoch: [0][250/500]	Time  0.51 ( 0.75)	Data  0.37 ( 0.60)	Loss   0.22 (  0.98)	Cls Acc 97.7 (79.6)	Domain Acc 96.1 (95.2)
Epoch: [0][300/500]	Time  1.67 ( 0.75)	Data  1.52 ( 0.61)	Loss   0.15 (  0.85)	Cls Acc 99.2 (82.9)	Domain Acc 98.0 (95.5)
Epoch: [0][350/500]	Time  0.51 ( 0.75)	Data  0.37 ( 0.61)	Loss   0.14 (  0.75)	Cls Acc 99.2 (85.3)	Domain Acc 96.9 (95.7)
Epoch: [0][400/500]	Time  0.51 ( 0.75)	Data  0.37 ( 0.61)	Loss   0.13 (  0.67)	Cls Acc 100.0 (87.1)	Domain Acc 97.3 (95.9)
Epoch: [0][450/500]	Time  1.66 ( 0.75)	Data  1.52 ( 0.61)	Loss   0.19 (  0.61)	Cls Acc 100.0 (88.5)	Domain Acc 94.5 (96.0)
Test: [ 0/23]	Time  1.690 ( 1.690)	Loss 3.4095e+00 (3.4095e+00)	Acc@1  19.53 ( 19.53)	Acc@5  58.59 ( 58.59)
 * Acc@1 6.496 Acc@5 22.045
acc1 = 6.5, best_acc1 = 6.5
Epoch: [1][  0/500]	Time  0.25 ( 0.25)	Data  0.10 ( 0.10)	Loss   0.56 (  0.56)	Cls Acc 100.0 (100.0)	Domain Acc 82.0 (82.0)
Epoch: [1][ 50/500]	Time  1.26 ( 0.75)	Data  1.12 ( 0.61)	Loss   0.50 (  0.68)	Cls Acc 100.0 (99.3)	Domain Acc 83.2 (84.4)
Epoch: [1][100/500]	Time  1.65 ( 0.76)	Data  1.51 ( 0.62)	Loss   0.32 (  0.51)	Cls Acc 100.0 (99.6)	Domain Acc 88.3 (86.6)
Epoch: [1][150/500]	Time  0.51 ( 0.75)	Data  0.37 ( 0.61)	Loss   0.28 (  0.44)	Cls Acc 100.0 (99.7)	Domain Acc 91.0 (87.6)
Epoch: [1][200/500]	Time  0.51 ( 0.75)	Data  0.37 ( 0.61)	Loss   0.31 (  0.41)	Cls Acc 100.0 (99.7)	Domain Acc 89.5 (87.9)
Epoch: [1][250/500]	Time  2.00 ( 0.76)	Data  1.86 ( 0.62)	Loss   0.46 (  0.41)	Cls Acc 99.2 (99.8)	Domain Acc 81.2 (87.2)
Epoch: [1][300/500]	Time  0.51 ( 0.75)	Data  0.37 ( 0.61)	Loss   0.53 (  0.46)	Cls Acc 100.0 (99.7)	Domain Acc 84.0 (85.7)
Epoch: [1][350/500]	Time  0.51 ( 0.75)	Data  0.37 ( 0.61)	Loss   0.48 (  0.48)	Cls Acc 100.0 (99.7)	Domain Acc 82.0 (84.6)
Epoch: [1][400/500]	Time  1.59 ( 0.75)	Data  1.45 ( 0.61)	Loss   0.99 (  0.50)	Cls Acc 99.2 (99.6)	Domain Acc 66.8 (83.3)
Epoch: [1][450/500]	Time  0.51 ( 0.75)	Data  0.37 ( 0.61)	Loss   0.99 (  0.55)	Cls Acc 96.9 (99.4)	Domain Acc 60.2 (81.6)
Test: [ 0/23]	Time  1.073 ( 1.073)	Loss 3.2262e+00 (3.2262e+00)	Acc@1  42.97 ( 42.97)	Acc@5  70.31 ( 70.31)
 * Acc@1 8.662 Acc@5 27.334
acc1 = 8.7, best_acc1 = 8.7
Epoch: [2][  0/500]	Time  0.24 ( 0.24)	Data  0.10 ( 0.10)	Loss   0.61 (  0.61)	Cls Acc 99.2 (99.2)	Domain Acc 72.3 (72.3)
Epoch: [2][ 50/500]	Time  1.70 ( 0.75)	Data  1.55 ( 0.61)	Loss   0.71 (  0.85)	Cls Acc 99.2 (98.4)	Domain Acc 71.9 (67.2)
Epoch: [2][100/500]	Time  1.36 ( 0.75)	Data  1.22 ( 0.61)	Loss   0.65 (  0.83)	Cls Acc 100.0 (98.6)	Domain Acc 69.9 (66.0)
Epoch: [2][150/500]	Time  0.51 ( 0.75)	Data  0.37 ( 0.61)	Loss   0.77 (  0.91)	Cls Acc 99.2 (98.5)	Domain Acc 73.8 (64.2)
Epoch: [2][200/500]	Time  1.69 ( 0.75)	Data  1.55 ( 0.61)	Loss   0.61 (  0.89)	Cls Acc 100.0 (98.4)	Domain Acc 73.4 (65.2)
Epoch: [2][250/500]	Time  0.51 ( 0.75)	Data  0.37 ( 0.61)	Loss   0.57 (  0.86)	Cls Acc 100.0 (98.5)	Domain Acc 78.5 (65.8)
Epoch: [2][300/500]	Time  0.52 ( 0.75)	Data  0.38 ( 0.61)	Loss   0.89 (  0.85)	Cls Acc 99.2 (98.6)	Domain Acc 53.9 (65.6)
Epoch: [2][350/500]	Time  1.68 ( 0.75)	Data  1.54 ( 0.62)	Loss   0.81 (  0.86)	Cls Acc 100.0 (98.6)	Domain Acc 63.7 (64.8)
Epoch: [2][400/500]	Time  0.51 ( 0.75)	Data  0.37 ( 0.61)	Loss   0.74 (  0.86)	Cls Acc 98.4 (98.6)	Domain Acc 65.2 (64.5)
Epoch: [2][450/500]	Time  0.50 ( 0.75)	Data  0.37 ( 0.61)	Loss   0.75 (  0.85)	Cls Acc 100.0 (98.6)	Domain Acc 71.9 (64.3)
Test: [ 0/23]	Time  1.038 ( 1.038)	Loss 4.5297e+00 (4.5297e+00)	Acc@1  18.75 ( 18.75)	Acc@5  46.09 ( 46.09)
 * Acc@1 6.958 Acc@5 25.950
acc1 = 7.0, best_acc1 = 8.7
Epoch: [3][  0/500]	Time  1.63 ( 1.63)	Data  1.48 ( 1.48)	Loss   0.67 (  0.67)	Cls Acc 99.2 (99.2)	Domain Acc 67.2 (67.2)
Epoch: [3][ 50/500]	Time  0.51 ( 0.76)	Data  0.37 ( 0.62)	Loss   0.85 (  0.85)	Cls Acc 99.2 (99.0)	Domain Acc 56.6 (58.9)
Epoch: [3][100/500]	Time  0.50 ( 0.75)	Data  0.37 ( 0.61)	Loss   0.65 (  0.82)	Cls Acc 99.2 (99.1)	Domain Acc 69.9 (60.3)
Epoch: [3][150/500]	Time  3.11 ( 0.76)	Data  2.97 ( 0.62)	Loss   1.09 (  0.82)	Cls Acc 100.0 (99.0)	Domain Acc 46.1 (61.0)
Epoch: [3][200/500]	Time  0.51 ( 0.75)	Data  0.37 ( 0.61)	Loss   0.72 (  0.84)	Cls Acc 99.2 (98.9)	Domain Acc 67.2 (59.5)
Epoch: [3][250/500]	Time  0.51 ( 0.75)	Data  0.37 ( 0.61)	Loss   0.88 (  0.83)	Cls Acc 99.2 (98.9)	Domain Acc 52.0 (60.1)
Epoch: [3][300/500]	Time  1.60 ( 0.75)	Data  1.46 ( 0.61)	Loss   0.65 (  0.83)	Cls Acc 99.2 (98.9)	Domain Acc 71.1 (59.7)
Epoch: [3][350/500]	Time  0.51 ( 0.75)	Data  0.38 ( 0.61)	Loss   0.63 (  0.83)	Cls Acc 100.0 (98.9)	Domain Acc 72.7 (60.0)
Epoch: [3][400/500]	Time  0.51 ( 0.75)	Data  0.37 ( 0.61)	Loss   0.75 (  0.81)	Cls Acc 99.2 (99.0)	Domain Acc 64.8 (60.4)
Epoch: [3][450/500]	Time  1.69 ( 0.75)	Data  1.55 ( 0.61)	Loss   0.91 (  0.82)	Cls Acc 98.4 (99.0)	Domain Acc 52.7 (60.1)
Test: [ 0/23]	Time  1.164 ( 1.164)	Loss 3.1034e+00 (3.1034e+00)	Acc@1  39.06 ( 39.06)	Acc@5  73.44 ( 73.44)
 * Acc@1 5.893 Acc@5 19.595
acc1 = 5.9, best_acc1 = 8.7
Epoch: [4][  0/500]	Time  0.24 ( 0.24)	Data  0.10 ( 0.10)	Loss   0.94 (  0.94)	Cls Acc 99.2 (99.2)	Domain Acc 50.0 (50.0)
Epoch: [4][ 50/500]	Time  0.50 ( 0.75)	Data  0.37 ( 0.61)	Loss   0.83 (  0.82)	Cls Acc 98.4 (99.0)	Domain Acc 58.6 (57.4)
Epoch: [4][100/500]	Time  1.66 ( 0.75)	Data  1.52 ( 0.62)	Loss   0.84 (  0.82)	Cls Acc 99.2 (99.0)	Domain Acc 50.4 (56.5)
Epoch: [4][150/500]	Time  0.51 ( 0.75)	Data  0.37 ( 0.61)	Loss   0.79 (  0.78)	Cls Acc 99.2 (99.2)	Domain Acc 59.8 (59.8)
Epoch: [4][200/500]	Time  1.31 ( 0.75)	Data  1.16 ( 0.61)	Loss   0.97 (  0.79)	Cls Acc 99.2 (99.2)	Domain Acc 54.3 (58.3)
Epoch: [4][250/500]	Time  1.64 ( 0.76)	Data  1.49 ( 0.62)	Loss   1.02 (  0.80)	Cls Acc 99.2 (99.1)	Domain Acc 41.0 (57.9)
Epoch: [4][300/500]	Time  0.51 ( 0.75)	Data  0.37 ( 0.61)	Loss   0.85 (  0.82)	Cls Acc 97.7 (99.0)	Domain Acc 54.3 (56.8)
Epoch: [4][350/500]	Time  0.51 ( 0.75)	Data  0.37 ( 0.61)	Loss   0.88 (  0.80)	Cls Acc 100.0 (99.1)	Domain Acc 47.7 (58.0)
Epoch: [4][400/500]	Time  2.04 ( 0.75)	Data  1.90 ( 0.62)	Loss   0.51 (  0.79)	Cls Acc 100.0 (99.1)	Domain Acc 78.1 (58.6)
Epoch: [4][450/500]	Time  0.51 ( 0.75)	Data  0.37 ( 0.61)	Loss   0.82 (  0.79)	Cls Acc 100.0 (99.1)	Domain Acc 55.1 (58.7)
Test: [ 0/23]	Time  1.068 ( 1.068)	Loss 3.5972e+00 (3.5972e+00)	Acc@1  36.72 ( 36.72)	Acc@5  67.19 ( 67.19)
 * Acc@1 8.449 Acc@5 25.808
acc1 = 8.4, best_acc1 = 8.7
Epoch: [5][  0/500]	Time  0.24 ( 0.24)	Data  0.10 ( 0.10)	Loss   0.64 (  0.64)	Cls Acc 100.0 (100.0)	Domain Acc 66.4 (66.4)
Epoch: [5][ 50/500]	Time  1.70 ( 0.77)	Data  1.56 ( 0.63)	Loss   0.70 (  0.74)	Cls Acc 100.0 (99.6)	Domain Acc 66.0 (60.3)
Epoch: [5][100/500]	Time  0.51 ( 0.77)	Data  0.37 ( 0.63)	Loss   0.80 (  0.72)	Cls Acc 100.0 (99.6)	Domain Acc 56.2 (62.2)
Epoch: [5][150/500]	Time  0.51 ( 0.76)	Data  0.37 ( 0.62)	Loss   0.82 (  0.73)	Cls Acc 98.4 (99.5)	Domain Acc 52.7 (61.6)
Epoch: [5][200/500]	Time  1.59 ( 0.76)	Data  1.45 ( 0.62)	Loss   0.81 (  0.74)	Cls Acc 100.0 (99.5)	Domain Acc 58.6 (61.2)
Epoch: [5][250/500]	Time  1.38 ( 0.76)	Data  1.24 ( 0.62)	Loss   0.60 (  0.75)	Cls Acc 100.0 (99.5)	Domain Acc 75.8 (60.5)
Epoch: [5][300/500]	Time  0.51 ( 0.76)	Data  0.37 ( 0.62)	Loss   0.70 (  0.74)	Cls Acc 99.2 (99.5)	Domain Acc 64.1 (61.0)
Epoch: [5][350/500]	Time  1.66 ( 0.76)	Data  1.52 ( 0.62)	Loss   0.69 (  0.74)	Cls Acc 100.0 (99.5)	Domain Acc 61.3 (61.0)
Epoch: [5][400/500]	Time  0.51 ( 0.75)	Data  0.37 ( 0.62)	Loss   0.75 (  0.73)	Cls Acc 99.2 (99.6)	Domain Acc 60.9 (61.9)
Epoch: [5][450/500]	Time  0.51 ( 0.75)	Data  0.37 ( 0.62)	Loss   0.77 (  0.72)	Cls Acc 97.7 (99.6)	Domain Acc 58.2 (62.3)
Test: [ 0/23]	Time  1.090 ( 1.090)	Loss 5.6241e+00 (5.6241e+00)	Acc@1  25.00 ( 25.00)	Acc@5  57.03 ( 57.03)
 * Acc@1 8.165 Acc@5 25.630
acc1 = 8.2, best_acc1 = 8.7
Epoch: [6][  0/500]	Time  1.67 ( 1.67)	Data  1.53 ( 1.53)	Loss   0.81 (  0.81)	Cls Acc 100.0 (100.0)	Domain Acc 49.2 (49.2)
Epoch: [6][ 50/500]	Time  0.51 ( 0.76)	Data  0.37 ( 0.62)	Loss   0.57 (  0.75)	Cls Acc 98.4 (99.5)	Domain Acc 78.1 (59.6)
Epoch: [6][100/500]	Time  0.51 ( 0.75)	Data  0.37 ( 0.61)	Loss   0.79 (  0.75)	Cls Acc 99.2 (99.5)	Domain Acc 61.3 (60.9)
Epoch: [6][150/500]	Time  1.70 ( 0.76)	Data  1.55 ( 0.62)	Loss   0.79 (  0.76)	Cls Acc 100.0 (99.4)	Domain Acc 55.5 (59.5)
Epoch: [6][200/500]	Time  0.51 ( 0.76)	Data  0.37 ( 0.62)	Loss   0.80 (  0.76)	Cls Acc 98.4 (99.4)	Domain Acc 54.7 (59.3)
Epoch: [6][250/500]	Time  0.51 ( 0.75)	Data  0.37 ( 0.61)	Loss   0.88 (  0.78)	Cls Acc 99.2 (99.3)	Domain Acc 45.7 (58.2)
Epoch: [6][300/500]	Time  3.16 ( 0.76)	Data  3.01 ( 0.62)	Loss   0.74 (  0.78)	Cls Acc 99.2 (99.3)	Domain Acc 65.2 (58.0)
Epoch: [6][350/500]	Time  0.51 ( 0.75)	Data  0.37 ( 0.62)	Loss   0.63 (  0.77)	Cls Acc 99.2 (99.4)	Domain Acc 68.0 (58.3)
Epoch: [6][400/500]	Time  0.51 ( 0.75)	Data  0.37 ( 0.61)	Loss   0.82 (  0.76)	Cls Acc 100.0 (99.4)	Domain Acc 46.5 (59.1)
Epoch: [6][450/500]	Time  1.65 ( 0.75)	Data  1.50 ( 0.62)	Loss   0.76 (  0.75)	Cls Acc 100.0 (99.4)	Domain Acc 57.8 (59.6)
Test: [ 0/23]	Time  1.440 ( 1.440)	Loss 6.2356e+00 (6.2356e+00)	Acc@1  18.75 ( 18.75)	Acc@5  38.28 ( 38.28)
 * Acc@1 8.946 Acc@5 25.595
acc1 = 8.9, best_acc1 = 8.9
Epoch: [7][  0/500]	Time  0.24 ( 0.24)	Data  0.10 ( 0.10)	Loss   0.67 (  0.67)	Cls Acc 99.2 (99.2)	Domain Acc 69.9 (69.9)
Epoch: [7][ 50/500]	Time  0.51 ( 0.73)	Data  0.37 ( 0.59)	Loss   0.70 (  0.80)	Cls Acc 99.2 (99.1)	Domain Acc 64.8 (58.2)
Epoch: [7][100/500]	Time  1.64 ( 0.75)	Data  1.50 ( 0.61)	Loss   0.69 (  0.79)	Cls Acc 100.0 (99.3)	Domain Acc 63.7 (57.8)
Epoch: [7][150/500]	Time  0.51 ( 0.74)	Data  0.38 ( 0.61)	Loss   0.81 (  0.75)	Cls Acc 100.0 (99.5)	Domain Acc 50.8 (60.2)
Epoch: [7][200/500]	Time  0.51 ( 0.75)	Data  0.37 ( 0.61)	Loss   0.56 (  0.74)	Cls Acc 100.0 (99.5)	Domain Acc 76.6 (61.1)
Epoch: [7][250/500]	Time  1.65 ( 0.75)	Data  1.51 ( 0.61)	Loss   0.82 (  0.74)	Cls Acc 100.0 (99.6)	Domain Acc 46.1 (60.5)
Epoch: [7][300/500]	Time  0.51 ( 0.75)	Data  0.37 ( 0.61)	Loss   0.54 (  0.72)	Cls Acc 99.2 (99.6)	Domain Acc 76.2 (62.5)
Epoch: [7][350/500]	Time  1.24 ( 0.75)	Data  1.10 ( 0.61)	Loss   0.82 (  0.72)	Cls Acc 98.4 (99.6)	Domain Acc 54.3 (62.0)
Epoch: [7][400/500]	Time  1.67 ( 0.75)	Data  1.52 ( 0.61)	Loss   0.82 (  0.71)	Cls Acc 99.2 (99.6)	Domain Acc 54.7 (62.7)
Epoch: [7][450/500]	Time  0.51 ( 0.75)	Data  0.37 ( 0.61)	Loss   0.68 (  0.72)	Cls Acc 100.0 (99.6)	Domain Acc 63.3 (62.3)
Test: [ 0/23]	Time  1.031 ( 1.031)	Loss 4.2914e+00 (4.2914e+00)	Acc@1  29.69 ( 29.69)	Acc@5  57.81 ( 57.81)
 * Acc@1 7.845 Acc@5 27.973
acc1 = 7.8, best_acc1 = 8.9
Epoch: [8][  0/500]	Time  0.24 ( 0.24)	Data  0.10 ( 0.10)	Loss   0.70 (  0.70)	Cls Acc 100.0 (100.0)	Domain Acc 60.9 (60.9)
Epoch: [8][ 50/500]	Time  2.71 ( 0.85)	Data  2.56 ( 0.71)	Loss   0.82 (  0.76)	Cls Acc 99.2 (99.4)	Domain Acc 51.2 (55.3)
Epoch: [8][100/500]	Time  0.50 ( 0.83)	Data  0.36 ( 0.69)	Loss   0.72 (  0.75)	Cls Acc 99.2 (99.5)	Domain Acc 65.2 (57.4)
Epoch: [8][150/500]	Time  0.50 ( 0.82)	Data  0.37 ( 0.68)	Loss   0.61 (  0.75)	Cls Acc 100.0 (99.5)	Domain Acc 71.1 (58.1)
Epoch: [8][200/500]	Time  1.61 ( 0.80)	Data  1.47 ( 0.66)	Loss   0.66 (  0.74)	Cls Acc 100.0 (99.6)	Domain Acc 66.0 (58.5)
Epoch: [8][250/500]	Time  0.51 ( 0.79)	Data  0.38 ( 0.66)	Loss   0.65 (  0.74)	Cls Acc 100.0 (99.6)	Domain Acc 66.4 (59.4)
Epoch: [8][300/500]	Time  0.51 ( 0.79)	Data  0.37 ( 0.65)	Loss   0.68 (  0.73)	Cls Acc 100.0 (99.6)	Domain Acc 63.3 (59.6)
Epoch: [8][350/500]	Time  1.64 ( 0.78)	Data  1.49 ( 0.64)	Loss   0.64 (  0.73)	Cls Acc 100.0 (99.6)	Domain Acc 68.4 (60.1)
Epoch: [8][400/500]	Time  1.39 ( 0.78)	Data  1.25 ( 0.64)	Loss   0.65 (  0.72)	Cls Acc 100.0 (99.7)	Domain Acc 63.3 (60.1)
Epoch: [8][450/500]	Time  0.51 ( 0.77)	Data  0.38 ( 0.64)	Loss   0.78 (  0.72)	Cls Acc 100.0 (99.7)	Domain Acc 50.8 (60.5)
Test: [ 0/23]	Time  1.035 ( 1.035)	Loss 5.8574e+00 (5.8574e+00)	Acc@1  21.88 ( 21.88)	Acc@5  58.59 ( 58.59)
 * Acc@1 9.052 Acc@5 27.867
acc1 = 9.1, best_acc1 = 9.1
Epoch: [9][  0/500]	Time  1.63 ( 1.63)	Data  1.49 ( 1.49)	Loss   0.53 (  0.53)	Cls Acc 100.0 (100.0)	Domain Acc 75.8 (75.8)
Epoch: [9][ 50/500]	Time  0.51 ( 0.75)	Data  0.37 ( 0.61)	Loss   0.95 (  0.71)	Cls Acc 98.4 (99.7)	Domain Acc 43.4 (60.9)
Epoch: [9][100/500]	Time  0.50 ( 0.78)	Data  0.37 ( 0.65)	Loss   0.70 (  0.69)	Cls Acc 100.0 (99.7)	Domain Acc 57.4 (63.7)
Epoch: [9][150/500]	Time  1.68 ( 0.78)	Data  1.54 ( 0.64)	Loss   0.60 (  0.69)	Cls Acc 100.0 (99.8)	Domain Acc 72.7 (63.4)
Epoch: [9][200/500]	Time  0.51 ( 0.77)	Data  0.37 ( 0.63)	Loss   0.79 (  0.69)	Cls Acc 99.2 (99.8)	Domain Acc 57.0 (63.4)
Epoch: [9][250/500]	Time  0.51 ( 0.76)	Data  0.37 ( 0.62)	Loss   0.71 (  0.69)	Cls Acc 100.0 (99.8)	Domain Acc 65.6 (62.8)
Epoch: [9][300/500]	Time  1.66 ( 0.76)	Data  1.52 ( 0.63)	Loss   0.61 (  0.68)	Cls Acc 100.0 (99.8)	Domain Acc 68.0 (63.9)
Epoch: [9][350/500]	Time  0.50 ( 0.76)	Data  0.36 ( 0.62)	Loss   0.73 (  0.68)	Cls Acc 100.0 (99.8)	Domain Acc 57.4 (63.6)
Epoch: [9][400/500]	Time  0.51 ( 0.76)	Data  0.37 ( 0.62)	Loss   0.65 (  0.68)	Cls Acc 100.0 (99.8)	Domain Acc 69.5 (64.0)
Epoch: [9][450/500]	Time  3.10 ( 0.76)	Data  2.96 ( 0.62)	Loss   0.68 (  0.69)	Cls Acc 100.0 (99.8)	Domain Acc 68.0 (63.5)
Test: [ 0/23]	Time  1.236 ( 1.236)	Loss 5.4183e+00 (5.4183e+00)	Acc@1  25.00 ( 25.00)	Acc@5  53.91 ( 53.91)
 * Acc@1 8.910 Acc@5 27.512
acc1 = 8.9, best_acc1 = 9.1
Epoch: [10][  0/500]	Time  0.24 ( 0.24)	Data  0.10 ( 0.10)	Loss   0.73 (  0.73)	Cls Acc 100.0 (100.0)	Domain Acc 55.1 (55.1)
Epoch: [10][ 50/500]	Time  0.51 ( 0.73)	Data  0.37 ( 0.59)	Loss   0.77 (  0.71)	Cls Acc 100.0 (99.8)	Domain Acc 52.3 (60.6)
Epoch: [10][100/500]	Time  1.63 ( 0.75)	Data  1.49 ( 0.61)	Loss   0.64 (  0.69)	Cls Acc 100.0 (99.8)	Domain Acc 64.5 (62.8)
Epoch: [10][150/500]	Time  0.50 ( 0.75)	Data  0.36 ( 0.61)	Loss   0.64 (  0.70)	Cls Acc 100.0 (99.8)	Domain Acc 68.0 (61.2)
Epoch: [10][200/500]	Time  0.51 ( 0.75)	Data  0.37 ( 0.61)	Loss   0.64 (  0.70)	Cls Acc 100.0 (99.8)	Domain Acc 69.9 (61.5)
Epoch: [10][250/500]	Time  1.63 ( 0.75)	Data  1.49 ( 0.61)	Loss   0.63 (  0.70)	Cls Acc 100.0 (99.8)	Domain Acc 66.0 (61.3)
Epoch: [10][300/500]	Time  0.51 ( 0.75)	Data  0.37 ( 0.61)	Loss   0.79 (  0.69)	Cls Acc 100.0 (99.8)	Domain Acc 47.7 (61.8)
Epoch: [10][350/500]	Time  0.51 ( 0.75)	Data  0.37 ( 0.61)	Loss   0.62 (  0.69)	Cls Acc 100.0 (99.8)	Domain Acc 71.5 (62.2)
Epoch: [10][400/500]	Time  2.13 ( 0.76)	Data  1.99 ( 0.62)	Loss   0.60 (  0.69)	Cls Acc 100.0 (99.8)	Domain Acc 73.0 (62.7)
Epoch: [10][450/500]	Time  0.50 ( 0.76)	Data  0.37 ( 0.62)	Loss   0.72 (  0.69)	Cls Acc 100.0 (99.8)	Domain Acc 62.5 (62.1)
Test: [ 0/23]	Time  1.391 ( 1.391)	Loss 5.2894e+00 (5.2894e+00)	Acc@1  26.56 ( 26.56)	Acc@5  64.06 ( 64.06)
 * Acc@1 10.224 Acc@5 31.203
acc1 = 10.2, best_acc1 = 10.2
Epoch: [11][  0/500]	Time  1.59 ( 1.59)	Data  1.45 ( 1.45)	Loss   0.83 (  0.83)	Cls Acc 98.4 (98.4)	Domain Acc 52.0 (52.0)
Epoch: [11][ 50/500]	Time  1.70 ( 0.88)	Data  1.56 ( 0.74)	Loss   0.60 (  0.80)	Cls Acc 100.0 (99.5)	Domain Acc 74.2 (55.8)
Epoch: [11][100/500]	Time  0.51 ( 0.84)	Data  0.37 ( 0.70)	Loss   0.81 (  0.77)	Cls Acc 99.2 (99.5)	Domain Acc 55.5 (57.5)
Epoch: [11][150/500]	Time  0.51 ( 0.82)	Data  0.37 ( 0.68)	Loss   0.87 (  0.75)	Cls Acc 100.0 (99.5)	Domain Acc 48.8 (59.2)
Epoch: [11][200/500]	Time  2.04 ( 0.82)	Data  1.90 ( 0.68)	Loss   0.74 (  0.77)	Cls Acc 100.0 (99.5)	Domain Acc 55.9 (57.4)
Epoch: [11][250/500]	Time  0.51 ( 0.80)	Data  0.37 ( 0.66)	Loss   0.74 (  0.76)	Cls Acc 100.0 (99.6)	Domain Acc 59.4 (57.9)
Epoch: [11][300/500]	Time  0.50 ( 0.79)	Data  0.37 ( 0.65)	Loss   0.76 (  0.75)	Cls Acc 99.2 (99.6)	Domain Acc 53.9 (57.9)
Epoch: [11][350/500]	Time  1.74 ( 0.79)	Data  1.60 ( 0.65)	Loss   0.85 (  0.74)	Cls Acc 98.4 (99.6)	Domain Acc 50.0 (59.0)
Epoch: [11][400/500]	Time  0.51 ( 0.78)	Data  0.37 ( 0.64)	Loss   0.56 (  0.74)	Cls Acc 100.0 (99.6)	Domain Acc 73.8 (59.4)
Epoch: [11][450/500]	Time  0.51 ( 0.78)	Data  0.37 ( 0.64)	Loss   0.78 (  0.73)	Cls Acc 100.0 (99.6)	Domain Acc 55.5 (60.2)
Test: [ 0/23]	Time  1.035 ( 1.035)	Loss 5.9667e+00 (5.9667e+00)	Acc@1  21.88 ( 21.88)	Acc@5  47.66 ( 47.66)
 * Acc@1 9.940 Acc@5 28.718
acc1 = 9.9, best_acc1 = 10.2
Epoch: [12][  0/500]	Time  1.66 ( 1.66)	Data  1.52 ( 1.52)	Loss   0.64 (  0.64)	Cls Acc 100.0 (100.0)	Domain Acc 64.8 (64.8)
Epoch: [12][ 50/500]	Time  1.44 ( 0.81)	Data  1.30 ( 0.67)	Loss   0.71 (  0.69)	Cls Acc 100.0 (99.9)	Domain Acc 59.8 (62.4)
Epoch: [12][100/500]	Time  0.50 ( 0.80)	Data  0.37 ( 0.66)	Loss   0.69 (  0.70)	Cls Acc 100.0 (99.9)	Domain Acc 60.9 (61.5)
Epoch: [12][150/500]	Time  1.67 ( 0.81)	Data  1.53 ( 0.67)	Loss   0.68 (  0.68)	Cls Acc 99.2 (99.9)	Domain Acc 66.8 (63.9)
Epoch: [12][200/500]	Time  0.51 ( 0.79)	Data  0.37 ( 0.66)	Loss   0.70 (  0.69)	Cls Acc 100.0 (99.9)	Domain Acc 59.8 (62.4)
Epoch: [12][250/500]	Time  0.52 ( 0.79)	Data  0.38 ( 0.65)	Loss   0.67 (  0.69)	Cls Acc 100.0 (99.9)	Domain Acc 63.3 (62.9)
Epoch: [12][300/500]	Time  1.65 ( 0.78)	Data  1.50 ( 0.65)	Loss   0.65 (  0.68)	Cls Acc 99.2 (99.9)	Domain Acc 69.5 (63.0)
Epoch: [12][350/500]	Time  0.51 ( 0.79)	Data  0.37 ( 0.65)	Loss   0.68 (  0.68)	Cls Acc 100.0 (99.9)	Domain Acc 60.9 (63.0)
Epoch: [12][400/500]	Time  0.51 ( 0.78)	Data  0.37 ( 0.64)	Loss   0.76 (  0.68)	Cls Acc 100.0 (99.9)	Domain Acc 52.7 (63.0)
Epoch: [12][450/500]	Time  1.67 ( 0.78)	Data  1.53 ( 0.64)	Loss   0.61 (  0.69)	Cls Acc 100.0 (99.9)	Domain Acc 68.0 (62.6)
Test: [ 0/23]	Time  1.184 ( 1.184)	Loss 5.3585e+00 (5.3585e+00)	Acc@1  22.66 ( 22.66)	Acc@5  58.59 ( 58.59)
 * Acc@1 9.230 Acc@5 29.322
acc1 = 9.2, best_acc1 = 10.2
Epoch: [13][  0/500]	Time  0.24 ( 0.24)	Data  0.10 ( 0.10)	Loss   0.71 (  0.71)	Cls Acc 100.0 (100.0)	Domain Acc 62.1 (62.1)
Epoch: [13][ 50/500]	Time  0.50 ( 0.73)	Data  0.36 ( 0.59)	Loss   0.61 (  0.68)	Cls Acc 100.0 (99.7)	Domain Acc 73.0 (64.5)
Epoch: [13][100/500]	Time  3.15 ( 0.76)	Data  2.99 ( 0.62)	Loss   0.75 (  0.70)	Cls Acc 100.0 (99.7)	Domain Acc 53.1 (61.4)
Epoch: [13][150/500]	Time  0.51 ( 0.75)	Data  0.37 ( 0.61)	Loss   0.66 (  0.68)	Cls Acc 100.0 (99.8)	Domain Acc 70.7 (63.9)
Epoch: [13][200/500]	Time  0.51 ( 0.76)	Data  0.37 ( 0.62)	Loss   0.67 (  0.70)	Cls Acc 100.0 (99.8)	Domain Acc 59.8 (62.0)
Epoch: [13][250/500]	Time  1.99 ( 0.77)	Data  1.84 ( 0.64)	Loss   0.84 (  0.70)	Cls Acc 99.2 (99.8)	Domain Acc 48.8 (61.8)
Epoch: [13][300/500]	Time  0.50 ( 0.78)	Data  0.36 ( 0.64)	Loss   0.67 (  0.71)	Cls Acc 100.0 (99.8)	Domain Acc 65.6 (61.1)
Epoch: [13][350/500]	Time  0.51 ( 0.78)	Data  0.37 ( 0.65)	Loss   0.72 (  0.70)	Cls Acc 100.0 (99.8)	Domain Acc 59.0 (61.9)
Epoch: [13][400/500]	Time  1.81 ( 0.79)	Data  1.67 ( 0.65)	Loss   0.66 (  0.70)	Cls Acc 99.2 (99.8)	Domain Acc 63.7 (61.1)
Epoch: [13][450/500]	Time  0.51 ( 0.79)	Data  0.37 ( 0.65)	Loss   0.71 (  0.70)	Cls Acc 100.0 (99.8)	Domain Acc 59.4 (61.2)
Test: [ 0/23]	Time  1.060 ( 1.060)	Loss 5.8170e+00 (5.8170e+00)	Acc@1  28.91 ( 28.91)	Acc@5  62.50 ( 62.50)
 * Acc@1 10.011 Acc@5 27.299
acc1 = 10.0, best_acc1 = 10.2
Epoch: [14][  0/500]	Time  0.23 ( 0.23)	Data  0.10 ( 0.10)	Loss   0.67 (  0.67)	Cls Acc 100.0 (100.0)	Domain Acc 66.8 (66.8)
Epoch: [14][ 50/500]	Time  1.61 ( 0.74)	Data  1.46 ( 0.60)	Loss   0.65 (  0.70)	Cls Acc 100.0 (99.9)	Domain Acc 67.2 (62.6)
Epoch: [14][100/500]	Time  0.50 ( 0.74)	Data  0.36 ( 0.60)	Loss   0.82 (  0.69)	Cls Acc 99.2 (99.8)	Domain Acc 50.4 (63.3)
Epoch: [14][150/500]	Time  1.44 ( 0.75)	Data  1.30 ( 0.61)	Loss   0.60 (  0.70)	Cls Acc 100.0 (99.8)	Domain Acc 75.4 (61.5)
Epoch: [14][200/500]	Time  1.66 ( 0.75)	Data  1.51 ( 0.61)	Loss   0.81 (  0.69)	Cls Acc 100.0 (99.8)	Domain Acc 47.3 (62.3)
Epoch: [14][250/500]	Time  0.52 ( 0.75)	Data  0.38 ( 0.61)	Loss   0.57 (  0.70)	Cls Acc 100.0 (99.8)	Domain Acc 73.0 (61.6)
Epoch: [14][300/500]	Time  0.51 ( 0.76)	Data  0.37 ( 0.62)	Loss   0.67 (  0.68)	Cls Acc 100.0 (99.8)	Domain Acc 66.0 (63.4)
Epoch: [14][350/500]	Time  2.04 ( 0.77)	Data  1.89 ( 0.63)	Loss   0.71 (  0.69)	Cls Acc 99.2 (99.8)	Domain Acc 64.8 (62.1)
Epoch: [14][400/500]	Time  0.51 ( 0.77)	Data  0.37 ( 0.63)	Loss   0.68 (  0.69)	Cls Acc 100.0 (99.8)	Domain Acc 63.3 (62.9)
Epoch: [14][450/500]	Time  0.51 ( 0.76)	Data  0.37 ( 0.62)	Loss   0.69 (  0.69)	Cls Acc 99.2 (99.8)	Domain Acc 64.5 (62.2)
Test: [ 0/23]	Time  1.025 ( 1.025)	Loss 6.5287e+00 (6.5287e+00)	Acc@1  19.53 ( 19.53)	Acc@5  50.00 ( 50.00)
 * Acc@1 8.839 Acc@5 27.831
acc1 = 8.8, best_acc1 = 10.2
Epoch: [15][  0/500]	Time  1.64 ( 1.64)	Data  1.50 ( 1.50)	Loss   0.77 (  0.77)	Cls Acc 99.2 (99.2)	Domain Acc 57.4 (57.4)
Epoch: [15][ 50/500]	Time  0.51 ( 0.78)	Data  0.37 ( 0.64)	Loss   0.65 (  0.75)	Cls Acc 100.0 (99.8)	Domain Acc 64.1 (56.0)
Epoch: [15][100/500]	Time  0.50 ( 0.76)	Data  0.36 ( 0.62)	Loss   0.70 (  0.68)	Cls Acc 100.0 (99.8)	Domain Acc 60.5 (62.7)
Epoch: [15][150/500]	Time  1.64 ( 0.76)	Data  1.50 ( 0.62)	Loss   0.64 (  0.69)	Cls Acc 100.0 (99.8)	Domain Acc 67.6 (62.1)
Epoch: [15][200/500]	Time  1.34 ( 0.76)	Data  1.20 ( 0.62)	Loss   0.73 (  0.70)	Cls Acc 100.0 (99.8)	Domain Acc 54.7 (61.0)
Epoch: [15][250/500]	Time  0.50 ( 0.76)	Data  0.37 ( 0.62)	Loss   0.59 (  0.68)	Cls Acc 100.0 (99.9)	Domain Acc 71.9 (62.7)
Epoch: [15][300/500]	Time  1.70 ( 0.76)	Data  1.55 ( 0.62)	Loss   0.73 (  0.69)	Cls Acc 99.2 (99.9)	Domain Acc 61.7 (61.8)
Epoch: [15][350/500]	Time  0.51 ( 0.75)	Data  0.37 ( 0.62)	Loss   0.63 (  0.68)	Cls Acc 100.0 (99.9)	Domain Acc 68.0 (62.7)
Epoch: [15][400/500]	Time  0.51 ( 0.75)	Data  0.38 ( 0.62)	Loss   0.66 (  0.69)	Cls Acc 100.0 (99.9)	Domain Acc 68.0 (62.0)
Epoch: [15][450/500]	Time  1.68 ( 0.76)	Data  1.53 ( 0.62)	Loss   0.66 (  0.68)	Cls Acc 100.0 (99.9)	Domain Acc 66.4 (62.6)
Test: [ 0/23]	Time  1.857 ( 1.857)	Loss 6.8483e+00 (6.8483e+00)	Acc@1  12.50 ( 12.50)	Acc@5  36.72 ( 36.72)
 * Acc@1 9.656 Acc@5 27.441
acc1 = 9.7, best_acc1 = 10.2
Epoch: [16][  0/500]	Time  0.23 ( 0.23)	Data  0.10 ( 0.10)	Loss   0.73 (  0.73)	Cls Acc 100.0 (100.0)	Domain Acc 58.2 (58.2)
Epoch: [16][ 50/500]	Time  0.51 ( 0.74)	Data  0.37 ( 0.60)	Loss   0.76 (  0.64)	Cls Acc 100.0 (99.9)	Domain Acc 55.5 (68.1)
Epoch: [16][100/500]	Time  1.65 ( 0.79)	Data  1.51 ( 0.65)	Loss   0.68 (  0.72)	Cls Acc 100.0 (99.9)	Domain Acc 65.2 (59.4)
Epoch: [16][150/500]	Time  0.51 ( 0.77)	Data  0.37 ( 0.63)	Loss   0.62 (  0.68)	Cls Acc 100.0 (99.9)	Domain Acc 68.4 (63.9)
Epoch: [16][200/500]	Time  0.51 ( 0.76)	Data  0.37 ( 0.62)	Loss   0.75 (  0.69)	Cls Acc 100.0 (99.9)	Domain Acc 56.2 (62.3)
Epoch: [16][250/500]	Time  3.21 ( 0.77)	Data  3.06 ( 0.63)	Loss   0.61 (  0.69)	Cls Acc 100.0 (99.9)	Domain Acc 69.1 (62.7)
Epoch: [16][300/500]	Time  0.50 ( 0.76)	Data  0.37 ( 0.62)	Loss   0.77 (  0.69)	Cls Acc 97.7 (99.9)	Domain Acc 60.5 (62.1)
Epoch: [16][350/500]	Time  0.51 ( 0.76)	Data  0.37 ( 0.62)	Loss   0.71 (  0.69)	Cls Acc 100.0 (99.9)	Domain Acc 58.6 (62.7)
Epoch: [16][400/500]	Time  1.64 ( 0.76)	Data  1.50 ( 0.62)	Loss   0.71 (  0.69)	Cls Acc 99.2 (99.9)	Domain Acc 60.9 (62.5)
Epoch: [16][450/500]	Time  0.50 ( 0.76)	Data  0.36 ( 0.62)	Loss   0.66 (  0.69)	Cls Acc 100.0 (99.9)	Domain Acc 65.2 (62.8)
Test: [ 0/23]	Time  1.048 ( 1.048)	Loss 5.1129e+00 (5.1129e+00)	Acc@1  28.12 ( 28.12)	Acc@5  69.53 ( 69.53)
 * Acc@1 9.940 Acc@5 30.564
acc1 = 9.9, best_acc1 = 10.2
Epoch: [17][  0/500]	Time  0.24 ( 0.24)	Data  0.10 ( 0.10)	Loss   0.67 (  0.67)	Cls Acc 100.0 (100.0)	Domain Acc 66.8 (66.8)
Epoch: [17][ 50/500]	Time  1.66 ( 0.76)	Data  1.52 ( 0.62)	Loss   0.69 (  0.65)	Cls Acc 99.2 (99.9)	Domain Acc 63.7 (67.9)
Epoch: [17][100/500]	Time  0.51 ( 0.75)	Data  0.37 ( 0.61)	Loss   0.74 (  0.68)	Cls Acc 100.0 (99.9)	Domain Acc 53.5 (63.2)
Epoch: [17][150/500]	Time  0.51 ( 0.75)	Data  0.37 ( 0.61)	Loss   0.62 (  0.67)	Cls Acc 100.0 (99.9)	Domain Acc 69.5 (64.8)
Epoch: [17][200/500]	Time  1.65 ( 0.75)	Data  1.50 ( 0.61)	Loss   0.75 (  0.68)	Cls Acc 100.0 (99.9)	Domain Acc 62.5 (63.5)
Epoch: [17][250/500]	Time  0.51 ( 0.75)	Data  0.37 ( 0.61)	Loss   0.64 (  0.68)	Cls Acc 100.0 (99.9)	Domain Acc 63.3 (64.0)
Epoch: [17][300/500]	Time  1.26 ( 0.75)	Data  1.12 ( 0.61)	Loss   0.72 (  0.68)	Cls Acc 100.0 (99.9)	Domain Acc 58.2 (63.7)
Epoch: [17][350/500]	Time  1.67 ( 0.75)	Data  1.53 ( 0.61)	Loss   0.70 (  0.68)	Cls Acc 100.0 (99.9)	Domain Acc 55.5 (62.9)
Epoch: [17][400/500]	Time  0.51 ( 0.75)	Data  0.37 ( 0.61)	Loss   0.64 (  0.68)	Cls Acc 100.0 (99.9)	Domain Acc 67.2 (63.5)
Epoch: [17][450/500]	Time  0.51 ( 0.75)	Data  0.37 ( 0.61)	Loss   0.68 (  0.68)	Cls Acc 100.0 (99.9)	Domain Acc 62.1 (63.4)
Test: [ 0/23]	Time  1.384 ( 1.384)	Loss 5.8297e+00 (5.8297e+00)	Acc@1  25.78 ( 25.78)	Acc@5  64.06 ( 64.06)
 * Acc@1 10.366 Acc@5 30.529
acc1 = 10.4, best_acc1 = 10.4
Epoch: [18][  0/500]	Time  1.77 ( 1.77)	Data  1.63 ( 1.63)	Loss   0.67 (  0.67)	Cls Acc 100.0 (100.0)	Domain Acc 66.4 (66.4)
Epoch: [18][ 50/500]	Time  0.51 ( 0.78)	Data  0.37 ( 0.64)	Loss   0.61 (  0.66)	Cls Acc 99.2 (99.9)	Domain Acc 72.3 (65.8)
Epoch: [18][100/500]	Time  0.50 ( 0.77)	Data  0.36 ( 0.63)	Loss   0.74 (  0.66)	Cls Acc 100.0 (99.9)	Domain Acc 57.8 (65.5)
Epoch: [18][150/500]	Time  1.74 ( 0.78)	Data  1.60 ( 0.64)	Loss   0.63 (  0.66)	Cls Acc 100.0 (99.9)	Domain Acc 67.6 (65.3)
Epoch: [18][200/500]	Time  0.51 ( 0.78)	Data  0.38 ( 0.64)	Loss   0.67 (  0.66)	Cls Acc 100.0 (99.9)	Domain Acc 61.3 (65.2)
Epoch: [18][250/500]	Time  0.51 ( 0.77)	Data  0.37 ( 0.63)	Loss   0.65 (  0.66)	Cls Acc 100.0 (99.9)	Domain Acc 63.3 (65.2)
Epoch: [18][300/500]	Time  1.62 ( 0.77)	Data  1.48 ( 0.63)	Loss   0.70 (  0.66)	Cls Acc 99.2 (99.9)	Domain Acc 61.7 (64.7)
Epoch: [18][350/500]	Time  1.34 ( 0.77)	Data  1.20 ( 0.63)	Loss   0.72 (  0.67)	Cls Acc 98.4 (99.9)	Domain Acc 60.2 (64.3)
Epoch: [18][400/500]	Time  0.51 ( 0.77)	Data  0.37 ( 0.63)	Loss   0.64 (  0.66)	Cls Acc 100.0 (99.9)	Domain Acc 67.2 (64.9)
Epoch: [18][450/500]	Time  1.76 ( 0.77)	Data  1.62 ( 0.63)	Loss   0.61 (  0.66)	Cls Acc 100.0 (99.9)	Domain Acc 66.8 (65.4)
Test: [ 0/23]	Time  1.098 ( 1.098)	Loss 4.8632e+00 (4.8632e+00)	Acc@1  30.47 ( 30.47)	Acc@5  75.00 ( 75.00)
 * Acc@1 10.295 Acc@5 30.777
acc1 = 10.3, best_acc1 = 10.4
Epoch: [19][  0/500]	Time  0.24 ( 0.24)	Data  0.10 ( 0.10)	Loss   0.74 (  0.74)	Cls Acc 99.2 (99.2)	Domain Acc 56.2 (56.2)
Epoch: [19][ 50/500]	Time  0.52 ( 0.75)	Data  0.38 ( 0.61)	Loss   0.63 (  0.66)	Cls Acc 100.0 (99.9)	Domain Acc 66.0 (64.6)
Epoch: [19][100/500]	Time  1.68 ( 0.75)	Data  1.54 ( 0.62)	Loss   0.72 (  0.67)	Cls Acc 100.0 (99.8)	Domain Acc 61.3 (63.7)
Epoch: [19][150/500]	Time  0.51 ( 0.75)	Data  0.37 ( 0.61)	Loss   0.73 (  0.67)	Cls Acc 100.0 (99.8)	Domain Acc 57.8 (63.6)
Epoch: [19][200/500]	Time  0.51 ( 0.74)	Data  0.37 ( 0.61)	Loss   0.61 (  0.67)	Cls Acc 100.0 (99.8)	Domain Acc 70.7 (64.1)
Epoch: [19][250/500]	Time  1.70 ( 0.75)	Data  1.56 ( 0.61)	Loss   0.68 (  0.66)	Cls Acc 100.0 (99.9)	Domain Acc 60.2 (64.6)
Epoch: [19][300/500]	Time  0.51 ( 0.75)	Data  0.37 ( 0.61)	Loss   0.63 (  0.66)	Cls Acc 100.0 (99.9)	Domain Acc 65.2 (64.7)
Epoch: [19][350/500]	Time  0.51 ( 0.75)	Data  0.37 ( 0.61)	Loss   0.69 (  0.66)	Cls Acc 100.0 (99.9)	Domain Acc 59.4 (64.5)
Epoch: [19][400/500]	Time  3.99 ( 0.76)	Data  3.85 ( 0.62)	Loss   0.61 (  0.66)	Cls Acc 100.0 (99.9)	Domain Acc 69.5 (64.8)
Epoch: [19][450/500]	Time  0.51 ( 0.76)	Data  0.37 ( 0.62)	Loss   0.65 (  0.66)	Cls Acc 100.0 (99.9)	Domain Acc 64.5 (65.0)
Test: [ 0/23]	Time  1.435 ( 1.435)	Loss 4.6574e+00 (4.6574e+00)	Acc@1  28.12 ( 28.12)	Acc@5  75.00 ( 75.00)
 * Acc@1 10.792 Acc@5 30.600
acc1 = 10.8, best_acc1 = 10.8
Epoch: [20][  0/500]	Time  0.23 ( 0.23)	Data  0.10 ( 0.10)	Loss   0.71 (  0.71)	Cls Acc 100.0 (100.0)	Domain Acc 58.2 (58.2)
Epoch: [20][ 50/500]	Time  1.75 ( 0.82)	Data  1.61 ( 0.68)	Loss   0.60 (  0.64)	Cls Acc 100.0 (99.8)	Domain Acc 74.6 (68.6)
Epoch: [20][100/500]	Time  0.50 ( 0.83)	Data  0.36 ( 0.69)	Loss   0.71 (  0.66)	Cls Acc 100.0 (99.9)	Domain Acc 58.6 (66.1)
Epoch: [20][150/500]	Time  0.51 ( 0.81)	Data  0.37 ( 0.67)	Loss   0.71 (  0.67)	Cls Acc 100.0 (99.8)	Domain Acc 62.1 (64.3)
Epoch: [20][200/500]	Time  1.65 ( 0.80)	Data  1.51 ( 0.66)	Loss   0.63 (  0.67)	Cls Acc 100.0 (99.8)	Domain Acc 71.5 (64.8)
Epoch: [20][250/500]	Time  0.51 ( 0.79)	Data  0.37 ( 0.65)	Loss   0.79 (  0.67)	Cls Acc 100.0 (99.9)	Domain Acc 53.1 (64.7)
Epoch: [20][300/500]	Time  0.51 ( 0.78)	Data  0.37 ( 0.64)	Loss   0.56 (  0.68)	Cls Acc 100.0 (99.8)	Domain Acc 74.2 (64.0)
Epoch: [20][350/500]	Time  1.64 ( 0.78)	Data  1.50 ( 0.64)	Loss   0.70 (  0.67)	Cls Acc 100.0 (99.8)	Domain Acc 58.6 (64.4)
Epoch: [20][400/500]	Time  0.51 ( 0.77)	Data  0.37 ( 0.63)	Loss   0.65 (  0.67)	Cls Acc 100.0 (99.8)	Domain Acc 67.2 (64.1)
Epoch: [20][450/500]	Time  1.27 ( 0.77)	Data  1.13 ( 0.63)	Loss   0.62 (  0.67)	Cls Acc 100.0 (99.8)	Domain Acc 72.3 (64.7)
Test: [ 0/23]	Time  1.435 ( 1.435)	Loss 6.1024e+00 (6.1024e+00)	Acc@1  21.88 ( 21.88)	Acc@5  59.38 ( 59.38)
 * Acc@1 9.869 Acc@5 28.541
acc1 = 9.9, best_acc1 = 10.8
Epoch: [21][  0/500]	Time  2.08 ( 2.08)	Data  1.93 ( 1.93)	Loss   0.74 (  0.74)	Cls Acc 99.2 (99.2)	Domain Acc 57.4 (57.4)
Epoch: [21][ 50/500]	Time  0.51 ( 0.81)	Data  0.37 ( 0.67)	Loss   0.67 (  0.66)	Cls Acc 100.0 (99.9)	Domain Acc 63.3 (66.4)
Epoch: [21][100/500]	Time  0.51 ( 0.78)	Data  0.37 ( 0.64)	Loss   0.79 (  0.71)	Cls Acc 100.0 (99.8)	Domain Acc 50.4 (61.3)
Epoch: [21][150/500]	Time  2.01 ( 0.78)	Data  1.86 ( 0.64)	Loss   0.60 (  0.69)	Cls Acc 100.0 (99.8)	Domain Acc 69.9 (62.9)
Epoch: [21][200/500]	Time  0.51 ( 0.77)	Data  0.37 ( 0.63)	Loss   0.77 (  0.70)	Cls Acc 100.0 (99.8)	Domain Acc 52.0 (61.8)
Epoch: [21][250/500]	Time  0.51 ( 0.76)	Data  0.37 ( 0.62)	Loss   0.61 (  0.69)	Cls Acc 100.0 (99.8)	Domain Acc 72.7 (62.9)
Epoch: [21][300/500]	Time  1.75 ( 0.76)	Data  1.61 ( 0.62)	Loss   0.68 (  0.69)	Cls Acc 99.2 (99.8)	Domain Acc 64.5 (62.5)
Epoch: [21][350/500]	Time  0.51 ( 0.76)	Data  0.37 ( 0.62)	Loss   0.63 (  0.69)	Cls Acc 100.0 (99.8)	Domain Acc 70.3 (63.2)
Epoch: [21][400/500]	Time  0.51 ( 0.76)	Data  0.37 ( 0.62)	Loss   0.69 (  0.69)	Cls Acc 100.0 (99.8)	Domain Acc 60.9 (62.9)
Epoch: [21][450/500]	Time  1.61 ( 0.76)	Data  1.47 ( 0.62)	Loss   0.60 (  0.68)	Cls Acc 100.0 (99.8)	Domain Acc 70.7 (63.3)
Test: [ 0/23]	Time  1.311 ( 1.311)	Loss 5.0034e+00 (5.0034e+00)	Acc@1  23.44 ( 23.44)	Acc@5  67.19 ( 67.19)
 * Acc@1 9.336 Acc@5 27.370
acc1 = 9.3, best_acc1 = 10.8
Epoch: [22][  0/500]	Time  1.26 ( 1.26)	Data  1.12 ( 1.12)	Loss   0.72 (  0.72)	Cls Acc 100.0 (100.0)	Domain Acc 61.7 (61.7)
Epoch: [22][ 50/500]	Time  0.51 ( 0.75)	Data  0.38 ( 0.61)	Loss   0.66 (  0.63)	Cls Acc 100.0 (100.0)	Domain Acc 67.6 (69.6)
Epoch: [22][100/500]	Time  1.65 ( 0.75)	Data  1.51 ( 0.62)	Loss   0.78 (  0.67)	Cls Acc 99.2 (99.9)	Domain Acc 53.5 (64.3)
Epoch: [22][150/500]	Time  0.51 ( 0.75)	Data  0.38 ( 0.61)	Loss   0.58 (  0.66)	Cls Acc 100.0 (99.9)	Domain Acc 75.4 (65.3)
Epoch: [22][200/500]	Time  0.52 ( 0.75)	Data  0.38 ( 0.61)	Loss   0.70 (  0.66)	Cls Acc 100.0 (99.9)	Domain Acc 60.2 (64.7)
Epoch: [22][250/500]	Time  1.61 ( 0.75)	Data  1.47 ( 0.61)	Loss   0.59 (  0.67)	Cls Acc 100.0 (99.9)	Domain Acc 69.5 (64.6)
Epoch: [22][300/500]	Time  0.51 ( 0.75)	Data  0.37 ( 0.61)	Loss   0.78 (  0.67)	Cls Acc 100.0 (99.9)	Domain Acc 50.0 (63.9)
Epoch: [22][350/500]	Time  0.51 ( 0.74)	Data  0.37 ( 0.61)	Loss   0.68 (  0.67)	Cls Acc 99.2 (99.9)	Domain Acc 65.2 (63.7)
Epoch: [22][400/500]	Time  1.65 ( 0.75)	Data  1.51 ( 0.61)	Loss   0.70 (  0.67)	Cls Acc 100.0 (99.9)	Domain Acc 63.3 (63.6)
Epoch: [22][450/500]	Time  0.51 ( 0.75)	Data  0.37 ( 0.61)	Loss   0.68 (  0.67)	Cls Acc 100.0 (99.9)	Domain Acc 58.6 (63.7)
Test: [ 0/23]	Time  1.040 ( 1.040)	Loss 4.5301e+00 (4.5301e+00)	Acc@1  27.34 ( 27.34)	Acc@5  74.22 ( 74.22)
 * Acc@1 10.295 Acc@5 28.506
acc1 = 10.3, best_acc1 = 10.8
Epoch: [23][  0/500]	Time  0.23 ( 0.23)	Data  0.09 ( 0.09)	Loss   0.63 (  0.63)	Cls Acc 100.0 (100.0)	Domain Acc 71.5 (71.5)
Epoch: [23][ 50/500]	Time  3.20 ( 0.77)	Data  3.05 ( 0.63)	Loss   0.59 (  0.58)	Cls Acc 100.0 (100.0)	Domain Acc 72.7 (73.2)
Epoch: [23][100/500]	Time  0.51 ( 0.75)	Data  0.38 ( 0.61)	Loss   0.80 (  0.65)	Cls Acc 100.0 (99.9)	Domain Acc 50.0 (66.0)
Epoch: [23][150/500]	Time  0.51 ( 0.75)	Data  0.37 ( 0.61)	Loss   0.55 (  0.65)	Cls Acc 100.0 (99.9)	Domain Acc 78.9 (66.7)
Epoch: [23][200/500]	Time  1.64 ( 0.75)	Data  1.50 ( 0.61)	Loss   0.83 (  0.67)	Cls Acc 100.0 (99.9)	Domain Acc 43.4 (64.6)
Epoch: [23][250/500]	Time  0.50 ( 0.75)	Data  0.36 ( 0.61)	Loss   0.61 (  0.66)	Cls Acc 99.2 (99.9)	Domain Acc 74.6 (65.2)
Epoch: [23][300/500]	Time  0.50 ( 0.75)	Data  0.37 ( 0.61)	Loss   0.75 (  0.68)	Cls Acc 100.0 (99.8)	Domain Acc 53.9 (63.2)
Epoch: [23][350/500]	Time  1.59 ( 0.75)	Data  1.45 ( 0.61)	Loss   0.64 (  0.68)	Cls Acc 100.0 (99.8)	Domain Acc 71.9 (63.9)
Epoch: [23][400/500]	Time  0.51 ( 0.75)	Data  0.37 ( 0.61)	Loss   0.72 (  0.68)	Cls Acc 100.0 (99.8)	Domain Acc 62.5 (63.1)
Epoch: [23][450/500]	Time  0.51 ( 0.75)	Data  0.37 ( 0.61)	Loss   0.63 (  0.67)	Cls Acc 100.0 (99.8)	Domain Acc 69.1 (63.8)
Test: [ 0/23]	Time  1.026 ( 1.026)	Loss 5.7630e+00 (5.7630e+00)	Acc@1  25.78 ( 25.78)	Acc@5  69.53 ( 69.53)
 * Acc@1 9.585 Acc@5 28.470
acc1 = 9.6, best_acc1 = 10.8
Epoch: [24][  0/500]	Time  1.62 ( 1.62)	Data  1.47 ( 1.47)	Loss   0.73 (  0.73)	Cls Acc 99.2 (99.2)	Domain Acc 53.1 (53.1)
Epoch: [24][ 50/500]	Time  0.51 ( 0.75)	Data  0.37 ( 0.61)	Loss   0.58 (  0.64)	Cls Acc 100.0 (99.9)	Domain Acc 71.5 (66.6)
Epoch: [24][100/500]	Time  1.25 ( 0.75)	Data  1.11 ( 0.61)	Loss   0.73 (  0.65)	Cls Acc 99.2 (99.9)	Domain Acc 60.2 (65.7)
Epoch: [24][150/500]	Time  1.66 ( 0.76)	Data  1.51 ( 0.62)	Loss   0.60 (  0.66)	Cls Acc 100.0 (99.9)	Domain Acc 71.9 (65.1)
Epoch: [24][200/500]	Time  0.51 ( 0.75)	Data  0.37 ( 0.61)	Loss   0.69 (  0.65)	Cls Acc 100.0 (99.9)	Domain Acc 58.2 (65.5)
Epoch: [24][250/500]	Time  0.51 ( 0.75)	Data  0.37 ( 0.61)	Loss   0.64 (  0.66)	Cls Acc 99.2 (99.9)	Domain Acc 69.5 (64.5)
Epoch: [24][300/500]	Time  1.92 ( 0.75)	Data  1.78 ( 0.61)	Loss   0.71 (  0.66)	Cls Acc 100.0 (99.9)	Domain Acc 52.7 (65.4)
Epoch: [24][350/500]	Time  0.51 ( 0.75)	Data  0.38 ( 0.61)	Loss   0.61 (  0.66)	Cls Acc 100.0 (99.9)	Domain Acc 71.1 (64.4)
Epoch: [24][400/500]	Time  0.50 ( 0.75)	Data  0.37 ( 0.61)	Loss   0.72 (  0.66)	Cls Acc 100.0 (99.9)	Domain Acc 56.2 (64.9)
Epoch: [24][450/500]	Time  2.03 ( 0.75)	Data  1.89 ( 0.61)	Loss   0.67 (  0.66)	Cls Acc 100.0 (99.9)	Domain Acc 64.5 (64.2)
Test: [ 0/23]	Time  1.728 ( 1.728)	Loss 5.6041e+00 (5.6041e+00)	Acc@1  21.88 ( 21.88)	Acc@5  62.50 ( 62.50)
 * Acc@1 10.295 Acc@5 30.032
acc1 = 10.3, best_acc1 = 10.8
Epoch: [25][  0/500]	Time  0.24 ( 0.24)	Data  0.10 ( 0.10)	Loss   0.67 (  0.67)	Cls Acc 100.0 (100.0)	Domain Acc 64.1 (64.1)
Epoch: [25][ 50/500]	Time  0.50 ( 0.77)	Data  0.37 ( 0.64)	Loss   0.75 (  0.72)	Cls Acc 100.0 (99.9)	Domain Acc 59.4 (58.3)
Epoch: [25][100/500]	Time  1.62 ( 0.76)	Data  1.48 ( 0.62)	Loss   0.64 (  0.69)	Cls Acc 100.0 (99.9)	Domain Acc 67.2 (62.3)
Epoch: [25][150/500]	Time  1.38 ( 0.76)	Data  1.24 ( 0.62)	Loss   0.68 (  0.69)	Cls Acc 100.0 (99.9)	Domain Acc 60.2 (61.4)
Epoch: [25][200/500]	Time  0.51 ( 0.76)	Data  0.37 ( 0.62)	Loss   0.60 (  0.68)	Cls Acc 100.0 (99.9)	Domain Acc 71.5 (62.8)
Epoch: [25][250/500]	Time  1.65 ( 0.76)	Data  1.51 ( 0.62)	Loss   0.67 (  0.67)	Cls Acc 100.0 (99.9)	Domain Acc 66.0 (64.0)
Epoch: [25][300/500]	Time  0.51 ( 0.75)	Data  0.37 ( 0.61)	Loss   0.66 (  0.68)	Cls Acc 100.0 (99.9)	Domain Acc 69.1 (63.4)
Epoch: [25][350/500]	Time  0.52 ( 0.75)	Data  0.38 ( 0.61)	Loss   0.65 (  0.67)	Cls Acc 100.0 (99.9)	Domain Acc 66.0 (64.3)
Epoch: [25][400/500]	Time  1.62 ( 0.75)	Data  1.48 ( 0.62)	Loss   0.67 (  0.67)	Cls Acc 100.0 (99.9)	Domain Acc 62.1 (63.9)
Epoch: [25][450/500]	Time  0.51 ( 0.75)	Data  0.37 ( 0.61)	Loss   0.60 (  0.67)	Cls Acc 100.0 (99.9)	Domain Acc 71.1 (64.3)
Test: [ 0/23]	Time  0.998 ( 0.998)	Loss 6.3625e+00 (6.3625e+00)	Acc@1  25.00 ( 25.00)	Acc@5  60.94 ( 60.94)
 * Acc@1 10.011 Acc@5 29.677
acc1 = 10.0, best_acc1 = 10.8
Epoch: [26][  0/500]	Time  0.24 ( 0.24)	Data  0.10 ( 0.10)	Loss   0.69 (  0.69)	Cls Acc 100.0 (100.0)	Domain Acc 60.5 (60.5)
Epoch: [26][ 50/500]	Time  1.69 ( 0.77)	Data  1.55 ( 0.63)	Loss   0.65 (  0.70)	Cls Acc 100.0 (99.9)	Domain Acc 66.4 (59.8)
Epoch: [26][100/500]	Time  0.51 ( 0.75)	Data  0.38 ( 0.62)	Loss   0.60 (  0.65)	Cls Acc 100.0 (99.9)	Domain Acc 74.2 (66.3)
Epoch: [26][150/500]	Time  0.51 ( 0.75)	Data  0.37 ( 0.61)	Loss   0.68 (  0.66)	Cls Acc 100.0 (99.9)	Domain Acc 57.8 (64.9)
Epoch: [26][200/500]	Time  3.31 ( 0.76)	Data  3.16 ( 0.62)	Loss   0.57 (  0.66)	Cls Acc 100.0 (99.9)	Domain Acc 75.4 (65.7)
Epoch: [26][250/500]	Time  0.51 ( 0.75)	Data  0.37 ( 0.61)	Loss   0.69 (  0.65)	Cls Acc 100.0 (99.9)	Domain Acc 59.0 (66.4)
Epoch: [26][300/500]	Time  0.50 ( 0.75)	Data  0.37 ( 0.61)	Loss   0.71 (  0.66)	Cls Acc 100.0 (99.9)	Domain Acc 57.8 (64.6)
Epoch: [26][350/500]	Time  1.62 ( 0.75)	Data  1.48 ( 0.61)	Loss   0.64 (  0.66)	Cls Acc 100.0 (99.9)	Domain Acc 69.9 (64.9)
Epoch: [26][400/500]	Time  0.51 ( 0.75)	Data  0.37 ( 0.61)	Loss   0.68 (  0.66)	Cls Acc 100.0 (99.9)	Domain Acc 61.3 (64.8)
Epoch: [26][450/500]	Time  0.51 ( 0.75)	Data  0.37 ( 0.61)	Loss   0.64 (  0.66)	Cls Acc 100.0 (99.9)	Domain Acc 66.4 (64.5)
Test: [ 0/23]	Time  1.032 ( 1.032)	Loss 6.0372e+00 (6.0372e+00)	Acc@1  24.22 ( 24.22)	Acc@5  56.25 ( 56.25)
 * Acc@1 10.366 Acc@5 30.316
acc1 = 10.4, best_acc1 = 10.8
Epoch: [27][  0/500]	Time  1.67 ( 1.67)	Data  1.53 ( 1.53)	Loss   0.71 (  0.71)	Cls Acc 99.2 (99.2)	Domain Acc 57.8 (57.8)
Epoch: [27][ 50/500]	Time  0.51 ( 0.76)	Data  0.37 ( 0.62)	Loss   0.60 (  0.66)	Cls Acc 100.0 (100.0)	Domain Acc 73.8 (65.6)
Epoch: [27][100/500]	Time  0.51 ( 0.76)	Data  0.37 ( 0.62)	Loss   0.67 (  0.65)	Cls Acc 100.0 (100.0)	Domain Acc 64.1 (65.6)
Epoch: [27][150/500]	Time  1.65 ( 0.75)	Data  1.50 ( 0.62)	Loss   0.68 (  0.66)	Cls Acc 100.0 (99.9)	Domain Acc 60.2 (64.4)
Epoch: [27][200/500]	Time  0.51 ( 0.75)	Data  0.37 ( 0.61)	Loss   0.63 (  0.67)	Cls Acc 100.0 (99.9)	Domain Acc 68.4 (64.2)
Epoch: [27][250/500]	Time  1.25 ( 0.75)	Data  1.11 ( 0.61)	Loss   0.66 (  0.66)	Cls Acc 100.0 (99.9)	Domain Acc 64.5 (64.3)
Epoch: [27][300/500]	Time  1.63 ( 0.75)	Data  1.49 ( 0.61)	Loss   0.68 (  0.66)	Cls Acc 99.2 (99.9)	Domain Acc 65.6 (64.4)
Epoch: [27][350/500]	Time  0.51 ( 0.75)	Data  0.37 ( 0.61)	Loss   0.64 (  0.66)	Cls Acc 100.0 (99.9)	Domain Acc 67.2 (64.7)
Epoch: [27][400/500]	Time  0.50 ( 0.75)	Data  0.37 ( 0.61)	Loss   0.74 (  0.66)	Cls Acc 100.0 (99.9)	Domain Acc 59.0 (64.4)
Epoch: [27][450/500]	Time  2.06 ( 0.75)	Data  1.92 ( 0.61)	Loss   0.63 (  0.66)	Cls Acc 100.0 (99.9)	Domain Acc 68.0 (64.5)
Test: [ 0/23]	Time  1.131 ( 1.131)	Loss 5.8717e+00 (5.8717e+00)	Acc@1  21.09 ( 21.09)	Acc@5  57.03 ( 57.03)
 * Acc@1 9.301 Acc@5 29.002
acc1 = 9.3, best_acc1 = 10.8
Epoch: [28][  0/500]	Time  0.24 ( 0.24)	Data  0.10 ( 0.10)	Loss   0.69 (  0.69)	Cls Acc 100.0 (100.0)	Domain Acc 59.0 (59.0)
Epoch: [28][ 50/500]	Time  0.51 ( 0.72)	Data  0.37 ( 0.58)	Loss   0.61 (  0.66)	Cls Acc 100.0 (100.0)	Domain Acc 69.9 (65.3)
Epoch: [28][100/500]	Time  1.62 ( 0.74)	Data  1.48 ( 0.60)	Loss   0.77 (  0.67)	Cls Acc 100.0 (100.0)	Domain Acc 52.3 (63.2)
Epoch: [28][150/500]	Time  0.52 ( 0.74)	Data  0.38 ( 0.61)	Loss   0.67 (  0.67)	Cls Acc 100.0 (99.9)	Domain Acc 65.2 (63.4)
Epoch: [28][200/500]	Time  0.50 ( 0.74)	Data  0.37 ( 0.60)	Loss   0.67 (  0.68)	Cls Acc 100.0 (99.9)	Domain Acc 64.5 (62.6)
Epoch: [28][250/500]	Time  1.61 ( 0.74)	Data  1.47 ( 0.61)	Loss   0.62 (  0.67)	Cls Acc 100.0 (99.9)	Domain Acc 69.5 (63.6)
Epoch: [28][300/500]	Time  1.36 ( 0.75)	Data  1.21 ( 0.61)	Loss   0.73 (  0.68)	Cls Acc 100.0 (99.9)	Domain Acc 53.9 (63.1)
Epoch: [28][350/500]	Time  0.51 ( 0.75)	Data  0.37 ( 0.61)	Loss   0.58 (  0.67)	Cls Acc 100.0 (99.9)	Domain Acc 73.4 (63.5)
Epoch: [28][400/500]	Time  1.69 ( 0.75)	Data  1.55 ( 0.61)	Loss   0.73 (  0.67)	Cls Acc 100.0 (99.9)	Domain Acc 54.7 (63.3)
Epoch: [28][450/500]	Time  0.51 ( 0.75)	Data  0.37 ( 0.61)	Loss   0.61 (  0.67)	Cls Acc 100.0 (99.9)	Domain Acc 70.7 (63.7)
Test: [ 0/23]	Time  1.371 ( 1.371)	Loss 5.5530e+00 (5.5530e+00)	Acc@1  26.56 ( 26.56)	Acc@5  61.72 ( 61.72)
 * Acc@1 10.721 Acc@5 31.026
acc1 = 10.7, best_acc1 = 10.8
Epoch: [29][  0/500]	Time  0.24 ( 0.24)	Data  0.11 ( 0.11)	Loss   0.63 (  0.63)	Cls Acc 100.0 (100.0)	Domain Acc 69.9 (69.9)
Epoch: [29][ 50/500]	Time  1.65 ( 0.75)	Data  1.51 ( 0.61)	Loss   0.66 (  0.65)	Cls Acc 100.0 (100.0)	Domain Acc 61.7 (66.2)
Epoch: [29][100/500]	Time  0.50 ( 0.74)	Data  0.37 ( 0.60)	Loss   0.66 (  0.65)	Cls Acc 100.0 (100.0)	Domain Acc 64.5 (66.5)
Epoch: [29][150/500]	Time  0.51 ( 0.74)	Data  0.37 ( 0.60)	Loss   0.67 (  0.65)	Cls Acc 100.0 (100.0)	Domain Acc 61.3 (66.8)
Epoch: [29][200/500]	Time  1.61 ( 0.75)	Data  1.47 ( 0.61)	Loss   0.66 (  0.65)	Cls Acc 100.0 (100.0)	Domain Acc 63.7 (65.7)
Epoch: [29][250/500]	Time  0.51 ( 0.74)	Data  0.37 ( 0.61)	Loss   0.66 (  0.65)	Cls Acc 100.0 (99.9)	Domain Acc 61.3 (65.6)
Epoch: [29][300/500]	Time  0.51 ( 0.74)	Data  0.37 ( 0.61)	Loss   0.68 (  0.65)	Cls Acc 100.0 (99.9)	Domain Acc 62.9 (65.5)
Epoch: [29][350/500]	Time  2.98 ( 0.75)	Data  2.84 ( 0.61)	Loss   0.64 (  0.66)	Cls Acc 100.0 (99.9)	Domain Acc 69.1 (65.0)
Epoch: [29][400/500]	Time  0.51 ( 0.75)	Data  0.38 ( 0.61)	Loss   0.62 (  0.65)	Cls Acc 100.0 (99.9)	Domain Acc 68.8 (65.4)
Epoch: [29][450/500]	Time  0.51 ( 0.75)	Data  0.37 ( 0.61)	Loss   0.65 (  0.66)	Cls Acc 100.0 (99.9)	Domain Acc 63.7 (64.8)
Test: [ 0/23]	Time  1.326 ( 1.326)	Loss 5.1425e+00 (5.1425e+00)	Acc@1  24.22 ( 24.22)	Acc@5  71.88 ( 71.88)
 * Acc@1 9.940 Acc@5 28.044
acc1 = 9.9, best_acc1 = 10.8
Epoch: [30][  0/500]	Time  2.02 ( 2.02)	Data  1.88 ( 1.88)	Loss   0.67 (  0.67)	Cls Acc 100.0 (100.0)	Domain Acc 64.8 (64.8)
Epoch: [30][ 50/500]	Time  0.51 ( 0.83)	Data  0.37 ( 0.69)	Loss   0.75 (  0.67)	Cls Acc 99.2 (99.8)	Domain Acc 53.1 (64.4)
Epoch: [30][100/500]	Time  0.51 ( 0.80)	Data  0.37 ( 0.66)	Loss   0.63 (  0.68)	Cls Acc 100.0 (99.8)	Domain Acc 68.0 (63.2)
Epoch: [30][150/500]	Time  1.62 ( 0.81)	Data  1.48 ( 0.67)	Loss   0.63 (  0.66)	Cls Acc 100.0 (99.9)	Domain Acc 68.0 (65.7)
Epoch: [30][200/500]	Time  0.51 ( 0.79)	Data  0.38 ( 0.66)	Loss   0.72 (  0.68)	Cls Acc 100.0 (99.9)	Domain Acc 57.4 (63.5)
Epoch: [30][250/500]	Time  0.50 ( 0.79)	Data  0.37 ( 0.65)	Loss   0.63 (  0.67)	Cls Acc 100.0 (99.9)	Domain Acc 71.1 (64.5)
Epoch: [30][300/500]	Time  1.63 ( 0.78)	Data  1.49 ( 0.64)	Loss   0.77 (  0.67)	Cls Acc 100.0 (99.9)	Domain Acc 55.1 (64.2)
Epoch: [30][350/500]	Time  0.51 ( 0.78)	Data  0.37 ( 0.64)	Loss   0.57 (  0.67)	Cls Acc 100.0 (99.9)	Domain Acc 76.6 (63.9)
Epoch: [30][400/500]	Time  1.22 ( 0.77)	Data  1.08 ( 0.63)	Loss   0.69 (  0.67)	Cls Acc 99.2 (99.9)	Domain Acc 62.1 (64.7)
Epoch: [30][450/500]	Time  1.61 ( 0.77)	Data  1.47 ( 0.63)	Loss   0.69 (  0.67)	Cls Acc 100.0 (99.9)	Domain Acc 61.3 (64.2)
Test: [ 0/23]	Time  1.319 ( 1.319)	Loss 5.0219e+00 (5.0219e+00)	Acc@1  28.91 ( 28.91)	Acc@5  71.88 ( 71.88)
 * Acc@1 10.366 Acc@5 28.115
acc1 = 10.4, best_acc1 = 10.8
Epoch: [31][  0/500]	Time  0.24 ( 0.24)	Data  0.10 ( 0.10)	Loss   0.71 (  0.71)	Cls Acc 100.0 (100.0)	Domain Acc 57.8 (57.8)
Epoch: [31][ 50/500]	Time  0.51 ( 0.73)	Data  0.37 ( 0.59)	Loss   0.65 (  0.65)	Cls Acc 100.0 (99.9)	Domain Acc 67.6 (66.7)
Epoch: [31][100/500]	Time  2.00 ( 0.76)	Data  1.86 ( 0.62)	Loss   0.64 (  0.65)	Cls Acc 100.0 (99.9)	Domain Acc 66.0 (65.2)
Epoch: [31][150/500]	Time  0.51 ( 0.75)	Data  0.37 ( 0.61)	Loss   0.68 (  0.65)	Cls Acc 100.0 (99.9)	Domain Acc 62.1 (65.5)
Epoch: [31][200/500]	Time  0.50 ( 0.74)	Data  0.37 ( 0.60)	Loss   0.65 (  0.66)	Cls Acc 99.2 (99.9)	Domain Acc 65.6 (65.0)
Epoch: [31][250/500]	Time  1.64 ( 0.75)	Data  1.49 ( 0.61)	Loss   0.64 (  0.65)	Cls Acc 100.0 (99.9)	Domain Acc 67.2 (65.7)
Epoch: [31][300/500]	Time  0.51 ( 0.75)	Data  0.37 ( 0.61)	Loss   0.66 (  0.65)	Cls Acc 100.0 (99.9)	Domain Acc 64.8 (65.5)
Epoch: [31][350/500]	Time  0.50 ( 0.74)	Data  0.37 ( 0.61)	Loss   0.67 (  0.65)	Cls Acc 99.2 (99.9)	Domain Acc 64.8 (65.3)
Epoch: [31][400/500]	Time  1.62 ( 0.74)	Data  1.48 ( 0.61)	Loss   0.69 (  0.65)	Cls Acc 100.0 (99.9)	Domain Acc 59.4 (65.5)
Epoch: [31][450/500]	Time  1.55 ( 0.75)	Data  1.40 ( 0.61)	Loss   0.65 (  0.66)	Cls Acc 99.2 (99.9)	Domain Acc 66.8 (65.0)
Test: [ 0/23]	Time  1.299 ( 1.299)	Loss 5.4246e+00 (5.4246e+00)	Acc@1  26.56 ( 26.56)	Acc@5  78.12 ( 78.12)
 * Acc@1 10.295 Acc@5 30.209
acc1 = 10.3, best_acc1 = 10.8
Epoch: [32][  0/500]	Time  0.23 ( 0.23)	Data  0.10 ( 0.10)	Loss   0.63 (  0.63)	Cls Acc 100.0 (100.0)	Domain Acc 69.1 (69.1)
Epoch: [32][ 50/500]	Time  1.64 ( 0.80)	Data  1.50 ( 0.66)	Loss   0.70 (  0.69)	Cls Acc 100.0 (99.8)	Domain Acc 62.9 (61.5)
Epoch: [32][100/500]	Time  0.51 ( 0.80)	Data  0.37 ( 0.66)	Loss   0.63 (  0.68)	Cls Acc 100.0 (99.8)	Domain Acc 68.0 (62.3)
Epoch: [32][150/500]	Time  0.51 ( 0.81)	Data  0.38 ( 0.67)	Loss   0.83 (  0.69)	Cls Acc 100.0 (99.9)	Domain Acc 44.9 (61.5)
Epoch: [32][200/500]	Time  1.64 ( 0.81)	Data  1.50 ( 0.67)	Loss   0.63 (  0.69)	Cls Acc 100.0 (99.9)	Domain Acc 71.1 (61.1)
Epoch: [32][250/500]	Time  0.51 ( 0.81)	Data  0.37 ( 0.67)	Loss   0.79 (  0.68)	Cls Acc 99.2 (99.9)	Domain Acc 52.0 (61.9)
Epoch: [32][300/500]	Time  0.51 ( 0.80)	Data  0.37 ( 0.66)	Loss   0.64 (  0.69)	Cls Acc 100.0 (99.8)	Domain Acc 66.0 (61.7)
Epoch: [32][350/500]	Time  2.46 ( 0.81)	Data  2.32 ( 0.67)	Loss   0.66 (  0.69)	Cls Acc 99.2 (99.8)	Domain Acc 63.3 (61.0)
Epoch: [32][400/500]	Time  0.51 ( 0.81)	Data  0.37 ( 0.67)	Loss   0.65 (  0.68)	Cls Acc 100.0 (99.9)	Domain Acc 67.2 (62.2)
Epoch: [32][450/500]	Time  0.51 ( 0.80)	Data  0.37 ( 0.66)	Loss   0.68 (  0.69)	Cls Acc 100.0 (99.8)	Domain Acc 65.6 (61.7)
Test: [ 0/23]	Time  1.015 ( 1.015)	Loss 5.1479e+00 (5.1479e+00)	Acc@1  27.34 ( 27.34)	Acc@5  71.88 ( 71.88)
 * Acc@1 9.727 Acc@5 29.393
acc1 = 9.7, best_acc1 = 10.8
Epoch: [33][  0/500]	Time  3.02 ( 3.02)	Data  2.88 ( 2.88)	Loss   0.65 (  0.65)	Cls Acc 100.0 (100.0)	Domain Acc 68.4 (68.4)
Epoch: [33][ 50/500]	Time  0.51 ( 0.81)	Data  0.37 ( 0.67)	Loss   0.69 (  0.74)	Cls Acc 100.0 (99.8)	Domain Acc 62.5 (55.9)
Epoch: [33][100/500]	Time  0.51 ( 0.79)	Data  0.37 ( 0.65)	Loss   0.68 (  0.68)	Cls Acc 100.0 (99.9)	Domain Acc 62.5 (62.4)
Epoch: [33][150/500]	Time  2.05 ( 0.80)	Data  1.90 ( 0.66)	Loss   0.68 (  0.71)	Cls Acc 100.0 (99.9)	Domain Acc 62.9 (60.3)
Epoch: [33][200/500]	Time  0.50 ( 0.80)	Data  0.36 ( 0.66)	Loss   0.74 (  0.69)	Cls Acc 100.0 (99.9)	Domain Acc 53.9 (62.5)
Epoch: [33][250/500]	Time  0.51 ( 0.79)	Data  0.37 ( 0.66)	Loss   0.61 (  0.69)	Cls Acc 100.0 (99.9)	Domain Acc 74.2 (62.0)
Epoch: [33][300/500]	Time  1.59 ( 0.79)	Data  1.45 ( 0.65)	Loss   0.71 (  0.68)	Cls Acc 100.0 (99.9)	Domain Acc 56.2 (62.8)
Epoch: [33][350/500]	Time  0.51 ( 0.78)	Data  0.38 ( 0.64)	Loss   0.61 (  0.68)	Cls Acc 100.0 (99.9)	Domain Acc 69.9 (62.7)
Epoch: [33][400/500]	Time  0.50 ( 0.78)	Data  0.37 ( 0.64)	Loss   0.69 (  0.68)	Cls Acc 100.0 (99.9)	Domain Acc 62.1 (63.3)
Epoch: [33][450/500]	Time  1.66 ( 0.78)	Data  1.51 ( 0.64)	Loss   0.63 (  0.68)	Cls Acc 100.0 (99.9)	Domain Acc 69.9 (63.1)
Test: [ 0/23]	Time  1.137 ( 1.137)	Loss 4.9368e+00 (4.9368e+00)	Acc@1  30.47 ( 30.47)	Acc@5  77.34 ( 77.34)
 * Acc@1 11.111 Acc@5 29.464
acc1 = 11.1, best_acc1 = 11.1
Epoch: [34][  0/500]	Time  0.23 ( 0.23)	Data  0.09 ( 0.09)	Loss   0.62 (  0.62)	Cls Acc 100.0 (100.0)	Domain Acc 68.8 (68.8)
Epoch: [34][ 50/500]	Time  1.31 ( 0.74)	Data  1.17 ( 0.60)	Loss   0.67 (  0.66)	Cls Acc 100.0 (99.9)	Domain Acc 61.7 (63.2)
Epoch: [34][100/500]	Time  1.68 ( 0.75)	Data  1.53 ( 0.61)	Loss   0.66 (  0.65)	Cls Acc 100.0 (99.9)	Domain Acc 66.8 (64.8)
Epoch: [34][150/500]	Time  0.52 ( 0.76)	Data  0.38 ( 0.62)	Loss   0.71 (  0.66)	Cls Acc 100.0 (99.9)	Domain Acc 57.8 (64.5)
Epoch: [34][200/500]	Time  0.51 ( 0.78)	Data  0.37 ( 0.64)	Loss   0.58 (  0.66)	Cls Acc 100.0 (99.9)	Domain Acc 77.3 (64.4)
Epoch: [34][250/500]	Time  1.82 ( 0.79)	Data  1.67 ( 0.65)	Loss   0.67 (  0.65)	Cls Acc 100.0 (99.9)	Domain Acc 64.8 (65.8)
Epoch: [34][300/500]	Time  0.51 ( 0.80)	Data  0.37 ( 0.66)	Loss   0.73 (  0.66)	Cls Acc 100.0 (99.9)	Domain Acc 57.0 (64.9)
Epoch: [34][350/500]	Time  0.51 ( 0.80)	Data  0.37 ( 0.66)	Loss   0.57 (  0.66)	Cls Acc 100.0 (99.9)	Domain Acc 72.3 (65.1)
Epoch: [34][400/500]	Time  2.10 ( 0.80)	Data  1.95 ( 0.66)	Loss   0.70 (  0.66)	Cls Acc 100.0 (99.9)	Domain Acc 58.6 (65.0)
Epoch: [34][450/500]	Time  0.51 ( 0.81)	Data  0.37 ( 0.67)	Loss   0.61 (  0.66)	Cls Acc 100.0 (99.9)	Domain Acc 69.1 (64.9)
Test: [ 0/23]	Time  1.050 ( 1.050)	Loss 5.8817e+00 (5.8817e+00)	Acc@1  23.44 ( 23.44)	Acc@5  58.59 ( 58.59)
 * Acc@1 10.046 Acc@5 29.428
acc1 = 10.0, best_acc1 = 11.1
Epoch: [35][  0/500]	Time  0.24 ( 0.24)	Data  0.10 ( 0.10)	Loss   0.66 (  0.66)	Cls Acc 100.0 (100.0)	Domain Acc 61.3 (61.3)
Epoch: [35][ 50/500]	Time  2.10 ( 0.81)	Data  1.96 ( 0.67)	Loss   0.67 (  0.67)	Cls Acc 99.2 (99.9)	Domain Acc 68.0 (63.2)
Epoch: [35][100/500]	Time  1.34 ( 0.82)	Data  1.19 ( 0.68)	Loss   0.64 (  0.65)	Cls Acc 100.0 (99.9)	Domain Acc 62.9 (65.4)
Epoch: [35][150/500]	Time  0.51 ( 0.80)	Data  0.37 ( 0.66)	Loss   0.63 (  0.66)	Cls Acc 100.0 (99.9)	Domain Acc 69.1 (64.4)
Epoch: [35][200/500]	Time  1.74 ( 0.79)	Data  1.59 ( 0.65)	Loss   0.67 (  0.65)	Cls Acc 100.0 (99.9)	Domain Acc 65.2 (66.2)
Epoch: [35][250/500]	Time  0.51 ( 0.78)	Data  0.37 ( 0.64)	Loss   0.69 (  0.66)	Cls Acc 100.0 (99.9)	Domain Acc 61.3 (65.3)
Epoch: [35][300/500]	Time  0.51 ( 0.78)	Data  0.38 ( 0.64)	Loss   0.64 (  0.66)	Cls Acc 100.0 (99.9)	Domain Acc 64.1 (65.2)
Epoch: [35][350/500]	Time  1.71 ( 0.78)	Data  1.56 ( 0.64)	Loss   0.66 (  0.66)	Cls Acc 100.0 (99.9)	Domain Acc 66.4 (65.0)
Epoch: [35][400/500]	Time  0.51 ( 0.77)	Data  0.37 ( 0.63)	Loss   0.58 (  0.65)	Cls Acc 100.0 (99.9)	Domain Acc 73.4 (65.8)
Epoch: [35][450/500]	Time  0.51 ( 0.77)	Data  0.37 ( 0.63)	Loss   0.76 (  0.66)	Cls Acc 100.0 (99.9)	Domain Acc 53.5 (65.2)
Test: [ 0/23]	Time  1.048 ( 1.048)	Loss 5.5320e+00 (5.5320e+00)	Acc@1  24.22 ( 24.22)	Acc@5  71.09 ( 71.09)
 * Acc@1 10.614 Acc@5 30.955
acc1 = 10.6, best_acc1 = 11.1
Epoch: [36][  0/500]	Time  1.64 ( 1.64)	Data  1.50 ( 1.50)	Loss   0.57 (  0.57)	Cls Acc 100.0 (100.0)	Domain Acc 78.9 (78.9)
Epoch: [36][ 50/500]	Time  0.51 ( 0.76)	Data  0.37 ( 0.62)	Loss   0.85 (  0.67)	Cls Acc 100.0 (99.9)	Domain Acc 46.9 (64.1)
Epoch: [36][100/500]	Time  0.51 ( 0.75)	Data  0.37 ( 0.61)	Loss   0.59 (  0.70)	Cls Acc 100.0 (99.8)	Domain Acc 74.6 (61.7)
Epoch: [36][150/500]	Time  3.21 ( 0.76)	Data  3.06 ( 0.62)	Loss   0.86 (  0.70)	Cls Acc 100.0 (99.8)	Domain Acc 46.5 (61.5)
Epoch: [36][200/500]	Time  0.51 ( 0.75)	Data  0.37 ( 0.61)	Loss   0.65 (  0.70)	Cls Acc 100.0 (99.8)	Domain Acc 68.0 (61.5)
Epoch: [36][250/500]	Time  0.51 ( 0.75)	Data  0.37 ( 0.61)	Loss   0.67 (  0.70)	Cls Acc 100.0 (99.8)	Domain Acc 67.2 (61.7)
Epoch: [36][300/500]	Time  1.59 ( 0.75)	Data  1.45 ( 0.61)	Loss   0.60 (  0.69)	Cls Acc 100.0 (99.8)	Domain Acc 72.7 (62.9)
Epoch: [36][350/500]	Time  0.50 ( 0.76)	Data  0.36 ( 0.62)	Loss   0.74 (  0.69)	Cls Acc 99.2 (99.8)	Domain Acc 57.8 (62.4)
Epoch: [36][400/500]	Time  0.51 ( 0.76)	Data  0.37 ( 0.62)	Loss   0.64 (  0.68)	Cls Acc 100.0 (99.8)	Domain Acc 67.2 (63.4)
Epoch: [36][450/500]	Time  2.35 ( 0.77)	Data  2.21 ( 0.63)	Loss   0.72 (  0.70)	Cls Acc 100.0 (99.8)	Domain Acc 55.5 (61.9)
Test: [ 0/23]	Time  1.138 ( 1.138)	Loss 5.4020e+00 (5.4020e+00)	Acc@1  27.34 ( 27.34)	Acc@5  71.09 ( 71.09)
 * Acc@1 10.472 Acc@5 30.032
acc1 = 10.5, best_acc1 = 11.1
Epoch: [37][  0/500]	Time  0.24 ( 0.24)	Data  0.10 ( 0.10)	Loss   0.57 (  0.57)	Cls Acc 100.0 (100.0)	Domain Acc 73.4 (73.4)
Epoch: [37][ 50/500]	Time  0.51 ( 0.81)	Data  0.37 ( 0.67)	Loss   0.72 (  0.68)	Cls Acc 99.2 (100.0)	Domain Acc 62.9 (63.1)
Epoch: [37][100/500]	Time  2.05 ( 0.83)	Data  1.91 ( 0.69)	Loss   0.63 (  0.67)	Cls Acc 99.2 (99.9)	Domain Acc 71.1 (64.1)
Epoch: [37][150/500]	Time  0.51 ( 0.82)	Data  0.37 ( 0.68)	Loss   0.91 (  0.68)	Cls Acc 98.4 (99.9)	Domain Acc 46.1 (63.7)
Epoch: [37][200/500]	Time  1.41 ( 0.82)	Data  1.27 ( 0.68)	Loss   0.65 (  0.70)	Cls Acc 99.2 (99.8)	Domain Acc 68.0 (62.1)
Epoch: [37][250/500]	Time  1.63 ( 0.82)	Data  1.49 ( 0.68)	Loss   0.73 (  0.70)	Cls Acc 100.0 (99.8)	Domain Acc 55.9 (62.5)
Epoch: [37][300/500]	Time  0.51 ( 0.80)	Data  0.37 ( 0.67)	Loss   0.60 (  0.69)	Cls Acc 100.0 (99.8)	Domain Acc 70.3 (62.4)
Epoch: [37][350/500]	Time  0.51 ( 0.80)	Data  0.37 ( 0.66)	Loss   0.71 (  0.69)	Cls Acc 100.0 (99.8)	Domain Acc 57.8 (62.8)
Epoch: [37][400/500]	Time  1.98 ( 0.79)	Data  1.84 ( 0.66)	Loss   0.64 (  0.69)	Cls Acc 100.0 (99.8)	Domain Acc 69.1 (63.0)
Epoch: [37][450/500]	Time  0.51 ( 0.79)	Data  0.37 ( 0.65)	Loss   0.62 (  0.68)	Cls Acc 100.0 (99.9)	Domain Acc 70.7 (63.7)
Test: [ 0/23]	Time  1.027 ( 1.027)	Loss 4.5171e+00 (4.5171e+00)	Acc@1  26.56 ( 26.56)	Acc@5  78.91 ( 78.91)
 * Acc@1 11.466 Acc@5 30.919
acc1 = 11.5, best_acc1 = 11.5
Epoch: [38][  0/500]	Time  0.23 ( 0.23)	Data  0.10 ( 0.10)	Loss   0.64 (  0.64)	Cls Acc 100.0 (100.0)	Domain Acc 67.2 (67.2)
Epoch: [38][ 50/500]	Time  1.66 ( 0.75)	Data  1.52 ( 0.61)	Loss   0.64 (  0.66)	Cls Acc 100.0 (99.9)	Domain Acc 68.0 (64.4)
Epoch: [38][100/500]	Time  0.51 ( 0.75)	Data  0.37 ( 0.61)	Loss   0.69 (  0.66)	Cls Acc 100.0 (100.0)	Domain Acc 62.5 (64.6)
Epoch: [38][150/500]	Time  0.51 ( 0.75)	Data  0.37 ( 0.61)	Loss   0.64 (  0.66)	Cls Acc 100.0 (100.0)	Domain Acc 68.0 (65.5)
Epoch: [38][200/500]	Time  1.61 ( 0.75)	Data  1.47 ( 0.61)	Loss   0.63 (  0.65)	Cls Acc 100.0 (100.0)	Domain Acc 65.6 (66.5)
Epoch: [38][250/500]	Time  1.35 ( 0.75)	Data  1.21 ( 0.61)	Loss   0.62 (  0.65)	Cls Acc 100.0 (100.0)	Domain Acc 69.1 (66.4)
Epoch: [38][300/500]	Time  0.51 ( 0.75)	Data  0.38 ( 0.61)	Loss   0.66 (  0.65)	Cls Acc 100.0 (100.0)	Domain Acc 65.6 (65.9)
Epoch: [38][350/500]	Time  1.66 ( 0.75)	Data  1.52 ( 0.61)	Loss   0.66 (  0.65)	Cls Acc 100.0 (100.0)	Domain Acc 63.7 (65.5)
Epoch: [38][400/500]	Time  0.51 ( 0.75)	Data  0.37 ( 0.61)	Loss   0.63 (  0.65)	Cls Acc 100.0 (100.0)	Domain Acc 64.8 (65.6)
Epoch: [38][450/500]	Time  0.51 ( 0.75)	Data  0.37 ( 0.61)	Loss   0.66 (  0.65)	Cls Acc 100.0 (100.0)	Domain Acc 64.5 (65.8)
Test: [ 0/23]	Time  1.031 ( 1.031)	Loss 4.2751e+00 (4.2751e+00)	Acc@1  30.47 ( 30.47)	Acc@5  82.81 ( 82.81)
 * Acc@1 11.395 Acc@5 31.026
acc1 = 11.4, best_acc1 = 11.5
Epoch: [39][  0/500]	Time  1.59 ( 1.59)	Data  1.45 ( 1.45)	Loss   0.72 (  0.72)	Cls Acc 100.0 (100.0)	Domain Acc 60.5 (60.5)
Epoch: [39][ 50/500]	Time  0.51 ( 0.75)	Data  0.37 ( 0.61)	Loss   0.61 (  0.64)	Cls Acc 100.0 (99.9)	Domain Acc 74.6 (68.9)
Epoch: [39][100/500]	Time  0.51 ( 0.74)	Data  0.37 ( 0.60)	Loss   0.71 (  0.66)	Cls Acc 100.0 (99.9)	Domain Acc 59.8 (66.3)
Epoch: [39][150/500]	Time  1.63 ( 0.75)	Data  1.49 ( 0.62)	Loss   0.62 (  0.66)	Cls Acc 100.0 (99.9)	Domain Acc 68.4 (65.1)
Epoch: [39][200/500]	Time  0.51 ( 0.75)	Data  0.38 ( 0.61)	Loss   0.63 (  0.65)	Cls Acc 100.0 (99.9)	Domain Acc 68.4 (66.4)
Epoch: [39][250/500]	Time  0.50 ( 0.75)	Data  0.37 ( 0.61)	Loss   0.73 (  0.66)	Cls Acc 100.0 (100.0)	Domain Acc 54.7 (65.2)
Epoch: [39][300/500]	Time  3.77 ( 0.76)	Data  3.63 ( 0.62)	Loss   0.61 (  0.66)	Cls Acc 100.0 (99.9)	Domain Acc 72.7 (64.9)
Epoch: [39][350/500]	Time  0.51 ( 0.77)	Data  0.38 ( 0.63)	Loss   0.69 (  0.65)	Cls Acc 100.0 (99.9)	Domain Acc 59.8 (65.8)
Epoch: [39][400/500]	Time  0.51 ( 0.77)	Data  0.37 ( 0.64)	Loss   0.66 (  0.66)	Cls Acc 100.0 (99.9)	Domain Acc 66.8 (64.9)
Epoch: [39][450/500]	Time  2.20 ( 0.78)	Data  2.06 ( 0.64)	Loss   0.64 (  0.66)	Cls Acc 100.0 (99.9)	Domain Acc 68.8 (65.2)
Test: [ 0/23]	Time  1.328 ( 1.328)	Loss 5.1539e+00 (5.1539e+00)	Acc@1  30.47 ( 30.47)	Acc@5  57.81 ( 57.81)
 * Acc@1 10.614 Acc@5 27.902
acc1 = 10.6, best_acc1 = 11.5
Epoch: [40][  0/500]	Time  0.22 ( 0.22)	Data  0.09 ( 0.09)	Loss   0.72 (  0.72)	Cls Acc 100.0 (100.0)	Domain Acc 56.2 (56.2)
Epoch: [40][ 50/500]	Time  0.51 ( 0.80)	Data  0.37 ( 0.67)	Loss   0.59 (  0.64)	Cls Acc 100.0 (99.9)	Domain Acc 74.2 (68.0)
Epoch: [40][100/500]	Time  1.65 ( 0.80)	Data  1.51 ( 0.66)	Loss   0.78 (  0.66)	Cls Acc 100.0 (99.9)	Domain Acc 52.7 (65.7)
Epoch: [40][150/500]	Time  0.51 ( 0.78)	Data  0.37 ( 0.64)	Loss   0.61 (  0.67)	Cls Acc 100.0 (99.9)	Domain Acc 71.5 (64.3)
Epoch: [40][200/500]	Time  0.51 ( 0.77)	Data  0.37 ( 0.63)	Loss   0.71 (  0.67)	Cls Acc 100.0 (99.9)	Domain Acc 59.0 (64.5)
Epoch: [40][250/500]	Time  1.65 ( 0.77)	Data  1.51 ( 0.63)	Loss   0.55 (  0.66)	Cls Acc 100.0 (99.9)	Domain Acc 77.3 (64.6)
Epoch: [40][300/500]	Time  0.51 ( 0.77)	Data  0.37 ( 0.63)	Loss   0.80 (  0.66)	Cls Acc 100.0 (99.9)	Domain Acc 48.0 (64.6)
Epoch: [40][350/500]	Time  1.29 ( 0.76)	Data  1.15 ( 0.63)	Loss   0.63 (  0.67)	Cls Acc 100.0 (99.9)	Domain Acc 73.8 (63.4)
Epoch: [40][400/500]	Time  1.65 ( 0.77)	Data  1.51 ( 0.63)	Loss   0.67 (  0.67)	Cls Acc 100.0 (99.9)	Domain Acc 61.7 (64.2)
Epoch: [40][450/500]	Time  0.51 ( 0.76)	Data  0.37 ( 0.62)	Loss   0.67 (  0.67)	Cls Acc 100.0 (99.9)	Domain Acc 59.8 (63.4)
Test: [ 0/23]	Time  1.014 ( 1.014)	Loss 6.5178e+00 (6.5178e+00)	Acc@1  24.22 ( 24.22)	Acc@5  57.03 ( 57.03)
 * Acc@1 10.650 Acc@5 30.138
acc1 = 10.6, best_acc1 = 11.5
Epoch: [41][  0/500]	Time  0.24 ( 0.24)	Data  0.10 ( 0.10)	Loss   0.60 (  0.60)	Cls Acc 100.0 (100.0)	Domain Acc 75.0 (75.0)
Epoch: [41][ 50/500]	Time  1.98 ( 0.77)	Data  1.84 ( 0.63)	Loss   0.78 (  0.69)	Cls Acc 99.2 (99.9)	Domain Acc 50.4 (61.7)
Epoch: [41][100/500]	Time  0.51 ( 0.75)	Data  0.37 ( 0.61)	Loss   0.59 (  0.69)	Cls Acc 100.0 (99.9)	Domain Acc 73.0 (61.5)
Epoch: [41][150/500]	Time  0.51 ( 0.75)	Data  0.37 ( 0.61)	Loss   0.73 (  0.67)	Cls Acc 100.0 (99.9)	Domain Acc 52.0 (64.1)
Epoch: [41][200/500]	Time  1.63 ( 0.75)	Data  1.49 ( 0.61)	Loss   0.63 (  0.67)	Cls Acc 100.0 (99.9)	Domain Acc 69.5 (63.5)
Epoch: [41][250/500]	Time  0.51 ( 0.75)	Data  0.37 ( 0.61)	Loss   0.64 (  0.67)	Cls Acc 100.0 (99.9)	Domain Acc 65.6 (64.1)
Epoch: [41][300/500]	Time  0.51 ( 0.75)	Data  0.37 ( 0.61)	Loss   0.62 (  0.66)	Cls Acc 100.0 (99.9)	Domain Acc 69.9 (64.5)
Epoch: [41][350/500]	Time  1.63 ( 0.75)	Data  1.49 ( 0.61)	Loss   0.67 (  0.66)	Cls Acc 100.0 (99.9)	Domain Acc 64.1 (65.0)
Epoch: [41][400/500]	Time  1.36 ( 0.75)	Data  1.22 ( 0.61)	Loss   0.63 (  0.66)	Cls Acc 100.0 (99.9)	Domain Acc 68.8 (65.0)
Epoch: [41][450/500]	Time  0.51 ( 0.75)	Data  0.37 ( 0.61)	Loss   0.64 (  0.66)	Cls Acc 100.0 (99.9)	Domain Acc 69.5 (65.1)
Test: [ 0/23]	Time  1.016 ( 1.016)	Loss 6.5784e+00 (6.5784e+00)	Acc@1  23.44 ( 23.44)	Acc@5  53.91 ( 53.91)
 * Acc@1 10.650 Acc@5 29.464
acc1 = 10.6, best_acc1 = 11.5
Epoch: [42][  0/500]	Time  1.64 ( 1.64)	Data  1.50 ( 1.50)	Loss   0.68 (  0.68)	Cls Acc 100.0 (100.0)	Domain Acc 68.0 (68.0)
Epoch: [42][ 50/500]	Time  0.51 ( 0.83)	Data  0.37 ( 0.69)	Loss   0.61 (  0.65)	Cls Acc 100.0 (100.0)	Domain Acc 70.7 (67.1)
Epoch: [42][100/500]	Time  0.51 ( 0.83)	Data  0.38 ( 0.69)	Loss   0.65 (  0.65)	Cls Acc 100.0 (100.0)	Domain Acc 65.6 (66.3)
Epoch: [42][150/500]	Time  1.86 ( 0.82)	Data  1.72 ( 0.68)	Loss   0.67 (  0.65)	Cls Acc 100.0 (100.0)	Domain Acc 66.4 (65.8)
Epoch: [42][200/500]	Time  0.50 ( 0.81)	Data  0.36 ( 0.67)	Loss   0.71 (  0.66)	Cls Acc 99.2 (100.0)	Domain Acc 61.3 (65.5)
Epoch: [42][250/500]	Time  0.51 ( 0.79)	Data  0.37 ( 0.65)	Loss   0.66 (  0.66)	Cls Acc 100.0 (100.0)	Domain Acc 62.9 (65.2)
Epoch: [42][300/500]	Time  2.11 ( 0.79)	Data  1.97 ( 0.65)	Loss   0.65 (  0.66)	Cls Acc 100.0 (100.0)	Domain Acc 66.8 (65.0)
Epoch: [42][350/500]	Time  0.50 ( 0.79)	Data  0.37 ( 0.65)	Loss   0.65 (  0.66)	Cls Acc 100.0 (100.0)	Domain Acc 64.8 (65.2)
Epoch: [42][400/500]	Time  0.51 ( 0.79)	Data  0.37 ( 0.65)	Loss   0.66 (  0.66)	Cls Acc 100.0 (100.0)	Domain Acc 60.5 (65.1)
Epoch: [42][450/500]	Time  3.12 ( 0.78)	Data  2.97 ( 0.65)	Loss   0.64 (  0.66)	Cls Acc 100.0 (100.0)	Domain Acc 69.1 (65.4)
Test: [ 0/23]	Time  1.203 ( 1.203)	Loss 6.7286e+00 (6.7286e+00)	Acc@1  25.00 ( 25.00)	Acc@5  60.16 ( 60.16)
 * Acc@1 10.543 Acc@5 30.032
acc1 = 10.5, best_acc1 = 11.5
Epoch: [43][  0/500]	Time  0.23 ( 0.23)	Data  0.10 ( 0.10)	Loss   0.70 (  0.70)	Cls Acc 100.0 (100.0)	Domain Acc 61.3 (61.3)
Epoch: [43][ 50/500]	Time  0.51 ( 0.73)	Data  0.37 ( 0.59)	Loss   0.66 (  0.66)	Cls Acc 100.0 (100.0)	Domain Acc 64.5 (64.1)
Epoch: [43][100/500]	Time  1.62 ( 0.75)	Data  1.48 ( 0.61)	Loss   0.69 (  0.67)	Cls Acc 100.0 (100.0)	Domain Acc 58.2 (63.6)
Epoch: [43][150/500]	Time  0.50 ( 0.75)	Data  0.36 ( 0.61)	Loss   0.63 (  0.67)	Cls Acc 100.0 (100.0)	Domain Acc 66.4 (63.8)
Epoch: [43][200/500]	Time  0.51 ( 0.75)	Data  0.37 ( 0.61)	Loss   0.65 (  0.66)	Cls Acc 100.0 (100.0)	Domain Acc 65.6 (64.4)
Epoch: [43][250/500]	Time  1.67 ( 0.75)	Data  1.53 ( 0.61)	Loss   0.65 (  0.66)	Cls Acc 100.0 (99.9)	Domain Acc 70.3 (64.2)
Epoch: [43][300/500]	Time  0.51 ( 0.75)	Data  0.37 ( 0.61)	Loss   0.66 (  0.67)	Cls Acc 100.0 (99.9)	Domain Acc 65.2 (64.1)
Epoch: [43][350/500]	Time  0.51 ( 0.75)	Data  0.37 ( 0.61)	Loss   0.67 (  0.66)	Cls Acc 100.0 (99.9)	Domain Acc 61.7 (64.2)
Epoch: [43][400/500]	Time  1.63 ( 0.75)	Data  1.49 ( 0.61)	Loss   0.63 (  0.66)	Cls Acc 100.0 (99.9)	Domain Acc 72.7 (64.5)
Epoch: [43][450/500]	Time  0.50 ( 0.75)	Data  0.36 ( 0.61)	Loss   0.66 (  0.66)	Cls Acc 100.0 (99.9)	Domain Acc 63.3 (65.1)
Test: [ 0/23]	Time  1.011 ( 1.011)	Loss 5.9338e+00 (5.9338e+00)	Acc@1  25.78 ( 25.78)	Acc@5  60.94 ( 60.94)
 * Acc@1 10.330 Acc@5 29.570
acc1 = 10.3, best_acc1 = 11.5
Epoch: [44][  0/500]	Time  1.25 ( 1.25)	Data  1.10 ( 1.10)	Loss   0.68 (  0.68)	Cls Acc 100.0 (100.0)	Domain Acc 60.5 (60.5)
Epoch: [44][ 50/500]	Time  1.66 ( 0.78)	Data  1.52 ( 0.64)	Loss   0.62 (  0.65)	Cls Acc 100.0 (100.0)	Domain Acc 71.9 (66.8)
Epoch: [44][100/500]	Time  0.51 ( 0.75)	Data  0.37 ( 0.62)	Loss   0.67 (  0.65)	Cls Acc 100.0 (99.9)	Domain Acc 63.7 (65.8)
Epoch: [44][150/500]	Time  0.51 ( 0.75)	Data  0.37 ( 0.61)	Loss   0.60 (  0.65)	Cls Acc 100.0 (99.9)	Domain Acc 72.7 (66.2)
Epoch: [44][200/500]	Time  2.07 ( 0.76)	Data  1.93 ( 0.63)	Loss   0.69 (  0.65)	Cls Acc 100.0 (99.9)	Domain Acc 56.6 (66.4)
Epoch: [44][250/500]	Time  0.51 ( 0.77)	Data  0.37 ( 0.63)	Loss   0.65 (  0.66)	Cls Acc 100.0 (99.9)	Domain Acc 63.7 (65.0)
Epoch: [44][300/500]	Time  0.51 ( 0.77)	Data  0.37 ( 0.63)	Loss   0.63 (  0.65)	Cls Acc 100.0 (100.0)	Domain Acc 68.4 (65.6)
Epoch: [44][350/500]	Time  1.61 ( 0.77)	Data  1.47 ( 0.63)	Loss   0.75 (  0.66)	Cls Acc 100.0 (100.0)	Domain Acc 50.8 (64.9)
Epoch: [44][400/500]	Time  0.51 ( 0.77)	Data  0.37 ( 0.63)	Loss   0.60 (  0.66)	Cls Acc 100.0 (99.9)	Domain Acc 73.8 (64.9)
Epoch: [44][450/500]	Time  0.51 ( 0.77)	Data  0.37 ( 0.63)	Loss   0.71 (  0.66)	Cls Acc 99.2 (99.9)	Domain Acc 62.5 (65.3)
Test: [ 0/23]	Time  1.032 ( 1.032)	Loss 4.9847e+00 (4.9847e+00)	Acc@1  32.81 ( 32.81)	Acc@5  78.12 ( 78.12)
 * Acc@1 10.508 Acc@5 28.541
acc1 = 10.5, best_acc1 = 11.5
Epoch: [45][  0/500]	Time  1.60 ( 1.60)	Data  1.46 ( 1.46)	Loss   0.68 (  0.68)	Cls Acc 100.0 (100.0)	Domain Acc 62.9 (62.9)
Epoch: [45][ 50/500]	Time  1.33 ( 0.78)	Data  1.19 ( 0.64)	Loss   0.63 (  0.65)	Cls Acc 100.0 (100.0)	Domain Acc 70.7 (66.0)
Epoch: [45][100/500]	Time  0.50 ( 0.76)	Data  0.37 ( 0.62)	Loss   0.67 (  0.66)	Cls Acc 100.0 (99.9)	Domain Acc 60.9 (64.3)
Epoch: [45][150/500]	Time  1.63 ( 0.76)	Data  1.49 ( 0.62)	Loss   0.66 (  0.66)	Cls Acc 100.0 (99.9)	Domain Acc 65.6 (64.9)
Epoch: [45][200/500]	Time  0.51 ( 0.75)	Data  0.37 ( 0.61)	Loss   0.66 (  0.65)	Cls Acc 100.0 (99.9)	Domain Acc 65.6 (65.6)
Epoch: [45][250/500]	Time  0.51 ( 0.75)	Data  0.38 ( 0.62)	Loss   0.68 (  0.66)	Cls Acc 100.0 (99.9)	Domain Acc 63.7 (64.7)
Epoch: [45][300/500]	Time  1.66 ( 0.76)	Data  1.52 ( 0.62)	Loss   0.65 (  0.66)	Cls Acc 100.0 (99.9)	Domain Acc 63.7 (65.2)
Epoch: [45][350/500]	Time  0.51 ( 0.75)	Data  0.37 ( 0.61)	Loss   0.66 (  0.66)	Cls Acc 100.0 (99.9)	Domain Acc 65.2 (64.8)
Epoch: [45][400/500]	Time  0.51 ( 0.75)	Data  0.37 ( 0.61)	Loss   0.65 (  0.66)	Cls Acc 100.0 (99.9)	Domain Acc 63.7 (64.8)
Epoch: [45][450/500]	Time  1.66 ( 0.75)	Data  1.52 ( 0.61)	Loss   0.63 (  0.66)	Cls Acc 99.2 (99.9)	Domain Acc 70.7 (65.2)
Test: [ 0/23]	Time  1.283 ( 1.283)	Loss 5.3984e+00 (5.3984e+00)	Acc@1  30.47 ( 30.47)	Acc@5  78.12 ( 78.12)
 * Acc@1 11.360 Acc@5 30.422
acc1 = 11.4, best_acc1 = 11.5
Epoch: [46][  0/500]	Time  0.23 ( 0.23)	Data  0.10 ( 0.10)	Loss   0.75 (  0.75)	Cls Acc 99.2 (99.2)	Domain Acc 57.0 (57.0)
Epoch: [46][ 50/500]	Time  0.50 ( 0.73)	Data  0.37 ( 0.59)	Loss   0.65 (  0.73)	Cls Acc 100.0 (99.8)	Domain Acc 64.5 (57.1)
Epoch: [46][100/500]	Time  3.22 ( 0.75)	Data  3.08 ( 0.61)	Loss   0.59 (  0.67)	Cls Acc 100.0 (99.9)	Domain Acc 69.5 (63.2)
Epoch: [46][150/500]	Time  0.51 ( 0.74)	Data  0.37 ( 0.61)	Loss   0.65 (  0.66)	Cls Acc 100.0 (99.9)	Domain Acc 63.3 (63.7)
Epoch: [46][200/500]	Time  0.50 ( 0.74)	Data  0.36 ( 0.61)	Loss   0.63 (  0.67)	Cls Acc 100.0 (99.9)	Domain Acc 69.9 (63.4)
Epoch: [46][250/500]	Time  1.58 ( 0.75)	Data  1.44 ( 0.61)	Loss   0.62 (  0.66)	Cls Acc 100.0 (99.9)	Domain Acc 66.0 (64.3)
Epoch: [46][300/500]	Time  0.50 ( 0.75)	Data  0.36 ( 0.61)	Loss   0.69 (  0.66)	Cls Acc 98.4 (99.9)	Domain Acc 63.7 (64.4)
Epoch: [46][350/500]	Time  0.51 ( 0.74)	Data  0.37 ( 0.61)	Loss   0.66 (  0.66)	Cls Acc 99.2 (99.9)	Domain Acc 66.4 (64.4)
Epoch: [46][400/500]	Time  1.66 ( 0.75)	Data  1.52 ( 0.61)	Loss   0.70 (  0.66)	Cls Acc 100.0 (99.9)	Domain Acc 56.6 (64.1)
Epoch: [46][450/500]	Time  0.51 ( 0.75)	Data  0.38 ( 0.61)	Loss   0.64 (  0.66)	Cls Acc 100.0 (99.9)	Domain Acc 66.0 (64.1)
Test: [ 0/23]	Time  1.023 ( 1.023)	Loss 5.3301e+00 (5.3301e+00)	Acc@1  32.03 ( 32.03)	Acc@5  75.00 ( 75.00)
 * Acc@1 10.650 Acc@5 31.239
acc1 = 10.6, best_acc1 = 11.5
Epoch: [47][  0/500]	Time  0.24 ( 0.24)	Data  0.10 ( 0.10)	Loss   0.67 (  0.67)	Cls Acc 100.0 (100.0)	Domain Acc 62.1 (62.1)
Epoch: [47][ 50/500]	Time  1.64 ( 0.78)	Data  1.50 ( 0.64)	Loss   0.68 (  0.68)	Cls Acc 100.0 (99.9)	Domain Acc 64.1 (62.4)
Epoch: [47][100/500]	Time  0.51 ( 0.76)	Data  0.37 ( 0.62)	Loss   0.64 (  0.66)	Cls Acc 100.0 (99.9)	Domain Acc 66.8 (64.9)
Epoch: [47][150/500]	Time  1.56 ( 0.78)	Data  1.42 ( 0.64)	Loss   0.71 (  0.66)	Cls Acc 100.0 (100.0)	Domain Acc 60.5 (64.2)
Epoch: [47][200/500]	Time  1.67 ( 0.79)	Data  1.53 ( 0.66)	Loss   0.66 (  0.66)	Cls Acc 100.0 (100.0)	Domain Acc 62.9 (65.0)
Epoch: [47][250/500]	Time  0.50 ( 0.79)	Data  0.37 ( 0.65)	Loss   0.65 (  0.66)	Cls Acc 100.0 (100.0)	Domain Acc 60.9 (64.7)
Epoch: [47][300/500]	Time  0.51 ( 0.79)	Data  0.37 ( 0.66)	Loss   0.62 (  0.66)	Cls Acc 100.0 (100.0)	Domain Acc 70.7 (64.9)
Epoch: [47][350/500]	Time  1.92 ( 0.80)	Data  1.78 ( 0.66)	Loss   0.66 (  0.66)	Cls Acc 100.0 (100.0)	Domain Acc 66.4 (65.3)
Epoch: [47][400/500]	Time  0.51 ( 0.79)	Data  0.37 ( 0.65)	Loss   0.68 (  0.66)	Cls Acc 100.0 (100.0)	Domain Acc 62.1 (65.0)
Epoch: [47][450/500]	Time  0.51 ( 0.78)	Data  0.37 ( 0.65)	Loss   0.60 (  0.66)	Cls Acc 100.0 (100.0)	Domain Acc 74.6 (65.3)
Test: [ 0/23]	Time  1.045 ( 1.045)	Loss 5.7955e+00 (5.7955e+00)	Acc@1  25.78 ( 25.78)	Acc@5  75.00 ( 75.00)
 * Acc@1 10.721 Acc@5 30.706
acc1 = 10.7, best_acc1 = 11.5
Epoch: [48][  0/500]	Time  1.62 ( 1.62)	Data  1.48 ( 1.48)	Loss   0.64 (  0.64)	Cls Acc 100.0 (100.0)	Domain Acc 65.2 (65.2)
Epoch: [48][ 50/500]	Time  0.51 ( 0.77)	Data  0.37 ( 0.64)	Loss   0.66 (  0.67)	Cls Acc 100.0 (100.0)	Domain Acc 62.9 (64.1)
Epoch: [48][100/500]	Time  0.50 ( 0.76)	Data  0.37 ( 0.62)	Loss   0.62 (  0.66)	Cls Acc 100.0 (100.0)	Domain Acc 65.2 (64.3)
Epoch: [48][150/500]	Time  1.63 ( 0.75)	Data  1.49 ( 0.62)	Loss   0.67 (  0.65)	Cls Acc 100.0 (99.9)	Domain Acc 64.5 (65.1)
Epoch: [48][200/500]	Time  1.33 ( 0.76)	Data  1.19 ( 0.62)	Loss   0.68 (  0.65)	Cls Acc 100.0 (99.9)	Domain Acc 61.3 (65.1)
Epoch: [48][250/500]	Time  0.51 ( 0.75)	Data  0.37 ( 0.61)	Loss   0.66 (  0.65)	Cls Acc 100.0 (100.0)	Domain Acc 60.9 (64.7)
Epoch: [48][300/500]	Time  1.65 ( 0.75)	Data  1.51 ( 0.62)	Loss   0.59 (  0.65)	Cls Acc 100.0 (100.0)	Domain Acc 74.6 (65.8)
Epoch: [48][350/500]	Time  0.51 ( 0.75)	Data  0.37 ( 0.61)	Loss   0.65 (  0.65)	Cls Acc 100.0 (100.0)	Domain Acc 64.1 (66.1)
Epoch: [48][400/500]	Time  0.51 ( 0.75)	Data  0.37 ( 0.61)	Loss   0.71 (  0.65)	Cls Acc 99.2 (99.9)	Domain Acc 60.5 (65.6)
Epoch: [48][450/500]	Time  1.61 ( 0.75)	Data  1.47 ( 0.61)	Loss   0.62 (  0.65)	Cls Acc 100.0 (99.9)	Domain Acc 70.3 (65.6)
Test: [ 0/23]	Time  1.218 ( 1.218)	Loss 5.8254e+00 (5.8254e+00)	Acc@1  29.69 ( 29.69)	Acc@5  67.97 ( 67.97)
 * Acc@1 10.685 Acc@5 29.322
acc1 = 10.7, best_acc1 = 11.5
Epoch: [49][  0/500]	Time  0.24 ( 0.24)	Data  0.10 ( 0.10)	Loss   0.65 (  0.65)	Cls Acc 100.0 (100.0)	Domain Acc 67.2 (67.2)
Epoch: [49][ 50/500]	Time  0.51 ( 0.72)	Data  0.37 ( 0.58)	Loss   0.67 (  0.66)	Cls Acc 100.0 (99.9)	Domain Acc 62.9 (62.7)
Epoch: [49][100/500]	Time  1.67 ( 0.75)	Data  1.53 ( 0.61)	Loss   0.63 (  0.66)	Cls Acc 100.0 (99.9)	Domain Acc 68.4 (63.7)
Epoch: [49][150/500]	Time  0.51 ( 0.74)	Data  0.37 ( 0.61)	Loss   0.68 (  0.65)	Cls Acc 100.0 (99.9)	Domain Acc 59.8 (65.1)
Epoch: [49][200/500]	Time  0.50 ( 0.74)	Data  0.37 ( 0.61)	Loss   0.60 (  0.65)	Cls Acc 100.0 (99.9)	Domain Acc 76.2 (64.9)
Epoch: [49][250/500]	Time  3.06 ( 0.75)	Data  2.92 ( 0.61)	Loss   0.66 (  0.65)	Cls Acc 99.2 (99.9)	Domain Acc 69.1 (65.8)
Epoch: [49][300/500]	Time  0.51 ( 0.75)	Data  0.37 ( 0.61)	Loss   0.66 (  0.65)	Cls Acc 100.0 (99.9)	Domain Acc 66.0 (66.0)
Epoch: [49][350/500]	Time  0.50 ( 0.75)	Data  0.36 ( 0.61)	Loss   0.64 (  0.64)	Cls Acc 100.0 (99.9)	Domain Acc 67.2 (66.3)
Epoch: [49][400/500]	Time  1.63 ( 0.75)	Data  1.49 ( 0.61)	Loss   0.69 (  0.64)	Cls Acc 100.0 (99.9)	Domain Acc 62.5 (66.1)
Epoch: [49][450/500]	Time  0.51 ( 0.75)	Data  0.38 ( 0.61)	Loss   0.67 (  0.65)	Cls Acc 100.0 (99.9)	Domain Acc 63.7 (65.9)
Test: [ 0/23]	Time  1.035 ( 1.035)	Loss 5.4919e+00 (5.4919e+00)	Acc@1  26.56 ( 26.56)	Acc@5  68.75 ( 68.75)
 * Acc@1 10.898 Acc@5 29.428
acc1 = 10.9, best_acc1 = 11.5
best_acc1 = 11.5
Test: [ 0/23]	Time  0.997 ( 0.997)	Loss 4.5171e+00 (4.5171e+00)	Acc@1  26.56 ( 26.56)	Acc@5  78.91 ( 78.91)
 * Acc@1 11.466 Acc@5 30.919
val_acc1 = 11.5
Test: [ 0/23]	Time  1.056 ( 1.056)	Loss 4.5171e+00 (4.5171e+00)	Acc@1  26.56 ( 26.56)	Acc@5  78.91 ( 78.91)
 * Acc@1 11.466 Acc@5 30.919
test_acc1 = 11.5
