Namespace(arch='resnet18', batch_size=128, bottleneck_dim=256, center_crop=False, checkmodel_logsave=False, data='Office31', data_processing='ours', epochs=50, iters_per_epoch=500, local=True, local_pretrained_path='/home/junzhin/Project/Summer_project/code/version1.0/pretrained_model_results/Resnet18_office31masked2_newmodel_best.pth.tar', log='/home/junzhin/Project/Summer_project/code/version2.0/training_results/dann/Resnet18_office31masked2/A_D', lr=0.01, lr_decay=0.75, lr_gamma=0.001, momentum=0.9, per_class_eval=False, phase='train', pretrained=True, print_freq=50, root='/home/junzhin/Project/Summer_project/code/version2.0/data/office31', seed=None, source='A', target='D', trade_off=1.0, weight_decay=0.001, workers=4)
=> using pre-trained model 'resnet18'
Epoch: [0][  0/500]	Time  3.01 ( 3.01)	Data  0.58 ( 0.58)	Loss   4.20 (  4.20)	Cls Acc 3.9 (3.9)	Domain Acc 54.7 (54.7)
Epoch: [0][ 50/500]	Time  0.50 ( 1.54)	Data  0.37 ( 1.36)	Loss   2.72 (  3.20)	Cls Acc 25.8 (16.1)	Domain Acc 97.7 (95.2)
Epoch: [0][100/500]	Time  0.51 ( 1.57)	Data  0.37 ( 1.40)	Loss   2.19 (  2.84)	Cls Acc 39.8 (24.0)	Domain Acc 99.6 (96.8)
Epoch: [0][150/500]	Time  3.51 ( 1.57)	Data  3.37 ( 1.42)	Loss   2.06 (  2.61)	Cls Acc 43.0 (29.8)	Domain Acc 99.2 (97.5)
Epoch: [0][200/500]	Time  0.51 ( 1.57)	Data  0.37 ( 1.42)	Loss   1.76 (  2.44)	Cls Acc 52.3 (34.1)	Domain Acc 99.2 (97.8)
Epoch: [0][250/500]	Time  0.50 ( 1.57)	Data  0.37 ( 1.42)	Loss   2.07 (  2.29)	Cls Acc 45.3 (37.9)	Domain Acc 97.7 (98.0)
Epoch: [0][300/500]	Time  3.52 ( 1.57)	Data  3.38 ( 1.43)	Loss   1.55 (  2.17)	Cls Acc 59.4 (41.3)	Domain Acc 99.2 (98.2)
Epoch: [0][350/500]	Time  0.51 ( 1.57)	Data  0.37 ( 1.42)	Loss   1.38 (  2.06)	Cls Acc 65.6 (44.3)	Domain Acc 98.0 (98.3)
Epoch: [0][400/500]	Time  0.52 ( 1.57)	Data  0.38 ( 1.43)	Loss   1.51 (  1.96)	Cls Acc 63.3 (46.8)	Domain Acc 98.0 (98.3)
Epoch: [0][450/500]	Time  3.57 ( 1.57)	Data  3.43 ( 1.43)	Loss   1.31 (  1.88)	Cls Acc 68.8 (49.4)	Domain Acc 94.9 (98.2)
Test: [0/4]	Time  3.669 ( 3.669)	Loss 3.5537e+00 (3.5537e+00)	Acc@1   8.59 (  8.59)	Acc@5  36.72 ( 36.72)
 * Acc@1 7.430 Acc@5 28.715
acc1 = 7.4, best_acc1 = 7.4
Epoch: [1][  0/500]	Time  0.24 ( 0.24)	Data  0.10 ( 0.10)	Loss   2.89 (  2.89)	Cls Acc 68.8 (68.8)	Domain Acc 89.1 (89.1)
Epoch: [1][ 50/500]	Time  1.22 ( 1.58)	Data  1.07 ( 1.44)	Loss   3.38 (  2.08)	Cls Acc 71.1 (68.4)	Domain Acc 67.2 (81.0)
Epoch: [1][100/500]	Time  3.55 ( 1.58)	Data  3.41 ( 1.45)	Loss   6.13 (  2.29)	Cls Acc 68.8 (67.7)	Domain Acc 56.2 (79.0)
Epoch: [1][150/500]	Time  0.51 ( 1.56)	Data  0.37 ( 1.43)	Loss   2.98 (  2.58)	Cls Acc 62.5 (66.2)	Domain Acc 72.3 (75.7)
Epoch: [1][200/500]	Time  0.51 ( 1.57)	Data  0.37 ( 1.43)	Loss   1.88 (  3.12)	Cls Acc 60.2 (64.8)	Domain Acc 89.5 (72.6)
Epoch: [1][250/500]	Time  3.65 ( 1.58)	Data  3.51 ( 1.44)	Loss  35.73 (  4.26)	Cls Acc 50.8 (62.2)	Domain Acc 23.8 (69.8)
Epoch: [1][300/500]	Time  0.50 ( 1.57)	Data  0.36 ( 1.43)	Loss   5.22 (  5.99)	Cls Acc 41.4 (59.4)	Domain Acc 69.1 (66.2)
Epoch: [1][350/500]	Time  0.50 ( 1.57)	Data  0.37 ( 1.43)	Loss   3.85 (  7.17)	Cls Acc 43.8 (56.9)	Domain Acc 69.1 (63.3)
Epoch: [1][400/500]	Time  3.51 ( 1.57)	Data  3.37 ( 1.43)	Loss   2.24 (  7.53)	Cls Acc 47.7 (54.8)	Domain Acc 90.6 (61.4)
Epoch: [1][450/500]	Time  0.50 ( 1.57)	Data  0.37 ( 1.43)	Loss   4.48 (  7.19)	Cls Acc 48.4 (53.8)	Domain Acc 68.4 (62.4)
Test: [0/4]	Time  3.295 ( 3.295)	Loss 3.1868e+00 (3.1868e+00)	Acc@1  11.72 ( 11.72)	Acc@5  49.22 ( 49.22)
 * Acc@1 7.430 Acc@5 32.129
acc1 = 7.4, best_acc1 = 7.4
Epoch: [2][  0/500]	Time  0.24 ( 0.24)	Data  0.10 ( 0.10)	Loss   3.08 (  3.08)	Cls Acc 49.2 (49.2)	Domain Acc 74.6 (74.6)
Epoch: [2][ 50/500]	Time  3.52 ( 1.55)	Data  3.38 ( 1.41)	Loss   3.39 (  4.78)	Cls Acc 52.3 (52.5)	Domain Acc 61.7 (54.7)
Epoch: [2][100/500]	Time  1.23 ( 1.55)	Data  1.09 ( 1.41)	Loss   2.91 (  4.12)	Cls Acc 51.6 (52.8)	Domain Acc 74.2 (56.6)
Epoch: [2][150/500]	Time  0.50 ( 1.57)	Data  0.36 ( 1.43)	Loss   2.56 (  3.79)	Cls Acc 55.5 (54.4)	Domain Acc 64.5 (59.8)
Epoch: [2][200/500]	Time  3.59 ( 1.57)	Data  3.44 ( 1.43)	Loss   1.68 (  3.59)	Cls Acc 64.1 (55.1)	Domain Acc 78.5 (58.4)
Epoch: [2][250/500]	Time  0.51 ( 1.56)	Data  0.37 ( 1.42)	Loss   1.67 (  3.31)	Cls Acc 67.2 (56.7)	Domain Acc 84.8 (60.1)
Epoch: [2][300/500]	Time  0.50 ( 1.57)	Data  0.36 ( 1.43)	Loss   1.53 (  3.09)	Cls Acc 75.0 (58.4)	Domain Acc 67.2 (61.4)
Epoch: [2][350/500]	Time  3.63 ( 1.58)	Data  3.49 ( 1.44)	Loss   1.82 (  2.89)	Cls Acc 67.2 (60.1)	Domain Acc 57.0 (62.0)
Epoch: [2][400/500]	Time  0.51 ( 1.57)	Data  0.37 ( 1.43)	Loss   1.64 (  2.73)	Cls Acc 75.0 (61.7)	Domain Acc 57.4 (62.4)
Epoch: [2][450/500]	Time  0.50 ( 1.57)	Data  0.37 ( 1.44)	Loss   1.46 (  2.60)	Cls Acc 77.3 (63.2)	Domain Acc 60.5 (62.2)
Test: [0/4]	Time  3.494 ( 3.494)	Loss 3.7728e+00 (3.7728e+00)	Acc@1  17.19 ( 17.19)	Acc@5  48.44 ( 48.44)
 * Acc@1 19.076 Acc@5 44.779
acc1 = 19.1, best_acc1 = 19.1
Epoch: [3][  0/500]	Time  3.57 ( 3.57)	Data  3.43 ( 3.43)	Loss   1.39 (  1.39)	Cls Acc 81.2 (81.2)	Domain Acc 56.2 (56.2)
Epoch: [3][ 50/500]	Time  0.49 ( 1.58)	Data  0.36 ( 1.44)	Loss   1.27 (  1.49)	Cls Acc 77.3 (78.5)	Domain Acc 71.5 (60.8)
Epoch: [3][100/500]	Time  0.52 ( 1.58)	Data  0.38 ( 1.44)	Loss   1.48 (  1.47)	Cls Acc 79.7 (79.1)	Domain Acc 57.0 (60.7)
Epoch: [3][150/500]	Time  4.83 ( 1.59)	Data  4.68 ( 1.45)	Loss   1.55 (  1.47)	Cls Acc 82.0 (79.3)	Domain Acc 45.3 (59.8)
Epoch: [3][200/500]	Time  0.50 ( 1.57)	Data  0.36 ( 1.43)	Loss   1.36 (  1.45)	Cls Acc 81.2 (79.8)	Domain Acc 65.6 (59.4)
Epoch: [3][250/500]	Time  0.51 ( 1.58)	Data  0.38 ( 1.44)	Loss   1.48 (  1.42)	Cls Acc 82.8 (80.6)	Domain Acc 41.8 (59.3)
Epoch: [3][300/500]	Time  3.55 ( 1.58)	Data  3.41 ( 1.44)	Loss   1.13 (  1.40)	Cls Acc 89.1 (81.2)	Domain Acc 50.8 (58.2)
Epoch: [3][350/500]	Time  0.50 ( 1.57)	Data  0.36 ( 1.43)	Loss   1.15 (  1.37)	Cls Acc 90.6 (81.8)	Domain Acc 52.3 (58.9)
Epoch: [3][400/500]	Time  0.51 ( 1.57)	Data  0.38 ( 1.44)	Loss   1.19 (  1.36)	Cls Acc 84.4 (82.2)	Domain Acc 68.0 (58.3)
Epoch: [3][450/500]	Time  3.52 ( 1.58)	Data  3.38 ( 1.44)	Loss   1.27 (  1.36)	Cls Acc 83.6 (82.6)	Domain Acc 66.0 (58.0)
Test: [0/4]	Time  3.291 ( 3.291)	Loss 3.5547e+00 (3.5547e+00)	Acc@1  24.22 ( 24.22)	Acc@5  55.47 ( 55.47)
 * Acc@1 18.876 Acc@5 47.590
acc1 = 18.9, best_acc1 = 19.1
Epoch: [4][  0/500]	Time  0.23 ( 0.23)	Data  0.09 ( 0.09)	Loss   1.39 (  1.39)	Cls Acc 84.4 (84.4)	Domain Acc 46.1 (46.1)
Epoch: [4][ 50/500]	Time  0.51 ( 1.58)	Data  0.37 ( 1.44)	Loss   1.24 (  1.17)	Cls Acc 82.0 (87.6)	Domain Acc 54.7 (56.1)
Epoch: [4][100/500]	Time  3.54 ( 1.58)	Data  3.40 ( 1.44)	Loss   1.16 (  1.18)	Cls Acc 89.8 (88.1)	Domain Acc 60.2 (56.1)
Epoch: [4][150/500]	Time  0.51 ( 1.56)	Data  0.37 ( 1.42)	Loss   1.03 (  1.19)	Cls Acc 90.6 (88.4)	Domain Acc 62.1 (56.8)
Epoch: [4][200/500]	Time  1.25 ( 1.57)	Data  1.11 ( 1.43)	Loss   0.97 (  1.17)	Cls Acc 89.1 (88.7)	Domain Acc 71.1 (56.4)
Epoch: [4][250/500]	Time  3.60 ( 1.58)	Data  3.46 ( 1.44)	Loss   1.28 (  1.19)	Cls Acc 89.8 (88.8)	Domain Acc 44.5 (55.8)
Epoch: [4][300/500]	Time  0.51 ( 1.57)	Data  0.37 ( 1.43)	Loss   1.11 (  1.21)	Cls Acc 90.6 (88.6)	Domain Acc 59.4 (55.5)
Epoch: [4][350/500]	Time  0.51 ( 1.57)	Data  0.37 ( 1.43)	Loss   1.13 (  1.19)	Cls Acc 92.2 (89.0)	Domain Acc 44.9 (55.1)
Epoch: [4][400/500]	Time  3.82 ( 1.57)	Data  3.68 ( 1.44)	Loss   1.10 (  1.17)	Cls Acc 91.4 (89.4)	Domain Acc 45.3 (55.2)
Epoch: [4][450/500]	Time  0.51 ( 1.57)	Data  0.37 ( 1.43)	Loss   1.04 (  1.15)	Cls Acc 87.5 (89.8)	Domain Acc 59.8 (54.9)
Test: [0/4]	Time  3.331 ( 3.331)	Loss 4.0834e+00 (4.0834e+00)	Acc@1  27.34 ( 27.34)	Acc@5  46.88 ( 46.88)
 * Acc@1 20.080 Acc@5 46.386
acc1 = 20.1, best_acc1 = 20.1
Epoch: [5][  0/500]	Time  0.23 ( 0.23)	Data  0.10 ( 0.10)	Loss   0.90 (  0.90)	Cls Acc 95.3 (95.3)	Domain Acc 53.1 (53.1)
Epoch: [5][ 50/500]	Time  3.50 ( 1.56)	Data  3.36 ( 1.42)	Loss   0.94 (  0.91)	Cls Acc 93.8 (94.4)	Domain Acc 58.2 (57.2)
Epoch: [5][100/500]	Time  0.51 ( 1.55)	Data  0.37 ( 1.41)	Loss   0.83 (  0.92)	Cls Acc 96.1 (94.9)	Domain Acc 65.6 (55.0)
Epoch: [5][150/500]	Time  0.51 ( 1.57)	Data  0.37 ( 1.43)	Loss   1.06 (  0.93)	Cls Acc 92.2 (94.8)	Domain Acc 53.1 (55.0)
Epoch: [5][200/500]	Time  3.51 ( 1.57)	Data  3.37 ( 1.43)	Loss   0.90 (  0.93)	Cls Acc 97.7 (94.9)	Domain Acc 58.6 (54.9)
Epoch: [5][250/500]	Time  1.23 ( 1.56)	Data  1.09 ( 1.42)	Loss   0.88 (  0.94)	Cls Acc 97.7 (94.9)	Domain Acc 49.2 (53.6)
Epoch: [5][300/500]	Time  0.50 ( 1.57)	Data  0.36 ( 1.43)	Loss   1.29 (  0.96)	Cls Acc 95.3 (94.9)	Domain Acc 46.9 (53.5)
Epoch: [5][350/500]	Time  3.55 ( 1.57)	Data  3.41 ( 1.43)	Loss   0.95 (  0.97)	Cls Acc 94.5 (94.8)	Domain Acc 48.4 (53.0)
Epoch: [5][400/500]	Time  0.51 ( 1.57)	Data  0.37 ( 1.43)	Loss   0.90 (  0.97)	Cls Acc 96.9 (94.9)	Domain Acc 52.3 (53.1)
Epoch: [5][450/500]	Time  0.50 ( 1.57)	Data  0.36 ( 1.43)	Loss   0.96 (  0.96)	Cls Acc 96.9 (95.0)	Domain Acc 57.4 (53.2)
Test: [0/4]	Time  3.312 ( 3.312)	Loss 4.0745e+00 (4.0745e+00)	Acc@1  24.22 ( 24.22)	Acc@5  53.12 ( 53.12)
 * Acc@1 18.273 Acc@5 47.590
acc1 = 18.3, best_acc1 = 20.1
Epoch: [6][  0/500]	Time  3.54 ( 3.54)	Data  3.39 ( 3.39)	Loss   0.87 (  0.87)	Cls Acc 96.1 (96.1)	Domain Acc 53.5 (53.5)
Epoch: [6][ 50/500]	Time  0.51 ( 1.56)	Data  0.37 ( 1.43)	Loss   0.81 (  0.86)	Cls Acc 97.7 (97.1)	Domain Acc 56.6 (53.6)
Epoch: [6][100/500]	Time  0.50 ( 1.57)	Data  0.37 ( 1.43)	Loss   0.96 (  0.85)	Cls Acc 93.0 (97.3)	Domain Acc 41.8 (53.8)
Epoch: [6][150/500]	Time  3.58 ( 1.59)	Data  3.43 ( 1.45)	Loss   0.80 (  0.84)	Cls Acc 99.2 (97.4)	Domain Acc 54.7 (54.5)
Epoch: [6][200/500]	Time  0.50 ( 1.57)	Data  0.37 ( 1.43)	Loss   0.82 (  0.84)	Cls Acc 97.7 (97.5)	Domain Acc 50.4 (54.1)
Epoch: [6][250/500]	Time  0.51 ( 1.57)	Data  0.37 ( 1.43)	Loss   0.83 (  0.84)	Cls Acc 97.7 (97.4)	Domain Acc 55.1 (53.6)
Epoch: [6][300/500]	Time  5.00 ( 1.58)	Data  4.85 ( 1.44)	Loss   0.83 (  0.86)	Cls Acc 98.4 (97.3)	Domain Acc 56.2 (53.3)
Epoch: [6][350/500]	Time  0.51 ( 1.57)	Data  0.37 ( 1.43)	Loss   0.74 (  0.86)	Cls Acc 99.2 (97.2)	Domain Acc 61.7 (53.4)
Epoch: [6][400/500]	Time  0.51 ( 1.57)	Data  0.37 ( 1.43)	Loss   1.07 (  0.87)	Cls Acc 95.3 (97.1)	Domain Acc 41.8 (53.0)
Epoch: [6][450/500]	Time  3.54 ( 1.57)	Data  3.39 ( 1.43)	Loss   0.94 (  0.88)	Cls Acc 97.7 (97.1)	Domain Acc 40.2 (52.7)
Test: [0/4]	Time  3.352 ( 3.352)	Loss 4.0858e+00 (4.0858e+00)	Acc@1  32.81 ( 32.81)	Acc@5  57.81 ( 57.81)
 * Acc@1 18.474 Acc@5 44.378
acc1 = 18.5, best_acc1 = 20.1
Epoch: [7][  0/500]	Time  0.22 ( 0.22)	Data  0.09 ( 0.09)	Loss   0.90 (  0.90)	Cls Acc 97.7 (97.7)	Domain Acc 46.9 (46.9)
Epoch: [7][ 50/500]	Time  0.51 ( 1.55)	Data  0.37 ( 1.42)	Loss   0.89 (  0.87)	Cls Acc 97.7 (97.5)	Domain Acc 51.6 (51.3)
Epoch: [7][100/500]	Time  3.53 ( 1.57)	Data  3.39 ( 1.43)	Loss   0.96 (  0.86)	Cls Acc 96.1 (97.7)	Domain Acc 48.8 (52.7)
Epoch: [7][150/500]	Time  0.51 ( 1.56)	Data  0.37 ( 1.42)	Loss   0.86 (  0.85)	Cls Acc 99.2 (97.7)	Domain Acc 52.0 (53.3)
Epoch: [7][200/500]	Time  0.51 ( 1.57)	Data  0.37 ( 1.43)	Loss   0.77 (  0.85)	Cls Acc 100.0 (97.8)	Domain Acc 56.6 (53.0)
Epoch: [7][250/500]	Time  3.57 ( 1.57)	Data  3.43 ( 1.43)	Loss   0.76 (  0.84)	Cls Acc 99.2 (98.0)	Domain Acc 55.1 (53.7)
Epoch: [7][300/500]	Time  0.50 ( 1.57)	Data  0.37 ( 1.43)	Loss   0.82 (  0.83)	Cls Acc 100.0 (98.1)	Domain Acc 53.5 (53.2)
Epoch: [7][350/500]	Time  1.32 ( 1.57)	Data  1.18 ( 1.43)	Loss   0.91 (  0.83)	Cls Acc 96.1 (98.2)	Domain Acc 48.4 (53.0)
Epoch: [7][400/500]	Time  3.57 ( 1.57)	Data  3.43 ( 1.43)	Loss   0.94 (  0.83)	Cls Acc 98.4 (98.1)	Domain Acc 46.9 (52.8)
Epoch: [7][450/500]	Time  0.50 ( 1.57)	Data  0.36 ( 1.43)	Loss   0.78 (  0.83)	Cls Acc 98.4 (98.1)	Domain Acc 58.6 (52.8)
Test: [0/4]	Time  3.320 ( 3.320)	Loss 4.5324e+00 (4.5324e+00)	Acc@1  28.91 ( 28.91)	Acc@5  53.91 ( 53.91)
 * Acc@1 21.285 Acc@5 47.390
acc1 = 21.3, best_acc1 = 21.3
Epoch: [8][  0/500]	Time  0.24 ( 0.24)	Data  0.10 ( 0.10)	Loss   0.87 (  0.87)	Cls Acc 98.4 (98.4)	Domain Acc 48.0 (48.0)
Epoch: [8][ 50/500]	Time  3.73 ( 1.58)	Data  3.59 ( 1.44)	Loss   0.84 (  0.83)	Cls Acc 99.2 (98.6)	Domain Acc 53.9 (53.0)
Epoch: [8][100/500]	Time  0.51 ( 1.55)	Data  0.37 ( 1.41)	Loss   0.76 (  0.81)	Cls Acc 98.4 (98.7)	Domain Acc 58.2 (53.2)
Epoch: [8][150/500]	Time  0.51 ( 1.56)	Data  0.37 ( 1.42)	Loss   0.80 (  0.81)	Cls Acc 100.0 (98.7)	Domain Acc 49.2 (52.6)
Epoch: [8][200/500]	Time  3.58 ( 1.57)	Data  3.44 ( 1.43)	Loss   0.83 (  0.81)	Cls Acc 98.4 (98.6)	Domain Acc 53.1 (52.4)
Epoch: [8][250/500]	Time  0.51 ( 1.57)	Data  0.37 ( 1.43)	Loss   0.91 (  0.82)	Cls Acc 96.9 (98.5)	Domain Acc 53.1 (52.2)
Epoch: [8][300/500]	Time  0.51 ( 1.57)	Data  0.37 ( 1.43)	Loss   0.70 (  0.83)	Cls Acc 100.0 (98.4)	Domain Acc 63.3 (51.6)
Epoch: [8][350/500]	Time  3.51 ( 1.57)	Data  3.37 ( 1.43)	Loss   1.05 (  0.83)	Cls Acc 99.2 (98.4)	Domain Acc 30.9 (51.8)
Epoch: [8][400/500]	Time  1.23 ( 1.57)	Data  1.09 ( 1.43)	Loss   0.77 (  0.83)	Cls Acc 99.2 (98.5)	Domain Acc 60.2 (51.5)
Epoch: [8][450/500]	Time  0.50 ( 1.57)	Data  0.36 ( 1.43)	Loss   0.82 (  0.84)	Cls Acc 97.7 (98.4)	Domain Acc 50.8 (51.2)
Test: [0/4]	Time  3.366 ( 3.366)	Loss 4.5494e+00 (4.5494e+00)	Acc@1  25.00 ( 25.00)	Acc@5  57.03 ( 57.03)
 * Acc@1 20.281 Acc@5 47.992
acc1 = 20.3, best_acc1 = 21.3
Epoch: [9][  0/500]	Time  3.51 ( 3.51)	Data  3.37 ( 3.37)	Loss   0.72 (  0.72)	Cls Acc 100.0 (100.0)	Domain Acc 59.8 (59.8)
Epoch: [9][ 50/500]	Time  0.51 ( 1.56)	Data  0.37 ( 1.42)	Loss   0.92 (  0.79)	Cls Acc 99.2 (99.2)	Domain Acc 47.3 (52.5)
Epoch: [9][100/500]	Time  0.50 ( 1.58)	Data  0.37 ( 1.44)	Loss   0.78 (  0.80)	Cls Acc 97.7 (99.1)	Domain Acc 53.5 (51.6)
Epoch: [9][150/500]	Time  3.56 ( 1.58)	Data  3.42 ( 1.45)	Loss   0.76 (  0.80)	Cls Acc 100.0 (99.1)	Domain Acc 56.6 (52.4)
Epoch: [9][200/500]	Time  0.51 ( 1.57)	Data  0.37 ( 1.43)	Loss   0.73 (  0.80)	Cls Acc 98.4 (99.0)	Domain Acc 66.4 (52.9)
Epoch: [9][250/500]	Time  0.51 ( 1.58)	Data  0.37 ( 1.44)	Loss   0.81 (  0.80)	Cls Acc 98.4 (99.0)	Domain Acc 50.0 (52.5)
Epoch: [9][300/500]	Time  3.62 ( 1.58)	Data  3.48 ( 1.44)	Loss   0.78 (  0.79)	Cls Acc 98.4 (99.1)	Domain Acc 56.2 (52.7)
Epoch: [9][350/500]	Time  0.50 ( 1.57)	Data  0.36 ( 1.43)	Loss   0.85 (  0.79)	Cls Acc 97.7 (99.1)	Domain Acc 43.4 (52.5)
Epoch: [9][400/500]	Time  0.51 ( 1.58)	Data  0.37 ( 1.44)	Loss   0.86 (  0.79)	Cls Acc 97.7 (99.1)	Domain Acc 44.5 (52.2)
Epoch: [9][450/500]	Time  4.97 ( 1.58)	Data  4.83 ( 1.44)	Loss   0.77 (  0.79)	Cls Acc 99.2 (99.1)	Domain Acc 49.6 (52.0)
Test: [0/4]	Time  3.327 ( 3.327)	Loss 4.9731e+00 (4.9731e+00)	Acc@1  28.12 ( 28.12)	Acc@5  54.69 ( 54.69)
 * Acc@1 21.888 Acc@5 50.201
acc1 = 21.9, best_acc1 = 21.9
Epoch: [10][  0/500]	Time  0.23 ( 0.23)	Data  0.09 ( 0.09)	Loss   0.77 (  0.77)	Cls Acc 99.2 (99.2)	Domain Acc 55.1 (55.1)
Epoch: [10][ 50/500]	Time  0.51 ( 1.56)	Data  0.37 ( 1.42)	Loss   0.81 (  0.77)	Cls Acc 99.2 (99.3)	Domain Acc 44.5 (50.8)
Epoch: [10][100/500]	Time  3.53 ( 1.58)	Data  3.39 ( 1.44)	Loss   0.77 (  0.77)	Cls Acc 99.2 (99.4)	Domain Acc 52.0 (51.8)
Epoch: [10][150/500]	Time  0.50 ( 1.57)	Data  0.36 ( 1.43)	Loss   0.76 (  0.77)	Cls Acc 98.4 (99.3)	Domain Acc 57.4 (51.8)
Epoch: [10][200/500]	Time  0.51 ( 1.57)	Data  0.37 ( 1.43)	Loss   0.78 (  0.77)	Cls Acc 99.2 (99.3)	Domain Acc 51.6 (52.0)
Epoch: [10][250/500]	Time  3.54 ( 1.58)	Data  3.40 ( 1.44)	Loss   0.81 (  0.77)	Cls Acc 99.2 (99.3)	Domain Acc 48.4 (52.3)
Epoch: [10][300/500]	Time  0.51 ( 1.57)	Data  0.37 ( 1.43)	Loss   0.83 (  0.77)	Cls Acc 98.4 (99.3)	Domain Acc 49.6 (51.9)
Epoch: [10][350/500]	Time  0.50 ( 1.58)	Data  0.37 ( 1.44)	Loss   0.83 (  0.77)	Cls Acc 97.7 (99.2)	Domain Acc 49.6 (52.1)
Epoch: [10][400/500]	Time  3.58 ( 1.58)	Data  3.44 ( 1.44)	Loss   0.72 (  0.77)	Cls Acc 99.2 (99.3)	Domain Acc 57.0 (52.3)
Epoch: [10][450/500]	Time  0.51 ( 1.57)	Data  0.37 ( 1.43)	Loss   0.75 (  0.77)	Cls Acc 100.0 (99.3)	Domain Acc 52.3 (52.3)
Test: [0/4]	Time  3.397 ( 3.397)	Loss 4.5410e+00 (4.5410e+00)	Acc@1  32.81 ( 32.81)	Acc@5  56.25 ( 56.25)
 * Acc@1 21.285 Acc@5 47.992
acc1 = 21.3, best_acc1 = 21.9
Epoch: [11][  0/500]	Time  1.26 ( 1.26)	Data  1.11 ( 1.11)	Loss   0.80 (  0.80)	Cls Acc 100.0 (100.0)	Domain Acc 46.1 (46.1)
Epoch: [11][ 50/500]	Time  3.60 ( 1.59)	Data  3.46 ( 1.45)	Loss   0.80 (  0.75)	Cls Acc 98.4 (99.4)	Domain Acc 47.7 (53.4)
Epoch: [11][100/500]	Time  0.51 ( 1.56)	Data  0.37 ( 1.42)	Loss   0.83 (  0.75)	Cls Acc 99.2 (99.5)	Domain Acc 41.0 (53.7)
Epoch: [11][150/500]	Time  0.51 ( 1.57)	Data  0.37 ( 1.43)	Loss   0.72 (  0.75)	Cls Acc 100.0 (99.5)	Domain Acc 55.1 (54.0)
Epoch: [11][200/500]	Time  3.76 ( 1.58)	Data  3.62 ( 1.44)	Loss   0.71 (  0.75)	Cls Acc 100.0 (99.5)	Domain Acc 54.3 (54.5)
Epoch: [11][250/500]	Time  0.51 ( 1.57)	Data  0.37 ( 1.43)	Loss   0.88 (  0.76)	Cls Acc 96.1 (99.4)	Domain Acc 50.4 (53.0)
Epoch: [11][300/500]	Time  0.51 ( 1.58)	Data  0.37 ( 1.44)	Loss   0.82 (  0.76)	Cls Acc 96.9 (99.4)	Domain Acc 47.3 (52.7)
Epoch: [11][350/500]	Time  3.53 ( 1.58)	Data  3.39 ( 1.44)	Loss   0.74 (  0.76)	Cls Acc 99.2 (99.4)	Domain Acc 57.0 (52.8)
Epoch: [11][400/500]	Time  0.51 ( 1.57)	Data  0.37 ( 1.43)	Loss   0.80 (  0.76)	Cls Acc 99.2 (99.4)	Domain Acc 50.8 (53.2)
Epoch: [11][450/500]	Time  0.51 ( 1.58)	Data  0.37 ( 1.44)	Loss   0.74 (  0.76)	Cls Acc 100.0 (99.4)	Domain Acc 54.3 (53.0)
Test: [0/4]	Time  3.365 ( 3.365)	Loss 4.6277e+00 (4.6277e+00)	Acc@1  29.69 ( 29.69)	Acc@5  54.69 ( 54.69)
 * Acc@1 20.482 Acc@5 44.779
acc1 = 20.5, best_acc1 = 21.9
Epoch: [12][  0/500]	Time  3.52 ( 3.52)	Data  3.38 ( 3.38)	Loss   0.74 (  0.74)	Cls Acc 100.0 (100.0)	Domain Acc 53.1 (53.1)
Epoch: [12][ 50/500]	Time  1.24 ( 1.58)	Data  1.10 ( 1.44)	Loss   0.71 (  0.75)	Cls Acc 99.2 (99.5)	Domain Acc 60.2 (51.6)
Epoch: [12][100/500]	Time  0.50 ( 1.59)	Data  0.36 ( 1.45)	Loss   0.74 (  0.74)	Cls Acc 99.2 (99.6)	Domain Acc 54.3 (52.7)
Epoch: [12][150/500]	Time  3.56 ( 1.59)	Data  3.42 ( 1.45)	Loss   0.70 (  0.74)	Cls Acc 100.0 (99.6)	Domain Acc 59.4 (53.5)
Epoch: [12][200/500]	Time  0.51 ( 1.57)	Data  0.37 ( 1.43)	Loss   0.74 (  0.74)	Cls Acc 100.0 (99.7)	Domain Acc 54.7 (53.8)
Epoch: [12][250/500]	Time  0.50 ( 1.58)	Data  0.36 ( 1.44)	Loss   0.70 (  0.74)	Cls Acc 100.0 (99.7)	Domain Acc 61.7 (53.1)
Epoch: [12][300/500]	Time  3.57 ( 1.58)	Data  3.43 ( 1.44)	Loss   0.73 (  0.73)	Cls Acc 100.0 (99.7)	Domain Acc 49.6 (53.6)
Epoch: [12][350/500]	Time  0.51 ( 1.57)	Data  0.37 ( 1.43)	Loss   0.76 (  0.73)	Cls Acc 98.4 (99.8)	Domain Acc 46.9 (53.4)
Epoch: [12][400/500]	Time  0.51 ( 1.58)	Data  0.37 ( 1.44)	Loss   0.72 (  0.73)	Cls Acc 99.2 (99.8)	Domain Acc 58.2 (53.4)
Epoch: [12][450/500]	Time  3.68 ( 1.58)	Data  3.54 ( 1.44)	Loss   0.75 (  0.73)	Cls Acc 100.0 (99.8)	Domain Acc 50.4 (53.1)
Test: [0/4]	Time  3.352 ( 3.352)	Loss 4.6070e+00 (4.6070e+00)	Acc@1  33.59 ( 33.59)	Acc@5  59.38 ( 59.38)
 * Acc@1 21.285 Acc@5 50.402
acc1 = 21.3, best_acc1 = 21.9
Epoch: [13][  0/500]	Time  0.23 ( 0.23)	Data  0.10 ( 0.10)	Loss   0.74 (  0.74)	Cls Acc 100.0 (100.0)	Domain Acc 51.6 (51.6)
Epoch: [13][ 50/500]	Time  0.51 ( 1.57)	Data  0.37 ( 1.43)	Loss   0.74 (  0.73)	Cls Acc 99.2 (99.8)	Domain Acc 50.0 (51.4)
Epoch: [13][100/500]	Time  4.97 ( 1.59)	Data  4.83 ( 1.45)	Loss   0.71 (  0.73)	Cls Acc 100.0 (99.8)	Domain Acc 59.0 (52.6)
Epoch: [13][150/500]	Time  0.51 ( 1.57)	Data  0.37 ( 1.43)	Loss   0.72 (  0.73)	Cls Acc 100.0 (99.8)	Domain Acc 55.1 (52.2)
Epoch: [13][200/500]	Time  0.52 ( 1.58)	Data  0.38 ( 1.44)	Loss   0.70 (  0.73)	Cls Acc 100.0 (99.8)	Domain Acc 56.2 (52.2)
Epoch: [13][250/500]	Time  3.55 ( 1.58)	Data  3.41 ( 1.44)	Loss   0.76 (  0.73)	Cls Acc 100.0 (99.8)	Domain Acc 44.5 (52.2)
Epoch: [13][300/500]	Time  0.51 ( 1.57)	Data  0.37 ( 1.44)	Loss   0.73 (  0.73)	Cls Acc 100.0 (99.8)	Domain Acc 50.0 (52.3)
Epoch: [13][350/500]	Time  0.51 ( 1.58)	Data  0.38 ( 1.44)	Loss   0.74 (  0.73)	Cls Acc 100.0 (99.8)	Domain Acc 51.6 (52.2)
Epoch: [13][400/500]	Time  3.60 ( 1.58)	Data  3.46 ( 1.44)	Loss   0.77 (  0.73)	Cls Acc 98.4 (99.8)	Domain Acc 47.7 (52.3)
Epoch: [13][450/500]	Time  0.51 ( 1.57)	Data  0.37 ( 1.44)	Loss   0.71 (  0.73)	Cls Acc 100.0 (99.8)	Domain Acc 59.0 (52.5)
Test: [0/4]	Time  3.356 ( 3.356)	Loss 4.3479e+00 (4.3479e+00)	Acc@1  36.72 ( 36.72)	Acc@5  58.59 ( 58.59)
 * Acc@1 24.096 Acc@5 50.000
acc1 = 24.1, best_acc1 = 24.1
Epoch: [14][  0/500]	Time  0.24 ( 0.24)	Data  0.10 ( 0.10)	Loss   0.69 (  0.69)	Cls Acc 99.2 (99.2)	Domain Acc 60.9 (60.9)
Epoch: [14][ 50/500]	Time  3.57 ( 1.58)	Data  3.43 ( 1.44)	Loss   0.72 (  0.73)	Cls Acc 100.0 (99.8)	Domain Acc 55.5 (54.5)
Epoch: [14][100/500]	Time  0.50 ( 1.56)	Data  0.36 ( 1.42)	Loss   0.74 (  0.73)	Cls Acc 99.2 (99.8)	Domain Acc 54.7 (53.4)
Epoch: [14][150/500]	Time  1.22 ( 1.57)	Data  1.07 ( 1.44)	Loss   0.73 (  0.73)	Cls Acc 100.0 (99.8)	Domain Acc 53.5 (53.0)
Epoch: [14][200/500]	Time  3.57 ( 1.58)	Data  3.43 ( 1.44)	Loss   0.75 (  0.73)	Cls Acc 100.0 (99.8)	Domain Acc 46.9 (53.8)
Epoch: [14][250/500]	Time  0.51 ( 1.57)	Data  0.37 ( 1.43)	Loss   0.70 (  0.73)	Cls Acc 100.0 (99.8)	Domain Acc 53.5 (53.9)
Epoch: [14][300/500]	Time  0.50 ( 1.57)	Data  0.37 ( 1.43)	Loss   0.71 (  0.73)	Cls Acc 100.0 (99.8)	Domain Acc 54.7 (53.7)
Epoch: [14][350/500]	Time  3.73 ( 1.58)	Data  3.59 ( 1.44)	Loss   0.71 (  0.72)	Cls Acc 100.0 (99.8)	Domain Acc 56.2 (54.1)
Epoch: [14][400/500]	Time  0.51 ( 1.57)	Data  0.37 ( 1.43)	Loss   0.72 (  0.72)	Cls Acc 100.0 (99.8)	Domain Acc 55.9 (54.0)
Epoch: [14][450/500]	Time  0.51 ( 1.57)	Data  0.37 ( 1.43)	Loss   0.69 (  0.72)	Cls Acc 100.0 (99.8)	Domain Acc 62.9 (54.3)
Test: [0/4]	Time  3.323 ( 3.323)	Loss 4.8043e+00 (4.8043e+00)	Acc@1  32.03 ( 32.03)	Acc@5  60.16 ( 60.16)
 * Acc@1 20.884 Acc@5 48.394
acc1 = 20.9, best_acc1 = 24.1
Epoch: [15][  0/500]	Time  3.53 ( 3.53)	Data  3.39 ( 3.39)	Loss   0.74 (  0.74)	Cls Acc 99.2 (99.2)	Domain Acc 52.7 (52.7)
Epoch: [15][ 50/500]	Time  0.51 ( 1.59)	Data  0.37 ( 1.45)	Loss   0.76 (  0.73)	Cls Acc 100.0 (99.7)	Domain Acc 44.1 (53.5)
Epoch: [15][100/500]	Time  0.51 ( 1.59)	Data  0.37 ( 1.45)	Loss   0.79 (  0.73)	Cls Acc 99.2 (99.7)	Domain Acc 53.5 (53.7)
Epoch: [15][150/500]	Time  3.55 ( 1.59)	Data  3.41 ( 1.45)	Loss   0.75 (  0.74)	Cls Acc 100.0 (99.6)	Domain Acc 48.8 (52.6)
Epoch: [15][200/500]	Time  1.23 ( 1.58)	Data  1.09 ( 1.44)	Loss   0.72 (  0.74)	Cls Acc 100.0 (99.7)	Domain Acc 52.7 (53.0)
Epoch: [15][250/500]	Time  0.51 ( 1.58)	Data  0.37 ( 1.44)	Loss   0.72 (  0.74)	Cls Acc 100.0 (99.7)	Domain Acc 55.5 (52.6)
Epoch: [15][300/500]	Time  3.58 ( 1.58)	Data  3.44 ( 1.44)	Loss   0.71 (  0.74)	Cls Acc 100.0 (99.7)	Domain Acc 50.8 (52.8)
Epoch: [15][350/500]	Time  0.51 ( 1.58)	Data  0.37 ( 1.44)	Loss   0.72 (  0.74)	Cls Acc 100.0 (99.7)	Domain Acc 48.0 (52.7)
Epoch: [15][400/500]	Time  0.50 ( 1.58)	Data  0.36 ( 1.44)	Loss   0.76 (  0.74)	Cls Acc 100.0 (99.7)	Domain Acc 50.0 (52.8)
Epoch: [15][450/500]	Time  3.63 ( 1.58)	Data  3.48 ( 1.44)	Loss   0.76 (  0.74)	Cls Acc 100.0 (99.7)	Domain Acc 45.7 (53.1)
Test: [0/4]	Time  3.345 ( 3.345)	Loss 4.9870e+00 (4.9870e+00)	Acc@1  31.25 ( 31.25)	Acc@5  58.59 ( 58.59)
 * Acc@1 23.293 Acc@5 52.410
acc1 = 23.3, best_acc1 = 24.1
Epoch: [16][  0/500]	Time  0.24 ( 0.24)	Data  0.10 ( 0.10)	Loss   0.70 (  0.70)	Cls Acc 99.2 (99.2)	Domain Acc 60.2 (60.2)
Epoch: [16][ 50/500]	Time  0.51 ( 1.56)	Data  0.37 ( 1.42)	Loss   0.73 (  0.75)	Cls Acc 99.2 (99.7)	Domain Acc 52.0 (48.0)
Epoch: [16][100/500]	Time  3.61 ( 1.59)	Data  3.46 ( 1.45)	Loss   0.73 (  0.74)	Cls Acc 100.0 (99.7)	Domain Acc 51.2 (51.7)
Epoch: [16][150/500]	Time  0.51 ( 1.57)	Data  0.37 ( 1.43)	Loss   0.72 (  0.74)	Cls Acc 100.0 (99.7)	Domain Acc 55.5 (52.6)
Epoch: [16][200/500]	Time  0.51 ( 1.58)	Data  0.37 ( 1.44)	Loss   0.74 (  0.73)	Cls Acc 100.0 (99.8)	Domain Acc 53.5 (52.5)
Epoch: [16][250/500]	Time  4.83 ( 1.58)	Data  4.68 ( 1.44)	Loss   0.72 (  0.73)	Cls Acc 100.0 (99.8)	Domain Acc 52.7 (53.6)
Epoch: [16][300/500]	Time  0.50 ( 1.57)	Data  0.36 ( 1.43)	Loss   0.70 (  0.73)	Cls Acc 100.0 (99.8)	Domain Acc 52.7 (52.8)
Epoch: [16][350/500]	Time  0.51 ( 1.57)	Data  0.37 ( 1.43)	Loss   0.72 (  0.73)	Cls Acc 100.0 (99.8)	Domain Acc 55.9 (53.4)
Epoch: [16][400/500]	Time  3.55 ( 1.58)	Data  3.40 ( 1.44)	Loss   0.70 (  0.73)	Cls Acc 100.0 (99.8)	Domain Acc 60.2 (53.1)
Epoch: [16][450/500]	Time  0.51 ( 1.57)	Data  0.37 ( 1.43)	Loss   0.74 (  0.73)	Cls Acc 99.2 (99.8)	Domain Acc 52.7 (53.6)
Test: [0/4]	Time  3.327 ( 3.327)	Loss 5.1860e+00 (5.1860e+00)	Acc@1  28.12 ( 28.12)	Acc@5  60.16 ( 60.16)
 * Acc@1 20.683 Acc@5 51.004
acc1 = 20.7, best_acc1 = 24.1
Epoch: [17][  0/500]	Time  0.24 ( 0.24)	Data  0.10 ( 0.10)	Loss   0.71 (  0.71)	Cls Acc 100.0 (100.0)	Domain Acc 56.2 (56.2)
Epoch: [17][ 50/500]	Time  3.56 ( 1.56)	Data  3.42 ( 1.42)	Loss   0.71 (  0.71)	Cls Acc 100.0 (99.9)	Domain Acc 56.2 (57.9)
Epoch: [17][100/500]	Time  0.50 ( 1.54)	Data  0.37 ( 1.41)	Loss   0.70 (  0.71)	Cls Acc 100.0 (99.9)	Domain Acc 52.3 (55.4)
Epoch: [17][150/500]	Time  0.50 ( 1.57)	Data  0.37 ( 1.43)	Loss   0.72 (  0.72)	Cls Acc 99.2 (99.9)	Domain Acc 51.6 (54.9)
Epoch: [17][200/500]	Time  3.54 ( 1.57)	Data  3.40 ( 1.43)	Loss   0.71 (  0.72)	Cls Acc 100.0 (99.9)	Domain Acc 57.4 (54.1)
Epoch: [17][250/500]	Time  0.50 ( 1.56)	Data  0.37 ( 1.42)	Loss   0.72 (  0.72)	Cls Acc 99.2 (99.9)	Domain Acc 60.9 (53.6)
Epoch: [17][300/500]	Time  1.36 ( 1.58)	Data  1.23 ( 1.44)	Loss   0.72 (  0.72)	Cls Acc 100.0 (99.9)	Domain Acc 54.7 (53.4)
Epoch: [17][350/500]	Time  3.61 ( 1.58)	Data  3.47 ( 1.44)	Loss   0.78 (  0.73)	Cls Acc 98.4 (99.9)	Domain Acc 46.5 (52.9)
Epoch: [17][400/500]	Time  0.51 ( 1.57)	Data  0.37 ( 1.43)	Loss   0.79 (  0.73)	Cls Acc 100.0 (99.8)	Domain Acc 44.5 (52.8)
Epoch: [17][450/500]	Time  0.51 ( 1.57)	Data  0.37 ( 1.44)	Loss   0.75 (  0.73)	Cls Acc 99.2 (99.8)	Domain Acc 49.2 (52.6)
Test: [0/4]	Time  3.652 ( 3.652)	Loss 4.8508e+00 (4.8508e+00)	Acc@1  32.81 ( 32.81)	Acc@5  58.59 ( 58.59)
 * Acc@1 21.285 Acc@5 47.590
acc1 = 21.3, best_acc1 = 24.1
Epoch: [18][  0/500]	Time  3.52 ( 3.52)	Data  3.38 ( 3.38)	Loss   0.74 (  0.74)	Cls Acc 100.0 (100.0)	Domain Acc 55.9 (55.9)
Epoch: [18][ 50/500]	Time  0.51 ( 1.57)	Data  0.37 ( 1.43)	Loss   0.74 (  0.73)	Cls Acc 99.2 (99.8)	Domain Acc 50.8 (54.8)
Epoch: [18][100/500]	Time  0.51 ( 1.57)	Data  0.37 ( 1.43)	Loss   0.69 (  0.73)	Cls Acc 100.0 (99.8)	Domain Acc 61.3 (55.4)
Epoch: [18][150/500]	Time  3.52 ( 1.58)	Data  3.38 ( 1.44)	Loss   0.72 (  0.73)	Cls Acc 100.0 (99.8)	Domain Acc 51.6 (55.0)
Epoch: [18][200/500]	Time  0.51 ( 1.57)	Data  0.37 ( 1.43)	Loss   0.70 (  0.72)	Cls Acc 100.0 (99.9)	Domain Acc 59.4 (55.1)
Epoch: [18][250/500]	Time  0.51 ( 1.57)	Data  0.37 ( 1.43)	Loss   0.74 (  0.73)	Cls Acc 100.0 (99.9)	Domain Acc 50.4 (54.1)
Epoch: [18][300/500]	Time  3.53 ( 1.58)	Data  3.39 ( 1.44)	Loss   0.72 (  0.72)	Cls Acc 100.0 (99.9)	Domain Acc 50.8 (54.2)
Epoch: [18][350/500]	Time  1.24 ( 1.57)	Data  1.09 ( 1.43)	Loss   0.68 (  0.72)	Cls Acc 100.0 (99.9)	Domain Acc 64.1 (54.0)
Epoch: [18][400/500]	Time  0.50 ( 1.58)	Data  0.36 ( 1.44)	Loss   0.76 (  0.72)	Cls Acc 100.0 (99.9)	Domain Acc 45.7 (53.8)
Epoch: [18][450/500]	Time  3.55 ( 1.58)	Data  3.41 ( 1.44)	Loss   0.69 (  0.72)	Cls Acc 99.2 (99.9)	Domain Acc 62.1 (54.0)
Test: [0/4]	Time  3.444 ( 3.444)	Loss 5.1774e+00 (5.1774e+00)	Acc@1  29.69 ( 29.69)	Acc@5  60.16 ( 60.16)
 * Acc@1 20.884 Acc@5 50.000
acc1 = 20.9, best_acc1 = 24.1
Epoch: [19][  0/500]	Time  0.24 ( 0.24)	Data  0.10 ( 0.10)	Loss   0.72 (  0.72)	Cls Acc 100.0 (100.0)	Domain Acc 55.1 (55.1)
Epoch: [19][ 50/500]	Time  0.50 ( 1.63)	Data  0.36 ( 1.49)	Loss   0.71 (  0.71)	Cls Acc 100.0 (100.0)	Domain Acc 53.5 (55.0)
Epoch: [19][100/500]	Time  3.69 ( 1.63)	Data  3.55 ( 1.49)	Loss   0.73 (  0.72)	Cls Acc 100.0 (99.9)	Domain Acc 50.0 (53.0)
Epoch: [19][150/500]	Time  0.51 ( 1.61)	Data  0.37 ( 1.48)	Loss   0.74 (  0.71)	Cls Acc 100.0 (99.9)	Domain Acc 47.3 (53.6)
Epoch: [19][200/500]	Time  0.50 ( 1.61)	Data  0.37 ( 1.47)	Loss   0.72 (  0.72)	Cls Acc 100.0 (99.9)	Domain Acc 52.0 (52.7)
Epoch: [19][250/500]	Time  3.58 ( 1.61)	Data  3.44 ( 1.47)	Loss   0.75 (  0.72)	Cls Acc 100.0 (99.9)	Domain Acc 43.8 (52.7)
Epoch: [19][300/500]	Time  0.51 ( 1.60)	Data  0.37 ( 1.46)	Loss   0.69 (  0.72)	Cls Acc 100.0 (99.9)	Domain Acc 58.2 (52.5)
Epoch: [19][350/500]	Time  0.51 ( 1.59)	Data  0.37 ( 1.45)	Loss   0.73 (  0.72)	Cls Acc 100.0 (99.9)	Domain Acc 50.0 (52.9)
Epoch: [19][400/500]	Time  4.87 ( 1.60)	Data  4.73 ( 1.46)	Loss   0.68 (  0.72)	Cls Acc 100.0 (99.9)	Domain Acc 62.9 (53.2)
Epoch: [19][450/500]	Time  0.51 ( 1.59)	Data  0.37 ( 1.45)	Loss   0.73 (  0.72)	Cls Acc 99.2 (99.9)	Domain Acc 52.3 (53.3)
Test: [0/4]	Time  3.329 ( 3.329)	Loss 5.5731e+00 (5.5731e+00)	Acc@1  28.12 ( 28.12)	Acc@5  57.81 ( 57.81)
 * Acc@1 21.486 Acc@5 48.594
acc1 = 21.5, best_acc1 = 24.1
Epoch: [20][  0/500]	Time  0.24 ( 0.24)	Data  0.10 ( 0.10)	Loss   0.71 (  0.71)	Cls Acc 100.0 (100.0)	Domain Acc 54.7 (54.7)
Epoch: [20][ 50/500]	Time  3.49 ( 1.56)	Data  3.35 ( 1.42)	Loss   0.73 (  0.74)	Cls Acc 100.0 (99.9)	Domain Acc 53.5 (48.8)
Epoch: [20][100/500]	Time  0.51 ( 1.55)	Data  0.37 ( 1.41)	Loss   0.70 (  0.72)	Cls Acc 100.0 (99.9)	Domain Acc 58.2 (53.3)
Epoch: [20][150/500]	Time  0.51 ( 1.56)	Data  0.37 ( 1.42)	Loss   0.76 (  0.73)	Cls Acc 100.0 (99.9)	Domain Acc 48.8 (52.9)
Epoch: [20][200/500]	Time  3.53 ( 1.57)	Data  3.39 ( 1.43)	Loss   0.72 (  0.72)	Cls Acc 100.0 (99.9)	Domain Acc 50.8 (53.8)
Epoch: [20][250/500]	Time  0.51 ( 1.56)	Data  0.37 ( 1.42)	Loss   0.72 (  0.72)	Cls Acc 100.0 (99.9)	Domain Acc 56.6 (53.3)
Epoch: [20][300/500]	Time  0.51 ( 1.57)	Data  0.37 ( 1.43)	Loss   0.69 (  0.72)	Cls Acc 100.0 (99.9)	Domain Acc 59.4 (53.4)
Epoch: [20][350/500]	Time  3.59 ( 1.57)	Data  3.45 ( 1.43)	Loss   0.71 (  0.72)	Cls Acc 100.0 (99.9)	Domain Acc 53.9 (53.3)
Epoch: [20][400/500]	Time  0.51 ( 1.57)	Data  0.37 ( 1.43)	Loss   0.73 (  0.72)	Cls Acc 99.2 (99.9)	Domain Acc 54.7 (53.4)
Epoch: [20][450/500]	Time  1.27 ( 1.57)	Data  1.13 ( 1.43)	Loss   0.73 (  0.72)	Cls Acc 100.0 (99.9)	Domain Acc 53.1 (53.2)
Test: [0/4]	Time  3.429 ( 3.429)	Loss 5.3858e+00 (5.3858e+00)	Acc@1  31.25 ( 31.25)	Acc@5  59.38 ( 59.38)
 * Acc@1 20.884 Acc@5 47.590
acc1 = 20.9, best_acc1 = 24.1
Epoch: [21][  0/500]	Time  3.56 ( 3.56)	Data  3.42 ( 3.42)	Loss   0.76 (  0.76)	Cls Acc 100.0 (100.0)	Domain Acc 46.1 (46.1)
Epoch: [21][ 50/500]	Time  0.51 ( 1.56)	Data  0.37 ( 1.42)	Loss   0.79 (  0.73)	Cls Acc 100.0 (99.8)	Domain Acc 41.0 (53.3)
Epoch: [21][100/500]	Time  0.51 ( 1.57)	Data  0.37 ( 1.43)	Loss   0.75 (  0.73)	Cls Acc 100.0 (99.9)	Domain Acc 46.5 (53.5)
Epoch: [21][150/500]	Time  3.72 ( 1.58)	Data  3.58 ( 1.44)	Loss   0.70 (  0.73)	Cls Acc 100.0 (99.9)	Domain Acc 51.2 (52.9)
Epoch: [21][200/500]	Time  0.51 ( 1.57)	Data  0.37 ( 1.43)	Loss   0.70 (  0.74)	Cls Acc 100.0 (99.8)	Domain Acc 57.0 (52.2)
Epoch: [21][250/500]	Time  0.51 ( 1.57)	Data  0.37 ( 1.43)	Loss   0.74 (  0.73)	Cls Acc 100.0 (99.8)	Domain Acc 51.6 (52.0)
Epoch: [21][300/500]	Time  3.50 ( 1.57)	Data  3.36 ( 1.43)	Loss   0.76 (  0.73)	Cls Acc 100.0 (99.8)	Domain Acc 45.7 (52.6)
Epoch: [21][350/500]	Time  0.51 ( 1.57)	Data  0.37 ( 1.43)	Loss   0.73 (  0.73)	Cls Acc 100.0 (99.9)	Domain Acc 52.0 (52.9)
Epoch: [21][400/500]	Time  0.51 ( 1.57)	Data  0.37 ( 1.43)	Loss   0.73 (  0.73)	Cls Acc 99.2 (99.9)	Domain Acc 59.4 (53.0)
Epoch: [21][450/500]	Time  3.49 ( 1.57)	Data  3.35 ( 1.43)	Loss   0.70 (  0.73)	Cls Acc 100.0 (99.9)	Domain Acc 58.2 (53.3)
Test: [0/4]	Time  3.312 ( 3.312)	Loss 5.6854e+00 (5.6854e+00)	Acc@1  28.91 ( 28.91)	Acc@5  60.94 ( 60.94)
 * Acc@1 21.888 Acc@5 48.193
acc1 = 21.9, best_acc1 = 24.1
Epoch: [22][  0/500]	Time  1.21 ( 1.21)	Data  1.07 ( 1.07)	Loss   0.73 (  0.73)	Cls Acc 100.0 (100.0)	Domain Acc 48.4 (48.4)
Epoch: [22][ 50/500]	Time  0.50 ( 1.58)	Data  0.37 ( 1.44)	Loss   0.72 (  0.70)	Cls Acc 100.0 (100.0)	Domain Acc 48.8 (57.2)
Epoch: [22][100/500]	Time  3.55 ( 1.59)	Data  3.40 ( 1.45)	Loss   0.70 (  0.71)	Cls Acc 100.0 (100.0)	Domain Acc 59.4 (55.5)
Epoch: [22][150/500]	Time  0.51 ( 1.57)	Data  0.37 ( 1.43)	Loss   0.71 (  0.71)	Cls Acc 100.0 (100.0)	Domain Acc 55.5 (55.2)
Epoch: [22][200/500]	Time  0.52 ( 1.58)	Data  0.37 ( 1.44)	Loss   0.70 (  0.71)	Cls Acc 100.0 (100.0)	Domain Acc 59.4 (55.6)
Epoch: [22][250/500]	Time  3.58 ( 1.58)	Data  3.43 ( 1.44)	Loss   0.71 (  0.71)	Cls Acc 100.0 (100.0)	Domain Acc 56.6 (54.6)
Epoch: [22][300/500]	Time  0.51 ( 1.57)	Data  0.37 ( 1.43)	Loss   0.72 (  0.71)	Cls Acc 100.0 (100.0)	Domain Acc 47.7 (55.0)
Epoch: [22][350/500]	Time  0.52 ( 1.57)	Data  0.38 ( 1.43)	Loss   0.69 (  0.71)	Cls Acc 100.0 (100.0)	Domain Acc 62.5 (54.5)
Epoch: [22][400/500]	Time  3.56 ( 1.58)	Data  3.42 ( 1.44)	Loss   0.74 (  0.71)	Cls Acc 100.0 (100.0)	Domain Acc 39.8 (54.6)
Epoch: [22][450/500]	Time  0.50 ( 1.57)	Data  0.36 ( 1.43)	Loss   0.69 (  0.71)	Cls Acc 100.0 (100.0)	Domain Acc 60.9 (54.4)
Test: [0/4]	Time  3.298 ( 3.298)	Loss 5.4483e+00 (5.4483e+00)	Acc@1  28.91 ( 28.91)	Acc@5  60.94 ( 60.94)
 * Acc@1 21.687 Acc@5 48.996
acc1 = 21.7, best_acc1 = 24.1
Epoch: [23][  0/500]	Time  0.24 ( 0.24)	Data  0.10 ( 0.10)	Loss   0.73 (  0.73)	Cls Acc 100.0 (100.0)	Domain Acc 44.9 (44.9)
Epoch: [23][ 50/500]	Time  4.84 ( 1.59)	Data  4.70 ( 1.45)	Loss   0.69 (  0.70)	Cls Acc 100.0 (99.9)	Domain Acc 63.7 (56.3)
Epoch: [23][100/500]	Time  0.51 ( 1.56)	Data  0.37 ( 1.42)	Loss   0.73 (  0.71)	Cls Acc 99.2 (99.9)	Domain Acc 50.0 (53.7)
Epoch: [23][150/500]	Time  0.51 ( 1.57)	Data  0.37 ( 1.43)	Loss   0.72 (  0.71)	Cls Acc 100.0 (99.9)	Domain Acc 51.6 (54.9)
Epoch: [23][200/500]	Time  3.51 ( 1.57)	Data  3.37 ( 1.43)	Loss   0.72 (  0.71)	Cls Acc 100.0 (99.9)	Domain Acc 53.5 (53.4)
Epoch: [23][250/500]	Time  0.51 ( 1.57)	Data  0.37 ( 1.43)	Loss   0.69 (  0.71)	Cls Acc 100.0 (99.9)	Domain Acc 55.5 (54.5)
Epoch: [23][300/500]	Time  0.51 ( 1.57)	Data  0.37 ( 1.43)	Loss   0.71 (  0.71)	Cls Acc 100.0 (99.9)	Domain Acc 47.3 (53.8)
Epoch: [23][350/500]	Time  3.53 ( 1.57)	Data  3.39 ( 1.43)	Loss   0.70 (  0.71)	Cls Acc 100.0 (99.9)	Domain Acc 52.7 (54.3)
Epoch: [23][400/500]	Time  0.51 ( 1.57)	Data  0.37 ( 1.43)	Loss   0.70 (  0.71)	Cls Acc 100.0 (100.0)	Domain Acc 56.2 (54.2)
Epoch: [23][450/500]	Time  0.50 ( 1.57)	Data  0.37 ( 1.43)	Loss   0.70 (  0.71)	Cls Acc 100.0 (100.0)	Domain Acc 51.6 (54.8)
Test: [0/4]	Time  3.349 ( 3.349)	Loss 5.9335e+00 (5.9335e+00)	Acc@1  28.12 ( 28.12)	Acc@5  56.25 ( 56.25)
 * Acc@1 20.281 Acc@5 46.988
acc1 = 20.3, best_acc1 = 24.1
Epoch: [24][  0/500]	Time  3.52 ( 3.52)	Data  3.38 ( 3.38)	Loss   0.69 (  0.69)	Cls Acc 100.0 (100.0)	Domain Acc 60.9 (60.9)
Epoch: [24][ 50/500]	Time  0.50 ( 1.57)	Data  0.36 ( 1.43)	Loss   0.73 (  0.70)	Cls Acc 100.0 (100.0)	Domain Acc 46.1 (56.5)
Epoch: [24][100/500]	Time  1.22 ( 1.58)	Data  1.08 ( 1.45)	Loss   0.68 (  0.71)	Cls Acc 100.0 (100.0)	Domain Acc 63.7 (55.3)
Epoch: [24][150/500]	Time  3.56 ( 1.59)	Data  3.42 ( 1.45)	Loss   0.73 (  0.71)	Cls Acc 100.0 (100.0)	Domain Acc 44.1 (53.9)
Epoch: [24][200/500]	Time  0.51 ( 1.57)	Data  0.37 ( 1.43)	Loss   0.69 (  0.71)	Cls Acc 100.0 (100.0)	Domain Acc 63.7 (54.5)
Epoch: [24][250/500]	Time  0.51 ( 1.57)	Data  0.37 ( 1.43)	Loss   0.70 (  0.71)	Cls Acc 100.0 (100.0)	Domain Acc 57.0 (54.0)
Epoch: [24][300/500]	Time  3.67 ( 1.58)	Data  3.53 ( 1.44)	Loss   0.69 (  0.71)	Cls Acc 100.0 (100.0)	Domain Acc 56.6 (55.0)
Epoch: [24][350/500]	Time  0.50 ( 1.57)	Data  0.37 ( 1.43)	Loss   0.74 (  0.71)	Cls Acc 100.0 (100.0)	Domain Acc 44.5 (53.9)
Epoch: [24][400/500]	Time  0.51 ( 1.57)	Data  0.37 ( 1.43)	Loss   0.70 (  0.71)	Cls Acc 100.0 (100.0)	Domain Acc 55.1 (54.6)
Epoch: [24][450/500]	Time  3.48 ( 1.57)	Data  3.34 ( 1.43)	Loss   0.75 (  0.71)	Cls Acc 99.2 (100.0)	Domain Acc 46.1 (53.9)
Test: [0/4]	Time  3.335 ( 3.335)	Loss 6.1878e+00 (6.1878e+00)	Acc@1  27.34 ( 27.34)	Acc@5  54.69 ( 54.69)
 * Acc@1 20.683 Acc@5 47.791
acc1 = 20.7, best_acc1 = 24.1
Epoch: [25][  0/500]	Time  0.24 ( 0.24)	Data  0.10 ( 0.10)	Loss   0.72 (  0.72)	Cls Acc 100.0 (100.0)	Domain Acc 50.4 (50.4)
Epoch: [25][ 50/500]	Time  0.51 ( 1.56)	Data  0.37 ( 1.42)	Loss   0.72 (  0.72)	Cls Acc 100.0 (99.9)	Domain Acc 52.7 (49.6)
Epoch: [25][100/500]	Time  3.51 ( 1.57)	Data  3.37 ( 1.43)	Loss   0.71 (  0.71)	Cls Acc 100.0 (99.9)	Domain Acc 54.7 (54.8)
Epoch: [25][150/500]	Time  1.23 ( 1.56)	Data  1.09 ( 1.42)	Loss   0.70 (  0.71)	Cls Acc 100.0 (99.9)	Domain Acc 62.5 (53.4)
Epoch: [25][200/500]	Time  0.51 ( 1.57)	Data  0.37 ( 1.43)	Loss   0.74 (  0.71)	Cls Acc 100.0 (99.9)	Domain Acc 46.9 (54.2)
Epoch: [25][250/500]	Time  3.60 ( 1.57)	Data  3.46 ( 1.44)	Loss   0.69 (  0.71)	Cls Acc 100.0 (99.9)	Domain Acc 61.7 (54.2)
Epoch: [25][300/500]	Time  0.51 ( 1.57)	Data  0.37 ( 1.43)	Loss   0.73 (  0.71)	Cls Acc 100.0 (99.9)	Domain Acc 50.0 (54.0)
Epoch: [25][350/500]	Time  0.50 ( 1.57)	Data  0.36 ( 1.43)	Loss   0.68 (  0.71)	Cls Acc 100.0 (99.9)	Domain Acc 62.5 (54.4)
Epoch: [25][400/500]	Time  3.56 ( 1.57)	Data  3.41 ( 1.43)	Loss   0.73 (  0.71)	Cls Acc 100.0 (99.9)	Domain Acc 43.0 (53.7)
Epoch: [25][450/500]	Time  0.51 ( 1.57)	Data  0.37 ( 1.43)	Loss   0.72 (  0.71)	Cls Acc 100.0 (100.0)	Domain Acc 47.3 (54.0)
Test: [0/4]	Time  3.341 ( 3.341)	Loss 6.2979e+00 (6.2979e+00)	Acc@1  27.34 ( 27.34)	Acc@5  57.03 ( 57.03)
 * Acc@1 21.687 Acc@5 47.390
acc1 = 21.7, best_acc1 = 24.1
Epoch: [26][  0/500]	Time  0.23 ( 0.23)	Data  0.10 ( 0.10)	Loss   0.71 (  0.71)	Cls Acc 100.0 (100.0)	Domain Acc 57.8 (57.8)
Epoch: [26][ 50/500]	Time  3.56 ( 1.59)	Data  3.42 ( 1.45)	Loss   0.71 (  0.70)	Cls Acc 100.0 (100.0)	Domain Acc 50.8 (59.1)
Epoch: [26][100/500]	Time  0.50 ( 1.56)	Data  0.36 ( 1.42)	Loss   0.71 (  0.71)	Cls Acc 100.0 (100.0)	Domain Acc 52.3 (53.8)
Epoch: [26][150/500]	Time  0.51 ( 1.57)	Data  0.37 ( 1.43)	Loss   0.75 (  0.71)	Cls Acc 100.0 (100.0)	Domain Acc 44.5 (54.4)
Epoch: [26][200/500]	Time  4.84 ( 1.58)	Data  4.70 ( 1.44)	Loss   0.68 (  0.71)	Cls Acc 100.0 (100.0)	Domain Acc 68.4 (53.2)
Epoch: [26][250/500]	Time  0.51 ( 1.57)	Data  0.37 ( 1.43)	Loss   0.72 (  0.71)	Cls Acc 100.0 (100.0)	Domain Acc 45.7 (54.2)
Epoch: [26][300/500]	Time  0.51 ( 1.57)	Data  0.37 ( 1.43)	Loss   0.70 (  0.71)	Cls Acc 100.0 (100.0)	Domain Acc 60.9 (53.3)
Epoch: [26][350/500]	Time  3.51 ( 1.57)	Data  3.37 ( 1.43)	Loss   0.71 (  0.71)	Cls Acc 100.0 (100.0)	Domain Acc 53.5 (53.7)
Epoch: [26][400/500]	Time  0.51 ( 1.57)	Data  0.37 ( 1.43)	Loss   0.71 (  0.71)	Cls Acc 100.0 (100.0)	Domain Acc 60.2 (53.3)
Epoch: [26][450/500]	Time  0.51 ( 1.57)	Data  0.37 ( 1.43)	Loss   0.73 (  0.71)	Cls Acc 100.0 (100.0)	Domain Acc 44.1 (53.9)
Test: [0/4]	Time  3.341 ( 3.341)	Loss 6.2050e+00 (6.2050e+00)	Acc@1  28.12 ( 28.12)	Acc@5  55.47 ( 55.47)
 * Acc@1 21.084 Acc@5 47.791
acc1 = 21.1, best_acc1 = 24.1
Epoch: [27][  0/500]	Time  3.53 ( 3.53)	Data  3.39 ( 3.39)	Loss   0.69 (  0.69)	Cls Acc 100.0 (100.0)	Domain Acc 64.5 (64.5)
Epoch: [27][ 50/500]	Time  0.51 ( 1.57)	Data  0.37 ( 1.43)	Loss   0.75 (  0.70)	Cls Acc 100.0 (100.0)	Domain Acc 40.2 (55.0)
Epoch: [27][100/500]	Time  0.51 ( 1.59)	Data  0.37 ( 1.45)	Loss   0.69 (  0.71)	Cls Acc 100.0 (100.0)	Domain Acc 61.3 (53.9)
Epoch: [27][150/500]	Time  3.57 ( 1.58)	Data  3.43 ( 1.45)	Loss   0.72 (  0.71)	Cls Acc 99.2 (100.0)	Domain Acc 51.6 (53.9)
Epoch: [27][200/500]	Time  0.50 ( 1.57)	Data  0.37 ( 1.43)	Loss   0.72 (  0.71)	Cls Acc 100.0 (100.0)	Domain Acc 50.8 (53.7)
Epoch: [27][250/500]	Time  1.23 ( 1.58)	Data  1.09 ( 1.44)	Loss   0.74 (  0.71)	Cls Acc 100.0 (100.0)	Domain Acc 52.0 (54.2)
Epoch: [27][300/500]	Time  3.57 ( 1.58)	Data  3.43 ( 1.44)	Loss   0.68 (  0.71)	Cls Acc 100.0 (100.0)	Domain Acc 62.9 (53.5)
Epoch: [27][350/500]	Time  0.51 ( 1.57)	Data  0.37 ( 1.43)	Loss   0.74 (  0.71)	Cls Acc 100.0 (100.0)	Domain Acc 42.2 (53.4)
Epoch: [27][400/500]	Time  0.51 ( 1.57)	Data  0.37 ( 1.43)	Loss   0.69 (  0.71)	Cls Acc 100.0 (100.0)	Domain Acc 57.4 (53.5)
Epoch: [27][450/500]	Time  3.79 ( 1.58)	Data  3.65 ( 1.44)	Loss   0.73 (  0.71)	Cls Acc 100.0 (100.0)	Domain Acc 47.7 (53.3)
Test: [0/4]	Time  3.327 ( 3.327)	Loss 6.1586e+00 (6.1586e+00)	Acc@1  28.91 ( 28.91)	Acc@5  53.91 ( 53.91)
 * Acc@1 20.080 Acc@5 45.382
acc1 = 20.1, best_acc1 = 24.1
Epoch: [28][  0/500]	Time  0.24 ( 0.24)	Data  0.10 ( 0.10)	Loss   0.71 (  0.71)	Cls Acc 100.0 (100.0)	Domain Acc 48.8 (48.8)
Epoch: [28][ 50/500]	Time  0.51 ( 1.55)	Data  0.37 ( 1.42)	Loss   0.72 (  0.71)	Cls Acc 100.0 (100.0)	Domain Acc 52.3 (53.6)
Epoch: [28][100/500]	Time  3.52 ( 1.57)	Data  3.38 ( 1.43)	Loss   0.67 (  0.71)	Cls Acc 100.0 (100.0)	Domain Acc 66.0 (53.5)
Epoch: [28][150/500]	Time  0.51 ( 1.56)	Data  0.37 ( 1.42)	Loss   0.73 (  0.71)	Cls Acc 100.0 (100.0)	Domain Acc 48.8 (53.3)
Epoch: [28][200/500]	Time  0.51 ( 1.57)	Data  0.37 ( 1.43)	Loss   0.69 (  0.71)	Cls Acc 100.0 (100.0)	Domain Acc 56.2 (53.5)
Epoch: [28][250/500]	Time  3.54 ( 1.57)	Data  3.39 ( 1.43)	Loss   0.74 (  0.71)	Cls Acc 100.0 (100.0)	Domain Acc 45.7 (52.4)
Epoch: [28][300/500]	Time  1.22 ( 1.57)	Data  1.07 ( 1.43)	Loss   0.69 (  0.71)	Cls Acc 100.0 (100.0)	Domain Acc 57.4 (53.1)
Epoch: [28][350/500]	Time  0.49 ( 1.57)	Data  0.36 ( 1.43)	Loss   0.73 (  0.71)	Cls Acc 99.2 (100.0)	Domain Acc 52.7 (52.4)
Epoch: [28][400/500]	Time  3.54 ( 1.57)	Data  3.40 ( 1.43)	Loss   0.69 (  0.71)	Cls Acc 100.0 (100.0)	Domain Acc 55.9 (52.9)
Epoch: [28][450/500]	Time  0.51 ( 1.57)	Data  0.37 ( 1.43)	Loss   0.72 (  0.71)	Cls Acc 100.0 (100.0)	Domain Acc 48.0 (52.5)
Test: [0/4]	Time  3.332 ( 3.332)	Loss 6.2692e+00 (6.2692e+00)	Acc@1  28.91 ( 28.91)	Acc@5  53.91 ( 53.91)
 * Acc@1 20.884 Acc@5 44.980
acc1 = 20.9, best_acc1 = 24.1
Epoch: [29][  0/500]	Time  0.23 ( 0.23)	Data  0.09 ( 0.09)	Loss   0.69 (  0.69)	Cls Acc 100.0 (100.0)	Domain Acc 59.0 (59.0)
Epoch: [29][ 50/500]	Time  3.63 ( 1.57)	Data  3.49 ( 1.43)	Loss   0.75 (  0.71)	Cls Acc 100.0 (100.0)	Domain Acc 43.0 (52.8)
Epoch: [29][100/500]	Time  0.50 ( 1.55)	Data  0.37 ( 1.41)	Loss   0.68 (  0.71)	Cls Acc 100.0 (100.0)	Domain Acc 67.2 (53.0)
Epoch: [29][150/500]	Time  0.51 ( 1.56)	Data  0.37 ( 1.42)	Loss   0.73 (  0.71)	Cls Acc 100.0 (100.0)	Domain Acc 45.7 (54.2)
Epoch: [29][200/500]	Time  3.57 ( 1.58)	Data  3.43 ( 1.44)	Loss   0.69 (  0.71)	Cls Acc 100.0 (100.0)	Domain Acc 64.1 (53.3)
Epoch: [29][250/500]	Time  0.50 ( 1.57)	Data  0.36 ( 1.43)	Loss   0.73 (  0.71)	Cls Acc 100.0 (100.0)	Domain Acc 43.0 (54.1)
Epoch: [29][300/500]	Time  0.51 ( 1.57)	Data  0.37 ( 1.43)	Loss   0.68 (  0.71)	Cls Acc 100.0 (100.0)	Domain Acc 62.1 (53.8)
Epoch: [29][350/500]	Time  5.17 ( 1.57)	Data  5.03 ( 1.44)	Loss   0.75 (  0.71)	Cls Acc 100.0 (100.0)	Domain Acc 37.5 (54.1)
Epoch: [29][400/500]	Time  0.50 ( 1.57)	Data  0.36 ( 1.43)	Loss   0.69 (  0.71)	Cls Acc 100.0 (100.0)	Domain Acc 54.3 (53.8)
Epoch: [29][450/500]	Time  0.51 ( 1.57)	Data  0.37 ( 1.43)	Loss   0.74 (  0.71)	Cls Acc 100.0 (100.0)	Domain Acc 46.5 (53.6)
Test: [0/4]	Time  3.537 ( 3.537)	Loss 6.3207e+00 (6.3207e+00)	Acc@1  25.78 ( 25.78)	Acc@5  53.91 ( 53.91)
 * Acc@1 20.683 Acc@5 46.586
acc1 = 20.7, best_acc1 = 24.1
Epoch: [30][  0/500]	Time  3.54 ( 3.54)	Data  3.39 ( 3.39)	Loss   0.69 (  0.69)	Cls Acc 100.0 (100.0)	Domain Acc 60.5 (60.5)
Epoch: [30][ 50/500]	Time  0.50 ( 1.59)	Data  0.36 ( 1.45)	Loss   0.74 (  0.72)	Cls Acc 100.0 (100.0)	Domain Acc 40.6 (48.9)
Epoch: [30][100/500]	Time  0.50 ( 1.59)	Data  0.37 ( 1.45)	Loss   0.68 (  0.71)	Cls Acc 100.0 (100.0)	Domain Acc 61.7 (51.8)
Epoch: [30][150/500]	Time  3.55 ( 1.59)	Data  3.41 ( 1.45)	Loss   0.73 (  0.71)	Cls Acc 100.0 (100.0)	Domain Acc 44.1 (51.4)
Epoch: [30][200/500]	Time  0.51 ( 1.58)	Data  0.37 ( 1.44)	Loss   0.68 (  0.71)	Cls Acc 100.0 (100.0)	Domain Acc 62.5 (52.8)
Epoch: [30][250/500]	Time  0.51 ( 1.58)	Data  0.37 ( 1.44)	Loss   0.74 (  0.71)	Cls Acc 100.0 (100.0)	Domain Acc 42.2 (51.9)
Epoch: [30][300/500]	Time  3.54 ( 1.58)	Data  3.40 ( 1.44)	Loss   0.68 (  0.71)	Cls Acc 100.0 (100.0)	Domain Acc 65.6 (52.5)
Epoch: [30][350/500]	Time  0.51 ( 1.57)	Data  0.37 ( 1.43)	Loss   0.73 (  0.71)	Cls Acc 100.0 (100.0)	Domain Acc 43.8 (52.1)
Epoch: [30][400/500]	Time  1.24 ( 1.58)	Data  1.10 ( 1.44)	Loss   0.69 (  0.71)	Cls Acc 100.0 (100.0)	Domain Acc 60.2 (53.1)
Epoch: [30][450/500]	Time  3.56 ( 1.58)	Data  3.42 ( 1.44)	Loss   0.74 (  0.71)	Cls Acc 100.0 (100.0)	Domain Acc 45.7 (52.7)
Test: [0/4]	Time  3.355 ( 3.355)	Loss 6.5965e+00 (6.5965e+00)	Acc@1  28.91 ( 28.91)	Acc@5  53.12 ( 53.12)
 * Acc@1 21.888 Acc@5 45.181
acc1 = 21.9, best_acc1 = 24.1
Epoch: [31][  0/500]	Time  0.24 ( 0.24)	Data  0.10 ( 0.10)	Loss   0.70 (  0.70)	Cls Acc 100.0 (100.0)	Domain Acc 60.5 (60.5)
Epoch: [31][ 50/500]	Time  0.51 ( 1.57)	Data  0.37 ( 1.43)	Loss   0.73 (  0.74)	Cls Acc 100.0 (100.0)	Domain Acc 44.9 (47.4)
Epoch: [31][100/500]	Time  3.86 ( 1.59)	Data  3.72 ( 1.45)	Loss   0.70 (  0.71)	Cls Acc 100.0 (100.0)	Domain Acc 53.1 (54.2)
Epoch: [31][150/500]	Time  0.51 ( 1.57)	Data  0.37 ( 1.43)	Loss   0.72 (  0.72)	Cls Acc 100.0 (100.0)	Domain Acc 51.6 (51.5)
Epoch: [31][200/500]	Time  0.51 ( 1.57)	Data  0.37 ( 1.43)	Loss   0.71 (  0.71)	Cls Acc 100.0 (100.0)	Domain Acc 54.7 (53.6)
Epoch: [31][250/500]	Time  3.51 ( 1.57)	Data  3.37 ( 1.43)	Loss   0.69 (  0.72)	Cls Acc 100.0 (100.0)	Domain Acc 60.2 (52.5)
Epoch: [31][300/500]	Time  0.51 ( 1.57)	Data  0.37 ( 1.43)	Loss   0.73 (  0.71)	Cls Acc 100.0 (100.0)	Domain Acc 46.9 (53.2)
Epoch: [31][350/500]	Time  0.51 ( 1.57)	Data  0.37 ( 1.43)	Loss   0.69 (  0.71)	Cls Acc 100.0 (100.0)	Domain Acc 57.0 (53.1)
Epoch: [31][400/500]	Time  3.53 ( 1.57)	Data  3.39 ( 1.43)	Loss   0.77 (  0.71)	Cls Acc 100.0 (100.0)	Domain Acc 35.5 (52.9)
Epoch: [31][450/500]	Time  1.50 ( 1.57)	Data  1.36 ( 1.43)	Loss   0.69 (  0.71)	Cls Acc 100.0 (100.0)	Domain Acc 54.7 (53.4)
Test: [0/4]	Time  3.309 ( 3.309)	Loss 6.2536e+00 (6.2536e+00)	Acc@1  28.91 ( 28.91)	Acc@5  55.47 ( 55.47)
 * Acc@1 22.691 Acc@5 46.185
acc1 = 22.7, best_acc1 = 24.1
Epoch: [32][  0/500]	Time  0.23 ( 0.23)	Data  0.09 ( 0.09)	Loss   0.71 (  0.71)	Cls Acc 100.0 (100.0)	Domain Acc 50.4 (50.4)
Epoch: [32][ 50/500]	Time  3.58 ( 1.57)	Data  3.44 ( 1.43)	Loss   0.74 (  0.70)	Cls Acc 100.0 (100.0)	Domain Acc 46.1 (56.4)
Epoch: [32][100/500]	Time  0.51 ( 1.55)	Data  0.37 ( 1.41)	Loss   0.68 (  0.71)	Cls Acc 100.0 (100.0)	Domain Acc 68.8 (54.7)
Epoch: [32][150/500]	Time  0.50 ( 1.57)	Data  0.37 ( 1.43)	Loss   0.74 (  0.71)	Cls Acc 100.0 (100.0)	Domain Acc 43.4 (54.1)
Epoch: [32][200/500]	Time  3.60 ( 1.58)	Data  3.46 ( 1.44)	Loss   0.69 (  0.70)	Cls Acc 100.0 (100.0)	Domain Acc 59.0 (55.4)
Epoch: [32][250/500]	Time  0.50 ( 1.57)	Data  0.37 ( 1.43)	Loss   0.71 (  0.71)	Cls Acc 100.0 (100.0)	Domain Acc 56.2 (52.9)
Epoch: [32][300/500]	Time  0.51 ( 1.57)	Data  0.37 ( 1.43)	Loss   0.74 (  0.71)	Cls Acc 100.0 (100.0)	Domain Acc 42.2 (54.0)
Epoch: [32][350/500]	Time  3.54 ( 1.57)	Data  3.40 ( 1.44)	Loss   0.68 (  0.71)	Cls Acc 100.0 (100.0)	Domain Acc 65.2 (53.1)
Epoch: [32][400/500]	Time  0.50 ( 1.57)	Data  0.37 ( 1.43)	Loss   0.77 (  0.71)	Cls Acc 100.0 (100.0)	Domain Acc 33.2 (52.7)
Epoch: [32][450/500]	Time  0.52 ( 1.57)	Data  0.38 ( 1.43)	Loss   0.68 (  0.71)	Cls Acc 100.0 (100.0)	Domain Acc 64.5 (53.0)
Test: [0/4]	Time  3.663 ( 3.663)	Loss 6.3692e+00 (6.3692e+00)	Acc@1  27.34 ( 27.34)	Acc@5  53.12 ( 53.12)
 * Acc@1 23.494 Acc@5 45.984
acc1 = 23.5, best_acc1 = 24.1
Epoch: [33][  0/500]	Time  4.82 ( 4.82)	Data  4.68 ( 4.68)	Loss   0.71 (  0.71)	Cls Acc 100.0 (100.0)	Domain Acc 51.6 (51.6)
Epoch: [33][ 50/500]	Time  0.50 ( 1.59)	Data  0.36 ( 1.45)	Loss   0.71 (  0.69)	Cls Acc 100.0 (100.0)	Domain Acc 53.1 (59.6)
Epoch: [33][100/500]	Time  0.51 ( 1.58)	Data  0.37 ( 1.45)	Loss   0.68 (  0.71)	Cls Acc 100.0 (100.0)	Domain Acc 59.8 (53.4)
Epoch: [33][150/500]	Time  3.51 ( 1.59)	Data  3.37 ( 1.45)	Loss   0.75 (  0.70)	Cls Acc 100.0 (100.0)	Domain Acc 41.4 (55.0)
Epoch: [33][200/500]	Time  0.51 ( 1.58)	Data  0.37 ( 1.44)	Loss   0.66 (  0.71)	Cls Acc 100.0 (100.0)	Domain Acc 69.9 (53.6)
Epoch: [33][250/500]	Time  0.51 ( 1.58)	Data  0.37 ( 1.44)	Loss   0.75 (  0.71)	Cls Acc 100.0 (100.0)	Domain Acc 41.0 (53.3)
Epoch: [33][300/500]	Time  3.52 ( 1.58)	Data  3.38 ( 1.44)	Loss   0.66 (  0.71)	Cls Acc 100.0 (100.0)	Domain Acc 68.8 (53.6)
Epoch: [33][350/500]	Time  0.51 ( 1.57)	Data  0.37 ( 1.43)	Loss   0.74 (  0.71)	Cls Acc 100.0 (100.0)	Domain Acc 38.3 (52.8)
Epoch: [33][400/500]	Time  0.51 ( 1.58)	Data  0.37 ( 1.44)	Loss   0.67 (  0.71)	Cls Acc 100.0 (100.0)	Domain Acc 64.5 (53.5)
Epoch: [33][450/500]	Time  3.54 ( 1.58)	Data  3.41 ( 1.44)	Loss   0.71 (  0.71)	Cls Acc 100.0 (100.0)	Domain Acc 50.8 (52.6)
Test: [0/4]	Time  3.321 ( 3.321)	Loss 6.7395e+00 (6.7395e+00)	Acc@1  27.34 ( 27.34)	Acc@5  55.47 ( 55.47)
 * Acc@1 21.687 Acc@5 46.586
acc1 = 21.7, best_acc1 = 24.1
Epoch: [34][  0/500]	Time  0.24 ( 0.24)	Data  0.10 ( 0.10)	Loss   0.69 (  0.69)	Cls Acc 100.0 (100.0)	Domain Acc 58.2 (58.2)
Epoch: [34][ 50/500]	Time  1.22 ( 1.57)	Data  1.08 ( 1.44)	Loss   0.70 (  0.73)	Cls Acc 100.0 (100.0)	Domain Acc 58.6 (44.1)
Epoch: [34][100/500]	Time  3.58 ( 1.58)	Data  3.44 ( 1.44)	Loss   0.71 (  0.71)	Cls Acc 100.0 (100.0)	Domain Acc 52.3 (52.2)
Epoch: [34][150/500]	Time  0.51 ( 1.56)	Data  0.37 ( 1.42)	Loss   0.68 (  0.71)	Cls Acc 100.0 (100.0)	Domain Acc 61.7 (50.1)
Epoch: [34][200/500]	Time  0.51 ( 1.57)	Data  0.37 ( 1.43)	Loss   0.75 (  0.71)	Cls Acc 100.0 (100.0)	Domain Acc 39.8 (52.2)
Epoch: [34][250/500]	Time  3.76 ( 1.58)	Data  3.62 ( 1.44)	Loss   0.68 (  0.71)	Cls Acc 100.0 (100.0)	Domain Acc 61.3 (51.6)
Epoch: [34][300/500]	Time  0.51 ( 1.57)	Data  0.37 ( 1.43)	Loss   0.73 (  0.71)	Cls Acc 100.0 (100.0)	Domain Acc 39.5 (51.8)
Epoch: [34][350/500]	Time  0.51 ( 1.57)	Data  0.37 ( 1.43)	Loss   0.67 (  0.71)	Cls Acc 100.0 (100.0)	Domain Acc 67.2 (52.3)
Epoch: [34][400/500]	Time  3.50 ( 1.57)	Data  3.36 ( 1.43)	Loss   0.76 (  0.71)	Cls Acc 100.0 (100.0)	Domain Acc 35.9 (52.0)
Epoch: [34][450/500]	Time  0.51 ( 1.57)	Data  0.37 ( 1.43)	Loss   0.67 (  0.71)	Cls Acc 100.0 (100.0)	Domain Acc 63.7 (52.3)
Test: [0/4]	Time  3.330 ( 3.330)	Loss 6.3558e+00 (6.3558e+00)	Acc@1  28.12 ( 28.12)	Acc@5  55.47 ( 55.47)
 * Acc@1 20.884 Acc@5 46.586
acc1 = 20.9, best_acc1 = 24.1
Epoch: [35][  0/500]	Time  0.24 ( 0.24)	Data  0.10 ( 0.10)	Loss   0.73 (  0.73)	Cls Acc 100.0 (100.0)	Domain Acc 43.0 (43.0)
Epoch: [35][ 50/500]	Time  3.50 ( 1.55)	Data  3.36 ( 1.41)	Loss   0.68 (  0.70)	Cls Acc 100.0 (100.0)	Domain Acc 63.7 (58.7)
Epoch: [35][100/500]	Time  1.47 ( 1.55)	Data  1.34 ( 1.41)	Loss   0.75 (  0.71)	Cls Acc 99.2 (100.0)	Domain Acc 41.8 (51.8)
Epoch: [35][150/500]	Time  0.51 ( 1.56)	Data  0.37 ( 1.42)	Loss   0.69 (  0.70)	Cls Acc 100.0 (100.0)	Domain Acc 61.7 (54.9)
Epoch: [35][200/500]	Time  3.58 ( 1.57)	Data  3.43 ( 1.43)	Loss   0.72 (  0.71)	Cls Acc 99.2 (100.0)	Domain Acc 49.6 (52.4)
Epoch: [35][250/500]	Time  0.51 ( 1.56)	Data  0.37 ( 1.42)	Loss   0.70 (  0.71)	Cls Acc 100.0 (100.0)	Domain Acc 57.0 (54.5)
Epoch: [35][300/500]	Time  0.50 ( 1.57)	Data  0.36 ( 1.43)	Loss   0.72 (  0.71)	Cls Acc 100.0 (100.0)	Domain Acc 50.8 (52.6)
Epoch: [35][350/500]	Time  3.58 ( 1.57)	Data  3.44 ( 1.43)	Loss   0.71 (  0.71)	Cls Acc 100.0 (100.0)	Domain Acc 47.7 (54.0)
Epoch: [35][400/500]	Time  0.50 ( 1.57)	Data  0.37 ( 1.43)	Loss   0.70 (  0.71)	Cls Acc 100.0 (100.0)	Domain Acc 53.1 (52.7)
Epoch: [35][450/500]	Time  0.51 ( 1.57)	Data  0.37 ( 1.43)	Loss   0.72 (  0.71)	Cls Acc 100.0 (100.0)	Domain Acc 46.5 (53.7)
Test: [0/4]	Time  3.616 ( 3.616)	Loss 6.5449e+00 (6.5449e+00)	Acc@1  27.34 ( 27.34)	Acc@5  53.91 ( 53.91)
 * Acc@1 21.486 Acc@5 46.185
acc1 = 21.5, best_acc1 = 24.1
Epoch: [36][  0/500]	Time  3.55 ( 3.55)	Data  3.41 ( 3.41)	Loss   0.71 (  0.71)	Cls Acc 100.0 (100.0)	Domain Acc 57.4 (57.4)
Epoch: [36][ 50/500]	Time  0.50 ( 1.57)	Data  0.36 ( 1.43)	Loss   0.71 (  0.69)	Cls Acc 100.0 (100.0)	Domain Acc 47.7 (61.3)
Epoch: [36][100/500]	Time  0.51 ( 1.58)	Data  0.37 ( 1.45)	Loss   0.69 (  0.71)	Cls Acc 100.0 (100.0)	Domain Acc 61.7 (52.9)
Epoch: [36][150/500]	Time  5.28 ( 1.59)	Data  5.14 ( 1.46)	Loss   0.70 (  0.70)	Cls Acc 100.0 (100.0)	Domain Acc 53.9 (56.0)
Epoch: [36][200/500]	Time  0.50 ( 1.58)	Data  0.36 ( 1.44)	Loss   0.70 (  0.71)	Cls Acc 100.0 (100.0)	Domain Acc 55.1 (52.3)
Epoch: [36][250/500]	Time  0.51 ( 1.58)	Data  0.37 ( 1.44)	Loss   0.71 (  0.70)	Cls Acc 100.0 (100.0)	Domain Acc 51.6 (54.0)
Epoch: [36][300/500]	Time  3.55 ( 1.58)	Data  3.41 ( 1.44)	Loss   0.69 (  0.71)	Cls Acc 100.0 (100.0)	Domain Acc 58.2 (52.2)
Epoch: [36][350/500]	Time  0.50 ( 1.58)	Data  0.36 ( 1.44)	Loss   0.71 (  0.70)	Cls Acc 100.0 (100.0)	Domain Acc 46.5 (53.9)
Epoch: [36][400/500]	Time  0.51 ( 1.58)	Data  0.37 ( 1.44)	Loss   0.71 (  0.71)	Cls Acc 100.0 (100.0)	Domain Acc 54.3 (52.4)
Epoch: [36][450/500]	Time  3.55 ( 1.58)	Data  3.41 ( 1.44)	Loss   0.69 (  0.70)	Cls Acc 100.0 (100.0)	Domain Acc 57.0 (53.5)
Test: [0/4]	Time  3.365 ( 3.365)	Loss 6.4894e+00 (6.4894e+00)	Acc@1  26.56 ( 26.56)	Acc@5  53.91 ( 53.91)
 * Acc@1 20.884 Acc@5 45.783
acc1 = 20.9, best_acc1 = 24.1
Epoch: [37][  0/500]	Time  0.24 ( 0.24)	Data  0.10 ( 0.10)	Loss   0.72 (  0.72)	Cls Acc 100.0 (100.0)	Domain Acc 48.8 (48.8)
Epoch: [37][ 50/500]	Time  0.51 ( 1.58)	Data  0.37 ( 1.44)	Loss   0.69 (  0.69)	Cls Acc 100.0 (100.0)	Domain Acc 58.2 (63.4)
Epoch: [37][100/500]	Time  3.54 ( 1.58)	Data  3.39 ( 1.44)	Loss   0.72 (  0.71)	Cls Acc 100.0 (100.0)	Domain Acc 43.8 (53.8)
Epoch: [37][150/500]	Time  0.51 ( 1.56)	Data  0.37 ( 1.43)	Loss   0.68 (  0.70)	Cls Acc 100.0 (100.0)	Domain Acc 61.3 (55.6)
Epoch: [37][200/500]	Time  1.22 ( 1.58)	Data  1.08 ( 1.44)	Loss   0.74 (  0.70)	Cls Acc 100.0 (100.0)	Domain Acc 33.2 (53.7)
Epoch: [37][250/500]	Time  3.58 ( 1.58)	Data  3.44 ( 1.44)	Loss   0.67 (  0.70)	Cls Acc 100.0 (100.0)	Domain Acc 67.6 (54.0)
Epoch: [37][300/500]	Time  0.51 ( 1.57)	Data  0.37 ( 1.43)	Loss   0.74 (  0.70)	Cls Acc 100.0 (100.0)	Domain Acc 40.6 (54.2)
Epoch: [37][350/500]	Time  0.51 ( 1.57)	Data  0.37 ( 1.44)	Loss   0.68 (  0.71)	Cls Acc 100.0 (100.0)	Domain Acc 67.6 (53.3)
Epoch: [37][400/500]	Time  3.74 ( 1.58)	Data  3.60 ( 1.44)	Loss   0.71 (  0.70)	Cls Acc 100.0 (100.0)	Domain Acc 51.6 (54.1)
Epoch: [37][450/500]	Time  0.51 ( 1.57)	Data  0.37 ( 1.44)	Loss   0.71 (  0.71)	Cls Acc 100.0 (100.0)	Domain Acc 51.6 (53.1)
Test: [0/4]	Time  3.323 ( 3.323)	Loss 6.8212e+00 (6.8212e+00)	Acc@1  28.91 ( 28.91)	Acc@5  57.03 ( 57.03)
 * Acc@1 21.687 Acc@5 46.787
acc1 = 21.7, best_acc1 = 24.1
Epoch: [38][  0/500]	Time  0.24 ( 0.24)	Data  0.10 ( 0.10)	Loss   0.69 (  0.69)	Cls Acc 100.0 (100.0)	Domain Acc 57.4 (57.4)
Epoch: [38][ 50/500]	Time  3.53 ( 1.56)	Data  3.38 ( 1.42)	Loss   0.73 (  0.72)	Cls Acc 100.0 (100.0)	Domain Acc 44.1 (45.4)
Epoch: [38][100/500]	Time  0.51 ( 1.55)	Data  0.37 ( 1.42)	Loss   0.68 (  0.71)	Cls Acc 100.0 (100.0)	Domain Acc 65.6 (50.5)
Epoch: [38][150/500]	Time  0.51 ( 1.57)	Data  0.37 ( 1.43)	Loss   0.72 (  0.71)	Cls Acc 100.0 (100.0)	Domain Acc 44.5 (52.0)
Epoch: [38][200/500]	Time  3.54 ( 1.57)	Data  3.41 ( 1.43)	Loss   0.69 (  0.71)	Cls Acc 100.0 (100.0)	Domain Acc 60.2 (51.0)
Epoch: [38][250/500]	Time  1.26 ( 1.57)	Data  1.12 ( 1.43)	Loss   0.70 (  0.71)	Cls Acc 100.0 (100.0)	Domain Acc 52.3 (53.1)
Epoch: [38][300/500]	Time  0.50 ( 1.57)	Data  0.36 ( 1.43)	Loss   0.73 (  0.71)	Cls Acc 100.0 (100.0)	Domain Acc 46.1 (51.7)
Epoch: [38][350/500]	Time  3.61 ( 1.58)	Data  3.47 ( 1.44)	Loss   0.68 (  0.71)	Cls Acc 100.0 (100.0)	Domain Acc 58.6 (52.8)
Epoch: [38][400/500]	Time  0.51 ( 1.57)	Data  0.37 ( 1.43)	Loss   0.73 (  0.71)	Cls Acc 100.0 (100.0)	Domain Acc 40.2 (52.8)
Epoch: [38][450/500]	Time  0.50 ( 1.57)	Data  0.36 ( 1.44)	Loss   0.70 (  0.71)	Cls Acc 100.0 (100.0)	Domain Acc 64.1 (52.4)
Test: [0/4]	Time  3.364 ( 3.364)	Loss 6.6917e+00 (6.6917e+00)	Acc@1  28.91 ( 28.91)	Acc@5  57.81 ( 57.81)
 * Acc@1 22.088 Acc@5 46.787
acc1 = 22.1, best_acc1 = 24.1
Epoch: [39][  0/500]	Time  3.54 ( 3.54)	Data  3.41 ( 3.41)	Loss   0.70 (  0.70)	Cls Acc 100.0 (100.0)	Domain Acc 54.3 (54.3)
Epoch: [39][ 50/500]	Time  0.51 ( 1.57)	Data  0.37 ( 1.43)	Loss   0.72 (  0.72)	Cls Acc 100.0 (100.0)	Domain Acc 45.7 (46.4)
Epoch: [39][100/500]	Time  0.50 ( 1.58)	Data  0.37 ( 1.44)	Loss   0.67 (  0.70)	Cls Acc 100.0 (100.0)	Domain Acc 64.8 (54.9)
Epoch: [39][150/500]	Time  3.60 ( 1.59)	Data  3.46 ( 1.45)	Loss   0.74 (  0.71)	Cls Acc 100.0 (100.0)	Domain Acc 33.2 (53.3)
Epoch: [39][200/500]	Time  0.50 ( 1.58)	Data  0.36 ( 1.44)	Loss   0.68 (  0.71)	Cls Acc 100.0 (100.0)	Domain Acc 62.5 (53.4)
Epoch: [39][250/500]	Time  0.50 ( 1.58)	Data  0.36 ( 1.44)	Loss   0.72 (  0.70)	Cls Acc 100.0 (100.0)	Domain Acc 47.7 (54.4)
Epoch: [39][300/500]	Time  5.08 ( 1.59)	Data  4.94 ( 1.45)	Loss   0.69 (  0.71)	Cls Acc 100.0 (100.0)	Domain Acc 60.9 (53.2)
Epoch: [39][350/500]	Time  0.51 ( 1.58)	Data  0.37 ( 1.44)	Loss   0.67 (  0.70)	Cls Acc 100.0 (100.0)	Domain Acc 62.5 (54.4)
Epoch: [39][400/500]	Time  0.51 ( 1.58)	Data  0.37 ( 1.44)	Loss   0.73 (  0.70)	Cls Acc 100.0 (100.0)	Domain Acc 40.6 (53.7)
Epoch: [39][450/500]	Time  3.53 ( 1.58)	Data  3.39 ( 1.44)	Loss   0.68 (  0.70)	Cls Acc 100.0 (100.0)	Domain Acc 64.1 (53.9)
Test: [0/4]	Time  3.301 ( 3.301)	Loss 6.3751e+00 (6.3751e+00)	Acc@1  28.12 ( 28.12)	Acc@5  57.81 ( 57.81)
 * Acc@1 21.687 Acc@5 47.189
acc1 = 21.7, best_acc1 = 24.1
Epoch: [40][  0/500]	Time  0.23 ( 0.23)	Data  0.09 ( 0.09)	Loss   0.72 (  0.72)	Cls Acc 100.0 (100.0)	Domain Acc 45.7 (45.7)
Epoch: [40][ 50/500]	Time  0.51 ( 1.56)	Data  0.37 ( 1.42)	Loss   0.71 (  0.72)	Cls Acc 100.0 (100.0)	Domain Acc 53.5 (46.7)
Epoch: [40][100/500]	Time  3.59 ( 1.58)	Data  3.44 ( 1.44)	Loss   0.70 (  0.71)	Cls Acc 100.0 (100.0)	Domain Acc 57.0 (53.8)
Epoch: [40][150/500]	Time  0.51 ( 1.56)	Data  0.37 ( 1.42)	Loss   0.72 (  0.71)	Cls Acc 100.0 (100.0)	Domain Acc 44.9 (51.9)
Epoch: [40][200/500]	Time  0.51 ( 1.58)	Data  0.37 ( 1.44)	Loss   0.69 (  0.71)	Cls Acc 100.0 (100.0)	Domain Acc 66.8 (52.6)
Epoch: [40][250/500]	Time  3.57 ( 1.58)	Data  3.43 ( 1.44)	Loss   0.71 (  0.71)	Cls Acc 100.0 (100.0)	Domain Acc 51.2 (53.9)
Epoch: [40][300/500]	Time  0.51 ( 1.57)	Data  0.37 ( 1.43)	Loss   0.70 (  0.71)	Cls Acc 100.0 (100.0)	Domain Acc 53.9 (52.6)
Epoch: [40][350/500]	Time  1.26 ( 1.58)	Data  1.12 ( 1.44)	Loss   0.67 (  0.71)	Cls Acc 100.0 (100.0)	Domain Acc 64.8 (53.9)
Epoch: [40][400/500]	Time  3.56 ( 1.58)	Data  3.42 ( 1.44)	Loss   0.74 (  0.71)	Cls Acc 99.2 (100.0)	Domain Acc 40.2 (53.4)
Epoch: [40][450/500]	Time  0.51 ( 1.57)	Data  0.37 ( 1.43)	Loss   0.69 (  0.71)	Cls Acc 100.0 (100.0)	Domain Acc 63.3 (53.4)
Test: [0/4]	Time  3.309 ( 3.309)	Loss 6.6875e+00 (6.6875e+00)	Acc@1  28.91 ( 28.91)	Acc@5  56.25 ( 56.25)
 * Acc@1 20.884 Acc@5 45.984
acc1 = 20.9, best_acc1 = 24.1
Epoch: [41][  0/500]	Time  0.23 ( 0.23)	Data  0.10 ( 0.10)	Loss   0.72 (  0.72)	Cls Acc 100.0 (100.0)	Domain Acc 48.0 (48.0)
Epoch: [41][ 50/500]	Time  3.72 ( 1.59)	Data  3.57 ( 1.45)	Loss   0.69 (  0.72)	Cls Acc 100.0 (100.0)	Domain Acc 59.4 (47.0)
Epoch: [41][100/500]	Time  0.51 ( 1.57)	Data  0.37 ( 1.43)	Loss   0.70 (  0.70)	Cls Acc 100.0 (100.0)	Domain Acc 55.1 (54.4)
Epoch: [41][150/500]	Time  0.51 ( 1.58)	Data  0.37 ( 1.44)	Loss   0.72 (  0.71)	Cls Acc 100.0 (100.0)	Domain Acc 42.2 (52.7)
Epoch: [41][200/500]	Time  3.57 ( 1.58)	Data  3.43 ( 1.44)	Loss   0.68 (  0.71)	Cls Acc 100.0 (100.0)	Domain Acc 67.2 (53.4)
Epoch: [41][250/500]	Time  0.51 ( 1.58)	Data  0.37 ( 1.44)	Loss   0.72 (  0.70)	Cls Acc 100.0 (100.0)	Domain Acc 44.5 (54.4)
Epoch: [41][300/500]	Time  0.51 ( 1.58)	Data  0.37 ( 1.45)	Loss   0.70 (  0.71)	Cls Acc 100.0 (100.0)	Domain Acc 55.1 (53.3)
Epoch: [41][350/500]	Time  3.52 ( 1.59)	Data  3.38 ( 1.45)	Loss   0.69 (  0.70)	Cls Acc 100.0 (100.0)	Domain Acc 60.2 (54.3)
Epoch: [41][400/500]	Time  1.25 ( 1.58)	Data  1.10 ( 1.44)	Loss   0.73 (  0.70)	Cls Acc 100.0 (100.0)	Domain Acc 38.3 (53.7)
Epoch: [41][450/500]	Time  0.50 ( 1.58)	Data  0.37 ( 1.44)	Loss   0.69 (  0.70)	Cls Acc 100.0 (100.0)	Domain Acc 61.7 (53.9)
Test: [0/4]	Time  3.358 ( 3.358)	Loss 6.6168e+00 (6.6168e+00)	Acc@1  27.34 ( 27.34)	Acc@5  53.12 ( 53.12)
 * Acc@1 21.285 Acc@5 44.980
acc1 = 21.3, best_acc1 = 24.1
Epoch: [42][  0/500]	Time  3.57 ( 3.57)	Data  3.43 ( 3.43)	Loss   0.70 (  0.70)	Cls Acc 100.0 (100.0)	Domain Acc 52.7 (52.7)
Epoch: [42][ 50/500]	Time  0.51 ( 1.57)	Data  0.37 ( 1.43)	Loss   0.71 (  0.72)	Cls Acc 100.0 (100.0)	Domain Acc 55.5 (48.0)
Epoch: [42][100/500]	Time  0.50 ( 1.59)	Data  0.36 ( 1.45)	Loss   0.68 (  0.70)	Cls Acc 100.0 (100.0)	Domain Acc 64.1 (54.5)
Epoch: [42][150/500]	Time  3.54 ( 1.60)	Data  3.40 ( 1.46)	Loss   0.72 (  0.70)	Cls Acc 100.0 (100.0)	Domain Acc 49.2 (54.0)
Epoch: [42][200/500]	Time  0.51 ( 1.58)	Data  0.37 ( 1.44)	Loss   0.68 (  0.71)	Cls Acc 100.0 (100.0)	Domain Acc 66.0 (53.8)
Epoch: [42][250/500]	Time  0.51 ( 1.58)	Data  0.37 ( 1.44)	Loss   0.71 (  0.70)	Cls Acc 100.0 (100.0)	Domain Acc 53.9 (54.9)
Epoch: [42][300/500]	Time  3.60 ( 1.59)	Data  3.46 ( 1.45)	Loss   0.71 (  0.70)	Cls Acc 100.0 (100.0)	Domain Acc 48.4 (53.7)
Epoch: [42][350/500]	Time  0.51 ( 1.58)	Data  0.37 ( 1.44)	Loss   0.67 (  0.70)	Cls Acc 100.0 (100.0)	Domain Acc 66.0 (54.8)
Epoch: [42][400/500]	Time  0.51 ( 1.59)	Data  0.37 ( 1.45)	Loss   0.71 (  0.70)	Cls Acc 100.0 (100.0)	Domain Acc 48.8 (54.4)
Epoch: [42][450/500]	Time  4.85 ( 1.59)	Data  4.71 ( 1.45)	Loss   0.68 (  0.70)	Cls Acc 100.0 (100.0)	Domain Acc 63.7 (54.4)
Test: [0/4]	Time  3.372 ( 3.372)	Loss 6.5485e+00 (6.5485e+00)	Acc@1  28.91 ( 28.91)	Acc@5  53.91 ( 53.91)
 * Acc@1 21.285 Acc@5 45.783
acc1 = 21.3, best_acc1 = 24.1
Epoch: [43][  0/500]	Time  0.23 ( 0.23)	Data  0.09 ( 0.09)	Loss   0.71 (  0.71)	Cls Acc 100.0 (100.0)	Domain Acc 48.0 (48.0)
Epoch: [43][ 50/500]	Time  0.51 ( 1.58)	Data  0.37 ( 1.44)	Loss   0.71 (  0.72)	Cls Acc 100.0 (100.0)	Domain Acc 55.9 (47.8)
Epoch: [43][100/500]	Time  3.55 ( 1.59)	Data  3.40 ( 1.45)	Loss   0.68 (  0.71)	Cls Acc 100.0 (100.0)	Domain Acc 59.8 (53.3)
Epoch: [43][150/500]	Time  0.50 ( 1.58)	Data  0.36 ( 1.44)	Loss   0.71 (  0.70)	Cls Acc 100.0 (100.0)	Domain Acc 50.4 (53.7)
Epoch: [43][200/500]	Time  0.51 ( 1.59)	Data  0.37 ( 1.45)	Loss   0.69 (  0.71)	Cls Acc 100.0 (100.0)	Domain Acc 62.9 (52.8)
Epoch: [43][250/500]	Time  3.56 ( 1.59)	Data  3.42 ( 1.45)	Loss   0.69 (  0.70)	Cls Acc 100.0 (100.0)	Domain Acc 55.9 (54.7)
Epoch: [43][300/500]	Time  0.51 ( 1.59)	Data  0.37 ( 1.45)	Loss   0.71 (  0.70)	Cls Acc 100.0 (100.0)	Domain Acc 52.3 (53.7)
Epoch: [43][350/500]	Time  0.51 ( 1.59)	Data  0.37 ( 1.45)	Loss   0.69 (  0.70)	Cls Acc 100.0 (100.0)	Domain Acc 66.0 (54.2)
Epoch: [43][400/500]	Time  3.57 ( 1.59)	Data  3.43 ( 1.45)	Loss   0.72 (  0.70)	Cls Acc 100.0 (100.0)	Domain Acc 48.8 (54.8)
Epoch: [43][450/500]	Time  0.50 ( 1.59)	Data  0.37 ( 1.45)	Loss   0.70 (  0.70)	Cls Acc 100.0 (100.0)	Domain Acc 58.6 (54.2)
Test: [0/4]	Time  3.341 ( 3.341)	Loss 6.4645e+00 (6.4645e+00)	Acc@1  28.12 ( 28.12)	Acc@5  58.59 ( 58.59)
 * Acc@1 21.285 Acc@5 45.382
acc1 = 21.3, best_acc1 = 24.1
Epoch: [44][  0/500]	Time  1.26 ( 1.26)	Data  1.11 ( 1.11)	Loss   0.69 (  0.69)	Cls Acc 100.0 (100.0)	Domain Acc 63.3 (63.3)
Epoch: [44][ 50/500]	Time  3.60 ( 1.60)	Data  3.45 ( 1.46)	Loss   0.72 (  0.71)	Cls Acc 100.0 (100.0)	Domain Acc 47.7 (53.2)
Epoch: [44][100/500]	Time  0.51 ( 1.56)	Data  0.37 ( 1.43)	Loss   0.69 (  0.71)	Cls Acc 100.0 (100.0)	Domain Acc 62.1 (52.8)
Epoch: [44][150/500]	Time  0.51 ( 1.57)	Data  0.37 ( 1.43)	Loss   0.69 (  0.70)	Cls Acc 100.0 (100.0)	Domain Acc 57.4 (55.9)
Epoch: [44][200/500]	Time  3.80 ( 1.59)	Data  3.65 ( 1.45)	Loss   0.73 (  0.70)	Cls Acc 100.0 (100.0)	Domain Acc 44.1 (53.5)
Epoch: [44][250/500]	Time  0.51 ( 1.58)	Data  0.37 ( 1.44)	Loss   0.68 (  0.70)	Cls Acc 100.0 (100.0)	Domain Acc 66.8 (54.3)
Epoch: [44][300/500]	Time  0.51 ( 1.58)	Data  0.37 ( 1.44)	Loss   0.71 (  0.70)	Cls Acc 100.0 (100.0)	Domain Acc 51.6 (54.8)
Epoch: [44][350/500]	Time  3.52 ( 1.58)	Data  3.38 ( 1.44)	Loss   0.72 (  0.70)	Cls Acc 100.0 (100.0)	Domain Acc 50.8 (53.9)
Epoch: [44][400/500]	Time  0.51 ( 1.58)	Data  0.37 ( 1.44)	Loss   0.68 (  0.70)	Cls Acc 100.0 (100.0)	Domain Acc 65.2 (54.8)
Epoch: [44][450/500]	Time  0.51 ( 1.58)	Data  0.37 ( 1.44)	Loss   0.72 (  0.70)	Cls Acc 100.0 (100.0)	Domain Acc 42.6 (54.8)
Test: [0/4]	Time  3.331 ( 3.331)	Loss 6.3648e+00 (6.3648e+00)	Acc@1  28.91 ( 28.91)	Acc@5  53.91 ( 53.91)
 * Acc@1 22.088 Acc@5 46.586
acc1 = 22.1, best_acc1 = 24.1
Epoch: [45][  0/500]	Time  3.52 ( 3.52)	Data  3.38 ( 3.38)	Loss   0.68 (  0.68)	Cls Acc 100.0 (100.0)	Domain Acc 63.3 (63.3)
Epoch: [45][ 50/500]	Time  1.38 ( 1.59)	Data  1.24 ( 1.45)	Loss   0.70 (  0.69)	Cls Acc 100.0 (100.0)	Domain Acc 58.2 (63.3)
Epoch: [45][100/500]	Time  0.50 ( 1.60)	Data  0.36 ( 1.46)	Loss   0.73 (  0.70)	Cls Acc 100.0 (100.0)	Domain Acc 41.4 (56.2)
Epoch: [45][150/500]	Time  3.59 ( 1.60)	Data  3.45 ( 1.46)	Loss   0.68 (  0.70)	Cls Acc 100.0 (100.0)	Domain Acc 60.5 (55.6)
Epoch: [45][200/500]	Time  0.51 ( 1.58)	Data  0.37 ( 1.44)	Loss   0.71 (  0.70)	Cls Acc 100.0 (100.0)	Domain Acc 50.8 (56.8)
Epoch: [45][250/500]	Time  0.51 ( 1.59)	Data  0.37 ( 1.45)	Loss   0.71 (  0.70)	Cls Acc 100.0 (100.0)	Domain Acc 52.7 (54.9)
Epoch: [45][300/500]	Time  3.55 ( 1.59)	Data  3.41 ( 1.45)	Loss   0.69 (  0.70)	Cls Acc 100.0 (100.0)	Domain Acc 64.8 (55.9)
Epoch: [45][350/500]	Time  0.51 ( 1.58)	Data  0.37 ( 1.44)	Loss   0.72 (  0.70)	Cls Acc 100.0 (100.0)	Domain Acc 49.2 (55.9)
Epoch: [45][400/500]	Time  0.50 ( 1.58)	Data  0.37 ( 1.44)	Loss   0.71 (  0.70)	Cls Acc 100.0 (100.0)	Domain Acc 53.1 (54.9)
Epoch: [45][450/500]	Time  3.65 ( 1.58)	Data  3.51 ( 1.45)	Loss   0.69 (  0.70)	Cls Acc 100.0 (100.0)	Domain Acc 56.6 (55.5)
Test: [0/4]	Time  3.328 ( 3.328)	Loss 6.4222e+00 (6.4222e+00)	Acc@1  28.12 ( 28.12)	Acc@5  55.47 ( 55.47)
 * Acc@1 21.084 Acc@5 45.382
acc1 = 21.1, best_acc1 = 24.1
Epoch: [46][  0/500]	Time  0.22 ( 0.22)	Data  0.09 ( 0.09)	Loss   0.72 (  0.72)	Cls Acc 100.0 (100.0)	Domain Acc 49.2 (49.2)
Epoch: [46][ 50/500]	Time  0.51 ( 1.57)	Data  0.37 ( 1.43)	Loss   0.69 (  0.71)	Cls Acc 100.0 (100.0)	Domain Acc 64.5 (50.0)
Epoch: [46][100/500]	Time  5.28 ( 1.59)	Data  5.14 ( 1.46)	Loss   0.70 (  0.70)	Cls Acc 100.0 (100.0)	Domain Acc 53.1 (55.4)
Epoch: [46][150/500]	Time  0.51 ( 1.57)	Data  0.37 ( 1.43)	Loss   0.72 (  0.71)	Cls Acc 100.0 (100.0)	Domain Acc 43.8 (52.6)
Epoch: [46][200/500]	Time  0.51 ( 1.58)	Data  0.37 ( 1.44)	Loss   0.69 (  0.71)	Cls Acc 100.0 (100.0)	Domain Acc 61.7 (52.9)
Epoch: [46][250/500]	Time  3.55 ( 1.58)	Data  3.41 ( 1.44)	Loss   0.69 (  0.70)	Cls Acc 100.0 (100.0)	Domain Acc 54.7 (54.5)
Epoch: [46][300/500]	Time  0.51 ( 1.58)	Data  0.37 ( 1.44)	Loss   0.72 (  0.71)	Cls Acc 100.0 (100.0)	Domain Acc 47.3 (53.3)
Epoch: [46][350/500]	Time  0.50 ( 1.58)	Data  0.37 ( 1.44)	Loss   0.69 (  0.70)	Cls Acc 100.0 (100.0)	Domain Acc 59.8 (54.3)
Epoch: [46][400/500]	Time  3.53 ( 1.58)	Data  3.39 ( 1.44)	Loss   0.72 (  0.70)	Cls Acc 100.0 (100.0)	Domain Acc 49.6 (54.7)
Epoch: [46][450/500]	Time  0.51 ( 1.57)	Data  0.37 ( 1.44)	Loss   0.70 (  0.70)	Cls Acc 100.0 (100.0)	Domain Acc 53.1 (53.9)
Test: [0/4]	Time  3.310 ( 3.310)	Loss 6.3676e+00 (6.3676e+00)	Acc@1  29.69 ( 29.69)	Acc@5  56.25 ( 56.25)
 * Acc@1 21.687 Acc@5 45.382
acc1 = 21.7, best_acc1 = 24.1
Epoch: [47][  0/500]	Time  0.24 ( 0.24)	Data  0.10 ( 0.10)	Loss   0.68 (  0.68)	Cls Acc 100.0 (100.0)	Domain Acc 64.5 (64.5)
Epoch: [47][ 50/500]	Time  3.55 ( 1.56)	Data  3.41 ( 1.42)	Loss   0.71 (  0.70)	Cls Acc 100.0 (100.0)	Domain Acc 50.4 (56.4)
Epoch: [47][100/500]	Time  0.51 ( 1.55)	Data  0.37 ( 1.41)	Loss   0.72 (  0.71)	Cls Acc 100.0 (100.0)	Domain Acc 50.4 (52.0)
Epoch: [47][150/500]	Time  1.25 ( 1.57)	Data  1.11 ( 1.43)	Loss   0.68 (  0.70)	Cls Acc 100.0 (100.0)	Domain Acc 63.7 (55.7)
Epoch: [47][200/500]	Time  3.55 ( 1.58)	Data  3.41 ( 1.44)	Loss   0.71 (  0.70)	Cls Acc 100.0 (100.0)	Domain Acc 48.4 (55.5)
Epoch: [47][250/500]	Time  0.51 ( 1.57)	Data  0.37 ( 1.43)	Loss   0.69 (  0.70)	Cls Acc 100.0 (100.0)	Domain Acc 56.6 (54.4)
Epoch: [47][300/500]	Time  0.51 ( 1.57)	Data  0.37 ( 1.43)	Loss   0.69 (  0.70)	Cls Acc 100.0 (100.0)	Domain Acc 59.8 (55.7)
Epoch: [47][350/500]	Time  3.72 ( 1.58)	Data  3.58 ( 1.44)	Loss   0.71 (  0.70)	Cls Acc 100.0 (100.0)	Domain Acc 46.5 (55.3)
Epoch: [47][400/500]	Time  0.51 ( 1.58)	Data  0.37 ( 1.44)	Loss   0.70 (  0.70)	Cls Acc 100.0 (100.0)	Domain Acc 57.8 (55.1)
Epoch: [47][450/500]	Time  0.51 ( 1.59)	Data  0.37 ( 1.45)	Loss   0.69 (  0.70)	Cls Acc 100.0 (100.0)	Domain Acc 59.0 (56.0)
Test: [0/4]	Time  4.171 ( 4.171)	Loss 6.3339e+00 (6.3339e+00)	Acc@1  27.34 ( 27.34)	Acc@5  55.47 ( 55.47)
 * Acc@1 21.486 Acc@5 45.783
acc1 = 21.5, best_acc1 = 24.1
Epoch: [48][  0/500]	Time  3.74 ( 3.74)	Data  3.59 ( 3.59)	Loss   0.72 (  0.72)	Cls Acc 100.0 (100.0)	Domain Acc 46.1 (46.1)
Epoch: [48][ 50/500]	Time  0.51 ( 1.67)	Data  0.37 ( 1.53)	Loss   0.69 (  0.71)	Cls Acc 100.0 (100.0)	Domain Acc 63.3 (51.2)
Epoch: [48][100/500]	Time  0.50 ( 1.67)	Data  0.37 ( 1.53)	Loss   0.69 (  0.70)	Cls Acc 100.0 (100.0)	Domain Acc 62.5 (56.8)
Epoch: [48][150/500]	Time  3.54 ( 1.66)	Data  3.40 ( 1.52)	Loss   0.72 (  0.70)	Cls Acc 100.0 (100.0)	Domain Acc 46.9 (54.4)
Epoch: [48][200/500]	Time  1.34 ( 1.65)	Data  1.20 ( 1.51)	Loss   0.68 (  0.70)	Cls Acc 100.0 (100.0)	Domain Acc 65.6 (55.0)
Epoch: [48][250/500]	Time  0.51 ( 1.64)	Data  0.37 ( 1.50)	Loss   0.70 (  0.70)	Cls Acc 100.0 (100.0)	Domain Acc 58.2 (56.6)
Epoch: [48][300/500]	Time  3.58 ( 1.64)	Data  3.43 ( 1.50)	Loss   0.72 (  0.70)	Cls Acc 100.0 (100.0)	Domain Acc 50.8 (55.4)
Epoch: [48][350/500]	Time  0.51 ( 1.62)	Data  0.37 ( 1.48)	Loss   0.68 (  0.70)	Cls Acc 100.0 (100.0)	Domain Acc 65.6 (55.3)
Epoch: [48][400/500]	Time  0.50 ( 1.62)	Data  0.36 ( 1.48)	Loss   0.70 (  0.70)	Cls Acc 100.0 (100.0)	Domain Acc 57.0 (56.0)
Epoch: [48][450/500]	Time  3.59 ( 1.62)	Data  3.45 ( 1.48)	Loss   0.73 (  0.70)	Cls Acc 100.0 (100.0)	Domain Acc 43.4 (55.4)
Test: [0/4]	Time  3.378 ( 3.378)	Loss 6.3955e+00 (6.3955e+00)	Acc@1  26.56 ( 26.56)	Acc@5  56.25 ( 56.25)
 * Acc@1 21.084 Acc@5 46.185
acc1 = 21.1, best_acc1 = 24.1
Epoch: [49][  0/500]	Time  0.24 ( 0.24)	Data  0.10 ( 0.10)	Loss   0.68 (  0.68)	Cls Acc 100.0 (100.0)	Domain Acc 64.8 (64.8)
Epoch: [49][ 50/500]	Time  0.51 ( 1.62)	Data  0.37 ( 1.48)	Loss   0.70 (  0.69)	Cls Acc 100.0 (100.0)	Domain Acc 52.0 (62.1)
Epoch: [49][100/500]	Time  3.84 ( 1.65)	Data  3.71 ( 1.51)	Loss   0.71 (  0.70)	Cls Acc 100.0 (100.0)	Domain Acc 51.6 (55.7)
Epoch: [49][150/500]	Time  0.51 ( 1.64)	Data  0.37 ( 1.50)	Loss   0.68 (  0.70)	Cls Acc 100.0 (100.0)	Domain Acc 64.8 (57.0)
Epoch: [49][200/500]	Time  0.51 ( 1.64)	Data  0.37 ( 1.50)	Loss   0.71 (  0.70)	Cls Acc 100.0 (100.0)	Domain Acc 50.8 (57.9)
Epoch: [49][250/500]	Time  5.04 ( 1.63)	Data  4.90 ( 1.50)	Loss   0.71 (  0.70)	Cls Acc 100.0 (100.0)	Domain Acc 51.6 (56.5)
Epoch: [49][300/500]	Time  0.51 ( 1.62)	Data  0.37 ( 1.48)	Loss   0.68 (  0.70)	Cls Acc 100.0 (100.0)	Domain Acc 64.8 (56.7)
Epoch: [49][350/500]	Time  0.51 ( 1.63)	Data  0.37 ( 1.49)	Loss   0.71 (  0.70)	Cls Acc 100.0 (100.0)	Domain Acc 51.6 (57.1)
Epoch: [49][400/500]	Time  3.54 ( 1.63)	Data  3.40 ( 1.49)	Loss   0.70 (  0.70)	Cls Acc 100.0 (100.0)	Domain Acc 52.3 (56.1)
Epoch: [49][450/500]	Time  0.51 ( 1.63)	Data  0.37 ( 1.49)	Loss   0.70 (  0.70)	Cls Acc 100.0 (100.0)	Domain Acc 59.8 (56.3)
Test: [0/4]	Time  4.306 ( 4.306)	Loss 6.2729e+00 (6.2729e+00)	Acc@1  27.34 ( 27.34)	Acc@5  55.47 ( 55.47)
 * Acc@1 20.683 Acc@5 46.586
acc1 = 20.7, best_acc1 = 24.1
best_acc1 = 24.1
Test: [0/4]	Time  4.143 ( 4.143)	Loss 4.3479e+00 (4.3479e+00)	Acc@1  36.72 ( 36.72)	Acc@5  58.59 ( 58.59)
 * Acc@1 24.096 Acc@5 50.000
val_acc1 = 24.1
Test: [0/4]	Time  4.343 ( 4.343)	Loss 4.3479e+00 (4.3479e+00)	Acc@1  36.72 ( 36.72)	Acc@5  58.59 ( 58.59)
 * Acc@1 24.096 Acc@5 50.000
test_acc1 = 24.1
