Namespace(arch='resnet18', batch_size=128, bottleneck_dim=256, center_crop=False, data='Office31', data_processing='ours', epochs=30, iters_per_epoch=1000, local=True, local_pretrained_path='/home/junzhin/Project/Summer_project/code/version1.0/pretrained_model_results/Resnet18_office31masked2_newmodel_best.pth.tar', log='/home/junzhin/Project/Summer_project/code/version2.0/training_results/dann/Resnet18_office31masked2/D_A', lr=0.01, lr_decay=0.75, lr_gamma=0.001, momentum=0.9, per_class_eval=False, phase='train', pretrained=True, print_freq=50, root='/home/junzhin/Project/Summer_project/code/version2.0/data/office31', seed=1, source='D', target='A', trade_off=1.0, weight_decay=0.001, workers=4)
../../../../dann_modified.py:46: UserWarning: You have chosen to seed training. This will turn on the CUDNN deterministic setting, which can slow down your training considerably! You may see unexpected behavior when restarting from checkpoints.
  warnings.warn('You have chosen to seed training. '
=> using pre-trained model 'resnet18'
Epoch: [0][   0/1000]	Time  1.89 ( 1.89)	Data  1.50 ( 1.50)	Loss   4.22 (  4.22)	Cls Acc 8.6 (8.6)	Domain Acc 35.9 (35.9)
Epoch: [0][  50/1000]	Time  0.65 ( 1.57)	Data  0.47 ( 1.39)	Loss   1.51 (  2.57)	Cls Acc 61.7 (37.4)	Domain Acc 96.1 (92.1)
Epoch: [0][ 100/1000]	Time  0.65 ( 1.59)	Data  0.47 ( 1.41)	Loss   0.64 (  1.78)	Cls Acc 88.3 (58.3)	Domain Acc 97.7 (94.7)
Epoch: [0][ 150/1000]	Time  3.40 ( 1.60)	Data  3.21 ( 1.42)	Loss   0.27 (  1.32)	Cls Acc 97.7 (70.4)	Domain Acc 98.0 (95.8)
Epoch: [0][ 200/1000]	Time  0.66 ( 1.60)	Data  0.48 ( 1.42)	Loss   0.20 (  1.04)	Cls Acc 97.7 (77.4)	Domain Acc 97.7 (96.5)
Epoch: [0][ 250/1000]	Time  0.65 ( 1.60)	Data  0.47 ( 1.42)	Loss   0.10 (  0.86)	Cls Acc 100.0 (81.8)	Domain Acc 98.4 (96.9)
Epoch: [0][ 300/1000]	Time  3.40 ( 1.61)	Data  3.21 ( 1.42)	Loss   0.08 (  0.74)	Cls Acc 100.0 (84.8)	Domain Acc 98.8 (97.1)
Epoch: [0][ 350/1000]	Time  0.65 ( 1.60)	Data  0.48 ( 1.42)	Loss   0.08 (  0.65)	Cls Acc 100.0 (86.9)	Domain Acc 98.8 (97.3)
Epoch: [0][ 400/1000]	Time  0.65 ( 1.61)	Data  0.47 ( 1.43)	Loss   0.13 (  0.58)	Cls Acc 100.0 (88.5)	Domain Acc 96.5 (97.3)
Epoch: [0][ 450/1000]	Time  3.42 ( 1.61)	Data  3.23 ( 1.43)	Loss   0.35 (  0.59)	Cls Acc 99.2 (89.8)	Domain Acc 92.2 (96.1)
Epoch: [0][ 500/1000]	Time  0.65 ( 1.60)	Data  0.48 ( 1.42)	Loss   0.42 (  0.57)	Cls Acc 100.0 (90.8)	Domain Acc 85.5 (95.3)
Epoch: [0][ 550/1000]	Time  1.31 ( 1.61)	Data  1.12 ( 1.43)	Loss   0.22 (  0.55)	Cls Acc 100.0 (91.6)	Domain Acc 91.8 (94.6)
Epoch: [0][ 600/1000]	Time  3.42 ( 1.61)	Data  3.23 ( 1.43)	Loss   1.01 (  0.55)	Cls Acc 100.0 (92.3)	Domain Acc 66.0 (93.6)
Epoch: [0][ 650/1000]	Time  0.65 ( 1.60)	Data  0.48 ( 1.42)	Loss   0.76 (  0.58)	Cls Acc 98.4 (92.8)	Domain Acc 79.3 (92.1)
Epoch: [0][ 700/1000]	Time  0.65 ( 1.61)	Data  0.47 ( 1.43)	Loss   0.51 (  0.60)	Cls Acc 100.0 (93.2)	Domain Acc 83.6 (91.1)
Epoch: [0][ 750/1000]	Time  3.48 ( 1.61)	Data  3.29 ( 1.43)	Loss   1.00 (  0.60)	Cls Acc 100.0 (93.7)	Domain Acc 66.0 (90.0)
Epoch: [0][ 800/1000]	Time  0.65 ( 1.61)	Data  0.47 ( 1.43)	Loss   0.69 (  0.61)	Cls Acc 99.2 (94.0)	Domain Acc 75.0 (88.9)
Epoch: [0][ 850/1000]	Time  0.65 ( 1.61)	Data  0.47 ( 1.43)	Loss   0.91 (  0.62)	Cls Acc 96.9 (94.3)	Domain Acc 64.5 (87.8)
Epoch: [0][ 900/1000]	Time  3.42 ( 1.61)	Data  3.24 ( 1.43)	Loss   0.96 (  0.65)	Cls Acc 100.0 (94.5)	Domain Acc 64.8 (86.3)
Epoch: [0][ 950/1000]	Time  0.65 ( 1.61)	Data  0.47 ( 1.43)	Loss   1.18 (  0.68)	Cls Acc 94.5 (94.7)	Domain Acc 63.7 (85.1)
Test: [ 0/23]	Time  1.036 ( 1.036)	Loss 4.3762e+00 (4.3762e+00)	Acc@1  22.66 ( 22.66)	Acc@5  42.97 ( 42.97)
 * Acc@1 7.029 Acc@5 25.133
acc1 = 7.0, best_acc1 = 7.0
Epoch: [1][   0/1000]	Time  0.27 ( 0.27)	Data  0.09 ( 0.09)	Loss   1.16 (  1.16)	Cls Acc 100.0 (100.0)	Domain Acc 58.2 (58.2)
Epoch: [1][  50/1000]	Time  3.39 ( 1.59)	Data  3.21 ( 1.41)	Loss   0.76 (  1.06)	Cls Acc 100.0 (98.6)	Domain Acc 72.7 (61.7)
Epoch: [1][ 100/1000]	Time  1.30 ( 1.58)	Data  1.12 ( 1.40)	Loss   0.97 (  0.99)	Cls Acc 99.2 (98.6)	Domain Acc 57.8 (63.1)
Epoch: [1][ 150/1000]	Time  0.65 ( 1.60)	Data  0.47 ( 1.42)	Loss   1.00 (  0.95)	Cls Acc 97.7 (98.7)	Domain Acc 60.2 (63.4)
Epoch: [1][ 200/1000]	Time  3.39 ( 1.61)	Data  3.21 ( 1.43)	Loss   0.48 (  0.91)	Cls Acc 100.0 (98.8)	Domain Acc 82.4 (63.9)
Epoch: [1][ 250/1000]	Time  0.65 ( 1.60)	Data  0.47 ( 1.42)	Loss   1.09 (  0.89)	Cls Acc 96.9 (98.8)	Domain Acc 53.5 (63.6)
Epoch: [1][ 300/1000]	Time  0.65 ( 1.60)	Data  0.47 ( 1.42)	Loss   0.69 (  0.90)	Cls Acc 100.0 (98.8)	Domain Acc 71.9 (62.7)
Epoch: [1][ 350/1000]	Time  3.45 ( 1.61)	Data  3.27 ( 1.43)	Loss   0.74 (  0.90)	Cls Acc 100.0 (98.8)	Domain Acc 63.3 (62.5)
Epoch: [1][ 400/1000]	Time  0.65 ( 1.60)	Data  0.47 ( 1.42)	Loss   0.70 (  0.88)	Cls Acc 100.0 (98.9)	Domain Acc 64.8 (62.3)
Epoch: [1][ 450/1000]	Time  0.65 ( 1.60)	Data  0.48 ( 1.43)	Loss   1.04 (  0.88)	Cls Acc 97.7 (98.9)	Domain Acc 49.2 (61.7)
Epoch: [1][ 500/1000]	Time  3.40 ( 1.61)	Data  3.22 ( 1.43)	Loss   0.80 (  0.87)	Cls Acc 99.2 (99.0)	Domain Acc 60.2 (61.6)
Epoch: [1][ 550/1000]	Time  0.65 ( 1.60)	Data  0.47 ( 1.42)	Loss   0.84 (  0.86)	Cls Acc 99.2 (99.0)	Domain Acc 53.5 (61.3)
Epoch: [1][ 600/1000]	Time  0.65 ( 1.61)	Data  0.47 ( 1.43)	Loss   0.75 (  0.85)	Cls Acc 100.0 (99.1)	Domain Acc 60.9 (61.6)
Epoch: [1][ 650/1000]	Time  4.38 ( 1.61)	Data  4.20 ( 1.43)	Loss   0.56 (  0.84)	Cls Acc 100.0 (99.1)	Domain Acc 74.6 (62.0)
Epoch: [1][ 700/1000]	Time  0.65 ( 1.61)	Data  0.48 ( 1.43)	Loss   0.74 (  0.83)	Cls Acc 99.2 (99.2)	Domain Acc 67.2 (62.2)
Epoch: [1][ 750/1000]	Time  0.65 ( 1.61)	Data  0.48 ( 1.43)	Loss   0.66 (  0.83)	Cls Acc 99.2 (99.2)	Domain Acc 66.8 (62.1)
Epoch: [1][ 800/1000]	Time  3.42 ( 1.61)	Data  3.24 ( 1.43)	Loss   0.74 (  0.83)	Cls Acc 98.4 (99.2)	Domain Acc 63.3 (61.7)
Epoch: [1][ 850/1000]	Time  0.66 ( 1.61)	Data  0.48 ( 1.43)	Loss   0.70 (  0.83)	Cls Acc 99.2 (99.2)	Domain Acc 66.8 (61.6)
Epoch: [1][ 900/1000]	Time  0.65 ( 1.61)	Data  0.47 ( 1.43)	Loss   1.20 (  0.83)	Cls Acc 99.2 (99.2)	Domain Acc 41.4 (61.3)
Epoch: [1][ 950/1000]	Time  3.35 ( 1.61)	Data  3.17 ( 1.43)	Loss   1.02 (  0.83)	Cls Acc 100.0 (99.2)	Domain Acc 46.5 (61.3)
Test: [ 0/23]	Time  1.095 ( 1.095)	Loss 4.9662e+00 (4.9662e+00)	Acc@1  22.66 ( 22.66)	Acc@5  51.56 ( 51.56)
 * Acc@1 9.585 Acc@5 28.186
acc1 = 9.6, best_acc1 = 9.6
Epoch: [2][   0/1000]	Time  0.27 ( 0.27)	Data  0.10 ( 0.10)	Loss   0.78 (  0.78)	Cls Acc 98.4 (98.4)	Domain Acc 63.3 (63.3)
Epoch: [2][  50/1000]	Time  0.65 ( 1.61)	Data  0.47 ( 1.43)	Loss   0.73 (  0.78)	Cls Acc 100.0 (99.3)	Domain Acc 61.7 (62.3)
Epoch: [2][ 100/1000]	Time  3.41 ( 1.61)	Data  3.23 ( 1.43)	Loss   0.79 (  0.74)	Cls Acc 98.4 (99.5)	Domain Acc 55.9 (62.5)
Epoch: [2][ 150/1000]	Time  0.66 ( 1.60)	Data  0.48 ( 1.42)	Loss   0.64 (  0.76)	Cls Acc 100.0 (99.5)	Domain Acc 67.6 (60.3)
Epoch: [2][ 200/1000]	Time  1.21 ( 1.61)	Data  1.03 ( 1.43)	Loss   0.68 (  0.77)	Cls Acc 100.0 (99.5)	Domain Acc 68.0 (59.9)
Epoch: [2][ 250/1000]	Time  3.38 ( 1.61)	Data  3.20 ( 1.43)	Loss   0.73 (  0.78)	Cls Acc 100.0 (99.4)	Domain Acc 58.2 (59.1)
Epoch: [2][ 300/1000]	Time  0.66 ( 1.60)	Data  0.48 ( 1.42)	Loss   0.77 (  0.78)	Cls Acc 98.4 (99.4)	Domain Acc 59.0 (59.4)
Epoch: [2][ 350/1000]	Time  0.65 ( 1.61)	Data  0.47 ( 1.43)	Loss   0.75 (  0.77)	Cls Acc 100.0 (99.4)	Domain Acc 55.9 (60.0)
Epoch: [2][ 400/1000]	Time  3.49 ( 1.61)	Data  3.31 ( 1.43)	Loss   0.59 (  0.76)	Cls Acc 100.0 (99.5)	Domain Acc 71.9 (60.5)
Epoch: [2][ 450/1000]	Time  0.65 ( 1.61)	Data  0.48 ( 1.43)	Loss   0.64 (  0.75)	Cls Acc 99.2 (99.5)	Domain Acc 68.8 (60.7)
Epoch: [2][ 500/1000]	Time  0.65 ( 1.61)	Data  0.47 ( 1.43)	Loss   0.74 (  0.75)	Cls Acc 100.0 (99.5)	Domain Acc 62.9 (60.5)
Epoch: [2][ 550/1000]	Time  3.40 ( 1.61)	Data  3.22 ( 1.43)	Loss   0.67 (  0.75)	Cls Acc 100.0 (99.5)	Domain Acc 67.6 (60.7)
Epoch: [2][ 600/1000]	Time  0.65 ( 1.61)	Data  0.47 ( 1.43)	Loss   0.70 (  0.75)	Cls Acc 99.2 (99.5)	Domain Acc 66.8 (60.5)
Epoch: [2][ 650/1000]	Time  0.65 ( 1.61)	Data  0.47 ( 1.43)	Loss   0.69 (  0.74)	Cls Acc 100.0 (99.5)	Domain Acc 62.5 (61.1)
Epoch: [2][ 700/1000]	Time  3.39 ( 1.61)	Data  3.21 ( 1.43)	Loss   0.67 (  0.74)	Cls Acc 99.2 (99.6)	Domain Acc 64.1 (61.4)
Epoch: [2][ 750/1000]	Time  1.27 ( 1.61)	Data  1.08 ( 1.43)	Loss   0.57 (  0.73)	Cls Acc 100.0 (99.6)	Domain Acc 75.0 (61.5)
Epoch: [2][ 800/1000]	Time  0.65 ( 1.61)	Data  0.47 ( 1.43)	Loss   0.70 (  0.73)	Cls Acc 100.0 (99.6)	Domain Acc 61.7 (61.6)
Epoch: [2][ 850/1000]	Time  3.47 ( 1.61)	Data  3.29 ( 1.43)	Loss   0.79 (  0.73)	Cls Acc 99.2 (99.6)	Domain Acc 54.7 (61.6)
Epoch: [2][ 900/1000]	Time  0.65 ( 1.61)	Data  0.48 ( 1.43)	Loss   0.70 (  0.73)	Cls Acc 100.0 (99.6)	Domain Acc 60.2 (61.4)
Epoch: [2][ 950/1000]	Time  0.64 ( 1.61)	Data  0.46 ( 1.43)	Loss   0.72 (  0.73)	Cls Acc 100.0 (99.6)	Domain Acc 66.4 (61.3)
Test: [ 0/23]	Time  1.040 ( 1.040)	Loss 4.8261e+00 (4.8261e+00)	Acc@1  22.66 ( 22.66)	Acc@5  52.34 ( 52.34)
 * Acc@1 9.372 Acc@5 31.168
acc1 = 9.4, best_acc1 = 9.6
Epoch: [3][   0/1000]	Time  3.41 ( 3.41)	Data  3.23 ( 3.23)	Loss   0.76 (  0.76)	Cls Acc 100.0 (100.0)	Domain Acc 57.4 (57.4)
Epoch: [3][  50/1000]	Time  0.65 ( 1.61)	Data  0.47 ( 1.43)	Loss   0.74 (  0.77)	Cls Acc 100.0 (99.6)	Domain Acc 58.2 (58.0)
Epoch: [3][ 100/1000]	Time  0.65 ( 1.62)	Data  0.47 ( 1.44)	Loss   0.91 (  0.79)	Cls Acc 100.0 (99.5)	Domain Acc 47.7 (57.4)
Epoch: [3][ 150/1000]	Time  3.43 ( 1.63)	Data  3.25 ( 1.45)	Loss   0.75 (  0.77)	Cls Acc 100.0 (99.5)	Domain Acc 59.8 (59.4)
Epoch: [3][ 200/1000]	Time  0.65 ( 1.61)	Data  0.47 ( 1.43)	Loss   0.64 (  0.76)	Cls Acc 100.0 (99.5)	Domain Acc 67.6 (59.4)
Epoch: [3][ 250/1000]	Time  0.65 ( 1.62)	Data  0.47 ( 1.44)	Loss   0.88 (  0.76)	Cls Acc 100.0 (99.6)	Domain Acc 51.2 (59.8)
Epoch: [3][ 300/1000]	Time  4.44 ( 1.62)	Data  4.26 ( 1.44)	Loss   0.77 (  0.75)	Cls Acc 99.2 (99.6)	Domain Acc 52.3 (59.7)
Epoch: [3][ 350/1000]	Time  0.66 ( 1.62)	Data  0.48 ( 1.44)	Loss   0.65 (  0.75)	Cls Acc 97.7 (99.6)	Domain Acc 70.3 (59.6)
Epoch: [3][ 400/1000]	Time  0.65 ( 1.62)	Data  0.47 ( 1.44)	Loss   0.68 (  0.74)	Cls Acc 100.0 (99.6)	Domain Acc 60.9 (60.0)
Epoch: [3][ 450/1000]	Time  3.42 ( 1.62)	Data  3.24 ( 1.44)	Loss   0.72 (  0.73)	Cls Acc 99.2 (99.7)	Domain Acc 58.6 (60.9)
Epoch: [3][ 500/1000]	Time  0.66 ( 1.62)	Data  0.48 ( 1.44)	Loss   0.64 (  0.73)	Cls Acc 99.2 (99.6)	Domain Acc 64.5 (61.1)
Epoch: [3][ 550/1000]	Time  0.65 ( 1.62)	Data  0.47 ( 1.44)	Loss   0.64 (  0.73)	Cls Acc 100.0 (99.6)	Domain Acc 66.4 (60.9)
Epoch: [3][ 600/1000]	Time  3.42 ( 1.62)	Data  3.24 ( 1.44)	Loss   0.76 (  0.73)	Cls Acc 100.0 (99.6)	Domain Acc 59.4 (60.8)
Epoch: [3][ 650/1000]	Time  0.66 ( 1.62)	Data  0.48 ( 1.44)	Loss   0.84 (  0.73)	Cls Acc 97.7 (99.6)	Domain Acc 51.6 (60.8)
Epoch: [3][ 700/1000]	Time  0.65 ( 1.62)	Data  0.47 ( 1.44)	Loss   0.86 (  0.73)	Cls Acc 98.4 (99.7)	Domain Acc 44.5 (60.9)
Epoch: [3][ 750/1000]	Time  3.41 ( 1.62)	Data  3.23 ( 1.44)	Loss   0.72 (  0.73)	Cls Acc 100.0 (99.7)	Domain Acc 57.8 (60.8)
Epoch: [3][ 800/1000]	Time  0.65 ( 1.62)	Data  0.47 ( 1.44)	Loss   0.61 (  0.72)	Cls Acc 100.0 (99.7)	Domain Acc 71.9 (61.0)
Epoch: [3][ 850/1000]	Time  1.22 ( 1.62)	Data  1.03 ( 1.44)	Loss   0.73 (  0.72)	Cls Acc 100.0 (99.7)	Domain Acc 53.5 (60.7)
Epoch: [3][ 900/1000]	Time  3.44 ( 1.62)	Data  3.26 ( 1.44)	Loss   0.67 (  0.72)	Cls Acc 100.0 (99.7)	Domain Acc 66.0 (61.0)
Epoch: [3][ 950/1000]	Time  0.66 ( 1.62)	Data  0.48 ( 1.44)	Loss   0.58 (  0.73)	Cls Acc 99.2 (99.7)	Domain Acc 73.4 (60.5)
Test: [ 0/23]	Time  1.034 ( 1.034)	Loss 5.9446e+00 (5.9446e+00)	Acc@1  20.31 ( 20.31)	Acc@5  46.88 ( 46.88)
 * Acc@1 8.910 Acc@5 30.103
acc1 = 8.9, best_acc1 = 9.6
Epoch: [4][   0/1000]	Time  0.27 ( 0.27)	Data  0.10 ( 0.10)	Loss   1.01 (  1.01)	Cls Acc 98.4 (98.4)	Domain Acc 35.5 (35.5)
Epoch: [4][  50/1000]	Time  3.48 ( 1.62)	Data  3.30 ( 1.44)	Loss   0.67 (  0.66)	Cls Acc 100.0 (99.8)	Domain Acc 69.5 (66.4)
Epoch: [4][ 100/1000]	Time  0.66 ( 1.59)	Data  0.48 ( 1.41)	Loss   0.83 (  0.73)	Cls Acc 100.0 (99.6)	Domain Acc 49.6 (60.2)
Epoch: [4][ 150/1000]	Time  0.65 ( 1.61)	Data  0.47 ( 1.43)	Loss   0.71 (  0.74)	Cls Acc 99.2 (99.6)	Domain Acc 61.3 (59.6)
Epoch: [4][ 200/1000]	Time  3.42 ( 1.61)	Data  3.24 ( 1.43)	Loss   0.66 (  0.75)	Cls Acc 100.0 (99.6)	Domain Acc 65.6 (58.3)
Epoch: [4][ 250/1000]	Time  0.65 ( 1.61)	Data  0.47 ( 1.43)	Loss   0.78 (  0.75)	Cls Acc 100.0 (99.6)	Domain Acc 55.9 (58.6)
Epoch: [4][ 300/1000]	Time  0.66 ( 1.61)	Data  0.48 ( 1.43)	Loss   0.75 (  0.73)	Cls Acc 99.2 (99.6)	Domain Acc 57.0 (59.4)
Epoch: [4][ 350/1000]	Time  3.39 ( 1.61)	Data  3.21 ( 1.43)	Loss   0.61 (  0.73)	Cls Acc 100.0 (99.7)	Domain Acc 69.5 (60.0)
Epoch: [4][ 400/1000]	Time  1.29 ( 1.61)	Data  1.10 ( 1.43)	Loss   0.71 (  0.73)	Cls Acc 100.0 (99.7)	Domain Acc 60.2 (59.6)
Epoch: [4][ 450/1000]	Time  0.65 ( 1.61)	Data  0.47 ( 1.43)	Loss   0.81 (  0.72)	Cls Acc 99.2 (99.7)	Domain Acc 52.7 (59.8)
Epoch: [4][ 500/1000]	Time  3.40 ( 1.61)	Data  3.21 ( 1.43)	Loss   0.65 (  0.72)	Cls Acc 100.0 (99.7)	Domain Acc 70.3 (60.1)
Epoch: [4][ 550/1000]	Time  0.65 ( 1.61)	Data  0.47 ( 1.43)	Loss   0.70 (  0.72)	Cls Acc 100.0 (99.7)	Domain Acc 59.8 (60.3)
Epoch: [4][ 600/1000]	Time  0.65 ( 1.61)	Data  0.47 ( 1.43)	Loss   0.68 (  0.71)	Cls Acc 100.0 (99.7)	Domain Acc 64.5 (60.5)
Epoch: [4][ 650/1000]	Time  3.42 ( 1.61)	Data  3.24 ( 1.43)	Loss   0.81 (  0.72)	Cls Acc 100.0 (99.7)	Domain Acc 49.6 (60.4)
Epoch: [4][ 700/1000]	Time  0.65 ( 1.61)	Data  0.48 ( 1.43)	Loss   0.61 (  0.72)	Cls Acc 100.0 (99.7)	Domain Acc 69.1 (60.4)
Epoch: [4][ 750/1000]	Time  0.65 ( 1.61)	Data  0.48 ( 1.43)	Loss   0.81 (  0.71)	Cls Acc 99.2 (99.7)	Domain Acc 50.8 (60.5)
Epoch: [4][ 800/1000]	Time  3.42 ( 1.61)	Data  3.24 ( 1.43)	Loss   0.84 (  0.71)	Cls Acc 100.0 (99.7)	Domain Acc 54.3 (60.6)
Epoch: [4][ 850/1000]	Time  0.65 ( 1.61)	Data  0.47 ( 1.43)	Loss   0.72 (  0.72)	Cls Acc 100.0 (99.7)	Domain Acc 56.6 (60.2)
Epoch: [4][ 900/1000]	Time  0.65 ( 1.61)	Data  0.47 ( 1.43)	Loss   0.73 (  0.72)	Cls Acc 100.0 (99.7)	Domain Acc 58.6 (60.2)
Epoch: [4][ 950/1000]	Time  4.48 ( 1.61)	Data  4.30 ( 1.43)	Loss   0.85 (  0.72)	Cls Acc 99.2 (99.7)	Domain Acc 49.2 (60.0)
Test: [ 0/23]	Time  1.045 ( 1.045)	Loss 4.6672e+00 (4.6672e+00)	Acc@1  32.03 ( 32.03)	Acc@5  60.16 ( 60.16)
 * Acc@1 10.188 Acc@5 31.665
acc1 = 10.2, best_acc1 = 10.2
Epoch: [5][   0/1000]	Time  0.27 ( 0.27)	Data  0.10 ( 0.10)	Loss   0.59 (  0.59)	Cls Acc 100.0 (100.0)	Domain Acc 69.1 (69.1)
Epoch: [5][  50/1000]	Time  0.65 ( 1.61)	Data  0.47 ( 1.43)	Loss   0.73 (  0.74)	Cls Acc 100.0 (99.8)	Domain Acc 58.2 (56.2)
Epoch: [5][ 100/1000]	Time  3.41 ( 1.62)	Data  3.22 ( 1.44)	Loss   0.64 (  0.72)	Cls Acc 100.0 (99.8)	Domain Acc 71.1 (58.4)
Epoch: [5][ 150/1000]	Time  0.66 ( 1.61)	Data  0.48 ( 1.43)	Loss   0.82 (  0.71)	Cls Acc 100.0 (99.8)	Domain Acc 48.4 (59.5)
Epoch: [5][ 200/1000]	Time  0.65 ( 1.61)	Data  0.47 ( 1.43)	Loss   0.58 (  0.71)	Cls Acc 100.0 (99.8)	Domain Acc 76.2 (60.3)
Epoch: [5][ 250/1000]	Time  3.43 ( 1.62)	Data  3.25 ( 1.44)	Loss   0.87 (  0.71)	Cls Acc 99.2 (99.8)	Domain Acc 47.3 (60.6)
Epoch: [5][ 300/1000]	Time  0.65 ( 1.61)	Data  0.48 ( 1.43)	Loss   0.65 (  0.70)	Cls Acc 99.2 (99.8)	Domain Acc 68.4 (61.4)
Epoch: [5][ 350/1000]	Time  0.65 ( 1.62)	Data  0.47 ( 1.44)	Loss   0.56 (  0.72)	Cls Acc 100.0 (99.7)	Domain Acc 78.9 (60.4)
Epoch: [5][ 400/1000]	Time  3.49 ( 1.62)	Data  3.29 ( 1.44)	Loss   0.76 (  0.70)	Cls Acc 100.0 (99.8)	Domain Acc 50.8 (62.0)
Epoch: [5][ 450/1000]	Time  0.66 ( 1.61)	Data  0.48 ( 1.43)	Loss   0.57 (  0.71)	Cls Acc 100.0 (99.8)	Domain Acc 73.8 (61.1)
Epoch: [5][ 500/1000]	Time  1.34 ( 1.62)	Data  1.15 ( 1.44)	Loss   0.78 (  0.71)	Cls Acc 100.0 (99.7)	Domain Acc 52.0 (60.6)
Epoch: [5][ 550/1000]	Time  3.43 ( 1.62)	Data  3.23 ( 1.44)	Loss   0.75 (  0.71)	Cls Acc 100.0 (99.8)	Domain Acc 59.0 (61.4)
Epoch: [5][ 600/1000]	Time  0.65 ( 1.61)	Data  0.48 ( 1.43)	Loss   0.54 (  0.71)	Cls Acc 100.0 (99.8)	Domain Acc 78.5 (61.4)
Epoch: [5][ 650/1000]	Time  0.65 ( 1.61)	Data  0.48 ( 1.43)	Loss   0.80 (  0.70)	Cls Acc 100.0 (99.8)	Domain Acc 43.8 (61.4)
Epoch: [5][ 700/1000]	Time  3.50 ( 1.62)	Data  3.30 ( 1.44)	Loss   0.63 (  0.70)	Cls Acc 100.0 (99.8)	Domain Acc 71.5 (61.8)
Epoch: [5][ 750/1000]	Time  0.66 ( 1.61)	Data  0.48 ( 1.43)	Loss   0.60 (  0.70)	Cls Acc 100.0 (99.8)	Domain Acc 75.4 (61.5)
Epoch: [5][ 800/1000]	Time  0.66 ( 1.61)	Data  0.48 ( 1.43)	Loss   0.91 (  0.70)	Cls Acc 100.0 (99.8)	Domain Acc 41.8 (61.8)
Epoch: [5][ 850/1000]	Time  3.45 ( 1.61)	Data  3.26 ( 1.43)	Loss   0.72 (  0.70)	Cls Acc 100.0 (99.8)	Domain Acc 60.9 (61.9)
Epoch: [5][ 900/1000]	Time  0.66 ( 1.61)	Data  0.48 ( 1.43)	Loss   0.59 (  0.70)	Cls Acc 100.0 (99.8)	Domain Acc 75.8 (61.8)
Epoch: [5][ 950/1000]	Time  0.65 ( 1.61)	Data  0.48 ( 1.43)	Loss   0.76 (  0.70)	Cls Acc 100.0 (99.8)	Domain Acc 48.8 (62.0)
Test: [ 0/23]	Time  1.033 ( 1.033)	Loss 4.6202e+00 (4.6202e+00)	Acc@1  32.03 ( 32.03)	Acc@5  60.94 ( 60.94)
 * Acc@1 9.620 Acc@5 32.055
acc1 = 9.6, best_acc1 = 10.2
Epoch: [6][   0/1000]	Time  3.43 ( 3.43)	Data  3.24 ( 3.24)	Loss   0.61 (  0.61)	Cls Acc 99.2 (99.2)	Domain Acc 73.0 (73.0)
Epoch: [6][  50/1000]	Time  1.32 ( 1.62)	Data  1.14 ( 1.44)	Loss   0.72 (  0.69)	Cls Acc 100.0 (99.9)	Domain Acc 58.6 (62.2)
Epoch: [6][ 100/1000]	Time  0.65 ( 1.63)	Data  0.47 ( 1.45)	Loss   0.64 (  0.67)	Cls Acc 100.0 (100.0)	Domain Acc 64.8 (64.1)
Epoch: [6][ 150/1000]	Time  3.44 ( 1.63)	Data  3.25 ( 1.45)	Loss   0.68 (  0.68)	Cls Acc 100.0 (100.0)	Domain Acc 61.7 (62.6)
Epoch: [6][ 200/1000]	Time  0.65 ( 1.61)	Data  0.48 ( 1.43)	Loss   0.73 (  0.67)	Cls Acc 98.4 (99.9)	Domain Acc 55.9 (64.2)
Epoch: [6][ 250/1000]	Time  0.65 ( 1.62)	Data  0.47 ( 1.44)	Loss   0.63 (  0.67)	Cls Acc 100.0 (99.9)	Domain Acc 69.9 (64.1)
Epoch: [6][ 300/1000]	Time  3.41 ( 1.62)	Data  3.22 ( 1.44)	Loss   0.74 (  0.67)	Cls Acc 99.2 (99.9)	Domain Acc 56.6 (64.4)
Epoch: [6][ 350/1000]	Time  0.65 ( 1.62)	Data  0.48 ( 1.44)	Loss   0.70 (  0.67)	Cls Acc 100.0 (100.0)	Domain Acc 59.0 (64.8)
Epoch: [6][ 400/1000]	Time  0.66 ( 1.62)	Data  0.48 ( 1.44)	Loss   0.55 (  0.67)	Cls Acc 100.0 (100.0)	Domain Acc 77.0 (63.9)
Epoch: [6][ 450/1000]	Time  3.45 ( 1.62)	Data  3.27 ( 1.44)	Loss   0.79 (  0.67)	Cls Acc 99.2 (99.9)	Domain Acc 51.6 (64.1)
Epoch: [6][ 500/1000]	Time  0.66 ( 1.62)	Data  0.48 ( 1.44)	Loss   0.64 (  0.67)	Cls Acc 99.2 (99.9)	Domain Acc 67.6 (64.2)
Epoch: [6][ 550/1000]	Time  0.65 ( 1.62)	Data  0.47 ( 1.44)	Loss   0.81 (  0.67)	Cls Acc 100.0 (99.9)	Domain Acc 50.8 (64.1)
Epoch: [6][ 600/1000]	Time  4.43 ( 1.62)	Data  4.25 ( 1.44)	Loss   0.67 (  0.67)	Cls Acc 99.2 (99.9)	Domain Acc 67.2 (64.3)
Epoch: [6][ 650/1000]	Time  0.66 ( 1.62)	Data  0.48 ( 1.44)	Loss   0.71 (  0.68)	Cls Acc 100.0 (99.9)	Domain Acc 62.1 (64.0)
Epoch: [6][ 700/1000]	Time  0.65 ( 1.62)	Data  0.48 ( 1.44)	Loss   0.65 (  0.67)	Cls Acc 100.0 (99.9)	Domain Acc 67.2 (64.2)
Epoch: [6][ 750/1000]	Time  3.42 ( 1.62)	Data  3.24 ( 1.44)	Loss   0.78 (  0.68)	Cls Acc 98.4 (99.9)	Domain Acc 62.1 (64.1)
Epoch: [6][ 800/1000]	Time  0.66 ( 1.62)	Data  0.48 ( 1.44)	Loss   0.66 (  0.68)	Cls Acc 100.0 (99.9)	Domain Acc 62.1 (64.1)
Epoch: [6][ 850/1000]	Time  0.65 ( 1.62)	Data  0.47 ( 1.44)	Loss   0.69 (  0.68)	Cls Acc 100.0 (99.9)	Domain Acc 62.5 (64.0)
Epoch: [6][ 900/1000]	Time  3.43 ( 1.62)	Data  3.25 ( 1.44)	Loss   0.73 (  0.68)	Cls Acc 99.2 (99.9)	Domain Acc 55.1 (64.2)
Epoch: [6][ 950/1000]	Time  0.66 ( 1.62)	Data  0.48 ( 1.44)	Loss   0.59 (  0.68)	Cls Acc 100.0 (99.9)	Domain Acc 76.2 (64.2)
Test: [ 0/23]	Time  1.033 ( 1.033)	Loss 4.7397e+00 (4.7397e+00)	Acc@1  29.69 ( 29.69)	Acc@5  56.25 ( 56.25)
 * Acc@1 10.153 Acc@5 33.759
acc1 = 10.2, best_acc1 = 10.2
Epoch: [7][   0/1000]	Time  0.28 ( 0.28)	Data  0.10 ( 0.10)	Loss   0.75 (  0.75)	Cls Acc 100.0 (100.0)	Domain Acc 57.4 (57.4)
Epoch: [7][  50/1000]	Time  3.41 ( 1.60)	Data  3.23 ( 1.42)	Loss   0.63 (  0.67)	Cls Acc 100.0 (99.8)	Domain Acc 71.5 (65.7)
Epoch: [7][ 100/1000]	Time  0.66 ( 1.59)	Data  0.48 ( 1.41)	Loss   0.68 (  0.67)	Cls Acc 100.0 (99.8)	Domain Acc 62.9 (64.5)
Epoch: [7][ 150/1000]	Time  1.26 ( 1.61)	Data  1.08 ( 1.43)	Loss   0.65 (  0.66)	Cls Acc 100.0 (99.8)	Domain Acc 65.2 (65.1)
Epoch: [7][ 200/1000]	Time  3.43 ( 1.62)	Data  3.25 ( 1.44)	Loss   0.71 (  0.67)	Cls Acc 100.0 (99.8)	Domain Acc 57.0 (64.6)
Epoch: [7][ 250/1000]	Time  0.66 ( 1.61)	Data  0.48 ( 1.43)	Loss   0.70 (  0.66)	Cls Acc 99.2 (99.8)	Domain Acc 65.2 (64.8)
Epoch: [7][ 300/1000]	Time  0.65 ( 1.61)	Data  0.47 ( 1.43)	Loss   0.71 (  0.67)	Cls Acc 99.2 (99.9)	Domain Acc 60.2 (64.0)
Epoch: [7][ 350/1000]	Time  3.49 ( 1.62)	Data  3.31 ( 1.44)	Loss   0.65 (  0.67)	Cls Acc 100.0 (99.9)	Domain Acc 71.9 (64.4)
Epoch: [7][ 400/1000]	Time  0.65 ( 1.61)	Data  0.48 ( 1.43)	Loss   0.84 (  0.68)	Cls Acc 100.0 (99.9)	Domain Acc 45.3 (63.4)
Epoch: [7][ 450/1000]	Time  0.65 ( 1.61)	Data  0.48 ( 1.44)	Loss   0.67 (  0.68)	Cls Acc 100.0 (99.8)	Domain Acc 61.3 (63.9)
Epoch: [7][ 500/1000]	Time  3.41 ( 1.62)	Data  3.22 ( 1.44)	Loss   0.64 (  0.69)	Cls Acc 100.0 (99.8)	Domain Acc 65.2 (63.0)
Epoch: [7][ 550/1000]	Time  0.66 ( 1.61)	Data  0.48 ( 1.43)	Loss   0.68 (  0.69)	Cls Acc 100.0 (99.8)	Domain Acc 61.7 (63.1)
Epoch: [7][ 600/1000]	Time  0.65 ( 1.62)	Data  0.47 ( 1.44)	Loss   0.64 (  0.69)	Cls Acc 100.0 (99.8)	Domain Acc 69.1 (62.8)
Epoch: [7][ 650/1000]	Time  3.44 ( 1.62)	Data  3.26 ( 1.44)	Loss   0.83 (  0.70)	Cls Acc 99.2 (99.8)	Domain Acc 44.9 (62.3)
Epoch: [7][ 700/1000]	Time  1.31 ( 1.62)	Data  1.13 ( 1.44)	Loss   0.67 (  0.69)	Cls Acc 100.0 (99.8)	Domain Acc 62.9 (62.7)
Epoch: [7][ 750/1000]	Time  0.64 ( 1.62)	Data  0.46 ( 1.44)	Loss   0.70 (  0.69)	Cls Acc 100.0 (99.8)	Domain Acc 64.8 (62.5)
Epoch: [7][ 800/1000]	Time  3.43 ( 1.62)	Data  3.25 ( 1.44)	Loss   0.73 (  0.69)	Cls Acc 100.0 (99.8)	Domain Acc 58.6 (62.6)
Epoch: [7][ 850/1000]	Time  0.66 ( 1.62)	Data  0.48 ( 1.44)	Loss   0.66 (  0.69)	Cls Acc 100.0 (99.8)	Domain Acc 62.5 (62.7)
Epoch: [7][ 900/1000]	Time  0.65 ( 1.62)	Data  0.47 ( 1.44)	Loss   0.64 (  0.69)	Cls Acc 100.0 (99.8)	Domain Acc 68.0 (62.7)
Epoch: [7][ 950/1000]	Time  3.44 ( 1.62)	Data  3.26 ( 1.44)	Loss   0.68 (  0.69)	Cls Acc 100.0 (99.8)	Domain Acc 62.1 (62.9)
Test: [ 0/23]	Time  0.997 ( 0.997)	Loss 5.8721e+00 (5.8721e+00)	Acc@1  27.34 ( 27.34)	Acc@5  52.34 ( 52.34)
 * Acc@1 9.443 Acc@5 31.132
acc1 = 9.4, best_acc1 = 10.2
Epoch: [8][   0/1000]	Time  0.27 ( 0.27)	Data  0.09 ( 0.09)	Loss   0.67 (  0.67)	Cls Acc 99.2 (99.2)	Domain Acc 66.0 (66.0)
Epoch: [8][  50/1000]	Time  0.66 ( 1.60)	Data  0.48 ( 1.42)	Loss   0.62 (  0.65)	Cls Acc 100.0 (99.9)	Domain Acc 68.8 (66.2)
Epoch: [8][ 100/1000]	Time  3.42 ( 1.63)	Data  3.24 ( 1.45)	Loss   0.66 (  0.67)	Cls Acc 100.0 (100.0)	Domain Acc 64.8 (63.2)
Epoch: [8][ 150/1000]	Time  0.66 ( 1.61)	Data  0.48 ( 1.43)	Loss   0.66 (  0.66)	Cls Acc 100.0 (99.9)	Domain Acc 64.8 (65.0)
Epoch: [8][ 200/1000]	Time  0.65 ( 1.62)	Data  0.48 ( 1.44)	Loss   0.71 (  0.68)	Cls Acc 100.0 (99.9)	Domain Acc 58.2 (63.3)
Epoch: [8][ 250/1000]	Time  4.47 ( 1.63)	Data  4.29 ( 1.45)	Loss   0.62 (  0.66)	Cls Acc 100.0 (99.9)	Domain Acc 69.5 (65.2)
Epoch: [8][ 300/1000]	Time  0.65 ( 1.62)	Data  0.48 ( 1.44)	Loss   0.62 (  0.67)	Cls Acc 100.0 (99.9)	Domain Acc 69.5 (64.1)
Epoch: [8][ 350/1000]	Time  0.65 ( 1.62)	Data  0.48 ( 1.44)	Loss   0.74 (  0.66)	Cls Acc 100.0 (99.9)	Domain Acc 56.6 (64.9)
Epoch: [8][ 400/1000]	Time  3.45 ( 1.62)	Data  3.27 ( 1.44)	Loss   0.59 (  0.67)	Cls Acc 100.0 (99.9)	Domain Acc 75.0 (64.3)
Epoch: [8][ 450/1000]	Time  0.66 ( 1.62)	Data  0.48 ( 1.44)	Loss   0.67 (  0.66)	Cls Acc 100.0 (99.9)	Domain Acc 63.3 (64.9)
Epoch: [8][ 500/1000]	Time  0.65 ( 1.62)	Data  0.48 ( 1.44)	Loss   0.59 (  0.67)	Cls Acc 100.0 (99.9)	Domain Acc 73.8 (64.0)
Epoch: [8][ 550/1000]	Time  3.43 ( 1.62)	Data  3.25 ( 1.44)	Loss   0.69 (  0.67)	Cls Acc 100.0 (99.9)	Domain Acc 63.3 (64.7)
Epoch: [8][ 600/1000]	Time  0.65 ( 1.62)	Data  0.48 ( 1.44)	Loss   0.61 (  0.67)	Cls Acc 100.0 (99.9)	Domain Acc 74.6 (64.3)
Epoch: [8][ 650/1000]	Time  0.66 ( 1.62)	Data  0.48 ( 1.44)	Loss   0.75 (  0.67)	Cls Acc 100.0 (99.9)	Domain Acc 61.3 (64.7)
Epoch: [8][ 700/1000]	Time  3.44 ( 1.62)	Data  3.26 ( 1.44)	Loss   0.60 (  0.67)	Cls Acc 100.0 (99.9)	Domain Acc 74.6 (64.6)
Epoch: [8][ 750/1000]	Time  0.66 ( 1.62)	Data  0.48 ( 1.44)	Loss   0.64 (  0.67)	Cls Acc 100.0 (99.9)	Domain Acc 66.0 (64.7)
Epoch: [8][ 800/1000]	Time  1.44 ( 1.62)	Data  1.26 ( 1.44)	Loss   0.65 (  0.67)	Cls Acc 100.0 (99.9)	Domain Acc 66.0 (64.8)
Epoch: [8][ 850/1000]	Time  3.45 ( 1.62)	Data  3.27 ( 1.44)	Loss   0.70 (  0.67)	Cls Acc 100.0 (99.9)	Domain Acc 62.9 (64.9)
Epoch: [8][ 900/1000]	Time  0.66 ( 1.62)	Data  0.48 ( 1.44)	Loss   0.65 (  0.67)	Cls Acc 100.0 (99.9)	Domain Acc 67.6 (64.8)
Epoch: [8][ 950/1000]	Time  0.66 ( 1.62)	Data  0.48 ( 1.44)	Loss   0.76 (  0.67)	Cls Acc 100.0 (99.9)	Domain Acc 50.4 (64.7)
Test: [ 0/23]	Time  1.272 ( 1.272)	Loss 5.6221e+00 (5.6221e+00)	Acc@1  28.12 ( 28.12)	Acc@5  53.12 ( 53.12)
 * Acc@1 9.549 Acc@5 33.582
acc1 = 9.5, best_acc1 = 10.2
Epoch: [9][   0/1000]	Time  3.50 ( 3.50)	Data  3.30 ( 3.30)	Loss   0.58 (  0.58)	Cls Acc 100.0 (100.0)	Domain Acc 71.9 (71.9)
Epoch: [9][  50/1000]	Time  0.66 ( 1.62)	Data  0.48 ( 1.44)	Loss   0.74 (  0.70)	Cls Acc 100.0 (99.9)	Domain Acc 55.1 (61.0)
Epoch: [9][ 100/1000]	Time  0.66 ( 1.63)	Data  0.48 ( 1.45)	Loss   0.62 (  0.68)	Cls Acc 100.0 (99.9)	Domain Acc 65.2 (63.5)
Epoch: [9][ 150/1000]	Time  3.45 ( 1.63)	Data  3.26 ( 1.45)	Loss   0.80 (  0.71)	Cls Acc 100.0 (99.8)	Domain Acc 52.0 (61.2)
Epoch: [9][ 200/1000]	Time  0.65 ( 1.62)	Data  0.47 ( 1.44)	Loss   0.71 (  0.71)	Cls Acc 100.0 (99.8)	Domain Acc 61.3 (60.7)
Epoch: [9][ 250/1000]	Time  0.65 ( 1.62)	Data  0.47 ( 1.44)	Loss   0.77 (  0.72)	Cls Acc 99.2 (99.8)	Domain Acc 52.3 (59.7)
Epoch: [9][ 300/1000]	Time  3.47 ( 1.63)	Data  3.29 ( 1.45)	Loss   0.61 (  0.70)	Cls Acc 100.0 (99.8)	Domain Acc 68.4 (61.5)
Epoch: [9][ 350/1000]	Time  1.36 ( 1.62)	Data  1.17 ( 1.44)	Loss   0.74 (  0.70)	Cls Acc 100.0 (99.8)	Domain Acc 55.9 (61.4)
Epoch: [9][ 400/1000]	Time  0.65 ( 1.63)	Data  0.47 ( 1.45)	Loss   0.63 (  0.70)	Cls Acc 100.0 (99.8)	Domain Acc 66.4 (61.6)
Epoch: [9][ 450/1000]	Time  3.45 ( 1.63)	Data  3.27 ( 1.45)	Loss   0.75 (  0.70)	Cls Acc 100.0 (99.8)	Domain Acc 56.2 (61.4)
Epoch: [9][ 500/1000]	Time  0.66 ( 1.62)	Data  0.48 ( 1.44)	Loss   0.64 (  0.70)	Cls Acc 100.0 (99.8)	Domain Acc 66.4 (61.9)
Epoch: [9][ 550/1000]	Time  0.65 ( 1.63)	Data  0.47 ( 1.45)	Loss   0.68 (  0.70)	Cls Acc 99.2 (99.8)	Domain Acc 65.6 (61.8)
Epoch: [9][ 600/1000]	Time  3.41 ( 1.63)	Data  3.23 ( 1.45)	Loss   0.68 (  0.70)	Cls Acc 100.0 (99.9)	Domain Acc 64.5 (62.2)
Epoch: [9][ 650/1000]	Time  0.65 ( 1.62)	Data  0.47 ( 1.44)	Loss   0.73 (  0.69)	Cls Acc 100.0 (99.9)	Domain Acc 57.0 (62.4)
Epoch: [9][ 700/1000]	Time  0.65 ( 1.62)	Data  0.47 ( 1.44)	Loss   0.62 (  0.69)	Cls Acc 100.0 (99.9)	Domain Acc 71.1 (62.6)
Epoch: [9][ 750/1000]	Time  3.43 ( 1.63)	Data  3.24 ( 1.45)	Loss   0.69 (  0.69)	Cls Acc 100.0 (99.9)	Domain Acc 62.1 (62.9)
Epoch: [9][ 800/1000]	Time  0.66 ( 1.62)	Data  0.48 ( 1.44)	Loss   0.70 (  0.69)	Cls Acc 99.2 (99.9)	Domain Acc 60.5 (62.8)
Epoch: [9][ 850/1000]	Time  0.66 ( 1.62)	Data  0.48 ( 1.44)	Loss   0.66 (  0.68)	Cls Acc 100.0 (99.9)	Domain Acc 67.2 (63.1)
Epoch: [9][ 900/1000]	Time  4.51 ( 1.63)	Data  4.32 ( 1.45)	Loss   0.68 (  0.68)	Cls Acc 100.0 (99.9)	Domain Acc 63.3 (63.3)
Epoch: [9][ 950/1000]	Time  0.66 ( 1.62)	Data  0.48 ( 1.44)	Loss   0.63 (  0.68)	Cls Acc 100.0 (99.9)	Domain Acc 66.0 (63.5)
Test: [ 0/23]	Time  1.142 ( 1.142)	Loss 5.5951e+00 (5.5951e+00)	Acc@1  30.47 ( 30.47)	Acc@5  54.69 ( 54.69)
 * Acc@1 11.537 Acc@5 34.611
acc1 = 11.5, best_acc1 = 11.5
Epoch: [10][   0/1000]	Time  0.28 ( 0.28)	Data  0.10 ( 0.10)	Loss   0.64 (  0.64)	Cls Acc 100.0 (100.0)	Domain Acc 64.5 (64.5)
Epoch: [10][  50/1000]	Time  3.55 ( 1.66)	Data  3.37 ( 1.48)	Loss   0.68 (  0.68)	Cls Acc 100.0 (100.0)	Domain Acc 59.8 (62.2)
Epoch: [10][ 100/1000]	Time  0.65 ( 1.65)	Data  0.47 ( 1.47)	Loss   0.63 (  0.67)	Cls Acc 100.0 (100.0)	Domain Acc 62.9 (63.8)
Epoch: [10][ 150/1000]	Time  0.66 ( 1.66)	Data  0.48 ( 1.48)	Loss   0.70 (  0.67)	Cls Acc 99.2 (100.0)	Domain Acc 60.5 (64.1)
Epoch: [10][ 200/1000]	Time  3.45 ( 1.65)	Data  3.27 ( 1.47)	Loss   0.63 (  0.67)	Cls Acc 100.0 (99.9)	Domain Acc 71.5 (64.1)
Epoch: [10][ 250/1000]	Time  0.65 ( 1.64)	Data  0.48 ( 1.46)	Loss   0.67 (  0.67)	Cls Acc 100.0 (99.9)	Domain Acc 62.9 (63.3)
Epoch: [10][ 300/1000]	Time  0.66 ( 1.64)	Data  0.48 ( 1.46)	Loss   0.69 (  0.67)	Cls Acc 100.0 (99.9)	Domain Acc 58.6 (63.1)
Epoch: [10][ 350/1000]	Time  3.48 ( 1.64)	Data  3.30 ( 1.46)	Loss   0.66 (  0.68)	Cls Acc 100.0 (99.9)	Domain Acc 66.4 (63.0)
Epoch: [10][ 400/1000]	Time  0.65 ( 1.64)	Data  0.48 ( 1.46)	Loss   0.68 (  0.67)	Cls Acc 100.0 (99.9)	Domain Acc 60.9 (63.2)
Epoch: [10][ 450/1000]	Time  1.37 ( 1.64)	Data  1.19 ( 1.46)	Loss   0.65 (  0.67)	Cls Acc 100.0 (99.9)	Domain Acc 67.2 (63.1)
Epoch: [10][ 500/1000]	Time  3.46 ( 1.64)	Data  3.28 ( 1.46)	Loss   0.67 (  0.67)	Cls Acc 100.0 (99.9)	Domain Acc 66.8 (63.2)
Epoch: [10][ 550/1000]	Time  0.66 ( 1.63)	Data  0.48 ( 1.45)	Loss   0.72 (  0.68)	Cls Acc 100.0 (99.9)	Domain Acc 59.8 (62.9)
Epoch: [10][ 600/1000]	Time  0.66 ( 1.63)	Data  0.48 ( 1.45)	Loss   0.62 (  0.67)	Cls Acc 100.0 (99.9)	Domain Acc 68.8 (63.3)
Epoch: [10][ 650/1000]	Time  3.56 ( 1.64)	Data  3.38 ( 1.46)	Loss   0.71 (  0.67)	Cls Acc 100.0 (99.9)	Domain Acc 60.5 (63.2)
Epoch: [10][ 700/1000]	Time  0.66 ( 1.63)	Data  0.48 ( 1.45)	Loss   0.67 (  0.67)	Cls Acc 100.0 (99.9)	Domain Acc 64.8 (63.3)
Epoch: [10][ 750/1000]	Time  0.66 ( 1.63)	Data  0.48 ( 1.45)	Loss   0.67 (  0.67)	Cls Acc 100.0 (99.9)	Domain Acc 66.0 (63.2)
Epoch: [10][ 800/1000]	Time  3.48 ( 1.63)	Data  3.30 ( 1.45)	Loss   0.60 (  0.67)	Cls Acc 100.0 (99.9)	Domain Acc 71.5 (63.4)
Epoch: [10][ 850/1000]	Time  0.65 ( 1.63)	Data  0.48 ( 1.45)	Loss   0.73 (  0.67)	Cls Acc 100.0 (99.9)	Domain Acc 53.9 (63.2)
Epoch: [10][ 900/1000]	Time  0.65 ( 1.63)	Data  0.47 ( 1.45)	Loss   0.58 (  0.67)	Cls Acc 100.0 (99.9)	Domain Acc 73.4 (63.6)
Epoch: [10][ 950/1000]	Time  3.46 ( 1.63)	Data  3.28 ( 1.45)	Loss   0.69 (  0.67)	Cls Acc 99.2 (99.9)	Domain Acc 59.4 (63.5)
Test: [ 0/23]	Time  1.136 ( 1.136)	Loss 5.5487e+00 (5.5487e+00)	Acc@1  30.47 ( 30.47)	Acc@5  55.47 ( 55.47)
 * Acc@1 10.614 Acc@5 32.517
acc1 = 10.6, best_acc1 = 11.5
Epoch: [11][   0/1000]	Time  1.30 ( 1.30)	Data  1.11 ( 1.11)	Loss   0.63 (  0.63)	Cls Acc 100.0 (100.0)	Domain Acc 70.7 (70.7)
Epoch: [11][  50/1000]	Time  0.65 ( 1.64)	Data  0.47 ( 1.46)	Loss   0.68 (  0.67)	Cls Acc 100.0 (100.0)	Domain Acc 63.3 (63.9)
Epoch: [11][ 100/1000]	Time  3.48 ( 1.65)	Data  3.30 ( 1.46)	Loss   0.65 (  0.67)	Cls Acc 100.0 (100.0)	Domain Acc 66.0 (63.5)
Epoch: [11][ 150/1000]	Time  0.65 ( 1.63)	Data  0.48 ( 1.45)	Loss   0.71 (  0.68)	Cls Acc 100.0 (99.9)	Domain Acc 57.8 (62.2)
Epoch: [11][ 200/1000]	Time  0.65 ( 1.63)	Data  0.47 ( 1.45)	Loss   0.66 (  0.67)	Cls Acc 100.0 (99.9)	Domain Acc 66.0 (63.9)
Epoch: [11][ 250/1000]	Time  3.50 ( 1.64)	Data  3.32 ( 1.46)	Loss   0.66 (  0.68)	Cls Acc 100.0 (99.9)	Domain Acc 64.5 (63.0)
Epoch: [11][ 300/1000]	Time  0.66 ( 1.63)	Data  0.48 ( 1.45)	Loss   0.73 (  0.68)	Cls Acc 99.2 (99.9)	Domain Acc 60.2 (63.3)
Epoch: [11][ 350/1000]	Time  0.65 ( 1.63)	Data  0.47 ( 1.45)	Loss   0.67 (  0.68)	Cls Acc 100.0 (99.9)	Domain Acc 62.9 (63.2)
Epoch: [11][ 400/1000]	Time  3.48 ( 1.64)	Data  3.30 ( 1.46)	Loss   0.66 (  0.68)	Cls Acc 100.0 (99.9)	Domain Acc 66.8 (62.9)
Epoch: [11][ 450/1000]	Time  0.66 ( 1.63)	Data  0.48 ( 1.45)	Loss   0.69 (  0.68)	Cls Acc 100.0 (99.9)	Domain Acc 59.4 (63.0)
Epoch: [11][ 500/1000]	Time  0.66 ( 1.63)	Data  0.48 ( 1.45)	Loss   0.67 (  0.68)	Cls Acc 100.0 (99.9)	Domain Acc 65.6 (62.8)
Epoch: [11][ 550/1000]	Time  4.62 ( 1.63)	Data  4.44 ( 1.45)	Loss   0.71 (  0.68)	Cls Acc 100.0 (99.9)	Domain Acc 55.9 (62.9)
Epoch: [11][ 600/1000]	Time  0.65 ( 1.63)	Data  0.48 ( 1.45)	Loss   0.66 (  0.68)	Cls Acc 100.0 (99.9)	Domain Acc 65.6 (63.2)
Epoch: [11][ 650/1000]	Time  0.65 ( 1.63)	Data  0.48 ( 1.45)	Loss   0.63 (  0.68)	Cls Acc 100.0 (99.9)	Domain Acc 66.4 (63.1)
Epoch: [11][ 700/1000]	Time  3.44 ( 1.63)	Data  3.26 ( 1.45)	Loss   0.69 (  0.68)	Cls Acc 100.0 (99.9)	Domain Acc 60.2 (63.3)
Epoch: [11][ 750/1000]	Time  0.66 ( 1.63)	Data  0.48 ( 1.45)	Loss   0.66 (  0.68)	Cls Acc 100.0 (99.9)	Domain Acc 65.2 (63.0)
Epoch: [11][ 800/1000]	Time  0.65 ( 1.63)	Data  0.47 ( 1.45)	Loss   0.67 (  0.68)	Cls Acc 100.0 (99.9)	Domain Acc 62.9 (63.2)
Epoch: [11][ 850/1000]	Time  3.49 ( 1.63)	Data  3.30 ( 1.45)	Loss   0.68 (  0.68)	Cls Acc 100.0 (99.9)	Domain Acc 65.6 (62.9)
Epoch: [11][ 900/1000]	Time  0.66 ( 1.63)	Data  0.48 ( 1.45)	Loss   0.63 (  0.68)	Cls Acc 99.2 (99.9)	Domain Acc 68.4 (63.4)
Epoch: [11][ 950/1000]	Time  0.65 ( 1.63)	Data  0.48 ( 1.45)	Loss   0.69 (  0.68)	Cls Acc 100.0 (99.9)	Domain Acc 60.5 (63.2)
Test: [ 0/23]	Time  1.157 ( 1.157)	Loss 5.0645e+00 (5.0645e+00)	Acc@1  33.59 ( 33.59)	Acc@5  58.59 ( 58.59)
 * Acc@1 10.259 Acc@5 33.049
acc1 = 10.3, best_acc1 = 11.5
Epoch: [12][   0/1000]	Time  3.45 ( 3.45)	Data  3.26 ( 3.26)	Loss   0.63 (  0.63)	Cls Acc 100.0 (100.0)	Domain Acc 68.0 (68.0)
Epoch: [12][  50/1000]	Time  0.65 ( 1.62)	Data  0.48 ( 1.44)	Loss   0.74 (  0.68)	Cls Acc 98.4 (100.0)	Domain Acc 55.1 (62.6)
Epoch: [12][ 100/1000]	Time  1.31 ( 1.64)	Data  1.13 ( 1.46)	Loss   0.61 (  0.68)	Cls Acc 100.0 (99.9)	Domain Acc 70.7 (63.4)
Epoch: [12][ 150/1000]	Time  3.44 ( 1.64)	Data  3.26 ( 1.46)	Loss   0.72 (  0.66)	Cls Acc 100.0 (99.9)	Domain Acc 61.7 (64.9)
Epoch: [12][ 200/1000]	Time  0.66 ( 1.63)	Data  0.48 ( 1.45)	Loss   0.69 (  0.68)	Cls Acc 100.0 (99.9)	Domain Acc 61.7 (63.2)
Epoch: [12][ 250/1000]	Time  0.66 ( 1.63)	Data  0.48 ( 1.45)	Loss   0.56 (  0.67)	Cls Acc 100.0 (99.9)	Domain Acc 77.3 (64.0)
Epoch: [12][ 300/1000]	Time  3.60 ( 1.63)	Data  3.42 ( 1.45)	Loss   0.78 (  0.67)	Cls Acc 100.0 (99.9)	Domain Acc 53.9 (63.8)
Epoch: [12][ 350/1000]	Time  0.65 ( 1.63)	Data  0.47 ( 1.45)	Loss   0.59 (  0.67)	Cls Acc 100.0 (99.9)	Domain Acc 73.8 (63.9)
Epoch: [12][ 400/1000]	Time  0.66 ( 1.63)	Data  0.48 ( 1.45)	Loss   0.70 (  0.67)	Cls Acc 100.0 (99.9)	Domain Acc 60.9 (63.7)
Epoch: [12][ 450/1000]	Time  3.44 ( 1.63)	Data  3.26 ( 1.45)	Loss   0.63 (  0.67)	Cls Acc 100.0 (99.9)	Domain Acc 68.4 (64.1)
Epoch: [12][ 500/1000]	Time  0.65 ( 1.63)	Data  0.47 ( 1.45)	Loss   0.62 (  0.67)	Cls Acc 100.0 (99.9)	Domain Acc 68.0 (64.4)
Epoch: [12][ 550/1000]	Time  0.66 ( 1.63)	Data  0.48 ( 1.45)	Loss   0.61 (  0.67)	Cls Acc 100.0 (99.9)	Domain Acc 71.1 (64.5)
Epoch: [12][ 600/1000]	Time  3.41 ( 1.63)	Data  3.23 ( 1.45)	Loss   0.65 (  0.66)	Cls Acc 100.0 (99.9)	Domain Acc 65.6 (64.7)
Epoch: [12][ 650/1000]	Time  1.31 ( 1.63)	Data  1.13 ( 1.45)	Loss   0.66 (  0.67)	Cls Acc 100.0 (99.9)	Domain Acc 63.7 (64.5)
