Namespace(arch='alexnet', batch_size=256, bottleneck_dim=256, center_crop=False, checkmodel_logsave=False, data='Office31', data_processing='ours', epochs=50, iters_per_epoch=1000, local=True, local_pretrained_path='/home/junzhin/Project/Summer_project/code/version1.0/pretrained_model_results/ALEX_office31masked2Random_newmodel_best.pth.tar', log='/home/junzhin/Project/Summer_project/code/version2.0/training_results/dann/ALEX_office31masked2Random/D_W', lr=0.01, lr_decay=0.75, lr_gamma=0.001, momentum=0.9, per_class_eval=False, phase='train', pretrained=True, print_freq=50, root='/home/junzhin/Project/Summer_project/code/version2.0/data/office31', seed=None, source='D', target='W', trade_off=1.0, weight_decay=0.001, workers=4)
=> using pre-trained model 'alexnet'
Loading the local alexnet pretrained model weights!
Epoch: [0][   0/1000]	Time  5.40 ( 5.40)	Data  3.23 ( 3.23)	Loss   4.18 (  4.18)	Cls Acc 4.7 (4.7)	Domain Acc 41.4 (41.4)
Epoch: [0][  50/1000]	Time  6.42 ( 6.91)	Data  6.36 ( 6.81)	Loss   1.39 (  2.43)	Cls Acc 75.0 (45.1)	Domain Acc 95.9 (92.0)
Epoch: [0][ 100/1000]	Time  6.44 ( 7.15)	Data  6.38 ( 7.07)	Loss   0.42 (  1.63)	Cls Acc 94.9 (66.2)	Domain Acc 99.0 (94.8)
Epoch: [0][ 150/1000]	Time  8.88 ( 7.18)	Data  8.81 ( 7.10)	Loss   0.17 (  1.18)	Cls Acc 99.2 (76.8)	Domain Acc 99.4 (96.2)
Epoch: [0][ 200/1000]	Time  6.31 ( 7.18)	Data  6.25 ( 7.10)	Loss   1.38 (  1.04)	Cls Acc 98.8 (82.5)	Domain Acc 67.6 (94.0)
Epoch: [0][ 250/1000]	Time  6.30 ( 7.16)	Data  6.23 ( 7.09)	Loss   3.19 (  1.41)	Cls Acc 96.5 (85.4)	Domain Acc 56.4 (87.2)
Epoch: [0][ 300/1000]	Time  8.70 ( 7.15)	Data  8.64 ( 7.08)	Loss   2.64 (  1.70)	Cls Acc 97.7 (87.6)	Domain Acc 35.5 (80.5)
Epoch: [0][ 350/1000]	Time  6.23 ( 7.13)	Data  6.17 ( 7.06)	Loss   0.79 (  1.64)	Cls Acc 100.0 (89.2)	Domain Acc 61.5 (76.2)
Epoch: [0][ 400/1000]	Time  6.19 ( 7.12)	Data  6.13 ( 7.05)	Loss   0.86 (  1.55)	Cls Acc 100.0 (90.5)	Domain Acc 54.1 (74.1)
Epoch: [0][ 450/1000]	Time  8.58 ( 7.11)	Data  8.52 ( 7.04)	Loss   0.66 (  1.49)	Cls Acc 100.0 (91.6)	Domain Acc 69.1 (71.7)
Epoch: [0][ 500/1000]	Time  6.23 ( 7.09)	Data  6.17 ( 7.03)	Loss   1.13 (  1.43)	Cls Acc 99.2 (92.4)	Domain Acc 46.1 (70.1)
Epoch: [0][ 550/1000]	Time  6.23 ( 7.09)	Data  6.16 ( 7.02)	Loss   0.78 (  1.37)	Cls Acc 100.0 (93.1)	Domain Acc 58.8 (69.2)
Epoch: [0][ 600/1000]	Time  8.59 ( 7.09)	Data  8.53 ( 7.02)	Loss   0.71 (  1.32)	Cls Acc 100.0 (93.7)	Domain Acc 60.4 (68.3)
Epoch: [0][ 650/1000]	Time  6.24 ( 7.08)	Data  6.17 ( 7.02)	Loss   0.78 (  1.28)	Cls Acc 100.0 (94.1)	Domain Acc 55.7 (67.4)
Epoch: [0][ 700/1000]	Time  6.31 ( 7.08)	Data  6.24 ( 7.02)	Loss   0.88 (  1.25)	Cls Acc 99.6 (94.5)	Domain Acc 50.6 (66.7)
Epoch: [0][ 750/1000]	Time  8.74 ( 7.08)	Data  8.68 ( 7.02)	Loss   0.66 (  1.22)	Cls Acc 100.0 (94.9)	Domain Acc 64.6 (66.0)
Epoch: [0][ 800/1000]	Time  6.26 ( 7.08)	Data  6.19 ( 7.01)	Loss   0.76 (  1.19)	Cls Acc 100.0 (95.2)	Domain Acc 58.2 (65.3)
Epoch: [0][ 850/1000]	Time  6.22 ( 7.08)	Data  6.16 ( 7.01)	Loss   0.87 (  1.17)	Cls Acc 98.8 (95.5)	Domain Acc 56.2 (64.5)
Epoch: [0][ 900/1000]	Time  8.62 ( 7.08)	Data  8.55 ( 7.01)	Loss   1.02 (  1.15)	Cls Acc 99.6 (95.7)	Domain Acc 52.9 (63.9)
Epoch: [0][ 950/1000]	Time  6.22 ( 7.07)	Data  6.15 ( 7.01)	Loss   1.01 (  1.14)	Cls Acc 100.0 (95.9)	Domain Acc 55.1 (63.3)
Test: [0/4]	Time  2.776 ( 2.776)	Loss 2.5740e+00 (2.5740e+00)	Acc@1  42.58 ( 42.58)	Acc@5  80.08 ( 80.08)
 * Acc@1 38.365 Acc@5 80.252
acc1 = 38.4, best_acc1 = 38.4
Epoch: [1][   0/1000]	Time  6.16 ( 6.16)	Data  6.10 ( 6.10)	Loss   0.86 (  0.86)	Cls Acc 100.0 (100.0)	Domain Acc 53.3 (53.3)
Epoch: [1][  50/1000]	Time  8.51 ( 6.93)	Data  8.45 ( 6.87)	Loss   0.70 (  0.75)	Cls Acc 100.0 (99.9)	Domain Acc 63.7 (57.2)
Epoch: [1][ 100/1000]	Time  6.14 ( 6.91)	Data  6.07 ( 6.85)	Loss   0.83 (  0.77)	Cls Acc 99.6 (99.9)	Domain Acc 47.3 (56.8)
Epoch: [1][ 150/1000]	Time  6.21 ( 6.93)	Data  6.14 ( 6.86)	Loss   0.72 (  0.79)	Cls Acc 100.0 (99.8)	Domain Acc 60.9 (54.7)
Epoch: [1][ 200/1000]	Time  8.50 ( 6.93)	Data  8.43 ( 6.87)	Loss   1.01 (  0.81)	Cls Acc 99.2 (99.8)	Domain Acc 48.8 (54.0)
Epoch: [1][ 250/1000]	Time  6.16 ( 6.93)	Data  6.10 ( 6.86)	Loss   0.97 (  0.82)	Cls Acc 99.6 (99.8)	Domain Acc 45.5 (54.1)
Epoch: [1][ 300/1000]	Time  6.21 ( 6.93)	Data  6.14 ( 6.86)	Loss   1.09 (  0.83)	Cls Acc 99.2 (99.8)	Domain Acc 37.5 (53.9)
Epoch: [1][ 350/1000]	Time  8.94 ( 6.96)	Data  8.87 ( 6.89)	Loss   1.00 (  0.83)	Cls Acc 99.2 (99.8)	Domain Acc 54.1 (54.5)
Epoch: [1][ 400/1000]	Time  6.60 ( 7.02)	Data  6.54 ( 6.96)	Loss   0.85 (  0.84)	Cls Acc 99.6 (99.7)	Domain Acc 59.8 (54.4)
Epoch: [1][ 450/1000]	Time  6.74 ( 7.08)	Data  6.68 ( 7.02)	Loss   0.74 (  0.86)	Cls Acc 100.0 (99.7)	Domain Acc 62.9 (53.8)
Epoch: [1][ 500/1000]	Time  8.81 ( 7.11)	Data  8.75 ( 7.05)	Loss   0.80 (  0.86)	Cls Acc 100.0 (99.7)	Domain Acc 57.8 (53.5)
Epoch: [1][ 550/1000]	Time  6.36 ( 7.11)	Data  6.30 ( 7.05)	Loss   0.75 (  0.87)	Cls Acc 100.0 (99.7)	Domain Acc 64.5 (53.3)
Epoch: [1][ 600/1000]	Time  6.33 ( 7.12)	Data  6.27 ( 7.05)	Loss   0.81 (  0.87)	Cls Acc 100.0 (99.7)	Domain Acc 55.5 (53.6)
Epoch: [1][ 650/1000]	Time  8.79 ( 7.12)	Data  8.73 ( 7.06)	Loss   0.75 (  0.86)	Cls Acc 99.6 (99.7)	Domain Acc 56.2 (53.9)
Epoch: [1][ 700/1000]	Time  6.32 ( 7.12)	Data  6.26 ( 7.06)	Loss   0.71 (  0.85)	Cls Acc 100.0 (99.7)	Domain Acc 61.9 (54.0)
Epoch: [1][ 750/1000]	Time  6.35 ( 7.13)	Data  6.28 ( 7.07)	Loss   0.97 (  0.85)	Cls Acc 99.2 (99.7)	Domain Acc 43.6 (53.9)
Epoch: [1][ 800/1000]	Time  9.31 ( 7.13)	Data  9.24 ( 7.07)	Loss   1.03 (  0.85)	Cls Acc 97.7 (99.7)	Domain Acc 58.2 (53.6)
Epoch: [1][ 850/1000]	Time  6.80 ( 7.16)	Data  6.74 ( 7.10)	Loss   0.72 (  0.85)	Cls Acc 100.0 (99.7)	Domain Acc 60.7 (53.7)
Epoch: [1][ 900/1000]	Time  6.73 ( 7.19)	Data  6.67 ( 7.13)	Loss   0.90 (  0.85)	Cls Acc 99.6 (99.7)	Domain Acc 44.1 (53.9)
Epoch: [1][ 950/1000]	Time  9.21 ( 7.21)	Data  9.14 ( 7.15)	Loss   0.79 (  0.84)	Cls Acc 100.0 (99.7)	Domain Acc 45.7 (54.0)
Test: [0/4]	Time  2.536 ( 2.536)	Loss 1.5383e+00 (1.5383e+00)	Acc@1  61.72 ( 61.72)	Acc@5  83.98 ( 83.98)
 * Acc@1 60.126 Acc@5 86.038
acc1 = 60.1, best_acc1 = 60.1
Epoch: [2][   0/1000]	Time  6.62 ( 6.62)	Data  6.55 ( 6.55)	Loss   0.75 (  0.75)	Cls Acc 100.0 (100.0)	Domain Acc 56.2 (56.2)
Epoch: [2][  50/1000]	Time  6.80 ( 7.64)	Data  6.74 ( 7.58)	Loss   0.91 (  0.84)	Cls Acc 99.2 (99.7)	Domain Acc 39.6 (49.6)
Epoch: [2][ 100/1000]	Time  9.54 ( 7.67)	Data  9.47 ( 7.61)	Loss   0.88 (  0.84)	Cls Acc 99.2 (99.7)	Domain Acc 44.9 (50.3)
Epoch: [2][ 150/1000]	Time  6.90 ( 7.68)	Data  6.84 ( 7.61)	Loss   0.69 (  0.85)	Cls Acc 100.0 (99.7)	Domain Acc 64.1 (51.6)
Epoch: [2][ 200/1000]	Time  6.73 ( 7.65)	Data  6.67 ( 7.58)	Loss   0.60 (  0.85)	Cls Acc 100.0 (99.7)	Domain Acc 71.1 (51.9)
Epoch: [2][ 250/1000]	Time  9.23 ( 7.64)	Data  9.16 ( 7.58)	Loss   0.89 (  0.87)	Cls Acc 100.0 (99.7)	Domain Acc 53.1 (52.2)
Epoch: [2][ 300/1000]	Time  6.78 ( 7.62)	Data  6.72 ( 7.56)	Loss   0.66 (  0.86)	Cls Acc 100.0 (99.7)	Domain Acc 62.7 (52.7)
Epoch: [2][ 350/1000]	Time  6.73 ( 7.62)	Data  6.67 ( 7.55)	Loss   0.79 (  0.84)	Cls Acc 100.0 (99.8)	Domain Acc 49.6 (53.4)
Epoch: [2][ 400/1000]	Time  9.16 ( 7.61)	Data  9.09 ( 7.54)	Loss   0.70 (  0.82)	Cls Acc 100.0 (99.8)	Domain Acc 62.9 (54.0)
Epoch: [2][ 450/1000]	Time  6.71 ( 7.60)	Data  6.65 ( 7.53)	Loss   0.77 (  0.82)	Cls Acc 99.6 (99.8)	Domain Acc 47.1 (54.1)
Epoch: [2][ 500/1000]	Time  6.69 ( 7.59)	Data  6.63 ( 7.52)	Loss   0.75 (  0.81)	Cls Acc 100.0 (99.8)	Domain Acc 52.9 (54.3)
Epoch: [2][ 550/1000]	Time  8.86 ( 7.57)	Data  8.80 ( 7.51)	Loss   0.82 (  0.80)	Cls Acc 100.0 (99.8)	Domain Acc 53.7 (54.3)
Epoch: [2][ 600/1000]	Time  6.35 ( 7.54)	Data  6.29 ( 7.47)	Loss   0.70 (  0.80)	Cls Acc 99.6 (99.8)	Domain Acc 61.7 (54.3)
Epoch: [2][ 650/1000]	Time  6.38 ( 7.51)	Data  6.31 ( 7.45)	Loss   0.69 (  0.80)	Cls Acc 100.0 (99.8)	Domain Acc 59.8 (54.0)
Epoch: [2][ 700/1000]	Time  8.78 ( 7.49)	Data  8.71 ( 7.42)	Loss   0.92 (  0.79)	Cls Acc 99.2 (99.8)	Domain Acc 35.7 (54.2)
Epoch: [2][ 750/1000]	Time  6.37 ( 7.47)	Data  6.31 ( 7.40)	Loss   0.78 (  0.79)	Cls Acc 99.6 (99.8)	Domain Acc 56.1 (54.1)
Epoch: [2][ 800/1000]	Time  6.34 ( 7.44)	Data  6.28 ( 7.38)	Loss   0.75 (  0.79)	Cls Acc 99.6 (99.8)	Domain Acc 50.0 (54.1)
Epoch: [2][ 850/1000]	Time  8.66 ( 7.42)	Data  8.59 ( 7.36)	Loss   0.70 (  0.79)	Cls Acc 100.0 (99.8)	Domain Acc 57.6 (54.1)
Epoch: [2][ 900/1000]	Time  6.30 ( 7.40)	Data  6.24 ( 7.34)	Loss   0.74 (  0.78)	Cls Acc 100.0 (99.8)	Domain Acc 52.5 (54.0)
Epoch: [2][ 950/1000]	Time  6.30 ( 7.39)	Data  6.24 ( 7.33)	Loss   0.72 (  0.78)	Cls Acc 99.6 (99.8)	Domain Acc 54.1 (54.3)
Test: [0/4]	Time  2.436 ( 2.436)	Loss 1.2469e+00 (1.2469e+00)	Acc@1  63.67 ( 63.67)	Acc@5  92.58 ( 92.58)
 * Acc@1 71.321 Acc@5 92.201
acc1 = 71.3, best_acc1 = 71.3
Epoch: [3][   0/1000]	Time  8.71 ( 8.71)	Data  8.65 ( 8.65)	Loss   0.72 (  0.72)	Cls Acc 100.0 (100.0)	Domain Acc 54.3 (54.3)
Epoch: [3][  50/1000]	Time  6.24 ( 7.09)	Data  6.18 ( 7.03)	Loss   0.80 (  0.74)	Cls Acc 100.0 (99.9)	Domain Acc 44.7 (52.1)
Epoch: [3][ 100/1000]	Time  6.83 ( 7.26)	Data  6.76 ( 7.20)	Loss   0.87 (  0.76)	Cls Acc 99.2 (99.9)	Domain Acc 47.3 (52.5)
Epoch: [3][ 150/1000]	Time  9.33 ( 7.36)	Data  9.27 ( 7.30)	Loss   0.68 (  0.77)	Cls Acc 100.0 (99.9)	Domain Acc 62.7 (51.8)
Epoch: [3][ 200/1000]	Time  6.66 ( 7.40)	Data  6.60 ( 7.34)	Loss   0.74 (  0.77)	Cls Acc 100.0 (99.9)	Domain Acc 53.3 (52.2)
Epoch: [3][ 250/1000]	Time  6.76 ( 7.43)	Data  6.70 ( 7.37)	Loss   0.71 (  0.76)	Cls Acc 100.0 (99.9)	Domain Acc 57.8 (53.2)
Epoch: [3][ 300/1000]	Time  9.24 ( 7.45)	Data  9.17 ( 7.38)	Loss   0.71 (  0.76)	Cls Acc 100.0 (99.9)	Domain Acc 58.0 (53.0)
Epoch: [3][ 350/1000]	Time  6.79 ( 7.47)	Data  6.72 ( 7.41)	Loss   0.79 (  0.75)	Cls Acc 100.0 (99.9)	Domain Acc 43.8 (53.4)
Epoch: [3][ 400/1000]	Time  6.70 ( 7.49)	Data  6.64 ( 7.43)	Loss   0.69 (  0.75)	Cls Acc 100.0 (99.9)	Domain Acc 60.7 (53.5)
Epoch: [3][ 450/1000]	Time  9.35 ( 7.51)	Data  9.29 ( 7.44)	Loss   0.70 (  0.75)	Cls Acc 100.0 (99.9)	Domain Acc 56.4 (53.4)
Epoch: [3][ 500/1000]	Time  6.79 ( 7.52)	Data  6.73 ( 7.45)	Loss   0.73 (  0.75)	Cls Acc 100.0 (99.9)	Domain Acc 52.0 (53.3)
Epoch: [3][ 550/1000]	Time  6.78 ( 7.53)	Data  6.71 ( 7.46)	Loss   0.74 (  0.74)	Cls Acc 100.0 (99.9)	Domain Acc 48.6 (53.6)
Epoch: [3][ 600/1000]	Time  9.36 ( 7.54)	Data  9.29 ( 7.47)	Loss   0.70 (  0.74)	Cls Acc 100.0 (99.9)	Domain Acc 58.2 (53.9)
Epoch: [3][ 650/1000]	Time  6.75 ( 7.54)	Data  6.69 ( 7.48)	Loss   0.73 (  0.74)	Cls Acc 99.6 (99.9)	Domain Acc 55.7 (53.8)
Epoch: [3][ 700/1000]	Time  6.76 ( 7.55)	Data  6.69 ( 7.48)	Loss   0.72 (  0.74)	Cls Acc 100.0 (99.9)	Domain Acc 49.8 (53.9)
Epoch: [3][ 750/1000]	Time  9.38 ( 7.55)	Data  9.32 ( 7.49)	Loss   0.75 (  0.74)	Cls Acc 100.0 (99.9)	Domain Acc 47.7 (54.0)
Epoch: [3][ 800/1000]	Time  6.76 ( 7.55)	Data  6.70 ( 7.49)	Loss   0.68 (  0.74)	Cls Acc 100.0 (99.9)	Domain Acc 62.9 (53.9)
Epoch: [3][ 850/1000]	Time  6.79 ( 7.55)	Data  6.72 ( 7.49)	Loss   0.73 (  0.74)	Cls Acc 100.0 (99.9)	Domain Acc 51.8 (54.1)
Epoch: [3][ 900/1000]	Time  9.17 ( 7.55)	Data  9.11 ( 7.49)	Loss   0.67 (  0.74)	Cls Acc 100.0 (99.9)	Domain Acc 60.9 (54.2)
Epoch: [3][ 950/1000]	Time  6.46 ( 7.54)	Data  6.40 ( 7.48)	Loss   0.74 (  0.73)	Cls Acc 100.0 (99.9)	Domain Acc 50.8 (54.2)
Test: [0/4]	Time  2.454 ( 2.454)	Loss 2.2796e+00 (2.2796e+00)	Acc@1  48.44 ( 48.44)	Acc@5  86.33 ( 86.33)
 * Acc@1 64.151 Acc@5 88.553
acc1 = 64.2, best_acc1 = 71.3
Epoch: [4][   0/1000]	Time  6.46 ( 6.46)	Data  6.39 ( 6.39)	Loss   0.78 (  0.78)	Cls Acc 100.0 (100.0)	Domain Acc 48.4 (48.4)
Epoch: [4][  50/1000]	Time  8.73 ( 7.28)	Data  8.67 ( 7.21)	Loss   0.68 (  0.76)	Cls Acc 100.0 (99.9)	Domain Acc 60.5 (51.1)
Epoch: [4][ 100/1000]	Time  6.48 ( 7.28)	Data  6.42 ( 7.22)	Loss   0.70 (  0.75)	Cls Acc 100.0 (99.9)	Domain Acc 56.6 (53.5)
Epoch: [4][ 150/1000]	Time  6.19 ( 7.23)	Data  6.13 ( 7.16)	Loss   0.69 (  0.74)	Cls Acc 100.0 (99.9)	Domain Acc 63.5 (54.0)
Epoch: [4][ 200/1000]	Time  8.54 ( 7.17)	Data  8.48 ( 7.10)	Loss   0.73 (  0.73)	Cls Acc 100.0 (99.9)	Domain Acc 51.0 (54.7)
Epoch: [4][ 250/1000]	Time  6.16 ( 7.12)	Data  6.10 ( 7.06)	Loss   0.76 (  0.73)	Cls Acc 99.6 (99.9)	Domain Acc 51.8 (54.5)
Epoch: [4][ 300/1000]	Time  6.18 ( 7.10)	Data  6.12 ( 7.04)	Loss   0.72 (  0.73)	Cls Acc 100.0 (100.0)	Domain Acc 52.1 (54.3)
Epoch: [4][ 350/1000]	Time  8.69 ( 7.09)	Data  8.63 ( 7.02)	Loss   0.74 (  0.73)	Cls Acc 100.0 (100.0)	Domain Acc 51.4 (54.2)
Epoch: [4][ 400/1000]	Time  6.22 ( 7.07)	Data  6.16 ( 7.01)	Loss   0.69 (  0.72)	Cls Acc 100.0 (100.0)	Domain Acc 57.8 (54.5)
Epoch: [4][ 450/1000]	Time  6.16 ( 7.06)	Data  6.10 ( 7.00)	Loss   0.68 (  0.72)	Cls Acc 100.0 (100.0)	Domain Acc 61.3 (54.5)
Epoch: [4][ 500/1000]	Time  8.61 ( 7.05)	Data  8.54 ( 6.99)	Loss   0.68 (  0.72)	Cls Acc 100.0 (100.0)	Domain Acc 57.2 (54.8)
Epoch: [4][ 550/1000]	Time  6.19 ( 7.05)	Data  6.13 ( 6.98)	Loss   0.71 (  0.72)	Cls Acc 100.0 (100.0)	Domain Acc 54.9 (54.3)
Epoch: [4][ 600/1000]	Time  6.17 ( 7.04)	Data  6.10 ( 6.98)	Loss   0.68 (  0.72)	Cls Acc 100.0 (100.0)	Domain Acc 58.6 (54.5)
Epoch: [4][ 650/1000]	Time  8.55 ( 7.04)	Data  8.49 ( 6.98)	Loss   0.70 (  0.72)	Cls Acc 100.0 (100.0)	Domain Acc 54.1 (54.5)
Epoch: [4][ 700/1000]	Time  6.20 ( 7.03)	Data  6.13 ( 6.97)	Loss   0.72 (  0.72)	Cls Acc 100.0 (100.0)	Domain Acc 53.9 (54.8)
Epoch: [4][ 750/1000]	Time  6.20 ( 7.03)	Data  6.14 ( 6.96)	Loss   0.75 (  0.72)	Cls Acc 99.6 (100.0)	Domain Acc 45.7 (54.6)
Epoch: [4][ 800/1000]	Time  8.42 ( 7.02)	Data  8.36 ( 6.96)	Loss   0.72 (  0.72)	Cls Acc 100.0 (100.0)	Domain Acc 53.3 (54.7)
Epoch: [4][ 850/1000]	Time  6.15 ( 7.02)	Data  6.09 ( 6.95)	Loss   0.75 (  0.72)	Cls Acc 100.0 (100.0)	Domain Acc 50.8 (54.5)
Epoch: [4][ 900/1000]	Time  6.14 ( 7.01)	Data  6.08 ( 6.95)	Loss   0.71 (  0.72)	Cls Acc 100.0 (100.0)	Domain Acc 54.3 (54.7)
Epoch: [4][ 950/1000]	Time  8.50 ( 7.01)	Data  8.43 ( 6.95)	Loss   0.70 (  0.72)	Cls Acc 100.0 (100.0)	Domain Acc 55.7 (54.4)
Test: [0/4]	Time  2.359 ( 2.359)	Loss 1.3068e+00 (1.3068e+00)	Acc@1  59.38 ( 59.38)	Acc@5  92.58 ( 92.58)
 * Acc@1 68.931 Acc@5 92.201
acc1 = 68.9, best_acc1 = 71.3
Epoch: [5][   0/1000]	Time  6.16 ( 6.16)	Data  6.10 ( 6.10)	Loss   0.74 (  0.74)	Cls Acc 100.0 (100.0)	Domain Acc 48.2 (48.2)
Epoch: [5][  50/1000]	Time  6.17 ( 6.92)	Data  6.11 ( 6.86)	Loss   0.73 (  0.73)	Cls Acc 100.0 (100.0)	Domain Acc 51.6 (51.9)
Epoch: [5][ 100/1000]	Time  8.56 ( 6.94)	Data  8.50 ( 6.88)	Loss   0.73 (  0.72)	Cls Acc 100.0 (100.0)	Domain Acc 53.5 (54.1)
Epoch: [5][ 150/1000]	Time  6.16 ( 6.95)	Data  6.10 ( 6.88)	Loss   0.71 (  0.73)	Cls Acc 100.0 (100.0)	Domain Acc 56.2 (53.1)
Epoch: [5][ 200/1000]	Time  6.16 ( 6.96)	Data  6.09 ( 6.90)	Loss   0.71 (  0.72)	Cls Acc 100.0 (100.0)	Domain Acc 56.1 (53.6)
Epoch: [5][ 250/1000]	Time  8.51 ( 6.97)	Data  8.45 ( 6.91)	Loss   0.70 (  0.72)	Cls Acc 100.0 (100.0)	Domain Acc 56.1 (53.6)
Epoch: [5][ 300/1000]	Time  6.16 ( 6.96)	Data  6.09 ( 6.90)	Loss   0.72 (  0.72)	Cls Acc 100.0 (100.0)	Domain Acc 54.1 (54.3)
Epoch: [5][ 350/1000]	Time  6.19 ( 6.97)	Data  6.13 ( 6.90)	Loss   0.69 (  0.72)	Cls Acc 100.0 (100.0)	Domain Acc 60.9 (54.4)
Epoch: [5][ 400/1000]	Time  8.54 ( 6.97)	Data  8.47 ( 6.90)	Loss   0.70 (  0.71)	Cls Acc 100.0 (100.0)	Domain Acc 58.6 (54.7)
Epoch: [5][ 450/1000]	Time  6.17 ( 6.96)	Data  6.10 ( 6.90)	Loss   0.68 (  0.71)	Cls Acc 100.0 (100.0)	Domain Acc 63.9 (54.7)
Epoch: [5][ 500/1000]	Time  6.14 ( 6.96)	Data  6.08 ( 6.90)	Loss   0.71 (  0.71)	Cls Acc 100.0 (100.0)	Domain Acc 53.5 (55.0)
Epoch: [5][ 550/1000]	Time  8.55 ( 6.96)	Data  8.49 ( 6.90)	Loss   0.70 (  0.71)	Cls Acc 100.0 (100.0)	Domain Acc 58.0 (54.9)
Epoch: [5][ 600/1000]	Time  6.14 ( 6.96)	Data  6.08 ( 6.90)	Loss   0.69 (  0.71)	Cls Acc 100.0 (100.0)	Domain Acc 59.2 (54.9)
Epoch: [5][ 650/1000]	Time  6.13 ( 6.96)	Data  6.07 ( 6.90)	Loss   0.69 (  0.71)	Cls Acc 100.0 (100.0)	Domain Acc 59.6 (54.9)
Epoch: [5][ 700/1000]	Time  8.53 ( 6.96)	Data  8.47 ( 6.90)	Loss   0.71 (  0.71)	Cls Acc 100.0 (100.0)	Domain Acc 55.7 (55.2)
Epoch: [5][ 750/1000]	Time  6.14 ( 6.96)	Data  6.08 ( 6.89)	Loss   0.74 (  0.71)	Cls Acc 100.0 (100.0)	Domain Acc 48.0 (54.8)
Epoch: [5][ 800/1000]	Time  6.15 ( 6.96)	Data  6.08 ( 6.89)	Loss   0.68 (  0.71)	Cls Acc 100.0 (100.0)	Domain Acc 62.7 (55.0)
Epoch: [5][ 850/1000]	Time  8.58 ( 6.96)	Data  8.52 ( 6.90)	Loss   0.74 (  0.71)	Cls Acc 100.0 (100.0)	Domain Acc 47.1 (55.0)
Epoch: [5][ 900/1000]	Time  6.15 ( 6.96)	Data  6.08 ( 6.90)	Loss   0.70 (  0.71)	Cls Acc 100.0 (100.0)	Domain Acc 58.6 (54.9)
Epoch: [5][ 950/1000]	Time  6.16 ( 6.96)	Data  6.09 ( 6.90)	Loss   0.70 (  0.71)	Cls Acc 100.0 (100.0)	Domain Acc 55.7 (55.2)
Test: [0/4]	Time  2.471 ( 2.471)	Loss 1.4358e+00 (1.4358e+00)	Acc@1  62.50 ( 62.50)	Acc@5  93.36 ( 93.36)
 * Acc@1 73.208 Acc@5 93.711
acc1 = 73.2, best_acc1 = 73.2
Epoch: [6][   0/1000]	Time  8.59 ( 8.59)	Data  8.52 ( 8.52)	Loss   0.70 (  0.70)	Cls Acc 100.0 (100.0)	Domain Acc 56.4 (56.4)
Epoch: [6][  50/1000]	Time  6.18 ( 6.99)	Data  6.12 ( 6.93)	Loss   0.69 (  0.72)	Cls Acc 100.0 (100.0)	Domain Acc 59.0 (53.8)
Epoch: [6][ 100/1000]	Time  6.17 ( 6.99)	Data  6.11 ( 6.93)	Loss   0.71 (  0.71)	Cls Acc 100.0 (100.0)	Domain Acc 55.3 (54.4)
Epoch: [6][ 150/1000]	Time  8.69 ( 6.99)	Data  8.62 ( 6.92)	Loss   0.73 (  0.71)	Cls Acc 100.0 (100.0)	Domain Acc 49.6 (55.7)
Epoch: [6][ 200/1000]	Time  6.15 ( 6.98)	Data  6.08 ( 6.91)	Loss   0.67 (  0.70)	Cls Acc 100.0 (100.0)	Domain Acc 58.2 (55.8)
Epoch: [6][ 250/1000]	Time  6.13 ( 6.97)	Data  6.07 ( 6.91)	Loss   0.69 (  0.70)	Cls Acc 100.0 (100.0)	Domain Acc 58.0 (55.4)
Epoch: [6][ 300/1000]	Time  8.46 ( 6.97)	Data  8.40 ( 6.91)	Loss   0.73 (  0.71)	Cls Acc 100.0 (100.0)	Domain Acc 52.1 (54.9)
Epoch: [6][ 350/1000]	Time  6.14 ( 6.97)	Data  6.07 ( 6.90)	Loss   0.70 (  0.70)	Cls Acc 100.0 (100.0)	Domain Acc 57.2 (55.4)
Epoch: [6][ 400/1000]	Time  6.11 ( 6.97)	Data  6.05 ( 6.90)	Loss   0.69 (  0.70)	Cls Acc 100.0 (100.0)	Domain Acc 57.2 (55.0)
Epoch: [6][ 450/1000]	Time  8.47 ( 6.97)	Data  8.40 ( 6.90)	Loss   0.70 (  0.70)	Cls Acc 100.0 (100.0)	Domain Acc 58.6 (55.5)
Epoch: [6][ 500/1000]	Time  6.18 ( 6.96)	Data  6.11 ( 6.90)	Loss   0.71 (  0.70)	Cls Acc 100.0 (100.0)	Domain Acc 54.9 (55.6)
Epoch: [6][ 550/1000]	Time  6.13 ( 6.96)	Data  6.07 ( 6.90)	Loss   0.70 (  0.70)	Cls Acc 100.0 (100.0)	Domain Acc 56.6 (55.5)
Epoch: [6][ 600/1000]	Time  8.66 ( 6.97)	Data  8.60 ( 6.90)	Loss   0.71 (  0.70)	Cls Acc 100.0 (100.0)	Domain Acc 52.5 (55.5)
Epoch: [6][ 650/1000]	Time  6.20 ( 6.97)	Data  6.14 ( 6.90)	Loss   0.69 (  0.70)	Cls Acc 100.0 (100.0)	Domain Acc 58.8 (55.5)
Epoch: [6][ 700/1000]	Time  6.13 ( 6.97)	Data  6.06 ( 6.90)	Loss   0.70 (  0.70)	Cls Acc 100.0 (100.0)	Domain Acc 56.8 (55.8)
Epoch: [6][ 750/1000]	Time  8.66 ( 6.97)	Data  8.59 ( 6.91)	Loss   0.69 (  0.70)	Cls Acc 100.0 (100.0)	Domain Acc 57.6 (55.7)
Epoch: [6][ 800/1000]	Time  6.14 ( 6.97)	Data  6.08 ( 6.91)	Loss   0.70 (  0.70)	Cls Acc 100.0 (100.0)	Domain Acc 54.5 (55.9)
Epoch: [6][ 850/1000]	Time  6.19 ( 6.97)	Data  6.13 ( 6.91)	Loss   0.72 (  0.70)	Cls Acc 100.0 (100.0)	Domain Acc 53.5 (55.7)
Epoch: [6][ 900/1000]	Time  8.55 ( 6.98)	Data  8.49 ( 6.91)	Loss   0.70 (  0.70)	Cls Acc 100.0 (100.0)	Domain Acc 56.8 (55.6)
Epoch: [6][ 950/1000]	Time  6.19 ( 6.97)	Data  6.13 ( 6.91)	Loss   0.73 (  0.70)	Cls Acc 100.0 (100.0)	Domain Acc 50.0 (55.7)
Test: [0/4]	Time  2.480 ( 2.480)	Loss 1.9263e+00 (1.9263e+00)	Acc@1  57.42 ( 57.42)	Acc@5  88.28 ( 88.28)
 * Acc@1 71.321 Acc@5 92.704
acc1 = 71.3, best_acc1 = 73.2
Epoch: [7][   0/1000]	Time  6.23 ( 6.23)	Data  6.17 ( 6.17)	Loss   0.70 (  0.70)	Cls Acc 100.0 (100.0)	Domain Acc 59.6 (59.6)
Epoch: [7][  50/1000]	Time  8.70 ( 7.05)	Data  8.64 ( 6.99)	Loss   0.69 (  0.69)	Cls Acc 100.0 (100.0)	Domain Acc 55.5 (57.5)
Epoch: [7][ 100/1000]	Time  6.15 ( 7.03)	Data  6.09 ( 6.97)	Loss   0.71 (  0.69)	Cls Acc 100.0 (100.0)	Domain Acc 53.9 (57.8)
Epoch: [7][ 150/1000]	Time  6.16 ( 7.03)	Data  6.10 ( 6.96)	Loss   0.70 (  0.70)	Cls Acc 100.0 (100.0)	Domain Acc 56.8 (56.1)
Epoch: [7][ 200/1000]	Time  8.80 ( 7.02)	Data  8.73 ( 6.95)	Loss   0.70 (  0.69)	Cls Acc 100.0 (100.0)	Domain Acc 57.0 (57.7)
Epoch: [7][ 250/1000]	Time  6.16 ( 7.00)	Data  6.10 ( 6.94)	Loss   0.71 (  0.70)	Cls Acc 100.0 (100.0)	Domain Acc 51.0 (57.0)
Epoch: [7][ 300/1000]	Time  6.13 ( 6.99)	Data  6.07 ( 6.93)	Loss   0.69 (  0.70)	Cls Acc 100.0 (100.0)	Domain Acc 58.4 (56.7)
Epoch: [7][ 350/1000]	Time  8.49 ( 6.99)	Data  8.42 ( 6.92)	Loss   0.67 (  0.69)	Cls Acc 100.0 (100.0)	Domain Acc 65.2 (57.1)
Epoch: [7][ 400/1000]	Time  6.12 ( 6.98)	Data  6.06 ( 6.91)	Loss   0.72 (  0.70)	Cls Acc 100.0 (100.0)	Domain Acc 47.5 (56.7)
Epoch: [7][ 450/1000]	Time  6.14 ( 6.98)	Data  6.08 ( 6.91)	Loss   0.70 (  0.69)	Cls Acc 100.0 (100.0)	Domain Acc 57.4 (57.1)
Epoch: [7][ 500/1000]	Time  8.54 ( 6.98)	Data  8.48 ( 6.91)	Loss   0.71 (  0.70)	Cls Acc 100.0 (100.0)	Domain Acc 53.9 (56.6)
Epoch: [7][ 550/1000]	Time  6.14 ( 6.97)	Data  6.08 ( 6.91)	Loss   0.68 (  0.70)	Cls Acc 100.0 (100.0)	Domain Acc 60.0 (56.8)
Epoch: [7][ 600/1000]	Time  6.12 ( 6.97)	Data  6.06 ( 6.91)	Loss   0.70 (  0.70)	Cls Acc 100.0 (100.0)	Domain Acc 55.1 (56.8)
Epoch: [7][ 650/1000]	Time  8.55 ( 6.97)	Data  8.48 ( 6.91)	Loss   0.70 (  0.70)	Cls Acc 100.0 (100.0)	Domain Acc 54.3 (56.7)
Epoch: [7][ 700/1000]	Time  6.13 ( 6.97)	Data  6.06 ( 6.90)	Loss   0.70 (  0.70)	Cls Acc 100.0 (100.0)	Domain Acc 52.5 (56.6)
Epoch: [7][ 750/1000]	Time  6.14 ( 6.97)	Data  6.08 ( 6.90)	Loss   0.71 (  0.70)	Cls Acc 100.0 (100.0)	Domain Acc 52.1 (56.6)
Epoch: [7][ 800/1000]	Time  8.49 ( 6.97)	Data  8.43 ( 6.90)	Loss   0.69 (  0.70)	Cls Acc 100.0 (100.0)	Domain Acc 58.0 (56.5)
Epoch: [7][ 850/1000]	Time  6.15 ( 6.96)	Data  6.08 ( 6.90)	Loss   0.68 (  0.70)	Cls Acc 100.0 (100.0)	Domain Acc 59.0 (56.5)
Epoch: [7][ 900/1000]	Time  6.12 ( 6.96)	Data  6.05 ( 6.90)	Loss   0.70 (  0.70)	Cls Acc 100.0 (100.0)	Domain Acc 54.7 (56.5)
Epoch: [7][ 950/1000]	Time  8.52 ( 6.96)	Data  8.45 ( 6.90)	Loss   0.70 (  0.70)	Cls Acc 100.0 (100.0)	Domain Acc 53.3 (56.5)
Test: [0/4]	Time  2.371 ( 2.371)	Loss 1.6975e+00 (1.6975e+00)	Acc@1  65.62 ( 65.62)	Acc@5  92.19 ( 92.19)
 * Acc@1 74.843 Acc@5 93.333
acc1 = 74.8, best_acc1 = 74.8
Epoch: [8][   0/1000]	Time  6.14 ( 6.14)	Data  6.07 ( 6.07)	Loss   0.69 (  0.69)	Cls Acc 100.0 (100.0)	Domain Acc 56.8 (56.8)
Epoch: [8][  50/1000]	Time  6.08 ( 6.92)	Data  6.02 ( 6.86)	Loss   0.69 (  0.70)	Cls Acc 100.0 (100.0)	Domain Acc 55.1 (54.7)
Epoch: [8][ 100/1000]	Time  8.55 ( 6.93)	Data  8.49 ( 6.87)	Loss   0.70 (  0.70)	Cls Acc 100.0 (100.0)	Domain Acc 54.5 (54.6)
Epoch: [8][ 150/1000]	Time  6.13 ( 6.92)	Data  6.07 ( 6.86)	Loss   0.71 (  0.70)	Cls Acc 100.0 (100.0)	Domain Acc 52.5 (55.2)
Epoch: [8][ 200/1000]	Time  6.22 ( 6.94)	Data  6.16 ( 6.87)	Loss   0.71 (  0.70)	Cls Acc 100.0 (100.0)	Domain Acc 52.9 (55.0)
Epoch: [8][ 250/1000]	Time  8.60 ( 6.94)	Data  8.53 ( 6.88)	Loss   0.68 (  0.70)	Cls Acc 100.0 (100.0)	Domain Acc 58.8 (54.9)
Epoch: [8][ 300/1000]	Time  6.12 ( 6.94)	Data  6.06 ( 6.88)	Loss   0.69 (  0.70)	Cls Acc 100.0 (100.0)	Domain Acc 57.0 (55.0)
Epoch: [8][ 350/1000]	Time  6.11 ( 6.94)	Data  6.05 ( 6.88)	Loss   0.71 (  0.70)	Cls Acc 100.0 (100.0)	Domain Acc 52.1 (55.2)
Epoch: [8][ 400/1000]	Time  8.48 ( 6.94)	Data  8.42 ( 6.88)	Loss   0.68 (  0.70)	Cls Acc 100.0 (100.0)	Domain Acc 59.6 (55.3)
Epoch: [8][ 450/1000]	Time  6.12 ( 6.94)	Data  6.06 ( 6.87)	Loss   0.71 (  0.70)	Cls Acc 100.0 (100.0)	Domain Acc 51.6 (55.0)
Epoch: [8][ 500/1000]	Time  6.10 ( 6.94)	Data  6.04 ( 6.87)	Loss   0.72 (  0.70)	Cls Acc 100.0 (100.0)	Domain Acc 51.6 (55.4)
Epoch: [8][ 550/1000]	Time  8.53 ( 6.94)	Data  8.46 ( 6.88)	Loss   0.68 (  0.70)	Cls Acc 100.0 (100.0)	Domain Acc 60.0 (55.5)
Epoch: [8][ 600/1000]	Time  6.10 ( 6.94)	Data  6.04 ( 6.87)	Loss   0.68 (  0.70)	Cls Acc 100.0 (100.0)	Domain Acc 59.2 (55.3)
Epoch: [8][ 650/1000]	Time  6.16 ( 6.94)	Data  6.09 ( 6.87)	Loss   0.73 (  0.70)	Cls Acc 100.0 (100.0)	Domain Acc 48.0 (55.6)
Epoch: [8][ 700/1000]	Time  8.42 ( 6.94)	Data  8.35 ( 6.87)	Loss   0.70 (  0.70)	Cls Acc 99.6 (100.0)	Domain Acc 54.5 (55.3)
Epoch: [8][ 750/1000]	Time  6.15 ( 6.93)	Data  6.08 ( 6.87)	Loss   0.66 (  0.70)	Cls Acc 100.0 (100.0)	Domain Acc 63.5 (55.5)
Epoch: [8][ 800/1000]	Time  6.11 ( 6.93)	Data  6.05 ( 6.87)	Loss   0.74 (  0.70)	Cls Acc 100.0 (100.0)	Domain Acc 49.4 (55.5)
Epoch: [8][ 850/1000]	Time  8.38 ( 6.93)	Data  8.32 ( 6.87)	Loss   0.70 (  0.70)	Cls Acc 100.0 (100.0)	Domain Acc 55.3 (55.4)
Epoch: [8][ 900/1000]	Time  6.15 ( 6.93)	Data  6.09 ( 6.87)	Loss   0.66 (  0.70)	Cls Acc 100.0 (100.0)	Domain Acc 64.5 (55.6)
Epoch: [8][ 950/1000]	Time  6.15 ( 6.93)	Data  6.09 ( 6.87)	Loss   0.71 (  0.70)	Cls Acc 100.0 (100.0)	Domain Acc 51.6 (55.5)
Test: [0/4]	Time  2.442 ( 2.442)	Loss 1.6614e+00 (1.6614e+00)	Acc@1  64.06 ( 64.06)	Acc@5  92.58 ( 92.58)
 * Acc@1 75.094 Acc@5 94.969
acc1 = 75.1, best_acc1 = 75.1
Epoch: [9][   0/1000]	Time  8.67 ( 8.67)	Data  8.61 ( 8.61)	Loss   0.69 (  0.69)	Cls Acc 100.0 (100.0)	Domain Acc 55.3 (55.3)
Epoch: [9][  50/1000]	Time  6.09 ( 6.93)	Data  6.03 ( 6.87)	Loss   0.68 (  0.70)	Cls Acc 100.0 (100.0)	Domain Acc 60.2 (52.7)
Epoch: [9][ 100/1000]	Time  6.11 ( 6.93)	Data  6.05 ( 6.87)	Loss   0.69 (  0.70)	Cls Acc 100.0 (100.0)	Domain Acc 62.1 (54.9)
Epoch: [9][ 150/1000]	Time  8.38 ( 6.94)	Data  8.31 ( 6.87)	Loss   0.70 (  0.69)	Cls Acc 100.0 (100.0)	Domain Acc 57.0 (56.9)
Epoch: [9][ 200/1000]	Time  6.18 ( 6.93)	Data  6.12 ( 6.86)	Loss   0.70 (  0.70)	Cls Acc 100.0 (100.0)	Domain Acc 54.9 (56.2)
Epoch: [9][ 250/1000]	Time  6.15 ( 6.93)	Data  6.09 ( 6.87)	Loss   0.69 (  0.69)	Cls Acc 100.0 (100.0)	Domain Acc 58.0 (56.3)
Epoch: [9][ 300/1000]	Time  8.56 ( 6.93)	Data  8.50 ( 6.87)	Loss   0.69 (  0.70)	Cls Acc 100.0 (100.0)	Domain Acc 56.4 (56.2)
Epoch: [9][ 350/1000]	Time  6.10 ( 6.93)	Data  6.04 ( 6.87)	Loss   0.68 (  0.69)	Cls Acc 100.0 (100.0)	Domain Acc 60.4 (56.4)
Epoch: [9][ 400/1000]	Time  6.13 ( 6.93)	Data  6.07 ( 6.87)	Loss   0.70 (  0.69)	Cls Acc 100.0 (100.0)	Domain Acc 54.1 (56.2)
Epoch: [9][ 450/1000]	Time  8.47 ( 6.93)	Data  8.40 ( 6.87)	Loss   0.68 (  0.69)	Cls Acc 100.0 (100.0)	Domain Acc 61.1 (56.5)
Epoch: [9][ 500/1000]	Time  6.18 ( 6.93)	Data  6.11 ( 6.86)	Loss   0.69 (  0.69)	Cls Acc 100.0 (100.0)	Domain Acc 58.4 (56.7)
Epoch: [9][ 550/1000]	Time  6.10 ( 6.93)	Data  6.04 ( 6.87)	Loss   0.71 (  0.69)	Cls Acc 100.0 (100.0)	Domain Acc 53.7 (56.6)
Epoch: [9][ 600/1000]	Time  8.49 ( 6.93)	Data  8.42 ( 6.87)	Loss   0.68 (  0.69)	Cls Acc 100.0 (100.0)	Domain Acc 59.2 (56.7)
Epoch: [9][ 650/1000]	Time  6.17 ( 6.93)	Data  6.10 ( 6.86)	Loss   0.70 (  0.69)	Cls Acc 100.0 (100.0)	Domain Acc 53.9 (56.6)
Epoch: [9][ 700/1000]	Time  6.12 ( 6.93)	Data  6.05 ( 6.87)	Loss   0.69 (  0.69)	Cls Acc 100.0 (100.0)	Domain Acc 57.0 (56.6)
Epoch: [9][ 750/1000]	Time  8.49 ( 6.93)	Data  8.43 ( 6.87)	Loss   0.70 (  0.69)	Cls Acc 100.0 (100.0)	Domain Acc 55.5 (56.4)
Epoch: [9][ 800/1000]	Time  6.12 ( 6.93)	Data  6.06 ( 6.86)	Loss   0.69 (  0.69)	Cls Acc 100.0 (100.0)	Domain Acc 56.1 (56.5)
Epoch: [9][ 850/1000]	Time  6.20 ( 6.93)	Data  6.13 ( 6.87)	Loss   0.69 (  0.69)	Cls Acc 100.0 (100.0)	Domain Acc 57.8 (56.5)
Epoch: [9][ 900/1000]	Time  8.45 ( 6.93)	Data  8.39 ( 6.87)	Loss   0.70 (  0.69)	Cls Acc 100.0 (100.0)	Domain Acc 54.1 (56.5)
Epoch: [9][ 950/1000]	Time  6.10 ( 6.93)	Data  6.04 ( 6.87)	Loss   0.70 (  0.69)	Cls Acc 100.0 (100.0)	Domain Acc 54.3 (56.5)
Test: [0/4]	Time  2.364 ( 2.364)	Loss 1.7388e+00 (1.7388e+00)	Acc@1  60.55 ( 60.55)	Acc@5  93.36 ( 93.36)
 * Acc@1 73.459 Acc@5 94.088
acc1 = 73.5, best_acc1 = 75.1
Epoch: [10][   0/1000]	Time  6.16 ( 6.16)	Data  6.10 ( 6.10)	Loss   0.69 (  0.69)	Cls Acc 100.0 (100.0)	Domain Acc 56.4 (56.4)
Epoch: [10][  50/1000]	Time  8.45 ( 6.95)	Data  8.39 ( 6.89)	Loss   0.69 (  0.69)	Cls Acc 100.0 (100.0)	Domain Acc 58.2 (57.0)
Epoch: [10][ 100/1000]	Time  6.20 ( 6.93)	Data  6.14 ( 6.87)	Loss   0.70 (  0.70)	Cls Acc 100.0 (100.0)	Domain Acc 54.3 (56.1)
Epoch: [10][ 150/1000]	Time  6.13 ( 6.93)	Data  6.07 ( 6.87)	Loss   0.68 (  0.69)	Cls Acc 100.0 (100.0)	Domain Acc 60.7 (56.8)
Epoch: [10][ 200/1000]	Time  8.53 ( 6.94)	Data  8.46 ( 6.87)	Loss   0.71 (  0.69)	Cls Acc 100.0 (100.0)	Domain Acc 50.8 (56.8)
Epoch: [10][ 250/1000]	Time  6.15 ( 6.93)	Data  6.09 ( 6.87)	Loss   0.69 (  0.70)	Cls Acc 100.0 (100.0)	Domain Acc 58.8 (55.9)
Epoch: [10][ 300/1000]	Time  6.12 ( 6.94)	Data  6.06 ( 6.88)	Loss   0.69 (  0.69)	Cls Acc 100.0 (100.0)	Domain Acc 58.4 (56.2)
Epoch: [10][ 350/1000]	Time  8.62 ( 6.95)	Data  8.56 ( 6.88)	Loss   0.69 (  0.70)	Cls Acc 100.0 (100.0)	Domain Acc 57.4 (56.2)
Epoch: [10][ 400/1000]	Time  6.14 ( 6.94)	Data  6.08 ( 6.88)	Loss   0.70 (  0.70)	Cls Acc 100.0 (100.0)	Domain Acc 54.9 (56.1)
Epoch: [10][ 450/1000]	Time  6.20 ( 6.94)	Data  6.14 ( 6.88)	Loss   0.70 (  0.70)	Cls Acc 100.0 (100.0)	Domain Acc 54.7 (56.1)
Epoch: [10][ 500/1000]	Time  8.42 ( 6.94)	Data  8.35 ( 6.88)	Loss   0.69 (  0.69)	Cls Acc 100.0 (100.0)	Domain Acc 53.1 (56.4)
Epoch: [10][ 550/1000]	Time  6.13 ( 6.94)	Data  6.07 ( 6.88)	Loss   0.70 (  0.70)	Cls Acc 100.0 (100.0)	Domain Acc 53.5 (55.9)
Epoch: [10][ 600/1000]	Time  6.13 ( 6.94)	Data  6.07 ( 6.88)	Loss   0.68 (  0.70)	Cls Acc 100.0 (100.0)	Domain Acc 59.4 (56.1)
Epoch: [10][ 650/1000]	Time  8.43 ( 6.94)	Data  8.37 ( 6.88)	Loss   0.71 (  0.69)	Cls Acc 100.0 (100.0)	Domain Acc 50.8 (56.2)
Epoch: [10][ 700/1000]	Time  6.27 ( 6.94)	Data  6.21 ( 6.87)	Loss   0.70 (  0.70)	Cls Acc 100.0 (100.0)	Domain Acc 54.9 (55.9)
Epoch: [10][ 750/1000]	Time  6.21 ( 6.95)	Data  6.15 ( 6.89)	Loss   0.68 (  0.69)	Cls Acc 100.0 (100.0)	Domain Acc 63.5 (56.2)
Epoch: [10][ 800/1000]	Time  8.70 ( 6.96)	Data  8.64 ( 6.90)	Loss   0.69 (  0.69)	Cls Acc 100.0 (100.0)	Domain Acc 56.2 (56.3)
Epoch: [10][ 850/1000]	Time  6.25 ( 6.97)	Data  6.18 ( 6.90)	Loss   0.71 (  0.69)	Cls Acc 100.0 (100.0)	Domain Acc 55.3 (56.3)
Epoch: [10][ 900/1000]	Time  6.18 ( 6.97)	Data  6.11 ( 6.91)	Loss   0.68 (  0.69)	Cls Acc 100.0 (100.0)	Domain Acc 60.7 (56.3)
Epoch: [10][ 950/1000]	Time  8.75 ( 6.97)	Data  8.69 ( 6.91)	Loss   0.68 (  0.69)	Cls Acc 100.0 (100.0)	Domain Acc 62.5 (56.5)
Test: [0/4]	Time  2.552 ( 2.552)	Loss 1.6442e+00 (1.6442e+00)	Acc@1  64.84 ( 64.84)	Acc@5  92.58 ( 92.58)
 * Acc@1 75.220 Acc@5 93.585
acc1 = 75.2, best_acc1 = 75.2
Epoch: [11][   0/1000]	Time  6.24 ( 6.24)	Data  6.18 ( 6.18)	Loss   0.70 (  0.70)	Cls Acc 100.0 (100.0)	Domain Acc 57.8 (57.8)
Epoch: [11][  50/1000]	Time  6.13 ( 6.96)	Data  6.07 ( 6.90)	Loss   0.69 (  0.70)	Cls Acc 100.0 (100.0)	Domain Acc 54.9 (56.3)
Epoch: [11][ 100/1000]	Time  8.56 ( 6.95)	Data  8.49 ( 6.89)	Loss   0.69 (  0.69)	Cls Acc 100.0 (100.0)	Domain Acc 57.4 (57.1)
Epoch: [11][ 150/1000]	Time  6.11 ( 6.94)	Data  6.04 ( 6.87)	Loss   0.68 (  0.69)	Cls Acc 100.0 (100.0)	Domain Acc 60.4 (57.4)
Epoch: [11][ 200/1000]	Time  6.17 ( 6.94)	Data  6.11 ( 6.87)	Loss   0.71 (  0.69)	Cls Acc 100.0 (100.0)	Domain Acc 56.4 (57.3)
Epoch: [11][ 250/1000]	Time  8.54 ( 6.94)	Data  8.48 ( 6.88)	Loss   0.68 (  0.69)	Cls Acc 100.0 (100.0)	Domain Acc 59.4 (57.2)
Epoch: [11][ 300/1000]	Time  6.21 ( 6.93)	Data  6.15 ( 6.87)	Loss   0.69 (  0.69)	Cls Acc 100.0 (100.0)	Domain Acc 58.6 (57.5)
Epoch: [11][ 350/1000]	Time  6.13 ( 6.94)	Data  6.07 ( 6.87)	Loss   0.69 (  0.69)	Cls Acc 100.0 (100.0)	Domain Acc 57.4 (57.3)
Epoch: [11][ 400/1000]	Time  8.42 ( 6.94)	Data  8.36 ( 6.88)	Loss   0.70 (  0.69)	Cls Acc 100.0 (100.0)	Domain Acc 56.4 (57.2)
Epoch: [11][ 450/1000]	Time  6.10 ( 6.93)	Data  6.04 ( 6.87)	Loss   0.69 (  0.69)	Cls Acc 100.0 (100.0)	Domain Acc 56.1 (57.3)
Epoch: [11][ 500/1000]	Time  6.11 ( 6.94)	Data  6.05 ( 6.87)	Loss   0.69 (  0.69)	Cls Acc 100.0 (100.0)	Domain Acc 58.2 (57.4)
Epoch: [11][ 550/1000]	Time  8.59 ( 6.94)	Data  8.53 ( 6.87)	Loss   0.70 (  0.69)	Cls Acc 100.0 (100.0)	Domain Acc 54.3 (57.2)
Epoch: [11][ 600/1000]	Time  6.14 ( 6.94)	Data  6.07 ( 6.87)	Loss   0.69 (  0.69)	Cls Acc 100.0 (100.0)	Domain Acc 58.0 (57.2)
Epoch: [11][ 650/1000]	Time  6.18 ( 6.94)	Data  6.11 ( 6.87)	Loss   0.69 (  0.69)	Cls Acc 100.0 (100.0)	Domain Acc 55.5 (57.3)
Epoch: [11][ 700/1000]	Time  8.42 ( 6.94)	Data  8.35 ( 6.88)	Loss   0.69 (  0.69)	Cls Acc 100.0 (100.0)	Domain Acc 55.9 (57.4)
Epoch: [11][ 750/1000]	Time  6.14 ( 6.94)	Data  6.08 ( 6.87)	Loss   0.69 (  0.69)	Cls Acc 100.0 (100.0)	Domain Acc 59.2 (57.3)
Epoch: [11][ 800/1000]	Time  6.13 ( 6.94)	Data  6.07 ( 6.87)	Loss   0.68 (  0.69)	Cls Acc 100.0 (100.0)	Domain Acc 61.7 (57.4)
Epoch: [11][ 850/1000]	Time  8.57 ( 6.94)	Data  8.51 ( 6.88)	Loss   0.70 (  0.69)	Cls Acc 100.0 (100.0)	Domain Acc 55.3 (57.5)
Epoch: [11][ 900/1000]	Time  6.09 ( 6.94)	Data  6.02 ( 6.87)	Loss   0.70 (  0.69)	Cls Acc 100.0 (100.0)	Domain Acc 56.1 (57.4)
Epoch: [11][ 950/1000]	Time  6.09 ( 6.94)	Data  6.03 ( 6.87)	Loss   0.69 (  0.69)	Cls Acc 100.0 (100.0)	Domain Acc 58.8 (57.5)
Test: [0/4]	Time  2.547 ( 2.547)	Loss 1.6496e+00 (1.6496e+00)	Acc@1  63.28 ( 63.28)	Acc@5  91.80 ( 91.80)
 * Acc@1 75.346 Acc@5 94.591
acc1 = 75.3, best_acc1 = 75.3
Epoch: [12][   0/1000]	Time  8.66 ( 8.66)	Data  8.60 ( 8.60)	Loss   0.69 (  0.69)	Cls Acc 100.0 (100.0)	Domain Acc 56.2 (56.2)
Epoch: [12][  50/1000]	Time  6.11 ( 6.94)	Data  6.05 ( 6.88)	Loss   0.69 (  0.69)	Cls Acc 100.0 (100.0)	Domain Acc 57.2 (55.9)
Epoch: [12][ 100/1000]	Time  6.17 ( 6.95)	Data  6.11 ( 6.89)	Loss   0.70 (  0.69)	Cls Acc 100.0 (100.0)	Domain Acc 54.9 (56.8)
Epoch: [12][ 150/1000]	Time  8.43 ( 6.95)	Data  8.37 ( 6.89)	Loss   0.68 (  0.69)	Cls Acc 100.0 (100.0)	Domain Acc 58.8 (57.3)
Epoch: [12][ 200/1000]	Time  6.06 ( 6.94)	Data  6.00 ( 6.88)	Loss   0.70 (  0.69)	Cls Acc 100.0 (100.0)	Domain Acc 53.5 (56.8)
Epoch: [12][ 250/1000]	Time  6.13 ( 6.95)	Data  6.07 ( 6.88)	Loss   0.70 (  0.69)	Cls Acc 100.0 (100.0)	Domain Acc 54.9 (56.6)
Epoch: [12][ 300/1000]	Time  8.57 ( 6.95)	Data  8.50 ( 6.89)	Loss   0.67 (  0.69)	Cls Acc 100.0 (100.0)	Domain Acc 65.2 (56.5)
Epoch: [12][ 350/1000]	Time  6.20 ( 6.95)	Data  6.13 ( 6.89)	Loss   0.70 (  0.69)	Cls Acc 100.0 (100.0)	Domain Acc 52.5 (56.7)
Epoch: [12][ 400/1000]	Time  6.17 ( 6.96)	Data  6.11 ( 6.89)	Loss   0.70 (  0.69)	Cls Acc 100.0 (100.0)	Domain Acc 55.5 (56.9)
Epoch: [12][ 450/1000]	Time  8.47 ( 6.96)	Data  8.41 ( 6.90)	Loss   0.71 (  0.69)	Cls Acc 100.0 (100.0)	Domain Acc 51.2 (56.5)
Epoch: [12][ 500/1000]	Time  6.20 ( 6.96)	Data  6.13 ( 6.89)	Loss   0.70 (  0.69)	Cls Acc 100.0 (100.0)	Domain Acc 55.5 (56.6)
Epoch: [12][ 550/1000]	Time  6.09 ( 6.96)	Data  6.03 ( 6.89)	Loss   0.69 (  0.69)	Cls Acc 100.0 (100.0)	Domain Acc 59.4 (56.5)
Epoch: [12][ 600/1000]	Time  8.59 ( 6.96)	Data  8.53 ( 6.90)	Loss   0.71 (  0.69)	Cls Acc 100.0 (100.0)	Domain Acc 51.4 (56.4)
Epoch: [12][ 650/1000]	Time  6.10 ( 6.96)	Data  6.04 ( 6.89)	Loss   0.68 (  0.69)	Cls Acc 100.0 (100.0)	Domain Acc 61.1 (56.5)
Epoch: [12][ 700/1000]	Time  6.14 ( 6.96)	Data  6.08 ( 6.89)	Loss   0.68 (  0.69)	Cls Acc 100.0 (100.0)	Domain Acc 58.4 (56.6)
Epoch: [12][ 750/1000]	Time  8.56 ( 6.96)	Data  8.49 ( 6.89)	Loss   0.71 (  0.69)	Cls Acc 100.0 (100.0)	Domain Acc 54.3 (56.6)
Epoch: [12][ 800/1000]	Time  6.15 ( 6.95)	Data  6.08 ( 6.89)	Loss   0.70 (  0.69)	Cls Acc 100.0 (100.0)	Domain Acc 56.6 (56.5)
Epoch: [12][ 850/1000]	Time  6.21 ( 6.95)	Data  6.15 ( 6.89)	Loss   0.68 (  0.69)	Cls Acc 100.0 (100.0)	Domain Acc 59.0 (56.6)
Epoch: [12][ 900/1000]	Time  8.48 ( 6.96)	Data  8.41 ( 6.89)	Loss   0.69 (  0.69)	Cls Acc 100.0 (100.0)	Domain Acc 55.9 (56.6)
Epoch: [12][ 950/1000]	Time  6.16 ( 6.95)	Data  6.09 ( 6.89)	Loss   0.69 (  0.69)	Cls Acc 100.0 (100.0)	Domain Acc 57.6 (56.7)
Test: [0/4]	Time  2.421 ( 2.421)	Loss 2.0040e+00 (2.0040e+00)	Acc@1  60.94 ( 60.94)	Acc@5  89.45 ( 89.45)
 * Acc@1 73.459 Acc@5 93.208
acc1 = 73.5, best_acc1 = 75.3
Epoch: [13][   0/1000]	Time  6.18 ( 6.18)	Data  6.12 ( 6.12)	Loss   0.69 (  0.69)	Cls Acc 100.0 (100.0)	Domain Acc 56.2 (56.2)
Epoch: [13][  50/1000]	Time  8.46 ( 6.96)	Data  8.40 ( 6.90)	Loss   0.67 (  0.68)	Cls Acc 100.0 (100.0)	Domain Acc 60.5 (58.5)
Epoch: [13][ 100/1000]	Time  6.20 ( 6.94)	Data  6.14 ( 6.88)	Loss   0.69 (  0.69)	Cls Acc 100.0 (100.0)	Domain Acc 56.1 (57.2)
Epoch: [13][ 150/1000]	Time  6.11 ( 6.95)	Data  6.05 ( 6.89)	Loss   0.70 (  0.69)	Cls Acc 100.0 (100.0)	Domain Acc 54.9 (57.2)
Epoch: [13][ 200/1000]	Time  8.49 ( 6.96)	Data  8.42 ( 6.90)	Loss   0.69 (  0.69)	Cls Acc 100.0 (100.0)	Domain Acc 57.4 (57.2)
Epoch: [13][ 250/1000]	Time  6.16 ( 6.95)	Data  6.10 ( 6.89)	Loss   0.68 (  0.69)	Cls Acc 100.0 (100.0)	Domain Acc 59.6 (57.3)
Epoch: [13][ 300/1000]	Time  6.17 ( 6.96)	Data  6.10 ( 6.89)	Loss   0.68 (  0.69)	Cls Acc 100.0 (100.0)	Domain Acc 59.2 (57.5)
Epoch: [13][ 350/1000]	Time  8.64 ( 6.96)	Data  8.58 ( 6.89)	Loss   0.70 (  0.69)	Cls Acc 100.0 (100.0)	Domain Acc 54.5 (57.2)
Epoch: [13][ 400/1000]	Time  6.13 ( 6.95)	Data  6.07 ( 6.89)	Loss   0.70 (  0.69)	Cls Acc 100.0 (100.0)	Domain Acc 55.1 (57.2)
Epoch: [13][ 450/1000]	Time  6.13 ( 6.96)	Data  6.06 ( 6.89)	Loss   0.69 (  0.69)	Cls Acc 100.0 (100.0)	Domain Acc 58.2 (57.0)
Epoch: [13][ 500/1000]	Time  8.69 ( 6.96)	Data  8.62 ( 6.90)	Loss   0.69 (  0.69)	Cls Acc 100.0 (100.0)	Domain Acc 57.4 (57.1)
Epoch: [13][ 550/1000]	Time  6.12 ( 6.96)	Data  6.06 ( 6.89)	Loss   0.69 (  0.69)	Cls Acc 100.0 (100.0)	Domain Acc 57.6 (57.1)
Epoch: [13][ 600/1000]	Time  6.23 ( 6.96)	Data  6.16 ( 6.89)	Loss   0.69 (  0.69)	Cls Acc 100.0 (100.0)	Domain Acc 55.5 (57.0)
Epoch: [13][ 650/1000]	Time  8.58 ( 6.96)	Data  8.52 ( 6.90)	Loss   0.69 (  0.69)	Cls Acc 100.0 (100.0)	Domain Acc 58.0 (57.0)
Epoch: [13][ 700/1000]	Time  6.15 ( 6.96)	Data  6.09 ( 6.89)	Loss   0.70 (  0.69)	Cls Acc 100.0 (100.0)	Domain Acc 53.9 (57.0)
Epoch: [13][ 750/1000]	Time  6.17 ( 6.96)	Data  6.11 ( 6.90)	Loss   0.69 (  0.69)	Cls Acc 100.0 (100.0)	Domain Acc 58.2 (57.0)
Epoch: [13][ 800/1000]	Time  8.37 ( 6.96)	Data  8.31 ( 6.90)	Loss   0.71 (  0.69)	Cls Acc 100.0 (100.0)	Domain Acc 52.5 (56.8)
Epoch: [13][ 850/1000]	Time  6.18 ( 6.96)	Data  6.12 ( 6.89)	Loss   0.68 (  0.69)	Cls Acc 100.0 (100.0)	Domain Acc 59.0 (56.8)
Epoch: [13][ 900/1000]	Time  6.13 ( 6.96)	Data  6.06 ( 6.90)	Loss   0.70 (  0.69)	Cls Acc 100.0 (100.0)	Domain Acc 56.2 (56.7)
Epoch: [13][ 950/1000]	Time  8.63 ( 6.96)	Data  8.56 ( 6.90)	Loss   0.69 (  0.69)	Cls Acc 100.0 (100.0)	Domain Acc 56.8 (56.7)
Test: [0/4]	Time  2.551 ( 2.551)	Loss 1.8543e+00 (1.8543e+00)	Acc@1  62.50 ( 62.50)	Acc@5  90.23 ( 90.23)
 * Acc@1 74.591 Acc@5 93.333
acc1 = 74.6, best_acc1 = 75.3
Epoch: [14][   0/1000]	Time  6.18 ( 6.18)	Data  6.12 ( 6.12)	Loss   0.69 (  0.69)	Cls Acc 100.0 (100.0)	Domain Acc 56.2 (56.2)
Epoch: [14][  50/1000]	Time  6.16 ( 6.97)	Data  6.10 ( 6.91)	Loss   0.69 (  0.69)	Cls Acc 100.0 (100.0)	Domain Acc 57.2 (56.5)
Epoch: [14][ 100/1000]	Time  8.63 ( 6.98)	Data  8.57 ( 6.92)	Loss   0.68 (  0.69)	Cls Acc 100.0 (100.0)	Domain Acc 55.9 (56.5)
Epoch: [14][ 150/1000]	Time  6.18 ( 6.97)	Data  6.12 ( 6.91)	Loss   0.69 (  0.69)	Cls Acc 100.0 (100.0)	Domain Acc 57.8 (57.7)
Epoch: [14][ 200/1000]	Time  6.11 ( 6.98)	Data  6.05 ( 6.91)	Loss   0.70 (  0.69)	Cls Acc 100.0 (100.0)	Domain Acc 53.9 (57.1)
Epoch: [14][ 250/1000]	Time  8.53 ( 6.98)	Data  8.47 ( 6.92)	Loss   0.70 (  0.69)	Cls Acc 100.0 (100.0)	Domain Acc 54.5 (57.0)
Epoch: [14][ 300/1000]	Time  6.17 ( 6.98)	Data  6.10 ( 6.91)	Loss   0.69 (  0.69)	Cls Acc 100.0 (100.0)	Domain Acc 58.0 (57.0)
Epoch: [14][ 350/1000]	Time  6.19 ( 6.98)	Data  6.13 ( 6.91)	Loss   0.69 (  0.69)	Cls Acc 100.0 (100.0)	Domain Acc 57.0 (57.1)
Epoch: [14][ 400/1000]	Time  8.63 ( 6.98)	Data  8.57 ( 6.92)	Loss   0.68 (  0.69)	Cls Acc 100.0 (100.0)	Domain Acc 60.0 (57.2)
Epoch: [14][ 450/1000]	Time  6.16 ( 6.98)	Data  6.09 ( 6.92)	Loss   0.68 (  0.69)	Cls Acc 100.0 (100.0)	Domain Acc 60.0 (57.3)
Epoch: [14][ 500/1000]	Time  6.13 ( 6.98)	Data  6.07 ( 6.92)	Loss   0.69 (  0.69)	Cls Acc 100.0 (100.0)	Domain Acc 55.1 (57.3)
Epoch: [14][ 550/1000]	Time  8.65 ( 6.99)	Data  8.58 ( 6.92)	Loss   0.68 (  0.69)	Cls Acc 100.0 (100.0)	Domain Acc 62.1 (57.3)
Epoch: [14][ 600/1000]	Time  6.12 ( 6.98)	Data  6.06 ( 6.92)	Loss   0.69 (  0.69)	Cls Acc 100.0 (100.0)	Domain Acc 57.8 (57.4)
Epoch: [14][ 650/1000]	Time  6.14 ( 6.98)	Data  6.07 ( 6.92)	Loss   0.71 (  0.69)	Cls Acc 100.0 (100.0)	Domain Acc 52.3 (57.3)
Epoch: [14][ 700/1000]	Time  8.70 ( 6.98)	Data  8.64 ( 6.92)	Loss   0.69 (  0.69)	Cls Acc 100.0 (100.0)	Domain Acc 60.9 (57.2)
Epoch: [14][ 750/1000]	Time  6.15 ( 6.98)	Data  6.08 ( 6.92)	Loss   0.69 (  0.69)	Cls Acc 100.0 (100.0)	Domain Acc 59.2 (57.3)
Epoch: [14][ 800/1000]	Time  6.17 ( 6.98)	Data  6.11 ( 6.92)	Loss   0.70 (  0.69)	Cls Acc 100.0 (100.0)	Domain Acc 53.9 (57.2)
Epoch: [14][ 850/1000]	Time  8.63 ( 6.98)	Data  8.57 ( 6.92)	Loss   0.69 (  0.69)	Cls Acc 100.0 (100.0)	Domain Acc 58.8 (57.2)
Epoch: [14][ 900/1000]	Time  6.12 ( 6.98)	Data  6.06 ( 6.91)	Loss   0.69 (  0.69)	Cls Acc 100.0 (100.0)	Domain Acc 57.0 (57.1)
Epoch: [14][ 950/1000]	Time  6.22 ( 6.98)	Data  6.15 ( 6.92)	Loss   0.68 (  0.69)	Cls Acc 100.0 (100.0)	Domain Acc 61.9 (57.2)
Test: [0/4]	Time  2.366 ( 2.366)	Loss 1.8562e+00 (1.8562e+00)	Acc@1  64.06 ( 64.06)	Acc@5  90.23 ( 90.23)
 * Acc@1 74.088 Acc@5 92.579
acc1 = 74.1, best_acc1 = 75.3
Epoch: [15][   0/1000]	Time  8.70 ( 8.70)	Data  8.64 ( 8.64)	Loss   0.69 (  0.69)	Cls Acc 100.0 (100.0)	Domain Acc 58.6 (58.6)
Epoch: [15][  50/1000]	Time  6.15 ( 6.97)	Data  6.08 ( 6.91)	Loss   0.70 (  0.70)	Cls Acc 100.0 (100.0)	Domain Acc 54.3 (54.8)
Epoch: [15][ 100/1000]	Time  6.24 ( 6.98)	Data  6.17 ( 6.92)	Loss   0.68 (  0.70)	Cls Acc 100.0 (100.0)	Domain Acc 60.0 (55.2)
Epoch: [15][ 150/1000]	Time  8.58 ( 6.98)	Data  8.52 ( 6.92)	Loss   0.72 (  0.69)	Cls Acc 100.0 (100.0)	Domain Acc 50.0 (56.2)
Epoch: [15][ 200/1000]	Time  6.20 ( 6.97)	Data  6.14 ( 6.91)	Loss   0.70 (  0.69)	Cls Acc 100.0 (100.0)	Domain Acc 53.5 (56.1)
Epoch: [15][ 250/1000]	Time  6.19 ( 6.98)	Data  6.12 ( 6.91)	Loss   0.68 (  0.69)	Cls Acc 100.0 (100.0)	Domain Acc 58.8 (55.8)
Epoch: [15][ 300/1000]	Time  8.49 ( 6.98)	Data  8.42 ( 6.92)	Loss   0.70 (  0.69)	Cls Acc 100.0 (100.0)	Domain Acc 56.2 (56.1)
Epoch: [15][ 350/1000]	Time  6.21 ( 6.97)	Data  6.15 ( 6.91)	Loss   0.70 (  0.69)	Cls Acc 100.0 (100.0)	Domain Acc 52.7 (56.2)
Epoch: [15][ 400/1000]	Time  6.13 ( 6.98)	Data  6.07 ( 6.91)	Loss   0.69 (  0.69)	Cls Acc 100.0 (100.0)	Domain Acc 57.0 (55.9)
Epoch: [15][ 450/1000]	Time  8.39 ( 6.98)	Data  8.33 ( 6.92)	Loss   0.69 (  0.69)	Cls Acc 100.0 (100.0)	Domain Acc 58.4 (56.1)
Epoch: [15][ 500/1000]	Time  6.17 ( 6.98)	Data  6.10 ( 6.91)	Loss   0.70 (  0.69)	Cls Acc 100.0 (100.0)	Domain Acc 54.7 (56.1)
Epoch: [15][ 550/1000]	Time  6.17 ( 6.98)	Data  6.10 ( 6.91)	Loss   0.70 (  0.69)	Cls Acc 100.0 (100.0)	Domain Acc 55.1 (56.0)
Epoch: [15][ 600/1000]	Time  8.53 ( 6.98)	Data  8.47 ( 6.92)	Loss   0.69 (  0.69)	Cls Acc 100.0 (100.0)	Domain Acc 56.6 (56.2)
Epoch: [15][ 650/1000]	Time  6.22 ( 6.98)	Data  6.16 ( 6.91)	Loss   0.70 (  0.69)	Cls Acc 100.0 (100.0)	Domain Acc 51.4 (56.1)
Epoch: [15][ 700/1000]	Time  6.12 ( 6.98)	Data  6.05 ( 6.91)	Loss   0.70 (  0.69)	Cls Acc 100.0 (100.0)	Domain Acc 53.1 (56.0)
Epoch: [15][ 750/1000]	Time  8.60 ( 6.98)	Data  8.53 ( 6.92)	Loss   0.67 (  0.69)	Cls Acc 100.0 (100.0)	Domain Acc 63.3 (56.2)
Epoch: [15][ 800/1000]	Time  6.17 ( 6.98)	Data  6.11 ( 6.92)	Loss   0.71 (  0.69)	Cls Acc 100.0 (100.0)	Domain Acc 49.4 (56.0)
Epoch: [15][ 850/1000]	Time  6.10 ( 6.98)	Data  6.04 ( 6.92)	Loss   0.69 (  0.69)	Cls Acc 100.0 (100.0)	Domain Acc 56.1 (56.0)
Epoch: [15][ 900/1000]	Time  8.66 ( 6.98)	Data  8.60 ( 6.92)	Loss   0.68 (  0.69)	Cls Acc 100.0 (100.0)	Domain Acc 62.9 (56.0)
Epoch: [15][ 950/1000]	Time  6.19 ( 6.98)	Data  6.12 ( 6.91)	Loss   0.70 (  0.69)	Cls Acc 100.0 (100.0)	Domain Acc 54.1 (56.1)
Test: [0/4]	Time  2.390 ( 2.390)	Loss 1.9231e+00 (1.9231e+00)	Acc@1  62.89 ( 62.89)	Acc@5  90.23 ( 90.23)
 * Acc@1 74.465 Acc@5 91.698
acc1 = 74.5, best_acc1 = 75.3
Epoch: [16][   0/1000]	Time  6.12 ( 6.12)	Data  6.06 ( 6.06)	Loss   0.70 (  0.70)	Cls Acc 100.0 (100.0)	Domain Acc 58.8 (58.8)
Epoch: [16][  50/1000]	Time  8.72 ( 6.98)	Data  8.66 ( 6.92)	Loss   0.69 (  0.70)	Cls Acc 100.0 (100.0)	Domain Acc 57.6 (55.6)
Epoch: [16][ 100/1000]	Time  6.15 ( 6.96)	Data  6.09 ( 6.89)	Loss   0.71 (  0.69)	Cls Acc 100.0 (100.0)	Domain Acc 51.2 (57.5)
Epoch: [16][ 150/1000]	Time  6.16 ( 6.97)	Data  6.10 ( 6.91)	Loss   0.69 (  0.69)	Cls Acc 100.0 (100.0)	Domain Acc 57.8 (57.2)
Epoch: [16][ 200/1000]	Time  8.72 ( 6.97)	Data  8.65 ( 6.91)	Loss   0.69 (  0.69)	Cls Acc 100.0 (100.0)	Domain Acc 57.2 (57.0)
Epoch: [16][ 250/1000]	Time  6.14 ( 6.97)	Data  6.07 ( 6.91)	Loss   0.68 (  0.69)	Cls Acc 100.0 (100.0)	Domain Acc 58.4 (57.5)
Epoch: [16][ 300/1000]	Time  6.19 ( 6.97)	Data  6.12 ( 6.91)	Loss   0.70 (  0.69)	Cls Acc 100.0 (100.0)	Domain Acc 57.4 (57.3)
Epoch: [16][ 350/1000]	Time  8.75 ( 6.98)	Data  8.68 ( 6.91)	Loss   0.69 (  0.69)	Cls Acc 100.0 (100.0)	Domain Acc 56.1 (57.1)
Epoch: [16][ 400/1000]	Time  6.08 ( 6.98)	Data  6.02 ( 6.91)	Loss   0.69 (  0.69)	Cls Acc 100.0 (100.0)	Domain Acc 60.2 (57.1)
Epoch: [16][ 450/1000]	Time  6.18 ( 6.98)	Data  6.12 ( 6.91)	Loss   0.69 (  0.69)	Cls Acc 100.0 (100.0)	Domain Acc 56.1 (57.2)
Epoch: [16][ 500/1000]	Time  8.57 ( 6.98)	Data  8.51 ( 6.92)	Loss   0.69 (  0.69)	Cls Acc 100.0 (100.0)	Domain Acc 56.1 (57.1)
Epoch: [16][ 550/1000]	Time  6.16 ( 6.98)	Data  6.10 ( 6.91)	Loss   0.68 (  0.69)	Cls Acc 100.0 (100.0)	Domain Acc 60.0 (57.1)
Epoch: [16][ 600/1000]	Time  6.20 ( 6.98)	Data  6.14 ( 6.92)	Loss   0.70 (  0.69)	Cls Acc 100.0 (100.0)	Domain Acc 53.7 (57.1)
Epoch: [16][ 650/1000]	Time  8.64 ( 6.98)	Data  8.58 ( 6.92)	Loss   0.68 (  0.69)	Cls Acc 100.0 (100.0)	Domain Acc 61.1 (57.0)
Epoch: [16][ 700/1000]	Time  6.19 ( 6.98)	Data  6.12 ( 6.91)	Loss   0.68 (  0.69)	Cls Acc 100.0 (100.0)	Domain Acc 57.6 (57.1)
Epoch: [16][ 750/1000]	Time  6.20 ( 6.98)	Data  6.14 ( 6.92)	Loss   0.69 (  0.69)	Cls Acc 100.0 (100.0)	Domain Acc 55.5 (57.1)
Epoch: [16][ 800/1000]	Time  8.50 ( 6.98)	Data  8.43 ( 6.92)	Loss   0.69 (  0.69)	Cls Acc 100.0 (100.0)	Domain Acc 56.8 (57.0)
Epoch: [16][ 850/1000]	Time  6.17 ( 6.98)	Data  6.10 ( 6.91)	Loss   0.70 (  0.69)	Cls Acc 100.0 (100.0)	Domain Acc 52.7 (57.1)
Epoch: [16][ 900/1000]	Time  6.19 ( 6.98)	Data  6.12 ( 6.91)	Loss   0.68 (  0.69)	Cls Acc 100.0 (100.0)	Domain Acc 59.6 (57.1)
Epoch: [16][ 950/1000]	Time  8.47 ( 6.98)	Data  8.41 ( 6.92)	Loss   0.69 (  0.69)	Cls Acc 100.0 (100.0)	Domain Acc 53.7 (57.2)
Test: [0/4]	Time  2.473 ( 2.473)	Loss 2.0484e+00 (2.0484e+00)	Acc@1  62.11 ( 62.11)	Acc@5  89.06 ( 89.06)
 * Acc@1 73.962 Acc@5 92.453
acc1 = 74.0, best_acc1 = 75.3
Epoch: [17][   0/1000]	Time  6.19 ( 6.19)	Data  6.13 ( 6.13)	Loss   0.69 (  0.69)	Cls Acc 100.0 (100.0)	Domain Acc 57.2 (57.2)
Epoch: [17][  50/1000]	Time  6.18 ( 7.01)	Data  6.12 ( 6.95)	Loss   0.69 (  0.69)	Cls Acc 100.0 (100.0)	Domain Acc 58.6 (57.6)
Epoch: [17][ 100/1000]	Time  8.59 ( 7.02)	Data  8.53 ( 6.96)	Loss   0.68 (  0.69)	Cls Acc 100.0 (100.0)	Domain Acc 57.6 (56.8)
Epoch: [17][ 150/1000]	Time  6.16 ( 7.01)	Data  6.09 ( 6.94)	Loss   0.69 (  0.69)	Cls Acc 100.0 (100.0)	Domain Acc 56.4 (56.7)
Epoch: [17][ 200/1000]	Time  6.25 ( 7.02)	Data  6.19 ( 6.95)	Loss   0.68 (  0.69)	Cls Acc 100.0 (100.0)	Domain Acc 60.0 (57.4)
Epoch: [17][ 250/1000]	Time  8.79 ( 7.02)	Data  8.73 ( 6.96)	Loss   0.70 (  0.69)	Cls Acc 100.0 (100.0)	Domain Acc 56.6 (57.5)
Epoch: [17][ 300/1000]	Time  6.25 ( 7.01)	Data  6.18 ( 6.95)	Loss   0.70 (  0.69)	Cls Acc 100.0 (100.0)	Domain Acc 55.9 (57.1)
Epoch: [17][ 350/1000]	Time  6.20 ( 7.02)	Data  6.13 ( 6.95)	Loss   0.68 (  0.69)	Cls Acc 100.0 (100.0)	Domain Acc 60.0 (57.2)
Epoch: [17][ 400/1000]	Time  8.67 ( 7.02)	Data  8.61 ( 6.95)	Loss   0.69 (  0.69)	Cls Acc 100.0 (100.0)	Domain Acc 58.0 (57.3)
Epoch: [17][ 450/1000]	Time  6.21 ( 7.01)	Data  6.15 ( 6.95)	Loss   0.69 (  0.69)	Cls Acc 100.0 (100.0)	Domain Acc 56.1 (57.3)
Epoch: [17][ 500/1000]	Time  6.27 ( 7.02)	Data  6.21 ( 6.96)	Loss   0.68 (  0.69)	Cls Acc 100.0 (100.0)	Domain Acc 61.7 (57.6)
Epoch: [17][ 550/1000]	Time  8.89 ( 7.03)	Data  8.83 ( 6.97)	Loss   0.70 (  0.69)	Cls Acc 100.0 (100.0)	Domain Acc 58.8 (57.6)
Epoch: [17][ 600/1000]	Time  6.23 ( 7.03)	Data  6.16 ( 6.97)	Loss   0.68 (  0.69)	Cls Acc 100.0 (100.0)	Domain Acc 58.2 (57.6)
Epoch: [17][ 650/1000]	Time  6.23 ( 7.03)	Data  6.16 ( 6.97)	Loss   0.70 (  0.69)	Cls Acc 100.0 (100.0)	Domain Acc 54.3 (57.6)
Epoch: [17][ 700/1000]	Time  8.59 ( 7.04)	Data  8.52 ( 6.97)	Loss   0.68 (  0.69)	Cls Acc 100.0 (100.0)	Domain Acc 60.0 (57.5)
Epoch: [17][ 750/1000]	Time  6.22 ( 7.04)	Data  6.16 ( 6.97)	Loss   0.69 (  0.69)	Cls Acc 100.0 (100.0)	Domain Acc 57.0 (57.4)
Epoch: [17][ 800/1000]	Time  6.20 ( 7.04)	Data  6.14 ( 6.98)	Loss   0.69 (  0.69)	Cls Acc 100.0 (100.0)	Domain Acc 57.2 (57.4)
Epoch: [17][ 850/1000]	Time  8.85 ( 7.04)	Data  8.78 ( 6.98)	Loss   0.69 (  0.69)	Cls Acc 100.0 (100.0)	Domain Acc 59.8 (57.5)
Epoch: [17][ 900/1000]	Time  6.23 ( 7.04)	Data  6.17 ( 6.98)	Loss   0.69 (  0.69)	Cls Acc 100.0 (100.0)	Domain Acc 55.9 (57.4)
Epoch: [17][ 950/1000]	Time  6.16 ( 7.04)	Data  6.10 ( 6.98)	Loss   0.68 (  0.69)	Cls Acc 100.0 (100.0)	Domain Acc 59.2 (57.3)
Test: [0/4]	Time  2.595 ( 2.595)	Loss 2.2668e+00 (2.2668e+00)	Acc@1  61.72 ( 61.72)	Acc@5  88.28 ( 88.28)
 * Acc@1 73.962 Acc@5 91.950
acc1 = 74.0, best_acc1 = 75.3
Epoch: [18][   0/1000]	Time  8.95 ( 8.95)	Data  8.89 ( 8.89)	Loss   0.69 (  0.69)	Cls Acc 100.0 (100.0)	Domain Acc 57.8 (57.8)
Epoch: [18][  50/1000]	Time  6.18 ( 7.05)	Data  6.11 ( 6.98)	Loss   0.68 (  0.70)	Cls Acc 100.0 (100.0)	Domain Acc 58.0 (54.8)
Epoch: [18][ 100/1000]	Time  6.22 ( 7.06)	Data  6.16 ( 6.99)	Loss   0.70 (  0.70)	Cls Acc 100.0 (100.0)	Domain Acc 52.5 (55.1)
Epoch: [18][ 150/1000]	Time  8.66 ( 7.06)	Data  8.60 ( 7.00)	Loss   0.70 (  0.69)	Cls Acc 100.0 (100.0)	Domain Acc 53.3 (55.7)
Epoch: [18][ 200/1000]	Time  6.25 ( 7.05)	Data  6.19 ( 6.99)	Loss   0.68 (  0.69)	Cls Acc 100.0 (100.0)	Domain Acc 61.9 (56.0)
Epoch: [18][ 250/1000]	Time  6.18 ( 7.06)	Data  6.11 ( 6.99)	Loss   0.70 (  0.69)	Cls Acc 100.0 (100.0)	Domain Acc 56.4 (56.2)
Epoch: [18][ 300/1000]	Time  8.65 ( 7.06)	Data  8.59 ( 7.00)	Loss   0.69 (  0.69)	Cls Acc 100.0 (100.0)	Domain Acc 59.2 (56.5)
Epoch: [18][ 350/1000]	Time  6.22 ( 7.06)	Data  6.16 ( 7.00)	Loss   0.69 (  0.69)	Cls Acc 100.0 (100.0)	Domain Acc 54.3 (56.3)
Epoch: [18][ 400/1000]	Time  6.22 ( 7.06)	Data  6.16 ( 7.00)	Loss   0.69 (  0.69)	Cls Acc 100.0 (100.0)	Domain Acc 55.5 (56.4)
Epoch: [18][ 450/1000]	Time  9.03 ( 7.07)	Data  8.96 ( 7.00)	Loss   0.68 (  0.69)	Cls Acc 100.0 (100.0)	Domain Acc 58.4 (56.7)
Epoch: [18][ 500/1000]	Time  6.25 ( 7.07)	Data  6.19 ( 7.00)	Loss   0.69 (  0.69)	Cls Acc 100.0 (100.0)	Domain Acc 58.2 (56.7)
Epoch: [18][ 550/1000]	Time  6.14 ( 7.07)	Data  6.08 ( 7.01)	Loss   0.70 (  0.69)	Cls Acc 100.0 (100.0)	Domain Acc 55.5 (56.7)
Epoch: [18][ 600/1000]	Time  8.94 ( 7.07)	Data  8.87 ( 7.01)	Loss   0.68 (  0.69)	Cls Acc 100.0 (100.0)	Domain Acc 61.3 (56.9)
Epoch: [18][ 650/1000]	Time  6.22 ( 7.07)	Data  6.16 ( 7.01)	Loss   0.68 (  0.69)	Cls Acc 100.0 (100.0)	Domain Acc 61.1 (56.9)
Epoch: [18][ 700/1000]	Time  6.19 ( 7.07)	Data  6.13 ( 7.01)	Loss   0.69 (  0.69)	Cls Acc 100.0 (100.0)	Domain Acc 55.3 (56.9)
Epoch: [18][ 750/1000]	Time  8.62 ( 7.07)	Data  8.55 ( 7.01)	Loss   0.68 (  0.69)	Cls Acc 100.0 (100.0)	Domain Acc 55.9 (56.9)
Epoch: [18][ 800/1000]	Time  6.28 ( 7.07)	Data  6.22 ( 7.01)	Loss   0.69 (  0.69)	Cls Acc 100.0 (100.0)	Domain Acc 57.8 (56.8)
Epoch: [18][ 850/1000]	Time  6.23 ( 7.08)	Data  6.17 ( 7.01)	Loss   0.70 (  0.69)	Cls Acc 100.0 (100.0)	Domain Acc 53.5 (56.9)
Epoch: [18][ 900/1000]	Time  8.97 ( 7.08)	Data  8.91 ( 7.01)	Loss   0.69 (  0.69)	Cls Acc 100.0 (100.0)	Domain Acc 58.2 (56.8)
Epoch: [18][ 950/1000]	Time  6.25 ( 7.08)	Data  6.18 ( 7.01)	Loss   0.70 (  0.69)	Cls Acc 100.0 (100.0)	Domain Acc 56.6 (56.8)
Test: [0/4]	Time  2.584 ( 2.584)	Loss 2.1518e+00 (2.1518e+00)	Acc@1  62.89 ( 62.89)	Acc@5  88.67 ( 88.67)
 * Acc@1 73.962 Acc@5 91.572
acc1 = 74.0, best_acc1 = 75.3
Epoch: [19][   0/1000]	Time  6.24 ( 6.24)	Data  6.17 ( 6.17)	Loss   0.70 (  0.70)	Cls Acc 100.0 (100.0)	Domain Acc 54.7 (54.7)
Epoch: [19][  50/1000]	Time  8.70 ( 7.05)	Data  8.63 ( 6.99)	Loss   0.68 (  0.69)	Cls Acc 100.0 (100.0)	Domain Acc 60.2 (56.7)
Epoch: [19][ 100/1000]	Time  6.22 ( 7.04)	Data  6.15 ( 6.98)	Loss   0.68 (  0.69)	Cls Acc 100.0 (100.0)	Domain Acc 56.4 (57.7)
Epoch: [19][ 150/1000]	Time  6.22 ( 7.05)	Data  6.15 ( 6.98)	Loss   0.70 (  0.69)	Cls Acc 100.0 (100.0)	Domain Acc 52.7 (57.7)
Epoch: [19][ 200/1000]	Time  8.64 ( 7.05)	Data  8.58 ( 6.99)	Loss   0.68 (  0.69)	Cls Acc 100.0 (100.0)	Domain Acc 59.4 (57.1)
Epoch: [19][ 250/1000]	Time  6.18 ( 7.04)	Data  6.11 ( 6.97)	Loss   0.69 (  0.69)	Cls Acc 100.0 (100.0)	Domain Acc 54.7 (57.0)
Epoch: [19][ 300/1000]	Time  6.20 ( 7.04)	Data  6.13 ( 6.98)	Loss   0.69 (  0.69)	Cls Acc 100.0 (100.0)	Domain Acc 57.6 (56.9)
Epoch: [19][ 350/1000]	Time  8.79 ( 7.04)	Data  8.72 ( 6.98)	Loss   0.69 (  0.69)	Cls Acc 100.0 (100.0)	Domain Acc 60.4 (56.8)
Epoch: [19][ 400/1000]	Time  6.20 ( 7.04)	Data  6.14 ( 6.97)	Loss   0.69 (  0.69)	Cls Acc 100.0 (100.0)	Domain Acc 57.4 (57.0)
Epoch: [19][ 450/1000]	Time  6.17 ( 7.04)	Data  6.10 ( 6.97)	Loss   0.69 (  0.69)	Cls Acc 100.0 (100.0)	Domain Acc 58.6 (56.8)
Epoch: [19][ 500/1000]	Time  8.66 ( 7.04)	Data  8.59 ( 6.97)	Loss   0.69 (  0.69)	Cls Acc 100.0 (100.0)	Domain Acc 57.6 (56.7)
Epoch: [19][ 550/1000]	Time  6.25 ( 7.04)	Data  6.19 ( 6.97)	Loss   0.69 (  0.69)	Cls Acc 100.0 (100.0)	Domain Acc 53.7 (56.8)
Epoch: [19][ 600/1000]	Time  6.10 ( 7.04)	Data  6.04 ( 6.97)	Loss   0.69 (  0.69)	Cls Acc 100.0 (100.0)	Domain Acc 52.9 (56.8)
Epoch: [19][ 650/1000]	Time  8.69 ( 7.04)	Data  8.63 ( 6.97)	Loss   0.69 (  0.69)	Cls Acc 100.0 (100.0)	Domain Acc 58.8 (56.6)
Epoch: [19][ 700/1000]	Time  6.22 ( 7.03)	Data  6.16 ( 6.97)	Loss   0.69 (  0.69)	Cls Acc 100.0 (100.0)	Domain Acc 56.1 (56.7)
Epoch: [19][ 750/1000]	Time  6.19 ( 7.04)	Data  6.13 ( 6.97)	Loss   0.69 (  0.69)	Cls Acc 100.0 (100.0)	Domain Acc 58.4 (56.7)
Epoch: [19][ 800/1000]	Time  8.70 ( 7.04)	Data  8.63 ( 6.97)	Loss   0.69 (  0.69)	Cls Acc 100.0 (100.0)	Domain Acc 53.5 (56.7)
Epoch: [19][ 850/1000]	Time  6.18 ( 7.04)	Data  6.11 ( 6.97)	Loss   0.69 (  0.69)	Cls Acc 100.0 (100.0)	Domain Acc 57.8 (56.7)
Epoch: [19][ 900/1000]	Time  6.20 ( 7.04)	Data  6.14 ( 6.97)	Loss   0.70 (  0.69)	Cls Acc 100.0 (100.0)	Domain Acc 53.9 (56.7)
Epoch: [19][ 950/1000]	Time  8.76 ( 7.04)	Data  8.69 ( 6.97)	Loss   0.69 (  0.69)	Cls Acc 100.0 (100.0)	Domain Acc 55.1 (56.7)
Test: [0/4]	Time  2.486 ( 2.486)	Loss 2.2067e+00 (2.2067e+00)	Acc@1  61.72 ( 61.72)	Acc@5  87.89 ( 87.89)
 * Acc@1 74.340 Acc@5 91.572
acc1 = 74.3, best_acc1 = 75.3
Epoch: [20][   0/1000]	Time  6.19 ( 6.19)	Data  6.12 ( 6.12)	Loss   0.70 (  0.70)	Cls Acc 100.0 (100.0)	Domain Acc 56.4 (56.4)
Epoch: [20][  50/1000]	Time  6.12 ( 7.01)	Data  6.06 ( 6.95)	Loss   0.69 (  0.69)	Cls Acc 100.0 (100.0)	Domain Acc 53.9 (56.6)
Epoch: [20][ 100/1000]	Time  8.68 ( 7.02)	Data  8.62 ( 6.96)	Loss   0.69 (  0.69)	Cls Acc 100.0 (100.0)	Domain Acc 58.6 (57.9)
Epoch: [20][ 150/1000]	Time  6.22 ( 7.01)	Data  6.16 ( 6.94)	Loss   0.69 (  0.69)	Cls Acc 100.0 (100.0)	Domain Acc 52.3 (57.4)
Epoch: [20][ 200/1000]	Time  6.18 ( 7.01)	Data  6.11 ( 6.94)	Loss   0.69 (  0.69)	Cls Acc 100.0 (100.0)	Domain Acc 57.0 (56.9)
Epoch: [20][ 250/1000]	Time  8.62 ( 7.01)	Data  8.55 ( 6.95)	Loss   0.70 (  0.69)	Cls Acc 100.0 (100.0)	Domain Acc 54.5 (56.6)
Epoch: [20][ 300/1000]	Time  6.19 ( 7.00)	Data  6.12 ( 6.94)	Loss   0.68 (  0.69)	Cls Acc 100.0 (100.0)	Domain Acc 61.3 (56.6)
Epoch: [20][ 350/1000]	Time  6.20 ( 7.01)	Data  6.14 ( 6.95)	Loss   0.68 (  0.69)	Cls Acc 100.0 (100.0)	Domain Acc 59.0 (56.9)
Epoch: [20][ 400/1000]	Time  8.73 ( 7.01)	Data  8.66 ( 6.94)	Loss   0.69 (  0.69)	Cls Acc 100.0 (100.0)	Domain Acc 59.8 (57.0)
Epoch: [20][ 450/1000]	Time  6.13 ( 7.00)	Data  6.07 ( 6.94)	Loss   0.70 (  0.69)	Cls Acc 100.0 (100.0)	Domain Acc 56.2 (56.9)
Epoch: [20][ 500/1000]	Time  6.20 ( 7.00)	Data  6.13 ( 6.94)	Loss   0.69 (  0.69)	Cls Acc 100.0 (100.0)	Domain Acc 59.0 (56.9)
Epoch: [20][ 550/1000]	Time  9.09 ( 7.01)	Data  9.02 ( 6.94)	Loss   0.69 (  0.69)	Cls Acc 100.0 (100.0)	Domain Acc 57.0 (57.0)
Epoch: [20][ 600/1000]	Time  6.18 ( 7.01)	Data  6.11 ( 6.94)	Loss   0.69 (  0.69)	Cls Acc 100.0 (100.0)	Domain Acc 62.7 (57.0)
Epoch: [20][ 650/1000]	Time  6.11 ( 7.01)	Data  6.05 ( 6.94)	Loss   0.69 (  0.69)	Cls Acc 100.0 (100.0)	Domain Acc 54.5 (56.9)
Epoch: [20][ 700/1000]	Time  8.51 ( 7.01)	Data  8.45 ( 6.94)	Loss   0.69 (  0.69)	Cls Acc 100.0 (100.0)	Domain Acc 53.1 (56.9)
Epoch: [20][ 750/1000]	Time  6.22 ( 7.00)	Data  6.16 ( 6.94)	Loss   0.68 (  0.69)	Cls Acc 100.0 (100.0)	Domain Acc 61.7 (57.0)
Epoch: [20][ 800/1000]	Time  6.20 ( 7.00)	Data  6.14 ( 6.94)	Loss   0.69 (  0.69)	Cls Acc 100.0 (100.0)	Domain Acc 57.0 (57.2)
Epoch: [20][ 850/1000]	Time  8.71 ( 7.00)	Data  8.65 ( 6.94)	Loss   0.70 (  0.69)	Cls Acc 100.0 (100.0)	Domain Acc 55.7 (57.1)
Epoch: [20][ 900/1000]	Time  6.12 ( 7.00)	Data  6.06 ( 6.94)	Loss   0.69 (  0.69)	Cls Acc 100.0 (100.0)	Domain Acc 55.3 (57.1)
Epoch: [20][ 950/1000]	Time  6.14 ( 7.00)	Data  6.07 ( 6.94)	Loss   0.69 (  0.69)	Cls Acc 100.0 (100.0)	Domain Acc 57.0 (57.0)
Test: [0/4]	Time  2.372 ( 2.372)	Loss 2.1207e+00 (2.1207e+00)	Acc@1  62.11 ( 62.11)	Acc@5  89.84 ( 89.84)
 * Acc@1 73.836 Acc@5 92.201
acc1 = 73.8, best_acc1 = 75.3
Epoch: [21][   0/1000]	Time  8.49 ( 8.49)	Data  8.43 ( 8.43)	Loss   0.70 (  0.70)	Cls Acc 100.0 (100.0)	Domain Acc 55.9 (55.9)
Epoch: [21][  50/1000]	Time  6.18 ( 6.98)	Data  6.12 ( 6.92)	Loss   0.69 (  0.70)	Cls Acc 100.0 (100.0)	Domain Acc 54.9 (55.6)
Epoch: [21][ 100/1000]	Time  6.21 ( 6.98)	Data  6.14 ( 6.92)	Loss   0.69 (  0.69)	Cls Acc 100.0 (100.0)	Domain Acc 58.4 (55.9)
Epoch: [21][ 150/1000]	Time  8.63 ( 6.98)	Data  8.57 ( 6.92)	Loss   0.71 (  0.70)	Cls Acc 100.0 (100.0)	Domain Acc 52.7 (55.8)
Epoch: [21][ 200/1000]	Time  6.13 ( 6.97)	Data  6.07 ( 6.91)	Loss   0.69 (  0.70)	Cls Acc 100.0 (100.0)	Domain Acc 57.4 (55.9)
Epoch: [21][ 250/1000]	Time  6.10 ( 6.97)	Data  6.04 ( 6.91)	Loss   0.69 (  0.69)	Cls Acc 100.0 (100.0)	Domain Acc 58.4 (56.0)
Epoch: [21][ 300/1000]	Time  8.57 ( 6.98)	Data  8.51 ( 6.92)	Loss   0.70 (  0.69)	Cls Acc 100.0 (100.0)	Domain Acc 56.1 (55.9)
Epoch: [21][ 350/1000]	Time  6.17 ( 6.97)	Data  6.11 ( 6.91)	Loss   0.68 (  0.69)	Cls Acc 100.0 (100.0)	Domain Acc 59.6 (56.1)
Epoch: [21][ 400/1000]	Time  6.12 ( 6.98)	Data  6.06 ( 6.91)	Loss   0.69 (  0.69)	Cls Acc 100.0 (100.0)	Domain Acc 56.1 (56.3)
Epoch: [21][ 450/1000]	Time  8.64 ( 6.98)	Data  8.57 ( 6.91)	Loss   0.70 (  0.69)	Cls Acc 100.0 (100.0)	Domain Acc 55.3 (56.2)
Epoch: [21][ 500/1000]	Time  6.13 ( 6.97)	Data  6.07 ( 6.91)	Loss   0.69 (  0.69)	Cls Acc 100.0 (100.0)	Domain Acc 58.0 (56.3)
Epoch: [21][ 550/1000]	Time  6.13 ( 6.98)	Data  6.06 ( 6.91)	Loss   0.68 (  0.69)	Cls Acc 100.0 (100.0)	Domain Acc 60.9 (56.4)
Epoch: [21][ 600/1000]	Time  8.68 ( 6.98)	Data  8.61 ( 6.91)	Loss   0.69 (  0.69)	Cls Acc 100.0 (100.0)	Domain Acc 57.6 (56.4)
Epoch: [21][ 650/1000]	Time  6.24 ( 6.97)	Data  6.18 ( 6.91)	Loss   0.69 (  0.69)	Cls Acc 100.0 (100.0)	Domain Acc 56.8 (56.4)
Epoch: [21][ 700/1000]	Time  6.14 ( 6.97)	Data  6.07 ( 6.91)	Loss   0.69 (  0.69)	Cls Acc 100.0 (100.0)	Domain Acc 55.7 (56.6)
Epoch: [21][ 750/1000]	Time  8.47 ( 6.97)	Data  8.40 ( 6.91)	Loss   0.70 (  0.69)	Cls Acc 100.0 (100.0)	Domain Acc 52.7 (56.6)
Epoch: [21][ 800/1000]	Time  6.14 ( 6.97)	Data  6.08 ( 6.91)	Loss   0.69 (  0.69)	Cls Acc 100.0 (100.0)	Domain Acc 60.7 (56.6)
Epoch: [21][ 850/1000]	Time  6.22 ( 6.97)	Data  6.16 ( 6.91)	Loss   0.69 (  0.69)	Cls Acc 100.0 (100.0)	Domain Acc 57.2 (56.7)
Epoch: [21][ 900/1000]	Time  8.61 ( 6.97)	Data  8.55 ( 6.91)	Loss   0.69 (  0.69)	Cls Acc 100.0 (100.0)	Domain Acc 54.7 (56.6)
Epoch: [21][ 950/1000]	Time  6.18 ( 6.97)	Data  6.12 ( 6.91)	Loss   0.69 (  0.69)	Cls Acc 100.0 (100.0)	Domain Acc 56.1 (56.6)
Test: [0/4]	Time  2.361 ( 2.361)	Loss 2.1545e+00 (2.1545e+00)	Acc@1  62.89 ( 62.89)	Acc@5  91.02 ( 91.02)
 * Acc@1 74.465 Acc@5 89.937
acc1 = 74.5, best_acc1 = 75.3
Epoch: [22][   0/1000]	Time  6.14 ( 6.14)	Data  6.07 ( 6.07)	Loss   0.70 (  0.70)	Cls Acc 100.0 (100.0)	Domain Acc 52.5 (52.5)
Epoch: [22][  50/1000]	Time  8.42 ( 6.97)	Data  8.36 ( 6.90)	Loss   0.70 (  0.69)	Cls Acc 100.0 (100.0)	Domain Acc 56.2 (55.5)
Epoch: [22][ 100/1000]	Time  6.17 ( 6.96)	Data  6.11 ( 6.90)	Loss   0.69 (  0.69)	Cls Acc 100.0 (100.0)	Domain Acc 59.6 (56.6)
Epoch: [22][ 150/1000]	Time  6.20 ( 6.97)	Data  6.13 ( 6.91)	Loss   0.68 (  0.69)	Cls Acc 100.0 (100.0)	Domain Acc 59.6 (57.1)
Epoch: [22][ 200/1000]	Time  8.79 ( 6.97)	Data  8.73 ( 6.91)	Loss   0.70 (  0.69)	Cls Acc 100.0 (100.0)	Domain Acc 52.5 (57.0)
Epoch: [22][ 250/1000]	Time  6.14 ( 6.97)	Data  6.07 ( 6.91)	Loss   0.69 (  0.69)	Cls Acc 100.0 (100.0)	Domain Acc 57.4 (56.6)
Epoch: [22][ 300/1000]	Time  6.12 ( 6.97)	Data  6.06 ( 6.91)	Loss   0.69 (  0.69)	Cls Acc 100.0 (100.0)	Domain Acc 56.2 (56.9)
Epoch: [22][ 350/1000]	Time  8.54 ( 6.98)	Data  8.48 ( 6.91)	Loss   0.70 (  0.69)	Cls Acc 100.0 (100.0)	Domain Acc 56.8 (56.6)
Epoch: [22][ 400/1000]	Time  6.18 ( 6.97)	Data  6.12 ( 6.91)	Loss   0.68 (  0.69)	Cls Acc 100.0 (100.0)	Domain Acc 57.2 (56.4)
Epoch: [22][ 450/1000]	Time  6.18 ( 6.98)	Data  6.11 ( 6.91)	Loss   0.70 (  0.69)	Cls Acc 100.0 (100.0)	Domain Acc 51.2 (56.4)
Epoch: [22][ 500/1000]	Time  8.70 ( 6.98)	Data  8.64 ( 6.91)	Loss   0.68 (  0.69)	Cls Acc 100.0 (100.0)	Domain Acc 58.0 (56.2)
Epoch: [22][ 550/1000]	Time  6.14 ( 6.98)	Data  6.08 ( 6.91)	Loss   0.70 (  0.69)	Cls Acc 100.0 (100.0)	Domain Acc 53.9 (56.2)
Epoch: [22][ 600/1000]	Time  6.16 ( 6.98)	Data  6.09 ( 6.92)	Loss   0.68 (  0.69)	Cls Acc 100.0 (100.0)	Domain Acc 58.0 (56.2)
Epoch: [22][ 650/1000]	Time  8.62 ( 6.98)	Data  8.56 ( 6.92)	Loss   0.68 (  0.69)	Cls Acc 100.0 (100.0)	Domain Acc 59.0 (56.1)
Epoch: [22][ 700/1000]	Time  6.19 ( 6.98)	Data  6.13 ( 6.92)	Loss   0.70 (  0.69)	Cls Acc 100.0 (100.0)	Domain Acc 53.7 (56.2)
Epoch: [22][ 750/1000]	Time  6.20 ( 6.98)	Data  6.13 ( 6.92)	Loss   0.68 (  0.69)	Cls Acc 100.0 (100.0)	Domain Acc 59.8 (56.2)
Epoch: [22][ 800/1000]	Time  8.60 ( 6.98)	Data  8.54 ( 6.92)	Loss   0.70 (  0.69)	Cls Acc 100.0 (100.0)	Domain Acc 54.7 (56.1)
Epoch: [22][ 850/1000]	Time  6.15 ( 6.98)	Data  6.09 ( 6.92)	Loss   0.68 (  0.69)	Cls Acc 100.0 (100.0)	Domain Acc 60.9 (56.1)
Epoch: [22][ 900/1000]	Time  6.13 ( 6.98)	Data  6.06 ( 6.92)	Loss   0.69 (  0.69)	Cls Acc 100.0 (100.0)	Domain Acc 60.2 (56.2)
Epoch: [22][ 950/1000]	Time  8.63 ( 6.98)	Data  8.57 ( 6.92)	Loss   0.69 (  0.69)	Cls Acc 100.0 (100.0)	Domain Acc 55.5 (56.2)
Test: [0/4]	Time  2.539 ( 2.539)	Loss 2.2300e+00 (2.2300e+00)	Acc@1  62.11 ( 62.11)	Acc@5  91.02 ( 91.02)
 * Acc@1 74.465 Acc@5 91.321
acc1 = 74.5, best_acc1 = 75.3
Epoch: [23][   0/1000]	Time  6.18 ( 6.18)	Data  6.11 ( 6.11)	Loss   0.68 (  0.68)	Cls Acc 100.0 (100.0)	Domain Acc 56.2 (56.2)
Epoch: [23][  50/1000]	Time  6.17 ( 6.98)	Data  6.10 ( 6.92)	Loss   0.70 (  0.69)	Cls Acc 100.0 (100.0)	Domain Acc 55.1 (56.2)
Epoch: [23][ 100/1000]	Time  8.71 ( 6.99)	Data  8.65 ( 6.92)	Loss   0.69 (  0.69)	Cls Acc 100.0 (100.0)	Domain Acc 56.4 (56.2)
Epoch: [23][ 150/1000]	Time  6.14 ( 6.97)	Data  6.07 ( 6.91)	Loss   0.69 (  0.69)	Cls Acc 100.0 (100.0)	Domain Acc 52.7 (56.3)
Epoch: [23][ 200/1000]	Time  6.15 ( 6.98)	Data  6.09 ( 6.91)	Loss   0.67 (  0.69)	Cls Acc 100.0 (100.0)	Domain Acc 63.7 (57.0)
Epoch: [23][ 250/1000]	Time  8.80 ( 6.98)	Data  8.73 ( 6.92)	Loss   0.70 (  0.69)	Cls Acc 100.0 (100.0)	Domain Acc 57.6 (56.9)
Epoch: [23][ 300/1000]	Time  6.23 ( 6.97)	Data  6.17 ( 6.91)	Loss   0.69 (  0.69)	Cls Acc 100.0 (100.0)	Domain Acc 59.4 (56.6)
Epoch: [23][ 350/1000]	Time  6.15 ( 6.97)	Data  6.08 ( 6.91)	Loss   0.67 (  0.69)	Cls Acc 100.0 (100.0)	Domain Acc 60.7 (57.0)
Epoch: [23][ 400/1000]	Time  8.48 ( 6.98)	Data  8.41 ( 6.91)	Loss   0.70 (  0.69)	Cls Acc 100.0 (100.0)	Domain Acc 54.5 (56.8)
Epoch: [23][ 450/1000]	Time  6.15 ( 6.97)	Data  6.08 ( 6.91)	Loss   0.68 (  0.69)	Cls Acc 100.0 (100.0)	Domain Acc 58.6 (56.7)
Epoch: [23][ 500/1000]	Time  6.15 ( 6.97)	Data  6.08 ( 6.91)	Loss   0.69 (  0.69)	Cls Acc 100.0 (100.0)	Domain Acc 58.2 (57.0)
Epoch: [23][ 550/1000]	Time  8.52 ( 6.98)	Data  8.46 ( 6.91)	Loss   0.69 (  0.69)	Cls Acc 100.0 (100.0)	Domain Acc 54.1 (56.8)
Epoch: [23][ 600/1000]	Time  6.20 ( 6.97)	Data  6.13 ( 6.91)	Loss   0.68 (  0.69)	Cls Acc 100.0 (100.0)	Domain Acc 56.6 (56.9)
Epoch: [23][ 650/1000]	Time  6.07 ( 6.97)	Data  6.01 ( 6.91)	Loss   0.68 (  0.69)	Cls Acc 100.0 (100.0)	Domain Acc 61.7 (56.8)
Epoch: [23][ 700/1000]	Time  8.50 ( 6.98)	Data  8.44 ( 6.91)	Loss   0.69 (  0.69)	Cls Acc 100.0 (100.0)	Domain Acc 59.2 (57.0)
Epoch: [23][ 750/1000]	Time  6.19 ( 6.97)	Data  6.13 ( 6.91)	Loss   0.68 (  0.69)	Cls Acc 100.0 (100.0)	Domain Acc 56.1 (56.9)
Epoch: [23][ 800/1000]	Time  6.18 ( 6.97)	Data  6.12 ( 6.91)	Loss   0.68 (  0.69)	Cls Acc 100.0 (100.0)	Domain Acc 58.0 (56.8)
