Namespace(arch='alexnet', batch_size=256, bottleneck_dim=256, center_crop=False, checkmodel_logsave=False, data='Office31', data_processing='ours', epochs=50, iters_per_epoch=1000, local=True, local_pretrained_path='/home/junzhin/Project/Summer_project/code/version1.0/pretrained_model_results/ALEX_office31masked2_newmodel_best.pth.tar', log='/home/junzhin/Project/Summer_project/code/version2.0/training_results/dann/ALEX_office31masked2/A_D', lr=0.01, lr_decay=0.75, lr_gamma=0.001, momentum=0.9, per_class_eval=False, phase='train', pretrained=True, print_freq=50, root='/home/junzhin/Project/Summer_project/code/version2.0/data/office31', seed=None, source='A', target='D', trade_off=1.0, weight_decay=0.001, workers=4)
=> using pre-trained model 'alexnet'
Loading the local alexnet pretrained model weights!
Epoch: [0][   0/1000]	Time  5.39 ( 5.39)	Data  3.20 ( 3.20)	Loss   4.14 (  4.14)	Cls Acc 5.1 (5.1)	Domain Acc 59.8 (59.8)
Epoch: [0][  50/1000]	Time  6.26 ( 6.36)	Data  6.19 ( 6.25)	Loss   2.50 (  3.00)	Cls Acc 35.5 (22.2)	Domain Acc 98.0 (96.4)
Epoch: [0][ 100/1000]	Time  6.45 ( 6.40)	Data  6.39 ( 6.31)	Loss   1.88 (  2.58)	Cls Acc 51.6 (32.5)	Domain Acc 98.8 (97.5)
Epoch: [0][ 150/1000]	Time  6.31 ( 6.43)	Data  6.24 ( 6.36)	Loss   1.61 (  2.31)	Cls Acc 54.7 (39.5)	Domain Acc 99.6 (98.0)
Epoch: [0][ 200/1000]	Time  6.33 ( 6.48)	Data  6.26 ( 6.40)	Loss   1.29 (  2.10)	Cls Acc 66.4 (45.1)	Domain Acc 99.4 (98.3)
Epoch: [0][ 250/1000]	Time  6.18 ( 6.48)	Data  6.12 ( 6.41)	Loss   1.13 (  1.93)	Cls Acc 69.1 (49.8)	Domain Acc 99.4 (98.5)
Epoch: [0][ 300/1000]	Time  6.22 ( 6.47)	Data  6.16 ( 6.40)	Loss   0.98 (  1.78)	Cls Acc 75.8 (53.9)	Domain Acc 98.8 (98.6)
Epoch: [0][ 350/1000]	Time  6.25 ( 6.46)	Data  6.19 ( 6.39)	Loss   0.82 (  1.65)	Cls Acc 82.4 (57.3)	Domain Acc 99.0 (98.7)
Epoch: [0][ 400/1000]	Time  6.24 ( 6.45)	Data  6.17 ( 6.38)	Loss   0.68 (  1.54)	Cls Acc 85.5 (60.4)	Domain Acc 99.2 (98.7)
Epoch: [0][ 450/1000]	Time  6.21 ( 6.44)	Data  6.15 ( 6.37)	Loss   0.74 (  1.45)	Cls Acc 84.8 (63.2)	Domain Acc 94.1 (98.6)
Epoch: [0][ 500/1000]	Time  6.21 ( 6.44)	Data  6.14 ( 6.37)	Loss   3.51 (  1.48)	Cls Acc 71.1 (65.0)	Domain Acc 50.0 (95.9)
Epoch: [0][ 550/1000]	Time  8.16 ( 6.44)	Data  8.09 ( 6.37)	Loss   2.82 (  1.63)	Cls Acc 72.7 (65.6)	Domain Acc 62.5 (91.7)
Epoch: [0][ 600/1000]	Time  6.24 ( 6.43)	Data  6.17 ( 6.37)	Loss   1.76 (  1.70)	Cls Acc 79.7 (66.4)	Domain Acc 65.4 (88.4)
Epoch: [0][ 650/1000]	Time  6.29 ( 6.43)	Data  6.23 ( 6.37)	Loss   1.62 (  1.71)	Cls Acc 84.8 (67.6)	Domain Acc 61.3 (85.9)
Epoch: [0][ 700/1000]	Time  6.23 ( 6.43)	Data  6.17 ( 6.37)	Loss   1.06 (  1.69)	Cls Acc 88.7 (68.8)	Domain Acc 68.6 (83.9)
Epoch: [0][ 750/1000]	Time  6.26 ( 6.43)	Data  6.20 ( 6.37)	Loss   1.37 (  1.67)	Cls Acc 86.7 (70.0)	Domain Acc 56.6 (82.0)
Epoch: [0][ 800/1000]	Time  6.20 ( 6.43)	Data  6.14 ( 6.36)	Loss   1.20 (  1.65)	Cls Acc 90.2 (71.2)	Domain Acc 59.6 (80.2)
Epoch: [0][ 850/1000]	Time  6.21 ( 6.43)	Data  6.15 ( 6.36)	Loss   1.24 (  1.63)	Cls Acc 92.2 (72.3)	Domain Acc 48.2 (78.8)
Epoch: [0][ 900/1000]	Time  6.20 ( 6.43)	Data  6.14 ( 6.36)	Loss   1.14 (  1.60)	Cls Acc 94.5 (73.4)	Domain Acc 56.2 (77.5)
Epoch: [0][ 950/1000]	Time  6.24 ( 6.43)	Data  6.17 ( 6.36)	Loss   1.31 (  1.58)	Cls Acc 92.2 (74.5)	Domain Acc 47.3 (76.2)
Test: [0/2]	Time  6.420 ( 6.420)	Loss 3.6912e+00 (3.6912e+00)	Acc@1  22.66 ( 22.66)	Acc@5  51.56 ( 51.56)
 * Acc@1 18.675 Acc@5 48.996
acc1 = 18.7, best_acc1 = 18.7
Epoch: [1][   0/1000]	Time  6.26 ( 6.26)	Data  6.19 ( 6.19)	Loss   1.11 (  1.11)	Cls Acc 95.7 (95.7)	Domain Acc 49.8 (49.8)
Epoch: [1][  50/1000]	Time  6.22 ( 6.43)	Data  6.15 ( 6.37)	Loss   0.88 (  1.15)	Cls Acc 95.7 (94.2)	Domain Acc 60.4 (48.8)
Epoch: [1][ 100/1000]	Time  8.28 ( 6.44)	Data  8.21 ( 6.37)	Loss   1.01 (  1.11)	Cls Acc 97.3 (94.7)	Domain Acc 43.8 (50.2)
Epoch: [1][ 150/1000]	Time  6.24 ( 6.42)	Data  6.18 ( 6.36)	Loss   0.90 (  1.08)	Cls Acc 95.7 (95.0)	Domain Acc 58.0 (50.9)
Epoch: [1][ 200/1000]	Time  6.24 ( 6.42)	Data  6.18 ( 6.36)	Loss   1.08 (  1.07)	Cls Acc 95.3 (95.3)	Domain Acc 48.2 (50.5)
Epoch: [1][ 250/1000]	Time  6.22 ( 6.42)	Data  6.16 ( 6.35)	Loss   1.25 (  1.07)	Cls Acc 95.3 (95.4)	Domain Acc 39.1 (50.1)
Epoch: [1][ 300/1000]	Time  6.24 ( 6.42)	Data  6.18 ( 6.36)	Loss   1.27 (  1.07)	Cls Acc 93.8 (95.5)	Domain Acc 42.2 (49.2)
Epoch: [1][ 350/1000]	Time  6.19 ( 6.42)	Data  6.13 ( 6.35)	Loss   1.05 (  1.07)	Cls Acc 95.3 (95.6)	Domain Acc 52.1 (48.9)
Epoch: [1][ 400/1000]	Time  6.21 ( 6.42)	Data  6.15 ( 6.36)	Loss   0.86 (  1.07)	Cls Acc 98.4 (95.7)	Domain Acc 52.3 (48.6)
Epoch: [1][ 450/1000]	Time  6.22 ( 6.42)	Data  6.16 ( 6.35)	Loss   0.84 (  1.06)	Cls Acc 98.8 (95.8)	Domain Acc 53.7 (48.9)
Epoch: [1][ 500/1000]	Time  6.25 ( 6.42)	Data  6.18 ( 6.35)	Loss   1.06 (  1.05)	Cls Acc 97.3 (95.9)	Domain Acc 48.6 (48.6)
Epoch: [1][ 550/1000]	Time  6.24 ( 6.41)	Data  6.18 ( 6.35)	Loss   1.03 (  1.04)	Cls Acc 97.7 (96.1)	Domain Acc 50.0 (48.7)
Epoch: [1][ 600/1000]	Time  6.18 ( 6.42)	Data  6.12 ( 6.35)	Loss   0.86 (  1.04)	Cls Acc 97.7 (96.2)	Domain Acc 55.7 (48.4)
Epoch: [1][ 650/1000]	Time  8.31 ( 6.42)	Data  8.25 ( 6.35)	Loss   1.02 (  1.03)	Cls Acc 98.0 (96.3)	Domain Acc 34.4 (48.2)
Epoch: [1][ 700/1000]	Time  6.24 ( 6.42)	Data  6.17 ( 6.35)	Loss   0.90 (  1.03)	Cls Acc 96.9 (96.4)	Domain Acc 53.7 (48.1)
Epoch: [1][ 750/1000]	Time  6.28 ( 6.42)	Data  6.22 ( 6.35)	Loss   0.95 (  1.02)	Cls Acc 97.3 (96.5)	Domain Acc 42.6 (47.9)
Epoch: [1][ 800/1000]	Time  6.21 ( 6.42)	Data  6.15 ( 6.35)	Loss   1.08 (  1.02)	Cls Acc 96.1 (96.5)	Domain Acc 50.4 (47.8)
Epoch: [1][ 850/1000]	Time  6.26 ( 6.42)	Data  6.20 ( 6.36)	Loss   1.03 (  1.02)	Cls Acc 98.8 (96.6)	Domain Acc 54.9 (47.9)
Epoch: [1][ 900/1000]	Time  6.25 ( 6.42)	Data  6.19 ( 6.36)	Loss   1.00 (  1.02)	Cls Acc 98.0 (96.6)	Domain Acc 57.0 (47.9)
Epoch: [1][ 950/1000]	Time  6.21 ( 6.42)	Data  6.15 ( 6.36)	Loss   0.98 (  1.02)	Cls Acc 97.7 (96.7)	Domain Acc 40.6 (47.8)
Test: [0/2]	Time  6.062 ( 6.062)	Loss 4.2788e+00 (4.2788e+00)	Acc@1  28.12 ( 28.12)	Acc@5  54.69 ( 54.69)
 * Acc@1 21.486 Acc@5 50.000
acc1 = 21.5, best_acc1 = 21.5
Epoch: [2][   0/1000]	Time  6.30 ( 6.30)	Data  6.24 ( 6.24)	Loss   0.83 (  0.83)	Cls Acc 98.8 (98.8)	Domain Acc 51.2 (51.2)
Epoch: [2][  50/1000]	Time  6.24 ( 6.47)	Data  6.17 ( 6.41)	Loss   0.80 (  0.95)	Cls Acc 99.2 (98.0)	Domain Acc 57.4 (47.7)
Epoch: [2][ 100/1000]	Time  6.24 ( 6.44)	Data  6.18 ( 6.37)	Loss   0.82 (  0.92)	Cls Acc 98.8 (98.1)	Domain Acc 53.9 (49.0)
Epoch: [2][ 150/1000]	Time  6.22 ( 6.44)	Data  6.15 ( 6.38)	Loss   1.04 (  0.92)	Cls Acc 96.9 (98.3)	Domain Acc 48.0 (48.5)
Epoch: [2][ 200/1000]	Time  8.30 ( 6.45)	Data  8.23 ( 6.38)	Loss   0.85 (  0.92)	Cls Acc 99.2 (98.3)	Domain Acc 51.0 (48.4)
Epoch: [2][ 250/1000]	Time  6.22 ( 6.44)	Data  6.15 ( 6.37)	Loss   1.07 (  0.93)	Cls Acc 96.9 (98.2)	Domain Acc 43.6 (48.2)
Epoch: [2][ 300/1000]	Time  6.25 ( 6.44)	Data  6.19 ( 6.37)	Loss   0.83 (  0.93)	Cls Acc 98.8 (98.2)	Domain Acc 53.9 (48.0)
Epoch: [2][ 350/1000]	Time  6.30 ( 6.44)	Data  6.23 ( 6.37)	Loss   0.98 (  0.92)	Cls Acc 98.8 (98.2)	Domain Acc 43.2 (48.0)
Epoch: [2][ 400/1000]	Time  6.29 ( 6.45)	Data  6.22 ( 6.39)	Loss   0.89 (  0.92)	Cls Acc 98.8 (98.3)	Domain Acc 42.4 (47.8)
Epoch: [2][ 450/1000]	Time  6.25 ( 6.47)	Data  6.19 ( 6.41)	Loss   0.99 (  0.91)	Cls Acc 98.0 (98.3)	Domain Acc 33.0 (47.7)
Epoch: [2][ 500/1000]	Time  6.37 ( 6.48)	Data  6.31 ( 6.42)	Loss   0.87 (  0.91)	Cls Acc 99.6 (98.4)	Domain Acc 46.3 (47.7)
Epoch: [2][ 550/1000]	Time  6.24 ( 6.48)	Data  6.17 ( 6.41)	Loss   0.82 (  0.91)	Cls Acc 100.0 (98.4)	Domain Acc 55.1 (47.7)
Epoch: [2][ 600/1000]	Time  6.23 ( 6.47)	Data  6.17 ( 6.41)	Loss   0.85 (  0.90)	Cls Acc 99.2 (98.5)	Domain Acc 52.0 (47.9)
Epoch: [2][ 650/1000]	Time  6.24 ( 6.47)	Data  6.18 ( 6.40)	Loss   0.73 (  0.89)	Cls Acc 99.6 (98.5)	Domain Acc 61.3 (48.3)
Epoch: [2][ 700/1000]	Time  6.24 ( 6.47)	Data  6.18 ( 6.40)	Loss   0.82 (  0.89)	Cls Acc 98.4 (98.5)	Domain Acc 50.2 (48.1)
Epoch: [2][ 750/1000]	Time  8.19 ( 6.46)	Data  8.13 ( 6.40)	Loss   0.81 (  0.89)	Cls Acc 99.2 (98.6)	Domain Acc 49.0 (48.2)
Epoch: [2][ 800/1000]	Time  6.25 ( 6.46)	Data  6.19 ( 6.40)	Loss   0.83 (  0.89)	Cls Acc 97.7 (98.6)	Domain Acc 45.9 (48.2)
Epoch: [2][ 850/1000]	Time  6.24 ( 6.46)	Data  6.17 ( 6.39)	Loss   0.83 (  0.89)	Cls Acc 99.2 (98.6)	Domain Acc 49.0 (48.3)
Epoch: [2][ 900/1000]	Time  6.33 ( 6.46)	Data  6.27 ( 6.39)	Loss   0.93 (  0.88)	Cls Acc 98.8 (98.6)	Domain Acc 37.3 (48.4)
Epoch: [2][ 950/1000]	Time  6.23 ( 6.46)	Data  6.17 ( 6.39)	Loss   0.94 (  0.88)	Cls Acc 98.4 (98.6)	Domain Acc 44.1 (48.5)
Test: [0/2]	Time  6.033 ( 6.033)	Loss 4.3934e+00 (4.3934e+00)	Acc@1  29.30 ( 29.30)	Acc@5  60.55 ( 60.55)
 * Acc@1 21.888 Acc@5 53.614
acc1 = 21.9, best_acc1 = 21.9
Epoch: [3][   0/1000]	Time  6.21 ( 6.21)	Data  6.14 ( 6.14)	Loss   0.78 (  0.78)	Cls Acc 98.8 (98.8)	Domain Acc 56.8 (56.8)
Epoch: [3][  50/1000]	Time  6.21 ( 6.45)	Data  6.15 ( 6.39)	Loss   0.97 (  0.86)	Cls Acc 97.7 (98.6)	Domain Acc 42.6 (49.2)
Epoch: [3][ 100/1000]	Time  6.20 ( 6.43)	Data  6.14 ( 6.37)	Loss   0.83 (  0.88)	Cls Acc 99.6 (98.6)	Domain Acc 45.7 (49.6)
Epoch: [3][ 150/1000]	Time  6.23 ( 6.43)	Data  6.17 ( 6.37)	Loss   0.78 (  0.85)	Cls Acc 98.8 (98.9)	Domain Acc 47.9 (50.2)
Epoch: [3][ 200/1000]	Time  6.25 ( 6.42)	Data  6.18 ( 6.36)	Loss   0.76 (  0.84)	Cls Acc 99.6 (99.0)	Domain Acc 50.0 (50.1)
Epoch: [3][ 250/1000]	Time  6.22 ( 6.42)	Data  6.16 ( 6.36)	Loss   0.79 (  0.83)	Cls Acc 100.0 (99.0)	Domain Acc 50.0 (49.5)
Epoch: [3][ 300/1000]	Time  8.28 ( 6.43)	Data  8.22 ( 6.37)	Loss   0.86 (  0.84)	Cls Acc 97.3 (99.1)	Domain Acc 49.0 (49.2)
Epoch: [3][ 350/1000]	Time  6.20 ( 6.42)	Data  6.13 ( 6.36)	Loss   0.74 (  0.83)	Cls Acc 100.0 (99.1)	Domain Acc 58.2 (49.3)
Epoch: [3][ 400/1000]	Time  6.28 ( 6.43)	Data  6.22 ( 6.36)	Loss   0.71 (  0.83)	Cls Acc 99.6 (99.1)	Domain Acc 58.4 (49.3)
Epoch: [3][ 450/1000]	Time  6.20 ( 6.42)	Data  6.14 ( 6.36)	Loss   0.81 (  0.82)	Cls Acc 99.2 (99.2)	Domain Acc 47.5 (49.2)
Epoch: [3][ 500/1000]	Time  6.25 ( 6.42)	Data  6.19 ( 6.36)	Loss   0.82 (  0.82)	Cls Acc 100.0 (99.2)	Domain Acc 46.5 (49.1)
Epoch: [3][ 550/1000]	Time  6.19 ( 6.42)	Data  6.12 ( 6.36)	Loss   0.81 (  0.82)	Cls Acc 99.2 (99.2)	Domain Acc 49.8 (49.1)
Epoch: [3][ 600/1000]	Time  6.22 ( 6.42)	Data  6.16 ( 6.36)	Loss   0.76 (  0.82)	Cls Acc 99.2 (99.2)	Domain Acc 51.8 (49.0)
Epoch: [3][ 650/1000]	Time  6.26 ( 6.42)	Data  6.20 ( 6.36)	Loss   0.86 (  0.82)	Cls Acc 97.7 (99.2)	Domain Acc 44.9 (49.1)
Epoch: [3][ 700/1000]	Time  6.19 ( 6.42)	Data  6.13 ( 6.36)	Loss   0.95 (  0.82)	Cls Acc 97.3 (99.2)	Domain Acc 40.4 (49.1)
Epoch: [3][ 750/1000]	Time  6.23 ( 6.42)	Data  6.17 ( 6.35)	Loss   0.82 (  0.82)	Cls Acc 99.2 (99.2)	Domain Acc 47.9 (49.1)
Epoch: [3][ 800/1000]	Time  6.19 ( 6.42)	Data  6.13 ( 6.35)	Loss   0.80 (  0.82)	Cls Acc 100.0 (99.2)	Domain Acc 49.6 (49.3)
Epoch: [3][ 850/1000]	Time  8.25 ( 6.42)	Data  8.18 ( 6.35)	Loss   0.84 (  0.82)	Cls Acc 99.2 (99.2)	Domain Acc 42.6 (49.2)
Epoch: [3][ 900/1000]	Time  6.19 ( 6.42)	Data  6.13 ( 6.35)	Loss   0.83 (  0.82)	Cls Acc 99.2 (99.2)	Domain Acc 44.5 (49.2)
Epoch: [3][ 950/1000]	Time  6.23 ( 6.42)	Data  6.17 ( 6.35)	Loss   0.69 (  0.82)	Cls Acc 99.6 (99.3)	Domain Acc 62.5 (49.2)
Test: [0/2]	Time  6.000 ( 6.000)	Loss 5.2142e+00 (5.2142e+00)	Acc@1  25.78 ( 25.78)	Acc@5  53.52 ( 53.52)
 * Acc@1 25.100 Acc@5 49.598
acc1 = 25.1, best_acc1 = 25.1
Epoch: [4][   0/1000]	Time  6.26 ( 6.26)	Data  6.20 ( 6.20)	Loss   0.81 (  0.81)	Cls Acc 100.0 (100.0)	Domain Acc 48.0 (48.0)
Epoch: [4][  50/1000]	Time  6.24 ( 6.44)	Data  6.18 ( 6.37)	Loss   0.78 (  0.82)	Cls Acc 100.0 (99.5)	Domain Acc 49.8 (50.6)
Epoch: [4][ 100/1000]	Time  6.21 ( 6.41)	Data  6.14 ( 6.35)	Loss   0.78 (  0.79)	Cls Acc 100.0 (99.6)	Domain Acc 47.3 (51.6)
Epoch: [4][ 150/1000]	Time  6.20 ( 6.42)	Data  6.13 ( 6.35)	Loss   0.79 (  0.78)	Cls Acc 98.4 (99.6)	Domain Acc 47.9 (50.8)
Epoch: [4][ 200/1000]	Time  6.21 ( 6.41)	Data  6.14 ( 6.35)	Loss   0.76 (  0.78)	Cls Acc 99.2 (99.6)	Domain Acc 52.7 (50.8)
Epoch: [4][ 250/1000]	Time  6.22 ( 6.41)	Data  6.15 ( 6.35)	Loss   0.71 (  0.77)	Cls Acc 100.0 (99.6)	Domain Acc 55.1 (50.9)
Epoch: [4][ 300/1000]	Time  6.24 ( 6.41)	Data  6.18 ( 6.35)	Loss   0.73 (  0.77)	Cls Acc 100.0 (99.6)	Domain Acc 55.9 (50.9)
Epoch: [4][ 350/1000]	Time  6.23 ( 6.41)	Data  6.17 ( 6.35)	Loss   0.76 (  0.77)	Cls Acc 99.6 (99.6)	Domain Acc 52.5 (50.5)
Epoch: [4][ 400/1000]	Time  8.19 ( 6.42)	Data  8.13 ( 6.35)	Loss   0.74 (  0.78)	Cls Acc 100.0 (99.6)	Domain Acc 53.3 (50.3)
Epoch: [4][ 450/1000]	Time  6.31 ( 6.41)	Data  6.24 ( 6.35)	Loss   0.76 (  0.77)	Cls Acc 100.0 (99.6)	Domain Acc 43.6 (50.4)
Epoch: [4][ 500/1000]	Time  6.23 ( 6.41)	Data  6.17 ( 6.35)	Loss   0.80 (  0.77)	Cls Acc 99.6 (99.6)	Domain Acc 41.8 (50.3)
Epoch: [4][ 550/1000]	Time  6.25 ( 6.41)	Data  6.19 ( 6.35)	Loss   0.76 (  0.77)	Cls Acc 99.6 (99.6)	Domain Acc 53.3 (50.2)
Epoch: [4][ 600/1000]	Time  6.22 ( 6.41)	Data  6.16 ( 6.35)	Loss   0.85 (  0.77)	Cls Acc 100.0 (99.6)	Domain Acc 46.1 (50.1)
Epoch: [4][ 650/1000]	Time  6.21 ( 6.41)	Data  6.15 ( 6.35)	Loss   0.74 (  0.77)	Cls Acc 100.0 (99.6)	Domain Acc 53.1 (50.0)
Epoch: [4][ 700/1000]	Time  6.21 ( 6.41)	Data  6.15 ( 6.35)	Loss   0.70 (  0.77)	Cls Acc 99.6 (99.6)	Domain Acc 56.6 (49.9)
Epoch: [4][ 750/1000]	Time  6.23 ( 6.41)	Data  6.17 ( 6.35)	Loss   0.82 (  0.77)	Cls Acc 100.0 (99.6)	Domain Acc 35.5 (49.8)
Epoch: [4][ 800/1000]	Time  6.23 ( 6.41)	Data  6.17 ( 6.35)	Loss   0.76 (  0.77)	Cls Acc 99.6 (99.6)	Domain Acc 48.4 (49.9)
Epoch: [4][ 850/1000]	Time  6.28 ( 6.41)	Data  6.21 ( 6.35)	Loss   0.77 (  0.77)	Cls Acc 99.6 (99.6)	Domain Acc 43.9 (49.8)
Epoch: [4][ 900/1000]	Time  6.49 ( 6.42)	Data  6.43 ( 6.36)	Loss   0.76 (  0.77)	Cls Acc 100.0 (99.6)	Domain Acc 47.7 (50.0)
Epoch: [4][ 950/1000]	Time  8.72 ( 6.43)	Data  8.66 ( 6.37)	Loss   0.71 (  0.77)	Cls Acc 100.0 (99.7)	Domain Acc 57.0 (50.0)
Test: [0/2]	Time  6.190 ( 6.190)	Loss 4.9823e+00 (4.9823e+00)	Acc@1  30.47 ( 30.47)	Acc@5  61.72 ( 61.72)
 * Acc@1 26.908 Acc@5 56.426
acc1 = 26.9, best_acc1 = 26.9
Epoch: [5][   0/1000]	Time  6.37 ( 6.37)	Data  6.30 ( 6.30)	Loss   0.73 (  0.73)	Cls Acc 99.6 (99.6)	Domain Acc 55.3 (55.3)
Epoch: [5][  50/1000]	Time  6.32 ( 6.52)	Data  6.25 ( 6.46)	Loss   0.76 (  0.75)	Cls Acc 100.0 (99.7)	Domain Acc 51.4 (51.8)
Epoch: [5][ 100/1000]	Time  6.18 ( 6.45)	Data  6.12 ( 6.38)	Loss   0.74 (  0.76)	Cls Acc 100.0 (99.7)	Domain Acc 51.2 (50.5)
Epoch: [5][ 150/1000]	Time  6.51 ( 6.49)	Data  6.45 ( 6.43)	Loss   0.75 (  0.76)	Cls Acc 100.0 (99.8)	Domain Acc 48.6 (50.6)
Epoch: [5][ 200/1000]	Time  6.81 ( 6.55)	Data  6.75 ( 6.48)	Loss   0.69 (  0.75)	Cls Acc 100.0 (99.8)	Domain Acc 60.9 (50.6)
Epoch: [5][ 250/1000]	Time  6.41 ( 6.57)	Data  6.34 ( 6.51)	Loss   0.74 (  0.75)	Cls Acc 100.0 (99.8)	Domain Acc 51.4 (51.3)
Epoch: [5][ 300/1000]	Time  6.49 ( 6.57)	Data  6.43 ( 6.51)	Loss   0.74 (  0.74)	Cls Acc 99.6 (99.8)	Domain Acc 51.2 (51.5)
Epoch: [5][ 350/1000]	Time  6.40 ( 6.59)	Data  6.34 ( 6.53)	Loss   0.73 (  0.74)	Cls Acc 100.0 (99.8)	Domain Acc 49.4 (51.2)
Epoch: [5][ 400/1000]	Time  6.36 ( 6.59)	Data  6.29 ( 6.52)	Loss   0.76 (  0.74)	Cls Acc 99.6 (99.8)	Domain Acc 52.9 (51.4)
Epoch: [5][ 450/1000]	Time  6.43 ( 6.59)	Data  6.37 ( 6.53)	Loss   0.76 (  0.74)	Cls Acc 99.6 (99.8)	Domain Acc 49.4 (51.4)
Epoch: [5][ 500/1000]	Time  8.51 ( 6.61)	Data  8.45 ( 6.54)	Loss   0.78 (  0.74)	Cls Acc 98.8 (99.8)	Domain Acc 46.7 (51.3)
Epoch: [5][ 550/1000]	Time  6.22 ( 6.59)	Data  6.15 ( 6.53)	Loss   0.75 (  0.74)	Cls Acc 100.0 (99.8)	Domain Acc 45.1 (51.5)
Epoch: [5][ 600/1000]	Time  6.27 ( 6.58)	Data  6.20 ( 6.52)	Loss   0.75 (  0.74)	Cls Acc 100.0 (99.8)	Domain Acc 49.0 (51.5)
Epoch: [5][ 650/1000]	Time  6.21 ( 6.56)	Data  6.15 ( 6.50)	Loss   0.81 (  0.74)	Cls Acc 98.4 (99.8)	Domain Acc 47.3 (51.5)
Epoch: [5][ 700/1000]	Time  6.22 ( 6.56)	Data  6.15 ( 6.49)	Loss   0.71 (  0.75)	Cls Acc 100.0 (99.8)	Domain Acc 55.5 (51.4)
Epoch: [5][ 750/1000]	Time  6.35 ( 6.55)	Data  6.28 ( 6.49)	Loss   0.73 (  0.74)	Cls Acc 100.0 (99.8)	Domain Acc 51.4 (51.4)
Epoch: [5][ 800/1000]	Time  6.24 ( 6.55)	Data  6.17 ( 6.49)	Loss   0.73 (  0.74)	Cls Acc 100.0 (99.8)	Domain Acc 51.4 (51.3)
Epoch: [5][ 850/1000]	Time  6.30 ( 6.55)	Data  6.24 ( 6.48)	Loss   0.78 (  0.74)	Cls Acc 100.0 (99.8)	Domain Acc 46.3 (51.3)
Epoch: [5][ 900/1000]	Time  6.27 ( 6.54)	Data  6.21 ( 6.48)	Loss   0.72 (  0.74)	Cls Acc 100.0 (99.8)	Domain Acc 52.0 (51.4)
Epoch: [5][ 950/1000]	Time  6.25 ( 6.54)	Data  6.19 ( 6.47)	Loss   0.72 (  0.74)	Cls Acc 100.0 (99.8)	Domain Acc 56.2 (51.3)
Test: [0/2]	Time  6.160 ( 6.160)	Loss 5.5541e+00 (5.5541e+00)	Acc@1  32.03 ( 32.03)	Acc@5  58.59 ( 58.59)
 * Acc@1 28.514 Acc@5 54.217
acc1 = 28.5, best_acc1 = 28.5
Epoch: [6][   0/1000]	Time  6.26 ( 6.26)	Data  6.19 ( 6.19)	Loss   0.75 (  0.75)	Cls Acc 100.0 (100.0)	Domain Acc 49.6 (49.6)
Epoch: [6][  50/1000]	Time  8.66 ( 6.52)	Data  8.60 ( 6.46)	Loss   0.70 (  0.74)	Cls Acc 99.6 (99.9)	Domain Acc 58.8 (48.4)
Epoch: [6][ 100/1000]	Time  6.34 ( 6.51)	Data  6.28 ( 6.44)	Loss   0.75 (  0.74)	Cls Acc 99.6 (99.9)	Domain Acc 46.9 (50.2)
Epoch: [6][ 150/1000]	Time  6.25 ( 6.49)	Data  6.19 ( 6.43)	Loss   0.70 (  0.73)	Cls Acc 100.0 (99.9)	Domain Acc 56.2 (51.0)
Epoch: [6][ 200/1000]	Time  6.23 ( 6.47)	Data  6.17 ( 6.41)	Loss   0.71 (  0.74)	Cls Acc 99.6 (99.9)	Domain Acc 56.6 (50.2)
Epoch: [6][ 250/1000]	Time  6.24 ( 6.47)	Data  6.18 ( 6.41)	Loss   0.74 (  0.74)	Cls Acc 100.0 (99.9)	Domain Acc 52.7 (50.2)
Epoch: [6][ 300/1000]	Time  6.26 ( 6.46)	Data  6.20 ( 6.40)	Loss   0.72 (  0.74)	Cls Acc 99.6 (99.9)	Domain Acc 52.1 (50.8)
Epoch: [6][ 350/1000]	Time  6.22 ( 6.47)	Data  6.16 ( 6.40)	Loss   0.67 (  0.73)	Cls Acc 100.0 (99.9)	Domain Acc 61.5 (51.0)
Epoch: [6][ 400/1000]	Time  6.30 ( 6.47)	Data  6.23 ( 6.41)	Loss   0.80 (  0.73)	Cls Acc 99.2 (99.9)	Domain Acc 35.7 (51.0)
Epoch: [6][ 450/1000]	Time  6.35 ( 6.47)	Data  6.29 ( 6.41)	Loss   0.72 (  0.73)	Cls Acc 100.0 (99.9)	Domain Acc 51.6 (51.1)
Epoch: [6][ 500/1000]	Time  6.25 ( 6.47)	Data  6.19 ( 6.41)	Loss   0.71 (  0.73)	Cls Acc 100.0 (99.9)	Domain Acc 56.6 (50.7)
Epoch: [6][ 550/1000]	Time  6.25 ( 6.47)	Data  6.19 ( 6.41)	Loss   0.68 (  0.74)	Cls Acc 100.0 (99.9)	Domain Acc 59.8 (50.6)
Epoch: [6][ 600/1000]	Time  8.51 ( 6.48)	Data  8.45 ( 6.41)	Loss   0.74 (  0.73)	Cls Acc 100.0 (99.9)	Domain Acc 49.6 (51.0)
Epoch: [6][ 650/1000]	Time  6.30 ( 6.48)	Data  6.23 ( 6.41)	Loss   0.72 (  0.73)	Cls Acc 99.6 (99.9)	Domain Acc 53.7 (51.1)
Epoch: [6][ 700/1000]	Time  6.39 ( 6.48)	Data  6.33 ( 6.42)	Loss   0.70 (  0.73)	Cls Acc 100.0 (99.9)	Domain Acc 58.4 (50.9)
Epoch: [6][ 750/1000]	Time  6.33 ( 6.49)	Data  6.27 ( 6.42)	Loss   0.77 (  0.73)	Cls Acc 100.0 (99.9)	Domain Acc 44.3 (51.1)
Epoch: [6][ 800/1000]	Time  6.33 ( 6.49)	Data  6.27 ( 6.42)	Loss   0.75 (  0.73)	Cls Acc 100.0 (99.9)	Domain Acc 46.7 (51.1)
Epoch: [6][ 850/1000]	Time  6.28 ( 6.49)	Data  6.22 ( 6.42)	Loss   0.70 (  0.73)	Cls Acc 100.0 (99.9)	Domain Acc 56.6 (51.1)
Epoch: [6][ 900/1000]	Time  6.26 ( 6.49)	Data  6.19 ( 6.42)	Loss   0.74 (  0.73)	Cls Acc 100.0 (99.9)	Domain Acc 47.9 (50.9)
Epoch: [6][ 950/1000]	Time  6.26 ( 6.49)	Data  6.20 ( 6.42)	Loss   0.78 (  0.73)	Cls Acc 100.0 (99.9)	Domain Acc 43.8 (51.0)
Test: [0/2]	Time  6.249 ( 6.249)	Loss 5.6002e+00 (5.6002e+00)	Acc@1  31.25 ( 31.25)	Acc@5  57.03 ( 57.03)
 * Acc@1 27.309 Acc@5 54.819
acc1 = 27.3, best_acc1 = 28.5
Epoch: [7][   0/1000]	Time  6.24 ( 6.24)	Data  6.17 ( 6.17)	Loss   0.73 (  0.73)	Cls Acc 100.0 (100.0)	Domain Acc 51.0 (51.0)
Epoch: [7][  50/1000]	Time  6.35 ( 6.51)	Data  6.29 ( 6.45)	Loss   0.74 (  0.74)	Cls Acc 100.0 (100.0)	Domain Acc 52.1 (49.7)
Epoch: [7][ 100/1000]	Time  6.44 ( 6.55)	Data  6.37 ( 6.49)	Loss   0.76 (  0.73)	Cls Acc 100.0 (99.9)	Domain Acc 42.0 (51.6)
Epoch: [7][ 150/1000]	Time  8.40 ( 6.56)	Data  8.33 ( 6.50)	Loss   0.73 (  0.73)	Cls Acc 99.2 (99.9)	Domain Acc 51.2 (51.6)
Epoch: [7][ 200/1000]	Time  6.35 ( 6.56)	Data  6.28 ( 6.49)	Loss   0.71 (  0.73)	Cls Acc 100.0 (99.9)	Domain Acc 58.2 (50.0)
Epoch: [7][ 250/1000]	Time  6.25 ( 6.56)	Data  6.19 ( 6.49)	Loss   0.72 (  0.73)	Cls Acc 100.0 (99.9)	Domain Acc 50.8 (50.0)
Epoch: [7][ 300/1000]	Time  6.24 ( 6.54)	Data  6.17 ( 6.48)	Loss   0.73 (  0.73)	Cls Acc 100.0 (99.9)	Domain Acc 49.0 (50.7)
Epoch: [7][ 350/1000]	Time  6.33 ( 6.54)	Data  6.27 ( 6.48)	Loss   0.72 (  0.73)	Cls Acc 100.0 (99.9)	Domain Acc 54.5 (50.3)
Epoch: [7][ 400/1000]	Time  6.38 ( 6.54)	Data  6.32 ( 6.48)	Loss   0.73 (  0.73)	Cls Acc 100.0 (99.9)	Domain Acc 43.9 (50.0)
Epoch: [7][ 450/1000]	Time  6.39 ( 6.55)	Data  6.33 ( 6.49)	Loss   0.73 (  0.73)	Cls Acc 100.0 (99.9)	Domain Acc 51.0 (50.5)
Epoch: [7][ 500/1000]	Time  6.37 ( 6.55)	Data  6.31 ( 6.49)	Loss   0.68 (  0.73)	Cls Acc 100.0 (99.9)	Domain Acc 61.3 (50.5)
Epoch: [7][ 550/1000]	Time  6.45 ( 6.57)	Data  6.39 ( 6.50)	Loss   0.72 (  0.73)	Cls Acc 100.0 (99.9)	Domain Acc 50.6 (50.4)
Epoch: [7][ 600/1000]	Time  6.30 ( 6.57)	Data  6.24 ( 6.50)	Loss   0.73 (  0.73)	Cls Acc 100.0 (99.9)	Domain Acc 46.3 (50.5)
Epoch: [7][ 650/1000]	Time  6.38 ( 6.56)	Data  6.32 ( 6.50)	Loss   0.70 (  0.73)	Cls Acc 99.6 (99.9)	Domain Acc 57.6 (50.8)
Epoch: [7][ 700/1000]	Time  8.46 ( 6.56)	Data  8.40 ( 6.50)	Loss   0.67 (  0.73)	Cls Acc 100.0 (99.9)	Domain Acc 64.8 (50.7)
Epoch: [7][ 750/1000]	Time  6.44 ( 6.56)	Data  6.38 ( 6.50)	Loss   0.73 (  0.73)	Cls Acc 100.0 (99.9)	Domain Acc 49.2 (50.6)
Epoch: [7][ 800/1000]	Time  6.52 ( 6.57)	Data  6.46 ( 6.50)	Loss   0.73 (  0.73)	Cls Acc 100.0 (99.9)	Domain Acc 50.4 (50.9)
Epoch: [7][ 850/1000]	Time  6.39 ( 6.57)	Data  6.33 ( 6.51)	Loss   0.68 (  0.73)	Cls Acc 100.0 (99.9)	Domain Acc 59.6 (50.8)
Epoch: [7][ 900/1000]	Time  6.46 ( 6.58)	Data  6.39 ( 6.51)	Loss   0.74 (  0.73)	Cls Acc 100.0 (99.9)	Domain Acc 49.6 (50.6)
Epoch: [7][ 950/1000]	Time  6.27 ( 6.57)	Data  6.21 ( 6.51)	Loss   0.74 (  0.73)	Cls Acc 99.6 (99.9)	Domain Acc 46.9 (50.6)
Test: [0/2]	Time  6.165 ( 6.165)	Loss 5.5366e+00 (5.5366e+00)	Acc@1  35.55 ( 35.55)	Acc@5  60.16 ( 60.16)
 * Acc@1 29.719 Acc@5 56.024
acc1 = 29.7, best_acc1 = 29.7
Epoch: [8][   0/1000]	Time  6.38 ( 6.38)	Data  6.31 ( 6.31)	Loss   0.69 (  0.69)	Cls Acc 100.0 (100.0)	Domain Acc 57.8 (57.8)
Epoch: [8][  50/1000]	Time  6.31 ( 6.45)	Data  6.25 ( 6.38)	Loss   0.71 (  0.73)	Cls Acc 100.0 (99.9)	Domain Acc 52.3 (49.0)
Epoch: [8][ 100/1000]	Time  6.37 ( 6.52)	Data  6.31 ( 6.46)	Loss   0.74 (  0.72)	Cls Acc 100.0 (99.9)	Domain Acc 44.3 (50.6)
Epoch: [8][ 150/1000]	Time  6.41 ( 6.53)	Data  6.34 ( 6.47)	Loss   0.72 (  0.72)	Cls Acc 100.0 (100.0)	Domain Acc 48.0 (51.4)
Epoch: [8][ 200/1000]	Time  6.48 ( 6.55)	Data  6.42 ( 6.49)	Loss   0.69 (  0.72)	Cls Acc 100.0 (100.0)	Domain Acc 57.4 (51.1)
Epoch: [8][ 250/1000]	Time  8.51 ( 6.55)	Data  8.44 ( 6.49)	Loss   0.71 (  0.72)	Cls Acc 100.0 (100.0)	Domain Acc 54.5 (50.1)
Epoch: [8][ 300/1000]	Time  6.33 ( 6.55)	Data  6.26 ( 6.48)	Loss   0.76 (  0.72)	Cls Acc 99.6 (100.0)	Domain Acc 41.2 (51.2)
Epoch: [8][ 350/1000]	Time  6.52 ( 6.56)	Data  6.46 ( 6.49)	Loss   0.69 (  0.72)	Cls Acc 100.0 (100.0)	Domain Acc 58.6 (50.8)
Epoch: [8][ 400/1000]	Time  6.44 ( 6.55)	Data  6.38 ( 6.49)	Loss   0.67 (  0.73)	Cls Acc 100.0 (99.9)	Domain Acc 59.4 (50.4)
Epoch: [8][ 450/1000]	Time  6.25 ( 6.55)	Data  6.19 ( 6.49)	Loss   0.73 (  0.72)	Cls Acc 100.0 (99.9)	Domain Acc 49.8 (50.8)
Epoch: [8][ 500/1000]	Time  6.28 ( 6.54)	Data  6.21 ( 6.48)	Loss   0.69 (  0.72)	Cls Acc 100.0 (99.9)	Domain Acc 58.0 (50.8)
Epoch: [8][ 550/1000]	Time  6.27 ( 6.54)	Data  6.21 ( 6.47)	Loss   0.72 (  0.72)	Cls Acc 100.0 (99.9)	Domain Acc 47.9 (50.9)
Epoch: [8][ 600/1000]	Time  6.25 ( 6.53)	Data  6.18 ( 6.46)	Loss   0.72 (  0.72)	Cls Acc 100.0 (100.0)	Domain Acc 48.0 (51.2)
Epoch: [8][ 650/1000]	Time  6.18 ( 6.52)	Data  6.11 ( 6.46)	Loss   0.70 (  0.72)	Cls Acc 100.0 (100.0)	Domain Acc 52.5 (50.8)
Epoch: [8][ 700/1000]	Time  6.26 ( 6.51)	Data  6.20 ( 6.45)	Loss   0.74 (  0.72)	Cls Acc 100.0 (100.0)	Domain Acc 41.0 (50.8)
Epoch: [8][ 750/1000]	Time  6.18 ( 6.51)	Data  6.12 ( 6.45)	Loss   0.71 (  0.72)	Cls Acc 100.0 (100.0)	Domain Acc 57.0 (51.0)
Epoch: [8][ 800/1000]	Time  8.31 ( 6.51)	Data  8.24 ( 6.44)	Loss   0.71 (  0.72)	Cls Acc 100.0 (100.0)	Domain Acc 51.0 (50.7)
Epoch: [8][ 850/1000]	Time  6.19 ( 6.50)	Data  6.12 ( 6.44)	Loss   0.74 (  0.72)	Cls Acc 100.0 (100.0)	Domain Acc 46.9 (50.9)
Epoch: [8][ 900/1000]	Time  6.34 ( 6.50)	Data  6.27 ( 6.43)	Loss   0.69 (  0.72)	Cls Acc 100.0 (100.0)	Domain Acc 57.6 (51.1)
Epoch: [8][ 950/1000]	Time  6.36 ( 6.50)	Data  6.29 ( 6.44)	Loss   0.73 (  0.72)	Cls Acc 100.0 (100.0)	Domain Acc 50.2 (50.9)
Test: [0/2]	Time  6.141 ( 6.141)	Loss 5.8465e+00 (5.8465e+00)	Acc@1  32.42 ( 32.42)	Acc@5  59.77 ( 59.77)
 * Acc@1 29.116 Acc@5 54.217
acc1 = 29.1, best_acc1 = 29.7
Epoch: [9][   0/1000]	Time  6.41 ( 6.41)	Data  6.34 ( 6.34)	Loss   0.74 (  0.74)	Cls Acc 100.0 (100.0)	Domain Acc 41.8 (41.8)
Epoch: [9][  50/1000]	Time  6.32 ( 6.53)	Data  6.25 ( 6.47)	Loss   0.67 (  0.71)	Cls Acc 100.0 (99.9)	Domain Acc 67.6 (53.9)
Epoch: [9][ 100/1000]	Time  6.33 ( 6.57)	Data  6.27 ( 6.50)	Loss   0.77 (  0.72)	Cls Acc 100.0 (99.9)	Domain Acc 36.9 (50.3)
Epoch: [9][ 150/1000]	Time  6.23 ( 6.54)	Data  6.16 ( 6.48)	Loss   0.74 (  0.72)	Cls Acc 99.6 (100.0)	Domain Acc 52.0 (51.4)
Epoch: [9][ 200/1000]	Time  6.31 ( 6.53)	Data  6.25 ( 6.47)	Loss   0.71 (  0.72)	Cls Acc 100.0 (100.0)	Domain Acc 55.1 (50.6)
Epoch: [9][ 250/1000]	Time  6.39 ( 6.53)	Data  6.33 ( 6.47)	Loss   0.75 (  0.72)	Cls Acc 100.0 (100.0)	Domain Acc 45.7 (51.3)
Epoch: [9][ 300/1000]	Time  6.31 ( 6.54)	Data  6.25 ( 6.48)	Loss   0.70 (  0.72)	Cls Acc 100.0 (100.0)	Domain Acc 56.4 (51.2)
Epoch: [9][ 350/1000]	Time  8.35 ( 6.55)	Data  8.29 ( 6.48)	Loss   0.73 (  0.72)	Cls Acc 100.0 (100.0)	Domain Acc 48.2 (51.2)
Epoch: [9][ 400/1000]	Time  6.30 ( 6.54)	Data  6.24 ( 6.48)	Loss   0.69 (  0.72)	Cls Acc 100.0 (100.0)	Domain Acc 57.2 (51.9)
Epoch: [9][ 450/1000]	Time  6.73 ( 6.55)	Data  6.67 ( 6.48)	Loss   0.70 (  0.72)	Cls Acc 100.0 (100.0)	Domain Acc 60.5 (51.1)
Epoch: [9][ 500/1000]	Time  6.33 ( 6.55)	Data  6.27 ( 6.48)	Loss   0.75 (  0.72)	Cls Acc 100.0 (100.0)	Domain Acc 40.2 (51.0)
Epoch: [9][ 550/1000]	Time  6.37 ( 6.55)	Data  6.31 ( 6.49)	Loss   0.69 (  0.72)	Cls Acc 100.0 (100.0)	Domain Acc 58.8 (51.3)
Epoch: [9][ 600/1000]	Time  6.39 ( 6.55)	Data  6.32 ( 6.49)	Loss   0.75 (  0.72)	Cls Acc 100.0 (100.0)	Domain Acc 45.1 (51.0)
Epoch: [9][ 650/1000]	Time  6.24 ( 6.55)	Data  6.18 ( 6.48)	Loss   0.73 (  0.72)	Cls Acc 100.0 (100.0)	Domain Acc 50.4 (51.4)
Epoch: [9][ 700/1000]	Time  6.20 ( 6.54)	Data  6.13 ( 6.47)	Loss   0.66 (  0.72)	Cls Acc 100.0 (100.0)	Domain Acc 70.3 (51.4)
Epoch: [9][ 750/1000]	Time  6.23 ( 6.53)	Data  6.16 ( 6.47)	Loss   0.74 (  0.72)	Cls Acc 100.0 (100.0)	Domain Acc 40.2 (51.5)
Epoch: [9][ 800/1000]	Time  6.22 ( 6.52)	Data  6.15 ( 6.46)	Loss   0.70 (  0.72)	Cls Acc 100.0 (100.0)	Domain Acc 56.2 (51.6)
Epoch: [9][ 850/1000]	Time  6.20 ( 6.52)	Data  6.13 ( 6.45)	Loss   0.71 (  0.72)	Cls Acc 100.0 (100.0)	Domain Acc 49.6 (51.3)
Epoch: [9][ 900/1000]	Time  8.31 ( 6.51)	Data  8.24 ( 6.45)	Loss   0.74 (  0.72)	Cls Acc 100.0 (100.0)	Domain Acc 44.1 (51.7)
Epoch: [9][ 950/1000]	Time  6.24 ( 6.51)	Data  6.17 ( 6.44)	Loss   0.69 (  0.72)	Cls Acc 100.0 (100.0)	Domain Acc 62.9 (51.5)
Test: [0/2]	Time  5.998 ( 5.998)	Loss 5.7904e+00 (5.7904e+00)	Acc@1  35.16 ( 35.16)	Acc@5  55.86 ( 55.86)
 * Acc@1 31.124 Acc@5 53.414
acc1 = 31.1, best_acc1 = 31.1
Epoch: [10][   0/1000]	Time  6.25 ( 6.25)	Data  6.19 ( 6.19)	Loss   0.75 (  0.75)	Cls Acc 99.6 (99.6)	Domain Acc 40.2 (40.2)
Epoch: [10][  50/1000]	Time  6.20 ( 6.41)	Data  6.14 ( 6.34)	Loss   0.71 (  0.69)	Cls Acc 100.0 (100.0)	Domain Acc 52.0 (57.4)
Epoch: [10][ 100/1000]	Time  6.22 ( 6.42)	Data  6.15 ( 6.35)	Loss   0.70 (  0.72)	Cls Acc 100.0 (100.0)	Domain Acc 56.4 (51.0)
Epoch: [10][ 150/1000]	Time  6.23 ( 6.40)	Data  6.16 ( 6.34)	Loss   0.73 (  0.71)	Cls Acc 100.0 (100.0)	Domain Acc 41.2 (52.5)
Epoch: [10][ 200/1000]	Time  6.23 ( 6.41)	Data  6.17 ( 6.35)	Loss   0.68 (  0.71)	Cls Acc 100.0 (100.0)	Domain Acc 60.9 (52.0)
Epoch: [10][ 250/1000]	Time  6.20 ( 6.41)	Data  6.13 ( 6.35)	Loss   0.76 (  0.71)	Cls Acc 100.0 (100.0)	Domain Acc 41.0 (51.7)
Epoch: [10][ 300/1000]	Time  6.27 ( 6.41)	Data  6.20 ( 6.35)	Loss   0.70 (  0.71)	Cls Acc 100.0 (100.0)	Domain Acc 53.1 (51.8)
Epoch: [10][ 350/1000]	Time  6.32 ( 6.41)	Data  6.25 ( 6.35)	Loss   0.72 (  0.71)	Cls Acc 100.0 (100.0)	Domain Acc 51.0 (51.2)
Epoch: [10][ 400/1000]	Time  6.31 ( 6.43)	Data  6.25 ( 6.36)	Loss   0.70 (  0.71)	Cls Acc 100.0 (100.0)	Domain Acc 52.9 (52.0)
Epoch: [10][ 450/1000]	Time  8.36 ( 6.44)	Data  8.30 ( 6.38)	Loss   0.71 (  0.71)	Cls Acc 100.0 (100.0)	Domain Acc 54.9 (51.5)
Epoch: [10][ 500/1000]	Time  6.27 ( 6.45)	Data  6.21 ( 6.38)	Loss   0.71 (  0.71)	Cls Acc 100.0 (100.0)	Domain Acc 48.8 (52.1)
Epoch: [10][ 550/1000]	Time  6.31 ( 6.46)	Data  6.24 ( 6.40)	Loss   0.69 (  0.71)	Cls Acc 100.0 (100.0)	Domain Acc 56.6 (51.8)
Epoch: [10][ 600/1000]	Time  6.24 ( 6.46)	Data  6.18 ( 6.39)	Loss   0.73 (  0.71)	Cls Acc 100.0 (100.0)	Domain Acc 45.5 (52.0)
Epoch: [10][ 650/1000]	Time  6.40 ( 6.46)	Data  6.33 ( 6.40)	Loss   0.70 (  0.71)	Cls Acc 100.0 (100.0)	Domain Acc 56.4 (51.8)
Epoch: [10][ 700/1000]	Time  6.47 ( 6.47)	Data  6.41 ( 6.41)	Loss   0.72 (  0.71)	Cls Acc 100.0 (100.0)	Domain Acc 49.4 (51.7)
Epoch: [10][ 750/1000]	Time  6.49 ( 6.49)	Data  6.42 ( 6.42)	Loss   0.73 (  0.71)	Cls Acc 100.0 (100.0)	Domain Acc 48.2 (51.9)
Epoch: [10][ 800/1000]	Time  6.49 ( 6.50)	Data  6.42 ( 6.43)	Loss   0.72 (  0.71)	Cls Acc 100.0 (100.0)	Domain Acc 49.0 (51.8)
Epoch: [10][ 850/1000]	Time  6.39 ( 6.50)	Data  6.33 ( 6.44)	Loss   0.71 (  0.71)	Cls Acc 100.0 (100.0)	Domain Acc 50.2 (52.0)
Epoch: [10][ 900/1000]	Time  6.58 ( 6.50)	Data  6.52 ( 6.44)	Loss   0.69 (  0.71)	Cls Acc 100.0 (100.0)	Domain Acc 61.7 (51.9)
Epoch: [10][ 950/1000]	Time  6.28 ( 6.50)	Data  6.22 ( 6.44)	Loss   0.75 (  0.71)	Cls Acc 100.0 (100.0)	Domain Acc 38.1 (51.8)
Test: [0/2]	Time  6.100 ( 6.100)	Loss 6.1796e+00 (6.1796e+00)	Acc@1  33.20 ( 33.20)	Acc@5  57.03 ( 57.03)
 * Acc@1 28.916 Acc@5 54.418
acc1 = 28.9, best_acc1 = 31.1
Epoch: [11][   0/1000]	Time  8.36 ( 8.36)	Data  8.29 ( 8.29)	Loss   0.71 (  0.71)	Cls Acc 100.0 (100.0)	Domain Acc 52.1 (52.1)
Epoch: [11][  50/1000]	Time  6.31 ( 6.46)	Data  6.25 ( 6.39)	Loss   0.72 (  0.72)	Cls Acc 100.0 (100.0)	Domain Acc 47.7 (48.1)
Epoch: [11][ 100/1000]	Time  6.33 ( 6.51)	Data  6.27 ( 6.44)	Loss   0.69 (  0.71)	Cls Acc 100.0 (100.0)	Domain Acc 57.4 (52.8)
Epoch: [11][ 150/1000]	Time  6.36 ( 6.51)	Data  6.29 ( 6.45)	Loss   0.73 (  0.72)	Cls Acc 100.0 (100.0)	Domain Acc 49.6 (50.7)
Epoch: [11][ 200/1000]	Time  6.41 ( 6.53)	Data  6.35 ( 6.46)	Loss   0.70 (  0.71)	Cls Acc 100.0 (100.0)	Domain Acc 51.4 (51.6)
Epoch: [11][ 250/1000]	Time  6.43 ( 6.54)	Data  6.37 ( 6.47)	Loss   0.71 (  0.71)	Cls Acc 99.6 (100.0)	Domain Acc 54.5 (51.4)
Epoch: [11][ 300/1000]	Time  6.27 ( 6.55)	Data  6.21 ( 6.48)	Loss   0.72 (  0.71)	Cls Acc 100.0 (100.0)	Domain Acc 49.4 (52.2)
Epoch: [11][ 350/1000]	Time  6.25 ( 6.54)	Data  6.19 ( 6.47)	Loss   0.70 (  0.71)	Cls Acc 100.0 (100.0)	Domain Acc 57.8 (51.6)
Epoch: [11][ 400/1000]	Time  6.35 ( 6.54)	Data  6.28 ( 6.47)	Loss   0.72 (  0.71)	Cls Acc 100.0 (100.0)	Domain Acc 46.3 (52.0)
Epoch: [11][ 450/1000]	Time  6.48 ( 6.54)	Data  6.41 ( 6.48)	Loss   0.70 (  0.71)	Cls Acc 100.0 (100.0)	Domain Acc 56.6 (51.9)
Epoch: [11][ 500/1000]	Time  6.44 ( 6.56)	Data  6.38 ( 6.50)	Loss   0.73 (  0.71)	Cls Acc 100.0 (100.0)	Domain Acc 45.1 (52.3)
Epoch: [11][ 550/1000]	Time  8.62 ( 6.57)	Data  8.56 ( 6.51)	Loss   0.69 (  0.71)	Cls Acc 100.0 (100.0)	Domain Acc 59.6 (52.0)
Epoch: [11][ 600/1000]	Time  6.51 ( 6.58)	Data  6.45 ( 6.51)	Loss   0.72 (  0.71)	Cls Acc 100.0 (100.0)	Domain Acc 48.2 (52.2)
Epoch: [11][ 650/1000]	Time  6.48 ( 6.59)	Data  6.41 ( 6.53)	Loss   0.72 (  0.71)	Cls Acc 100.0 (100.0)	Domain Acc 49.4 (52.3)
Epoch: [11][ 700/1000]	Time  6.26 ( 6.58)	Data  6.20 ( 6.52)	Loss   0.73 (  0.71)	Cls Acc 100.0 (100.0)	Domain Acc 47.5 (52.2)
Epoch: [11][ 750/1000]	Time  6.24 ( 6.58)	Data  6.17 ( 6.51)	Loss   0.71 (  0.71)	Cls Acc 100.0 (100.0)	Domain Acc 52.1 (52.1)
Epoch: [11][ 800/1000]	Time  6.38 ( 6.57)	Data  6.31 ( 6.51)	Loss   0.70 (  0.71)	Cls Acc 100.0 (100.0)	Domain Acc 56.4 (52.0)
Epoch: [11][ 850/1000]	Time  6.40 ( 6.57)	Data  6.34 ( 6.51)	Loss   0.73 (  0.71)	Cls Acc 99.6 (100.0)	Domain Acc 49.4 (52.1)
Epoch: [11][ 900/1000]	Time  6.36 ( 6.57)	Data  6.29 ( 6.51)	Loss   0.70 (  0.71)	Cls Acc 100.0 (100.0)	Domain Acc 57.2 (52.1)
Epoch: [11][ 950/1000]	Time  6.38 ( 6.57)	Data  6.32 ( 6.50)	Loss   0.72 (  0.71)	Cls Acc 100.0 (100.0)	Domain Acc 47.1 (52.1)
Test: [0/2]	Time  6.333 ( 6.333)	Loss 6.0768e+00 (6.0768e+00)	Acc@1  31.64 ( 31.64)	Acc@5  55.47 ( 55.47)
 * Acc@1 28.715 Acc@5 53.614
acc1 = 28.7, best_acc1 = 31.1
Epoch: [12][   0/1000]	Time  6.68 ( 6.68)	Data  6.61 ( 6.61)	Loss   0.69 (  0.69)	Cls Acc 100.0 (100.0)	Domain Acc 57.8 (57.8)
Epoch: [12][  50/1000]	Time  6.75 ( 6.62)	Data  6.69 ( 6.55)	Loss   0.72 (  0.71)	Cls Acc 100.0 (100.0)	Domain Acc 47.7 (52.1)
Epoch: [12][ 100/1000]	Time  8.27 ( 6.56)	Data  8.20 ( 6.49)	Loss   0.70 (  0.71)	Cls Acc 100.0 (100.0)	Domain Acc 54.7 (52.2)
Epoch: [12][ 150/1000]	Time  6.38 ( 6.51)	Data  6.31 ( 6.45)	Loss   0.72 (  0.71)	Cls Acc 99.6 (100.0)	Domain Acc 51.2 (52.6)
Epoch: [12][ 200/1000]	Time  6.27 ( 6.50)	Data  6.21 ( 6.44)	Loss   0.70 (  0.71)	Cls Acc 100.0 (100.0)	Domain Acc 56.2 (52.7)
Epoch: [12][ 250/1000]	Time  6.31 ( 6.48)	Data  6.25 ( 6.42)	Loss   0.73 (  0.71)	Cls Acc 100.0 (100.0)	Domain Acc 48.8 (52.0)
Epoch: [12][ 300/1000]	Time  6.24 ( 6.48)	Data  6.17 ( 6.41)	Loss   0.72 (  0.71)	Cls Acc 100.0 (100.0)	Domain Acc 48.6 (52.3)
Epoch: [12][ 350/1000]	Time  6.19 ( 6.47)	Data  6.13 ( 6.40)	Loss   0.72 (  0.71)	Cls Acc 100.0 (100.0)	Domain Acc 50.2 (52.1)
Epoch: [12][ 400/1000]	Time  6.33 ( 6.47)	Data  6.27 ( 6.41)	Loss   0.70 (  0.71)	Cls Acc 100.0 (100.0)	Domain Acc 56.1 (52.7)
Epoch: [12][ 450/1000]	Time  6.37 ( 6.48)	Data  6.31 ( 6.42)	Loss   0.72 (  0.71)	Cls Acc 100.0 (100.0)	Domain Acc 48.8 (52.8)
Epoch: [12][ 500/1000]	Time  6.32 ( 6.49)	Data  6.26 ( 6.43)	Loss   0.70 (  0.71)	Cls Acc 100.0 (100.0)	Domain Acc 55.9 (52.7)
Epoch: [12][ 550/1000]	Time  6.27 ( 6.49)	Data  6.20 ( 6.43)	Loss   0.70 (  0.71)	Cls Acc 100.0 (100.0)	Domain Acc 53.1 (52.6)
Epoch: [12][ 600/1000]	Time  6.38 ( 6.50)	Data  6.31 ( 6.44)	Loss   0.69 (  0.71)	Cls Acc 100.0 (100.0)	Domain Acc 56.8 (52.8)
Epoch: [12][ 650/1000]	Time  8.26 ( 6.50)	Data  8.20 ( 6.44)	Loss   0.72 (  0.71)	Cls Acc 100.0 (100.0)	Domain Acc 50.0 (52.9)
Epoch: [12][ 700/1000]	Time  6.22 ( 6.50)	Data  6.16 ( 6.43)	Loss   0.69 (  0.71)	Cls Acc 100.0 (100.0)	Domain Acc 59.6 (52.7)
Epoch: [12][ 750/1000]	Time  6.25 ( 6.50)	Data  6.18 ( 6.43)	Loss   0.71 (  0.71)	Cls Acc 100.0 (100.0)	Domain Acc 53.3 (52.8)
Epoch: [12][ 800/1000]	Time  6.25 ( 6.49)	Data  6.19 ( 6.43)	Loss   0.71 (  0.71)	Cls Acc 100.0 (100.0)	Domain Acc 51.6 (52.8)
Epoch: [12][ 850/1000]	Time  6.36 ( 6.49)	Data  6.29 ( 6.43)	Loss   0.72 (  0.71)	Cls Acc 100.0 (100.0)	Domain Acc 50.0 (52.8)
Epoch: [12][ 900/1000]	Time  6.39 ( 6.50)	Data  6.32 ( 6.43)	Loss   0.71 (  0.71)	Cls Acc 100.0 (100.0)	Domain Acc 53.5 (52.7)
Epoch: [12][ 950/1000]	Time  6.37 ( 6.50)	Data  6.31 ( 6.44)	Loss   0.72 (  0.71)	Cls Acc 100.0 (100.0)	Domain Acc 49.2 (52.7)
Test: [0/2]	Time  6.267 ( 6.267)	Loss 6.3361e+00 (6.3361e+00)	Acc@1  32.81 ( 32.81)	Acc@5  56.64 ( 56.64)
 * Acc@1 29.719 Acc@5 55.221
acc1 = 29.7, best_acc1 = 31.1
Epoch: [13][   0/1000]	Time  6.55 ( 6.55)	Data  6.48 ( 6.48)	Loss   0.71 (  0.71)	Cls Acc 100.0 (100.0)	Domain Acc 49.6 (49.6)
Epoch: [13][  50/1000]	Time  6.23 ( 6.50)	Data  6.16 ( 6.43)	Loss   0.70 (  0.71)	Cls Acc 100.0 (100.0)	Domain Acc 55.7 (52.7)
Epoch: [13][ 100/1000]	Time  6.23 ( 6.47)	Data  6.17 ( 6.40)	Loss   0.71 (  0.71)	Cls Acc 100.0 (100.0)	Domain Acc 49.8 (51.7)
Epoch: [13][ 150/1000]	Time  6.32 ( 6.47)	Data  6.25 ( 6.41)	Loss   0.72 (  0.71)	Cls Acc 100.0 (100.0)	Domain Acc 50.0 (52.4)
Epoch: [13][ 200/1000]	Time  8.37 ( 6.50)	Data  8.31 ( 6.43)	Loss   0.68 (  0.71)	Cls Acc 100.0 (100.0)	Domain Acc 62.1 (52.9)
Epoch: [13][ 250/1000]	Time  6.38 ( 6.51)	Data  6.31 ( 6.44)	Loss   0.74 (  0.71)	Cls Acc 100.0 (100.0)	Domain Acc 43.6 (52.4)
Epoch: [13][ 300/1000]	Time  6.30 ( 6.52)	Data  6.24 ( 6.45)	Loss   0.71 (  0.71)	Cls Acc 100.0 (100.0)	Domain Acc 54.9 (53.0)
Epoch: [13][ 350/1000]	Time  6.24 ( 6.51)	Data  6.18 ( 6.45)	Loss   0.69 (  0.71)	Cls Acc 100.0 (100.0)	Domain Acc 56.4 (52.7)
Epoch: [13][ 400/1000]	Time  6.47 ( 6.53)	Data  6.41 ( 6.47)	Loss   0.72 (  0.71)	Cls Acc 100.0 (100.0)	Domain Acc 49.6 (53.1)
Epoch: [13][ 450/1000]	Time  6.32 ( 6.52)	Data  6.25 ( 6.46)	Loss   0.72 (  0.71)	Cls Acc 100.0 (100.0)	Domain Acc 51.6 (52.7)
Epoch: [13][ 500/1000]	Time  6.22 ( 6.52)	Data  6.15 ( 6.46)	Loss   0.70 (  0.71)	Cls Acc 100.0 (100.0)	Domain Acc 54.7 (52.9)
Epoch: [13][ 550/1000]	Time  6.27 ( 6.51)	Data  6.21 ( 6.45)	Loss   0.69 (  0.71)	Cls Acc 100.0 (100.0)	Domain Acc 58.4 (52.8)
Epoch: [13][ 600/1000]	Time  6.41 ( 6.52)	Data  6.35 ( 6.45)	Loss   0.72 (  0.71)	Cls Acc 100.0 (100.0)	Domain Acc 46.7 (53.2)
Epoch: [13][ 650/1000]	Time  6.35 ( 6.52)	Data  6.29 ( 6.46)	Loss   0.71 (  0.71)	Cls Acc 100.0 (100.0)	Domain Acc 51.2 (52.8)
Epoch: [13][ 700/1000]	Time  6.37 ( 6.53)	Data  6.31 ( 6.46)	Loss   0.71 (  0.71)	Cls Acc 99.6 (100.0)	Domain Acc 54.5 (53.0)
Epoch: [13][ 750/1000]	Time  8.95 ( 6.53)	Data  8.89 ( 6.46)	Loss   0.71 (  0.71)	Cls Acc 100.0 (100.0)	Domain Acc 45.3 (52.6)
Epoch: [13][ 800/1000]	Time  6.66 ( 6.53)	Data  6.60 ( 6.46)	Loss   0.69 (  0.71)	Cls Acc 100.0 (100.0)	Domain Acc 59.0 (53.0)
Epoch: [13][ 850/1000]	Time  6.29 ( 6.53)	Data  6.23 ( 6.47)	Loss   0.73 (  0.71)	Cls Acc 100.0 (100.0)	Domain Acc 46.1 (52.8)
Epoch: [13][ 900/1000]	Time  6.24 ( 6.53)	Data  6.18 ( 6.46)	Loss   0.71 (  0.71)	Cls Acc 100.0 (100.0)	Domain Acc 52.7 (52.9)
Epoch: [13][ 950/1000]	Time  6.28 ( 6.52)	Data  6.21 ( 6.46)	Loss   0.71 (  0.71)	Cls Acc 100.0 (100.0)	Domain Acc 50.2 (52.9)
Test: [0/2]	Time  6.025 ( 6.025)	Loss 6.1478e+00 (6.1478e+00)	Acc@1  34.77 ( 34.77)	Acc@5  56.25 ( 56.25)
 * Acc@1 29.719 Acc@5 52.811
acc1 = 29.7, best_acc1 = 31.1
Epoch: [14][   0/1000]	Time  6.23 ( 6.23)	Data  6.17 ( 6.17)	Loss   0.70 (  0.70)	Cls Acc 100.0 (100.0)	Domain Acc 58.0 (58.0)
Epoch: [14][  50/1000]	Time  6.19 ( 6.46)	Data  6.13 ( 6.39)	Loss   0.72 (  0.72)	Cls Acc 100.0 (100.0)	Domain Acc 48.6 (49.2)
Epoch: [14][ 100/1000]	Time  6.40 ( 6.45)	Data  6.34 ( 6.38)	Loss   0.71 (  0.71)	Cls Acc 100.0 (100.0)	Domain Acc 52.5 (51.5)
Epoch: [14][ 150/1000]	Time  6.34 ( 6.48)	Data  6.28 ( 6.42)	Loss   0.71 (  0.71)	Cls Acc 100.0 (100.0)	Domain Acc 47.7 (51.3)
Epoch: [14][ 200/1000]	Time  6.35 ( 6.49)	Data  6.29 ( 6.43)	Loss   0.69 (  0.71)	Cls Acc 100.0 (100.0)	Domain Acc 59.2 (51.8)
Epoch: [14][ 250/1000]	Time  6.23 ( 6.51)	Data  6.16 ( 6.45)	Loss   0.73 (  0.71)	Cls Acc 100.0 (100.0)	Domain Acc 46.9 (52.7)
Epoch: [14][ 300/1000]	Time  8.43 ( 6.51)	Data  8.37 ( 6.45)	Loss   0.70 (  0.71)	Cls Acc 100.0 (100.0)	Domain Acc 53.7 (52.2)
Epoch: [14][ 350/1000]	Time  6.33 ( 6.51)	Data  6.26 ( 6.45)	Loss   0.71 (  0.71)	Cls Acc 100.0 (100.0)	Domain Acc 52.3 (52.2)
Epoch: [14][ 400/1000]	Time  6.28 ( 6.51)	Data  6.22 ( 6.45)	Loss   0.70 (  0.71)	Cls Acc 100.0 (100.0)	Domain Acc 54.1 (52.4)
Epoch: [14][ 450/1000]	Time  6.41 ( 6.50)	Data  6.34 ( 6.44)	Loss   0.71 (  0.71)	Cls Acc 100.0 (100.0)	Domain Acc 51.6 (52.9)
Epoch: [14][ 500/1000]	Time  6.43 ( 6.51)	Data  6.37 ( 6.44)	Loss   0.71 (  0.71)	Cls Acc 100.0 (100.0)	Domain Acc 51.6 (52.6)
Epoch: [14][ 550/1000]	Time  6.36 ( 6.51)	Data  6.29 ( 6.45)	Loss   0.72 (  0.71)	Cls Acc 100.0 (100.0)	Domain Acc 49.8 (52.5)
Epoch: [14][ 600/1000]	Time  6.36 ( 6.52)	Data  6.30 ( 6.45)	Loss   0.70 (  0.71)	Cls Acc 100.0 (100.0)	Domain Acc 55.3 (52.4)
Epoch: [14][ 650/1000]	Time  6.41 ( 6.52)	Data  6.35 ( 6.46)	Loss   0.71 (  0.71)	Cls Acc 100.0 (100.0)	Domain Acc 52.7 (52.6)
Epoch: [14][ 700/1000]	Time  6.24 ( 6.53)	Data  6.18 ( 6.46)	Loss   0.70 (  0.71)	Cls Acc 100.0 (100.0)	Domain Acc 52.9 (52.6)
Epoch: [14][ 750/1000]	Time  6.22 ( 6.52)	Data  6.16 ( 6.46)	Loss   0.69 (  0.71)	Cls Acc 100.0 (100.0)	Domain Acc 56.8 (52.9)
Epoch: [14][ 800/1000]	Time  6.19 ( 6.52)	Data  6.13 ( 6.45)	Loss   0.72 (  0.71)	Cls Acc 100.0 (100.0)	Domain Acc 50.0 (52.7)
Epoch: [14][ 850/1000]	Time  8.97 ( 6.52)	Data  8.90 ( 6.45)	Loss   0.69 (  0.71)	Cls Acc 100.0 (100.0)	Domain Acc 56.4 (52.8)
Epoch: [14][ 900/1000]	Time  6.39 ( 6.52)	Data  6.33 ( 6.45)	Loss   0.72 (  0.71)	Cls Acc 100.0 (100.0)	Domain Acc 45.3 (52.8)
Epoch: [14][ 950/1000]	Time  6.41 ( 6.52)	Data  6.35 ( 6.46)	Loss   0.69 (  0.71)	Cls Acc 100.0 (100.0)	Domain Acc 61.7 (52.9)
Test: [0/2]	Time  6.161 ( 6.161)	Loss 5.7847e+00 (5.7847e+00)	Acc@1  34.77 ( 34.77)	Acc@5  57.03 ( 57.03)
 * Acc@1 30.522 Acc@5 52.610
acc1 = 30.5, best_acc1 = 31.1
Epoch: [15][   0/1000]	Time  6.24 ( 6.24)	Data  6.18 ( 6.18)	Loss   0.71 (  0.71)	Cls Acc 100.0 (100.0)	Domain Acc 51.2 (51.2)
Epoch: [15][  50/1000]	Time  6.44 ( 6.61)	Data  6.38 ( 6.55)	Loss   0.69 (  0.70)	Cls Acc 100.0 (100.0)	Domain Acc 60.0 (54.3)
Epoch: [15][ 100/1000]	Time  6.26 ( 6.53)	Data  6.20 ( 6.47)	Loss   0.72 (  0.70)	Cls Acc 100.0 (100.0)	Domain Acc 49.2 (53.6)
Epoch: [15][ 150/1000]	Time  6.24 ( 6.52)	Data  6.18 ( 6.46)	Loss   0.70 (  0.71)	Cls Acc 100.0 (100.0)	Domain Acc 52.3 (52.5)
Epoch: [15][ 200/1000]	Time  6.24 ( 6.51)	Data  6.18 ( 6.44)	Loss   0.71 (  0.71)	Cls Acc 100.0 (100.0)	Domain Acc 49.2 (52.6)
Epoch: [15][ 250/1000]	Time  6.26 ( 6.50)	Data  6.20 ( 6.44)	Loss   0.68 (  0.71)	Cls Acc 100.0 (100.0)	Domain Acc 62.1 (53.1)
Epoch: [15][ 300/1000]	Time  6.24 ( 6.49)	Data  6.18 ( 6.43)	Loss   0.72 (  0.71)	Cls Acc 100.0 (100.0)	Domain Acc 46.1 (52.7)
Epoch: [15][ 350/1000]	Time  6.24 ( 6.49)	Data  6.18 ( 6.43)	Loss   0.70 (  0.71)	Cls Acc 100.0 (100.0)	Domain Acc 54.5 (53.2)
Epoch: [15][ 400/1000]	Time  8.31 ( 6.49)	Data  8.24 ( 6.43)	Loss   0.71 (  0.71)	Cls Acc 100.0 (100.0)	Domain Acc 52.5 (52.5)
Epoch: [15][ 450/1000]	Time  6.25 ( 6.49)	Data  6.18 ( 6.42)	Loss   0.71 (  0.71)	Cls Acc 100.0 (100.0)	Domain Acc 51.6 (53.0)
Epoch: [15][ 500/1000]	Time  6.31 ( 6.49)	Data  6.25 ( 6.42)	Loss   0.71 (  0.71)	Cls Acc 100.0 (100.0)	Domain Acc 51.0 (52.7)
Epoch: [15][ 550/1000]	Time  6.29 ( 6.48)	Data  6.23 ( 6.42)	Loss   0.69 (  0.71)	Cls Acc 100.0 (100.0)	Domain Acc 56.2 (52.8)
Epoch: [15][ 600/1000]	Time  6.25 ( 6.48)	Data  6.19 ( 6.42)	Loss   0.71 (  0.71)	Cls Acc 100.0 (100.0)	Domain Acc 53.3 (52.7)
Epoch: [15][ 650/1000]	Time  6.23 ( 6.48)	Data  6.17 ( 6.42)	Loss   0.69 (  0.71)	Cls Acc 100.0 (100.0)	Domain Acc 60.0 (52.9)
Epoch: [15][ 700/1000]	Time  6.30 ( 6.48)	Data  6.24 ( 6.42)	Loss   0.73 (  0.71)	Cls Acc 100.0 (100.0)	Domain Acc 47.1 (52.8)
Epoch: [15][ 750/1000]	Time  6.27 ( 6.48)	Data  6.21 ( 6.42)	Loss   0.68 (  0.71)	Cls Acc 100.0 (100.0)	Domain Acc 60.2 (52.8)
Epoch: [15][ 800/1000]	Time  6.26 ( 6.48)	Data  6.20 ( 6.42)	Loss   0.72 (  0.71)	Cls Acc 100.0 (100.0)	Domain Acc 46.7 (52.9)
Epoch: [15][ 850/1000]	Time  6.21 ( 6.48)	Data  6.15 ( 6.42)	Loss   0.68 (  0.71)	Cls Acc 100.0 (100.0)	Domain Acc 59.2 (52.8)
Epoch: [15][ 900/1000]	Time  6.20 ( 6.48)	Data  6.14 ( 6.42)	Loss   0.71 (  0.71)	Cls Acc 100.0 (100.0)	Domain Acc 52.1 (52.8)
Epoch: [15][ 950/1000]	Time  8.53 ( 6.48)	Data  8.47 ( 6.42)	Loss   0.71 (  0.71)	Cls Acc 100.0 (100.0)	Domain Acc 51.4 (52.7)
Test: [0/2]	Time  6.111 ( 6.111)	Loss 5.9477e+00 (5.9477e+00)	Acc@1  33.20 ( 33.20)	Acc@5  57.03 ( 57.03)
 * Acc@1 28.514 Acc@5 51.406
acc1 = 28.5, best_acc1 = 31.1
Epoch: [16][   0/1000]	Time  6.25 ( 6.25)	Data  6.19 ( 6.19)	Loss   0.72 (  0.72)	Cls Acc 100.0 (100.0)	Domain Acc 45.7 (45.7)
Epoch: [16][  50/1000]	Time  6.31 ( 6.49)	Data  6.25 ( 6.42)	Loss   0.70 (  0.71)	Cls Acc 100.0 (100.0)	Domain Acc 57.0 (52.6)
Epoch: [16][ 100/1000]	Time  6.24 ( 6.46)	Data  6.17 ( 6.40)	Loss   0.71 (  0.70)	Cls Acc 100.0 (100.0)	Domain Acc 49.2 (53.2)
Epoch: [16][ 150/1000]	Time  6.27 ( 6.46)	Data  6.20 ( 6.40)	Loss   0.69 (  0.71)	Cls Acc 100.0 (100.0)	Domain Acc 56.8 (52.0)
Epoch: [16][ 200/1000]	Time  6.24 ( 6.45)	Data  6.17 ( 6.39)	Loss   0.72 (  0.71)	Cls Acc 100.0 (100.0)	Domain Acc 48.8 (52.6)
Epoch: [16][ 250/1000]	Time  6.26 ( 6.46)	Data  6.20 ( 6.39)	Loss   0.69 (  0.71)	Cls Acc 100.0 (100.0)	Domain Acc 56.1 (51.8)
Epoch: [16][ 300/1000]	Time  6.24 ( 6.45)	Data  6.18 ( 6.39)	Loss   0.74 (  0.71)	Cls Acc 100.0 (100.0)	Domain Acc 49.0 (52.6)
Epoch: [16][ 350/1000]	Time  6.22 ( 6.46)	Data  6.16 ( 6.39)	Loss   0.70 (  0.71)	Cls Acc 100.0 (100.0)	Domain Acc 53.9 (52.4)
Epoch: [16][ 400/1000]	Time  6.22 ( 6.46)	Data  6.16 ( 6.39)	Loss   0.70 (  0.71)	Cls Acc 100.0 (100.0)	Domain Acc 53.5 (52.5)
Epoch: [16][ 450/1000]	Time  6.29 ( 6.46)	Data  6.22 ( 6.39)	Loss   0.71 (  0.71)	Cls Acc 100.0 (100.0)	Domain Acc 49.0 (52.6)
Epoch: [16][ 500/1000]	Time  8.32 ( 6.46)	Data  8.25 ( 6.39)	Loss   0.70 (  0.71)	Cls Acc 100.0 (100.0)	Domain Acc 53.5 (53.0)
Epoch: [16][ 550/1000]	Time  6.21 ( 6.46)	Data  6.14 ( 6.39)	Loss   0.71 (  0.71)	Cls Acc 100.0 (100.0)	Domain Acc 53.5 (52.8)
Epoch: [16][ 600/1000]	Time  6.28 ( 6.46)	Data  6.21 ( 6.39)	Loss   0.72 (  0.71)	Cls Acc 100.0 (100.0)	Domain Acc 49.0 (52.8)
Epoch: [16][ 650/1000]	Time  6.28 ( 6.46)	Data  6.22 ( 6.39)	Loss   0.70 (  0.71)	Cls Acc 100.0 (100.0)	Domain Acc 52.9 (52.6)
Epoch: [16][ 700/1000]	Time  6.30 ( 6.46)	Data  6.23 ( 6.39)	Loss   0.70 (  0.71)	Cls Acc 100.0 (100.0)	Domain Acc 56.1 (52.9)
Epoch: [16][ 750/1000]	Time  6.25 ( 6.45)	Data  6.18 ( 6.39)	Loss   0.72 (  0.71)	Cls Acc 100.0 (100.0)	Domain Acc 51.0 (52.9)
Epoch: [16][ 800/1000]	Time  6.22 ( 6.45)	Data  6.15 ( 6.39)	Loss   0.71 (  0.71)	Cls Acc 100.0 (100.0)	Domain Acc 49.0 (52.8)
Epoch: [16][ 850/1000]	Time  6.25 ( 6.45)	Data  6.19 ( 6.39)	Loss   0.70 (  0.71)	Cls Acc 100.0 (100.0)	Domain Acc 56.6 (52.7)
Epoch: [16][ 900/1000]	Time  6.23 ( 6.46)	Data  6.16 ( 6.39)	Loss   0.70 (  0.71)	Cls Acc 100.0 (100.0)	Domain Acc 55.9 (52.8)
Epoch: [16][ 950/1000]	Time  6.23 ( 6.45)	Data  6.17 ( 6.39)	Loss   0.73 (  0.71)	Cls Acc 100.0 (100.0)	Domain Acc 44.3 (52.8)
Test: [0/2]	Time  6.099 ( 6.099)	Loss 5.8396e+00 (5.8396e+00)	Acc@1  32.03 ( 32.03)	Acc@5  57.03 ( 57.03)
 * Acc@1 29.719 Acc@5 55.221
acc1 = 29.7, best_acc1 = 31.1
Epoch: [17][   0/1000]	Time  6.23 ( 6.23)	Data  6.16 ( 6.16)	Loss   0.69 (  0.69)	Cls Acc 100.0 (100.0)	Domain Acc 58.6 (58.6)
Epoch: [17][  50/1000]	Time  8.24 ( 6.46)	Data  8.18 ( 6.40)	Loss   0.70 (  0.70)	Cls Acc 100.0 (100.0)	Domain Acc 53.1 (55.2)
Epoch: [17][ 100/1000]	Time  6.28 ( 6.44)	Data  6.22 ( 6.38)	Loss   0.71 (  0.70)	Cls Acc 100.0 (100.0)	Domain Acc 53.1 (53.6)
Epoch: [17][ 150/1000]	Time  6.36 ( 6.45)	Data  6.30 ( 6.39)	Loss   0.68 (  0.70)	Cls Acc 100.0 (100.0)	Domain Acc 60.5 (54.4)
Epoch: [17][ 200/1000]	Time  6.22 ( 6.45)	Data  6.16 ( 6.39)	Loss   0.72 (  0.70)	Cls Acc 100.0 (100.0)	Domain Acc 44.1 (54.1)
Epoch: [17][ 250/1000]	Time  6.26 ( 6.46)	Data  6.20 ( 6.39)	Loss   0.69 (  0.70)	Cls Acc 100.0 (100.0)	Domain Acc 55.1 (53.8)
Epoch: [17][ 300/1000]	Time  6.24 ( 6.45)	Data  6.17 ( 6.39)	Loss   0.70 (  0.71)	Cls Acc 100.0 (100.0)	Domain Acc 53.9 (53.3)
Epoch: [17][ 350/1000]	Time  6.24 ( 6.46)	Data  6.18 ( 6.39)	Loss   0.70 (  0.70)	Cls Acc 100.0 (100.0)	Domain Acc 52.0 (53.7)
Epoch: [17][ 400/1000]	Time  6.27 ( 6.45)	Data  6.20 ( 6.39)	Loss   0.71 (  0.71)	Cls Acc 100.0 (100.0)	Domain Acc 50.6 (53.2)
Epoch: [17][ 450/1000]	Time  6.21 ( 6.46)	Data  6.15 ( 6.39)	Loss   0.71 (  0.71)	Cls Acc 100.0 (100.0)	Domain Acc 49.6 (53.1)
Epoch: [17][ 500/1000]	Time  6.27 ( 6.45)	Data  6.21 ( 6.39)	Loss   0.70 (  0.71)	Cls Acc 100.0 (100.0)	Domain Acc 54.5 (53.1)
Epoch: [17][ 550/1000]	Time  6.25 ( 6.45)	Data  6.19 ( 6.39)	Loss   0.71 (  0.71)	Cls Acc 100.0 (100.0)	Domain Acc 48.8 (52.9)
Epoch: [17][ 600/1000]	Time  8.31 ( 6.46)	Data  8.25 ( 6.39)	Loss   0.69 (  0.71)	Cls Acc 100.0 (100.0)	Domain Acc 56.8 (52.9)
Epoch: [17][ 650/1000]	Time  6.22 ( 6.46)	Data  6.16 ( 6.39)	Loss   0.72 (  0.71)	Cls Acc 100.0 (100.0)	Domain Acc 51.0 (52.8)
Epoch: [17][ 700/1000]	Time  6.35 ( 6.46)	Data  6.29 ( 6.39)	Loss   0.70 (  0.71)	Cls Acc 100.0 (100.0)	Domain Acc 52.0 (52.7)
Epoch: [17][ 750/1000]	Time  6.30 ( 6.46)	Data  6.24 ( 6.39)	Loss   0.70 (  0.71)	Cls Acc 100.0 (100.0)	Domain Acc 54.1 (52.6)
Epoch: [17][ 800/1000]	Time  6.26 ( 6.46)	Data  6.20 ( 6.39)	Loss   0.70 (  0.71)	Cls Acc 100.0 (100.0)	Domain Acc 55.9 (52.8)
Epoch: [17][ 850/1000]	Time  6.22 ( 6.46)	Data  6.16 ( 6.39)	Loss   0.70 (  0.71)	Cls Acc 100.0 (100.0)	Domain Acc 52.0 (52.7)
Epoch: [17][ 900/1000]	Time  6.29 ( 6.46)	Data  6.23 ( 6.39)	Loss   0.70 (  0.71)	Cls Acc 100.0 (100.0)	Domain Acc 55.1 (52.7)
Epoch: [17][ 950/1000]	Time  6.30 ( 6.46)	Data  6.23 ( 6.39)	Loss   0.70 (  0.71)	Cls Acc 100.0 (100.0)	Domain Acc 54.3 (52.9)
Test: [0/2]	Time  6.082 ( 6.082)	Loss 6.0045e+00 (6.0045e+00)	Acc@1  33.98 ( 33.98)	Acc@5  53.91 ( 53.91)
 * Acc@1 29.719 Acc@5 51.004
acc1 = 29.7, best_acc1 = 31.1
Epoch: [18][   0/1000]	Time  6.38 ( 6.38)	Data  6.31 ( 6.31)	Loss   0.71 (  0.71)	Cls Acc 100.0 (100.0)	Domain Acc 52.1 (52.1)
Epoch: [18][  50/1000]	Time  6.23 ( 6.43)	Data  6.17 ( 6.36)	Loss   0.71 (  0.70)	Cls Acc 100.0 (100.0)	Domain Acc 53.9 (54.8)
Epoch: [18][ 100/1000]	Time  6.20 ( 6.45)	Data  6.13 ( 6.39)	Loss   0.71 (  0.70)	Cls Acc 100.0 (100.0)	Domain Acc 47.9 (54.5)
Epoch: [18][ 150/1000]	Time  8.44 ( 6.46)	Data  8.38 ( 6.40)	Loss   0.72 (  0.70)	Cls Acc 100.0 (100.0)	Domain Acc 51.8 (53.8)
Epoch: [18][ 200/1000]	Time  6.28 ( 6.45)	Data  6.21 ( 6.39)	Loss   0.69 (  0.70)	Cls Acc 100.0 (100.0)	Domain Acc 54.9 (54.2)
Epoch: [18][ 250/1000]	Time  6.30 ( 6.46)	Data  6.24 ( 6.39)	Loss   0.69 (  0.70)	Cls Acc 100.0 (100.0)	Domain Acc 58.0 (53.6)
Epoch: [18][ 300/1000]	Time  6.23 ( 6.45)	Data  6.17 ( 6.39)	Loss   0.69 (  0.70)	Cls Acc 100.0 (100.0)	Domain Acc 60.0 (54.3)
Epoch: [18][ 350/1000]	Time  6.28 ( 6.46)	Data  6.22 ( 6.39)	Loss   0.71 (  0.70)	Cls Acc 100.0 (100.0)	Domain Acc 51.0 (53.7)
Epoch: [18][ 400/1000]	Time  6.25 ( 6.45)	Data  6.18 ( 6.39)	Loss   0.71 (  0.70)	Cls Acc 100.0 (100.0)	Domain Acc 48.0 (53.9)
Epoch: [18][ 450/1000]	Time  6.26 ( 6.46)	Data  6.20 ( 6.39)	Loss   0.70 (  0.70)	Cls Acc 100.0 (100.0)	Domain Acc 56.4 (53.9)
Epoch: [18][ 500/1000]	Time  6.25 ( 6.46)	Data  6.18 ( 6.39)	Loss   0.71 (  0.70)	Cls Acc 100.0 (100.0)	Domain Acc 51.2 (53.7)
Epoch: [18][ 550/1000]	Time  6.24 ( 6.46)	Data  6.17 ( 6.40)	Loss   0.68 (  0.70)	Cls Acc 100.0 (100.0)	Domain Acc 63.3 (54.1)
Epoch: [18][ 600/1000]	Time  6.31 ( 6.46)	Data  6.24 ( 6.40)	Loss   0.71 (  0.70)	Cls Acc 100.0 (100.0)	Domain Acc 50.2 (53.8)
Epoch: [18][ 650/1000]	Time  6.32 ( 6.46)	Data  6.25 ( 6.40)	Loss   0.70 (  0.70)	Cls Acc 100.0 (100.0)	Domain Acc 59.0 (53.9)
Epoch: [18][ 700/1000]	Time  8.34 ( 6.46)	Data  8.28 ( 6.40)	Loss   0.71 (  0.70)	Cls Acc 100.0 (100.0)	Domain Acc 53.1 (53.9)
Epoch: [18][ 750/1000]	Time  6.23 ( 6.47)	Data  6.16 ( 6.40)	Loss   0.70 (  0.70)	Cls Acc 100.0 (100.0)	Domain Acc 56.6 (53.9)
Epoch: [18][ 800/1000]	Time  6.31 ( 6.47)	Data  6.24 ( 6.41)	Loss   0.69 (  0.70)	Cls Acc 100.0 (100.0)	Domain Acc 56.2 (54.1)
Epoch: [18][ 850/1000]	Time  6.29 ( 6.47)	Data  6.23 ( 6.41)	Loss   0.72 (  0.70)	Cls Acc 100.0 (100.0)	Domain Acc 50.0 (54.0)
Epoch: [18][ 900/1000]	Time  6.36 ( 6.47)	Data  6.30 ( 6.41)	Loss   0.70 (  0.70)	Cls Acc 100.0 (100.0)	Domain Acc 52.7 (53.8)
Epoch: [18][ 950/1000]	Time  6.27 ( 6.47)	Data  6.20 ( 6.41)	Loss   0.71 (  0.70)	Cls Acc 100.0 (100.0)	Domain Acc 53.5 (53.9)
Test: [0/2]	Time  6.131 ( 6.131)	Loss 5.8422e+00 (5.8422e+00)	Acc@1  33.20 ( 33.20)	Acc@5  54.69 ( 54.69)
 * Acc@1 30.120 Acc@5 49.799
acc1 = 30.1, best_acc1 = 31.1
Epoch: [19][   0/1000]	Time  6.32 ( 6.32)	Data  6.25 ( 6.25)	Loss   0.71 (  0.71)	Cls Acc 100.0 (100.0)	Domain Acc 51.6 (51.6)
Epoch: [19][  50/1000]	Time  6.33 ( 6.46)	Data  6.26 ( 6.40)	Loss   0.69 (  0.70)	Cls Acc 100.0 (100.0)	Domain Acc 59.0 (55.9)
Epoch: [19][ 100/1000]	Time  6.34 ( 6.51)	Data  6.28 ( 6.44)	Loss   0.71 (  0.70)	Cls Acc 100.0 (100.0)	Domain Acc 48.0 (54.8)
Epoch: [19][ 150/1000]	Time  6.27 ( 6.50)	Data  6.21 ( 6.44)	Loss   0.71 (  0.70)	Cls Acc 100.0 (100.0)	Domain Acc 51.2 (53.1)
Epoch: [19][ 200/1000]	Time  6.30 ( 6.51)	Data  6.24 ( 6.45)	Loss   0.69 (  0.70)	Cls Acc 100.0 (100.0)	Domain Acc 59.4 (53.4)
Epoch: [19][ 250/1000]	Time  8.81 ( 6.52)	Data  8.75 ( 6.45)	Loss   0.71 (  0.71)	Cls Acc 100.0 (100.0)	Domain Acc 49.4 (52.8)
Epoch: [19][ 300/1000]	Time  6.28 ( 6.51)	Data  6.22 ( 6.45)	Loss   0.69 (  0.70)	Cls Acc 100.0 (100.0)	Domain Acc 59.0 (53.5)
Epoch: [19][ 350/1000]	Time  6.35 ( 6.52)	Data  6.29 ( 6.45)	Loss   0.72 (  0.70)	Cls Acc 100.0 (100.0)	Domain Acc 46.9 (53.3)
Epoch: [19][ 400/1000]	Time  6.27 ( 6.51)	Data  6.21 ( 6.45)	Loss   0.69 (  0.70)	Cls Acc 100.0 (100.0)	Domain Acc 56.6 (52.9)
Epoch: [19][ 450/1000]	Time  6.33 ( 6.51)	Data  6.27 ( 6.45)	Loss   0.70 (  0.70)	Cls Acc 100.0 (100.0)	Domain Acc 54.1 (53.1)
Epoch: [19][ 500/1000]	Time  6.27 ( 6.51)	Data  6.21 ( 6.45)	Loss   0.69 (  0.70)	Cls Acc 100.0 (100.0)	Domain Acc 57.8 (53.1)
Epoch: [19][ 550/1000]	Time  6.27 ( 6.51)	Data  6.21 ( 6.45)	Loss   0.71 (  0.70)	Cls Acc 100.0 (100.0)	Domain Acc 49.8 (53.4)
Epoch: [19][ 600/1000]	Time  6.31 ( 6.51)	Data  6.25 ( 6.45)	Loss   0.72 (  0.70)	Cls Acc 100.0 (100.0)	Domain Acc 47.3 (53.1)
Epoch: [19][ 650/1000]	Time  6.34 ( 6.51)	Data  6.27 ( 6.45)	Loss   0.70 (  0.70)	Cls Acc 100.0 (100.0)	Domain Acc 54.3 (53.2)
Epoch: [19][ 700/1000]	Time  6.29 ( 6.51)	Data  6.22 ( 6.45)	Loss   0.71 (  0.70)	Cls Acc 100.0 (100.0)	Domain Acc 50.6 (53.1)
Epoch: [19][ 750/1000]	Time  6.26 ( 6.51)	Data  6.20 ( 6.45)	Loss   0.70 (  0.70)	Cls Acc 100.0 (100.0)	Domain Acc 54.7 (53.2)
Epoch: [19][ 800/1000]	Time  8.36 ( 6.51)	Data  8.30 ( 6.45)	Loss   0.71 (  0.70)	Cls Acc 100.0 (100.0)	Domain Acc 54.1 (53.3)
Epoch: [19][ 850/1000]	Time  6.26 ( 6.51)	Data  6.19 ( 6.45)	Loss   0.72 (  0.70)	Cls Acc 100.0 (100.0)	Domain Acc 41.2 (53.2)
Epoch: [19][ 900/1000]	Time  6.32 ( 6.51)	Data  6.26 ( 6.45)	Loss   0.70 (  0.70)	Cls Acc 100.0 (100.0)	Domain Acc 56.6 (53.2)
Epoch: [19][ 950/1000]	Time  6.29 ( 6.51)	Data  6.23 ( 6.45)	Loss   0.70 (  0.70)	Cls Acc 100.0 (100.0)	Domain Acc 56.8 (53.2)
Test: [0/2]	Time  6.185 ( 6.185)	Loss 5.8074e+00 (5.8074e+00)	Acc@1  33.20 ( 33.20)	Acc@5  58.20 ( 58.20)
 * Acc@1 29.116 Acc@5 51.807
acc1 = 29.1, best_acc1 = 31.1
Epoch: [20][   0/1000]	Time  6.31 ( 6.31)	Data  6.24 ( 6.24)	Loss   0.70 (  0.70)	Cls Acc 100.0 (100.0)	Domain Acc 52.3 (52.3)
Epoch: [20][  50/1000]	Time  6.30 ( 6.52)	Data  6.23 ( 6.45)	Loss   0.72 (  0.70)	Cls Acc 100.0 (100.0)	Domain Acc 50.4 (52.9)
Epoch: [20][ 100/1000]	Time  6.32 ( 6.56)	Data  6.25 ( 6.49)	Loss   0.69 (  0.71)	Cls Acc 100.0 (100.0)	Domain Acc 59.0 (52.3)
Epoch: [20][ 150/1000]	Time  6.33 ( 6.54)	Data  6.27 ( 6.48)	Loss   0.71 (  0.71)	Cls Acc 100.0 (100.0)	Domain Acc 50.6 (52.5)
Epoch: [20][ 200/1000]	Time  6.33 ( 6.54)	Data  6.27 ( 6.48)	Loss   0.70 (  0.71)	Cls Acc 100.0 (100.0)	Domain Acc 54.9 (52.7)
Epoch: [20][ 250/1000]	Time  6.30 ( 6.53)	Data  6.24 ( 6.47)	Loss   0.71 (  0.71)	Cls Acc 100.0 (100.0)	Domain Acc 51.6 (52.9)
Epoch: [20][ 300/1000]	Time  6.25 ( 6.54)	Data  6.18 ( 6.47)	Loss   0.71 (  0.71)	Cls Acc 100.0 (100.0)	Domain Acc 51.4 (52.9)
Epoch: [20][ 350/1000]	Time  8.45 ( 6.54)	Data  8.38 ( 6.47)	Loss   0.70 (  0.71)	Cls Acc 100.0 (100.0)	Domain Acc 55.3 (52.7)
Epoch: [20][ 400/1000]	Time  6.32 ( 6.53)	Data  6.26 ( 6.47)	Loss   0.72 (  0.71)	Cls Acc 100.0 (100.0)	Domain Acc 44.7 (52.9)
Epoch: [20][ 450/1000]	Time  6.35 ( 6.54)	Data  6.28 ( 6.47)	Loss   0.69 (  0.71)	Cls Acc 100.0 (100.0)	Domain Acc 57.4 (52.8)
Epoch: [20][ 500/1000]	Time  6.36 ( 6.53)	Data  6.30 ( 6.47)	Loss   0.71 (  0.70)	Cls Acc 100.0 (100.0)	Domain Acc 50.8 (53.0)
Epoch: [20][ 550/1000]	Time  6.37 ( 6.53)	Data  6.30 ( 6.47)	Loss   0.71 (  0.71)	Cls Acc 100.0 (100.0)	Domain Acc 52.9 (52.9)
Epoch: [20][ 600/1000]	Time  6.30 ( 6.53)	Data  6.24 ( 6.47)	Loss   0.70 (  0.71)	Cls Acc 100.0 (100.0)	Domain Acc 53.9 (52.8)
Epoch: [20][ 650/1000]	Time  6.33 ( 6.53)	Data  6.26 ( 6.47)	Loss   0.70 (  0.70)	Cls Acc 100.0 (100.0)	Domain Acc 53.3 (53.1)
Epoch: [20][ 700/1000]	Time  6.30 ( 6.53)	Data  6.23 ( 6.47)	Loss   0.70 (  0.70)	Cls Acc 100.0 (100.0)	Domain Acc 54.5 (53.0)
Epoch: [20][ 750/1000]	Time  6.33 ( 6.53)	Data  6.27 ( 6.47)	Loss   0.70 (  0.70)	Cls Acc 100.0 (100.0)	Domain Acc 53.7 (53.3)
Epoch: [20][ 800/1000]	Time  6.27 ( 6.53)	Data  6.20 ( 6.46)	Loss   0.70 (  0.70)	Cls Acc 100.0 (100.0)	Domain Acc 52.3 (53.1)
Epoch: [20][ 850/1000]	Time  6.29 ( 6.53)	Data  6.23 ( 6.46)	Loss   0.71 (  0.70)	Cls Acc 100.0 (100.0)	Domain Acc 53.3 (53.0)
Epoch: [20][ 900/1000]	Time  8.90 ( 6.53)	Data  8.83 ( 6.46)	Loss   0.72 (  0.70)	Cls Acc 100.0 (100.0)	Domain Acc 50.2 (53.1)
Epoch: [20][ 950/1000]	Time  6.27 ( 6.52)	Data  6.21 ( 6.46)	Loss   0.70 (  0.70)	Cls Acc 100.0 (100.0)	Domain Acc 56.8 (53.1)
Test: [0/2]	Time  6.102 ( 6.102)	Loss 6.1143e+00 (6.1143e+00)	Acc@1  32.42 ( 32.42)	Acc@5  55.08 ( 55.08)
 * Acc@1 28.916 Acc@5 51.807
acc1 = 28.9, best_acc1 = 31.1
Epoch: [21][   0/1000]	Time  6.33 ( 6.33)	Data  6.27 ( 6.27)	Loss   0.69 (  0.69)	Cls Acc 100.0 (100.0)	Domain Acc 56.8 (56.8)
Epoch: [21][  50/1000]	Time  6.24 ( 6.49)	Data  6.17 ( 6.43)	Loss   0.72 (  0.72)	Cls Acc 100.0 (100.0)	Domain Acc 46.7 (48.6)
Epoch: [21][ 100/1000]	Time  6.26 ( 6.51)	Data  6.20 ( 6.44)	Loss   0.70 (  0.71)	Cls Acc 100.0 (100.0)	Domain Acc 55.7 (52.3)
Epoch: [21][ 150/1000]	Time  6.30 ( 6.49)	Data  6.23 ( 6.43)	Loss   0.71 (  0.71)	Cls Acc 100.0 (100.0)	Domain Acc 55.7 (52.7)
Epoch: [21][ 200/1000]	Time  6.31 ( 6.50)	Data  6.24 ( 6.43)	Loss   0.70 (  0.70)	Cls Acc 100.0 (100.0)	Domain Acc 58.0 (53.6)
Epoch: [21][ 250/1000]	Time  6.32 ( 6.49)	Data  6.25 ( 6.43)	Loss   0.69 (  0.70)	Cls Acc 100.0 (100.0)	Domain Acc 57.2 (53.7)
Epoch: [21][ 300/1000]	Time  6.27 ( 6.49)	Data  6.20 ( 6.43)	Loss   0.72 (  0.70)	Cls Acc 100.0 (100.0)	Domain Acc 47.3 (53.4)
Epoch: [21][ 350/1000]	Time  6.26 ( 6.49)	Data  6.20 ( 6.43)	Loss   0.70 (  0.70)	Cls Acc 100.0 (100.0)	Domain Acc 54.7 (53.0)
Epoch: [21][ 400/1000]	Time  6.25 ( 6.49)	Data  6.19 ( 6.43)	Loss   0.71 (  0.70)	Cls Acc 100.0 (100.0)	Domain Acc 51.4 (53.5)
Epoch: [21][ 450/1000]	Time  8.76 ( 6.50)	Data  8.70 ( 6.43)	Loss   0.70 (  0.70)	Cls Acc 100.0 (100.0)	Domain Acc 53.5 (53.1)
Epoch: [21][ 500/1000]	Time  6.29 ( 6.49)	Data  6.23 ( 6.43)	Loss   0.70 (  0.70)	Cls Acc 100.0 (100.0)	Domain Acc 52.1 (53.6)
Epoch: [21][ 550/1000]	Time  6.33 ( 6.49)	Data  6.26 ( 6.43)	Loss   0.72 (  0.70)	Cls Acc 100.0 (100.0)	Domain Acc 46.7 (53.2)
Epoch: [21][ 600/1000]	Time  6.23 ( 6.49)	Data  6.17 ( 6.43)	Loss   0.69 (  0.70)	Cls Acc 100.0 (100.0)	Domain Acc 58.4 (53.0)
Epoch: [21][ 650/1000]	Time  6.24 ( 6.49)	Data  6.18 ( 6.43)	Loss   0.71 (  0.70)	Cls Acc 100.0 (100.0)	Domain Acc 52.1 (53.2)
Epoch: [21][ 700/1000]	Time  6.28 ( 6.49)	Data  6.22 ( 6.43)	Loss   0.70 (  0.70)	Cls Acc 100.0 (100.0)	Domain Acc 55.5 (53.0)
Epoch: [21][ 750/1000]	Time  6.33 ( 6.49)	Data  6.26 ( 6.43)	Loss   0.70 (  0.70)	Cls Acc 100.0 (100.0)	Domain Acc 55.9 (53.1)
Epoch: [21][ 800/1000]	Time  6.32 ( 6.49)	Data  6.26 ( 6.43)	Loss   0.72 (  0.70)	Cls Acc 100.0 (100.0)	Domain Acc 51.0 (53.2)
Epoch: [21][ 850/1000]	Time  6.24 ( 6.49)	Data  6.18 ( 6.43)	Loss   0.70 (  0.70)	Cls Acc 100.0 (100.0)	Domain Acc 52.1 (53.1)
Epoch: [21][ 900/1000]	Time  6.21 ( 6.49)	Data  6.15 ( 6.43)	Loss   0.70 (  0.70)	Cls Acc 100.0 (100.0)	Domain Acc 57.6 (53.3)
Epoch: [21][ 950/1000]	Time  6.21 ( 6.49)	Data  6.15 ( 6.43)	Loss   0.70 (  0.70)	Cls Acc 100.0 (100.0)	Domain Acc 54.1 (53.2)
Test: [0/2]	Time  6.175 ( 6.175)	Loss 6.0665e+00 (6.0665e+00)	Acc@1  31.64 ( 31.64)	Acc@5  55.86 ( 55.86)
 * Acc@1 28.715 Acc@5 51.606
acc1 = 28.7, best_acc1 = 31.1
Epoch: [22][   0/1000]	Time  8.56 ( 8.56)	Data  8.50 ( 8.50)	Loss   0.70 (  0.70)	Cls Acc 100.0 (100.0)	Domain Acc 60.0 (60.0)
Epoch: [22][  50/1000]	Time  6.28 ( 6.48)	Data  6.22 ( 6.42)	Loss   0.71 (  0.70)	Cls Acc 100.0 (100.0)	Domain Acc 50.2 (56.4)
Epoch: [22][ 100/1000]	Time  6.33 ( 6.50)	Data  6.27 ( 6.43)	Loss   0.70 (  0.71)	Cls Acc 100.0 (100.0)	Domain Acc 52.3 (52.4)
Epoch: [22][ 150/1000]	Time  6.22 ( 6.49)	Data  6.15 ( 6.42)	Loss   0.70 (  0.70)	Cls Acc 100.0 (100.0)	Domain Acc 54.1 (54.0)
Epoch: [22][ 200/1000]	Time  6.28 ( 6.49)	Data  6.22 ( 6.43)	Loss   0.71 (  0.70)	Cls Acc 100.0 (100.0)	Domain Acc 49.6 (53.5)
Epoch: [22][ 250/1000]	Time  6.27 ( 6.48)	Data  6.21 ( 6.42)	Loss   0.69 (  0.70)	Cls Acc 100.0 (100.0)	Domain Acc 57.8 (53.3)
Epoch: [22][ 300/1000]	Time  6.42 ( 6.51)	Data  6.35 ( 6.45)	Loss   0.70 (  0.70)	Cls Acc 100.0 (100.0)	Domain Acc 55.1 (54.0)
Epoch: [22][ 350/1000]	Time  6.30 ( 6.51)	Data  6.23 ( 6.44)	Loss   0.71 (  0.70)	Cls Acc 100.0 (100.0)	Domain Acc 51.6 (53.1)
Epoch: [22][ 400/1000]	Time  6.31 ( 6.51)	Data  6.25 ( 6.45)	Loss   0.70 (  0.70)	Cls Acc 100.0 (100.0)	Domain Acc 55.5 (53.1)
Epoch: [22][ 450/1000]	Time  6.49 ( 6.51)	Data  6.43 ( 6.44)	Loss   0.71 (  0.70)	Cls Acc 100.0 (100.0)	Domain Acc 49.6 (53.4)
Epoch: [22][ 500/1000]	Time  6.25 ( 6.51)	Data  6.19 ( 6.45)	Loss   0.69 (  0.70)	Cls Acc 100.0 (100.0)	Domain Acc 58.6 (53.1)
Epoch: [22][ 550/1000]	Time  8.30 ( 6.52)	Data  8.23 ( 6.45)	Loss   0.70 (  0.70)	Cls Acc 100.0 (100.0)	Domain Acc 54.5 (53.5)
Epoch: [22][ 600/1000]	Time  6.20 ( 6.51)	Data  6.14 ( 6.45)	Loss   0.72 (  0.70)	Cls Acc 100.0 (100.0)	Domain Acc 41.6 (53.2)
Epoch: [22][ 650/1000]	Time  6.27 ( 6.51)	Data  6.20 ( 6.45)	Loss   0.69 (  0.70)	Cls Acc 100.0 (100.0)	Domain Acc 55.7 (53.1)
Epoch: [22][ 700/1000]	Time  6.33 ( 6.51)	Data  6.27 ( 6.45)	Loss   0.70 (  0.70)	Cls Acc 100.0 (100.0)	Domain Acc 51.8 (53.3)
Epoch: [22][ 750/1000]	Time  6.34 ( 6.51)	Data  6.28 ( 6.44)	Loss   0.71 (  0.70)	Cls Acc 100.0 (100.0)	Domain Acc 51.8 (53.1)
Epoch: [22][ 800/1000]	Time  6.22 ( 6.51)	Data  6.16 ( 6.44)	Loss   0.70 (  0.70)	Cls Acc 100.0 (100.0)	Domain Acc 55.3 (53.4)
Epoch: [22][ 850/1000]	Time  6.26 ( 6.51)	Data  6.20 ( 6.44)	Loss   0.72 (  0.70)	Cls Acc 100.0 (100.0)	Domain Acc 49.6 (53.3)
Epoch: [22][ 900/1000]	Time  6.24 ( 6.50)	Data  6.18 ( 6.44)	Loss   0.68 (  0.70)	Cls Acc 100.0 (100.0)	Domain Acc 60.5 (53.2)
Epoch: [22][ 950/1000]	Time  6.28 ( 6.50)	Data  6.22 ( 6.44)	Loss   0.70 (  0.70)	Cls Acc 100.0 (100.0)	Domain Acc 54.1 (53.3)
Test: [0/2]	Time  6.169 ( 6.169)	Loss 6.2987e+00 (6.2987e+00)	Acc@1  31.64 ( 31.64)	Acc@5  52.34 ( 52.34)
 * Acc@1 28.313 Acc@5 48.795
acc1 = 28.3, best_acc1 = 31.1
Epoch: [23][   0/1000]	Time  6.28 ( 6.28)	Data  6.22 ( 6.22)	Loss   0.70 (  0.70)	Cls Acc 100.0 (100.0)	Domain Acc 54.9 (54.9)
Epoch: [23][  50/1000]	Time  6.27 ( 6.50)	Data  6.21 ( 6.43)	Loss   0.69 (  0.70)	Cls Acc 100.0 (100.0)	Domain Acc 61.7 (56.7)
Epoch: [23][ 100/1000]	Time  8.32 ( 6.49)	Data  8.26 ( 6.43)	Loss   0.70 (  0.70)	Cls Acc 100.0 (100.0)	Domain Acc 51.6 (56.1)
Epoch: [23][ 150/1000]	Time  6.25 ( 6.49)	Data  6.18 ( 6.42)	Loss   0.70 (  0.70)	Cls Acc 100.0 (100.0)	Domain Acc 55.5 (54.4)
Epoch: [23][ 200/1000]	Time  6.24 ( 6.49)	Data  6.18 ( 6.43)	Loss   0.70 (  0.70)	Cls Acc 100.0 (100.0)	Domain Acc 52.0 (55.1)
Epoch: [23][ 250/1000]	Time  6.31 ( 6.48)	Data  6.25 ( 6.42)	Loss   0.70 (  0.70)	Cls Acc 100.0 (100.0)	Domain Acc 54.7 (54.0)
Epoch: [23][ 300/1000]	Time  6.32 ( 6.49)	Data  6.26 ( 6.43)	Loss   0.70 (  0.70)	Cls Acc 100.0 (100.0)	Domain Acc 55.7 (54.5)
Epoch: [23][ 350/1000]	Time  6.26 ( 6.48)	Data  6.19 ( 6.42)	Loss   0.71 (  0.70)	Cls Acc 100.0 (100.0)	Domain Acc 51.2 (54.0)
Epoch: [23][ 400/1000]	Time  6.35 ( 6.51)	Data  6.29 ( 6.44)	Loss   0.70 (  0.70)	Cls Acc 100.0 (100.0)	Domain Acc 55.3 (53.7)
Epoch: [23][ 450/1000]	Time  6.46 ( 6.52)	Data  6.40 ( 6.45)	Loss   0.70 (  0.70)	Cls Acc 100.0 (100.0)	Domain Acc 53.1 (54.2)
Epoch: [23][ 500/1000]	Time  6.50 ( 6.53)	Data  6.43 ( 6.47)	Loss   0.70 (  0.70)	Cls Acc 100.0 (100.0)	Domain Acc 55.5 (53.9)
Epoch: [23][ 550/1000]	Time  6.49 ( 6.54)	Data  6.42 ( 6.47)	Loss   0.70 (  0.70)	Cls Acc 100.0 (100.0)	Domain Acc 53.7 (54.4)
Epoch: [23][ 600/1000]	Time  6.48 ( 6.55)	Data  6.42 ( 6.48)	Loss   0.71 (  0.70)	Cls Acc 100.0 (100.0)	Domain Acc 46.3 (54.1)
Epoch: [23][ 650/1000]	Time  8.91 ( 6.55)	Data  8.85 ( 6.49)	Loss   0.69 (  0.70)	Cls Acc 100.0 (100.0)	Domain Acc 57.2 (54.1)
Epoch: [23][ 700/1000]	Time  6.34 ( 6.56)	Data  6.28 ( 6.49)	Loss   0.71 (  0.70)	Cls Acc 100.0 (100.0)	Domain Acc 50.6 (54.1)
Epoch: [23][ 750/1000]	Time  6.37 ( 6.56)	Data  6.31 ( 6.50)	Loss   0.70 (  0.70)	Cls Acc 100.0 (100.0)	Domain Acc 56.4 (54.0)
Epoch: [23][ 800/1000]	Time  6.51 ( 6.56)	Data  6.45 ( 6.50)	Loss   0.68 (  0.70)	Cls Acc 100.0 (100.0)	Domain Acc 58.2 (54.3)
Epoch: [23][ 850/1000]	Time  6.29 ( 6.57)	Data  6.23 ( 6.51)	Loss   0.72 (  0.70)	Cls Acc 100.0 (100.0)	Domain Acc 49.0 (54.0)
Epoch: [23][ 900/1000]	Time  6.36 ( 6.57)	Data  6.30 ( 6.51)	Loss   0.70 (  0.70)	Cls Acc 100.0 (100.0)	Domain Acc 53.5 (54.0)
Epoch: [23][ 950/1000]	Time  6.41 ( 6.57)	Data  6.35 ( 6.51)	Loss   0.70 (  0.70)	Cls Acc 100.0 (100.0)	Domain Acc 55.5 (54.1)
Test: [0/2]	Time  6.229 ( 6.229)	Loss 6.2293e+00 (6.2293e+00)	Acc@1  32.03 ( 32.03)	Acc@5  52.73 ( 52.73)
 * Acc@1 28.514 Acc@5 50.000
acc1 = 28.5, best_acc1 = 31.1
Epoch: [24][   0/1000]	Time  6.42 ( 6.42)	Data  6.36 ( 6.36)	Loss   0.71 (  0.71)	Cls Acc 100.0 (100.0)	Domain Acc 52.5 (52.5)
Epoch: [24][  50/1000]	Time  6.43 ( 6.67)	Data  6.36 ( 6.61)	Loss   0.69 (  0.69)	Cls Acc 100.0 (100.0)	Domain Acc 60.7 (58.4)
Epoch: [24][ 100/1000]	Time  6.33 ( 6.63)	Data  6.26 ( 6.57)	Loss   0.72 (  0.70)	Cls Acc 100.0 (100.0)	Domain Acc 46.1 (55.7)
Epoch: [24][ 150/1000]	Time  6.44 ( 6.63)	Data  6.37 ( 6.57)	Loss   0.70 (  0.70)	Cls Acc 100.0 (100.0)	Domain Acc 54.3 (54.1)
Epoch: [24][ 200/1000]	Time  8.62 ( 6.64)	Data  8.56 ( 6.57)	Loss   0.70 (  0.70)	Cls Acc 100.0 (100.0)	Domain Acc 56.2 (55.5)
Epoch: [24][ 250/1000]	Time  6.40 ( 6.62)	Data  6.33 ( 6.56)	Loss   0.71 (  0.70)	Cls Acc 100.0 (100.0)	Domain Acc 49.0 (54.6)
Epoch: [24][ 300/1000]	Time  6.41 ( 6.63)	Data  6.34 ( 6.56)	Loss   0.69 (  0.70)	Cls Acc 100.0 (100.0)	Domain Acc 59.8 (54.7)
Epoch: [24][ 350/1000]	Time  6.27 ( 6.62)	Data  6.21 ( 6.56)	Loss   0.71 (  0.70)	Cls Acc 100.0 (100.0)	Domain Acc 49.4 (55.1)
Epoch: [24][ 400/1000]	Time  6.41 ( 6.62)	Data  6.34 ( 6.56)	Loss   0.71 (  0.70)	Cls Acc 100.0 (100.0)	Domain Acc 48.6 (54.2)
Epoch: [24][ 450/1000]	Time  6.48 ( 6.62)	Data  6.41 ( 6.56)	Loss   0.68 (  0.70)	Cls Acc 100.0 (100.0)	Domain Acc 60.9 (54.6)
Epoch: [24][ 500/1000]	Time  6.50 ( 6.63)	Data  6.43 ( 6.56)	Loss   0.72 (  0.70)	Cls Acc 100.0 (100.0)	Domain Acc 51.0 (54.7)
Epoch: [24][ 550/1000]	Time  6.52 ( 6.63)	Data  6.45 ( 6.57)	Loss   0.69 (  0.70)	Cls Acc 100.0 (100.0)	Domain Acc 61.9 (54.3)
Epoch: [24][ 600/1000]	Time  6.37 ( 6.64)	Data  6.31 ( 6.57)	Loss   0.70 (  0.70)	Cls Acc 100.0 (100.0)	Domain Acc 51.4 (54.6)
Epoch: [24][ 650/1000]	Time  6.52 ( 6.63)	Data  6.46 ( 6.57)	Loss   0.72 (  0.70)	Cls Acc 100.0 (100.0)	Domain Acc 46.7 (54.3)
Epoch: [24][ 700/1000]	Time  6.39 ( 6.63)	Data  6.32 ( 6.57)	Loss   0.68 (  0.70)	Cls Acc 100.0 (100.0)	Domain Acc 63.5 (54.4)
Epoch: [24][ 750/1000]	Time  8.77 ( 6.63)	Data  8.71 ( 6.57)	Loss   0.72 (  0.70)	Cls Acc 100.0 (100.0)	Domain Acc 47.5 (54.4)
Epoch: [24][ 800/1000]	Time  6.42 ( 6.63)	Data  6.35 ( 6.57)	Loss   0.69 (  0.70)	Cls Acc 100.0 (100.0)	Domain Acc 57.2 (54.1)
Epoch: [24][ 850/1000]	Time  6.46 ( 6.63)	Data  6.40 ( 6.57)	Loss   0.70 (  0.70)	Cls Acc 100.0 (100.0)	Domain Acc 53.1 (54.5)
Epoch: [24][ 900/1000]	Time  6.31 ( 6.63)	Data  6.25 ( 6.57)	Loss   0.71 (  0.70)	Cls Acc 100.0 (100.0)	Domain Acc 46.1 (54.2)
Epoch: [24][ 950/1000]	Time  6.33 ( 6.63)	Data  6.27 ( 6.57)	Loss   0.68 (  0.70)	Cls Acc 100.0 (100.0)	Domain Acc 64.8 (54.2)
Test: [0/2]	Time  6.186 ( 6.186)	Loss 6.1878e+00 (6.1878e+00)	Acc@1  33.20 ( 33.20)	Acc@5  51.17 ( 51.17)
 * Acc@1 29.116 Acc@5 48.996
acc1 = 29.1, best_acc1 = 31.1
Epoch: [25][   0/1000]	Time  6.48 ( 6.48)	Data  6.42 ( 6.42)	Loss   0.73 (  0.73)	Cls Acc 100.0 (100.0)	Domain Acc 44.5 (44.5)
Epoch: [25][  50/1000]	Time  6.46 ( 6.66)	Data  6.39 ( 6.59)	Loss   0.71 (  0.71)	Cls Acc 100.0 (100.0)	Domain Acc 51.2 (51.0)
Epoch: [25][ 100/1000]	Time  6.43 ( 6.64)	Data  6.36 ( 6.57)	Loss   0.68 (  0.70)	Cls Acc 100.0 (100.0)	Domain Acc 61.9 (55.3)
Epoch: [25][ 150/1000]	Time  6.31 ( 6.64)	Data  6.25 ( 6.58)	Loss   0.72 (  0.70)	Cls Acc 100.0 (100.0)	Domain Acc 41.8 (53.2)
Epoch: [25][ 200/1000]	Time  6.43 ( 6.64)	Data  6.36 ( 6.57)	Loss   0.70 (  0.70)	Cls Acc 100.0 (100.0)	Domain Acc 54.7 (53.9)
Epoch: [25][ 250/1000]	Time  6.45 ( 6.64)	Data  6.39 ( 6.57)	Loss   0.71 (  0.70)	Cls Acc 100.0 (100.0)	Domain Acc 47.5 (54.3)
Epoch: [25][ 300/1000]	Time  9.01 ( 6.65)	Data  8.94 ( 6.58)	Loss   0.69 (  0.70)	Cls Acc 100.0 (100.0)	Domain Acc 57.2 (53.5)
Epoch: [25][ 350/1000]	Time  6.39 ( 6.64)	Data  6.32 ( 6.58)	Loss   0.69 (  0.70)	Cls Acc 100.0 (100.0)	Domain Acc 59.0 (54.4)
Epoch: [25][ 400/1000]	Time  6.33 ( 6.64)	Data  6.27 ( 6.58)	Loss   0.72 (  0.70)	Cls Acc 100.0 (100.0)	Domain Acc 46.9 (54.1)
Epoch: [25][ 450/1000]	Time  6.49 ( 6.64)	Data  6.43 ( 6.57)	Loss   0.69 (  0.70)	Cls Acc 100.0 (100.0)	Domain Acc 63.7 (53.8)
Epoch: [25][ 500/1000]	Time  6.45 ( 6.64)	Data  6.38 ( 6.58)	Loss   0.72 (  0.70)	Cls Acc 100.0 (100.0)	Domain Acc 53.5 (54.0)
Epoch: [25][ 550/1000]	Time  6.39 ( 6.64)	Data  6.33 ( 6.58)	Loss   0.70 (  0.70)	Cls Acc 100.0 (100.0)	Domain Acc 54.1 (53.9)
Epoch: [25][ 600/1000]	Time  6.35 ( 6.64)	Data  6.29 ( 6.58)	Loss   0.70 (  0.70)	Cls Acc 100.0 (100.0)	Domain Acc 55.7 (54.1)
Epoch: [25][ 650/1000]	Time  6.45 ( 6.64)	Data  6.38 ( 6.57)	Loss   0.70 (  0.70)	Cls Acc 100.0 (100.0)	Domain Acc 52.3 (53.8)
Epoch: [25][ 700/1000]	Time  6.37 ( 6.64)	Data  6.31 ( 6.58)	Loss   0.70 (  0.70)	Cls Acc 100.0 (100.0)	Domain Acc 53.1 (54.0)
Epoch: [25][ 750/1000]	Time  6.31 ( 6.64)	Data  6.25 ( 6.57)	Loss   0.71 (  0.70)	Cls Acc 100.0 (100.0)	Domain Acc 50.6 (53.9)
