Namespace(arch='alexnet', batch_size=256, bottleneck_dim=256, center_crop=False, checkmodel_logsave=False, data='Office31', data_processing='ours', epochs=50, iters_per_epoch=1000, local=True, local_pretrained_path='/home/junzhin/Project/Summer_project/code/version1.0/pretrained_model_results/ALEX_office31masked2Random_newmodel_best.pth.tar', log='/home/junzhin/Project/Summer_project/code/version2.0/training_results/dann/ALEX_office31masked2Random/D_A', lr=0.01, lr_decay=0.75, lr_gamma=0.001, momentum=0.9, per_class_eval=False, phase='train', pretrained=True, print_freq=50, root='/home/junzhin/Project/Summer_project/code/version2.0/data/office31', seed=None, source='D', target='A', trade_off=1.0, weight_decay=0.001, workers=4)
=> using pre-trained model 'alexnet'
Loading the local alexnet pretrained model weights!
Epoch: [0][   0/1000]	Time  4.31 ( 4.31)	Data  2.11 ( 2.11)	Loss   4.08 (  4.08)	Cls Acc 3.1 (3.1)	Domain Acc 76.2 (76.2)
Epoch: [0][  50/1000]	Time  6.19 ( 6.32)	Data  6.12 ( 6.21)	Loss   1.67 (  2.56)	Cls Acc 63.3 (36.2)	Domain Acc 97.9 (96.4)
Epoch: [0][ 100/1000]	Time  6.46 ( 6.37)	Data  6.40 ( 6.29)	Loss   0.52 (  1.79)	Cls Acc 94.5 (59.3)	Domain Acc 98.4 (97.3)
Epoch: [0][ 150/1000]	Time  6.28 ( 6.41)	Data  6.22 ( 6.33)	Loss   0.17 (  1.30)	Cls Acc 100.0 (72.0)	Domain Acc 99.4 (98.0)
Epoch: [0][ 200/1000]	Time  6.39 ( 6.44)	Data  6.32 ( 6.37)	Loss   0.16 (  1.02)	Cls Acc 100.0 (78.9)	Domain Acc 97.5 (98.2)
Epoch: [0][ 250/1000]	Time  6.25 ( 6.44)	Data  6.19 ( 6.37)	Loss   1.99 (  1.21)	Cls Acc 96.9 (82.7)	Domain Acc 51.0 (90.8)
Epoch: [0][ 300/1000]	Time  6.22 ( 6.43)	Data  6.15 ( 6.36)	Loss   3.50 (  2.06)	Cls Acc 95.3 (84.8)	Domain Acc 33.6 (81.7)
Epoch: [0][ 350/1000]	Time  6.21 ( 6.42)	Data  6.14 ( 6.35)	Loss  10.03 (  2.38)	Cls Acc 98.0 (86.5)	Domain Acc 31.4 (76.2)
Epoch: [0][ 400/1000]	Time  6.25 ( 6.42)	Data  6.18 ( 6.35)	Loss  13.33 (  3.27)	Cls Acc 98.8 (87.7)	Domain Acc 49.4 (72.1)
Epoch: [0][ 450/1000]	Time  6.17 ( 6.41)	Data  6.11 ( 6.34)	Loss   4.40 (  3.34)	Cls Acc 92.2 (88.8)	Domain Acc 34.4 (69.9)
Epoch: [0][ 500/1000]	Time  6.22 ( 6.41)	Data  6.16 ( 6.34)	Loss   0.91 (  3.21)	Cls Acc 99.2 (89.6)	Domain Acc 71.1 (68.0)
Epoch: [0][ 550/1000]	Time  7.82 ( 6.40)	Data  7.76 ( 6.34)	Loss   0.80 (  3.05)	Cls Acc 100.0 (90.4)	Domain Acc 74.8 (66.5)
Epoch: [0][ 600/1000]	Time  6.18 ( 6.40)	Data  6.11 ( 6.33)	Loss   1.36 (  2.90)	Cls Acc 99.2 (91.2)	Domain Acc 58.8 (65.5)
Epoch: [0][ 650/1000]	Time  6.36 ( 6.40)	Data  6.29 ( 6.33)	Loss   0.62 (  2.78)	Cls Acc 100.0 (91.7)	Domain Acc 69.5 (64.3)
Epoch: [0][ 700/1000]	Time  6.23 ( 6.40)	Data  6.17 ( 6.33)	Loss   1.13 (  2.65)	Cls Acc 97.3 (92.3)	Domain Acc 48.4 (63.4)
Epoch: [0][ 750/1000]	Time  6.27 ( 6.40)	Data  6.20 ( 6.33)	Loss   0.87 (  2.54)	Cls Acc 99.6 (92.8)	Domain Acc 63.3 (62.9)
Epoch: [0][ 800/1000]	Time  6.26 ( 6.39)	Data  6.19 ( 6.33)	Loss   0.67 (  2.44)	Cls Acc 100.0 (93.2)	Domain Acc 68.6 (62.4)
Epoch: [0][ 850/1000]	Time  6.19 ( 6.39)	Data  6.12 ( 6.33)	Loss   0.91 (  2.35)	Cls Acc 100.0 (93.5)	Domain Acc 52.0 (62.0)
Epoch: [0][ 900/1000]	Time  6.24 ( 6.39)	Data  6.18 ( 6.32)	Loss   1.18 (  2.28)	Cls Acc 99.2 (93.9)	Domain Acc 49.4 (61.7)
Epoch: [0][ 950/1000]	Time  6.21 ( 6.39)	Data  6.15 ( 6.32)	Loss   1.04 (  2.21)	Cls Acc 99.2 (94.1)	Domain Acc 44.1 (61.3)
Test: [ 0/12]	Time  2.076 ( 2.076)	Loss 6.5814e+00 (6.5814e+00)	Acc@1   4.30 (  4.30)	Acc@5  30.47 ( 30.47)
 * Acc@1 9.052 Acc@5 32.552
acc1 = 9.1, best_acc1 = 9.1
Epoch: [1][   0/1000]	Time  6.22 ( 6.22)	Data  6.16 ( 6.16)	Loss   0.95 (  0.95)	Cls Acc 99.6 (99.6)	Domain Acc 49.4 (49.4)
Epoch: [1][  50/1000]	Time  6.21 ( 6.38)	Data  6.15 ( 6.32)	Loss   0.90 (  1.03)	Cls Acc 99.6 (99.3)	Domain Acc 53.3 (52.5)
Epoch: [1][ 100/1000]	Time  7.89 ( 6.39)	Data  7.83 ( 6.32)	Loss   0.93 (  0.98)	Cls Acc 100.0 (99.4)	Domain Acc 51.0 (52.5)
Epoch: [1][ 150/1000]	Time  6.22 ( 6.37)	Data  6.15 ( 6.31)	Loss   1.00 (  0.95)	Cls Acc 100.0 (99.5)	Domain Acc 53.1 (53.5)
Epoch: [1][ 200/1000]	Time  6.41 ( 6.37)	Data  6.34 ( 6.31)	Loss   0.78 (  0.93)	Cls Acc 99.6 (99.5)	Domain Acc 63.7 (54.5)
Epoch: [1][ 250/1000]	Time  6.19 ( 6.37)	Data  6.13 ( 6.31)	Loss   1.18 (  0.94)	Cls Acc 99.2 (99.4)	Domain Acc 49.2 (54.2)
Epoch: [1][ 300/1000]	Time  6.24 ( 6.37)	Data  6.17 ( 6.31)	Loss   1.09 (  0.98)	Cls Acc 100.0 (99.4)	Domain Acc 32.8 (52.8)
Epoch: [1][ 350/1000]	Time  6.26 ( 6.37)	Data  6.19 ( 6.31)	Loss   1.12 (  0.98)	Cls Acc 99.2 (99.3)	Domain Acc 44.9 (52.5)
Epoch: [1][ 400/1000]	Time  6.22 ( 6.37)	Data  6.15 ( 6.31)	Loss   0.83 (  0.98)	Cls Acc 100.0 (99.4)	Domain Acc 58.0 (52.8)
Epoch: [1][ 450/1000]	Time  6.23 ( 6.37)	Data  6.17 ( 6.30)	Loss   0.75 (  0.97)	Cls Acc 100.0 (99.4)	Domain Acc 62.5 (53.2)
Epoch: [1][ 500/1000]	Time  6.19 ( 6.37)	Data  6.13 ( 6.31)	Loss   0.79 (  0.96)	Cls Acc 99.6 (99.4)	Domain Acc 59.6 (53.3)
Epoch: [1][ 550/1000]	Time  6.17 ( 6.37)	Data  6.10 ( 6.30)	Loss   0.70 (  0.95)	Cls Acc 100.0 (99.4)	Domain Acc 70.5 (53.5)
Epoch: [1][ 600/1000]	Time  6.23 ( 6.37)	Data  6.16 ( 6.30)	Loss   0.59 (  0.95)	Cls Acc 99.6 (99.4)	Domain Acc 74.0 (53.4)
Epoch: [1][ 650/1000]	Time  7.80 ( 6.37)	Data  7.74 ( 6.31)	Loss   0.84 (  0.95)	Cls Acc 100.0 (99.5)	Domain Acc 48.6 (53.1)
Epoch: [1][ 700/1000]	Time  6.18 ( 6.37)	Data  6.12 ( 6.31)	Loss   0.76 (  0.94)	Cls Acc 100.0 (99.5)	Domain Acc 60.4 (53.4)
Epoch: [1][ 750/1000]	Time  6.36 ( 6.37)	Data  6.29 ( 6.31)	Loss   0.73 (  0.94)	Cls Acc 100.0 (99.5)	Domain Acc 55.7 (53.4)
Epoch: [1][ 800/1000]	Time  6.20 ( 6.37)	Data  6.14 ( 6.31)	Loss   0.85 (  0.93)	Cls Acc 100.0 (99.5)	Domain Acc 49.2 (53.3)
Epoch: [1][ 850/1000]	Time  6.26 ( 6.37)	Data  6.19 ( 6.31)	Loss   0.81 (  0.92)	Cls Acc 99.6 (99.5)	Domain Acc 48.4 (53.3)
Epoch: [1][ 900/1000]	Time  6.21 ( 6.37)	Data  6.15 ( 6.31)	Loss   0.93 (  0.92)	Cls Acc 99.6 (99.5)	Domain Acc 44.7 (53.4)
Epoch: [1][ 950/1000]	Time  6.18 ( 6.37)	Data  6.11 ( 6.31)	Loss   0.73 (  0.91)	Cls Acc 100.0 (99.5)	Domain Acc 61.7 (53.2)
Test: [ 0/12]	Time  1.575 ( 1.575)	Loss 6.6478e+00 (6.6478e+00)	Acc@1   9.38 (  9.38)	Acc@5  37.89 ( 37.89)
 * Acc@1 6.958 Acc@5 29.393
acc1 = 7.0, best_acc1 = 9.1
Epoch: [2][   0/1000]	Time  6.20 ( 6.20)	Data  6.14 ( 6.14)	Loss   1.02 (  1.02)	Cls Acc 99.6 (99.6)	Domain Acc 37.9 (37.9)
Epoch: [2][  50/1000]	Time  6.25 ( 6.43)	Data  6.18 ( 6.37)	Loss   0.99 (  0.94)	Cls Acc 99.2 (99.4)	Domain Acc 48.8 (49.7)
Epoch: [2][ 100/1000]	Time  6.20 ( 6.39)	Data  6.13 ( 6.33)	Loss   0.64 (  0.86)	Cls Acc 100.0 (99.6)	Domain Acc 70.5 (55.3)
Epoch: [2][ 150/1000]	Time  6.23 ( 6.40)	Data  6.17 ( 6.33)	Loss   0.93 (  0.87)	Cls Acc 100.0 (99.6)	Domain Acc 61.1 (53.0)
Epoch: [2][ 200/1000]	Time  7.89 ( 6.40)	Data  7.83 ( 6.34)	Loss   0.92 (  0.87)	Cls Acc 99.6 (99.6)	Domain Acc 46.1 (52.2)
Epoch: [2][ 250/1000]	Time  6.21 ( 6.39)	Data  6.15 ( 6.33)	Loss   0.86 (  0.88)	Cls Acc 100.0 (99.6)	Domain Acc 52.1 (51.1)
Epoch: [2][ 300/1000]	Time  6.44 ( 6.39)	Data  6.38 ( 6.33)	Loss   0.63 (  0.87)	Cls Acc 100.0 (99.6)	Domain Acc 71.9 (51.5)
Epoch: [2][ 350/1000]	Time  6.24 ( 6.39)	Data  6.17 ( 6.33)	Loss   0.75 (  0.85)	Cls Acc 100.0 (99.6)	Domain Acc 56.6 (52.4)
Epoch: [2][ 400/1000]	Time  6.19 ( 6.41)	Data  6.13 ( 6.34)	Loss   0.77 (  0.84)	Cls Acc 100.0 (99.7)	Domain Acc 52.3 (53.1)
Epoch: [2][ 450/1000]	Time  6.22 ( 6.42)	Data  6.16 ( 6.36)	Loss   0.97 (  0.83)	Cls Acc 99.6 (99.7)	Domain Acc 42.6 (52.7)
Epoch: [2][ 500/1000]	Time  6.26 ( 6.43)	Data  6.19 ( 6.36)	Loss   0.77 (  0.83)	Cls Acc 100.0 (99.7)	Domain Acc 55.3 (52.9)
Epoch: [2][ 550/1000]	Time  6.18 ( 6.42)	Data  6.11 ( 6.36)	Loss   0.88 (  0.83)	Cls Acc 100.0 (99.7)	Domain Acc 39.3 (52.8)
Epoch: [2][ 600/1000]	Time  6.22 ( 6.42)	Data  6.16 ( 6.35)	Loss   0.76 (  0.82)	Cls Acc 100.0 (99.7)	Domain Acc 60.4 (53.5)
Epoch: [2][ 650/1000]	Time  6.18 ( 6.42)	Data  6.11 ( 6.35)	Loss   0.82 (  0.81)	Cls Acc 99.6 (99.7)	Domain Acc 50.4 (53.9)
Epoch: [2][ 700/1000]	Time  6.21 ( 6.41)	Data  6.15 ( 6.35)	Loss   0.70 (  0.81)	Cls Acc 100.0 (99.7)	Domain Acc 58.6 (53.4)
Epoch: [2][ 750/1000]	Time  7.82 ( 6.41)	Data  7.76 ( 6.35)	Loss   0.72 (  0.81)	Cls Acc 100.0 (99.8)	Domain Acc 59.6 (53.5)
Epoch: [2][ 800/1000]	Time  6.20 ( 6.41)	Data  6.14 ( 6.34)	Loss   0.64 (  0.81)	Cls Acc 100.0 (99.8)	Domain Acc 65.2 (53.6)
Epoch: [2][ 850/1000]	Time  6.29 ( 6.41)	Data  6.22 ( 6.34)	Loss   0.76 (  0.80)	Cls Acc 100.0 (99.8)	Domain Acc 50.8 (53.9)
Epoch: [2][ 900/1000]	Time  6.17 ( 6.40)	Data  6.11 ( 6.34)	Loss   0.66 (  0.80)	Cls Acc 100.0 (99.8)	Domain Acc 64.3 (54.0)
Epoch: [2][ 950/1000]	Time  6.25 ( 6.40)	Data  6.18 ( 6.34)	Loss   0.72 (  0.79)	Cls Acc 100.0 (99.8)	Domain Acc 58.0 (54.0)
Test: [ 0/12]	Time  1.575 ( 1.575)	Loss 8.0806e+00 (8.0806e+00)	Acc@1   1.17 (  1.17)	Acc@5  16.80 ( 16.80)
 * Acc@1 8.910 Acc@5 32.588
acc1 = 8.9, best_acc1 = 9.1
Epoch: [3][   0/1000]	Time  6.19 ( 6.19)	Data  6.12 ( 6.12)	Loss   0.73 (  0.73)	Cls Acc 99.6 (99.6)	Domain Acc 57.2 (57.2)
Epoch: [3][  50/1000]	Time  6.25 ( 6.39)	Data  6.19 ( 6.33)	Loss   0.84 (  0.77)	Cls Acc 99.6 (99.8)	Domain Acc 46.3 (53.9)
Epoch: [3][ 100/1000]	Time  6.37 ( 6.37)	Data  6.30 ( 6.31)	Loss   0.69 (  0.76)	Cls Acc 99.2 (99.8)	Domain Acc 58.8 (54.9)
Epoch: [3][ 150/1000]	Time  6.21 ( 6.38)	Data  6.14 ( 6.32)	Loss   0.83 (  0.78)	Cls Acc 100.0 (99.8)	Domain Acc 49.2 (53.5)
Epoch: [3][ 200/1000]	Time  6.20 ( 6.37)	Data  6.14 ( 6.31)	Loss   1.01 (  0.79)	Cls Acc 99.6 (99.8)	Domain Acc 37.9 (53.9)
Epoch: [3][ 250/1000]	Time  6.19 ( 6.37)	Data  6.12 ( 6.31)	Loss   0.83 (  0.79)	Cls Acc 100.0 (99.8)	Domain Acc 46.3 (53.6)
Epoch: [3][ 300/1000]	Time  7.93 ( 6.38)	Data  7.87 ( 6.31)	Loss   0.80 (  0.79)	Cls Acc 100.0 (99.8)	Domain Acc 51.0 (53.8)
Epoch: [3][ 350/1000]	Time  6.21 ( 6.37)	Data  6.15 ( 6.31)	Loss   0.67 (  0.78)	Cls Acc 100.0 (99.8)	Domain Acc 64.3 (54.2)
Epoch: [3][ 400/1000]	Time  6.37 ( 6.37)	Data  6.31 ( 6.31)	Loss   0.69 (  0.77)	Cls Acc 100.0 (99.8)	Domain Acc 60.0 (54.8)
Epoch: [3][ 450/1000]	Time  6.23 ( 6.37)	Data  6.17 ( 6.31)	Loss   0.70 (  0.76)	Cls Acc 100.0 (99.8)	Domain Acc 64.8 (55.1)
Epoch: [3][ 500/1000]	Time  6.27 ( 6.38)	Data  6.20 ( 6.31)	Loss   0.70 (  0.76)	Cls Acc 100.0 (99.8)	Domain Acc 58.0 (55.1)
Epoch: [3][ 550/1000]	Time  6.22 ( 6.38)	Data  6.16 ( 6.31)	Loss   0.86 (  0.76)	Cls Acc 100.0 (99.8)	Domain Acc 39.1 (54.9)
Epoch: [3][ 600/1000]	Time  6.21 ( 6.38)	Data  6.15 ( 6.31)	Loss   0.84 (  0.76)	Cls Acc 100.0 (99.8)	Domain Acc 44.3 (55.3)
Epoch: [3][ 650/1000]	Time  6.23 ( 6.38)	Data  6.17 ( 6.31)	Loss   0.77 (  0.76)	Cls Acc 100.0 (99.8)	Domain Acc 47.7 (55.0)
Epoch: [3][ 700/1000]	Time  6.24 ( 6.38)	Data  6.17 ( 6.31)	Loss   0.78 (  0.76)	Cls Acc 100.0 (99.9)	Domain Acc 51.8 (54.9)
Epoch: [3][ 750/1000]	Time  6.22 ( 6.38)	Data  6.16 ( 6.31)	Loss   0.65 (  0.76)	Cls Acc 100.0 (99.9)	Domain Acc 61.3 (55.0)
Epoch: [3][ 800/1000]	Time  6.20 ( 6.38)	Data  6.14 ( 6.31)	Loss   0.71 (  0.75)	Cls Acc 100.0 (99.9)	Domain Acc 58.0 (55.3)
Epoch: [3][ 850/1000]	Time  7.83 ( 6.38)	Data  7.77 ( 6.31)	Loss   0.72 (  0.75)	Cls Acc 100.0 (99.9)	Domain Acc 54.5 (55.1)
Epoch: [3][ 900/1000]	Time  6.24 ( 6.38)	Data  6.17 ( 6.31)	Loss   0.82 (  0.75)	Cls Acc 99.6 (99.9)	Domain Acc 45.3 (55.1)
Epoch: [3][ 950/1000]	Time  6.37 ( 6.38)	Data  6.30 ( 6.31)	Loss   0.77 (  0.75)	Cls Acc 100.0 (99.9)	Domain Acc 52.5 (54.9)
Test: [ 0/12]	Time  1.579 ( 1.579)	Loss 7.1114e+00 (7.1114e+00)	Acc@1   8.59 (  8.59)	Acc@5  41.02 ( 41.02)
 * Acc@1 9.194 Acc@5 31.168
acc1 = 9.2, best_acc1 = 9.2
Epoch: [4][   0/1000]	Time  6.21 ( 6.21)	Data  6.15 ( 6.15)	Loss   0.72 (  0.72)	Cls Acc 100.0 (100.0)	Domain Acc 59.4 (59.4)
Epoch: [4][  50/1000]	Time  6.26 ( 6.39)	Data  6.20 ( 6.32)	Loss   0.71 (  0.72)	Cls Acc 100.0 (99.9)	Domain Acc 56.1 (55.0)
Epoch: [4][ 100/1000]	Time  6.22 ( 6.38)	Data  6.16 ( 6.32)	Loss   0.66 (  0.72)	Cls Acc 100.0 (99.9)	Domain Acc 63.9 (56.8)
Epoch: [4][ 150/1000]	Time  6.25 ( 6.39)	Data  6.19 ( 6.32)	Loss   0.68 (  0.73)	Cls Acc 100.0 (99.9)	Domain Acc 64.1 (55.4)
Epoch: [4][ 200/1000]	Time  6.26 ( 6.38)	Data  6.20 ( 6.32)	Loss   0.73 (  0.73)	Cls Acc 99.6 (99.9)	Domain Acc 53.1 (55.9)
Epoch: [4][ 250/1000]	Time  6.22 ( 6.38)	Data  6.15 ( 6.32)	Loss   0.77 (  0.72)	Cls Acc 100.0 (99.9)	Domain Acc 47.9 (56.1)
Epoch: [4][ 300/1000]	Time  6.22 ( 6.38)	Data  6.15 ( 6.31)	Loss   0.74 (  0.72)	Cls Acc 100.0 (99.9)	Domain Acc 52.3 (55.7)
Epoch: [4][ 350/1000]	Time  6.22 ( 6.38)	Data  6.16 ( 6.32)	Loss   0.85 (  0.74)	Cls Acc 99.6 (99.9)	Domain Acc 43.9 (54.5)
Epoch: [4][ 400/1000]	Time  7.82 ( 6.38)	Data  7.75 ( 6.32)	Loss   0.81 (  0.74)	Cls Acc 99.6 (99.9)	Domain Acc 45.7 (54.2)
Epoch: [4][ 450/1000]	Time  6.21 ( 6.38)	Data  6.15 ( 6.32)	Loss   0.78 (  0.74)	Cls Acc 99.6 (99.9)	Domain Acc 52.3 (54.5)
Epoch: [4][ 500/1000]	Time  6.37 ( 6.38)	Data  6.31 ( 6.32)	Loss   0.71 (  0.74)	Cls Acc 100.0 (99.9)	Domain Acc 55.9 (54.6)
Epoch: [4][ 550/1000]	Time  6.21 ( 6.38)	Data  6.14 ( 6.32)	Loss   0.78 (  0.73)	Cls Acc 99.2 (99.9)	Domain Acc 52.3 (54.9)
Epoch: [4][ 600/1000]	Time  6.25 ( 6.38)	Data  6.19 ( 6.32)	Loss   0.69 (  0.73)	Cls Acc 100.0 (99.9)	Domain Acc 57.6 (54.8)
Epoch: [4][ 650/1000]	Time  6.23 ( 6.38)	Data  6.16 ( 6.32)	Loss   0.76 (  0.73)	Cls Acc 100.0 (99.9)	Domain Acc 46.3 (55.0)
Epoch: [4][ 700/1000]	Time  6.23 ( 6.38)	Data  6.16 ( 6.32)	Loss   0.72 (  0.73)	Cls Acc 100.0 (99.9)	Domain Acc 55.1 (55.4)
Epoch: [4][ 750/1000]	Time  6.20 ( 6.38)	Data  6.13 ( 6.32)	Loss   0.69 (  0.73)	Cls Acc 100.0 (99.9)	Domain Acc 61.1 (55.3)
Epoch: [4][ 800/1000]	Time  6.21 ( 6.38)	Data  6.14 ( 6.32)	Loss   0.68 (  0.73)	Cls Acc 100.0 (99.9)	Domain Acc 64.3 (55.4)
Epoch: [4][ 850/1000]	Time  6.21 ( 6.38)	Data  6.14 ( 6.32)	Loss   0.82 (  0.73)	Cls Acc 99.6 (99.9)	Domain Acc 40.8 (55.4)
Epoch: [4][ 900/1000]	Time  6.19 ( 6.38)	Data  6.13 ( 6.32)	Loss   0.73 (  0.73)	Cls Acc 100.0 (99.9)	Domain Acc 51.8 (55.4)
Epoch: [4][ 950/1000]	Time  7.80 ( 6.38)	Data  7.73 ( 6.32)	Loss   0.77 (  0.73)	Cls Acc 99.6 (99.9)	Domain Acc 50.0 (55.6)
Test: [ 0/12]	Time  1.537 ( 1.537)	Loss 6.9623e+00 (6.9623e+00)	Acc@1   5.86 (  5.86)	Acc@5  36.33 ( 36.33)
 * Acc@1 8.946 Acc@5 32.091
acc1 = 8.9, best_acc1 = 9.2
Epoch: [5][   0/1000]	Time  6.25 ( 6.25)	Data  6.18 ( 6.18)	Loss   0.79 (  0.79)	Cls Acc 100.0 (100.0)	Domain Acc 46.5 (46.5)
Epoch: [5][  50/1000]	Time  6.30 ( 6.38)	Data  6.24 ( 6.32)	Loss   0.72 (  0.71)	Cls Acc 100.0 (100.0)	Domain Acc 58.4 (57.1)
Epoch: [5][ 100/1000]	Time  6.19 ( 6.36)	Data  6.12 ( 6.30)	Loss   0.72 (  0.72)	Cls Acc 100.0 (100.0)	Domain Acc 59.8 (56.2)
Epoch: [5][ 150/1000]	Time  6.21 ( 6.37)	Data  6.15 ( 6.31)	Loss   0.74 (  0.73)	Cls Acc 100.0 (99.9)	Domain Acc 53.7 (55.4)
Epoch: [5][ 200/1000]	Time  6.32 ( 6.37)	Data  6.26 ( 6.31)	Loss   0.67 (  0.72)	Cls Acc 100.0 (99.9)	Domain Acc 60.7 (56.0)
Epoch: [5][ 250/1000]	Time  6.23 ( 6.38)	Data  6.16 ( 6.31)	Loss   0.69 (  0.72)	Cls Acc 100.0 (99.9)	Domain Acc 57.6 (55.8)
Epoch: [5][ 300/1000]	Time  6.24 ( 6.38)	Data  6.18 ( 6.31)	Loss   0.78 (  0.72)	Cls Acc 100.0 (100.0)	Domain Acc 40.2 (55.5)
Epoch: [5][ 350/1000]	Time  6.20 ( 6.38)	Data  6.14 ( 6.32)	Loss   0.80 (  0.72)	Cls Acc 98.8 (99.9)	Domain Acc 47.1 (56.0)
Epoch: [5][ 400/1000]	Time  6.27 ( 6.38)	Data  6.21 ( 6.31)	Loss   0.70 (  0.72)	Cls Acc 100.0 (99.9)	Domain Acc 60.4 (56.0)
Epoch: [5][ 450/1000]	Time  6.23 ( 6.38)	Data  6.16 ( 6.32)	Loss   0.69 (  0.72)	Cls Acc 100.0 (99.9)	Domain Acc 58.4 (55.9)
Epoch: [5][ 500/1000]	Time  7.84 ( 6.38)	Data  7.77 ( 6.32)	Loss   0.67 (  0.72)	Cls Acc 100.0 (99.9)	Domain Acc 61.9 (56.1)
Epoch: [5][ 550/1000]	Time  6.22 ( 6.38)	Data  6.15 ( 6.32)	Loss   0.67 (  0.71)	Cls Acc 100.0 (99.9)	Domain Acc 63.3 (56.6)
Epoch: [5][ 600/1000]	Time  6.36 ( 6.39)	Data  6.29 ( 6.32)	Loss   0.69 (  0.71)	Cls Acc 100.0 (99.9)	Domain Acc 59.2 (56.9)
Epoch: [5][ 650/1000]	Time  6.16 ( 6.38)	Data  6.10 ( 6.32)	Loss   0.74 (  0.71)	Cls Acc 100.0 (99.9)	Domain Acc 53.1 (56.8)
Epoch: [5][ 700/1000]	Time  6.21 ( 6.39)	Data  6.15 ( 6.32)	Loss   0.78 (  0.71)	Cls Acc 100.0 (99.9)	Domain Acc 47.9 (56.7)
Epoch: [5][ 750/1000]	Time  6.23 ( 6.38)	Data  6.16 ( 6.32)	Loss   0.65 (  0.71)	Cls Acc 100.0 (99.9)	Domain Acc 64.3 (56.8)
Epoch: [5][ 800/1000]	Time  6.25 ( 6.39)	Data  6.18 ( 6.32)	Loss   0.75 (  0.71)	Cls Acc 100.0 (99.9)	Domain Acc 53.5 (57.0)
Epoch: [5][ 850/1000]	Time  6.30 ( 6.39)	Data  6.24 ( 6.32)	Loss   0.68 (  0.71)	Cls Acc 100.0 (99.9)	Domain Acc 60.5 (57.3)
Epoch: [5][ 900/1000]	Time  6.28 ( 6.39)	Data  6.22 ( 6.33)	Loss   0.73 (  0.71)	Cls Acc 100.0 (100.0)	Domain Acc 51.2 (57.2)
Epoch: [5][ 950/1000]	Time  6.26 ( 6.39)	Data  6.20 ( 6.33)	Loss   0.70 (  0.71)	Cls Acc 100.0 (100.0)	Domain Acc 60.2 (57.0)
Test: [ 0/12]	Time  1.583 ( 1.583)	Loss 7.2653e+00 (7.2653e+00)	Acc@1   7.81 (  7.81)	Acc@5  36.72 ( 36.72)
 * Acc@1 9.656 Acc@5 32.304
acc1 = 9.7, best_acc1 = 9.7
Epoch: [6][   0/1000]	Time  6.28 ( 6.28)	Data  6.21 ( 6.21)	Loss   0.67 (  0.67)	Cls Acc 100.0 (100.0)	Domain Acc 67.0 (67.0)
Epoch: [6][  50/1000]	Time  7.87 ( 6.42)	Data  7.80 ( 6.36)	Loss   0.68 (  0.71)	Cls Acc 99.6 (100.0)	Domain Acc 62.1 (56.0)
Epoch: [6][ 100/1000]	Time  6.26 ( 6.41)	Data  6.20 ( 6.35)	Loss   0.75 (  0.70)	Cls Acc 100.0 (100.0)	Domain Acc 52.3 (59.4)
Epoch: [6][ 150/1000]	Time  6.35 ( 6.42)	Data  6.29 ( 6.36)	Loss   0.72 (  0.71)	Cls Acc 100.0 (100.0)	Domain Acc 56.2 (57.0)
Epoch: [6][ 200/1000]	Time  6.26 ( 6.42)	Data  6.20 ( 6.35)	Loss   0.66 (  0.71)	Cls Acc 100.0 (100.0)	Domain Acc 65.4 (57.0)
Epoch: [6][ 250/1000]	Time  6.33 ( 6.42)	Data  6.27 ( 6.36)	Loss   0.74 (  0.71)	Cls Acc 100.0 (100.0)	Domain Acc 48.8 (57.0)
Epoch: [6][ 300/1000]	Time  6.24 ( 6.42)	Data  6.18 ( 6.35)	Loss   0.71 (  0.71)	Cls Acc 100.0 (100.0)	Domain Acc 59.0 (57.6)
Epoch: [6][ 350/1000]	Time  6.23 ( 6.42)	Data  6.17 ( 6.35)	Loss   0.63 (  0.71)	Cls Acc 100.0 (100.0)	Domain Acc 71.7 (57.9)
Epoch: [6][ 400/1000]	Time  6.22 ( 6.41)	Data  6.15 ( 6.35)	Loss   0.73 (  0.71)	Cls Acc 100.0 (100.0)	Domain Acc 51.4 (58.2)
Epoch: [6][ 450/1000]	Time  6.18 ( 6.41)	Data  6.12 ( 6.35)	Loss   0.68 (  0.70)	Cls Acc 100.0 (100.0)	Domain Acc 62.1 (58.5)
Epoch: [6][ 500/1000]	Time  6.25 ( 6.41)	Data  6.18 ( 6.34)	Loss   0.73 (  0.71)	Cls Acc 100.0 (100.0)	Domain Acc 53.7 (58.0)
Epoch: [6][ 550/1000]	Time  6.25 ( 6.41)	Data  6.19 ( 6.35)	Loss   0.71 (  0.70)	Cls Acc 100.0 (100.0)	Domain Acc 55.9 (58.5)
Epoch: [6][ 600/1000]	Time  7.89 ( 6.41)	Data  7.82 ( 6.35)	Loss   0.67 (  0.70)	Cls Acc 100.0 (100.0)	Domain Acc 62.3 (58.4)
Epoch: [6][ 650/1000]	Time  6.23 ( 6.41)	Data  6.17 ( 6.35)	Loss   0.72 (  0.70)	Cls Acc 100.0 (100.0)	Domain Acc 56.2 (58.7)
Epoch: [6][ 700/1000]	Time  6.42 ( 6.42)	Data  6.35 ( 6.35)	Loss   0.66 (  0.70)	Cls Acc 100.0 (100.0)	Domain Acc 64.3 (58.7)
Epoch: [6][ 750/1000]	Time  6.25 ( 6.42)	Data  6.19 ( 6.35)	Loss   0.68 (  0.70)	Cls Acc 100.0 (100.0)	Domain Acc 63.1 (58.6)
Epoch: [6][ 800/1000]	Time  6.18 ( 6.42)	Data  6.12 ( 6.35)	Loss   0.70 (  0.70)	Cls Acc 100.0 (100.0)	Domain Acc 58.2 (58.9)
Epoch: [6][ 850/1000]	Time  6.27 ( 6.42)	Data  6.20 ( 6.35)	Loss   0.65 (  0.70)	Cls Acc 100.0 (100.0)	Domain Acc 69.9 (58.7)
Epoch: [6][ 900/1000]	Time  6.30 ( 6.42)	Data  6.23 ( 6.35)	Loss   0.76 (  0.70)	Cls Acc 100.0 (100.0)	Domain Acc 49.4 (58.7)
Epoch: [6][ 950/1000]	Time  6.21 ( 6.42)	Data  6.15 ( 6.35)	Loss   0.73 (  0.70)	Cls Acc 100.0 (100.0)	Domain Acc 54.5 (58.8)
Test: [ 0/12]	Time  1.592 ( 1.592)	Loss 8.3045e+00 (8.3045e+00)	Acc@1   2.73 (  2.73)	Acc@5  32.42 ( 32.42)
 * Acc@1 8.591 Acc@5 31.594
acc1 = 8.6, best_acc1 = 9.7
Epoch: [7][   0/1000]	Time  6.24 ( 6.24)	Data  6.18 ( 6.18)	Loss   0.74 (  0.74)	Cls Acc 100.0 (100.0)	Domain Acc 51.8 (51.8)
Epoch: [7][  50/1000]	Time  6.27 ( 6.39)	Data  6.20 ( 6.32)	Loss   0.73 (  0.70)	Cls Acc 99.6 (99.9)	Domain Acc 55.3 (58.3)
Epoch: [7][ 100/1000]	Time  6.22 ( 6.40)	Data  6.16 ( 6.34)	Loss   0.67 (  0.71)	Cls Acc 100.0 (99.9)	Domain Acc 66.2 (57.0)
Epoch: [7][ 150/1000]	Time  8.01 ( 6.40)	Data  7.94 ( 6.34)	Loss   0.70 (  0.71)	Cls Acc 100.0 (100.0)	Domain Acc 57.6 (58.6)
Epoch: [7][ 200/1000]	Time  6.24 ( 6.40)	Data  6.18 ( 6.34)	Loss   0.67 (  0.70)	Cls Acc 100.0 (100.0)	Domain Acc 62.7 (59.2)
Epoch: [7][ 250/1000]	Time  6.39 ( 6.40)	Data  6.32 ( 6.34)	Loss   0.65 (  0.70)	Cls Acc 100.0 (100.0)	Domain Acc 66.0 (59.2)
Epoch: [7][ 300/1000]	Time  6.24 ( 6.40)	Data  6.18 ( 6.34)	Loss   0.66 (  0.70)	Cls Acc 100.0 (100.0)	Domain Acc 65.8 (59.6)
Epoch: [7][ 350/1000]	Time  6.22 ( 6.41)	Data  6.16 ( 6.34)	Loss   0.69 (  0.70)	Cls Acc 100.0 (100.0)	Domain Acc 59.8 (59.7)
Epoch: [7][ 400/1000]	Time  6.42 ( 6.41)	Data  6.35 ( 6.34)	Loss   0.69 (  0.69)	Cls Acc 100.0 (100.0)	Domain Acc 58.2 (59.8)
Epoch: [7][ 450/1000]	Time  6.25 ( 6.41)	Data  6.18 ( 6.35)	Loss   0.73 (  0.70)	Cls Acc 100.0 (100.0)	Domain Acc 55.7 (59.5)
Epoch: [7][ 500/1000]	Time  6.22 ( 6.41)	Data  6.15 ( 6.35)	Loss   0.75 (  0.70)	Cls Acc 100.0 (100.0)	Domain Acc 54.3 (59.4)
Epoch: [7][ 550/1000]	Time  6.49 ( 6.42)	Data  6.42 ( 6.35)	Loss   0.72 (  0.70)	Cls Acc 99.6 (100.0)	Domain Acc 59.2 (59.1)
Epoch: [7][ 600/1000]	Time  6.31 ( 6.42)	Data  6.25 ( 6.36)	Loss   0.70 (  0.70)	Cls Acc 100.0 (100.0)	Domain Acc 57.2 (59.3)
Epoch: [7][ 650/1000]	Time  6.29 ( 6.42)	Data  6.23 ( 6.36)	Loss   0.68 (  0.70)	Cls Acc 100.0 (100.0)	Domain Acc 63.3 (59.0)
Epoch: [7][ 700/1000]	Time  7.91 ( 6.42)	Data  7.85 ( 6.36)	Loss   0.69 (  0.70)	Cls Acc 100.0 (100.0)	Domain Acc 60.9 (59.0)
Epoch: [7][ 750/1000]	Time  6.26 ( 6.42)	Data  6.20 ( 6.36)	Loss   0.69 (  0.70)	Cls Acc 100.0 (100.0)	Domain Acc 60.5 (58.9)
Epoch: [7][ 800/1000]	Time  6.42 ( 6.42)	Data  6.35 ( 6.36)	Loss   0.69 (  0.70)	Cls Acc 100.0 (100.0)	Domain Acc 59.4 (59.1)
Epoch: [7][ 850/1000]	Time  6.31 ( 6.43)	Data  6.24 ( 6.36)	Loss   0.72 (  0.70)	Cls Acc 100.0 (100.0)	Domain Acc 56.2 (59.1)
Epoch: [7][ 900/1000]	Time  6.26 ( 6.43)	Data  6.19 ( 6.37)	Loss   0.72 (  0.70)	Cls Acc 100.0 (100.0)	Domain Acc 54.5 (59.1)
Epoch: [7][ 950/1000]	Time  6.28 ( 6.43)	Data  6.21 ( 6.37)	Loss   0.71 (  0.70)	Cls Acc 100.0 (100.0)	Domain Acc 57.2 (59.1)
Test: [ 0/12]	Time  1.852 ( 1.852)	Loss 6.9653e+00 (6.9653e+00)	Acc@1   4.69 (  4.69)	Acc@5  44.14 ( 44.14)
 * Acc@1 8.981 Acc@5 31.381
acc1 = 9.0, best_acc1 = 9.7
Epoch: [8][   0/1000]	Time  6.29 ( 6.29)	Data  6.22 ( 6.22)	Loss   0.68 (  0.68)	Cls Acc 100.0 (100.0)	Domain Acc 62.7 (62.7)
Epoch: [8][  50/1000]	Time  6.19 ( 6.38)	Data  6.13 ( 6.32)	Loss   0.67 (  0.72)	Cls Acc 100.0 (100.0)	Domain Acc 66.4 (55.8)
Epoch: [8][ 100/1000]	Time  6.27 ( 6.42)	Data  6.21 ( 6.36)	Loss   0.73 (  0.71)	Cls Acc 100.0 (100.0)	Domain Acc 55.9 (58.1)
Epoch: [8][ 150/1000]	Time  6.23 ( 6.41)	Data  6.17 ( 6.34)	Loss   0.71 (  0.70)	Cls Acc 100.0 (100.0)	Domain Acc 57.4 (58.8)
Epoch: [8][ 200/1000]	Time  6.24 ( 6.40)	Data  6.18 ( 6.34)	Loss   0.68 (  0.70)	Cls Acc 100.0 (100.0)	Domain Acc 61.9 (59.4)
Epoch: [8][ 250/1000]	Time  7.83 ( 6.40)	Data  7.76 ( 6.34)	Loss   0.70 (  0.70)	Cls Acc 100.0 (100.0)	Domain Acc 58.4 (59.2)
Epoch: [8][ 300/1000]	Time  6.18 ( 6.40)	Data  6.11 ( 6.33)	Loss   0.71 (  0.70)	Cls Acc 100.0 (100.0)	Domain Acc 58.2 (59.1)
Epoch: [8][ 350/1000]	Time  6.36 ( 6.40)	Data  6.29 ( 6.34)	Loss   0.68 (  0.70)	Cls Acc 100.0 (100.0)	Domain Acc 62.1 (59.3)
Epoch: [8][ 400/1000]	Time  6.18 ( 6.40)	Data  6.11 ( 6.33)	Loss   0.69 (  0.70)	Cls Acc 100.0 (100.0)	Domain Acc 61.5 (59.3)
Epoch: [8][ 450/1000]	Time  6.24 ( 6.40)	Data  6.18 ( 6.34)	Loss   0.72 (  0.70)	Cls Acc 100.0 (100.0)	Domain Acc 54.9 (59.4)
Epoch: [8][ 500/1000]	Time  6.27 ( 6.40)	Data  6.20 ( 6.33)	Loss   0.65 (  0.70)	Cls Acc 100.0 (100.0)	Domain Acc 66.2 (59.6)
Epoch: [8][ 550/1000]	Time  6.20 ( 6.40)	Data  6.14 ( 6.34)	Loss   0.72 (  0.70)	Cls Acc 100.0 (100.0)	Domain Acc 50.4 (59.1)
Epoch: [8][ 600/1000]	Time  6.23 ( 6.40)	Data  6.16 ( 6.33)	Loss   0.75 (  0.70)	Cls Acc 100.0 (100.0)	Domain Acc 49.4 (59.1)
Epoch: [8][ 650/1000]	Time  6.24 ( 6.40)	Data  6.18 ( 6.34)	Loss   0.67 (  0.70)	Cls Acc 100.0 (100.0)	Domain Acc 61.7 (59.2)
Epoch: [8][ 700/1000]	Time  6.22 ( 6.40)	Data  6.15 ( 6.33)	Loss   0.74 (  0.70)	Cls Acc 100.0 (100.0)	Domain Acc 51.8 (59.0)
Epoch: [8][ 750/1000]	Time  6.24 ( 6.40)	Data  6.18 ( 6.33)	Loss   0.70 (  0.70)	Cls Acc 100.0 (100.0)	Domain Acc 59.0 (59.1)
Epoch: [8][ 800/1000]	Time  7.80 ( 6.40)	Data  7.73 ( 6.33)	Loss   0.70 (  0.70)	Cls Acc 100.0 (100.0)	Domain Acc 59.8 (59.1)
Epoch: [8][ 850/1000]	Time  6.19 ( 6.40)	Data  6.13 ( 6.33)	Loss   0.72 (  0.70)	Cls Acc 100.0 (100.0)	Domain Acc 59.2 (58.9)
Epoch: [8][ 900/1000]	Time  6.51 ( 6.40)	Data  6.44 ( 6.33)	Loss   0.75 (  0.70)	Cls Acc 100.0 (100.0)	Domain Acc 50.8 (58.9)
Epoch: [8][ 950/1000]	Time  6.27 ( 6.39)	Data  6.20 ( 6.33)	Loss   0.67 (  0.70)	Cls Acc 100.0 (100.0)	Domain Acc 64.6 (58.8)
Test: [ 0/12]	Time  1.820 ( 1.820)	Loss 7.1162e+00 (7.1162e+00)	Acc@1   9.77 (  9.77)	Acc@5  41.80 ( 41.80)
 * Acc@1 9.052 Acc@5 30.458
acc1 = 9.1, best_acc1 = 9.7
Epoch: [9][   0/1000]	Time  6.20 ( 6.20)	Data  6.14 ( 6.14)	Loss   0.69 (  0.69)	Cls Acc 100.0 (100.0)	Domain Acc 54.7 (54.7)
Epoch: [9][  50/1000]	Time  6.28 ( 6.36)	Data  6.21 ( 6.30)	Loss   0.69 (  0.67)	Cls Acc 100.0 (100.0)	Domain Acc 58.4 (62.3)
Epoch: [9][ 100/1000]	Time  6.23 ( 6.38)	Data  6.17 ( 6.32)	Loss   0.73 (  0.69)	Cls Acc 100.0 (100.0)	Domain Acc 52.0 (59.8)
Epoch: [9][ 150/1000]	Time  6.24 ( 6.39)	Data  6.17 ( 6.33)	Loss   0.67 (  0.70)	Cls Acc 100.0 (100.0)	Domain Acc 64.6 (57.9)
Epoch: [9][ 200/1000]	Time  6.21 ( 6.40)	Data  6.14 ( 6.34)	Loss   0.72 (  0.70)	Cls Acc 100.0 (100.0)	Domain Acc 54.5 (58.4)
Epoch: [9][ 250/1000]	Time  6.20 ( 6.40)	Data  6.14 ( 6.33)	Loss   0.71 (  0.70)	Cls Acc 100.0 (100.0)	Domain Acc 58.2 (57.6)
Epoch: [9][ 300/1000]	Time  6.18 ( 6.40)	Data  6.12 ( 6.34)	Loss   0.68 (  0.70)	Cls Acc 100.0 (100.0)	Domain Acc 60.5 (58.5)
Epoch: [9][ 350/1000]	Time  7.90 ( 6.40)	Data  7.83 ( 6.34)	Loss   0.73 (  0.70)	Cls Acc 100.0 (100.0)	Domain Acc 53.1 (58.4)
Epoch: [9][ 400/1000]	Time  6.16 ( 6.40)	Data  6.10 ( 6.34)	Loss   0.68 (  0.70)	Cls Acc 100.0 (100.0)	Domain Acc 58.6 (58.5)
Epoch: [9][ 450/1000]	Time  6.37 ( 6.40)	Data  6.31 ( 6.34)	Loss   0.70 (  0.70)	Cls Acc 100.0 (100.0)	Domain Acc 57.0 (58.4)
Epoch: [9][ 500/1000]	Time  6.19 ( 6.40)	Data  6.12 ( 6.33)	Loss   0.67 (  0.70)	Cls Acc 100.0 (100.0)	Domain Acc 58.4 (58.2)
Epoch: [9][ 550/1000]	Time  6.22 ( 6.40)	Data  6.16 ( 6.34)	Loss   0.72 (  0.70)	Cls Acc 100.0 (100.0)	Domain Acc 58.0 (58.4)
Epoch: [9][ 600/1000]	Time  6.19 ( 6.40)	Data  6.12 ( 6.33)	Loss   0.71 (  0.70)	Cls Acc 100.0 (100.0)	Domain Acc 54.7 (58.3)
Epoch: [9][ 650/1000]	Time  6.26 ( 6.40)	Data  6.20 ( 6.33)	Loss   0.67 (  0.70)	Cls Acc 100.0 (100.0)	Domain Acc 63.9 (58.5)
Epoch: [9][ 700/1000]	Time  6.19 ( 6.39)	Data  6.13 ( 6.33)	Loss   0.70 (  0.70)	Cls Acc 100.0 (100.0)	Domain Acc 58.4 (58.9)
Epoch: [9][ 750/1000]	Time  6.22 ( 6.39)	Data  6.16 ( 6.33)	Loss   0.70 (  0.70)	Cls Acc 100.0 (100.0)	Domain Acc 56.8 (59.0)
Epoch: [9][ 800/1000]	Time  6.21 ( 6.39)	Data  6.15 ( 6.33)	Loss   0.69 (  0.70)	Cls Acc 100.0 (100.0)	Domain Acc 59.2 (58.9)
Epoch: [9][ 850/1000]	Time  6.18 ( 6.39)	Data  6.11 ( 6.33)	Loss   0.72 (  0.70)	Cls Acc 100.0 (100.0)	Domain Acc 54.5 (58.9)
Epoch: [9][ 900/1000]	Time  7.86 ( 6.39)	Data  7.80 ( 6.33)	Loss   0.66 (  0.70)	Cls Acc 100.0 (100.0)	Domain Acc 63.5 (58.7)
Epoch: [9][ 950/1000]	Time  6.20 ( 6.39)	Data  6.14 ( 6.32)	Loss   0.73 (  0.70)	Cls Acc 100.0 (100.0)	Domain Acc 51.6 (58.6)
Test: [ 0/12]	Time  2.674 ( 2.674)	Loss 6.5580e+00 (6.5580e+00)	Acc@1   8.98 (  8.98)	Acc@5  43.75 ( 43.75)
 * Acc@1 9.052 Acc@5 31.026
acc1 = 9.1, best_acc1 = 9.7
Epoch: [10][   0/1000]	Time  6.22 ( 6.22)	Data  6.16 ( 6.16)	Loss   0.67 (  0.67)	Cls Acc 100.0 (100.0)	Domain Acc 62.3 (62.3)
Epoch: [10][  50/1000]	Time  6.18 ( 6.34)	Data  6.12 ( 6.27)	Loss   0.72 (  0.70)	Cls Acc 100.0 (100.0)	Domain Acc 54.5 (57.2)
Epoch: [10][ 100/1000]	Time  6.22 ( 6.37)	Data  6.15 ( 6.30)	Loss   0.69 (  0.70)	Cls Acc 100.0 (100.0)	Domain Acc 59.4 (58.9)
Epoch: [10][ 150/1000]	Time  6.19 ( 6.36)	Data  6.13 ( 6.30)	Loss   0.71 (  0.69)	Cls Acc 100.0 (100.0)	Domain Acc 57.0 (59.6)
Epoch: [10][ 200/1000]	Time  6.26 ( 6.37)	Data  6.20 ( 6.31)	Loss   0.71 (  0.70)	Cls Acc 100.0 (100.0)	Domain Acc 57.6 (58.6)
Epoch: [10][ 250/1000]	Time  6.19 ( 6.37)	Data  6.13 ( 6.30)	Loss   0.69 (  0.70)	Cls Acc 100.0 (100.0)	Domain Acc 61.5 (58.4)
Epoch: [10][ 300/1000]	Time  6.23 ( 6.37)	Data  6.16 ( 6.31)	Loss   0.71 (  0.70)	Cls Acc 100.0 (100.0)	Domain Acc 56.1 (58.9)
Epoch: [10][ 350/1000]	Time  6.35 ( 6.38)	Data  6.29 ( 6.32)	Loss   0.68 (  0.70)	Cls Acc 100.0 (100.0)	Domain Acc 62.9 (59.0)
Epoch: [10][ 400/1000]	Time  6.35 ( 6.40)	Data  6.28 ( 6.34)	Loss   0.70 (  0.69)	Cls Acc 100.0 (100.0)	Domain Acc 56.8 (59.5)
Epoch: [10][ 450/1000]	Time  8.08 ( 6.41)	Data  8.01 ( 6.35)	Loss   0.70 (  0.70)	Cls Acc 100.0 (100.0)	Domain Acc 59.0 (59.4)
Epoch: [10][ 500/1000]	Time  6.36 ( 6.42)	Data  6.30 ( 6.36)	Loss   0.67 (  0.70)	Cls Acc 100.0 (100.0)	Domain Acc 65.6 (59.3)
Epoch: [10][ 550/1000]	Time  6.30 ( 6.42)	Data  6.23 ( 6.36)	Loss   0.70 (  0.69)	Cls Acc 100.0 (100.0)	Domain Acc 60.7 (59.5)
Epoch: [10][ 600/1000]	Time  6.27 ( 6.42)	Data  6.20 ( 6.35)	Loss   0.73 (  0.69)	Cls Acc 100.0 (100.0)	Domain Acc 52.9 (59.5)
Epoch: [10][ 650/1000]	Time  6.24 ( 6.42)	Data  6.17 ( 6.36)	Loss   0.67 (  0.69)	Cls Acc 100.0 (100.0)	Domain Acc 63.7 (59.5)
Epoch: [10][ 700/1000]	Time  6.19 ( 6.42)	Data  6.13 ( 6.35)	Loss   0.71 (  0.70)	Cls Acc 100.0 (100.0)	Domain Acc 54.3 (59.3)
Epoch: [10][ 750/1000]	Time  6.26 ( 6.41)	Data  6.20 ( 6.35)	Loss   0.72 (  0.69)	Cls Acc 100.0 (100.0)	Domain Acc 55.3 (59.5)
Epoch: [10][ 800/1000]	Time  6.16 ( 6.41)	Data  6.10 ( 6.35)	Loss   0.66 (  0.69)	Cls Acc 100.0 (100.0)	Domain Acc 64.3 (59.5)
Epoch: [10][ 850/1000]	Time  6.21 ( 6.41)	Data  6.15 ( 6.35)	Loss   0.72 (  0.70)	Cls Acc 100.0 (100.0)	Domain Acc 54.1 (59.4)
Epoch: [10][ 900/1000]	Time  6.24 ( 6.41)	Data  6.18 ( 6.34)	Loss   0.70 (  0.69)	Cls Acc 100.0 (100.0)	Domain Acc 58.2 (59.4)
Epoch: [10][ 950/1000]	Time  6.20 ( 6.41)	Data  6.13 ( 6.34)	Loss   0.69 (  0.70)	Cls Acc 100.0 (100.0)	Domain Acc 61.7 (59.3)
Test: [ 0/12]	Time  1.644 ( 1.644)	Loss 7.4010e+00 (7.4010e+00)	Acc@1   5.08 (  5.08)	Acc@5  37.89 ( 37.89)
 * Acc@1 9.407 Acc@5 30.884
acc1 = 9.4, best_acc1 = 9.7
Epoch: [11][   0/1000]	Time  7.79 ( 7.79)	Data  7.72 ( 7.72)	Loss   0.69 (  0.69)	Cls Acc 100.0 (100.0)	Domain Acc 59.4 (59.4)
Epoch: [11][  50/1000]	Time  6.21 ( 6.40)	Data  6.14 ( 6.34)	Loss   0.71 (  0.67)	Cls Acc 100.0 (100.0)	Domain Acc 57.0 (62.6)
Epoch: [11][ 100/1000]	Time  6.46 ( 6.45)	Data  6.39 ( 6.38)	Loss   0.67 (  0.70)	Cls Acc 100.0 (100.0)	Domain Acc 60.5 (59.7)
Epoch: [11][ 150/1000]	Time  6.36 ( 6.46)	Data  6.30 ( 6.40)	Loss   0.71 (  0.69)	Cls Acc 100.0 (100.0)	Domain Acc 53.9 (59.8)
Epoch: [11][ 200/1000]	Time  6.58 ( 6.49)	Data  6.52 ( 6.42)	Loss   0.71 (  0.70)	Cls Acc 100.0 (100.0)	Domain Acc 57.4 (59.3)
Epoch: [11][ 250/1000]	Time  6.20 ( 6.48)	Data  6.13 ( 6.41)	Loss   0.69 (  0.69)	Cls Acc 100.0 (100.0)	Domain Acc 59.4 (59.3)
Epoch: [11][ 300/1000]	Time  6.22 ( 6.47)	Data  6.15 ( 6.40)	Loss   0.73 (  0.69)	Cls Acc 100.0 (100.0)	Domain Acc 51.4 (59.5)
Epoch: [11][ 350/1000]	Time  6.21 ( 6.45)	Data  6.14 ( 6.39)	Loss   0.67 (  0.69)	Cls Acc 100.0 (100.0)	Domain Acc 63.1 (59.3)
Epoch: [11][ 400/1000]	Time  6.09 ( 6.44)	Data  6.03 ( 6.38)	Loss   0.71 (  0.69)	Cls Acc 100.0 (100.0)	Domain Acc 57.4 (59.3)
Epoch: [11][ 450/1000]	Time  6.28 ( 6.42)	Data  6.22 ( 6.36)	Loss   0.66 (  0.69)	Cls Acc 100.0 (100.0)	Domain Acc 63.9 (59.6)
Epoch: [11][ 500/1000]	Time  6.08 ( 6.41)	Data  6.01 ( 6.35)	Loss   0.71 (  0.69)	Cls Acc 100.0 (100.0)	Domain Acc 57.6 (59.7)
Epoch: [11][ 550/1000]	Time  7.69 ( 6.40)	Data  7.63 ( 6.34)	Loss   0.68 (  0.69)	Cls Acc 100.0 (100.0)	Domain Acc 62.3 (59.6)
Epoch: [11][ 600/1000]	Time  6.13 ( 6.39)	Data  6.06 ( 6.33)	Loss   0.70 (  0.69)	Cls Acc 100.0 (100.0)	Domain Acc 57.8 (59.7)
Epoch: [11][ 650/1000]	Time  6.22 ( 6.38)	Data  6.16 ( 6.32)	Loss   0.70 (  0.69)	Cls Acc 100.0 (100.0)	Domain Acc 59.2 (59.6)
Epoch: [11][ 700/1000]	Time  6.07 ( 6.37)	Data  6.01 ( 6.31)	Loss   0.70 (  0.69)	Cls Acc 100.0 (100.0)	Domain Acc 57.0 (59.5)
Epoch: [11][ 750/1000]	Time  6.08 ( 6.37)	Data  6.02 ( 6.30)	Loss   0.67 (  0.69)	Cls Acc 100.0 (100.0)	Domain Acc 63.3 (59.7)
Epoch: [11][ 800/1000]	Time  6.11 ( 6.36)	Data  6.05 ( 6.30)	Loss   0.73 (  0.69)	Cls Acc 100.0 (100.0)	Domain Acc 55.7 (59.6)
Epoch: [11][ 850/1000]	Time  6.14 ( 6.36)	Data  6.07 ( 6.29)	Loss   0.67 (  0.69)	Cls Acc 100.0 (100.0)	Domain Acc 67.2 (59.7)
Epoch: [11][ 900/1000]	Time  6.12 ( 6.35)	Data  6.06 ( 6.29)	Loss   0.70 (  0.69)	Cls Acc 100.0 (100.0)	Domain Acc 58.2 (59.7)
Epoch: [11][ 950/1000]	Time  6.12 ( 6.35)	Data  6.05 ( 6.28)	Loss   0.70 (  0.69)	Cls Acc 100.0 (100.0)	Domain Acc 61.5 (59.8)
Test: [ 0/12]	Time  1.559 ( 1.559)	Loss 8.4156e+00 (8.4156e+00)	Acc@1   3.52 (  3.52)	Acc@5  30.08 ( 30.08)
 * Acc@1 8.981 Acc@5 29.996
acc1 = 9.0, best_acc1 = 9.7
Epoch: [12][   0/1000]	Time  6.15 ( 6.15)	Data  6.08 ( 6.08)	Loss   0.70 (  0.70)	Cls Acc 100.0 (100.0)	Domain Acc 58.0 (58.0)
Epoch: [12][  50/1000]	Time  6.10 ( 6.28)	Data  6.03 ( 6.22)	Loss   0.73 (  0.70)	Cls Acc 100.0 (100.0)	Domain Acc 56.1 (60.4)
Epoch: [12][ 100/1000]	Time  7.66 ( 6.29)	Data  7.60 ( 6.22)	Loss   0.67 (  0.70)	Cls Acc 100.0 (100.0)	Domain Acc 66.2 (59.6)
Epoch: [12][ 150/1000]	Time  6.08 ( 6.28)	Data  6.01 ( 6.21)	Loss   0.70 (  0.70)	Cls Acc 100.0 (100.0)	Domain Acc 59.2 (59.3)
Epoch: [12][ 200/1000]	Time  6.29 ( 6.28)	Data  6.22 ( 6.22)	Loss   0.71 (  0.70)	Cls Acc 100.0 (100.0)	Domain Acc 53.9 (59.3)
Epoch: [12][ 250/1000]	Time  6.15 ( 6.28)	Data  6.09 ( 6.21)	Loss   0.70 (  0.70)	Cls Acc 100.0 (100.0)	Domain Acc 59.8 (58.7)
Epoch: [12][ 300/1000]	Time  6.11 ( 6.28)	Data  6.04 ( 6.22)	Loss   0.71 (  0.70)	Cls Acc 100.0 (100.0)	Domain Acc 58.4 (58.9)
Epoch: [12][ 350/1000]	Time  6.12 ( 6.28)	Data  6.05 ( 6.21)	Loss   0.69 (  0.70)	Cls Acc 100.0 (100.0)	Domain Acc 62.7 (58.6)
Epoch: [12][ 400/1000]	Time  6.12 ( 6.28)	Data  6.06 ( 6.22)	Loss   0.70 (  0.70)	Cls Acc 100.0 (100.0)	Domain Acc 56.6 (58.9)
Epoch: [12][ 450/1000]	Time  6.09 ( 6.28)	Data  6.03 ( 6.21)	Loss   0.68 (  0.70)	Cls Acc 100.0 (100.0)	Domain Acc 61.7 (58.8)
Epoch: [12][ 500/1000]	Time  6.10 ( 6.28)	Data  6.03 ( 6.21)	Loss   0.70 (  0.70)	Cls Acc 100.0 (100.0)	Domain Acc 58.8 (59.1)
Epoch: [12][ 550/1000]	Time  6.14 ( 6.28)	Data  6.08 ( 6.22)	Loss   0.69 (  0.70)	Cls Acc 100.0 (100.0)	Domain Acc 61.9 (58.9)
Epoch: [12][ 600/1000]	Time  6.05 ( 6.28)	Data  5.99 ( 6.22)	Loss   0.70 (  0.70)	Cls Acc 100.0 (100.0)	Domain Acc 59.8 (59.1)
Epoch: [12][ 650/1000]	Time  8.24 ( 6.28)	Data  8.17 ( 6.22)	Loss   0.70 (  0.70)	Cls Acc 100.0 (100.0)	Domain Acc 58.4 (59.2)
Epoch: [12][ 700/1000]	Time  6.11 ( 6.28)	Data  6.04 ( 6.22)	Loss   0.66 (  0.70)	Cls Acc 100.0 (100.0)	Domain Acc 62.7 (59.4)
Epoch: [12][ 750/1000]	Time  6.31 ( 6.28)	Data  6.25 ( 6.22)	Loss   0.73 (  0.70)	Cls Acc 100.0 (100.0)	Domain Acc 52.7 (59.1)
Epoch: [12][ 800/1000]	Time  6.09 ( 6.28)	Data  6.03 ( 6.22)	Loss   0.68 (  0.70)	Cls Acc 100.0 (100.0)	Domain Acc 61.1 (59.2)
Epoch: [12][ 850/1000]	Time  6.10 ( 6.28)	Data  6.04 ( 6.22)	Loss   0.70 (  0.70)	Cls Acc 100.0 (100.0)	Domain Acc 57.2 (59.3)
Epoch: [12][ 900/1000]	Time  6.11 ( 6.28)	Data  6.04 ( 6.22)	Loss   0.66 (  0.70)	Cls Acc 100.0 (100.0)	Domain Acc 66.8 (59.3)
Epoch: [12][ 950/1000]	Time  6.13 ( 6.28)	Data  6.06 ( 6.22)	Loss   0.72 (  0.70)	Cls Acc 100.0 (100.0)	Domain Acc 53.1 (59.4)
Test: [ 0/12]	Time  1.725 ( 1.725)	Loss 8.2185e+00 (8.2185e+00)	Acc@1   3.91 (  3.91)	Acc@5  30.86 ( 30.86)
 * Acc@1 9.478 Acc@5 31.168
acc1 = 9.5, best_acc1 = 9.7
Epoch: [13][   0/1000]	Time  6.10 ( 6.10)	Data  6.03 ( 6.03)	Loss   0.71 (  0.71)	Cls Acc 100.0 (100.0)	Domain Acc 57.2 (57.2)
Epoch: [13][  50/1000]	Time  6.09 ( 6.29)	Data  6.02 ( 6.23)	Loss   0.71 (  0.69)	Cls Acc 100.0 (100.0)	Domain Acc 58.0 (58.6)
Epoch: [13][ 100/1000]	Time  6.10 ( 6.28)	Data  6.04 ( 6.21)	Loss   0.71 (  0.70)	Cls Acc 100.0 (100.0)	Domain Acc 55.1 (57.2)
Epoch: [13][ 150/1000]	Time  6.05 ( 6.28)	Data  5.99 ( 6.21)	Loss   0.67 (  0.69)	Cls Acc 100.0 (100.0)	Domain Acc 61.9 (58.8)
Epoch: [13][ 200/1000]	Time  7.78 ( 6.29)	Data  7.72 ( 6.22)	Loss   0.74 (  0.70)	Cls Acc 100.0 (100.0)	Domain Acc 49.8 (58.2)
Epoch: [13][ 250/1000]	Time  6.10 ( 6.28)	Data  6.04 ( 6.21)	Loss   0.68 (  0.70)	Cls Acc 100.0 (100.0)	Domain Acc 60.7 (58.1)
Epoch: [13][ 300/1000]	Time  6.35 ( 6.28)	Data  6.28 ( 6.22)	Loss   0.72 (  0.70)	Cls Acc 100.0 (100.0)	Domain Acc 55.7 (58.5)
Epoch: [13][ 350/1000]	Time  6.08 ( 6.28)	Data  6.02 ( 6.21)	Loss   0.67 (  0.70)	Cls Acc 100.0 (100.0)	Domain Acc 64.6 (58.3)
Epoch: [13][ 400/1000]	Time  6.14 ( 6.28)	Data  6.08 ( 6.21)	Loss   0.70 (  0.69)	Cls Acc 100.0 (100.0)	Domain Acc 56.2 (59.1)
Epoch: [13][ 450/1000]	Time  6.12 ( 6.28)	Data  6.05 ( 6.21)	Loss   0.68 (  0.70)	Cls Acc 100.0 (100.0)	Domain Acc 62.1 (58.6)
Epoch: [13][ 500/1000]	Time  6.11 ( 6.28)	Data  6.05 ( 6.21)	Loss   0.67 (  0.69)	Cls Acc 100.0 (100.0)	Domain Acc 60.9 (59.2)
Epoch: [13][ 550/1000]	Time  6.09 ( 6.28)	Data  6.02 ( 6.21)	Loss   0.71 (  0.69)	Cls Acc 100.0 (100.0)	Domain Acc 58.4 (59.0)
Epoch: [13][ 600/1000]	Time  6.11 ( 6.28)	Data  6.04 ( 6.21)	Loss   0.68 (  0.70)	Cls Acc 100.0 (100.0)	Domain Acc 64.3 (58.9)
Epoch: [13][ 650/1000]	Time  6.08 ( 6.28)	Data  6.01 ( 6.22)	Loss   0.71 (  0.70)	Cls Acc 100.0 (100.0)	Domain Acc 56.6 (59.1)
Epoch: [13][ 700/1000]	Time  6.10 ( 6.28)	Data  6.03 ( 6.22)	Loss   0.69 (  0.70)	Cls Acc 100.0 (100.0)	Domain Acc 62.9 (58.7)
Epoch: [13][ 750/1000]	Time  7.72 ( 6.28)	Data  7.65 ( 6.22)	Loss   0.71 (  0.70)	Cls Acc 100.0 (100.0)	Domain Acc 55.3 (58.9)
Epoch: [13][ 800/1000]	Time  6.13 ( 6.28)	Data  6.06 ( 6.22)	Loss   0.71 (  0.70)	Cls Acc 100.0 (100.0)	Domain Acc 58.0 (58.9)
Epoch: [13][ 850/1000]	Time  6.27 ( 6.29)	Data  6.21 ( 6.22)	Loss   0.69 (  0.70)	Cls Acc 100.0 (100.0)	Domain Acc 60.4 (59.0)
Epoch: [13][ 900/1000]	Time  6.12 ( 6.28)	Data  6.06 ( 6.22)	Loss   0.72 (  0.70)	Cls Acc 100.0 (100.0)	Domain Acc 54.5 (58.8)
Epoch: [13][ 950/1000]	Time  6.16 ( 6.28)	Data  6.10 ( 6.22)	Loss   0.69 (  0.70)	Cls Acc 100.0 (100.0)	Domain Acc 61.5 (59.0)
Test: [ 0/12]	Time  1.570 ( 1.570)	Loss 6.9012e+00 (6.9012e+00)	Acc@1  12.50 ( 12.50)	Acc@5  46.09 ( 46.09)
 * Acc@1 9.549 Acc@5 29.286
acc1 = 9.5, best_acc1 = 9.7
Epoch: [14][   0/1000]	Time  6.14 ( 6.14)	Data  6.08 ( 6.08)	Loss   0.68 (  0.68)	Cls Acc 100.0 (100.0)	Domain Acc 62.3 (62.3)
Epoch: [14][  50/1000]	Time  6.09 ( 6.29)	Data  6.03 ( 6.23)	Loss   0.70 (  0.67)	Cls Acc 100.0 (100.0)	Domain Acc 57.4 (62.7)
Epoch: [14][ 100/1000]	Time  6.24 ( 6.30)	Data  6.17 ( 6.24)	Loss   0.67 (  0.68)	Cls Acc 100.0 (100.0)	Domain Acc 68.4 (60.8)
Epoch: [14][ 150/1000]	Time  6.11 ( 6.31)	Data  6.05 ( 6.25)	Loss   0.69 (  0.68)	Cls Acc 100.0 (100.0)	Domain Acc 60.0 (60.9)
Epoch: [14][ 200/1000]	Time  6.10 ( 6.30)	Data  6.04 ( 6.23)	Loss   0.69 (  0.69)	Cls Acc 100.0 (100.0)	Domain Acc 58.0 (60.2)
Epoch: [14][ 250/1000]	Time  6.08 ( 6.30)	Data  6.02 ( 6.23)	Loss   0.66 (  0.69)	Cls Acc 100.0 (100.0)	Domain Acc 66.2 (60.4)
Epoch: [14][ 300/1000]	Time  8.32 ( 6.30)	Data  8.25 ( 6.24)	Loss   0.71 (  0.69)	Cls Acc 100.0 (100.0)	Domain Acc 59.0 (59.8)
Epoch: [14][ 350/1000]	Time  6.08 ( 6.31)	Data  6.02 ( 6.24)	Loss   0.67 (  0.69)	Cls Acc 100.0 (100.0)	Domain Acc 62.9 (59.9)
Epoch: [14][ 400/1000]	Time  6.25 ( 6.30)	Data  6.19 ( 6.24)	Loss   0.71 (  0.69)	Cls Acc 100.0 (100.0)	Domain Acc 55.7 (59.5)
Epoch: [14][ 450/1000]	Time  6.08 ( 6.30)	Data  6.02 ( 6.24)	Loss   0.66 (  0.69)	Cls Acc 100.0 (100.0)	Domain Acc 67.4 (59.9)
Epoch: [14][ 500/1000]	Time  6.13 ( 6.30)	Data  6.07 ( 6.23)	Loss   0.70 (  0.69)	Cls Acc 100.0 (100.0)	Domain Acc 58.0 (59.7)
Epoch: [14][ 550/1000]	Time  6.08 ( 6.30)	Data  6.02 ( 6.23)	Loss   0.69 (  0.69)	Cls Acc 100.0 (100.0)	Domain Acc 58.6 (59.9)
Epoch: [14][ 600/1000]	Time  6.17 ( 6.30)	Data  6.11 ( 6.23)	Loss   0.67 (  0.69)	Cls Acc 100.0 (100.0)	Domain Acc 63.3 (59.6)
Epoch: [14][ 650/1000]	Time  6.09 ( 6.30)	Data  6.03 ( 6.23)	Loss   0.72 (  0.69)	Cls Acc 100.0 (100.0)	Domain Acc 54.7 (59.5)
Epoch: [14][ 700/1000]	Time  6.11 ( 6.30)	Data  6.05 ( 6.23)	Loss   0.67 (  0.69)	Cls Acc 100.0 (100.0)	Domain Acc 63.7 (59.4)
Epoch: [14][ 750/1000]	Time  6.15 ( 6.29)	Data  6.08 ( 6.23)	Loss   0.74 (  0.69)	Cls Acc 100.0 (100.0)	Domain Acc 52.5 (59.5)
Epoch: [14][ 800/1000]	Time  6.09 ( 6.29)	Data  6.02 ( 6.23)	Loss   0.69 (  0.69)	Cls Acc 100.0 (100.0)	Domain Acc 56.2 (59.4)
Epoch: [14][ 850/1000]	Time  7.76 ( 6.29)	Data  7.69 ( 6.23)	Loss   0.69 (  0.69)	Cls Acc 100.0 (100.0)	Domain Acc 58.6 (59.3)
Epoch: [14][ 900/1000]	Time  6.12 ( 6.29)	Data  6.06 ( 6.23)	Loss   0.71 (  0.69)	Cls Acc 100.0 (100.0)	Domain Acc 57.0 (59.2)
Epoch: [14][ 950/1000]	Time  6.36 ( 6.29)	Data  6.30 ( 6.23)	Loss   0.70 (  0.69)	Cls Acc 100.0 (100.0)	Domain Acc 57.0 (59.2)
Test: [ 0/12]	Time  1.560 ( 1.560)	Loss 7.6868e+00 (7.6868e+00)	Acc@1   7.03 (  7.03)	Acc@5  39.06 ( 39.06)
 * Acc@1 8.555 Acc@5 29.038
acc1 = 8.6, best_acc1 = 9.7
Epoch: [15][   0/1000]	Time  6.19 ( 6.19)	Data  6.12 ( 6.12)	Loss   0.68 (  0.68)	Cls Acc 100.0 (100.0)	Domain Acc 60.2 (60.2)
Epoch: [15][  50/1000]	Time  6.16 ( 6.30)	Data  6.09 ( 6.24)	Loss   0.70 (  0.68)	Cls Acc 100.0 (100.0)	Domain Acc 56.6 (59.8)
Epoch: [15][ 100/1000]	Time  6.07 ( 6.28)	Data  6.01 ( 6.21)	Loss   0.67 (  0.69)	Cls Acc 100.0 (100.0)	Domain Acc 65.0 (59.1)
Epoch: [15][ 150/1000]	Time  6.18 ( 6.28)	Data  6.11 ( 6.22)	Loss   0.70 (  0.69)	Cls Acc 100.0 (100.0)	Domain Acc 59.2 (59.3)
Epoch: [15][ 200/1000]	Time  6.10 ( 6.28)	Data  6.03 ( 6.21)	Loss   0.68 (  0.69)	Cls Acc 100.0 (100.0)	Domain Acc 62.9 (60.3)
Epoch: [15][ 250/1000]	Time  6.14 ( 6.28)	Data  6.07 ( 6.22)	Loss   0.69 (  0.69)	Cls Acc 100.0 (100.0)	Domain Acc 57.4 (60.3)
Epoch: [15][ 300/1000]	Time  6.12 ( 6.28)	Data  6.06 ( 6.21)	Loss   0.68 (  0.69)	Cls Acc 100.0 (100.0)	Domain Acc 59.4 (60.4)
Epoch: [15][ 350/1000]	Time  6.09 ( 6.28)	Data  6.02 ( 6.22)	Loss   0.70 (  0.69)	Cls Acc 100.0 (100.0)	Domain Acc 54.1 (60.0)
Epoch: [15][ 400/1000]	Time  7.70 ( 6.28)	Data  7.63 ( 6.22)	Loss   0.69 (  0.69)	Cls Acc 100.0 (100.0)	Domain Acc 63.5 (59.9)
Epoch: [15][ 450/1000]	Time  6.15 ( 6.28)	Data  6.09 ( 6.22)	Loss   0.71 (  0.69)	Cls Acc 100.0 (100.0)	Domain Acc 57.4 (59.8)
Epoch: [15][ 500/1000]	Time  6.28 ( 6.29)	Data  6.22 ( 6.22)	Loss   0.70 (  0.69)	Cls Acc 100.0 (100.0)	Domain Acc 58.4 (59.5)
Epoch: [15][ 550/1000]	Time  6.14 ( 6.29)	Data  6.07 ( 6.22)	Loss   0.72 (  0.69)	Cls Acc 100.0 (100.0)	Domain Acc 54.7 (59.4)
Epoch: [15][ 600/1000]	Time  6.10 ( 6.29)	Data  6.04 ( 6.22)	Loss   0.69 (  0.69)	Cls Acc 100.0 (100.0)	Domain Acc 60.5 (59.3)
Epoch: [15][ 650/1000]	Time  6.17 ( 6.28)	Data  6.10 ( 6.22)	Loss   0.71 (  0.69)	Cls Acc 100.0 (100.0)	Domain Acc 56.2 (59.4)
Epoch: [15][ 700/1000]	Time  6.11 ( 6.29)	Data  6.05 ( 6.22)	Loss   0.68 (  0.69)	Cls Acc 100.0 (100.0)	Domain Acc 65.0 (59.4)
Epoch: [15][ 750/1000]	Time  6.14 ( 6.29)	Data  6.08 ( 6.22)	Loss   0.71 (  0.69)	Cls Acc 100.0 (100.0)	Domain Acc 60.0 (59.2)
Epoch: [15][ 800/1000]	Time  6.11 ( 6.29)	Data  6.05 ( 6.23)	Loss   0.67 (  0.69)	Cls Acc 100.0 (100.0)	Domain Acc 62.7 (59.3)
Epoch: [15][ 850/1000]	Time  6.12 ( 6.29)	Data  6.06 ( 6.23)	Loss   0.70 (  0.69)	Cls Acc 100.0 (100.0)	Domain Acc 56.6 (59.2)
Epoch: [15][ 900/1000]	Time  6.07 ( 6.29)	Data  6.00 ( 6.23)	Loss   0.70 (  0.69)	Cls Acc 100.0 (100.0)	Domain Acc 56.4 (59.1)
Epoch: [15][ 950/1000]	Time  8.34 ( 6.29)	Data  8.27 ( 6.23)	Loss   0.71 (  0.69)	Cls Acc 100.0 (100.0)	Domain Acc 55.7 (58.9)
Test: [ 0/12]	Time  1.586 ( 1.586)	Loss 8.0017e+00 (8.0017e+00)	Acc@1   6.64 (  6.64)	Acc@5  36.72 ( 36.72)
 * Acc@1 9.514 Acc@5 28.789
acc1 = 9.5, best_acc1 = 9.7
Epoch: [16][   0/1000]	Time  6.15 ( 6.15)	Data  6.09 ( 6.09)	Loss   0.68 (  0.68)	Cls Acc 100.0 (100.0)	Domain Acc 59.6 (59.6)
Epoch: [16][  50/1000]	Time  6.48 ( 6.33)	Data  6.42 ( 6.27)	Loss   0.70 (  0.71)	Cls Acc 100.0 (100.0)	Domain Acc 55.9 (56.6)
Epoch: [16][ 100/1000]	Time  6.14 ( 6.32)	Data  6.08 ( 6.25)	Loss   0.71 (  0.70)	Cls Acc 100.0 (100.0)	Domain Acc 56.6 (57.9)
Epoch: [16][ 150/1000]	Time  6.16 ( 6.31)	Data  6.10 ( 6.25)	Loss   0.69 (  0.70)	Cls Acc 100.0 (100.0)	Domain Acc 58.0 (57.1)
Epoch: [16][ 200/1000]	Time  6.13 ( 6.30)	Data  6.07 ( 6.24)	Loss   0.69 (  0.70)	Cls Acc 100.0 (100.0)	Domain Acc 60.7 (57.7)
Epoch: [16][ 250/1000]	Time  6.12 ( 6.30)	Data  6.05 ( 6.24)	Loss   0.68 (  0.70)	Cls Acc 100.0 (100.0)	Domain Acc 57.4 (58.0)
Epoch: [16][ 300/1000]	Time  6.08 ( 6.30)	Data  6.02 ( 6.23)	Loss   0.72 (  0.70)	Cls Acc 100.0 (100.0)	Domain Acc 54.5 (58.1)
Epoch: [16][ 350/1000]	Time  6.18 ( 6.30)	Data  6.12 ( 6.24)	Loss   0.71 (  0.70)	Cls Acc 100.0 (100.0)	Domain Acc 57.4 (57.5)
Epoch: [16][ 400/1000]	Time  6.10 ( 6.30)	Data  6.04 ( 6.23)	Loss   0.69 (  0.70)	Cls Acc 100.0 (100.0)	Domain Acc 56.4 (57.7)
Epoch: [16][ 450/1000]	Time  6.12 ( 6.30)	Data  6.06 ( 6.23)	Loss   0.69 (  0.70)	Cls Acc 100.0 (100.0)	Domain Acc 58.4 (57.6)
Epoch: [16][ 500/1000]	Time  7.71 ( 6.30)	Data  7.65 ( 6.23)	Loss   0.69 (  0.70)	Cls Acc 100.0 (100.0)	Domain Acc 59.4 (57.7)
Epoch: [16][ 550/1000]	Time  6.08 ( 6.30)	Data  6.02 ( 6.23)	Loss   0.70 (  0.70)	Cls Acc 100.0 (100.0)	Domain Acc 59.6 (57.8)
Epoch: [16][ 600/1000]	Time  6.23 ( 6.30)	Data  6.17 ( 6.23)	Loss   0.73 (  0.70)	Cls Acc 100.0 (100.0)	Domain Acc 50.6 (57.6)
Epoch: [16][ 650/1000]	Time  6.12 ( 6.30)	Data  6.06 ( 6.23)	Loss   0.68 (  0.70)	Cls Acc 100.0 (100.0)	Domain Acc 60.7 (57.7)
Epoch: [16][ 700/1000]	Time  6.12 ( 6.30)	Data  6.05 ( 6.23)	Loss   0.70 (  0.70)	Cls Acc 100.0 (100.0)	Domain Acc 57.0 (57.9)
Epoch: [16][ 750/1000]	Time  6.21 ( 6.29)	Data  6.14 ( 6.23)	Loss   0.69 (  0.70)	Cls Acc 100.0 (100.0)	Domain Acc 61.3 (58.0)
Epoch: [16][ 800/1000]	Time  6.11 ( 6.30)	Data  6.04 ( 6.23)	Loss   0.69 (  0.70)	Cls Acc 100.0 (100.0)	Domain Acc 60.5 (58.1)
Epoch: [16][ 850/1000]	Time  6.16 ( 6.29)	Data  6.10 ( 6.23)	Loss   0.69 (  0.70)	Cls Acc 100.0 (100.0)	Domain Acc 59.2 (58.2)
Epoch: [16][ 900/1000]	Time  6.07 ( 6.29)	Data  6.01 ( 6.23)	Loss   0.68 (  0.70)	Cls Acc 100.0 (100.0)	Domain Acc 63.3 (58.3)
Epoch: [16][ 950/1000]	Time  6.11 ( 6.29)	Data  6.05 ( 6.23)	Loss   0.68 (  0.70)	Cls Acc 100.0 (100.0)	Domain Acc 62.1 (58.5)
Test: [ 0/12]	Time  1.586 ( 1.586)	Loss 8.2469e+00 (8.2469e+00)	Acc@1   5.47 (  5.47)	Acc@5  33.20 ( 33.20)
 * Acc@1 9.301 Acc@5 29.819
acc1 = 9.3, best_acc1 = 9.7
Epoch: [17][   0/1000]	Time  6.10 ( 6.10)	Data  6.04 ( 6.04)	Loss   0.70 (  0.70)	Cls Acc 100.0 (100.0)	Domain Acc 56.6 (56.6)
Epoch: [17][  50/1000]	Time  8.03 ( 6.31)	Data  7.97 ( 6.24)	Loss   0.70 (  0.71)	Cls Acc 100.0 (100.0)	Domain Acc 56.4 (54.2)
Epoch: [17][ 100/1000]	Time  6.07 ( 6.29)	Data  6.00 ( 6.23)	Loss   0.69 (  0.70)	Cls Acc 100.0 (100.0)	Domain Acc 58.6 (57.4)
Epoch: [17][ 150/1000]	Time  6.52 ( 6.30)	Data  6.46 ( 6.24)	Loss   0.69 (  0.69)	Cls Acc 100.0 (100.0)	Domain Acc 59.6 (58.5)
Epoch: [17][ 200/1000]	Time  6.15 ( 6.29)	Data  6.09 ( 6.23)	Loss   0.70 (  0.69)	Cls Acc 100.0 (100.0)	Domain Acc 58.2 (58.4)
Epoch: [17][ 250/1000]	Time  6.15 ( 6.30)	Data  6.09 ( 6.23)	Loss   0.70 (  0.69)	Cls Acc 100.0 (100.0)	Domain Acc 55.7 (58.6)
Epoch: [17][ 300/1000]	Time  6.09 ( 6.30)	Data  6.02 ( 6.23)	Loss   0.71 (  0.70)	Cls Acc 100.0 (100.0)	Domain Acc 54.1 (58.0)
Epoch: [17][ 350/1000]	Time  6.19 ( 6.30)	Data  6.12 ( 6.23)	Loss   0.67 (  0.70)	Cls Acc 100.0 (100.0)	Domain Acc 67.8 (58.0)
Epoch: [17][ 400/1000]	Time  6.08 ( 6.29)	Data  6.02 ( 6.23)	Loss   0.69 (  0.70)	Cls Acc 100.0 (100.0)	Domain Acc 59.4 (58.3)
Epoch: [17][ 450/1000]	Time  6.15 ( 6.30)	Data  6.08 ( 6.23)	Loss   0.70 (  0.70)	Cls Acc 100.0 (100.0)	Domain Acc 59.2 (58.0)
Epoch: [17][ 500/1000]	Time  6.10 ( 6.29)	Data  6.03 ( 6.23)	Loss   0.68 (  0.70)	Cls Acc 100.0 (100.0)	Domain Acc 61.5 (58.0)
Epoch: [17][ 550/1000]	Time  6.11 ( 6.30)	Data  6.04 ( 6.23)	Loss   0.70 (  0.70)	Cls Acc 100.0 (100.0)	Domain Acc 59.0 (58.0)
Epoch: [17][ 600/1000]	Time  7.68 ( 6.30)	Data  7.62 ( 6.23)	Loss   0.70 (  0.70)	Cls Acc 100.0 (100.0)	Domain Acc 60.0 (58.1)
Epoch: [17][ 650/1000]	Time  6.10 ( 6.29)	Data  6.03 ( 6.23)	Loss   0.69 (  0.70)	Cls Acc 100.0 (100.0)	Domain Acc 58.6 (58.2)
Epoch: [17][ 700/1000]	Time  6.25 ( 6.30)	Data  6.18 ( 6.23)	Loss   0.69 (  0.70)	Cls Acc 100.0 (100.0)	Domain Acc 62.5 (58.3)
Epoch: [17][ 750/1000]	Time  6.11 ( 6.30)	Data  6.04 ( 6.23)	Loss   0.69 (  0.70)	Cls Acc 100.0 (100.0)	Domain Acc 61.9 (58.5)
Epoch: [17][ 800/1000]	Time  6.17 ( 6.30)	Data  6.10 ( 6.23)	Loss   0.69 (  0.69)	Cls Acc 100.0 (100.0)	Domain Acc 59.0 (58.7)
Epoch: [17][ 850/1000]	Time  6.12 ( 6.30)	Data  6.06 ( 6.23)	Loss   0.68 (  0.69)	Cls Acc 100.0 (100.0)	Domain Acc 63.9 (58.7)
Epoch: [17][ 900/1000]	Time  6.10 ( 6.30)	Data  6.04 ( 6.23)	Loss   0.71 (  0.69)	Cls Acc 100.0 (100.0)	Domain Acc 57.0 (58.8)
Epoch: [17][ 950/1000]	Time  6.13 ( 6.30)	Data  6.06 ( 6.23)	Loss   0.68 (  0.69)	Cls Acc 100.0 (100.0)	Domain Acc 59.0 (59.0)
Test: [ 0/12]	Time  1.526 ( 1.526)	Loss 8.2981e+00 (8.2981e+00)	Acc@1   8.59 (  8.59)	Acc@5  39.84 ( 39.84)
 * Acc@1 9.230 Acc@5 29.073
acc1 = 9.2, best_acc1 = 9.7
Epoch: [18][   0/1000]	Time  6.09 ( 6.09)	Data  6.03 ( 6.03)	Loss   0.69 (  0.69)	Cls Acc 100.0 (100.0)	Domain Acc 58.2 (58.2)
Epoch: [18][  50/1000]	Time  6.14 ( 6.28)	Data  6.08 ( 6.22)	Loss   0.69 (  0.69)	Cls Acc 100.0 (100.0)	Domain Acc 58.6 (58.5)
Epoch: [18][ 100/1000]	Time  6.15 ( 6.30)	Data  6.09 ( 6.23)	Loss   0.70 (  0.69)	Cls Acc 100.0 (100.0)	Domain Acc 58.4 (59.0)
Epoch: [18][ 150/1000]	Time  7.95 ( 6.30)	Data  7.88 ( 6.24)	Loss   0.70 (  0.69)	Cls Acc 100.0 (100.0)	Domain Acc 56.4 (59.5)
Epoch: [18][ 200/1000]	Time  6.13 ( 6.30)	Data  6.07 ( 6.24)	Loss   0.70 (  0.69)	Cls Acc 100.0 (100.0)	Domain Acc 58.8 (58.8)
Epoch: [18][ 250/1000]	Time  6.48 ( 6.30)	Data  6.41 ( 6.24)	Loss   0.67 (  0.69)	Cls Acc 100.0 (100.0)	Domain Acc 63.9 (59.3)
Epoch: [18][ 300/1000]	Time  6.10 ( 6.30)	Data  6.03 ( 6.23)	Loss   0.69 (  0.69)	Cls Acc 100.0 (100.0)	Domain Acc 58.2 (59.5)
Epoch: [18][ 350/1000]	Time  6.14 ( 6.30)	Data  6.07 ( 6.24)	Loss   0.68 (  0.69)	Cls Acc 100.0 (100.0)	Domain Acc 60.0 (59.8)
Epoch: [18][ 400/1000]	Time  6.11 ( 6.30)	Data  6.05 ( 6.23)	Loss   0.69 (  0.69)	Cls Acc 100.0 (100.0)	Domain Acc 58.4 (59.5)
Epoch: [18][ 450/1000]	Time  6.13 ( 6.30)	Data  6.07 ( 6.24)	Loss   0.67 (  0.69)	Cls Acc 100.0 (100.0)	Domain Acc 63.7 (59.6)
Epoch: [18][ 500/1000]	Time  6.12 ( 6.30)	Data  6.06 ( 6.23)	Loss   0.70 (  0.69)	Cls Acc 100.0 (100.0)	Domain Acc 59.2 (59.7)
Epoch: [18][ 550/1000]	Time  6.17 ( 6.30)	Data  6.11 ( 6.24)	Loss   0.69 (  0.69)	Cls Acc 100.0 (100.0)	Domain Acc 56.8 (59.6)
Epoch: [18][ 600/1000]	Time  6.11 ( 6.30)	Data  6.05 ( 6.24)	Loss   0.71 (  0.69)	Cls Acc 100.0 (100.0)	Domain Acc 54.5 (59.4)
Epoch: [18][ 650/1000]	Time  6.16 ( 6.30)	Data  6.09 ( 6.24)	Loss   0.68 (  0.69)	Cls Acc 100.0 (100.0)	Domain Acc 64.5 (59.2)
Epoch: [18][ 700/1000]	Time  7.71 ( 6.30)	Data  7.64 ( 6.24)	Loss   0.71 (  0.69)	Cls Acc 100.0 (100.0)	Domain Acc 55.9 (59.3)
Epoch: [18][ 750/1000]	Time  6.15 ( 6.30)	Data  6.08 ( 6.24)	Loss   0.68 (  0.69)	Cls Acc 100.0 (100.0)	Domain Acc 60.0 (59.5)
Epoch: [18][ 800/1000]	Time  6.22 ( 6.30)	Data  6.16 ( 6.24)	Loss   0.70 (  0.69)	Cls Acc 100.0 (100.0)	Domain Acc 58.0 (59.5)
Epoch: [18][ 850/1000]	Time  6.15 ( 6.30)	Data  6.08 ( 6.24)	Loss   0.71 (  0.69)	Cls Acc 99.6 (100.0)	Domain Acc 55.3 (59.4)
Epoch: [18][ 900/1000]	Time  6.14 ( 6.30)	Data  6.08 ( 6.24)	Loss   0.71 (  0.69)	Cls Acc 100.0 (100.0)	Domain Acc 54.1 (59.4)
Epoch: [18][ 950/1000]	Time  6.15 ( 6.30)	Data  6.09 ( 6.24)	Loss   0.68 (  0.69)	Cls Acc 100.0 (100.0)	Domain Acc 61.5 (59.3)
Test: [ 0/12]	Time  1.746 ( 1.746)	Loss 8.5389e+00 (8.5389e+00)	Acc@1   4.30 (  4.30)	Acc@5  33.59 ( 33.59)
 * Acc@1 8.875 Acc@5 29.961
acc1 = 8.9, best_acc1 = 9.7
Epoch: [19][   0/1000]	Time  6.15 ( 6.15)	Data  6.09 ( 6.09)	Loss   0.69 (  0.69)	Cls Acc 100.0 (100.0)	Domain Acc 60.7 (60.7)
Epoch: [19][  50/1000]	Time  6.09 ( 6.29)	Data  6.02 ( 6.23)	Loss   0.70 (  0.70)	Cls Acc 100.0 (100.0)	Domain Acc 55.9 (57.4)
Epoch: [19][ 100/1000]	Time  6.17 ( 6.33)	Data  6.11 ( 6.26)	Loss   0.71 (  0.70)	Cls Acc 100.0 (100.0)	Domain Acc 55.5 (58.2)
Epoch: [19][ 150/1000]	Time  6.09 ( 6.31)	Data  6.02 ( 6.25)	Loss   0.67 (  0.69)	Cls Acc 100.0 (100.0)	Domain Acc 62.7 (58.7)
Epoch: [19][ 200/1000]	Time  6.15 ( 6.32)	Data  6.09 ( 6.25)	Loss   0.67 (  0.69)	Cls Acc 100.0 (100.0)	Domain Acc 64.6 (59.2)
Epoch: [19][ 250/1000]	Time  7.72 ( 6.32)	Data  7.65 ( 6.26)	Loss   0.68 (  0.69)	Cls Acc 100.0 (100.0)	Domain Acc 62.3 (59.3)
Epoch: [19][ 300/1000]	Time  6.20 ( 6.32)	Data  6.13 ( 6.25)	Loss   0.68 (  0.69)	Cls Acc 100.0 (100.0)	Domain Acc 60.9 (59.4)
Epoch: [19][ 350/1000]	Time  6.25 ( 6.32)	Data  6.18 ( 6.26)	Loss   0.66 (  0.69)	Cls Acc 100.0 (100.0)	Domain Acc 65.2 (59.7)
Epoch: [19][ 400/1000]	Time  6.19 ( 6.32)	Data  6.13 ( 6.26)	Loss   0.69 (  0.69)	Cls Acc 100.0 (100.0)	Domain Acc 60.2 (59.6)
Epoch: [19][ 450/1000]	Time  6.13 ( 6.33)	Data  6.07 ( 6.27)	Loss   0.68 (  0.69)	Cls Acc 100.0 (100.0)	Domain Acc 60.0 (59.7)
Epoch: [19][ 500/1000]	Time  6.15 ( 6.33)	Data  6.08 ( 6.27)	Loss   0.71 (  0.69)	Cls Acc 100.0 (100.0)	Domain Acc 56.1 (59.6)
Epoch: [19][ 550/1000]	Time  6.18 ( 6.33)	Data  6.12 ( 6.27)	Loss   0.68 (  0.69)	Cls Acc 100.0 (100.0)	Domain Acc 59.2 (59.7)
Epoch: [19][ 600/1000]	Time  6.12 ( 6.33)	Data  6.05 ( 6.27)	Loss   0.68 (  0.69)	Cls Acc 100.0 (100.0)	Domain Acc 61.7 (59.8)
Epoch: [19][ 650/1000]	Time  6.22 ( 6.33)	Data  6.16 ( 6.27)	Loss   0.69 (  0.69)	Cls Acc 100.0 (100.0)	Domain Acc 58.8 (59.7)
Epoch: [19][ 700/1000]	Time  6.12 ( 6.33)	Data  6.06 ( 6.27)	Loss   0.70 (  0.69)	Cls Acc 100.0 (100.0)	Domain Acc 59.4 (59.6)
Epoch: [19][ 750/1000]	Time  6.17 ( 6.34)	Data  6.11 ( 6.27)	Loss   0.70 (  0.69)	Cls Acc 100.0 (100.0)	Domain Acc 56.2 (59.6)
Epoch: [19][ 800/1000]	Time  8.30 ( 6.34)	Data  8.24 ( 6.27)	Loss   0.67 (  0.69)	Cls Acc 100.0 (100.0)	Domain Acc 60.4 (59.6)
Epoch: [19][ 850/1000]	Time  6.18 ( 6.34)	Data  6.12 ( 6.27)	Loss   0.69 (  0.69)	Cls Acc 100.0 (100.0)	Domain Acc 60.4 (59.7)
Epoch: [19][ 900/1000]	Time  6.30 ( 6.34)	Data  6.23 ( 6.27)	Loss   0.69 (  0.69)	Cls Acc 100.0 (100.0)	Domain Acc 61.9 (59.6)
Epoch: [19][ 950/1000]	Time  6.14 ( 6.33)	Data  6.07 ( 6.27)	Loss   0.70 (  0.69)	Cls Acc 100.0 (100.0)	Domain Acc 57.6 (59.7)
Test: [ 0/12]	Time  2.146 ( 2.146)	Loss 8.6065e+00 (8.6065e+00)	Acc@1   3.91 (  3.91)	Acc@5  30.47 ( 30.47)
 * Acc@1 8.946 Acc@5 27.867
acc1 = 8.9, best_acc1 = 9.7
Epoch: [20][   0/1000]	Time  6.19 ( 6.19)	Data  6.12 ( 6.12)	Loss   0.68 (  0.68)	Cls Acc 100.0 (100.0)	Domain Acc 61.3 (61.3)
Epoch: [20][  50/1000]	Time  6.16 ( 6.33)	Data  6.10 ( 6.26)	Loss   0.68 (  0.69)	Cls Acc 100.0 (100.0)	Domain Acc 62.3 (60.6)
Epoch: [20][ 100/1000]	Time  6.17 ( 6.34)	Data  6.11 ( 6.27)	Loss   0.68 (  0.69)	Cls Acc 100.0 (100.0)	Domain Acc 65.4 (60.1)
Epoch: [20][ 150/1000]	Time  6.16 ( 6.33)	Data  6.10 ( 6.27)	Loss   0.68 (  0.69)	Cls Acc 100.0 (100.0)	Domain Acc 62.3 (60.3)
Epoch: [20][ 200/1000]	Time  6.13 ( 6.33)	Data  6.07 ( 6.27)	Loss   0.68 (  0.69)	Cls Acc 100.0 (100.0)	Domain Acc 59.6 (60.2)
Epoch: [20][ 250/1000]	Time  6.14 ( 6.33)	Data  6.08 ( 6.27)	Loss   0.69 (  0.69)	Cls Acc 100.0 (100.0)	Domain Acc 59.6 (59.8)
Epoch: [20][ 300/1000]	Time  6.14 ( 6.34)	Data  6.08 ( 6.27)	Loss   0.68 (  0.69)	Cls Acc 100.0 (100.0)	Domain Acc 61.5 (59.8)
Epoch: [20][ 350/1000]	Time  8.04 ( 6.34)	Data  7.97 ( 6.28)	Loss   0.69 (  0.69)	Cls Acc 100.0 (100.0)	Domain Acc 58.8 (59.9)
Epoch: [20][ 400/1000]	Time  6.15 ( 6.34)	Data  6.08 ( 6.28)	Loss   0.69 (  0.69)	Cls Acc 100.0 (100.0)	Domain Acc 63.3 (59.9)
Epoch: [20][ 450/1000]	Time  6.32 ( 6.35)	Data  6.26 ( 6.28)	Loss   0.70 (  0.69)	Cls Acc 100.0 (100.0)	Domain Acc 55.5 (60.0)
Epoch: [20][ 500/1000]	Time  6.14 ( 6.34)	Data  6.08 ( 6.28)	Loss   0.68 (  0.69)	Cls Acc 100.0 (100.0)	Domain Acc 61.7 (59.8)
Epoch: [20][ 550/1000]	Time  6.15 ( 6.35)	Data  6.08 ( 6.29)	Loss   0.70 (  0.69)	Cls Acc 100.0 (100.0)	Domain Acc 55.5 (59.9)
Epoch: [20][ 600/1000]	Time  6.24 ( 6.35)	Data  6.18 ( 6.28)	Loss   0.68 (  0.69)	Cls Acc 100.0 (100.0)	Domain Acc 60.5 (60.0)
Epoch: [20][ 650/1000]	Time  6.15 ( 6.35)	Data  6.09 ( 6.29)	Loss   0.68 (  0.69)	Cls Acc 100.0 (100.0)	Domain Acc 58.0 (60.2)
Epoch: [20][ 700/1000]	Time  6.16 ( 6.35)	Data  6.09 ( 6.28)	Loss   0.70 (  0.69)	Cls Acc 100.0 (100.0)	Domain Acc 56.1 (60.1)
Epoch: [20][ 750/1000]	Time  6.18 ( 6.35)	Data  6.11 ( 6.29)	Loss   0.67 (  0.69)	Cls Acc 100.0 (100.0)	Domain Acc 62.1 (60.0)
Epoch: [20][ 800/1000]	Time  6.14 ( 6.35)	Data  6.07 ( 6.29)	Loss   0.69 (  0.69)	Cls Acc 100.0 (100.0)	Domain Acc 58.8 (60.0)
Epoch: [20][ 850/1000]	Time  6.18 ( 6.35)	Data  6.11 ( 6.29)	Loss   0.70 (  0.69)	Cls Acc 100.0 (100.0)	Domain Acc 55.9 (59.9)
Epoch: [20][ 900/1000]	Time  8.16 ( 6.35)	Data  8.10 ( 6.29)	Loss   0.69 (  0.69)	Cls Acc 100.0 (100.0)	Domain Acc 59.0 (59.8)
Epoch: [20][ 950/1000]	Time  6.21 ( 6.35)	Data  6.14 ( 6.29)	Loss   0.69 (  0.69)	Cls Acc 100.0 (100.0)	Domain Acc 59.2 (59.8)
Test: [ 0/12]	Time  3.409 ( 3.409)	Loss 7.9281e+00 (7.9281e+00)	Acc@1   7.81 (  7.81)	Acc@5  39.45 ( 39.45)
 * Acc@1 9.478 Acc@5 31.310
acc1 = 9.5, best_acc1 = 9.7
Epoch: [21][   0/1000]	Time  6.17 ( 6.17)	Data  6.10 ( 6.10)	Loss   0.69 (  0.69)	Cls Acc 100.0 (100.0)	Domain Acc 60.7 (60.7)
Epoch: [21][  50/1000]	Time  6.10 ( 6.31)	Data  6.04 ( 6.25)	Loss   0.71 (  0.69)	Cls Acc 100.0 (100.0)	Domain Acc 56.2 (58.6)
Epoch: [21][ 100/1000]	Time  6.12 ( 6.34)	Data  6.05 ( 6.27)	Loss   0.69 (  0.69)	Cls Acc 100.0 (100.0)	Domain Acc 57.8 (58.2)
Epoch: [21][ 150/1000]	Time  6.14 ( 6.32)	Data  6.08 ( 6.26)	Loss   0.68 (  0.69)	Cls Acc 100.0 (100.0)	Domain Acc 64.3 (58.0)
Epoch: [21][ 200/1000]	Time  6.15 ( 6.33)	Data  6.09 ( 6.27)	Loss   0.70 (  0.69)	Cls Acc 100.0 (100.0)	Domain Acc 58.2 (58.1)
Epoch: [21][ 250/1000]	Time  6.21 ( 6.33)	Data  6.15 ( 6.27)	Loss   0.71 (  0.69)	Cls Acc 100.0 (100.0)	Domain Acc 55.1 (58.5)
Epoch: [21][ 300/1000]	Time  6.12 ( 6.33)	Data  6.06 ( 6.27)	Loss   0.69 (  0.69)	Cls Acc 100.0 (100.0)	Domain Acc 57.6 (58.6)
Epoch: [21][ 350/1000]	Time  6.14 ( 6.33)	Data  6.08 ( 6.26)	Loss   0.67 (  0.69)	Cls Acc 100.0 (100.0)	Domain Acc 60.9 (58.6)
Epoch: [21][ 400/1000]	Time  6.11 ( 6.33)	Data  6.04 ( 6.26)	Loss   0.69 (  0.69)	Cls Acc 100.0 (100.0)	Domain Acc 59.6 (58.8)
Epoch: [21][ 450/1000]	Time  8.14 ( 6.33)	Data  8.08 ( 6.26)	Loss   0.70 (  0.69)	Cls Acc 100.0 (100.0)	Domain Acc 57.0 (58.7)
Epoch: [21][ 500/1000]	Time  6.09 ( 6.33)	Data  6.03 ( 6.26)	Loss   0.67 (  0.69)	Cls Acc 100.0 (100.0)	Domain Acc 61.9 (58.6)
Epoch: [21][ 550/1000]	Time  6.38 ( 6.33)	Data  6.32 ( 6.27)	Loss   0.68 (  0.69)	Cls Acc 100.0 (100.0)	Domain Acc 61.7 (58.9)
Epoch: [21][ 600/1000]	Time  6.13 ( 6.33)	Data  6.06 ( 6.26)	Loss   0.68 (  0.69)	Cls Acc 100.0 (100.0)	Domain Acc 61.3 (59.1)
Epoch: [21][ 650/1000]	Time  6.16 ( 6.33)	Data  6.09 ( 6.26)	Loss   0.68 (  0.69)	Cls Acc 100.0 (100.0)	Domain Acc 63.1 (59.3)
Epoch: [21][ 700/1000]	Time  6.13 ( 6.33)	Data  6.07 ( 6.26)	Loss   0.72 (  0.69)	Cls Acc 100.0 (100.0)	Domain Acc 52.5 (59.2)
Epoch: [21][ 750/1000]	Time  6.11 ( 6.33)	Data  6.05 ( 6.26)	Loss   0.69 (  0.69)	Cls Acc 100.0 (100.0)	Domain Acc 58.8 (59.4)
Epoch: [21][ 800/1000]	Time  6.14 ( 6.32)	Data  6.08 ( 6.26)	Loss   0.66 (  0.69)	Cls Acc 100.0 (100.0)	Domain Acc 63.9 (59.3)
Epoch: [21][ 850/1000]	Time  6.13 ( 6.32)	Data  6.07 ( 6.26)	Loss   0.69 (  0.69)	Cls Acc 100.0 (100.0)	Domain Acc 62.3 (59.2)
Epoch: [21][ 900/1000]	Time  6.16 ( 6.32)	Data  6.10 ( 6.26)	Loss   0.69 (  0.69)	Cls Acc 100.0 (100.0)	Domain Acc 58.2 (59.3)
Epoch: [21][ 950/1000]	Time  6.06 ( 6.32)	Data  6.00 ( 6.26)	Loss   0.66 (  0.69)	Cls Acc 100.0 (100.0)	Domain Acc 65.8 (59.4)
Test: [ 0/12]	Time  1.940 ( 1.940)	Loss 8.8602e+00 (8.8602e+00)	Acc@1   5.08 (  5.08)	Acc@5  32.42 ( 32.42)
 * Acc@1 10.011 Acc@5 30.564
acc1 = 10.0, best_acc1 = 10.0
Epoch: [22][   0/1000]	Time  7.75 ( 7.75)	Data  7.69 ( 7.69)	Loss   0.68 (  0.68)	Cls Acc 100.0 (100.0)	Domain Acc 61.7 (61.7)
Epoch: [22][  50/1000]	Time  6.11 ( 6.32)	Data  6.05 ( 6.26)	Loss   0.71 (  0.69)	Cls Acc 100.0 (100.0)	Domain Acc 54.5 (59.7)
Epoch: [22][ 100/1000]	Time  6.33 ( 6.33)	Data  6.27 ( 6.27)	Loss   0.69 (  0.69)	Cls Acc 100.0 (100.0)	Domain Acc 56.6 (59.2)
Epoch: [22][ 150/1000]	Time  6.10 ( 6.32)	Data  6.04 ( 6.26)	Loss   0.69 (  0.69)	Cls Acc 100.0 (100.0)	Domain Acc 61.1 (59.3)
Epoch: [22][ 200/1000]	Time  6.12 ( 6.32)	Data  6.06 ( 6.26)	Loss   0.69 (  0.69)	Cls Acc 100.0 (100.0)	Domain Acc 60.9 (59.5)
Epoch: [22][ 250/1000]	Time  6.07 ( 6.32)	Data  6.01 ( 6.25)	Loss   0.66 (  0.69)	Cls Acc 100.0 (100.0)	Domain Acc 60.5 (60.0)
Epoch: [22][ 300/1000]	Time  6.09 ( 6.32)	Data  6.02 ( 6.26)	Loss   0.68 (  0.69)	Cls Acc 100.0 (100.0)	Domain Acc 61.7 (59.6)
Epoch: [22][ 350/1000]	Time  6.14 ( 6.32)	Data  6.08 ( 6.25)	Loss   0.69 (  0.69)	Cls Acc 100.0 (100.0)	Domain Acc 60.4 (59.6)
Epoch: [22][ 400/1000]	Time  6.12 ( 6.32)	Data  6.05 ( 6.26)	Loss   0.68 (  0.68)	Cls Acc 100.0 (100.0)	Domain Acc 60.0 (60.0)
Epoch: [22][ 450/1000]	Time  6.15 ( 6.32)	Data  6.09 ( 6.25)	Loss   0.68 (  0.69)	Cls Acc 100.0 (100.0)	Domain Acc 61.9 (59.9)
Epoch: [22][ 500/1000]	Time  6.08 ( 6.32)	Data  6.02 ( 6.25)	Loss   0.69 (  0.68)	Cls Acc 100.0 (100.0)	Domain Acc 59.0 (60.1)
Epoch: [22][ 550/1000]	Time  8.15 ( 6.32)	Data  8.08 ( 6.26)	Loss   0.70 (  0.68)	Cls Acc 100.0 (100.0)	Domain Acc 57.4 (60.0)
Epoch: [22][ 600/1000]	Time  6.12 ( 6.32)	Data  6.05 ( 6.26)	Loss   0.67 (  0.68)	Cls Acc 100.0 (100.0)	Domain Acc 63.7 (60.0)
Epoch: [22][ 650/1000]	Time  6.50 ( 6.32)	Data  6.44 ( 6.26)	Loss   0.69 (  0.68)	Cls Acc 100.0 (100.0)	Domain Acc 59.2 (60.1)
Epoch: [22][ 700/1000]	Time  6.12 ( 6.32)	Data  6.06 ( 6.25)	Loss   0.68 (  0.68)	Cls Acc 100.0 (100.0)	Domain Acc 61.3 (60.1)
Epoch: [22][ 750/1000]	Time  6.57 ( 6.32)	Data  6.50 ( 6.26)	Loss   0.68 (  0.68)	Cls Acc 100.0 (100.0)	Domain Acc 62.9 (60.1)
Epoch: [22][ 800/1000]	Time  6.16 ( 6.33)	Data  6.09 ( 6.26)	Loss   0.68 (  0.68)	Cls Acc 100.0 (100.0)	Domain Acc 64.6 (60.1)
Epoch: [22][ 850/1000]	Time  6.10 ( 6.33)	Data  6.04 ( 6.26)	Loss   0.69 (  0.69)	Cls Acc 100.0 (100.0)	Domain Acc 57.8 (60.0)
Epoch: [22][ 900/1000]	Time  6.17 ( 6.33)	Data  6.10 ( 6.26)	Loss   0.69 (  0.69)	Cls Acc 100.0 (100.0)	Domain Acc 59.6 (60.0)
Epoch: [22][ 950/1000]	Time  6.15 ( 6.33)	Data  6.08 ( 6.27)	Loss   0.70 (  0.69)	Cls Acc 100.0 (100.0)	Domain Acc 56.8 (59.8)
Test: [ 0/12]	Time  1.932 ( 1.932)	Loss 8.5833e+00 (8.5833e+00)	Acc@1   5.86 (  5.86)	Acc@5  35.94 ( 35.94)
 * Acc@1 9.975 Acc@5 30.777
acc1 = 10.0, best_acc1 = 10.0
Epoch: [23][   0/1000]	Time  6.13 ( 6.13)	Data  6.06 ( 6.06)	Loss   0.70 (  0.70)	Cls Acc 100.0 (100.0)	Domain Acc 55.9 (55.9)
Epoch: [23][  50/1000]	Time  6.14 ( 6.36)	Data  6.08 ( 6.30)	Loss   0.68 (  0.69)	Cls Acc 100.0 (100.0)	Domain Acc 57.4 (59.7)
Epoch: [23][ 100/1000]	Time  7.75 ( 6.35)	Data  7.69 ( 6.28)	Loss   0.70 (  0.69)	Cls Acc 100.0 (100.0)	Domain Acc 55.9 (58.7)
Epoch: [23][ 150/1000]	Time  6.17 ( 6.34)	Data  6.10 ( 6.27)	Loss   0.67 (  0.69)	Cls Acc 100.0 (100.0)	Domain Acc 62.1 (58.8)
Epoch: [23][ 200/1000]	Time  6.26 ( 6.34)	Data  6.19 ( 6.28)	Loss   0.69 (  0.69)	Cls Acc 100.0 (100.0)	Domain Acc 59.0 (58.3)
Epoch: [23][ 250/1000]	Time  6.13 ( 6.33)	Data  6.06 ( 6.27)	Loss   0.70 (  0.70)	Cls Acc 100.0 (100.0)	Domain Acc 57.6 (58.0)
Epoch: [23][ 300/1000]	Time  6.13 ( 6.33)	Data  6.06 ( 6.27)	Loss   0.70 (  0.70)	Cls Acc 100.0 (100.0)	Domain Acc 60.7 (58.1)
Epoch: [23][ 350/1000]	Time  6.18 ( 6.33)	Data  6.12 ( 6.26)	Loss   0.71 (  0.69)	Cls Acc 100.0 (100.0)	Domain Acc 55.3 (58.3)
Epoch: [23][ 400/1000]	Time  6.16 ( 6.33)	Data  6.10 ( 6.27)	Loss   0.69 (  0.69)	Cls Acc 100.0 (100.0)	Domain Acc 60.0 (58.4)
Epoch: [23][ 450/1000]	Time  6.16 ( 6.33)	Data  6.09 ( 6.26)	Loss   0.69 (  0.69)	Cls Acc 100.0 (100.0)	Domain Acc 60.9 (58.5)
Epoch: [23][ 500/1000]	Time  6.11 ( 6.33)	Data  6.04 ( 6.26)	Loss   0.68 (  0.69)	Cls Acc 100.0 (100.0)	Domain Acc 59.2 (58.6)
Epoch: [23][ 550/1000]	Time  6.15 ( 6.32)	Data  6.09 ( 6.26)	Loss   0.68 (  0.69)	Cls Acc 100.0 (100.0)	Domain Acc 62.1 (58.6)
Epoch: [23][ 600/1000]	Time  6.12 ( 6.32)	Data  6.05 ( 6.26)	Loss   0.70 (  0.69)	Cls Acc 100.0 (100.0)	Domain Acc 57.6 (58.8)
Epoch: [23][ 650/1000]	Time  7.73 ( 6.33)	Data  7.66 ( 6.26)	Loss   0.69 (  0.69)	Cls Acc 100.0 (100.0)	Domain Acc 57.4 (58.8)
Epoch: [23][ 700/1000]	Time  6.15 ( 6.32)	Data  6.08 ( 6.26)	Loss   0.67 (  0.69)	Cls Acc 100.0 (100.0)	Domain Acc 62.7 (58.8)
Epoch: [23][ 750/1000]	Time  6.21 ( 6.32)	Data  6.15 ( 6.26)	Loss   0.70 (  0.69)	Cls Acc 100.0 (100.0)	Domain Acc 59.8 (58.9)
Epoch: [23][ 800/1000]	Time  6.11 ( 6.32)	Data  6.05 ( 6.26)	Loss   0.69 (  0.69)	Cls Acc 100.0 (100.0)	Domain Acc 59.6 (58.8)
Epoch: [23][ 850/1000]	Time  6.10 ( 6.32)	Data  6.03 ( 6.26)	Loss   0.70 (  0.69)	Cls Acc 100.0 (100.0)	Domain Acc 56.2 (58.9)
Epoch: [23][ 900/1000]	Time  6.20 ( 6.32)	Data  6.14 ( 6.26)	Loss   0.68 (  0.69)	Cls Acc 100.0 (100.0)	Domain Acc 63.1 (59.0)
Epoch: [23][ 950/1000]	Time  6.11 ( 6.32)	Data  6.05 ( 6.26)	Loss   0.67 (  0.69)	Cls Acc 100.0 (100.0)	Domain Acc 62.3 (59.0)
Test: [ 0/12]	Time  2.077 ( 2.077)	Loss 8.0217e+00 (8.0217e+00)	Acc@1   6.64 (  6.64)	Acc@5  37.11 ( 37.11)
 * Acc@1 9.301 Acc@5 28.789
acc1 = 9.3, best_acc1 = 10.0
Epoch: [24][   0/1000]	Time  6.18 ( 6.18)	Data  6.11 ( 6.11)	Loss   0.68 (  0.68)	Cls Acc 100.0 (100.0)	Domain Acc 61.3 (61.3)
Epoch: [24][  50/1000]	Time  6.14 ( 6.34)	Data  6.08 ( 6.27)	Loss   0.70 (  0.69)	Cls Acc 100.0 (100.0)	Domain Acc 60.0 (58.8)
Epoch: [24][ 100/1000]	Time  6.13 ( 6.31)	Data  6.06 ( 6.25)	Loss   0.66 (  0.69)	Cls Acc 100.0 (100.0)	Domain Acc 65.8 (58.6)
Epoch: [24][ 150/1000]	Time  6.10 ( 6.32)	Data  6.03 ( 6.26)	Loss   0.68 (  0.69)	Cls Acc 100.0 (100.0)	Domain Acc 60.0 (59.2)
Epoch: [24][ 200/1000]	Time  7.76 ( 6.33)	Data  7.69 ( 6.27)	Loss   0.70 (  0.69)	Cls Acc 100.0 (100.0)	Domain Acc 58.4 (59.6)
Epoch: [24][ 250/1000]	Time  6.18 ( 6.32)	Data  6.12 ( 6.26)	Loss   0.68 (  0.69)	Cls Acc 100.0 (100.0)	Domain Acc 60.0 (59.6)
Epoch: [24][ 300/1000]	Time  6.25 ( 6.33)	Data  6.18 ( 6.26)	Loss   0.68 (  0.69)	Cls Acc 100.0 (100.0)	Domain Acc 63.1 (60.0)
Epoch: [24][ 350/1000]	Time  6.13 ( 6.32)	Data  6.07 ( 6.26)	Loss   0.70 (  0.69)	Cls Acc 100.0 (100.0)	Domain Acc 59.0 (60.1)
Epoch: [24][ 400/1000]	Time  6.11 ( 6.33)	Data  6.04 ( 6.26)	Loss   0.68 (  0.69)	Cls Acc 100.0 (100.0)	Domain Acc 60.7 (60.2)
Epoch: [24][ 450/1000]	Time  6.20 ( 6.32)	Data  6.14 ( 6.26)	Loss   0.70 (  0.69)	Cls Acc 100.0 (100.0)	Domain Acc 55.3 (60.1)
Epoch: [24][ 500/1000]	Time  6.17 ( 6.33)	Data  6.11 ( 6.26)	Loss   0.68 (  0.69)	Cls Acc 100.0 (100.0)	Domain Acc 60.9 (60.0)
Epoch: [24][ 550/1000]	Time  6.18 ( 6.33)	Data  6.12 ( 6.26)	Loss   0.68 (  0.69)	Cls Acc 100.0 (100.0)	Domain Acc 61.5 (60.0)
Epoch: [24][ 600/1000]	Time  6.11 ( 6.33)	Data  6.05 ( 6.26)	Loss   0.70 (  0.69)	Cls Acc 100.0 (100.0)	Domain Acc 55.9 (60.0)
Epoch: [24][ 650/1000]	Time  6.15 ( 6.33)	Data  6.08 ( 6.26)	Loss   0.68 (  0.69)	Cls Acc 100.0 (100.0)	Domain Acc 62.7 (59.8)
Epoch: [24][ 700/1000]	Time  6.11 ( 6.33)	Data  6.04 ( 6.26)	Loss   0.66 (  0.69)	Cls Acc 100.0 (100.0)	Domain Acc 65.8 (60.0)
Epoch: [24][ 750/1000]	Time  7.83 ( 6.33)	Data  7.77 ( 6.27)	Loss   0.66 (  0.69)	Cls Acc 100.0 (100.0)	Domain Acc 64.3 (60.3)
Epoch: [24][ 800/1000]	Time  6.15 ( 6.33)	Data  6.09 ( 6.26)	Loss   0.71 (  0.69)	Cls Acc 100.0 (100.0)	Domain Acc 55.1 (60.2)
Epoch: [24][ 850/1000]	Time  6.28 ( 6.33)	Data  6.22 ( 6.27)	Loss   0.68 (  0.69)	Cls Acc 100.0 (100.0)	Domain Acc 62.5 (60.2)
Epoch: [24][ 900/1000]	Time  6.14 ( 6.33)	Data  6.08 ( 6.26)	Loss   0.69 (  0.69)	Cls Acc 100.0 (100.0)	Domain Acc 58.4 (60.3)
Epoch: [24][ 950/1000]	Time  6.16 ( 6.33)	Data  6.09 ( 6.27)	Loss   0.70 (  0.69)	Cls Acc 100.0 (100.0)	Domain Acc 55.9 (60.1)
Test: [ 0/12]	Time  1.941 ( 1.941)	Loss 8.8017e+00 (8.8017e+00)	Acc@1   5.86 (  5.86)	Acc@5  32.42 ( 32.42)
 * Acc@1 9.159 Acc@5 28.683
acc1 = 9.2, best_acc1 = 10.0
Epoch: [25][   0/1000]	Time  6.11 ( 6.11)	Data  6.04 ( 6.04)	Loss   0.70 (  0.70)	Cls Acc 100.0 (100.0)	Domain Acc 54.3 (54.3)
Epoch: [25][  50/1000]	Time  6.20 ( 6.39)	Data  6.13 ( 6.33)	Loss   0.71 (  0.69)	Cls Acc 100.0 (100.0)	Domain Acc 57.6 (58.8)
Epoch: [25][ 100/1000]	Time  6.15 ( 6.36)	Data  6.09 ( 6.30)	Loss   0.68 (  0.69)	Cls Acc 100.0 (100.0)	Domain Acc 60.9 (58.2)
Epoch: [25][ 150/1000]	Time  6.11 ( 6.36)	Data  6.05 ( 6.30)	Loss   0.68 (  0.69)	Cls Acc 100.0 (100.0)	Domain Acc 61.7 (60.1)
Epoch: [25][ 200/1000]	Time  6.13 ( 6.35)	Data  6.07 ( 6.28)	Loss   0.70 (  0.69)	Cls Acc 100.0 (100.0)	Domain Acc 55.3 (59.8)
Epoch: [25][ 250/1000]	Time  6.15 ( 6.35)	Data  6.08 ( 6.28)	Loss   0.69 (  0.69)	Cls Acc 100.0 (100.0)	Domain Acc 59.0 (59.7)
Epoch: [25][ 300/1000]	Time  8.18 ( 6.35)	Data  8.10 ( 6.28)	Loss   0.67 (  0.69)	Cls Acc 100.0 (100.0)	Domain Acc 59.4 (60.0)
Epoch: [25][ 350/1000]	Time  6.15 ( 6.35)	Data  6.08 ( 6.28)	Loss   0.70 (  0.69)	Cls Acc 100.0 (100.0)	Domain Acc 57.2 (59.9)
Epoch: [25][ 400/1000]	Time  6.36 ( 6.35)	Data  6.30 ( 6.28)	Loss   0.66 (  0.69)	Cls Acc 100.0 (100.0)	Domain Acc 64.1 (59.8)
Epoch: [25][ 450/1000]	Time  6.07 ( 6.34)	Data  6.01 ( 6.28)	Loss   0.68 (  0.68)	Cls Acc 100.0 (100.0)	Domain Acc 63.1 (60.2)
Epoch: [25][ 500/1000]	Time  6.12 ( 6.34)	Data  6.05 ( 6.28)	Loss   0.69 (  0.68)	Cls Acc 100.0 (100.0)	Domain Acc 59.0 (60.2)
Epoch: [25][ 550/1000]	Time  6.11 ( 6.34)	Data  6.05 ( 6.27)	Loss   0.68 (  0.68)	Cls Acc 100.0 (100.0)	Domain Acc 61.1 (60.3)
Epoch: [25][ 600/1000]	Time  6.20 ( 6.34)	Data  6.13 ( 6.27)	Loss   0.68 (  0.69)	Cls Acc 100.0 (100.0)	Domain Acc 62.1 (60.2)
Epoch: [25][ 650/1000]	Time  6.09 ( 6.34)	Data  6.03 ( 6.27)	Loss   0.68 (  0.69)	Cls Acc 100.0 (100.0)	Domain Acc 62.5 (60.1)
Epoch: [25][ 700/1000]	Time  6.19 ( 6.34)	Data  6.13 ( 6.27)	Loss   0.70 (  0.69)	Cls Acc 100.0 (100.0)	Domain Acc 55.5 (60.2)
Epoch: [25][ 750/1000]	Time  6.11 ( 6.33)	Data  6.05 ( 6.27)	Loss   0.67 (  0.69)	Cls Acc 100.0 (100.0)	Domain Acc 64.5 (60.1)
Epoch: [25][ 800/1000]	Time  6.17 ( 6.34)	Data  6.10 ( 6.27)	Loss   0.67 (  0.69)	Cls Acc 100.0 (100.0)	Domain Acc 62.3 (60.2)
Epoch: [25][ 850/1000]	Time  8.17 ( 6.34)	Data  8.10 ( 6.27)	Loss   0.70 (  0.69)	Cls Acc 100.0 (100.0)	Domain Acc 55.7 (60.1)
Epoch: [25][ 900/1000]	Time  6.13 ( 6.34)	Data  6.07 ( 6.27)	Loss   0.69 (  0.69)	Cls Acc 100.0 (100.0)	Domain Acc 59.2 (59.9)
Epoch: [25][ 950/1000]	Time  6.41 ( 6.34)	Data  6.35 ( 6.27)	Loss   0.70 (  0.69)	Cls Acc 100.0 (100.0)	Domain Acc 57.0 (59.9)
Test: [ 0/12]	Time  1.535 ( 1.535)	Loss 9.1673e+00 (9.1673e+00)	Acc@1   5.86 (  5.86)	Acc@5  32.81 ( 32.81)
 * Acc@1 9.762 Acc@5 29.109
acc1 = 9.8, best_acc1 = 10.0
Epoch: [26][   0/1000]	Time  6.13 ( 6.13)	Data  6.07 ( 6.07)	Loss   0.69 (  0.69)	Cls Acc 100.0 (100.0)	Domain Acc 61.3 (61.3)
Epoch: [26][  50/1000]	Time  6.15 ( 6.35)	Data  6.09 ( 6.29)	Loss   0.69 (  0.70)	Cls Acc 100.0 (100.0)	Domain Acc 56.6 (57.0)
Epoch: [26][ 100/1000]	Time  6.11 ( 6.33)	Data  6.04 ( 6.27)	Loss   0.67 (  0.69)	Cls Acc 100.0 (100.0)	Domain Acc 65.4 (58.5)
Epoch: [26][ 150/1000]	Time  6.17 ( 6.34)	Data  6.10 ( 6.27)	Loss   0.68 (  0.69)	Cls Acc 100.0 (100.0)	Domain Acc 60.9 (59.0)
Epoch: [26][ 200/1000]	Time  6.16 ( 6.33)	Data  6.10 ( 6.27)	Loss   0.69 (  0.69)	Cls Acc 100.0 (100.0)	Domain Acc 61.3 (58.7)
Epoch: [26][ 250/1000]	Time  6.13 ( 6.33)	Data  6.07 ( 6.27)	Loss   0.68 (  0.69)	Cls Acc 100.0 (100.0)	Domain Acc 62.1 (59.0)
Epoch: [26][ 300/1000]	Time  6.18 ( 6.33)	Data  6.12 ( 6.27)	Loss   0.69 (  0.69)	Cls Acc 100.0 (100.0)	Domain Acc 61.7 (59.5)
Epoch: [26][ 350/1000]	Time  6.08 ( 6.33)	Data  6.01 ( 6.27)	Loss   0.67 (  0.69)	Cls Acc 100.0 (100.0)	Domain Acc 62.1 (59.6)
