Namespace(arch='alexnet', batch_size=256, bottleneck_dim=256, center_crop=False, checkmodel_logsave=False, data='Office31', data_processing='ours', epochs=50, iters_per_epoch=1000, local=True, local_pretrained_path='/home/junzhin/Project/Summer_project/code/version1.0/pretrained_model_results/ALEX_office31masked2Random_newmodel_best.pth.tar', log='/home/junzhin/Project/Summer_project/code/version2.0/training_results/dann/ALEX_office31masked2Random/A_D', lr=0.01, lr_decay=0.75, lr_gamma=0.001, momentum=0.9, per_class_eval=False, phase='train', pretrained=True, print_freq=50, root='/home/junzhin/Project/Summer_project/code/version2.0/data/office31', seed=None, source='A', target='D', trade_off=1.0, weight_decay=0.001, workers=4)
=> using pre-trained model 'alexnet'
Loading the local alexnet pretrained model weights!
Epoch: [0][   0/1000]	Time  3.80 ( 3.80)	Data  1.59 ( 1.59)	Loss   4.21 (  4.21)	Cls Acc 3.9 (3.9)	Domain Acc 42.0 (42.0)
Epoch: [0][  50/1000]	Time  6.27 ( 6.42)	Data  6.21 ( 6.32)	Loss   2.48 (  2.94)	Cls Acc 32.0 (23.3)	Domain Acc 98.4 (96.3)
Epoch: [0][ 100/1000]	Time  6.40 ( 6.50)	Data  6.33 ( 6.42)	Loss   1.87 (  2.55)	Cls Acc 49.6 (33.4)	Domain Acc 98.4 (97.5)
Epoch: [0][ 150/1000]	Time  6.38 ( 6.54)	Data  6.32 ( 6.46)	Loss   1.65 (  2.28)	Cls Acc 55.5 (40.4)	Domain Acc 98.8 (98.0)
Epoch: [0][ 200/1000]	Time  6.44 ( 6.59)	Data  6.38 ( 6.52)	Loss   1.43 (  2.08)	Cls Acc 63.3 (45.9)	Domain Acc 98.2 (98.2)
Epoch: [0][ 250/1000]	Time  6.33 ( 6.58)	Data  6.27 ( 6.51)	Loss   1.20 (  1.91)	Cls Acc 69.5 (50.4)	Domain Acc 98.8 (98.4)
Epoch: [0][ 300/1000]	Time  6.29 ( 6.57)	Data  6.22 ( 6.50)	Loss   1.01 (  1.76)	Cls Acc 71.9 (54.3)	Domain Acc 99.2 (98.5)
Epoch: [0][ 350/1000]	Time  6.32 ( 6.56)	Data  6.25 ( 6.49)	Loss   0.84 (  1.64)	Cls Acc 78.9 (57.6)	Domain Acc 98.0 (98.5)
Epoch: [0][ 400/1000]	Time  6.26 ( 6.56)	Data  6.19 ( 6.49)	Loss   0.70 (  1.53)	Cls Acc 80.1 (60.6)	Domain Acc 99.8 (98.6)
Epoch: [0][ 450/1000]	Time  6.32 ( 6.55)	Data  6.25 ( 6.48)	Loss   0.82 (  1.44)	Cls Acc 82.8 (63.3)	Domain Acc 94.1 (98.4)
Epoch: [0][ 500/1000]	Time  6.31 ( 6.55)	Data  6.25 ( 6.48)	Loss   3.36 (  1.52)	Cls Acc 66.4 (64.8)	Domain Acc 49.6 (94.9)
Epoch: [0][ 550/1000]	Time  8.35 ( 6.54)	Data  8.28 ( 6.48)	Loss   2.35 (  1.67)	Cls Acc 73.8 (65.2)	Domain Acc 47.9 (90.5)
Epoch: [0][ 600/1000]	Time  6.30 ( 6.54)	Data  6.23 ( 6.47)	Loss   1.97 (  1.72)	Cls Acc 78.5 (66.1)	Domain Acc 59.8 (87.1)
Epoch: [0][ 650/1000]	Time  6.31 ( 6.54)	Data  6.25 ( 6.47)	Loss   1.54 (  1.72)	Cls Acc 82.8 (67.3)	Domain Acc 61.7 (84.9)
Epoch: [0][ 700/1000]	Time  6.27 ( 6.54)	Data  6.21 ( 6.47)	Loss   1.47 (  1.69)	Cls Acc 85.9 (68.6)	Domain Acc 62.9 (83.1)
Epoch: [0][ 750/1000]	Time  6.32 ( 6.54)	Data  6.26 ( 6.47)	Loss   1.13 (  1.66)	Cls Acc 91.8 (70.0)	Domain Acc 59.6 (81.2)
Epoch: [0][ 800/1000]	Time  6.34 ( 6.53)	Data  6.27 ( 6.47)	Loss   1.28 (  1.64)	Cls Acc 88.7 (71.2)	Domain Acc 49.0 (79.5)
Epoch: [0][ 850/1000]	Time  6.28 ( 6.53)	Data  6.21 ( 6.47)	Loss   1.10 (  1.62)	Cls Acc 90.2 (72.4)	Domain Acc 55.7 (78.2)
Epoch: [0][ 900/1000]	Time  6.32 ( 6.53)	Data  6.25 ( 6.46)	Loss   1.47 (  1.60)	Cls Acc 93.0 (73.5)	Domain Acc 43.0 (76.7)
Epoch: [0][ 950/1000]	Time  6.31 ( 6.53)	Data  6.24 ( 6.46)	Loss   1.52 (  1.58)	Cls Acc 91.0 (74.4)	Domain Acc 40.8 (75.2)
Test: [0/2]	Time  6.512 ( 6.512)	Loss 4.4351e+00 (4.4351e+00)	Acc@1  16.80 ( 16.80)	Acc@5  47.27 ( 47.27)
 * Acc@1 14.056 Acc@5 43.775
acc1 = 14.1, best_acc1 = 14.1
Epoch: [1][   0/1000]	Time  6.31 ( 6.31)	Data  6.24 ( 6.24)	Loss   1.42 (  1.42)	Cls Acc 93.0 (93.0)	Domain Acc 45.3 (45.3)
Epoch: [1][  50/1000]	Time  6.32 ( 6.52)	Data  6.25 ( 6.45)	Loss   1.62 (  1.23)	Cls Acc 93.8 (93.2)	Domain Acc 41.2 (49.1)
Epoch: [1][ 100/1000]	Time  8.42 ( 6.52)	Data  8.36 ( 6.45)	Loss   0.91 (  1.20)	Cls Acc 96.5 (93.6)	Domain Acc 61.7 (49.1)
Epoch: [1][ 150/1000]	Time  6.29 ( 6.51)	Data  6.23 ( 6.44)	Loss   1.01 (  1.18)	Cls Acc 96.5 (93.9)	Domain Acc 48.8 (49.2)
Epoch: [1][ 200/1000]	Time  6.33 ( 6.51)	Data  6.26 ( 6.45)	Loss   1.09 (  1.15)	Cls Acc 96.5 (94.3)	Domain Acc 44.7 (49.2)
Epoch: [1][ 250/1000]	Time  6.35 ( 6.51)	Data  6.29 ( 6.44)	Loss   1.38 (  1.13)	Cls Acc 92.6 (94.7)	Domain Acc 49.2 (49.4)
Epoch: [1][ 300/1000]	Time  6.35 ( 6.51)	Data  6.28 ( 6.45)	Loss   1.08 (  1.17)	Cls Acc 93.0 (94.5)	Domain Acc 54.3 (48.8)
Epoch: [1][ 350/1000]	Time  6.37 ( 6.51)	Data  6.31 ( 6.44)	Loss   1.22 (  1.19)	Cls Acc 96.5 (94.4)	Domain Acc 53.9 (48.6)
Epoch: [1][ 400/1000]	Time  6.33 ( 6.51)	Data  6.26 ( 6.44)	Loss   0.87 (  1.19)	Cls Acc 96.1 (94.4)	Domain Acc 60.7 (49.0)
Epoch: [1][ 450/1000]	Time  6.33 ( 6.50)	Data  6.26 ( 6.44)	Loss   1.22 (  1.18)	Cls Acc 97.3 (94.6)	Domain Acc 45.3 (48.8)
Epoch: [1][ 500/1000]	Time  6.32 ( 6.51)	Data  6.26 ( 6.44)	Loss   0.89 (  1.17)	Cls Acc 96.9 (94.7)	Domain Acc 51.0 (48.4)
Epoch: [1][ 550/1000]	Time  6.30 ( 6.50)	Data  6.24 ( 6.44)	Loss   0.93 (  1.15)	Cls Acc 97.7 (94.9)	Domain Acc 51.8 (48.5)
Epoch: [1][ 600/1000]	Time  6.30 ( 6.50)	Data  6.24 ( 6.44)	Loss   0.93 (  1.14)	Cls Acc 97.3 (95.1)	Domain Acc 50.6 (48.4)
Epoch: [1][ 650/1000]	Time  8.43 ( 6.51)	Data  8.36 ( 6.44)	Loss   1.41 (  1.14)	Cls Acc 97.3 (95.2)	Domain Acc 33.2 (48.2)
Epoch: [1][ 700/1000]	Time  6.32 ( 6.51)	Data  6.25 ( 6.44)	Loss   1.43 (  1.14)	Cls Acc 96.1 (95.2)	Domain Acc 44.5 (48.1)
Epoch: [1][ 750/1000]	Time  6.33 ( 6.51)	Data  6.26 ( 6.44)	Loss   0.92 (  1.13)	Cls Acc 98.8 (95.3)	Domain Acc 48.8 (48.2)
Epoch: [1][ 800/1000]	Time  6.34 ( 6.51)	Data  6.28 ( 6.44)	Loss   0.88 (  1.12)	Cls Acc 97.7 (95.5)	Domain Acc 56.8 (48.3)
Epoch: [1][ 850/1000]	Time  6.33 ( 6.51)	Data  6.27 ( 6.44)	Loss   1.04 (  1.11)	Cls Acc 97.7 (95.6)	Domain Acc 34.8 (48.1)
Epoch: [1][ 900/1000]	Time  6.32 ( 6.51)	Data  6.25 ( 6.44)	Loss   1.17 (  1.11)	Cls Acc 95.7 (95.7)	Domain Acc 41.8 (48.0)
Epoch: [1][ 950/1000]	Time  6.33 ( 6.51)	Data  6.27 ( 6.45)	Loss   1.08 (  1.10)	Cls Acc 97.7 (95.8)	Domain Acc 40.0 (48.0)
Test: [0/2]	Time  6.157 ( 6.157)	Loss 4.3650e+00 (4.3650e+00)	Acc@1  23.83 ( 23.83)	Acc@5  55.86 ( 55.86)
 * Acc@1 20.080 Acc@5 49.799
acc1 = 20.1, best_acc1 = 20.1
Epoch: [2][   0/1000]	Time  6.30 ( 6.30)	Data  6.24 ( 6.24)	Loss   0.85 (  0.85)	Cls Acc 98.0 (98.0)	Domain Acc 53.1 (53.1)
Epoch: [2][  50/1000]	Time  6.39 ( 6.55)	Data  6.33 ( 6.48)	Loss   1.22 (  0.95)	Cls Acc 95.7 (97.7)	Domain Acc 46.3 (49.0)
Epoch: [2][ 100/1000]	Time  6.35 ( 6.53)	Data  6.29 ( 6.47)	Loss   0.89 (  1.01)	Cls Acc 96.1 (97.4)	Domain Acc 55.5 (46.9)
Epoch: [2][ 150/1000]	Time  6.32 ( 6.54)	Data  6.26 ( 6.47)	Loss   0.78 (  0.98)	Cls Acc 99.6 (97.5)	Domain Acc 53.7 (48.7)
Epoch: [2][ 200/1000]	Time  8.54 ( 6.54)	Data  8.48 ( 6.48)	Loss   1.01 (  0.96)	Cls Acc 98.0 (97.8)	Domain Acc 39.1 (48.4)
Epoch: [2][ 250/1000]	Time  6.34 ( 6.53)	Data  6.27 ( 6.47)	Loss   0.89 (  0.95)	Cls Acc 98.8 (97.8)	Domain Acc 44.9 (48.0)
Epoch: [2][ 300/1000]	Time  6.40 ( 6.54)	Data  6.34 ( 6.47)	Loss   0.81 (  0.95)	Cls Acc 97.3 (97.9)	Domain Acc 54.5 (48.0)
Epoch: [2][ 350/1000]	Time  6.40 ( 6.55)	Data  6.33 ( 6.48)	Loss   0.81 (  0.93)	Cls Acc 98.8 (98.0)	Domain Acc 50.8 (48.6)
Epoch: [2][ 400/1000]	Time  6.35 ( 6.58)	Data  6.29 ( 6.51)	Loss   0.84 (  0.92)	Cls Acc 99.6 (98.1)	Domain Acc 50.4 (48.6)
Epoch: [2][ 450/1000]	Time  6.35 ( 6.58)	Data  6.28 ( 6.52)	Loss   0.93 (  0.92)	Cls Acc 98.8 (98.2)	Domain Acc 48.2 (48.7)
Epoch: [2][ 500/1000]	Time  6.32 ( 6.58)	Data  6.25 ( 6.52)	Loss   0.94 (  0.92)	Cls Acc 98.8 (98.2)	Domain Acc 50.0 (48.9)
Epoch: [2][ 550/1000]	Time  6.31 ( 6.57)	Data  6.24 ( 6.51)	Loss   0.82 (  0.91)	Cls Acc 99.6 (98.3)	Domain Acc 49.4 (48.9)
Epoch: [2][ 600/1000]	Time  6.35 ( 6.57)	Data  6.28 ( 6.50)	Loss   0.92 (  0.91)	Cls Acc 98.0 (98.3)	Domain Acc 44.9 (48.8)
Epoch: [2][ 650/1000]	Time  6.31 ( 6.56)	Data  6.24 ( 6.50)	Loss   0.87 (  0.90)	Cls Acc 97.3 (98.4)	Domain Acc 52.7 (48.8)
Epoch: [2][ 700/1000]	Time  6.35 ( 6.56)	Data  6.28 ( 6.50)	Loss   0.96 (  0.90)	Cls Acc 97.7 (98.4)	Domain Acc 38.3 (48.7)
Epoch: [2][ 750/1000]	Time  8.29 ( 6.56)	Data  8.23 ( 6.49)	Loss   0.95 (  0.89)	Cls Acc 99.6 (98.5)	Domain Acc 50.2 (48.7)
Epoch: [2][ 800/1000]	Time  6.28 ( 6.55)	Data  6.22 ( 6.49)	Loss   0.97 (  0.89)	Cls Acc 99.2 (98.5)	Domain Acc 49.0 (48.9)
Epoch: [2][ 850/1000]	Time  6.45 ( 6.55)	Data  6.39 ( 6.49)	Loss   0.72 (  0.89)	Cls Acc 100.0 (98.5)	Domain Acc 53.1 (48.9)
Epoch: [2][ 900/1000]	Time  6.31 ( 6.55)	Data  6.24 ( 6.49)	Loss   0.84 (  0.88)	Cls Acc 98.8 (98.6)	Domain Acc 42.0 (49.0)
Epoch: [2][ 950/1000]	Time  6.31 ( 6.55)	Data  6.24 ( 6.48)	Loss   0.75 (  0.88)	Cls Acc 99.6 (98.6)	Domain Acc 54.9 (49.0)
Test: [0/2]	Time  6.149 ( 6.149)	Loss 4.9480e+00 (4.9480e+00)	Acc@1  28.91 ( 28.91)	Acc@5  52.34 ( 52.34)
 * Acc@1 24.498 Acc@5 49.598
acc1 = 24.5, best_acc1 = 24.5
Epoch: [3][   0/1000]	Time  6.35 ( 6.35)	Data  6.29 ( 6.29)	Loss   0.83 (  0.83)	Cls Acc 97.7 (97.7)	Domain Acc 53.3 (53.3)
Epoch: [3][  50/1000]	Time  6.46 ( 6.55)	Data  6.39 ( 6.49)	Loss   0.89 (  0.84)	Cls Acc 99.6 (99.1)	Domain Acc 38.3 (48.7)
Epoch: [3][ 100/1000]	Time  6.34 ( 6.51)	Data  6.28 ( 6.45)	Loss   0.78 (  0.83)	Cls Acc 99.2 (99.1)	Domain Acc 56.1 (48.6)
Epoch: [3][ 150/1000]	Time  6.29 ( 6.52)	Data  6.22 ( 6.45)	Loss   0.76 (  0.81)	Cls Acc 100.0 (99.3)	Domain Acc 49.6 (49.1)
Epoch: [3][ 200/1000]	Time  6.30 ( 6.51)	Data  6.24 ( 6.44)	Loss   0.76 (  0.81)	Cls Acc 99.2 (99.3)	Domain Acc 51.6 (49.2)
Epoch: [3][ 250/1000]	Time  6.30 ( 6.52)	Data  6.24 ( 6.45)	Loss   0.79 (  0.80)	Cls Acc 99.2 (99.4)	Domain Acc 51.4 (49.7)
Epoch: [3][ 300/1000]	Time  8.34 ( 6.52)	Data  8.28 ( 6.45)	Loss   0.84 (  0.80)	Cls Acc 99.6 (99.4)	Domain Acc 46.1 (49.7)
Epoch: [3][ 350/1000]	Time  6.31 ( 6.51)	Data  6.24 ( 6.45)	Loss   0.91 (  0.80)	Cls Acc 97.7 (99.4)	Domain Acc 42.0 (49.8)
Epoch: [3][ 400/1000]	Time  6.32 ( 6.51)	Data  6.26 ( 6.45)	Loss   0.80 (  0.80)	Cls Acc 98.8 (99.3)	Domain Acc 48.8 (49.9)
Epoch: [3][ 450/1000]	Time  6.30 ( 6.51)	Data  6.24 ( 6.45)	Loss   0.83 (  0.80)	Cls Acc 99.6 (99.3)	Domain Acc 43.2 (49.8)
Epoch: [3][ 500/1000]	Time  6.28 ( 6.51)	Data  6.21 ( 6.45)	Loss   0.75 (  0.80)	Cls Acc 100.0 (99.3)	Domain Acc 55.5 (49.8)
Epoch: [3][ 550/1000]	Time  6.35 ( 6.51)	Data  6.29 ( 6.45)	Loss   0.79 (  0.80)	Cls Acc 99.6 (99.3)	Domain Acc 42.2 (50.0)
Epoch: [3][ 600/1000]	Time  6.30 ( 6.51)	Data  6.23 ( 6.45)	Loss   0.82 (  0.79)	Cls Acc 100.0 (99.4)	Domain Acc 47.1 (50.2)
Epoch: [3][ 650/1000]	Time  6.34 ( 6.51)	Data  6.28 ( 6.44)	Loss   0.76 (  0.79)	Cls Acc 100.0 (99.4)	Domain Acc 49.6 (50.0)
Epoch: [3][ 700/1000]	Time  6.29 ( 6.51)	Data  6.23 ( 6.44)	Loss   0.78 (  0.79)	Cls Acc 99.6 (99.4)	Domain Acc 46.5 (50.1)
Epoch: [3][ 750/1000]	Time  6.30 ( 6.51)	Data  6.24 ( 6.44)	Loss   0.80 (  0.79)	Cls Acc 99.2 (99.4)	Domain Acc 46.1 (49.9)
Epoch: [3][ 800/1000]	Time  6.31 ( 6.51)	Data  6.25 ( 6.44)	Loss   0.77 (  0.79)	Cls Acc 100.0 (99.4)	Domain Acc 45.3 (50.0)
Epoch: [3][ 850/1000]	Time  8.33 ( 6.51)	Data  8.26 ( 6.44)	Loss   0.72 (  0.79)	Cls Acc 100.0 (99.5)	Domain Acc 56.1 (49.9)
Epoch: [3][ 900/1000]	Time  6.30 ( 6.51)	Data  6.23 ( 6.44)	Loss   0.74 (  0.79)	Cls Acc 99.6 (99.5)	Domain Acc 53.1 (49.8)
Epoch: [3][ 950/1000]	Time  6.34 ( 6.51)	Data  6.28 ( 6.44)	Loss   0.73 (  0.79)	Cls Acc 99.2 (99.5)	Domain Acc 54.9 (49.8)
Test: [0/2]	Time  6.177 ( 6.177)	Loss 4.9790e+00 (4.9790e+00)	Acc@1  33.59 ( 33.59)	Acc@5  55.86 ( 55.86)
 * Acc@1 28.916 Acc@5 50.201
acc1 = 28.9, best_acc1 = 28.9
Epoch: [4][   0/1000]	Time  6.34 ( 6.34)	Data  6.27 ( 6.27)	Loss   0.80 (  0.80)	Cls Acc 99.6 (99.6)	Domain Acc 39.8 (39.8)
Epoch: [4][  50/1000]	Time  6.33 ( 6.52)	Data  6.27 ( 6.46)	Loss   0.77 (  0.77)	Cls Acc 99.6 (99.7)	Domain Acc 56.1 (50.6)
Epoch: [4][ 100/1000]	Time  6.31 ( 6.50)	Data  6.25 ( 6.44)	Loss   0.70 (  0.76)	Cls Acc 100.0 (99.8)	Domain Acc 61.3 (51.5)
Epoch: [4][ 150/1000]	Time  6.30 ( 6.51)	Data  6.24 ( 6.45)	Loss   0.72 (  0.75)	Cls Acc 100.0 (99.8)	Domain Acc 56.6 (51.5)
Epoch: [4][ 200/1000]	Time  6.32 ( 6.50)	Data  6.25 ( 6.44)	Loss   0.74 (  0.76)	Cls Acc 99.2 (99.8)	Domain Acc 54.9 (50.0)
Epoch: [4][ 250/1000]	Time  6.32 ( 6.51)	Data  6.26 ( 6.45)	Loss   0.76 (  0.76)	Cls Acc 98.8 (99.8)	Domain Acc 52.0 (49.6)
Epoch: [4][ 300/1000]	Time  6.34 ( 6.51)	Data  6.28 ( 6.44)	Loss   0.80 (  0.75)	Cls Acc 100.0 (99.8)	Domain Acc 48.6 (50.1)
Epoch: [4][ 350/1000]	Time  6.34 ( 6.51)	Data  6.27 ( 6.45)	Loss   0.69 (  0.75)	Cls Acc 100.0 (99.7)	Domain Acc 60.2 (50.1)
Epoch: [4][ 400/1000]	Time  8.26 ( 6.51)	Data  8.20 ( 6.45)	Loss   0.75 (  0.75)	Cls Acc 100.0 (99.7)	Domain Acc 47.3 (50.0)
Epoch: [4][ 450/1000]	Time  6.34 ( 6.51)	Data  6.27 ( 6.44)	Loss   0.75 (  0.75)	Cls Acc 100.0 (99.7)	Domain Acc 45.1 (49.8)
Epoch: [4][ 500/1000]	Time  6.31 ( 6.51)	Data  6.24 ( 6.44)	Loss   0.72 (  0.75)	Cls Acc 99.6 (99.7)	Domain Acc 54.3 (49.8)
Epoch: [4][ 550/1000]	Time  6.48 ( 6.51)	Data  6.41 ( 6.44)	Loss   0.74 (  0.75)	Cls Acc 100.0 (99.8)	Domain Acc 53.5 (49.8)
Epoch: [4][ 600/1000]	Time  6.31 ( 6.51)	Data  6.25 ( 6.45)	Loss   0.72 (  0.75)	Cls Acc 100.0 (99.8)	Domain Acc 52.5 (50.0)
Epoch: [4][ 650/1000]	Time  6.33 ( 6.51)	Data  6.27 ( 6.44)	Loss   0.70 (  0.75)	Cls Acc 100.0 (99.8)	Domain Acc 60.4 (50.1)
Epoch: [4][ 700/1000]	Time  6.30 ( 6.51)	Data  6.24 ( 6.44)	Loss   0.82 (  0.75)	Cls Acc 100.0 (99.8)	Domain Acc 48.4 (50.1)
Epoch: [4][ 750/1000]	Time  6.31 ( 6.51)	Data  6.24 ( 6.44)	Loss   0.73 (  0.75)	Cls Acc 100.0 (99.8)	Domain Acc 47.7 (50.2)
Epoch: [4][ 800/1000]	Time  6.28 ( 6.51)	Data  6.22 ( 6.44)	Loss   0.69 (  0.75)	Cls Acc 100.0 (99.8)	Domain Acc 59.0 (50.2)
Epoch: [4][ 850/1000]	Time  6.30 ( 6.50)	Data  6.24 ( 6.44)	Loss   0.73 (  0.75)	Cls Acc 100.0 (99.8)	Domain Acc 52.1 (50.3)
Epoch: [4][ 900/1000]	Time  6.29 ( 6.50)	Data  6.23 ( 6.44)	Loss   0.75 (  0.75)	Cls Acc 99.2 (99.8)	Domain Acc 47.7 (50.4)
Epoch: [4][ 950/1000]	Time  8.44 ( 6.51)	Data  8.38 ( 6.44)	Loss   0.75 (  0.75)	Cls Acc 99.6 (99.8)	Domain Acc 50.6 (50.3)
Test: [0/2]	Time  6.125 ( 6.125)	Loss 4.7928e+00 (4.7928e+00)	Acc@1  32.03 ( 32.03)	Acc@5  59.38 ( 59.38)
 * Acc@1 28.916 Acc@5 51.004
acc1 = 28.9, best_acc1 = 28.9
Epoch: [5][   0/1000]	Time  6.32 ( 6.32)	Data  6.25 ( 6.25)	Loss   0.72 (  0.72)	Cls Acc 99.6 (99.6)	Domain Acc 54.9 (54.9)
Epoch: [5][  50/1000]	Time  6.33 ( 6.51)	Data  6.26 ( 6.45)	Loss   0.79 (  0.73)	Cls Acc 99.6 (99.8)	Domain Acc 44.3 (52.7)
Epoch: [5][ 100/1000]	Time  6.39 ( 6.50)	Data  6.33 ( 6.44)	Loss   0.74 (  0.75)	Cls Acc 99.6 (99.8)	Domain Acc 56.2 (51.3)
Epoch: [5][ 150/1000]	Time  6.30 ( 6.51)	Data  6.24 ( 6.45)	Loss   0.73 (  0.74)	Cls Acc 100.0 (99.8)	Domain Acc 47.7 (51.8)
Epoch: [5][ 200/1000]	Time  6.34 ( 6.51)	Data  6.28 ( 6.44)	Loss   0.72 (  0.74)	Cls Acc 100.0 (99.8)	Domain Acc 56.6 (51.6)
Epoch: [5][ 250/1000]	Time  6.32 ( 6.52)	Data  6.26 ( 6.45)	Loss   0.74 (  0.74)	Cls Acc 100.0 (99.9)	Domain Acc 49.4 (51.7)
Epoch: [5][ 300/1000]	Time  6.35 ( 6.51)	Data  6.28 ( 6.45)	Loss   0.70 (  0.74)	Cls Acc 99.6 (99.9)	Domain Acc 59.4 (51.4)
Epoch: [5][ 350/1000]	Time  6.31 ( 6.52)	Data  6.24 ( 6.45)	Loss   0.73 (  0.74)	Cls Acc 100.0 (99.9)	Domain Acc 52.3 (51.3)
Epoch: [5][ 400/1000]	Time  6.35 ( 6.51)	Data  6.28 ( 6.45)	Loss   0.73 (  0.74)	Cls Acc 100.0 (99.9)	Domain Acc 47.1 (51.3)
Epoch: [5][ 450/1000]	Time  6.34 ( 6.52)	Data  6.27 ( 6.45)	Loss   0.72 (  0.74)	Cls Acc 99.6 (99.9)	Domain Acc 56.6 (51.4)
Epoch: [5][ 500/1000]	Time  8.38 ( 6.52)	Data  8.32 ( 6.46)	Loss   0.77 (  0.74)	Cls Acc 100.0 (99.9)	Domain Acc 47.9 (51.4)
Epoch: [5][ 550/1000]	Time  6.30 ( 6.52)	Data  6.24 ( 6.45)	Loss   0.70 (  0.74)	Cls Acc 100.0 (99.9)	Domain Acc 57.0 (51.5)
Epoch: [5][ 600/1000]	Time  6.31 ( 6.52)	Data  6.24 ( 6.45)	Loss   0.73 (  0.74)	Cls Acc 100.0 (99.8)	Domain Acc 51.4 (51.5)
Epoch: [5][ 650/1000]	Time  6.32 ( 6.52)	Data  6.25 ( 6.45)	Loss   0.71 (  0.74)	Cls Acc 100.0 (99.9)	Domain Acc 53.3 (51.5)
Epoch: [5][ 700/1000]	Time  6.34 ( 6.52)	Data  6.27 ( 6.46)	Loss   0.71 (  0.74)	Cls Acc 100.0 (99.9)	Domain Acc 57.2 (51.5)
Epoch: [5][ 750/1000]	Time  6.40 ( 6.52)	Data  6.34 ( 6.46)	Loss   0.73 (  0.74)	Cls Acc 100.0 (99.9)	Domain Acc 51.2 (51.4)
Epoch: [5][ 800/1000]	Time  6.44 ( 6.53)	Data  6.37 ( 6.46)	Loss   0.77 (  0.74)	Cls Acc 100.0 (99.9)	Domain Acc 40.0 (51.5)
Epoch: [5][ 850/1000]	Time  6.37 ( 6.53)	Data  6.31 ( 6.46)	Loss   0.72 (  0.73)	Cls Acc 100.0 (99.9)	Domain Acc 56.1 (51.5)
Epoch: [5][ 900/1000]	Time  6.35 ( 6.53)	Data  6.29 ( 6.47)	Loss   0.73 (  0.73)	Cls Acc 100.0 (99.9)	Domain Acc 56.2 (51.4)
Epoch: [5][ 950/1000]	Time  6.28 ( 6.53)	Data  6.22 ( 6.47)	Loss   0.74 (  0.74)	Cls Acc 100.0 (99.9)	Domain Acc 47.1 (51.3)
Test: [0/2]	Time  6.124 ( 6.124)	Loss 4.8616e+00 (4.8616e+00)	Acc@1  36.33 ( 36.33)	Acc@5  57.42 ( 57.42)
 * Acc@1 31.325 Acc@5 52.209
acc1 = 31.3, best_acc1 = 31.3
Epoch: [6][   0/1000]	Time  6.33 ( 6.33)	Data  6.27 ( 6.27)	Loss   0.72 (  0.72)	Cls Acc 100.0 (100.0)	Domain Acc 51.0 (51.0)
Epoch: [6][  50/1000]	Time  8.57 ( 6.58)	Data  8.50 ( 6.51)	Loss   0.68 (  0.73)	Cls Acc 100.0 (99.9)	Domain Acc 61.3 (48.9)
Epoch: [6][ 100/1000]	Time  6.35 ( 6.55)	Data  6.29 ( 6.49)	Loss   0.74 (  0.73)	Cls Acc 100.0 (99.9)	Domain Acc 45.7 (49.8)
Epoch: [6][ 150/1000]	Time  6.43 ( 6.55)	Data  6.37 ( 6.49)	Loss   0.75 (  0.73)	Cls Acc 100.0 (99.9)	Domain Acc 44.7 (50.5)
Epoch: [6][ 200/1000]	Time  6.36 ( 6.54)	Data  6.29 ( 6.48)	Loss   0.75 (  0.72)	Cls Acc 100.0 (99.9)	Domain Acc 44.9 (51.5)
Epoch: [6][ 250/1000]	Time  6.36 ( 6.54)	Data  6.30 ( 6.48)	Loss   0.69 (  0.73)	Cls Acc 100.0 (99.9)	Domain Acc 60.9 (50.4)
Epoch: [6][ 300/1000]	Time  6.36 ( 6.54)	Data  6.30 ( 6.47)	Loss   0.75 (  0.73)	Cls Acc 99.6 (99.9)	Domain Acc 47.7 (50.1)
Epoch: [6][ 350/1000]	Time  6.33 ( 6.54)	Data  6.27 ( 6.48)	Loss   0.77 (  0.73)	Cls Acc 100.0 (99.9)	Domain Acc 49.4 (50.9)
Epoch: [6][ 400/1000]	Time  6.37 ( 6.54)	Data  6.31 ( 6.47)	Loss   0.70 (  0.73)	Cls Acc 100.0 (99.9)	Domain Acc 56.1 (50.7)
Epoch: [6][ 450/1000]	Time  6.35 ( 6.54)	Data  6.29 ( 6.48)	Loss   0.76 (  0.73)	Cls Acc 99.6 (99.9)	Domain Acc 43.2 (50.6)
Epoch: [6][ 500/1000]	Time  6.39 ( 6.54)	Data  6.33 ( 6.48)	Loss   0.72 (  0.73)	Cls Acc 100.0 (99.9)	Domain Acc 48.0 (51.2)
Epoch: [6][ 550/1000]	Time  6.41 ( 6.54)	Data  6.34 ( 6.48)	Loss   0.73 (  0.73)	Cls Acc 100.0 (99.9)	Domain Acc 50.8 (50.8)
Epoch: [6][ 600/1000]	Time  8.63 ( 6.55)	Data  8.56 ( 6.49)	Loss   0.74 (  0.73)	Cls Acc 100.0 (99.9)	Domain Acc 49.6 (50.9)
Epoch: [6][ 650/1000]	Time  6.42 ( 6.55)	Data  6.36 ( 6.49)	Loss   0.74 (  0.73)	Cls Acc 99.6 (99.9)	Domain Acc 50.8 (51.1)
Epoch: [6][ 700/1000]	Time  6.44 ( 6.55)	Data  6.37 ( 6.49)	Loss   0.75 (  0.73)	Cls Acc 100.0 (99.9)	Domain Acc 45.7 (51.1)
Epoch: [6][ 750/1000]	Time  6.39 ( 6.55)	Data  6.33 ( 6.49)	Loss   0.75 (  0.73)	Cls Acc 99.6 (99.9)	Domain Acc 49.2 (51.2)
Epoch: [6][ 800/1000]	Time  6.38 ( 6.55)	Data  6.32 ( 6.49)	Loss   0.71 (  0.73)	Cls Acc 99.6 (99.9)	Domain Acc 53.7 (51.1)
Epoch: [6][ 850/1000]	Time  6.34 ( 6.55)	Data  6.28 ( 6.49)	Loss   0.71 (  0.73)	Cls Acc 100.0 (99.9)	Domain Acc 53.5 (51.2)
Epoch: [6][ 900/1000]	Time  6.31 ( 6.55)	Data  6.25 ( 6.49)	Loss   0.73 (  0.73)	Cls Acc 100.0 (99.9)	Domain Acc 48.8 (51.2)
Epoch: [6][ 950/1000]	Time  6.37 ( 6.55)	Data  6.31 ( 6.49)	Loss   0.74 (  0.73)	Cls Acc 100.0 (99.9)	Domain Acc 51.2 (51.1)
Test: [0/2]	Time  6.156 ( 6.156)	Loss 5.5968e+00 (5.5968e+00)	Acc@1  34.38 ( 34.38)	Acc@5  55.08 ( 55.08)
 * Acc@1 29.116 Acc@5 51.004
acc1 = 29.1, best_acc1 = 31.3
Epoch: [7][   0/1000]	Time  6.34 ( 6.34)	Data  6.27 ( 6.27)	Loss   0.73 (  0.73)	Cls Acc 100.0 (100.0)	Domain Acc 44.9 (44.9)
Epoch: [7][  50/1000]	Time  6.38 ( 6.52)	Data  6.31 ( 6.45)	Loss   0.71 (  0.71)	Cls Acc 99.6 (100.0)	Domain Acc 57.8 (53.1)
Epoch: [7][ 100/1000]	Time  6.33 ( 6.54)	Data  6.27 ( 6.48)	Loss   0.72 (  0.72)	Cls Acc 100.0 (99.9)	Domain Acc 49.4 (52.1)
Epoch: [7][ 150/1000]	Time  8.63 ( 6.55)	Data  8.56 ( 6.49)	Loss   0.74 (  0.71)	Cls Acc 99.6 (99.9)	Domain Acc 50.8 (52.9)
Epoch: [7][ 200/1000]	Time  6.39 ( 6.55)	Data  6.32 ( 6.48)	Loss   0.70 (  0.72)	Cls Acc 99.6 (99.9)	Domain Acc 53.1 (51.8)
Epoch: [7][ 250/1000]	Time  6.39 ( 6.56)	Data  6.33 ( 6.49)	Loss   0.75 (  0.72)	Cls Acc 100.0 (99.9)	Domain Acc 43.2 (51.9)
Epoch: [7][ 300/1000]	Time  6.37 ( 6.56)	Data  6.31 ( 6.50)	Loss   0.70 (  0.72)	Cls Acc 99.2 (99.9)	Domain Acc 59.0 (51.7)
Epoch: [7][ 350/1000]	Time  6.38 ( 6.56)	Data  6.32 ( 6.50)	Loss   0.74 (  0.72)	Cls Acc 100.0 (99.9)	Domain Acc 44.1 (51.4)
Epoch: [7][ 400/1000]	Time  6.46 ( 6.56)	Data  6.40 ( 6.50)	Loss   0.72 (  0.72)	Cls Acc 100.0 (99.9)	Domain Acc 51.6 (51.8)
Epoch: [7][ 450/1000]	Time  6.37 ( 6.57)	Data  6.31 ( 6.51)	Loss   0.74 (  0.72)	Cls Acc 99.6 (99.9)	Domain Acc 49.8 (51.2)
Epoch: [7][ 500/1000]	Time  6.41 ( 6.57)	Data  6.34 ( 6.50)	Loss   0.81 (  0.72)	Cls Acc 99.6 (99.9)	Domain Acc 34.8 (51.6)
Epoch: [7][ 550/1000]	Time  6.37 ( 6.57)	Data  6.31 ( 6.51)	Loss   0.71 (  0.72)	Cls Acc 100.0 (99.9)	Domain Acc 55.5 (51.2)
Epoch: [7][ 600/1000]	Time  6.35 ( 6.57)	Data  6.29 ( 6.50)	Loss   0.71 (  0.72)	Cls Acc 100.0 (99.9)	Domain Acc 51.2 (51.0)
Epoch: [7][ 650/1000]	Time  6.33 ( 6.57)	Data  6.26 ( 6.50)	Loss   0.72 (  0.72)	Cls Acc 100.0 (99.9)	Domain Acc 54.5 (51.1)
Epoch: [7][ 700/1000]	Time  8.64 ( 6.57)	Data  8.58 ( 6.51)	Loss   0.74 (  0.72)	Cls Acc 100.0 (99.9)	Domain Acc 50.4 (51.1)
Epoch: [7][ 750/1000]	Time  6.47 ( 6.58)	Data  6.40 ( 6.51)	Loss   0.73 (  0.72)	Cls Acc 100.0 (99.9)	Domain Acc 46.1 (51.3)
Epoch: [7][ 800/1000]	Time  6.43 ( 6.58)	Data  6.36 ( 6.52)	Loss   0.74 (  0.72)	Cls Acc 99.6 (99.9)	Domain Acc 44.9 (51.3)
Epoch: [7][ 850/1000]	Time  6.32 ( 6.58)	Data  6.25 ( 6.51)	Loss   0.71 (  0.72)	Cls Acc 99.6 (99.9)	Domain Acc 56.1 (51.5)
Epoch: [7][ 900/1000]	Time  6.38 ( 6.58)	Data  6.32 ( 6.51)	Loss   0.73 (  0.72)	Cls Acc 100.0 (99.9)	Domain Acc 48.2 (51.3)
Epoch: [7][ 950/1000]	Time  6.37 ( 6.58)	Data  6.31 ( 6.51)	Loss   0.74 (  0.72)	Cls Acc 100.0 (99.9)	Domain Acc 44.7 (51.4)
Test: [0/2]	Time  6.183 ( 6.183)	Loss 5.2596e+00 (5.2596e+00)	Acc@1  33.59 ( 33.59)	Acc@5  57.42 ( 57.42)
 * Acc@1 28.715 Acc@5 50.602
acc1 = 28.7, best_acc1 = 31.3
Epoch: [8][   0/1000]	Time  6.32 ( 6.32)	Data  6.26 ( 6.26)	Loss   0.70 (  0.70)	Cls Acc 100.0 (100.0)	Domain Acc 57.8 (57.8)
Epoch: [8][  50/1000]	Time  6.33 ( 6.50)	Data  6.27 ( 6.43)	Loss   0.75 (  0.71)	Cls Acc 99.2 (100.0)	Domain Acc 44.3 (54.7)
Epoch: [8][ 100/1000]	Time  6.29 ( 6.52)	Data  6.23 ( 6.45)	Loss   0.67 (  0.72)	Cls Acc 100.0 (99.9)	Domain Acc 63.7 (51.5)
Epoch: [8][ 150/1000]	Time  6.39 ( 6.51)	Data  6.33 ( 6.45)	Loss   0.75 (  0.72)	Cls Acc 100.0 (100.0)	Domain Acc 41.2 (51.7)
Epoch: [8][ 200/1000]	Time  6.33 ( 6.53)	Data  6.27 ( 6.46)	Loss   0.67 (  0.72)	Cls Acc 100.0 (100.0)	Domain Acc 63.9 (52.2)
Epoch: [8][ 250/1000]	Time  8.37 ( 6.53)	Data  8.30 ( 6.47)	Loss   0.75 (  0.72)	Cls Acc 100.0 (100.0)	Domain Acc 35.2 (50.7)
Epoch: [8][ 300/1000]	Time  6.35 ( 6.53)	Data  6.29 ( 6.46)	Loss   0.71 (  0.72)	Cls Acc 100.0 (100.0)	Domain Acc 53.7 (51.6)
Epoch: [8][ 350/1000]	Time  6.33 ( 6.53)	Data  6.27 ( 6.47)	Loss   0.72 (  0.72)	Cls Acc 100.0 (100.0)	Domain Acc 52.1 (51.0)
Epoch: [8][ 400/1000]	Time  6.35 ( 6.53)	Data  6.29 ( 6.47)	Loss   0.73 (  0.72)	Cls Acc 100.0 (100.0)	Domain Acc 47.9 (51.9)
Epoch: [8][ 450/1000]	Time  6.38 ( 6.53)	Data  6.31 ( 6.47)	Loss   0.69 (  0.72)	Cls Acc 100.0 (100.0)	Domain Acc 61.7 (51.1)
Epoch: [8][ 500/1000]	Time  6.35 ( 6.53)	Data  6.29 ( 6.47)	Loss   0.73 (  0.72)	Cls Acc 100.0 (100.0)	Domain Acc 44.9 (51.7)
Epoch: [8][ 550/1000]	Time  6.33 ( 6.53)	Data  6.27 ( 6.47)	Loss   0.68 (  0.72)	Cls Acc 99.6 (100.0)	Domain Acc 62.5 (51.5)
Epoch: [8][ 600/1000]	Time  6.26 ( 6.53)	Data  6.20 ( 6.47)	Loss   0.77 (  0.72)	Cls Acc 100.0 (100.0)	Domain Acc 41.6 (51.6)
Epoch: [8][ 650/1000]	Time  6.31 ( 6.53)	Data  6.24 ( 6.47)	Loss   0.69 (  0.72)	Cls Acc 100.0 (100.0)	Domain Acc 57.6 (51.6)
Epoch: [8][ 700/1000]	Time  6.31 ( 6.53)	Data  6.25 ( 6.47)	Loss   0.71 (  0.72)	Cls Acc 100.0 (100.0)	Domain Acc 52.0 (51.5)
Epoch: [8][ 750/1000]	Time  6.37 ( 6.53)	Data  6.31 ( 6.47)	Loss   0.71 (  0.72)	Cls Acc 100.0 (100.0)	Domain Acc 53.3 (51.9)
Epoch: [8][ 800/1000]	Time  8.33 ( 6.53)	Data  8.26 ( 6.47)	Loss   0.70 (  0.72)	Cls Acc 100.0 (100.0)	Domain Acc 55.7 (51.5)
Epoch: [8][ 850/1000]	Time  6.38 ( 6.53)	Data  6.31 ( 6.46)	Loss   0.73 (  0.72)	Cls Acc 100.0 (100.0)	Domain Acc 48.8 (51.8)
Epoch: [8][ 900/1000]	Time  6.39 ( 6.53)	Data  6.33 ( 6.46)	Loss   0.69 (  0.72)	Cls Acc 100.0 (100.0)	Domain Acc 60.5 (51.8)
Epoch: [8][ 950/1000]	Time  6.30 ( 6.53)	Data  6.23 ( 6.47)	Loss   0.75 (  0.72)	Cls Acc 100.0 (100.0)	Domain Acc 41.2 (51.7)
Test: [0/2]	Time  6.193 ( 6.193)	Loss 5.8060e+00 (5.8060e+00)	Acc@1  33.20 ( 33.20)	Acc@5  56.25 ( 56.25)
 * Acc@1 29.719 Acc@5 53.012
acc1 = 29.7, best_acc1 = 31.3
Epoch: [9][   0/1000]	Time  6.40 ( 6.40)	Data  6.34 ( 6.34)	Loss   0.71 (  0.71)	Cls Acc 100.0 (100.0)	Domain Acc 49.2 (49.2)
Epoch: [9][  50/1000]	Time  6.37 ( 6.55)	Data  6.30 ( 6.48)	Loss   0.70 (  0.72)	Cls Acc 100.0 (100.0)	Domain Acc 58.4 (49.5)
Epoch: [9][ 100/1000]	Time  6.43 ( 6.57)	Data  6.37 ( 6.51)	Loss   0.76 (  0.71)	Cls Acc 100.0 (100.0)	Domain Acc 45.3 (52.2)
Epoch: [9][ 150/1000]	Time  6.30 ( 6.55)	Data  6.23 ( 6.49)	Loss   0.71 (  0.71)	Cls Acc 100.0 (100.0)	Domain Acc 53.7 (52.6)
Epoch: [9][ 200/1000]	Time  6.31 ( 6.55)	Data  6.24 ( 6.49)	Loss   0.69 (  0.71)	Cls Acc 100.0 (100.0)	Domain Acc 58.4 (52.0)
Epoch: [9][ 250/1000]	Time  6.36 ( 6.54)	Data  6.30 ( 6.48)	Loss   0.78 (  0.71)	Cls Acc 99.6 (100.0)	Domain Acc 44.1 (52.1)
Epoch: [9][ 300/1000]	Time  6.32 ( 6.54)	Data  6.26 ( 6.48)	Loss   0.69 (  0.71)	Cls Acc 100.0 (100.0)	Domain Acc 60.0 (52.3)
Epoch: [9][ 350/1000]	Time  8.46 ( 6.54)	Data  8.40 ( 6.48)	Loss   0.72 (  0.71)	Cls Acc 100.0 (100.0)	Domain Acc 47.5 (51.6)
Epoch: [9][ 400/1000]	Time  6.30 ( 6.54)	Data  6.24 ( 6.47)	Loss   0.73 (  0.71)	Cls Acc 100.0 (100.0)	Domain Acc 50.4 (52.2)
Epoch: [9][ 450/1000]	Time  6.30 ( 6.54)	Data  6.24 ( 6.47)	Loss   0.69 (  0.71)	Cls Acc 100.0 (100.0)	Domain Acc 59.8 (51.9)
Epoch: [9][ 500/1000]	Time  6.30 ( 6.53)	Data  6.24 ( 6.47)	Loss   0.73 (  0.71)	Cls Acc 100.0 (100.0)	Domain Acc 44.3 (52.1)
Epoch: [9][ 550/1000]	Time  6.33 ( 6.53)	Data  6.26 ( 6.47)	Loss   0.68 (  0.71)	Cls Acc 100.0 (100.0)	Domain Acc 61.3 (52.3)
Epoch: [9][ 600/1000]	Time  6.30 ( 6.53)	Data  6.24 ( 6.46)	Loss   0.72 (  0.71)	Cls Acc 100.0 (100.0)	Domain Acc 46.7 (52.1)
Epoch: [9][ 650/1000]	Time  6.36 ( 6.53)	Data  6.30 ( 6.46)	Loss   0.69 (  0.71)	Cls Acc 100.0 (100.0)	Domain Acc 58.6 (52.4)
Epoch: [9][ 700/1000]	Time  6.33 ( 6.52)	Data  6.27 ( 6.46)	Loss   0.73 (  0.71)	Cls Acc 100.0 (100.0)	Domain Acc 49.2 (52.2)
Epoch: [9][ 750/1000]	Time  6.31 ( 6.52)	Data  6.25 ( 6.46)	Loss   0.70 (  0.71)	Cls Acc 100.0 (100.0)	Domain Acc 56.2 (52.5)
Epoch: [9][ 800/1000]	Time  6.35 ( 6.52)	Data  6.29 ( 6.46)	Loss   0.73 (  0.71)	Cls Acc 100.0 (100.0)	Domain Acc 46.1 (52.3)
Epoch: [9][ 850/1000]	Time  6.30 ( 6.52)	Data  6.24 ( 6.46)	Loss   0.71 (  0.71)	Cls Acc 100.0 (100.0)	Domain Acc 55.9 (52.5)
Epoch: [9][ 900/1000]	Time  8.32 ( 6.52)	Data  8.25 ( 6.46)	Loss   0.71 (  0.71)	Cls Acc 100.0 (100.0)	Domain Acc 50.0 (52.3)
Epoch: [9][ 950/1000]	Time  6.31 ( 6.52)	Data  6.25 ( 6.45)	Loss   0.70 (  0.71)	Cls Acc 100.0 (100.0)	Domain Acc 56.8 (52.5)
Test: [0/2]	Time  6.135 ( 6.135)	Loss 5.7160e+00 (5.7160e+00)	Acc@1  34.38 ( 34.38)	Acc@5  59.38 ( 59.38)
 * Acc@1 29.116 Acc@5 52.008
acc1 = 29.1, best_acc1 = 31.3
Epoch: [10][   0/1000]	Time  6.33 ( 6.33)	Data  6.26 ( 6.26)	Loss   0.71 (  0.71)	Cls Acc 100.0 (100.0)	Domain Acc 52.7 (52.7)
Epoch: [10][  50/1000]	Time  6.39 ( 6.47)	Data  6.32 ( 6.41)	Loss   0.71 (  0.70)	Cls Acc 100.0 (100.0)	Domain Acc 52.3 (56.3)
Epoch: [10][ 100/1000]	Time  6.44 ( 6.50)	Data  6.37 ( 6.43)	Loss   0.71 (  0.70)	Cls Acc 100.0 (100.0)	Domain Acc 53.9 (53.7)
Epoch: [10][ 150/1000]	Time  6.31 ( 6.49)	Data  6.25 ( 6.43)	Loss   0.71 (  0.70)	Cls Acc 100.0 (100.0)	Domain Acc 52.3 (54.5)
Epoch: [10][ 200/1000]	Time  6.29 ( 6.50)	Data  6.23 ( 6.44)	Loss   0.71 (  0.71)	Cls Acc 100.0 (100.0)	Domain Acc 51.6 (52.8)
Epoch: [10][ 250/1000]	Time  6.30 ( 6.50)	Data  6.24 ( 6.43)	Loss   0.71 (  0.71)	Cls Acc 100.0 (100.0)	Domain Acc 49.8 (53.4)
Epoch: [10][ 300/1000]	Time  6.31 ( 6.50)	Data  6.25 ( 6.44)	Loss   0.70 (  0.71)	Cls Acc 100.0 (100.0)	Domain Acc 56.2 (52.9)
Epoch: [10][ 350/1000]	Time  6.39 ( 6.50)	Data  6.33 ( 6.44)	Loss   0.70 (  0.71)	Cls Acc 100.0 (100.0)	Domain Acc 51.6 (53.4)
Epoch: [10][ 400/1000]	Time  6.29 ( 6.50)	Data  6.23 ( 6.44)	Loss   0.72 (  0.71)	Cls Acc 100.0 (100.0)	Domain Acc 48.0 (52.5)
Epoch: [10][ 450/1000]	Time  8.28 ( 6.51)	Data  8.22 ( 6.44)	Loss   0.71 (  0.71)	Cls Acc 100.0 (100.0)	Domain Acc 49.2 (52.8)
Epoch: [10][ 500/1000]	Time  6.29 ( 6.51)	Data  6.23 ( 6.44)	Loss   0.70 (  0.71)	Cls Acc 100.0 (100.0)	Domain Acc 53.3 (52.7)
Epoch: [10][ 550/1000]	Time  6.33 ( 6.51)	Data  6.27 ( 6.44)	Loss   0.70 (  0.71)	Cls Acc 100.0 (100.0)	Domain Acc 53.5 (52.8)
Epoch: [10][ 600/1000]	Time  6.35 ( 6.51)	Data  6.28 ( 6.44)	Loss   0.70 (  0.71)	Cls Acc 100.0 (100.0)	Domain Acc 53.5 (52.6)
Epoch: [10][ 650/1000]	Time  6.31 ( 6.51)	Data  6.25 ( 6.45)	Loss   0.72 (  0.71)	Cls Acc 100.0 (100.0)	Domain Acc 48.4 (52.8)
Epoch: [10][ 700/1000]	Time  6.37 ( 6.51)	Data  6.30 ( 6.44)	Loss   0.69 (  0.71)	Cls Acc 100.0 (100.0)	Domain Acc 59.0 (52.7)
Epoch: [10][ 750/1000]	Time  6.47 ( 6.52)	Data  6.41 ( 6.45)	Loss   0.72 (  0.71)	Cls Acc 100.0 (100.0)	Domain Acc 48.0 (53.0)
Epoch: [10][ 800/1000]	Time  6.47 ( 6.52)	Data  6.40 ( 6.46)	Loss   0.70 (  0.71)	Cls Acc 100.0 (100.0)	Domain Acc 54.9 (52.7)
Epoch: [10][ 850/1000]	Time  6.43 ( 6.53)	Data  6.36 ( 6.47)	Loss   0.71 (  0.71)	Cls Acc 100.0 (100.0)	Domain Acc 51.6 (52.7)
Epoch: [10][ 900/1000]	Time  6.34 ( 6.54)	Data  6.28 ( 6.47)	Loss   0.72 (  0.71)	Cls Acc 99.6 (100.0)	Domain Acc 51.2 (52.7)
Epoch: [10][ 950/1000]	Time  6.31 ( 6.53)	Data  6.25 ( 6.47)	Loss   0.71 (  0.71)	Cls Acc 100.0 (100.0)	Domain Acc 48.4 (52.9)
Test: [0/2]	Time  6.092 ( 6.092)	Loss 5.7029e+00 (5.7029e+00)	Acc@1  37.11 ( 37.11)	Acc@5  52.73 ( 52.73)
 * Acc@1 30.723 Acc@5 47.791
acc1 = 30.7, best_acc1 = 31.3
Epoch: [11][   0/1000]	Time  8.84 ( 8.84)	Data  8.77 ( 8.77)	Loss   0.70 (  0.70)	Cls Acc 100.0 (100.0)	Domain Acc 56.4 (56.4)
Epoch: [11][  50/1000]	Time  6.18 ( 6.42)	Data  6.12 ( 6.35)	Loss   0.71 (  0.69)	Cls Acc 100.0 (100.0)	Domain Acc 53.3 (57.8)
Epoch: [11][ 100/1000]	Time  6.28 ( 6.41)	Data  6.21 ( 6.35)	Loss   0.71 (  0.71)	Cls Acc 100.0 (100.0)	Domain Acc 50.4 (53.7)
Epoch: [11][ 150/1000]	Time  6.27 ( 6.41)	Data  6.21 ( 6.34)	Loss   0.69 (  0.71)	Cls Acc 100.0 (100.0)	Domain Acc 57.4 (54.0)
Epoch: [11][ 200/1000]	Time  6.21 ( 6.41)	Data  6.15 ( 6.35)	Loss   0.74 (  0.71)	Cls Acc 100.0 (100.0)	Domain Acc 42.0 (53.9)
Epoch: [11][ 250/1000]	Time  6.18 ( 6.41)	Data  6.12 ( 6.35)	Loss   0.71 (  0.71)	Cls Acc 100.0 (100.0)	Domain Acc 51.6 (53.3)
Epoch: [11][ 300/1000]	Time  6.15 ( 6.41)	Data  6.08 ( 6.35)	Loss   0.72 (  0.71)	Cls Acc 100.0 (100.0)	Domain Acc 50.6 (53.4)
Epoch: [11][ 350/1000]	Time  6.17 ( 6.41)	Data  6.11 ( 6.34)	Loss   0.69 (  0.71)	Cls Acc 100.0 (100.0)	Domain Acc 61.5 (53.1)
Epoch: [11][ 400/1000]	Time  6.15 ( 6.41)	Data  6.09 ( 6.34)	Loss   0.72 (  0.71)	Cls Acc 100.0 (100.0)	Domain Acc 45.3 (53.5)
Epoch: [11][ 450/1000]	Time  6.34 ( 6.40)	Data  6.28 ( 6.34)	Loss   0.69 (  0.71)	Cls Acc 100.0 (100.0)	Domain Acc 58.8 (52.8)
Epoch: [11][ 500/1000]	Time  6.31 ( 6.41)	Data  6.25 ( 6.35)	Loss   0.70 (  0.71)	Cls Acc 100.0 (100.0)	Domain Acc 57.0 (53.2)
Epoch: [11][ 550/1000]	Time  8.35 ( 6.43)	Data  8.29 ( 6.36)	Loss   0.71 (  0.71)	Cls Acc 100.0 (100.0)	Domain Acc 51.6 (52.6)
Epoch: [11][ 600/1000]	Time  6.28 ( 6.43)	Data  6.22 ( 6.37)	Loss   0.70 (  0.71)	Cls Acc 100.0 (100.0)	Domain Acc 54.9 (53.2)
Epoch: [11][ 650/1000]	Time  6.36 ( 6.44)	Data  6.30 ( 6.38)	Loss   0.74 (  0.71)	Cls Acc 100.0 (100.0)	Domain Acc 37.5 (52.8)
Epoch: [11][ 700/1000]	Time  6.31 ( 6.44)	Data  6.25 ( 6.38)	Loss   0.67 (  0.71)	Cls Acc 100.0 (100.0)	Domain Acc 68.4 (52.7)
Epoch: [11][ 750/1000]	Time  6.35 ( 6.45)	Data  6.29 ( 6.39)	Loss   0.72 (  0.71)	Cls Acc 100.0 (100.0)	Domain Acc 47.5 (52.8)
Epoch: [11][ 800/1000]	Time  6.20 ( 6.45)	Data  6.13 ( 6.38)	Loss   0.70 (  0.71)	Cls Acc 100.0 (100.0)	Domain Acc 56.4 (52.6)
Epoch: [11][ 850/1000]	Time  6.14 ( 6.44)	Data  6.07 ( 6.38)	Loss   0.72 (  0.71)	Cls Acc 100.0 (100.0)	Domain Acc 51.2 (52.8)
Epoch: [11][ 900/1000]	Time  6.19 ( 6.44)	Data  6.13 ( 6.37)	Loss   0.70 (  0.71)	Cls Acc 100.0 (100.0)	Domain Acc 54.3 (52.7)
Epoch: [11][ 950/1000]	Time  6.21 ( 6.44)	Data  6.14 ( 6.37)	Loss   0.70 (  0.71)	Cls Acc 100.0 (100.0)	Domain Acc 51.8 (52.8)
Test: [0/2]	Time  5.982 ( 5.982)	Loss 5.7673e+00 (5.7673e+00)	Acc@1  33.59 ( 33.59)	Acc@5  51.95 ( 51.95)
 * Acc@1 29.518 Acc@5 47.189
acc1 = 29.5, best_acc1 = 31.3
Epoch: [12][   0/1000]	Time  6.17 ( 6.17)	Data  6.10 ( 6.10)	Loss   0.70 (  0.70)	Cls Acc 100.0 (100.0)	Domain Acc 54.3 (54.3)
Epoch: [12][  50/1000]	Time  6.16 ( 6.40)	Data  6.09 ( 6.34)	Loss   0.70 (  0.70)	Cls Acc 100.0 (100.0)	Domain Acc 55.1 (55.4)
Epoch: [12][ 100/1000]	Time  8.85 ( 6.42)	Data  8.79 ( 6.35)	Loss   0.72 (  0.70)	Cls Acc 100.0 (100.0)	Domain Acc 49.6 (54.7)
Epoch: [12][ 150/1000]	Time  6.18 ( 6.40)	Data  6.12 ( 6.34)	Loss   0.71 (  0.70)	Cls Acc 100.0 (100.0)	Domain Acc 49.2 (54.0)
Epoch: [12][ 200/1000]	Time  6.25 ( 6.41)	Data  6.18 ( 6.34)	Loss   0.70 (  0.71)	Cls Acc 100.0 (100.0)	Domain Acc 58.2 (53.6)
Epoch: [12][ 250/1000]	Time  6.27 ( 6.40)	Data  6.20 ( 6.34)	Loss   0.71 (  0.71)	Cls Acc 100.0 (100.0)	Domain Acc 51.8 (53.4)
Epoch: [12][ 300/1000]	Time  6.22 ( 6.40)	Data  6.16 ( 6.34)	Loss   0.71 (  0.71)	Cls Acc 100.0 (100.0)	Domain Acc 52.1 (53.9)
Epoch: [12][ 350/1000]	Time  6.15 ( 6.39)	Data  6.09 ( 6.33)	Loss   0.71 (  0.71)	Cls Acc 100.0 (100.0)	Domain Acc 52.7 (53.4)
Epoch: [12][ 400/1000]	Time  6.21 ( 6.40)	Data  6.15 ( 6.34)	Loss   0.71 (  0.71)	Cls Acc 100.0 (100.0)	Domain Acc 54.3 (53.2)
Epoch: [12][ 450/1000]	Time  6.16 ( 6.40)	Data  6.09 ( 6.33)	Loss   0.72 (  0.71)	Cls Acc 100.0 (100.0)	Domain Acc 46.5 (53.4)
Epoch: [12][ 500/1000]	Time  6.17 ( 6.40)	Data  6.11 ( 6.34)	Loss   0.71 (  0.71)	Cls Acc 100.0 (100.0)	Domain Acc 50.2 (53.0)
Epoch: [12][ 550/1000]	Time  6.17 ( 6.40)	Data  6.11 ( 6.33)	Loss   0.72 (  0.71)	Cls Acc 99.6 (100.0)	Domain Acc 53.3 (53.2)
Epoch: [12][ 600/1000]	Time  6.21 ( 6.40)	Data  6.15 ( 6.33)	Loss   0.72 (  0.71)	Cls Acc 99.6 (100.0)	Domain Acc 51.6 (52.9)
Epoch: [12][ 650/1000]	Time  8.28 ( 6.40)	Data  8.21 ( 6.33)	Loss   0.70 (  0.71)	Cls Acc 100.0 (100.0)	Domain Acc 55.1 (53.1)
Epoch: [12][ 700/1000]	Time  6.16 ( 6.40)	Data  6.09 ( 6.33)	Loss   0.69 (  0.71)	Cls Acc 100.0 (100.0)	Domain Acc 55.9 (53.1)
Epoch: [12][ 750/1000]	Time  6.21 ( 6.40)	Data  6.15 ( 6.34)	Loss   0.69 (  0.71)	Cls Acc 100.0 (100.0)	Domain Acc 59.0 (53.1)
Epoch: [12][ 800/1000]	Time  6.18 ( 6.40)	Data  6.12 ( 6.33)	Loss   0.73 (  0.71)	Cls Acc 100.0 (100.0)	Domain Acc 47.9 (53.0)
Epoch: [12][ 850/1000]	Time  6.23 ( 6.40)	Data  6.17 ( 6.34)	Loss   0.71 (  0.71)	Cls Acc 100.0 (100.0)	Domain Acc 52.7 (53.0)
Epoch: [12][ 900/1000]	Time  6.18 ( 6.40)	Data  6.11 ( 6.33)	Loss   0.71 (  0.71)	Cls Acc 100.0 (100.0)	Domain Acc 54.3 (53.0)
Epoch: [12][ 950/1000]	Time  6.17 ( 6.40)	Data  6.11 ( 6.33)	Loss   0.71 (  0.71)	Cls Acc 100.0 (100.0)	Domain Acc 51.6 (52.9)
Test: [0/2]	Time  6.009 ( 6.009)	Loss 6.1956e+00 (6.1956e+00)	Acc@1  34.77 ( 34.77)	Acc@5  53.91 ( 53.91)
 * Acc@1 29.920 Acc@5 50.402
acc1 = 29.9, best_acc1 = 31.3
Epoch: [13][   0/1000]	Time  6.18 ( 6.18)	Data  6.12 ( 6.12)	Loss   0.72 (  0.72)	Cls Acc 100.0 (100.0)	Domain Acc 49.4 (49.4)
Epoch: [13][  50/1000]	Time  6.18 ( 6.40)	Data  6.11 ( 6.34)	Loss   0.70 (  0.73)	Cls Acc 100.0 (100.0)	Domain Acc 52.5 (44.4)
Epoch: [13][ 100/1000]	Time  6.21 ( 6.38)	Data  6.15 ( 6.32)	Loss   0.70 (  0.72)	Cls Acc 100.0 (100.0)	Domain Acc 55.3 (49.7)
Epoch: [13][ 150/1000]	Time  6.26 ( 6.40)	Data  6.19 ( 6.33)	Loss   0.72 (  0.71)	Cls Acc 100.0 (100.0)	Domain Acc 45.3 (51.0)
Epoch: [13][ 200/1000]	Time  8.21 ( 6.40)	Data  8.15 ( 6.34)	Loss   0.70 (  0.71)	Cls Acc 100.0 (100.0)	Domain Acc 54.9 (50.9)
Epoch: [13][ 250/1000]	Time  6.21 ( 6.40)	Data  6.15 ( 6.34)	Loss   0.73 (  0.71)	Cls Acc 100.0 (100.0)	Domain Acc 46.5 (51.3)
Epoch: [13][ 300/1000]	Time  6.24 ( 6.40)	Data  6.18 ( 6.34)	Loss   0.70 (  0.71)	Cls Acc 100.0 (100.0)	Domain Acc 53.3 (50.8)
Epoch: [13][ 350/1000]	Time  6.21 ( 6.40)	Data  6.15 ( 6.34)	Loss   0.71 (  0.71)	Cls Acc 100.0 (100.0)	Domain Acc 49.6 (51.5)
Epoch: [13][ 400/1000]	Time  6.24 ( 6.41)	Data  6.18 ( 6.35)	Loss   0.69 (  0.71)	Cls Acc 100.0 (100.0)	Domain Acc 58.2 (51.4)
Epoch: [13][ 450/1000]	Time  6.18 ( 6.41)	Data  6.11 ( 6.34)	Loss   0.73 (  0.71)	Cls Acc 100.0 (100.0)	Domain Acc 46.3 (51.9)
Epoch: [13][ 500/1000]	Time  6.25 ( 6.41)	Data  6.18 ( 6.34)	Loss   0.71 (  0.71)	Cls Acc 100.0 (100.0)	Domain Acc 56.2 (51.6)
Epoch: [13][ 550/1000]	Time  6.19 ( 6.41)	Data  6.13 ( 6.34)	Loss   0.70 (  0.71)	Cls Acc 100.0 (100.0)	Domain Acc 51.6 (52.0)
Epoch: [13][ 600/1000]	Time  6.17 ( 6.41)	Data  6.11 ( 6.35)	Loss   0.70 (  0.71)	Cls Acc 100.0 (100.0)	Domain Acc 55.5 (52.0)
Epoch: [13][ 650/1000]	Time  6.22 ( 6.41)	Data  6.16 ( 6.34)	Loss   0.70 (  0.71)	Cls Acc 100.0 (100.0)	Domain Acc 55.7 (52.4)
Epoch: [13][ 700/1000]	Time  6.17 ( 6.41)	Data  6.11 ( 6.34)	Loss   0.72 (  0.71)	Cls Acc 100.0 (100.0)	Domain Acc 50.2 (52.2)
Epoch: [13][ 750/1000]	Time  8.24 ( 6.41)	Data  8.18 ( 6.35)	Loss   0.69 (  0.71)	Cls Acc 100.0 (100.0)	Domain Acc 55.3 (52.5)
Epoch: [13][ 800/1000]	Time  6.25 ( 6.41)	Data  6.19 ( 6.34)	Loss   0.72 (  0.71)	Cls Acc 100.0 (100.0)	Domain Acc 43.6 (52.4)
Epoch: [13][ 850/1000]	Time  6.25 ( 6.41)	Data  6.19 ( 6.35)	Loss   0.68 (  0.71)	Cls Acc 100.0 (100.0)	Domain Acc 62.9 (52.5)
Epoch: [13][ 900/1000]	Time  6.19 ( 6.41)	Data  6.13 ( 6.34)	Loss   0.72 (  0.71)	Cls Acc 100.0 (100.0)	Domain Acc 48.0 (52.6)
Epoch: [13][ 950/1000]	Time  6.29 ( 6.41)	Data  6.22 ( 6.34)	Loss   0.71 (  0.71)	Cls Acc 100.0 (100.0)	Domain Acc 54.7 (52.4)
Test: [0/2]	Time  6.025 ( 6.025)	Loss 5.9318e+00 (5.9318e+00)	Acc@1  33.98 ( 33.98)	Acc@5  54.69 ( 54.69)
 * Acc@1 29.719 Acc@5 50.402
acc1 = 29.7, best_acc1 = 31.3
Epoch: [14][   0/1000]	Time  6.19 ( 6.19)	Data  6.12 ( 6.12)	Loss   0.70 (  0.70)	Cls Acc 100.0 (100.0)	Domain Acc 52.0 (52.0)
Epoch: [14][  50/1000]	Time  6.20 ( 6.41)	Data  6.13 ( 6.35)	Loss   0.71 (  0.71)	Cls Acc 100.0 (100.0)	Domain Acc 49.6 (51.2)
Epoch: [14][ 100/1000]	Time  6.19 ( 6.40)	Data  6.12 ( 6.34)	Loss   0.69 (  0.70)	Cls Acc 100.0 (100.0)	Domain Acc 59.8 (54.0)
Epoch: [14][ 150/1000]	Time  6.24 ( 6.41)	Data  6.17 ( 6.35)	Loss   0.72 (  0.71)	Cls Acc 100.0 (100.0)	Domain Acc 45.9 (52.4)
Epoch: [14][ 200/1000]	Time  6.19 ( 6.40)	Data  6.13 ( 6.34)	Loss   0.70 (  0.71)	Cls Acc 100.0 (100.0)	Domain Acc 58.8 (53.0)
Epoch: [14][ 250/1000]	Time  6.23 ( 6.42)	Data  6.16 ( 6.36)	Loss   0.73 (  0.71)	Cls Acc 100.0 (100.0)	Domain Acc 38.9 (53.0)
Epoch: [14][ 300/1000]	Time  8.72 ( 6.42)	Data  8.66 ( 6.36)	Loss   0.69 (  0.70)	Cls Acc 100.0 (100.0)	Domain Acc 58.8 (53.2)
Epoch: [14][ 350/1000]	Time  6.19 ( 6.42)	Data  6.13 ( 6.35)	Loss   0.73 (  0.70)	Cls Acc 99.6 (100.0)	Domain Acc 46.3 (53.5)
Epoch: [14][ 400/1000]	Time  6.19 ( 6.42)	Data  6.13 ( 6.36)	Loss   0.71 (  0.71)	Cls Acc 100.0 (100.0)	Domain Acc 53.1 (52.4)
Epoch: [14][ 450/1000]	Time  6.23 ( 6.41)	Data  6.17 ( 6.35)	Loss   0.71 (  0.71)	Cls Acc 100.0 (100.0)	Domain Acc 50.6 (53.1)
Epoch: [14][ 500/1000]	Time  6.26 ( 6.42)	Data  6.19 ( 6.35)	Loss   0.70 (  0.71)	Cls Acc 100.0 (100.0)	Domain Acc 53.7 (52.3)
Epoch: [14][ 550/1000]	Time  6.18 ( 6.41)	Data  6.11 ( 6.35)	Loss   0.69 (  0.71)	Cls Acc 100.0 (100.0)	Domain Acc 56.2 (53.1)
Epoch: [14][ 600/1000]	Time  6.16 ( 6.41)	Data  6.10 ( 6.35)	Loss   0.73 (  0.71)	Cls Acc 100.0 (100.0)	Domain Acc 47.5 (52.7)
Epoch: [14][ 650/1000]	Time  6.23 ( 6.41)	Data  6.17 ( 6.35)	Loss   0.69 (  0.71)	Cls Acc 100.0 (100.0)	Domain Acc 59.4 (52.9)
Epoch: [14][ 700/1000]	Time  6.17 ( 6.41)	Data  6.10 ( 6.35)	Loss   0.71 (  0.71)	Cls Acc 100.0 (100.0)	Domain Acc 50.4 (52.8)
Epoch: [14][ 750/1000]	Time  6.19 ( 6.41)	Data  6.13 ( 6.35)	Loss   0.68 (  0.71)	Cls Acc 100.0 (100.0)	Domain Acc 62.3 (52.9)
Epoch: [14][ 800/1000]	Time  6.21 ( 6.41)	Data  6.14 ( 6.35)	Loss   0.75 (  0.70)	Cls Acc 99.6 (100.0)	Domain Acc 38.5 (53.1)
Epoch: [14][ 850/1000]	Time  8.18 ( 6.41)	Data  8.12 ( 6.35)	Loss   0.69 (  0.71)	Cls Acc 100.0 (100.0)	Domain Acc 58.4 (52.7)
Epoch: [14][ 900/1000]	Time  6.18 ( 6.41)	Data  6.12 ( 6.35)	Loss   0.71 (  0.71)	Cls Acc 100.0 (100.0)	Domain Acc 49.2 (53.0)
Epoch: [14][ 950/1000]	Time  6.24 ( 6.41)	Data  6.18 ( 6.35)	Loss   0.69 (  0.71)	Cls Acc 100.0 (100.0)	Domain Acc 57.2 (52.7)
Test: [0/2]	Time  5.973 ( 5.973)	Loss 6.1195e+00 (6.1195e+00)	Acc@1  34.38 ( 34.38)	Acc@5  55.86 ( 55.86)
 * Acc@1 29.719 Acc@5 49.398
acc1 = 29.7, best_acc1 = 31.3
Epoch: [15][   0/1000]	Time  6.18 ( 6.18)	Data  6.12 ( 6.12)	Loss   0.69 (  0.69)	Cls Acc 100.0 (100.0)	Domain Acc 59.6 (59.6)
Epoch: [15][  50/1000]	Time  6.27 ( 6.43)	Data  6.20 ( 6.36)	Loss   0.73 (  0.72)	Cls Acc 100.0 (100.0)	Domain Acc 45.3 (45.9)
Epoch: [15][ 100/1000]	Time  6.24 ( 6.41)	Data  6.17 ( 6.35)	Loss   0.68 (  0.71)	Cls Acc 100.0 (100.0)	Domain Acc 64.1 (51.1)
Epoch: [15][ 150/1000]	Time  6.18 ( 6.42)	Data  6.12 ( 6.35)	Loss   0.73 (  0.71)	Cls Acc 99.6 (100.0)	Domain Acc 46.1 (51.3)
Epoch: [15][ 200/1000]	Time  6.19 ( 6.41)	Data  6.13 ( 6.35)	Loss   0.69 (  0.71)	Cls Acc 100.0 (100.0)	Domain Acc 63.9 (52.1)
Epoch: [15][ 250/1000]	Time  6.17 ( 6.42)	Data  6.10 ( 6.36)	Loss   0.75 (  0.71)	Cls Acc 100.0 (100.0)	Domain Acc 40.8 (52.7)
Epoch: [15][ 300/1000]	Time  6.21 ( 6.42)	Data  6.15 ( 6.35)	Loss   0.69 (  0.71)	Cls Acc 100.0 (100.0)	Domain Acc 60.7 (52.1)
Epoch: [15][ 350/1000]	Time  6.20 ( 6.42)	Data  6.13 ( 6.36)	Loss   0.71 (  0.71)	Cls Acc 100.0 (100.0)	Domain Acc 47.9 (52.5)
Epoch: [15][ 400/1000]	Time  8.33 ( 6.42)	Data  8.26 ( 6.36)	Loss   0.69 (  0.71)	Cls Acc 100.0 (100.0)	Domain Acc 58.8 (52.1)
Epoch: [15][ 450/1000]	Time  6.27 ( 6.42)	Data  6.20 ( 6.36)	Loss   0.70 (  0.70)	Cls Acc 100.0 (100.0)	Domain Acc 54.3 (53.0)
Epoch: [15][ 500/1000]	Time  6.28 ( 6.42)	Data  6.22 ( 6.36)	Loss   0.72 (  0.71)	Cls Acc 100.0 (100.0)	Domain Acc 48.4 (52.3)
Epoch: [15][ 550/1000]	Time  6.24 ( 6.42)	Data  6.18 ( 6.36)	Loss   0.69 (  0.71)	Cls Acc 100.0 (100.0)	Domain Acc 58.0 (52.8)
Epoch: [15][ 600/1000]	Time  6.26 ( 6.43)	Data  6.20 ( 6.37)	Loss   0.72 (  0.71)	Cls Acc 100.0 (100.0)	Domain Acc 41.0 (52.5)
Epoch: [15][ 650/1000]	Time  6.28 ( 6.43)	Data  6.22 ( 6.36)	Loss   0.69 (  0.70)	Cls Acc 100.0 (100.0)	Domain Acc 61.1 (52.8)
Epoch: [15][ 700/1000]	Time  6.20 ( 6.43)	Data  6.14 ( 6.37)	Loss   0.72 (  0.70)	Cls Acc 100.0 (100.0)	Domain Acc 45.5 (53.0)
Epoch: [15][ 750/1000]	Time  6.18 ( 6.43)	Data  6.12 ( 6.37)	Loss   0.70 (  0.71)	Cls Acc 100.0 (100.0)	Domain Acc 52.5 (52.7)
Epoch: [15][ 800/1000]	Time  6.19 ( 6.43)	Data  6.12 ( 6.37)	Loss   0.71 (  0.70)	Cls Acc 100.0 (100.0)	Domain Acc 51.8 (53.1)
Epoch: [15][ 850/1000]	Time  6.24 ( 6.43)	Data  6.18 ( 6.37)	Loss   0.71 (  0.70)	Cls Acc 100.0 (100.0)	Domain Acc 47.5 (52.8)
Epoch: [15][ 900/1000]	Time  6.20 ( 6.43)	Data  6.13 ( 6.36)	Loss   0.69 (  0.70)	Cls Acc 100.0 (100.0)	Domain Acc 60.5 (53.2)
Epoch: [15][ 950/1000]	Time  8.18 ( 6.43)	Data  8.11 ( 6.36)	Loss   0.72 (  0.70)	Cls Acc 100.0 (100.0)	Domain Acc 41.2 (53.1)
Test: [0/2]	Time  6.063 ( 6.063)	Loss 5.8971e+00 (5.8971e+00)	Acc@1  34.38 ( 34.38)	Acc@5  56.64 ( 56.64)
 * Acc@1 29.518 Acc@5 49.799
acc1 = 29.5, best_acc1 = 31.3
Epoch: [16][   0/1000]	Time  6.26 ( 6.26)	Data  6.19 ( 6.19)	Loss   0.70 (  0.70)	Cls Acc 100.0 (100.0)	Domain Acc 59.4 (59.4)
Epoch: [16][  50/1000]	Time  6.21 ( 6.43)	Data  6.15 ( 6.36)	Loss   0.71 (  0.70)	Cls Acc 100.0 (100.0)	Domain Acc 48.6 (57.5)
Epoch: [16][ 100/1000]	Time  6.19 ( 6.41)	Data  6.12 ( 6.35)	Loss   0.70 (  0.70)	Cls Acc 100.0 (100.0)	Domain Acc 56.4 (53.4)
Epoch: [16][ 150/1000]	Time  6.26 ( 6.42)	Data  6.20 ( 6.35)	Loss   0.69 (  0.70)	Cls Acc 100.0 (100.0)	Domain Acc 58.6 (55.7)
Epoch: [16][ 200/1000]	Time  6.22 ( 6.41)	Data  6.15 ( 6.34)	Loss   0.72 (  0.70)	Cls Acc 100.0 (100.0)	Domain Acc 41.6 (53.8)
Epoch: [16][ 250/1000]	Time  6.17 ( 6.41)	Data  6.10 ( 6.35)	Loss   0.69 (  0.70)	Cls Acc 100.0 (100.0)	Domain Acc 62.5 (53.9)
Epoch: [16][ 300/1000]	Time  6.14 ( 6.41)	Data  6.07 ( 6.34)	Loss   0.72 (  0.70)	Cls Acc 100.0 (100.0)	Domain Acc 48.0 (54.1)
Epoch: [16][ 350/1000]	Time  6.23 ( 6.41)	Data  6.16 ( 6.35)	Loss   0.69 (  0.70)	Cls Acc 100.0 (100.0)	Domain Acc 58.4 (53.5)
Epoch: [16][ 400/1000]	Time  6.18 ( 6.41)	Data  6.12 ( 6.34)	Loss   0.69 (  0.70)	Cls Acc 100.0 (100.0)	Domain Acc 60.0 (54.6)
Epoch: [16][ 450/1000]	Time  6.17 ( 6.41)	Data  6.11 ( 6.34)	Loss   0.72 (  0.70)	Cls Acc 100.0 (100.0)	Domain Acc 47.3 (53.8)
Epoch: [16][ 500/1000]	Time  8.64 ( 6.41)	Data  8.57 ( 6.35)	Loss   0.70 (  0.70)	Cls Acc 100.0 (100.0)	Domain Acc 57.2 (54.1)
Epoch: [16][ 550/1000]	Time  6.19 ( 6.41)	Data  6.12 ( 6.34)	Loss   0.72 (  0.70)	Cls Acc 100.0 (100.0)	Domain Acc 46.7 (54.1)
Epoch: [16][ 600/1000]	Time  6.22 ( 6.41)	Data  6.15 ( 6.34)	Loss   0.68 (  0.70)	Cls Acc 100.0 (100.0)	Domain Acc 65.6 (53.8)
Epoch: [16][ 650/1000]	Time  6.18 ( 6.41)	Data  6.11 ( 6.34)	Loss   0.71 (  0.70)	Cls Acc 100.0 (100.0)	Domain Acc 49.6 (54.2)
Epoch: [16][ 700/1000]	Time  6.22 ( 6.41)	Data  6.16 ( 6.34)	Loss   0.70 (  0.70)	Cls Acc 100.0 (100.0)	Domain Acc 60.5 (53.7)
Epoch: [16][ 750/1000]	Time  6.20 ( 6.41)	Data  6.14 ( 6.34)	Loss   0.71 (  0.70)	Cls Acc 100.0 (100.0)	Domain Acc 52.1 (54.1)
Epoch: [16][ 800/1000]	Time  6.22 ( 6.41)	Data  6.16 ( 6.34)	Loss   0.72 (  0.70)	Cls Acc 100.0 (100.0)	Domain Acc 47.9 (53.8)
Epoch: [16][ 850/1000]	Time  6.20 ( 6.41)	Data  6.14 ( 6.34)	Loss   0.68 (  0.70)	Cls Acc 100.0 (100.0)	Domain Acc 61.1 (54.2)
Epoch: [16][ 900/1000]	Time  6.20 ( 6.41)	Data  6.14 ( 6.34)	Loss   0.73 (  0.70)	Cls Acc 100.0 (100.0)	Domain Acc 42.0 (53.9)
Epoch: [16][ 950/1000]	Time  6.24 ( 6.41)	Data  6.18 ( 6.34)	Loss   0.69 (  0.70)	Cls Acc 100.0 (100.0)	Domain Acc 54.3 (53.9)
Test: [0/2]	Time  5.988 ( 5.988)	Loss 5.8299e+00 (5.8299e+00)	Acc@1  34.38 ( 34.38)	Acc@5  55.47 ( 55.47)
 * Acc@1 30.120 Acc@5 49.398
acc1 = 30.1, best_acc1 = 31.3
Epoch: [17][   0/1000]	Time  6.22 ( 6.22)	Data  6.16 ( 6.16)	Loss   0.71 (  0.71)	Cls Acc 100.0 (100.0)	Domain Acc 48.0 (48.0)
Epoch: [17][  50/1000]	Time  8.19 ( 6.42)	Data  8.13 ( 6.36)	Loss   0.69 (  0.71)	Cls Acc 100.0 (100.0)	Domain Acc 61.5 (51.7)
Epoch: [17][ 100/1000]	Time  6.18 ( 6.41)	Data  6.12 ( 6.35)	Loss   0.71 (  0.70)	Cls Acc 100.0 (100.0)	Domain Acc 50.4 (55.3)
Epoch: [17][ 150/1000]	Time  6.22 ( 6.42)	Data  6.16 ( 6.35)	Loss   0.72 (  0.71)	Cls Acc 100.0 (100.0)	Domain Acc 45.1 (52.6)
Epoch: [17][ 200/1000]	Time  6.21 ( 6.41)	Data  6.14 ( 6.35)	Loss   0.69 (  0.70)	Cls Acc 100.0 (100.0)	Domain Acc 57.8 (54.1)
Epoch: [17][ 250/1000]	Time  6.25 ( 6.41)	Data  6.19 ( 6.35)	Loss   0.71 (  0.71)	Cls Acc 100.0 (100.0)	Domain Acc 49.6 (53.4)
Epoch: [17][ 300/1000]	Time  6.26 ( 6.41)	Data  6.19 ( 6.35)	Loss   0.69 (  0.70)	Cls Acc 100.0 (100.0)	Domain Acc 59.4 (53.6)
Epoch: [17][ 350/1000]	Time  6.16 ( 6.42)	Data  6.10 ( 6.35)	Loss   0.74 (  0.70)	Cls Acc 100.0 (100.0)	Domain Acc 38.7 (53.5)
Epoch: [17][ 400/1000]	Time  6.16 ( 6.41)	Data  6.09 ( 6.35)	Loss   0.70 (  0.71)	Cls Acc 100.0 (100.0)	Domain Acc 57.0 (52.8)
Epoch: [17][ 450/1000]	Time  6.22 ( 6.41)	Data  6.16 ( 6.35)	Loss   0.71 (  0.71)	Cls Acc 100.0 (100.0)	Domain Acc 50.6 (53.1)
Epoch: [17][ 500/1000]	Time  6.22 ( 6.41)	Data  6.15 ( 6.35)	Loss   0.70 (  0.71)	Cls Acc 100.0 (100.0)	Domain Acc 56.6 (52.9)
Epoch: [17][ 550/1000]	Time  6.18 ( 6.41)	Data  6.12 ( 6.35)	Loss   0.71 (  0.71)	Cls Acc 100.0 (100.0)	Domain Acc 51.2 (53.4)
Epoch: [17][ 600/1000]	Time  8.34 ( 6.42)	Data  8.27 ( 6.35)	Loss   0.71 (  0.71)	Cls Acc 100.0 (100.0)	Domain Acc 45.5 (53.1)
Epoch: [17][ 650/1000]	Time  6.20 ( 6.41)	Data  6.14 ( 6.35)	Loss   0.70 (  0.71)	Cls Acc 100.0 (100.0)	Domain Acc 59.4 (53.1)
Epoch: [17][ 700/1000]	Time  6.21 ( 6.41)	Data  6.15 ( 6.35)	Loss   0.70 (  0.71)	Cls Acc 100.0 (100.0)	Domain Acc 54.5 (53.3)
Epoch: [17][ 750/1000]	Time  6.22 ( 6.41)	Data  6.16 ( 6.35)	Loss   0.69 (  0.71)	Cls Acc 100.0 (100.0)	Domain Acc 56.8 (53.1)
Epoch: [17][ 800/1000]	Time  6.26 ( 6.41)	Data  6.20 ( 6.35)	Loss   0.71 (  0.71)	Cls Acc 100.0 (100.0)	Domain Acc 51.6 (53.3)
Epoch: [17][ 850/1000]	Time  6.19 ( 6.41)	Data  6.13 ( 6.35)	Loss   0.71 (  0.71)	Cls Acc 100.0 (100.0)	Domain Acc 48.6 (53.2)
Epoch: [17][ 900/1000]	Time  6.14 ( 6.41)	Data  6.07 ( 6.35)	Loss   0.70 (  0.71)	Cls Acc 100.0 (100.0)	Domain Acc 55.5 (53.2)
Epoch: [17][ 950/1000]	Time  6.20 ( 6.41)	Data  6.14 ( 6.35)	Loss   0.71 (  0.71)	Cls Acc 100.0 (100.0)	Domain Acc 50.2 (53.2)
Test: [0/2]	Time  5.996 ( 5.996)	Loss 5.8673e+00 (5.8673e+00)	Acc@1  35.16 ( 35.16)	Acc@5  55.08 ( 55.08)
 * Acc@1 29.920 Acc@5 47.390
acc1 = 29.9, best_acc1 = 31.3
Epoch: [18][   0/1000]	Time  6.20 ( 6.20)	Data  6.13 ( 6.13)	Loss   0.70 (  0.70)	Cls Acc 100.0 (100.0)	Domain Acc 53.3 (53.3)
Epoch: [18][  50/1000]	Time  6.17 ( 6.39)	Data  6.11 ( 6.33)	Loss   0.70 (  0.69)	Cls Acc 100.0 (100.0)	Domain Acc 50.8 (57.7)
Epoch: [18][ 100/1000]	Time  6.20 ( 6.41)	Data  6.14 ( 6.34)	Loss   0.70 (  0.70)	Cls Acc 100.0 (100.0)	Domain Acc 56.4 (53.6)
Epoch: [18][ 150/1000]	Time  8.71 ( 6.41)	Data  8.64 ( 6.35)	Loss   0.70 (  0.70)	Cls Acc 100.0 (100.0)	Domain Acc 54.3 (55.1)
Epoch: [18][ 200/1000]	Time  6.15 ( 6.41)	Data  6.08 ( 6.34)	Loss   0.71 (  0.70)	Cls Acc 100.0 (100.0)	Domain Acc 49.4 (54.0)
Epoch: [18][ 250/1000]	Time  6.23 ( 6.41)	Data  6.17 ( 6.35)	Loss   0.71 (  0.70)	Cls Acc 100.0 (100.0)	Domain Acc 50.8 (54.0)
Epoch: [18][ 300/1000]	Time  6.27 ( 6.41)	Data  6.21 ( 6.34)	Loss   0.70 (  0.70)	Cls Acc 100.0 (100.0)	Domain Acc 52.1 (54.3)
Epoch: [18][ 350/1000]	Time  6.23 ( 6.41)	Data  6.17 ( 6.35)	Loss   0.70 (  0.70)	Cls Acc 100.0 (100.0)	Domain Acc 54.1 (53.7)
Epoch: [18][ 400/1000]	Time  6.15 ( 6.41)	Data  6.08 ( 6.34)	Loss   0.70 (  0.70)	Cls Acc 100.0 (100.0)	Domain Acc 54.5 (53.9)
Epoch: [18][ 450/1000]	Time  6.22 ( 6.41)	Data  6.16 ( 6.35)	Loss   0.72 (  0.70)	Cls Acc 100.0 (100.0)	Domain Acc 50.2 (53.9)
Epoch: [18][ 500/1000]	Time  6.22 ( 6.41)	Data  6.16 ( 6.34)	Loss   0.68 (  0.70)	Cls Acc 100.0 (100.0)	Domain Acc 61.5 (53.9)
Epoch: [18][ 550/1000]	Time  6.17 ( 6.41)	Data  6.11 ( 6.35)	Loss   0.72 (  0.70)	Cls Acc 100.0 (100.0)	Domain Acc 46.3 (53.9)
Epoch: [18][ 600/1000]	Time  6.28 ( 6.41)	Data  6.22 ( 6.35)	Loss   0.71 (  0.70)	Cls Acc 100.0 (100.0)	Domain Acc 52.0 (53.7)
Epoch: [18][ 650/1000]	Time  6.24 ( 6.42)	Data  6.18 ( 6.35)	Loss   0.71 (  0.70)	Cls Acc 100.0 (100.0)	Domain Acc 52.1 (53.6)
Epoch: [18][ 700/1000]	Time  9.35 ( 6.42)	Data  9.29 ( 6.36)	Loss   0.71 (  0.70)	Cls Acc 100.0 (100.0)	Domain Acc 48.8 (53.6)
Epoch: [18][ 750/1000]	Time  6.17 ( 6.42)	Data  6.10 ( 6.36)	Loss   0.69 (  0.70)	Cls Acc 100.0 (100.0)	Domain Acc 60.4 (53.7)
Epoch: [18][ 800/1000]	Time  6.25 ( 6.42)	Data  6.18 ( 6.36)	Loss   0.72 (  0.70)	Cls Acc 100.0 (100.0)	Domain Acc 45.5 (53.7)
Epoch: [18][ 850/1000]	Time  6.22 ( 6.42)	Data  6.16 ( 6.36)	Loss   0.71 (  0.70)	Cls Acc 100.0 (100.0)	Domain Acc 52.1 (53.4)
Epoch: [18][ 900/1000]	Time  6.27 ( 6.43)	Data  6.21 ( 6.36)	Loss   0.70 (  0.70)	Cls Acc 100.0 (100.0)	Domain Acc 56.4 (53.5)
Epoch: [18][ 950/1000]	Time  6.20 ( 6.43)	Data  6.14 ( 6.36)	Loss   0.69 (  0.70)	Cls Acc 100.0 (100.0)	Domain Acc 59.6 (53.4)
