Namespace(arch='alexnet', batch_size=256, bottleneck_dim=256, center_crop=False, checkmodel_logsave=False, data='Office31', data_processing='ours', epochs=50, iters_per_epoch=1000, local=True, local_pretrained_path='/home/junzhin/Project/Summer_project/code/version1.0/pretrained_model_results/ALEX_office31masked2Random_newmodel_best.pth.tar', log='/home/junzhin/Project/Summer_project/code/version2.0/training_results/dann/ALEX_office31masked2Random/W_A', lr=0.01, lr_decay=0.75, lr_gamma=0.001, momentum=0.9, per_class_eval=False, phase='train', pretrained=True, print_freq=50, root='/home/junzhin/Project/Summer_project/code/version2.0/data/office31', seed=None, source='W', target='A', trade_off=1.0, weight_decay=0.001, workers=4)
=> using pre-trained model 'alexnet'
Loading the local alexnet pretrained model weights!
Epoch: [0][   0/1000]	Time  2.45 ( 2.45)	Data  0.18 ( 0.18)	Loss   4.22 (  4.22)	Cls Acc 3.9 (3.9)	Domain Acc 37.7 (37.7)
Epoch: [0][  50/1000]	Time  0.33 ( 1.25)	Data  0.27 ( 1.15)	Loss   1.69 (  2.62)	Cls Acc 62.5 (40.8)	Domain Acc 94.5 (88.9)
Epoch: [0][ 100/1000]	Time  0.33 ( 1.28)	Data  0.27 ( 1.20)	Loss   0.74 (  1.88)	Cls Acc 89.8 (60.4)	Domain Acc 96.5 (92.2)
Epoch: [0][ 150/1000]	Time  2.57 ( 1.29)	Data  2.51 ( 1.21)	Loss   0.33 (  1.42)	Cls Acc 98.0 (71.9)	Domain Acc 97.7 (93.9)
Epoch: [0][ 200/1000]	Time  0.32 ( 1.28)	Data  0.26 ( 1.21)	Loss   0.58 (  1.15)	Cls Acc 99.6 (78.7)	Domain Acc 86.5 (94.1)
Epoch: [0][ 250/1000]	Time  0.34 ( 1.29)	Data  0.27 ( 1.21)	Loss   1.47 (  1.08)	Cls Acc 97.7 (82.8)	Domain Acc 55.1 (91.0)
Epoch: [0][ 300/1000]	Time  3.62 ( 1.29)	Data  3.56 ( 1.22)	Loss   0.81 (  1.05)	Cls Acc 100.0 (85.6)	Domain Acc 68.9 (87.3)
Epoch: [0][ 350/1000]	Time  0.34 ( 1.29)	Data  0.28 ( 1.22)	Loss   1.24 (  1.05)	Cls Acc 98.8 (87.5)	Domain Acc 53.3 (83.8)
Epoch: [0][ 400/1000]	Time  0.33 ( 1.29)	Data  0.27 ( 1.22)	Loss   0.85 (  1.07)	Cls Acc 99.6 (89.0)	Domain Acc 63.3 (80.0)
Epoch: [0][ 450/1000]	Time  2.73 ( 1.30)	Data  2.67 ( 1.23)	Loss   0.64 (  1.05)	Cls Acc 100.0 (90.2)	Domain Acc 73.2 (77.9)
Epoch: [0][ 500/1000]	Time  0.34 ( 1.30)	Data  0.28 ( 1.23)	Loss   0.84 (  1.04)	Cls Acc 100.0 (91.1)	Domain Acc 57.0 (75.4)
Epoch: [0][ 550/1000]	Time  1.93 ( 1.30)	Data  1.86 ( 1.24)	Loss   0.80 (  1.03)	Cls Acc 100.0 (91.9)	Domain Acc 58.0 (73.9)
Epoch: [0][ 600/1000]	Time  2.68 ( 1.31)	Data  2.61 ( 1.24)	Loss   0.87 (  1.02)	Cls Acc 100.0 (92.5)	Domain Acc 52.5 (72.3)
Epoch: [0][ 650/1000]	Time  0.32 ( 1.31)	Data  0.26 ( 1.24)	Loss   0.90 (  1.01)	Cls Acc 100.0 (93.1)	Domain Acc 52.1 (71.3)
Epoch: [0][ 700/1000]	Time  0.33 ( 1.31)	Data  0.27 ( 1.25)	Loss   0.96 (  1.00)	Cls Acc 100.0 (93.6)	Domain Acc 45.3 (70.1)
Epoch: [0][ 750/1000]	Time  3.66 ( 1.32)	Data  3.59 ( 1.25)	Loss   0.97 (  0.99)	Cls Acc 99.6 (94.0)	Domain Acc 51.0 (68.8)
Epoch: [0][ 800/1000]	Time  0.33 ( 1.32)	Data  0.27 ( 1.25)	Loss   1.03 (  0.99)	Cls Acc 100.0 (94.3)	Domain Acc 47.3 (67.8)
Epoch: [0][ 850/1000]	Time  0.31 ( 1.32)	Data  0.25 ( 1.26)	Loss   0.93 (  0.98)	Cls Acc 98.8 (94.6)	Domain Acc 51.4 (66.9)
Epoch: [0][ 900/1000]	Time  2.77 ( 1.32)	Data  2.71 ( 1.26)	Loss   0.85 (  0.97)	Cls Acc 100.0 (94.9)	Domain Acc 50.4 (66.2)
Epoch: [0][ 950/1000]	Time  0.34 ( 1.32)	Data  0.27 ( 1.26)	Loss   0.96 (  0.97)	Cls Acc 99.6 (95.2)	Domain Acc 45.7 (65.5)
Test: [ 0/12]	Time  2.166 ( 2.166)	Loss 5.8615e+00 (5.8615e+00)	Acc@1   8.98 (  8.98)	Acc@5  34.77 ( 34.77)
 * Acc@1 10.756 Acc@5 28.967
acc1 = 10.8, best_acc1 = 10.8
Epoch: [1][   0/1000]	Time  0.22 ( 0.22)	Data  0.16 ( 0.16)	Loss   0.83 (  0.83)	Cls Acc 100.0 (100.0)	Domain Acc 53.9 (53.9)
Epoch: [1][  50/1000]	Time  2.67 ( 1.38)	Data  2.61 ( 1.32)	Loss   0.88 (  0.86)	Cls Acc 99.6 (99.6)	Domain Acc 45.7 (50.6)
Epoch: [1][ 100/1000]	Time  1.83 ( 1.33)	Data  1.77 ( 1.27)	Loss   0.93 (  0.85)	Cls Acc 98.8 (99.6)	Domain Acc 46.7 (53.3)
Epoch: [1][ 150/1000]	Time  0.33 ( 1.31)	Data  0.27 ( 1.25)	Loss   0.87 (  0.85)	Cls Acc 100.0 (99.6)	Domain Acc 47.5 (53.6)
Epoch: [1][ 200/1000]	Time  3.27 ( 1.32)	Data  3.20 ( 1.26)	Loss   0.83 (  0.84)	Cls Acc 99.6 (99.6)	Domain Acc 55.5 (54.2)
Epoch: [1][ 250/1000]	Time  0.33 ( 1.30)	Data  0.27 ( 1.24)	Loss   0.78 (  0.84)	Cls Acc 100.0 (99.7)	Domain Acc 55.9 (53.9)
Epoch: [1][ 300/1000]	Time  0.33 ( 1.31)	Data  0.27 ( 1.24)	Loss   1.19 (  0.85)	Cls Acc 98.4 (99.6)	Domain Acc 46.7 (53.6)
Epoch: [1][ 350/1000]	Time  2.64 ( 1.30)	Data  2.57 ( 1.24)	Loss   0.77 (  0.85)	Cls Acc 100.0 (99.6)	Domain Acc 56.8 (53.5)
Epoch: [1][ 400/1000]	Time  0.33 ( 1.30)	Data  0.27 ( 1.24)	Loss   0.81 (  0.84)	Cls Acc 100.0 (99.7)	Domain Acc 47.3 (53.6)
Epoch: [1][ 450/1000]	Time  0.33 ( 1.30)	Data  0.27 ( 1.23)	Loss   0.91 (  0.84)	Cls Acc 99.6 (99.7)	Domain Acc 49.4 (53.8)
Epoch: [1][ 500/1000]	Time  2.72 ( 1.30)	Data  2.65 ( 1.24)	Loss   0.80 (  0.84)	Cls Acc 100.0 (99.7)	Domain Acc 54.9 (53.8)
Epoch: [1][ 550/1000]	Time  0.34 ( 1.29)	Data  0.27 ( 1.23)	Loss   0.91 (  0.84)	Cls Acc 99.2 (99.7)	Domain Acc 50.0 (53.6)
Epoch: [1][ 600/1000]	Time  0.33 ( 1.30)	Data  0.27 ( 1.23)	Loss   0.72 (  0.84)	Cls Acc 100.0 (99.7)	Domain Acc 65.0 (53.6)
Epoch: [1][ 650/1000]	Time  4.19 ( 1.30)	Data  4.12 ( 1.24)	Loss   0.92 (  0.83)	Cls Acc 100.0 (99.7)	Domain Acc 49.2 (53.7)
