Namespace(arch='alexnet', batch_size=256, center_crop=False, checkmodel_logsave=False, data='Office31', data_processing='ours', epochs=30, iters_per_epoch=500, local=True, local_pretrained_path='/home/junzhin/Project/Summer_project/code/version1.0/old_model_results/ALEX_office31masked2_newmodel_best.pth.tar', log='/home/junzhin/Project/Summer_project/code/version2.0/training_results/baseline_old/ALEX_office31masked2/A_D', lr=0.001, lr_decay=0.75, lr_gamma=0.0003, momentum=0.9, per_class_eval=False, phase='train', pretrained=True, print_freq=100, root='/home/junzhin/Project/Summer_project/code/version2.0/data/office31', seed=None, source='A', target='D', wd=0.0005, workers=4)
=> using pre-trained model 'alexnet'
Loading the local alexnet pretrained model weights!
Epoch: [0][  0/500]	Time 1.328 (1.328)	Data 0.090 (0.090)	Loss 3.43 (3.43)	Cls Acc 5.5 (5.5)
Epoch: [0][100/500]	Time 0.172 (0.447)	Data 0.140 (0.403)	Loss 3.43 (3.43)	Cls Acc 5.9 (3.3)
Epoch: [0][200/500]	Time 0.172 (0.451)	Data 0.138 (0.413)	Loss 3.43 (3.43)	Cls Acc 1.6 (3.4)
Epoch: [0][300/500]	Time 0.172 (0.449)	Data 0.140 (0.413)	Loss 3.43 (3.43)	Cls Acc 4.3 (3.5)
Epoch: [0][400/500]	Time 0.927 (0.451)	Data 0.895 (0.416)	Loss 3.43 (3.43)	Cls Acc 1.6 (3.5)
Test: [0/2]	Time  6.375 ( 6.375)	Loss 3.4209e+00 (3.4209e+00)	Acc@1   2.73 (  2.73)	Acc@5  21.09 ( 21.09)
 * Acc@1 3.012 Acc@5 18.072
acc1 = 3.0, best_acc1 = 3.0
Epoch: [1][  0/500]	Time 0.122 (0.122)	Data 0.090 (0.090)	Loss 3.42 (3.42)	Cls Acc 3.9 (3.9)
Epoch: [1][100/500]	Time 0.173 (0.437)	Data 0.141 (0.405)	Loss 3.42 (3.42)	Cls Acc 5.5 (3.5)
Epoch: [1][200/500]	Time 0.177 (0.442)	Data 0.142 (0.410)	Loss 3.42 (3.42)	Cls Acc 3.1 (3.5)
Epoch: [1][300/500]	Time 0.710 (0.444)	Data 0.679 (0.412)	Loss 3.42 (3.42)	Cls Acc 4.7 (3.5)
Epoch: [1][400/500]	Time 0.170 (0.445)	Data 0.139 (0.413)	Loss 3.42 (3.42)	Cls Acc 3.9 (3.5)
Test: [0/2]	Time  6.131 ( 6.131)	Loss 3.4115e+00 (3.4115e+00)	Acc@1   2.73 (  2.73)	Acc@5  19.53 ( 19.53)
 * Acc@1 3.414 Acc@5 20.683
acc1 = 3.4, best_acc1 = 3.4
Epoch: [2][  0/500]	Time 0.119 (0.119)	Data 0.087 (0.087)	Loss 3.41 (3.41)	Cls Acc 4.7 (4.7)
Epoch: [2][100/500]	Time 1.919 (0.461)	Data 1.883 (0.429)	Loss 3.42 (3.42)	Cls Acc 2.3 (3.5)
Epoch: [2][200/500]	Time 0.177 (0.449)	Data 0.142 (0.416)	Loss 3.41 (3.42)	Cls Acc 3.9 (3.5)
Epoch: [2][300/500]	Time 0.176 (0.448)	Data 0.141 (0.415)	Loss 3.41 (3.41)	Cls Acc 3.5 (3.5)
Epoch: [2][400/500]	Time 0.178 (0.447)	Data 0.147 (0.415)	Loss 3.41 (3.41)	Cls Acc 4.3 (3.6)
Test: [0/2]	Time  6.617 ( 6.617)	Loss 3.4031e+00 (3.4031e+00)	Acc@1   2.34 (  2.34)	Acc@5  18.36 ( 18.36)
 * Acc@1 3.614 Acc@5 21.888
acc1 = 3.6, best_acc1 = 3.6
Epoch: [3][  0/500]	Time 0.123 (0.123)	Data 0.090 (0.090)	Loss 3.42 (3.42)	Cls Acc 3.9 (3.9)
Epoch: [3][100/500]	Time 0.170 (0.436)	Data 0.136 (0.404)	Loss 3.40 (3.41)	Cls Acc 7.8 (5.4)
Epoch: [3][200/500]	Time 0.173 (0.437)	Data 0.142 (0.404)	Loss 3.40 (3.41)	Cls Acc 3.5 (5.5)
Epoch: [3][300/500]	Time 0.171 (0.441)	Data 0.139 (0.408)	Loss 3.42 (3.40)	Cls Acc 3.5 (5.6)
Epoch: [3][400/500]	Time 0.715 (0.443)	Data 0.684 (0.411)	Loss 3.41 (3.40)	Cls Acc 6.6 (5.6)
Test: [0/2]	Time  6.115 ( 6.115)	Loss 3.3953e+00 (3.3953e+00)	Acc@1   1.95 (  1.95)	Acc@5  18.36 ( 18.36)
 * Acc@1 6.024 Acc@5 18.474
acc1 = 6.0, best_acc1 = 6.0
Epoch: [4][  0/500]	Time 0.125 (0.125)	Data 0.091 (0.091)	Loss 3.40 (3.40)	Cls Acc 6.6 (6.6)
Epoch: [4][100/500]	Time 0.175 (0.450)	Data 0.144 (0.417)	Loss 3.38 (3.39)	Cls Acc 8.2 (6.0)
Epoch: [4][200/500]	Time 2.044 (0.459)	Data 2.011 (0.427)	Loss 3.38 (3.39)	Cls Acc 5.9 (6.1)
Epoch: [4][300/500]	Time 0.170 (0.456)	Data 0.139 (0.424)	Loss 3.36 (3.39)	Cls Acc 10.5 (6.3)
Epoch: [4][400/500]	Time 0.176 (0.456)	Data 0.140 (0.424)	Loss 3.39 (3.38)	Cls Acc 7.8 (6.6)
Test: [0/2]	Time  6.618 ( 6.618)	Loss 3.3854e+00 (3.3854e+00)	Acc@1   4.30 (  4.30)	Acc@5  29.30 ( 29.30)
 * Acc@1 3.414 Acc@5 21.084
acc1 = 3.4, best_acc1 = 6.0
Epoch: [5][  0/500]	Time 0.120 (0.120)	Data 0.086 (0.086)	Loss 3.37 (3.37)	Cls Acc 9.0 (9.0)
Epoch: [5][100/500]	Time 0.915 (0.442)	Data 0.882 (0.410)	Loss 3.37 (3.35)	Cls Acc 8.2 (9.9)
Epoch: [5][200/500]	Time 0.174 (0.448)	Data 0.143 (0.416)	Loss 3.35 (3.35)	Cls Acc 12.1 (10.1)
Epoch: [5][300/500]	Time 0.171 (0.447)	Data 0.139 (0.415)	Loss 3.34 (3.34)	Cls Acc 10.2 (10.3)
Epoch: [5][400/500]	Time 0.175 (0.450)	Data 0.140 (0.418)	Loss 3.27 (3.33)	Cls Acc 10.9 (10.4)
Test: [0/2]	Time  6.245 ( 6.245)	Loss 3.4157e+00 (3.4157e+00)	Acc@1   4.69 (  4.69)	Acc@5  30.47 ( 30.47)
 * Acc@1 2.410 Acc@5 21.687
acc1 = 2.4, best_acc1 = 6.0
Epoch: [6][  0/500]	Time 0.125 (0.125)	Data 0.092 (0.092)	Loss 3.29 (3.29)	Cls Acc 10.2 (10.2)
Epoch: [6][100/500]	Time 0.170 (0.438)	Data 0.139 (0.406)	Loss 3.32 (3.28)	Cls Acc 11.3 (10.4)
Epoch: [6][200/500]	Time 0.167 (0.443)	Data 0.136 (0.411)	Loss 3.27 (3.28)	Cls Acc 8.6 (10.5)
Epoch: [6][300/500]	Time 1.821 (0.450)	Data 1.789 (0.418)	Loss 3.27 (3.27)	Cls Acc 13.7 (10.7)
Epoch: [6][400/500]	Time 0.174 (0.449)	Data 0.143 (0.417)	Loss 3.24 (3.27)	Cls Acc 10.5 (11.0)
Test: [0/2]	Time  6.467 ( 6.467)	Loss 3.5451e+00 (3.5451e+00)	Acc@1   4.69 (  4.69)	Acc@5  30.47 ( 30.47)
 * Acc@1 2.410 Acc@5 21.687
acc1 = 2.4, best_acc1 = 6.0
Epoch: [7][  0/500]	Time 0.129 (0.129)	Data 0.095 (0.095)	Loss 3.34 (3.34)	Cls Acc 10.5 (10.5)
Epoch: [7][100/500]	Time 0.169 (0.430)	Data 0.138 (0.398)	Loss 3.25 (3.25)	Cls Acc 14.5 (12.4)
Epoch: [7][200/500]	Time 0.985 (0.443)	Data 0.953 (0.410)	Loss 3.22 (3.24)	Cls Acc 12.5 (12.6)
Epoch: [7][300/500]	Time 0.174 (0.442)	Data 0.142 (0.410)	Loss 3.22 (3.24)	Cls Acc 12.9 (12.8)
Epoch: [7][400/500]	Time 0.173 (0.442)	Data 0.142 (0.410)	Loss 3.21 (3.24)	Cls Acc 14.1 (12.9)
Test: [0/2]	Time  6.282 ( 6.282)	Loss 3.6003e+00 (3.6003e+00)	Acc@1   5.08 (  5.08)	Acc@5  30.47 ( 30.47)
 * Acc@1 2.610 Acc@5 21.687
acc1 = 2.6, best_acc1 = 6.0
Epoch: [8][  0/500]	Time 0.121 (0.121)	Data 0.088 (0.088)	Loss 3.24 (3.24)	Cls Acc 12.1 (12.1)
Epoch: [8][100/500]	Time 0.707 (0.445)	Data 0.676 (0.413)	Loss 3.22 (3.23)	Cls Acc 13.3 (13.7)
Epoch: [8][200/500]	Time 0.172 (0.444)	Data 0.140 (0.412)	Loss 3.16 (3.23)	Cls Acc 16.0 (13.7)
Epoch: [8][300/500]	Time 0.170 (0.445)	Data 0.139 (0.413)	Loss 3.23 (3.23)	Cls Acc 11.7 (13.8)
Epoch: [8][400/500]	Time 1.846 (0.451)	Data 1.811 (0.418)	Loss 3.18 (3.22)	Cls Acc 14.5 (14.0)
Test: [0/2]	Time  6.614 ( 6.614)	Loss 3.6190e+00 (3.6190e+00)	Acc@1   5.47 (  5.47)	Acc@5  29.69 ( 29.69)
 * Acc@1 2.811 Acc@5 21.285
acc1 = 2.8, best_acc1 = 6.0
Epoch: [9][  0/500]	Time 0.121 (0.121)	Data 0.088 (0.088)	Loss 3.22 (3.22)	Cls Acc 16.4 (16.4)
Epoch: [9][100/500]	Time 0.173 (0.432)	Data 0.142 (0.399)	Loss 3.20 (3.21)	Cls Acc 15.2 (15.0)
Epoch: [9][200/500]	Time 0.189 (0.438)	Data 0.154 (0.406)	Loss 3.22 (3.21)	Cls Acc 11.7 (15.1)
Epoch: [9][300/500]	Time 0.946 (0.445)	Data 0.914 (0.412)	Loss 3.20 (3.21)	Cls Acc 17.6 (15.1)
Epoch: [9][400/500]	Time 0.175 (0.444)	Data 0.140 (0.412)	Loss 3.17 (3.21)	Cls Acc 19.5 (15.2)
Test: [0/2]	Time  6.249 ( 6.249)	Loss 3.6315e+00 (3.6315e+00)	Acc@1   5.47 (  5.47)	Acc@5  29.30 ( 29.30)
 * Acc@1 2.811 Acc@5 21.285
acc1 = 2.8, best_acc1 = 6.0
Epoch: [10][  0/500]	Time 0.123 (0.123)	Data 0.089 (0.089)	Loss 3.18 (3.18)	Cls Acc 14.8 (14.8)
Epoch: [10][100/500]	Time 0.172 (0.439)	Data 0.140 (0.406)	Loss 3.16 (3.19)	Cls Acc 13.3 (15.6)
Epoch: [10][200/500]	Time 0.713 (0.444)	Data 0.682 (0.412)	Loss 3.17 (3.18)	Cls Acc 19.5 (15.6)
Epoch: [10][300/500]	Time 0.168 (0.445)	Data 0.137 (0.413)	Loss 3.09 (3.18)	Cls Acc 16.4 (15.7)
Epoch: [10][400/500]	Time 0.174 (0.446)	Data 0.142 (0.414)	Loss 3.16 (3.18)	Cls Acc 13.7 (15.8)
Test: [0/2]	Time  6.054 ( 6.054)	Loss 3.6469e+00 (3.6469e+00)	Acc@1   5.47 (  5.47)	Acc@5  26.95 ( 26.95)
 * Acc@1 2.811 Acc@5 20.281
acc1 = 2.8, best_acc1 = 6.0
Epoch: [11][  0/500]	Time 1.792 (1.792)	Data 1.760 (1.760)	Loss 3.21 (3.21)	Cls Acc 14.5 (14.5)
Epoch: [11][100/500]	Time 0.172 (0.456)	Data 0.141 (0.424)	Loss 3.09 (3.15)	Cls Acc 20.7 (16.4)
Epoch: [11][200/500]	Time 0.166 (0.449)	Data 0.134 (0.417)	Loss 3.19 (3.15)	Cls Acc 15.6 (16.5)
Epoch: [11][300/500]	Time 0.172 (0.447)	Data 0.141 (0.414)	Loss 3.14 (3.14)	Cls Acc 15.6 (16.5)
Epoch: [11][400/500]	Time 0.822 (0.447)	Data 0.791 (0.415)	Loss 3.08 (3.14)	Cls Acc 15.6 (16.6)
Test: [0/2]	Time  6.395 ( 6.395)	Loss 3.6735e+00 (3.6735e+00)	Acc@1   5.86 (  5.86)	Acc@5  23.83 ( 23.83)
 * Acc@1 3.012 Acc@5 19.076
acc1 = 3.0, best_acc1 = 6.0
Epoch: [12][  0/500]	Time 0.121 (0.121)	Data 0.090 (0.090)	Loss 3.06 (3.06)	Cls Acc 18.4 (18.4)
Epoch: [12][100/500]	Time 0.172 (0.431)	Data 0.141 (0.399)	Loss 3.12 (3.09)	Cls Acc 16.8 (17.5)
Epoch: [12][200/500]	Time 0.171 (0.440)	Data 0.140 (0.408)	Loss 3.10 (3.09)	Cls Acc 16.4 (17.6)
Epoch: [12][300/500]	Time 0.689 (0.444)	Data 0.657 (0.411)	Loss 2.99 (3.08)	Cls Acc 19.5 (17.8)
Epoch: [12][400/500]	Time 0.167 (0.446)	Data 0.135 (0.414)	Loss 2.98 (3.07)	Cls Acc 18.8 (17.9)
Test: [0/2]	Time  6.184 ( 6.184)	Loss 3.6972e+00 (3.6972e+00)	Acc@1   6.64 (  6.64)	Acc@5  23.44 ( 23.44)
 * Acc@1 3.414 Acc@5 18.876
acc1 = 3.4, best_acc1 = 6.0
Epoch: [13][  0/500]	Time 0.123 (0.123)	Data 0.090 (0.090)	Loss 3.02 (3.02)	Cls Acc 18.0 (18.0)
Epoch: [13][100/500]	Time 1.836 (0.464)	Data 1.803 (0.432)	Loss 2.90 (3.01)	Cls Acc 19.5 (19.0)
Epoch: [13][200/500]	Time 0.171 (0.457)	Data 0.135 (0.425)	Loss 2.91 (3.00)	Cls Acc 25.4 (19.1)
Epoch: [13][300/500]	Time 0.170 (0.457)	Data 0.139 (0.424)	Loss 2.98 (2.99)	Cls Acc 21.1 (19.2)
Epoch: [13][400/500]	Time 0.170 (0.453)	Data 0.139 (0.421)	Loss 2.98 (2.98)	Cls Acc 15.2 (19.5)
Test: [0/2]	Time  6.766 ( 6.766)	Loss 3.7216e+00 (3.7216e+00)	Acc@1   7.03 (  7.03)	Acc@5  20.70 ( 20.70)
 * Acc@1 3.614 Acc@5 16.064
acc1 = 3.6, best_acc1 = 6.0
Epoch: [14][  0/500]	Time 0.121 (0.121)	Data 0.087 (0.087)	Loss 2.92 (2.92)	Cls Acc 18.8 (18.8)
Epoch: [14][100/500]	Time 0.202 (0.437)	Data 0.171 (0.405)	Loss 2.81 (2.91)	Cls Acc 24.2 (21.0)
Epoch: [14][200/500]	Time 0.173 (0.443)	Data 0.142 (0.410)	Loss 2.84 (2.90)	Cls Acc 22.3 (21.1)
Epoch: [14][300/500]	Time 0.175 (0.443)	Data 0.143 (0.410)	Loss 2.87 (2.89)	Cls Acc 24.2 (21.2)
Epoch: [14][400/500]	Time 0.776 (0.445)	Data 0.745 (0.413)	Loss 2.83 (2.88)	Cls Acc 23.4 (21.5)
Test: [0/2]	Time  6.042 ( 6.042)	Loss 3.7414e+00 (3.7414e+00)	Acc@1   7.03 (  7.03)	Acc@5  19.53 ( 19.53)
 * Acc@1 4.418 Acc@5 15.462
acc1 = 4.4, best_acc1 = 6.0
Epoch: [15][  0/500]	Time 0.124 (0.124)	Data 0.091 (0.091)	Loss 2.85 (2.85)	Cls Acc 18.4 (18.4)
Epoch: [15][100/500]	Time 0.168 (0.442)	Data 0.137 (0.410)	Loss 2.74 (2.83)	Cls Acc 23.8 (22.7)
Epoch: [15][200/500]	Time 1.843 (0.450)	Data 1.811 (0.418)	Loss 2.77 (2.82)	Cls Acc 25.8 (22.9)
Epoch: [15][300/500]	Time 0.170 (0.449)	Data 0.139 (0.417)	Loss 2.81 (2.82)	Cls Acc 20.3 (23.0)
Epoch: [15][400/500]	Time 0.172 (0.449)	Data 0.141 (0.417)	Loss 2.86 (2.81)	Cls Acc 23.8 (23.2)
Test: [0/2]	Time  6.602 ( 6.602)	Loss 3.7636e+00 (3.7636e+00)	Acc@1   7.42 (  7.42)	Acc@5  19.53 ( 19.53)
 * Acc@1 5.020 Acc@5 15.462
acc1 = 5.0, best_acc1 = 6.0
Epoch: [16][  0/500]	Time 0.121 (0.121)	Data 0.087 (0.087)	Loss 2.82 (2.82)	Cls Acc 22.3 (22.3)
Epoch: [16][100/500]	Time 0.926 (0.436)	Data 0.895 (0.404)	Loss 2.73 (2.78)	Cls Acc 27.7 (23.8)
Epoch: [16][200/500]	Time 0.172 (0.444)	Data 0.140 (0.412)	Loss 2.61 (2.77)	Cls Acc 27.0 (24.0)
Epoch: [16][300/500]	Time 0.173 (0.444)	Data 0.141 (0.412)	Loss 2.77 (2.77)	Cls Acc 23.0 (24.0)
Epoch: [16][400/500]	Time 0.170 (0.443)	Data 0.138 (0.411)	Loss 2.75 (2.76)	Cls Acc 21.9 (24.1)
Test: [0/2]	Time  6.126 ( 6.126)	Loss 3.7745e+00 (3.7745e+00)	Acc@1   7.42 (  7.42)	Acc@5  17.97 ( 17.97)
 * Acc@1 7.229 Acc@5 15.663
acc1 = 7.2, best_acc1 = 7.2
Epoch: [17][  0/500]	Time 0.125 (0.125)	Data 0.091 (0.091)	Loss 2.74 (2.74)	Cls Acc 25.8 (25.8)
Epoch: [17][100/500]	Time 0.165 (0.439)	Data 0.134 (0.407)	Loss 2.78 (2.74)	Cls Acc 22.3 (24.7)
Epoch: [17][200/500]	Time 0.168 (0.443)	Data 0.136 (0.411)	Loss 2.69 (2.73)	Cls Acc 25.0 (24.7)
Epoch: [17][300/500]	Time 1.887 (0.449)	Data 1.855 (0.416)	Loss 2.70 (2.73)	Cls Acc 26.6 (24.8)
Epoch: [17][400/500]	Time 0.169 (0.448)	Data 0.138 (0.416)	Loss 2.81 (2.73)	Cls Acc 25.0 (24.9)
Test: [0/2]	Time  6.531 ( 6.531)	Loss 3.7953e+00 (3.7953e+00)	Acc@1   7.03 (  7.03)	Acc@5  19.53 ( 19.53)
 * Acc@1 7.229 Acc@5 16.667
acc1 = 7.2, best_acc1 = 7.2
Epoch: [18][  0/500]	Time 0.117 (0.117)	Data 0.085 (0.085)	Loss 2.56 (2.56)	Cls Acc 27.7 (27.7)
Epoch: [18][100/500]	Time 0.170 (0.429)	Data 0.139 (0.396)	Loss 2.76 (2.70)	Cls Acc 22.3 (25.3)
Epoch: [18][200/500]	Time 0.911 (0.439)	Data 0.880 (0.407)	Loss 2.72 (2.70)	Cls Acc 24.2 (25.3)
Epoch: [18][300/500]	Time 0.174 (0.440)	Data 0.142 (0.408)	Loss 2.72 (2.70)	Cls Acc 26.2 (25.4)
Epoch: [18][400/500]	Time 0.171 (0.441)	Data 0.138 (0.409)	Loss 2.73 (2.70)	Cls Acc 21.5 (25.5)
Test: [0/2]	Time  6.272 ( 6.272)	Loss 3.8331e+00 (3.8331e+00)	Acc@1   5.47 (  5.47)	Acc@5  21.48 ( 21.48)
 * Acc@1 7.028 Acc@5 19.478
acc1 = 7.0, best_acc1 = 7.2
Epoch: [19][  0/500]	Time 0.128 (0.128)	Data 0.095 (0.095)	Loss 2.69 (2.69)	Cls Acc 25.8 (25.8)
Epoch: [19][100/500]	Time 0.836 (0.445)	Data 0.805 (0.414)	Loss 2.77 (2.68)	Cls Acc 25.0 (25.7)
Epoch: [19][200/500]	Time 0.171 (0.444)	Data 0.139 (0.412)	Loss 2.63 (2.68)	Cls Acc 27.3 (25.9)
Epoch: [19][300/500]	Time 0.167 (0.445)	Data 0.136 (0.413)	Loss 2.62 (2.67)	Cls Acc 28.5 (25.9)
Epoch: [19][400/500]	Time 1.894 (0.449)	Data 1.862 (0.417)	Loss 2.72 (2.67)	Cls Acc 26.6 (26.0)
Test: [0/2]	Time  6.612 ( 6.612)	Loss 3.8398e+00 (3.8398e+00)	Acc@1   5.08 (  5.08)	Acc@5  22.66 ( 22.66)
 * Acc@1 7.028 Acc@5 20.884
acc1 = 7.0, best_acc1 = 7.2
Epoch: [20][  0/500]	Time 0.118 (0.118)	Data 0.086 (0.086)	Loss 2.81 (2.81)	Cls Acc 21.9 (21.9)
Epoch: [20][100/500]	Time 0.173 (0.425)	Data 0.141 (0.393)	Loss 2.58 (2.65)	Cls Acc 32.4 (26.5)
Epoch: [20][200/500]	Time 0.170 (0.434)	Data 0.139 (0.402)	Loss 2.58 (2.65)	Cls Acc 32.0 (26.7)
Epoch: [20][300/500]	Time 0.993 (0.440)	Data 0.962 (0.408)	Loss 2.53 (2.65)	Cls Acc 30.9 (26.7)
Epoch: [20][400/500]	Time 0.171 (0.439)	Data 0.140 (0.406)	Loss 2.61 (2.64)	Cls Acc 25.4 (26.8)
Test: [0/2]	Time  6.315 ( 6.315)	Loss 3.8479e+00 (3.8479e+00)	Acc@1   5.86 (  5.86)	Acc@5  19.92 ( 19.92)
 * Acc@1 7.831 Acc@5 20.080
acc1 = 7.8, best_acc1 = 7.8
Epoch: [21][  0/500]	Time 0.123 (0.123)	Data 0.090 (0.090)	Loss 2.67 (2.67)	Cls Acc 25.0 (25.0)
Epoch: [21][100/500]	Time 0.170 (0.430)	Data 0.137 (0.398)	Loss 2.57 (2.62)	Cls Acc 29.3 (27.4)
Epoch: [21][200/500]	Time 0.581 (0.436)	Data 0.550 (0.404)	Loss 2.55 (2.62)	Cls Acc 31.2 (27.5)
Epoch: [21][300/500]	Time 0.169 (0.440)	Data 0.138 (0.408)	Loss 2.59 (2.62)	Cls Acc 28.1 (27.6)
Epoch: [21][400/500]	Time 0.173 (0.440)	Data 0.141 (0.408)	Loss 2.59 (2.62)	Cls Acc 31.6 (27.6)
Test: [0/2]	Time  6.081 ( 6.081)	Loss 3.8724e+00 (3.8724e+00)	Acc@1   5.47 (  5.47)	Acc@5  22.27 ( 22.27)
 * Acc@1 7.229 Acc@5 20.683
acc1 = 7.2, best_acc1 = 7.8
Epoch: [22][  0/500]	Time 1.915 (1.915)	Data 1.881 (1.881)	Loss 2.79 (2.79)	Cls Acc 23.8 (23.8)
Epoch: [22][100/500]	Time 0.170 (0.456)	Data 0.139 (0.424)	Loss 2.44 (2.60)	Cls Acc 30.5 (28.0)
Epoch: [22][200/500]	Time 0.171 (0.452)	Data 0.139 (0.420)	Loss 2.57 (2.60)	Cls Acc 28.1 (28.2)
Epoch: [22][300/500]	Time 0.174 (0.447)	Data 0.138 (0.415)	Loss 2.67 (2.59)	Cls Acc 28.9 (28.4)
Epoch: [22][400/500]	Time 0.970 (0.447)	Data 0.938 (0.415)	Loss 2.61 (2.59)	Cls Acc 30.1 (28.5)
Test: [0/2]	Time  6.375 ( 6.375)	Loss 3.8760e+00 (3.8760e+00)	Acc@1   5.86 (  5.86)	Acc@5  19.53 ( 19.53)
 * Acc@1 7.430 Acc@5 20.482
acc1 = 7.4, best_acc1 = 7.8
Epoch: [23][  0/500]	Time 0.122 (0.122)	Data 0.089 (0.089)	Loss 2.61 (2.61)	Cls Acc 32.4 (32.4)
Epoch: [23][100/500]	Time 0.171 (0.434)	Data 0.139 (0.401)	Loss 2.66 (2.57)	Cls Acc 31.6 (29.1)
Epoch: [23][200/500]	Time 0.173 (0.437)	Data 0.142 (0.404)	Loss 2.54 (2.57)	Cls Acc 30.1 (29.1)
Epoch: [23][300/500]	Time 0.739 (0.439)	Data 0.707 (0.407)	Loss 2.56 (2.57)	Cls Acc 31.6 (29.2)
Epoch: [23][400/500]	Time 0.168 (0.440)	Data 0.137 (0.408)	Loss 2.65 (2.56)	Cls Acc 26.2 (29.3)
Test: [0/2]	Time  6.139 ( 6.139)	Loss 3.8793e+00 (3.8793e+00)	Acc@1   6.25 (  6.25)	Acc@5  19.92 ( 19.92)
 * Acc@1 7.430 Acc@5 20.683
acc1 = 7.4, best_acc1 = 7.8
Epoch: [24][  0/500]	Time 0.122 (0.122)	Data 0.091 (0.091)	Loss 2.52 (2.52)	Cls Acc 30.5 (30.5)
Epoch: [24][100/500]	Time 1.828 (0.455)	Data 1.793 (0.423)	Loss 2.56 (2.54)	Cls Acc 29.3 (29.6)
Epoch: [24][200/500]	Time 0.168 (0.449)	Data 0.137 (0.417)	Loss 2.54 (2.54)	Cls Acc 27.7 (29.8)
Epoch: [24][300/500]	Time 0.176 (0.447)	Data 0.142 (0.415)	Loss 2.63 (2.54)	Cls Acc 32.0 (29.9)
Epoch: [24][400/500]	Time 0.170 (0.448)	Data 0.135 (0.416)	Loss 2.67 (2.54)	Cls Acc 30.5 (30.1)
Test: [0/2]	Time  6.733 ( 6.733)	Loss 3.8793e+00 (3.8793e+00)	Acc@1   5.08 (  5.08)	Acc@5  16.80 ( 16.80)
 * Acc@1 6.225 Acc@5 18.675
acc1 = 6.2, best_acc1 = 7.8
Epoch: [25][  0/500]	Time 0.121 (0.121)	Data 0.090 (0.090)	Loss 2.51 (2.51)	Cls Acc 30.9 (30.9)
Epoch: [25][100/500]	Time 0.171 (0.439)	Data 0.137 (0.407)	Loss 2.52 (2.51)	Cls Acc 31.2 (31.1)
Epoch: [25][200/500]	Time 0.168 (0.441)	Data 0.137 (0.409)	Loss 2.58 (2.51)	Cls Acc 30.1 (31.1)
Epoch: [25][300/500]	Time 0.171 (0.441)	Data 0.139 (0.409)	Loss 2.37 (2.51)	Cls Acc 34.4 (31.1)
Epoch: [25][400/500]	Time 0.834 (0.442)	Data 0.803 (0.410)	Loss 2.61 (2.51)	Cls Acc 28.5 (31.2)
Test: [0/2]	Time  6.172 ( 6.172)	Loss 3.8513e+00 (3.8513e+00)	Acc@1   4.69 (  4.69)	Acc@5  17.58 ( 17.58)
 * Acc@1 6.426 Acc@5 20.080
acc1 = 6.4, best_acc1 = 7.8
Epoch: [26][  0/500]	Time 0.123 (0.123)	Data 0.090 (0.090)	Loss 2.51 (2.51)	Cls Acc 30.1 (30.1)
Epoch: [26][100/500]	Time 0.168 (0.441)	Data 0.137 (0.409)	Loss 2.48 (2.49)	Cls Acc 33.2 (31.9)
Epoch: [26][200/500]	Time 1.845 (0.450)	Data 1.813 (0.417)	Loss 2.47 (2.48)	Cls Acc 35.9 (31.9)
Epoch: [26][300/500]	Time 0.169 (0.445)	Data 0.137 (0.413)	Loss 2.41 (2.48)	Cls Acc 31.2 (32.0)
Epoch: [26][400/500]	Time 0.174 (0.445)	Data 0.143 (0.412)	Loss 2.36 (2.48)	Cls Acc 34.4 (32.2)
Test: [0/2]	Time  6.522 ( 6.522)	Loss 3.8520e+00 (3.8520e+00)	Acc@1   5.08 (  5.08)	Acc@5  15.62 ( 15.62)
 * Acc@1 3.614 Acc@5 19.679
acc1 = 3.6, best_acc1 = 7.8
Epoch: [27][  0/500]	Time 0.120 (0.120)	Data 0.086 (0.086)	Loss 2.45 (2.45)	Cls Acc 32.4 (32.4)
Epoch: [27][100/500]	Time 0.839 (0.431)	Data 0.807 (0.399)	Loss 2.41 (2.45)	Cls Acc 34.4 (32.9)
Epoch: [27][200/500]	Time 0.170 (0.435)	Data 0.139 (0.403)	Loss 2.37 (2.45)	Cls Acc 38.7 (33.1)
Epoch: [27][300/500]	Time 0.175 (0.436)	Data 0.140 (0.404)	Loss 2.34 (2.44)	Cls Acc 37.1 (33.3)
Epoch: [27][400/500]	Time 0.172 (0.436)	Data 0.141 (0.404)	Loss 2.49 (2.44)	Cls Acc 30.1 (33.3)
Test: [0/2]	Time  6.246 ( 6.246)	Loss 3.8385e+00 (3.8385e+00)	Acc@1   2.73 (  2.73)	Acc@5  19.14 ( 19.14)
 * Acc@1 3.414 Acc@5 22.088
acc1 = 3.4, best_acc1 = 7.8
Epoch: [28][  0/500]	Time 0.121 (0.121)	Data 0.088 (0.088)	Loss 2.40 (2.40)	Cls Acc 40.2 (40.2)
Epoch: [28][100/500]	Time 0.170 (0.440)	Data 0.139 (0.408)	Loss 2.64 (2.42)	Cls Acc 26.6 (33.7)
Epoch: [28][200/500]	Time 0.169 (0.440)	Data 0.137 (0.407)	Loss 2.33 (2.42)	Cls Acc 38.7 (34.0)
Epoch: [28][300/500]	Time 1.872 (0.446)	Data 1.836 (0.414)	Loss 2.39 (2.42)	Cls Acc 33.2 (34.0)
Epoch: [28][400/500]	Time 0.173 (0.446)	Data 0.142 (0.413)	Loss 2.44 (2.41)	Cls Acc 32.8 (34.1)
Test: [0/2]	Time  6.664 ( 6.664)	Loss 3.8260e+00 (3.8260e+00)	Acc@1   2.73 (  2.73)	Acc@5  19.92 ( 19.92)
 * Acc@1 3.614 Acc@5 22.088
acc1 = 3.6, best_acc1 = 7.8
Epoch: [29][  0/500]	Time 0.118 (0.118)	Data 0.087 (0.087)	Loss 2.37 (2.37)	Cls Acc 34.8 (34.8)
Epoch: [29][100/500]	Time 0.169 (0.434)	Data 0.138 (0.402)	Loss 2.47 (2.39)	Cls Acc 30.1 (34.6)
Epoch: [29][200/500]	Time 0.890 (0.462)	Data 0.858 (0.430)	Loss 2.35 (2.39)	Cls Acc 36.7 (34.8)
Epoch: [29][300/500]	Time 0.173 (0.469)	Data 0.140 (0.437)	Loss 2.33 (2.38)	Cls Acc 37.9 (35.0)
Epoch: [29][400/500]	Time 0.171 (0.464)	Data 0.138 (0.432)	Loss 2.32 (2.38)	Cls Acc 32.8 (35.1)
Test: [0/2]	Time  6.178 ( 6.178)	Loss 3.8311e+00 (3.8311e+00)	Acc@1   2.73 (  2.73)	Acc@5  18.36 ( 18.36)
 * Acc@1 2.610 Acc@5 21.486
acc1 = 2.6, best_acc1 = 7.8
best_acc1 = 7.8
Traceback (most recent call last):
  File "../../../../source_only.py", line 377, in <module>
    main(args)
  File "../../../../source_only.py", line 161, in main
    acc1 = validate(val_loader, classifier, args)
TypeError: validate() missing 1 required positional argument: 'epoch'
