Namespace(arch='alexnet', batch_size=256, center_crop=False, checkmodel_logsave=False, data='Office31', data_processing='ours', epochs=30, iters_per_epoch=500, local=True, local_pretrained_path='/home/junzhin/Project/Summer_project/code/version1.0/old_model_results/ALEX_office31masked2_newmodel_best.pth.tar', log='/home/junzhin/Project/Summer_project/code/version2.0/training_results/baseline_old/ALEX_office31masked2/W_A', lr=0.001, lr_decay=0.75, lr_gamma=0.0003, momentum=0.9, per_class_eval=False, phase='train', pretrained=True, print_freq=100, root='/home/junzhin/Project/Summer_project/code/version2.0/data/office31', seed=None, source='W', target='A', wd=0.0005, workers=4)
=> using pre-trained model 'alexnet'
Loading the local alexnet pretrained model weights!
Epoch: [0][  0/500]	Time 1.320 (1.320)	Data 0.098 (0.098)	Loss 3.44 (3.44)	Cls Acc 2.3 (2.3)
Epoch: [0][100/500]	Time 0.178 (0.930)	Data 0.146 (0.886)	Loss 3.43 (3.43)	Cls Acc 3.9 (3.7)
Epoch: [0][200/500]	Time 0.177 (0.931)	Data 0.146 (0.893)	Loss 3.42 (3.43)	Cls Acc 6.6 (4.0)
Epoch: [0][300/500]	Time 2.425 (0.936)	Data 2.392 (0.900)	Loss 3.42 (3.43)	Cls Acc 5.1 (4.3)
Epoch: [0][400/500]	Time 0.178 (0.935)	Data 0.147 (0.900)	Loss 3.41 (3.43)	Cls Acc 7.0 (4.5)
Test: [ 0/12]	Time  1.645 ( 1.645)	Loss 3.3834e+00 (3.3834e+00)	Acc@1  35.16 ( 35.16)	Acc@5  35.16 ( 35.16)
 * Acc@1 3.195 Acc@5 16.791
acc1 = 3.2, best_acc1 = 3.2
Epoch: [1][  0/500]	Time 0.126 (0.126)	Data 0.094 (0.094)	Loss 3.41 (3.41)	Cls Acc 3.1 (3.1)
Epoch: [1][100/500]	Time 2.469 (0.947)	Data 2.436 (0.915)	Loss 3.41 (3.41)	Cls Acc 4.7 (5.0)
Epoch: [1][200/500]	Time 0.173 (0.934)	Data 0.142 (0.902)	Loss 3.41 (3.41)	Cls Acc 3.1 (5.0)
Epoch: [1][300/500]	Time 0.177 (0.931)	Data 0.146 (0.899)	Loss 3.39 (3.40)	Cls Acc 5.5 (5.0)
Epoch: [1][400/500]	Time 2.498 (0.935)	Data 2.464 (0.903)	Loss 3.40 (3.40)	Cls Acc 5.9 (5.0)
Test: [ 0/12]	Time  1.675 ( 1.675)	Loss 3.2912e+00 (3.2912e+00)	Acc@1  35.16 ( 35.16)	Acc@5  35.16 ( 35.16)
 * Acc@1 3.195 Acc@5 16.045
acc1 = 3.2, best_acc1 = 3.2
Epoch: [2][  0/500]	Time 0.128 (0.128)	Data 0.096 (0.096)	Loss 3.39 (3.39)	Cls Acc 6.2 (6.2)
Epoch: [2][100/500]	Time 0.178 (0.922)	Data 0.147 (0.890)	Loss 3.40 (3.38)	Cls Acc 2.7 (5.1)
Epoch: [2][200/500]	Time 2.445 (0.933)	Data 2.411 (0.901)	Loss 3.38 (3.38)	Cls Acc 5.1 (5.2)
Epoch: [2][300/500]	Time 0.176 (0.933)	Data 0.145 (0.901)	Loss 3.38 (3.38)	Cls Acc 5.5 (5.4)
Epoch: [2][400/500]	Time 0.177 (0.932)	Data 0.146 (0.900)	Loss 3.36 (3.38)	Cls Acc 7.8 (5.7)
Test: [ 0/12]	Time  1.710 ( 1.710)	Loss 3.2386e+00 (3.2386e+00)	Acc@1  30.08 ( 30.08)	Acc@5  35.16 ( 35.16)
 * Acc@1 3.408 Acc@5 15.832
acc1 = 3.4, best_acc1 = 3.4
Epoch: [3][  0/500]	Time 2.567 (2.567)	Data 2.532 (2.532)	Loss 3.39 (3.39)	Cls Acc 7.4 (7.4)
Epoch: [3][100/500]	Time 0.176 (0.956)	Data 0.145 (0.924)	Loss 3.35 (3.37)	Cls Acc 7.0 (7.1)
Epoch: [3][200/500]	Time 0.177 (0.944)	Data 0.146 (0.912)	Loss 3.38 (3.36)	Cls Acc 5.5 (7.0)
Epoch: [3][300/500]	Time 2.468 (0.950)	Data 2.435 (0.918)	Loss 3.36 (3.36)	Cls Acc 7.0 (6.8)
Epoch: [3][400/500]	Time 0.177 (0.946)	Data 0.145 (0.914)	Loss 3.33 (3.36)	Cls Acc 5.5 (6.7)
Test: [ 0/12]	Time  1.699 ( 1.699)	Loss 3.2283e+00 (3.2283e+00)	Acc@1  21.48 ( 21.48)	Acc@5  35.16 ( 35.16)
 * Acc@1 3.976 Acc@5 15.051
acc1 = 4.0, best_acc1 = 4.0
Epoch: [4][  0/500]	Time 0.127 (0.127)	Data 0.094 (0.094)	Loss 3.33 (3.33)	Cls Acc 6.2 (6.2)
Epoch: [4][100/500]	Time 2.501 (0.955)	Data 2.468 (0.923)	Loss 3.31 (3.34)	Cls Acc 7.0 (6.4)
Epoch: [4][200/500]	Time 0.177 (0.944)	Data 0.146 (0.912)	Loss 3.31 (3.33)	Cls Acc 5.9 (6.4)
Epoch: [4][300/500]	Time 0.178 (0.936)	Data 0.147 (0.904)	Loss 3.31 (3.33)	Cls Acc 7.0 (6.7)
Epoch: [4][400/500]	Time 2.466 (0.938)	Data 2.433 (0.906)	Loss 3.28 (3.32)	Cls Acc 9.0 (7.0)
Test: [ 0/12]	Time  1.626 ( 1.626)	Loss 3.2311e+00 (3.2311e+00)	Acc@1  12.50 ( 12.50)	Acc@5  37.50 ( 37.50)
 * Acc@1 4.153 Acc@5 17.607
acc1 = 4.2, best_acc1 = 4.2
Epoch: [5][  0/500]	Time 0.126 (0.126)	Data 0.094 (0.094)	Loss 3.25 (3.25)	Cls Acc 7.4 (7.4)
Epoch: [5][100/500]	Time 0.177 (0.908)	Data 0.146 (0.876)	Loss 3.20 (3.24)	Cls Acc 10.5 (9.3)
Epoch: [5][200/500]	Time 2.505 (0.931)	Data 2.472 (0.899)	Loss 3.16 (3.23)	Cls Acc 9.4 (9.4)
Epoch: [5][300/500]	Time 0.177 (0.928)	Data 0.146 (0.896)	Loss 3.14 (3.21)	Cls Acc 10.2 (9.4)
Epoch: [5][400/500]	Time 0.177 (0.926)	Data 0.145 (0.894)	Loss 3.13 (3.19)	Cls Acc 11.7 (9.5)
Test: [ 0/12]	Time  1.617 ( 1.617)	Loss 3.3065e+00 (3.3065e+00)	Acc@1  11.33 ( 11.33)	Acc@5  36.72 ( 36.72)
 * Acc@1 5.325 Acc@5 21.512
acc1 = 5.3, best_acc1 = 5.3
Epoch: [6][  0/500]	Time 2.415 (2.415)	Data 2.380 (2.380)	Loss 3.06 (3.06)	Cls Acc 12.9 (12.9)
Epoch: [6][100/500]	Time 0.176 (0.933)	Data 0.145 (0.901)	Loss 3.06 (3.08)	Cls Acc 10.5 (10.8)
Epoch: [6][200/500]	Time 0.177 (0.932)	Data 0.146 (0.900)	Loss 3.06 (3.07)	Cls Acc 14.5 (11.4)
Epoch: [6][300/500]	Time 2.445 (0.935)	Data 2.412 (0.903)	Loss 2.99 (3.06)	Cls Acc 12.9 (11.9)
Epoch: [6][400/500]	Time 0.177 (0.932)	Data 0.145 (0.900)	Loss 3.05 (3.05)	Cls Acc 11.3 (12.3)
Test: [ 0/12]	Time  1.718 ( 1.718)	Loss 3.3642e+00 (3.3642e+00)	Acc@1  12.89 ( 12.89)	Acc@5  35.55 ( 35.55)
 * Acc@1 5.218 Acc@5 22.968
acc1 = 5.2, best_acc1 = 5.3
Epoch: [7][  0/500]	Time 0.125 (0.125)	Data 0.093 (0.093)	Loss 2.97 (2.97)	Cls Acc 15.2 (15.2)
Epoch: [7][100/500]	Time 2.452 (0.936)	Data 2.418 (0.904)	Loss 2.97 (3.00)	Cls Acc 16.4 (15.6)
Epoch: [7][200/500]	Time 0.174 (0.933)	Data 0.143 (0.901)	Loss 2.96 (2.99)	Cls Acc 13.3 (16.1)
Epoch: [7][300/500]	Time 0.177 (0.929)	Data 0.146 (0.897)	Loss 2.92 (2.98)	Cls Acc 19.5 (16.4)
Epoch: [7][400/500]	Time 2.412 (0.935)	Data 2.375 (0.903)	Loss 2.91 (2.97)	Cls Acc 18.8 (16.7)
Test: [ 0/12]	Time  1.610 ( 1.610)	Loss 3.3584e+00 (3.3584e+00)	Acc@1  12.89 ( 12.89)	Acc@5  37.11 ( 37.11)
 * Acc@1 5.325 Acc@5 23.926
acc1 = 5.3, best_acc1 = 5.3
Epoch: [8][  0/500]	Time 0.131 (0.131)	Data 0.099 (0.099)	Loss 2.91 (2.91)	Cls Acc 19.1 (19.1)
Epoch: [8][100/500]	Time 0.174 (0.919)	Data 0.143 (0.887)	Loss 2.87 (2.90)	Cls Acc 19.9 (18.7)
Epoch: [8][200/500]	Time 2.479 (0.931)	Data 2.446 (0.899)	Loss 2.84 (2.88)	Cls Acc 16.8 (19.1)
Epoch: [8][300/500]	Time 0.176 (0.930)	Data 0.145 (0.898)	Loss 2.83 (2.87)	Cls Acc 24.2 (19.6)
Epoch: [8][400/500]	Time 0.177 (0.928)	Data 0.146 (0.896)	Loss 2.72 (2.85)	Cls Acc 23.4 (20.1)
Test: [ 0/12]	Time  1.687 ( 1.687)	Loss 3.3770e+00 (3.3770e+00)	Acc@1  14.84 ( 14.84)	Acc@5  35.55 ( 35.55)
 * Acc@1 5.822 Acc@5 24.743
acc1 = 5.8, best_acc1 = 5.8
Epoch: [9][  0/500]	Time 2.430 (2.430)	Data 2.395 (2.395)	Loss 2.70 (2.70)	Cls Acc 23.8 (23.8)
Epoch: [9][100/500]	Time 0.176 (0.933)	Data 0.145 (0.901)	Loss 2.71 (2.70)	Cls Acc 24.6 (25.0)
Epoch: [9][200/500]	Time 0.177 (0.930)	Data 0.146 (0.898)	Loss 2.60 (2.68)	Cls Acc 28.1 (25.8)
Epoch: [9][300/500]	Time 2.442 (0.934)	Data 2.409 (0.902)	Loss 2.45 (2.64)	Cls Acc 31.2 (26.6)
Epoch: [9][400/500]	Time 0.177 (0.932)	Data 0.145 (0.900)	Loss 2.42 (2.61)	Cls Acc 28.9 (27.3)
Test: [ 0/12]	Time  1.614 ( 1.614)	Loss 3.5647e+00 (3.5647e+00)	Acc@1  12.50 ( 12.50)	Acc@5  30.86 ( 30.86)
 * Acc@1 6.319 Acc@5 25.808
acc1 = 6.3, best_acc1 = 6.3
Epoch: [10][  0/500]	Time 0.129 (0.129)	Data 0.097 (0.097)	Loss 2.41 (2.41)	Cls Acc 29.3 (29.3)
Epoch: [10][100/500]	Time 2.456 (0.937)	Data 2.423 (0.905)	Loss 2.38 (2.35)	Cls Acc 31.2 (32.2)
Epoch: [10][200/500]	Time 0.176 (0.931)	Data 0.145 (0.899)	Loss 2.13 (2.31)	Cls Acc 37.5 (32.8)
Epoch: [10][300/500]	Time 0.177 (0.927)	Data 0.145 (0.895)	Loss 2.21 (2.27)	Cls Acc 35.5 (33.4)
Epoch: [10][400/500]	Time 2.425 (0.935)	Data 2.392 (0.903)	Loss 2.09 (2.24)	Cls Acc 36.3 (34.1)
Test: [ 0/12]	Time  1.610 ( 1.610)	Loss 4.2890e+00 (4.2890e+00)	Acc@1   9.77 (  9.77)	Acc@5  25.39 ( 25.39)
 * Acc@1 7.597 Acc@5 26.766
acc1 = 7.6, best_acc1 = 7.6
Epoch: [11][  0/500]	Time 0.125 (0.125)	Data 0.093 (0.093)	Loss 2.03 (2.03)	Cls Acc 42.2 (42.2)
Epoch: [11][100/500]	Time 0.177 (0.919)	Data 0.146 (0.887)	Loss 2.04 (2.03)	Cls Acc 38.3 (39.5)
Epoch: [11][200/500]	Time 2.416 (0.932)	Data 2.383 (0.900)	Loss 1.94 (2.00)	Cls Acc 41.4 (40.2)
Epoch: [11][300/500]	Time 0.177 (0.928)	Data 0.146 (0.896)	Loss 1.99 (1.98)	Cls Acc 40.2 (40.8)
Epoch: [11][400/500]	Time 0.174 (0.927)	Data 0.143 (0.896)	Loss 1.91 (1.96)	Cls Acc 43.0 (41.4)
Test: [ 0/12]	Time  1.659 ( 1.659)	Loss 4.7818e+00 (4.7818e+00)	Acc@1   7.03 (  7.03)	Acc@5  28.12 ( 28.12)
 * Acc@1 7.987 Acc@5 27.583
acc1 = 8.0, best_acc1 = 8.0
Epoch: [12][  0/500]	Time 2.420 (2.420)	Data 2.385 (2.385)	Loss 1.83 (1.83)	Cls Acc 45.7 (45.7)
Epoch: [12][100/500]	Time 0.173 (0.947)	Data 0.142 (0.915)	Loss 1.94 (1.81)	Cls Acc 45.7 (45.3)
Epoch: [12][200/500]	Time 0.177 (0.935)	Data 0.146 (0.903)	Loss 1.77 (1.79)	Cls Acc 44.9 (45.9)
Epoch: [12][300/500]	Time 2.439 (0.941)	Data 2.406 (0.909)	Loss 1.70 (1.78)	Cls Acc 48.4 (46.4)
Epoch: [12][400/500]	Time 0.176 (0.936)	Data 0.145 (0.904)	Loss 1.64 (1.76)	Cls Acc 51.2 (46.9)
Test: [ 0/12]	Time  1.627 ( 1.627)	Loss 5.1607e+00 (5.1607e+00)	Acc@1   7.42 (  7.42)	Acc@5  30.08 ( 30.08)
 * Acc@1 8.236 Acc@5 27.192
acc1 = 8.2, best_acc1 = 8.2
Epoch: [13][  0/500]	Time 0.125 (0.125)	Data 0.093 (0.093)	Loss 1.63 (1.63)	Cls Acc 50.8 (50.8)
Epoch: [13][100/500]	Time 2.407 (0.944)	Data 2.374 (0.912)	Loss 1.63 (1.64)	Cls Acc 52.7 (50.7)
Epoch: [13][200/500]	Time 0.177 (0.934)	Data 0.146 (0.902)	Loss 1.56 (1.63)	Cls Acc 50.8 (51.0)
Epoch: [13][300/500]	Time 0.177 (0.934)	Data 0.146 (0.902)	Loss 1.57 (1.62)	Cls Acc 55.1 (51.4)
Epoch: [13][400/500]	Time 2.431 (0.936)	Data 2.398 (0.904)	Loss 1.55 (1.61)	Cls Acc 50.8 (51.9)
Test: [ 0/12]	Time  1.663 ( 1.663)	Loss 5.1955e+00 (5.1955e+00)	Acc@1   8.98 (  8.98)	Acc@5  32.42 ( 32.42)
 * Acc@1 8.058 Acc@5 26.695
acc1 = 8.1, best_acc1 = 8.2
Epoch: [14][  0/500]	Time 0.131 (0.131)	Data 0.098 (0.098)	Loss 1.58 (1.58)	Cls Acc 55.5 (55.5)
Epoch: [14][100/500]	Time 0.178 (0.914)	Data 0.147 (0.882)	Loss 1.53 (1.51)	Cls Acc 52.7 (54.9)
Epoch: [14][200/500]	Time 2.456 (0.931)	Data 2.423 (0.899)	Loss 1.53 (1.49)	Cls Acc 55.5 (55.2)
Epoch: [14][300/500]	Time 0.176 (0.930)	Data 0.145 (0.898)	Loss 1.46 (1.48)	Cls Acc 55.1 (55.7)
Epoch: [14][400/500]	Time 0.178 (0.927)	Data 0.147 (0.895)	Loss 1.48 (1.47)	Cls Acc 54.7 (56.1)
Test: [ 0/12]	Time  1.619 ( 1.619)	Loss 5.3418e+00 (5.3418e+00)	Acc@1   9.77 (  9.77)	Acc@5  35.55 ( 35.55)
 * Acc@1 8.378 Acc@5 26.624
acc1 = 8.4, best_acc1 = 8.4
Epoch: [15][  0/500]	Time 2.407 (2.407)	Data 2.371 (2.371)	Loss 1.25 (1.25)	Cls Acc 65.2 (65.2)
Epoch: [15][100/500]	Time 0.177 (0.963)	Data 0.146 (0.931)	Loss 1.27 (1.37)	Cls Acc 63.3 (58.9)
Epoch: [15][200/500]	Time 0.177 (0.950)	Data 0.146 (0.918)	Loss 1.21 (1.36)	Cls Acc 66.0 (59.2)
Epoch: [15][300/500]	Time 2.473 (0.949)	Data 2.440 (0.917)	Loss 1.31 (1.35)	Cls Acc 59.0 (59.5)
Epoch: [15][400/500]	Time 0.177 (0.944)	Data 0.145 (0.912)	Loss 1.32 (1.33)	Cls Acc 59.0 (60.0)
Test: [ 0/12]	Time  1.618 ( 1.618)	Loss 5.4442e+00 (5.4442e+00)	Acc@1   8.98 (  8.98)	Acc@5  39.45 ( 39.45)
 * Acc@1 8.165 Acc@5 26.979
acc1 = 8.2, best_acc1 = 8.4
Epoch: [16][  0/500]	Time 0.125 (0.125)	Data 0.094 (0.094)	Loss 1.31 (1.31)	Cls Acc 60.9 (60.9)
Epoch: [16][100/500]	Time 2.432 (0.935)	Data 2.399 (0.903)	Loss 1.10 (1.25)	Cls Acc 68.0 (62.3)
Epoch: [16][200/500]	Time 0.177 (0.934)	Data 0.146 (0.902)	Loss 1.19 (1.23)	Cls Acc 65.6 (62.9)
Epoch: [16][300/500]	Time 0.177 (0.929)	Data 0.146 (0.897)	Loss 1.10 (1.22)	Cls Acc 64.8 (63.2)
Epoch: [16][400/500]	Time 2.473 (0.935)	Data 2.440 (0.903)	Loss 1.18 (1.21)	Cls Acc 64.8 (63.6)
Test: [ 0/12]	Time  1.607 ( 1.607)	Loss 5.3351e+00 (5.3351e+00)	Acc@1  14.06 ( 14.06)	Acc@5  41.41 ( 41.41)
 * Acc@1 8.626 Acc@5 27.725
acc1 = 8.6, best_acc1 = 8.6
Epoch: [17][  0/500]	Time 0.127 (0.127)	Data 0.094 (0.094)	Loss 1.25 (1.25)	Cls Acc 62.5 (62.5)
Epoch: [17][100/500]	Time 0.178 (0.917)	Data 0.146 (0.886)	Loss 1.13 (1.14)	Cls Acc 65.6 (65.8)
Epoch: [17][200/500]	Time 2.448 (0.936)	Data 2.414 (0.904)	Loss 0.99 (1.12)	Cls Acc 73.0 (66.1)
Epoch: [17][300/500]	Time 0.177 (0.932)	Data 0.145 (0.900)	Loss 1.09 (1.11)	Cls Acc 65.2 (66.4)
Epoch: [17][400/500]	Time 0.177 (0.933)	Data 0.146 (0.901)	Loss 0.97 (1.10)	Cls Acc 68.8 (66.6)
Test: [ 0/12]	Time  1.603 ( 1.603)	Loss 6.0031e+00 (6.0031e+00)	Acc@1   9.38 (  9.38)	Acc@5  33.98 ( 33.98)
 * Acc@1 7.029 Acc@5 25.950
acc1 = 7.0, best_acc1 = 8.6
Epoch: [18][  0/500]	Time 2.453 (2.453)	Data 2.417 (2.417)	Loss 0.99 (0.99)	Cls Acc 71.9 (71.9)
Epoch: [18][100/500]	Time 0.177 (0.949)	Data 0.146 (0.917)	Loss 1.03 (1.03)	Cls Acc 68.8 (68.8)
Epoch: [18][200/500]	Time 0.178 (0.937)	Data 0.146 (0.905)	Loss 1.05 (1.02)	Cls Acc 68.8 (68.8)
Epoch: [18][300/500]	Time 2.533 (0.941)	Data 2.500 (0.909)	Loss 1.03 (1.02)	Cls Acc 70.3 (68.8)
Epoch: [18][400/500]	Time 0.177 (0.938)	Data 0.146 (0.906)	Loss 0.88 (1.01)	Cls Acc 73.8 (69.0)
Test: [ 0/12]	Time  1.601 ( 1.601)	Loss 5.7972e+00 (5.7972e+00)	Acc@1  13.28 ( 13.28)	Acc@5  37.11 ( 37.11)
 * Acc@1 8.200 Acc@5 26.021
acc1 = 8.2, best_acc1 = 8.6
Epoch: [19][  0/500]	Time 0.128 (0.128)	Data 0.097 (0.097)	Loss 0.91 (0.91)	Cls Acc 74.6 (74.6)
Epoch: [19][100/500]	Time 2.411 (0.945)	Data 2.378 (0.913)	Loss 0.82 (0.94)	Cls Acc 75.8 (71.2)
Epoch: [19][200/500]	Time 0.174 (0.934)	Data 0.143 (0.902)	Loss 1.00 (0.94)	Cls Acc 67.2 (71.3)
Epoch: [19][300/500]	Time 0.177 (0.933)	Data 0.146 (0.901)	Loss 0.95 (0.93)	Cls Acc 71.5 (71.4)
Epoch: [19][400/500]	Time 2.404 (0.937)	Data 2.370 (0.905)	Loss 0.82 (0.92)	Cls Acc 75.0 (71.7)
Test: [ 0/12]	Time  1.645 ( 1.645)	Loss 5.9775e+00 (5.9775e+00)	Acc@1  18.75 ( 18.75)	Acc@5  46.09 ( 46.09)
 * Acc@1 7.632 Acc@5 27.121
acc1 = 7.6, best_acc1 = 8.6
Epoch: [20][  0/500]	Time 0.128 (0.128)	Data 0.097 (0.097)	Loss 0.87 (0.87)	Cls Acc 74.2 (74.2)
Epoch: [20][100/500]	Time 0.178 (0.922)	Data 0.146 (0.890)	Loss 0.80 (0.86)	Cls Acc 74.6 (73.4)
Epoch: [20][200/500]	Time 2.550 (0.934)	Data 2.517 (0.902)	Loss 0.79 (0.86)	Cls Acc 78.1 (73.2)
Epoch: [20][300/500]	Time 0.176 (0.933)	Data 0.145 (0.901)	Loss 0.87 (0.85)	Cls Acc 70.3 (73.6)
Epoch: [20][400/500]	Time 0.177 (0.931)	Data 0.146 (0.899)	Loss 0.85 (0.84)	Cls Acc 72.3 (73.8)
Test: [ 0/12]	Time  1.624 ( 1.624)	Loss 7.4193e+00 (7.4193e+00)	Acc@1   9.38 (  9.38)	Acc@5  30.86 ( 30.86)
 * Acc@1 7.206 Acc@5 27.015
acc1 = 7.2, best_acc1 = 8.6
Epoch: [21][  0/500]	Time 2.494 (2.494)	Data 2.459 (2.459)	Loss 0.77 (0.77)	Cls Acc 74.2 (74.2)
Epoch: [21][100/500]	Time 0.178 (0.937)	Data 0.146 (0.905)	Loss 0.77 (0.78)	Cls Acc 78.1 (75.6)
Epoch: [21][200/500]	Time 0.177 (0.931)	Data 0.146 (0.899)	Loss 0.76 (0.79)	Cls Acc 75.4 (75.4)
Epoch: [21][300/500]	Time 2.483 (0.939)	Data 2.449 (0.907)	Loss 0.88 (0.79)	Cls Acc 72.7 (75.3)
Epoch: [21][400/500]	Time 0.177 (0.934)	Data 0.145 (0.902)	Loss 0.64 (0.78)	Cls Acc 81.2 (75.5)
Test: [ 0/12]	Time  1.712 ( 1.712)	Loss 6.9389e+00 (6.9389e+00)	Acc@1  10.94 ( 10.94)	Acc@5  37.89 ( 37.89)
 * Acc@1 7.703 Acc@5 26.376
acc1 = 7.7, best_acc1 = 8.6
Epoch: [22][  0/500]	Time 0.126 (0.126)	Data 0.095 (0.095)	Loss 0.78 (0.78)	Cls Acc 73.4 (73.4)
Epoch: [22][100/500]	Time 2.460 (0.965)	Data 2.427 (0.933)	Loss 0.80 (0.73)	Cls Acc 75.4 (77.2)
Epoch: [22][200/500]	Time 0.177 (0.954)	Data 0.146 (0.922)	Loss 0.75 (0.72)	Cls Acc 74.2 (77.3)
Epoch: [22][300/500]	Time 0.174 (0.949)	Data 0.143 (0.917)	Loss 0.60 (0.72)	Cls Acc 81.2 (77.4)
Epoch: [22][400/500]	Time 2.474 (0.951)	Data 2.441 (0.919)	Loss 0.64 (0.71)	Cls Acc 80.5 (77.5)
Test: [ 0/12]	Time  1.651 ( 1.651)	Loss 7.5653e+00 (7.5653e+00)	Acc@1  13.67 ( 13.67)	Acc@5  38.67 ( 38.67)
 * Acc@1 7.135 Acc@5 25.524
acc1 = 7.1, best_acc1 = 8.6
Epoch: [23][  0/500]	Time 0.133 (0.133)	Data 0.100 (0.100)	Loss 0.73 (0.73)	Cls Acc 73.8 (73.8)
Epoch: [23][100/500]	Time 0.177 (0.924)	Data 0.146 (0.892)	Loss 0.60 (0.66)	Cls Acc 79.3 (79.4)
Epoch: [23][200/500]	Time 2.429 (0.942)	Data 2.396 (0.910)	Loss 0.63 (0.66)	Cls Acc 81.2 (79.4)
Epoch: [23][300/500]	Time 0.174 (0.936)	Data 0.142 (0.904)	Loss 0.74 (0.65)	Cls Acc 76.6 (79.4)
Epoch: [23][400/500]	Time 0.177 (0.936)	Data 0.146 (0.904)	Loss 0.80 (0.65)	Cls Acc 74.6 (79.5)
Test: [ 0/12]	Time  1.677 ( 1.677)	Loss 6.8955e+00 (6.8955e+00)	Acc@1  15.62 ( 15.62)	Acc@5  45.31 ( 45.31)
 * Acc@1 8.378 Acc@5 26.695
acc1 = 8.4, best_acc1 = 8.6
Epoch: [24][  0/500]	Time 2.514 (2.514)	Data 2.481 (2.481)	Loss 0.62 (0.62)	Cls Acc 81.6 (81.6)
Epoch: [24][100/500]	Time 0.177 (0.947)	Data 0.146 (0.915)	Loss 0.80 (0.61)	Cls Acc 75.8 (80.6)
Epoch: [24][200/500]	Time 0.178 (0.944)	Data 0.147 (0.912)	Loss 0.59 (0.61)	Cls Acc 80.9 (80.5)
Epoch: [24][300/500]	Time 2.452 (0.945)	Data 2.419 (0.913)	Loss 0.83 (0.61)	Cls Acc 73.8 (80.5)
Epoch: [24][400/500]	Time 0.177 (0.942)	Data 0.146 (0.910)	Loss 0.54 (0.61)	Cls Acc 85.2 (80.7)
Test: [ 0/12]	Time  1.627 ( 1.627)	Loss 7.4402e+00 (7.4402e+00)	Acc@1  13.28 ( 13.28)	Acc@5  38.28 ( 38.28)
 * Acc@1 7.987 Acc@5 25.488
acc1 = 8.0, best_acc1 = 8.6
Epoch: [25][  0/500]	Time 0.126 (0.126)	Data 0.095 (0.095)	Loss 0.51 (0.51)	Cls Acc 84.0 (84.0)
Epoch: [25][100/500]	Time 2.473 (0.946)	Data 2.440 (0.914)	Loss 0.48 (0.55)	Cls Acc 85.9 (82.4)
Epoch: [25][200/500]	Time 0.177 (0.936)	Data 0.146 (0.904)	Loss 0.66 (0.55)	Cls Acc 78.1 (82.5)
Epoch: [25][300/500]	Time 0.177 (0.932)	Data 0.146 (0.900)	Loss 0.60 (0.55)	Cls Acc 79.7 (82.4)
Epoch: [25][400/500]	Time 2.487 (0.939)	Data 2.453 (0.907)	Loss 0.51 (0.55)	Cls Acc 83.6 (82.5)
Test: [ 0/12]	Time  1.660 ( 1.660)	Loss 7.9576e+00 (7.9576e+00)	Acc@1  12.89 ( 12.89)	Acc@5  30.86 ( 30.86)
 * Acc@1 7.277 Acc@5 26.376
acc1 = 7.3, best_acc1 = 8.6
Epoch: [26][  0/500]	Time 0.127 (0.127)	Data 0.094 (0.094)	Loss 0.53 (0.53)	Cls Acc 83.6 (83.6)
Epoch: [26][100/500]	Time 0.179 (0.935)	Data 0.147 (0.903)	Loss 0.49 (0.50)	Cls Acc 85.2 (84.2)
Epoch: [26][200/500]	Time 2.470 (0.945)	Data 2.437 (0.913)	Loss 0.46 (0.49)	Cls Acc 86.3 (84.3)
Epoch: [26][300/500]	Time 0.174 (0.942)	Data 0.143 (0.911)	Loss 0.60 (0.50)	Cls Acc 79.3 (84.1)
Epoch: [26][400/500]	Time 0.177 (0.942)	Data 0.146 (0.910)	Loss 0.38 (0.50)	Cls Acc 87.5 (84.1)
Test: [ 0/12]	Time  1.658 ( 1.658)	Loss 8.7881e+00 (8.7881e+00)	Acc@1   9.77 (  9.77)	Acc@5  33.98 ( 33.98)
 * Acc@1 7.987 Acc@5 25.701
acc1 = 8.0, best_acc1 = 8.6
Epoch: [27][  0/500]	Time 2.535 (2.535)	Data 2.499 (2.499)	Loss 0.50 (0.50)	Cls Acc 81.6 (81.6)
Epoch: [27][100/500]	Time 0.177 (0.955)	Data 0.146 (0.923)	Loss 0.45 (0.48)	Cls Acc 86.3 (84.9)
Epoch: [27][200/500]	Time 0.177 (0.944)	Data 0.146 (0.912)	Loss 0.50 (0.47)	Cls Acc 82.0 (84.8)
Epoch: [27][300/500]	Time 2.443 (0.949)	Data 2.410 (0.918)	Loss 0.41 (0.47)	Cls Acc 87.5 (84.9)
Epoch: [27][400/500]	Time 0.177 (0.943)	Data 0.146 (0.911)	Loss 0.46 (0.46)	Cls Acc 84.0 (85.0)
Test: [ 0/12]	Time  1.629 ( 1.629)	Loss 9.1659e+00 (9.1659e+00)	Acc@1   7.42 (  7.42)	Acc@5  30.47 ( 30.47)
 * Acc@1 6.638 Acc@5 24.885
acc1 = 6.6, best_acc1 = 8.6
Epoch: [28][  0/500]	Time 0.126 (0.126)	Data 0.094 (0.094)	Loss 0.49 (0.49)	Cls Acc 83.2 (83.2)
Epoch: [28][100/500]	Time 2.374 (0.938)	Data 2.341 (0.906)	Loss 0.42 (0.43)	Cls Acc 83.6 (86.2)
Epoch: [28][200/500]	Time 0.177 (0.931)	Data 0.146 (0.899)	Loss 0.41 (0.43)	Cls Acc 87.1 (86.2)
Epoch: [28][300/500]	Time 0.174 (0.930)	Data 0.143 (0.898)	Loss 0.40 (0.43)	Cls Acc 87.1 (86.2)
Epoch: [28][400/500]	Time 2.588 (0.940)	Data 2.555 (0.908)	Loss 0.45 (0.42)	Cls Acc 83.6 (86.4)
Test: [ 0/12]	Time  1.776 ( 1.776)	Loss 9.1811e+00 (9.1811e+00)	Acc@1  11.72 ( 11.72)	Acc@5  32.42 ( 32.42)
 * Acc@1 7.668 Acc@5 25.843
acc1 = 7.7, best_acc1 = 8.6
Epoch: [29][  0/500]	Time 0.126 (0.126)	Data 0.095 (0.095)	Loss 0.38 (0.38)	Cls Acc 86.3 (86.3)
Epoch: [29][100/500]	Time 0.179 (0.948)	Data 0.147 (0.916)	Loss 0.44 (0.41)	Cls Acc 85.9 (86.9)
Epoch: [29][200/500]	Time 2.453 (0.962)	Data 2.420 (0.930)	Loss 0.37 (0.39)	Cls Acc 88.7 (87.4)
Epoch: [29][300/500]	Time 0.177 (0.951)	Data 0.145 (0.919)	Loss 0.31 (0.39)	Cls Acc 91.4 (87.5)
Epoch: [29][400/500]	Time 0.178 (0.944)	Data 0.147 (0.912)	Loss 0.36 (0.39)	Cls Acc 88.3 (87.6)
Test: [ 0/12]	Time  1.601 ( 1.601)	Loss 9.3427e+00 (9.3427e+00)	Acc@1  12.11 ( 12.11)	Acc@5  30.86 ( 30.86)
 * Acc@1 7.881 Acc@5 26.340
acc1 = 7.9, best_acc1 = 8.6
best_acc1 = 8.6
Traceback (most recent call last):
  File "../../../../source_only.py", line 377, in <module>
    main(args)
  File "../../../../source_only.py", line 161, in main
    acc1 = validate(val_loader, classifier, args)
TypeError: validate() missing 1 required positional argument: 'epoch'
