Namespace(arch='alexnet_cdan', batch_size=32, center_crop=False, checkmodel_logsave=False, data='Office31', data_processing='ours', epochs=50, iters_per_epoch=1000, local=True, local_pretrained_path='/home/junzhin/Project/Summer_project/code/version1.0/pretrained_model_results/ALEX_office31masked2_CDANmodel_best.pth.tar', log='/home/junzhin/Project/Summer_project/code/version2.0/training_results/baseline/ALEX_office31masked2/W_A', lr=0.0001, lr_decay=0.75, lr_gamma=0.0003, momentum=0.9, per_class_eval=True, phase='train', pretrained=True, print_freq=100, root='/home/junzhin/Project/Summer_project/code/version2.0/data/office31', seed=None, source='W', target='A', wd=0.0005, workers=8)
Loading the local alexnet pretrained model weights!
the number of classes are in the alexnet cdan 958
odict_keys(['module.features.0.weight', 'module.features.0.bias', 'module.features.4.weight', 'module.features.4.bias', 'module.features.8.weight', 'module.features.8.bias', 'module.features.10.weight', 'module.features.10.bias', 'module.features.12.weight', 'module.features.12.bias', 'module.classifier.0.weight', 'module.classifier.0.bias', 'module.classifier.3.weight', 'module.classifier.3.bias', 'module.classifier.6.weight', 'module.classifier.6.bias'])
odict_keys(['features.0.weight', 'features.0.bias', 'features.4.weight', 'features.4.bias', 'features.8.weight', 'features.8.bias', 'features.10.weight', 'features.10.bias', 'features.12.weight', 'features.12.bias', 'classifier.0.weight', 'classifier.0.bias', 'classifier.3.weight', 'classifier.3.bias', 'classifier.6.weight', 'classifier.6.bias'])
Epoch: [0][   0/1000]	Time 0.384 (0.384)	Data 0.015 (0.015)	Loss 5.86 (5.86)	Cls Acc 3.1 (3.1)
Epoch: [0][ 100/1000]	Time 0.053 (0.068)	Data 0.032 (0.051)	Loss 2.85 (3.61)	Cls Acc 18.8 (10.2)
Epoch: [0][ 200/1000]	Time 0.039 (0.067)	Data 0.026 (0.052)	Loss 2.10 (3.05)	Cls Acc 50.0 (23.3)
Epoch: [0][ 300/1000]	Time 0.040 (0.066)	Data 0.026 (0.051)	Loss 1.47 (2.65)	Cls Acc 62.5 (33.4)
Epoch: [0][ 400/1000]	Time 0.037 (0.066)	Data 0.025 (0.052)	Loss 1.44 (2.32)	Cls Acc 62.5 (41.5)
Epoch: [0][ 500/1000]	Time 0.037 (0.066)	Data 0.025 (0.052)	Loss 1.07 (2.06)	Cls Acc 75.0 (48.1)
Epoch: [0][ 600/1000]	Time 0.643 (0.067)	Data 0.630 (0.053)	Loss 0.66 (1.85)	Cls Acc 87.5 (53.7)
Epoch: [0][ 700/1000]	Time 0.043 (0.066)	Data 0.026 (0.052)	Loss 0.48 (1.68)	Cls Acc 93.8 (58.3)
Epoch: [0][ 800/1000]	Time 0.086 (0.066)	Data 0.065 (0.052)	Loss 0.54 (1.53)	Cls Acc 90.6 (62.1)
Epoch: [0][ 900/1000]	Time 0.038 (0.066)	Data 0.026 (0.052)	Loss 0.48 (1.41)	Cls Acc 87.5 (65.2)
Test: [ 0/89]	Time  0.531 ( 0.531)	Loss 6.5666e-01 (6.5666e-01)	Acc@1  75.00 ( 75.00)	Acc@5 100.00 (100.00)
 * Acc@1 27.689 Acc@5 58.715
global correct: 27.7
mean correct:27.5
mean IoU: 17.0
+------------------+--------------------+--------------------+
|      class       |        acc         |        iou         |
+------------------+--------------------+--------------------+
|    back_pack     | 47.826087951660156 | 41.50943374633789  |
|       bike       | 93.90243530273438  | 71.29629516601562  |
|   bike_helmet    |  76.3888931274414  | 31.609195709228516 |
|     bookcase     | 23.170732498168945 | 8.050848007202148  |
|      bottle      |        0.0         |        0.0         |
|    calculator    | 72.34042358398438  | 39.08045959472656  |
|    desk_chair    | 23.076923370361328 | 21.212121963500977 |
|    desk_lamp     | 16.494844436645508 | 8.743168830871582  |
| desktop_computer | 2.0618555545806885 | 1.2121211290359497 |
|   file_cabinet   | 34.567901611328125 |        20.0        |
|    headphones    | 46.46464538574219  |      35.9375       |
|     keyboard     |        81.0        | 43.085105895996094 |
| laptop_computer  |        36.0        | 18.274112701416016 |
|   letter_tray    | 6.122448921203613  |        5.0         |
|   mobile_phone   |        2.0         | 0.9708737730979919 |
|     monitor      | 15.15151596069336  | 4.043127059936523  |
|      mouse       |        48.0        | 27.428569793701172 |
|       mug        | 8.510638236999512  | 6.400000095367432  |
|  paper_notebook  | 19.791667938232422 | 16.379310607910156 |
|       pen        | 37.894737243652344 | 22.360248565673828 |
|      phone       | 20.43010711669922  | 13.475176811218262 |
|     printer      |        16.0        |        12.5        |
|    projector     | 25.510204315185547 | 17.36111068725586  |
|     punchers     | 13.265305519104004 | 4.942965984344482  |
|   ring_binder    |  4.44444465637207  | 3.6363635063171387 |
|      ruler       | 6.6666669845581055 |        5.0         |
|     scissors     |        22.0        | 17.32283592224121  |
|     speaker      | 6.060606002807617  | 4.285714626312256  |
|     stapler      | 28.282827377319336 |        14.0        |
|  tape_dispenser  | 10.416666030883789 |  6.49350643157959  |
|    trash_can     |       7.8125       |  4.95049524307251  |
+------------------+--------------------+--------------------+
acc1 = 27.7, best_acc1 = 27.7
Epoch: [1][   0/1000]	Time 0.029 (0.029)	Data 0.017 (0.017)	Loss 0.36 (0.36)	Cls Acc 90.6 (90.6)
Epoch: [1][ 100/1000]	Time 0.037 (0.065)	Data 0.025 (0.051)	Loss 0.21 (0.32)	Cls Acc 100.0 (93.9)
Epoch: [1][ 200/1000]	Time 0.662 (0.069)	Data 0.647 (0.055)	Loss 0.23 (0.30)	Cls Acc 93.8 (94.3)
Epoch: [1][ 300/1000]	Time 0.038 (0.067)	Data 0.026 (0.054)	Loss 0.17 (0.29)	Cls Acc 93.8 (94.6)
Epoch: [1][ 400/1000]	Time 0.040 (0.067)	Data 0.028 (0.053)	Loss 0.21 (0.27)	Cls Acc 96.9 (95.1)
Epoch: [1][ 500/1000]	Time 0.038 (0.067)	Data 0.026 (0.053)	Loss 0.22 (0.26)	Cls Acc 96.9 (95.4)
Epoch: [1][ 600/1000]	Time 0.037 (0.066)	Data 0.025 (0.053)	Loss 0.13 (0.24)	Cls Acc 100.0 (95.7)
Epoch: [1][ 700/1000]	Time 0.037 (0.066)	Data 0.025 (0.053)	Loss 0.12 (0.23)	Cls Acc 100.0 (96.0)
Epoch: [1][ 800/1000]	Time 0.659 (0.067)	Data 0.645 (0.053)	Loss 0.11 (0.22)	Cls Acc 100.0 (96.2)
Epoch: [1][ 900/1000]	Time 0.039 (0.067)	Data 0.026 (0.053)	Loss 0.22 (0.21)	Cls Acc 96.9 (96.4)
Test: [ 0/89]	Time  0.627 ( 0.627)	Loss 4.7948e-01 (4.7948e-01)	Acc@1  87.50 ( 87.50)	Acc@5 100.00 (100.00)
 * Acc@1 28.506 Acc@5 60.099
global correct: 28.5
mean correct:28.4
mean IoU: 17.7
+------------------+--------------------+--------------------+
|      class       |        acc         |        iou         |
+------------------+--------------------+--------------------+
|    back_pack     | 53.260868072509766 | 47.115386962890625 |
|       bike       | 93.90243530273438  |        70.0        |
|   bike_helmet    |  76.3888931274414  |  36.4238395690918  |
|     bookcase     | 30.48780632019043  | 11.36363697052002  |
|      bottle      | 2.777777910232544  | 1.470588207244873  |
|    calculator    | 78.72340393066406  | 41.340782165527344 |
|    desk_chair    |  27.4725284576416  | 25.25252342224121  |
|    desk_lamp     | 18.556699752807617 |  8.61244010925293  |
| desktop_computer |  5.15463924407959  | 2.7624309062957764 |
|   file_cabinet   | 27.160491943359375 | 15.384615898132324 |
|    headphones    | 50.50504684448242  | 36.764705657958984 |
|     keyboard     |        79.0        | 38.916255950927734 |
| laptop_computer  |        37.0        | 17.209300994873047 |
|   letter_tray    | 10.204081535339355 | 8.064516067504883  |
|   mobile_phone   |        4.0         | 1.5503876209259033 |
|     monitor      |  16.1616153717041  | 5.263157844543457  |
|      mouse       |        41.0        | 24.698795318603516 |
|       mug        | 8.510638236999512  |        6.25        |
|  paper_notebook  | 16.666667938232422 | 14.414414405822754 |
|       pen        |        40.0        | 25.675674438476562 |
|      phone       |  21.5053768157959  | 16.129032135009766 |
|     printer      |        18.0        | 13.235294342041016 |
|    projector     | 16.32653045654297  | 11.428571701049805 |
|     punchers     | 9.183673858642578  | 3.614457607269287  |
|   ring_binder    | 6.6666669845581055 |        5.0         |
|      ruler       | 9.333333015441895  |  6.93069314956665  |
|     scissors     | 27.000001907348633 | 21.600000381469727 |
|     speaker      |  5.0505051612854   | 3.5211269855499268 |
|     stapler      | 24.24242401123047  | 12.307692527770996 |
|  tape_dispenser  | 13.541666984558105 | 9.090909004211426  |
|    trash_can     |        12.5        |  8.08080768585205  |
+------------------+--------------------+--------------------+
acc1 = 28.5, best_acc1 = 28.5
Epoch: [2][   0/1000]	Time 0.028 (0.028)	Data 0.015 (0.015)	Loss 0.17 (0.17)	Cls Acc 96.9 (96.9)
Epoch: [2][ 100/1000]	Time 0.042 (0.063)	Data 0.026 (0.050)	Loss 0.07 (0.12)	Cls Acc 100.0 (98.4)
Epoch: [2][ 200/1000]	Time 0.037 (0.065)	Data 0.025 (0.051)	Loss 0.10 (0.12)	Cls Acc 100.0 (98.6)
Epoch: [2][ 300/1000]	Time 0.037 (0.065)	Data 0.025 (0.051)	Loss 0.16 (0.11)	Cls Acc 96.9 (98.7)
Epoch: [2][ 400/1000]	Time 0.670 (0.067)	Data 0.657 (0.053)	Loss 0.09 (0.11)	Cls Acc 100.0 (98.7)
Epoch: [2][ 500/1000]	Time 0.039 (0.066)	Data 0.026 (0.053)	Loss 0.04 (0.11)	Cls Acc 100.0 (98.8)
Epoch: [2][ 600/1000]	Time 0.066 (0.066)	Data 0.049 (0.053)	Loss 0.10 (0.11)	Cls Acc 100.0 (98.8)
Epoch: [2][ 700/1000]	Time 0.033 (0.066)	Data 0.021 (0.053)	Loss 0.08 (0.10)	Cls Acc 96.9 (98.8)
Epoch: [2][ 800/1000]	Time 0.037 (0.066)	Data 0.025 (0.052)	Loss 0.05 (0.10)	Cls Acc 100.0 (98.9)
Epoch: [2][ 900/1000]	Time 0.037 (0.066)	Data 0.025 (0.052)	Loss 0.07 (0.10)	Cls Acc 100.0 (99.0)
Test: [ 0/89]	Time  0.492 ( 0.492)	Loss 4.9509e-01 (4.9509e-01)	Acc@1  84.38 ( 84.38)	Acc@5 100.00 (100.00)
 * Acc@1 28.860 Acc@5 60.490
global correct: 28.9
mean correct:28.7
mean IoU: 18.1
+------------------+--------------------+--------------------+
|      class       |        acc         |        iou         |
+------------------+--------------------+--------------------+
|    back_pack     | 55.43478012084961  | 46.78899002075195  |
|       bike       | 91.46341705322266  | 73.52941131591797  |
|   bike_helmet    |  76.3888931274414  | 35.71428680419922  |
|     bookcase     | 31.707317352294922 | 11.926605224609375 |
|      bottle      | 2.777777910232544  | 1.5873017311096191 |
|    calculator    | 75.53192138671875  | 41.52046585083008  |
|    desk_chair    | 24.175825119018555 | 22.448978424072266 |
|    desk_lamp     | 19.587629318237305 | 8.920187950134277  |
| desktop_computer | 7.216494560241699  | 3.6458332538604736 |
|   file_cabinet   | 25.925926208496094 | 14.09395980834961  |
|    headphones    | 52.52525329589844  | 38.80596923828125  |
|     keyboard     |        79.0        | 39.30348205566406  |
| laptop_computer  |        37.0        | 17.619047164916992 |
|   letter_tray    | 10.204081535339355 |       7.8125       |
|   mobile_phone   |        4.0         | 1.612903118133545  |
|     monitor      |  16.1616153717041  | 5.245901584625244  |
|      mouse       |        35.0        | 22.435897827148438 |
|       mug        | 9.574468612670898  | 7.142857551574707  |
|  paper_notebook  | 17.708332061767578 | 15.315315246582031 |
|       pen        | 38.94736862182617  | 25.517240524291992 |
|      phone       | 26.88172149658203  | 19.841270446777344 |
|     printer      |        19.0        |      14.84375      |
|    projector     | 15.306122779846191 | 10.13513469696045  |
|     punchers     | 9.183673858642578  | 3.614457607269287  |
|   ring_binder    | 5.555555820465088  | 4.424778938293457  |
|      ruler       |        12.0        | 9.183673858642578  |
|     scissors     |        28.0        | 22.22222328186035  |
|     speaker      | 7.070706844329834  |  4.5751633644104   |
|     stapler      | 28.282827377319336 | 13.084112167358398 |
|  tape_dispenser  | 17.708332061767578 | 11.88811206817627  |
|    trash_can     |      10.9375       | 7.777778148651123  |
+------------------+--------------------+--------------------+
acc1 = 28.9, best_acc1 = 28.9
Epoch: [3][   0/1000]	Time 0.664 (0.664)	Data 0.641 (0.641)	Loss 0.06 (0.06)	Cls Acc 100.0 (100.0)
Epoch: [3][ 100/1000]	Time 0.038 (0.070)	Data 0.025 (0.057)	Loss 0.06 (0.07)	Cls Acc 100.0 (99.5)
Epoch: [3][ 200/1000]	Time 0.049 (0.068)	Data 0.037 (0.054)	Loss 0.07 (0.07)	Cls Acc 100.0 (99.5)
Epoch: [3][ 300/1000]	Time 0.045 (0.067)	Data 0.025 (0.053)	Loss 0.04 (0.07)	Cls Acc 100.0 (99.5)
Epoch: [3][ 400/1000]	Time 0.037 (0.066)	Data 0.025 (0.053)	Loss 0.04 (0.07)	Cls Acc 100.0 (99.5)
Epoch: [3][ 500/1000]	Time 0.037 (0.066)	Data 0.025 (0.052)	Loss 0.08 (0.07)	Cls Acc 96.9 (99.5)
Epoch: [3][ 600/1000]	Time 0.681 (0.067)	Data 0.667 (0.053)	Loss 0.06 (0.07)	Cls Acc 100.0 (99.6)
Epoch: [3][ 700/1000]	Time 0.047 (0.067)	Data 0.025 (0.053)	Loss 0.03 (0.06)	Cls Acc 100.0 (99.6)
Epoch: [3][ 800/1000]	Time 0.038 (0.067)	Data 0.025 (0.053)	Loss 0.04 (0.06)	Cls Acc 100.0 (99.6)
