Namespace(arch='alexnet', batch_size=256, bottleneck_dim=256, center_crop=False, checkmodel_logsave=False, data='Office31', data_processing='ours', epochs=50, iters_per_epoch=1000, local=True, local_pretrained_path='/home/junzhin/Project/Summer_project/code/version1.0/pretrained_model_results/ALEX_office31masked2_newmodel_best.pth.tar', log='/home/junzhin/Project/Summer_project/code/version2.0/training_results/dann/ALEX_office31masked2/W_D', lr=0.01, lr_decay=0.75, lr_gamma=0.001, momentum=0.9, per_class_eval=False, phase='train', pretrained=True, print_freq=50, root='/home/junzhin/Project/Summer_project/code/version2.0/data/office31', seed=None, source='W', target='D', trade_off=1.0, weight_decay=0.001, workers=4)
=> using pre-trained model 'alexnet'
Loading the local alexnet pretrained model weights!
Epoch: [0][   0/1000]	Time  4.32 ( 4.32)	Data  2.14 ( 2.14)	Loss   4.17 (  4.17)	Cls Acc 3.5 (3.5)	Domain Acc 50.4 (50.4)
Epoch: [0][  50/1000]	Time  6.15 ( 6.87)	Data  6.09 ( 6.76)	Loss   1.42 (  2.42)	Cls Acc 69.9 (42.3)	Domain Acc 96.9 (93.5)
Epoch: [0][ 100/1000]	Time  6.42 ( 6.94)	Data  6.36 ( 6.86)	Loss   0.66 (  1.69)	Cls Acc 88.7 (61.8)	Domain Acc 97.3 (95.5)
Epoch: [0][ 150/1000]	Time  8.74 ( 7.00)	Data  8.68 ( 6.92)	Loss   0.28 (  1.27)	Cls Acc 98.8 (72.9)	Domain Acc 98.8 (96.5)
Epoch: [0][ 200/1000]	Time  6.27 ( 7.03)	Data  6.20 ( 6.95)	Loss   0.16 (  1.01)	Cls Acc 99.2 (79.4)	Domain Acc 99.0 (97.1)
Epoch: [0][ 250/1000]	Time  6.19 ( 7.02)	Data  6.13 ( 6.95)	Loss   0.98 (  0.98)	Cls Acc 100.0 (83.3)	Domain Acc 66.4 (93.9)
Epoch: [0][ 300/1000]	Time  8.60 ( 7.01)	Data  8.54 ( 6.94)	Loss   3.85 (  1.21)	Cls Acc 94.5 (85.5)	Domain Acc 49.2 (86.8)
Epoch: [0][ 350/1000]	Time  6.17 ( 7.00)	Data  6.10 ( 6.93)	Loss   7.71 (  1.58)	Cls Acc 96.9 (87.0)	Domain Acc 31.8 (80.1)
Epoch: [0][ 400/1000]	Time  6.17 ( 7.00)	Data  6.11 ( 6.93)	Loss   0.80 (  1.68)	Cls Acc 99.2 (88.3)	Domain Acc 65.4 (75.6)
Epoch: [0][ 450/1000]	Time  8.47 ( 6.99)	Data  8.40 ( 6.93)	Loss   0.73 (  1.60)	Cls Acc 100.0 (89.6)	Domain Acc 61.1 (73.5)
Epoch: [0][ 500/1000]	Time  6.17 ( 6.99)	Data  6.11 ( 6.92)	Loss   0.85 (  1.52)	Cls Acc 100.0 (90.6)	Domain Acc 51.8 (71.6)
Epoch: [0][ 550/1000]	Time  6.16 ( 6.99)	Data  6.10 ( 6.92)	Loss   0.68 (  1.46)	Cls Acc 100.0 (91.4)	Domain Acc 65.8 (70.3)
Epoch: [0][ 600/1000]	Time  8.55 ( 6.98)	Data  8.49 ( 6.92)	Loss   0.78 (  1.40)	Cls Acc 100.0 (92.1)	Domain Acc 55.5 (69.1)
Epoch: [0][ 650/1000]	Time  6.17 ( 6.98)	Data  6.11 ( 6.91)	Loss   0.99 (  1.37)	Cls Acc 99.6 (92.7)	Domain Acc 42.6 (67.5)
Epoch: [0][ 700/1000]	Time  6.15 ( 6.98)	Data  6.08 ( 6.91)	Loss   0.69 (  1.33)	Cls Acc 100.0 (93.2)	Domain Acc 61.5 (66.3)
Epoch: [0][ 750/1000]	Time  8.58 ( 6.98)	Data  8.51 ( 6.91)	Loss   0.69 (  1.30)	Cls Acc 100.0 (93.7)	Domain Acc 64.1 (65.3)
Epoch: [0][ 800/1000]	Time  6.14 ( 6.98)	Data  6.08 ( 6.91)	Loss   0.86 (  1.27)	Cls Acc 99.6 (94.1)	Domain Acc 48.8 (64.4)
Epoch: [0][ 850/1000]	Time  6.17 ( 6.98)	Data  6.10 ( 6.91)	Loss   0.81 (  1.24)	Cls Acc 100.0 (94.4)	Domain Acc 52.5 (63.6)
Epoch: [0][ 900/1000]	Time  8.63 ( 6.98)	Data  8.57 ( 6.91)	Loss   0.81 (  1.22)	Cls Acc 100.0 (94.7)	Domain Acc 55.3 (63.0)
Epoch: [0][ 950/1000]	Time  6.16 ( 6.97)	Data  6.09 ( 6.91)	Loss   0.72 (  1.19)	Cls Acc 100.0 (95.0)	Domain Acc 59.4 (62.4)
Test: [0/2]	Time  6.355 ( 6.355)	Loss 1.0169e+00 (1.0169e+00)	Acc@1  69.92 ( 69.92)	Acc@5  94.53 ( 94.53)
 * Acc@1 64.659 Acc@5 90.361
acc1 = 64.7, best_acc1 = 64.7
Epoch: [1][   0/1000]	Time  6.16 ( 6.16)	Data  6.09 ( 6.09)	Loss   0.83 (  0.83)	Cls Acc 100.0 (100.0)	Domain Acc 47.3 (47.3)
Epoch: [1][  50/1000]	Time  8.49 ( 6.96)	Data  8.42 ( 6.89)	Loss   0.85 (  0.83)	Cls Acc 99.6 (99.9)	Domain Acc 50.2 (49.7)
Epoch: [1][ 100/1000]	Time  6.17 ( 6.94)	Data  6.11 ( 6.88)	Loss   0.86 (  0.83)	Cls Acc 99.6 (99.9)	Domain Acc 49.6 (50.6)
Epoch: [1][ 150/1000]	Time  6.19 ( 6.95)	Data  6.13 ( 6.89)	Loss   0.97 (  0.84)	Cls Acc 100.0 (99.9)	Domain Acc 37.3 (50.8)
Epoch: [1][ 200/1000]	Time  8.47 ( 6.96)	Data  8.41 ( 6.90)	Loss   0.67 (  0.85)	Cls Acc 100.0 (99.8)	Domain Acc 68.9 (51.0)
Epoch: [1][ 250/1000]	Time  6.19 ( 6.95)	Data  6.12 ( 6.89)	Loss   0.66 (  0.83)	Cls Acc 100.0 (99.8)	Domain Acc 64.1 (51.6)
Epoch: [1][ 300/1000]	Time  6.14 ( 6.96)	Data  6.08 ( 6.89)	Loss   0.78 (  0.83)	Cls Acc 100.0 (99.8)	Domain Acc 52.5 (51.5)
Epoch: [1][ 350/1000]	Time  8.48 ( 6.96)	Data  8.42 ( 6.89)	Loss   0.76 (  0.82)	Cls Acc 99.6 (99.8)	Domain Acc 53.1 (51.7)
Epoch: [1][ 400/1000]	Time  6.11 ( 6.95)	Data  6.05 ( 6.89)	Loss   0.69 (  0.82)	Cls Acc 100.0 (99.8)	Domain Acc 63.7 (52.0)
Epoch: [1][ 450/1000]	Time  6.15 ( 6.95)	Data  6.08 ( 6.89)	Loss   0.78 (  0.81)	Cls Acc 100.0 (99.8)	Domain Acc 54.3 (52.1)
Epoch: [1][ 500/1000]	Time  8.54 ( 6.96)	Data  8.47 ( 6.89)	Loss   0.81 (  0.81)	Cls Acc 100.0 (99.8)	Domain Acc 52.5 (52.3)
Epoch: [1][ 550/1000]	Time  6.12 ( 6.95)	Data  6.06 ( 6.89)	Loss   0.87 (  0.81)	Cls Acc 99.6 (99.8)	Domain Acc 50.8 (52.3)
Epoch: [1][ 600/1000]	Time  6.18 ( 6.96)	Data  6.11 ( 6.89)	Loss   0.88 (  0.81)	Cls Acc 98.8 (99.8)	Domain Acc 43.2 (52.4)
Epoch: [1][ 650/1000]	Time  8.52 ( 6.96)	Data  8.45 ( 6.90)	Loss   0.72 (  0.81)	Cls Acc 100.0 (99.8)	Domain Acc 54.1 (52.3)
Epoch: [1][ 700/1000]	Time  6.14 ( 6.96)	Data  6.08 ( 6.90)	Loss   0.81 (  0.81)	Cls Acc 99.6 (99.8)	Domain Acc 56.6 (52.5)
Epoch: [1][ 750/1000]	Time  6.19 ( 6.96)	Data  6.13 ( 6.90)	Loss   0.79 (  0.81)	Cls Acc 99.6 (99.8)	Domain Acc 50.2 (52.4)
Epoch: [1][ 800/1000]	Time  8.60 ( 6.96)	Data  8.53 ( 6.90)	Loss   0.83 (  0.81)	Cls Acc 100.0 (99.8)	Domain Acc 48.4 (52.4)
Epoch: [1][ 850/1000]	Time  6.14 ( 6.96)	Data  6.08 ( 6.90)	Loss   0.78 (  0.80)	Cls Acc 100.0 (99.8)	Domain Acc 52.7 (52.3)
Epoch: [1][ 900/1000]	Time  6.18 ( 6.97)	Data  6.12 ( 6.90)	Loss   0.72 (  0.81)	Cls Acc 100.0 (99.8)	Domain Acc 57.0 (52.1)
Epoch: [1][ 950/1000]	Time  8.54 ( 6.97)	Data  8.47 ( 6.90)	Loss   0.94 (  0.80)	Cls Acc 100.0 (99.8)	Domain Acc 36.7 (52.1)
Test: [0/2]	Time  6.001 ( 6.001)	Loss 2.0195e+00 (2.0195e+00)	Acc@1  53.52 ( 53.52)	Acc@5  80.86 ( 80.86)
 * Acc@1 50.000 Acc@5 83.333
acc1 = 50.0, best_acc1 = 64.7
Epoch: [2][   0/1000]	Time  6.16 ( 6.16)	Data  6.10 ( 6.10)	Loss   0.80 (  0.80)	Cls Acc 99.2 (99.2)	Domain Acc 52.1 (52.1)
Epoch: [2][  50/1000]	Time  6.16 ( 6.97)	Data  6.10 ( 6.91)	Loss   1.03 (  0.87)	Cls Acc 99.6 (99.6)	Domain Acc 54.3 (53.3)
Epoch: [2][ 100/1000]	Time  8.60 ( 6.98)	Data  8.54 ( 6.91)	Loss   0.75 (  0.84)	Cls Acc 100.0 (99.7)	Domain Acc 56.4 (53.1)
Epoch: [2][ 150/1000]	Time  6.24 ( 6.96)	Data  6.18 ( 6.90)	Loss   0.74 (  0.82)	Cls Acc 100.0 (99.8)	Domain Acc 53.1 (52.5)
Epoch: [2][ 200/1000]	Time  6.39 ( 6.99)	Data  6.33 ( 6.93)	Loss   0.80 (  0.81)	Cls Acc 100.0 (99.8)	Domain Acc 45.9 (52.0)
Epoch: [2][ 250/1000]	Time  8.59 ( 7.02)	Data  8.52 ( 6.96)	Loss   0.81 (  0.80)	Cls Acc 100.0 (99.8)	Domain Acc 43.0 (51.7)
Epoch: [2][ 300/1000]	Time  6.20 ( 7.02)	Data  6.13 ( 6.95)	Loss   0.78 (  0.79)	Cls Acc 100.0 (99.8)	Domain Acc 51.2 (51.5)
Epoch: [2][ 350/1000]	Time  6.19 ( 7.01)	Data  6.13 ( 6.95)	Loss   0.82 (  0.79)	Cls Acc 100.0 (99.8)	Domain Acc 47.3 (51.4)
Epoch: [2][ 400/1000]	Time  8.56 ( 7.01)	Data  8.50 ( 6.94)	Loss   0.93 (  0.79)	Cls Acc 100.0 (99.8)	Domain Acc 43.9 (51.4)
Epoch: [2][ 450/1000]	Time  6.23 ( 7.00)	Data  6.16 ( 6.94)	Loss   0.92 (  0.80)	Cls Acc 99.2 (99.8)	Domain Acc 44.7 (51.2)
Epoch: [2][ 500/1000]	Time  6.23 ( 7.00)	Data  6.16 ( 6.94)	Loss   0.73 (  0.79)	Cls Acc 100.0 (99.9)	Domain Acc 54.5 (51.4)
Epoch: [2][ 550/1000]	Time  8.57 ( 7.00)	Data  8.50 ( 6.94)	Loss   0.70 (  0.79)	Cls Acc 100.0 (99.9)	Domain Acc 56.8 (51.8)
Epoch: [2][ 600/1000]	Time  6.17 ( 6.99)	Data  6.10 ( 6.93)	Loss   0.68 (  0.78)	Cls Acc 100.0 (99.9)	Domain Acc 62.7 (52.0)
Epoch: [2][ 650/1000]	Time  6.20 ( 6.99)	Data  6.14 ( 6.93)	Loss   0.78 (  0.78)	Cls Acc 100.0 (99.9)	Domain Acc 49.4 (52.2)
Epoch: [2][ 700/1000]	Time  8.58 ( 6.99)	Data  8.52 ( 6.93)	Loss   0.71 (  0.78)	Cls Acc 99.6 (99.9)	Domain Acc 56.8 (52.3)
Epoch: [2][ 750/1000]	Time  6.20 ( 6.99)	Data  6.14 ( 6.93)	Loss   0.74 (  0.77)	Cls Acc 100.0 (99.9)	Domain Acc 51.0 (52.1)
Epoch: [2][ 800/1000]	Time  6.14 ( 6.99)	Data  6.08 ( 6.92)	Loss   0.71 (  0.77)	Cls Acc 100.0 (99.9)	Domain Acc 56.8 (52.1)
Epoch: [2][ 850/1000]	Time  8.55 ( 6.99)	Data  8.49 ( 6.92)	Loss   0.72 (  0.77)	Cls Acc 100.0 (99.9)	Domain Acc 54.7 (52.2)
Epoch: [2][ 900/1000]	Time  6.14 ( 6.98)	Data  6.08 ( 6.92)	Loss   0.73 (  0.77)	Cls Acc 100.0 (99.9)	Domain Acc 52.0 (52.2)
Epoch: [2][ 950/1000]	Time  6.20 ( 6.98)	Data  6.14 ( 6.92)	Loss   0.70 (  0.77)	Cls Acc 100.0 (99.9)	Domain Acc 55.7 (52.3)
Test: [0/2]	Time  5.997 ( 5.997)	Loss 4.4123e-01 (4.4123e-01)	Acc@1  88.67 ( 88.67)	Acc@5  98.44 ( 98.44)
 * Acc@1 76.104 Acc@5 95.783
acc1 = 76.1, best_acc1 = 76.1
Epoch: [3][   0/1000]	Time  8.53 ( 8.53)	Data  8.47 ( 8.47)	Loss   0.74 (  0.74)	Cls Acc 100.0 (100.0)	Domain Acc 47.9 (47.9)
Epoch: [3][  50/1000]	Time  6.15 ( 6.98)	Data  6.09 ( 6.91)	Loss   0.75 (  0.74)	Cls Acc 100.0 (100.0)	Domain Acc 50.0 (50.5)
Epoch: [3][ 100/1000]	Time  6.14 ( 6.98)	Data  6.08 ( 6.91)	Loss   0.76 (  0.73)	Cls Acc 100.0 (100.0)	Domain Acc 49.8 (52.9)
Epoch: [3][ 150/1000]	Time  8.54 ( 6.97)	Data  8.48 ( 6.91)	Loss   0.72 (  0.73)	Cls Acc 100.0 (100.0)	Domain Acc 55.5 (52.6)
Epoch: [3][ 200/1000]	Time  6.17 ( 6.96)	Data  6.11 ( 6.90)	Loss   0.70 (  0.72)	Cls Acc 100.0 (100.0)	Domain Acc 55.7 (53.2)
Epoch: [3][ 250/1000]	Time  6.18 ( 6.97)	Data  6.11 ( 6.91)	Loss   0.76 (  0.73)	Cls Acc 100.0 (100.0)	Domain Acc 46.3 (52.4)
Epoch: [3][ 300/1000]	Time  8.52 ( 6.97)	Data  8.46 ( 6.91)	Loss   0.75 (  0.73)	Cls Acc 99.6 (100.0)	Domain Acc 51.0 (52.6)
Epoch: [3][ 350/1000]	Time  6.11 ( 6.96)	Data  6.05 ( 6.90)	Loss   0.73 (  0.73)	Cls Acc 100.0 (100.0)	Domain Acc 56.1 (52.3)
Epoch: [3][ 400/1000]	Time  6.19 ( 6.97)	Data  6.12 ( 6.90)	Loss   0.72 (  0.73)	Cls Acc 99.6 (100.0)	Domain Acc 54.3 (52.6)
Epoch: [3][ 450/1000]	Time  8.50 ( 6.97)	Data  8.43 ( 6.90)	Loss   0.73 (  0.73)	Cls Acc 100.0 (100.0)	Domain Acc 51.4 (52.7)
Epoch: [3][ 500/1000]	Time  6.17 ( 6.96)	Data  6.11 ( 6.90)	Loss   0.72 (  0.73)	Cls Acc 100.0 (100.0)	Domain Acc 52.1 (52.7)
Epoch: [3][ 550/1000]	Time  6.14 ( 6.96)	Data  6.08 ( 6.90)	Loss   0.73 (  0.73)	Cls Acc 100.0 (100.0)	Domain Acc 48.2 (52.8)
Epoch: [3][ 600/1000]	Time  8.55 ( 6.96)	Data  8.49 ( 6.90)	Loss   0.71 (  0.73)	Cls Acc 100.0 (100.0)	Domain Acc 54.7 (52.6)
Epoch: [3][ 650/1000]	Time  6.16 ( 6.96)	Data  6.09 ( 6.90)	Loss   0.78 (  0.73)	Cls Acc 99.6 (100.0)	Domain Acc 41.8 (52.3)
Epoch: [3][ 700/1000]	Time  6.10 ( 6.96)	Data  6.04 ( 6.90)	Loss   0.77 (  0.73)	Cls Acc 100.0 (100.0)	Domain Acc 44.9 (52.1)
Epoch: [3][ 750/1000]	Time  8.51 ( 6.96)	Data  8.45 ( 6.90)	Loss   0.78 (  0.73)	Cls Acc 100.0 (100.0)	Domain Acc 43.2 (52.1)
Epoch: [3][ 800/1000]	Time  6.15 ( 6.96)	Data  6.09 ( 6.90)	Loss   0.72 (  0.73)	Cls Acc 100.0 (100.0)	Domain Acc 50.4 (52.1)
Epoch: [3][ 850/1000]	Time  6.16 ( 6.96)	Data  6.09 ( 6.90)	Loss   0.73 (  0.73)	Cls Acc 100.0 (100.0)	Domain Acc 54.7 (52.2)
Epoch: [3][ 900/1000]	Time  8.52 ( 6.96)	Data  8.46 ( 6.90)	Loss   0.74 (  0.73)	Cls Acc 100.0 (100.0)	Domain Acc 49.6 (52.1)
Epoch: [3][ 950/1000]	Time  6.21 ( 6.96)	Data  6.15 ( 6.90)	Loss   0.69 (  0.73)	Cls Acc 100.0 (100.0)	Domain Acc 54.7 (52.1)
Test: [0/2]	Time  6.015 ( 6.015)	Loss 6.7373e-01 (6.7373e-01)	Acc@1  78.52 ( 78.52)	Acc@5  96.88 ( 96.88)
 * Acc@1 75.100 Acc@5 96.586
acc1 = 75.1, best_acc1 = 76.1
Epoch: [4][   0/1000]	Time  6.17 ( 6.17)	Data  6.10 ( 6.10)	Loss   0.75 (  0.75)	Cls Acc 100.0 (100.0)	Domain Acc 50.0 (50.0)
Epoch: [4][  50/1000]	Time  8.56 ( 6.98)	Data  8.49 ( 6.92)	Loss   0.73 (  0.75)	Cls Acc 100.0 (99.9)	Domain Acc 49.2 (49.0)
Epoch: [4][ 100/1000]	Time  6.19 ( 6.96)	Data  6.13 ( 6.89)	Loss   0.74 (  0.75)	Cls Acc 99.6 (99.9)	Domain Acc 52.9 (50.2)
Epoch: [4][ 150/1000]	Time  6.15 ( 6.96)	Data  6.09 ( 6.90)	Loss   0.81 (  0.75)	Cls Acc 99.6 (99.9)	Domain Acc 49.8 (51.4)
Epoch: [4][ 200/1000]	Time  8.47 ( 6.97)	Data  8.41 ( 6.90)	Loss   0.73 (  0.75)	Cls Acc 100.0 (99.9)	Domain Acc 52.0 (51.3)
Epoch: [4][ 250/1000]	Time  6.12 ( 6.96)	Data  6.06 ( 6.89)	Loss   0.71 (  0.74)	Cls Acc 100.0 (99.9)	Domain Acc 53.1 (52.4)
Epoch: [4][ 300/1000]	Time  6.13 ( 6.97)	Data  6.07 ( 6.90)	Loss   0.72 (  0.74)	Cls Acc 100.0 (99.9)	Domain Acc 51.8 (52.6)
Epoch: [4][ 350/1000]	Time  8.62 ( 6.97)	Data  8.56 ( 6.91)	Loss   0.69 (  0.73)	Cls Acc 100.0 (100.0)	Domain Acc 54.9 (52.4)
Epoch: [4][ 400/1000]	Time  6.18 ( 6.97)	Data  6.11 ( 6.90)	Loss   0.71 (  0.73)	Cls Acc 100.0 (100.0)	Domain Acc 49.6 (52.6)
Epoch: [4][ 450/1000]	Time  6.18 ( 6.97)	Data  6.11 ( 6.90)	Loss   0.69 (  0.73)	Cls Acc 100.0 (100.0)	Domain Acc 57.4 (52.9)
Epoch: [4][ 500/1000]	Time  8.54 ( 6.97)	Data  8.48 ( 6.90)	Loss   0.70 (  0.72)	Cls Acc 100.0 (100.0)	Domain Acc 54.1 (53.0)
Epoch: [4][ 550/1000]	Time  6.13 ( 6.96)	Data  6.07 ( 6.90)	Loss   0.73 (  0.72)	Cls Acc 100.0 (100.0)	Domain Acc 51.0 (52.9)
Epoch: [4][ 600/1000]	Time  6.18 ( 6.97)	Data  6.12 ( 6.90)	Loss   0.70 (  0.72)	Cls Acc 100.0 (100.0)	Domain Acc 55.5 (52.8)
Epoch: [4][ 650/1000]	Time  8.58 ( 6.97)	Data  8.51 ( 6.90)	Loss   0.70 (  0.72)	Cls Acc 100.0 (100.0)	Domain Acc 55.7 (52.9)
Epoch: [4][ 700/1000]	Time  6.15 ( 6.96)	Data  6.09 ( 6.90)	Loss   0.74 (  0.72)	Cls Acc 100.0 (100.0)	Domain Acc 46.9 (52.9)
Epoch: [4][ 750/1000]	Time  6.19 ( 6.97)	Data  6.13 ( 6.90)	Loss   0.69 (  0.72)	Cls Acc 100.0 (100.0)	Domain Acc 57.4 (52.8)
Epoch: [4][ 800/1000]	Time  8.50 ( 6.97)	Data  8.43 ( 6.90)	Loss   0.70 (  0.72)	Cls Acc 100.0 (100.0)	Domain Acc 53.5 (53.0)
Epoch: [4][ 850/1000]	Time  6.19 ( 6.97)	Data  6.13 ( 6.90)	Loss   0.71 (  0.72)	Cls Acc 100.0 (100.0)	Domain Acc 55.9 (53.0)
Epoch: [4][ 900/1000]	Time  6.22 ( 6.97)	Data  6.16 ( 6.90)	Loss   0.69 (  0.72)	Cls Acc 100.0 (100.0)	Domain Acc 57.2 (53.0)
Epoch: [4][ 950/1000]	Time  8.66 ( 6.97)	Data  8.60 ( 6.91)	Loss   0.72 (  0.72)	Cls Acc 100.0 (100.0)	Domain Acc 50.2 (52.9)
Test: [0/2]	Time  6.071 ( 6.071)	Loss 5.3004e-01 (5.3004e-01)	Acc@1  85.94 ( 85.94)	Acc@5  98.44 ( 98.44)
 * Acc@1 81.124 Acc@5 97.189
acc1 = 81.1, best_acc1 = 81.1
Epoch: [5][   0/1000]	Time  6.19 ( 6.19)	Data  6.13 ( 6.13)	Loss   0.70 (  0.70)	Cls Acc 100.0 (100.0)	Domain Acc 57.2 (57.2)
Epoch: [5][  50/1000]	Time  6.18 ( 6.98)	Data  6.11 ( 6.91)	Loss   0.72 (  0.72)	Cls Acc 100.0 (100.0)	Domain Acc 53.1 (50.8)
Epoch: [5][ 100/1000]	Time  8.61 ( 6.99)	Data  8.55 ( 6.92)	Loss   0.73 (  0.71)	Cls Acc 100.0 (100.0)	Domain Acc 48.8 (52.3)
Epoch: [5][ 150/1000]	Time  6.20 ( 6.97)	Data  6.14 ( 6.91)	Loss   0.70 (  0.71)	Cls Acc 100.0 (100.0)	Domain Acc 53.5 (52.6)
Epoch: [5][ 200/1000]	Time  6.16 ( 6.98)	Data  6.09 ( 6.91)	Loss   0.73 (  0.71)	Cls Acc 100.0 (100.0)	Domain Acc 46.5 (53.1)
Epoch: [5][ 250/1000]	Time  8.61 ( 6.98)	Data  8.55 ( 6.92)	Loss   0.72 (  0.71)	Cls Acc 100.0 (100.0)	Domain Acc 49.6 (52.7)
Epoch: [5][ 300/1000]	Time  6.23 ( 6.98)	Data  6.16 ( 6.91)	Loss   0.72 (  0.71)	Cls Acc 100.0 (100.0)	Domain Acc 48.6 (52.3)
Epoch: [5][ 350/1000]	Time  6.22 ( 6.99)	Data  6.15 ( 6.92)	Loss   0.70 (  0.71)	Cls Acc 100.0 (100.0)	Domain Acc 58.4 (52.0)
Epoch: [5][ 400/1000]	Time  8.66 ( 7.00)	Data  8.60 ( 6.93)	Loss   0.73 (  0.71)	Cls Acc 100.0 (100.0)	Domain Acc 50.2 (52.1)
Epoch: [5][ 450/1000]	Time  6.21 ( 7.00)	Data  6.15 ( 6.93)	Loss   0.73 (  0.71)	Cls Acc 100.0 (100.0)	Domain Acc 51.2 (51.9)
Epoch: [5][ 500/1000]	Time  6.25 ( 7.00)	Data  6.19 ( 6.94)	Loss   0.70 (  0.71)	Cls Acc 100.0 (100.0)	Domain Acc 54.9 (51.6)
Epoch: [5][ 550/1000]	Time  8.60 ( 7.01)	Data  8.54 ( 6.94)	Loss   0.72 (  0.71)	Cls Acc 100.0 (100.0)	Domain Acc 49.2 (51.9)
Epoch: [5][ 600/1000]	Time  6.18 ( 7.00)	Data  6.11 ( 6.94)	Loss   0.69 (  0.71)	Cls Acc 100.0 (100.0)	Domain Acc 59.2 (51.8)
Epoch: [5][ 650/1000]	Time  6.17 ( 7.01)	Data  6.11 ( 6.94)	Loss   0.69 (  0.71)	Cls Acc 100.0 (100.0)	Domain Acc 56.1 (52.0)
Epoch: [5][ 700/1000]	Time  8.60 ( 7.01)	Data  8.54 ( 6.94)	Loss   0.69 (  0.71)	Cls Acc 100.0 (100.0)	Domain Acc 57.2 (52.2)
Epoch: [5][ 750/1000]	Time  6.21 ( 7.01)	Data  6.14 ( 6.94)	Loss   0.74 (  0.71)	Cls Acc 100.0 (100.0)	Domain Acc 47.7 (52.2)
Epoch: [5][ 800/1000]	Time  6.20 ( 7.01)	Data  6.13 ( 6.94)	Loss   0.72 (  0.71)	Cls Acc 100.0 (100.0)	Domain Acc 53.5 (52.4)
Epoch: [5][ 850/1000]	Time  8.59 ( 7.01)	Data  8.53 ( 6.94)	Loss   0.72 (  0.71)	Cls Acc 100.0 (100.0)	Domain Acc 49.6 (52.5)
Epoch: [5][ 900/1000]	Time  6.24 ( 7.00)	Data  6.18 ( 6.94)	Loss   0.70 (  0.71)	Cls Acc 100.0 (100.0)	Domain Acc 57.2 (52.6)
Epoch: [5][ 950/1000]	Time  6.20 ( 7.01)	Data  6.14 ( 6.94)	Loss   0.70 (  0.71)	Cls Acc 100.0 (100.0)	Domain Acc 54.5 (52.6)
Test: [0/2]	Time  6.038 ( 6.038)	Loss 3.8053e-01 (3.8053e-01)	Acc@1  87.50 ( 87.50)	Acc@5  98.83 ( 98.83)
 * Acc@1 82.530 Acc@5 97.390
acc1 = 82.5, best_acc1 = 82.5
Epoch: [6][   0/1000]	Time  8.89 ( 8.89)	Data  8.83 ( 8.83)	Loss   0.67 (  0.67)	Cls Acc 100.0 (100.0)	Domain Acc 60.4 (60.4)
Epoch: [6][  50/1000]	Time  6.19 ( 7.02)	Data  6.12 ( 6.96)	Loss   0.70 (  0.70)	Cls Acc 100.0 (100.0)	Domain Acc 54.3 (53.8)
Epoch: [6][ 100/1000]	Time  6.24 ( 7.04)	Data  6.18 ( 6.97)	Loss   0.68 (  0.70)	Cls Acc 100.0 (100.0)	Domain Acc 61.1 (54.7)
Epoch: [6][ 150/1000]	Time  8.57 ( 7.04)	Data  8.51 ( 6.98)	Loss   0.71 (  0.70)	Cls Acc 100.0 (100.0)	Domain Acc 52.7 (54.5)
Epoch: [6][ 200/1000]	Time  6.21 ( 7.03)	Data  6.14 ( 6.97)	Loss   0.68 (  0.70)	Cls Acc 100.0 (100.0)	Domain Acc 61.5 (53.9)
Epoch: [6][ 250/1000]	Time  6.19 ( 7.04)	Data  6.12 ( 6.97)	Loss   0.71 (  0.70)	Cls Acc 100.0 (100.0)	Domain Acc 50.0 (53.7)
Epoch: [6][ 300/1000]	Time  8.62 ( 7.04)	Data  8.56 ( 6.97)	Loss   0.70 (  0.70)	Cls Acc 100.0 (100.0)	Domain Acc 58.0 (53.8)
Epoch: [6][ 350/1000]	Time  6.23 ( 7.03)	Data  6.17 ( 6.97)	Loss   0.71 (  0.70)	Cls Acc 100.0 (100.0)	Domain Acc 50.2 (53.7)
Epoch: [6][ 400/1000]	Time  6.21 ( 7.03)	Data  6.15 ( 6.97)	Loss   0.68 (  0.70)	Cls Acc 100.0 (100.0)	Domain Acc 60.4 (54.0)
Epoch: [6][ 450/1000]	Time  8.66 ( 7.03)	Data  8.60 ( 6.97)	Loss   0.73 (  0.70)	Cls Acc 100.0 (100.0)	Domain Acc 47.5 (53.8)
Epoch: [6][ 500/1000]	Time  6.22 ( 7.02)	Data  6.16 ( 6.96)	Loss   0.70 (  0.70)	Cls Acc 99.6 (100.0)	Domain Acc 55.1 (54.0)
Epoch: [6][ 550/1000]	Time  6.18 ( 7.02)	Data  6.11 ( 6.96)	Loss   0.72 (  0.71)	Cls Acc 100.0 (100.0)	Domain Acc 49.6 (53.4)
Epoch: [6][ 600/1000]	Time  8.57 ( 7.02)	Data  8.51 ( 6.96)	Loss   0.70 (  0.70)	Cls Acc 100.0 (100.0)	Domain Acc 54.9 (53.7)
Epoch: [6][ 650/1000]	Time  6.25 ( 7.02)	Data  6.19 ( 6.95)	Loss   0.72 (  0.71)	Cls Acc 100.0 (100.0)	Domain Acc 45.7 (53.3)
Epoch: [6][ 700/1000]	Time  6.21 ( 7.02)	Data  6.15 ( 6.95)	Loss   0.68 (  0.71)	Cls Acc 100.0 (100.0)	Domain Acc 58.8 (53.6)
Epoch: [6][ 750/1000]	Time  8.62 ( 7.02)	Data  8.56 ( 6.96)	Loss   0.73 (  0.71)	Cls Acc 100.0 (100.0)	Domain Acc 44.1 (53.4)
Epoch: [6][ 800/1000]	Time  6.23 ( 7.02)	Data  6.17 ( 6.96)	Loss   0.67 (  0.71)	Cls Acc 100.0 (100.0)	Domain Acc 64.8 (53.5)
Epoch: [6][ 850/1000]	Time  6.22 ( 7.02)	Data  6.16 ( 6.96)	Loss   0.73 (  0.71)	Cls Acc 100.0 (100.0)	Domain Acc 46.9 (53.6)
Epoch: [6][ 900/1000]	Time  8.68 ( 7.02)	Data  8.61 ( 6.96)	Loss   0.70 (  0.71)	Cls Acc 100.0 (100.0)	Domain Acc 58.4 (53.5)
Epoch: [6][ 950/1000]	Time  6.21 ( 7.02)	Data  6.14 ( 6.96)	Loss   0.71 (  0.71)	Cls Acc 100.0 (100.0)	Domain Acc 50.2 (53.5)
Test: [0/2]	Time  6.007 ( 6.007)	Loss 5.4117e-01 (5.4117e-01)	Acc@1  83.98 ( 83.98)	Acc@5  98.05 ( 98.05)
 * Acc@1 82.129 Acc@5 96.787
acc1 = 82.1, best_acc1 = 82.5
Epoch: [7][   0/1000]	Time  6.20 ( 6.20)	Data  6.14 ( 6.14)	Loss   0.68 (  0.68)	Cls Acc 100.0 (100.0)	Domain Acc 61.1 (61.1)
Epoch: [7][  50/1000]	Time  8.91 ( 7.05)	Data  8.84 ( 6.99)	Loss   0.73 (  0.71)	Cls Acc 100.0 (100.0)	Domain Acc 51.2 (52.9)
Epoch: [7][ 100/1000]	Time  6.18 ( 7.04)	Data  6.12 ( 6.97)	Loss   0.70 (  0.71)	Cls Acc 100.0 (100.0)	Domain Acc 56.2 (53.0)
Epoch: [7][ 150/1000]	Time  6.19 ( 7.05)	Data  6.12 ( 6.98)	Loss   0.73 (  0.72)	Cls Acc 100.0 (100.0)	Domain Acc 53.5 (53.2)
Epoch: [7][ 200/1000]	Time  8.73 ( 7.06)	Data  8.67 ( 7.00)	Loss   0.70 (  0.71)	Cls Acc 100.0 (100.0)	Domain Acc 56.6 (53.5)
Epoch: [7][ 250/1000]	Time  6.25 ( 7.07)	Data  6.18 ( 7.00)	Loss   0.70 (  0.71)	Cls Acc 100.0 (100.0)	Domain Acc 53.7 (53.8)
Epoch: [7][ 300/1000]	Time  6.26 ( 7.07)	Data  6.19 ( 7.01)	Loss   0.69 (  0.71)	Cls Acc 100.0 (100.0)	Domain Acc 56.6 (53.7)
Epoch: [7][ 350/1000]	Time  8.57 ( 7.06)	Data  8.50 ( 7.00)	Loss   0.72 (  0.71)	Cls Acc 100.0 (100.0)	Domain Acc 45.5 (53.8)
Epoch: [7][ 400/1000]	Time  6.20 ( 7.06)	Data  6.14 ( 6.99)	Loss   0.70 (  0.71)	Cls Acc 99.6 (100.0)	Domain Acc 54.1 (53.6)
Epoch: [7][ 450/1000]	Time  6.17 ( 7.05)	Data  6.10 ( 6.99)	Loss   0.71 (  0.71)	Cls Acc 100.0 (100.0)	Domain Acc 53.5 (53.9)
Epoch: [7][ 500/1000]	Time  8.57 ( 7.05)	Data  8.50 ( 6.99)	Loss   0.71 (  0.71)	Cls Acc 100.0 (100.0)	Domain Acc 51.8 (53.9)
Epoch: [7][ 550/1000]	Time  6.18 ( 7.04)	Data  6.11 ( 6.98)	Loss   0.70 (  0.71)	Cls Acc 100.0 (100.0)	Domain Acc 53.3 (53.9)
Epoch: [7][ 600/1000]	Time  6.18 ( 7.04)	Data  6.12 ( 6.97)	Loss   0.71 (  0.71)	Cls Acc 100.0 (100.0)	Domain Acc 51.4 (53.6)
Epoch: [7][ 650/1000]	Time  8.63 ( 7.04)	Data  8.57 ( 6.97)	Loss   0.70 (  0.70)	Cls Acc 100.0 (100.0)	Domain Acc 51.8 (53.7)
Epoch: [7][ 700/1000]	Time  6.22 ( 7.03)	Data  6.15 ( 6.97)	Loss   0.68 (  0.70)	Cls Acc 100.0 (100.0)	Domain Acc 60.4 (53.7)
Epoch: [7][ 750/1000]	Time  6.22 ( 7.03)	Data  6.15 ( 6.97)	Loss   0.69 (  0.70)	Cls Acc 100.0 (100.0)	Domain Acc 55.9 (53.9)
Epoch: [7][ 800/1000]	Time  8.55 ( 7.03)	Data  8.49 ( 6.97)	Loss   0.70 (  0.70)	Cls Acc 100.0 (100.0)	Domain Acc 54.9 (53.8)
Epoch: [7][ 850/1000]	Time  6.22 ( 7.03)	Data  6.16 ( 6.96)	Loss   0.69 (  0.70)	Cls Acc 100.0 (100.0)	Domain Acc 55.5 (53.7)
Epoch: [7][ 900/1000]	Time  6.23 ( 7.03)	Data  6.16 ( 6.96)	Loss   0.72 (  0.70)	Cls Acc 100.0 (100.0)	Domain Acc 49.8 (53.7)
Epoch: [7][ 950/1000]	Time  8.56 ( 7.03)	Data  8.50 ( 6.96)	Loss   0.71 (  0.70)	Cls Acc 100.0 (100.0)	Domain Acc 52.3 (53.7)
Test: [0/2]	Time  6.020 ( 6.020)	Loss 5.1695e-01 (5.1695e-01)	Acc@1  86.33 ( 86.33)	Acc@5  97.27 ( 97.27)
 * Acc@1 82.129 Acc@5 94.980
acc1 = 82.1, best_acc1 = 82.5
Epoch: [8][   0/1000]	Time  6.19 ( 6.19)	Data  6.13 ( 6.13)	Loss   0.71 (  0.71)	Cls Acc 100.0 (100.0)	Domain Acc 50.6 (50.6)
Epoch: [8][  50/1000]	Time  6.16 ( 6.99)	Data  6.10 ( 6.93)	Loss   0.70 (  0.70)	Cls Acc 100.0 (100.0)	Domain Acc 51.4 (52.5)
Epoch: [8][ 100/1000]	Time  8.59 ( 6.99)	Data  8.52 ( 6.93)	Loss   0.68 (  0.70)	Cls Acc 100.0 (100.0)	Domain Acc 61.1 (52.0)
Epoch: [8][ 150/1000]	Time  6.13 ( 6.97)	Data  6.07 ( 6.91)	Loss   0.71 (  0.70)	Cls Acc 100.0 (100.0)	Domain Acc 47.5 (53.0)
Epoch: [8][ 200/1000]	Time  6.15 ( 6.98)	Data  6.08 ( 6.91)	Loss   0.70 (  0.70)	Cls Acc 100.0 (100.0)	Domain Acc 56.1 (53.4)
Epoch: [8][ 250/1000]	Time  8.57 ( 6.98)	Data  8.50 ( 6.92)	Loss   0.71 (  0.70)	Cls Acc 100.0 (100.0)	Domain Acc 50.4 (53.6)
Epoch: [8][ 300/1000]	Time  6.14 ( 6.98)	Data  6.08 ( 6.91)	Loss   0.70 (  0.70)	Cls Acc 100.0 (100.0)	Domain Acc 52.0 (53.6)
Epoch: [8][ 350/1000]	Time  6.33 ( 6.98)	Data  6.26 ( 6.92)	Loss   0.70 (  0.70)	Cls Acc 100.0 (100.0)	Domain Acc 53.3 (53.5)
Epoch: [8][ 400/1000]	Time  8.52 ( 6.99)	Data  8.46 ( 6.92)	Loss   0.70 (  0.70)	Cls Acc 100.0 (100.0)	Domain Acc 53.3 (53.4)
Epoch: [8][ 450/1000]	Time  6.14 ( 6.99)	Data  6.08 ( 6.92)	Loss   0.72 (  0.70)	Cls Acc 100.0 (100.0)	Domain Acc 47.5 (53.5)
Epoch: [8][ 500/1000]	Time  6.23 ( 6.99)	Data  6.16 ( 6.93)	Loss   0.71 (  0.70)	Cls Acc 100.0 (100.0)	Domain Acc 50.8 (53.6)
Epoch: [8][ 550/1000]	Time  8.55 ( 6.99)	Data  8.48 ( 6.93)	Loss   0.71 (  0.70)	Cls Acc 100.0 (100.0)	Domain Acc 52.3 (53.4)
Epoch: [8][ 600/1000]	Time  6.17 ( 6.99)	Data  6.10 ( 6.93)	Loss   0.69 (  0.70)	Cls Acc 100.0 (100.0)	Domain Acc 57.8 (53.4)
Epoch: [8][ 650/1000]	Time  6.16 ( 6.99)	Data  6.09 ( 6.93)	Loss   0.72 (  0.70)	Cls Acc 100.0 (100.0)	Domain Acc 48.0 (53.7)
Epoch: [8][ 700/1000]	Time  8.51 ( 6.99)	Data  8.45 ( 6.93)	Loss   0.70 (  0.70)	Cls Acc 100.0 (100.0)	Domain Acc 53.7 (53.7)
Epoch: [8][ 750/1000]	Time  6.17 ( 6.99)	Data  6.10 ( 6.93)	Loss   0.70 (  0.70)	Cls Acc 100.0 (100.0)	Domain Acc 55.1 (53.6)
Epoch: [8][ 800/1000]	Time  6.23 ( 6.99)	Data  6.17 ( 6.93)	Loss   0.70 (  0.70)	Cls Acc 100.0 (100.0)	Domain Acc 54.5 (53.5)
Epoch: [8][ 850/1000]	Time  8.53 ( 6.99)	Data  8.47 ( 6.93)	Loss   0.70 (  0.70)	Cls Acc 100.0 (100.0)	Domain Acc 53.7 (53.7)
Epoch: [8][ 900/1000]	Time  6.16 ( 6.99)	Data  6.10 ( 6.92)	Loss   0.69 (  0.70)	Cls Acc 100.0 (100.0)	Domain Acc 58.4 (53.6)
Epoch: [8][ 950/1000]	Time  6.19 ( 6.99)	Data  6.12 ( 6.92)	Loss   0.69 (  0.70)	Cls Acc 100.0 (100.0)	Domain Acc 55.9 (53.6)
Test: [0/2]	Time  6.017 ( 6.017)	Loss 4.9452e-01 (4.9452e-01)	Acc@1  85.94 ( 85.94)	Acc@5  98.83 ( 98.83)
 * Acc@1 79.317 Acc@5 96.586
acc1 = 79.3, best_acc1 = 82.5
Epoch: [9][   0/1000]	Time  8.54 ( 8.54)	Data  8.47 ( 8.47)	Loss   0.70 (  0.70)	Cls Acc 100.0 (100.0)	Domain Acc 55.5 (55.5)
Epoch: [9][  50/1000]	Time  6.19 ( 6.97)	Data  6.12 ( 6.91)	Loss   0.67 (  0.70)	Cls Acc 100.0 (100.0)	Domain Acc 63.1 (54.1)
Epoch: [9][ 100/1000]	Time  6.24 ( 6.98)	Data  6.17 ( 6.92)	Loss   0.70 (  0.70)	Cls Acc 100.0 (100.0)	Domain Acc 55.3 (54.7)
Epoch: [9][ 150/1000]	Time  8.50 ( 6.98)	Data  8.44 ( 6.92)	Loss   0.69 (  0.70)	Cls Acc 100.0 (100.0)	Domain Acc 56.4 (53.8)
Epoch: [9][ 200/1000]	Time  6.17 ( 6.98)	Data  6.11 ( 6.91)	Loss   0.70 (  0.70)	Cls Acc 100.0 (100.0)	Domain Acc 56.8 (54.0)
Epoch: [9][ 250/1000]	Time  6.18 ( 6.98)	Data  6.12 ( 6.92)	Loss   0.71 (  0.70)	Cls Acc 100.0 (100.0)	Domain Acc 50.0 (54.0)
Epoch: [9][ 300/1000]	Time  8.56 ( 6.98)	Data  8.50 ( 6.92)	Loss   0.70 (  0.70)	Cls Acc 100.0 (100.0)	Domain Acc 56.4 (54.2)
Epoch: [9][ 350/1000]	Time  6.19 ( 6.98)	Data  6.13 ( 6.91)	Loss   0.71 (  0.70)	Cls Acc 100.0 (100.0)	Domain Acc 49.6 (54.0)
Epoch: [9][ 400/1000]	Time  6.12 ( 6.98)	Data  6.05 ( 6.91)	Loss   0.71 (  0.70)	Cls Acc 100.0 (100.0)	Domain Acc 52.7 (54.2)
Epoch: [9][ 450/1000]	Time  8.52 ( 6.98)	Data  8.45 ( 6.92)	Loss   0.70 (  0.70)	Cls Acc 100.0 (100.0)	Domain Acc 54.3 (54.1)
Epoch: [9][ 500/1000]	Time  6.19 ( 6.98)	Data  6.12 ( 6.91)	Loss   0.70 (  0.70)	Cls Acc 100.0 (100.0)	Domain Acc 54.9 (54.2)
Epoch: [9][ 550/1000]	Time  6.19 ( 6.98)	Data  6.12 ( 6.92)	Loss   0.68 (  0.70)	Cls Acc 100.0 (100.0)	Domain Acc 61.5 (54.2)
Epoch: [9][ 600/1000]	Time  8.56 ( 6.98)	Data  8.50 ( 6.92)	Loss   0.71 (  0.70)	Cls Acc 100.0 (100.0)	Domain Acc 52.5 (54.4)
Epoch: [9][ 650/1000]	Time  6.17 ( 6.98)	Data  6.10 ( 6.91)	Loss   0.70 (  0.70)	Cls Acc 100.0 (100.0)	Domain Acc 52.9 (54.2)
Epoch: [9][ 700/1000]	Time  6.19 ( 6.98)	Data  6.13 ( 6.92)	Loss   0.70 (  0.70)	Cls Acc 100.0 (100.0)	Domain Acc 54.7 (54.4)
Epoch: [9][ 750/1000]	Time  8.67 ( 6.98)	Data  8.61 ( 6.92)	Loss   0.70 (  0.70)	Cls Acc 100.0 (100.0)	Domain Acc 57.2 (54.4)
Epoch: [9][ 800/1000]	Time  6.17 ( 6.98)	Data  6.11 ( 6.91)	Loss   0.69 (  0.70)	Cls Acc 100.0 (100.0)	Domain Acc 58.0 (54.2)
Epoch: [9][ 850/1000]	Time  6.17 ( 6.98)	Data  6.11 ( 6.92)	Loss   0.72 (  0.70)	Cls Acc 100.0 (100.0)	Domain Acc 48.0 (54.4)
Epoch: [9][ 900/1000]	Time  8.75 ( 6.98)	Data  8.69 ( 6.92)	Loss   0.70 (  0.70)	Cls Acc 100.0 (100.0)	Domain Acc 51.0 (54.2)
Epoch: [9][ 950/1000]	Time  6.12 ( 6.98)	Data  6.06 ( 6.91)	Loss   0.70 (  0.70)	Cls Acc 100.0 (100.0)	Domain Acc 57.2 (54.1)
Test: [0/2]	Time  5.982 ( 5.982)	Loss 7.7692e-01 (7.7692e-01)	Acc@1  81.64 ( 81.64)	Acc@5  96.09 ( 96.09)
 * Acc@1 77.711 Acc@5 95.582
acc1 = 77.7, best_acc1 = 82.5
Epoch: [10][   0/1000]	Time  6.15 ( 6.15)	Data  6.08 ( 6.08)	Loss   0.72 (  0.72)	Cls Acc 100.0 (100.0)	Domain Acc 47.5 (47.5)
Epoch: [10][  50/1000]	Time  8.60 ( 6.99)	Data  8.53 ( 6.93)	Loss   0.69 (  0.70)	Cls Acc 100.0 (100.0)	Domain Acc 55.5 (53.2)
Epoch: [10][ 100/1000]	Time  6.18 ( 6.97)	Data  6.12 ( 6.91)	Loss   0.69 (  0.70)	Cls Acc 100.0 (100.0)	Domain Acc 58.2 (53.7)
Epoch: [10][ 150/1000]	Time  6.19 ( 6.99)	Data  6.13 ( 6.92)	Loss   0.71 (  0.70)	Cls Acc 100.0 (100.0)	Domain Acc 51.0 (54.7)
Epoch: [10][ 200/1000]	Time  8.84 ( 6.99)	Data  8.77 ( 6.93)	Loss   0.70 (  0.70)	Cls Acc 100.0 (100.0)	Domain Acc 56.2 (54.1)
Epoch: [10][ 250/1000]	Time  6.16 ( 6.99)	Data  6.10 ( 6.92)	Loss   0.70 (  0.70)	Cls Acc 100.0 (100.0)	Domain Acc 52.7 (54.1)
Epoch: [10][ 300/1000]	Time  6.18 ( 6.99)	Data  6.12 ( 6.93)	Loss   0.70 (  0.70)	Cls Acc 100.0 (100.0)	Domain Acc 54.7 (54.5)
Epoch: [10][ 350/1000]	Time  8.73 ( 6.99)	Data  8.66 ( 6.93)	Loss   0.71 (  0.70)	Cls Acc 100.0 (100.0)	Domain Acc 48.6 (54.0)
Epoch: [10][ 400/1000]	Time  6.17 ( 6.99)	Data  6.11 ( 6.92)	Loss   0.69 (  0.70)	Cls Acc 100.0 (100.0)	Domain Acc 54.9 (54.2)
Epoch: [10][ 450/1000]	Time  6.18 ( 6.99)	Data  6.12 ( 6.93)	Loss   0.68 (  0.70)	Cls Acc 100.0 (100.0)	Domain Acc 59.4 (54.5)
Epoch: [10][ 500/1000]	Time  8.99 ( 7.01)	Data  8.93 ( 6.94)	Loss   0.71 (  0.70)	Cls Acc 100.0 (100.0)	Domain Acc 52.3 (54.4)
Epoch: [10][ 550/1000]	Time  6.28 ( 7.02)	Data  6.22 ( 6.95)	Loss   0.69 (  0.70)	Cls Acc 100.0 (100.0)	Domain Acc 58.2 (54.3)
Epoch: [10][ 600/1000]	Time  6.25 ( 7.03)	Data  6.18 ( 6.97)	Loss   0.69 (  0.70)	Cls Acc 100.0 (100.0)	Domain Acc 55.9 (54.5)
Epoch: [10][ 650/1000]	Time  8.96 ( 7.04)	Data  8.89 ( 6.98)	Loss   0.70 (  0.70)	Cls Acc 100.0 (100.0)	Domain Acc 55.5 (54.4)
Epoch: [10][ 700/1000]	Time  6.28 ( 7.05)	Data  6.21 ( 6.98)	Loss   0.69 (  0.70)	Cls Acc 100.0 (100.0)	Domain Acc 56.1 (54.4)
Epoch: [10][ 750/1000]	Time  6.28 ( 7.05)	Data  6.22 ( 6.99)	Loss   0.70 (  0.70)	Cls Acc 100.0 (100.0)	Domain Acc 53.1 (54.4)
Epoch: [10][ 800/1000]	Time  8.55 ( 7.05)	Data  8.49 ( 6.99)	Loss   0.70 (  0.70)	Cls Acc 100.0 (100.0)	Domain Acc 53.1 (54.4)
Epoch: [10][ 850/1000]	Time  6.15 ( 7.05)	Data  6.08 ( 6.98)	Loss   0.72 (  0.70)	Cls Acc 100.0 (100.0)	Domain Acc 45.9 (54.5)
Epoch: [10][ 900/1000]	Time  6.19 ( 7.05)	Data  6.13 ( 6.98)	Loss   0.70 (  0.70)	Cls Acc 100.0 (100.0)	Domain Acc 52.9 (54.3)
Epoch: [10][ 950/1000]	Time  8.49 ( 7.04)	Data  8.43 ( 6.98)	Loss   0.70 (  0.70)	Cls Acc 100.0 (100.0)	Domain Acc 53.9 (54.4)
Test: [0/2]	Time  5.995 ( 5.995)	Loss 5.5139e-01 (5.5139e-01)	Acc@1  85.16 ( 85.16)	Acc@5  98.83 ( 98.83)
 * Acc@1 79.518 Acc@5 95.783
acc1 = 79.5, best_acc1 = 82.5
Epoch: [11][   0/1000]	Time  6.12 ( 6.12)	Data  6.06 ( 6.06)	Loss   0.69 (  0.69)	Cls Acc 100.0 (100.0)	Domain Acc 56.2 (56.2)
Epoch: [11][  50/1000]	Time  6.22 ( 6.96)	Data  6.16 ( 6.89)	Loss   0.69 (  0.70)	Cls Acc 100.0 (100.0)	Domain Acc 55.1 (52.7)
Epoch: [11][ 100/1000]	Time  8.45 ( 6.96)	Data  8.39 ( 6.90)	Loss   0.69 (  0.70)	Cls Acc 100.0 (100.0)	Domain Acc 59.0 (55.1)
Epoch: [11][ 150/1000]	Time  6.17 ( 6.95)	Data  6.10 ( 6.88)	Loss   0.71 (  0.70)	Cls Acc 100.0 (100.0)	Domain Acc 51.2 (54.8)
Epoch: [11][ 200/1000]	Time  6.14 ( 6.95)	Data  6.07 ( 6.89)	Loss   0.69 (  0.70)	Cls Acc 100.0 (100.0)	Domain Acc 55.3 (54.4)
Epoch: [11][ 250/1000]	Time  8.52 ( 6.96)	Data  8.46 ( 6.89)	Loss   0.69 (  0.70)	Cls Acc 100.0 (100.0)	Domain Acc 56.8 (54.7)
Epoch: [11][ 300/1000]	Time  6.21 ( 6.95)	Data  6.14 ( 6.89)	Loss   0.71 (  0.70)	Cls Acc 100.0 (100.0)	Domain Acc 49.0 (54.3)
Epoch: [11][ 350/1000]	Time  6.15 ( 6.95)	Data  6.09 ( 6.89)	Loss   0.69 (  0.70)	Cls Acc 100.0 (100.0)	Domain Acc 55.5 (54.5)
Epoch: [11][ 400/1000]	Time  8.75 ( 6.96)	Data  8.68 ( 6.89)	Loss   0.70 (  0.70)	Cls Acc 100.0 (100.0)	Domain Acc 53.3 (54.7)
Epoch: [11][ 450/1000]	Time  6.12 ( 6.95)	Data  6.06 ( 6.89)	Loss   0.70 (  0.70)	Cls Acc 100.0 (100.0)	Domain Acc 51.8 (54.5)
Epoch: [11][ 500/1000]	Time  6.14 ( 6.96)	Data  6.08 ( 6.89)	Loss   0.70 (  0.70)	Cls Acc 100.0 (100.0)	Domain Acc 54.5 (54.5)
Epoch: [11][ 550/1000]	Time  8.65 ( 6.96)	Data  8.59 ( 6.90)	Loss   0.70 (  0.70)	Cls Acc 100.0 (100.0)	Domain Acc 53.7 (54.6)
Epoch: [11][ 600/1000]	Time  6.14 ( 6.96)	Data  6.08 ( 6.89)	Loss   0.69 (  0.70)	Cls Acc 100.0 (100.0)	Domain Acc 57.6 (54.6)
Epoch: [11][ 650/1000]	Time  6.18 ( 6.96)	Data  6.12 ( 6.89)	Loss   0.71 (  0.70)	Cls Acc 100.0 (100.0)	Domain Acc 46.7 (54.6)
Epoch: [11][ 700/1000]	Time  8.48 ( 6.96)	Data  8.42 ( 6.90)	Loss   0.69 (  0.70)	Cls Acc 100.0 (100.0)	Domain Acc 54.9 (54.5)
Epoch: [11][ 750/1000]	Time  6.14 ( 6.96)	Data  6.07 ( 6.89)	Loss   0.70 (  0.70)	Cls Acc 100.0 (100.0)	Domain Acc 53.7 (54.7)
Epoch: [11][ 800/1000]	Time  6.20 ( 6.96)	Data  6.14 ( 6.90)	Loss   0.70 (  0.70)	Cls Acc 100.0 (100.0)	Domain Acc 52.7 (54.7)
Epoch: [11][ 850/1000]	Time  8.42 ( 6.96)	Data  8.36 ( 6.90)	Loss   0.69 (  0.70)	Cls Acc 100.0 (100.0)	Domain Acc 56.4 (54.7)
Epoch: [11][ 900/1000]	Time  6.17 ( 6.96)	Data  6.10 ( 6.90)	Loss   0.69 (  0.70)	Cls Acc 100.0 (100.0)	Domain Acc 57.2 (54.8)
Epoch: [11][ 950/1000]	Time  6.19 ( 6.96)	Data  6.13 ( 6.90)	Loss   0.71 (  0.70)	Cls Acc 100.0 (100.0)	Domain Acc 50.0 (54.7)
Test: [0/2]	Time  5.942 ( 5.942)	Loss 5.1712e-01 (5.1712e-01)	Acc@1  87.11 ( 87.11)	Acc@5  97.66 ( 97.66)
 * Acc@1 81.124 Acc@5 95.984
acc1 = 81.1, best_acc1 = 82.5
Epoch: [12][   0/1000]	Time  8.44 ( 8.44)	Data  8.37 ( 8.37)	Loss   0.68 (  0.68)	Cls Acc 100.0 (100.0)	Domain Acc 60.0 (60.0)
Epoch: [12][  50/1000]	Time  6.19 ( 6.95)	Data  6.13 ( 6.89)	Loss   0.69 (  0.69)	Cls Acc 100.0 (100.0)	Domain Acc 55.5 (54.5)
Epoch: [12][ 100/1000]	Time  6.18 ( 6.96)	Data  6.11 ( 6.90)	Loss   0.70 (  0.70)	Cls Acc 100.0 (100.0)	Domain Acc 56.1 (55.0)
Epoch: [12][ 150/1000]	Time  8.55 ( 6.96)	Data  8.49 ( 6.90)	Loss   0.70 (  0.70)	Cls Acc 100.0 (100.0)	Domain Acc 57.0 (55.1)
Epoch: [12][ 200/1000]	Time  6.19 ( 6.95)	Data  6.12 ( 6.89)	Loss   0.69 (  0.70)	Cls Acc 100.0 (100.0)	Domain Acc 56.8 (55.4)
Epoch: [12][ 250/1000]	Time  6.08 ( 6.96)	Data  6.02 ( 6.89)	Loss   0.71 (  0.70)	Cls Acc 100.0 (100.0)	Domain Acc 52.3 (55.4)
Epoch: [12][ 300/1000]	Time  8.54 ( 6.96)	Data  8.47 ( 6.90)	Loss   0.69 (  0.70)	Cls Acc 100.0 (100.0)	Domain Acc 54.5 (55.4)
Epoch: [12][ 350/1000]	Time  6.15 ( 6.96)	Data  6.09 ( 6.89)	Loss   0.70 (  0.70)	Cls Acc 100.0 (100.0)	Domain Acc 53.9 (55.1)
Epoch: [12][ 400/1000]	Time  6.15 ( 6.96)	Data  6.09 ( 6.89)	Loss   0.68 (  0.70)	Cls Acc 100.0 (100.0)	Domain Acc 62.3 (55.3)
Epoch: [12][ 450/1000]	Time  8.97 ( 6.97)	Data  8.91 ( 6.90)	Loss   0.71 (  0.70)	Cls Acc 100.0 (100.0)	Domain Acc 50.6 (55.7)
Epoch: [12][ 500/1000]	Time  6.16 ( 6.96)	Data  6.10 ( 6.90)	Loss   0.70 (  0.70)	Cls Acc 100.0 (100.0)	Domain Acc 56.1 (55.4)
Epoch: [12][ 550/1000]	Time  6.19 ( 6.97)	Data  6.12 ( 6.90)	Loss   0.68 (  0.70)	Cls Acc 100.0 (100.0)	Domain Acc 63.1 (55.6)
Epoch: [12][ 600/1000]	Time  8.63 ( 6.97)	Data  8.56 ( 6.91)	Loss   0.71 (  0.70)	Cls Acc 100.0 (100.0)	Domain Acc 49.2 (55.5)
Epoch: [12][ 650/1000]	Time  6.12 ( 6.97)	Data  6.06 ( 6.91)	Loss   0.69 (  0.70)	Cls Acc 100.0 (100.0)	Domain Acc 58.6 (55.5)
Epoch: [12][ 700/1000]	Time  6.17 ( 6.97)	Data  6.11 ( 6.91)	Loss   0.69 (  0.70)	Cls Acc 100.0 (100.0)	Domain Acc 58.2 (55.5)
Epoch: [12][ 750/1000]	Time  8.50 ( 6.97)	Data  8.44 ( 6.91)	Loss   0.70 (  0.70)	Cls Acc 100.0 (100.0)	Domain Acc 55.1 (55.4)
Epoch: [12][ 800/1000]	Time  6.15 ( 6.97)	Data  6.08 ( 6.91)	Loss   0.71 (  0.70)	Cls Acc 100.0 (100.0)	Domain Acc 50.0 (55.3)
Epoch: [12][ 850/1000]	Time  6.37 ( 6.97)	Data  6.30 ( 6.91)	Loss   0.70 (  0.70)	Cls Acc 100.0 (100.0)	Domain Acc 55.1 (55.4)
Epoch: [12][ 900/1000]	Time  8.50 ( 6.98)	Data  8.44 ( 6.91)	Loss   0.71 (  0.70)	Cls Acc 100.0 (100.0)	Domain Acc 50.8 (55.2)
Epoch: [12][ 950/1000]	Time  6.11 ( 6.97)	Data  6.04 ( 6.91)	Loss   0.70 (  0.70)	Cls Acc 100.0 (100.0)	Domain Acc 51.6 (55.1)
Test: [0/2]	Time  6.053 ( 6.053)	Loss 7.1112e-01 (7.1112e-01)	Acc@1  83.98 ( 83.98)	Acc@5  98.83 ( 98.83)
 * Acc@1 80.723 Acc@5 94.980
acc1 = 80.7, best_acc1 = 82.5
Epoch: [13][   0/1000]	Time  6.19 ( 6.19)	Data  6.13 ( 6.13)	Loss   0.70 (  0.70)	Cls Acc 100.0 (100.0)	Domain Acc 51.6 (51.6)
Epoch: [13][  50/1000]	Time  8.85 ( 7.00)	Data  8.78 ( 6.94)	Loss   0.70 (  0.70)	Cls Acc 100.0 (100.0)	Domain Acc 53.7 (53.6)
Epoch: [13][ 100/1000]	Time  6.19 ( 6.99)	Data  6.13 ( 6.93)	Loss   0.69 (  0.70)	Cls Acc 100.0 (100.0)	Domain Acc 57.4 (53.6)
Epoch: [13][ 150/1000]	Time  6.21 ( 6.99)	Data  6.15 ( 6.93)	Loss   0.71 (  0.70)	Cls Acc 100.0 (100.0)	Domain Acc 51.8 (53.9)
Epoch: [13][ 200/1000]	Time  8.55 ( 6.99)	Data  8.49 ( 6.93)	Loss   0.70 (  0.70)	Cls Acc 100.0 (100.0)	Domain Acc 51.0 (54.0)
Epoch: [13][ 250/1000]	Time  6.23 ( 6.99)	Data  6.16 ( 6.93)	Loss   0.69 (  0.70)	Cls Acc 100.0 (100.0)	Domain Acc 60.9 (54.4)
Epoch: [13][ 300/1000]	Time  6.23 ( 7.00)	Data  6.17 ( 6.93)	Loss   0.71 (  0.70)	Cls Acc 100.0 (100.0)	Domain Acc 47.9 (54.5)
Epoch: [13][ 350/1000]	Time  8.58 ( 7.00)	Data  8.52 ( 6.93)	Loss   0.70 (  0.70)	Cls Acc 100.0 (100.0)	Domain Acc 52.0 (54.3)
Epoch: [13][ 400/1000]	Time  6.10 ( 6.99)	Data  6.04 ( 6.92)	Loss   0.69 (  0.70)	Cls Acc 100.0 (100.0)	Domain Acc 58.4 (54.2)
Epoch: [13][ 450/1000]	Time  6.20 ( 6.99)	Data  6.14 ( 6.92)	Loss   0.70 (  0.70)	Cls Acc 100.0 (100.0)	Domain Acc 51.2 (54.4)
Epoch: [13][ 500/1000]	Time  8.55 ( 6.99)	Data  8.48 ( 6.92)	Loss   0.70 (  0.70)	Cls Acc 100.0 (100.0)	Domain Acc 50.8 (54.2)
Epoch: [13][ 550/1000]	Time  6.15 ( 6.98)	Data  6.08 ( 6.92)	Loss   0.69 (  0.70)	Cls Acc 100.0 (100.0)	Domain Acc 57.2 (54.2)
Epoch: [13][ 600/1000]	Time  6.20 ( 6.98)	Data  6.13 ( 6.92)	Loss   0.70 (  0.70)	Cls Acc 100.0 (100.0)	Domain Acc 53.1 (54.4)
Epoch: [13][ 650/1000]	Time  8.45 ( 6.98)	Data  8.39 ( 6.92)	Loss   0.69 (  0.70)	Cls Acc 100.0 (100.0)	Domain Acc 59.8 (54.2)
Epoch: [13][ 700/1000]	Time  6.19 ( 6.98)	Data  6.13 ( 6.92)	Loss   0.70 (  0.70)	Cls Acc 100.0 (100.0)	Domain Acc 52.5 (54.4)
Epoch: [13][ 750/1000]	Time  6.14 ( 6.98)	Data  6.08 ( 6.92)	Loss   0.70 (  0.70)	Cls Acc 100.0 (100.0)	Domain Acc 55.3 (54.4)
Epoch: [13][ 800/1000]	Time  8.48 ( 6.98)	Data  8.41 ( 6.92)	Loss   0.69 (  0.70)	Cls Acc 100.0 (100.0)	Domain Acc 56.8 (54.5)
Epoch: [13][ 850/1000]	Time  6.20 ( 6.98)	Data  6.14 ( 6.92)	Loss   0.70 (  0.70)	Cls Acc 100.0 (100.0)	Domain Acc 57.0 (54.6)
Epoch: [13][ 900/1000]	Time  6.15 ( 6.98)	Data  6.09 ( 6.92)	Loss   0.70 (  0.70)	Cls Acc 100.0 (100.0)	Domain Acc 52.7 (54.7)
Epoch: [13][ 950/1000]	Time  8.65 ( 6.98)	Data  8.59 ( 6.92)	Loss   0.70 (  0.70)	Cls Acc 100.0 (100.0)	Domain Acc 53.1 (54.5)
Test: [0/2]	Time  6.065 ( 6.065)	Loss 6.1033e-01 (6.1033e-01)	Acc@1  85.55 ( 85.55)	Acc@5  97.66 ( 97.66)
 * Acc@1 79.920 Acc@5 94.779
acc1 = 79.9, best_acc1 = 82.5
Epoch: [14][   0/1000]	Time  6.19 ( 6.19)	Data  6.13 ( 6.13)	Loss   0.69 (  0.69)	Cls Acc 100.0 (100.0)	Domain Acc 54.3 (54.3)
Epoch: [14][  50/1000]	Time  6.18 ( 6.98)	Data  6.12 ( 6.91)	Loss   0.70 (  0.70)	Cls Acc 100.0 (100.0)	Domain Acc 56.4 (53.6)
Epoch: [14][ 100/1000]	Time  8.59 ( 7.00)	Data  8.52 ( 6.94)	Loss   0.69 (  0.69)	Cls Acc 100.0 (100.0)	Domain Acc 58.4 (55.5)
Epoch: [14][ 150/1000]	Time  6.18 ( 6.99)	Data  6.12 ( 6.92)	Loss   0.71 (  0.70)	Cls Acc 100.0 (100.0)	Domain Acc 51.8 (53.8)
Epoch: [14][ 200/1000]	Time  6.19 ( 6.99)	Data  6.13 ( 6.93)	Loss   0.69 (  0.70)	Cls Acc 100.0 (100.0)	Domain Acc 60.4 (54.6)
Epoch: [14][ 250/1000]	Time  8.52 ( 7.00)	Data  8.45 ( 6.93)	Loss   0.72 (  0.70)	Cls Acc 100.0 (100.0)	Domain Acc 46.9 (54.8)
Epoch: [14][ 300/1000]	Time  6.24 ( 6.99)	Data  6.18 ( 6.93)	Loss   0.69 (  0.70)	Cls Acc 100.0 (100.0)	Domain Acc 55.7 (54.7)
Epoch: [14][ 350/1000]	Time  6.16 ( 7.00)	Data  6.10 ( 6.93)	Loss   0.72 (  0.70)	Cls Acc 100.0 (100.0)	Domain Acc 43.4 (54.6)
Epoch: [14][ 400/1000]	Time  8.58 ( 7.00)	Data  8.51 ( 6.94)	Loss   0.70 (  0.70)	Cls Acc 100.0 (100.0)	Domain Acc 55.3 (54.2)
Epoch: [14][ 450/1000]	Time  6.21 ( 7.00)	Data  6.15 ( 6.93)	Loss   0.69 (  0.70)	Cls Acc 100.0 (100.0)	Domain Acc 54.1 (54.3)
Epoch: [14][ 500/1000]	Time  6.28 ( 7.00)	Data  6.22 ( 6.94)	Loss   0.71 (  0.70)	Cls Acc 100.0 (100.0)	Domain Acc 52.5 (54.2)
Epoch: [14][ 550/1000]	Time  8.50 ( 7.00)	Data  8.44 ( 6.94)	Loss   0.70 (  0.70)	Cls Acc 100.0 (100.0)	Domain Acc 53.9 (54.5)
Epoch: [14][ 600/1000]	Time  6.19 ( 7.00)	Data  6.13 ( 6.94)	Loss   0.71 (  0.70)	Cls Acc 100.0 (100.0)	Domain Acc 52.5 (54.2)
Epoch: [14][ 650/1000]	Time  6.21 ( 7.00)	Data  6.15 ( 6.94)	Loss   0.68 (  0.70)	Cls Acc 100.0 (100.0)	Domain Acc 57.6 (54.3)
Epoch: [14][ 700/1000]	Time  8.47 ( 7.00)	Data  8.41 ( 6.94)	Loss   0.70 (  0.70)	Cls Acc 100.0 (100.0)	Domain Acc 57.2 (54.3)
Epoch: [14][ 750/1000]	Time  6.20 ( 7.00)	Data  6.14 ( 6.94)	Loss   0.69 (  0.70)	Cls Acc 100.0 (100.0)	Domain Acc 58.2 (54.4)
Epoch: [14][ 800/1000]	Time  6.23 ( 7.00)	Data  6.16 ( 6.94)	Loss   0.71 (  0.70)	Cls Acc 100.0 (100.0)	Domain Acc 50.4 (54.4)
Epoch: [14][ 850/1000]	Time  8.44 ( 7.00)	Data  8.38 ( 6.94)	Loss   0.70 (  0.70)	Cls Acc 100.0 (100.0)	Domain Acc 53.7 (54.2)
Epoch: [14][ 900/1000]	Time  6.28 ( 7.00)	Data  6.21 ( 6.94)	Loss   0.72 (  0.70)	Cls Acc 100.0 (100.0)	Domain Acc 48.6 (54.3)
Epoch: [14][ 950/1000]	Time  6.21 ( 7.00)	Data  6.15 ( 6.94)	Loss   0.70 (  0.70)	Cls Acc 100.0 (100.0)	Domain Acc 53.7 (54.2)
Test: [0/2]	Time  5.947 ( 5.947)	Loss 6.6817e-01 (6.6817e-01)	Acc@1  84.77 ( 84.77)	Acc@5  98.83 ( 98.83)
 * Acc@1 78.313 Acc@5 95.382
acc1 = 78.3, best_acc1 = 82.5
Epoch: [15][   0/1000]	Time  8.54 ( 8.54)	Data  8.48 ( 8.48)	Loss   0.69 (  0.69)	Cls Acc 100.0 (100.0)	Domain Acc 53.7 (53.7)
Epoch: [15][  50/1000]	Time  6.11 ( 6.99)	Data  6.05 ( 6.92)	Loss   0.70 (  0.70)	Cls Acc 100.0 (100.0)	Domain Acc 52.5 (53.7)
Epoch: [15][ 100/1000]	Time  6.26 ( 7.00)	Data  6.20 ( 6.94)	Loss   0.69 (  0.70)	Cls Acc 100.0 (100.0)	Domain Acc 56.8 (54.5)
Epoch: [15][ 150/1000]	Time  8.58 ( 7.01)	Data  8.52 ( 6.94)	Loss   0.70 (  0.70)	Cls Acc 100.0 (100.0)	Domain Acc 52.9 (54.4)
Epoch: [15][ 200/1000]	Time  6.21 ( 6.99)	Data  6.15 ( 6.93)	Loss   0.70 (  0.70)	Cls Acc 100.0 (100.0)	Domain Acc 52.1 (53.4)
Epoch: [15][ 250/1000]	Time  6.19 ( 7.00)	Data  6.12 ( 6.93)	Loss   0.69 (  0.70)	Cls Acc 100.0 (100.0)	Domain Acc 52.7 (53.9)
Epoch: [15][ 300/1000]	Time  8.50 ( 7.00)	Data  8.44 ( 6.93)	Loss   0.69 (  0.70)	Cls Acc 100.0 (100.0)	Domain Acc 55.1 (54.0)
Epoch: [15][ 350/1000]	Time  6.17 ( 6.99)	Data  6.11 ( 6.93)	Loss   0.70 (  0.70)	Cls Acc 100.0 (100.0)	Domain Acc 52.0 (54.2)
Epoch: [15][ 400/1000]	Time  6.21 ( 6.99)	Data  6.14 ( 6.93)	Loss   0.71 (  0.70)	Cls Acc 100.0 (100.0)	Domain Acc 52.7 (54.2)
Epoch: [15][ 450/1000]	Time  8.53 ( 7.00)	Data  8.47 ( 6.93)	Loss   0.69 (  0.70)	Cls Acc 100.0 (100.0)	Domain Acc 59.6 (54.7)
Epoch: [15][ 500/1000]	Time  6.17 ( 6.99)	Data  6.10 ( 6.93)	Loss   0.70 (  0.70)	Cls Acc 100.0 (100.0)	Domain Acc 52.9 (54.8)
Epoch: [15][ 550/1000]	Time  6.21 ( 6.99)	Data  6.14 ( 6.93)	Loss   0.70 (  0.70)	Cls Acc 100.0 (100.0)	Domain Acc 53.1 (54.7)
Epoch: [15][ 600/1000]	Time  8.49 ( 7.00)	Data  8.42 ( 6.93)	Loss   0.70 (  0.70)	Cls Acc 100.0 (100.0)	Domain Acc 54.5 (54.6)
Epoch: [15][ 650/1000]	Time  6.21 ( 6.99)	Data  6.14 ( 6.93)	Loss   0.71 (  0.70)	Cls Acc 100.0 (100.0)	Domain Acc 50.0 (54.6)
Epoch: [15][ 700/1000]	Time  6.25 ( 7.00)	Data  6.19 ( 6.93)	Loss   0.69 (  0.70)	Cls Acc 100.0 (100.0)	Domain Acc 53.3 (54.6)
Epoch: [15][ 750/1000]	Time  8.46 ( 7.00)	Data  8.40 ( 6.93)	Loss   0.69 (  0.70)	Cls Acc 100.0 (100.0)	Domain Acc 56.8 (54.6)
Epoch: [15][ 800/1000]	Time  6.22 ( 7.00)	Data  6.15 ( 6.93)	Loss   0.70 (  0.70)	Cls Acc 100.0 (100.0)	Domain Acc 53.1 (54.6)
Epoch: [15][ 850/1000]	Time  6.19 ( 7.00)	Data  6.13 ( 6.93)	Loss   0.69 (  0.70)	Cls Acc 100.0 (100.0)	Domain Acc 58.0 (54.6)
Epoch: [15][ 900/1000]	Time  8.54 ( 7.00)	Data  8.48 ( 6.93)	Loss   0.69 (  0.70)	Cls Acc 100.0 (100.0)	Domain Acc 55.3 (54.7)
Epoch: [15][ 950/1000]	Time  6.21 ( 7.00)	Data  6.15 ( 6.93)	Loss   0.70 (  0.70)	Cls Acc 100.0 (100.0)	Domain Acc 50.6 (54.7)
Test: [0/2]	Time  6.050 ( 6.050)	Loss 7.1827e-01 (7.1827e-01)	Acc@1  86.33 ( 86.33)	Acc@5  96.88 ( 96.88)
 * Acc@1 81.526 Acc@5 94.378
acc1 = 81.5, best_acc1 = 82.5
Epoch: [16][   0/1000]	Time  6.20 ( 6.20)	Data  6.13 ( 6.13)	Loss   0.69 (  0.69)	Cls Acc 100.0 (100.0)	Domain Acc 56.1 (56.1)
Epoch: [16][  50/1000]	Time  8.53 ( 7.00)	Data  8.47 ( 6.94)	Loss   0.71 (  0.69)	Cls Acc 100.0 (100.0)	Domain Acc 52.3 (57.6)
Epoch: [16][ 100/1000]	Time  6.20 ( 6.98)	Data  6.13 ( 6.92)	Loss   0.70 (  0.69)	Cls Acc 100.0 (100.0)	Domain Acc 55.9 (55.7)
Epoch: [16][ 150/1000]	Time  6.22 ( 6.99)	Data  6.15 ( 6.93)	Loss   0.69 (  0.69)	Cls Acc 100.0 (100.0)	Domain Acc 57.2 (55.9)
Epoch: [16][ 200/1000]	Time  8.46 ( 7.00)	Data  8.39 ( 6.93)	Loss   0.70 (  0.69)	Cls Acc 100.0 (100.0)	Domain Acc 52.9 (55.5)
Epoch: [16][ 250/1000]	Time  6.21 ( 6.99)	Data  6.14 ( 6.93)	Loss   0.69 (  0.70)	Cls Acc 100.0 (100.0)	Domain Acc 54.5 (55.4)
Epoch: [16][ 300/1000]	Time  6.21 ( 6.99)	Data  6.15 ( 6.93)	Loss   0.70 (  0.70)	Cls Acc 100.0 (100.0)	Domain Acc 56.2 (55.1)
Epoch: [16][ 350/1000]	Time  8.51 ( 7.00)	Data  8.45 ( 6.93)	Loss   0.69 (  0.70)	Cls Acc 100.0 (100.0)	Domain Acc 54.3 (55.5)
Epoch: [16][ 400/1000]	Time  6.20 ( 6.99)	Data  6.14 ( 6.93)	Loss   0.69 (  0.70)	Cls Acc 100.0 (100.0)	Domain Acc 54.3 (55.3)
Epoch: [16][ 450/1000]	Time  6.24 ( 6.99)	Data  6.17 ( 6.93)	Loss   0.70 (  0.70)	Cls Acc 100.0 (100.0)	Domain Acc 52.0 (55.3)
Epoch: [16][ 500/1000]	Time  8.56 ( 7.00)	Data  8.49 ( 6.94)	Loss   0.70 (  0.70)	Cls Acc 100.0 (100.0)	Domain Acc 51.2 (55.2)
Epoch: [16][ 550/1000]	Time  6.22 ( 7.00)	Data  6.16 ( 6.94)	Loss   0.69 (  0.70)	Cls Acc 100.0 (100.0)	Domain Acc 55.5 (55.2)
Epoch: [16][ 600/1000]	Time  6.20 ( 7.00)	Data  6.13 ( 6.94)	Loss   0.69 (  0.70)	Cls Acc 100.0 (100.0)	Domain Acc 63.1 (55.3)
Epoch: [16][ 650/1000]	Time  8.60 ( 7.00)	Data  8.53 ( 6.94)	Loss   0.70 (  0.70)	Cls Acc 100.0 (100.0)	Domain Acc 52.0 (55.4)
Epoch: [16][ 700/1000]	Time  6.14 ( 7.00)	Data  6.08 ( 6.94)	Loss   0.70 (  0.70)	Cls Acc 100.0 (100.0)	Domain Acc 53.5 (55.2)
Epoch: [16][ 750/1000]	Time  6.35 ( 7.00)	Data  6.28 ( 6.94)	Loss   0.69 (  0.70)	Cls Acc 100.0 (100.0)	Domain Acc 56.6 (55.2)
Epoch: [16][ 800/1000]	Time  8.55 ( 7.00)	Data  8.49 ( 6.94)	Loss   0.70 (  0.70)	Cls Acc 100.0 (100.0)	Domain Acc 54.3 (55.3)
Epoch: [16][ 850/1000]	Time  6.11 ( 7.00)	Data  6.05 ( 6.94)	Loss   0.69 (  0.70)	Cls Acc 100.0 (100.0)	Domain Acc 55.7 (55.2)
Epoch: [16][ 900/1000]	Time  6.17 ( 7.00)	Data  6.10 ( 6.94)	Loss   0.70 (  0.70)	Cls Acc 100.0 (100.0)	Domain Acc 55.1 (55.2)
Epoch: [16][ 950/1000]	Time  8.74 ( 7.00)	Data  8.68 ( 6.94)	Loss   0.70 (  0.70)	Cls Acc 100.0 (100.0)	Domain Acc 56.6 (55.1)
Test: [0/2]	Time  5.973 ( 5.973)	Loss 7.4689e-01 (7.4689e-01)	Acc@1  84.77 ( 84.77)	Acc@5  97.27 ( 97.27)
 * Acc@1 79.518 Acc@5 94.177
acc1 = 79.5, best_acc1 = 82.5
Epoch: [17][   0/1000]	Time  6.18 ( 6.18)	Data  6.12 ( 6.12)	Loss   0.70 (  0.70)	Cls Acc 100.0 (100.0)	Domain Acc 55.7 (55.7)
Epoch: [17][  50/1000]	Time  6.21 ( 7.00)	Data  6.15 ( 6.94)	Loss   0.69 (  0.70)	Cls Acc 100.0 (100.0)	Domain Acc 56.8 (54.5)
Epoch: [17][ 100/1000]	Time  8.81 ( 7.01)	Data  8.75 ( 6.95)	Loss   0.70 (  0.70)	Cls Acc 100.0 (100.0)	Domain Acc 53.3 (54.7)
Epoch: [17][ 150/1000]	Time  6.17 ( 7.00)	Data  6.10 ( 6.94)	Loss   0.70 (  0.70)	Cls Acc 100.0 (100.0)	Domain Acc 55.3 (54.5)
Epoch: [17][ 200/1000]	Time  6.21 ( 7.01)	Data  6.15 ( 6.95)	Loss   0.70 (  0.70)	Cls Acc 100.0 (100.0)	Domain Acc 54.7 (54.9)
Epoch: [17][ 250/1000]	Time  8.83 ( 7.02)	Data  8.77 ( 6.96)	Loss   0.69 (  0.70)	Cls Acc 100.0 (100.0)	Domain Acc 54.7 (54.9)
Epoch: [17][ 300/1000]	Time  6.24 ( 7.02)	Data  6.17 ( 6.96)	Loss   0.69 (  0.70)	Cls Acc 100.0 (100.0)	Domain Acc 56.6 (55.0)
Epoch: [17][ 350/1000]	Time  6.18 ( 7.03)	Data  6.12 ( 6.96)	Loss   0.70 (  0.70)	Cls Acc 100.0 (100.0)	Domain Acc 56.2 (54.8)
Epoch: [17][ 400/1000]	Time  8.75 ( 7.03)	Data  8.69 ( 6.97)	Loss   0.71 (  0.70)	Cls Acc 100.0 (100.0)	Domain Acc 50.8 (54.6)
Epoch: [17][ 450/1000]	Time  6.22 ( 7.03)	Data  6.16 ( 6.96)	Loss   0.69 (  0.70)	Cls Acc 100.0 (100.0)	Domain Acc 56.4 (54.7)
Epoch: [17][ 500/1000]	Time  6.23 ( 7.03)	Data  6.17 ( 6.97)	Loss   0.69 (  0.70)	Cls Acc 100.0 (100.0)	Domain Acc 54.5 (54.7)
Epoch: [17][ 550/1000]	Time  8.51 ( 7.03)	Data  8.45 ( 6.97)	Loss   0.70 (  0.70)	Cls Acc 100.0 (100.0)	Domain Acc 51.0 (54.5)
Epoch: [17][ 600/1000]	Time  6.23 ( 7.03)	Data  6.17 ( 6.97)	Loss   0.70 (  0.70)	Cls Acc 100.0 (100.0)	Domain Acc 57.4 (54.5)
Epoch: [17][ 650/1000]	Time  6.28 ( 7.04)	Data  6.22 ( 6.98)	Loss   0.70 (  0.70)	Cls Acc 100.0 (100.0)	Domain Acc 54.5 (54.5)
Epoch: [17][ 700/1000]	Time  8.96 ( 7.04)	Data  8.90 ( 6.98)	Loss   0.70 (  0.70)	Cls Acc 100.0 (100.0)	Domain Acc 56.1 (54.7)
Epoch: [17][ 750/1000]	Time  6.39 ( 7.04)	Data  6.33 ( 6.98)	Loss   0.70 (  0.70)	Cls Acc 100.0 (100.0)	Domain Acc 53.1 (54.5)
Epoch: [17][ 800/1000]	Time  6.37 ( 7.06)	Data  6.30 ( 6.99)	Loss   0.71 (  0.70)	Cls Acc 100.0 (100.0)	Domain Acc 54.1 (54.6)
Epoch: [17][ 850/1000]	Time  8.86 ( 7.07)	Data  8.80 ( 7.00)	Loss   0.70 (  0.70)	Cls Acc 100.0 (100.0)	Domain Acc 51.4 (54.6)
Epoch: [17][ 900/1000]	Time  6.23 ( 7.07)	Data  6.16 ( 7.01)	Loss   0.69 (  0.70)	Cls Acc 100.0 (100.0)	Domain Acc 54.1 (54.6)
Epoch: [17][ 950/1000]	Time  6.17 ( 7.07)	Data  6.11 ( 7.01)	Loss   0.70 (  0.70)	Cls Acc 100.0 (100.0)	Domain Acc 53.9 (54.6)
Test: [0/2]	Time  6.053 ( 6.053)	Loss 7.8045e-01 (7.8045e-01)	Acc@1  84.38 ( 84.38)	Acc@5  96.88 ( 96.88)
 * Acc@1 80.522 Acc@5 94.578
acc1 = 80.5, best_acc1 = 82.5
Epoch: [18][   0/1000]	Time  8.49 ( 8.49)	Data  8.43 ( 8.43)	Loss   0.70 (  0.70)	Cls Acc 100.0 (100.0)	Domain Acc 54.7 (54.7)
Epoch: [18][  50/1000]	Time  6.20 ( 7.07)	Data  6.14 ( 7.00)	Loss   0.69 (  0.70)	Cls Acc 100.0 (100.0)	Domain Acc 56.2 (53.6)
Epoch: [18][ 100/1000]	Time  6.39 ( 7.10)	Data  6.32 ( 7.03)	Loss   0.70 (  0.70)	Cls Acc 100.0 (100.0)	Domain Acc 52.7 (54.7)
Epoch: [18][ 150/1000]	Time  9.05 ( 7.14)	Data  8.98 ( 7.07)	Loss   0.69 (  0.69)	Cls Acc 100.0 (100.0)	Domain Acc 55.1 (54.6)
Epoch: [18][ 200/1000]	Time  6.38 ( 7.15)	Data  6.32 ( 7.09)	Loss   0.69 (  0.69)	Cls Acc 100.0 (100.0)	Domain Acc 53.5 (54.6)
Epoch: [18][ 250/1000]	Time  6.33 ( 7.15)	Data  6.26 ( 7.09)	Loss   0.69 (  0.69)	Cls Acc 100.0 (100.0)	Domain Acc 59.2 (54.8)
Epoch: [18][ 300/1000]	Time  8.80 ( 7.16)	Data  8.73 ( 7.10)	Loss   0.70 (  0.69)	Cls Acc 100.0 (100.0)	Domain Acc 53.1 (54.8)
Epoch: [18][ 350/1000]	Time  6.22 ( 7.15)	Data  6.15 ( 7.08)	Loss   0.69 (  0.70)	Cls Acc 100.0 (100.0)	Domain Acc 56.6 (54.8)
Epoch: [18][ 400/1000]	Time  6.22 ( 7.14)	Data  6.16 ( 7.08)	Loss   0.70 (  0.70)	Cls Acc 100.0 (100.0)	Domain Acc 50.6 (54.7)
Epoch: [18][ 450/1000]	Time  8.82 ( 7.15)	Data  8.76 ( 7.09)	Loss   0.70 (  0.70)	Cls Acc 100.0 (100.0)	Domain Acc 54.1 (54.7)
Epoch: [18][ 500/1000]	Time  6.42 ( 7.16)	Data  6.36 ( 7.10)	Loss   0.69 (  0.69)	Cls Acc 100.0 (100.0)	Domain Acc 56.1 (54.9)
Epoch: [18][ 550/1000]	Time  6.40 ( 7.17)	Data  6.33 ( 7.11)	Loss   0.70 (  0.70)	Cls Acc 100.0 (100.0)	Domain Acc 53.1 (54.8)
Epoch: [18][ 600/1000]	Time  8.94 ( 7.17)	Data  8.88 ( 7.10)	Loss   0.69 (  0.70)	Cls Acc 100.0 (100.0)	Domain Acc 57.6 (54.8)
Epoch: [18][ 650/1000]	Time  6.24 ( 7.16)	Data  6.18 ( 7.10)	Loss   0.70 (  0.69)	Cls Acc 100.0 (100.0)	Domain Acc 50.2 (54.9)
