Namespace(arch='alexnet_cdan', batch_size=32, bottleneck_dim=256, center_crop=False, checkmodel_logsave=False, data='Office31', data_processing='ours', epochs=50, iters_per_epoch=1000, local=True, local_pretrained_path='/home/junzhin/Project/Summer_project/code/version1.0/pretrained_model_results/ALEX_office31masked2_CDANmodel_best.pth.tar', log='/home/junzhin/Project/Summer_project/code/version2.0/training_results/dann/ALEX_office31masked2/A_D', lr=0.01, lr_decay=0.75, lr_gamma=0.001, momentum=0.9, per_class_eval=True, phase='train', pretrained=True, print_freq=100, root='/home/junzhin/Project/Summer_project/code/version2.0/data/office31', seed=None, source='A', target='D', trade_off=1.0, weight_decay=0.001, workers=8)
Loading the local alexnet pretrained model weights!
the number of classes are in the alexnet cdan 958
odict_keys(['module.features.0.weight', 'module.features.0.bias', 'module.features.4.weight', 'module.features.4.bias', 'module.features.8.weight', 'module.features.8.bias', 'module.features.10.weight', 'module.features.10.bias', 'module.features.12.weight', 'module.features.12.bias', 'module.classifier.0.weight', 'module.classifier.0.bias', 'module.classifier.3.weight', 'module.classifier.3.bias', 'module.classifier.6.weight', 'module.classifier.6.bias'])
odict_keys(['features.0.weight', 'features.0.bias', 'features.4.weight', 'features.4.bias', 'features.8.weight', 'features.8.bias', 'features.10.weight', 'features.10.bias', 'features.12.weight', 'features.12.bias', 'classifier.0.weight', 'classifier.0.bias', 'classifier.3.weight', 'classifier.3.bias', 'classifier.6.weight', 'classifier.6.bias'])
Epoch: [0][   0/1000]	Time  0.70 ( 0.70)	Data  0.03 ( 0.03)	Loss   4.29 (  4.29)	Cls Acc 3.1 (3.1)	Domain Acc 56.2 (56.2)
Epoch: [0][ 100/1000]	Time  0.07 ( 0.16)	Data  0.05 ( 0.13)	Loss   0.91 (  1.97)	Cls Acc 84.4 (53.0)	Domain Acc 98.4 (95.7)
Epoch: [0][ 200/1000]	Time  0.07 ( 0.16)	Data  0.05 ( 0.13)	Loss   0.95 (  1.47)	Cls Acc 71.9 (64.5)	Domain Acc 98.4 (97.1)
Epoch: [0][ 300/1000]	Time  1.16 ( 0.16)	Data  1.13 ( 0.14)	Loss   0.63 (  1.21)	Cls Acc 87.5 (70.7)	Domain Acc 100.0 (97.6)
Epoch: [0][ 400/1000]	Time  0.07 ( 0.16)	Data  0.05 ( 0.14)	Loss   0.50 (  1.04)	Cls Acc 90.6 (74.9)	Domain Acc 98.4 (97.8)
Epoch: [0][ 500/1000]	Time  0.07 ( 0.16)	Data  0.05 ( 0.14)	Loss   0.65 (  0.93)	Cls Acc 87.5 (78.2)	Domain Acc 92.2 (97.5)
Epoch: [0][ 600/1000]	Time  1.22 ( 0.16)	Data  1.19 ( 0.14)	Loss   0.55 (  0.85)	Cls Acc 93.8 (80.8)	Domain Acc 89.1 (96.8)
Epoch: [0][ 700/1000]	Time  0.07 ( 0.16)	Data  0.05 ( 0.14)	Loss   0.66 (  0.81)	Cls Acc 96.9 (82.7)	Domain Acc 82.8 (95.5)
Epoch: [0][ 800/1000]	Time  0.11 ( 0.16)	Data  0.09 ( 0.14)	Loss   0.34 (  0.77)	Cls Acc 96.9 (84.4)	Domain Acc 93.8 (94.6)
Epoch: [0][ 900/1000]	Time  1.13 ( 0.16)	Data  1.10 ( 0.14)	Loss   0.47 (  0.73)	Cls Acc 96.9 (85.8)	Domain Acc 89.1 (94.1)
Test: [ 0/16]	Time  1.348 ( 1.348)	Loss 1.7111e+00 (1.7111e+00)	Acc@1  53.12 ( 53.12)	Acc@5  84.38 ( 84.38)
 * Acc@1 47.189 Acc@5 74.498
global correct: 47.2
mean correct:51.3
mean IoU: 34.8
+------------------+--------------------+--------------------+
|      class       |        acc         |        iou         |
+------------------+--------------------+--------------------+
|    back_pack     | 41.666664123535156 | 35.71428680419922  |
|       bike       | 90.47618865966797  | 86.36363983154297  |
|   bike_helmet    |        50.0        |        48.0        |
|     bookcase     | 33.333335876464844 | 28.571430206298828 |
|      bottle      |        50.0        |        40.0        |
|    calculator    | 58.33333206176758  | 46.66666793823242  |
|    desk_chair    | 69.23077392578125  | 69.23077392578125  |
|    desk_lamp     | 64.28571319580078  | 34.615386962890625 |
| desktop_computer | 13.333333969116211 | 9.090909004211426  |
|   file_cabinet   | 13.333333969116211 |        10.0        |
|    headphones    | 69.23077392578125  | 52.94117736816406  |
|     keyboard     |        70.0        | 58.33333206176758  |
| laptop_computer  |        25.0        | 20.689655303955078 |
|   letter_tray    |        87.5        | 45.16128921508789  |
|   mobile_phone   | 16.129032135009766 |       15.625       |
|     monitor      | 45.45454788208008  | 34.482757568359375 |
|      mouse       |        75.0        | 40.90909194946289  |
|       mug        |        62.5        | 29.411766052246094 |
|  paper_notebook  |        70.0        |        20.0        |
|       pen        |       100.0        |        50.0        |
|      phone       |  61.5384635925293  | 38.095237731933594 |
|     printer      |        40.0        |        20.0        |
|    projector     | 56.52173614501953  | 30.952381134033203 |
|     punchers     | 5.555555820465088  | 2.777777910232544  |
|   ring_binder    | 60.000003814697266 | 14.634145736694336 |
|      ruler       | 85.71428680419922  |        75.0        |
|     scissors     | 66.66667175292969  |  44.4444465637207  |
|     speaker      | 23.076923370361328 | 13.953489303588867 |
|     stapler      | 38.095237731933594 | 29.629629135131836 |
|  tape_dispenser  | 40.90909194946289  | 29.032257080078125 |
|    trash_can     | 6.6666669845581055 |        5.0         |
+------------------+--------------------+--------------------+
acc1 = 47.2, best_acc1 = 47.2
Epoch: [1][   0/1000]	Time  0.05 ( 0.05)	Data  0.02 ( 0.02)	Loss   0.89 (  0.89)	Cls Acc 90.6 (90.6)	Domain Acc 81.2 (81.2)
Epoch: [1][ 100/1000]	Time  0.08 ( 0.16)	Data  0.05 ( 0.14)	Loss   0.68 (  0.77)	Cls Acc 93.8 (95.1)	Domain Acc 81.2 (75.0)
Epoch: [1][ 200/1000]	Time  1.22 ( 0.17)	Data  1.19 ( 0.14)	Loss   0.80 (  0.70)	Cls Acc 93.8 (95.6)	Domain Acc 62.5 (77.5)
Epoch: [1][ 300/1000]	Time  0.07 ( 0.16)	Data  0.05 ( 0.14)	Loss   0.74 (  0.72)	Cls Acc 93.8 (95.5)	Domain Acc 73.4 (76.4)
Epoch: [1][ 400/1000]	Time  0.08 ( 0.16)	Data  0.05 ( 0.14)	Loss   0.49 (  0.70)	Cls Acc 96.9 (95.9)	Domain Acc 84.4 (76.6)
Epoch: [1][ 500/1000]	Time  1.15 ( 0.17)	Data  1.12 ( 0.14)	Loss   0.77 (  0.67)	Cls Acc 100.0 (96.4)	Domain Acc 67.2 (77.6)
Epoch: [1][ 600/1000]	Time  0.07 ( 0.16)	Data  0.05 ( 0.14)	Loss   0.53 (  0.68)	Cls Acc 100.0 (96.5)	Domain Acc 76.6 (76.9)
Epoch: [1][ 700/1000]	Time  0.07 ( 0.16)	Data  0.05 ( 0.14)	Loss   0.60 (  0.67)	Cls Acc 96.9 (96.6)	Domain Acc 78.1 (76.7)
Epoch: [1][ 800/1000]	Time  1.13 ( 0.16)	Data  1.10 ( 0.14)	Loss   0.71 (  0.68)	Cls Acc 96.9 (96.6)	Domain Acc 81.2 (76.0)
Epoch: [1][ 900/1000]	Time  0.07 ( 0.16)	Data  0.05 ( 0.14)	Loss   0.82 (  0.69)	Cls Acc 96.9 (96.7)	Domain Acc 60.9 (75.5)
Test: [ 0/16]	Time  1.191 ( 1.191)	Loss 2.4329e+00 (2.4329e+00)	Acc@1  40.62 ( 40.62)	Acc@5  84.38 ( 84.38)
 * Acc@1 49.799 Acc@5 78.715
global correct: 49.8
mean correct:53.1
mean IoU: 37.6
+------------------+--------------------+--------------------+
|      class       |        acc         |        iou         |
+------------------+--------------------+--------------------+
|    back_pack     | 83.33332824707031  | 76.92308044433594  |
|       bike       | 95.23809814453125  | 95.23809814453125  |
|   bike_helmet    | 33.333335876464844 | 33.333335876464844 |
|     bookcase     | 58.33333206176758  | 41.17647171020508  |
|      bottle      |        62.5        | 55.55555725097656  |
|    calculator    | 58.33333206176758  | 38.88888931274414  |
|    desk_chair    |       100.0        | 76.47058868408203  |
|    desk_lamp     | 42.85714340209961  |        24.0        |
| desktop_computer | 33.333335876464844 |        25.0        |
|   file_cabinet   | 26.666667938232422 | 15.384615898132324 |
|    headphones    | 92.30769348144531  |        75.0        |
|     keyboard     |        80.0        | 66.66667175292969  |
| laptop_computer  | 45.833335876464844 | 42.30769348144531  |
|   letter_tray    |       56.25        | 27.272727966308594 |
|   mobile_phone   | 25.80644989013672  | 22.85714340209961  |
|     monitor      |  36.3636360168457  | 25.80644989013672  |
|      mouse       | 83.33332824707031  | 41.666664123535156 |
|       mug        |        62.5        | 33.333335876464844 |
|  paper_notebook  |        0.0         |        0.0         |
|       pen        |        80.0        |  44.4444465637207  |
|      phone       |  61.5384635925293  | 53.333335876464844 |
|     printer      |        20.0        | 10.714285850524902 |
|    projector     | 34.78260803222656  | 22.85714340209961  |
|     punchers     |        0.0         |        0.0         |
|   ring_binder    |        40.0        | 11.111111640930176 |
|      ruler       | 71.42857360839844  |  26.3157901763916  |
|     scissors     | 72.22222137451172  | 61.904762268066406 |
|     speaker      | 15.384615898132324 | 9.302325248718262  |
|     stapler      | 57.142860412597656 | 26.666667938232422 |
|  tape_dispenser  |  63.6363639831543  |        50.0        |
|    trash_can     | 53.333335876464844 | 33.333335876464844 |
+------------------+--------------------+--------------------+
acc1 = 49.8, best_acc1 = 49.8
Epoch: [2][   0/1000]	Time  0.05 ( 0.05)	Data  0.02 ( 0.02)	Loss   0.58 (  0.58)	Cls Acc 93.8 (93.8)	Domain Acc 79.7 (79.7)
Epoch: [2][ 100/1000]	Time  1.13 ( 0.16)	Data  1.10 ( 0.14)	Loss   0.91 (  0.76)	Cls Acc 93.8 (96.8)	Domain Acc 70.3 (68.8)
Epoch: [2][ 200/1000]	Time  0.56 ( 0.16)	Data  0.53 ( 0.14)	Loss   0.72 (  0.70)	Cls Acc 96.9 (97.5)	Domain Acc 68.8 (71.4)
Epoch: [2][ 300/1000]	Time  0.07 ( 0.16)	Data  0.05 ( 0.14)	Loss   0.67 (  0.70)	Cls Acc 100.0 (97.5)	Domain Acc 70.3 (71.1)
Epoch: [2][ 400/1000]	Time  1.16 ( 0.16)	Data  1.14 ( 0.14)	Loss   0.63 (  0.70)	Cls Acc 96.9 (97.5)	Domain Acc 76.6 (71.1)
Epoch: [2][ 500/1000]	Time  0.07 ( 0.16)	Data  0.05 ( 0.14)	Loss   0.73 (  0.70)	Cls Acc 100.0 (97.7)	Domain Acc 60.9 (70.6)
Epoch: [2][ 600/1000]	Time  0.07 ( 0.16)	Data  0.05 ( 0.14)	Loss   0.69 (  0.70)	Cls Acc 96.9 (97.8)	Domain Acc 75.0 (70.6)
Epoch: [2][ 700/1000]	Time  1.13 ( 0.16)	Data  1.11 ( 0.14)	Loss   0.77 (  0.69)	Cls Acc 96.9 (97.9)	Domain Acc 70.3 (70.8)
Epoch: [2][ 800/1000]	Time  0.07 ( 0.16)	Data  0.05 ( 0.14)	Loss   0.67 (  0.69)	Cls Acc 96.9 (98.0)	Domain Acc 70.3 (70.8)
