Namespace(arch='alexnet', batch_size=256, bottleneck_dim=256, center_crop=False, checkmodel_logsave=False, data='Office31', data_processing='ours', epochs=50, iters_per_epoch=1000, local=True, local_pretrained_path='/home/junzhin/Project/Summer_project/code/version1.0/pretrained_model_results/ALEX_office31masked2_newmodel_best.pth.tar', log='/home/junzhin/Project/Summer_project/code/version2.0/training_results/dann/ALEX_office31masked2/W_D', lr=0.01, lr_decay=0.75, lr_gamma=0.001, momentum=0.9, per_class_eval=False, phase='train', pretrained=True, print_freq=50, root='/home/junzhin/Project/Summer_project/code/version2.0/data/office31', seed=None, source='W', target='D', trade_off=1.0, weight_decay=0.001, workers=4)
=> using pre-trained model 'alexnet'
Loading the local alexnet pretrained model weights!
Epoch: [0][   0/1000]	Time  4.32 ( 4.32)	Data  2.14 ( 2.14)	Loss   4.17 (  4.17)	Cls Acc 3.5 (3.5)	Domain Acc 50.4 (50.4)
Epoch: [0][  50/1000]	Time  6.15 ( 6.87)	Data  6.09 ( 6.76)	Loss   1.42 (  2.42)	Cls Acc 69.9 (42.3)	Domain Acc 96.9 (93.5)
Epoch: [0][ 100/1000]	Time  6.42 ( 6.94)	Data  6.36 ( 6.86)	Loss   0.66 (  1.69)	Cls Acc 88.7 (61.8)	Domain Acc 97.3 (95.5)
Epoch: [0][ 150/1000]	Time  8.74 ( 7.00)	Data  8.68 ( 6.92)	Loss   0.28 (  1.27)	Cls Acc 98.8 (72.9)	Domain Acc 98.8 (96.5)
Epoch: [0][ 200/1000]	Time  6.27 ( 7.03)	Data  6.20 ( 6.95)	Loss   0.16 (  1.01)	Cls Acc 99.2 (79.4)	Domain Acc 99.0 (97.1)
Epoch: [0][ 250/1000]	Time  6.19 ( 7.02)	Data  6.13 ( 6.95)	Loss   0.98 (  0.98)	Cls Acc 100.0 (83.3)	Domain Acc 66.4 (93.9)
Epoch: [0][ 300/1000]	Time  8.60 ( 7.01)	Data  8.54 ( 6.94)	Loss   3.85 (  1.21)	Cls Acc 94.5 (85.5)	Domain Acc 49.2 (86.8)
Epoch: [0][ 350/1000]	Time  6.17 ( 7.00)	Data  6.10 ( 6.93)	Loss   7.71 (  1.58)	Cls Acc 96.9 (87.0)	Domain Acc 31.8 (80.1)
Epoch: [0][ 400/1000]	Time  6.17 ( 7.00)	Data  6.11 ( 6.93)	Loss   0.80 (  1.68)	Cls Acc 99.2 (88.3)	Domain Acc 65.4 (75.6)
Epoch: [0][ 450/1000]	Time  8.47 ( 6.99)	Data  8.40 ( 6.93)	Loss   0.73 (  1.60)	Cls Acc 100.0 (89.6)	Domain Acc 61.1 (73.5)
Epoch: [0][ 500/1000]	Time  6.17 ( 6.99)	Data  6.11 ( 6.92)	Loss   0.85 (  1.52)	Cls Acc 100.0 (90.6)	Domain Acc 51.8 (71.6)
Epoch: [0][ 550/1000]	Time  6.16 ( 6.99)	Data  6.10 ( 6.92)	Loss   0.68 (  1.46)	Cls Acc 100.0 (91.4)	Domain Acc 65.8 (70.3)
Epoch: [0][ 600/1000]	Time  8.55 ( 6.98)	Data  8.49 ( 6.92)	Loss   0.78 (  1.40)	Cls Acc 100.0 (92.1)	Domain Acc 55.5 (69.1)
Epoch: [0][ 650/1000]	Time  6.17 ( 6.98)	Data  6.11 ( 6.91)	Loss   0.99 (  1.37)	Cls Acc 99.6 (92.7)	Domain Acc 42.6 (67.5)
Epoch: [0][ 700/1000]	Time  6.15 ( 6.98)	Data  6.08 ( 6.91)	Loss   0.69 (  1.33)	Cls Acc 100.0 (93.2)	Domain Acc 61.5 (66.3)
Epoch: [0][ 750/1000]	Time  8.58 ( 6.98)	Data  8.51 ( 6.91)	Loss   0.69 (  1.30)	Cls Acc 100.0 (93.7)	Domain Acc 64.1 (65.3)
Epoch: [0][ 800/1000]	Time  6.14 ( 6.98)	Data  6.08 ( 6.91)	Loss   0.86 (  1.27)	Cls Acc 99.6 (94.1)	Domain Acc 48.8 (64.4)
Epoch: [0][ 850/1000]	Time  6.17 ( 6.98)	Data  6.10 ( 6.91)	Loss   0.81 (  1.24)	Cls Acc 100.0 (94.4)	Domain Acc 52.5 (63.6)
Epoch: [0][ 900/1000]	Time  8.63 ( 6.98)	Data  8.57 ( 6.91)	Loss   0.81 (  1.22)	Cls Acc 100.0 (94.7)	Domain Acc 55.3 (63.0)
Epoch: [0][ 950/1000]	Time  6.16 ( 6.97)	Data  6.09 ( 6.91)	Loss   0.72 (  1.19)	Cls Acc 100.0 (95.0)	Domain Acc 59.4 (62.4)
Test: [0/2]	Time  6.355 ( 6.355)	Loss 1.0169e+00 (1.0169e+00)	Acc@1  69.92 ( 69.92)	Acc@5  94.53 ( 94.53)
 * Acc@1 64.659 Acc@5 90.361
acc1 = 64.7, best_acc1 = 64.7
Epoch: [1][   0/1000]	Time  6.16 ( 6.16)	Data  6.09 ( 6.09)	Loss   0.83 (  0.83)	Cls Acc 100.0 (100.0)	Domain Acc 47.3 (47.3)
Epoch: [1][  50/1000]	Time  8.49 ( 6.96)	Data  8.42 ( 6.89)	Loss   0.85 (  0.83)	Cls Acc 99.6 (99.9)	Domain Acc 50.2 (49.7)
Epoch: [1][ 100/1000]	Time  6.17 ( 6.94)	Data  6.11 ( 6.88)	Loss   0.86 (  0.83)	Cls Acc 99.6 (99.9)	Domain Acc 49.6 (50.6)
Epoch: [1][ 150/1000]	Time  6.19 ( 6.95)	Data  6.13 ( 6.89)	Loss   0.97 (  0.84)	Cls Acc 100.0 (99.9)	Domain Acc 37.3 (50.8)
Epoch: [1][ 200/1000]	Time  8.47 ( 6.96)	Data  8.41 ( 6.90)	Loss   0.67 (  0.85)	Cls Acc 100.0 (99.8)	Domain Acc 68.9 (51.0)
Epoch: [1][ 250/1000]	Time  6.19 ( 6.95)	Data  6.12 ( 6.89)	Loss   0.66 (  0.83)	Cls Acc 100.0 (99.8)	Domain Acc 64.1 (51.6)
Epoch: [1][ 300/1000]	Time  6.14 ( 6.96)	Data  6.08 ( 6.89)	Loss   0.78 (  0.83)	Cls Acc 100.0 (99.8)	Domain Acc 52.5 (51.5)
Epoch: [1][ 350/1000]	Time  8.48 ( 6.96)	Data  8.42 ( 6.89)	Loss   0.76 (  0.82)	Cls Acc 99.6 (99.8)	Domain Acc 53.1 (51.7)
Epoch: [1][ 400/1000]	Time  6.11 ( 6.95)	Data  6.05 ( 6.89)	Loss   0.69 (  0.82)	Cls Acc 100.0 (99.8)	Domain Acc 63.7 (52.0)
Epoch: [1][ 450/1000]	Time  6.15 ( 6.95)	Data  6.08 ( 6.89)	Loss   0.78 (  0.81)	Cls Acc 100.0 (99.8)	Domain Acc 54.3 (52.1)
Epoch: [1][ 500/1000]	Time  8.54 ( 6.96)	Data  8.47 ( 6.89)	Loss   0.81 (  0.81)	Cls Acc 100.0 (99.8)	Domain Acc 52.5 (52.3)
Epoch: [1][ 550/1000]	Time  6.12 ( 6.95)	Data  6.06 ( 6.89)	Loss   0.87 (  0.81)	Cls Acc 99.6 (99.8)	Domain Acc 50.8 (52.3)
Epoch: [1][ 600/1000]	Time  6.18 ( 6.96)	Data  6.11 ( 6.89)	Loss   0.88 (  0.81)	Cls Acc 98.8 (99.8)	Domain Acc 43.2 (52.4)
Epoch: [1][ 650/1000]	Time  8.52 ( 6.96)	Data  8.45 ( 6.90)	Loss   0.72 (  0.81)	Cls Acc 100.0 (99.8)	Domain Acc 54.1 (52.3)
Epoch: [1][ 700/1000]	Time  6.14 ( 6.96)	Data  6.08 ( 6.90)	Loss   0.81 (  0.81)	Cls Acc 99.6 (99.8)	Domain Acc 56.6 (52.5)
Epoch: [1][ 750/1000]	Time  6.19 ( 6.96)	Data  6.13 ( 6.90)	Loss   0.79 (  0.81)	Cls Acc 99.6 (99.8)	Domain Acc 50.2 (52.4)
Epoch: [1][ 800/1000]	Time  8.60 ( 6.96)	Data  8.53 ( 6.90)	Loss   0.83 (  0.81)	Cls Acc 100.0 (99.8)	Domain Acc 48.4 (52.4)
Epoch: [1][ 850/1000]	Time  6.14 ( 6.96)	Data  6.08 ( 6.90)	Loss   0.78 (  0.80)	Cls Acc 100.0 (99.8)	Domain Acc 52.7 (52.3)
Epoch: [1][ 900/1000]	Time  6.18 ( 6.97)	Data  6.12 ( 6.90)	Loss   0.72 (  0.81)	Cls Acc 100.0 (99.8)	Domain Acc 57.0 (52.1)
Epoch: [1][ 950/1000]	Time  8.54 ( 6.97)	Data  8.47 ( 6.90)	Loss   0.94 (  0.80)	Cls Acc 100.0 (99.8)	Domain Acc 36.7 (52.1)
Test: [0/2]	Time  6.001 ( 6.001)	Loss 2.0195e+00 (2.0195e+00)	Acc@1  53.52 ( 53.52)	Acc@5  80.86 ( 80.86)
 * Acc@1 50.000 Acc@5 83.333
acc1 = 50.0, best_acc1 = 64.7
Epoch: [2][   0/1000]	Time  6.16 ( 6.16)	Data  6.10 ( 6.10)	Loss   0.80 (  0.80)	Cls Acc 99.2 (99.2)	Domain Acc 52.1 (52.1)
Epoch: [2][  50/1000]	Time  6.16 ( 6.97)	Data  6.10 ( 6.91)	Loss   1.03 (  0.87)	Cls Acc 99.6 (99.6)	Domain Acc 54.3 (53.3)
Epoch: [2][ 100/1000]	Time  8.60 ( 6.98)	Data  8.54 ( 6.91)	Loss   0.75 (  0.84)	Cls Acc 100.0 (99.7)	Domain Acc 56.4 (53.1)
Epoch: [2][ 150/1000]	Time  6.24 ( 6.96)	Data  6.18 ( 6.90)	Loss   0.74 (  0.82)	Cls Acc 100.0 (99.8)	Domain Acc 53.1 (52.5)
Epoch: [2][ 200/1000]	Time  6.39 ( 6.99)	Data  6.33 ( 6.93)	Loss   0.80 (  0.81)	Cls Acc 100.0 (99.8)	Domain Acc 45.9 (52.0)
Epoch: [2][ 250/1000]	Time  8.59 ( 7.02)	Data  8.52 ( 6.96)	Loss   0.81 (  0.80)	Cls Acc 100.0 (99.8)	Domain Acc 43.0 (51.7)
Epoch: [2][ 300/1000]	Time  6.20 ( 7.02)	Data  6.13 ( 6.95)	Loss   0.78 (  0.79)	Cls Acc 100.0 (99.8)	Domain Acc 51.2 (51.5)
Epoch: [2][ 350/1000]	Time  6.19 ( 7.01)	Data  6.13 ( 6.95)	Loss   0.82 (  0.79)	Cls Acc 100.0 (99.8)	Domain Acc 47.3 (51.4)
Epoch: [2][ 400/1000]	Time  8.56 ( 7.01)	Data  8.50 ( 6.94)	Loss   0.93 (  0.79)	Cls Acc 100.0 (99.8)	Domain Acc 43.9 (51.4)
Epoch: [2][ 450/1000]	Time  6.23 ( 7.00)	Data  6.16 ( 6.94)	Loss   0.92 (  0.80)	Cls Acc 99.2 (99.8)	Domain Acc 44.7 (51.2)
Epoch: [2][ 500/1000]	Time  6.23 ( 7.00)	Data  6.16 ( 6.94)	Loss   0.73 (  0.79)	Cls Acc 100.0 (99.9)	Domain Acc 54.5 (51.4)
Epoch: [2][ 550/1000]	Time  8.57 ( 7.00)	Data  8.50 ( 6.94)	Loss   0.70 (  0.79)	Cls Acc 100.0 (99.9)	Domain Acc 56.8 (51.8)
Epoch: [2][ 600/1000]	Time  6.17 ( 6.99)	Data  6.10 ( 6.93)	Loss   0.68 (  0.78)	Cls Acc 100.0 (99.9)	Domain Acc 62.7 (52.0)
Epoch: [2][ 650/1000]	Time  6.20 ( 6.99)	Data  6.14 ( 6.93)	Loss   0.78 (  0.78)	Cls Acc 100.0 (99.9)	Domain Acc 49.4 (52.2)
Epoch: [2][ 700/1000]	Time  8.58 ( 6.99)	Data  8.52 ( 6.93)	Loss   0.71 (  0.78)	Cls Acc 99.6 (99.9)	Domain Acc 56.8 (52.3)
Epoch: [2][ 750/1000]	Time  6.20 ( 6.99)	Data  6.14 ( 6.93)	Loss   0.74 (  0.77)	Cls Acc 100.0 (99.9)	Domain Acc 51.0 (52.1)
Epoch: [2][ 800/1000]	Time  6.14 ( 6.99)	Data  6.08 ( 6.92)	Loss   0.71 (  0.77)	Cls Acc 100.0 (99.9)	Domain Acc 56.8 (52.1)
Epoch: [2][ 850/1000]	Time  8.55 ( 6.99)	Data  8.49 ( 6.92)	Loss   0.72 (  0.77)	Cls Acc 100.0 (99.9)	Domain Acc 54.7 (52.2)
Epoch: [2][ 900/1000]	Time  6.14 ( 6.98)	Data  6.08 ( 6.92)	Loss   0.73 (  0.77)	Cls Acc 100.0 (99.9)	Domain Acc 52.0 (52.2)
Epoch: [2][ 950/1000]	Time  6.20 ( 6.98)	Data  6.14 ( 6.92)	Loss   0.70 (  0.77)	Cls Acc 100.0 (99.9)	Domain Acc 55.7 (52.3)
Test: [0/2]	Time  5.997 ( 5.997)	Loss 4.4123e-01 (4.4123e-01)	Acc@1  88.67 ( 88.67)	Acc@5  98.44 ( 98.44)
 * Acc@1 76.104 Acc@5 95.783
acc1 = 76.1, best_acc1 = 76.1
Epoch: [3][   0/1000]	Time  8.53 ( 8.53)	Data  8.47 ( 8.47)	Loss   0.74 (  0.74)	Cls Acc 100.0 (100.0)	Domain Acc 47.9 (47.9)
Epoch: [3][  50/1000]	Time  6.15 ( 6.98)	Data  6.09 ( 6.91)	Loss   0.75 (  0.74)	Cls Acc 100.0 (100.0)	Domain Acc 50.0 (50.5)
Epoch: [3][ 100/1000]	Time  6.14 ( 6.98)	Data  6.08 ( 6.91)	Loss   0.76 (  0.73)	Cls Acc 100.0 (100.0)	Domain Acc 49.8 (52.9)
Epoch: [3][ 150/1000]	Time  8.54 ( 6.97)	Data  8.48 ( 6.91)	Loss   0.72 (  0.73)	Cls Acc 100.0 (100.0)	Domain Acc 55.5 (52.6)
Epoch: [3][ 200/1000]	Time  6.17 ( 6.96)	Data  6.11 ( 6.90)	Loss   0.70 (  0.72)	Cls Acc 100.0 (100.0)	Domain Acc 55.7 (53.2)
Epoch: [3][ 250/1000]	Time  6.18 ( 6.97)	Data  6.11 ( 6.91)	Loss   0.76 (  0.73)	Cls Acc 100.0 (100.0)	Domain Acc 46.3 (52.4)
Epoch: [3][ 300/1000]	Time  8.52 ( 6.97)	Data  8.46 ( 6.91)	Loss   0.75 (  0.73)	Cls Acc 99.6 (100.0)	Domain Acc 51.0 (52.6)
Epoch: [3][ 350/1000]	Time  6.11 ( 6.96)	Data  6.05 ( 6.90)	Loss   0.73 (  0.73)	Cls Acc 100.0 (100.0)	Domain Acc 56.1 (52.3)
Epoch: [3][ 400/1000]	Time  6.19 ( 6.97)	Data  6.12 ( 6.90)	Loss   0.72 (  0.73)	Cls Acc 99.6 (100.0)	Domain Acc 54.3 (52.6)
Epoch: [3][ 450/1000]	Time  8.50 ( 6.97)	Data  8.43 ( 6.90)	Loss   0.73 (  0.73)	Cls Acc 100.0 (100.0)	Domain Acc 51.4 (52.7)
Epoch: [3][ 500/1000]	Time  6.17 ( 6.96)	Data  6.11 ( 6.90)	Loss   0.72 (  0.73)	Cls Acc 100.0 (100.0)	Domain Acc 52.1 (52.7)
Epoch: [3][ 550/1000]	Time  6.14 ( 6.96)	Data  6.08 ( 6.90)	Loss   0.73 (  0.73)	Cls Acc 100.0 (100.0)	Domain Acc 48.2 (52.8)
Epoch: [3][ 600/1000]	Time  8.55 ( 6.96)	Data  8.49 ( 6.90)	Loss   0.71 (  0.73)	Cls Acc 100.0 (100.0)	Domain Acc 54.7 (52.6)
Epoch: [3][ 650/1000]	Time  6.16 ( 6.96)	Data  6.09 ( 6.90)	Loss   0.78 (  0.73)	Cls Acc 99.6 (100.0)	Domain Acc 41.8 (52.3)
Epoch: [3][ 700/1000]	Time  6.10 ( 6.96)	Data  6.04 ( 6.90)	Loss   0.77 (  0.73)	Cls Acc 100.0 (100.0)	Domain Acc 44.9 (52.1)
Epoch: [3][ 750/1000]	Time  8.51 ( 6.96)	Data  8.45 ( 6.90)	Loss   0.78 (  0.73)	Cls Acc 100.0 (100.0)	Domain Acc 43.2 (52.1)
Epoch: [3][ 800/1000]	Time  6.15 ( 6.96)	Data  6.09 ( 6.90)	Loss   0.72 (  0.73)	Cls Acc 100.0 (100.0)	Domain Acc 50.4 (52.1)
Epoch: [3][ 850/1000]	Time  6.16 ( 6.96)	Data  6.09 ( 6.90)	Loss   0.73 (  0.73)	Cls Acc 100.0 (100.0)	Domain Acc 54.7 (52.2)
Epoch: [3][ 900/1000]	Time  8.52 ( 6.96)	Data  8.46 ( 6.90)	Loss   0.74 (  0.73)	Cls Acc 100.0 (100.0)	Domain Acc 49.6 (52.1)
Epoch: [3][ 950/1000]	Time  6.21 ( 6.96)	Data  6.15 ( 6.90)	Loss   0.69 (  0.73)	Cls Acc 100.0 (100.0)	Domain Acc 54.7 (52.1)
Test: [0/2]	Time  6.015 ( 6.015)	Loss 6.7373e-01 (6.7373e-01)	Acc@1  78.52 ( 78.52)	Acc@5  96.88 ( 96.88)
 * Acc@1 75.100 Acc@5 96.586
acc1 = 75.1, best_acc1 = 76.1
Epoch: [4][   0/1000]	Time  6.17 ( 6.17)	Data  6.10 ( 6.10)	Loss   0.75 (  0.75)	Cls Acc 100.0 (100.0)	Domain Acc 50.0 (50.0)
Epoch: [4][  50/1000]	Time  8.56 ( 6.98)	Data  8.49 ( 6.92)	Loss   0.73 (  0.75)	Cls Acc 100.0 (99.9)	Domain Acc 49.2 (49.0)
Epoch: [4][ 100/1000]	Time  6.19 ( 6.96)	Data  6.13 ( 6.89)	Loss   0.74 (  0.75)	Cls Acc 99.6 (99.9)	Domain Acc 52.9 (50.2)
Epoch: [4][ 150/1000]	Time  6.15 ( 6.96)	Data  6.09 ( 6.90)	Loss   0.81 (  0.75)	Cls Acc 99.6 (99.9)	Domain Acc 49.8 (51.4)
Epoch: [4][ 200/1000]	Time  8.47 ( 6.97)	Data  8.41 ( 6.90)	Loss   0.73 (  0.75)	Cls Acc 100.0 (99.9)	Domain Acc 52.0 (51.3)
Epoch: [4][ 250/1000]	Time  6.12 ( 6.96)	Data  6.06 ( 6.89)	Loss   0.71 (  0.74)	Cls Acc 100.0 (99.9)	Domain Acc 53.1 (52.4)
Epoch: [4][ 300/1000]	Time  6.13 ( 6.97)	Data  6.07 ( 6.90)	Loss   0.72 (  0.74)	Cls Acc 100.0 (99.9)	Domain Acc 51.8 (52.6)
Epoch: [4][ 350/1000]	Time  8.62 ( 6.97)	Data  8.56 ( 6.91)	Loss   0.69 (  0.73)	Cls Acc 100.0 (100.0)	Domain Acc 54.9 (52.4)
Epoch: [4][ 400/1000]	Time  6.18 ( 6.97)	Data  6.11 ( 6.90)	Loss   0.71 (  0.73)	Cls Acc 100.0 (100.0)	Domain Acc 49.6 (52.6)
Epoch: [4][ 450/1000]	Time  6.18 ( 6.97)	Data  6.11 ( 6.90)	Loss   0.69 (  0.73)	Cls Acc 100.0 (100.0)	Domain Acc 57.4 (52.9)
Epoch: [4][ 500/1000]	Time  8.54 ( 6.97)	Data  8.48 ( 6.90)	Loss   0.70 (  0.72)	Cls Acc 100.0 (100.0)	Domain Acc 54.1 (53.0)
Epoch: [4][ 550/1000]	Time  6.13 ( 6.96)	Data  6.07 ( 6.90)	Loss   0.73 (  0.72)	Cls Acc 100.0 (100.0)	Domain Acc 51.0 (52.9)
Epoch: [4][ 600/1000]	Time  6.18 ( 6.97)	Data  6.12 ( 6.90)	Loss   0.70 (  0.72)	Cls Acc 100.0 (100.0)	Domain Acc 55.5 (52.8)
Epoch: [4][ 650/1000]	Time  8.58 ( 6.97)	Data  8.51 ( 6.90)	Loss   0.70 (  0.72)	Cls Acc 100.0 (100.0)	Domain Acc 55.7 (52.9)
Epoch: [4][ 700/1000]	Time  6.15 ( 6.96)	Data  6.09 ( 6.90)	Loss   0.74 (  0.72)	Cls Acc 100.0 (100.0)	Domain Acc 46.9 (52.9)
Epoch: [4][ 750/1000]	Time  6.19 ( 6.97)	Data  6.13 ( 6.90)	Loss   0.69 (  0.72)	Cls Acc 100.0 (100.0)	Domain Acc 57.4 (52.8)
Epoch: [4][ 800/1000]	Time  8.50 ( 6.97)	Data  8.43 ( 6.90)	Loss   0.70 (  0.72)	Cls Acc 100.0 (100.0)	Domain Acc 53.5 (53.0)
Epoch: [4][ 850/1000]	Time  6.19 ( 6.97)	Data  6.13 ( 6.90)	Loss   0.71 (  0.72)	Cls Acc 100.0 (100.0)	Domain Acc 55.9 (53.0)
Epoch: [4][ 900/1000]	Time  6.22 ( 6.97)	Data  6.16 ( 6.90)	Loss   0.69 (  0.72)	Cls Acc 100.0 (100.0)	Domain Acc 57.2 (53.0)
Epoch: [4][ 950/1000]	Time  8.66 ( 6.97)	Data  8.60 ( 6.91)	Loss   0.72 (  0.72)	Cls Acc 100.0 (100.0)	Domain Acc 50.2 (52.9)
Test: [0/2]	Time  6.071 ( 6.071)	Loss 5.3004e-01 (5.3004e-01)	Acc@1  85.94 ( 85.94)	Acc@5  98.44 ( 98.44)
 * Acc@1 81.124 Acc@5 97.189
acc1 = 81.1, best_acc1 = 81.1
Epoch: [5][   0/1000]	Time  6.19 ( 6.19)	Data  6.13 ( 6.13)	Loss   0.70 (  0.70)	Cls Acc 100.0 (100.0)	Domain Acc 57.2 (57.2)
Epoch: [5][  50/1000]	Time  6.18 ( 6.98)	Data  6.11 ( 6.91)	Loss   0.72 (  0.72)	Cls Acc 100.0 (100.0)	Domain Acc 53.1 (50.8)
Epoch: [5][ 100/1000]	Time  8.61 ( 6.99)	Data  8.55 ( 6.92)	Loss   0.73 (  0.71)	Cls Acc 100.0 (100.0)	Domain Acc 48.8 (52.3)
Epoch: [5][ 150/1000]	Time  6.20 ( 6.97)	Data  6.14 ( 6.91)	Loss   0.70 (  0.71)	Cls Acc 100.0 (100.0)	Domain Acc 53.5 (52.6)
Epoch: [5][ 200/1000]	Time  6.16 ( 6.98)	Data  6.09 ( 6.91)	Loss   0.73 (  0.71)	Cls Acc 100.0 (100.0)	Domain Acc 46.5 (53.1)
Epoch: [5][ 250/1000]	Time  8.61 ( 6.98)	Data  8.55 ( 6.92)	Loss   0.72 (  0.71)	Cls Acc 100.0 (100.0)	Domain Acc 49.6 (52.7)
Epoch: [5][ 300/1000]	Time  6.23 ( 6.98)	Data  6.16 ( 6.91)	Loss   0.72 (  0.71)	Cls Acc 100.0 (100.0)	Domain Acc 48.6 (52.3)
Epoch: [5][ 350/1000]	Time  6.22 ( 6.99)	Data  6.15 ( 6.92)	Loss   0.70 (  0.71)	Cls Acc 100.0 (100.0)	Domain Acc 58.4 (52.0)
Epoch: [5][ 400/1000]	Time  8.66 ( 7.00)	Data  8.60 ( 6.93)	Loss   0.73 (  0.71)	Cls Acc 100.0 (100.0)	Domain Acc 50.2 (52.1)
Epoch: [5][ 450/1000]	Time  6.21 ( 7.00)	Data  6.15 ( 6.93)	Loss   0.73 (  0.71)	Cls Acc 100.0 (100.0)	Domain Acc 51.2 (51.9)
Epoch: [5][ 500/1000]	Time  6.25 ( 7.00)	Data  6.19 ( 6.94)	Loss   0.70 (  0.71)	Cls Acc 100.0 (100.0)	Domain Acc 54.9 (51.6)
Epoch: [5][ 550/1000]	Time  8.60 ( 7.01)	Data  8.54 ( 6.94)	Loss   0.72 (  0.71)	Cls Acc 100.0 (100.0)	Domain Acc 49.2 (51.9)
Epoch: [5][ 600/1000]	Time  6.18 ( 7.00)	Data  6.11 ( 6.94)	Loss   0.69 (  0.71)	Cls Acc 100.0 (100.0)	Domain Acc 59.2 (51.8)
