Namespace(arch='alexnet', batch_size=256, bottleneck_dim=256, center_crop=False, checkmodel_logsave=False, data='Office31', data_processing='ours', epochs=50, iters_per_epoch=1000, local=True, local_pretrained_path='/home/junzhin/Project/Summer_project/code/version1.0/pretrained_model_results/ALEX_office31masked2_newmodel_best.pth.tar', log='/home/junzhin/Project/Summer_project/code/version2.0/training_results/dann/ALEX_office31masked2/A_D', lr=0.01, lr_decay=0.75, lr_gamma=0.001, momentum=0.9, per_class_eval=False, phase='train', pretrained=True, print_freq=50, root='/home/junzhin/Project/Summer_project/code/version2.0/data/office31', seed=None, source='A', target='D', trade_off=1.0, weight_decay=0.001, workers=4)
=> using pre-trained model 'alexnet'
Loading the local alexnet pretrained model weights!
Epoch: [0][   0/1000]	Time  5.39 ( 5.39)	Data  3.20 ( 3.20)	Loss   4.14 (  4.14)	Cls Acc 5.1 (5.1)	Domain Acc 59.8 (59.8)
Epoch: [0][  50/1000]	Time  6.26 ( 6.36)	Data  6.19 ( 6.25)	Loss   2.50 (  3.00)	Cls Acc 35.5 (22.2)	Domain Acc 98.0 (96.4)
Epoch: [0][ 100/1000]	Time  6.45 ( 6.40)	Data  6.39 ( 6.31)	Loss   1.88 (  2.58)	Cls Acc 51.6 (32.5)	Domain Acc 98.8 (97.5)
Epoch: [0][ 150/1000]	Time  6.31 ( 6.43)	Data  6.24 ( 6.36)	Loss   1.61 (  2.31)	Cls Acc 54.7 (39.5)	Domain Acc 99.6 (98.0)
Epoch: [0][ 200/1000]	Time  6.33 ( 6.48)	Data  6.26 ( 6.40)	Loss   1.29 (  2.10)	Cls Acc 66.4 (45.1)	Domain Acc 99.4 (98.3)
Epoch: [0][ 250/1000]	Time  6.18 ( 6.48)	Data  6.12 ( 6.41)	Loss   1.13 (  1.93)	Cls Acc 69.1 (49.8)	Domain Acc 99.4 (98.5)
Epoch: [0][ 300/1000]	Time  6.22 ( 6.47)	Data  6.16 ( 6.40)	Loss   0.98 (  1.78)	Cls Acc 75.8 (53.9)	Domain Acc 98.8 (98.6)
Epoch: [0][ 350/1000]	Time  6.25 ( 6.46)	Data  6.19 ( 6.39)	Loss   0.82 (  1.65)	Cls Acc 82.4 (57.3)	Domain Acc 99.0 (98.7)
Epoch: [0][ 400/1000]	Time  6.24 ( 6.45)	Data  6.17 ( 6.38)	Loss   0.68 (  1.54)	Cls Acc 85.5 (60.4)	Domain Acc 99.2 (98.7)
Epoch: [0][ 450/1000]	Time  6.21 ( 6.44)	Data  6.15 ( 6.37)	Loss   0.74 (  1.45)	Cls Acc 84.8 (63.2)	Domain Acc 94.1 (98.6)
Epoch: [0][ 500/1000]	Time  6.21 ( 6.44)	Data  6.14 ( 6.37)	Loss   3.51 (  1.48)	Cls Acc 71.1 (65.0)	Domain Acc 50.0 (95.9)
Epoch: [0][ 550/1000]	Time  8.16 ( 6.44)	Data  8.09 ( 6.37)	Loss   2.82 (  1.63)	Cls Acc 72.7 (65.6)	Domain Acc 62.5 (91.7)
Epoch: [0][ 600/1000]	Time  6.24 ( 6.43)	Data  6.17 ( 6.37)	Loss   1.76 (  1.70)	Cls Acc 79.7 (66.4)	Domain Acc 65.4 (88.4)
Epoch: [0][ 650/1000]	Time  6.29 ( 6.43)	Data  6.23 ( 6.37)	Loss   1.62 (  1.71)	Cls Acc 84.8 (67.6)	Domain Acc 61.3 (85.9)
Epoch: [0][ 700/1000]	Time  6.23 ( 6.43)	Data  6.17 ( 6.37)	Loss   1.06 (  1.69)	Cls Acc 88.7 (68.8)	Domain Acc 68.6 (83.9)
Epoch: [0][ 750/1000]	Time  6.26 ( 6.43)	Data  6.20 ( 6.37)	Loss   1.37 (  1.67)	Cls Acc 86.7 (70.0)	Domain Acc 56.6 (82.0)
Epoch: [0][ 800/1000]	Time  6.20 ( 6.43)	Data  6.14 ( 6.36)	Loss   1.20 (  1.65)	Cls Acc 90.2 (71.2)	Domain Acc 59.6 (80.2)
Epoch: [0][ 850/1000]	Time  6.21 ( 6.43)	Data  6.15 ( 6.36)	Loss   1.24 (  1.63)	Cls Acc 92.2 (72.3)	Domain Acc 48.2 (78.8)
Epoch: [0][ 900/1000]	Time  6.20 ( 6.43)	Data  6.14 ( 6.36)	Loss   1.14 (  1.60)	Cls Acc 94.5 (73.4)	Domain Acc 56.2 (77.5)
Epoch: [0][ 950/1000]	Time  6.24 ( 6.43)	Data  6.17 ( 6.36)	Loss   1.31 (  1.58)	Cls Acc 92.2 (74.5)	Domain Acc 47.3 (76.2)
Test: [0/2]	Time  6.420 ( 6.420)	Loss 3.6912e+00 (3.6912e+00)	Acc@1  22.66 ( 22.66)	Acc@5  51.56 ( 51.56)
 * Acc@1 18.675 Acc@5 48.996
acc1 = 18.7, best_acc1 = 18.7
Epoch: [1][   0/1000]	Time  6.26 ( 6.26)	Data  6.19 ( 6.19)	Loss   1.11 (  1.11)	Cls Acc 95.7 (95.7)	Domain Acc 49.8 (49.8)
Epoch: [1][  50/1000]	Time  6.22 ( 6.43)	Data  6.15 ( 6.37)	Loss   0.88 (  1.15)	Cls Acc 95.7 (94.2)	Domain Acc 60.4 (48.8)
Epoch: [1][ 100/1000]	Time  8.28 ( 6.44)	Data  8.21 ( 6.37)	Loss   1.01 (  1.11)	Cls Acc 97.3 (94.7)	Domain Acc 43.8 (50.2)
Epoch: [1][ 150/1000]	Time  6.24 ( 6.42)	Data  6.18 ( 6.36)	Loss   0.90 (  1.08)	Cls Acc 95.7 (95.0)	Domain Acc 58.0 (50.9)
Epoch: [1][ 200/1000]	Time  6.24 ( 6.42)	Data  6.18 ( 6.36)	Loss   1.08 (  1.07)	Cls Acc 95.3 (95.3)	Domain Acc 48.2 (50.5)
Epoch: [1][ 250/1000]	Time  6.22 ( 6.42)	Data  6.16 ( 6.35)	Loss   1.25 (  1.07)	Cls Acc 95.3 (95.4)	Domain Acc 39.1 (50.1)
Epoch: [1][ 300/1000]	Time  6.24 ( 6.42)	Data  6.18 ( 6.36)	Loss   1.27 (  1.07)	Cls Acc 93.8 (95.5)	Domain Acc 42.2 (49.2)
Epoch: [1][ 350/1000]	Time  6.19 ( 6.42)	Data  6.13 ( 6.35)	Loss   1.05 (  1.07)	Cls Acc 95.3 (95.6)	Domain Acc 52.1 (48.9)
Epoch: [1][ 400/1000]	Time  6.21 ( 6.42)	Data  6.15 ( 6.36)	Loss   0.86 (  1.07)	Cls Acc 98.4 (95.7)	Domain Acc 52.3 (48.6)
Epoch: [1][ 450/1000]	Time  6.22 ( 6.42)	Data  6.16 ( 6.35)	Loss   0.84 (  1.06)	Cls Acc 98.8 (95.8)	Domain Acc 53.7 (48.9)
Epoch: [1][ 500/1000]	Time  6.25 ( 6.42)	Data  6.18 ( 6.35)	Loss   1.06 (  1.05)	Cls Acc 97.3 (95.9)	Domain Acc 48.6 (48.6)
Epoch: [1][ 550/1000]	Time  6.24 ( 6.41)	Data  6.18 ( 6.35)	Loss   1.03 (  1.04)	Cls Acc 97.7 (96.1)	Domain Acc 50.0 (48.7)
Epoch: [1][ 600/1000]	Time  6.18 ( 6.42)	Data  6.12 ( 6.35)	Loss   0.86 (  1.04)	Cls Acc 97.7 (96.2)	Domain Acc 55.7 (48.4)
Epoch: [1][ 650/1000]	Time  8.31 ( 6.42)	Data  8.25 ( 6.35)	Loss   1.02 (  1.03)	Cls Acc 98.0 (96.3)	Domain Acc 34.4 (48.2)
Epoch: [1][ 700/1000]	Time  6.24 ( 6.42)	Data  6.17 ( 6.35)	Loss   0.90 (  1.03)	Cls Acc 96.9 (96.4)	Domain Acc 53.7 (48.1)
Epoch: [1][ 750/1000]	Time  6.28 ( 6.42)	Data  6.22 ( 6.35)	Loss   0.95 (  1.02)	Cls Acc 97.3 (96.5)	Domain Acc 42.6 (47.9)
Epoch: [1][ 800/1000]	Time  6.21 ( 6.42)	Data  6.15 ( 6.35)	Loss   1.08 (  1.02)	Cls Acc 96.1 (96.5)	Domain Acc 50.4 (47.8)
Epoch: [1][ 850/1000]	Time  6.26 ( 6.42)	Data  6.20 ( 6.36)	Loss   1.03 (  1.02)	Cls Acc 98.8 (96.6)	Domain Acc 54.9 (47.9)
Epoch: [1][ 900/1000]	Time  6.25 ( 6.42)	Data  6.19 ( 6.36)	Loss   1.00 (  1.02)	Cls Acc 98.0 (96.6)	Domain Acc 57.0 (47.9)
Epoch: [1][ 950/1000]	Time  6.21 ( 6.42)	Data  6.15 ( 6.36)	Loss   0.98 (  1.02)	Cls Acc 97.7 (96.7)	Domain Acc 40.6 (47.8)
Test: [0/2]	Time  6.062 ( 6.062)	Loss 4.2788e+00 (4.2788e+00)	Acc@1  28.12 ( 28.12)	Acc@5  54.69 ( 54.69)
 * Acc@1 21.486 Acc@5 50.000
acc1 = 21.5, best_acc1 = 21.5
Epoch: [2][   0/1000]	Time  6.30 ( 6.30)	Data  6.24 ( 6.24)	Loss   0.83 (  0.83)	Cls Acc 98.8 (98.8)	Domain Acc 51.2 (51.2)
Epoch: [2][  50/1000]	Time  6.24 ( 6.47)	Data  6.17 ( 6.41)	Loss   0.80 (  0.95)	Cls Acc 99.2 (98.0)	Domain Acc 57.4 (47.7)
Epoch: [2][ 100/1000]	Time  6.24 ( 6.44)	Data  6.18 ( 6.37)	Loss   0.82 (  0.92)	Cls Acc 98.8 (98.1)	Domain Acc 53.9 (49.0)
Epoch: [2][ 150/1000]	Time  6.22 ( 6.44)	Data  6.15 ( 6.38)	Loss   1.04 (  0.92)	Cls Acc 96.9 (98.3)	Domain Acc 48.0 (48.5)
Epoch: [2][ 200/1000]	Time  8.30 ( 6.45)	Data  8.23 ( 6.38)	Loss   0.85 (  0.92)	Cls Acc 99.2 (98.3)	Domain Acc 51.0 (48.4)
Epoch: [2][ 250/1000]	Time  6.22 ( 6.44)	Data  6.15 ( 6.37)	Loss   1.07 (  0.93)	Cls Acc 96.9 (98.2)	Domain Acc 43.6 (48.2)
Epoch: [2][ 300/1000]	Time  6.25 ( 6.44)	Data  6.19 ( 6.37)	Loss   0.83 (  0.93)	Cls Acc 98.8 (98.2)	Domain Acc 53.9 (48.0)
Epoch: [2][ 350/1000]	Time  6.30 ( 6.44)	Data  6.23 ( 6.37)	Loss   0.98 (  0.92)	Cls Acc 98.8 (98.2)	Domain Acc 43.2 (48.0)
Epoch: [2][ 400/1000]	Time  6.29 ( 6.45)	Data  6.22 ( 6.39)	Loss   0.89 (  0.92)	Cls Acc 98.8 (98.3)	Domain Acc 42.4 (47.8)
Epoch: [2][ 450/1000]	Time  6.25 ( 6.47)	Data  6.19 ( 6.41)	Loss   0.99 (  0.91)	Cls Acc 98.0 (98.3)	Domain Acc 33.0 (47.7)
Epoch: [2][ 500/1000]	Time  6.37 ( 6.48)	Data  6.31 ( 6.42)	Loss   0.87 (  0.91)	Cls Acc 99.6 (98.4)	Domain Acc 46.3 (47.7)
Epoch: [2][ 550/1000]	Time  6.24 ( 6.48)	Data  6.17 ( 6.41)	Loss   0.82 (  0.91)	Cls Acc 100.0 (98.4)	Domain Acc 55.1 (47.7)
Epoch: [2][ 600/1000]	Time  6.23 ( 6.47)	Data  6.17 ( 6.41)	Loss   0.85 (  0.90)	Cls Acc 99.2 (98.5)	Domain Acc 52.0 (47.9)
Epoch: [2][ 650/1000]	Time  6.24 ( 6.47)	Data  6.18 ( 6.40)	Loss   0.73 (  0.89)	Cls Acc 99.6 (98.5)	Domain Acc 61.3 (48.3)
Epoch: [2][ 700/1000]	Time  6.24 ( 6.47)	Data  6.18 ( 6.40)	Loss   0.82 (  0.89)	Cls Acc 98.4 (98.5)	Domain Acc 50.2 (48.1)
Epoch: [2][ 750/1000]	Time  8.19 ( 6.46)	Data  8.13 ( 6.40)	Loss   0.81 (  0.89)	Cls Acc 99.2 (98.6)	Domain Acc 49.0 (48.2)
Epoch: [2][ 800/1000]	Time  6.25 ( 6.46)	Data  6.19 ( 6.40)	Loss   0.83 (  0.89)	Cls Acc 97.7 (98.6)	Domain Acc 45.9 (48.2)
Epoch: [2][ 850/1000]	Time  6.24 ( 6.46)	Data  6.17 ( 6.39)	Loss   0.83 (  0.89)	Cls Acc 99.2 (98.6)	Domain Acc 49.0 (48.3)
Epoch: [2][ 900/1000]	Time  6.33 ( 6.46)	Data  6.27 ( 6.39)	Loss   0.93 (  0.88)	Cls Acc 98.8 (98.6)	Domain Acc 37.3 (48.4)
Epoch: [2][ 950/1000]	Time  6.23 ( 6.46)	Data  6.17 ( 6.39)	Loss   0.94 (  0.88)	Cls Acc 98.4 (98.6)	Domain Acc 44.1 (48.5)
Test: [0/2]	Time  6.033 ( 6.033)	Loss 4.3934e+00 (4.3934e+00)	Acc@1  29.30 ( 29.30)	Acc@5  60.55 ( 60.55)
 * Acc@1 21.888 Acc@5 53.614
acc1 = 21.9, best_acc1 = 21.9
Epoch: [3][   0/1000]	Time  6.21 ( 6.21)	Data  6.14 ( 6.14)	Loss   0.78 (  0.78)	Cls Acc 98.8 (98.8)	Domain Acc 56.8 (56.8)
Epoch: [3][  50/1000]	Time  6.21 ( 6.45)	Data  6.15 ( 6.39)	Loss   0.97 (  0.86)	Cls Acc 97.7 (98.6)	Domain Acc 42.6 (49.2)
Epoch: [3][ 100/1000]	Time  6.20 ( 6.43)	Data  6.14 ( 6.37)	Loss   0.83 (  0.88)	Cls Acc 99.6 (98.6)	Domain Acc 45.7 (49.6)
Epoch: [3][ 150/1000]	Time  6.23 ( 6.43)	Data  6.17 ( 6.37)	Loss   0.78 (  0.85)	Cls Acc 98.8 (98.9)	Domain Acc 47.9 (50.2)
Epoch: [3][ 200/1000]	Time  6.25 ( 6.42)	Data  6.18 ( 6.36)	Loss   0.76 (  0.84)	Cls Acc 99.6 (99.0)	Domain Acc 50.0 (50.1)
Epoch: [3][ 250/1000]	Time  6.22 ( 6.42)	Data  6.16 ( 6.36)	Loss   0.79 (  0.83)	Cls Acc 100.0 (99.0)	Domain Acc 50.0 (49.5)
Epoch: [3][ 300/1000]	Time  8.28 ( 6.43)	Data  8.22 ( 6.37)	Loss   0.86 (  0.84)	Cls Acc 97.3 (99.1)	Domain Acc 49.0 (49.2)
Epoch: [3][ 350/1000]	Time  6.20 ( 6.42)	Data  6.13 ( 6.36)	Loss   0.74 (  0.83)	Cls Acc 100.0 (99.1)	Domain Acc 58.2 (49.3)
Epoch: [3][ 400/1000]	Time  6.28 ( 6.43)	Data  6.22 ( 6.36)	Loss   0.71 (  0.83)	Cls Acc 99.6 (99.1)	Domain Acc 58.4 (49.3)
Epoch: [3][ 450/1000]	Time  6.20 ( 6.42)	Data  6.14 ( 6.36)	Loss   0.81 (  0.82)	Cls Acc 99.2 (99.2)	Domain Acc 47.5 (49.2)
Epoch: [3][ 500/1000]	Time  6.25 ( 6.42)	Data  6.19 ( 6.36)	Loss   0.82 (  0.82)	Cls Acc 100.0 (99.2)	Domain Acc 46.5 (49.1)
Epoch: [3][ 550/1000]	Time  6.19 ( 6.42)	Data  6.12 ( 6.36)	Loss   0.81 (  0.82)	Cls Acc 99.2 (99.2)	Domain Acc 49.8 (49.1)
Epoch: [3][ 600/1000]	Time  6.22 ( 6.42)	Data  6.16 ( 6.36)	Loss   0.76 (  0.82)	Cls Acc 99.2 (99.2)	Domain Acc 51.8 (49.0)
Epoch: [3][ 650/1000]	Time  6.26 ( 6.42)	Data  6.20 ( 6.36)	Loss   0.86 (  0.82)	Cls Acc 97.7 (99.2)	Domain Acc 44.9 (49.1)
Epoch: [3][ 700/1000]	Time  6.19 ( 6.42)	Data  6.13 ( 6.36)	Loss   0.95 (  0.82)	Cls Acc 97.3 (99.2)	Domain Acc 40.4 (49.1)
Epoch: [3][ 750/1000]	Time  6.23 ( 6.42)	Data  6.17 ( 6.35)	Loss   0.82 (  0.82)	Cls Acc 99.2 (99.2)	Domain Acc 47.9 (49.1)
Epoch: [3][ 800/1000]	Time  6.19 ( 6.42)	Data  6.13 ( 6.35)	Loss   0.80 (  0.82)	Cls Acc 100.0 (99.2)	Domain Acc 49.6 (49.3)
Epoch: [3][ 850/1000]	Time  8.25 ( 6.42)	Data  8.18 ( 6.35)	Loss   0.84 (  0.82)	Cls Acc 99.2 (99.2)	Domain Acc 42.6 (49.2)
Epoch: [3][ 900/1000]	Time  6.19 ( 6.42)	Data  6.13 ( 6.35)	Loss   0.83 (  0.82)	Cls Acc 99.2 (99.2)	Domain Acc 44.5 (49.2)
Epoch: [3][ 950/1000]	Time  6.23 ( 6.42)	Data  6.17 ( 6.35)	Loss   0.69 (  0.82)	Cls Acc 99.6 (99.3)	Domain Acc 62.5 (49.2)
Test: [0/2]	Time  6.000 ( 6.000)	Loss 5.2142e+00 (5.2142e+00)	Acc@1  25.78 ( 25.78)	Acc@5  53.52 ( 53.52)
 * Acc@1 25.100 Acc@5 49.598
acc1 = 25.1, best_acc1 = 25.1
Epoch: [4][   0/1000]	Time  6.26 ( 6.26)	Data  6.20 ( 6.20)	Loss   0.81 (  0.81)	Cls Acc 100.0 (100.0)	Domain Acc 48.0 (48.0)
Epoch: [4][  50/1000]	Time  6.24 ( 6.44)	Data  6.18 ( 6.37)	Loss   0.78 (  0.82)	Cls Acc 100.0 (99.5)	Domain Acc 49.8 (50.6)
Epoch: [4][ 100/1000]	Time  6.21 ( 6.41)	Data  6.14 ( 6.35)	Loss   0.78 (  0.79)	Cls Acc 100.0 (99.6)	Domain Acc 47.3 (51.6)
Epoch: [4][ 150/1000]	Time  6.20 ( 6.42)	Data  6.13 ( 6.35)	Loss   0.79 (  0.78)	Cls Acc 98.4 (99.6)	Domain Acc 47.9 (50.8)
Epoch: [4][ 200/1000]	Time  6.21 ( 6.41)	Data  6.14 ( 6.35)	Loss   0.76 (  0.78)	Cls Acc 99.2 (99.6)	Domain Acc 52.7 (50.8)
Epoch: [4][ 250/1000]	Time  6.22 ( 6.41)	Data  6.15 ( 6.35)	Loss   0.71 (  0.77)	Cls Acc 100.0 (99.6)	Domain Acc 55.1 (50.9)
Epoch: [4][ 300/1000]	Time  6.24 ( 6.41)	Data  6.18 ( 6.35)	Loss   0.73 (  0.77)	Cls Acc 100.0 (99.6)	Domain Acc 55.9 (50.9)
Epoch: [4][ 350/1000]	Time  6.23 ( 6.41)	Data  6.17 ( 6.35)	Loss   0.76 (  0.77)	Cls Acc 99.6 (99.6)	Domain Acc 52.5 (50.5)
Epoch: [4][ 400/1000]	Time  8.19 ( 6.42)	Data  8.13 ( 6.35)	Loss   0.74 (  0.78)	Cls Acc 100.0 (99.6)	Domain Acc 53.3 (50.3)
Epoch: [4][ 450/1000]	Time  6.31 ( 6.41)	Data  6.24 ( 6.35)	Loss   0.76 (  0.77)	Cls Acc 100.0 (99.6)	Domain Acc 43.6 (50.4)
Epoch: [4][ 500/1000]	Time  6.23 ( 6.41)	Data  6.17 ( 6.35)	Loss   0.80 (  0.77)	Cls Acc 99.6 (99.6)	Domain Acc 41.8 (50.3)
Epoch: [4][ 550/1000]	Time  6.25 ( 6.41)	Data  6.19 ( 6.35)	Loss   0.76 (  0.77)	Cls Acc 99.6 (99.6)	Domain Acc 53.3 (50.2)
Epoch: [4][ 600/1000]	Time  6.22 ( 6.41)	Data  6.16 ( 6.35)	Loss   0.85 (  0.77)	Cls Acc 100.0 (99.6)	Domain Acc 46.1 (50.1)
Epoch: [4][ 650/1000]	Time  6.21 ( 6.41)	Data  6.15 ( 6.35)	Loss   0.74 (  0.77)	Cls Acc 100.0 (99.6)	Domain Acc 53.1 (50.0)
Epoch: [4][ 700/1000]	Time  6.21 ( 6.41)	Data  6.15 ( 6.35)	Loss   0.70 (  0.77)	Cls Acc 99.6 (99.6)	Domain Acc 56.6 (49.9)
Epoch: [4][ 750/1000]	Time  6.23 ( 6.41)	Data  6.17 ( 6.35)	Loss   0.82 (  0.77)	Cls Acc 100.0 (99.6)	Domain Acc 35.5 (49.8)
Epoch: [4][ 800/1000]	Time  6.23 ( 6.41)	Data  6.17 ( 6.35)	Loss   0.76 (  0.77)	Cls Acc 99.6 (99.6)	Domain Acc 48.4 (49.9)
Epoch: [4][ 850/1000]	Time  6.28 ( 6.41)	Data  6.21 ( 6.35)	Loss   0.77 (  0.77)	Cls Acc 99.6 (99.6)	Domain Acc 43.9 (49.8)
Epoch: [4][ 900/1000]	Time  6.49 ( 6.42)	Data  6.43 ( 6.36)	Loss   0.76 (  0.77)	Cls Acc 100.0 (99.6)	Domain Acc 47.7 (50.0)
Epoch: [4][ 950/1000]	Time  8.72 ( 6.43)	Data  8.66 ( 6.37)	Loss   0.71 (  0.77)	Cls Acc 100.0 (99.7)	Domain Acc 57.0 (50.0)
Test: [0/2]	Time  6.190 ( 6.190)	Loss 4.9823e+00 (4.9823e+00)	Acc@1  30.47 ( 30.47)	Acc@5  61.72 ( 61.72)
 * Acc@1 26.908 Acc@5 56.426
acc1 = 26.9, best_acc1 = 26.9
Epoch: [5][   0/1000]	Time  6.37 ( 6.37)	Data  6.30 ( 6.30)	Loss   0.73 (  0.73)	Cls Acc 99.6 (99.6)	Domain Acc 55.3 (55.3)
Epoch: [5][  50/1000]	Time  6.32 ( 6.52)	Data  6.25 ( 6.46)	Loss   0.76 (  0.75)	Cls Acc 100.0 (99.7)	Domain Acc 51.4 (51.8)
Epoch: [5][ 100/1000]	Time  6.18 ( 6.45)	Data  6.12 ( 6.38)	Loss   0.74 (  0.76)	Cls Acc 100.0 (99.7)	Domain Acc 51.2 (50.5)
Epoch: [5][ 150/1000]	Time  6.51 ( 6.49)	Data  6.45 ( 6.43)	Loss   0.75 (  0.76)	Cls Acc 100.0 (99.8)	Domain Acc 48.6 (50.6)
Epoch: [5][ 200/1000]	Time  6.81 ( 6.55)	Data  6.75 ( 6.48)	Loss   0.69 (  0.75)	Cls Acc 100.0 (99.8)	Domain Acc 60.9 (50.6)
Epoch: [5][ 250/1000]	Time  6.41 ( 6.57)	Data  6.34 ( 6.51)	Loss   0.74 (  0.75)	Cls Acc 100.0 (99.8)	Domain Acc 51.4 (51.3)
Epoch: [5][ 300/1000]	Time  6.49 ( 6.57)	Data  6.43 ( 6.51)	Loss   0.74 (  0.74)	Cls Acc 99.6 (99.8)	Domain Acc 51.2 (51.5)
Epoch: [5][ 350/1000]	Time  6.40 ( 6.59)	Data  6.34 ( 6.53)	Loss   0.73 (  0.74)	Cls Acc 100.0 (99.8)	Domain Acc 49.4 (51.2)
Epoch: [5][ 400/1000]	Time  6.36 ( 6.59)	Data  6.29 ( 6.52)	Loss   0.76 (  0.74)	Cls Acc 99.6 (99.8)	Domain Acc 52.9 (51.4)
Epoch: [5][ 450/1000]	Time  6.43 ( 6.59)	Data  6.37 ( 6.53)	Loss   0.76 (  0.74)	Cls Acc 99.6 (99.8)	Domain Acc 49.4 (51.4)
Epoch: [5][ 500/1000]	Time  8.51 ( 6.61)	Data  8.45 ( 6.54)	Loss   0.78 (  0.74)	Cls Acc 98.8 (99.8)	Domain Acc 46.7 (51.3)
Epoch: [5][ 550/1000]	Time  6.22 ( 6.59)	Data  6.15 ( 6.53)	Loss   0.75 (  0.74)	Cls Acc 100.0 (99.8)	Domain Acc 45.1 (51.5)
Epoch: [5][ 600/1000]	Time  6.27 ( 6.58)	Data  6.20 ( 6.52)	Loss   0.75 (  0.74)	Cls Acc 100.0 (99.8)	Domain Acc 49.0 (51.5)
Epoch: [5][ 650/1000]	Time  6.21 ( 6.56)	Data  6.15 ( 6.50)	Loss   0.81 (  0.74)	Cls Acc 98.4 (99.8)	Domain Acc 47.3 (51.5)
Epoch: [5][ 700/1000]	Time  6.22 ( 6.56)	Data  6.15 ( 6.49)	Loss   0.71 (  0.75)	Cls Acc 100.0 (99.8)	Domain Acc 55.5 (51.4)
Epoch: [5][ 750/1000]	Time  6.35 ( 6.55)	Data  6.28 ( 6.49)	Loss   0.73 (  0.74)	Cls Acc 100.0 (99.8)	Domain Acc 51.4 (51.4)
Epoch: [5][ 800/1000]	Time  6.24 ( 6.55)	Data  6.17 ( 6.49)	Loss   0.73 (  0.74)	Cls Acc 100.0 (99.8)	Domain Acc 51.4 (51.3)
Epoch: [5][ 850/1000]	Time  6.30 ( 6.55)	Data  6.24 ( 6.48)	Loss   0.78 (  0.74)	Cls Acc 100.0 (99.8)	Domain Acc 46.3 (51.3)
Epoch: [5][ 900/1000]	Time  6.27 ( 6.54)	Data  6.21 ( 6.48)	Loss   0.72 (  0.74)	Cls Acc 100.0 (99.8)	Domain Acc 52.0 (51.4)
Epoch: [5][ 950/1000]	Time  6.25 ( 6.54)	Data  6.19 ( 6.47)	Loss   0.72 (  0.74)	Cls Acc 100.0 (99.8)	Domain Acc 56.2 (51.3)
Test: [0/2]	Time  6.160 ( 6.160)	Loss 5.5541e+00 (5.5541e+00)	Acc@1  32.03 ( 32.03)	Acc@5  58.59 ( 58.59)
 * Acc@1 28.514 Acc@5 54.217
acc1 = 28.5, best_acc1 = 28.5
Epoch: [6][   0/1000]	Time  6.26 ( 6.26)	Data  6.19 ( 6.19)	Loss   0.75 (  0.75)	Cls Acc 100.0 (100.0)	Domain Acc 49.6 (49.6)
Epoch: [6][  50/1000]	Time  8.66 ( 6.52)	Data  8.60 ( 6.46)	Loss   0.70 (  0.74)	Cls Acc 99.6 (99.9)	Domain Acc 58.8 (48.4)
