Namespace(arch='alexnet', batch_size=256, bottleneck_dim=256, center_crop=False, checkmodel_logsave=False, data='Office31', data_processing='ours', epochs=50, iters_per_epoch=1000, local=True, local_pretrained_path='/home/junzhin/Project/Summer_project/code/version1.0/pretrained_model_results/ALEX_office31masked2_newmodel_best.pth.tar', log='/home/junzhin/Project/Summer_project/code/version2.0/training_results/dann/ALEX_office31masked2/D_W', lr=0.01, lr_decay=0.75, lr_gamma=0.001, momentum=0.9, per_class_eval=False, phase='train', pretrained=True, print_freq=50, root='/home/junzhin/Project/Summer_project/code/version2.0/data/office31', seed=None, source='D', target='W', trade_off=1.0, weight_decay=0.001, workers=4)
=> using pre-trained model 'alexnet'
Loading the local alexnet pretrained model weights!
Epoch: [0][   0/1000]	Time  4.87 ( 4.87)	Data  2.67 ( 2.67)	Loss   4.36 (  4.36)	Cls Acc 3.1 (3.1)	Domain Acc 38.7 (38.7)
Epoch: [0][  50/1000]	Time  6.17 ( 6.92)	Data  6.10 ( 6.81)	Loss   1.47 (  2.45)	Cls Acc 69.9 (41.9)	Domain Acc 96.5 (93.1)
Epoch: [0][ 100/1000]	Time  6.35 ( 6.98)	Data  6.28 ( 6.90)	Loss   0.44 (  1.66)	Cls Acc 96.1 (64.0)	Domain Acc 98.2 (95.3)
Epoch: [0][ 150/1000]	Time  8.82 ( 7.03)	Data  8.76 ( 6.95)	Loss   0.15 (  1.20)	Cls Acc 99.6 (75.4)	Domain Acc 99.6 (96.6)
Epoch: [0][ 200/1000]	Time  6.33 ( 7.05)	Data  6.26 ( 6.98)	Loss   0.66 (  1.11)	Cls Acc 98.8 (81.4)	Domain Acc 79.9 (93.3)
Epoch: [0][ 250/1000]	Time  6.26 ( 7.05)	Data  6.19 ( 6.97)	Loss   4.42 (  1.18)	Cls Acc 98.0 (84.9)	Domain Acc 27.7 (87.7)
Epoch: [0][ 300/1000]	Time  8.61 ( 7.04)	Data  8.54 ( 6.97)	Loss   3.92 (  1.65)	Cls Acc 98.4 (86.7)	Domain Acc 35.0 (79.4)
Epoch: [0][ 350/1000]	Time  6.20 ( 7.03)	Data  6.14 ( 6.96)	Loss   1.05 (  1.71)	Cls Acc 99.6 (88.4)	Domain Acc 62.1 (74.4)
Epoch: [0][ 400/1000]	Time  6.13 ( 7.03)	Data  6.06 ( 6.96)	Loss   1.21 (  1.65)	Cls Acc 100.0 (89.8)	Domain Acc 43.9 (71.3)
Epoch: [0][ 450/1000]	Time  8.59 ( 7.02)	Data  8.52 ( 6.95)	Loss   0.73 (  1.59)	Cls Acc 99.6 (90.8)	Domain Acc 60.4 (69.0)
Epoch: [0][ 500/1000]	Time  6.21 ( 7.02)	Data  6.15 ( 6.95)	Loss   0.90 (  1.52)	Cls Acc 100.0 (91.7)	Domain Acc 52.5 (67.5)
Epoch: [0][ 550/1000]	Time  6.24 ( 7.01)	Data  6.18 ( 6.95)	Loss   0.85 (  1.46)	Cls Acc 100.0 (92.5)	Domain Acc 57.8 (66.4)
Epoch: [0][ 600/1000]	Time  8.65 ( 7.01)	Data  8.58 ( 6.95)	Loss   0.87 (  1.41)	Cls Acc 100.0 (93.1)	Domain Acc 50.4 (65.3)
Epoch: [0][ 650/1000]	Time  6.18 ( 7.01)	Data  6.12 ( 6.94)	Loss   0.76 (  1.36)	Cls Acc 100.0 (93.6)	Domain Acc 60.4 (64.5)
Epoch: [0][ 700/1000]	Time  6.24 ( 7.01)	Data  6.18 ( 6.94)	Loss   0.86 (  1.32)	Cls Acc 100.0 (94.1)	Domain Acc 51.4 (63.9)
Epoch: [0][ 750/1000]	Time  8.64 ( 7.01)	Data  8.57 ( 6.94)	Loss   0.78 (  1.28)	Cls Acc 100.0 (94.5)	Domain Acc 53.7 (63.4)
Epoch: [0][ 800/1000]	Time  6.19 ( 7.01)	Data  6.13 ( 6.94)	Loss   0.98 (  1.25)	Cls Acc 98.4 (94.8)	Domain Acc 47.9 (63.0)
Epoch: [0][ 850/1000]	Time  6.17 ( 7.01)	Data  6.11 ( 6.94)	Loss   0.98 (  1.23)	Cls Acc 100.0 (95.1)	Domain Acc 45.3 (62.3)
Epoch: [0][ 900/1000]	Time  8.72 ( 7.01)	Data  8.66 ( 6.94)	Loss   0.80 (  1.21)	Cls Acc 100.0 (95.3)	Domain Acc 57.8 (61.9)
Epoch: [0][ 950/1000]	Time  6.26 ( 7.01)	Data  6.19 ( 6.94)	Loss   0.71 (  1.19)	Cls Acc 100.0 (95.6)	Domain Acc 58.0 (61.7)
Test: [0/4]	Time  2.754 ( 2.754)	Loss 1.5096e+00 (1.5096e+00)	Acc@1  64.06 ( 64.06)	Acc@5  90.23 ( 90.23)
 * Acc@1 64.277 Acc@5 88.428
acc1 = 64.3, best_acc1 = 64.3
Epoch: [1][   0/1000]	Time  6.14 ( 6.14)	Data  6.07 ( 6.07)	Loss   0.89 (  0.89)	Cls Acc 100.0 (100.0)	Domain Acc 48.6 (48.6)
Epoch: [1][  50/1000]	Time  8.58 ( 6.98)	Data  8.52 ( 6.92)	Loss   0.86 (  0.84)	Cls Acc 99.2 (99.8)	Domain Acc 51.0 (52.2)
Epoch: [1][ 100/1000]	Time  6.16 ( 6.97)	Data  6.09 ( 6.90)	Loss   0.86 (  0.81)	Cls Acc 99.6 (99.9)	Domain Acc 46.7 (54.7)
Epoch: [1][ 150/1000]	Time  6.17 ( 6.98)	Data  6.10 ( 6.91)	Loss   0.75 (  0.81)	Cls Acc 100.0 (99.9)	Domain Acc 52.3 (55.3)
Epoch: [1][ 200/1000]	Time  8.59 ( 6.99)	Data  8.52 ( 6.92)	Loss   0.88 (  0.81)	Cls Acc 100.0 (99.9)	Domain Acc 49.8 (55.1)
Epoch: [1][ 250/1000]	Time  6.22 ( 6.98)	Data  6.15 ( 6.92)	Loss   0.84 (  0.82)	Cls Acc 100.0 (99.9)	Domain Acc 55.1 (54.5)
Epoch: [1][ 300/1000]	Time  6.19 ( 6.99)	Data  6.12 ( 6.92)	Loss   0.69 (  0.81)	Cls Acc 100.0 (99.9)	Domain Acc 62.7 (54.6)
Epoch: [1][ 350/1000]	Time  8.58 ( 6.99)	Data  8.51 ( 6.92)	Loss   0.78 (  0.81)	Cls Acc 99.6 (99.9)	Domain Acc 54.1 (54.3)
Epoch: [1][ 400/1000]	Time  6.14 ( 6.98)	Data  6.08 ( 6.92)	Loss   0.70 (  0.81)	Cls Acc 100.0 (99.9)	Domain Acc 61.5 (54.2)
Epoch: [1][ 450/1000]	Time  6.19 ( 6.99)	Data  6.13 ( 6.92)	Loss   0.79 (  0.80)	Cls Acc 100.0 (99.9)	Domain Acc 50.6 (54.5)
Epoch: [1][ 500/1000]	Time  8.61 ( 6.99)	Data  8.54 ( 6.92)	Loss   0.77 (  0.80)	Cls Acc 99.6 (99.9)	Domain Acc 54.1 (54.4)
Epoch: [1][ 550/1000]	Time  6.19 ( 6.99)	Data  6.12 ( 6.92)	Loss   0.80 (  0.80)	Cls Acc 100.0 (99.9)	Domain Acc 52.7 (54.2)
Epoch: [1][ 600/1000]	Time  6.17 ( 6.99)	Data  6.11 ( 6.92)	Loss   0.81 (  0.80)	Cls Acc 100.0 (99.9)	Domain Acc 51.4 (53.9)
Epoch: [1][ 650/1000]	Time  8.63 ( 6.99)	Data  8.56 ( 6.93)	Loss   0.81 (  0.80)	Cls Acc 99.2 (99.9)	Domain Acc 55.1 (53.7)
Epoch: [1][ 700/1000]	Time  6.20 ( 6.99)	Data  6.14 ( 6.93)	Loss   0.82 (  0.80)	Cls Acc 99.2 (99.9)	Domain Acc 54.9 (53.8)
Epoch: [1][ 750/1000]	Time  6.18 ( 6.99)	Data  6.11 ( 6.93)	Loss   0.86 (  0.80)	Cls Acc 100.0 (99.9)	Domain Acc 44.3 (53.8)
Epoch: [1][ 800/1000]	Time  8.59 ( 6.99)	Data  8.52 ( 6.93)	Loss   0.71 (  0.79)	Cls Acc 100.0 (99.9)	Domain Acc 61.5 (53.9)
Epoch: [1][ 850/1000]	Time  6.20 ( 7.00)	Data  6.14 ( 6.93)	Loss   0.74 (  0.79)	Cls Acc 100.0 (99.9)	Domain Acc 57.0 (53.9)
Epoch: [1][ 900/1000]	Time  6.21 ( 7.00)	Data  6.14 ( 6.93)	Loss   0.99 (  0.79)	Cls Acc 97.7 (99.9)	Domain Acc 44.3 (53.8)
Epoch: [1][ 950/1000]	Time  8.64 ( 7.00)	Data  8.58 ( 6.93)	Loss   0.74 (  0.79)	Cls Acc 100.0 (99.8)	Domain Acc 60.4 (53.8)
Test: [0/4]	Time  2.421 ( 2.421)	Loss 1.4478e+00 (1.4478e+00)	Acc@1  66.41 ( 66.41)	Acc@5  92.97 ( 92.97)
 * Acc@1 69.686 Acc@5 93.208
acc1 = 69.7, best_acc1 = 69.7
Epoch: [2][   0/1000]	Time  6.20 ( 6.20)	Data  6.14 ( 6.14)	Loss   0.67 (  0.67)	Cls Acc 100.0 (100.0)	Domain Acc 62.7 (62.7)
Epoch: [2][  50/1000]	Time  6.17 ( 6.99)	Data  6.10 ( 6.93)	Loss   0.87 (  0.76)	Cls Acc 99.2 (99.9)	Domain Acc 45.7 (54.8)
Epoch: [2][ 100/1000]	Time  8.63 ( 7.00)	Data  8.57 ( 6.93)	Loss   0.78 (  0.77)	Cls Acc 99.2 (99.9)	Domain Acc 50.2 (54.4)
Epoch: [2][ 150/1000]	Time  6.24 ( 7.00)	Data  6.17 ( 6.94)	Loss   0.72 (  0.76)	Cls Acc 100.0 (99.9)	Domain Acc 56.6 (54.8)
Epoch: [2][ 200/1000]	Time  6.21 ( 7.02)	Data  6.14 ( 6.96)	Loss   0.72 (  0.75)	Cls Acc 100.0 (99.9)	Domain Acc 56.6 (55.1)
Epoch: [2][ 250/1000]	Time  8.65 ( 7.04)	Data  8.58 ( 6.98)	Loss   0.71 (  0.75)	Cls Acc 100.0 (99.9)	Domain Acc 56.1 (55.0)
Epoch: [2][ 300/1000]	Time  6.26 ( 7.04)	Data  6.20 ( 6.97)	Loss   0.86 (  0.75)	Cls Acc 100.0 (99.9)	Domain Acc 46.1 (54.8)
Epoch: [2][ 350/1000]	Time  6.23 ( 7.03)	Data  6.16 ( 6.97)	Loss   0.78 (  0.75)	Cls Acc 100.0 (99.9)	Domain Acc 51.6 (54.4)
Epoch: [2][ 400/1000]	Time  8.65 ( 7.03)	Data  8.58 ( 6.97)	Loss   0.77 (  0.76)	Cls Acc 100.0 (99.9)	Domain Acc 54.9 (53.8)
Epoch: [2][ 450/1000]	Time  6.26 ( 7.03)	Data  6.20 ( 6.96)	Loss   0.77 (  0.76)	Cls Acc 100.0 (99.9)	Domain Acc 52.7 (53.4)
Epoch: [2][ 500/1000]	Time  6.24 ( 7.03)	Data  6.17 ( 6.97)	Loss   0.75 (  0.76)	Cls Acc 100.0 (99.9)	Domain Acc 54.7 (53.7)
Epoch: [2][ 550/1000]	Time  8.61 ( 7.03)	Data  8.54 ( 6.97)	Loss   0.72 (  0.76)	Cls Acc 99.6 (99.9)	Domain Acc 57.4 (53.5)
Epoch: [2][ 600/1000]	Time  6.21 ( 7.03)	Data  6.15 ( 6.96)	Loss   0.71 (  0.76)	Cls Acc 100.0 (99.9)	Domain Acc 55.3 (53.8)
Epoch: [2][ 650/1000]	Time  6.18 ( 7.02)	Data  6.11 ( 6.96)	Loss   0.75 (  0.76)	Cls Acc 100.0 (99.9)	Domain Acc 53.9 (53.7)
Epoch: [2][ 700/1000]	Time  8.52 ( 7.02)	Data  8.45 ( 6.96)	Loss   0.76 (  0.75)	Cls Acc 100.0 (99.9)	Domain Acc 55.1 (53.9)
Epoch: [2][ 750/1000]	Time  6.21 ( 7.02)	Data  6.15 ( 6.95)	Loss   0.72 (  0.75)	Cls Acc 100.0 (99.9)	Domain Acc 57.6 (54.0)
Epoch: [2][ 800/1000]	Time  6.20 ( 7.02)	Data  6.13 ( 6.95)	Loss   0.71 (  0.75)	Cls Acc 100.0 (99.9)	Domain Acc 59.0 (54.1)
Epoch: [2][ 850/1000]	Time  8.56 ( 7.02)	Data  8.50 ( 6.95)	Loss   0.75 (  0.75)	Cls Acc 100.0 (99.9)	Domain Acc 50.4 (54.1)
Epoch: [2][ 900/1000]	Time  6.18 ( 7.01)	Data  6.11 ( 6.95)	Loss   0.75 (  0.75)	Cls Acc 100.0 (99.9)	Domain Acc 54.1 (54.2)
Epoch: [2][ 950/1000]	Time  6.20 ( 7.01)	Data  6.13 ( 6.95)	Loss   0.78 (  0.75)	Cls Acc 100.0 (99.9)	Domain Acc 48.8 (54.1)
Test: [0/4]	Time  2.388 ( 2.388)	Loss 2.0213e+00 (2.0213e+00)	Acc@1  55.08 ( 55.08)	Acc@5  87.50 ( 87.50)
 * Acc@1 64.906 Acc@5 87.421
acc1 = 64.9, best_acc1 = 69.7
Epoch: [3][   0/1000]	Time  8.56 ( 8.56)	Data  8.50 ( 8.50)	Loss   0.69 (  0.69)	Cls Acc 100.0 (100.0)	Domain Acc 62.7 (62.7)
Epoch: [3][  50/1000]	Time  6.19 ( 7.00)	Data  6.13 ( 6.94)	Loss   0.74 (  0.74)	Cls Acc 100.0 (100.0)	Domain Acc 57.6 (53.4)
Epoch: [3][ 100/1000]	Time  6.16 ( 7.01)	Data  6.10 ( 6.95)	Loss   0.78 (  0.74)	Cls Acc 100.0 (99.9)	Domain Acc 48.2 (53.9)
Epoch: [3][ 150/1000]	Time  8.60 ( 7.01)	Data  8.54 ( 6.94)	Loss   0.68 (  0.74)	Cls Acc 100.0 (99.9)	Domain Acc 58.6 (54.0)
Epoch: [3][ 200/1000]	Time  6.32 ( 7.00)	Data  6.25 ( 6.93)	Loss   0.71 (  0.74)	Cls Acc 100.0 (99.9)	Domain Acc 58.4 (53.3)
Epoch: [3][ 250/1000]	Time  6.18 ( 7.00)	Data  6.12 ( 6.93)	Loss   0.74 (  0.73)	Cls Acc 99.6 (99.9)	Domain Acc 48.0 (54.0)
Epoch: [3][ 300/1000]	Time  8.55 ( 7.00)	Data  8.48 ( 6.93)	Loss   0.69 (  0.73)	Cls Acc 100.0 (100.0)	Domain Acc 59.2 (54.3)
Epoch: [3][ 350/1000]	Time  6.21 ( 6.99)	Data  6.14 ( 6.93)	Loss   0.69 (  0.73)	Cls Acc 100.0 (100.0)	Domain Acc 55.7 (54.2)
Epoch: [3][ 400/1000]	Time  6.24 ( 7.00)	Data  6.17 ( 6.93)	Loss   0.73 (  0.73)	Cls Acc 100.0 (100.0)	Domain Acc 52.0 (53.9)
Epoch: [3][ 450/1000]	Time  8.54 ( 7.00)	Data  8.48 ( 6.93)	Loss   0.72 (  0.73)	Cls Acc 100.0 (100.0)	Domain Acc 52.9 (53.8)
Epoch: [3][ 500/1000]	Time  6.21 ( 6.99)	Data  6.14 ( 6.93)	Loss   0.72 (  0.73)	Cls Acc 99.6 (100.0)	Domain Acc 55.1 (53.7)
Epoch: [3][ 550/1000]	Time  6.18 ( 6.99)	Data  6.11 ( 6.93)	Loss   0.80 (  0.73)	Cls Acc 100.0 (100.0)	Domain Acc 44.7 (53.6)
Epoch: [3][ 600/1000]	Time  8.57 ( 6.99)	Data  8.50 ( 6.93)	Loss   0.77 (  0.73)	Cls Acc 100.0 (100.0)	Domain Acc 43.6 (53.5)
Epoch: [3][ 650/1000]	Time  6.17 ( 6.99)	Data  6.11 ( 6.92)	Loss   0.71 (  0.73)	Cls Acc 100.0 (100.0)	Domain Acc 56.1 (53.5)
Epoch: [3][ 700/1000]	Time  6.23 ( 6.99)	Data  6.16 ( 6.93)	Loss   0.68 (  0.73)	Cls Acc 100.0 (100.0)	Domain Acc 57.4 (53.6)
Epoch: [3][ 750/1000]	Time  8.58 ( 6.99)	Data  8.51 ( 6.93)	Loss   0.73 (  0.73)	Cls Acc 100.0 (100.0)	Domain Acc 50.6 (53.7)
Epoch: [3][ 800/1000]	Time  6.15 ( 6.99)	Data  6.09 ( 6.93)	Loss   0.72 (  0.73)	Cls Acc 100.0 (100.0)	Domain Acc 52.3 (53.8)
Epoch: [3][ 850/1000]	Time  6.15 ( 6.99)	Data  6.09 ( 6.93)	Loss   0.68 (  0.73)	Cls Acc 100.0 (100.0)	Domain Acc 62.1 (53.8)
Epoch: [3][ 900/1000]	Time  8.53 ( 6.99)	Data  8.47 ( 6.93)	Loss   0.75 (  0.73)	Cls Acc 100.0 (100.0)	Domain Acc 44.5 (54.1)
Epoch: [3][ 950/1000]	Time  6.24 ( 6.99)	Data  6.18 ( 6.93)	Loss   0.69 (  0.73)	Cls Acc 100.0 (100.0)	Domain Acc 58.4 (54.0)
Test: [0/4]	Time  2.446 ( 2.446)	Loss 2.2295e+00 (2.2295e+00)	Acc@1  61.33 ( 61.33)	Acc@5  86.72 ( 86.72)
 * Acc@1 67.296 Acc@5 89.811
acc1 = 67.3, best_acc1 = 69.7
Epoch: [4][   0/1000]	Time  6.22 ( 6.22)	Data  6.16 ( 6.16)	Loss   0.79 (  0.79)	Cls Acc 100.0 (100.0)	Domain Acc 43.2 (43.2)
Epoch: [4][  50/1000]	Time  8.56 ( 7.05)	Data  8.49 ( 6.99)	Loss   0.68 (  0.70)	Cls Acc 100.0 (100.0)	Domain Acc 62.3 (57.9)
Epoch: [4][ 100/1000]	Time  6.16 ( 7.00)	Data  6.10 ( 6.93)	Loss   0.67 (  0.72)	Cls Acc 100.0 (100.0)	Domain Acc 67.0 (54.1)
Epoch: [4][ 150/1000]	Time  6.16 ( 7.00)	Data  6.10 ( 6.94)	Loss   0.77 (  0.71)	Cls Acc 100.0 (100.0)	Domain Acc 46.9 (55.5)
Epoch: [4][ 200/1000]	Time  8.58 ( 7.00)	Data  8.52 ( 6.94)	Loss   0.69 (  0.72)	Cls Acc 100.0 (100.0)	Domain Acc 58.4 (55.0)
Epoch: [4][ 250/1000]	Time  6.18 ( 7.00)	Data  6.11 ( 6.93)	Loss   0.77 (  0.72)	Cls Acc 100.0 (100.0)	Domain Acc 49.0 (54.5)
Epoch: [4][ 300/1000]	Time  6.18 ( 7.00)	Data  6.12 ( 6.94)	Loss   0.72 (  0.72)	Cls Acc 100.0 (100.0)	Domain Acc 53.7 (54.7)
Epoch: [4][ 350/1000]	Time  8.67 ( 7.01)	Data  8.60 ( 6.94)	Loss   0.72 (  0.72)	Cls Acc 100.0 (100.0)	Domain Acc 53.9 (54.2)
Epoch: [4][ 400/1000]	Time  6.22 ( 7.00)	Data  6.16 ( 6.94)	Loss   0.71 (  0.72)	Cls Acc 100.0 (100.0)	Domain Acc 53.3 (54.5)
Epoch: [4][ 450/1000]	Time  6.20 ( 7.00)	Data  6.13 ( 6.94)	Loss   0.70 (  0.72)	Cls Acc 100.0 (100.0)	Domain Acc 57.0 (54.6)
Epoch: [4][ 500/1000]	Time  8.55 ( 7.00)	Data  8.49 ( 6.94)	Loss   0.73 (  0.72)	Cls Acc 100.0 (100.0)	Domain Acc 50.4 (54.6)
Epoch: [4][ 550/1000]	Time  6.20 ( 7.00)	Data  6.14 ( 6.93)	Loss   0.73 (  0.72)	Cls Acc 99.6 (100.0)	Domain Acc 51.4 (54.6)
Epoch: [4][ 600/1000]	Time  6.18 ( 7.00)	Data  6.12 ( 6.93)	Loss   0.71 (  0.72)	Cls Acc 100.0 (100.0)	Domain Acc 55.1 (54.8)
Epoch: [4][ 650/1000]	Time  8.65 ( 7.00)	Data  8.59 ( 6.93)	Loss   0.69 (  0.72)	Cls Acc 100.0 (100.0)	Domain Acc 55.7 (54.7)
Epoch: [4][ 700/1000]	Time  6.16 ( 7.00)	Data  6.09 ( 6.93)	Loss   0.71 (  0.71)	Cls Acc 100.0 (100.0)	Domain Acc 49.0 (54.9)
Epoch: [4][ 750/1000]	Time  6.28 ( 7.00)	Data  6.22 ( 6.93)	Loss   0.69 (  0.71)	Cls Acc 100.0 (100.0)	Domain Acc 59.6 (55.1)
Epoch: [4][ 800/1000]	Time  8.67 ( 7.00)	Data  8.61 ( 6.93)	Loss   0.74 (  0.71)	Cls Acc 100.0 (100.0)	Domain Acc 48.4 (55.2)
Epoch: [4][ 850/1000]	Time  6.28 ( 7.00)	Data  6.22 ( 6.93)	Loss   0.71 (  0.71)	Cls Acc 100.0 (100.0)	Domain Acc 51.8 (55.1)
Epoch: [4][ 900/1000]	Time  6.17 ( 7.00)	Data  6.11 ( 6.93)	Loss   0.72 (  0.71)	Cls Acc 100.0 (100.0)	Domain Acc 52.1 (55.3)
Epoch: [4][ 950/1000]	Time  8.66 ( 7.00)	Data  8.59 ( 6.93)	Loss   0.71 (  0.71)	Cls Acc 100.0 (100.0)	Domain Acc 55.7 (55.2)
Test: [0/4]	Time  2.419 ( 2.419)	Loss 1.4996e+00 (1.4996e+00)	Acc@1  66.02 ( 66.02)	Acc@5  93.75 ( 93.75)
 * Acc@1 70.063 Acc@5 93.585
acc1 = 70.1, best_acc1 = 70.1
Epoch: [5][   0/1000]	Time  6.21 ( 6.21)	Data  6.15 ( 6.15)	Loss   0.71 (  0.71)	Cls Acc 100.0 (100.0)	Domain Acc 54.1 (54.1)
Epoch: [5][  50/1000]	Time  6.21 ( 7.00)	Data  6.14 ( 6.94)	Loss   0.71 (  0.70)	Cls Acc 100.0 (100.0)	Domain Acc 53.5 (55.8)
Epoch: [5][ 100/1000]	Time  8.69 ( 7.01)	Data  8.63 ( 6.95)	Loss   0.72 (  0.70)	Cls Acc 100.0 (100.0)	Domain Acc 48.4 (55.0)
Epoch: [5][ 150/1000]	Time  6.22 ( 7.00)	Data  6.16 ( 6.93)	Loss   0.71 (  0.71)	Cls Acc 100.0 (100.0)	Domain Acc 55.1 (54.2)
Epoch: [5][ 200/1000]	Time  6.21 ( 7.00)	Data  6.15 ( 6.94)	Loss   0.71 (  0.71)	Cls Acc 100.0 (100.0)	Domain Acc 53.3 (54.5)
Epoch: [5][ 250/1000]	Time  8.60 ( 7.00)	Data  8.53 ( 6.94)	Loss   0.70 (  0.71)	Cls Acc 100.0 (100.0)	Domain Acc 55.3 (54.4)
Epoch: [5][ 300/1000]	Time  6.22 ( 7.01)	Data  6.15 ( 6.95)	Loss   0.69 (  0.71)	Cls Acc 100.0 (100.0)	Domain Acc 58.6 (54.6)
Epoch: [5][ 350/1000]	Time  6.23 ( 7.01)	Data  6.16 ( 6.95)	Loss   0.72 (  0.71)	Cls Acc 100.0 (100.0)	Domain Acc 51.6 (54.7)
Epoch: [5][ 400/1000]	Time  8.69 ( 7.02)	Data  8.62 ( 6.96)	Loss   0.69 (  0.70)	Cls Acc 100.0 (100.0)	Domain Acc 57.6 (54.9)
Epoch: [5][ 450/1000]	Time  6.25 ( 7.02)	Data  6.18 ( 6.96)	Loss   0.70 (  0.71)	Cls Acc 100.0 (100.0)	Domain Acc 57.0 (54.6)
Epoch: [5][ 500/1000]	Time  6.26 ( 7.03)	Data  6.20 ( 6.96)	Loss   0.70 (  0.71)	Cls Acc 100.0 (100.0)	Domain Acc 57.8 (54.8)
Epoch: [5][ 550/1000]	Time  8.67 ( 7.04)	Data  8.61 ( 6.97)	Loss   0.74 (  0.71)	Cls Acc 100.0 (100.0)	Domain Acc 48.2 (54.6)
Epoch: [5][ 600/1000]	Time  6.29 ( 7.04)	Data  6.22 ( 6.97)	Loss   0.72 (  0.71)	Cls Acc 100.0 (100.0)	Domain Acc 51.4 (54.6)
Epoch: [5][ 650/1000]	Time  6.18 ( 7.04)	Data  6.12 ( 6.97)	Loss   0.74 (  0.71)	Cls Acc 100.0 (100.0)	Domain Acc 49.4 (54.7)
Epoch: [5][ 700/1000]	Time  8.63 ( 7.04)	Data  8.56 ( 6.98)	Loss   0.70 (  0.71)	Cls Acc 100.0 (100.0)	Domain Acc 56.6 (54.6)
Epoch: [5][ 750/1000]	Time  6.24 ( 7.04)	Data  6.18 ( 6.97)	Loss   0.67 (  0.71)	Cls Acc 100.0 (100.0)	Domain Acc 62.5 (54.5)
Epoch: [5][ 800/1000]	Time  6.22 ( 7.04)	Data  6.16 ( 6.97)	Loss   0.73 (  0.71)	Cls Acc 100.0 (100.0)	Domain Acc 51.2 (54.4)
Epoch: [5][ 850/1000]	Time  8.57 ( 7.04)	Data  8.50 ( 6.97)	Loss   0.70 (  0.71)	Cls Acc 100.0 (100.0)	Domain Acc 56.4 (54.5)
Epoch: [5][ 900/1000]	Time  6.25 ( 7.03)	Data  6.19 ( 6.97)	Loss   0.68 (  0.71)	Cls Acc 100.0 (100.0)	Domain Acc 61.5 (54.6)
Epoch: [5][ 950/1000]	Time  6.21 ( 7.03)	Data  6.15 ( 6.97)	Loss   0.69 (  0.71)	Cls Acc 100.0 (100.0)	Domain Acc 58.6 (54.7)
Test: [0/4]	Time  2.479 ( 2.479)	Loss 2.1226e+00 (2.1226e+00)	Acc@1  62.50 ( 62.50)	Acc@5  89.45 ( 89.45)
 * Acc@1 71.447 Acc@5 91.321
acc1 = 71.4, best_acc1 = 71.4
Epoch: [6][   0/1000]	Time  8.72 ( 8.72)	Data  8.66 ( 8.66)	Loss   0.71 (  0.71)	Cls Acc 100.0 (100.0)	Domain Acc 55.3 (55.3)
Epoch: [6][  50/1000]	Time  6.23 ( 7.05)	Data  6.16 ( 6.99)	Loss   0.72 (  0.70)	Cls Acc 100.0 (100.0)	Domain Acc 52.1 (57.3)
Epoch: [6][ 100/1000]	Time  6.22 ( 7.06)	Data  6.15 ( 7.00)	Loss   0.70 (  0.70)	Cls Acc 100.0 (100.0)	Domain Acc 58.2 (55.5)
Epoch: [6][ 150/1000]	Time  8.81 ( 7.07)	Data  8.75 ( 7.01)	Loss   0.71 (  0.70)	Cls Acc 100.0 (100.0)	Domain Acc 56.2 (55.9)
Epoch: [6][ 200/1000]	Time  6.29 ( 7.06)	Data  6.22 ( 7.00)	Loss   0.69 (  0.70)	Cls Acc 100.0 (100.0)	Domain Acc 59.4 (56.2)
Epoch: [6][ 250/1000]	Time  6.24 ( 7.06)	Data  6.17 ( 7.00)	Loss   0.71 (  0.70)	Cls Acc 100.0 (100.0)	Domain Acc 52.3 (56.2)
Epoch: [6][ 300/1000]	Time  8.64 ( 7.06)	Data  8.58 ( 7.00)	Loss   0.70 (  0.70)	Cls Acc 100.0 (100.0)	Domain Acc 54.3 (55.9)
Epoch: [6][ 350/1000]	Time  6.25 ( 7.06)	Data  6.19 ( 6.99)	Loss   0.67 (  0.70)	Cls Acc 100.0 (100.0)	Domain Acc 60.5 (55.6)
Epoch: [6][ 400/1000]	Time  6.23 ( 7.05)	Data  6.16 ( 6.99)	Loss   0.71 (  0.70)	Cls Acc 100.0 (100.0)	Domain Acc 53.3 (55.3)
Epoch: [6][ 450/1000]	Time  8.56 ( 7.05)	Data  8.50 ( 6.99)	Loss   0.69 (  0.70)	Cls Acc 100.0 (100.0)	Domain Acc 57.0 (55.5)
Epoch: [6][ 500/1000]	Time  6.24 ( 7.04)	Data  6.17 ( 6.98)	Loss   0.70 (  0.70)	Cls Acc 100.0 (100.0)	Domain Acc 57.4 (55.5)
Epoch: [6][ 550/1000]	Time  6.19 ( 7.05)	Data  6.13 ( 6.98)	Loss   0.70 (  0.70)	Cls Acc 100.0 (100.0)	Domain Acc 51.4 (55.6)
Epoch: [6][ 600/1000]	Time  8.67 ( 7.04)	Data  8.60 ( 6.98)	Loss   0.72 (  0.70)	Cls Acc 100.0 (100.0)	Domain Acc 50.6 (55.7)
Epoch: [6][ 650/1000]	Time  6.22 ( 7.04)	Data  6.15 ( 6.98)	Loss   0.69 (  0.70)	Cls Acc 100.0 (100.0)	Domain Acc 56.8 (55.4)
Epoch: [6][ 700/1000]	Time  6.21 ( 7.04)	Data  6.15 ( 6.98)	Loss   0.68 (  0.70)	Cls Acc 100.0 (100.0)	Domain Acc 59.6 (55.5)
Epoch: [6][ 750/1000]	Time  8.63 ( 7.04)	Data  8.57 ( 6.98)	Loss   0.71 (  0.70)	Cls Acc 100.0 (100.0)	Domain Acc 50.2 (55.3)
Epoch: [6][ 800/1000]	Time  6.23 ( 7.04)	Data  6.16 ( 6.98)	Loss   0.70 (  0.70)	Cls Acc 100.0 (100.0)	Domain Acc 56.6 (55.5)
Epoch: [6][ 850/1000]	Time  6.24 ( 7.04)	Data  6.18 ( 6.98)	Loss   0.69 (  0.70)	Cls Acc 100.0 (100.0)	Domain Acc 56.4 (55.5)
Epoch: [6][ 900/1000]	Time  8.83 ( 7.05)	Data  8.77 ( 6.98)	Loss   0.70 (  0.70)	Cls Acc 100.0 (100.0)	Domain Acc 54.7 (55.3)
Epoch: [6][ 950/1000]	Time  6.19 ( 7.05)	Data  6.12 ( 6.98)	Loss   0.70 (  0.70)	Cls Acc 100.0 (100.0)	Domain Acc 56.6 (55.4)
Test: [0/4]	Time  2.474 ( 2.474)	Loss 1.8086e+00 (1.8086e+00)	Acc@1  62.89 ( 62.89)	Acc@5  90.62 ( 90.62)
 * Acc@1 71.447 Acc@5 92.327
acc1 = 71.4, best_acc1 = 71.4
Epoch: [7][   0/1000]	Time  6.28 ( 6.28)	Data  6.21 ( 6.21)	Loss   0.71 (  0.71)	Cls Acc 100.0 (100.0)	Domain Acc 55.3 (55.3)
Epoch: [7][  50/1000]	Time  8.83 ( 7.10)	Data  8.77 ( 7.04)	Loss   0.68 (  0.71)	Cls Acc 100.0 (100.0)	Domain Acc 59.6 (53.1)
Epoch: [7][ 100/1000]	Time  6.28 ( 7.09)	Data  6.22 ( 7.03)	Loss   0.73 (  0.70)	Cls Acc 100.0 (100.0)	Domain Acc 49.4 (54.0)
Epoch: [7][ 150/1000]	Time  6.43 ( 7.09)	Data  6.37 ( 7.02)	Loss   0.71 (  0.70)	Cls Acc 100.0 (100.0)	Domain Acc 52.9 (54.0)
Epoch: [7][ 200/1000]	Time  8.82 ( 7.11)	Data  8.75 ( 7.04)	Loss   0.69 (  0.70)	Cls Acc 100.0 (100.0)	Domain Acc 57.2 (54.7)
Epoch: [7][ 250/1000]	Time  6.19 ( 7.10)	Data  6.12 ( 7.04)	Loss   0.70 (  0.70)	Cls Acc 100.0 (100.0)	Domain Acc 55.3 (54.5)
Epoch: [7][ 300/1000]	Time  6.22 ( 7.10)	Data  6.16 ( 7.03)	Loss   0.72 (  0.70)	Cls Acc 100.0 (100.0)	Domain Acc 49.0 (54.9)
Epoch: [7][ 350/1000]	Time  8.61 ( 7.09)	Data  8.54 ( 7.03)	Loss   0.70 (  0.70)	Cls Acc 100.0 (100.0)	Domain Acc 55.7 (54.9)
Epoch: [7][ 400/1000]	Time  6.27 ( 7.08)	Data  6.21 ( 7.02)	Loss   0.70 (  0.70)	Cls Acc 100.0 (100.0)	Domain Acc 57.0 (55.0)
Epoch: [7][ 450/1000]	Time  6.18 ( 7.08)	Data  6.12 ( 7.01)	Loss   0.70 (  0.70)	Cls Acc 100.0 (100.0)	Domain Acc 56.2 (55.1)
Epoch: [7][ 500/1000]	Time  8.70 ( 7.07)	Data  8.64 ( 7.01)	Loss   0.69 (  0.70)	Cls Acc 100.0 (100.0)	Domain Acc 57.8 (54.9)
Epoch: [7][ 550/1000]	Time  6.23 ( 7.06)	Data  6.16 ( 7.00)	Loss   0.70 (  0.70)	Cls Acc 100.0 (100.0)	Domain Acc 57.8 (55.1)
Epoch: [7][ 600/1000]	Time  6.18 ( 7.06)	Data  6.12 ( 6.99)	Loss   0.68 (  0.70)	Cls Acc 100.0 (100.0)	Domain Acc 58.4 (55.3)
Epoch: [7][ 650/1000]	Time  8.61 ( 7.06)	Data  8.55 ( 6.99)	Loss   0.70 (  0.70)	Cls Acc 100.0 (100.0)	Domain Acc 51.4 (55.0)
Epoch: [7][ 700/1000]	Time  6.22 ( 7.05)	Data  6.16 ( 6.99)	Loss   0.69 (  0.70)	Cls Acc 100.0 (100.0)	Domain Acc 58.2 (55.1)
Epoch: [7][ 750/1000]	Time  6.25 ( 7.05)	Data  6.19 ( 6.99)	Loss   0.69 (  0.70)	Cls Acc 100.0 (100.0)	Domain Acc 55.7 (55.1)
Epoch: [7][ 800/1000]	Time  8.60 ( 7.05)	Data  8.54 ( 6.99)	Loss   0.70 (  0.70)	Cls Acc 100.0 (100.0)	Domain Acc 52.7 (55.3)
Epoch: [7][ 850/1000]	Time  6.19 ( 7.05)	Data  6.12 ( 6.98)	Loss   0.69 (  0.70)	Cls Acc 100.0 (100.0)	Domain Acc 58.2 (55.2)
Epoch: [7][ 900/1000]	Time  6.26 ( 7.05)	Data  6.19 ( 6.98)	Loss   0.73 (  0.70)	Cls Acc 100.0 (100.0)	Domain Acc 49.0 (55.2)
Epoch: [7][ 950/1000]	Time  8.64 ( 7.05)	Data  8.57 ( 6.98)	Loss   0.71 (  0.70)	Cls Acc 100.0 (100.0)	Domain Acc 53.5 (55.2)
Test: [0/4]	Time  2.387 ( 2.387)	Loss 1.8655e+00 (1.8655e+00)	Acc@1  65.23 ( 65.23)	Acc@5  90.62 ( 90.62)
 * Acc@1 72.830 Acc@5 90.818
acc1 = 72.8, best_acc1 = 72.8
Epoch: [8][   0/1000]	Time  6.20 ( 6.20)	Data  6.13 ( 6.13)	Loss   0.71 (  0.71)	Cls Acc 100.0 (100.0)	Domain Acc 52.7 (52.7)
Epoch: [8][  50/1000]	Time  6.21 ( 6.99)	Data  6.15 ( 6.93)	Loss   0.69 (  0.70)	Cls Acc 100.0 (100.0)	Domain Acc 58.0 (55.2)
Epoch: [8][ 100/1000]	Time  8.68 ( 7.01)	Data  8.61 ( 6.94)	Loss   0.72 (  0.70)	Cls Acc 100.0 (100.0)	Domain Acc 52.9 (55.1)
Epoch: [8][ 150/1000]	Time  6.20 ( 6.99)	Data  6.13 ( 6.93)	Loss   0.69 (  0.70)	Cls Acc 100.0 (100.0)	Domain Acc 57.8 (54.9)
Epoch: [8][ 200/1000]	Time  6.20 ( 7.00)	Data  6.14 ( 6.93)	Loss   0.71 (  0.70)	Cls Acc 100.0 (100.0)	Domain Acc 51.8 (54.8)
Epoch: [8][ 250/1000]	Time  8.60 ( 7.00)	Data  8.53 ( 6.93)	Loss   0.69 (  0.70)	Cls Acc 100.0 (100.0)	Domain Acc 56.6 (54.4)
Epoch: [8][ 300/1000]	Time  6.21 ( 6.99)	Data  6.15 ( 6.93)	Loss   0.69 (  0.70)	Cls Acc 100.0 (100.0)	Domain Acc 58.0 (55.0)
Epoch: [8][ 350/1000]	Time  6.22 ( 7.00)	Data  6.15 ( 6.94)	Loss   0.70 (  0.70)	Cls Acc 100.0 (100.0)	Domain Acc 53.3 (54.6)
Epoch: [8][ 400/1000]	Time  8.65 ( 7.00)	Data  8.58 ( 6.94)	Loss   0.70 (  0.70)	Cls Acc 100.0 (100.0)	Domain Acc 58.0 (54.8)
Epoch: [8][ 450/1000]	Time  6.27 ( 7.01)	Data  6.20 ( 6.94)	Loss   0.69 (  0.70)	Cls Acc 100.0 (100.0)	Domain Acc 60.2 (55.2)
Epoch: [8][ 500/1000]	Time  6.15 ( 7.01)	Data  6.09 ( 6.94)	Loss   0.70 (  0.70)	Cls Acc 100.0 (100.0)	Domain Acc 55.7 (55.0)
Epoch: [8][ 550/1000]	Time  8.75 ( 7.01)	Data  8.69 ( 6.94)	Loss   0.69 (  0.70)	Cls Acc 100.0 (100.0)	Domain Acc 56.6 (55.4)
Epoch: [8][ 600/1000]	Time  6.21 ( 7.01)	Data  6.15 ( 6.94)	Loss   0.69 (  0.70)	Cls Acc 100.0 (100.0)	Domain Acc 56.1 (55.3)
Epoch: [8][ 650/1000]	Time  6.14 ( 7.01)	Data  6.08 ( 6.95)	Loss   0.69 (  0.70)	Cls Acc 100.0 (100.0)	Domain Acc 58.8 (55.2)
Epoch: [8][ 700/1000]	Time  8.60 ( 7.01)	Data  8.53 ( 6.95)	Loss   0.70 (  0.70)	Cls Acc 100.0 (100.0)	Domain Acc 55.9 (55.4)
Epoch: [8][ 750/1000]	Time  6.21 ( 7.01)	Data  6.15 ( 6.95)	Loss   0.70 (  0.70)	Cls Acc 100.0 (100.0)	Domain Acc 53.3 (55.3)
Epoch: [8][ 800/1000]	Time  6.17 ( 7.01)	Data  6.11 ( 6.95)	Loss   0.68 (  0.70)	Cls Acc 100.0 (100.0)	Domain Acc 59.8 (55.4)
Epoch: [8][ 850/1000]	Time  8.64 ( 7.01)	Data  8.57 ( 6.95)	Loss   0.71 (  0.70)	Cls Acc 100.0 (100.0)	Domain Acc 50.0 (55.4)
Epoch: [8][ 900/1000]	Time  6.20 ( 7.01)	Data  6.14 ( 6.94)	Loss   0.68 (  0.70)	Cls Acc 100.0 (100.0)	Domain Acc 59.4 (55.4)
Epoch: [8][ 950/1000]	Time  6.16 ( 7.01)	Data  6.10 ( 6.94)	Loss   0.70 (  0.70)	Cls Acc 100.0 (100.0)	Domain Acc 52.0 (55.5)
Test: [0/4]	Time  2.526 ( 2.526)	Loss 1.8818e+00 (1.8818e+00)	Acc@1  66.02 ( 66.02)	Acc@5  87.11 ( 87.11)
 * Acc@1 72.830 Acc@5 89.560
acc1 = 72.8, best_acc1 = 72.8
Epoch: [9][   0/1000]	Time  8.64 ( 8.64)	Data  8.57 ( 8.57)	Loss   0.71 (  0.71)	Cls Acc 100.0 (100.0)	Domain Acc 53.5 (53.5)
Epoch: [9][  50/1000]	Time  6.24 ( 7.00)	Data  6.17 ( 6.94)	Loss   0.69 (  0.69)	Cls Acc 100.0 (100.0)	Domain Acc 53.5 (56.6)
Epoch: [9][ 100/1000]	Time  6.18 ( 7.01)	Data  6.12 ( 6.95)	Loss   0.73 (  0.70)	Cls Acc 100.0 (100.0)	Domain Acc 45.9 (54.9)
Epoch: [9][ 150/1000]	Time  8.52 ( 7.00)	Data  8.45 ( 6.94)	Loss   0.68 (  0.70)	Cls Acc 100.0 (100.0)	Domain Acc 60.2 (54.9)
Epoch: [9][ 200/1000]	Time  6.20 ( 6.99)	Data  6.13 ( 6.93)	Loss   0.70 (  0.70)	Cls Acc 100.0 (100.0)	Domain Acc 53.9 (55.8)
Epoch: [9][ 250/1000]	Time  6.15 ( 7.00)	Data  6.09 ( 6.93)	Loss   0.69 (  0.70)	Cls Acc 100.0 (100.0)	Domain Acc 55.7 (54.7)
Epoch: [9][ 300/1000]	Time  8.62 ( 7.00)	Data  8.56 ( 6.93)	Loss   0.69 (  0.70)	Cls Acc 100.0 (100.0)	Domain Acc 55.9 (55.1)
Epoch: [9][ 350/1000]	Time  6.20 ( 6.99)	Data  6.13 ( 6.93)	Loss   0.71 (  0.70)	Cls Acc 100.0 (100.0)	Domain Acc 52.0 (54.8)
Epoch: [9][ 400/1000]	Time  6.19 ( 7.00)	Data  6.13 ( 6.93)	Loss   0.67 (  0.70)	Cls Acc 100.0 (100.0)	Domain Acc 62.5 (55.0)
Epoch: [9][ 450/1000]	Time  8.57 ( 7.00)	Data  8.51 ( 6.93)	Loss   0.72 (  0.70)	Cls Acc 100.0 (100.0)	Domain Acc 49.6 (55.4)
Epoch: [9][ 500/1000]	Time  6.13 ( 6.99)	Data  6.07 ( 6.93)	Loss   0.68 (  0.70)	Cls Acc 100.0 (100.0)	Domain Acc 58.8 (55.2)
Epoch: [9][ 550/1000]	Time  6.19 ( 7.00)	Data  6.12 ( 6.93)	Loss   0.69 (  0.70)	Cls Acc 100.0 (100.0)	Domain Acc 56.6 (55.5)
Epoch: [9][ 600/1000]	Time  8.57 ( 7.00)	Data  8.51 ( 6.93)	Loss   0.70 (  0.70)	Cls Acc 100.0 (100.0)	Domain Acc 52.9 (55.4)
Epoch: [9][ 650/1000]	Time  6.20 ( 6.99)	Data  6.13 ( 6.93)	Loss   0.69 (  0.70)	Cls Acc 100.0 (100.0)	Domain Acc 57.4 (55.4)
Epoch: [9][ 700/1000]	Time  6.21 ( 7.00)	Data  6.15 ( 6.93)	Loss   0.70 (  0.70)	Cls Acc 100.0 (100.0)	Domain Acc 52.9 (55.5)
Epoch: [9][ 750/1000]	Time  8.73 ( 7.00)	Data  8.67 ( 6.93)	Loss   0.70 (  0.70)	Cls Acc 100.0 (100.0)	Domain Acc 54.3 (55.4)
Epoch: [9][ 800/1000]	Time  6.18 ( 6.99)	Data  6.11 ( 6.93)	Loss   0.68 (  0.70)	Cls Acc 100.0 (100.0)	Domain Acc 58.2 (55.5)
Epoch: [9][ 850/1000]	Time  6.20 ( 7.00)	Data  6.13 ( 6.93)	Loss   0.71 (  0.70)	Cls Acc 100.0 (100.0)	Domain Acc 50.8 (55.5)
Epoch: [9][ 900/1000]	Time  8.65 ( 7.00)	Data  8.59 ( 6.93)	Loss   0.70 (  0.70)	Cls Acc 100.0 (100.0)	Domain Acc 50.8 (55.5)
Epoch: [9][ 950/1000]	Time  6.20 ( 6.99)	Data  6.14 ( 6.93)	Loss   0.70 (  0.70)	Cls Acc 100.0 (100.0)	Domain Acc 58.2 (55.5)
Test: [0/4]	Time  2.410 ( 2.410)	Loss 2.1202e+00 (2.1202e+00)	Acc@1  63.67 ( 63.67)	Acc@5  88.67 ( 88.67)
 * Acc@1 71.321 Acc@5 90.566
acc1 = 71.3, best_acc1 = 72.8
Epoch: [10][   0/1000]	Time  6.19 ( 6.19)	Data  6.12 ( 6.12)	Loss   0.71 (  0.71)	Cls Acc 100.0 (100.0)	Domain Acc 52.1 (52.1)
Epoch: [10][  50/1000]	Time  8.57 ( 6.99)	Data  8.50 ( 6.92)	Loss   0.70 (  0.70)	Cls Acc 100.0 (100.0)	Domain Acc 52.9 (55.8)
Epoch: [10][ 100/1000]	Time  6.25 ( 6.99)	Data  6.19 ( 6.92)	Loss   0.70 (  0.70)	Cls Acc 100.0 (100.0)	Domain Acc 53.5 (55.5)
Epoch: [10][ 150/1000]	Time  6.27 ( 7.01)	Data  6.21 ( 6.95)	Loss   0.70 (  0.70)	Cls Acc 100.0 (100.0)	Domain Acc 58.0 (55.4)
Epoch: [10][ 200/1000]	Time  8.75 ( 7.02)	Data  8.68 ( 6.96)	Loss   0.70 (  0.70)	Cls Acc 100.0 (100.0)	Domain Acc 55.5 (56.0)
Epoch: [10][ 250/1000]	Time  6.21 ( 7.01)	Data  6.15 ( 6.95)	Loss   0.68 (  0.70)	Cls Acc 100.0 (100.0)	Domain Acc 61.1 (55.8)
Epoch: [10][ 300/1000]	Time  6.21 ( 7.01)	Data  6.14 ( 6.95)	Loss   0.69 (  0.70)	Cls Acc 100.0 (100.0)	Domain Acc 57.0 (56.1)
Epoch: [10][ 350/1000]	Time  8.59 ( 7.02)	Data  8.53 ( 6.95)	Loss   0.70 (  0.70)	Cls Acc 100.0 (100.0)	Domain Acc 54.5 (56.1)
Epoch: [10][ 400/1000]	Time  6.23 ( 7.01)	Data  6.17 ( 6.95)	Loss   0.71 (  0.70)	Cls Acc 100.0 (100.0)	Domain Acc 51.6 (55.9)
Epoch: [10][ 450/1000]	Time  6.17 ( 7.01)	Data  6.11 ( 6.95)	Loss   0.69 (  0.70)	Cls Acc 100.0 (100.0)	Domain Acc 54.3 (55.9)
Epoch: [10][ 500/1000]	Time  8.58 ( 7.02)	Data  8.51 ( 6.95)	Loss   0.69 (  0.70)	Cls Acc 100.0 (100.0)	Domain Acc 58.0 (55.9)
Epoch: [10][ 550/1000]	Time  6.19 ( 7.01)	Data  6.13 ( 6.95)	Loss   0.70 (  0.70)	Cls Acc 100.0 (100.0)	Domain Acc 53.5 (56.0)
Epoch: [10][ 600/1000]	Time  6.31 ( 7.02)	Data  6.25 ( 6.96)	Loss   0.69 (  0.70)	Cls Acc 100.0 (100.0)	Domain Acc 57.0 (55.9)
Epoch: [10][ 650/1000]	Time  8.86 ( 7.04)	Data  8.79 ( 6.97)	Loss   0.69 (  0.70)	Cls Acc 100.0 (100.0)	Domain Acc 60.4 (55.9)
Epoch: [10][ 700/1000]	Time  6.30 ( 7.04)	Data  6.24 ( 6.98)	Loss   0.71 (  0.70)	Cls Acc 100.0 (100.0)	Domain Acc 53.3 (56.0)
Epoch: [10][ 750/1000]	Time  6.34 ( 7.05)	Data  6.28 ( 6.99)	Loss   0.70 (  0.70)	Cls Acc 100.0 (100.0)	Domain Acc 52.3 (55.8)
Epoch: [10][ 800/1000]	Time  8.54 ( 7.05)	Data  8.47 ( 6.99)	Loss   0.69 (  0.70)	Cls Acc 100.0 (100.0)	Domain Acc 59.2 (55.9)
Epoch: [10][ 850/1000]	Time  6.26 ( 7.06)	Data  6.19 ( 6.99)	Loss   0.70 (  0.70)	Cls Acc 100.0 (100.0)	Domain Acc 54.7 (55.9)
Epoch: [10][ 900/1000]	Time  6.18 ( 7.06)	Data  6.11 ( 6.99)	Loss   0.69 (  0.70)	Cls Acc 100.0 (100.0)	Domain Acc 56.6 (55.9)
Epoch: [10][ 950/1000]	Time  8.65 ( 7.06)	Data  8.58 ( 6.99)	Loss   0.69 (  0.70)	Cls Acc 100.0 (100.0)	Domain Acc 58.8 (55.9)
Test: [0/4]	Time  2.399 ( 2.399)	Loss 1.9144e+00 (1.9144e+00)	Acc@1  65.62 ( 65.62)	Acc@5  92.19 ( 92.19)
 * Acc@1 73.082 Acc@5 91.824
acc1 = 73.1, best_acc1 = 73.1
Epoch: [11][   0/1000]	Time  6.18 ( 6.18)	Data  6.12 ( 6.12)	Loss   0.70 (  0.70)	Cls Acc 100.0 (100.0)	Domain Acc 55.1 (55.1)
Epoch: [11][  50/1000]	Time  6.17 ( 6.98)	Data  6.11 ( 6.92)	Loss   0.70 (  0.70)	Cls Acc 100.0 (100.0)	Domain Acc 56.1 (54.3)
Epoch: [11][ 100/1000]	Time  8.63 ( 7.00)	Data  8.57 ( 6.94)	Loss   0.70 (  0.70)	Cls Acc 100.0 (100.0)	Domain Acc 54.5 (55.3)
Epoch: [11][ 150/1000]	Time  6.18 ( 6.99)	Data  6.12 ( 6.92)	Loss   0.71 (  0.70)	Cls Acc 100.0 (100.0)	Domain Acc 49.8 (54.2)
Epoch: [11][ 200/1000]	Time  6.18 ( 6.99)	Data  6.11 ( 6.93)	Loss   0.68 (  0.70)	Cls Acc 100.0 (100.0)	Domain Acc 58.6 (54.7)
Epoch: [11][ 250/1000]	Time  8.72 ( 7.00)	Data  8.65 ( 6.94)	Loss   0.70 (  0.70)	Cls Acc 100.0 (100.0)	Domain Acc 54.3 (55.3)
Epoch: [11][ 300/1000]	Time  6.20 ( 7.00)	Data  6.13 ( 6.93)	Loss   0.70 (  0.70)	Cls Acc 100.0 (100.0)	Domain Acc 55.3 (54.9)
Epoch: [11][ 350/1000]	Time  6.19 ( 7.00)	Data  6.13 ( 6.94)	Loss   0.69 (  0.70)	Cls Acc 100.0 (100.0)	Domain Acc 57.0 (55.2)
Epoch: [11][ 400/1000]	Time  8.76 ( 7.00)	Data  8.70 ( 6.94)	Loss   0.70 (  0.70)	Cls Acc 100.0 (100.0)	Domain Acc 52.0 (55.4)
Epoch: [11][ 450/1000]	Time  6.17 ( 7.00)	Data  6.10 ( 6.94)	Loss   0.70 (  0.70)	Cls Acc 100.0 (100.0)	Domain Acc 56.1 (55.0)
Epoch: [11][ 500/1000]	Time  6.17 ( 7.00)	Data  6.11 ( 6.94)	Loss   0.68 (  0.70)	Cls Acc 100.0 (100.0)	Domain Acc 64.6 (55.5)
Epoch: [11][ 550/1000]	Time  8.65 ( 7.01)	Data  8.58 ( 6.94)	Loss   0.70 (  0.70)	Cls Acc 100.0 (100.0)	Domain Acc 55.9 (55.5)
Epoch: [11][ 600/1000]	Time  6.17 ( 7.00)	Data  6.11 ( 6.94)	Loss   0.68 (  0.70)	Cls Acc 100.0 (100.0)	Domain Acc 59.6 (55.4)
Epoch: [11][ 650/1000]	Time  6.17 ( 7.00)	Data  6.11 ( 6.94)	Loss   0.70 (  0.70)	Cls Acc 100.0 (100.0)	Domain Acc 51.6 (55.3)
Epoch: [11][ 700/1000]	Time  8.63 ( 7.01)	Data  8.57 ( 6.94)	Loss   0.70 (  0.70)	Cls Acc 100.0 (100.0)	Domain Acc 53.9 (55.3)
Epoch: [11][ 750/1000]	Time  6.25 ( 7.01)	Data  6.19 ( 6.94)	Loss   0.70 (  0.70)	Cls Acc 100.0 (100.0)	Domain Acc 50.6 (55.3)
Epoch: [11][ 800/1000]	Time  6.22 ( 7.01)	Data  6.15 ( 6.95)	Loss   0.69 (  0.70)	Cls Acc 100.0 (100.0)	Domain Acc 57.6 (55.4)
Epoch: [11][ 850/1000]	Time  8.64 ( 7.01)	Data  8.58 ( 6.95)	Loss   0.71 (  0.70)	Cls Acc 100.0 (100.0)	Domain Acc 51.4 (55.5)
Epoch: [11][ 900/1000]	Time  6.21 ( 7.01)	Data  6.14 ( 6.94)	Loss   0.69 (  0.70)	Cls Acc 100.0 (100.0)	Domain Acc 57.2 (55.3)
Epoch: [11][ 950/1000]	Time  6.14 ( 7.01)	Data  6.08 ( 6.94)	Loss   0.70 (  0.70)	Cls Acc 100.0 (100.0)	Domain Acc 52.7 (55.3)
Test: [0/4]	Time  2.448 ( 2.448)	Loss 1.9243e+00 (1.9243e+00)	Acc@1  64.45 ( 64.45)	Acc@5  89.84 ( 89.84)
 * Acc@1 71.572 Acc@5 91.572
acc1 = 71.6, best_acc1 = 73.1
Epoch: [12][   0/1000]	Time  8.58 ( 8.58)	Data  8.52 ( 8.52)	Loss   0.68 (  0.68)	Cls Acc 100.0 (100.0)	Domain Acc 59.4 (59.4)
Epoch: [12][  50/1000]	Time  6.22 ( 6.99)	Data  6.16 ( 6.93)	Loss   0.70 (  0.69)	Cls Acc 100.0 (100.0)	Domain Acc 54.3 (56.1)
Epoch: [12][ 100/1000]	Time  6.16 ( 7.00)	Data  6.09 ( 6.94)	Loss   0.70 (  0.70)	Cls Acc 100.0 (100.0)	Domain Acc 55.7 (55.4)
Epoch: [12][ 150/1000]	Time  8.56 ( 7.01)	Data  8.50 ( 6.94)	Loss   0.69 (  0.70)	Cls Acc 100.0 (100.0)	Domain Acc 57.0 (54.9)
Epoch: [12][ 200/1000]	Time  6.26 ( 7.00)	Data  6.20 ( 6.94)	Loss   0.70 (  0.70)	Cls Acc 100.0 (100.0)	Domain Acc 55.5 (55.3)
Epoch: [12][ 250/1000]	Time  6.17 ( 7.01)	Data  6.11 ( 6.94)	Loss   0.70 (  0.70)	Cls Acc 100.0 (100.0)	Domain Acc 55.1 (55.7)
Epoch: [12][ 300/1000]	Time  8.58 ( 7.01)	Data  8.52 ( 6.94)	Loss   0.70 (  0.70)	Cls Acc 100.0 (100.0)	Domain Acc 51.6 (55.5)
Epoch: [12][ 350/1000]	Time  6.23 ( 7.00)	Data  6.17 ( 6.94)	Loss   0.69 (  0.70)	Cls Acc 100.0 (100.0)	Domain Acc 53.7 (55.5)
Epoch: [12][ 400/1000]	Time  6.23 ( 7.01)	Data  6.17 ( 6.94)	Loss   0.72 (  0.70)	Cls Acc 100.0 (100.0)	Domain Acc 47.7 (55.5)
Epoch: [12][ 450/1000]	Time  8.59 ( 7.01)	Data  8.53 ( 6.95)	Loss   0.70 (  0.70)	Cls Acc 100.0 (100.0)	Domain Acc 52.7 (55.5)
Epoch: [12][ 500/1000]	Time  6.22 ( 7.01)	Data  6.16 ( 6.95)	Loss   0.70 (  0.70)	Cls Acc 100.0 (100.0)	Domain Acc 51.8 (55.8)
Epoch: [12][ 550/1000]	Time  6.20 ( 7.01)	Data  6.14 ( 6.95)	Loss   0.70 (  0.70)	Cls Acc 100.0 (100.0)	Domain Acc 56.4 (55.8)
Epoch: [12][ 600/1000]	Time  8.57 ( 7.02)	Data  8.51 ( 6.95)	Loss   0.66 (  0.70)	Cls Acc 100.0 (100.0)	Domain Acc 64.5 (55.8)
Epoch: [12][ 650/1000]	Time  6.30 ( 7.01)	Data  6.23 ( 6.95)	Loss   0.70 (  0.70)	Cls Acc 100.0 (100.0)	Domain Acc 57.4 (55.8)
Epoch: [12][ 700/1000]	Time  6.23 ( 7.01)	Data  6.17 ( 6.95)	Loss   0.70 (  0.70)	Cls Acc 100.0 (100.0)	Domain Acc 52.5 (55.7)
Epoch: [12][ 750/1000]	Time  8.52 ( 7.01)	Data  8.46 ( 6.95)	Loss   0.69 (  0.70)	Cls Acc 100.0 (100.0)	Domain Acc 55.3 (55.7)
Epoch: [12][ 800/1000]	Time  6.29 ( 7.01)	Data  6.23 ( 6.95)	Loss   0.69 (  0.70)	Cls Acc 100.0 (100.0)	Domain Acc 56.6 (55.7)
Epoch: [12][ 850/1000]	Time  6.21 ( 7.01)	Data  6.14 ( 6.95)	Loss   0.69 (  0.70)	Cls Acc 100.0 (100.0)	Domain Acc 61.5 (55.7)
Epoch: [12][ 900/1000]	Time  8.55 ( 7.01)	Data  8.49 ( 6.95)	Loss   0.70 (  0.70)	Cls Acc 100.0 (100.0)	Domain Acc 59.6 (55.8)
Epoch: [12][ 950/1000]	Time  6.25 ( 7.01)	Data  6.18 ( 6.95)	Loss   0.71 (  0.70)	Cls Acc 100.0 (100.0)	Domain Acc 50.4 (55.8)
Test: [0/4]	Time  2.430 ( 2.430)	Loss 1.8912e+00 (1.8912e+00)	Acc@1  66.80 ( 66.80)	Acc@5  91.02 ( 91.02)
 * Acc@1 74.088 Acc@5 91.950
acc1 = 74.1, best_acc1 = 74.1
Epoch: [13][   0/1000]	Time  6.24 ( 6.24)	Data  6.17 ( 6.17)	Loss   0.71 (  0.71)	Cls Acc 100.0 (100.0)	Domain Acc 53.1 (53.1)
Epoch: [13][  50/1000]	Time  8.54 ( 7.00)	Data  8.47 ( 6.94)	Loss   0.69 (  0.69)	Cls Acc 100.0 (100.0)	Domain Acc 57.0 (56.2)
Epoch: [13][ 100/1000]	Time  6.17 ( 6.99)	Data  6.11 ( 6.93)	Loss   0.69 (  0.70)	Cls Acc 100.0 (100.0)	Domain Acc 55.5 (55.2)
Epoch: [13][ 150/1000]	Time  6.26 ( 7.01)	Data  6.19 ( 6.94)	Loss   0.69 (  0.70)	Cls Acc 100.0 (100.0)	Domain Acc 60.2 (54.8)
Epoch: [13][ 200/1000]	Time  8.78 ( 7.02)	Data  8.71 ( 6.96)	Loss   0.70 (  0.70)	Cls Acc 100.0 (100.0)	Domain Acc 53.9 (55.2)
Epoch: [13][ 250/1000]	Time  6.25 ( 7.02)	Data  6.19 ( 6.96)	Loss   0.70 (  0.70)	Cls Acc 100.0 (100.0)	Domain Acc 53.9 (55.3)
Epoch: [13][ 300/1000]	Time  6.19 ( 7.02)	Data  6.13 ( 6.96)	Loss   0.70 (  0.70)	Cls Acc 100.0 (100.0)	Domain Acc 53.7 (55.5)
Epoch: [13][ 350/1000]	Time  8.60 ( 7.02)	Data  8.53 ( 6.96)	Loss   0.69 (  0.70)	Cls Acc 100.0 (100.0)	Domain Acc 57.4 (55.4)
Epoch: [13][ 400/1000]	Time  6.23 ( 7.02)	Data  6.17 ( 6.95)	Loss   0.69 (  0.70)	Cls Acc 100.0 (100.0)	Domain Acc 55.9 (55.3)
Epoch: [13][ 450/1000]	Time  6.15 ( 7.02)	Data  6.09 ( 6.96)	Loss   0.69 (  0.70)	Cls Acc 100.0 (100.0)	Domain Acc 55.1 (55.3)
Epoch: [13][ 500/1000]	Time  8.71 ( 7.02)	Data  8.64 ( 6.96)	Loss   0.71 (  0.70)	Cls Acc 100.0 (100.0)	Domain Acc 52.7 (55.3)
Epoch: [13][ 550/1000]	Time  6.21 ( 7.01)	Data  6.15 ( 6.95)	Loss   0.69 (  0.70)	Cls Acc 100.0 (100.0)	Domain Acc 57.6 (55.3)
Epoch: [13][ 600/1000]	Time  6.19 ( 7.02)	Data  6.13 ( 6.95)	Loss   0.70 (  0.70)	Cls Acc 100.0 (100.0)	Domain Acc 52.7 (55.4)
Epoch: [13][ 650/1000]	Time  8.66 ( 7.02)	Data  8.59 ( 6.95)	Loss   0.70 (  0.70)	Cls Acc 100.0 (100.0)	Domain Acc 55.9 (55.4)
Epoch: [13][ 700/1000]	Time  6.21 ( 7.01)	Data  6.15 ( 6.95)	Loss   0.70 (  0.70)	Cls Acc 100.0 (100.0)	Domain Acc 55.5 (55.4)
Epoch: [13][ 750/1000]	Time  6.19 ( 7.02)	Data  6.12 ( 6.95)	Loss   0.68 (  0.70)	Cls Acc 100.0 (100.0)	Domain Acc 55.3 (55.5)
Epoch: [13][ 800/1000]	Time  8.61 ( 7.02)	Data  8.55 ( 6.95)	Loss   0.70 (  0.70)	Cls Acc 100.0 (100.0)	Domain Acc 56.8 (55.5)
Epoch: [13][ 850/1000]	Time  6.22 ( 7.01)	Data  6.15 ( 6.95)	Loss   0.70 (  0.70)	Cls Acc 100.0 (100.0)	Domain Acc 52.9 (55.6)
Epoch: [13][ 900/1000]	Time  6.19 ( 7.01)	Data  6.12 ( 6.95)	Loss   0.69 (  0.70)	Cls Acc 100.0 (100.0)	Domain Acc 57.0 (55.7)
Epoch: [13][ 950/1000]	Time  8.59 ( 7.01)	Data  8.53 ( 6.95)	Loss   0.70 (  0.70)	Cls Acc 100.0 (100.0)	Domain Acc 53.1 (55.7)
Test: [0/4]	Time  2.539 ( 2.539)	Loss 1.9079e+00 (1.9079e+00)	Acc@1  66.02 ( 66.02)	Acc@5  89.06 ( 89.06)
 * Acc@1 73.585 Acc@5 92.201
acc1 = 73.6, best_acc1 = 74.1
Epoch: [14][   0/1000]	Time  6.24 ( 6.24)	Data  6.17 ( 6.17)	Loss   0.68 (  0.68)	Cls Acc 100.0 (100.0)	Domain Acc 59.6 (59.6)
Epoch: [14][  50/1000]	Time  6.22 ( 7.03)	Data  6.16 ( 6.96)	Loss   0.69 (  0.69)	Cls Acc 100.0 (100.0)	Domain Acc 56.8 (56.8)
Epoch: [14][ 100/1000]	Time  8.64 ( 7.06)	Data  8.57 ( 6.99)	Loss   0.70 (  0.69)	Cls Acc 100.0 (100.0)	Domain Acc 52.1 (55.3)
Epoch: [14][ 150/1000]	Time  6.23 ( 7.03)	Data  6.17 ( 6.97)	Loss   0.69 (  0.69)	Cls Acc 100.0 (100.0)	Domain Acc 55.9 (55.5)
Epoch: [14][ 200/1000]	Time  6.23 ( 7.03)	Data  6.16 ( 6.97)	Loss   0.69 (  0.69)	Cls Acc 100.0 (100.0)	Domain Acc 57.8 (55.6)
Epoch: [14][ 250/1000]	Time  8.57 ( 7.03)	Data  8.50 ( 6.97)	Loss   0.69 (  0.69)	Cls Acc 100.0 (100.0)	Domain Acc 56.6 (55.8)
Epoch: [14][ 300/1000]	Time  6.25 ( 7.02)	Data  6.18 ( 6.96)	Loss   0.69 (  0.69)	Cls Acc 100.0 (100.0)	Domain Acc 56.2 (55.8)
Epoch: [14][ 350/1000]	Time  6.32 ( 7.03)	Data  6.25 ( 6.96)	Loss   0.68 (  0.69)	Cls Acc 100.0 (100.0)	Domain Acc 57.2 (56.0)
Epoch: [14][ 400/1000]	Time  8.65 ( 7.03)	Data  8.58 ( 6.97)	Loss   0.69 (  0.69)	Cls Acc 100.0 (100.0)	Domain Acc 56.1 (56.0)
Epoch: [14][ 450/1000]	Time  6.28 ( 7.03)	Data  6.22 ( 6.97)	Loss   0.70 (  0.69)	Cls Acc 100.0 (100.0)	Domain Acc 55.3 (55.9)
Epoch: [14][ 500/1000]	Time  6.23 ( 7.03)	Data  6.17 ( 6.97)	Loss   0.69 (  0.69)	Cls Acc 100.0 (100.0)	Domain Acc 58.2 (56.1)
Epoch: [14][ 550/1000]	Time  8.61 ( 7.03)	Data  8.54 ( 6.97)	Loss   0.70 (  0.69)	Cls Acc 100.0 (100.0)	Domain Acc 55.3 (56.0)
Epoch: [14][ 600/1000]	Time  6.20 ( 7.03)	Data  6.13 ( 6.97)	Loss   0.69 (  0.69)	Cls Acc 100.0 (100.0)	Domain Acc 54.9 (55.8)
Epoch: [14][ 650/1000]	Time  6.13 ( 7.03)	Data  6.07 ( 6.97)	Loss   0.70 (  0.69)	Cls Acc 100.0 (100.0)	Domain Acc 55.1 (55.8)
Epoch: [14][ 700/1000]	Time  8.74 ( 7.03)	Data  8.68 ( 6.97)	Loss   0.68 (  0.69)	Cls Acc 100.0 (100.0)	Domain Acc 61.9 (55.8)
Epoch: [14][ 750/1000]	Time  6.22 ( 7.03)	Data  6.15 ( 6.97)	Loss   0.70 (  0.69)	Cls Acc 100.0 (100.0)	Domain Acc 55.1 (55.7)
Epoch: [14][ 800/1000]	Time  6.18 ( 7.03)	Data  6.12 ( 6.97)	Loss   0.70 (  0.69)	Cls Acc 100.0 (100.0)	Domain Acc 54.5 (55.6)
Epoch: [14][ 850/1000]	Time  8.82 ( 7.03)	Data  8.75 ( 6.97)	Loss   0.69 (  0.69)	Cls Acc 100.0 (100.0)	Domain Acc 58.8 (55.7)
Epoch: [14][ 900/1000]	Time  6.32 ( 7.04)	Data  6.26 ( 6.97)	Loss   0.69 (  0.69)	Cls Acc 100.0 (100.0)	Domain Acc 57.8 (55.8)
Epoch: [14][ 950/1000]	Time  6.25 ( 7.04)	Data  6.18 ( 6.97)	Loss   0.70 (  0.69)	Cls Acc 100.0 (100.0)	Domain Acc 52.1 (55.7)
Test: [0/4]	Time  2.472 ( 2.472)	Loss 1.9753e+00 (1.9753e+00)	Acc@1  66.41 ( 66.41)	Acc@5  89.06 ( 89.06)
 * Acc@1 73.082 Acc@5 90.440
acc1 = 73.1, best_acc1 = 74.1
Epoch: [15][   0/1000]	Time  8.70 ( 8.70)	Data  8.64 ( 8.64)	Loss   0.69 (  0.69)	Cls Acc 100.0 (100.0)	Domain Acc 56.1 (56.1)
Epoch: [15][  50/1000]	Time  6.22 ( 7.03)	Data  6.16 ( 6.97)	Loss   0.69 (  0.69)	Cls Acc 100.0 (100.0)	Domain Acc 57.8 (56.2)
Epoch: [15][ 100/1000]	Time  6.22 ( 7.04)	Data  6.16 ( 6.97)	Loss   0.69 (  0.70)	Cls Acc 100.0 (100.0)	Domain Acc 55.3 (55.1)
Epoch: [15][ 150/1000]	Time  8.64 ( 7.04)	Data  8.57 ( 6.97)	Loss   0.69 (  0.69)	Cls Acc 100.0 (100.0)	Domain Acc 54.9 (55.6)
Epoch: [15][ 200/1000]	Time  6.13 ( 7.02)	Data  6.07 ( 6.96)	Loss   0.69 (  0.69)	Cls Acc 100.0 (100.0)	Domain Acc 53.7 (55.3)
Epoch: [15][ 250/1000]	Time  6.21 ( 7.03)	Data  6.14 ( 6.96)	Loss   0.69 (  0.69)	Cls Acc 100.0 (100.0)	Domain Acc 56.2 (55.3)
Epoch: [15][ 300/1000]	Time  8.67 ( 7.03)	Data  8.61 ( 6.96)	Loss   0.70 (  0.69)	Cls Acc 100.0 (100.0)	Domain Acc 53.1 (55.4)
Epoch: [15][ 350/1000]	Time  6.23 ( 7.03)	Data  6.17 ( 6.96)	Loss   0.70 (  0.69)	Cls Acc 100.0 (100.0)	Domain Acc 55.1 (55.6)
Epoch: [15][ 400/1000]	Time  6.21 ( 7.03)	Data  6.15 ( 6.96)	Loss   0.71 (  0.69)	Cls Acc 100.0 (100.0)	Domain Acc 50.8 (55.6)
Epoch: [15][ 450/1000]	Time  8.69 ( 7.03)	Data  8.62 ( 6.97)	Loss   0.70 (  0.70)	Cls Acc 100.0 (100.0)	Domain Acc 56.6 (55.4)
Epoch: [15][ 500/1000]	Time  6.19 ( 7.02)	Data  6.12 ( 6.96)	Loss   0.69 (  0.69)	Cls Acc 100.0 (100.0)	Domain Acc 58.6 (55.6)
Epoch: [15][ 550/1000]	Time  6.18 ( 7.03)	Data  6.12 ( 6.96)	Loss   0.69 (  0.69)	Cls Acc 100.0 (100.0)	Domain Acc 56.4 (55.5)
Epoch: [15][ 600/1000]	Time  8.72 ( 7.03)	Data  8.65 ( 6.96)	Loss   0.69 (  0.69)	Cls Acc 100.0 (100.0)	Domain Acc 58.8 (55.6)
Epoch: [15][ 650/1000]	Time  6.37 ( 7.03)	Data  6.31 ( 6.96)	Loss   0.70 (  0.69)	Cls Acc 100.0 (100.0)	Domain Acc 53.3 (55.5)
Epoch: [15][ 700/1000]	Time  6.14 ( 7.03)	Data  6.07 ( 6.97)	Loss   0.69 (  0.69)	Cls Acc 100.0 (100.0)	Domain Acc 58.0 (55.6)
Epoch: [15][ 750/1000]	Time  8.62 ( 7.03)	Data  8.56 ( 6.97)	Loss   0.69 (  0.69)	Cls Acc 100.0 (100.0)	Domain Acc 52.3 (55.6)
Epoch: [15][ 800/1000]	Time  6.18 ( 7.03)	Data  6.12 ( 6.96)	Loss   0.69 (  0.69)	Cls Acc 100.0 (100.0)	Domain Acc 56.8 (55.6)
Epoch: [15][ 850/1000]	Time  6.20 ( 7.03)	Data  6.13 ( 6.96)	Loss   0.70 (  0.69)	Cls Acc 100.0 (100.0)	Domain Acc 55.7 (55.7)
Epoch: [15][ 900/1000]	Time  8.58 ( 7.03)	Data  8.52 ( 6.97)	Loss   0.69 (  0.69)	Cls Acc 100.0 (100.0)	Domain Acc 56.1 (55.7)
Epoch: [15][ 950/1000]	Time  6.28 ( 7.03)	Data  6.22 ( 6.96)	Loss   0.69 (  0.69)	Cls Acc 100.0 (100.0)	Domain Acc 53.9 (55.7)
Test: [0/4]	Time  2.516 ( 2.516)	Loss 2.1015e+00 (2.1015e+00)	Acc@1  65.23 ( 65.23)	Acc@5  89.45 ( 89.45)
 * Acc@1 73.711 Acc@5 91.321
acc1 = 73.7, best_acc1 = 74.1
Epoch: [16][   0/1000]	Time  6.21 ( 6.21)	Data  6.15 ( 6.15)	Loss   0.69 (  0.69)	Cls Acc 100.0 (100.0)	Domain Acc 57.0 (57.0)
Epoch: [16][  50/1000]	Time  8.54 ( 7.02)	Data  8.47 ( 6.96)	Loss   0.68 (  0.69)	Cls Acc 100.0 (100.0)	Domain Acc 59.8 (57.2)
Epoch: [16][ 100/1000]	Time  6.24 ( 7.01)	Data  6.17 ( 6.94)	Loss   0.69 (  0.69)	Cls Acc 100.0 (100.0)	Domain Acc 55.7 (57.0)
Epoch: [16][ 150/1000]	Time  6.25 ( 7.02)	Data  6.19 ( 6.96)	Loss   0.69 (  0.69)	Cls Acc 100.0 (100.0)	Domain Acc 56.1 (57.0)
Epoch: [16][ 200/1000]	Time  8.72 ( 7.02)	Data  8.66 ( 6.96)	Loss   0.70 (  0.69)	Cls Acc 100.0 (100.0)	Domain Acc 56.4 (56.5)
Epoch: [16][ 250/1000]	Time  6.19 ( 7.02)	Data  6.13 ( 6.96)	Loss   0.69 (  0.69)	Cls Acc 100.0 (100.0)	Domain Acc 54.1 (56.2)
Epoch: [16][ 300/1000]	Time  6.21 ( 7.02)	Data  6.15 ( 6.96)	Loss   0.69 (  0.69)	Cls Acc 100.0 (100.0)	Domain Acc 56.4 (56.4)
Epoch: [16][ 350/1000]	Time  8.67 ( 7.03)	Data  8.61 ( 6.96)	Loss   0.70 (  0.69)	Cls Acc 100.0 (100.0)	Domain Acc 53.7 (56.3)
Epoch: [16][ 400/1000]	Time  6.27 ( 7.02)	Data  6.21 ( 6.96)	Loss   0.69 (  0.69)	Cls Acc 100.0 (100.0)	Domain Acc 55.1 (56.2)
Epoch: [16][ 450/1000]	Time  6.22 ( 7.03)	Data  6.15 ( 6.97)	Loss   0.69 (  0.69)	Cls Acc 100.0 (100.0)	Domain Acc 55.9 (56.3)
Epoch: [16][ 500/1000]	Time  8.63 ( 7.04)	Data  8.57 ( 6.97)	Loss   0.69 (  0.69)	Cls Acc 100.0 (100.0)	Domain Acc 54.3 (56.3)
Epoch: [16][ 550/1000]	Time  6.26 ( 7.03)	Data  6.20 ( 6.97)	Loss   0.69 (  0.69)	Cls Acc 100.0 (100.0)	Domain Acc 55.7 (56.4)
Epoch: [16][ 600/1000]	Time  6.20 ( 7.04)	Data  6.14 ( 6.97)	Loss   0.68 (  0.69)	Cls Acc 100.0 (100.0)	Domain Acc 62.5 (56.4)
