Namespace(arch='alexnet', batch_size=256, bottleneck_dim=256, center_crop=False, checkmodel_logsave=False, data='Office31', data_processing='ours', epochs=50, iters_per_epoch=1000, local=True, local_pretrained_path='/home/junzhin/Project/Summer_project/code/version1.0/pretrained_model_results/ALEX_office31masked2_newmodel_best.pth.tar', log='/home/junzhin/Project/Summer_project/code/version2.0/training_results/dann/ALEX_office31masked2/W_A', lr=0.01, lr_decay=0.75, lr_gamma=0.001, momentum=0.9, per_class_eval=False, phase='train', pretrained=True, print_freq=50, root='/home/junzhin/Project/Summer_project/code/version2.0/data/office31', seed=None, source='W', target='A', trade_off=1.0, weight_decay=0.001, workers=4)
=> using pre-trained model 'alexnet'
Loading the local alexnet pretrained model weights!
Epoch: [0][   0/1000]	Time  2.99 ( 2.99)	Data  0.74 ( 0.74)	Loss   4.22 (  4.22)	Cls Acc 2.3 (2.3)	Domain Acc 38.7 (38.7)
Epoch: [0][  50/1000]	Time  0.35 ( 1.32)	Data  0.29 ( 1.21)	Loss   1.48 (  2.54)	Cls Acc 71.5 (40.2)	Domain Acc 96.1 (89.7)
Epoch: [0][ 100/1000]	Time  0.35 ( 1.37)	Data  0.29 ( 1.28)	Loss   0.72 (  1.81)	Cls Acc 89.5 (60.4)	Domain Acc 97.3 (92.8)
Epoch: [0][ 150/1000]	Time  2.61 ( 1.35)	Data  2.54 ( 1.28)	Loss   0.38 (  1.37)	Cls Acc 96.5 (71.7)	Domain Acc 96.9 (94.5)
Epoch: [0][ 200/1000]	Time  0.35 ( 1.34)	Data  0.29 ( 1.26)	Loss   1.38 (  1.14)	Cls Acc 99.6 (78.4)	Domain Acc 72.7 (94.3)
Epoch: [0][ 250/1000]	Time  0.35 ( 1.33)	Data  0.29 ( 1.26)	Loss   0.75 (  1.16)	Cls Acc 98.0 (82.3)	Domain Acc 78.1 (88.9)
Epoch: [0][ 300/1000]	Time  3.27 ( 1.33)	Data  3.21 ( 1.26)	Loss   0.88 (  1.20)	Cls Acc 98.0 (85.0)	Domain Acc 66.0 (84.2)
Epoch: [0][ 350/1000]	Time  0.35 ( 1.32)	Data  0.29 ( 1.25)	Loss   0.57 (  1.17)	Cls Acc 100.0 (87.0)	Domain Acc 77.9 (81.0)
Epoch: [0][ 400/1000]	Time  0.35 ( 1.32)	Data  0.29 ( 1.25)	Loss   0.69 (  1.12)	Cls Acc 100.0 (88.6)	Domain Acc 64.3 (79.0)
Epoch: [0][ 450/1000]	Time  2.57 ( 1.32)	Data  2.50 ( 1.25)	Loss   0.74 (  1.09)	Cls Acc 99.6 (89.9)	Domain Acc 62.7 (76.5)
Epoch: [0][ 500/1000]	Time  0.35 ( 1.32)	Data  0.28 ( 1.25)	Loss   0.75 (  1.07)	Cls Acc 100.0 (90.8)	Domain Acc 67.4 (74.5)
Epoch: [0][ 550/1000]	Time  2.02 ( 1.32)	Data  1.96 ( 1.26)	Loss   0.99 (  1.06)	Cls Acc 98.8 (91.7)	Domain Acc 52.7 (72.8)
Epoch: [0][ 600/1000]	Time  2.64 ( 1.33)	Data  2.57 ( 1.26)	Loss   1.13 (  1.05)	Cls Acc 100.0 (92.3)	Domain Acc 49.0 (71.2)
Epoch: [0][ 650/1000]	Time  0.36 ( 1.33)	Data  0.30 ( 1.26)	Loss   1.12 (  1.04)	Cls Acc 98.4 (92.9)	Domain Acc 48.8 (70.0)
Epoch: [0][ 700/1000]	Time  0.35 ( 1.33)	Data  0.29 ( 1.27)	Loss   1.05 (  1.03)	Cls Acc 99.6 (93.4)	Domain Acc 43.6 (68.9)
Epoch: [0][ 750/1000]	Time  3.25 ( 1.33)	Data  3.19 ( 1.27)	Loss   0.92 (  1.02)	Cls Acc 99.2 (93.8)	Domain Acc 55.5 (68.0)
Epoch: [0][ 800/1000]	Time  0.35 ( 1.33)	Data  0.28 ( 1.27)	Loss   0.84 (  1.01)	Cls Acc 100.0 (94.2)	Domain Acc 52.9 (67.4)
Epoch: [0][ 850/1000]	Time  0.33 ( 1.34)	Data  0.27 ( 1.27)	Loss   0.84 (  0.99)	Cls Acc 100.0 (94.5)	Domain Acc 54.5 (66.8)
Epoch: [0][ 900/1000]	Time  2.65 ( 1.34)	Data  2.59 ( 1.27)	Loss   0.85 (  0.99)	Cls Acc 100.0 (94.8)	Domain Acc 42.6 (65.8)
Epoch: [0][ 950/1000]	Time  0.36 ( 1.34)	Data  0.29 ( 1.27)	Loss   1.14 (  0.98)	Cls Acc 98.8 (95.1)	Domain Acc 39.6 (65.2)
Test: [ 0/12]	Time  2.576 ( 2.576)	Loss 5.6478e+00 (5.6478e+00)	Acc@1  30.47 ( 30.47)	Acc@5  64.06 ( 64.06)
 * Acc@1 5.999 Acc@5 25.914
acc1 = 6.0, best_acc1 = 6.0
Epoch: [1][   0/1000]	Time  0.25 ( 0.25)	Data  0.18 ( 0.18)	Loss   1.02 (  1.02)	Cls Acc 99.2 (99.2)	Domain Acc 39.3 (39.3)
Epoch: [1][  50/1000]	Time  2.92 ( 1.38)	Data  2.85 ( 1.32)	Loss   0.99 (  0.93)	Cls Acc 99.2 (99.6)	Domain Acc 49.0 (50.0)
Epoch: [1][ 100/1000]	Time  1.89 ( 1.37)	Data  1.83 ( 1.30)	Loss   0.84 (  0.91)	Cls Acc 100.0 (99.5)	Domain Acc 53.3 (51.7)
Epoch: [1][ 150/1000]	Time  0.34 ( 1.35)	Data  0.28 ( 1.28)	Loss   0.78 (  0.88)	Cls Acc 99.2 (99.6)	Domain Acc 56.4 (52.7)
Epoch: [1][ 200/1000]	Time  3.36 ( 1.35)	Data  3.30 ( 1.28)	Loss   0.98 (  0.85)	Cls Acc 99.6 (99.7)	Domain Acc 36.9 (53.3)
Epoch: [1][ 250/1000]	Time  0.35 ( 1.33)	Data  0.29 ( 1.26)	Loss   0.92 (  0.84)	Cls Acc 98.8 (99.7)	Domain Acc 46.5 (53.8)
Epoch: [1][ 300/1000]	Time  0.35 ( 1.33)	Data  0.28 ( 1.27)	Loss   0.92 (  0.84)	Cls Acc 98.0 (99.7)	Domain Acc 52.5 (53.7)
Epoch: [1][ 350/1000]	Time  2.69 ( 1.33)	Data  2.62 ( 1.27)	Loss   0.87 (  0.84)	Cls Acc 99.6 (99.7)	Domain Acc 52.3 (53.7)
Epoch: [1][ 400/1000]	Time  0.35 ( 1.33)	Data  0.29 ( 1.27)	Loss   0.74 (  0.85)	Cls Acc 100.0 (99.7)	Domain Acc 57.6 (53.6)
Epoch: [1][ 450/1000]	Time  0.35 ( 1.34)	Data  0.29 ( 1.27)	Loss   0.83 (  0.84)	Cls Acc 99.6 (99.7)	Domain Acc 49.6 (53.5)
Epoch: [1][ 500/1000]	Time  2.77 ( 1.35)	Data  2.71 ( 1.28)	Loss   0.93 (  0.85)	Cls Acc 99.6 (99.7)	Domain Acc 50.6 (53.4)
Epoch: [1][ 550/1000]	Time  0.36 ( 1.34)	Data  0.30 ( 1.28)	Loss   0.86 (  0.85)	Cls Acc 99.6 (99.7)	Domain Acc 54.5 (53.5)
Epoch: [1][ 600/1000]	Time  0.39 ( 1.35)	Data  0.32 ( 1.28)	Loss   0.86 (  0.85)	Cls Acc 100.0 (99.7)	Domain Acc 49.2 (53.6)
Epoch: [1][ 650/1000]	Time  4.33 ( 1.35)	Data  4.26 ( 1.29)	Loss   0.73 (  0.85)	Cls Acc 98.8 (99.7)	Domain Acc 62.5 (53.5)
Epoch: [1][ 700/1000]	Time  0.36 ( 1.35)	Data  0.30 ( 1.29)	Loss   0.80 (  0.84)	Cls Acc 99.2 (99.6)	Domain Acc 57.2 (53.6)
Epoch: [1][ 750/1000]	Time  0.34 ( 1.35)	Data  0.27 ( 1.28)	Loss   0.97 (  0.85)	Cls Acc 98.0 (99.6)	Domain Acc 46.3 (53.4)
Epoch: [1][ 800/1000]	Time  2.55 ( 1.35)	Data  2.49 ( 1.28)	Loss   0.74 (  0.84)	Cls Acc 100.0 (99.6)	Domain Acc 57.4 (53.5)
Epoch: [1][ 850/1000]	Time  0.33 ( 1.34)	Data  0.27 ( 1.28)	Loss   0.86 (  0.85)	Cls Acc 98.4 (99.6)	Domain Acc 57.2 (53.5)
Epoch: [1][ 900/1000]	Time  0.36 ( 1.34)	Data  0.30 ( 1.28)	Loss   0.64 (  0.85)	Cls Acc 99.6 (99.6)	Domain Acc 66.2 (53.5)
Epoch: [1][ 950/1000]	Time  3.54 ( 1.34)	Data  3.48 ( 1.28)	Loss   0.79 (  0.85)	Cls Acc 99.6 (99.6)	Domain Acc 56.2 (53.5)
Test: [ 0/12]	Time  1.699 ( 1.699)	Loss 6.5493e+00 (6.5493e+00)	Acc@1  22.66 ( 22.66)	Acc@5  42.19 ( 42.19)
 * Acc@1 9.727 Acc@5 32.694
acc1 = 9.7, best_acc1 = 9.7
Epoch: [2][   0/1000]	Time  0.26 ( 0.26)	Data  0.20 ( 0.20)	Loss   0.89 (  0.89)	Cls Acc 99.2 (99.2)	Domain Acc 51.8 (51.8)
Epoch: [2][  50/1000]	Time  0.36 ( 1.35)	Data  0.30 ( 1.29)	Loss   0.85 (  0.79)	Cls Acc 100.0 (99.6)	Domain Acc 53.9 (55.2)
Epoch: [2][ 100/1000]	Time  2.62 ( 1.34)	Data  2.56 ( 1.27)	Loss   0.74 (  0.82)	Cls Acc 100.0 (99.6)	Domain Acc 55.9 (53.8)
Epoch: [2][ 150/1000]	Time  0.36 ( 1.34)	Data  0.30 ( 1.27)	Loss   0.76 (  0.81)	Cls Acc 100.0 (99.6)	Domain Acc 55.7 (55.2)
Epoch: [2][ 200/1000]	Time  1.99 ( 1.34)	Data  1.92 ( 1.28)	Loss   0.83 (  0.79)	Cls Acc 99.2 (99.7)	Domain Acc 51.8 (55.9)
Epoch: [2][ 250/1000]	Time  2.59 ( 1.35)	Data  2.52 ( 1.28)	Loss   0.78 (  0.80)	Cls Acc 99.6 (99.6)	Domain Acc 55.7 (55.4)
Epoch: [2][ 300/1000]	Time  0.36 ( 1.34)	Data  0.29 ( 1.28)	Loss   0.76 (  0.79)	Cls Acc 99.6 (99.7)	Domain Acc 56.1 (55.3)
Epoch: [2][ 350/1000]	Time  0.33 ( 1.34)	Data  0.27 ( 1.27)	Loss   1.07 (  0.79)	Cls Acc 99.2 (99.7)	Domain Acc 40.2 (55.2)
Epoch: [2][ 400/1000]	Time  3.09 ( 1.34)	Data  3.03 ( 1.28)	Loss   0.97 (  0.80)	Cls Acc 99.2 (99.7)	Domain Acc 45.7 (55.0)
Epoch: [2][ 450/1000]	Time  0.34 ( 1.33)	Data  0.28 ( 1.27)	Loss   0.79 (  0.80)	Cls Acc 98.4 (99.7)	Domain Acc 60.0 (54.7)
Epoch: [2][ 500/1000]	Time  0.36 ( 1.33)	Data  0.29 ( 1.27)	Loss   0.75 (  0.80)	Cls Acc 99.6 (99.7)	Domain Acc 55.9 (55.0)
Epoch: [2][ 550/1000]	Time  2.63 ( 1.33)	Data  2.57 ( 1.27)	Loss   0.90 (  0.80)	Cls Acc 99.2 (99.7)	Domain Acc 48.4 (54.8)
Epoch: [2][ 600/1000]	Time  0.35 ( 1.33)	Data  0.29 ( 1.26)	Loss   0.71 (  0.80)	Cls Acc 100.0 (99.7)	Domain Acc 59.8 (54.8)
Epoch: [2][ 650/1000]	Time  0.35 ( 1.33)	Data  0.28 ( 1.26)	Loss   0.78 (  0.80)	Cls Acc 100.0 (99.7)	Domain Acc 53.5 (55.0)
Epoch: [2][ 700/1000]	Time  2.72 ( 1.33)	Data  2.66 ( 1.27)	Loss   0.72 (  0.79)	Cls Acc 100.0 (99.7)	Domain Acc 60.9 (55.1)
Epoch: [2][ 750/1000]	Time  1.92 ( 1.33)	Data  1.85 ( 1.27)	Loss   0.89 (  0.80)	Cls Acc 98.8 (99.7)	Domain Acc 49.2 (54.9)
Epoch: [2][ 800/1000]	Time  0.33 ( 1.33)	Data  0.27 ( 1.27)	Loss   0.80 (  0.80)	Cls Acc 98.8 (99.7)	Domain Acc 57.0 (54.8)
Epoch: [2][ 850/1000]	Time  3.29 ( 1.33)	Data  3.23 ( 1.27)	Loss   0.68 (  0.80)	Cls Acc 99.6 (99.7)	Domain Acc 64.3 (54.8)
Epoch: [2][ 900/1000]	Time  0.35 ( 1.33)	Data  0.29 ( 1.27)	Loss   0.75 (  0.80)	Cls Acc 100.0 (99.7)	Domain Acc 59.2 (54.8)
Epoch: [2][ 950/1000]	Time  0.42 ( 1.33)	Data  0.35 ( 1.27)	Loss   0.67 (  0.79)	Cls Acc 100.0 (99.7)	Domain Acc 61.3 (54.9)
Test: [ 0/12]	Time  1.638 ( 1.638)	Loss 5.3818e+00 (5.3818e+00)	Acc@1  18.75 ( 18.75)	Acc@5  44.53 ( 44.53)
 * Acc@1 9.940 Acc@5 28.080
acc1 = 9.9, best_acc1 = 9.9
Epoch: [3][   0/1000]	Time  2.67 ( 2.67)	Data  2.61 ( 2.61)	Loss   0.75 (  0.75)	Cls Acc 100.0 (100.0)	Domain Acc 56.2 (56.2)
Epoch: [3][  50/1000]	Time  0.35 ( 1.36)	Data  0.29 ( 1.30)	Loss   0.68 (  0.76)	Cls Acc 100.0 (99.7)	Domain Acc 64.8 (55.4)
Epoch: [3][ 100/1000]	Time  0.35 ( 1.35)	Data  0.29 ( 1.29)	Loss   0.70 (  0.75)	Cls Acc 100.0 (99.8)	Domain Acc 60.9 (56.3)
Epoch: [3][ 150/1000]	Time  2.80 ( 1.36)	Data  2.73 ( 1.30)	Loss   0.87 (  0.76)	Cls Acc 100.0 (99.8)	Domain Acc 49.4 (55.5)
Epoch: [3][ 200/1000]	Time  0.36 ( 1.35)	Data  0.30 ( 1.29)	Loss   0.77 (  0.76)	Cls Acc 99.6 (99.8)	Domain Acc 55.7 (56.2)
Epoch: [3][ 250/1000]	Time  0.34 ( 1.37)	Data  0.28 ( 1.30)	Loss   0.75 (  0.76)	Cls Acc 100.0 (99.8)	Domain Acc 54.3 (56.1)
Epoch: [3][ 300/1000]	Time  4.50 ( 1.37)	Data  4.42 ( 1.30)	Loss   0.77 (  0.76)	Cls Acc 100.0 (99.8)	Domain Acc 52.5 (55.7)
Epoch: [3][ 350/1000]	Time  0.35 ( 1.36)	Data  0.28 ( 1.30)	Loss   0.79 (  0.76)	Cls Acc 100.0 (99.8)	Domain Acc 51.2 (55.8)
Epoch: [3][ 400/1000]	Time  0.36 ( 1.36)	Data  0.29 ( 1.30)	Loss   0.75 (  0.76)	Cls Acc 100.0 (99.8)	Domain Acc 59.4 (56.0)
Epoch: [3][ 450/1000]	Time  2.85 ( 1.36)	Data  2.79 ( 1.30)	Loss   0.76 (  0.76)	Cls Acc 100.0 (99.8)	Domain Acc 52.7 (55.9)
Epoch: [3][ 500/1000]	Time  0.34 ( 1.36)	Data  0.28 ( 1.30)	Loss   0.75 (  0.76)	Cls Acc 99.6 (99.8)	Domain Acc 57.0 (56.0)
Epoch: [3][ 550/1000]	Time  0.37 ( 1.37)	Data  0.31 ( 1.31)	Loss   0.74 (  0.76)	Cls Acc 99.6 (99.8)	Domain Acc 59.2 (56.3)
Epoch: [3][ 600/1000]	Time  3.70 ( 1.37)	Data  3.64 ( 1.31)	Loss   0.75 (  0.76)	Cls Acc 100.0 (99.8)	Domain Acc 54.5 (56.0)
Epoch: [3][ 650/1000]	Time  0.37 ( 1.37)	Data  0.30 ( 1.30)	Loss   0.86 (  0.76)	Cls Acc 100.0 (99.8)	Domain Acc 47.3 (55.8)
Epoch: [3][ 700/1000]	Time  0.36 ( 1.37)	Data  0.30 ( 1.30)	Loss   0.74 (  0.76)	Cls Acc 100.0 (99.8)	Domain Acc 58.4 (56.0)
Epoch: [3][ 750/1000]	Time  2.86 ( 1.37)	Data  2.80 ( 1.31)	Loss   0.72 (  0.76)	Cls Acc 100.0 (99.8)	Domain Acc 57.4 (56.0)
Epoch: [3][ 800/1000]	Time  0.36 ( 1.37)	Data  0.29 ( 1.31)	Loss   0.74 (  0.76)	Cls Acc 100.0 (99.8)	Domain Acc 57.2 (56.0)
Epoch: [3][ 850/1000]	Time  1.88 ( 1.37)	Data  1.81 ( 1.30)	Loss   0.67 (  0.76)	Cls Acc 100.0 (99.8)	Domain Acc 62.5 (56.1)
Epoch: [3][ 900/1000]	Time  2.72 ( 1.37)	Data  2.66 ( 1.30)	Loss   0.73 (  0.76)	Cls Acc 100.0 (99.8)	Domain Acc 56.4 (56.0)
Epoch: [3][ 950/1000]	Time  0.39 ( 1.36)	Data  0.32 ( 1.30)	Loss   0.73 (  0.76)	Cls Acc 99.6 (99.8)	Domain Acc 58.4 (56.1)
Test: [ 0/12]	Time  1.670 ( 1.670)	Loss 4.4838e+00 (4.4838e+00)	Acc@1  28.12 ( 28.12)	Acc@5  53.91 ( 53.91)
 * Acc@1 12.922 Acc@5 33.937
acc1 = 12.9, best_acc1 = 12.9
Epoch: [4][   0/1000]	Time  0.25 ( 0.25)	Data  0.19 ( 0.19)	Loss   0.67 (  0.67)	Cls Acc 100.0 (100.0)	Domain Acc 63.9 (63.9)
Epoch: [4][  50/1000]	Time  3.39 ( 1.37)	Data  3.33 ( 1.31)	Loss   0.66 (  0.72)	Cls Acc 100.0 (99.8)	Domain Acc 65.6 (58.9)
Epoch: [4][ 100/1000]	Time  0.36 ( 1.34)	Data  0.29 ( 1.28)	Loss   0.67 (  0.73)	Cls Acc 100.0 (99.9)	Domain Acc 64.5 (58.2)
Epoch: [4][ 150/1000]	Time  0.34 ( 1.37)	Data  0.28 ( 1.30)	Loss   0.80 (  0.72)	Cls Acc 100.0 (99.9)	Domain Acc 45.3 (58.1)
Epoch: [4][ 200/1000]	Time  2.62 ( 1.36)	Data  2.56 ( 1.29)	Loss   0.80 (  0.73)	Cls Acc 99.6 (99.9)	Domain Acc 47.5 (57.6)
Epoch: [4][ 250/1000]	Time  0.36 ( 1.35)	Data  0.30 ( 1.29)	Loss   0.67 (  0.73)	Cls Acc 99.6 (99.9)	Domain Acc 63.9 (57.5)
Epoch: [4][ 300/1000]	Time  0.34 ( 1.35)	Data  0.28 ( 1.29)	Loss   0.77 (  0.73)	Cls Acc 99.6 (99.9)	Domain Acc 48.8 (56.9)
Epoch: [4][ 350/1000]	Time  2.68 ( 1.36)	Data  2.62 ( 1.30)	Loss   0.67 (  0.73)	Cls Acc 100.0 (99.9)	Domain Acc 65.0 (57.0)
Epoch: [4][ 400/1000]	Time  1.94 ( 1.36)	Data  1.88 ( 1.30)	Loss   0.79 (  0.73)	Cls Acc 99.2 (99.9)	Domain Acc 55.5 (57.3)
Epoch: [4][ 450/1000]	Time  0.35 ( 1.36)	Data  0.29 ( 1.29)	Loss   0.76 (  0.73)	Cls Acc 99.2 (99.9)	Domain Acc 54.3 (57.5)
Epoch: [4][ 500/1000]	Time  3.59 ( 1.36)	Data  3.53 ( 1.30)	Loss   0.69 (  0.73)	Cls Acc 100.0 (99.9)	Domain Acc 63.5 (57.5)
Epoch: [4][ 550/1000]	Time  0.34 ( 1.36)	Data  0.28 ( 1.29)	Loss   0.64 (  0.73)	Cls Acc 100.0 (99.9)	Domain Acc 68.9 (57.2)
Epoch: [4][ 600/1000]	Time  0.36 ( 1.36)	Data  0.30 ( 1.30)	Loss   0.77 (  0.73)	Cls Acc 100.0 (99.9)	Domain Acc 53.9 (57.4)
Epoch: [4][ 650/1000]	Time  2.76 ( 1.36)	Data  2.69 ( 1.30)	Loss   0.79 (  0.73)	Cls Acc 99.6 (99.9)	Domain Acc 51.6 (57.5)
Epoch: [4][ 700/1000]	Time  0.36 ( 1.36)	Data  0.30 ( 1.30)	Loss   0.69 (  0.73)	Cls Acc 98.8 (99.9)	Domain Acc 66.0 (57.3)
Epoch: [4][ 750/1000]	Time  0.35 ( 1.36)	Data  0.29 ( 1.30)	Loss   0.78 (  0.73)	Cls Acc 100.0 (99.9)	Domain Acc 47.3 (57.4)
Epoch: [4][ 800/1000]	Time  2.81 ( 1.37)	Data  2.75 ( 1.30)	Loss   0.79 (  0.73)	Cls Acc 99.6 (99.9)	Domain Acc 47.5 (57.5)
Epoch: [4][ 850/1000]	Time  0.37 ( 1.36)	Data  0.30 ( 1.30)	Loss   0.74 (  0.73)	Cls Acc 100.0 (99.9)	Domain Acc 55.1 (57.2)
Epoch: [4][ 900/1000]	Time  0.35 ( 1.37)	Data  0.29 ( 1.30)	Loss   0.71 (  0.73)	Cls Acc 100.0 (99.9)	Domain Acc 57.4 (57.3)
Epoch: [4][ 950/1000]	Time  4.48 ( 1.37)	Data  4.42 ( 1.30)	Loss   0.75 (  0.73)	Cls Acc 100.0 (99.9)	Domain Acc 54.7 (57.4)
Test: [ 0/12]	Time  1.643 ( 1.643)	Loss 7.2992e+00 (7.2992e+00)	Acc@1  12.11 ( 12.11)	Acc@5  32.03 ( 32.03)
 * Acc@1 7.242 Acc@5 30.138
acc1 = 7.2, best_acc1 = 12.9
Epoch: [5][   0/1000]	Time  0.25 ( 0.25)	Data  0.18 ( 0.18)	Loss   0.74 (  0.74)	Cls Acc 99.6 (99.6)	Domain Acc 55.7 (55.7)
Epoch: [5][  50/1000]	Time  0.35 ( 1.31)	Data  0.29 ( 1.25)	Loss   0.71 (  0.74)	Cls Acc 99.2 (99.9)	Domain Acc 62.5 (54.8)
Epoch: [5][ 100/1000]	Time  2.56 ( 1.32)	Data  2.50 ( 1.25)	Loss   0.75 (  0.74)	Cls Acc 99.6 (99.8)	Domain Acc 58.6 (55.9)
Epoch: [5][ 150/1000]	Time  0.35 ( 1.31)	Data  0.29 ( 1.24)	Loss   0.72 (  0.74)	Cls Acc 100.0 (99.9)	Domain Acc 60.5 (55.7)
Epoch: [5][ 200/1000]	Time  0.36 ( 1.30)	Data  0.29 ( 1.24)	Loss   0.73 (  0.74)	Cls Acc 100.0 (99.9)	Domain Acc 55.7 (55.7)
Epoch: [5][ 250/1000]	Time  3.37 ( 1.31)	Data  3.31 ( 1.24)	Loss   0.69 (  0.74)	Cls Acc 100.0 (99.9)	Domain Acc 60.7 (55.4)
Epoch: [5][ 300/1000]	Time  0.34 ( 1.30)	Data  0.28 ( 1.23)	Loss   0.74 (  0.73)	Cls Acc 100.0 (99.9)	Domain Acc 54.9 (56.4)
Epoch: [5][ 350/1000]	Time  0.35 ( 1.30)	Data  0.29 ( 1.24)	Loss   0.67 (  0.73)	Cls Acc 100.0 (99.9)	Domain Acc 64.1 (56.5)
Epoch: [5][ 400/1000]	Time  2.61 ( 1.30)	Data  2.55 ( 1.24)	Loss   0.77 (  0.73)	Cls Acc 100.0 (99.9)	Domain Acc 51.0 (56.9)
Epoch: [5][ 450/1000]	Time  0.35 ( 1.30)	Data  0.28 ( 1.24)	Loss   0.76 (  0.73)	Cls Acc 100.0 (99.9)	Domain Acc 51.4 (56.7)
Epoch: [5][ 500/1000]	Time  1.88 ( 1.30)	Data  1.82 ( 1.24)	Loss   0.73 (  0.73)	Cls Acc 100.0 (99.9)	Domain Acc 60.4 (56.8)
Epoch: [5][ 550/1000]	Time  2.64 ( 1.30)	Data  2.57 ( 1.24)	Loss   0.70 (  0.73)	Cls Acc 100.0 (99.9)	Domain Acc 59.8 (57.0)
Epoch: [5][ 600/1000]	Time  0.36 ( 1.30)	Data  0.29 ( 1.24)	Loss   0.69 (  0.73)	Cls Acc 100.0 (99.9)	Domain Acc 61.7 (57.0)
Epoch: [5][ 650/1000]	Time  0.33 ( 1.30)	Data  0.27 ( 1.24)	Loss   0.76 (  0.73)	Cls Acc 99.6 (99.9)	Domain Acc 52.7 (57.2)
Epoch: [5][ 700/1000]	Time  3.17 ( 1.31)	Data  3.11 ( 1.24)	Loss   0.67 (  0.73)	Cls Acc 100.0 (99.9)	Domain Acc 62.1 (57.5)
Epoch: [5][ 750/1000]	Time  0.34 ( 1.30)	Data  0.28 ( 1.24)	Loss   0.79 (  0.73)	Cls Acc 100.0 (99.9)	Domain Acc 49.8 (57.4)
Epoch: [5][ 800/1000]	Time  0.33 ( 1.30)	Data  0.27 ( 1.24)	Loss   0.69 (  0.72)	Cls Acc 100.0 (99.9)	Domain Acc 59.2 (57.4)
Epoch: [5][ 850/1000]	Time  2.59 ( 1.30)	Data  2.53 ( 1.24)	Loss   0.73 (  0.72)	Cls Acc 100.0 (99.9)	Domain Acc 52.5 (57.6)
Epoch: [5][ 900/1000]	Time  0.35 ( 1.30)	Data  0.29 ( 1.24)	Loss   0.71 (  0.72)	Cls Acc 100.0 (99.9)	Domain Acc 63.5 (57.6)
Epoch: [5][ 950/1000]	Time  0.33 ( 1.30)	Data  0.27 ( 1.24)	Loss   0.68 (  0.72)	Cls Acc 100.0 (99.9)	Domain Acc 68.2 (57.6)
Test: [ 0/12]	Time  1.667 ( 1.667)	Loss 5.0925e+00 (5.0925e+00)	Acc@1  19.53 ( 19.53)	Acc@5  50.39 ( 50.39)
 * Acc@1 10.579 Acc@5 35.712
acc1 = 10.6, best_acc1 = 12.9
Epoch: [6][   0/1000]	Time  2.58 ( 2.58)	Data  2.51 ( 2.51)	Loss   0.86 (  0.86)	Cls Acc 99.2 (99.2)	Domain Acc 43.4 (43.4)
Epoch: [6][  50/1000]	Time  1.91 ( 1.32)	Data  1.85 ( 1.26)	Loss   0.69 (  0.73)	Cls Acc 100.0 (99.9)	Domain Acc 65.6 (56.8)
Epoch: [6][ 100/1000]	Time  0.35 ( 1.33)	Data  0.28 ( 1.26)	Loss   0.73 (  0.73)	Cls Acc 100.0 (99.9)	Domain Acc 56.1 (55.6)
Epoch: [6][ 150/1000]	Time  3.17 ( 1.33)	Data  3.11 ( 1.27)	Loss   0.72 (  0.72)	Cls Acc 100.0 (99.9)	Domain Acc 56.8 (57.6)
Epoch: [6][ 200/1000]	Time  0.35 ( 1.31)	Data  0.28 ( 1.25)	Loss   0.69 (  0.71)	Cls Acc 100.0 (99.9)	Domain Acc 58.6 (58.0)
Epoch: [6][ 250/1000]	Time  0.33 ( 1.32)	Data  0.27 ( 1.26)	Loss   0.72 (  0.71)	Cls Acc 100.0 (99.9)	Domain Acc 55.1 (57.9)
Epoch: [6][ 300/1000]	Time  2.57 ( 1.32)	Data  2.50 ( 1.25)	Loss   0.74 (  0.71)	Cls Acc 99.6 (99.9)	Domain Acc 56.1 (58.1)
Epoch: [6][ 350/1000]	Time  0.35 ( 1.32)	Data  0.29 ( 1.25)	Loss   0.67 (  0.71)	Cls Acc 100.0 (99.9)	Domain Acc 64.5 (58.4)
Epoch: [6][ 400/1000]	Time  0.35 ( 1.31)	Data  0.29 ( 1.25)	Loss   0.74 (  0.71)	Cls Acc 99.6 (99.9)	Domain Acc 54.5 (58.7)
Epoch: [6][ 450/1000]	Time  2.78 ( 1.32)	Data  2.72 ( 1.25)	Loss   0.68 (  0.71)	Cls Acc 100.0 (99.9)	Domain Acc 63.9 (58.5)
Epoch: [6][ 500/1000]	Time  0.35 ( 1.31)	Data  0.29 ( 1.25)	Loss   0.71 (  0.71)	Cls Acc 100.0 (99.9)	Domain Acc 60.5 (58.3)
Epoch: [6][ 550/1000]	Time  0.36 ( 1.31)	Data  0.29 ( 1.25)	Loss   0.73 (  0.71)	Cls Acc 100.0 (99.9)	Domain Acc 54.1 (58.2)
Epoch: [6][ 600/1000]	Time  4.41 ( 1.32)	Data  4.34 ( 1.26)	Loss   0.69 (  0.71)	Cls Acc 100.0 (99.9)	Domain Acc 61.5 (58.2)
Epoch: [6][ 650/1000]	Time  0.35 ( 1.32)	Data  0.29 ( 1.26)	Loss   0.68 (  0.71)	Cls Acc 100.0 (99.9)	Domain Acc 62.5 (58.3)
Epoch: [6][ 700/1000]	Time  0.36 ( 1.32)	Data  0.29 ( 1.26)	Loss   0.70 (  0.71)	Cls Acc 100.0 (99.9)	Domain Acc 59.8 (58.5)
Epoch: [6][ 750/1000]	Time  2.63 ( 1.32)	Data  2.57 ( 1.26)	Loss   0.66 (  0.70)	Cls Acc 100.0 (100.0)	Domain Acc 66.4 (58.6)
Epoch: [6][ 800/1000]	Time  0.36 ( 1.32)	Data  0.30 ( 1.26)	Loss   0.76 (  0.70)	Cls Acc 100.0 (100.0)	Domain Acc 49.8 (58.7)
Epoch: [6][ 850/1000]	Time  0.35 ( 1.33)	Data  0.29 ( 1.26)	Loss   0.67 (  0.70)	Cls Acc 100.0 (100.0)	Domain Acc 66.2 (58.7)
Epoch: [6][ 900/1000]	Time  3.64 ( 1.33)	Data  3.58 ( 1.27)	Loss   0.72 (  0.70)	Cls Acc 100.0 (100.0)	Domain Acc 54.7 (58.7)
Epoch: [6][ 950/1000]	Time  0.37 ( 1.33)	Data  0.30 ( 1.27)	Loss   0.77 (  0.70)	Cls Acc 100.0 (100.0)	Domain Acc 49.6 (58.7)
Test: [ 0/12]	Time  1.761 ( 1.761)	Loss 6.2121e+00 (6.2121e+00)	Acc@1  27.34 ( 27.34)	Acc@5  48.44 ( 48.44)
 * Acc@1 10.863 Acc@5 34.150
acc1 = 10.9, best_acc1 = 12.9
Epoch: [7][   0/1000]	Time  0.26 ( 0.26)	Data  0.20 ( 0.20)	Loss   0.67 (  0.67)	Cls Acc 100.0 (100.0)	Domain Acc 64.1 (64.1)
Epoch: [7][  50/1000]	Time  2.64 ( 1.32)	Data  2.58 ( 1.25)	Loss   0.66 (  0.70)	Cls Acc 100.0 (100.0)	Domain Acc 61.9 (59.7)
Epoch: [7][ 100/1000]	Time  0.35 ( 1.33)	Data  0.29 ( 1.27)	Loss   0.71 (  0.70)	Cls Acc 100.0 (99.9)	Domain Acc 56.4 (58.8)
Epoch: [7][ 150/1000]	Time  2.05 ( 1.35)	Data  1.99 ( 1.29)	Loss   0.67 (  0.71)	Cls Acc 100.0 (99.9)	Domain Acc 63.7 (58.2)
Epoch: [7][ 200/1000]	Time  2.71 ( 1.36)	Data  2.65 ( 1.29)	Loss   0.71 (  0.71)	Cls Acc 100.0 (99.9)	Domain Acc 59.4 (58.4)
Epoch: [7][ 250/1000]	Time  0.36 ( 1.36)	Data  0.30 ( 1.29)	Loss   0.73 (  0.72)	Cls Acc 100.0 (99.9)	Domain Acc 59.0 (58.2)
Epoch: [7][ 300/1000]	Time  0.33 ( 1.36)	Data  0.27 ( 1.29)	Loss   0.70 (  0.72)	Cls Acc 100.0 (99.9)	Domain Acc 60.4 (58.2)
Epoch: [7][ 350/1000]	Time  3.62 ( 1.37)	Data  3.55 ( 1.30)	Loss   0.70 (  0.71)	Cls Acc 100.0 (99.9)	Domain Acc 59.2 (58.3)
Epoch: [7][ 400/1000]	Time  0.34 ( 1.36)	Data  0.28 ( 1.30)	Loss   0.72 (  0.71)	Cls Acc 100.0 (99.9)	Domain Acc 56.1 (58.2)
Epoch: [7][ 450/1000]	Time  0.36 ( 1.36)	Data  0.30 ( 1.30)	Loss   0.69 (  0.71)	Cls Acc 100.0 (99.9)	Domain Acc 58.4 (58.7)
Epoch: [7][ 500/1000]	Time  2.65 ( 1.36)	Data  2.58 ( 1.30)	Loss   0.69 (  0.71)	Cls Acc 100.0 (100.0)	Domain Acc 59.8 (58.7)
Epoch: [7][ 550/1000]	Time  0.36 ( 1.36)	Data  0.29 ( 1.30)	Loss   0.71 (  0.71)	Cls Acc 100.0 (100.0)	Domain Acc 57.6 (58.6)
Epoch: [7][ 600/1000]	Time  0.35 ( 1.36)	Data  0.29 ( 1.30)	Loss   0.70 (  0.71)	Cls Acc 100.0 (100.0)	Domain Acc 55.1 (58.6)
Epoch: [7][ 650/1000]	Time  2.79 ( 1.36)	Data  2.72 ( 1.30)	Loss   0.71 (  0.71)	Cls Acc 100.0 (100.0)	Domain Acc 59.8 (58.9)
Epoch: [7][ 700/1000]	Time  2.01 ( 1.36)	Data  1.94 ( 1.30)	Loss   0.67 (  0.71)	Cls Acc 100.0 (99.9)	Domain Acc 63.5 (58.8)
Epoch: [7][ 750/1000]	Time  0.33 ( 1.37)	Data  0.27 ( 1.30)	Loss   0.69 (  0.71)	Cls Acc 100.0 (100.0)	Domain Acc 63.7 (59.0)
Epoch: [7][ 800/1000]	Time  3.53 ( 1.37)	Data  3.47 ( 1.31)	Loss   0.74 (  0.71)	Cls Acc 100.0 (100.0)	Domain Acc 52.1 (59.1)
Epoch: [7][ 850/1000]	Time  0.35 ( 1.37)	Data  0.29 ( 1.30)	Loss   0.68 (  0.71)	Cls Acc 100.0 (100.0)	Domain Acc 58.6 (59.1)
Epoch: [7][ 900/1000]	Time  0.34 ( 1.37)	Data  0.27 ( 1.31)	Loss   0.74 (  0.71)	Cls Acc 100.0 (100.0)	Domain Acc 55.7 (59.0)
Epoch: [7][ 950/1000]	Time  2.60 ( 1.37)	Data  2.54 ( 1.31)	Loss   0.71 (  0.71)	Cls Acc 100.0 (100.0)	Domain Acc 57.6 (59.1)
Test: [ 0/12]	Time  2.110 ( 2.110)	Loss 6.0589e+00 (6.0589e+00)	Acc@1  25.78 ( 25.78)	Acc@5  44.92 ( 44.92)
 * Acc@1 11.999 Acc@5 32.552
acc1 = 12.0, best_acc1 = 12.9
Epoch: [8][   0/1000]	Time  0.27 ( 0.27)	Data  0.21 ( 0.21)	Loss   0.74 (  0.74)	Cls Acc 100.0 (100.0)	Domain Acc 56.8 (56.8)
Epoch: [8][  50/1000]	Time  0.34 ( 1.34)	Data  0.28 ( 1.27)	Loss   0.73 (  0.74)	Cls Acc 100.0 (99.9)	Domain Acc 56.6 (55.4)
Epoch: [8][ 100/1000]	Time  2.77 ( 1.35)	Data  2.71 ( 1.28)	Loss   0.75 (  0.73)	Cls Acc 99.6 (99.9)	Domain Acc 54.7 (55.5)
Epoch: [8][ 150/1000]	Time  0.35 ( 1.32)	Data  0.29 ( 1.26)	Loss   0.68 (  0.72)	Cls Acc 100.0 (99.9)	Domain Acc 62.5 (57.6)
Epoch: [8][ 200/1000]	Time  0.37 ( 1.34)	Data  0.31 ( 1.28)	Loss   0.67 (  0.71)	Cls Acc 100.0 (99.9)	Domain Acc 61.3 (58.3)
Epoch: [8][ 250/1000]	Time  4.33 ( 1.35)	Data  4.26 ( 1.28)	Loss   0.71 (  0.71)	Cls Acc 100.0 (99.9)	Domain Acc 58.0 (58.2)
Epoch: [8][ 300/1000]	Time  0.37 ( 1.34)	Data  0.30 ( 1.28)	Loss   0.69 (  0.71)	Cls Acc 99.6 (99.9)	Domain Acc 62.9 (58.2)
Epoch: [8][ 350/1000]	Time  0.37 ( 1.35)	Data  0.31 ( 1.28)	Loss   0.74 (  0.71)	Cls Acc 100.0 (99.9)	Domain Acc 51.8 (58.7)
Epoch: [8][ 400/1000]	Time  2.65 ( 1.35)	Data  2.58 ( 1.28)	Loss   0.69 (  0.71)	Cls Acc 100.0 (99.9)	Domain Acc 60.7 (58.7)
Epoch: [8][ 450/1000]	Time  0.35 ( 1.35)	Data  0.29 ( 1.28)	Loss   0.70 (  0.71)	Cls Acc 100.0 (99.9)	Domain Acc 59.2 (58.9)
Epoch: [8][ 500/1000]	Time  0.36 ( 1.35)	Data  0.30 ( 1.29)	Loss   0.70 (  0.71)	Cls Acc 100.0 (99.9)	Domain Acc 60.0 (58.9)
Epoch: [8][ 550/1000]	Time  3.38 ( 1.35)	Data  3.32 ( 1.29)	Loss   0.67 (  0.70)	Cls Acc 99.6 (99.9)	Domain Acc 61.7 (59.1)
Epoch: [8][ 600/1000]	Time  0.37 ( 1.35)	Data  0.31 ( 1.29)	Loss   0.72 (  0.71)	Cls Acc 100.0 (99.9)	Domain Acc 57.0 (58.7)
Epoch: [8][ 650/1000]	Time  0.37 ( 1.36)	Data  0.31 ( 1.29)	Loss   0.70 (  0.71)	Cls Acc 100.0 (99.9)	Domain Acc 58.8 (58.8)
Epoch: [8][ 700/1000]	Time  2.82 ( 1.36)	Data  2.76 ( 1.29)	Loss   0.73 (  0.71)	Cls Acc 100.0 (99.9)	Domain Acc 56.1 (58.9)
Epoch: [8][ 750/1000]	Time  0.36 ( 1.36)	Data  0.30 ( 1.29)	Loss   0.70 (  0.71)	Cls Acc 100.0 (99.9)	Domain Acc 56.8 (58.8)
Epoch: [8][ 800/1000]	Time  1.97 ( 1.36)	Data  1.90 ( 1.30)	Loss   0.72 (  0.71)	Cls Acc 100.0 (99.9)	Domain Acc 57.0 (58.7)
Epoch: [8][ 850/1000]	Time  2.71 ( 1.36)	Data  2.65 ( 1.30)	Loss   0.70 (  0.71)	Cls Acc 100.0 (99.9)	Domain Acc 58.2 (58.8)
Epoch: [8][ 900/1000]	Time  0.35 ( 1.36)	Data  0.29 ( 1.30)	Loss   0.67 (  0.71)	Cls Acc 100.0 (99.9)	Domain Acc 65.6 (58.8)
Epoch: [8][ 950/1000]	Time  0.35 ( 1.36)	Data  0.28 ( 1.30)	Loss   0.71 (  0.70)	Cls Acc 100.0 (99.9)	Domain Acc 55.3 (58.9)
Test: [ 0/12]	Time  2.838 ( 2.838)	Loss 5.6562e+00 (5.6562e+00)	Acc@1  25.39 ( 25.39)	Acc@5  48.44 ( 48.44)
 * Acc@1 12.034 Acc@5 35.747
acc1 = 12.0, best_acc1 = 12.9
Epoch: [9][   0/1000]	Time  2.70 ( 2.70)	Data  2.63 ( 2.63)	Loss   0.68 (  0.68)	Cls Acc 100.0 (100.0)	Domain Acc 61.7 (61.7)
Epoch: [9][  50/1000]	Time  0.35 ( 1.33)	Data  0.29 ( 1.27)	Loss   0.73 (  0.73)	Cls Acc 100.0 (100.0)	Domain Acc 56.2 (53.8)
Epoch: [9][ 100/1000]	Time  0.37 ( 1.38)	Data  0.31 ( 1.31)	Loss   0.68 (  0.70)	Cls Acc 100.0 (100.0)	Domain Acc 62.9 (58.5)
Epoch: [9][ 150/1000]	Time  2.65 ( 1.35)	Data  2.59 ( 1.29)	Loss   0.70 (  0.71)	Cls Acc 100.0 (100.0)	Domain Acc 61.7 (57.2)
Epoch: [9][ 200/1000]	Time  0.35 ( 1.34)	Data  0.29 ( 1.27)	Loss   0.73 (  0.71)	Cls Acc 100.0 (100.0)	Domain Acc 54.1 (57.1)
Epoch: [9][ 250/1000]	Time  0.34 ( 1.33)	Data  0.28 ( 1.27)	Loss   0.70 (  0.71)	Cls Acc 100.0 (100.0)	Domain Acc 61.1 (57.4)
Epoch: [9][ 300/1000]	Time  2.70 ( 1.33)	Data  2.64 ( 1.27)	Loss   0.71 (  0.71)	Cls Acc 100.0 (100.0)	Domain Acc 53.9 (57.4)
Epoch: [9][ 350/1000]	Time  1.86 ( 1.32)	Data  1.80 ( 1.26)	Loss   0.73 (  0.71)	Cls Acc 100.0 (100.0)	Domain Acc 56.2 (57.4)
Epoch: [9][ 400/1000]	Time  0.33 ( 1.32)	Data  0.27 ( 1.26)	Loss   0.69 (  0.71)	Cls Acc 100.0 (100.0)	Domain Acc 59.0 (57.9)
Epoch: [9][ 450/1000]	Time  3.33 ( 1.32)	Data  3.27 ( 1.26)	Loss   0.72 (  0.71)	Cls Acc 100.0 (100.0)	Domain Acc 54.9 (58.1)
Epoch: [9][ 500/1000]	Time  0.33 ( 1.32)	Data  0.26 ( 1.25)	Loss   0.69 (  0.71)	Cls Acc 100.0 (100.0)	Domain Acc 62.3 (58.3)
Epoch: [9][ 550/1000]	Time  0.33 ( 1.32)	Data  0.26 ( 1.26)	Loss   0.71 (  0.71)	Cls Acc 100.0 (100.0)	Domain Acc 55.3 (58.3)
Epoch: [9][ 600/1000]	Time  2.70 ( 1.32)	Data  2.63 ( 1.26)	Loss   0.69 (  0.70)	Cls Acc 99.6 (100.0)	Domain Acc 64.6 (58.5)
Epoch: [9][ 650/1000]	Time  0.35 ( 1.32)	Data  0.28 ( 1.26)	Loss   0.71 (  0.70)	Cls Acc 100.0 (100.0)	Domain Acc 56.8 (58.5)
Epoch: [9][ 700/1000]	Time  0.34 ( 1.32)	Data  0.28 ( 1.26)	Loss   0.68 (  0.70)	Cls Acc 100.0 (100.0)	Domain Acc 64.8 (58.6)
Epoch: [9][ 750/1000]	Time  2.74 ( 1.32)	Data  2.67 ( 1.26)	Loss   0.74 (  0.71)	Cls Acc 100.0 (100.0)	Domain Acc 53.5 (58.4)
Epoch: [9][ 800/1000]	Time  0.35 ( 1.32)	Data  0.29 ( 1.25)	Loss   0.69 (  0.70)	Cls Acc 100.0 (100.0)	Domain Acc 59.4 (58.6)
Epoch: [9][ 850/1000]	Time  0.34 ( 1.32)	Data  0.28 ( 1.25)	Loss   0.65 (  0.70)	Cls Acc 100.0 (100.0)	Domain Acc 66.6 (58.7)
Epoch: [9][ 900/1000]	Time  4.23 ( 1.32)	Data  4.17 ( 1.26)	Loss   0.68 (  0.70)	Cls Acc 100.0 (100.0)	Domain Acc 64.6 (58.7)
Epoch: [9][ 950/1000]	Time  0.34 ( 1.32)	Data  0.28 ( 1.25)	Loss   0.72 (  0.70)	Cls Acc 100.0 (100.0)	Domain Acc 57.8 (58.8)
Test: [ 0/12]	Time  2.722 ( 2.722)	Loss 5.5304e+00 (5.5304e+00)	Acc@1  30.08 ( 30.08)	Acc@5  52.34 ( 52.34)
 * Acc@1 13.099 Acc@5 37.735
acc1 = 13.1, best_acc1 = 13.1
Epoch: [10][   0/1000]	Time  0.23 ( 0.23)	Data  0.17 ( 0.17)	Loss   0.72 (  0.72)	Cls Acc 100.0 (100.0)	Domain Acc 58.2 (58.2)
Epoch: [10][  50/1000]	Time  2.54 ( 1.28)	Data  2.48 ( 1.22)	Loss   0.70 (  0.68)	Cls Acc 100.0 (100.0)	Domain Acc 59.0 (62.2)
Epoch: [10][ 100/1000]	Time  0.36 ( 1.28)	Data  0.30 ( 1.21)	Loss   0.69 (  0.70)	Cls Acc 100.0 (100.0)	Domain Acc 59.4 (59.9)
Epoch: [10][ 150/1000]	Time  0.34 ( 1.29)	Data  0.28 ( 1.23)	Loss   0.73 (  0.70)	Cls Acc 100.0 (100.0)	Domain Acc 55.7 (58.8)
Epoch: [10][ 200/1000]	Time  3.20 ( 1.31)	Data  3.14 ( 1.24)	Loss   0.68 (  0.70)	Cls Acc 100.0 (100.0)	Domain Acc 61.3 (59.3)
Epoch: [10][ 250/1000]	Time  0.35 ( 1.30)	Data  0.29 ( 1.23)	Loss   0.71 (  0.70)	Cls Acc 100.0 (100.0)	Domain Acc 59.6 (59.1)
Epoch: [10][ 300/1000]	Time  0.35 ( 1.31)	Data  0.29 ( 1.24)	Loss   0.72 (  0.70)	Cls Acc 100.0 (100.0)	Domain Acc 59.2 (59.1)
Epoch: [10][ 350/1000]	Time  2.61 ( 1.30)	Data  2.55 ( 1.24)	Loss   0.74 (  0.70)	Cls Acc 100.0 (100.0)	Domain Acc 50.8 (59.2)
Epoch: [10][ 400/1000]	Time  0.35 ( 1.31)	Data  0.28 ( 1.24)	Loss   0.67 (  0.70)	Cls Acc 100.0 (100.0)	Domain Acc 67.0 (58.9)
Epoch: [10][ 450/1000]	Time  1.97 ( 1.31)	Data  1.90 ( 1.25)	Loss   0.76 (  0.70)	Cls Acc 100.0 (100.0)	Domain Acc 49.6 (58.9)
Epoch: [10][ 500/1000]	Time  2.53 ( 1.31)	Data  2.47 ( 1.25)	Loss   0.71 (  0.70)	Cls Acc 100.0 (100.0)	Domain Acc 56.8 (59.1)
Epoch: [10][ 550/1000]	Time  0.33 ( 1.31)	Data  0.27 ( 1.24)	Loss   0.66 (  0.71)	Cls Acc 100.0 (100.0)	Domain Acc 64.1 (58.6)
Epoch: [10][ 600/1000]	Time  0.33 ( 1.31)	Data  0.27 ( 1.24)	Loss   0.72 (  0.70)	Cls Acc 100.0 (100.0)	Domain Acc 56.4 (58.9)
Epoch: [10][ 650/1000]	Time  3.27 ( 1.31)	Data  3.20 ( 1.25)	Loss   0.69 (  0.70)	Cls Acc 100.0 (100.0)	Domain Acc 59.8 (58.8)
Epoch: [10][ 700/1000]	Time  0.34 ( 1.31)	Data  0.28 ( 1.24)	Loss   0.71 (  0.70)	Cls Acc 100.0 (100.0)	Domain Acc 57.8 (58.8)
Epoch: [10][ 750/1000]	Time  0.34 ( 1.31)	Data  0.28 ( 1.25)	Loss   0.70 (  0.70)	Cls Acc 100.0 (100.0)	Domain Acc 60.5 (58.7)
Epoch: [10][ 800/1000]	Time  2.63 ( 1.31)	Data  2.57 ( 1.25)	Loss   0.68 (  0.70)	Cls Acc 100.0 (100.0)	Domain Acc 63.9 (58.6)
Epoch: [10][ 850/1000]	Time  0.34 ( 1.31)	Data  0.28 ( 1.25)	Loss   0.73 (  0.70)	Cls Acc 100.0 (100.0)	Domain Acc 52.3 (58.6)
Epoch: [10][ 900/1000]	Time  0.34 ( 1.31)	Data  0.28 ( 1.25)	Loss   0.67 (  0.70)	Cls Acc 100.0 (100.0)	Domain Acc 61.1 (58.6)
Epoch: [10][ 950/1000]	Time  2.78 ( 1.31)	Data  2.72 ( 1.25)	Loss   0.76 (  0.70)	Cls Acc 100.0 (100.0)	Domain Acc 44.7 (58.6)
Test: [ 0/12]	Time  1.735 ( 1.735)	Loss 4.8683e+00 (4.8683e+00)	Acc@1  30.47 ( 30.47)	Acc@5  51.95 ( 51.95)
 * Acc@1 12.318 Acc@5 34.363
acc1 = 12.3, best_acc1 = 13.1
Epoch: [11][   0/1000]	Time  2.00 ( 2.00)	Data  1.94 ( 1.94)	Loss   0.68 (  0.68)	Cls Acc 100.0 (100.0)	Domain Acc 59.2 (59.2)
Epoch: [11][  50/1000]	Time  0.33 ( 1.36)	Data  0.26 ( 1.29)	Loss   0.71 (  0.70)	Cls Acc 100.0 (100.0)	Domain Acc 57.6 (58.9)
Epoch: [11][ 100/1000]	Time  3.21 ( 1.37)	Data  3.14 ( 1.31)	Loss   0.68 (  0.70)	Cls Acc 100.0 (100.0)	Domain Acc 64.1 (59.1)
Epoch: [11][ 150/1000]	Time  0.32 ( 1.35)	Data  0.26 ( 1.29)	Loss   0.73 (  0.70)	Cls Acc 100.0 (100.0)	Domain Acc 52.0 (59.1)
Epoch: [11][ 200/1000]	Time  0.34 ( 1.36)	Data  0.28 ( 1.30)	Loss   0.68 (  0.70)	Cls Acc 100.0 (100.0)	Domain Acc 60.4 (59.3)
Epoch: [11][ 250/1000]	Time  2.68 ( 1.35)	Data  2.62 ( 1.29)	Loss   0.67 (  0.69)	Cls Acc 100.0 (100.0)	Domain Acc 63.7 (59.8)
Epoch: [11][ 300/1000]	Time  0.35 ( 1.35)	Data  0.28 ( 1.28)	Loss   0.69 (  0.70)	Cls Acc 100.0 (100.0)	Domain Acc 60.0 (59.6)
Epoch: [11][ 350/1000]	Time  0.34 ( 1.34)	Data  0.28 ( 1.28)	Loss   0.70 (  0.69)	Cls Acc 100.0 (100.0)	Domain Acc 56.8 (60.1)
Epoch: [11][ 400/1000]	Time  2.77 ( 1.35)	Data  2.70 ( 1.28)	Loss   0.67 (  0.69)	Cls Acc 100.0 (100.0)	Domain Acc 62.7 (59.8)
Epoch: [11][ 450/1000]	Time  0.35 ( 1.34)	Data  0.28 ( 1.27)	Loss   0.67 (  0.69)	Cls Acc 100.0 (100.0)	Domain Acc 66.2 (60.0)
Epoch: [11][ 500/1000]	Time  0.34 ( 1.34)	Data  0.28 ( 1.28)	Loss   0.71 (  0.69)	Cls Acc 100.0 (100.0)	Domain Acc 60.9 (60.2)
Epoch: [11][ 550/1000]	Time  4.35 ( 1.35)	Data  4.29 ( 1.28)	Loss   0.72 (  0.69)	Cls Acc 100.0 (100.0)	Domain Acc 57.8 (60.1)
Epoch: [11][ 600/1000]	Time  0.34 ( 1.34)	Data  0.28 ( 1.28)	Loss   0.72 (  0.69)	Cls Acc 100.0 (100.0)	Domain Acc 57.4 (59.9)
Epoch: [11][ 650/1000]	Time  0.38 ( 1.34)	Data  0.32 ( 1.28)	Loss   0.70 (  0.69)	Cls Acc 100.0 (100.0)	Domain Acc 55.5 (59.8)
Epoch: [11][ 700/1000]	Time  2.59 ( 1.34)	Data  2.52 ( 1.28)	Loss   0.74 (  0.70)	Cls Acc 100.0 (100.0)	Domain Acc 52.3 (59.6)
Epoch: [11][ 750/1000]	Time  0.33 ( 1.34)	Data  0.27 ( 1.28)	Loss   0.71 (  0.70)	Cls Acc 100.0 (100.0)	Domain Acc 55.1 (59.5)
Epoch: [11][ 800/1000]	Time  0.34 ( 1.34)	Data  0.28 ( 1.28)	Loss   0.67 (  0.70)	Cls Acc 100.0 (100.0)	Domain Acc 60.4 (59.5)
Epoch: [11][ 850/1000]	Time  3.40 ( 1.34)	Data  3.34 ( 1.28)	Loss   0.71 (  0.70)	Cls Acc 100.0 (100.0)	Domain Acc 54.7 (59.3)
Epoch: [11][ 900/1000]	Time  0.35 ( 1.34)	Data  0.28 ( 1.27)	Loss   0.69 (  0.70)	Cls Acc 100.0 (100.0)	Domain Acc 62.7 (59.5)
Epoch: [11][ 950/1000]	Time  0.35 ( 1.34)	Data  0.29 ( 1.27)	Loss   0.71 (  0.70)	Cls Acc 100.0 (100.0)	Domain Acc 55.7 (59.3)
Test: [ 0/12]	Time  1.675 ( 1.675)	Loss 5.6469e+00 (5.6469e+00)	Acc@1  28.91 ( 28.91)	Acc@5  52.34 ( 52.34)
 * Acc@1 11.431 Acc@5 33.440
acc1 = 11.4, best_acc1 = 13.1
Epoch: [12][   0/1000]	Time  2.66 ( 2.66)	Data  2.59 ( 2.59)	Loss   0.73 (  0.73)	Cls Acc 100.0 (100.0)	Domain Acc 57.6 (57.6)
Epoch: [12][  50/1000]	Time  0.34 ( 1.34)	Data  0.28 ( 1.27)	Loss   0.69 (  0.71)	Cls Acc 100.0 (100.0)	Domain Acc 59.2 (56.9)
Epoch: [12][ 100/1000]	Time  1.88 ( 1.34)	Data  1.81 ( 1.27)	Loss   0.69 (  0.70)	Cls Acc 100.0 (100.0)	Domain Acc 59.8 (59.1)
Epoch: [12][ 150/1000]	Time  2.70 ( 1.33)	Data  2.64 ( 1.27)	Loss   0.72 (  0.70)	Cls Acc 100.0 (100.0)	Domain Acc 56.6 (57.8)
Epoch: [12][ 200/1000]	Time  0.38 ( 1.32)	Data  0.32 ( 1.26)	Loss   0.71 (  0.70)	Cls Acc 100.0 (100.0)	Domain Acc 56.6 (58.2)
Epoch: [12][ 250/1000]	Time  0.33 ( 1.32)	Data  0.27 ( 1.25)	Loss   0.69 (  0.70)	Cls Acc 100.0 (100.0)	Domain Acc 60.9 (57.8)
Epoch: [12][ 300/1000]	Time  3.32 ( 1.32)	Data  3.26 ( 1.26)	Loss   0.69 (  0.71)	Cls Acc 100.0 (100.0)	Domain Acc 63.7 (57.9)
Epoch: [12][ 350/1000]	Time  0.34 ( 1.31)	Data  0.28 ( 1.25)	Loss   0.69 (  0.70)	Cls Acc 100.0 (100.0)	Domain Acc 61.1 (58.4)
Epoch: [12][ 400/1000]	Time  0.34 ( 1.32)	Data  0.27 ( 1.25)	Loss   0.65 (  0.70)	Cls Acc 100.0 (100.0)	Domain Acc 69.7 (58.7)
Epoch: [12][ 450/1000]	Time  2.57 ( 1.31)	Data  2.51 ( 1.25)	Loss   0.71 (  0.70)	Cls Acc 100.0 (100.0)	Domain Acc 57.6 (58.4)
Epoch: [12][ 500/1000]	Time  0.35 ( 1.31)	Data  0.29 ( 1.25)	Loss   0.69 (  0.70)	Cls Acc 100.0 (100.0)	Domain Acc 56.2 (58.6)
Epoch: [12][ 550/1000]	Time  0.34 ( 1.31)	Data  0.28 ( 1.25)	Loss   0.67 (  0.70)	Cls Acc 100.0 (100.0)	Domain Acc 63.1 (58.7)
Epoch: [12][ 600/1000]	Time  2.63 ( 1.31)	Data  2.57 ( 1.25)	Loss   0.70 (  0.70)	Cls Acc 99.6 (100.0)	Domain Acc 60.9 (58.8)
Epoch: [12][ 650/1000]	Time  1.88 ( 1.31)	Data  1.82 ( 1.25)	Loss   0.70 (  0.70)	Cls Acc 100.0 (100.0)	Domain Acc 60.0 (58.9)
Epoch: [12][ 700/1000]	Time  0.34 ( 1.31)	Data  0.28 ( 1.25)	Loss   0.70 (  0.70)	Cls Acc 100.0 (100.0)	Domain Acc 57.8 (58.9)
Epoch: [12][ 750/1000]	Time  3.08 ( 1.31)	Data  3.02 ( 1.25)	Loss   0.69 (  0.70)	Cls Acc 99.6 (100.0)	Domain Acc 61.7 (58.9)
Epoch: [12][ 800/1000]	Time  0.33 ( 1.31)	Data  0.27 ( 1.25)	Loss   0.70 (  0.70)	Cls Acc 100.0 (100.0)	Domain Acc 56.4 (58.9)
Epoch: [12][ 850/1000]	Time  0.35 ( 1.31)	Data  0.29 ( 1.25)	Loss   0.67 (  0.70)	Cls Acc 100.0 (100.0)	Domain Acc 59.4 (59.0)
Epoch: [12][ 900/1000]	Time  2.66 ( 1.31)	Data  2.60 ( 1.25)	Loss   0.69 (  0.70)	Cls Acc 100.0 (100.0)	Domain Acc 60.4 (59.0)
Epoch: [12][ 950/1000]	Time  0.35 ( 1.31)	Data  0.28 ( 1.25)	Loss   0.70 (  0.70)	Cls Acc 100.0 (100.0)	Domain Acc 58.0 (59.0)
Test: [ 0/12]	Time  1.618 ( 1.618)	Loss 5.9951e+00 (5.9951e+00)	Acc@1  30.08 ( 30.08)	Acc@5  48.83 ( 48.83)
 * Acc@1 12.673 Acc@5 34.327
acc1 = 12.7, best_acc1 = 13.1
Epoch: [13][   0/1000]	Time  0.24 ( 0.24)	Data  0.18 ( 0.18)	Loss   0.71 (  0.71)	Cls Acc 100.0 (100.0)	Domain Acc 55.7 (55.7)
Epoch: [13][  50/1000]	Time  2.72 ( 1.33)	Data  2.66 ( 1.27)	Loss   0.69 (  0.70)	Cls Acc 100.0 (100.0)	Domain Acc 61.9 (59.0)
Epoch: [13][ 100/1000]	Time  0.35 ( 1.30)	Data  0.28 ( 1.23)	Loss   0.69 (  0.70)	Cls Acc 100.0 (100.0)	Domain Acc 61.3 (60.0)
Epoch: [13][ 150/1000]	Time  0.34 ( 1.31)	Data  0.28 ( 1.25)	Loss   0.69 (  0.69)	Cls Acc 100.0 (100.0)	Domain Acc 59.4 (61.1)
Epoch: [13][ 200/1000]	Time  4.39 ( 1.32)	Data  4.32 ( 1.25)	Loss   0.72 (  0.70)	Cls Acc 100.0 (100.0)	Domain Acc 54.9 (59.2)
Epoch: [13][ 250/1000]	Time  0.35 ( 1.31)	Data  0.28 ( 1.24)	Loss   0.71 (  0.70)	Cls Acc 100.0 (100.0)	Domain Acc 56.2 (59.4)
Epoch: [13][ 300/1000]	Time  0.34 ( 1.31)	Data  0.27 ( 1.25)	Loss   0.68 (  0.70)	Cls Acc 100.0 (100.0)	Domain Acc 64.1 (59.1)
Epoch: [13][ 350/1000]	Time  2.54 ( 1.31)	Data  2.47 ( 1.25)	Loss   0.72 (  0.70)	Cls Acc 100.0 (100.0)	Domain Acc 54.3 (59.0)
Epoch: [13][ 400/1000]	Time  0.33 ( 1.31)	Data  0.27 ( 1.24)	Loss   0.70 (  0.70)	Cls Acc 100.0 (100.0)	Domain Acc 57.4 (59.4)
Epoch: [13][ 450/1000]	Time  0.34 ( 1.31)	Data  0.28 ( 1.24)	Loss   0.69 (  0.70)	Cls Acc 100.0 (100.0)	Domain Acc 60.5 (59.4)
Epoch: [13][ 500/1000]	Time  3.36 ( 1.31)	Data  3.29 ( 1.25)	Loss   0.74 (  0.70)	Cls Acc 100.0 (100.0)	Domain Acc 49.2 (59.4)
Epoch: [13][ 550/1000]	Time  0.35 ( 1.31)	Data  0.29 ( 1.24)	Loss   0.69 (  0.70)	Cls Acc 100.0 (100.0)	Domain Acc 63.5 (59.2)
Epoch: [13][ 600/1000]	Time  0.34 ( 1.31)	Data  0.28 ( 1.25)	Loss   0.68 (  0.70)	Cls Acc 100.0 (100.0)	Domain Acc 59.4 (59.2)
Epoch: [13][ 650/1000]	Time  2.59 ( 1.31)	Data  2.52 ( 1.25)	Loss   0.68 (  0.70)	Cls Acc 100.0 (100.0)	Domain Acc 62.7 (59.3)
Epoch: [13][ 700/1000]	Time  0.34 ( 1.31)	Data  0.28 ( 1.24)	Loss   0.69 (  0.70)	Cls Acc 100.0 (100.0)	Domain Acc 58.4 (59.2)
Epoch: [13][ 750/1000]	Time  1.82 ( 1.31)	Data  1.75 ( 1.24)	Loss   0.73 (  0.70)	Cls Acc 100.0 (100.0)	Domain Acc 51.8 (59.2)
Epoch: [13][ 800/1000]	Time  2.55 ( 1.31)	Data  2.48 ( 1.24)	Loss   0.70 (  0.70)	Cls Acc 100.0 (100.0)	Domain Acc 62.1 (59.4)
Epoch: [13][ 850/1000]	Time  0.36 ( 1.31)	Data  0.29 ( 1.24)	Loss   0.71 (  0.70)	Cls Acc 100.0 (100.0)	Domain Acc 55.7 (59.3)
Epoch: [13][ 900/1000]	Time  0.35 ( 1.31)	Data  0.28 ( 1.25)	Loss   0.68 (  0.70)	Cls Acc 100.0 (100.0)	Domain Acc 62.7 (59.3)
Epoch: [13][ 950/1000]	Time  3.37 ( 1.31)	Data  3.31 ( 1.25)	Loss   0.69 (  0.70)	Cls Acc 100.0 (100.0)	Domain Acc 63.7 (59.4)
Test: [ 0/12]	Time  1.665 ( 1.665)	Loss 5.6753e+00 (5.6753e+00)	Acc@1  26.95 ( 26.95)	Acc@5  55.47 ( 55.47)
 * Acc@1 11.360 Acc@5 32.978
acc1 = 11.4, best_acc1 = 13.1
Epoch: [14][   0/1000]	Time  0.28 ( 0.28)	Data  0.22 ( 0.22)	Loss   0.71 (  0.71)	Cls Acc 100.0 (100.0)	Domain Acc 57.0 (57.0)
Epoch: [14][  50/1000]	Time  0.36 ( 1.37)	Data  0.29 ( 1.30)	Loss   0.69 (  0.67)	Cls Acc 100.0 (100.0)	Domain Acc 62.5 (63.9)
Epoch: [14][ 100/1000]	Time  2.63 ( 1.36)	Data  2.57 ( 1.30)	Loss   0.69 (  0.69)	Cls Acc 100.0 (100.0)	Domain Acc 58.8 (61.2)
Epoch: [14][ 150/1000]	Time  0.39 ( 1.36)	Data  0.32 ( 1.30)	Loss   0.70 (  0.69)	Cls Acc 100.0 (100.0)	Domain Acc 61.1 (60.5)
Epoch: [14][ 200/1000]	Time  0.36 ( 1.36)	Data  0.30 ( 1.30)	Loss   0.70 (  0.69)	Cls Acc 100.0 (100.0)	Domain Acc 58.0 (60.3)
Epoch: [14][ 250/1000]	Time  2.77 ( 1.37)	Data  2.71 ( 1.30)	Loss   0.70 (  0.69)	Cls Acc 100.0 (100.0)	Domain Acc 55.5 (60.1)
Epoch: [14][ 300/1000]	Time  2.07 ( 1.36)	Data  2.01 ( 1.30)	Loss   0.67 (  0.69)	Cls Acc 100.0 (100.0)	Domain Acc 62.7 (60.4)
Epoch: [14][ 350/1000]	Time  0.37 ( 1.36)	Data  0.31 ( 1.30)	Loss   0.73 (  0.69)	Cls Acc 100.0 (100.0)	Domain Acc 52.5 (60.0)
Epoch: [14][ 400/1000]	Time  3.23 ( 1.37)	Data  3.17 ( 1.31)	Loss   0.68 (  0.69)	Cls Acc 100.0 (100.0)	Domain Acc 65.6 (59.9)
Epoch: [14][ 450/1000]	Time  0.37 ( 1.36)	Data  0.31 ( 1.30)	Loss   0.69 (  0.69)	Cls Acc 100.0 (100.0)	Domain Acc 59.6 (59.9)
Epoch: [14][ 500/1000]	Time  0.37 ( 1.37)	Data  0.30 ( 1.30)	Loss   0.71 (  0.69)	Cls Acc 100.0 (100.0)	Domain Acc 55.7 (60.0)
Epoch: [14][ 550/1000]	Time  2.75 ( 1.37)	Data  2.69 ( 1.30)	Loss   0.70 (  0.69)	Cls Acc 100.0 (100.0)	Domain Acc 56.6 (59.6)
Epoch: [14][ 600/1000]	Time  0.38 ( 1.36)	Data  0.32 ( 1.30)	Loss   0.70 (  0.70)	Cls Acc 100.0 (100.0)	Domain Acc 58.2 (59.4)
Epoch: [14][ 650/1000]	Time  0.37 ( 1.36)	Data  0.31 ( 1.30)	Loss   0.66 (  0.69)	Cls Acc 100.0 (100.0)	Domain Acc 65.0 (59.5)
Epoch: [14][ 700/1000]	Time  2.78 ( 1.37)	Data  2.71 ( 1.30)	Loss   0.71 (  0.70)	Cls Acc 100.0 (100.0)	Domain Acc 57.4 (59.3)
Epoch: [14][ 750/1000]	Time  0.36 ( 1.36)	Data  0.30 ( 1.30)	Loss   0.69 (  0.70)	Cls Acc 100.0 (100.0)	Domain Acc 60.2 (59.3)
Epoch: [14][ 800/1000]	Time  0.35 ( 1.36)	Data  0.28 ( 1.30)	Loss   0.69 (  0.70)	Cls Acc 100.0 (100.0)	Domain Acc 60.5 (59.3)
Epoch: [14][ 850/1000]	Time  4.45 ( 1.37)	Data  4.38 ( 1.30)	Loss   0.70 (  0.70)	Cls Acc 100.0 (100.0)	Domain Acc 59.4 (59.4)
Epoch: [14][ 900/1000]	Time  0.35 ( 1.36)	Data  0.29 ( 1.30)	Loss   0.67 (  0.70)	Cls Acc 100.0 (100.0)	Domain Acc 66.0 (59.4)
Epoch: [14][ 950/1000]	Time  0.34 ( 1.36)	Data  0.28 ( 1.30)	Loss   0.69 (  0.69)	Cls Acc 100.0 (100.0)	Domain Acc 60.2 (59.4)
Test: [ 0/12]	Time  1.675 ( 1.675)	Loss 5.6713e+00 (5.6713e+00)	Acc@1  25.00 ( 25.00)	Acc@5  49.61 ( 49.61)
 * Acc@1 11.750 Acc@5 34.327
acc1 = 11.8, best_acc1 = 13.1
Epoch: [15][   0/1000]	Time  2.80 ( 2.80)	Data  2.73 ( 2.73)	Loss   0.68 (  0.68)	Cls Acc 99.6 (99.6)	Domain Acc 61.3 (61.3)
Epoch: [15][  50/1000]	Time  0.37 ( 1.36)	Data  0.30 ( 1.30)	Loss   0.72 (  0.70)	Cls Acc 100.0 (100.0)	Domain Acc 55.3 (58.2)
Epoch: [15][ 100/1000]	Time  0.35 ( 1.36)	Data  0.29 ( 1.30)	Loss   0.67 (  0.69)	Cls Acc 100.0 (100.0)	Domain Acc 64.6 (59.7)
Epoch: [15][ 150/1000]	Time  3.55 ( 1.38)	Data  3.48 ( 1.32)	Loss   0.69 (  0.69)	Cls Acc 100.0 (100.0)	Domain Acc 60.2 (59.3)
Epoch: [15][ 200/1000]	Time  0.36 ( 1.36)	Data  0.29 ( 1.29)	Loss   0.69 (  0.69)	Cls Acc 100.0 (100.0)	Domain Acc 60.7 (60.0)
Epoch: [15][ 250/1000]	Time  0.36 ( 1.37)	Data  0.30 ( 1.30)	Loss   0.72 (  0.69)	Cls Acc 100.0 (100.0)	Domain Acc 55.7 (59.5)
Epoch: [15][ 300/1000]	Time  2.72 ( 1.37)	Data  2.66 ( 1.30)	Loss   0.71 (  0.69)	Cls Acc 100.0 (100.0)	Domain Acc 54.9 (60.0)
Epoch: [15][ 350/1000]	Time  0.37 ( 1.37)	Data  0.30 ( 1.30)	Loss   0.68 (  0.69)	Cls Acc 100.0 (100.0)	Domain Acc 63.1 (59.5)
Epoch: [15][ 400/1000]	Time  2.01 ( 1.37)	Data  1.94 ( 1.31)	Loss   0.71 (  0.69)	Cls Acc 100.0 (100.0)	Domain Acc 56.8 (59.7)
Epoch: [15][ 450/1000]	Time  2.69 ( 1.37)	Data  2.63 ( 1.31)	Loss   0.66 (  0.69)	Cls Acc 100.0 (100.0)	Domain Acc 67.2 (59.8)
Epoch: [15][ 500/1000]	Time  0.35 ( 1.36)	Data  0.29 ( 1.30)	Loss   0.72 (  0.69)	Cls Acc 100.0 (100.0)	Domain Acc 56.6 (59.6)
Epoch: [15][ 550/1000]	Time  0.36 ( 1.37)	Data  0.30 ( 1.30)	Loss   0.68 (  0.69)	Cls Acc 100.0 (100.0)	Domain Acc 61.9 (59.6)
Epoch: [15][ 600/1000]	Time  3.63 ( 1.37)	Data  3.57 ( 1.30)	Loss   0.73 (  0.70)	Cls Acc 100.0 (100.0)	Domain Acc 55.1 (59.2)
Epoch: [15][ 650/1000]	Time  0.36 ( 1.36)	Data  0.30 ( 1.30)	Loss   0.71 (  0.70)	Cls Acc 100.0 (100.0)	Domain Acc 55.9 (59.3)
Epoch: [15][ 700/1000]	Time  0.35 ( 1.37)	Data  0.29 ( 1.30)	Loss   0.67 (  0.70)	Cls Acc 100.0 (100.0)	Domain Acc 63.5 (59.2)
Epoch: [15][ 750/1000]	Time  2.87 ( 1.37)	Data  2.80 ( 1.30)	Loss   0.72 (  0.70)	Cls Acc 100.0 (100.0)	Domain Acc 55.7 (59.3)
Epoch: [15][ 800/1000]	Time  0.36 ( 1.37)	Data  0.29 ( 1.30)	Loss   0.65 (  0.70)	Cls Acc 100.0 (100.0)	Domain Acc 69.1 (59.3)
Epoch: [15][ 850/1000]	Time  0.36 ( 1.37)	Data  0.29 ( 1.30)	Loss   0.72 (  0.70)	Cls Acc 100.0 (100.0)	Domain Acc 53.9 (59.4)
Epoch: [15][ 900/1000]	Time  2.71 ( 1.37)	Data  2.65 ( 1.31)	Loss   0.69 (  0.70)	Cls Acc 100.0 (100.0)	Domain Acc 59.4 (59.4)
Epoch: [15][ 950/1000]	Time  2.06 ( 1.37)	Data  1.99 ( 1.30)	Loss   0.68 (  0.70)	Cls Acc 100.0 (100.0)	Domain Acc 60.5 (59.3)
Test: [ 0/12]	Time  1.694 ( 1.694)	Loss 5.1059e+00 (5.1059e+00)	Acc@1  32.03 ( 32.03)	Acc@5  55.47 ( 55.47)
 * Acc@1 12.922 Acc@5 36.031
acc1 = 12.9, best_acc1 = 13.1
Epoch: [16][   0/1000]	Time  0.26 ( 0.26)	Data  0.20 ( 0.20)	Loss   0.71 (  0.71)	Cls Acc 100.0 (100.0)	Domain Acc 57.6 (57.6)
Epoch: [16][  50/1000]	Time  3.55 ( 1.40)	Data  3.48 ( 1.34)	Loss   0.68 (  0.71)	Cls Acc 100.0 (100.0)	Domain Acc 59.4 (57.2)
Epoch: [16][ 100/1000]	Time  0.36 ( 1.35)	Data  0.30 ( 1.29)	Loss   0.69 (  0.70)	Cls Acc 100.0 (100.0)	Domain Acc 58.8 (58.4)
Epoch: [16][ 150/1000]	Time  0.53 ( 1.37)	Data  0.47 ( 1.31)	Loss   0.71 (  0.70)	Cls Acc 100.0 (100.0)	Domain Acc 54.5 (58.8)
Epoch: [16][ 200/1000]	Time  2.61 ( 1.37)	Data  2.55 ( 1.31)	Loss   0.66 (  0.70)	Cls Acc 100.0 (100.0)	Domain Acc 64.5 (59.0)
Epoch: [16][ 250/1000]	Time  0.34 ( 1.37)	Data  0.28 ( 1.30)	Loss   0.72 (  0.69)	Cls Acc 100.0 (100.0)	Domain Acc 53.7 (59.2)
Epoch: [16][ 300/1000]	Time  0.35 ( 1.37)	Data  0.29 ( 1.30)	Loss   0.69 (  0.69)	Cls Acc 100.0 (100.0)	Domain Acc 59.8 (59.3)
Epoch: [16][ 350/1000]	Time  2.92 ( 1.37)	Data  2.86 ( 1.31)	Loss   0.70 (  0.69)	Cls Acc 100.0 (100.0)	Domain Acc 58.2 (59.2)
Epoch: [16][ 400/1000]	Time  0.37 ( 1.36)	Data  0.31 ( 1.30)	Loss   0.71 (  0.69)	Cls Acc 100.0 (100.0)	Domain Acc 58.2 (59.0)
Epoch: [16][ 450/1000]	Time  0.36 ( 1.37)	Data  0.29 ( 1.31)	Loss   0.69 (  0.69)	Cls Acc 100.0 (100.0)	Domain Acc 62.3 (59.2)
Epoch: [16][ 500/1000]	Time  4.37 ( 1.37)	Data  4.31 ( 1.30)	Loss   0.69 (  0.69)	Cls Acc 100.0 (100.0)	Domain Acc 56.8 (59.1)
Epoch: [16][ 550/1000]	Time  0.35 ( 1.36)	Data  0.29 ( 1.30)	Loss   0.69 (  0.69)	Cls Acc 100.0 (100.0)	Domain Acc 58.6 (59.0)
Epoch: [16][ 600/1000]	Time  0.35 ( 1.37)	Data  0.28 ( 1.30)	Loss   0.68 (  0.70)	Cls Acc 100.0 (100.0)	Domain Acc 59.8 (58.9)
Epoch: [16][ 650/1000]	Time  2.74 ( 1.37)	Data  2.68 ( 1.30)	Loss   0.69 (  0.69)	Cls Acc 100.0 (100.0)	Domain Acc 60.2 (59.1)
Epoch: [16][ 700/1000]	Time  0.37 ( 1.37)	Data  0.31 ( 1.30)	Loss   0.69 (  0.69)	Cls Acc 100.0 (100.0)	Domain Acc 58.4 (59.2)
Epoch: [16][ 750/1000]	Time  0.35 ( 1.37)	Data  0.29 ( 1.30)	Loss   0.71 (  0.69)	Cls Acc 100.0 (100.0)	Domain Acc 53.7 (59.2)
Epoch: [16][ 800/1000]	Time  3.47 ( 1.37)	Data  3.41 ( 1.30)	Loss   0.67 (  0.69)	Cls Acc 100.0 (100.0)	Domain Acc 65.2 (59.3)
Epoch: [16][ 850/1000]	Time  0.36 ( 1.36)	Data  0.30 ( 1.30)	Loss   0.70 (  0.69)	Cls Acc 100.0 (100.0)	Domain Acc 57.4 (59.1)
Epoch: [16][ 900/1000]	Time  0.36 ( 1.36)	Data  0.30 ( 1.30)	Loss   0.68 (  0.69)	Cls Acc 100.0 (100.0)	Domain Acc 58.2 (59.5)
Epoch: [16][ 950/1000]	Time  2.73 ( 1.36)	Data  2.67 ( 1.30)	Loss   0.67 (  0.69)	Cls Acc 100.0 (100.0)	Domain Acc 61.5 (59.5)
Test: [ 0/12]	Time  1.684 ( 1.684)	Loss 5.4250e+00 (5.4250e+00)	Acc@1  26.56 ( 26.56)	Acc@5  58.20 ( 58.20)
 * Acc@1 11.928 Acc@5 35.960
acc1 = 11.9, best_acc1 = 13.1
Epoch: [17][   0/1000]	Time  0.26 ( 0.26)	Data  0.20 ( 0.20)	Loss   0.70 (  0.70)	Cls Acc 100.0 (100.0)	Domain Acc 55.7 (55.7)
Epoch: [17][  50/1000]	Time  1.84 ( 1.34)	Data  1.77 ( 1.28)	Loss   0.67 (  0.70)	Cls Acc 100.0 (100.0)	Domain Acc 63.7 (57.8)
Epoch: [17][ 100/1000]	Time  2.54 ( 1.32)	Data  2.47 ( 1.25)	Loss   0.71 (  0.69)	Cls Acc 100.0 (100.0)	Domain Acc 57.8 (59.6)
Epoch: [17][ 150/1000]	Time  0.33 ( 1.30)	Data  0.27 ( 1.24)	Loss   0.67 (  0.69)	Cls Acc 100.0 (100.0)	Domain Acc 62.9 (59.0)
Epoch: [17][ 200/1000]	Time  0.33 ( 1.30)	Data  0.27 ( 1.24)	Loss   0.71 (  0.69)	Cls Acc 100.0 (100.0)	Domain Acc 54.3 (59.9)
Epoch: [17][ 250/1000]	Time  3.15 ( 1.31)	Data  3.09 ( 1.25)	Loss   0.65 (  0.69)	Cls Acc 100.0 (100.0)	Domain Acc 69.9 (59.8)
Epoch: [17][ 300/1000]	Time  0.34 ( 1.30)	Data  0.28 ( 1.23)	Loss   0.74 (  0.69)	Cls Acc 100.0 (100.0)	Domain Acc 53.3 (59.9)
Epoch: [17][ 350/1000]	Time  0.32 ( 1.30)	Data  0.26 ( 1.24)	Loss   0.66 (  0.69)	Cls Acc 100.0 (100.0)	Domain Acc 68.0 (60.0)
Epoch: [17][ 400/1000]	Time  2.58 ( 1.30)	Data  2.52 ( 1.24)	Loss   0.71 (  0.69)	Cls Acc 100.0 (100.0)	Domain Acc 57.6 (60.1)
Epoch: [17][ 450/1000]	Time  0.34 ( 1.30)	Data  0.28 ( 1.24)	Loss   0.71 (  0.69)	Cls Acc 100.0 (100.0)	Domain Acc 58.0 (59.9)
Epoch: [17][ 500/1000]	Time  0.34 ( 1.30)	Data  0.28 ( 1.24)	Loss   0.68 (  0.70)	Cls Acc 100.0 (100.0)	Domain Acc 62.3 (59.5)
Epoch: [17][ 550/1000]	Time  2.60 ( 1.30)	Data  2.53 ( 1.24)	Loss   0.71 (  0.69)	Cls Acc 100.0 (100.0)	Domain Acc 55.5 (59.7)
Epoch: [17][ 600/1000]	Time  1.89 ( 1.30)	Data  1.83 ( 1.24)	Loss   0.70 (  0.69)	Cls Acc 100.0 (100.0)	Domain Acc 61.3 (59.6)
Epoch: [17][ 650/1000]	Time  0.34 ( 1.30)	Data  0.28 ( 1.24)	Loss   0.71 (  0.69)	Cls Acc 100.0 (100.0)	Domain Acc 59.8 (59.7)
Epoch: [17][ 700/1000]	Time  3.28 ( 1.30)	Data  3.22 ( 1.24)	Loss   0.72 (  0.69)	Cls Acc 100.0 (100.0)	Domain Acc 54.1 (59.6)
Epoch: [17][ 750/1000]	Time  0.32 ( 1.30)	Data  0.26 ( 1.24)	Loss   0.69 (  0.69)	Cls Acc 100.0 (100.0)	Domain Acc 61.1 (59.8)
Epoch: [17][ 800/1000]	Time  0.34 ( 1.30)	Data  0.28 ( 1.24)	Loss   0.69 (  0.69)	Cls Acc 100.0 (100.0)	Domain Acc 60.2 (59.6)
Epoch: [17][ 850/1000]	Time  2.61 ( 1.30)	Data  2.54 ( 1.24)	Loss   0.71 (  0.69)	Cls Acc 100.0 (100.0)	Domain Acc 56.6 (59.7)
Epoch: [17][ 900/1000]	Time  0.34 ( 1.30)	Data  0.28 ( 1.24)	Loss   0.69 (  0.69)	Cls Acc 100.0 (100.0)	Domain Acc 60.7 (59.6)
Epoch: [17][ 950/1000]	Time  0.34 ( 1.30)	Data  0.27 ( 1.24)	Loss   0.71 (  0.69)	Cls Acc 100.0 (100.0)	Domain Acc 55.9 (59.5)
Test: [ 0/12]	Time  1.927 ( 1.927)	Loss 5.9009e+00 (5.9009e+00)	Acc@1  26.56 ( 26.56)	Acc@5  50.78 ( 50.78)
 * Acc@1 12.567 Acc@5 35.889
acc1 = 12.6, best_acc1 = 13.1
Epoch: [18][   0/1000]	Time  2.63 ( 2.63)	Data  2.56 ( 2.56)	Loss   0.69 (  0.69)	Cls Acc 100.0 (100.0)	Domain Acc 60.0 (60.0)
Epoch: [18][  50/1000]	Time  0.35 ( 1.27)	Data  0.28 ( 1.21)	Loss   0.68 (  0.71)	Cls Acc 100.0 (100.0)	Domain Acc 61.5 (56.5)
Epoch: [18][ 100/1000]	Time  0.33 ( 1.30)	Data  0.27 ( 1.24)	Loss   0.73 (  0.70)	Cls Acc 100.0 (100.0)	Domain Acc 51.2 (59.7)
Epoch: [18][ 150/1000]	Time  4.31 ( 1.31)	Data  4.24 ( 1.25)	Loss   0.68 (  0.69)	Cls Acc 100.0 (100.0)	Domain Acc 61.7 (60.1)
Epoch: [18][ 200/1000]	Time  0.34 ( 1.30)	Data  0.27 ( 1.24)	Loss   0.68 (  0.69)	Cls Acc 100.0 (100.0)	Domain Acc 61.7 (59.7)
Epoch: [18][ 250/1000]	Time  0.33 ( 1.30)	Data  0.27 ( 1.24)	Loss   0.68 (  0.69)	Cls Acc 100.0 (100.0)	Domain Acc 61.1 (60.4)
Epoch: [18][ 300/1000]	Time  2.52 ( 1.31)	Data  2.46 ( 1.24)	Loss   0.66 (  0.69)	Cls Acc 100.0 (100.0)	Domain Acc 63.7 (60.4)
Epoch: [18][ 350/1000]	Time  0.33 ( 1.30)	Data  0.27 ( 1.24)	Loss   0.71 (  0.69)	Cls Acc 100.0 (100.0)	Domain Acc 57.2 (60.2)
Epoch: [18][ 400/1000]	Time  0.34 ( 1.30)	Data  0.28 ( 1.24)	Loss   0.69 (  0.69)	Cls Acc 100.0 (100.0)	Domain Acc 59.0 (60.3)
Epoch: [18][ 450/1000]	Time  3.15 ( 1.31)	Data  3.09 ( 1.24)	Loss   0.65 (  0.69)	Cls Acc 100.0 (100.0)	Domain Acc 65.0 (60.2)
Epoch: [18][ 500/1000]	Time  0.35 ( 1.30)	Data  0.28 ( 1.24)	Loss   0.74 (  0.69)	Cls Acc 100.0 (100.0)	Domain Acc 49.0 (59.9)
Epoch: [18][ 550/1000]	Time  0.34 ( 1.30)	Data  0.28 ( 1.24)	Loss   0.67 (  0.69)	Cls Acc 100.0 (100.0)	Domain Acc 65.8 (60.2)
Epoch: [18][ 600/1000]	Time  2.57 ( 1.30)	Data  2.51 ( 1.24)	Loss   0.70 (  0.69)	Cls Acc 100.0 (100.0)	Domain Acc 57.6 (59.9)
Epoch: [18][ 650/1000]	Time  0.34 ( 1.30)	Data  0.28 ( 1.24)	Loss   0.70 (  0.69)	Cls Acc 100.0 (100.0)	Domain Acc 60.2 (59.9)
Epoch: [18][ 700/1000]	Time  1.80 ( 1.30)	Data  1.74 ( 1.24)	Loss   0.66 (  0.69)	Cls Acc 100.0 (100.0)	Domain Acc 64.1 (59.9)
Epoch: [18][ 750/1000]	Time  2.47 ( 1.30)	Data  2.40 ( 1.24)	Loss   0.70 (  0.69)	Cls Acc 100.0 (100.0)	Domain Acc 59.0 (59.9)
Epoch: [18][ 800/1000]	Time  0.34 ( 1.30)	Data  0.28 ( 1.24)	Loss   0.69 (  0.69)	Cls Acc 100.0 (100.0)	Domain Acc 59.8 (60.0)
Epoch: [18][ 850/1000]	Time  0.33 ( 1.30)	Data  0.27 ( 1.24)	Loss   0.68 (  0.69)	Cls Acc 100.0 (100.0)	Domain Acc 59.6 (60.1)
Epoch: [18][ 900/1000]	Time  3.53 ( 1.30)	Data  3.47 ( 1.24)	Loss   0.66 (  0.69)	Cls Acc 100.0 (100.0)	Domain Acc 66.4 (60.0)
Epoch: [18][ 950/1000]	Time  0.36 ( 1.30)	Data  0.30 ( 1.24)	Loss   0.69 (  0.69)	Cls Acc 100.0 (100.0)	Domain Acc 58.6 (60.1)
Test: [ 0/12]	Time  1.967 ( 1.967)	Loss 5.5585e+00 (5.5585e+00)	Acc@1  28.12 ( 28.12)	Acc@5  51.95 ( 51.95)
 * Acc@1 12.922 Acc@5 35.250
acc1 = 12.9, best_acc1 = 13.1
Epoch: [19][   0/1000]	Time  0.26 ( 0.26)	Data  0.20 ( 0.20)	Loss   0.67 (  0.67)	Cls Acc 100.0 (100.0)	Domain Acc 61.9 (61.9)
Epoch: [19][  50/1000]	Time  2.57 ( 1.27)	Data  2.51 ( 1.21)	Loss   0.68 (  0.68)	Cls Acc 100.0 (100.0)	Domain Acc 61.7 (61.5)
Epoch: [19][ 100/1000]	Time  0.36 ( 1.29)	Data  0.30 ( 1.23)	Loss   0.70 (  0.68)	Cls Acc 100.0 (100.0)	Domain Acc 56.4 (61.5)
Epoch: [19][ 150/1000]	Time  0.33 ( 1.29)	Data  0.27 ( 1.23)	Loss   0.69 (  0.69)	Cls Acc 100.0 (100.0)	Domain Acc 59.8 (60.5)
Epoch: [19][ 200/1000]	Time  2.71 ( 1.31)	Data  2.65 ( 1.24)	Loss   0.71 (  0.69)	Cls Acc 100.0 (100.0)	Domain Acc 59.4 (60.2)
Epoch: [19][ 250/1000]	Time  1.94 ( 1.31)	Data  1.87 ( 1.24)	Loss   0.68 (  0.69)	Cls Acc 100.0 (100.0)	Domain Acc 62.7 (59.8)
Epoch: [19][ 300/1000]	Time  0.34 ( 1.31)	Data  0.28 ( 1.24)	Loss   0.71 (  0.69)	Cls Acc 99.6 (100.0)	Domain Acc 54.7 (60.1)
Epoch: [19][ 350/1000]	Time  3.45 ( 1.32)	Data  3.38 ( 1.25)	Loss   0.68 (  0.69)	Cls Acc 100.0 (100.0)	Domain Acc 58.0 (60.2)
Epoch: [19][ 400/1000]	Time  0.34 ( 1.31)	Data  0.28 ( 1.25)	Loss   0.68 (  0.69)	Cls Acc 100.0 (100.0)	Domain Acc 62.5 (60.2)
Epoch: [19][ 450/1000]	Time  0.37 ( 1.32)	Data  0.30 ( 1.26)	Loss   0.69 (  0.69)	Cls Acc 100.0 (100.0)	Domain Acc 56.6 (60.1)
Epoch: [19][ 500/1000]	Time  2.61 ( 1.32)	Data  2.55 ( 1.25)	Loss   0.68 (  0.69)	Cls Acc 100.0 (100.0)	Domain Acc 62.9 (60.2)
Epoch: [19][ 550/1000]	Time  0.36 ( 1.31)	Data  0.29 ( 1.25)	Loss   0.67 (  0.69)	Cls Acc 100.0 (100.0)	Domain Acc 65.2 (60.4)
Epoch: [19][ 600/1000]	Time  0.35 ( 1.31)	Data  0.29 ( 1.25)	Loss   0.70 (  0.69)	Cls Acc 100.0 (100.0)	Domain Acc 59.2 (60.2)
Epoch: [19][ 650/1000]	Time  2.74 ( 1.32)	Data  2.68 ( 1.25)	Loss   0.69 (  0.69)	Cls Acc 100.0 (100.0)	Domain Acc 62.5 (60.5)
Epoch: [19][ 700/1000]	Time  0.34 ( 1.31)	Data  0.28 ( 1.25)	Loss   0.69 (  0.69)	Cls Acc 100.0 (100.0)	Domain Acc 58.8 (60.2)
Epoch: [19][ 750/1000]	Time  0.36 ( 1.32)	Data  0.29 ( 1.25)	Loss   0.72 (  0.69)	Cls Acc 100.0 (100.0)	Domain Acc 55.5 (60.3)
Epoch: [19][ 800/1000]	Time  4.16 ( 1.32)	Data  4.09 ( 1.25)	Loss   0.68 (  0.69)	Cls Acc 100.0 (100.0)	Domain Acc 60.7 (60.2)
Epoch: [19][ 850/1000]	Time  0.36 ( 1.31)	Data  0.30 ( 1.25)	Loss   0.74 (  0.69)	Cls Acc 100.0 (100.0)	Domain Acc 48.6 (60.0)
Epoch: [19][ 900/1000]	Time  0.33 ( 1.32)	Data  0.27 ( 1.25)	Loss   0.68 (  0.69)	Cls Acc 100.0 (100.0)	Domain Acc 62.5 (60.0)
Epoch: [19][ 950/1000]	Time  2.61 ( 1.32)	Data  2.55 ( 1.25)	Loss   0.69 (  0.69)	Cls Acc 100.0 (100.0)	Domain Acc 58.0 (59.9)
Test: [ 0/12]	Time  2.731 ( 2.731)	Loss 5.8682e+00 (5.8682e+00)	Acc@1  27.73 ( 27.73)	Acc@5  47.66 ( 47.66)
 * Acc@1 13.490 Acc@5 36.635
acc1 = 13.5, best_acc1 = 13.5
Epoch: [20][   0/1000]	Time  0.24 ( 0.24)	Data  0.17 ( 0.17)	Loss   0.68 (  0.68)	Cls Acc 100.0 (100.0)	Domain Acc 62.9 (62.9)
Epoch: [20][  50/1000]	Time  0.37 ( 1.30)	Data  0.31 ( 1.23)	Loss   0.69 (  0.69)	Cls Acc 100.0 (100.0)	Domain Acc 63.3 (60.3)
Epoch: [20][ 100/1000]	Time  3.39 ( 1.34)	Data  3.32 ( 1.27)	Loss   0.70 (  0.69)	Cls Acc 100.0 (100.0)	Domain Acc 57.6 (59.9)
Epoch: [20][ 150/1000]	Time  0.35 ( 1.32)	Data  0.28 ( 1.26)	Loss   0.68 (  0.69)	Cls Acc 100.0 (100.0)	Domain Acc 60.2 (59.6)
Epoch: [20][ 200/1000]	Time  0.36 ( 1.33)	Data  0.30 ( 1.27)	Loss   0.70 (  0.69)	Cls Acc 100.0 (100.0)	Domain Acc 57.6 (60.0)
Epoch: [20][ 250/1000]	Time  2.53 ( 1.33)	Data  2.46 ( 1.27)	Loss   0.68 (  0.69)	Cls Acc 100.0 (100.0)	Domain Acc 61.7 (59.9)
Epoch: [20][ 300/1000]	Time  0.35 ( 1.33)	Data  0.29 ( 1.26)	Loss   0.73 (  0.69)	Cls Acc 100.0 (100.0)	Domain Acc 52.7 (60.1)
Epoch: [20][ 350/1000]	Time  1.87 ( 1.33)	Data  1.80 ( 1.26)	Loss   0.66 (  0.69)	Cls Acc 100.0 (100.0)	Domain Acc 64.1 (60.0)
Epoch: [20][ 400/1000]	Time  2.56 ( 1.32)	Data  2.50 ( 1.26)	Loss   0.72 (  0.69)	Cls Acc 100.0 (100.0)	Domain Acc 56.2 (59.9)
Epoch: [20][ 450/1000]	Time  0.36 ( 1.32)	Data  0.30 ( 1.26)	Loss   0.67 (  0.69)	Cls Acc 100.0 (100.0)	Domain Acc 66.8 (59.8)
Epoch: [20][ 500/1000]	Time  0.35 ( 1.32)	Data  0.29 ( 1.26)	Loss   0.70 (  0.69)	Cls Acc 100.0 (100.0)	Domain Acc 59.4 (59.8)
Epoch: [20][ 550/1000]	Time  3.05 ( 1.32)	Data  2.99 ( 1.26)	Loss   0.64 (  0.69)	Cls Acc 100.0 (100.0)	Domain Acc 66.4 (59.9)
Epoch: [20][ 600/1000]	Time  0.35 ( 1.32)	Data  0.29 ( 1.25)	Loss   0.74 (  0.69)	Cls Acc 100.0 (100.0)	Domain Acc 52.9 (59.8)
Epoch: [20][ 650/1000]	Time  0.36 ( 1.32)	Data  0.30 ( 1.26)	Loss   0.68 (  0.69)	Cls Acc 100.0 (100.0)	Domain Acc 60.5 (59.8)
Epoch: [20][ 700/1000]	Time  2.61 ( 1.32)	Data  2.54 ( 1.26)	Loss   0.72 (  0.69)	Cls Acc 100.0 (100.0)	Domain Acc 56.1 (59.7)
Epoch: [20][ 750/1000]	Time  0.35 ( 1.32)	Data  0.29 ( 1.26)	Loss   0.71 (  0.69)	Cls Acc 100.0 (100.0)	Domain Acc 54.5 (59.7)
Epoch: [20][ 800/1000]	Time  0.35 ( 1.32)	Data  0.28 ( 1.25)	Loss   0.69 (  0.69)	Cls Acc 100.0 (100.0)	Domain Acc 57.2 (59.6)
Epoch: [20][ 850/1000]	Time  2.73 ( 1.32)	Data  2.67 ( 1.26)	Loss   0.66 (  0.69)	Cls Acc 100.0 (100.0)	Domain Acc 64.3 (59.8)
Epoch: [20][ 900/1000]	Time  1.88 ( 1.32)	Data  1.82 ( 1.26)	Loss   0.68 (  0.69)	Cls Acc 100.0 (100.0)	Domain Acc 62.3 (59.8)
Epoch: [20][ 950/1000]	Time  0.35 ( 1.32)	Data  0.29 ( 1.26)	Loss   0.69 (  0.69)	Cls Acc 100.0 (100.0)	Domain Acc 58.8 (59.9)
Test: [ 0/12]	Time  2.614 ( 2.614)	Loss 5.9457e+00 (5.9457e+00)	Acc@1  26.56 ( 26.56)	Acc@5  49.22 ( 49.22)
 * Acc@1 12.638 Acc@5 35.250
acc1 = 12.6, best_acc1 = 13.5
Epoch: [21][   0/1000]	Time  2.66 ( 2.66)	Data  2.60 ( 2.60)	Loss   0.67 (  0.67)	Cls Acc 99.6 (99.6)	Domain Acc 63.1 (63.1)
Epoch: [21][  50/1000]	Time  0.33 ( 1.29)	Data  0.27 ( 1.23)	Loss   0.68 (  0.68)	Cls Acc 100.0 (100.0)	Domain Acc 61.1 (61.5)
Epoch: [21][ 100/1000]	Time  0.36 ( 1.32)	Data  0.30 ( 1.26)	Loss   0.69 (  0.68)	Cls Acc 100.0 (100.0)	Domain Acc 61.7 (61.0)
Epoch: [21][ 150/1000]	Time  2.58 ( 1.31)	Data  2.52 ( 1.25)	Loss   0.71 (  0.68)	Cls Acc 100.0 (100.0)	Domain Acc 51.8 (61.3)
Epoch: [21][ 200/1000]	Time  0.35 ( 1.31)	Data  0.29 ( 1.25)	Loss   0.68 (  0.69)	Cls Acc 99.6 (100.0)	Domain Acc 61.5 (60.4)
Epoch: [21][ 250/1000]	Time  0.35 ( 1.31)	Data  0.28 ( 1.25)	Loss   0.70 (  0.68)	Cls Acc 100.0 (100.0)	Domain Acc 57.4 (60.8)
Epoch: [21][ 300/1000]	Time  2.65 ( 1.32)	Data  2.59 ( 1.25)	Loss   0.69 (  0.69)	Cls Acc 100.0 (100.0)	Domain Acc 60.5 (60.6)
Epoch: [21][ 350/1000]	Time  0.35 ( 1.31)	Data  0.29 ( 1.24)	Loss   0.70 (  0.69)	Cls Acc 100.0 (100.0)	Domain Acc 54.7 (60.4)
Epoch: [21][ 400/1000]	Time  0.35 ( 1.31)	Data  0.29 ( 1.25)	Loss   0.67 (  0.69)	Cls Acc 100.0 (100.0)	Domain Acc 65.6 (60.5)
Epoch: [21][ 450/1000]	Time  4.17 ( 1.31)	Data  4.10 ( 1.25)	Loss   0.69 (  0.69)	Cls Acc 100.0 (100.0)	Domain Acc 60.4 (60.7)
Epoch: [21][ 500/1000]	Time  0.35 ( 1.31)	Data  0.28 ( 1.25)	Loss   0.69 (  0.69)	Cls Acc 100.0 (100.0)	Domain Acc 60.7 (60.6)
Epoch: [21][ 550/1000]	Time  0.36 ( 1.31)	Data  0.30 ( 1.25)	Loss   0.68 (  0.69)	Cls Acc 100.0 (100.0)	Domain Acc 62.5 (60.7)
Epoch: [21][ 600/1000]	Time  2.63 ( 1.31)	Data  2.56 ( 1.25)	Loss   0.69 (  0.69)	Cls Acc 100.0 (100.0)	Domain Acc 63.3 (60.5)
Epoch: [21][ 650/1000]	Time  0.36 ( 1.31)	Data  0.30 ( 1.25)	Loss   0.69 (  0.69)	Cls Acc 100.0 (100.0)	Domain Acc 61.1 (60.6)
Epoch: [21][ 700/1000]	Time  0.35 ( 1.31)	Data  0.29 ( 1.25)	Loss   0.68 (  0.69)	Cls Acc 100.0 (100.0)	Domain Acc 61.3 (60.7)
Epoch: [21][ 750/1000]	Time  3.25 ( 1.31)	Data  3.18 ( 1.25)	Loss   0.69 (  0.69)	Cls Acc 100.0 (100.0)	Domain Acc 61.9 (60.5)
Epoch: [21][ 800/1000]	Time  0.35 ( 1.31)	Data  0.29 ( 1.25)	Loss   0.72 (  0.69)	Cls Acc 100.0 (100.0)	Domain Acc 55.9 (60.5)
Epoch: [21][ 850/1000]	Time  0.36 ( 1.31)	Data  0.30 ( 1.25)	Loss   0.67 (  0.69)	Cls Acc 100.0 (100.0)	Domain Acc 62.5 (60.4)
Epoch: [21][ 900/1000]	Time  2.62 ( 1.31)	Data  2.56 ( 1.25)	Loss   0.70 (  0.69)	Cls Acc 100.0 (100.0)	Domain Acc 55.3 (60.4)
Epoch: [21][ 950/1000]	Time  0.35 ( 1.31)	Data  0.28 ( 1.25)	Loss   0.68 (  0.69)	Cls Acc 100.0 (100.0)	Domain Acc 57.6 (60.3)
Test: [ 0/12]	Time  1.593 ( 1.593)	Loss 6.1697e+00 (6.1697e+00)	Acc@1  26.17 ( 26.17)	Acc@5  47.66 ( 47.66)
 * Acc@1 12.673 Acc@5 35.499
acc1 = 12.7, best_acc1 = 13.5
Epoch: [22][   0/1000]	Time  1.86 ( 1.86)	Data  1.79 ( 1.79)	Loss   0.70 (  0.70)	Cls Acc 99.6 (99.6)	Domain Acc 56.6 (56.6)
Epoch: [22][  50/1000]	Time  2.59 ( 1.31)	Data  2.53 ( 1.25)	Loss   0.70 (  0.68)	Cls Acc 100.0 (100.0)	Domain Acc 55.3 (61.3)
Epoch: [22][ 100/1000]	Time  0.36 ( 1.30)	Data  0.30 ( 1.24)	Loss   0.70 (  0.69)	Cls Acc 100.0 (100.0)	Domain Acc 59.0 (60.6)
Epoch: [22][ 150/1000]	Time  0.35 ( 1.31)	Data  0.29 ( 1.25)	Loss   0.70 (  0.69)	Cls Acc 100.0 (100.0)	Domain Acc 55.9 (60.7)
Epoch: [22][ 200/1000]	Time  3.17 ( 1.32)	Data  3.10 ( 1.26)	Loss   0.68 (  0.69)	Cls Acc 100.0 (100.0)	Domain Acc 62.3 (60.4)
Epoch: [22][ 250/1000]	Time  0.35 ( 1.31)	Data  0.29 ( 1.25)	Loss   0.72 (  0.69)	Cls Acc 99.6 (100.0)	Domain Acc 59.4 (60.5)
Epoch: [22][ 300/1000]	Time  0.35 ( 1.32)	Data  0.29 ( 1.25)	Loss   0.72 (  0.69)	Cls Acc 100.0 (100.0)	Domain Acc 54.1 (60.3)
Epoch: [22][ 350/1000]	Time  2.54 ( 1.31)	Data  2.48 ( 1.25)	Loss   0.70 (  0.69)	Cls Acc 100.0 (100.0)	Domain Acc 57.4 (60.3)
Epoch: [22][ 400/1000]	Time  0.35 ( 1.31)	Data  0.29 ( 1.25)	Loss   0.70 (  0.69)	Cls Acc 100.0 (100.0)	Domain Acc 60.7 (60.1)
Epoch: [22][ 450/1000]	Time  0.33 ( 1.31)	Data  0.27 ( 1.25)	Loss   0.71 (  0.69)	Cls Acc 100.0 (100.0)	Domain Acc 57.2 (60.1)
Epoch: [22][ 500/1000]	Time  2.58 ( 1.32)	Data  2.52 ( 1.25)	Loss   0.66 (  0.69)	Cls Acc 100.0 (100.0)	Domain Acc 64.8 (60.0)
Epoch: [22][ 550/1000]	Time  1.86 ( 1.31)	Data  1.80 ( 1.25)	Loss   0.70 (  0.69)	Cls Acc 100.0 (100.0)	Domain Acc 58.4 (60.0)
Epoch: [22][ 600/1000]	Time  0.35 ( 1.31)	Data  0.29 ( 1.25)	Loss   0.69 (  0.69)	Cls Acc 100.0 (100.0)	Domain Acc 60.2 (59.7)
Epoch: [22][ 650/1000]	Time  3.40 ( 1.32)	Data  3.34 ( 1.25)	Loss   0.65 (  0.69)	Cls Acc 100.0 (100.0)	Domain Acc 67.0 (59.9)
Epoch: [22][ 700/1000]	Time  0.33 ( 1.31)	Data  0.27 ( 1.25)	Loss   0.70 (  0.69)	Cls Acc 100.0 (100.0)	Domain Acc 59.2 (59.8)
Epoch: [22][ 750/1000]	Time  0.35 ( 1.32)	Data  0.29 ( 1.25)	Loss   0.67 (  0.69)	Cls Acc 100.0 (100.0)	Domain Acc 60.7 (59.9)
Epoch: [22][ 800/1000]	Time  2.52 ( 1.31)	Data  2.46 ( 1.25)	Loss   0.69 (  0.69)	Cls Acc 100.0 (100.0)	Domain Acc 58.6 (60.0)
Epoch: [22][ 850/1000]	Time  0.35 ( 1.31)	Data  0.29 ( 1.25)	Loss   0.68 (  0.69)	Cls Acc 100.0 (100.0)	Domain Acc 63.5 (60.1)
Epoch: [22][ 900/1000]	Time  0.35 ( 1.31)	Data  0.29 ( 1.25)	Loss   0.70 (  0.69)	Cls Acc 100.0 (100.0)	Domain Acc 59.6 (59.9)
Epoch: [22][ 950/1000]	Time  2.65 ( 1.31)	Data  2.58 ( 1.25)	Loss   0.68 (  0.69)	Cls Acc 100.0 (100.0)	Domain Acc 60.5 (60.0)
Test: [ 0/12]	Time  1.600 ( 1.600)	Loss 6.1221e+00 (6.1221e+00)	Acc@1  26.17 ( 26.17)	Acc@5  48.83 ( 48.83)
 * Acc@1 12.105 Acc@5 34.363
acc1 = 12.1, best_acc1 = 13.5
Epoch: [23][   0/1000]	Time  0.25 ( 0.25)	Data  0.19 ( 0.19)	Loss   0.69 (  0.69)	Cls Acc 100.0 (100.0)	Domain Acc 57.4 (57.4)
Epoch: [23][  50/1000]	Time  0.35 ( 1.32)	Data  0.28 ( 1.26)	Loss   0.68 (  0.68)	Cls Acc 100.0 (100.0)	Domain Acc 59.8 (60.5)
Epoch: [23][ 100/1000]	Time  4.15 ( 1.33)	Data  4.09 ( 1.27)	Loss   0.67 (  0.68)	Cls Acc 100.0 (100.0)	Domain Acc 62.5 (61.0)
Epoch: [23][ 150/1000]	Time  0.35 ( 1.32)	Data  0.29 ( 1.25)	Loss   0.69 (  0.68)	Cls Acc 100.0 (100.0)	Domain Acc 57.8 (60.6)
Epoch: [23][ 200/1000]	Time  0.34 ( 1.32)	Data  0.28 ( 1.25)	Loss   0.67 (  0.68)	Cls Acc 100.0 (100.0)	Domain Acc 63.7 (61.3)
Epoch: [23][ 250/1000]	Time  2.57 ( 1.31)	Data  2.51 ( 1.25)	Loss   0.71 (  0.68)	Cls Acc 100.0 (100.0)	Domain Acc 55.7 (60.9)
Epoch: [23][ 300/1000]	Time  0.36 ( 1.31)	Data  0.30 ( 1.24)	Loss   0.68 (  0.68)	Cls Acc 100.0 (100.0)	Domain Acc 61.9 (60.9)
Epoch: [23][ 350/1000]	Time  0.35 ( 1.31)	Data  0.29 ( 1.25)	Loss   0.72 (  0.68)	Cls Acc 100.0 (100.0)	Domain Acc 55.5 (60.6)
Epoch: [23][ 400/1000]	Time  3.99 ( 1.32)	Data  3.93 ( 1.25)	Loss   0.67 (  0.68)	Cls Acc 100.0 (100.0)	Domain Acc 63.1 (60.7)
Epoch: [23][ 450/1000]	Time  0.35 ( 1.31)	Data  0.28 ( 1.25)	Loss   0.70 (  0.69)	Cls Acc 100.0 (100.0)	Domain Acc 58.0 (60.4)
Epoch: [23][ 500/1000]	Time  0.36 ( 1.31)	Data  0.29 ( 1.25)	Loss   0.66 (  0.69)	Cls Acc 100.0 (100.0)	Domain Acc 65.2 (60.5)
Epoch: [23][ 550/1000]	Time  2.62 ( 1.31)	Data  2.55 ( 1.25)	Loss   0.69 (  0.69)	Cls Acc 100.0 (100.0)	Domain Acc 60.5 (60.6)
Epoch: [23][ 600/1000]	Time  0.34 ( 1.31)	Data  0.28 ( 1.25)	Loss   0.67 (  0.69)	Cls Acc 100.0 (100.0)	Domain Acc 63.9 (60.4)
Epoch: [23][ 650/1000]	Time  1.84 ( 1.31)	Data  1.77 ( 1.25)	Loss   0.68 (  0.69)	Cls Acc 100.0 (100.0)	Domain Acc 59.6 (60.5)
Epoch: [23][ 700/1000]	Time  2.54 ( 1.31)	Data  2.48 ( 1.25)	Loss   0.67 (  0.69)	Cls Acc 100.0 (100.0)	Domain Acc 63.5 (60.5)
Epoch: [23][ 750/1000]	Time  0.34 ( 1.31)	Data  0.27 ( 1.25)	Loss   0.68 (  0.69)	Cls Acc 100.0 (100.0)	Domain Acc 60.0 (60.4)
Epoch: [23][ 800/1000]	Time  0.35 ( 1.31)	Data  0.29 ( 1.25)	Loss   0.69 (  0.69)	Cls Acc 100.0 (100.0)	Domain Acc 58.4 (60.4)
Epoch: [23][ 850/1000]	Time  3.23 ( 1.31)	Data  3.16 ( 1.25)	Loss   0.69 (  0.69)	Cls Acc 100.0 (100.0)	Domain Acc 58.8 (60.4)
Epoch: [23][ 900/1000]	Time  0.34 ( 1.31)	Data  0.28 ( 1.25)	Loss   0.67 (  0.69)	Cls Acc 100.0 (100.0)	Domain Acc 64.1 (60.4)
Epoch: [23][ 950/1000]	Time  0.34 ( 1.31)	Data  0.28 ( 1.25)	Loss   0.69 (  0.69)	Cls Acc 100.0 (100.0)	Domain Acc 61.3 (60.4)
Test: [ 0/12]	Time  1.572 ( 1.572)	Loss 5.7474e+00 (5.7474e+00)	Acc@1  26.95 ( 26.95)	Acc@5  46.88 ( 46.88)
 * Acc@1 12.638 Acc@5 33.440
acc1 = 12.6, best_acc1 = 13.5
Epoch: [24][   0/1000]	Time  2.58 ( 2.58)	Data  2.52 ( 2.52)	Loss   0.69 (  0.69)	Cls Acc 100.0 (100.0)	Domain Acc 60.2 (60.2)
Epoch: [24][  50/1000]	Time  0.35 ( 1.32)	Data  0.28 ( 1.26)	Loss   0.70 (  0.70)	Cls Acc 100.0 (100.0)	Domain Acc 57.2 (56.7)
Epoch: [24][ 100/1000]	Time  0.35 ( 1.33)	Data  0.29 ( 1.26)	Loss   0.68 (  0.69)	Cls Acc 100.0 (100.0)	Domain Acc 62.1 (58.8)
Epoch: [24][ 150/1000]	Time  2.75 ( 1.34)	Data  2.68 ( 1.28)	Loss   0.71 (  0.69)	Cls Acc 100.0 (100.0)	Domain Acc 52.0 (58.6)
Epoch: [24][ 200/1000]	Time  1.96 ( 1.34)	Data  1.90 ( 1.28)	Loss   0.68 (  0.69)	Cls Acc 100.0 (100.0)	Domain Acc 60.9 (58.8)
Epoch: [24][ 250/1000]	Time  0.35 ( 1.34)	Data  0.29 ( 1.28)	Loss   0.71 (  0.69)	Cls Acc 100.0 (100.0)	Domain Acc 54.3 (58.9)
Epoch: [24][ 300/1000]	Time  3.50 ( 1.35)	Data  3.44 ( 1.29)	Loss   0.68 (  0.69)	Cls Acc 100.0 (100.0)	Domain Acc 60.9 (59.1)
Epoch: [24][ 350/1000]	Time  0.34 ( 1.34)	Data  0.28 ( 1.28)	Loss   0.68 (  0.69)	Cls Acc 100.0 (100.0)	Domain Acc 60.9 (59.4)
Epoch: [24][ 400/1000]	Time  0.33 ( 1.34)	Data  0.27 ( 1.28)	Loss   0.68 (  0.69)	Cls Acc 100.0 (100.0)	Domain Acc 62.7 (59.6)
Epoch: [24][ 450/1000]	Time  2.64 ( 1.34)	Data  2.57 ( 1.27)	Loss   0.70 (  0.69)	Cls Acc 100.0 (100.0)	Domain Acc 61.7 (59.6)
Epoch: [24][ 500/1000]	Time  0.36 ( 1.33)	Data  0.30 ( 1.27)	Loss   0.70 (  0.69)	Cls Acc 100.0 (100.0)	Domain Acc 59.0 (59.6)
Epoch: [24][ 550/1000]	Time  0.36 ( 1.33)	Data  0.30 ( 1.27)	Loss   0.70 (  0.69)	Cls Acc 100.0 (100.0)	Domain Acc 59.2 (59.6)
Epoch: [24][ 600/1000]	Time  2.75 ( 1.33)	Data  2.68 ( 1.27)	Loss   0.66 (  0.69)	Cls Acc 100.0 (100.0)	Domain Acc 64.3 (59.5)
Epoch: [24][ 650/1000]	Time  0.35 ( 1.33)	Data  0.29 ( 1.26)	Loss   0.69 (  0.69)	Cls Acc 100.0 (100.0)	Domain Acc 60.2 (59.7)
Epoch: [24][ 700/1000]	Time  0.36 ( 1.33)	Data  0.29 ( 1.27)	Loss   0.69 (  0.69)	Cls Acc 100.0 (100.0)	Domain Acc 60.9 (59.6)
Epoch: [24][ 750/1000]	Time  4.24 ( 1.33)	Data  4.18 ( 1.27)	Loss   0.69 (  0.69)	Cls Acc 100.0 (100.0)	Domain Acc 57.4 (59.7)
Epoch: [24][ 800/1000]	Time  0.36 ( 1.33)	Data  0.30 ( 1.27)	Loss   0.65 (  0.69)	Cls Acc 100.0 (100.0)	Domain Acc 66.4 (59.5)
Epoch: [24][ 850/1000]	Time  0.36 ( 1.33)	Data  0.30 ( 1.27)	Loss   0.69 (  0.69)	Cls Acc 99.6 (100.0)	Domain Acc 62.7 (59.8)
Epoch: [24][ 900/1000]	Time  2.64 ( 1.34)	Data  2.58 ( 1.27)	Loss   0.68 (  0.69)	Cls Acc 100.0 (100.0)	Domain Acc 61.9 (59.7)
Epoch: [24][ 950/1000]	Time  0.39 ( 1.34)	Data  0.33 ( 1.27)	Loss   0.66 (  0.69)	Cls Acc 100.0 (100.0)	Domain Acc 64.6 (59.8)
Test: [ 0/12]	Time  1.678 ( 1.678)	Loss 5.4977e+00 (5.4977e+00)	Acc@1  28.12 ( 28.12)	Acc@5  51.95 ( 51.95)
 * Acc@1 13.064 Acc@5 34.540
acc1 = 13.1, best_acc1 = 13.5
Epoch: [25][   0/1000]	Time  0.27 ( 0.27)	Data  0.21 ( 0.21)	Loss   0.71 (  0.71)	Cls Acc 100.0 (100.0)	Domain Acc 56.1 (56.1)
Epoch: [25][  50/1000]	Time  3.36 ( 1.36)	Data  3.30 ( 1.30)	Loss   0.69 (  0.69)	Cls Acc 100.0 (100.0)	Domain Acc 58.4 (59.2)
Epoch: [25][ 100/1000]	Time  0.35 ( 1.31)	Data  0.28 ( 1.25)	Loss   0.69 (  0.70)	Cls Acc 100.0 (100.0)	Domain Acc 60.4 (59.1)
Epoch: [25][ 150/1000]	Time  0.34 ( 1.32)	Data  0.28 ( 1.26)	Loss   0.68 (  0.69)	Cls Acc 100.0 (100.0)	Domain Acc 61.3 (59.4)
Epoch: [25][ 200/1000]	Time  2.67 ( 1.32)	Data  2.60 ( 1.26)	Loss   0.71 (  0.69)	Cls Acc 100.0 (100.0)	Domain Acc 55.7 (59.6)
Epoch: [25][ 250/1000]	Time  0.35 ( 1.32)	Data  0.28 ( 1.26)	Loss   0.67 (  0.69)	Cls Acc 100.0 (100.0)	Domain Acc 61.9 (59.6)
Epoch: [25][ 300/1000]	Time  1.92 ( 1.32)	Data  1.85 ( 1.26)	Loss   0.68 (  0.69)	Cls Acc 100.0 (100.0)	Domain Acc 60.0 (60.1)
Epoch: [25][ 350/1000]	Time  2.60 ( 1.33)	Data  2.53 ( 1.26)	Loss   0.67 (  0.69)	Cls Acc 100.0 (100.0)	Domain Acc 62.3 (59.9)
Epoch: [25][ 400/1000]	Time  0.33 ( 1.32)	Data  0.27 ( 1.26)	Loss   0.68 (  0.69)	Cls Acc 100.0 (100.0)	Domain Acc 62.5 (60.3)
Epoch: [25][ 450/1000]	Time  0.35 ( 1.32)	Data  0.29 ( 1.26)	Loss   0.68 (  0.69)	Cls Acc 100.0 (100.0)	Domain Acc 61.3 (60.4)
Epoch: [25][ 500/1000]	Time  3.26 ( 1.32)	Data  3.19 ( 1.26)	Loss   0.70 (  0.69)	Cls Acc 100.0 (100.0)	Domain Acc 58.8 (60.4)
Epoch: [25][ 550/1000]	Time  0.34 ( 1.32)	Data  0.28 ( 1.25)	Loss   0.67 (  0.69)	Cls Acc 100.0 (100.0)	Domain Acc 63.5 (60.2)
Epoch: [25][ 600/1000]	Time  0.33 ( 1.32)	Data  0.26 ( 1.26)	Loss   0.68 (  0.69)	Cls Acc 100.0 (100.0)	Domain Acc 60.0 (60.5)
Epoch: [25][ 650/1000]	Time  2.59 ( 1.32)	Data  2.52 ( 1.26)	Loss   0.70 (  0.69)	Cls Acc 100.0 (100.0)	Domain Acc 59.8 (60.3)
Epoch: [25][ 700/1000]	Time  0.34 ( 1.32)	Data  0.28 ( 1.26)	Loss   0.67 (  0.69)	Cls Acc 100.0 (100.0)	Domain Acc 62.3 (60.5)
Epoch: [25][ 750/1000]	Time  0.32 ( 1.32)	Data  0.26 ( 1.26)	Loss   0.70 (  0.69)	Cls Acc 100.0 (100.0)	Domain Acc 61.5 (60.3)
Epoch: [25][ 800/1000]	Time  2.66 ( 1.32)	Data  2.59 ( 1.26)	Loss   0.66 (  0.69)	Cls Acc 100.0 (100.0)	Domain Acc 67.2 (60.5)
Epoch: [25][ 850/1000]	Time  1.91 ( 1.32)	Data  1.84 ( 1.26)	Loss   0.67 (  0.68)	Cls Acc 100.0 (100.0)	Domain Acc 62.3 (60.6)
Epoch: [25][ 900/1000]	Time  0.34 ( 1.32)	Data  0.27 ( 1.26)	Loss   0.68 (  0.68)	Cls Acc 100.0 (100.0)	Domain Acc 61.1 (60.6)
Epoch: [25][ 950/1000]	Time  3.34 ( 1.33)	Data  3.28 ( 1.26)	Loss   0.67 (  0.68)	Cls Acc 100.0 (100.0)	Domain Acc 62.7 (60.6)
Test: [ 0/12]	Time  1.646 ( 1.646)	Loss 5.5740e+00 (5.5740e+00)	Acc@1  28.91 ( 28.91)	Acc@5  55.86 ( 55.86)
 * Acc@1 12.709 Acc@5 36.528
acc1 = 12.7, best_acc1 = 13.5
Epoch: [26][   0/1000]	Time  0.24 ( 0.24)	Data  0.17 ( 0.17)	Loss   0.66 (  0.66)	Cls Acc 100.0 (100.0)	Domain Acc 65.0 (65.0)
Epoch: [26][  50/1000]	Time  0.35 ( 1.38)	Data  0.29 ( 1.32)	Loss   0.68 (  0.69)	Cls Acc 100.0 (100.0)	Domain Acc 61.1 (60.5)
Epoch: [26][ 100/1000]	Time  2.94 ( 1.37)	Data  2.87 ( 1.31)	Loss   0.67 (  0.68)	Cls Acc 100.0 (100.0)	Domain Acc 62.5 (61.7)
Epoch: [26][ 150/1000]	Time  0.35 ( 1.37)	Data  0.29 ( 1.31)	Loss   0.66 (  0.68)	Cls Acc 100.0 (100.0)	Domain Acc 64.3 (61.8)
Epoch: [26][ 200/1000]	Time  0.35 ( 1.36)	Data  0.29 ( 1.30)	Loss   0.72 (  0.68)	Cls Acc 100.0 (100.0)	Domain Acc 55.3 (61.4)
Epoch: [26][ 250/1000]	Time  2.74 ( 1.37)	Data  2.68 ( 1.30)	Loss   0.66 (  0.68)	Cls Acc 100.0 (100.0)	Domain Acc 61.5 (61.2)
Epoch: [26][ 300/1000]	Time  0.36 ( 1.36)	Data  0.30 ( 1.29)	Loss   0.70 (  0.68)	Cls Acc 100.0 (100.0)	Domain Acc 57.0 (61.1)
Epoch: [26][ 350/1000]	Time  0.33 ( 1.36)	Data  0.27 ( 1.29)	Loss   0.64 (  0.68)	Cls Acc 100.0 (100.0)	Domain Acc 67.6 (61.4)
Epoch: [26][ 400/1000]	Time  4.08 ( 1.35)	Data  4.02 ( 1.29)	Loss   0.68 (  0.68)	Cls Acc 100.0 (100.0)	Domain Acc 60.2 (61.4)
Epoch: [26][ 450/1000]	Time  0.37 ( 1.34)	Data  0.31 ( 1.28)	Loss   0.69 (  0.68)	Cls Acc 100.0 (100.0)	Domain Acc 59.6 (61.3)
Epoch: [26][ 500/1000]	Time  0.37 ( 1.35)	Data  0.31 ( 1.28)	Loss   0.65 (  0.68)	Cls Acc 100.0 (100.0)	Domain Acc 66.2 (61.5)
Epoch: [26][ 550/1000]	Time  2.61 ( 1.35)	Data  2.55 ( 1.28)	Loss   0.70 (  0.68)	Cls Acc 100.0 (100.0)	Domain Acc 59.2 (61.4)
Epoch: [26][ 600/1000]	Time  0.38 ( 1.35)	Data  0.32 ( 1.28)	Loss   0.68 (  0.68)	Cls Acc 100.0 (100.0)	Domain Acc 61.7 (61.4)
Epoch: [26][ 650/1000]	Time  0.38 ( 1.35)	Data  0.31 ( 1.29)	Loss   0.67 (  0.68)	Cls Acc 100.0 (100.0)	Domain Acc 63.5 (61.4)
Epoch: [26][ 700/1000]	Time  3.77 ( 1.35)	Data  3.71 ( 1.29)	Loss   0.67 (  0.68)	Cls Acc 100.0 (100.0)	Domain Acc 61.3 (61.4)
Epoch: [26][ 750/1000]	Time  0.37 ( 1.35)	Data  0.31 ( 1.29)	Loss   0.66 (  0.68)	Cls Acc 100.0 (100.0)	Domain Acc 62.3 (61.3)
Epoch: [26][ 800/1000]	Time  0.36 ( 1.35)	Data  0.30 ( 1.29)	Loss   0.69 (  0.68)	Cls Acc 100.0 (100.0)	Domain Acc 60.4 (61.3)
Epoch: [26][ 850/1000]	Time  2.60 ( 1.35)	Data  2.53 ( 1.29)	Loss   0.64 (  0.68)	Cls Acc 100.0 (100.0)	Domain Acc 67.2 (61.4)
Epoch: [26][ 900/1000]	Time  0.36 ( 1.35)	Data  0.29 ( 1.29)	Loss   0.67 (  0.68)	Cls Acc 100.0 (100.0)	Domain Acc 64.1 (61.4)
Epoch: [26][ 950/1000]	Time  1.94 ( 1.35)	Data  1.88 ( 1.29)	Loss   0.70 (  0.68)	Cls Acc 100.0 (100.0)	Domain Acc 60.9 (61.3)
Test: [ 0/12]	Time  1.654 ( 1.654)	Loss 5.5033e+00 (5.5033e+00)	Acc@1  30.08 ( 30.08)	Acc@5  48.44 ( 48.44)
 * Acc@1 13.312 Acc@5 33.937
acc1 = 13.3, best_acc1 = 13.5
Epoch: [27][   0/1000]	Time  2.68 ( 2.68)	Data  2.62 ( 2.62)	Loss   0.69 (  0.69)	Cls Acc 100.0 (100.0)	Domain Acc 60.7 (60.7)
Epoch: [27][  50/1000]	Time  0.45 ( 1.38)	Data  0.39 ( 1.31)	Loss   0.67 (  0.67)	Cls Acc 100.0 (100.0)	Domain Acc 64.1 (62.1)
Epoch: [27][ 100/1000]	Time  0.35 ( 1.38)	Data  0.29 ( 1.31)	Loss   0.66 (  0.68)	Cls Acc 100.0 (100.0)	Domain Acc 63.5 (62.1)
Epoch: [27][ 150/1000]	Time  3.37 ( 1.39)	Data  3.31 ( 1.33)	Loss   0.68 (  0.68)	Cls Acc 100.0 (100.0)	Domain Acc 62.9 (61.5)
Epoch: [27][ 200/1000]	Time  0.37 ( 1.37)	Data  0.30 ( 1.31)	Loss   0.66 (  0.68)	Cls Acc 100.0 (100.0)	Domain Acc 63.9 (62.1)
Epoch: [27][ 250/1000]	Time  0.35 ( 1.38)	Data  0.28 ( 1.31)	Loss   0.70 (  0.68)	Cls Acc 100.0 (100.0)	Domain Acc 57.4 (60.7)
Epoch: [27][ 300/1000]	Time  2.64 ( 1.37)	Data  2.57 ( 1.30)	Loss   0.67 (  0.68)	Cls Acc 100.0 (100.0)	Domain Acc 59.8 (61.1)
Epoch: [27][ 350/1000]	Time  0.35 ( 1.36)	Data  0.29 ( 1.29)	Loss   0.69 (  0.68)	Cls Acc 99.6 (100.0)	Domain Acc 60.9 (60.9)
Epoch: [27][ 400/1000]	Time  0.34 ( 1.35)	Data  0.28 ( 1.29)	Loss   0.69 (  0.68)	Cls Acc 100.0 (100.0)	Domain Acc 58.2 (60.9)
Epoch: [27][ 450/1000]	Time  2.60 ( 1.35)	Data  2.54 ( 1.29)	Loss   0.69 (  0.68)	Cls Acc 100.0 (100.0)	Domain Acc 59.2 (61.0)
Epoch: [27][ 500/1000]	Time  1.88 ( 1.34)	Data  1.82 ( 1.28)	Loss   0.69 (  0.68)	Cls Acc 100.0 (100.0)	Domain Acc 58.6 (60.8)
Epoch: [27][ 550/1000]	Time  0.33 ( 1.34)	Data  0.27 ( 1.28)	Loss   0.70 (  0.68)	Cls Acc 100.0 (100.0)	Domain Acc 57.6 (60.8)
Epoch: [27][ 600/1000]	Time  3.35 ( 1.34)	Data  3.29 ( 1.28)	Loss   0.66 (  0.68)	Cls Acc 100.0 (100.0)	Domain Acc 63.9 (60.9)
Epoch: [27][ 650/1000]	Time  0.35 ( 1.34)	Data  0.29 ( 1.28)	Loss   0.68 (  0.68)	Cls Acc 100.0 (100.0)	Domain Acc 62.5 (60.9)
Epoch: [27][ 700/1000]	Time  0.35 ( 1.34)	Data  0.28 ( 1.28)	Loss   0.68 (  0.68)	Cls Acc 100.0 (100.0)	Domain Acc 60.2 (61.0)
Epoch: [27][ 750/1000]	Time  2.61 ( 1.34)	Data  2.54 ( 1.28)	Loss   0.70 (  0.68)	Cls Acc 100.0 (100.0)	Domain Acc 59.4 (61.0)
Epoch: [27][ 800/1000]	Time  0.34 ( 1.34)	Data  0.28 ( 1.28)	Loss   0.66 (  0.68)	Cls Acc 100.0 (100.0)	Domain Acc 67.2 (60.9)
Epoch: [27][ 850/1000]	Time  0.34 ( 1.34)	Data  0.28 ( 1.28)	Loss   0.68 (  0.68)	Cls Acc 100.0 (100.0)	Domain Acc 58.4 (61.1)
Epoch: [27][ 900/1000]	Time  2.71 ( 1.34)	Data  2.65 ( 1.28)	Loss   0.67 (  0.68)	Cls Acc 100.0 (100.0)	Domain Acc 65.0 (61.1)
Epoch: [27][ 950/1000]	Time  0.34 ( 1.34)	Data  0.28 ( 1.28)	Loss   0.67 (  0.68)	Cls Acc 100.0 (100.0)	Domain Acc 63.7 (61.1)
Test: [ 0/12]	Time  1.699 ( 1.699)	Loss 5.4191e+00 (5.4191e+00)	Acc@1  29.69 ( 29.69)	Acc@5  51.95 ( 51.95)
 * Acc@1 13.348 Acc@5 31.523
acc1 = 13.3, best_acc1 = 13.5
Epoch: [28][   0/1000]	Time  0.25 ( 0.25)	Data  0.19 ( 0.19)	Loss   0.67 (  0.67)	Cls Acc 100.0 (100.0)	Domain Acc 62.3 (62.3)
Epoch: [28][  50/1000]	Time  4.44 ( 1.37)	Data  4.38 ( 1.30)	Loss   0.70 (  0.69)	Cls Acc 100.0 (100.0)	Domain Acc 58.6 (59.8)
Epoch: [28][ 100/1000]	Time  0.35 ( 1.36)	Data  0.29 ( 1.29)	Loss   0.68 (  0.69)	Cls Acc 100.0 (100.0)	Domain Acc 63.5 (59.9)
Epoch: [28][ 150/1000]	Time  0.36 ( 1.37)	Data  0.30 ( 1.31)	Loss   0.69 (  0.69)	Cls Acc 100.0 (100.0)	Domain Acc 59.8 (60.3)
Epoch: [28][ 200/1000]	Time  2.75 ( 1.38)	Data  2.69 ( 1.32)	Loss   0.67 (  0.68)	Cls Acc 100.0 (100.0)	Domain Acc 63.9 (60.6)
Epoch: [28][ 250/1000]	Time  0.36 ( 1.38)	Data  0.30 ( 1.31)	Loss   0.70 (  0.69)	Cls Acc 100.0 (100.0)	Domain Acc 59.0 (60.6)
Epoch: [28][ 300/1000]	Time  0.35 ( 1.38)	Data  0.29 ( 1.32)	Loss   0.67 (  0.68)	Cls Acc 100.0 (100.0)	Domain Acc 61.9 (60.8)
Epoch: [28][ 350/1000]	Time  3.33 ( 1.38)	Data  3.27 ( 1.32)	Loss   0.71 (  0.68)	Cls Acc 100.0 (100.0)	Domain Acc 58.8 (60.6)
Epoch: [28][ 400/1000]	Time  0.34 ( 1.36)	Data  0.28 ( 1.30)	Loss   0.68 (  0.68)	Cls Acc 100.0 (100.0)	Domain Acc 62.7 (60.8)
Epoch: [28][ 450/1000]	Time  0.37 ( 1.37)	Data  0.31 ( 1.30)	Loss   0.71 (  0.68)	Cls Acc 100.0 (100.0)	Domain Acc 59.4 (60.7)
Epoch: [28][ 500/1000]	Time  2.62 ( 1.37)	Data  2.56 ( 1.30)	Loss   0.68 (  0.68)	Cls Acc 100.0 (100.0)	Domain Acc 59.8 (60.4)
Epoch: [28][ 550/1000]	Time  0.36 ( 1.36)	Data  0.30 ( 1.30)	Loss   0.66 (  0.68)	Cls Acc 100.0 (100.0)	Domain Acc 62.5 (60.6)
Epoch: [28][ 600/1000]	Time  1.97 ( 1.37)	Data  1.90 ( 1.30)	Loss   0.69 (  0.68)	Cls Acc 100.0 (100.0)	Domain Acc 57.0 (60.7)
Epoch: [28][ 650/1000]	Time  2.64 ( 1.37)	Data  2.58 ( 1.30)	Loss   0.66 (  0.68)	Cls Acc 100.0 (100.0)	Domain Acc 62.9 (60.8)
Epoch: [28][ 700/1000]	Time  0.36 ( 1.37)	Data  0.30 ( 1.30)	Loss   0.68 (  0.68)	Cls Acc 100.0 (100.0)	Domain Acc 60.5 (60.9)
Epoch: [28][ 750/1000]	Time  0.35 ( 1.37)	Data  0.29 ( 1.31)	Loss   0.70 (  0.68)	Cls Acc 100.0 (100.0)	Domain Acc 57.4 (61.0)
Epoch: [28][ 800/1000]	Time  3.47 ( 1.37)	Data  3.40 ( 1.31)	Loss   0.69 (  0.68)	Cls Acc 100.0 (100.0)	Domain Acc 60.4 (60.9)
Epoch: [28][ 850/1000]	Time  0.37 ( 1.37)	Data  0.30 ( 1.31)	Loss   0.68 (  0.68)	Cls Acc 100.0 (100.0)	Domain Acc 60.2 (60.9)
Epoch: [28][ 900/1000]	Time  0.36 ( 1.37)	Data  0.29 ( 1.31)	Loss   0.67 (  0.68)	Cls Acc 100.0 (100.0)	Domain Acc 64.5 (61.0)
Epoch: [28][ 950/1000]	Time  2.94 ( 1.37)	Data  2.88 ( 1.31)	Loss   0.68 (  0.68)	Cls Acc 100.0 (100.0)	Domain Acc 61.1 (61.1)
Test: [ 0/12]	Time  1.898 ( 1.898)	Loss 5.9294e+00 (5.9294e+00)	Acc@1  26.95 ( 26.95)	Acc@5  51.17 ( 51.17)
 * Acc@1 12.886 Acc@5 33.688
acc1 = 12.9, best_acc1 = 13.5
Epoch: [29][   0/1000]	Time  0.27 ( 0.27)	Data  0.21 ( 0.21)	Loss   0.67 (  0.67)	Cls Acc 100.0 (100.0)	Domain Acc 61.5 (61.5)
Epoch: [29][  50/1000]	Time  0.35 ( 1.36)	Data  0.28 ( 1.30)	Loss   0.65 (  0.66)	Cls Acc 100.0 (100.0)	Domain Acc 65.6 (63.7)
Epoch: [29][ 100/1000]	Time  2.61 ( 1.39)	Data  2.54 ( 1.32)	Loss   0.70 (  0.67)	Cls Acc 100.0 (100.0)	Domain Acc 55.3 (62.5)
Epoch: [29][ 150/1000]	Time  1.94 ( 1.36)	Data  1.88 ( 1.30)	Loss   0.65 (  0.67)	Cls Acc 100.0 (100.0)	Domain Acc 66.8 (63.3)
Epoch: [29][ 200/1000]	Time  0.34 ( 1.35)	Data  0.28 ( 1.29)	Loss   0.70 (  0.67)	Cls Acc 100.0 (100.0)	Domain Acc 60.0 (62.8)
Epoch: [29][ 250/1000]	Time  3.27 ( 1.36)	Data  3.20 ( 1.29)	Loss   0.67 (  0.67)	Cls Acc 100.0 (100.0)	Domain Acc 62.1 (62.5)
Epoch: [29][ 300/1000]	Time  0.32 ( 1.34)	Data  0.26 ( 1.28)	Loss   0.68 (  0.67)	Cls Acc 100.0 (100.0)	Domain Acc 63.1 (62.3)
