Namespace(arch='alexnet', batch_size=256, bottleneck_dim=256, center_crop=False, data='Office31', data_processing='ours', epochs=30, iters_per_epoch=1000, local=True, local_pretrained_path='/home/junzhin/Project/Summer_project/code/version1.0/pretrained_model_results/ALEX_office31masked2_newmodel_best.pth.tar', log='/home/junzhin/Project/Summer_project/code/version2.0/training_results/dann/ALEX_office31masked2/W_A', lr=0.01, lr_decay=0.75, lr_gamma=0.001, momentum=0.9, per_class_eval=False, phase='train', pretrained=True, print_freq=50, root='/home/junzhin/Project/Summer_project/code/version2.0/data/office31', seed=1, source='W', target='A', trade_off=1.0, weight_decay=0.001, workers=4)
../../../../dann_modified.py:46: UserWarning: You have chosen to seed training. This will turn on the CUDNN deterministic setting, which can slow down your training considerably! You may see unexpected behavior when restarting from checkpoints.
  warnings.warn('You have chosen to seed training. '
=> using pre-trained model 'alexnet'
Loading the local alexnet pretrained model weights!
Epoch: [0][   0/1000]	Time  0.50 ( 0.50)	Data  0.18 ( 0.18)	Loss   4.15 (  4.15)	Cls Acc 5.5 (5.5)	Domain Acc 62.1 (62.1)
Epoch: [0][  50/1000]	Time  0.50 ( 1.36)	Data  0.39 ( 1.24)	Loss   1.55 (  2.50)	Cls Acc 65.2 (41.7)	Domain Acc 95.1 (90.5)
Epoch: [0][ 100/1000]	Time  0.50 ( 1.41)	Data  0.39 ( 1.30)	Loss   0.67 (  1.80)	Cls Acc 93.0 (60.6)	Domain Acc 96.9 (93.2)
Epoch: [0][ 150/1000]	Time  2.60 ( 1.42)	Data  2.49 ( 1.31)	Loss   0.39 (  1.36)	Cls Acc 94.9 (72.1)	Domain Acc 97.7 (94.7)
Epoch: [0][ 200/1000]	Time  0.50 ( 1.42)	Data  0.39 ( 1.31)	Loss   0.59 (  1.11)	Cls Acc 99.2 (78.7)	Domain Acc 83.4 (94.8)
Epoch: [0][ 250/1000]	Time  0.50 ( 1.43)	Data  0.38 ( 1.31)	Loss   0.47 (  1.03)	Cls Acc 99.6 (82.8)	Domain Acc 85.9 (92.3)
Epoch: [0][ 300/1000]	Time  3.52 ( 1.43)	Data  3.41 ( 1.32)	Loss   1.23 (  0.95)	Cls Acc 100.0 (85.6)	Domain Acc 63.3 (90.5)
Epoch: [0][ 350/1000]	Time  0.50 ( 1.43)	Data  0.39 ( 1.32)	Loss   0.36 (  0.91)	Cls Acc 100.0 (87.6)	Domain Acc 88.3 (88.9)
Epoch: [0][ 400/1000]	Time  0.50 ( 1.43)	Data  0.39 ( 1.32)	Loss   0.94 (  0.88)	Cls Acc 100.0 (89.1)	Domain Acc 67.8 (87.4)
Epoch: [0][ 450/1000]	Time  2.70 ( 1.43)	Data  2.59 ( 1.32)	Loss   1.70 (  0.88)	Cls Acc 99.2 (90.3)	Domain Acc 52.0 (85.3)
Epoch: [0][ 500/1000]	Time  0.50 ( 1.43)	Data  0.39 ( 1.32)	Loss   2.09 (  0.94)	Cls Acc 98.4 (91.1)	Domain Acc 49.4 (82.0)
Epoch: [0][ 550/1000]	Time  2.04 ( 1.44)	Data  1.93 ( 1.32)	Loss   0.83 (  0.96)	Cls Acc 99.6 (91.9)	Domain Acc 63.7 (79.6)
Epoch: [0][ 600/1000]	Time  2.60 ( 1.44)	Data  2.49 ( 1.32)	Loss   1.07 (  0.96)	Cls Acc 99.6 (92.5)	Domain Acc 48.2 (77.7)
Epoch: [0][ 650/1000]	Time  0.49 ( 1.43)	Data  0.38 ( 1.32)	Loss   0.92 (  0.96)	Cls Acc 100.0 (93.0)	Domain Acc 52.5 (75.8)
Epoch: [0][ 700/1000]	Time  0.49 ( 1.43)	Data  0.37 ( 1.32)	Loss   0.97 (  0.95)	Cls Acc 100.0 (93.5)	Domain Acc 45.3 (74.1)
Epoch: [0][ 750/1000]	Time  3.33 ( 1.44)	Data  3.22 ( 1.33)	Loss   0.87 (  0.95)	Cls Acc 99.6 (93.9)	Domain Acc 50.8 (72.7)
Epoch: [0][ 800/1000]	Time  0.49 ( 1.43)	Data  0.38 ( 1.32)	Loss   0.82 (  0.95)	Cls Acc 99.2 (94.3)	Domain Acc 61.9 (71.3)
Epoch: [0][ 850/1000]	Time  0.48 ( 1.44)	Data  0.37 ( 1.32)	Loss   0.75 (  0.95)	Cls Acc 100.0 (94.6)	Domain Acc 58.4 (70.2)
Epoch: [0][ 900/1000]	Time  2.67 ( 1.44)	Data  2.56 ( 1.32)	Loss   0.94 (  0.94)	Cls Acc 100.0 (94.9)	Domain Acc 47.7 (69.2)
Epoch: [0][ 950/1000]	Time  0.50 ( 1.44)	Data  0.39 ( 1.32)	Loss   0.80 (  0.94)	Cls Acc 100.0 (95.1)	Domain Acc 56.6 (68.2)
Test: [ 0/12]	Time  1.726 ( 1.726)	Loss 9.4560e+00 (9.4560e+00)	Acc@1   0.78 (  0.78)	Acc@5  10.55 ( 10.55)
 * Acc@1 7.490 Acc@5 24.814
acc1 = 7.5, best_acc1 = 7.5
Epoch: [1][   0/1000]	Time  0.30 ( 0.30)	Data  0.18 ( 0.18)	Loss   1.01 (  1.01)	Cls Acc 99.6 (99.6)	Domain Acc 40.2 (40.2)
Epoch: [1][  50/1000]	Time  2.62 ( 1.46)	Data  2.51 ( 1.35)	Loss   0.97 (  0.90)	Cls Acc 100.0 (99.6)	Domain Acc 50.0 (48.5)
Epoch: [1][ 100/1000]	Time  1.95 ( 1.44)	Data  1.83 ( 1.32)	Loss   0.98 (  0.90)	Cls Acc 99.2 (99.6)	Domain Acc 38.1 (49.4)
Epoch: [1][ 150/1000]	Time  0.49 ( 1.44)	Data  0.37 ( 1.33)	Loss   0.78 (  0.87)	Cls Acc 99.2 (99.6)	Domain Acc 58.2 (51.5)
Epoch: [1][ 200/1000]	Time  3.55 ( 1.45)	Data  3.43 ( 1.34)	Loss   0.72 (  0.86)	Cls Acc 100.0 (99.6)	Domain Acc 65.4 (52.4)
Epoch: [1][ 250/1000]	Time  0.49 ( 1.44)	Data  0.38 ( 1.33)	Loss   0.97 (  0.85)	Cls Acc 99.6 (99.6)	Domain Acc 43.0 (52.4)
Epoch: [1][ 300/1000]	Time  0.49 ( 1.44)	Data  0.38 ( 1.33)	Loss   0.83 (  0.86)	Cls Acc 99.2 (99.6)	Domain Acc 63.5 (51.9)
Epoch: [1][ 350/1000]	Time  2.68 ( 1.44)	Data  2.57 ( 1.33)	Loss   0.81 (  0.87)	Cls Acc 98.8 (99.6)	Domain Acc 53.9 (52.0)
Epoch: [1][ 400/1000]	Time  0.48 ( 1.44)	Data  0.37 ( 1.33)	Loss   0.88 (  0.88)	Cls Acc 99.6 (99.6)	Domain Acc 49.0 (52.1)
Epoch: [1][ 450/1000]	Time  0.49 ( 1.44)	Data  0.38 ( 1.33)	Loss   0.74 (  0.87)	Cls Acc 99.6 (99.6)	Domain Acc 63.5 (52.3)
Epoch: [1][ 500/1000]	Time  2.77 ( 1.45)	Data  2.66 ( 1.33)	Loss   0.83 (  0.87)	Cls Acc 100.0 (99.6)	Domain Acc 58.4 (52.2)
Epoch: [1][ 550/1000]	Time  0.49 ( 1.44)	Data  0.38 ( 1.33)	Loss   0.79 (  0.86)	Cls Acc 100.0 (99.6)	Domain Acc 53.7 (52.4)
Epoch: [1][ 600/1000]	Time  0.50 ( 1.44)	Data  0.39 ( 1.33)	Loss   0.87 (  0.86)	Cls Acc 100.0 (99.6)	Domain Acc 47.9 (52.7)
Epoch: [1][ 650/1000]	Time  4.49 ( 1.45)	Data  4.38 ( 1.33)	Loss   0.82 (  0.85)	Cls Acc 100.0 (99.6)	Domain Acc 53.5 (53.0)
Epoch: [1][ 700/1000]	Time  0.49 ( 1.44)	Data  0.38 ( 1.33)	Loss   0.80 (  0.85)	Cls Acc 99.6 (99.6)	Domain Acc 51.6 (53.0)
Epoch: [1][ 750/1000]	Time  0.49 ( 1.44)	Data  0.37 ( 1.33)	Loss   0.81 (  0.85)	Cls Acc 99.6 (99.6)	Domain Acc 55.5 (52.8)
Epoch: [1][ 800/1000]	Time  2.80 ( 1.45)	Data  2.68 ( 1.33)	Loss   0.81 (  0.85)	Cls Acc 99.6 (99.6)	Domain Acc 55.5 (52.9)
Epoch: [1][ 850/1000]	Time  0.51 ( 1.45)	Data  0.40 ( 1.33)	Loss   0.78 (  0.85)	Cls Acc 100.0 (99.6)	Domain Acc 61.5 (52.9)
Epoch: [1][ 900/1000]	Time  0.49 ( 1.45)	Data  0.38 ( 1.34)	Loss   0.97 (  0.84)	Cls Acc 99.6 (99.6)	Domain Acc 53.7 (53.1)
Epoch: [1][ 950/1000]	Time  3.45 ( 1.45)	Data  3.34 ( 1.34)	Loss   0.78 (  0.84)	Cls Acc 99.2 (99.6)	Domain Acc 52.9 (53.1)
Test: [ 0/12]	Time  1.865 ( 1.865)	Loss 7.7138e+00 (7.7138e+00)	Acc@1  10.16 ( 10.16)	Acc@5  30.86 ( 30.86)
 * Acc@1 12.460 Acc@5 29.322
acc1 = 12.5, best_acc1 = 12.5
Epoch: [2][   0/1000]	Time  0.30 ( 0.30)	Data  0.19 ( 0.19)	Loss   0.84 (  0.84)	Cls Acc 100.0 (100.0)	Domain Acc 47.7 (47.7)
Epoch: [2][  50/1000]	Time  0.50 ( 1.49)	Data  0.39 ( 1.38)	Loss   0.87 (  0.78)	Cls Acc 99.2 (99.8)	Domain Acc 43.9 (54.4)
Epoch: [2][ 100/1000]	Time  2.81 ( 1.48)	Data  2.70 ( 1.37)	Loss   0.72 (  0.79)	Cls Acc 99.6 (99.8)	Domain Acc 56.4 (53.9)
Epoch: [2][ 150/1000]	Time  0.50 ( 1.48)	Data  0.39 ( 1.37)	Loss   0.85 (  0.78)	Cls Acc 99.2 (99.8)	Domain Acc 57.8 (54.8)
Epoch: [2][ 200/1000]	Time  2.13 ( 1.48)	Data  2.01 ( 1.37)	Loss   0.86 (  0.77)	Cls Acc 100.0 (99.8)	Domain Acc 46.7 (54.9)
Epoch: [2][ 250/1000]	Time  2.65 ( 1.48)	Data  2.53 ( 1.37)	Loss   0.80 (  0.78)	Cls Acc 100.0 (99.8)	Domain Acc 54.3 (54.7)
Epoch: [2][ 300/1000]	Time  0.51 ( 1.47)	Data  0.40 ( 1.36)	Loss   0.77 (  0.78)	Cls Acc 99.6 (99.8)	Domain Acc 51.4 (54.5)
Epoch: [2][ 350/1000]	Time  0.48 ( 1.47)	Data  0.37 ( 1.36)	Loss   0.82 (  0.78)	Cls Acc 99.6 (99.8)	Domain Acc 46.1 (54.6)
Epoch: [2][ 400/1000]	Time  3.39 ( 1.47)	Data  3.28 ( 1.36)	Loss   0.71 (  0.78)	Cls Acc 100.0 (99.8)	Domain Acc 57.6 (54.6)
Epoch: [2][ 450/1000]	Time  0.49 ( 1.47)	Data  0.38 ( 1.35)	Loss   0.86 (  0.77)	Cls Acc 100.0 (99.8)	Domain Acc 45.1 (54.8)
Epoch: [2][ 500/1000]	Time  0.49 ( 1.47)	Data  0.38 ( 1.36)	Loss   0.68 (  0.77)	Cls Acc 100.0 (99.8)	Domain Acc 65.0 (54.8)
Epoch: [2][ 550/1000]	Time  2.71 ( 1.47)	Data  2.60 ( 1.36)	Loss   0.78 (  0.77)	Cls Acc 100.0 (99.8)	Domain Acc 55.5 (54.8)
Epoch: [2][ 600/1000]	Time  0.50 ( 1.47)	Data  0.39 ( 1.35)	Loss   0.81 (  0.77)	Cls Acc 100.0 (99.8)	Domain Acc 51.0 (54.9)
Epoch: [2][ 650/1000]	Time  0.50 ( 1.47)	Data  0.38 ( 1.35)	Loss   0.77 (  0.77)	Cls Acc 99.6 (99.8)	Domain Acc 58.0 (55.0)
Epoch: [2][ 700/1000]	Time  2.78 ( 1.47)	Data  2.66 ( 1.36)	Loss   0.74 (  0.77)	Cls Acc 100.0 (99.8)	Domain Acc 56.6 (55.1)
Epoch: [2][ 750/1000]	Time  2.02 ( 1.47)	Data  1.91 ( 1.35)	Loss   0.77 (  0.77)	Cls Acc 99.6 (99.8)	Domain Acc 52.0 (55.1)
Epoch: [2][ 800/1000]	Time  0.50 ( 1.47)	Data  0.38 ( 1.35)	Loss   0.64 (  0.77)	Cls Acc 100.0 (99.8)	Domain Acc 64.5 (55.1)
Epoch: [2][ 850/1000]	Time  3.49 ( 1.47)	Data  3.37 ( 1.36)	Loss   0.67 (  0.76)	Cls Acc 100.0 (99.8)	Domain Acc 61.7 (55.3)
Epoch: [2][ 900/1000]	Time  0.48 ( 1.47)	Data  0.37 ( 1.35)	Loss   0.81 (  0.76)	Cls Acc 100.0 (99.8)	Domain Acc 52.5 (55.4)
Epoch: [2][ 950/1000]	Time  0.51 ( 1.47)	Data  0.40 ( 1.35)	Loss   0.78 (  0.76)	Cls Acc 99.6 (99.8)	Domain Acc 53.3 (55.6)
Test: [ 0/12]	Time  1.726 ( 1.726)	Loss 5.7062e+00 (5.7062e+00)	Acc@1  21.88 ( 21.88)	Acc@5  44.14 ( 44.14)
 * Acc@1 9.798 Acc@5 30.351
acc1 = 9.8, best_acc1 = 12.5
Epoch: [3][   0/1000]	Time  2.75 ( 2.75)	Data  2.64 ( 2.64)	Loss   0.76 (  0.76)	Cls Acc 100.0 (100.0)	Domain Acc 54.9 (54.9)
Epoch: [3][  50/1000]	Time  0.48 ( 1.48)	Data  0.37 ( 1.37)	Loss   0.73 (  0.76)	Cls Acc 100.0 (99.8)	Domain Acc 57.4 (55.6)
Epoch: [3][ 100/1000]	Time  0.50 ( 1.47)	Data  0.39 ( 1.36)	Loss   0.76 (  0.75)	Cls Acc 99.6 (99.8)	Domain Acc 55.9 (56.5)
Epoch: [3][ 150/1000]	Time  2.84 ( 1.49)	Data  2.73 ( 1.38)	Loss   0.66 (  0.75)	Cls Acc 100.0 (99.9)	Domain Acc 64.8 (56.2)
Epoch: [3][ 200/1000]	Time  0.50 ( 1.46)	Data  0.39 ( 1.35)	Loss   0.73 (  0.74)	Cls Acc 100.0 (99.9)	Domain Acc 57.0 (56.3)
Epoch: [3][ 250/1000]	Time  0.50 ( 1.47)	Data  0.39 ( 1.36)	Loss   0.81 (  0.75)	Cls Acc 100.0 (99.8)	Domain Acc 49.0 (56.2)
Epoch: [3][ 300/1000]	Time  4.41 ( 1.47)	Data  4.30 ( 1.36)	Loss   0.74 (  0.75)	Cls Acc 100.0 (99.9)	Domain Acc 56.4 (56.1)
Epoch: [3][ 350/1000]	Time  0.50 ( 1.47)	Data  0.39 ( 1.36)	Loss   0.72 (  0.75)	Cls Acc 100.0 (99.9)	Domain Acc 60.7 (56.1)
Epoch: [3][ 400/1000]	Time  0.51 ( 1.47)	Data  0.40 ( 1.36)	Loss   0.72 (  0.75)	Cls Acc 99.6 (99.8)	Domain Acc 60.9 (56.2)
Epoch: [3][ 450/1000]	Time  2.68 ( 1.47)	Data  2.56 ( 1.36)	Loss   0.77 (  0.75)	Cls Acc 100.0 (99.9)	Domain Acc 54.7 (56.2)
Epoch: [3][ 500/1000]	Time  0.51 ( 1.47)	Data  0.40 ( 1.36)	Loss   0.79 (  0.75)	Cls Acc 100.0 (99.8)	Domain Acc 51.0 (56.2)
Epoch: [3][ 550/1000]	Time  0.50 ( 1.47)	Data  0.38 ( 1.36)	Loss   0.73 (  0.75)	Cls Acc 100.0 (99.9)	Domain Acc 60.0 (56.2)
Epoch: [3][ 600/1000]	Time  3.61 ( 1.47)	Data  3.49 ( 1.36)	Loss   0.69 (  0.74)	Cls Acc 100.0 (99.9)	Domain Acc 63.1 (56.3)
Epoch: [3][ 650/1000]	Time  0.51 ( 1.47)	Data  0.39 ( 1.36)	Loss   0.69 (  0.74)	Cls Acc 100.0 (99.9)	Domain Acc 61.1 (56.3)
Epoch: [3][ 700/1000]	Time  0.50 ( 1.47)	Data  0.39 ( 1.36)	Loss   0.69 (  0.74)	Cls Acc 100.0 (99.9)	Domain Acc 62.1 (56.4)
Epoch: [3][ 750/1000]	Time  2.77 ( 1.47)	Data  2.66 ( 1.36)	Loss   0.70 (  0.74)	Cls Acc 100.0 (99.9)	Domain Acc 65.6 (56.3)
Epoch: [3][ 800/1000]	Time  0.50 ( 1.47)	Data  0.39 ( 1.36)	Loss   0.72 (  0.74)	Cls Acc 100.0 (99.9)	Domain Acc 58.8 (56.4)
Epoch: [3][ 850/1000]	Time  2.48 ( 1.47)	Data  2.36 ( 1.36)	Loss   0.74 (  0.74)	Cls Acc 100.0 (99.9)	Domain Acc 52.5 (56.2)
Epoch: [3][ 900/1000]	Time  2.71 ( 1.47)	Data  2.60 ( 1.36)	Loss   0.70 (  0.74)	Cls Acc 100.0 (99.9)	Domain Acc 61.3 (56.2)
Epoch: [3][ 950/1000]	Time  0.49 ( 1.47)	Data  0.38 ( 1.36)	Loss   0.68 (  0.74)	Cls Acc 99.6 (99.9)	Domain Acc 65.6 (56.3)
Test: [ 0/12]	Time  1.863 ( 1.863)	Loss 5.9838e+00 (5.9838e+00)	Acc@1  12.50 ( 12.50)	Acc@5  35.16 ( 35.16)
 * Acc@1 9.230 Acc@5 31.416
acc1 = 9.2, best_acc1 = 12.5
Epoch: [4][   0/1000]	Time  0.28 ( 0.28)	Data  0.17 ( 0.17)	Loss   0.78 (  0.78)	Cls Acc 99.6 (99.6)	Domain Acc 45.9 (45.9)
Epoch: [4][  50/1000]	Time  3.53 ( 1.49)	Data  3.42 ( 1.38)	Loss   0.79 (  0.75)	Cls Acc 99.6 (99.9)	Domain Acc 49.4 (54.7)
Epoch: [4][ 100/1000]	Time  0.50 ( 1.46)	Data  0.39 ( 1.35)	Loss   0.82 (  0.75)	Cls Acc 100.0 (99.9)	Domain Acc 49.4 (55.5)
Epoch: [4][ 150/1000]	Time  0.50 ( 1.48)	Data  0.38 ( 1.37)	Loss   0.70 (  0.75)	Cls Acc 99.2 (99.9)	Domain Acc 59.0 (55.3)
Epoch: [4][ 200/1000]	Time  2.81 ( 1.48)	Data  2.70 ( 1.37)	Loss   0.71 (  0.74)	Cls Acc 100.0 (99.9)	Domain Acc 60.5 (55.4)
Epoch: [4][ 250/1000]	Time  0.51 ( 1.48)	Data  0.39 ( 1.37)	Loss   0.73 (  0.73)	Cls Acc 100.0 (99.9)	Domain Acc 55.1 (56.4)
Epoch: [4][ 300/1000]	Time  0.50 ( 1.48)	Data  0.39 ( 1.37)	Loss   0.72 (  0.73)	Cls Acc 100.0 (99.9)	Domain Acc 55.7 (57.0)
Epoch: [4][ 350/1000]	Time  2.74 ( 1.48)	Data  2.63 ( 1.37)	Loss   0.69 (  0.73)	Cls Acc 100.0 (99.9)	Domain Acc 60.0 (56.9)
Epoch: [4][ 400/1000]	Time  2.15 ( 1.48)	Data  2.03 ( 1.37)	Loss   0.70 (  0.72)	Cls Acc 100.0 (99.9)	Domain Acc 57.6 (56.9)
Epoch: [4][ 450/1000]	Time  0.50 ( 1.48)	Data  0.38 ( 1.37)	Loss   0.76 (  0.72)	Cls Acc 100.0 (99.9)	Domain Acc 49.4 (56.9)
Epoch: [4][ 500/1000]	Time  3.69 ( 1.48)	Data  3.57 ( 1.37)	Loss   0.75 (  0.72)	Cls Acc 99.6 (99.9)	Domain Acc 52.5 (57.0)
Epoch: [4][ 550/1000]	Time  0.50 ( 1.47)	Data  0.39 ( 1.36)	Loss   0.72 (  0.72)	Cls Acc 100.0 (99.9)	Domain Acc 55.1 (57.1)
Epoch: [4][ 600/1000]	Time  0.50 ( 1.48)	Data  0.39 ( 1.36)	Loss   0.72 (  0.72)	Cls Acc 100.0 (99.9)	Domain Acc 55.3 (56.9)
Epoch: [4][ 650/1000]	Time  2.69 ( 1.48)	Data  2.58 ( 1.36)	Loss   0.70 (  0.72)	Cls Acc 100.0 (99.9)	Domain Acc 59.6 (56.8)
Epoch: [4][ 700/1000]	Time  0.48 ( 1.47)	Data  0.37 ( 1.36)	Loss   0.81 (  0.73)	Cls Acc 99.6 (99.9)	Domain Acc 49.0 (56.6)
Epoch: [4][ 750/1000]	Time  0.50 ( 1.47)	Data  0.38 ( 1.36)	Loss   0.74 (  0.72)	Cls Acc 100.0 (99.9)	Domain Acc 54.7 (56.8)
Epoch: [4][ 800/1000]	Time  2.81 ( 1.48)	Data  2.70 ( 1.36)	Loss   0.78 (  0.73)	Cls Acc 100.0 (99.9)	Domain Acc 49.4 (56.6)
Epoch: [4][ 850/1000]	Time  0.50 ( 1.47)	Data  0.39 ( 1.36)	Loss   0.73 (  0.73)	Cls Acc 100.0 (99.9)	Domain Acc 51.6 (56.7)
Epoch: [4][ 900/1000]	Time  0.50 ( 1.47)	Data  0.39 ( 1.36)	Loss   0.71 (  0.73)	Cls Acc 100.0 (99.9)	Domain Acc 57.4 (56.5)
Epoch: [4][ 950/1000]	Time  4.37 ( 1.48)	Data  4.25 ( 1.36)	Loss   0.74 (  0.73)	Cls Acc 100.0 (99.9)	Domain Acc 52.7 (56.7)
Test: [ 0/12]	Time  1.793 ( 1.793)	Loss 6.0312e+00 (6.0312e+00)	Acc@1  17.19 ( 17.19)	Acc@5  40.23 ( 40.23)
 * Acc@1 10.366 Acc@5 32.304
acc1 = 10.4, best_acc1 = 12.5
Epoch: [5][   0/1000]	Time  0.29 ( 0.29)	Data  0.18 ( 0.18)	Loss   0.70 (  0.70)	Cls Acc 100.0 (100.0)	Domain Acc 56.8 (56.8)
Epoch: [5][  50/1000]	Time  0.51 ( 1.47)	Data  0.40 ( 1.36)	Loss   0.70 (  0.72)	Cls Acc 99.6 (99.9)	Domain Acc 58.8 (56.0)
Epoch: [5][ 100/1000]	Time  2.73 ( 1.47)	Data  2.62 ( 1.36)	Loss   0.71 (  0.72)	Cls Acc 100.0 (99.9)	Domain Acc 60.0 (57.5)
Epoch: [5][ 150/1000]	Time  0.51 ( 1.46)	Data  0.40 ( 1.35)	Loss   0.72 (  0.73)	Cls Acc 100.0 (99.9)	Domain Acc 58.2 (56.4)
Epoch: [5][ 200/1000]	Time  0.50 ( 1.46)	Data  0.39 ( 1.35)	Loss   0.80 (  0.72)	Cls Acc 99.6 (99.9)	Domain Acc 46.5 (57.5)
Epoch: [5][ 250/1000]	Time  3.56 ( 1.47)	Data  3.45 ( 1.36)	Loss   0.70 (  0.72)	Cls Acc 99.6 (99.9)	Domain Acc 59.4 (57.3)
Epoch: [5][ 300/1000]	Time  0.50 ( 1.46)	Data  0.39 ( 1.35)	Loss   0.76 (  0.72)	Cls Acc 99.6 (99.9)	Domain Acc 54.5 (57.0)
Epoch: [5][ 350/1000]	Time  0.50 ( 1.47)	Data  0.39 ( 1.36)	Loss   0.75 (  0.72)	Cls Acc 100.0 (99.9)	Domain Acc 52.3 (57.0)
Epoch: [5][ 400/1000]	Time  2.71 ( 1.47)	Data  2.60 ( 1.35)	Loss   0.67 (  0.72)	Cls Acc 100.0 (99.9)	Domain Acc 64.1 (57.1)
Epoch: [5][ 450/1000]	Time  0.51 ( 1.47)	Data  0.40 ( 1.36)	Loss   0.69 (  0.72)	Cls Acc 100.0 (99.9)	Domain Acc 60.2 (57.1)
Epoch: [5][ 500/1000]	Time  2.07 ( 1.47)	Data  1.96 ( 1.36)	Loss   0.72 (  0.72)	Cls Acc 100.0 (99.9)	Domain Acc 55.3 (57.1)
Epoch: [5][ 550/1000]	Time  2.68 ( 1.47)	Data  2.57 ( 1.36)	Loss   0.69 (  0.72)	Cls Acc 100.0 (99.9)	Domain Acc 61.3 (57.1)
Epoch: [5][ 600/1000]	Time  0.49 ( 1.47)	Data  0.38 ( 1.35)	Loss   0.75 (  0.72)	Cls Acc 99.6 (99.9)	Domain Acc 53.9 (57.2)
Epoch: [5][ 650/1000]	Time  0.48 ( 1.47)	Data  0.37 ( 1.36)	Loss   0.71 (  0.72)	Cls Acc 99.6 (99.9)	Domain Acc 60.2 (57.2)
Epoch: [5][ 700/1000]	Time  3.74 ( 1.47)	Data  3.63 ( 1.36)	Loss   0.71 (  0.72)	Cls Acc 100.0 (99.9)	Domain Acc 55.5 (57.2)
Epoch: [5][ 750/1000]	Time  0.49 ( 1.47)	Data  0.38 ( 1.35)	Loss   0.72 (  0.72)	Cls Acc 100.0 (99.9)	Domain Acc 58.4 (57.4)
Epoch: [5][ 800/1000]	Time  0.48 ( 1.47)	Data  0.37 ( 1.36)	Loss   0.69 (  0.72)	Cls Acc 100.0 (99.9)	Domain Acc 61.3 (57.4)
Epoch: [5][ 850/1000]	Time  2.64 ( 1.47)	Data  2.53 ( 1.35)	Loss   0.71 (  0.72)	Cls Acc 100.0 (99.9)	Domain Acc 57.4 (57.5)
Epoch: [5][ 900/1000]	Time  0.50 ( 1.47)	Data  0.39 ( 1.35)	Loss   0.72 (  0.72)	Cls Acc 100.0 (99.9)	Domain Acc 57.8 (57.6)
Epoch: [5][ 950/1000]	Time  0.49 ( 1.47)	Data  0.38 ( 1.35)	Loss   0.69 (  0.72)	Cls Acc 100.0 (99.9)	Domain Acc 64.5 (57.7)
Test: [ 0/12]	Time  1.827 ( 1.827)	Loss 5.6135e+00 (5.6135e+00)	Acc@1  26.17 ( 26.17)	Acc@5  46.48 ( 46.48)
 * Acc@1 10.224 Acc@5 33.937
acc1 = 10.2, best_acc1 = 12.5
Epoch: [6][   0/1000]	Time  2.73 ( 2.73)	Data  2.61 ( 2.61)	Loss   0.74 (  0.74)	Cls Acc 100.0 (100.0)	Domain Acc 51.8 (51.8)
Epoch: [6][  50/1000]	Time  2.02 ( 1.46)	Data  1.91 ( 1.35)	Loss   0.70 (  0.71)	Cls Acc 100.0 (100.0)	Domain Acc 58.6 (57.8)
Epoch: [6][ 100/1000]	Time  0.48 ( 1.47)	Data  0.37 ( 1.36)	Loss   0.70 (  0.71)	Cls Acc 100.0 (99.9)	Domain Acc 58.0 (56.9)
Epoch: [6][ 150/1000]	Time  3.47 ( 1.48)	Data  3.35 ( 1.37)	Loss   0.71 (  0.71)	Cls Acc 100.0 (100.0)	Domain Acc 62.1 (56.9)
Epoch: [6][ 200/1000]	Time  0.48 ( 1.47)	Data  0.37 ( 1.35)	Loss   0.70 (  0.71)	Cls Acc 100.0 (100.0)	Domain Acc 60.4 (57.8)
Epoch: [6][ 250/1000]	Time  0.49 ( 1.47)	Data  0.37 ( 1.36)	Loss   0.70 (  0.71)	Cls Acc 100.0 (100.0)	Domain Acc 62.1 (57.9)
Epoch: [6][ 300/1000]	Time  2.73 ( 1.47)	Data  2.62 ( 1.36)	Loss   0.73 (  0.71)	Cls Acc 100.0 (100.0)	Domain Acc 54.1 (58.2)
Epoch: [6][ 350/1000]	Time  0.50 ( 1.47)	Data  0.39 ( 1.36)	Loss   0.75 (  0.71)	Cls Acc 100.0 (100.0)	Domain Acc 54.9 (58.5)
Epoch: [6][ 400/1000]	Time  0.50 ( 1.47)	Data  0.39 ( 1.36)	Loss   0.69 (  0.71)	Cls Acc 100.0 (100.0)	Domain Acc 58.8 (58.2)
Epoch: [6][ 450/1000]	Time  2.74 ( 1.47)	Data  2.62 ( 1.36)	Loss   0.72 (  0.71)	Cls Acc 100.0 (100.0)	Domain Acc 55.5 (58.3)
Epoch: [6][ 500/1000]	Time  0.50 ( 1.47)	Data  0.39 ( 1.35)	Loss   0.68 (  0.71)	Cls Acc 100.0 (100.0)	Domain Acc 60.2 (58.3)
Epoch: [6][ 550/1000]	Time  0.50 ( 1.47)	Data  0.39 ( 1.36)	Loss   0.72 (  0.71)	Cls Acc 100.0 (100.0)	Domain Acc 58.0 (58.3)
Epoch: [6][ 600/1000]	Time  4.53 ( 1.47)	Data  4.42 ( 1.36)	Loss   0.72 (  0.71)	Cls Acc 100.0 (100.0)	Domain Acc 53.9 (58.1)
Epoch: [6][ 650/1000]	Time  0.49 ( 1.47)	Data  0.38 ( 1.36)	Loss   0.70 (  0.71)	Cls Acc 100.0 (100.0)	Domain Acc 59.4 (58.3)
Epoch: [6][ 700/1000]	Time  0.51 ( 1.47)	Data  0.40 ( 1.36)	Loss   0.71 (  0.71)	Cls Acc 100.0 (100.0)	Domain Acc 57.2 (58.3)
Epoch: [6][ 750/1000]	Time  2.65 ( 1.47)	Data  2.54 ( 1.36)	Loss   0.70 (  0.71)	Cls Acc 100.0 (100.0)	Domain Acc 58.6 (58.2)
Epoch: [6][ 800/1000]	Time  0.51 ( 1.47)	Data  0.39 ( 1.36)	Loss   0.70 (  0.71)	Cls Acc 100.0 (100.0)	Domain Acc 56.2 (58.2)
Epoch: [6][ 850/1000]	Time  0.49 ( 1.47)	Data  0.38 ( 1.36)	Loss   0.71 (  0.71)	Cls Acc 100.0 (100.0)	Domain Acc 58.0 (58.3)
Epoch: [6][ 900/1000]	Time  3.53 ( 1.47)	Data  3.42 ( 1.36)	Loss   0.70 (  0.71)	Cls Acc 100.0 (100.0)	Domain Acc 55.7 (58.4)
Epoch: [6][ 950/1000]	Time  0.50 ( 1.47)	Data  0.39 ( 1.36)	Loss   0.68 (  0.71)	Cls Acc 100.0 (100.0)	Domain Acc 62.1 (58.4)
Test: [ 0/12]	Time  1.827 ( 1.827)	Loss 5.4301e+00 (5.4301e+00)	Acc@1  22.27 ( 22.27)	Acc@5  48.83 ( 48.83)
 * Acc@1 11.182 Acc@5 33.617
acc1 = 11.2, best_acc1 = 12.5
Epoch: [7][   0/1000]	Time  0.30 ( 0.30)	Data  0.19 ( 0.19)	Loss   0.68 (  0.68)	Cls Acc 100.0 (100.0)	Domain Acc 63.1 (63.1)
Epoch: [7][  50/1000]	Time  2.73 ( 1.43)	Data  2.62 ( 1.32)	Loss   0.69 (  0.70)	Cls Acc 100.0 (100.0)	Domain Acc 59.2 (60.4)
Epoch: [7][ 100/1000]	Time  0.50 ( 1.45)	Data  0.39 ( 1.34)	Loss   0.68 (  0.70)	Cls Acc 100.0 (100.0)	Domain Acc 62.3 (59.5)
Epoch: [7][ 150/1000]	Time  2.13 ( 1.46)	Data  2.02 ( 1.35)	Loss   0.68 (  0.69)	Cls Acc 100.0 (100.0)	Domain Acc 62.1 (60.0)
Epoch: [7][ 200/1000]	Time  2.71 ( 1.47)	Data  2.60 ( 1.36)	Loss   0.71 (  0.70)	Cls Acc 100.0 (100.0)	Domain Acc 55.1 (59.2)
Epoch: [7][ 250/1000]	Time  0.51 ( 1.46)	Data  0.39 ( 1.35)	Loss   0.74 (  0.70)	Cls Acc 100.0 (100.0)	Domain Acc 54.7 (59.6)
Epoch: [7][ 300/1000]	Time  0.50 ( 1.47)	Data  0.39 ( 1.36)	Loss   0.73 (  0.70)	Cls Acc 99.6 (100.0)	Domain Acc 54.9 (59.6)
Epoch: [7][ 350/1000]	Time  3.51 ( 1.47)	Data  3.40 ( 1.36)	Loss   0.74 (  0.70)	Cls Acc 100.0 (100.0)	Domain Acc 54.5 (59.5)
Epoch: [7][ 400/1000]	Time  0.50 ( 1.47)	Data  0.38 ( 1.35)	Loss   0.74 (  0.70)	Cls Acc 100.0 (100.0)	Domain Acc 55.7 (58.9)
Epoch: [7][ 450/1000]	Time  0.48 ( 1.47)	Data  0.37 ( 1.36)	Loss   0.76 (  0.70)	Cls Acc 100.0 (100.0)	Domain Acc 53.9 (59.0)
Epoch: [7][ 500/1000]	Time  2.73 ( 1.47)	Data  2.61 ( 1.36)	Loss   0.71 (  0.70)	Cls Acc 100.0 (100.0)	Domain Acc 60.0 (58.8)
Epoch: [7][ 550/1000]	Time  0.50 ( 1.47)	Data  0.39 ( 1.35)	Loss   0.76 (  0.70)	Cls Acc 100.0 (100.0)	Domain Acc 51.6 (58.9)
Epoch: [7][ 600/1000]	Time  0.50 ( 1.47)	Data  0.38 ( 1.36)	Loss   0.66 (  0.70)	Cls Acc 100.0 (100.0)	Domain Acc 64.6 (58.9)
Epoch: [7][ 650/1000]	Time  2.67 ( 1.47)	Data  2.56 ( 1.36)	Loss   0.66 (  0.70)	Cls Acc 100.0 (100.0)	Domain Acc 64.3 (59.0)
Epoch: [7][ 700/1000]	Time  2.14 ( 1.47)	Data  2.03 ( 1.36)	Loss   0.71 (  0.70)	Cls Acc 99.6 (100.0)	Domain Acc 56.4 (58.8)
Epoch: [7][ 750/1000]	Time  0.49 ( 1.47)	Data  0.38 ( 1.36)	Loss   0.72 (  0.70)	Cls Acc 99.6 (100.0)	Domain Acc 58.0 (58.9)
Epoch: [7][ 800/1000]	Time  3.65 ( 1.47)	Data  3.53 ( 1.36)	Loss   0.68 (  0.70)	Cls Acc 100.0 (100.0)	Domain Acc 60.2 (58.8)
Epoch: [7][ 850/1000]	Time  0.50 ( 1.47)	Data  0.39 ( 1.36)	Loss   0.72 (  0.70)	Cls Acc 100.0 (100.0)	Domain Acc 58.8 (58.6)
Epoch: [7][ 900/1000]	Time  0.50 ( 1.47)	Data  0.39 ( 1.36)	Loss   0.67 (  0.70)	Cls Acc 100.0 (100.0)	Domain Acc 62.7 (59.0)
Epoch: [7][ 950/1000]	Time  2.69 ( 1.47)	Data  2.58 ( 1.36)	Loss   0.69 (  0.70)	Cls Acc 100.0 (100.0)	Domain Acc 59.4 (58.9)
Test: [ 0/12]	Time  2.089 ( 2.089)	Loss 5.1971e+00 (5.1971e+00)	Acc@1  26.56 ( 26.56)	Acc@5  52.34 ( 52.34)
 * Acc@1 11.644 Acc@5 35.854
acc1 = 11.6, best_acc1 = 12.5
Epoch: [8][   0/1000]	Time  0.28 ( 0.28)	Data  0.17 ( 0.17)	Loss   0.67 (  0.67)	Cls Acc 100.0 (100.0)	Domain Acc 65.6 (65.6)
Epoch: [8][  50/1000]	Time  0.50 ( 1.42)	Data  0.39 ( 1.31)	Loss   0.71 (  0.70)	Cls Acc 100.0 (99.9)	Domain Acc 55.5 (58.2)
Epoch: [8][ 100/1000]	Time  2.76 ( 1.47)	Data  2.65 ( 1.36)	Loss   0.72 (  0.70)	Cls Acc 99.6 (99.9)	Domain Acc 57.6 (59.3)
Epoch: [8][ 150/1000]	Time  0.51 ( 1.45)	Data  0.39 ( 1.34)	Loss   0.64 (  0.71)	Cls Acc 100.0 (99.9)	Domain Acc 67.2 (58.0)
Epoch: [8][ 200/1000]	Time  0.50 ( 1.47)	Data  0.39 ( 1.36)	Loss   0.72 (  0.71)	Cls Acc 100.0 (99.9)	Domain Acc 55.9 (58.3)
Epoch: [8][ 250/1000]	Time  4.54 ( 1.47)	Data  4.42 ( 1.36)	Loss   0.71 (  0.70)	Cls Acc 100.0 (100.0)	Domain Acc 57.4 (59.0)
Epoch: [8][ 300/1000]	Time  0.50 ( 1.47)	Data  0.39 ( 1.36)	Loss   0.71 (  0.70)	Cls Acc 100.0 (100.0)	Domain Acc 59.2 (58.8)
Epoch: [8][ 350/1000]	Time  0.49 ( 1.47)	Data  0.38 ( 1.36)	Loss   0.69 (  0.70)	Cls Acc 100.0 (100.0)	Domain Acc 60.9 (58.4)
Epoch: [8][ 400/1000]	Time  2.68 ( 1.47)	Data  2.57 ( 1.36)	Loss   0.71 (  0.70)	Cls Acc 100.0 (100.0)	Domain Acc 55.3 (58.5)
Epoch: [8][ 450/1000]	Time  0.51 ( 1.47)	Data  0.40 ( 1.36)	Loss   0.69 (  0.70)	Cls Acc 100.0 (100.0)	Domain Acc 58.2 (58.7)
Epoch: [8][ 500/1000]	Time  0.50 ( 1.47)	Data  0.39 ( 1.36)	Loss   0.73 (  0.70)	Cls Acc 100.0 (100.0)	Domain Acc 53.9 (58.5)
Epoch: [8][ 550/1000]	Time  3.66 ( 1.47)	Data  3.55 ( 1.36)	Loss   0.71 (  0.70)	Cls Acc 100.0 (100.0)	Domain Acc 57.2 (58.5)
Epoch: [8][ 600/1000]	Time  0.51 ( 1.47)	Data  0.40 ( 1.36)	Loss   0.71 (  0.70)	Cls Acc 99.2 (100.0)	Domain Acc 61.9 (58.3)
Epoch: [8][ 650/1000]	Time  0.50 ( 1.47)	Data  0.39 ( 1.36)	Loss   0.73 (  0.71)	Cls Acc 99.6 (100.0)	Domain Acc 56.6 (58.1)
Epoch: [8][ 700/1000]	Time  2.69 ( 1.47)	Data  2.58 ( 1.36)	Loss   0.74 (  0.70)	Cls Acc 100.0 (100.0)	Domain Acc 54.1 (58.4)
Epoch: [8][ 750/1000]	Time  0.50 ( 1.47)	Data  0.39 ( 1.36)	Loss   0.69 (  0.70)	Cls Acc 100.0 (100.0)	Domain Acc 59.4 (58.3)
Epoch: [8][ 800/1000]	Time  2.21 ( 1.47)	Data  2.09 ( 1.36)	Loss   0.71 (  0.71)	Cls Acc 100.0 (100.0)	Domain Acc 57.2 (58.2)
Epoch: [8][ 850/1000]	Time  2.75 ( 1.47)	Data  2.63 ( 1.36)	Loss   0.79 (  0.71)	Cls Acc 99.6 (100.0)	Domain Acc 44.9 (58.1)
Epoch: [8][ 900/1000]	Time  0.50 ( 1.47)	Data  0.39 ( 1.36)	Loss   0.69 (  0.71)	Cls Acc 100.0 (100.0)	Domain Acc 61.3 (58.1)
Epoch: [8][ 950/1000]	Time  0.50 ( 1.47)	Data  0.39 ( 1.36)	Loss   0.72 (  0.71)	Cls Acc 100.0 (100.0)	Domain Acc 53.5 (58.0)
Test: [ 0/12]	Time  3.026 ( 3.026)	Loss 4.7724e+00 (4.7724e+00)	Acc@1  30.08 ( 30.08)	Acc@5  49.22 ( 49.22)
 * Acc@1 11.644 Acc@5 33.795
acc1 = 11.6, best_acc1 = 12.5
Epoch: [9][   0/1000]	Time  2.61 ( 2.61)	Data  2.50 ( 2.50)	Loss   0.68 (  0.68)	Cls Acc 100.0 (100.0)	Domain Acc 63.3 (63.3)
Epoch: [9][  50/1000]	Time  0.50 ( 1.45)	Data  0.38 ( 1.34)	Loss   0.73 (  0.72)	Cls Acc 100.0 (100.0)	Domain Acc 54.7 (55.3)
Epoch: [9][ 100/1000]	Time  0.49 ( 1.48)	Data  0.37 ( 1.37)	Loss   0.67 (  0.71)	Cls Acc 100.0 (100.0)	Domain Acc 64.5 (57.2)
Epoch: [9][ 150/1000]	Time  2.76 ( 1.47)	Data  2.65 ( 1.36)	Loss   0.72 (  0.71)	Cls Acc 100.0 (100.0)	Domain Acc 54.5 (57.7)
Epoch: [9][ 200/1000]	Time  0.50 ( 1.47)	Data  0.39 ( 1.36)	Loss   0.68 (  0.71)	Cls Acc 100.0 (100.0)	Domain Acc 65.4 (58.0)
Epoch: [9][ 250/1000]	Time  0.50 ( 1.47)	Data  0.39 ( 1.36)	Loss   0.73 (  0.70)	Cls Acc 100.0 (100.0)	Domain Acc 55.1 (58.8)
Epoch: [9][ 300/1000]	Time  2.70 ( 1.48)	Data  2.59 ( 1.37)	Loss   0.67 (  0.71)	Cls Acc 100.0 (100.0)	Domain Acc 63.3 (58.6)
Epoch: [9][ 350/1000]	Time  2.28 ( 1.48)	Data  2.16 ( 1.37)	Loss   0.69 (  0.71)	Cls Acc 100.0 (100.0)	Domain Acc 60.5 (58.6)
Epoch: [9][ 400/1000]	Time  0.48 ( 1.48)	Data  0.37 ( 1.37)	Loss   0.72 (  0.71)	Cls Acc 100.0 (100.0)	Domain Acc 55.5 (58.6)
Epoch: [9][ 450/1000]	Time  3.80 ( 1.49)	Data  3.68 ( 1.38)	Loss   0.72 (  0.71)	Cls Acc 100.0 (100.0)	Domain Acc 54.3 (58.5)
Epoch: [9][ 500/1000]	Time  0.48 ( 1.48)	Data  0.37 ( 1.37)	Loss   0.68 (  0.71)	Cls Acc 100.0 (100.0)	Domain Acc 61.5 (58.4)
Epoch: [9][ 550/1000]	Time  0.49 ( 1.49)	Data  0.38 ( 1.37)	Loss   0.70 (  0.70)	Cls Acc 100.0 (100.0)	Domain Acc 57.4 (58.7)
Epoch: [9][ 600/1000]	Time  2.67 ( 1.49)	Data  2.56 ( 1.37)	Loss   0.69 (  0.70)	Cls Acc 100.0 (100.0)	Domain Acc 59.4 (58.7)
Epoch: [9][ 650/1000]	Time  0.50 ( 1.49)	Data  0.39 ( 1.37)	Loss   0.70 (  0.70)	Cls Acc 100.0 (100.0)	Domain Acc 58.6 (58.8)
Epoch: [9][ 700/1000]	Time  0.50 ( 1.48)	Data  0.39 ( 1.37)	Loss   0.74 (  0.70)	Cls Acc 100.0 (100.0)	Domain Acc 53.7 (58.8)
Epoch: [9][ 750/1000]	Time  2.85 ( 1.49)	Data  2.74 ( 1.38)	Loss   0.67 (  0.70)	Cls Acc 100.0 (100.0)	Domain Acc 67.0 (58.7)
Epoch: [9][ 800/1000]	Time  0.51 ( 1.48)	Data  0.40 ( 1.37)	Loss   0.69 (  0.70)	Cls Acc 100.0 (100.0)	Domain Acc 61.1 (59.0)
Epoch: [9][ 850/1000]	Time  0.50 ( 1.49)	Data  0.39 ( 1.38)	Loss   0.69 (  0.70)	Cls Acc 100.0 (100.0)	Domain Acc 63.9 (58.9)
Epoch: [9][ 900/1000]	Time  4.63 ( 1.49)	Data  4.51 ( 1.38)	Loss   0.71 (  0.70)	Cls Acc 100.0 (100.0)	Domain Acc 56.1 (59.0)
Epoch: [9][ 950/1000]	Time  0.50 ( 1.49)	Data  0.39 ( 1.38)	Loss   0.71 (  0.70)	Cls Acc 100.0 (100.0)	Domain Acc 54.9 (58.8)
Test: [ 0/12]	Time  2.978 ( 2.978)	Loss 5.2036e+00 (5.2036e+00)	Acc@1  29.30 ( 29.30)	Acc@5  50.78 ( 50.78)
 * Acc@1 12.212 Acc@5 35.747
acc1 = 12.2, best_acc1 = 12.5
Epoch: [10][   0/1000]	Time  0.30 ( 0.30)	Data  0.19 ( 0.19)	Loss   0.69 (  0.69)	Cls Acc 100.0 (100.0)	Domain Acc 60.2 (60.2)
Epoch: [10][  50/1000]	Time  2.74 ( 1.46)	Data  2.62 ( 1.35)	Loss   0.68 (  0.68)	Cls Acc 100.0 (100.0)	Domain Acc 60.4 (62.2)
Epoch: [10][ 100/1000]	Time  0.51 ( 1.47)	Data  0.40 ( 1.36)	Loss   0.68 (  0.69)	Cls Acc 100.0 (100.0)	Domain Acc 64.5 (60.3)
Epoch: [10][ 150/1000]	Time  0.50 ( 1.48)	Data  0.39 ( 1.37)	Loss   0.71 (  0.69)	Cls Acc 100.0 (100.0)	Domain Acc 59.0 (60.9)
Epoch: [10][ 200/1000]	Time  3.60 ( 1.49)	Data  3.49 ( 1.38)	Loss   0.68 (  0.69)	Cls Acc 100.0 (100.0)	Domain Acc 61.3 (59.9)
Epoch: [10][ 250/1000]	Time  0.50 ( 1.48)	Data  0.39 ( 1.37)	Loss   0.72 (  0.69)	Cls Acc 100.0 (100.0)	Domain Acc 57.4 (59.9)
Epoch: [10][ 300/1000]	Time  0.50 ( 1.49)	Data  0.39 ( 1.38)	Loss   0.67 (  0.70)	Cls Acc 100.0 (100.0)	Domain Acc 64.8 (59.6)
Epoch: [10][ 350/1000]	Time  2.88 ( 1.49)	Data  2.77 ( 1.38)	Loss   0.68 (  0.69)	Cls Acc 100.0 (100.0)	Domain Acc 60.4 (59.9)
Epoch: [10][ 400/1000]	Time  0.50 ( 1.49)	Data  0.39 ( 1.38)	Loss   0.70 (  0.70)	Cls Acc 99.6 (100.0)	Domain Acc 61.1 (59.5)
Epoch: [10][ 450/1000]	Time  2.21 ( 1.49)	Data  2.10 ( 1.38)	Loss   0.73 (  0.70)	Cls Acc 100.0 (100.0)	Domain Acc 53.5 (59.5)
Epoch: [10][ 500/1000]	Time  2.70 ( 1.49)	Data  2.59 ( 1.38)	Loss   0.67 (  0.70)	Cls Acc 100.0 (100.0)	Domain Acc 67.0 (59.3)
Epoch: [10][ 550/1000]	Time  0.49 ( 1.49)	Data  0.38 ( 1.38)	Loss   0.72 (  0.70)	Cls Acc 100.0 (100.0)	Domain Acc 53.5 (59.6)
Epoch: [10][ 600/1000]	Time  0.49 ( 1.49)	Data  0.38 ( 1.38)	Loss   0.70 (  0.70)	Cls Acc 100.0 (100.0)	Domain Acc 60.2 (59.4)
Epoch: [10][ 650/1000]	Time  3.68 ( 1.50)	Data  3.56 ( 1.38)	Loss   0.72 (  0.70)	Cls Acc 100.0 (100.0)	Domain Acc 55.5 (59.4)
Epoch: [10][ 700/1000]	Time  0.50 ( 1.49)	Data  0.38 ( 1.38)	Loss   0.69 (  0.70)	Cls Acc 100.0 (100.0)	Domain Acc 60.0 (59.2)
Epoch: [10][ 750/1000]	Time  0.50 ( 1.50)	Data  0.39 ( 1.38)	Loss   0.72 (  0.70)	Cls Acc 100.0 (100.0)	Domain Acc 54.5 (59.1)
Epoch: [10][ 800/1000]	Time  2.79 ( 1.50)	Data  2.68 ( 1.38)	Loss   0.70 (  0.70)	Cls Acc 100.0 (100.0)	Domain Acc 57.2 (59.1)
Epoch: [10][ 850/1000]	Time  0.50 ( 1.50)	Data  0.39 ( 1.38)	Loss   0.71 (  0.70)	Cls Acc 100.0 (100.0)	Domain Acc 56.8 (58.8)
Epoch: [10][ 900/1000]	Time  0.48 ( 1.50)	Data  0.37 ( 1.39)	Loss   0.68 (  0.70)	Cls Acc 100.0 (100.0)	Domain Acc 64.1 (58.9)
Epoch: [10][ 950/1000]	Time  2.95 ( 1.51)	Data  2.83 ( 1.39)	Loss   0.75 (  0.70)	Cls Acc 100.0 (100.0)	Domain Acc 52.0 (58.7)
Test: [ 0/12]	Time  2.333 ( 2.333)	Loss 5.9702e+00 (5.9702e+00)	Acc@1  23.83 ( 23.83)	Acc@5  44.14 ( 44.14)
 * Acc@1 10.224 Acc@5 33.866
acc1 = 10.2, best_acc1 = 12.5
Epoch: [11][   0/1000]	Time  2.42 ( 2.42)	Data  2.31 ( 2.31)	Loss   0.69 (  0.69)	Cls Acc 100.0 (100.0)	Domain Acc 61.7 (61.7)
Epoch: [11][  50/1000]	Time  0.50 ( 1.59)	Data  0.38 ( 1.48)	Loss   0.72 (  0.70)	Cls Acc 100.0 (100.0)	Domain Acc 56.4 (59.8)
Epoch: [11][ 100/1000]	Time  3.72 ( 1.61)	Data  3.61 ( 1.49)	Loss   0.69 (  0.70)	Cls Acc 100.0 (100.0)	Domain Acc 61.7 (58.9)
Epoch: [11][ 150/1000]	Time  0.48 ( 1.57)	Data  0.37 ( 1.46)	Loss   0.69 (  0.70)	Cls Acc 100.0 (100.0)	Domain Acc 59.4 (58.5)
Epoch: [11][ 200/1000]	Time  0.50 ( 1.56)	Data  0.39 ( 1.45)	Loss   0.68 (  0.70)	Cls Acc 100.0 (100.0)	Domain Acc 60.2 (58.6)
Epoch: [11][ 250/1000]	Time  2.71 ( 1.55)	Data  2.60 ( 1.44)	Loss   0.70 (  0.70)	Cls Acc 100.0 (100.0)	Domain Acc 59.0 (58.1)
Epoch: [11][ 300/1000]	Time  0.50 ( 1.54)	Data  0.39 ( 1.43)	Loss   0.70 (  0.70)	Cls Acc 100.0 (100.0)	Domain Acc 63.3 (58.9)
Epoch: [11][ 350/1000]	Time  0.50 ( 1.53)	Data  0.39 ( 1.42)	Loss   0.71 (  0.70)	Cls Acc 100.0 (100.0)	Domain Acc 57.2 (58.9)
Epoch: [11][ 400/1000]	Time  2.80 ( 1.54)	Data  2.69 ( 1.43)	Loss   0.73 (  0.70)	Cls Acc 99.6 (100.0)	Domain Acc 53.7 (58.7)
Epoch: [11][ 450/1000]	Time  0.51 ( 1.52)	Data  0.40 ( 1.41)	Loss   0.68 (  0.70)	Cls Acc 100.0 (100.0)	Domain Acc 62.7 (58.8)
Epoch: [11][ 500/1000]	Time  0.50 ( 1.53)	Data  0.39 ( 1.41)	Loss   0.68 (  0.70)	Cls Acc 100.0 (100.0)	Domain Acc 60.0 (58.9)
Epoch: [11][ 550/1000]	Time  4.59 ( 1.52)	Data  4.47 ( 1.41)	Loss   0.69 (  0.70)	Cls Acc 100.0 (100.0)	Domain Acc 60.9 (58.9)
Epoch: [11][ 600/1000]	Time  0.50 ( 1.52)	Data  0.39 ( 1.41)	Loss   0.68 (  0.70)	Cls Acc 100.0 (100.0)	Domain Acc 60.9 (59.1)
Epoch: [11][ 650/1000]	Time  0.49 ( 1.52)	Data  0.38 ( 1.41)	Loss   0.68 (  0.70)	Cls Acc 100.0 (100.0)	Domain Acc 63.1 (59.1)
Epoch: [11][ 700/1000]	Time  2.78 ( 1.52)	Data  2.67 ( 1.41)	Loss   0.70 (  0.70)	Cls Acc 100.0 (100.0)	Domain Acc 57.4 (59.3)
Epoch: [11][ 750/1000]	Time  0.49 ( 1.51)	Data  0.37 ( 1.40)	Loss   0.69 (  0.70)	Cls Acc 100.0 (100.0)	Domain Acc 57.0 (59.0)
Epoch: [11][ 800/1000]	Time  0.50 ( 1.51)	Data  0.39 ( 1.40)	Loss   0.74 (  0.70)	Cls Acc 100.0 (100.0)	Domain Acc 49.6 (59.1)
Epoch: [11][ 850/1000]	Time  3.66 ( 1.52)	Data  3.54 ( 1.40)	Loss   0.70 (  0.70)	Cls Acc 100.0 (100.0)	Domain Acc 56.8 (59.0)
Epoch: [11][ 900/1000]	Time  0.51 ( 1.51)	Data  0.39 ( 1.40)	Loss   0.71 (  0.70)	Cls Acc 100.0 (100.0)	Domain Acc 57.4 (59.0)
Epoch: [11][ 950/1000]	Time  0.50 ( 1.51)	Data  0.39 ( 1.40)	Loss   0.71 (  0.70)	Cls Acc 100.0 (100.0)	Domain Acc 59.4 (58.8)
Test: [ 0/12]	Time  1.993 ( 1.993)	Loss 5.0896e+00 (5.0896e+00)	Acc@1  30.47 ( 30.47)	Acc@5  58.20 ( 58.20)
 * Acc@1 12.212 Acc@5 36.102
acc1 = 12.2, best_acc1 = 12.5
Epoch: [12][   0/1000]	Time  2.76 ( 2.76)	Data  2.64 ( 2.64)	Loss   0.68 (  0.68)	Cls Acc 99.6 (99.6)	Domain Acc 61.9 (61.9)
Epoch: [12][  50/1000]	Time  0.50 ( 1.51)	Data  0.39 ( 1.40)	Loss   0.72 (  0.72)	Cls Acc 100.0 (100.0)	Domain Acc 55.1 (55.5)
Epoch: [12][ 100/1000]	Time  2.31 ( 1.52)	Data  2.19 ( 1.41)	Loss   0.66 (  0.70)	Cls Acc 100.0 (100.0)	Domain Acc 67.4 (58.8)
Epoch: [12][ 150/1000]	Time  2.80 ( 1.51)	Data  2.69 ( 1.40)	Loss   0.72 (  0.70)	Cls Acc 100.0 (100.0)	Domain Acc 55.1 (58.9)
Epoch: [12][ 200/1000]	Time  0.51 ( 1.51)	Data  0.39 ( 1.39)	Loss   0.67 (  0.70)	Cls Acc 100.0 (100.0)	Domain Acc 62.5 (59.5)
Epoch: [12][ 250/1000]	Time  0.48 ( 1.50)	Data  0.37 ( 1.39)	Loss   0.69 (  0.70)	Cls Acc 100.0 (100.0)	Domain Acc 60.5 (60.0)
Epoch: [12][ 300/1000]	Time  3.54 ( 1.51)	Data  3.42 ( 1.40)	Loss   0.67 (  0.70)	Cls Acc 100.0 (100.0)	Domain Acc 65.4 (59.9)
Epoch: [12][ 350/1000]	Time  0.50 ( 1.50)	Data  0.39 ( 1.39)	Loss   0.71 (  0.70)	Cls Acc 100.0 (100.0)	Domain Acc 53.9 (59.6)
Epoch: [12][ 400/1000]	Time  0.51 ( 1.51)	Data  0.40 ( 1.39)	Loss   0.71 (  0.70)	Cls Acc 100.0 (100.0)	Domain Acc 55.5 (59.3)
Epoch: [12][ 450/1000]	Time  2.78 ( 1.50)	Data  2.67 ( 1.39)	Loss   0.69 (  0.70)	Cls Acc 100.0 (100.0)	Domain Acc 61.5 (59.3)
Epoch: [12][ 500/1000]	Time  0.50 ( 1.50)	Data  0.39 ( 1.39)	Loss   0.68 (  0.70)	Cls Acc 100.0 (100.0)	Domain Acc 61.5 (59.4)
Epoch: [12][ 550/1000]	Time  0.48 ( 1.50)	Data  0.37 ( 1.39)	Loss   0.69 (  0.70)	Cls Acc 100.0 (100.0)	Domain Acc 59.0 (59.4)
Epoch: [12][ 600/1000]	Time  2.75 ( 1.51)	Data  2.63 ( 1.40)	Loss   0.69 (  0.70)	Cls Acc 100.0 (100.0)	Domain Acc 61.9 (59.6)
Epoch: [12][ 650/1000]	Time  2.32 ( 1.51)	Data  2.21 ( 1.39)	Loss   0.70 (  0.70)	Cls Acc 100.0 (100.0)	Domain Acc 55.3 (59.6)
Epoch: [12][ 700/1000]	Time  0.48 ( 1.51)	Data  0.37 ( 1.40)	Loss   0.71 (  0.70)	Cls Acc 100.0 (100.0)	Domain Acc 60.9 (59.4)
Epoch: [12][ 750/1000]	Time  3.96 ( 1.51)	Data  3.85 ( 1.40)	Loss   0.68 (  0.70)	Cls Acc 100.0 (100.0)	Domain Acc 60.9 (59.4)
Epoch: [12][ 800/1000]	Time  0.49 ( 1.51)	Data  0.37 ( 1.40)	Loss   0.73 (  0.70)	Cls Acc 100.0 (100.0)	Domain Acc 52.1 (59.3)
Epoch: [12][ 850/1000]	Time  0.49 ( 1.51)	Data  0.38 ( 1.40)	Loss   0.69 (  0.70)	Cls Acc 100.0 (100.0)	Domain Acc 60.2 (59.4)
Epoch: [12][ 900/1000]	Time  2.83 ( 1.51)	Data  2.72 ( 1.40)	Loss   0.69 (  0.70)	Cls Acc 100.0 (100.0)	Domain Acc 58.8 (59.3)
Epoch: [12][ 950/1000]	Time  0.50 ( 1.51)	Data  0.39 ( 1.40)	Loss   0.69 (  0.70)	Cls Acc 100.0 (100.0)	Domain Acc 58.0 (59.2)
Test: [ 0/12]	Time  2.014 ( 2.014)	Loss 5.2118e+00 (5.2118e+00)	Acc@1  28.12 ( 28.12)	Acc@5  55.08 ( 55.08)
 * Acc@1 10.543 Acc@5 32.872
acc1 = 10.5, best_acc1 = 12.5
Epoch: [13][   0/1000]	Time  0.29 ( 0.29)	Data  0.18 ( 0.18)	Loss   0.71 (  0.71)	Cls Acc 100.0 (100.0)	Domain Acc 55.9 (55.9)
Epoch: [13][  50/1000]	Time  2.86 ( 1.51)	Data  2.75 ( 1.40)	Loss   0.72 (  0.71)	Cls Acc 100.0 (100.0)	Domain Acc 57.6 (56.6)
Epoch: [13][ 100/1000]	Time  0.51 ( 1.48)	Data  0.40 ( 1.37)	Loss   0.68 (  0.70)	Cls Acc 100.0 (100.0)	Domain Acc 64.3 (58.0)
Epoch: [13][ 150/1000]	Time  0.50 ( 1.50)	Data  0.39 ( 1.39)	Loss   0.70 (  0.70)	Cls Acc 100.0 (100.0)	Domain Acc 57.4 (57.9)
Epoch: [13][ 200/1000]	Time  4.78 ( 1.51)	Data  4.67 ( 1.40)	Loss   0.67 (  0.70)	Cls Acc 100.0 (100.0)	Domain Acc 63.9 (57.7)
Epoch: [13][ 250/1000]	Time  0.50 ( 1.50)	Data  0.39 ( 1.39)	Loss   0.69 (  0.70)	Cls Acc 100.0 (100.0)	Domain Acc 61.5 (58.6)
Epoch: [13][ 300/1000]	Time  0.51 ( 1.50)	Data  0.40 ( 1.39)	Loss   0.70 (  0.70)	Cls Acc 100.0 (100.0)	Domain Acc 60.7 (58.9)
Epoch: [13][ 350/1000]	Time  2.82 ( 1.50)	Data  2.71 ( 1.39)	Loss   0.68 (  0.69)	Cls Acc 100.0 (100.0)	Domain Acc 63.9 (59.4)
Epoch: [13][ 400/1000]	Time  0.49 ( 1.50)	Data  0.38 ( 1.39)	Loss   0.70 (  0.69)	Cls Acc 100.0 (100.0)	Domain Acc 59.2 (59.5)
Epoch: [13][ 450/1000]	Time  0.50 ( 1.50)	Data  0.39 ( 1.39)	Loss   0.69 (  0.69)	Cls Acc 100.0 (100.0)	Domain Acc 58.0 (59.6)
Epoch: [13][ 500/1000]	Time  3.71 ( 1.51)	Data  3.60 ( 1.39)	Loss   0.69 (  0.69)	Cls Acc 100.0 (100.0)	Domain Acc 59.4 (59.6)
Epoch: [13][ 550/1000]	Time  0.51 ( 1.50)	Data  0.40 ( 1.39)	Loss   0.70 (  0.69)	Cls Acc 100.0 (100.0)	Domain Acc 56.6 (59.5)
Epoch: [13][ 600/1000]	Time  0.50 ( 1.50)	Data  0.39 ( 1.39)	Loss   0.71 (  0.69)	Cls Acc 100.0 (100.0)	Domain Acc 57.4 (59.5)
Epoch: [13][ 650/1000]	Time  2.85 ( 1.50)	Data  2.74 ( 1.39)	Loss   0.70 (  0.69)	Cls Acc 100.0 (100.0)	Domain Acc 59.0 (59.6)
Epoch: [13][ 700/1000]	Time  0.50 ( 1.50)	Data  0.39 ( 1.39)	Loss   0.69 (  0.69)	Cls Acc 100.0 (100.0)	Domain Acc 59.8 (59.4)
Epoch: [13][ 750/1000]	Time  2.21 ( 1.50)	Data  2.09 ( 1.39)	Loss   0.68 (  0.69)	Cls Acc 100.0 (100.0)	Domain Acc 60.7 (59.4)
Epoch: [13][ 800/1000]	Time  2.72 ( 1.50)	Data  2.61 ( 1.39)	Loss   0.69 (  0.69)	Cls Acc 100.0 (100.0)	Domain Acc 61.5 (59.6)
Epoch: [13][ 850/1000]	Time  0.60 ( 1.50)	Data  0.49 ( 1.39)	Loss   0.68 (  0.69)	Cls Acc 100.0 (100.0)	Domain Acc 60.9 (59.8)
Epoch: [13][ 900/1000]	Time  0.50 ( 1.50)	Data  0.39 ( 1.39)	Loss   0.71 (  0.69)	Cls Acc 100.0 (100.0)	Domain Acc 59.4 (59.7)
Epoch: [13][ 950/1000]	Time  3.60 ( 1.50)	Data  3.48 ( 1.39)	Loss   0.71 (  0.69)	Cls Acc 100.0 (100.0)	Domain Acc 54.1 (59.8)
Test: [ 0/12]	Time  1.861 ( 1.861)	Loss 4.2201e+00 (4.2201e+00)	Acc@1  37.50 ( 37.50)	Acc@5  65.23 ( 65.23)
 * Acc@1 12.389 Acc@5 34.753
acc1 = 12.4, best_acc1 = 12.5
Epoch: [14][   0/1000]	Time  0.29 ( 0.29)	Data  0.18 ( 0.18)	Loss   0.69 (  0.69)	Cls Acc 100.0 (100.0)	Domain Acc 60.9 (60.9)
Epoch: [14][  50/1000]	Time  0.48 ( 1.51)	Data  0.37 ( 1.40)	Loss   0.69 (  0.70)	Cls Acc 100.0 (100.0)	Domain Acc 58.0 (58.8)
Epoch: [14][ 100/1000]	Time  2.75 ( 1.50)	Data  2.64 ( 1.38)	Loss   0.67 (  0.68)	Cls Acc 100.0 (100.0)	Domain Acc 65.4 (61.4)
Epoch: [14][ 150/1000]	Time  0.50 ( 1.50)	Data  0.39 ( 1.38)	Loss   0.70 (  0.69)	Cls Acc 100.0 (100.0)	Domain Acc 59.2 (60.4)
Epoch: [14][ 200/1000]	Time  0.50 ( 1.49)	Data  0.39 ( 1.38)	Loss   0.69 (  0.69)	Cls Acc 100.0 (100.0)	Domain Acc 59.6 (60.0)
