Namespace(arch='alexnet', batch_size=256, bottleneck_dim=256, center_crop=False, data='Office31', data_processing='ours', epochs=30, iters_per_epoch=1000, local=True, local_pretrained_path='/home/junzhin/Project/Summer_project/code/version1.0/pretrained_model_results/ALEX_office31masked2_newmodel_best.pth.tar', log='/home/junzhin/Project/Summer_project/code/version2.0/training_results/dann/ALEX_office31masked2/D_W', lr=0.01, lr_decay=0.75, lr_gamma=0.001, momentum=0.9, per_class_eval=False, phase='train', pretrained=True, print_freq=50, root='/home/junzhin/Project/Summer_project/code/version2.0/data/office31', seed=1, source='D', target='W', trade_off=1.0, weight_decay=0.001, workers=4)
../../../../dann_modified.py:46: UserWarning: You have chosen to seed training. This will turn on the CUDNN deterministic setting, which can slow down your training considerably! You may see unexpected behavior when restarting from checkpoints.
  warnings.warn('You have chosen to seed training. '
=> using pre-trained model 'alexnet'
Loading the local alexnet pretrained model weights!
Epoch: [0][   0/1000]	Time  3.19 ( 3.19)	Data  2.87 ( 2.87)	Loss   4.22 (  4.22)	Cls Acc 5.9 (5.9)	Domain Acc 64.1 (64.1)
Epoch: [0][  50/1000]	Time  6.36 ( 6.91)	Data  6.25 ( 6.79)	Loss   1.31 (  2.44)	Cls Acc 76.2 (42.9)	Domain Acc 97.3 (93.6)
Epoch: [0][ 100/1000]	Time  6.41 ( 6.97)	Data  6.30 ( 6.86)	Loss   0.41 (  1.65)	Cls Acc 96.9 (64.7)	Domain Acc 98.6 (95.7)
Epoch: [0][ 150/1000]	Time  8.78 ( 6.99)	Data  8.65 ( 6.88)	Loss   0.16 (  1.19)	Cls Acc 100.0 (76.0)	Domain Acc 99.2 (96.8)
Epoch: [0][ 200/1000]	Time  6.26 ( 6.99)	Data  6.15 ( 6.88)	Loss   0.11 (  0.92)	Cls Acc 99.6 (81.9)	Domain Acc 98.2 (97.5)
Epoch: [0][ 250/1000]	Time  6.22 ( 7.00)	Data  6.11 ( 6.89)	Loss   0.80 (  0.92)	Cls Acc 98.8 (85.3)	Domain Acc 81.6 (94.3)
Epoch: [0][ 300/1000]	Time  8.58 ( 7.01)	Data  8.46 ( 6.89)	Loss  12.83 (  1.76)	Cls Acc 95.7 (87.1)	Domain Acc 33.0 (85.7)
Epoch: [0][ 350/1000]	Time  6.19 ( 7.00)	Data  6.08 ( 6.89)	Loss   1.69 (  2.18)	Cls Acc 97.7 (88.4)	Domain Acc 50.8 (78.6)
Epoch: [0][ 400/1000]	Time  6.23 ( 7.01)	Data  6.11 ( 6.89)	Loss   2.14 (  2.16)	Cls Acc 98.4 (89.6)	Domain Acc 43.8 (74.8)
Epoch: [0][ 450/1000]	Time  8.52 ( 7.01)	Data  8.41 ( 6.90)	Loss   1.59 (  2.08)	Cls Acc 99.2 (90.7)	Domain Acc 45.9 (72.2)
Epoch: [0][ 500/1000]	Time  6.21 ( 7.01)	Data  6.10 ( 6.90)	Loss   0.75 (  1.97)	Cls Acc 100.0 (91.6)	Domain Acc 61.5 (70.6)
Epoch: [0][ 550/1000]	Time  6.21 ( 7.01)	Data  6.10 ( 6.90)	Loss   1.06 (  1.87)	Cls Acc 99.2 (92.3)	Domain Acc 49.2 (69.1)
Epoch: [0][ 600/1000]	Time  8.63 ( 7.01)	Data  8.52 ( 6.90)	Loss   0.81 (  1.78)	Cls Acc 100.0 (92.9)	Domain Acc 55.9 (68.1)
Epoch: [0][ 650/1000]	Time  6.24 ( 7.01)	Data  6.13 ( 6.90)	Loss   0.86 (  1.70)	Cls Acc 100.0 (93.5)	Domain Acc 51.0 (67.4)
Epoch: [0][ 700/1000]	Time  6.22 ( 7.01)	Data  6.11 ( 6.90)	Loss   1.09 (  1.64)	Cls Acc 98.8 (93.9)	Domain Acc 36.5 (66.5)
Epoch: [0][ 750/1000]	Time  8.58 ( 7.02)	Data  8.47 ( 6.90)	Loss   0.75 (  1.59)	Cls Acc 100.0 (94.3)	Domain Acc 59.0 (65.7)
Epoch: [0][ 800/1000]	Time  6.25 ( 7.02)	Data  6.13 ( 6.90)	Loss   0.76 (  1.54)	Cls Acc 100.0 (94.7)	Domain Acc 57.8 (65.1)
Epoch: [0][ 850/1000]	Time  6.25 ( 7.02)	Data  6.14 ( 6.91)	Loss   0.87 (  1.50)	Cls Acc 100.0 (95.0)	Domain Acc 49.6 (64.4)
Epoch: [0][ 900/1000]	Time  8.58 ( 7.02)	Data  8.46 ( 6.91)	Loss   0.75 (  1.46)	Cls Acc 100.0 (95.2)	Domain Acc 59.2 (63.8)
Epoch: [0][ 950/1000]	Time  6.25 ( 7.02)	Data  6.14 ( 6.91)	Loss   0.82 (  1.43)	Cls Acc 100.0 (95.5)	Domain Acc 52.7 (63.2)
Test: [0/4]	Time  2.384 ( 2.384)	Loss 2.4132e+00 (2.4132e+00)	Acc@1  41.02 ( 41.02)	Acc@5  81.64 ( 81.64)
 * Acc@1 49.182 Acc@5 84.025
acc1 = 49.2, best_acc1 = 49.2
Epoch: [1][   0/1000]	Time  6.20 ( 6.20)	Data  6.08 ( 6.08)	Loss   1.26 (  1.26)	Cls Acc 100.0 (100.0)	Domain Acc 32.0 (32.0)
Epoch: [1][  50/1000]	Time  8.53 ( 7.00)	Data  8.42 ( 6.88)	Loss   1.06 (  1.04)	Cls Acc 99.6 (99.6)	Domain Acc 52.1 (51.0)
Epoch: [1][ 100/1000]	Time  6.23 ( 6.98)	Data  6.12 ( 6.87)	Loss   1.17 (  0.98)	Cls Acc 98.8 (99.6)	Domain Acc 40.2 (51.8)
Epoch: [1][ 150/1000]	Time  6.28 ( 6.99)	Data  6.16 ( 6.88)	Loss   0.76 (  0.96)	Cls Acc 100.0 (99.7)	Domain Acc 55.3 (51.4)
Epoch: [1][ 200/1000]	Time  8.64 ( 7.00)	Data  8.52 ( 6.89)	Loss   0.85 (  0.92)	Cls Acc 100.0 (99.7)	Domain Acc 48.2 (52.1)
Epoch: [1][ 250/1000]	Time  6.20 ( 6.99)	Data  6.08 ( 6.88)	Loss   1.05 (  0.91)	Cls Acc 100.0 (99.8)	Domain Acc 45.1 (51.9)
Epoch: [1][ 300/1000]	Time  6.19 ( 7.00)	Data  6.08 ( 6.88)	Loss   0.77 (  0.90)	Cls Acc 100.0 (99.8)	Domain Acc 55.5 (51.9)
Epoch: [1][ 350/1000]	Time  8.56 ( 7.00)	Data  8.44 ( 6.89)	Loss   0.72 (  0.88)	Cls Acc 100.0 (99.8)	Domain Acc 59.0 (52.2)
Epoch: [1][ 400/1000]	Time  6.22 ( 7.00)	Data  6.11 ( 6.88)	Loss   0.89 (  0.87)	Cls Acc 98.8 (99.8)	Domain Acc 45.5 (52.4)
Epoch: [1][ 450/1000]	Time  6.17 ( 7.00)	Data  6.05 ( 6.89)	Loss   0.67 (  0.86)	Cls Acc 99.6 (99.8)	Domain Acc 68.8 (52.4)
Epoch: [1][ 500/1000]	Time  8.63 ( 7.00)	Data  8.52 ( 6.89)	Loss   0.90 (  0.85)	Cls Acc 100.0 (99.8)	Domain Acc 45.5 (52.7)
Epoch: [1][ 550/1000]	Time  6.22 ( 7.00)	Data  6.10 ( 6.89)	Loss   0.75 (  0.84)	Cls Acc 100.0 (99.8)	Domain Acc 50.6 (52.7)
Epoch: [1][ 600/1000]	Time  6.22 ( 7.00)	Data  6.10 ( 6.89)	Loss   0.82 (  0.84)	Cls Acc 100.0 (99.8)	Domain Acc 46.9 (52.6)
Epoch: [1][ 650/1000]	Time  8.55 ( 7.01)	Data  8.44 ( 6.89)	Loss   0.85 (  0.83)	Cls Acc 99.6 (99.8)	Domain Acc 43.4 (52.5)
Epoch: [1][ 700/1000]	Time  6.23 ( 7.01)	Data  6.11 ( 6.89)	Loss   0.82 (  0.83)	Cls Acc 100.0 (99.9)	Domain Acc 42.4 (52.2)
Epoch: [1][ 750/1000]	Time  6.18 ( 7.01)	Data  6.07 ( 6.89)	Loss   0.80 (  0.83)	Cls Acc 100.0 (99.9)	Domain Acc 49.0 (52.2)
Epoch: [1][ 800/1000]	Time  8.56 ( 7.01)	Data  8.45 ( 6.90)	Loss   0.76 (  0.82)	Cls Acc 100.0 (99.9)	Domain Acc 55.7 (52.2)
Epoch: [1][ 850/1000]	Time  6.22 ( 7.01)	Data  6.10 ( 6.89)	Loss   0.76 (  0.82)	Cls Acc 100.0 (99.9)	Domain Acc 47.9 (52.1)
Epoch: [1][ 900/1000]	Time  6.21 ( 7.01)	Data  6.10 ( 6.90)	Loss   0.86 (  0.82)	Cls Acc 100.0 (99.9)	Domain Acc 54.1 (51.8)
Epoch: [1][ 950/1000]	Time  8.71 ( 7.01)	Data  8.59 ( 6.90)	Loss   0.73 (  0.82)	Cls Acc 100.0 (99.9)	Domain Acc 53.7 (51.8)
Test: [0/4]	Time  2.461 ( 2.461)	Loss 2.1358e+00 (2.1358e+00)	Acc@1  48.44 ( 48.44)	Acc@5  85.16 ( 85.16)
 * Acc@1 56.478 Acc@5 85.157
acc1 = 56.5, best_acc1 = 56.5
Epoch: [2][   0/1000]	Time  6.29 ( 6.29)	Data  6.18 ( 6.18)	Loss   0.76 (  0.76)	Cls Acc 100.0 (100.0)	Domain Acc 52.0 (52.0)
Epoch: [2][  50/1000]	Time  6.27 ( 7.05)	Data  6.16 ( 6.94)	Loss   0.73 (  0.70)	Cls Acc 100.0 (99.9)	Domain Acc 56.6 (59.4)
Epoch: [2][ 100/1000]	Time  8.65 ( 7.06)	Data  8.54 ( 6.95)	Loss   0.75 (  0.76)	Cls Acc 100.0 (99.9)	Domain Acc 56.6 (51.3)
Epoch: [2][ 150/1000]	Time  6.35 ( 7.05)	Data  6.23 ( 6.94)	Loss   0.71 (  0.77)	Cls Acc 100.0 (99.9)	Domain Acc 57.0 (51.7)
Epoch: [2][ 200/1000]	Time  6.40 ( 7.05)	Data  6.29 ( 6.94)	Loss   0.81 (  0.77)	Cls Acc 99.2 (99.9)	Domain Acc 49.8 (51.5)
Epoch: [2][ 250/1000]	Time  8.76 ( 7.06)	Data  8.65 ( 6.94)	Loss   0.80 (  0.77)	Cls Acc 100.0 (99.9)	Domain Acc 47.7 (51.6)
Epoch: [2][ 300/1000]	Time  6.31 ( 7.06)	Data  6.19 ( 6.94)	Loss   0.87 (  0.77)	Cls Acc 100.0 (99.9)	Domain Acc 43.2 (51.8)
Epoch: [2][ 350/1000]	Time  6.29 ( 7.07)	Data  6.18 ( 6.96)	Loss   0.85 (  0.78)	Cls Acc 99.6 (99.9)	Domain Acc 43.8 (51.5)
Epoch: [2][ 400/1000]	Time  8.66 ( 7.08)	Data  8.55 ( 6.97)	Loss   0.76 (  0.78)	Cls Acc 100.0 (99.9)	Domain Acc 49.0 (51.2)
Epoch: [2][ 450/1000]	Time  6.27 ( 7.08)	Data  6.16 ( 6.96)	Loss   0.74 (  0.78)	Cls Acc 100.0 (99.9)	Domain Acc 58.4 (51.6)
Epoch: [2][ 500/1000]	Time  6.25 ( 7.08)	Data  6.13 ( 6.96)	Loss   0.75 (  0.77)	Cls Acc 100.0 (99.9)	Domain Acc 52.1 (52.0)
Epoch: [2][ 550/1000]	Time  8.57 ( 7.08)	Data  8.46 ( 6.96)	Loss   0.67 (  0.77)	Cls Acc 100.0 (99.9)	Domain Acc 62.9 (52.3)
Epoch: [2][ 600/1000]	Time  6.21 ( 7.07)	Data  6.09 ( 6.96)	Loss   0.69 (  0.77)	Cls Acc 100.0 (99.9)	Domain Acc 59.4 (52.2)
Epoch: [2][ 650/1000]	Time  6.31 ( 7.08)	Data  6.19 ( 6.96)	Loss   0.84 (  0.77)	Cls Acc 100.0 (99.9)	Domain Acc 44.1 (52.2)
Epoch: [2][ 700/1000]	Time  8.72 ( 7.08)	Data  8.60 ( 6.97)	Loss   0.80 (  0.76)	Cls Acc 100.0 (99.9)	Domain Acc 47.7 (52.5)
Epoch: [2][ 750/1000]	Time  6.26 ( 7.08)	Data  6.14 ( 6.96)	Loss   0.70 (  0.76)	Cls Acc 100.0 (99.9)	Domain Acc 61.9 (52.5)
Epoch: [2][ 800/1000]	Time  6.23 ( 7.08)	Data  6.12 ( 6.97)	Loss   0.71 (  0.76)	Cls Acc 100.0 (99.9)	Domain Acc 59.6 (52.6)
Epoch: [2][ 850/1000]	Time  8.66 ( 7.08)	Data  8.55 ( 6.97)	Loss   0.73 (  0.76)	Cls Acc 100.0 (99.9)	Domain Acc 53.5 (52.8)
Epoch: [2][ 900/1000]	Time  6.23 ( 7.08)	Data  6.12 ( 6.97)	Loss   0.74 (  0.76)	Cls Acc 100.0 (99.9)	Domain Acc 49.4 (53.0)
Epoch: [2][ 950/1000]	Time  6.21 ( 7.08)	Data  6.10 ( 6.97)	Loss   0.69 (  0.76)	Cls Acc 100.0 (99.9)	Domain Acc 60.5 (53.0)
Test: [0/4]	Time  2.427 ( 2.427)	Loss 1.6750e+00 (1.6750e+00)	Acc@1  59.38 ( 59.38)	Acc@5  90.62 ( 90.62)
 * Acc@1 62.013 Acc@5 90.314
acc1 = 62.0, best_acc1 = 62.0
Epoch: [3][   0/1000]	Time  8.69 ( 8.69)	Data  8.58 ( 8.58)	Loss   0.74 (  0.74)	Cls Acc 100.0 (100.0)	Domain Acc 49.2 (49.2)
Epoch: [3][  50/1000]	Time  6.22 ( 7.04)	Data  6.11 ( 6.92)	Loss   0.87 (  0.75)	Cls Acc 100.0 (99.9)	Domain Acc 38.9 (52.6)
