Namespace(arch='alexnet', batch_size=512, center_crop=False, checkmodel_logsave=False, data='Office31', data_processing='ours', epochs=30, iters_per_epoch=1000, local=False, local_pretrained_path='', log='/home/junzhin/Project/Summer_project/code/version2.0/training_results/Alex_pretrained/A_W', lr=0.0001, lr_decay=0.75, lr_gamma=0.0003, momentum=0.9, per_class_eval=False, phase='train', pretrained=True, print_freq=100, root='/home/junzhin/Project/Summer_project/code/version2.0/data/office31', seed=None, source='A', target='W', wd=0.0005, workers=8)
=> using pre-trained model 'alexnet'
Epoch: [0][   0/1000]	Time 2.406 (2.406)	Data 0.204 (0.204)	Loss 3.59 (3.59)	Cls Acc 4.9 (4.9)
Epoch: [0][ 100/1000]	Time 3.540 (1.007)	Data 3.478 (0.928)	Loss 3.33 (3.45)	Cls Acc 8.6 (7.0)
Epoch: [0][ 200/1000]	Time 3.464 (0.999)	Data 3.406 (0.931)	Loss 3.16 (3.35)	Cls Acc 14.3 (8.9)
Epoch: [0][ 300/1000]	Time 3.562 (0.997)	Data 3.504 (0.932)	Loss 3.02 (3.27)	Cls Acc 20.9 (11.8)
Epoch: [0][ 400/1000]	Time 3.586 (0.996)	Data 3.527 (0.933)	Loss 2.81 (3.18)	Cls Acc 26.8 (14.6)
Epoch: [0][ 500/1000]	Time 3.567 (0.996)	Data 3.509 (0.934)	Loss 2.67 (3.11)	Cls Acc 32.8 (17.3)
Epoch: [0][ 600/1000]	Time 3.560 (0.995)	Data 3.501 (0.934)	Loss 2.62 (3.03)	Cls Acc 31.8 (19.9)
Epoch: [0][ 700/1000]	Time 3.521 (0.995)	Data 3.463 (0.934)	Loss 2.49 (2.96)	Cls Acc 38.5 (22.5)
Epoch: [0][ 800/1000]	Time 3.454 (0.995)	Data 3.396 (0.934)	Loss 2.29 (2.88)	Cls Acc 46.3 (25.1)
Epoch: [0][ 900/1000]	Time 3.585 (0.995)	Data 3.526 (0.934)	Loss 2.26 (2.81)	Cls Acc 46.9 (27.6)
Test: [0/2]	Time  4.952 ( 4.952)	Loss 2.6719e+00 (2.6719e+00)	Acc@1  29.69 ( 29.69)	Acc@5  58.98 ( 58.98)
 * Acc@1 32.579 Acc@5 60.629
acc1 = 32.6, best_acc1 = 32.6
Epoch: [1][   0/1000]	Time 3.563 (3.563)	Data 3.502 (3.502)	Loss 2.09 (2.09)	Cls Acc 51.6 (51.6)
Epoch: [1][ 100/1000]	Time 3.550 (1.015)	Data 3.492 (0.958)	Loss 1.93 (2.01)	Cls Acc 58.0 (54.6)
Epoch: [1][ 200/1000]	Time 3.585 (1.003)	Data 3.527 (0.945)	Loss 1.93 (1.95)	Cls Acc 55.1 (55.8)
Epoch: [1][ 300/1000]	Time 3.487 (1.011)	Data 3.429 (0.953)	Loss 1.78 (1.91)	Cls Acc 60.4 (56.9)
Epoch: [1][ 400/1000]	Time 3.494 (1.005)	Data 3.436 (0.948)	Loss 1.66 (1.86)	Cls Acc 62.5 (57.9)
Epoch: [1][ 500/1000]	Time 3.502 (1.003)	Data 3.444 (0.945)	Loss 1.56 (1.82)	Cls Acc 62.3 (58.7)
Epoch: [1][ 600/1000]	Time 3.541 (1.000)	Data 3.479 (0.942)	Loss 1.46 (1.78)	Cls Acc 66.8 (59.4)
Epoch: [1][ 700/1000]	Time 3.538 (0.998)	Data 3.476 (0.940)	Loss 1.49 (1.74)	Cls Acc 61.9 (60.1)
Epoch: [1][ 800/1000]	Time 3.515 (0.996)	Data 3.457 (0.939)	Loss 1.43 (1.71)	Cls Acc 65.6 (60.6)
Epoch: [1][ 900/1000]	Time 3.549 (0.996)	Data 3.491 (0.938)	Loss 1.42 (1.68)	Cls Acc 64.1 (61.2)
Test: [0/2]	Time  4.951 ( 4.951)	Loss 2.3297e+00 (2.3297e+00)	Acc@1  36.91 ( 36.91)	Acc@5  68.95 ( 68.95)
 * Acc@1 40.000 Acc@5 72.075
acc1 = 40.0, best_acc1 = 40.0
Epoch: [2][   0/1000]	Time 3.599 (3.599)	Data 3.540 (3.540)	Loss 1.40 (1.40)	Cls Acc 66.6 (66.6)
Epoch: [2][ 100/1000]	Time 3.509 (1.021)	Data 3.450 (0.963)	Loss 1.35 (1.35)	Cls Acc 67.2 (66.6)
Epoch: [2][ 200/1000]	Time 3.529 (1.011)	Data 3.471 (0.953)	Loss 1.17 (1.34)	Cls Acc 74.6 (66.9)
Epoch: [2][ 300/1000]	Time 3.617 (1.005)	Data 3.554 (0.947)	Loss 1.34 (1.32)	Cls Acc 65.8 (67.1)
Epoch: [2][ 400/1000]	Time 3.542 (1.003)	Data 3.483 (0.945)	Loss 1.22 (1.31)	Cls Acc 70.7 (67.4)
Epoch: [2][ 500/1000]	Time 3.601 (1.004)	Data 3.543 (0.946)	Loss 1.28 (1.30)	Cls Acc 67.2 (67.6)
Epoch: [2][ 600/1000]	Time 3.672 (1.003)	Data 3.613 (0.945)	Loss 1.22 (1.28)	Cls Acc 67.8 (67.8)
Epoch: [2][ 700/1000]	Time 3.501 (1.002)	Data 3.443 (0.944)	Loss 1.16 (1.27)	Cls Acc 68.2 (68.0)
